Compiling ... 
Reading: /new-saved-models/dlrm/pt_dlrm_criteoterabyte_13_26_20k_1.1_M2.4/float/pt_dlrm_fp16_onnx/pt_dlrm_fp16.onnx
module: "main"
@0 = check_context::migraphx::gpu::context -> float_type, {}, {}, target_id=0
@1 = hip::hip_allocate_memory[shape=int8_type, {2162688000}, {1},id=main:scratch] -> int8_type, {2162688000}, {1}, target_id=0
@2 = hip::hip_copy_literal[id=main:@literal:0] -> half_type, {13, 512}, {512, 1}, target_id=0
@3 = load[offset=0,end=7987200](@1) -> half_type, {307200, 13}, {13, 1}, target_id=0
input = @param:input -> half_type, {307200, 13}, {13, 1}, target_id=0
@5 = hip::copy_to_gpu(input,@3) -> half_type, {307200, 13}, {13, 1}, target_id=0
@6 = load[offset=707788800,end=1022361600](@1) -> half_type, {307200, 512}, {512, 1}, target_id=0
@7 = gpu::gemm[alpha=1,beta=0,int8_x4_format=0,compute_fp32=1,trans_batch=0](@5,@2,@6) -> half_type, {307200, 512}, {512, 1}, target_id=0
@8 = hip::hip_copy_literal[id=main:@literal:14] -> half_type, {512}, {1}, target_id=0
@9 = hip::hip_copy_literal[id=main:@literal:1] -> half_type, {512, 256}, {256, 1}, target_id=0
@10 = load[offset=393216000,end=707788800](@1) -> half_type, {307200, 512}, {512, 1}, target_id=0
@11 = multibroadcast[out_lens={307200, 512},out_dyn_dims={}](@8) -> half_type, {307200, 512}, {0, 1}, target_id=0
@12 = gpu::code_object[code_object=3832,symbol_name=add_relu_kernel,global=19660800,local=1024,](@7,@11,@10) -> half_type, {307200, 512}, {512, 1}, target_id=0
@13 = load[offset=235929600,end=393216000](@1) -> half_type, {307200, 256}, {256, 1}, target_id=0
@14 = gpu::gemm[alpha=1,beta=0,int8_x4_format=0,compute_fp32=1,trans_batch=0](@12,@9,@13) -> half_type, {307200, 256}, {256, 1}, target_id=0
@15 = hip::hip_copy_literal[id=main:@literal:13] -> half_type, {256}, {1}, target_id=0
@16 = hip::hip_copy_literal[id=main:@literal:2] -> half_type, {256, 64}, {64, 1}, target_id=0
@17 = load[offset=78643200,end=235929600](@1) -> half_type, {307200, 256}, {256, 1}, target_id=0
@18 = multibroadcast[out_lens={307200, 256},out_dyn_dims={}](@15) -> half_type, {307200, 256}, {0, 1}, target_id=0
@19 = gpu::code_object[code_object=3832,symbol_name=add_relu_kernel,global=9830400,local=1024,](@14,@18,@17) -> half_type, {307200, 256}, {256, 1}, target_id=0
@20 = load[offset=39321600,end=78643200](@1) -> half_type, {307200, 64}, {64, 1}, target_id=0
@21 = gpu::gemm[alpha=1,beta=0,int8_x4_format=0,compute_fp32=1,trans_batch=0](@19,@16,@20) -> half_type, {307200, 64}, {64, 1}, target_id=0
@22 = load[offset=78643200,end=142540800](@1) -> int64_type, {26, 307200}, {307200, 1}, target_id=0
lS_i = @param:lS_i -> int64_type, {26, 307200}, {307200, 1}, target_id=0
@24 = hip::copy_to_gpu(lS_i,@22) -> int64_type, {26, 307200}, {307200, 1}, target_id=0
@25 = hip::hip_copy_literal[id=main:@literal:10] -> half_type, {512}, {1}, target_id=0
@26 = hip::hip_copy_literal[id=main:@literal:11] -> half_type, {512}, {1}, target_id=0
@27 = hip::hip_copy_literal[id=main:@literal:12] -> half_type, {64}, {1}, target_id=0
@28 = hip::hip_copy_literal[id=main:@literal:6] -> half_type, {256, 1}, {1, 1}, target_id=0
@29 = hip::hip_copy_literal[id=main:@literal:4] -> half_type, {512, 512}, {512, 1}, target_id=0
@30 = hip::hip_copy_literal[id=main:@literal:7] -> float_type, {351}, {1}, target_id=0
@31 = hip::hip_copy_literal[id=main:@literal:21] -> half_type, {9994222, 64}, {64, 1}, target_id=0
@32 = hip::hip_copy_literal[id=main:@literal:22] -> half_type, {14, 64}, {64, 1}, target_id=0
@33 = hip::hip_copy_literal[id=main:@literal:23] -> half_type, {970, 64}, {64, 1}, target_id=0
@34 = hip::hip_copy_literal[id=main:@literal:24] -> half_type, {4, 64}, {64, 1}, target_id=0
@35 = hip::hip_copy_literal[id=main:@literal:25] -> half_type, {122, 64}, {64, 1}, target_id=0
@36 = hip::hip_copy_literal[id=main:@literal:26] -> half_type, {11156, 64}, {64, 1}, target_id=0
@37 = hip::hip_copy_literal[id=main:@literal:27] -> half_type, {2208, 64}, {64, 1}, target_id=0
@38 = hip::hip_copy_literal[id=main:@literal:32] -> half_type, {61, 64}, {64, 1}, target_id=0
@39 = hip::hip_copy_literal[id=main:@literal:15] -> half_type, {36, 64}, {64, 1}, target_id=0
@40 = hip::hip_copy_literal[id=main:@literal:16] -> half_type, {101, 64}, {64, 1}, target_id=0
@41 = hip::hip_copy_literal[id=main:@literal:17] -> half_type, {12420, 64}, {64, 1}, target_id=0
@42 = hip::hip_copy_literal[id=main:@literal:18] -> half_type, {415421, 64}, {64, 1}, target_id=0
@43 = hip::hip_copy_literal[id=main:@literal:19] -> half_type, {9946608, 64}, {64, 1}, target_id=0
@44 = hip::hip_copy_literal[id=main:@literal:20] -> half_type, {7267859, 64}, {64, 1}, target_id=0
@45 = hip::hip_copy_literal[id=main:@literal:3] -> half_type, {415, 512}, {512, 1}, target_id=0
@46 = hip::hip_copy_literal[id=main:@literal:8] -> half_type, {1}, {1}, target_id=0
@47 = hip::hip_copy_literal[id=main:@literal:5] -> half_type, {512, 256}, {256, 1}, target_id=0
@48 = hip::hip_copy_literal[id=main:@literal:9] -> half_type, {256}, {1}, target_id=0
@49 = hip::hip_copy_literal[id=main:@literal:28] -> half_type, {10, 64}, {64, 1}, target_id=0
@50 = hip::hip_copy_literal[id=main:@literal:29] -> half_type, {313829, 64}, {64, 1}, target_id=0
@51 = hip::hip_copy_literal[id=main:@literal:30] -> half_type, {1333352, 64}, {64, 1}, target_id=0
@52 = hip::hip_copy_literal[id=main:@literal:31] -> half_type, {9758201, 64}, {64, 1}, target_id=0
@53 = hip::hip_copy_literal[id=main:@literal:33] -> half_type, {1442, 64}, {64, 1}, target_id=0
@54 = hip::hip_copy_literal[id=main:@literal:34] -> half_type, {7112, 64}, {64, 1}, target_id=0
@55 = hip::hip_copy_literal[id=main:@literal:35] -> half_type, {3, 64}, {64, 1}, target_id=0
@56 = hip::hip_copy_literal[id=main:@literal:36] -> half_type, {20134, 64}, {64, 1}, target_id=0
@57 = hip::hip_copy_literal[id=main:@literal:37] -> half_type, {7378, 64}, {64, 1}, target_id=0
@58 = hip::hip_copy_literal[id=main:@literal:38] -> half_type, {17217, 64}, {64, 1}, target_id=0
@59 = hip::hip_copy_literal[id=main:@literal:39] -> half_type, {36084, 64}, {64, 1}, target_id=0
@60 = hip::hip_copy_literal[id=main:@literal:40] -> half_type, {9980333, 64}, {64, 1}, target_id=0
@61 = load[offset=0,end=31948800](@1) -> float_type, {26, 307200}, {307200, 1}, target_id=0
@62 = gpu::code_object[code_object=3736,symbol_name=convert_kernel,global=1996800,local=1024,](@24,@61) -> float_type, {26, 307200}, {307200, 1}, target_id=0
@63 = slice[axes={0},starts={25},ends={26}](@62) -> float_type, {1, 307200}, {307200, 1}, target_id=0
@64 = squeeze[axes={0}](@63) -> float_type, {307200}, {1}, target_id=0
@65 = load[offset=1061683200,end=1101004800](@1) -> half_type, {307200, 64}, {64, 1}, target_id=0
@66 = gpu::code_object[code_object=3928,symbol_name=gather_kernel,global=307200,local=1024,](@39,@64,@65) -> half_type, {307200, 64}, {64, 1}, target_id=0
@67 = slice[axes={0},starts={24},ends={25}](@62) -> float_type, {1, 307200}, {307200, 1}, target_id=0
@68 = squeeze[axes={0}](@67) -> float_type, {307200}, {1}, target_id=0
@69 = load[offset=1022361600,end=1061683200](@1) -> half_type, {307200, 64}, {64, 1}, target_id=0
@70 = gpu::code_object[code_object=3928,symbol_name=gather_kernel,global=307200,local=1024,](@40,@68,@69) -> half_type, {307200, 64}, {64, 1}, target_id=0
@71 = slice[axes={0},starts={23},ends={24}](@62) -> float_type, {1, 307200}, {307200, 1}, target_id=0
@72 = squeeze[axes={0}](@71) -> float_type, {307200}, {1}, target_id=0
@73 = load[offset=983040000,end=1022361600](@1) -> half_type, {307200, 64}, {64, 1}, target_id=0
@74 = gpu::code_object[code_object=3928,symbol_name=gather_kernel,global=307200,local=1024,](@41,@72,@73) -> half_type, {307200, 64}, {64, 1}, target_id=0
@75 = slice[axes={0},starts={22},ends={23}](@62) -> float_type, {1, 307200}, {307200, 1}, target_id=0
@76 = squeeze[axes={0}](@75) -> float_type, {307200}, {1}, target_id=0
@77 = load[offset=943718400,end=983040000](@1) -> half_type, {307200, 64}, {64, 1}, target_id=0
@78 = gpu::code_object[code_object=3928,symbol_name=gather_kernel,global=307200,local=1024,](@42,@76,@77) -> half_type, {307200, 64}, {64, 1}, target_id=0
@79 = load[offset=904396800,end=943718400](@1) -> half_type, {307200, 64}, {64, 1}, target_id=0
@80 = slice[axes={0},starts={21},ends={22}](@62) -> float_type, {1, 307200}, {307200, 1}, target_id=0
@81 = squeeze[axes={0}](@80) -> float_type, {307200}, {1}, target_id=0
@82 = gpu::code_object[code_object=3928,symbol_name=gather_kernel,global=307200,local=1024,](@43,@81,@79) -> half_type, {307200, 64}, {64, 1}, target_id=0
@83 = slice[axes={0},starts={20},ends={21}](@62) -> float_type, {1, 307200}, {307200, 1}, target_id=0
@84 = squeeze[axes={0}](@83) -> float_type, {307200}, {1}, target_id=0
@85 = load[offset=865075200,end=904396800](@1) -> half_type, {307200, 64}, {64, 1}, target_id=0
@86 = gpu::code_object[code_object=3928,symbol_name=gather_kernel,global=307200,local=1024,](@44,@84,@85) -> half_type, {307200, 64}, {64, 1}, target_id=0
@87 = slice[axes={0},starts={19},ends={20}](@62) -> float_type, {1, 307200}, {307200, 1}, target_id=0
@88 = squeeze[axes={0}](@87) -> float_type, {307200}, {1}, target_id=0
@89 = load[offset=825753600,end=865075200](@1) -> half_type, {307200, 64}, {64, 1}, target_id=0
@90 = gpu::code_object[code_object=3928,symbol_name=gather_kernel,global=307200,local=1024,](@31,@88,@89) -> half_type, {307200, 64}, {64, 1}, target_id=0
@91 = slice[axes={0},starts={18},ends={19}](@62) -> float_type, {1, 307200}, {307200, 1}, target_id=0
@92 = squeeze[axes={0}](@91) -> float_type, {307200}, {1}, target_id=0
@93 = load[offset=786432000,end=825753600](@1) -> half_type, {307200, 64}, {64, 1}, target_id=0
@94 = gpu::code_object[code_object=3928,symbol_name=gather_kernel,global=307200,local=1024,](@32,@92,@93) -> half_type, {307200, 64}, {64, 1}, target_id=0
@95 = slice[axes={0},starts={17},ends={18}](@62) -> float_type, {1, 307200}, {307200, 1}, target_id=0
@96 = squeeze[axes={0}](@95) -> float_type, {307200}, {1}, target_id=0
@97 = load[offset=747110400,end=786432000](@1) -> half_type, {307200, 64}, {64, 1}, target_id=0
@98 = gpu::code_object[code_object=3928,symbol_name=gather_kernel,global=307200,local=1024,](@33,@96,@97) -> half_type, {307200, 64}, {64, 1}, target_id=0
@99 = slice[axes={0},starts={16},ends={17}](@62) -> float_type, {1, 307200}, {307200, 1}, target_id=0
@100 = squeeze[axes={0}](@99) -> float_type, {307200}, {1}, target_id=0
@101 = load[offset=707788800,end=747110400](@1) -> half_type, {307200, 64}, {64, 1}, target_id=0
@102 = gpu::code_object[code_object=3928,symbol_name=gather_kernel,global=307200,local=1024,](@34,@100,@101) -> half_type, {307200, 64}, {64, 1}, target_id=0
@103 = slice[axes={0},starts={15},ends={16}](@62) -> float_type, {1, 307200}, {307200, 1}, target_id=0
@104 = squeeze[axes={0}](@103) -> float_type, {307200}, {1}, target_id=0
@105 = load[offset=668467200,end=707788800](@1) -> half_type, {307200, 64}, {64, 1}, target_id=0
@106 = gpu::code_object[code_object=3928,symbol_name=gather_kernel,global=307200,local=1024,](@35,@104,@105) -> half_type, {307200, 64}, {64, 1}, target_id=0
@107 = load[offset=629145600,end=668467200](@1) -> half_type, {307200, 64}, {64, 1}, target_id=0
@108 = slice[axes={0},starts={14},ends={15}](@62) -> float_type, {1, 307200}, {307200, 1}, target_id=0
@109 = squeeze[axes={0}](@108) -> float_type, {307200}, {1}, target_id=0
@110 = gpu::code_object[code_object=3928,symbol_name=gather_kernel,global=307200,local=1024,](@36,@109,@107) -> half_type, {307200, 64}, {64, 1}, target_id=0
@111 = slice[axes={0},starts={13},ends={14}](@62) -> float_type, {1, 307200}, {307200, 1}, target_id=0
@112 = squeeze[axes={0}](@111) -> float_type, {307200}, {1}, target_id=0
@113 = load[offset=589824000,end=629145600](@1) -> half_type, {307200, 64}, {64, 1}, target_id=0
@114 = gpu::code_object[code_object=3928,symbol_name=gather_kernel,global=307200,local=1024,](@37,@112,@113) -> half_type, {307200, 64}, {64, 1}, target_id=0
@115 = slice[axes={0},starts={12},ends={13}](@62) -> float_type, {1, 307200}, {307200, 1}, target_id=0
@116 = squeeze[axes={0}](@115) -> float_type, {307200}, {1}, target_id=0
@117 = load[offset=550502400,end=589824000](@1) -> half_type, {307200, 64}, {64, 1}, target_id=0
@118 = gpu::code_object[code_object=3928,symbol_name=gather_kernel,global=307200,local=1024,](@49,@116,@117) -> half_type, {307200, 64}, {64, 1}, target_id=0
@119 = load[offset=511180800,end=550502400](@1) -> half_type, {307200, 64}, {64, 1}, target_id=0
@120 = slice[axes={0},starts={11},ends={12}](@62) -> float_type, {1, 307200}, {307200, 1}, target_id=0
@121 = squeeze[axes={0}](@120) -> float_type, {307200}, {1}, target_id=0
@122 = gpu::code_object[code_object=3928,symbol_name=gather_kernel,global=307200,local=1024,](@50,@121,@119) -> half_type, {307200, 64}, {64, 1}, target_id=0
@123 = slice[axes={0},starts={10},ends={11}](@62) -> float_type, {1, 307200}, {307200, 1}, target_id=0
@124 = squeeze[axes={0}](@123) -> float_type, {307200}, {1}, target_id=0
@125 = load[offset=471859200,end=511180800](@1) -> half_type, {307200, 64}, {64, 1}, target_id=0
@126 = gpu::code_object[code_object=3928,symbol_name=gather_kernel,global=307200,local=1024,](@51,@124,@125) -> half_type, {307200, 64}, {64, 1}, target_id=0
@127 = load[offset=432537600,end=471859200](@1) -> half_type, {307200, 64}, {64, 1}, target_id=0
@128 = slice[axes={0},starts={9},ends={10}](@62) -> float_type, {1, 307200}, {307200, 1}, target_id=0
@129 = squeeze[axes={0}](@128) -> float_type, {307200}, {1}, target_id=0
@130 = gpu::code_object[code_object=3928,symbol_name=gather_kernel,global=307200,local=1024,](@52,@129,@127) -> half_type, {307200, 64}, {64, 1}, target_id=0
@131 = load[offset=393216000,end=432537600](@1) -> half_type, {307200, 64}, {64, 1}, target_id=0
@132 = slice[axes={0},starts={8},ends={9}](@62) -> float_type, {1, 307200}, {307200, 1}, target_id=0
@133 = squeeze[axes={0}](@132) -> float_type, {307200}, {1}, target_id=0
@134 = gpu::code_object[code_object=3928,symbol_name=gather_kernel,global=307200,local=1024,](@38,@133,@131) -> half_type, {307200, 64}, {64, 1}, target_id=0
@135 = load[offset=353894400,end=393216000](@1) -> half_type, {307200, 64}, {64, 1}, target_id=0
@136 = slice[axes={0},starts={7},ends={8}](@62) -> float_type, {1, 307200}, {307200, 1}, target_id=0
@137 = squeeze[axes={0}](@136) -> float_type, {307200}, {1}, target_id=0
@138 = gpu::code_object[code_object=3928,symbol_name=gather_kernel,global=307200,local=1024,](@53,@137,@135) -> half_type, {307200, 64}, {64, 1}, target_id=0
@139 = load[offset=314572800,end=353894400](@1) -> half_type, {307200, 64}, {64, 1}, target_id=0
@140 = slice[axes={0},starts={6},ends={7}](@62) -> float_type, {1, 307200}, {307200, 1}, target_id=0
@141 = squeeze[axes={0}](@140) -> float_type, {307200}, {1}, target_id=0
@142 = gpu::code_object[code_object=3928,symbol_name=gather_kernel,global=307200,local=1024,](@54,@141,@139) -> half_type, {307200, 64}, {64, 1}, target_id=0
@143 = load[offset=275251200,end=314572800](@1) -> half_type, {307200, 64}, {64, 1}, target_id=0
@144 = slice[axes={0},starts={5},ends={6}](@62) -> float_type, {1, 307200}, {307200, 1}, target_id=0
@145 = squeeze[axes={0}](@144) -> float_type, {307200}, {1}, target_id=0
@146 = gpu::code_object[code_object=3928,symbol_name=gather_kernel,global=307200,local=1024,](@55,@145,@143) -> half_type, {307200, 64}, {64, 1}, target_id=0
@147 = load[offset=235929600,end=275251200](@1) -> half_type, {307200, 64}, {64, 1}, target_id=0
@148 = slice[axes={0},starts={4},ends={5}](@62) -> float_type, {1, 307200}, {307200, 1}, target_id=0
@149 = squeeze[axes={0}](@148) -> float_type, {307200}, {1}, target_id=0
@150 = gpu::code_object[code_object=3928,symbol_name=gather_kernel,global=307200,local=1024,](@56,@149,@147) -> half_type, {307200, 64}, {64, 1}, target_id=0
@151 = load[offset=196608000,end=235929600](@1) -> half_type, {307200, 64}, {64, 1}, target_id=0
@152 = slice[axes={0},starts={3},ends={4}](@62) -> float_type, {1, 307200}, {307200, 1}, target_id=0
@153 = squeeze[axes={0}](@152) -> float_type, {307200}, {1}, target_id=0
@154 = gpu::code_object[code_object=3928,symbol_name=gather_kernel,global=307200,local=1024,](@57,@153,@151) -> half_type, {307200, 64}, {64, 1}, target_id=0
@155 = load[offset=157286400,end=196608000](@1) -> half_type, {307200, 64}, {64, 1}, target_id=0
@156 = slice[axes={0},starts={2},ends={3}](@62) -> float_type, {1, 307200}, {307200, 1}, target_id=0
@157 = squeeze[axes={0}](@156) -> float_type, {307200}, {1}, target_id=0
@158 = gpu::code_object[code_object=3928,symbol_name=gather_kernel,global=307200,local=1024,](@58,@157,@155) -> half_type, {307200, 64}, {64, 1}, target_id=0
@159 = slice[axes={0},starts={1},ends={2}](@62) -> float_type, {1, 307200}, {307200, 1}, target_id=0
@160 = squeeze[axes={0}](@159) -> float_type, {307200}, {1}, target_id=0
@161 = load[offset=117964800,end=157286400](@1) -> half_type, {307200, 64}, {64, 1}, target_id=0
@162 = gpu::code_object[code_object=3928,symbol_name=gather_kernel,global=307200,local=1024,](@59,@160,@161) -> half_type, {307200, 64}, {64, 1}, target_id=0
@163 = load[offset=78643200,end=117964800](@1) -> half_type, {307200, 64}, {64, 1}, target_id=0
@164 = slice[axes={0},starts={0},ends={1}](@62) -> float_type, {1, 307200}, {307200, 1}, target_id=0
@165 = squeeze[axes={0}](@164) -> float_type, {307200}, {1}, target_id=0
@166 = gpu::code_object[code_object=3928,symbol_name=gather_kernel,global=307200,local=1024,](@60,@165,@163) -> half_type, {307200, 64}, {64, 1}, target_id=0
@167 = multibroadcast[out_lens={307200, 64},out_dyn_dims={}](@27) -> half_type, {307200, 64}, {0, 1}, target_id=0
@168 = load[offset=0,end=39321600](@1) -> half_type, {307200, 64}, {64, 1}, target_id=0
@169 = gpu::code_object[code_object=3832,symbol_name=add_relu_kernel,global=2457600,local=1024,](@21,@167,@168) -> half_type, {307200, 64}, {64, 1}, target_id=0
@170 = load[offset=1101004800,end=2162688000](@1) -> half_type, {307200, 1728}, {1728, 1}, target_id=0
@171 = gpu::code_object[code_object=6216,symbol_name=concat_kernel,global=19660800,local=1024,](@169,@166,@162,@158,@154,@150,@146,@142,@138,@134,@130,@126,@122,@118,@114,@110,@106,@102,@98,@94,@90,@86,@82,@78,@74,@70,@66,@170) -> half_type, {307200, 1728}, {1728, 1}, target_id=0
@172 = load[offset=39321600,end=487219200](@1) -> half_type, {307200, 27, 27}, {729, 27, 1}, target_id=0
@173 = reshape_lazy[dims={307200, -1, 64}](@171) -> half_type, {307200, 27, 64}, {1728, 64, 1}, target_id=0
@174 = transpose[permutation={0, 2, 1}](@173) -> half_type, {307200, 64, 27}, {1728, 1, 64}, target_id=0
@175 = gpu::gemm[alpha=1,beta=0,int8_x4_format=0,compute_fp32=1,trans_batch=0](@173,@174,@172) -> half_type, {307200, 27, 27}, {729, 27, 1}, target_id=0
@176 = reshape_lazy[dims={307200, 729}](@175) -> half_type, {307200, 729}, {729, 1}, target_id=0
@177 = load[offset=487219200,end=702873600](@1) -> half_type, {307200, 351}, {351, 1}, target_id=0
@178 = gpu::code_object[code_object=3960,symbol_name=gather_kernel,global=307200,local=1024,](@176,@30,@177) -> half_type, {307200, 351}, {351, 1}, target_id=0
@179 = load[offset=39321600,end=294297600](@1) -> half_type, {307200, 415}, {415, 1}, target_id=0
@180 = gpu::code_object[code_object=4024,symbol_name=concat_kernel,global=63744000,local=1024,](@169,@178,@179) -> half_type, {307200, 415}, {415, 1}, target_id=0
@181 = load[offset=294297600,end=608870400](@1) -> half_type, {307200, 512}, {512, 1}, target_id=0
@182 = gpu::gemm[alpha=1,beta=0,int8_x4_format=0,compute_fp32=1,trans_batch=0](@180,@45,@181) -> half_type, {307200, 512}, {512, 1}, target_id=0
@183 = load[offset=608870400,end=923443200](@1) -> half_type, {307200, 512}, {512, 1}, target_id=0
@184 = multibroadcast[out_lens={307200, 512},out_dyn_dims={}](@26) -> half_type, {307200, 512}, {0, 1}, target_id=0
@185 = gpu::code_object[code_object=3832,symbol_name=add_relu_kernel,global=19660800,local=1024,](@182,@184,@183) -> half_type, {307200, 512}, {512, 1}, target_id=0
@186 = load[offset=923443200,end=1238016000](@1) -> half_type, {307200, 512}, {512, 1}, target_id=0
@187 = gpu::gemm[alpha=1,beta=0,int8_x4_format=0,compute_fp32=1,trans_batch=0](@185,@29,@186) -> half_type, {307200, 512}, {512, 1}, target_id=0
@188 = load[offset=0,end=314572800](@1) -> half_type, {307200, 512}, {512, 1}, target_id=0
@189 = multibroadcast[out_lens={307200, 512},out_dyn_dims={}](@25) -> half_type, {307200, 512}, {0, 1}, target_id=0
@190 = gpu::code_object[code_object=3832,symbol_name=add_relu_kernel,global=19660800,local=1024,](@187,@189,@188) -> half_type, {307200, 512}, {512, 1}, target_id=0
@191 = load[offset=314572800,end=471859200](@1) -> half_type, {307200, 256}, {256, 1}, target_id=0
@192 = gpu::gemm[alpha=1,beta=0,int8_x4_format=0,compute_fp32=1,trans_batch=0](@190,@47,@191) -> half_type, {307200, 256}, {256, 1}, target_id=0
@193 = load[offset=614400,end=157900800](@1) -> half_type, {307200, 256}, {256, 1}, target_id=0
@194 = multibroadcast[out_lens={307200, 256},out_dyn_dims={}](@48) -> half_type, {307200, 256}, {0, 1}, target_id=0
@195 = gpu::code_object[code_object=3832,symbol_name=add_relu_kernel,global=9830400,local=1024,](@192,@194,@193) -> half_type, {307200, 256}, {256, 1}, target_id=0
@196 = load[offset=157900800,end=158515200](@1) -> half_type, {307200, 1}, {1, 1}, target_id=0
@197 = gpu::gemm[alpha=1,beta=0,int8_x4_format=0,compute_fp32=1,trans_batch=0](@195,@28,@196) -> half_type, {307200, 1}, {1, 1}, target_id=0
@198 = load[offset=0,end=614400](@1) -> half_type, {307200, 1}, {1, 1}, target_id=0
@199 = multibroadcast[out_lens={307200, 1},out_dyn_dims={}](@46) -> half_type, {307200, 1}, {0, 1}, target_id=0
@200 = gpu::code_object[code_object=3896,symbol_name=add_sigmoid_kernel,global=153600,local=1024,](@197,@199,@198) -> half_type, {307200, 1}, {1, 1}, target_id=0
@201 = hip::copy_from_gpu(@200) -> half_type, {307200, 1}, {1, 1}, target_id=0
@202 = hip::sync_stream(@201) -> half_type, {307200, 1}, {1, 1}, target_id=0
@203 = @return(@202), target_id=0


Allocating params ... 
Running performance report ... 
@0 = check_context::migraphx::gpu::context -> float_type, {}, {}, target_id=0: 0.001418ms, 1%
@1 = hip::hip_allocate_memory[shape=int8_type, {2162688000}, {1},id=main:scratch] -> int8_type, {2162688000}, {1}, target_id=0: 0.00133394ms, 1%
@2 = hip::hip_copy_literal[id=main:@literal:0] -> half_type, {13, 512}, {512, 1}, target_id=0: 0.00116102ms, 1%
@3 = load[offset=0,end=7987200](@1) -> half_type, {307200, 13}, {13, 1}, target_id=0: 0.00106008ms, 1%
input = @param:input -> half_type, {307200, 13}, {13, 1}, target_id=0: 0.00081842ms, 1%
@5 = hip::copy_to_gpu(input,@3) -> half_type, {307200, 13}, {13, 1}, target_id=0: 0.647224ms, 3%
@6 = load[offset=707788800,end=1022361600](@1) -> half_type, {307200, 512}, {512, 1}, target_id=0: 0.00090114ms, 1%
@7 = gpu::gemm[alpha=1,beta=0,int8_x4_format=0,compute_fp32=1,trans_batch=0](@5,@2,@6) -> half_type, {307200, 512}, {512, 1}, target_id=0: 0.476142ms, 2%
@8 = hip::hip_copy_literal[id=main:@literal:14] -> half_type, {512}, {1}, target_id=0: 0.00114614ms, 1%
@9 = hip::hip_copy_literal[id=main:@literal:1] -> half_type, {512, 256}, {256, 1}, target_id=0: 0.00073794ms, 1%
@10 = load[offset=393216000,end=707788800](@1) -> half_type, {307200, 512}, {512, 1}, target_id=0: 0.00070792ms, 1%
@11 = multibroadcast[out_lens={307200, 512},out_dyn_dims={}](@8) -> half_type, {307200, 512}, {0, 1}, target_id=0: 0.00162326ms, 1%
@12 = gpu::code_object[code_object=3832,symbol_name=add_relu_kernel,global=19660800,local=1024,](@7,@11,@10) -> half_type, {307200, 512}, {512, 1}, target_id=0: 0.637271ms, 3%
@13 = load[offset=235929600,end=393216000](@1) -> half_type, {307200, 256}, {256, 1}, target_id=0: 0.00082354ms, 1%
@14 = gpu::gemm[alpha=1,beta=0,int8_x4_format=0,compute_fp32=1,trans_batch=0](@12,@9,@13) -> half_type, {307200, 256}, {256, 1}, target_id=0: 1.00101ms, 4%
@15 = hip::hip_copy_literal[id=main:@literal:13] -> half_type, {256}, {1}, target_id=0: 0.00094804ms, 1%
@16 = hip::hip_copy_literal[id=main:@literal:2] -> half_type, {256, 64}, {64, 1}, target_id=0: 0.00070068ms, 1%
@17 = load[offset=78643200,end=235929600](@1) -> half_type, {307200, 256}, {256, 1}, target_id=0: 0.00067628ms, 1%
@18 = multibroadcast[out_lens={307200, 256},out_dyn_dims={}](@15) -> half_type, {307200, 256}, {0, 1}, target_id=0: 0.00111324ms, 1%
@19 = gpu::code_object[code_object=3832,symbol_name=add_relu_kernel,global=9830400,local=1024,](@14,@18,@17) -> half_type, {307200, 256}, {256, 1}, target_id=0: 0.32788ms, 2%
@20 = load[offset=39321600,end=78643200](@1) -> half_type, {307200, 64}, {64, 1}, target_id=0: 0.00079046ms, 1%
@21 = gpu::gemm[alpha=1,beta=0,int8_x4_format=0,compute_fp32=1,trans_batch=0](@19,@16,@20) -> half_type, {307200, 64}, {64, 1}, target_id=0: 0.271922ms, 2%
@22 = load[offset=78643200,end=142540800](@1) -> int64_type, {26, 307200}, {307200, 1}, target_id=0: 0.00082492ms, 1%
lS_i = @param:lS_i -> int64_type, {26, 307200}, {307200, 1}, target_id=0: 0.00058672ms, 1%
@24 = hip::copy_to_gpu(lS_i,@22) -> int64_type, {26, 307200}, {307200, 1}, target_id=0: 5.04463ms, 20%
@25 = hip::hip_copy_literal[id=main:@literal:10] -> half_type, {512}, {1}, target_id=0: 0.00096496ms, 1%
@26 = hip::hip_copy_literal[id=main:@literal:11] -> half_type, {512}, {1}, target_id=0: 0.00060166ms, 1%
@27 = hip::hip_copy_literal[id=main:@literal:12] -> half_type, {64}, {1}, target_id=0: 0.00072604ms, 1%
@28 = hip::hip_copy_literal[id=main:@literal:6] -> half_type, {256, 1}, {1, 1}, target_id=0: 0.0005843ms, 1%
@29 = hip::hip_copy_literal[id=main:@literal:4] -> half_type, {512, 512}, {512, 1}, target_id=0: 0.00055024ms, 1%
@30 = hip::hip_copy_literal[id=main:@literal:7] -> float_type, {351}, {1}, target_id=0: 0.00055886ms, 1%
@31 = hip::hip_copy_literal[id=main:@literal:21] -> half_type, {9994222, 64}, {64, 1}, target_id=0: 0.00071582ms, 1%
@32 = hip::hip_copy_literal[id=main:@literal:22] -> half_type, {14, 64}, {64, 1}, target_id=0: 0.00060708ms, 1%
@33 = hip::hip_copy_literal[id=main:@literal:23] -> half_type, {970, 64}, {64, 1}, target_id=0: 0.00067658ms, 1%
@34 = hip::hip_copy_literal[id=main:@literal:24] -> half_type, {4, 64}, {64, 1}, target_id=0: 0.00054916ms, 1%
@35 = hip::hip_copy_literal[id=main:@literal:25] -> half_type, {122, 64}, {64, 1}, target_id=0: 0.00064554ms, 1%
@36 = hip::hip_copy_literal[id=main:@literal:26] -> half_type, {11156, 64}, {64, 1}, target_id=0: 0.00053764ms, 1%
@37 = hip::hip_copy_literal[id=main:@literal:27] -> half_type, {2208, 64}, {64, 1}, target_id=0: 0.00069722ms, 1%
@38 = hip::hip_copy_literal[id=main:@literal:32] -> half_type, {61, 64}, {64, 1}, target_id=0: 0.00054284ms, 1%
@39 = hip::hip_copy_literal[id=main:@literal:15] -> half_type, {36, 64}, {64, 1}, target_id=0: 0.0005953ms, 1%
@40 = hip::hip_copy_literal[id=main:@literal:16] -> half_type, {101, 64}, {64, 1}, target_id=0: 0.00053456ms, 1%
@41 = hip::hip_copy_literal[id=main:@literal:17] -> half_type, {12420, 64}, {64, 1}, target_id=0: 0.0005974ms, 1%
@42 = hip::hip_copy_literal[id=main:@literal:18] -> half_type, {415421, 64}, {64, 1}, target_id=0: 0.0005497ms, 1%
@43 = hip::hip_copy_literal[id=main:@literal:19] -> half_type, {9946608, 64}, {64, 1}, target_id=0: 0.00060604ms, 1%
@44 = hip::hip_copy_literal[id=main:@literal:20] -> half_type, {7267859, 64}, {64, 1}, target_id=0: 0.00065336ms, 1%
@45 = hip::hip_copy_literal[id=main:@literal:3] -> half_type, {415, 512}, {512, 1}, target_id=0: 0.0005134ms, 1%
@46 = hip::hip_copy_literal[id=main:@literal:8] -> half_type, {1}, {1}, target_id=0: 0.0005323ms, 1%
@47 = hip::hip_copy_literal[id=main:@literal:5] -> half_type, {512, 256}, {256, 1}, target_id=0: 0.00049504ms, 1%
@48 = hip::hip_copy_literal[id=main:@literal:9] -> half_type, {256}, {1}, target_id=0: 0.00053964ms, 1%
@49 = hip::hip_copy_literal[id=main:@literal:28] -> half_type, {10, 64}, {64, 1}, target_id=0: 0.00076388ms, 1%
@50 = hip::hip_copy_literal[id=main:@literal:29] -> half_type, {313829, 64}, {64, 1}, target_id=0: 0.0006088ms, 1%
@51 = hip::hip_copy_literal[id=main:@literal:30] -> half_type, {1333352, 64}, {64, 1}, target_id=0: 0.00063884ms, 1%
@52 = hip::hip_copy_literal[id=main:@literal:31] -> half_type, {9758201, 64}, {64, 1}, target_id=0: 0.00057992ms, 1%
@53 = hip::hip_copy_literal[id=main:@literal:33] -> half_type, {1442, 64}, {64, 1}, target_id=0: 0.00059492ms, 1%
@54 = hip::hip_copy_literal[id=main:@literal:34] -> half_type, {7112, 64}, {64, 1}, target_id=0: 0.00055746ms, 1%
@55 = hip::hip_copy_literal[id=main:@literal:35] -> half_type, {3, 64}, {64, 1}, target_id=0: 0.0005673ms, 1%
@56 = hip::hip_copy_literal[id=main:@literal:36] -> half_type, {20134, 64}, {64, 1}, target_id=0: 0.00056398ms, 1%
@57 = hip::hip_copy_literal[id=main:@literal:37] -> half_type, {7378, 64}, {64, 1}, target_id=0: 0.00056692ms, 1%
@58 = hip::hip_copy_literal[id=main:@literal:38] -> half_type, {17217, 64}, {64, 1}, target_id=0: 0.00054988ms, 1%
@59 = hip::hip_copy_literal[id=main:@literal:39] -> half_type, {36084, 64}, {64, 1}, target_id=0: 0.00059866ms, 1%
@60 = hip::hip_copy_literal[id=main:@literal:40] -> half_type, {9980333, 64}, {64, 1}, target_id=0: 0.00059356ms, 1%
@61 = load[offset=0,end=31948800](@1) -> float_type, {26, 307200}, {307200, 1}, target_id=0: 0.00069738ms, 1%
@62 = gpu::code_object[code_object=3736,symbol_name=convert_kernel,global=1996800,local=1024,](@24,@61) -> float_type, {26, 307200}, {307200, 1}, target_id=0: 0.118216ms, 1%
@63 = slice[axes={0},starts={25},ends={26}](@62) -> float_type, {1, 307200}, {307200, 1}, target_id=0: 0.00271724ms, 1%
@64 = squeeze[axes={0}](@63) -> float_type, {307200}, {1}, target_id=0: 0.00185092ms, 1%
@65 = load[offset=1061683200,end=1101004800](@1) -> half_type, {307200, 64}, {64, 1}, target_id=0: 0.00065ms, 1%
@66 = gpu::code_object[code_object=3928,symbol_name=gather_kernel,global=307200,local=1024,](@39,@64,@65) -> half_type, {307200, 64}, {64, 1}, target_id=0: 0.131862ms, 1%
@67 = slice[axes={0},starts={24},ends={25}](@62) -> float_type, {1, 307200}, {307200, 1}, target_id=0: 0.00137216ms, 1%
@68 = squeeze[axes={0}](@67) -> float_type, {307200}, {1}, target_id=0: 0.0011283ms, 1%
@69 = load[offset=1022361600,end=1061683200](@1) -> half_type, {307200, 64}, {64, 1}, target_id=0: 0.00065926ms, 1%
@70 = gpu::code_object[code_object=3928,symbol_name=gather_kernel,global=307200,local=1024,](@40,@68,@69) -> half_type, {307200, 64}, {64, 1}, target_id=0: 0.130113ms, 1%
@71 = slice[axes={0},starts={23},ends={24}](@62) -> float_type, {1, 307200}, {307200, 1}, target_id=0: 0.0012427ms, 1%
@72 = squeeze[axes={0}](@71) -> float_type, {307200}, {1}, target_id=0: 0.00100036ms, 1%
@73 = load[offset=983040000,end=1022361600](@1) -> half_type, {307200, 64}, {64, 1}, target_id=0: 0.00064622ms, 1%
@74 = gpu::code_object[code_object=3928,symbol_name=gather_kernel,global=307200,local=1024,](@41,@72,@73) -> half_type, {307200, 64}, {64, 1}, target_id=0: 0.129818ms, 1%
@75 = slice[axes={0},starts={22},ends={23}](@62) -> float_type, {1, 307200}, {307200, 1}, target_id=0: 0.00121328ms, 1%
@76 = squeeze[axes={0}](@75) -> float_type, {307200}, {1}, target_id=0: 0.00096774ms, 1%
@77 = load[offset=943718400,end=983040000](@1) -> half_type, {307200, 64}, {64, 1}, target_id=0: 0.0006274ms, 1%
@78 = gpu::code_object[code_object=3928,symbol_name=gather_kernel,global=307200,local=1024,](@42,@76,@77) -> half_type, {307200, 64}, {64, 1}, target_id=0: 0.130053ms, 1%
@79 = load[offset=904396800,end=943718400](@1) -> half_type, {307200, 64}, {64, 1}, target_id=0: 0.00078456ms, 1%
@80 = slice[axes={0},starts={21},ends={22}](@62) -> float_type, {1, 307200}, {307200, 1}, target_id=0: 0.00100558ms, 1%
@81 = squeeze[axes={0}](@80) -> float_type, {307200}, {1}, target_id=0: 0.00102972ms, 1%
@82 = gpu::code_object[code_object=3928,symbol_name=gather_kernel,global=307200,local=1024,](@43,@81,@79) -> half_type, {307200, 64}, {64, 1}, target_id=0: 0.130131ms, 1%
@83 = slice[axes={0},starts={20},ends={21}](@62) -> float_type, {1, 307200}, {307200, 1}, target_id=0: 0.00119548ms, 1%
@84 = squeeze[axes={0}](@83) -> float_type, {307200}, {1}, target_id=0: 0.00100032ms, 1%
@85 = load[offset=865075200,end=904396800](@1) -> half_type, {307200, 64}, {64, 1}, target_id=0: 0.00062482ms, 1%
@86 = gpu::code_object[code_object=3928,symbol_name=gather_kernel,global=307200,local=1024,](@44,@84,@85) -> half_type, {307200, 64}, {64, 1}, target_id=0: 0.130062ms, 1%
@87 = slice[axes={0},starts={19},ends={20}](@62) -> float_type, {1, 307200}, {307200, 1}, target_id=0: 0.00113294ms, 1%
@88 = squeeze[axes={0}](@87) -> float_type, {307200}, {1}, target_id=0: 0.00094798ms, 1%
@89 = load[offset=825753600,end=865075200](@1) -> half_type, {307200, 64}, {64, 1}, target_id=0: 0.00063676ms, 1%
@90 = gpu::code_object[code_object=3928,symbol_name=gather_kernel,global=307200,local=1024,](@31,@88,@89) -> half_type, {307200, 64}, {64, 1}, target_id=0: 0.129974ms, 1%
@91 = slice[axes={0},starts={18},ends={19}](@62) -> float_type, {1, 307200}, {307200, 1}, target_id=0: 0.00112792ms, 1%
@92 = squeeze[axes={0}](@91) -> float_type, {307200}, {1}, target_id=0: 0.00094744ms, 1%
@93 = load[offset=786432000,end=825753600](@1) -> half_type, {307200, 64}, {64, 1}, target_id=0: 0.00063074ms, 1%
@94 = gpu::code_object[code_object=3928,symbol_name=gather_kernel,global=307200,local=1024,](@32,@92,@93) -> half_type, {307200, 64}, {64, 1}, target_id=0: 0.129809ms, 1%
@95 = slice[axes={0},starts={17},ends={18}](@62) -> float_type, {1, 307200}, {307200, 1}, target_id=0: 0.00113366ms, 1%
@96 = squeeze[axes={0}](@95) -> float_type, {307200}, {1}, target_id=0: 0.0009386ms, 1%
@97 = load[offset=747110400,end=786432000](@1) -> half_type, {307200, 64}, {64, 1}, target_id=0: 0.00063156ms, 1%
@98 = gpu::code_object[code_object=3928,symbol_name=gather_kernel,global=307200,local=1024,](@33,@96,@97) -> half_type, {307200, 64}, {64, 1}, target_id=0: 0.129886ms, 1%
@99 = slice[axes={0},starts={16},ends={17}](@62) -> float_type, {1, 307200}, {307200, 1}, target_id=0: 0.00114264ms, 1%
@100 = squeeze[axes={0}](@99) -> float_type, {307200}, {1}, target_id=0: 0.00094496ms, 1%
@101 = load[offset=707788800,end=747110400](@1) -> half_type, {307200, 64}, {64, 1}, target_id=0: 0.00063718ms, 1%
@102 = gpu::code_object[code_object=3928,symbol_name=gather_kernel,global=307200,local=1024,](@34,@100,@101) -> half_type, {307200, 64}, {64, 1}, target_id=0: 0.129903ms, 1%
@103 = slice[axes={0},starts={15},ends={16}](@62) -> float_type, {1, 307200}, {307200, 1}, target_id=0: 0.00112498ms, 1%
@104 = squeeze[axes={0}](@103) -> float_type, {307200}, {1}, target_id=0: 0.00093422ms, 1%
@105 = load[offset=668467200,end=707788800](@1) -> half_type, {307200, 64}, {64, 1}, target_id=0: 0.0006088ms, 1%
@106 = gpu::code_object[code_object=3928,symbol_name=gather_kernel,global=307200,local=1024,](@35,@104,@105) -> half_type, {307200, 64}, {64, 1}, target_id=0: 0.129712ms, 1%
@107 = load[offset=629145600,end=668467200](@1) -> half_type, {307200, 64}, {64, 1}, target_id=0: 0.0007743ms, 1%
@108 = slice[axes={0},starts={14},ends={15}](@62) -> float_type, {1, 307200}, {307200, 1}, target_id=0: 0.00098262ms, 1%
@109 = squeeze[axes={0}](@108) -> float_type, {307200}, {1}, target_id=0: 0.0009536ms, 1%
@110 = gpu::code_object[code_object=3928,symbol_name=gather_kernel,global=307200,local=1024,](@36,@109,@107) -> half_type, {307200, 64}, {64, 1}, target_id=0: 0.130131ms, 1%
@111 = slice[axes={0},starts={13},ends={14}](@62) -> float_type, {1, 307200}, {307200, 1}, target_id=0: 0.00109846ms, 1%
@112 = squeeze[axes={0}](@111) -> float_type, {307200}, {1}, target_id=0: 0.0009365ms, 1%
@113 = load[offset=589824000,end=629145600](@1) -> half_type, {307200, 64}, {64, 1}, target_id=0: 0.00066716ms, 1%
@114 = gpu::code_object[code_object=3928,symbol_name=gather_kernel,global=307200,local=1024,](@37,@112,@113) -> half_type, {307200, 64}, {64, 1}, target_id=0: 0.130851ms, 1%
@115 = slice[axes={0},starts={12},ends={13}](@62) -> float_type, {1, 307200}, {307200, 1}, target_id=0: 0.0011213ms, 1%
@116 = squeeze[axes={0}](@115) -> float_type, {307200}, {1}, target_id=0: 0.00090802ms, 1%
@117 = load[offset=550502400,end=589824000](@1) -> half_type, {307200, 64}, {64, 1}, target_id=0: 0.0006231ms, 1%
@118 = gpu::code_object[code_object=3928,symbol_name=gather_kernel,global=307200,local=1024,](@49,@116,@117) -> half_type, {307200, 64}, {64, 1}, target_id=0: 0.130102ms, 1%
@119 = load[offset=511180800,end=550502400](@1) -> half_type, {307200, 64}, {64, 1}, target_id=0: 0.00075674ms, 1%
@120 = slice[axes={0},starts={11},ends={12}](@62) -> float_type, {1, 307200}, {307200, 1}, target_id=0: 0.00098342ms, 1%
@121 = squeeze[axes={0}](@120) -> float_type, {307200}, {1}, target_id=0: 0.00094086ms, 1%
@122 = gpu::code_object[code_object=3928,symbol_name=gather_kernel,global=307200,local=1024,](@50,@121,@119) -> half_type, {307200, 64}, {64, 1}, target_id=0: 0.131186ms, 1%
@123 = slice[axes={0},starts={10},ends={11}](@62) -> float_type, {1, 307200}, {307200, 1}, target_id=0: 0.00114192ms, 1%
@124 = squeeze[axes={0}](@123) -> float_type, {307200}, {1}, target_id=0: 0.0009305ms, 1%
@125 = load[offset=471859200,end=511180800](@1) -> half_type, {307200, 64}, {64, 1}, target_id=0: 0.00063132ms, 1%
@126 = gpu::code_object[code_object=3928,symbol_name=gather_kernel,global=307200,local=1024,](@51,@124,@125) -> half_type, {307200, 64}, {64, 1}, target_id=0: 0.130911ms, 1%
@127 = load[offset=432537600,end=471859200](@1) -> half_type, {307200, 64}, {64, 1}, target_id=0: 0.00076408ms, 1%
@128 = slice[axes={0},starts={9},ends={10}](@62) -> float_type, {1, 307200}, {307200, 1}, target_id=0: 0.00097112ms, 1%
@129 = squeeze[axes={0}](@128) -> float_type, {307200}, {1}, target_id=0: 0.00091904ms, 1%
@130 = gpu::code_object[code_object=3928,symbol_name=gather_kernel,global=307200,local=1024,](@52,@129,@127) -> half_type, {307200, 64}, {64, 1}, target_id=0: 0.130884ms, 1%
@131 = load[offset=393216000,end=432537600](@1) -> half_type, {307200, 64}, {64, 1}, target_id=0: 0.00075582ms, 1%
@132 = slice[axes={0},starts={8},ends={9}](@62) -> float_type, {1, 307200}, {307200, 1}, target_id=0: 0.00101412ms, 1%
@133 = squeeze[axes={0}](@132) -> float_type, {307200}, {1}, target_id=0: 0.0009009ms, 1%
@134 = gpu::code_object[code_object=3928,symbol_name=gather_kernel,global=307200,local=1024,](@38,@133,@131) -> half_type, {307200, 64}, {64, 1}, target_id=0: 0.129847ms, 1%
@135 = load[offset=353894400,end=393216000](@1) -> half_type, {307200, 64}, {64, 1}, target_id=0: 0.00076472ms, 1%
@136 = slice[axes={0},starts={7},ends={8}](@62) -> float_type, {1, 307200}, {307200, 1}, target_id=0: 0.0009821ms, 1%
@137 = squeeze[axes={0}](@136) -> float_type, {307200}, {1}, target_id=0: 0.0008807ms, 1%
@138 = gpu::code_object[code_object=3928,symbol_name=gather_kernel,global=307200,local=1024,](@53,@137,@135) -> half_type, {307200, 64}, {64, 1}, target_id=0: 0.130677ms, 1%
@139 = load[offset=314572800,end=353894400](@1) -> half_type, {307200, 64}, {64, 1}, target_id=0: 0.0007706ms, 1%
@140 = slice[axes={0},starts={6},ends={7}](@62) -> float_type, {1, 307200}, {307200, 1}, target_id=0: 0.00096106ms, 1%
@141 = squeeze[axes={0}](@140) -> float_type, {307200}, {1}, target_id=0: 0.00091966ms, 1%
@142 = gpu::code_object[code_object=3928,symbol_name=gather_kernel,global=307200,local=1024,](@54,@141,@139) -> half_type, {307200, 64}, {64, 1}, target_id=0: 0.131518ms, 1%
@143 = load[offset=275251200,end=314572800](@1) -> half_type, {307200, 64}, {64, 1}, target_id=0: 0.00076544ms, 1%
@144 = slice[axes={0},starts={5},ends={6}](@62) -> float_type, {1, 307200}, {307200, 1}, target_id=0: 0.0009813ms, 1%
@145 = squeeze[axes={0}](@144) -> float_type, {307200}, {1}, target_id=0: 0.00096166ms, 1%
@146 = gpu::code_object[code_object=3928,symbol_name=gather_kernel,global=307200,local=1024,](@55,@145,@143) -> half_type, {307200, 64}, {64, 1}, target_id=0: 0.130811ms, 1%
@147 = load[offset=235929600,end=275251200](@1) -> half_type, {307200, 64}, {64, 1}, target_id=0: 0.00077638ms, 1%
@148 = slice[axes={0},starts={4},ends={5}](@62) -> float_type, {1, 307200}, {307200, 1}, target_id=0: 0.00100056ms, 1%
@149 = squeeze[axes={0}](@148) -> float_type, {307200}, {1}, target_id=0: 0.00114374ms, 1%
@150 = gpu::code_object[code_object=3928,symbol_name=gather_kernel,global=307200,local=1024,](@56,@149,@147) -> half_type, {307200, 64}, {64, 1}, target_id=0: 0.129769ms, 1%
@151 = load[offset=196608000,end=235929600](@1) -> half_type, {307200, 64}, {64, 1}, target_id=0: 0.00076038ms, 1%
@152 = slice[axes={0},starts={3},ends={4}](@62) -> float_type, {1, 307200}, {307200, 1}, target_id=0: 0.0010679ms, 1%
@153 = squeeze[axes={0}](@152) -> float_type, {307200}, {1}, target_id=0: 0.0011212ms, 1%
@154 = gpu::code_object[code_object=3928,symbol_name=gather_kernel,global=307200,local=1024,](@57,@153,@151) -> half_type, {307200, 64}, {64, 1}, target_id=0: 0.130965ms, 1%
@155 = load[offset=157286400,end=196608000](@1) -> half_type, {307200, 64}, {64, 1}, target_id=0: 0.0007792ms, 1%
@156 = slice[axes={0},starts={2},ends={3}](@62) -> float_type, {1, 307200}, {307200, 1}, target_id=0: 0.00104206ms, 1%
@157 = squeeze[axes={0}](@156) -> float_type, {307200}, {1}, target_id=0: 0.00104384ms, 1%
@158 = gpu::code_object[code_object=3928,symbol_name=gather_kernel,global=307200,local=1024,](@58,@157,@155) -> half_type, {307200, 64}, {64, 1}, target_id=0: 0.130657ms, 1%
@159 = slice[axes={0},starts={1},ends={2}](@62) -> float_type, {1, 307200}, {307200, 1}, target_id=0: 0.00114058ms, 1%
@160 = squeeze[axes={0}](@159) -> float_type, {307200}, {1}, target_id=0: 0.00102754ms, 1%
@161 = load[offset=117964800,end=157286400](@1) -> half_type, {307200, 64}, {64, 1}, target_id=0: 0.00062118ms, 1%
@162 = gpu::code_object[code_object=3928,symbol_name=gather_kernel,global=307200,local=1024,](@59,@160,@161) -> half_type, {307200, 64}, {64, 1}, target_id=0: 0.130761ms, 1%
@163 = load[offset=78643200,end=117964800](@1) -> half_type, {307200, 64}, {64, 1}, target_id=0: 0.00078432ms, 1%
@164 = slice[axes={0},starts={0},ends={1}](@62) -> float_type, {1, 307200}, {307200, 1}, target_id=0: 0.0009814ms, 1%
@165 = squeeze[axes={0}](@164) -> float_type, {307200}, {1}, target_id=0: 0.00104706ms, 1%
@166 = gpu::code_object[code_object=3928,symbol_name=gather_kernel,global=307200,local=1024,](@60,@165,@163) -> half_type, {307200, 64}, {64, 1}, target_id=0: 0.131142ms, 1%
@167 = multibroadcast[out_lens={307200, 64},out_dyn_dims={}](@27) -> half_type, {307200, 64}, {0, 1}, target_id=0: 0.00152376ms, 1%
@168 = load[offset=0,end=39321600](@1) -> half_type, {307200, 64}, {64, 1}, target_id=0: 0.00065292ms, 1%
@169 = gpu::code_object[code_object=3832,symbol_name=add_relu_kernel,global=2457600,local=1024,](@21,@167,@168) -> half_type, {307200, 64}, {64, 1}, target_id=0: 0.0944192ms, 1%
@170 = load[offset=1101004800,end=2162688000](@1) -> half_type, {307200, 1728}, {1728, 1}, target_id=0: 0.00077146ms, 1%
@171 = gpu::code_object[code_object=6216,symbol_name=concat_kernel,global=19660800,local=1024,](@169,@166,@162,@158,@154,@150,@146,@142,@138,@134,@130,@126,@122,@118,@114,@110,@106,@102,@98,@94,@90,@86,@82,@78,@74,@70,@66,@170) -> half_type, {307200, 1728}, {1728, 1}, target_id=0: 2.41971ms, 10%
@172 = load[offset=39321600,end=487219200](@1) -> half_type, {307200, 27, 27}, {729, 27, 1}, target_id=0: 0.00084426ms, 1%
@173 = reshape_lazy[dims={307200, -1, 64}](@171) -> half_type, {307200, 27, 64}, {1728, 64, 1}, target_id=0: 0.00124102ms, 1%
@174 = transpose[permutation={0, 2, 1}](@173) -> half_type, {307200, 64, 27}, {1728, 1, 64}, target_id=0: 0.00119618ms, 1%
@175 = gpu::gemm[alpha=1,beta=0,int8_x4_format=0,compute_fp32=1,trans_batch=0](@173,@174,@172) -> half_type, {307200, 27, 27}, {729, 27, 1}, target_id=0: 1.89998ms, 8%
@176 = reshape_lazy[dims={307200, 729}](@175) -> half_type, {307200, 729}, {729, 1}, target_id=0: 0.00098166ms, 1%
@177 = load[offset=487219200,end=702873600](@1) -> half_type, {307200, 351}, {351, 1}, target_id=0: 0.00066562ms, 1%
@178 = gpu::code_object[code_object=3960,symbol_name=gather_kernel,global=307200,local=1024,](@176,@30,@177) -> half_type, {307200, 351}, {351, 1}, target_id=0: 1.04162ms, 5%
@179 = load[offset=39321600,end=294297600](@1) -> half_type, {307200, 415}, {415, 1}, target_id=0: 0.00078418ms, 1%
@180 = gpu::code_object[code_object=4024,symbol_name=concat_kernel,global=63744000,local=1024,](@169,@178,@179) -> half_type, {307200, 415}, {415, 1}, target_id=0: 0.770297ms, 4%
@181 = load[offset=294297600,end=608870400](@1) -> half_type, {307200, 512}, {512, 1}, target_id=0: 0.00078176ms, 1%
@182 = gpu::gemm[alpha=1,beta=0,int8_x4_format=0,compute_fp32=1,trans_batch=0](@180,@45,@181) -> half_type, {307200, 512}, {512, 1}, target_id=0: 1.47615ms, 6%
@183 = load[offset=608870400,end=923443200](@1) -> half_type, {307200, 512}, {512, 1}, target_id=0: 0.00080602ms, 1%
@184 = multibroadcast[out_lens={307200, 512},out_dyn_dims={}](@26) -> half_type, {307200, 512}, {0, 1}, target_id=0: 0.00123944ms, 1%
@185 = gpu::code_object[code_object=3832,symbol_name=add_relu_kernel,global=19660800,local=1024,](@182,@184,@183) -> half_type, {307200, 512}, {512, 1}, target_id=0: 0.632959ms, 3%
@186 = load[offset=923443200,end=1238016000](@1) -> half_type, {307200, 512}, {512, 1}, target_id=0: 0.0007966ms, 1%
@187 = gpu::gemm[alpha=1,beta=0,int8_x4_format=0,compute_fp32=1,trans_batch=0](@185,@29,@186) -> half_type, {307200, 512}, {512, 1}, target_id=0: 1.88714ms, 8%
@188 = load[offset=0,end=314572800](@1) -> half_type, {307200, 512}, {512, 1}, target_id=0: 0.00080556ms, 1%
@189 = multibroadcast[out_lens={307200, 512},out_dyn_dims={}](@25) -> half_type, {307200, 512}, {0, 1}, target_id=0: 0.00102352ms, 1%
@190 = gpu::code_object[code_object=3832,symbol_name=add_relu_kernel,global=19660800,local=1024,](@187,@189,@188) -> half_type, {307200, 512}, {512, 1}, target_id=0: 0.635874ms, 3%
@191 = load[offset=314572800,end=471859200](@1) -> half_type, {307200, 256}, {256, 1}, target_id=0: 0.00078656ms, 1%
@192 = gpu::gemm[alpha=1,beta=0,int8_x4_format=0,compute_fp32=1,trans_batch=0](@190,@47,@191) -> half_type, {307200, 256}, {256, 1}, target_id=0: 1.05395ms, 5%
@193 = load[offset=614400,end=157900800](@1) -> half_type, {307200, 256}, {256, 1}, target_id=0: 0.00081046ms, 1%
@194 = multibroadcast[out_lens={307200, 256},out_dyn_dims={}](@48) -> half_type, {307200, 256}, {0, 1}, target_id=0: 0.00101794ms, 1%
@195 = gpu::code_object[code_object=3832,symbol_name=add_relu_kernel,global=9830400,local=1024,](@192,@194,@193) -> half_type, {307200, 256}, {256, 1}, target_id=0: 0.326385ms, 2%
@196 = load[offset=157900800,end=158515200](@1) -> half_type, {307200, 1}, {1, 1}, target_id=0: 0.00077688ms, 1%
@197 = gpu::gemm[alpha=1,beta=0,int8_x4_format=0,compute_fp32=1,trans_batch=0](@195,@28,@196) -> half_type, {307200, 1}, {1, 1}, target_id=0: 0.887045ms, 4%
@198 = load[offset=0,end=614400](@1) -> half_type, {307200, 1}, {1, 1}, target_id=0: 0.0007902ms, 1%
@199 = multibroadcast[out_lens={307200, 1},out_dyn_dims={}](@46) -> half_type, {307200, 1}, {0, 1}, target_id=0: 0.00100928ms, 1%
@200 = gpu::code_object[code_object=3896,symbol_name=add_sigmoid_kernel,global=153600,local=1024,](@197,@199,@198) -> half_type, {307200, 1}, {1, 1}, target_id=0: 0.0196607ms, 1%
@201 = hip::copy_from_gpu(@200) -> half_type, {307200, 1}, {1, 1}, target_id=0: 0.193256ms, 1%
@202 = hip::sync_stream(@201) -> half_type, {307200, 1}, {1, 1}, target_id=0: 0.0015824ms, 1%
@203 = @return(@202), target_id=0
Summary:
gpu::gemm: 8.95333ms / 8 = 1.11917ms, 36%
hip::copy_to_gpu: 5.69185ms / 2 = 2.84593ms, 23%
gpu::code_object::gather_kernel: 4.43315ms / 27 = 0.164191ms, 18%
gpu::code_object::concat_kernel: 3.19ms / 2 = 1.595ms, 13%
gpu::code_object::add_relu_kernel: 2.65479ms / 6 = 0.442465ms, 11%
hip::copy_from_gpu: 0.193256ms / 1 = 0.193256ms, 1%
gpu::code_object::convert_kernel: 0.118216ms / 1 = 0.118216ms, 1%
load: 0.0346862ms / 47 = 0.000738005ms, 1%
slice: 0.0298785ms / 26 = 0.00114917ms, 1%
hip::hip_copy_literal: 0.0264526ms / 41 = 0.000645186ms, 1%
squeeze: 0.0263254ms / 26 = 0.00101251ms, 1%
gpu::code_object::add_sigmoid_kernel: 0.0196607ms / 1 = 0.0196607ms, 1%
multibroadcast: 0.00855044ms / 7 = 0.00122149ms, 1%
reshape_lazy: 0.00222268ms / 2 = 0.00111134ms, 1%
hip::sync_stream: 0.0015824ms / 1 = 0.0015824ms, 1%
check_context::migraphx::gpu::context: 0.001418ms / 1 = 0.001418ms, 1%
@param: 0.00140514ms / 2 = 0.00070257ms, 1%
hip::hip_allocate_memory: 0.00133394ms / 1 = 0.00133394ms, 1%
transpose: 0.00119618ms / 1 = 0.00119618ms, 1%

Batch size: 1
Rate: 40.7549/sec
Total time: 24.5369ms
Total instructions time: 25.3893ms
Overhead time: 0.0417317ms, -0.852401ms
Overhead: 0%, -3%
