Running [ MIGraphX Version: 2.9.0.40c5b6ca2 ]: /src/AMDMIGraphX/build/bin/driver perf --fp16 --gpu /new-saved-models/resnet50/resnet50_v1.onnx
Compiling ... 
Reading: /new-saved-models/resnet50/resnet50_v1.onnx
module: "main"
@0 = check_context::migraphx::gpu::context -> float_type, {}, {}, target_id=0
@1 = hip::hip_allocate_memory[shape=int8_type, {5722112}, {1},id=main:scratch] -> int8_type, {5722112}, {1}, target_id=0
@2 = hip::hip_copy_literal[id=main:@literal:57] -> half_type, {64, 3, 7, 7}, {147, 49, 7, 1}, target_id=0
input_tensor:0 = @param:input_tensor:0 -> float_type, {1, 3, 224, 224}, {150528, 50176, 224, 1}, target_id=0
@4 = load[offset=1605632,end=1906688](@1) -> half_type, {1, 3, 224, 224}, {150528, 50176, 224, 1}, target_id=0
@5 = gpu::code_object[code_object=3512,symbol_name=convert_kernel,global=75264,local=1024,](input_tensor:0,@4) -> half_type, {1, 3, 224, 224}, {150528, 50176, 224, 1}, target_id=0
@6 = hip::hip_copy_literal[id=main:@literal:51] -> half_type, {64}, {1}, target_id=0
@7 = broadcast[axis=1,out_lens={1, 64, 112, 112}](@6) -> half_type, {1, 64, 112, 112}, {0, 1, 0, 0}, target_id=0
@8 = load[offset=0,end=1605632](@1) -> half_type, {1, 64, 112, 112}, {802816, 12544, 112, 1}, target_id=0
@9 = gpu::code_object[code_object=6240,symbol_name=mlir_convolution_add_relu,global=50176,local=256,](@7,@5,@2,@8) -> half_type, {1, 64, 112, 112}, {802816, 12544, 112, 1}, target_id=0
@10 = load[offset=1906688,end=3541120](@1) -> half_type, {1, 64, 113, 113}, {817216, 12769, 113, 1}, target_id=0
@11 = gpu::code_object[code_object=3744,symbol_name=pad_kernel,global=307200,local=1024,](@9,@10) -> half_type, {1, 64, 113, 113}, {817216, 12769, 113, 1}, target_id=0
@12 = load[offset=1204224,end=1605632](@1) -> half_type, {1, 64, 56, 56}, {200704, 3136, 56, 1}, target_id=0
@13 = gpu::pooling[mode=max,padding={0, 0, 0, 0},padding_mode=0,stride={2, 2},lengths={3, 3},dilations={1, 1},ceil_mode=0,lp_order=2,dyn_global=0](@11,@12) -> half_type, {1, 64, 56, 56}, {200704, 3136, 56, 1}, target_id=0
@14 = hip::hip_copy_literal[id=main:@literal:35] -> half_type, {64, 64, 1, 1}, {64, 1, 1, 1}, target_id=0
@15 = hip::hip_copy_literal[id=main:@literal:43] -> half_type, {64}, {1}, target_id=0
@16 = load[offset=802816,end=1204224](@1) -> half_type, {1, 64, 56, 56}, {200704, 3136, 56, 1}, target_id=0
@17 = broadcast[axis=1,out_lens={1, 64, 56, 56}](@15) -> half_type, {1, 64, 56, 56}, {0, 1, 0, 0}, target_id=0
@18 = gpu::code_object[code_object=4680,symbol_name=mlir_convolution_add_relu,global=12544,local=256,](@17,@13,@14,@16) -> half_type, {1, 64, 56, 56}, {200704, 3136, 56, 1}, target_id=0
@19 = hip::hip_copy_literal[id=main:@literal:41] -> half_type, {64, 64, 3, 3}, {576, 9, 3, 1}, target_id=0
@20 = load[offset=0,end=0](@1) -> int8_type, {0}, {1}, target_id=0
@21 = load[offset=401408,end=802816](@1) -> half_type, {1, 64, 56, 56}, {200704, 3136, 56, 1}, target_id=0
@22 = gpu::convolution[op={padding={1, 1, 1, 1},stride={1, 1},dilation={1, 1},group=1,padding_mode=0},solution_object={binary_object: 453},algo=0,solution_id=0](@18,@19,@20,@21) -> half_type, {1, 64, 56, 56}, {200704, 3136, 56, 1}, target_id=0
@23 = hip::hip_copy_literal[id=main:@literal:10] -> half_type, {64}, {1}, target_id=0
@24 = hip::hip_copy_literal[id=main:@literal:64] -> half_type, {256}, {1}, target_id=0
@25 = hip::hip_copy_literal[id=main:@literal:26] -> half_type, {256, 128, 1, 1}, {128, 1, 1, 1}, target_id=0
@26 = broadcast[axis=1,out_lens={1, 64, 56, 56}](@23) -> half_type, {1, 64, 56, 56}, {0, 1, 0, 0}, target_id=0
@27 = load[offset=0,end=401408](@1) -> half_type, {1, 64, 56, 56}, {200704, 3136, 56, 1}, target_id=0
@28 = gpu::code_object[code_object=3840,symbol_name=add_relu_kernel,global=100352,local=1024,](@22,@26,@27) -> half_type, {1, 64, 56, 56}, {200704, 3136, 56, 1}, target_id=0
@29 = load[offset=1605632,end=2408448](@1) -> half_type, {1, 128, 56, 56}, {401408, 3136, 56, 1}, target_id=0
@30 = gpu::code_object[code_object=3800,symbol_name=concat_kernel,global=100352,local=1024,](@28,@13,@29) -> half_type, {1, 128, 56, 56}, {401408, 3136, 56, 1}, target_id=0
@31 = broadcast[axis=1,out_lens={1, 256, 56, 56}](@24) -> half_type, {1, 256, 56, 56}, {0, 1, 0, 0}, target_id=0
@32 = load[offset=2408448,end=4014080](@1) -> half_type, {1, 256, 56, 56}, {802816, 3136, 56, 1}, target_id=0
@33 = gpu::code_object[code_object=5552,symbol_name=mlir_convolution_add_relu,global=50176,local=256,](@31,@30,@25,@32) -> half_type, {1, 256, 56, 56}, {802816, 3136, 56, 1}, target_id=0
@34 = hip::hip_copy_literal[id=main:@literal:45] -> half_type, {64, 256, 1, 1}, {256, 1, 1, 1}, target_id=0
@35 = hip::hip_copy_literal[id=main:@literal:38] -> half_type, {64}, {1}, target_id=0
@36 = broadcast[axis=1,out_lens={1, 64, 56, 56}](@35) -> half_type, {1, 64, 56, 56}, {0, 1, 0, 0}, target_id=0
@37 = load[offset=802816,end=1204224](@1) -> half_type, {1, 64, 56, 56}, {200704, 3136, 56, 1}, target_id=0
@38 = gpu::code_object[code_object=5328,symbol_name=mlir_convolution_add_relu,global=50176,local=256,](@36,@33,@34,@37) -> half_type, {1, 64, 56, 56}, {200704, 3136, 56, 1}, target_id=0
@39 = hip::hip_copy_literal[id=main:@literal:39] -> half_type, {64, 64, 3, 3}, {576, 9, 3, 1}, target_id=0
@40 = load[offset=0,end=0](@1) -> int8_type, {0}, {1}, target_id=0
@41 = load[offset=401408,end=802816](@1) -> half_type, {1, 64, 56, 56}, {200704, 3136, 56, 1}, target_id=0
@42 = gpu::convolution[op={padding={1, 1, 1, 1},stride={1, 1},dilation={1, 1},group=1,padding_mode=0},solution_object={binary_object: 453},algo=0,solution_id=0](@38,@39,@40,@41) -> half_type, {1, 64, 56, 56}, {200704, 3136, 56, 1}, target_id=0
@43 = hip::hip_copy_literal[id=main:@literal:32] -> half_type, {256}, {1}, target_id=0
@44 = hip::hip_copy_literal[id=main:@literal:31] -> half_type, {64}, {1}, target_id=0
@45 = hip::hip_copy_literal[id=main:@literal:28] -> half_type, {256, 64, 1, 1}, {64, 1, 1, 1}, target_id=0
@46 = broadcast[axis=1,out_lens={1, 64, 56, 56}](@44) -> half_type, {1, 64, 56, 56}, {0, 1, 0, 0}, target_id=0
@47 = load[offset=0,end=401408](@1) -> half_type, {1, 64, 56, 56}, {200704, 3136, 56, 1}, target_id=0
@48 = gpu::code_object[code_object=3840,symbol_name=add_relu_kernel,global=100352,local=1024,](@42,@46,@47) -> half_type, {1, 64, 56, 56}, {200704, 3136, 56, 1}, target_id=0
@49 = broadcast[axis=1,out_lens={1, 256, 56, 56}](@43) -> half_type, {1, 256, 56, 56}, {0, 1, 0, 0}, target_id=0
@50 = load[offset=802816,end=2408448](@1) -> half_type, {1, 256, 56, 56}, {802816, 3136, 56, 1}, target_id=0
@51 = gpu::code_object[code_object=5000,symbol_name=mlir_convolution_add_add_relu,global=50176,local=256,](@49,@33,@48,@45,@50) -> half_type, {1, 256, 56, 56}, {802816, 3136, 56, 1}, target_id=0
@52 = hip::hip_copy_literal[id=main:@literal:56] -> half_type, {64}, {1}, target_id=0
@53 = hip::hip_copy_literal[id=main:@literal:53] -> half_type, {64, 256, 1, 1}, {256, 1, 1, 1}, target_id=0
@54 = broadcast[axis=1,out_lens={1, 64, 56, 56}](@52) -> half_type, {1, 64, 56, 56}, {0, 1, 0, 0}, target_id=0
@55 = load[offset=401408,end=802816](@1) -> half_type, {1, 64, 56, 56}, {200704, 3136, 56, 1}, target_id=0
@56 = gpu::code_object[code_object=5328,symbol_name=mlir_convolution_add_relu,global=50176,local=256,](@54,@51,@53,@55) -> half_type, {1, 64, 56, 56}, {200704, 3136, 56, 1}, target_id=0
@57 = hip::hip_copy_literal[id=main:@literal:5] -> half_type, {64, 64, 3, 3}, {576, 9, 3, 1}, target_id=0
@58 = load[offset=0,end=0](@1) -> int8_type, {0}, {1}, target_id=0
@59 = load[offset=0,end=401408](@1) -> half_type, {1, 64, 56, 56}, {200704, 3136, 56, 1}, target_id=0
@60 = gpu::convolution[op={padding={1, 1, 1, 1},stride={1, 1},dilation={1, 1},group=1,padding_mode=0},solution_object={binary_object: 453},algo=0,solution_id=0](@56,@57,@58,@59) -> half_type, {1, 64, 56, 56}, {200704, 3136, 56, 1}, target_id=0
@61 = hip::hip_copy_literal[id=main:@literal:66] -> half_type, {64}, {1}, target_id=0
@62 = hip::hip_copy_literal[id=main:@literal:61] -> half_type, {256, 64, 1, 1}, {64, 1, 1, 1}, target_id=0
@63 = load[offset=4014080,end=4415488](@1) -> half_type, {1, 64, 56, 56}, {200704, 3136, 56, 1}, target_id=0
@64 = broadcast[axis=1,out_lens={1, 64, 56, 56}](@61) -> half_type, {1, 64, 56, 56}, {0, 1, 0, 0}, target_id=0
@65 = gpu::code_object[code_object=3840,symbol_name=add_relu_kernel,global=100352,local=1024,](@60,@64,@63) -> half_type, {1, 64, 56, 56}, {200704, 3136, 56, 1}, target_id=0
@66 = hip::hip_copy_literal[id=main:@literal:62] -> half_type, {256}, {1}, target_id=0
@67 = load[offset=2408448,end=4014080](@1) -> half_type, {1, 256, 56, 56}, {802816, 3136, 56, 1}, target_id=0
@68 = broadcast[axis=1,out_lens={1, 256, 56, 56}](@66) -> half_type, {1, 256, 56, 56}, {0, 1, 0, 0}, target_id=0
@69 = gpu::code_object[code_object=5000,symbol_name=mlir_convolution_add_add_relu,global=50176,local=256,](@68,@51,@65,@62,@67) -> half_type, {1, 256, 56, 56}, {802816, 3136, 56, 1}, target_id=0
@70 = hip::hip_copy_literal[id=main:@literal:65] -> half_type, {128}, {1}, target_id=0
@71 = hip::hip_copy_literal[id=main:@literal:30] -> half_type, {128, 256, 1, 1}, {256, 1, 1, 1}, target_id=0
@72 = load[offset=1003520,end=1806336](@1) -> half_type, {1, 128, 56, 56}, {401408, 3136, 56, 1}, target_id=0
@73 = broadcast[axis=1,out_lens={1, 128, 56, 56}](@70) -> half_type, {1, 128, 56, 56}, {0, 1, 0, 0}, target_id=0
@74 = gpu::code_object[code_object=5080,symbol_name=mlir_convolution_add_relu,global=25088,local=256,](@73,@69,@71,@72) -> half_type, {1, 128, 56, 56}, {401408, 3136, 56, 1}, target_id=0
@75 = hip::hip_copy_literal[id=main:@literal:67] -> half_type, {128, 128, 3, 3}, {1152, 9, 3, 1}, target_id=0
@76 = load[offset=0,end=0](@1) -> int8_type, {0}, {1}, target_id=0
@77 = load[offset=802816,end=1003520](@1) -> half_type, {1, 128, 28, 28}, {100352, 784, 28, 1}, target_id=0
@78 = gpu::convolution[op={padding={1, 1, 1, 1},stride={2, 2},dilation={1, 1},group=1,padding_mode=0},solution_object={binary_object: 457},algo=0,solution_id=0](@74,@75,@76,@77) -> half_type, {1, 128, 28, 28}, {100352, 784, 28, 1}, target_id=0
@79 = hip::hip_copy_literal[id=main:@literal:52] -> half_type, {128}, {1}, target_id=0
@80 = load[offset=0,end=200704](@1) -> half_type, {1, 128, 28, 28}, {100352, 784, 28, 1}, target_id=0
@81 = broadcast[axis=1,out_lens={1, 128, 28, 28}](@79) -> half_type, {1, 128, 28, 28}, {0, 1, 0, 0}, target_id=0
@82 = gpu::code_object[code_object=3832,symbol_name=add_relu_kernel,global=50176,local=1024,](@78,@81,@80) -> half_type, {1, 128, 28, 28}, {100352, 784, 28, 1}, target_id=0
@83 = step[axes={2, 3},steps={2, 2}](@69) -> half_type, {1, 256, 28, 28}, {802816, 3136, 112, 2}, target_id=0
@84 = load[offset=401408,end=1003520](@1) -> half_type, {1, 384, 28, 28}, {301056, 784, 28, 1}, target_id=0
@85 = gpu::code_object[code_object=4040,symbol_name=concat_kernel,global=150528,local=1024,](@82,@83,@84) -> half_type, {1, 384, 28, 28}, {301056, 784, 28, 1}, target_id=0
@86 = hip::hip_copy_literal[id=main:@literal:1] -> half_type, {512, 384, 1, 1}, {384, 1, 1, 1}, target_id=0
@87 = hip::hip_copy_literal[id=main:@literal:46] -> half_type, {512}, {1}, target_id=0
@88 = load[offset=2007040,end=2809856](@1) -> half_type, {1, 512, 28, 28}, {401408, 784, 28, 1}, target_id=0
@89 = broadcast[axis=1,out_lens={1, 512, 28, 28}](@87) -> half_type, {1, 512, 28, 28}, {0, 1, 0, 0}, target_id=0
@90 = gpu::code_object[code_object=5816,symbol_name=mlir_convolution_add_relu,global=26624,local=256,](@89,@85,@86,@88) -> half_type, {1, 512, 28, 28}, {401408, 784, 28, 1}, target_id=0
@91 = hip::hip_copy_literal[id=main:@literal:74] -> half_type, {128}, {1}, target_id=0
@92 = hip::hip_copy_literal[id=main:@literal:49] -> half_type, {128, 512, 1, 1}, {512, 1, 1, 1}, target_id=0
@93 = load[offset=0,end=200704](@1) -> half_type, {1, 128, 28, 28}, {100352, 784, 28, 1}, target_id=0
@94 = broadcast[axis=1,out_lens={1, 128, 28, 28}](@91) -> half_type, {1, 128, 28, 28}, {0, 1, 0, 0}, target_id=0
@95 = gpu::code_object[code_object=4608,symbol_name=mlir_convolution_add_relu,global=25600,local=256,](@94,@90,@92,@93) -> half_type, {1, 128, 28, 28}, {100352, 784, 28, 1}, target_id=0
@96 = hip::hip_copy_literal[id=main:@literal:27] -> half_type, {128, 128, 3, 3}, {1152, 9, 3, 1}, target_id=0
@97 = load[offset=0,end=0](@1) -> int8_type, {0}, {1}, target_id=0
@98 = load[offset=401408,end=602112](@1) -> half_type, {1, 128, 28, 28}, {100352, 784, 28, 1}, target_id=0
@99 = gpu::convolution[op={padding={1, 1, 1, 1},stride={1, 1},dilation={1, 1},group=1,padding_mode=0},solution_object={binary_object: 457},algo=0,solution_id=0](@95,@96,@97,@98) -> half_type, {1, 128, 28, 28}, {100352, 784, 28, 1}, target_id=0
@100 = hip::hip_copy_literal[id=main:@literal:25] -> half_type, {128}, {1}, target_id=0
@101 = broadcast[axis=1,out_lens={1, 128, 28, 28}](@100) -> half_type, {1, 128, 28, 28}, {0, 1, 0, 0}, target_id=0
@102 = load[offset=200704,end=401408](@1) -> half_type, {1, 128, 28, 28}, {100352, 784, 28, 1}, target_id=0
@103 = gpu::code_object[code_object=3832,symbol_name=add_relu_kernel,global=50176,local=1024,](@99,@101,@102) -> half_type, {1, 128, 28, 28}, {100352, 784, 28, 1}, target_id=0
@104 = hip::hip_copy_literal[id=main:@literal:20] -> half_type, {512}, {1}, target_id=0
@105 = hip::hip_copy_literal[id=main:@literal:22] -> half_type, {512, 128, 1, 1}, {128, 1, 1, 1}, target_id=0
@106 = load[offset=1204224,end=2007040](@1) -> half_type, {1, 512, 28, 28}, {401408, 784, 28, 1}, target_id=0
@107 = broadcast[axis=1,out_lens={1, 512, 28, 28}](@104) -> half_type, {1, 512, 28, 28}, {0, 1, 0, 0}, target_id=0
@108 = gpu::code_object[code_object=6432,symbol_name=mlir_convolution_add_add_relu,global=26624,local=256,](@107,@90,@103,@105,@106) -> half_type, {1, 512, 28, 28}, {401408, 784, 28, 1}, target_id=0
@109 = hip::hip_copy_literal[id=main:@literal:69] -> half_type, {128}, {1}, target_id=0
@110 = hip::hip_copy_literal[id=main:@literal:36] -> half_type, {128, 512, 1, 1}, {512, 1, 1, 1}, target_id=0
@111 = load[offset=401408,end=602112](@1) -> half_type, {1, 128, 28, 28}, {100352, 784, 28, 1}, target_id=0
@112 = broadcast[axis=1,out_lens={1, 128, 28, 28}](@109) -> half_type, {1, 128, 28, 28}, {0, 1, 0, 0}, target_id=0
@113 = gpu::code_object[code_object=4608,symbol_name=mlir_convolution_add_relu,global=25600,local=256,](@112,@108,@110,@111) -> half_type, {1, 128, 28, 28}, {100352, 784, 28, 1}, target_id=0
@114 = hip::hip_copy_literal[id=main:@literal:19] -> half_type, {128, 128, 3, 3}, {1152, 9, 3, 1}, target_id=0
@115 = load[offset=0,end=0](@1) -> int8_type, {0}, {1}, target_id=0
@116 = load[offset=200704,end=401408](@1) -> half_type, {1, 128, 28, 28}, {100352, 784, 28, 1}, target_id=0
@117 = gpu::convolution[op={padding={1, 1, 1, 1},stride={1, 1},dilation={1, 1},group=1,padding_mode=0},solution_object={binary_object: 457},algo=0,solution_id=0](@113,@114,@115,@116) -> half_type, {1, 128, 28, 28}, {100352, 784, 28, 1}, target_id=0
@118 = hip::hip_copy_literal[id=main:@literal:13] -> half_type, {128}, {1}, target_id=0
@119 = hip::hip_copy_literal[id=main:@literal:7] -> half_type, {512}, {1}, target_id=0
@120 = hip::hip_copy_literal[id=main:@literal:68] -> half_type, {512, 128, 1, 1}, {128, 1, 1, 1}, target_id=0
@121 = load[offset=0,end=200704](@1) -> half_type, {1, 128, 28, 28}, {100352, 784, 28, 1}, target_id=0
@122 = broadcast[axis=1,out_lens={1, 128, 28, 28}](@118) -> half_type, {1, 128, 28, 28}, {0, 1, 0, 0}, target_id=0
@123 = gpu::code_object[code_object=3832,symbol_name=add_relu_kernel,global=50176,local=1024,](@117,@122,@121) -> half_type, {1, 128, 28, 28}, {100352, 784, 28, 1}, target_id=0
@124 = broadcast[axis=1,out_lens={1, 512, 28, 28}](@119) -> half_type, {1, 512, 28, 28}, {0, 1, 0, 0}, target_id=0
@125 = load[offset=401408,end=1204224](@1) -> half_type, {1, 512, 28, 28}, {401408, 784, 28, 1}, target_id=0
@126 = gpu::code_object[code_object=6432,symbol_name=mlir_convolution_add_add_relu,global=26624,local=256,](@124,@108,@123,@120,@125) -> half_type, {1, 512, 28, 28}, {401408, 784, 28, 1}, target_id=0
@127 = hip::hip_copy_literal[id=main:@literal:55] -> half_type, {128}, {1}, target_id=0
@128 = hip::hip_copy_literal[id=main:@literal:59] -> half_type, {128, 512, 1, 1}, {512, 1, 1, 1}, target_id=0
@129 = load[offset=200704,end=401408](@1) -> half_type, {1, 128, 28, 28}, {100352, 784, 28, 1}, target_id=0
@130 = broadcast[axis=1,out_lens={1, 128, 28, 28}](@127) -> half_type, {1, 128, 28, 28}, {0, 1, 0, 0}, target_id=0
@131 = gpu::code_object[code_object=4608,symbol_name=mlir_convolution_add_relu,global=25600,local=256,](@130,@126,@128,@129) -> half_type, {1, 128, 28, 28}, {100352, 784, 28, 1}, target_id=0
@132 = hip::hip_copy_literal[id=main:@literal:29] -> half_type, {128, 128, 3, 3}, {1152, 9, 3, 1}, target_id=0
@133 = load[offset=0,end=200704](@1) -> half_type, {1, 128, 28, 28}, {100352, 784, 28, 1}, target_id=0
@134 = load[offset=0,end=0](@1) -> int8_type, {0}, {1}, target_id=0
@135 = gpu::convolution[op={padding={1, 1, 1, 1},stride={1, 1},dilation={1, 1},group=1,padding_mode=0},solution_object={binary_object: 457},algo=0,solution_id=0](@131,@132,@134,@133) -> half_type, {1, 128, 28, 28}, {100352, 784, 28, 1}, target_id=0
@136 = hip::hip_copy_literal[id=main:@literal:54] -> half_type, {512, 128, 1, 1}, {128, 1, 1, 1}, target_id=0
@137 = hip::hip_copy_literal[id=main:@literal:17] -> half_type, {512}, {1}, target_id=0
@138 = hip::hip_copy_literal[id=main:@literal:18] -> half_type, {128}, {1}, target_id=0
@139 = broadcast[axis=1,out_lens={1, 128, 28, 28}](@138) -> half_type, {1, 128, 28, 28}, {0, 1, 0, 0}, target_id=0
@140 = load[offset=2007040,end=2207744](@1) -> half_type, {1, 128, 28, 28}, {100352, 784, 28, 1}, target_id=0
@141 = gpu::code_object[code_object=3832,symbol_name=add_relu_kernel,global=50176,local=1024,](@135,@139,@140) -> half_type, {1, 128, 28, 28}, {100352, 784, 28, 1}, target_id=0
@142 = load[offset=1204224,end=2007040](@1) -> half_type, {1, 512, 28, 28}, {401408, 784, 28, 1}, target_id=0
@143 = broadcast[axis=1,out_lens={1, 512, 28, 28}](@137) -> half_type, {1, 512, 28, 28}, {0, 1, 0, 0}, target_id=0
@144 = gpu::code_object[code_object=6432,symbol_name=mlir_convolution_add_add_relu,global=26624,local=256,](@143,@126,@141,@136,@142) -> half_type, {1, 512, 28, 28}, {401408, 784, 28, 1}, target_id=0
@145 = hip::hip_copy_literal[id=main:@literal:72] -> half_type, {256, 512, 1, 1}, {512, 1, 1, 1}, target_id=0
@146 = hip::hip_copy_literal[id=main:@literal:15] -> half_type, {256}, {1}, target_id=0
@147 = load[offset=0,end=401408](@1) -> half_type, {1, 256, 28, 28}, {200704, 784, 28, 1}, target_id=0
@148 = broadcast[axis=1,out_lens={1, 256, 28, 28}](@146) -> half_type, {1, 256, 28, 28}, {0, 1, 0, 0}, target_id=0
@149 = gpu::code_object[code_object=4608,symbol_name=mlir_convolution_add_relu,global=51200,local=256,](@148,@144,@145,@147) -> half_type, {1, 256, 28, 28}, {200704, 784, 28, 1}, target_id=0
@150 = hip::hip_copy_literal[id=main:@literal:12] -> half_type, {256, 256, 3, 3}, {2304, 9, 3, 1}, target_id=0
@151 = load[offset=0,end=0](@1) -> int8_type, {0}, {1}, target_id=0
@152 = load[offset=501760,end=602112](@1) -> half_type, {1, 256, 14, 14}, {50176, 196, 14, 1}, target_id=0
@153 = gpu::convolution[op={padding={1, 1, 1, 1},stride={2, 2},dilation={1, 1},group=1,padding_mode=0},solution_object={binary_object: 458},algo=0,solution_id=0](@149,@150,@151,@152) -> half_type, {1, 256, 14, 14}, {50176, 196, 14, 1}, target_id=0
@154 = hip::hip_copy_literal[id=main:@literal:2] -> half_type, {1024, 768, 1, 1}, {768, 1, 1, 1}, target_id=0
@155 = hip::hip_copy_literal[id=main:@literal:50] -> half_type, {1024}, {1}, target_id=0
@156 = hip::hip_copy_literal[id=main:@literal:24] -> half_type, {256}, {1}, target_id=0
@157 = broadcast[axis=1,out_lens={1, 256, 14, 14}](@156) -> half_type, {1, 256, 14, 14}, {0, 1, 0, 0}, target_id=0
@158 = load[offset=100352,end=200704](@1) -> half_type, {1, 256, 14, 14}, {50176, 196, 14, 1}, target_id=0
@159 = gpu::code_object[code_object=3832,symbol_name=add_relu_kernel,global=25088,local=1024,](@153,@157,@158) -> half_type, {1, 256, 14, 14}, {50176, 196, 14, 1}, target_id=0
@160 = load[offset=602112,end=903168](@1) -> half_type, {1, 768, 14, 14}, {150528, 196, 14, 1}, target_id=0
@161 = step[axes={2, 3},steps={2, 2}](@144) -> half_type, {1, 512, 14, 14}, {401408, 784, 56, 2}, target_id=0
@162 = gpu::code_object[code_object=3808,symbol_name=concat_kernel,global=75264,local=1024,](@159,@161,@160) -> half_type, {1, 768, 14, 14}, {150528, 196, 14, 1}, target_id=0
@163 = load[offset=200704,end=602112](@1) -> half_type, {1, 1024, 14, 14}, {200704, 196, 14, 1}, target_id=0
@164 = broadcast[axis=1,out_lens={1, 1024, 14, 14}](@155) -> half_type, {1, 1024, 14, 14}, {0, 1, 0, 0}, target_id=0
@165 = gpu::code_object[code_object=5832,symbol_name=mlir_convolution_add_relu,global=16384,local=256,](@164,@162,@154,@163) -> half_type, {1, 1024, 14, 14}, {200704, 196, 14, 1}, target_id=0
@166 = hip::hip_copy_literal[id=main:@literal:9] -> half_type, {256}, {1}, target_id=0
@167 = hip::hip_copy_literal[id=main:@literal:11] -> half_type, {256, 1024, 1, 1}, {1024, 1, 1, 1}, target_id=0
@168 = load[offset=100352,end=200704](@1) -> half_type, {1, 256, 14, 14}, {50176, 196, 14, 1}, target_id=0
@169 = broadcast[axis=1,out_lens={1, 256, 14, 14}](@166) -> half_type, {1, 256, 14, 14}, {0, 1, 0, 0}, target_id=0
@170 = gpu::code_object[code_object=4624,symbol_name=mlir_convolution_add_relu,global=14336,local=256,](@169,@165,@167,@168) -> half_type, {1, 256, 14, 14}, {50176, 196, 14, 1}, target_id=0
@171 = hip::hip_copy_literal[id=main:@literal:6] -> half_type, {256, 256, 3, 3}, {2304, 9, 3, 1}, target_id=0
@172 = load[offset=0,end=0](@1) -> int8_type, {0}, {1}, target_id=0
@173 = load[offset=0,end=100352](@1) -> half_type, {1, 256, 14, 14}, {50176, 196, 14, 1}, target_id=0
@174 = gpu::convolution[op={padding={1, 1, 1, 1},stride={1, 1},dilation={1, 1},group=1,padding_mode=0},solution_object={binary_object: 455},algo=0,solution_id=0](@170,@171,@172,@173) -> half_type, {1, 256, 14, 14}, {50176, 196, 14, 1}, target_id=0
@175 = hip::hip_copy_literal[id=main:@literal:63] -> half_type, {1024, 256, 1, 1}, {256, 1, 1, 1}, target_id=0
@176 = hip::hip_copy_literal[id=main:@literal:48] -> half_type, {256}, {1}, target_id=0
@177 = hip::hip_copy_literal[id=main:@literal:34] -> half_type, {1024}, {1}, target_id=0
@178 = broadcast[axis=1,out_lens={1, 256, 14, 14}](@176) -> half_type, {1, 256, 14, 14}, {0, 1, 0, 0}, target_id=0
@179 = load[offset=602112,end=702464](@1) -> half_type, {1, 256, 14, 14}, {50176, 196, 14, 1}, target_id=0
@180 = gpu::code_object[code_object=3832,symbol_name=add_relu_kernel,global=25088,local=1024,](@174,@178,@179) -> half_type, {1, 256, 14, 14}, {50176, 196, 14, 1}, target_id=0
@181 = broadcast[axis=1,out_lens={1, 1024, 14, 14}](@177) -> half_type, {1, 1024, 14, 14}, {0, 1, 0, 0}, target_id=0
@182 = load[offset=1003520,end=1404928](@1) -> half_type, {1, 1024, 14, 14}, {200704, 196, 14, 1}, target_id=0
@183 = gpu::code_object[code_object=5480,symbol_name=mlir_convolution_add_add_relu,global=16384,local=256,](@181,@165,@180,@175,@182) -> half_type, {1, 1024, 14, 14}, {200704, 196, 14, 1}, target_id=0
@184 = hip::hip_copy_literal[id=main:@literal:75] -> half_type, {256}, {1}, target_id=0
@185 = hip::hip_copy_literal[id=main:@literal:4] -> half_type, {256, 1024, 1, 1}, {1024, 1, 1, 1}, target_id=0
@186 = hip::hip_copy_literal[id=main:@literal:23] -> half_type, {256, 256, 3, 3}, {2304, 9, 3, 1}, target_id=0
@187 = load[offset=0,end=100352](@1) -> half_type, {1, 256, 14, 14}, {50176, 196, 14, 1}, target_id=0
@188 = broadcast[axis=1,out_lens={1, 256, 14, 14}](@184) -> half_type, {1, 256, 14, 14}, {0, 1, 0, 0}, target_id=0
@189 = gpu::code_object[code_object=4624,symbol_name=mlir_convolution_add_relu,global=14336,local=256,](@188,@183,@185,@187) -> half_type, {1, 256, 14, 14}, {50176, 196, 14, 1}, target_id=0
@190 = load[offset=1505280,end=2408448](@1) -> int8_type, {903168}, {1}, target_id=0
@191 = load[offset=1404928,end=1505280](@1) -> half_type, {1, 256, 14, 14}, {50176, 196, 14, 1}, target_id=0
@192 = gpu::convolution[op={padding={1, 1, 1, 1},stride={1, 1},dilation={1, 1},group=1,padding_mode=0},solution_object={binary_object: 429},algo=0,solution_id=0](@189,@186,@190,@191) -> half_type, {1, 256, 14, 14}, {50176, 196, 14, 1}, target_id=0
@193 = hip::hip_copy_literal[id=main:@literal:76] -> half_type, {1024, 256, 1, 1}, {256, 1, 1, 1}, target_id=0
@194 = hip::hip_copy_literal[id=main:@literal:21] -> half_type, {256}, {1}, target_id=0
@195 = hip::hip_copy_literal[id=main:@literal:60] -> half_type, {1024}, {1}, target_id=0
@196 = load[offset=0,end=100352](@1) -> half_type, {1, 256, 14, 14}, {50176, 196, 14, 1}, target_id=0
@197 = broadcast[axis=1,out_lens={1, 256, 14, 14}](@194) -> half_type, {1, 256, 14, 14}, {0, 1, 0, 0}, target_id=0
@198 = gpu::code_object[code_object=3832,symbol_name=add_relu_kernel,global=25088,local=1024,](@192,@197,@196) -> half_type, {1, 256, 14, 14}, {50176, 196, 14, 1}, target_id=0
@199 = load[offset=301056,end=702464](@1) -> half_type, {1, 1024, 14, 14}, {200704, 196, 14, 1}, target_id=0
@200 = broadcast[axis=1,out_lens={1, 1024, 14, 14}](@195) -> half_type, {1, 1024, 14, 14}, {0, 1, 0, 0}, target_id=0
@201 = gpu::code_object[code_object=5480,symbol_name=mlir_convolution_add_add_relu,global=16384,local=256,](@200,@183,@198,@193,@199) -> half_type, {1, 1024, 14, 14}, {200704, 196, 14, 1}, target_id=0
@202 = hip::hip_copy_literal[id=main:@literal:78] -> half_type, {256, 256, 3, 3}, {2304, 9, 3, 1}, target_id=0
@203 = hip::hip_copy_literal[id=main:@literal:70] -> half_type, {256}, {1}, target_id=0
@204 = hip::hip_copy_literal[id=main:@literal:37] -> half_type, {256, 1024, 1, 1}, {1024, 1, 1, 1}, target_id=0
@205 = load[offset=200704,end=301056](@1) -> half_type, {1, 256, 14, 14}, {50176, 196, 14, 1}, target_id=0
@206 = broadcast[axis=1,out_lens={1, 256, 14, 14}](@203) -> half_type, {1, 256, 14, 14}, {0, 1, 0, 0}, target_id=0
@207 = gpu::code_object[code_object=4624,symbol_name=mlir_convolution_add_relu,global=14336,local=256,](@206,@201,@204,@205) -> half_type, {1, 256, 14, 14}, {50176, 196, 14, 1}, target_id=0
@208 = load[offset=0,end=0](@1) -> int8_type, {0}, {1}, target_id=0
@209 = load[offset=100352,end=200704](@1) -> half_type, {1, 256, 14, 14}, {50176, 196, 14, 1}, target_id=0
@210 = gpu::convolution[op={padding={1, 1, 1, 1},stride={1, 1},dilation={1, 1},group=1,padding_mode=0},solution_object={binary_object: 455},algo=0,solution_id=0](@207,@202,@208,@209) -> half_type, {1, 256, 14, 14}, {50176, 196, 14, 1}, target_id=0
@211 = hip::hip_copy_literal[id=main:@literal:71] -> half_type, {1024, 256, 1, 1}, {256, 1, 1, 1}, target_id=0
@212 = hip::hip_copy_literal[id=main:@literal:16] -> half_type, {1024}, {1}, target_id=0
@213 = hip::hip_copy_literal[id=main:@literal:44] -> half_type, {256}, {1}, target_id=0
@214 = load[offset=0,end=100352](@1) -> half_type, {1, 256, 14, 14}, {50176, 196, 14, 1}, target_id=0
@215 = broadcast[axis=1,out_lens={1, 256, 14, 14}](@213) -> half_type, {1, 256, 14, 14}, {0, 1, 0, 0}, target_id=0
@216 = gpu::code_object[code_object=3832,symbol_name=add_relu_kernel,global=25088,local=1024,](@210,@215,@214) -> half_type, {1, 256, 14, 14}, {50176, 196, 14, 1}, target_id=0
@217 = broadcast[axis=1,out_lens={1, 1024, 14, 14}](@212) -> half_type, {1, 1024, 14, 14}, {0, 1, 0, 0}, target_id=0
@218 = load[offset=702464,end=1103872](@1) -> half_type, {1, 1024, 14, 14}, {200704, 196, 14, 1}, target_id=0
@219 = gpu::code_object[code_object=5480,symbol_name=mlir_convolution_add_add_relu,global=16384,local=256,](@217,@201,@216,@211,@218) -> half_type, {1, 1024, 14, 14}, {200704, 196, 14, 1}, target_id=0
@220 = hip::hip_copy_literal[id=main:@literal:82] -> half_type, {256, 256, 3, 3}, {2304, 9, 3, 1}, target_id=0
@221 = hip::hip_copy_literal[id=main:@literal:79] -> half_type, {256, 1024, 1, 1}, {1024, 1, 1, 1}, target_id=0
@222 = hip::hip_copy_literal[id=main:@literal:80] -> half_type, {256}, {1}, target_id=0
@223 = broadcast[axis=1,out_lens={1, 256, 14, 14}](@222) -> half_type, {1, 256, 14, 14}, {0, 1, 0, 0}, target_id=0
@224 = load[offset=200704,end=301056](@1) -> half_type, {1, 256, 14, 14}, {50176, 196, 14, 1}, target_id=0
@225 = gpu::code_object[code_object=4624,symbol_name=mlir_convolution_add_relu,global=14336,local=256,](@223,@219,@221,@224) -> half_type, {1, 256, 14, 14}, {50176, 196, 14, 1}, target_id=0
@226 = load[offset=0,end=0](@1) -> int8_type, {0}, {1}, target_id=0
@227 = load[offset=100352,end=200704](@1) -> half_type, {1, 256, 14, 14}, {50176, 196, 14, 1}, target_id=0
@228 = gpu::convolution[op={padding={1, 1, 1, 1},stride={1, 1},dilation={1, 1},group=1,padding_mode=0},solution_object={binary_object: 455},algo=0,solution_id=0](@225,@220,@226,@227) -> half_type, {1, 256, 14, 14}, {50176, 196, 14, 1}, target_id=0
@229 = hip::hip_copy_literal[id=main:@literal:84] -> half_type, {1024, 256, 1, 1}, {256, 1, 1, 1}, target_id=0
@230 = hip::hip_copy_literal[id=main:@literal:85] -> half_type, {1024}, {1}, target_id=0
@231 = hip::hip_copy_literal[id=main:@literal:83] -> half_type, {256}, {1}, target_id=0
@232 = broadcast[axis=1,out_lens={1, 256, 14, 14}](@231) -> half_type, {1, 256, 14, 14}, {0, 1, 0, 0}, target_id=0
@233 = load[offset=0,end=100352](@1) -> half_type, {1, 256, 14, 14}, {50176, 196, 14, 1}, target_id=0
@234 = gpu::code_object[code_object=3832,symbol_name=add_relu_kernel,global=25088,local=1024,](@228,@232,@233) -> half_type, {1, 256, 14, 14}, {50176, 196, 14, 1}, target_id=0
@235 = load[offset=1103872,end=1505280](@1) -> half_type, {1, 1024, 14, 14}, {200704, 196, 14, 1}, target_id=0
@236 = broadcast[axis=1,out_lens={1, 1024, 14, 14}](@230) -> half_type, {1, 1024, 14, 14}, {0, 1, 0, 0}, target_id=0
@237 = gpu::code_object[code_object=5480,symbol_name=mlir_convolution_add_add_relu,global=16384,local=256,](@236,@219,@234,@229,@235) -> half_type, {1, 1024, 14, 14}, {200704, 196, 14, 1}, target_id=0
@238 = hip::hip_copy_literal[id=main:@literal:86] -> half_type, {256, 1024, 1, 1}, {1024, 1, 1, 1}, target_id=0
@239 = hip::hip_copy_literal[id=main:@literal:14] -> half_type, {256, 256, 3, 3}, {2304, 9, 3, 1}, target_id=0
@240 = hip::hip_copy_literal[id=main:@literal:87] -> half_type, {256}, {1}, target_id=0
@241 = load[offset=100352,end=200704](@1) -> half_type, {1, 256, 14, 14}, {50176, 196, 14, 1}, target_id=0
@242 = broadcast[axis=1,out_lens={1, 256, 14, 14}](@240) -> half_type, {1, 256, 14, 14}, {0, 1, 0, 0}, target_id=0
@243 = gpu::code_object[code_object=4624,symbol_name=mlir_convolution_add_relu,global=14336,local=256,](@242,@237,@238,@241) -> half_type, {1, 256, 14, 14}, {50176, 196, 14, 1}, target_id=0
@244 = load[offset=0,end=0](@1) -> int8_type, {0}, {1}, target_id=0
@245 = load[offset=0,end=100352](@1) -> half_type, {1, 256, 14, 14}, {50176, 196, 14, 1}, target_id=0
@246 = gpu::convolution[op={padding={1, 1, 1, 1},stride={1, 1},dilation={1, 1},group=1,padding_mode=0},solution_object={binary_object: 455},algo=0,solution_id=0](@243,@239,@244,@245) -> half_type, {1, 256, 14, 14}, {50176, 196, 14, 1}, target_id=0
@247 = hip::hip_copy_literal[id=main:@literal:73] -> half_type, {256}, {1}, target_id=0
@248 = hip::hip_copy_literal[id=main:@literal:81] -> half_type, {1024, 256, 1, 1}, {256, 1, 1, 1}, target_id=0
@249 = hip::hip_copy_literal[id=main:@literal:88] -> half_type, {1024}, {1}, target_id=0
@250 = broadcast[axis=1,out_lens={1, 256, 14, 14}](@247) -> half_type, {1, 256, 14, 14}, {0, 1, 0, 0}, target_id=0
@251 = load[offset=1505280,end=1605632](@1) -> half_type, {1, 256, 14, 14}, {50176, 196, 14, 1}, target_id=0
@252 = gpu::code_object[code_object=3832,symbol_name=add_relu_kernel,global=25088,local=1024,](@246,@250,@251) -> half_type, {1, 256, 14, 14}, {50176, 196, 14, 1}, target_id=0
@253 = load[offset=0,end=401408](@1) -> half_type, {1, 1024, 14, 14}, {200704, 196, 14, 1}, target_id=0
@254 = broadcast[axis=1,out_lens={1, 1024, 14, 14}](@249) -> half_type, {1, 1024, 14, 14}, {0, 1, 0, 0}, target_id=0
@255 = gpu::code_object[code_object=5480,symbol_name=mlir_convolution_add_add_relu,global=16384,local=256,](@254,@237,@252,@248,@253) -> half_type, {1, 1024, 14, 14}, {200704, 196, 14, 1}, target_id=0
@256 = hip::hip_copy_literal[id=main:@literal:90] -> half_type, {512}, {1}, target_id=0
@257 = hip::hip_copy_literal[id=main:@literal:89] -> half_type, {512, 1024, 1, 1}, {1024, 1, 1, 1}, target_id=0
@258 = hip::hip_copy_literal[id=main:@literal:91] -> half_type, {512, 512, 3, 3}, {4608, 9, 3, 1}, target_id=0
@259 = broadcast[axis=1,out_lens={1, 512, 14, 14}](@256) -> half_type, {1, 512, 14, 14}, {0, 1, 0, 0}, target_id=0
@260 = load[offset=5521408,end=5722112](@1) -> half_type, {1, 512, 14, 14}, {100352, 196, 14, 1}, target_id=0
@261 = gpu::code_object[code_object=4624,symbol_name=mlir_convolution_add_relu,global=28672,local=256,](@259,@255,@257,@260) -> half_type, {1, 512, 14, 14}, {100352, 196, 14, 1}, target_id=0
@262 = load[offset=451584,end=5521408](@1) -> int8_type, {5069824}, {1}, target_id=0
@263 = load[offset=401408,end=451584](@1) -> half_type, {1, 512, 7, 7}, {25088, 49, 7, 1}, target_id=0
@264 = gpu::convolution[op={padding={1, 1, 1, 1},stride={2, 2},dilation={1, 1},group=1,padding_mode=0},solution_object={binary_object: 555},algo=0,solution_id=0](@261,@258,@262,@263) -> half_type, {1, 512, 7, 7}, {25088, 49, 7, 1}, target_id=0
@265 = hip::hip_copy_literal[id=main:@literal:92] -> half_type, {512}, {1}, target_id=0
@266 = hip::hip_copy_literal[id=main:@literal:58] -> half_type, {2048}, {1}, target_id=0
@267 = hip::hip_copy_literal[id=main:@literal:3] -> half_type, {2048, 1536, 1, 1}, {1536, 1, 1, 1}, target_id=0
@268 = broadcast[axis=1,out_lens={1, 512, 7, 7}](@265) -> half_type, {1, 512, 7, 7}, {0, 1, 0, 0}, target_id=0
@269 = load[offset=451584,end=501760](@1) -> half_type, {1, 512, 7, 7}, {25088, 49, 7, 1}, target_id=0
@270 = gpu::code_object[code_object=3824,symbol_name=add_relu_kernel,global=25088,local=1024,](@264,@268,@269) -> half_type, {1, 512, 7, 7}, {25088, 49, 7, 1}, target_id=0
@271 = step[axes={2, 3},steps={2, 2}](@255) -> half_type, {1, 1024, 7, 7}, {200704, 196, 28, 2}, target_id=0
@272 = load[offset=501760,end=652288](@1) -> half_type, {1, 1536, 7, 7}, {75264, 49, 7, 1}, target_id=0
@273 = gpu::code_object[code_object=3816,symbol_name=concat_kernel,global=37632,local=1024,](@270,@271,@272) -> half_type, {1, 1536, 7, 7}, {75264, 49, 7, 1}, target_id=0
@274 = broadcast[axis=1,out_lens={1, 2048, 7, 7}](@266) -> half_type, {1, 2048, 7, 7}, {0, 1, 0, 0}, target_id=0
@275 = load[offset=0,end=200704](@1) -> half_type, {1, 2048, 7, 7}, {100352, 49, 7, 1}, target_id=0
@276 = gpu::code_object[code_object=4576,symbol_name=mlir_convolution_add_relu,global=32768,local=64,](@274,@273,@267,@275) -> half_type, {1, 2048, 7, 7}, {100352, 49, 7, 1}, target_id=0
@277 = hip::hip_copy_literal[id=main:@literal:94] -> half_type, {512, 512, 3, 3}, {4608, 9, 3, 1}, target_id=0
@278 = hip::hip_copy_literal[id=main:@literal:93] -> half_type, {512, 2048, 1, 1}, {2048, 1, 1, 1}, target_id=0
@279 = hip::hip_copy_literal[id=main:@literal:77] -> half_type, {512}, {1}, target_id=0
@280 = load[offset=5170176,end=5220352](@1) -> half_type, {1, 512, 7, 7}, {25088, 49, 7, 1}, target_id=0
@281 = broadcast[axis=1,out_lens={1, 512, 7, 7}](@279) -> half_type, {1, 512, 7, 7}, {0, 1, 0, 0}, target_id=0
@282 = gpu::code_object[code_object=4632,symbol_name=mlir_convolution_add_relu,global=8192,local=256,](@281,@276,@278,@280) -> half_type, {1, 512, 7, 7}, {25088, 49, 7, 1}, target_id=0
@283 = load[offset=250880,end=5170176](@1) -> int8_type, {4919296}, {1}, target_id=0
@284 = load[offset=200704,end=250880](@1) -> half_type, {1, 512, 7, 7}, {25088, 49, 7, 1}, target_id=0
@285 = gpu::convolution[op={padding={1, 1, 1, 1},stride={1, 1},dilation={1, 1},group=1,padding_mode=0},solution_object={binary_object: 552},algo=0,solution_id=0](@282,@277,@283,@284) -> half_type, {1, 512, 7, 7}, {25088, 49, 7, 1}, target_id=0
@286 = hip::hip_copy_literal[id=main:@literal:95] -> half_type, {512}, {1}, target_id=0
@287 = hip::hip_copy_literal[id=main:@literal:47] -> half_type, {2048, 512, 1, 1}, {512, 1, 1, 1}, target_id=0
@288 = hip::hip_copy_literal[id=main:@literal:96] -> half_type, {2048}, {1}, target_id=0
@289 = broadcast[axis=1,out_lens={1, 512, 7, 7}](@286) -> half_type, {1, 512, 7, 7}, {0, 1, 0, 0}, target_id=0
@290 = load[offset=250880,end=301056](@1) -> half_type, {1, 512, 7, 7}, {25088, 49, 7, 1}, target_id=0
@291 = gpu::code_object[code_object=3824,symbol_name=add_relu_kernel,global=25088,local=1024,](@285,@289,@290) -> half_type, {1, 512, 7, 7}, {25088, 49, 7, 1}, target_id=0
@292 = broadcast[axis=1,out_lens={1, 2048, 7, 7}](@288) -> half_type, {1, 2048, 7, 7}, {0, 1, 0, 0}, target_id=0
@293 = load[offset=501760,end=702464](@1) -> half_type, {1, 2048, 7, 7}, {100352, 49, 7, 1}, target_id=0
@294 = gpu::code_object[code_object=4664,symbol_name=mlir_convolution_add_add_relu,global=32768,local=64,](@292,@276,@291,@287,@293) -> half_type, {1, 2048, 7, 7}, {100352, 49, 7, 1}, target_id=0
@295 = hip::hip_copy_literal[id=main:@literal:98] -> half_type, {512, 512, 3, 3}, {4608, 9, 3, 1}, target_id=0
@296 = hip::hip_copy_literal[id=main:@literal:8] -> half_type, {512}, {1}, target_id=0
@297 = hip::hip_copy_literal[id=main:@literal:97] -> half_type, {512, 2048, 1, 1}, {2048, 1, 1, 1}, target_id=0
@298 = broadcast[axis=1,out_lens={1, 512, 7, 7}](@296) -> half_type, {1, 512, 7, 7}, {0, 1, 0, 0}, target_id=0
@299 = load[offset=0,end=50176](@1) -> half_type, {1, 512, 7, 7}, {25088, 49, 7, 1}, target_id=0
@300 = gpu::code_object[code_object=4632,symbol_name=mlir_convolution_add_relu,global=8192,local=256,](@298,@294,@297,@299) -> half_type, {1, 512, 7, 7}, {25088, 49, 7, 1}, target_id=0
@301 = load[offset=752640,end=1204224](@1) -> int8_type, {451584}, {1}, target_id=0
@302 = load[offset=702464,end=752640](@1) -> half_type, {1, 512, 7, 7}, {25088, 49, 7, 1}, target_id=0
@303 = gpu::convolution[op={padding={1, 1, 1, 1},stride={1, 1},dilation={1, 1},group=1,padding_mode=0},solution_object={binary_object: 427},algo=0,solution_id=0](@300,@295,@301,@302) -> half_type, {1, 512, 7, 7}, {25088, 49, 7, 1}, target_id=0
@304 = hip::hip_copy_literal[id=main:@literal:42] -> half_type, {512}, {1}, target_id=0
@305 = hip::hip_copy_literal[id=main:@literal:40] -> half_type, {2048, 512, 1, 1}, {512, 1, 1, 1}, target_id=0
@306 = load[offset=0,end=50176](@1) -> half_type, {1, 512, 7, 7}, {25088, 49, 7, 1}, target_id=0
@307 = broadcast[axis=1,out_lens={1, 512, 7, 7}](@304) -> half_type, {1, 512, 7, 7}, {0, 1, 0, 0}, target_id=0
@308 = gpu::code_object[code_object=3824,symbol_name=add_relu_kernel,global=25088,local=1024,](@303,@307,@306) -> half_type, {1, 512, 7, 7}, {25088, 49, 7, 1}, target_id=0
@309 = load[offset=0,end=0](@1) -> int8_type, {0}, {1}, target_id=0
@310 = load[offset=702464,end=903168](@1) -> half_type, {1, 2048, 7, 7}, {100352, 49, 7, 1}, target_id=0
@311 = gpu::convolution[op={padding={0, 0, 0, 0},stride={1, 1},dilation={1, 1},group=1,padding_mode=0},solution_object={binary_object: 455},algo=0,solution_id=0](@308,@305,@309,@310) -> half_type, {1, 2048, 7, 7}, {100352, 49, 7, 1}, target_id=0
@312 = hip::hip_copy_literal[id=main:@literal:0] -> half_type, {1, 1001}, {1001, 1}, target_id=0
@313 = hip::hip_copy_literal[id=main:@literal:99] -> half_type, {2048, 1001}, {1001, 1}, target_id=0
@314 = hip::hip_copy_literal[id=main:@literal:33] -> half_type, {2048}, {1}, target_id=0
@315 = broadcast[axis=1,out_lens={1, 2048, 7, 7}](@314) -> half_type, {1, 2048, 7, 7}, {0, 1, 0, 0}, target_id=0
@316 = load[offset=4024,end=8120](@1) -> half_type, {1, 2048, 1, 1}, {2048, 1, 1, 1}, target_id=0
@317 = gpu::code_object[code_object=4024,symbol_name=add_add_relu_reduce_mean_kernel,global=131072,local=64,](@311,@315,@294,@316) -> half_type, {1, 2048, 1, 1}, {2048, 1, 1, 1}, target_id=0
@318 = squeeze[axes={2, 3}](@317) -> half_type, {1, 2048}, {2048, 1}, target_id=0
@319 = load[offset=8,end=2010](@1) -> half_type, {1, 1001}, {1001, 1}, target_id=0
@320 = gpu::gemm[alpha=1,beta=1,compute_fp32=1,trans_batch=0,solution_idx=0](@318,@313,@312,@319) -> half_type, {1, 1001}, {1001, 1}, target_id=0
@321 = load[offset=4024,end=4032](@1) -> int64_type, {1, 1}, {1, 1}, target_id=0
@322 = gpu::argmax[axis=1,select_last_index=0](@320,@321) -> int64_type, {1, 1}, {1, 1}, target_id=0
@323 = load[offset=2016,end=4018](@1) -> half_type, {1, 1001}, {1001, 1}, target_id=0
@324 = gpu::code_object[code_object=4728,symbol_name=softmax_kernel,global=256,local=256,](@320,@323) -> half_type, {1, 1001}, {1001, 1}, target_id=0
main:#output_1 = @param:main:#output_1 -> float_type, {1, 1001}, {1001, 1}, target_id=0
@326 = gpu::code_object[code_object=3504,symbol_name=convert_kernel,global=1001,local=1024,](@324,main:#output_1) -> float_type, {1, 1001}, {1001, 1}, target_id=0
@327 = reshape_lazy[dims={1}](@322) -> int64_type, {1}, {1}, target_id=0
main:#output_0 = @param:main:#output_0 -> int64_type, {1}, {1}, target_id=0
@329 = gpu::code_object[code_object=3680,symbol_name=convert_convert_kernel,global=1,local=1024,](@327,main:#output_0) -> int64_type, {1}, {1}, target_id=0
@330 = @return(@329,@326), target_id=0


Allocating params ... 
Running performance report ... 
@0 = check_context::migraphx::gpu::context -> float_type, {}, {}, target_id=0: 0.00118248ms, 1%
@1 = hip::hip_allocate_memory[shape=int8_type, {5722112}, {1},id=main:scratch] -> int8_type, {5722112}, {1}, target_id=0: 0.00100038ms, 1%
@2 = hip::hip_copy_literal[id=main:@literal:57] -> half_type, {64, 3, 7, 7}, {147, 49, 7, 1}, target_id=0: 0.00077998ms, 1%
input_tensor:0 = @param:input_tensor:0 -> float_type, {1, 3, 224, 224}, {150528, 50176, 224, 1}, target_id=0: 0.00039736ms, 1%
@4 = load[offset=1605632,end=1906688](@1) -> half_type, {1, 3, 224, 224}, {150528, 50176, 224, 1}, target_id=0: 0.00075478ms, 1%
@5 = gpu::code_object[code_object=3512,symbol_name=convert_kernel,global=75264,local=1024,](input_tensor:0,@4) -> half_type, {1, 3, 224, 224}, {150528, 50176, 224, 1}, target_id=0: 0.019411ms, 1%
@6 = hip::hip_copy_literal[id=main:@literal:51] -> half_type, {64}, {1}, target_id=0: 0.00092914ms, 1%
@7 = broadcast[axis=1,out_lens={1, 64, 112, 112}](@6) -> half_type, {1, 64, 112, 112}, {0, 1, 0, 0}, target_id=0: 0.0010609ms, 1%
@8 = load[offset=0,end=1605632](@1) -> half_type, {1, 64, 112, 112}, {802816, 12544, 112, 1}, target_id=0: 0.00067032ms, 1%
@9 = gpu::code_object[code_object=6240,symbol_name=mlir_convolution_add_relu,global=50176,local=256,](@7,@5,@2,@8) -> half_type, {1, 64, 112, 112}, {802816, 12544, 112, 1}, target_id=0: 0.0303509ms, 2%
@10 = load[offset=1906688,end=3541120](@1) -> half_type, {1, 64, 113, 113}, {817216, 12769, 113, 1}, target_id=0: 0.00081364ms, 1%
@11 = gpu::code_object[code_object=3744,symbol_name=pad_kernel,global=307200,local=1024,](@9,@10) -> half_type, {1, 64, 113, 113}, {817216, 12769, 113, 1}, target_id=0: 0.0216381ms, 1%
@12 = load[offset=1204224,end=1605632](@1) -> half_type, {1, 64, 56, 56}, {200704, 3136, 56, 1}, target_id=0: 0.00080514ms, 1%
@13 = gpu::pooling[mode=max,padding={0, 0, 0, 0},padding_mode=0,stride={2, 2},lengths={3, 3},dilations={1, 1},ceil_mode=0,lp_order=2,dyn_global=0](@11,@12) -> half_type, {1, 64, 56, 56}, {200704, 3136, 56, 1}, target_id=0: 0.0620704ms, 3%
@14 = hip::hip_copy_literal[id=main:@literal:35] -> half_type, {64, 64, 1, 1}, {64, 1, 1, 1}, target_id=0: 0.0008794ms, 1%
@15 = hip::hip_copy_literal[id=main:@literal:43] -> half_type, {64}, {1}, target_id=0: 0.00076206ms, 1%
@16 = load[offset=802816,end=1204224](@1) -> half_type, {1, 64, 56, 56}, {200704, 3136, 56, 1}, target_id=0: 0.00072814ms, 1%
@17 = broadcast[axis=1,out_lens={1, 64, 56, 56}](@15) -> half_type, {1, 64, 56, 56}, {0, 1, 0, 0}, target_id=0: 0.00094994ms, 1%
@18 = gpu::code_object[code_object=4680,symbol_name=mlir_convolution_add_relu,global=12544,local=256,](@17,@13,@14,@16) -> half_type, {1, 64, 56, 56}, {200704, 3136, 56, 1}, target_id=0: 0.0220625ms, 1%
@19 = hip::hip_copy_literal[id=main:@literal:41] -> half_type, {64, 64, 3, 3}, {576, 9, 3, 1}, target_id=0: 0.00076806ms, 1%
@20 = load[offset=0,end=0](@1) -> int8_type, {0}, {1}, target_id=0: 0.00070104ms, 1%
@21 = load[offset=401408,end=802816](@1) -> half_type, {1, 64, 56, 56}, {200704, 3136, 56, 1}, target_id=0: 0.00064156ms, 1%
@22 = gpu::convolution[op={padding={1, 1, 1, 1},stride={1, 1},dilation={1, 1},group=1,padding_mode=0},solution_object={binary_object: 453},algo=0,solution_id=0](@18,@19,@20,@21) -> half_type, {1, 64, 56, 56}, {200704, 3136, 56, 1}, target_id=0: 0.0423818ms, 2%
@23 = hip::hip_copy_literal[id=main:@literal:10] -> half_type, {64}, {1}, target_id=0: 0.00084418ms, 1%
@24 = hip::hip_copy_literal[id=main:@literal:64] -> half_type, {256}, {1}, target_id=0: 0.00061246ms, 1%
@25 = hip::hip_copy_literal[id=main:@literal:26] -> half_type, {256, 128, 1, 1}, {128, 1, 1, 1}, target_id=0: 0.00076684ms, 1%
@26 = broadcast[axis=1,out_lens={1, 64, 56, 56}](@23) -> half_type, {1, 64, 56, 56}, {0, 1, 0, 0}, target_id=0: 0.00093144ms, 1%
@27 = load[offset=0,end=401408](@1) -> half_type, {1, 64, 56, 56}, {200704, 3136, 56, 1}, target_id=0: 0.00067782ms, 1%
@28 = gpu::code_object[code_object=3840,symbol_name=add_relu_kernel,global=100352,local=1024,](@22,@26,@27) -> half_type, {1, 64, 56, 56}, {200704, 3136, 56, 1}, target_id=0: 0.0182043ms, 1%
@29 = load[offset=1605632,end=2408448](@1) -> half_type, {1, 128, 56, 56}, {401408, 3136, 56, 1}, target_id=0: 0.00080294ms, 1%
@30 = gpu::code_object[code_object=3800,symbol_name=concat_kernel,global=100352,local=1024,](@28,@13,@29) -> half_type, {1, 128, 56, 56}, {401408, 3136, 56, 1}, target_id=0: 0.0173826ms, 1%
@31 = broadcast[axis=1,out_lens={1, 256, 56, 56}](@24) -> half_type, {1, 256, 56, 56}, {0, 1, 0, 0}, target_id=0: 0.00100708ms, 1%
@32 = load[offset=2408448,end=4014080](@1) -> half_type, {1, 256, 56, 56}, {802816, 3136, 56, 1}, target_id=0: 0.00066748ms, 1%
@33 = gpu::code_object[code_object=5552,symbol_name=mlir_convolution_add_relu,global=50176,local=256,](@31,@30,@25,@32) -> half_type, {1, 256, 56, 56}, {802816, 3136, 56, 1}, target_id=0: 0.0238853ms, 1%
@34 = hip::hip_copy_literal[id=main:@literal:45] -> half_type, {64, 256, 1, 1}, {256, 1, 1, 1}, target_id=0: 0.00076272ms, 1%
@35 = hip::hip_copy_literal[id=main:@literal:38] -> half_type, {64}, {1}, target_id=0: 0.00060678ms, 1%
@36 = broadcast[axis=1,out_lens={1, 64, 56, 56}](@35) -> half_type, {1, 64, 56, 56}, {0, 1, 0, 0}, target_id=0: 0.00089132ms, 1%
@37 = load[offset=802816,end=1204224](@1) -> half_type, {1, 64, 56, 56}, {200704, 3136, 56, 1}, target_id=0: 0.00065872ms, 1%
@38 = gpu::code_object[code_object=5328,symbol_name=mlir_convolution_add_relu,global=50176,local=256,](@36,@33,@34,@37) -> half_type, {1, 64, 56, 56}, {200704, 3136, 56, 1}, target_id=0: 0.0224047ms, 1%
@39 = hip::hip_copy_literal[id=main:@literal:39] -> half_type, {64, 64, 3, 3}, {576, 9, 3, 1}, target_id=0: 0.0007365ms, 1%
@40 = load[offset=0,end=0](@1) -> int8_type, {0}, {1}, target_id=0: 0.00067882ms, 1%
@41 = load[offset=401408,end=802816](@1) -> half_type, {1, 64, 56, 56}, {200704, 3136, 56, 1}, target_id=0: 0.0006519ms, 1%
@42 = gpu::convolution[op={padding={1, 1, 1, 1},stride={1, 1},dilation={1, 1},group=1,padding_mode=0},solution_object={binary_object: 453},algo=0,solution_id=0](@38,@39,@40,@41) -> half_type, {1, 64, 56, 56}, {200704, 3136, 56, 1}, target_id=0: 0.0377794ms, 2%
@43 = hip::hip_copy_literal[id=main:@literal:32] -> half_type, {256}, {1}, target_id=0: 0.00082814ms, 1%
@44 = hip::hip_copy_literal[id=main:@literal:31] -> half_type, {64}, {1}, target_id=0: 0.0006199ms, 1%
@45 = hip::hip_copy_literal[id=main:@literal:28] -> half_type, {256, 64, 1, 1}, {64, 1, 1, 1}, target_id=0: 0.00070128ms, 1%
@46 = broadcast[axis=1,out_lens={1, 64, 56, 56}](@44) -> half_type, {1, 64, 56, 56}, {0, 1, 0, 0}, target_id=0: 0.00093558ms, 1%
@47 = load[offset=0,end=401408](@1) -> half_type, {1, 64, 56, 56}, {200704, 3136, 56, 1}, target_id=0: 0.00066984ms, 1%
@48 = gpu::code_object[code_object=3840,symbol_name=add_relu_kernel,global=100352,local=1024,](@42,@46,@47) -> half_type, {1, 64, 56, 56}, {200704, 3136, 56, 1}, target_id=0: 0.0179835ms, 1%
@49 = broadcast[axis=1,out_lens={1, 256, 56, 56}](@43) -> half_type, {1, 256, 56, 56}, {0, 1, 0, 0}, target_id=0: 0.00099392ms, 1%
@50 = load[offset=802816,end=2408448](@1) -> half_type, {1, 256, 56, 56}, {802816, 3136, 56, 1}, target_id=0: 0.00065496ms, 1%
@51 = gpu::code_object[code_object=5000,symbol_name=mlir_convolution_add_add_relu,global=50176,local=256,](@49,@33,@48,@45,@50) -> half_type, {1, 256, 56, 56}, {802816, 3136, 56, 1}, target_id=0: 0.0237431ms, 1%
@52 = hip::hip_copy_literal[id=main:@literal:56] -> half_type, {64}, {1}, target_id=0: 0.00077688ms, 1%
@53 = hip::hip_copy_literal[id=main:@literal:53] -> half_type, {64, 256, 1, 1}, {256, 1, 1, 1}, target_id=0: 0.00072902ms, 1%
@54 = broadcast[axis=1,out_lens={1, 64, 56, 56}](@52) -> half_type, {1, 64, 56, 56}, {0, 1, 0, 0}, target_id=0: 0.00092644ms, 1%
@55 = load[offset=401408,end=802816](@1) -> half_type, {1, 64, 56, 56}, {200704, 3136, 56, 1}, target_id=0: 0.0006526ms, 1%
@56 = gpu::code_object[code_object=5328,symbol_name=mlir_convolution_add_relu,global=50176,local=256,](@54,@51,@53,@55) -> half_type, {1, 64, 56, 56}, {200704, 3136, 56, 1}, target_id=0: 0.0231859ms, 1%
@57 = hip::hip_copy_literal[id=main:@literal:5] -> half_type, {64, 64, 3, 3}, {576, 9, 3, 1}, target_id=0: 0.00074448ms, 1%
@58 = load[offset=0,end=0](@1) -> int8_type, {0}, {1}, target_id=0: 0.00070228ms, 1%
@59 = load[offset=0,end=401408](@1) -> half_type, {1, 64, 56, 56}, {200704, 3136, 56, 1}, target_id=0: 0.000628ms, 1%
@60 = gpu::convolution[op={padding={1, 1, 1, 1},stride={1, 1},dilation={1, 1},group=1,padding_mode=0},solution_object={binary_object: 453},algo=0,solution_id=0](@56,@57,@58,@59) -> half_type, {1, 64, 56, 56}, {200704, 3136, 56, 1}, target_id=0: 0.0381555ms, 2%
@61 = hip::hip_copy_literal[id=main:@literal:66] -> half_type, {64}, {1}, target_id=0: 0.00084426ms, 1%
@62 = hip::hip_copy_literal[id=main:@literal:61] -> half_type, {256, 64, 1, 1}, {64, 1, 1, 1}, target_id=0: 0.00062738ms, 1%
@63 = load[offset=4014080,end=4415488](@1) -> half_type, {1, 64, 56, 56}, {200704, 3136, 56, 1}, target_id=0: 0.00069854ms, 1%
@64 = broadcast[axis=1,out_lens={1, 64, 56, 56}](@61) -> half_type, {1, 64, 56, 56}, {0, 1, 0, 0}, target_id=0: 0.00090082ms, 1%
@65 = gpu::code_object[code_object=3840,symbol_name=add_relu_kernel,global=100352,local=1024,](@60,@64,@63) -> half_type, {1, 64, 56, 56}, {200704, 3136, 56, 1}, target_id=0: 0.0178366ms, 1%
@66 = hip::hip_copy_literal[id=main:@literal:62] -> half_type, {256}, {1}, target_id=0: 0.00078294ms, 1%
@67 = load[offset=2408448,end=4014080](@1) -> half_type, {1, 256, 56, 56}, {802816, 3136, 56, 1}, target_id=0: 0.0006789ms, 1%
@68 = broadcast[axis=1,out_lens={1, 256, 56, 56}](@66) -> half_type, {1, 256, 56, 56}, {0, 1, 0, 0}, target_id=0: 0.00083034ms, 1%
@69 = gpu::code_object[code_object=5000,symbol_name=mlir_convolution_add_add_relu,global=50176,local=256,](@68,@51,@65,@62,@67) -> half_type, {1, 256, 56, 56}, {802816, 3136, 56, 1}, target_id=0: 0.0241592ms, 1%
@70 = hip::hip_copy_literal[id=main:@literal:65] -> half_type, {128}, {1}, target_id=0: 0.00076562ms, 1%
@71 = hip::hip_copy_literal[id=main:@literal:30] -> half_type, {128, 256, 1, 1}, {256, 1, 1, 1}, target_id=0: 0.00069332ms, 1%
@72 = load[offset=1003520,end=1806336](@1) -> half_type, {1, 128, 56, 56}, {401408, 3136, 56, 1}, target_id=0: 0.00068206ms, 1%
@73 = broadcast[axis=1,out_lens={1, 128, 56, 56}](@70) -> half_type, {1, 128, 56, 56}, {0, 1, 0, 0}, target_id=0: 0.00086156ms, 1%
@74 = gpu::code_object[code_object=5080,symbol_name=mlir_convolution_add_relu,global=25088,local=256,](@73,@69,@71,@72) -> half_type, {1, 128, 56, 56}, {401408, 3136, 56, 1}, target_id=0: 0.0255063ms, 1%
@75 = hip::hip_copy_literal[id=main:@literal:67] -> half_type, {128, 128, 3, 3}, {1152, 9, 3, 1}, target_id=0: 0.00076108ms, 1%
@76 = load[offset=0,end=0](@1) -> int8_type, {0}, {1}, target_id=0: 0.00068662ms, 1%
@77 = load[offset=802816,end=1003520](@1) -> half_type, {1, 128, 28, 28}, {100352, 784, 28, 1}, target_id=0: 0.0005854ms, 1%
@78 = gpu::convolution[op={padding={1, 1, 1, 1},stride={2, 2},dilation={1, 1},group=1,padding_mode=0},solution_object={binary_object: 457},algo=0,solution_id=0](@74,@75,@76,@77) -> half_type, {1, 128, 28, 28}, {100352, 784, 28, 1}, target_id=0: 0.0474991ms, 2%
@79 = hip::hip_copy_literal[id=main:@literal:52] -> half_type, {128}, {1}, target_id=0: 0.0008435ms, 1%
@80 = load[offset=0,end=200704](@1) -> half_type, {1, 128, 28, 28}, {100352, 784, 28, 1}, target_id=0: 0.00068764ms, 1%
@81 = broadcast[axis=1,out_lens={1, 128, 28, 28}](@79) -> half_type, {1, 128, 28, 28}, {0, 1, 0, 0}, target_id=0: 0.00090704ms, 1%
@82 = gpu::code_object[code_object=3832,symbol_name=add_relu_kernel,global=50176,local=1024,](@78,@81,@80) -> half_type, {1, 128, 28, 28}, {100352, 784, 28, 1}, target_id=0: 0.0180437ms, 1%
@83 = step[axes={2, 3},steps={2, 2}](@69) -> half_type, {1, 256, 28, 28}, {802816, 3136, 112, 2}, target_id=0: 0.0014538ms, 1%
@84 = load[offset=401408,end=1003520](@1) -> half_type, {1, 384, 28, 28}, {301056, 784, 28, 1}, target_id=0: 0.00067726ms, 1%
@85 = gpu::code_object[code_object=4040,symbol_name=concat_kernel,global=150528,local=1024,](@82,@83,@84) -> half_type, {1, 384, 28, 28}, {301056, 784, 28, 1}, target_id=0: 0.0186867ms, 1%
@86 = hip::hip_copy_literal[id=main:@literal:1] -> half_type, {512, 384, 1, 1}, {384, 1, 1, 1}, target_id=0: 0.00078714ms, 1%
@87 = hip::hip_copy_literal[id=main:@literal:46] -> half_type, {512}, {1}, target_id=0: 0.00074308ms, 1%
@88 = load[offset=2007040,end=2809856](@1) -> half_type, {1, 512, 28, 28}, {401408, 784, 28, 1}, target_id=0: 0.0006674ms, 1%
@89 = broadcast[axis=1,out_lens={1, 512, 28, 28}](@87) -> half_type, {1, 512, 28, 28}, {0, 1, 0, 0}, target_id=0: 0.0008613ms, 1%
@90 = gpu::code_object[code_object=5816,symbol_name=mlir_convolution_add_relu,global=26624,local=256,](@89,@85,@86,@88) -> half_type, {1, 512, 28, 28}, {401408, 784, 28, 1}, target_id=0: 0.0281452ms, 2%
@91 = hip::hip_copy_literal[id=main:@literal:74] -> half_type, {128}, {1}, target_id=0: 0.00077942ms, 1%
@92 = hip::hip_copy_literal[id=main:@literal:49] -> half_type, {128, 512, 1, 1}, {512, 1, 1, 1}, target_id=0: 0.00063228ms, 1%
@93 = load[offset=0,end=200704](@1) -> half_type, {1, 128, 28, 28}, {100352, 784, 28, 1}, target_id=0: 0.00066404ms, 1%
@94 = broadcast[axis=1,out_lens={1, 128, 28, 28}](@91) -> half_type, {1, 128, 28, 28}, {0, 1, 0, 0}, target_id=0: 0.00085424ms, 1%
@95 = gpu::code_object[code_object=4608,symbol_name=mlir_convolution_add_relu,global=25600,local=256,](@94,@90,@92,@93) -> half_type, {1, 128, 28, 28}, {100352, 784, 28, 1}, target_id=0: 0.0250973ms, 1%
@96 = hip::hip_copy_literal[id=main:@literal:27] -> half_type, {128, 128, 3, 3}, {1152, 9, 3, 1}, target_id=0: 0.0007717ms, 1%
@97 = load[offset=0,end=0](@1) -> int8_type, {0}, {1}, target_id=0: 0.0007117ms, 1%
@98 = load[offset=401408,end=602112](@1) -> half_type, {1, 128, 28, 28}, {100352, 784, 28, 1}, target_id=0: 0.00061268ms, 1%
@99 = gpu::convolution[op={padding={1, 1, 1, 1},stride={1, 1},dilation={1, 1},group=1,padding_mode=0},solution_object={binary_object: 457},algo=0,solution_id=0](@95,@96,@97,@98) -> half_type, {1, 128, 28, 28}, {100352, 784, 28, 1}, target_id=0: 0.0467321ms, 2%
@100 = hip::hip_copy_literal[id=main:@literal:25] -> half_type, {128}, {1}, target_id=0: 0.00082602ms, 1%
@101 = broadcast[axis=1,out_lens={1, 128, 28, 28}](@100) -> half_type, {1, 128, 28, 28}, {0, 1, 0, 0}, target_id=0: 0.00093992ms, 1%
@102 = load[offset=200704,end=401408](@1) -> half_type, {1, 128, 28, 28}, {100352, 784, 28, 1}, target_id=0: 0.00070628ms, 1%
@103 = gpu::code_object[code_object=3832,symbol_name=add_relu_kernel,global=50176,local=1024,](@99,@101,@102) -> half_type, {1, 128, 28, 28}, {100352, 784, 28, 1}, target_id=0: 0.0175084ms, 1%
@104 = hip::hip_copy_literal[id=main:@literal:20] -> half_type, {512}, {1}, target_id=0: 0.00080246ms, 1%
@105 = hip::hip_copy_literal[id=main:@literal:22] -> half_type, {512, 128, 1, 1}, {128, 1, 1, 1}, target_id=0: 0.00064352ms, 1%
@106 = load[offset=1204224,end=2007040](@1) -> half_type, {1, 512, 28, 28}, {401408, 784, 28, 1}, target_id=0: 0.00067648ms, 1%
@107 = broadcast[axis=1,out_lens={1, 512, 28, 28}](@104) -> half_type, {1, 512, 28, 28}, {0, 1, 0, 0}, target_id=0: 0.000827ms, 1%
@108 = gpu::code_object[code_object=6432,symbol_name=mlir_convolution_add_add_relu,global=26624,local=256,](@107,@90,@103,@105,@106) -> half_type, {1, 512, 28, 28}, {401408, 784, 28, 1}, target_id=0: 0.0251923ms, 1%
@109 = hip::hip_copy_literal[id=main:@literal:69] -> half_type, {128}, {1}, target_id=0: 0.00074952ms, 1%
@110 = hip::hip_copy_literal[id=main:@literal:36] -> half_type, {128, 512, 1, 1}, {512, 1, 1, 1}, target_id=0: 0.00069028ms, 1%
@111 = load[offset=401408,end=602112](@1) -> half_type, {1, 128, 28, 28}, {100352, 784, 28, 1}, target_id=0: 0.00068382ms, 1%
@112 = broadcast[axis=1,out_lens={1, 128, 28, 28}](@109) -> half_type, {1, 128, 28, 28}, {0, 1, 0, 0}, target_id=0: 0.00087498ms, 1%
@113 = gpu::code_object[code_object=4608,symbol_name=mlir_convolution_add_relu,global=25600,local=256,](@112,@108,@110,@111) -> half_type, {1, 128, 28, 28}, {100352, 784, 28, 1}, target_id=0: 0.0245089ms, 1%
@114 = hip::hip_copy_literal[id=main:@literal:19] -> half_type, {128, 128, 3, 3}, {1152, 9, 3, 1}, target_id=0: 0.00076242ms, 1%
@115 = load[offset=0,end=0](@1) -> int8_type, {0}, {1}, target_id=0: 0.00068268ms, 1%
@116 = load[offset=200704,end=401408](@1) -> half_type, {1, 128, 28, 28}, {100352, 784, 28, 1}, target_id=0: 0.00061004ms, 1%
@117 = gpu::convolution[op={padding={1, 1, 1, 1},stride={1, 1},dilation={1, 1},group=1,padding_mode=0},solution_object={binary_object: 457},algo=0,solution_id=0](@113,@114,@115,@116) -> half_type, {1, 128, 28, 28}, {100352, 784, 28, 1}, target_id=0: 0.0439793ms, 2%
@118 = hip::hip_copy_literal[id=main:@literal:13] -> half_type, {128}, {1}, target_id=0: 0.00086052ms, 1%
@119 = hip::hip_copy_literal[id=main:@literal:7] -> half_type, {512}, {1}, target_id=0: 0.00057858ms, 1%
@120 = hip::hip_copy_literal[id=main:@literal:68] -> half_type, {512, 128, 1, 1}, {128, 1, 1, 1}, target_id=0: 0.00072262ms, 1%
@121 = load[offset=0,end=200704](@1) -> half_type, {1, 128, 28, 28}, {100352, 784, 28, 1}, target_id=0: 0.0006975ms, 1%
@122 = broadcast[axis=1,out_lens={1, 128, 28, 28}](@118) -> half_type, {1, 128, 28, 28}, {0, 1, 0, 0}, target_id=0: 0.00090238ms, 1%
@123 = gpu::code_object[code_object=3832,symbol_name=add_relu_kernel,global=50176,local=1024,](@117,@122,@121) -> half_type, {1, 128, 28, 28}, {100352, 784, 28, 1}, target_id=0: 0.0173996ms, 1%
@124 = broadcast[axis=1,out_lens={1, 512, 28, 28}](@119) -> half_type, {1, 512, 28, 28}, {0, 1, 0, 0}, target_id=0: 0.00094256ms, 1%
@125 = load[offset=401408,end=1204224](@1) -> half_type, {1, 512, 28, 28}, {401408, 784, 28, 1}, target_id=0: 0.00066368ms, 1%
@126 = gpu::code_object[code_object=6432,symbol_name=mlir_convolution_add_add_relu,global=26624,local=256,](@124,@108,@123,@120,@125) -> half_type, {1, 512, 28, 28}, {401408, 784, 28, 1}, target_id=0: 0.0246633ms, 1%
@127 = hip::hip_copy_literal[id=main:@literal:55] -> half_type, {128}, {1}, target_id=0: 0.00078846ms, 1%
@128 = hip::hip_copy_literal[id=main:@literal:59] -> half_type, {128, 512, 1, 1}, {512, 1, 1, 1}, target_id=0: 0.00063158ms, 1%
@129 = load[offset=200704,end=401408](@1) -> half_type, {1, 128, 28, 28}, {100352, 784, 28, 1}, target_id=0: 0.00067118ms, 1%
@130 = broadcast[axis=1,out_lens={1, 128, 28, 28}](@127) -> half_type, {1, 128, 28, 28}, {0, 1, 0, 0}, target_id=0: 0.00086166ms, 1%
@131 = gpu::code_object[code_object=4608,symbol_name=mlir_convolution_add_relu,global=25600,local=256,](@130,@126,@128,@129) -> half_type, {1, 128, 28, 28}, {100352, 784, 28, 1}, target_id=0: 0.0251002ms, 1%
@132 = hip::hip_copy_literal[id=main:@literal:29] -> half_type, {128, 128, 3, 3}, {1152, 9, 3, 1}, target_id=0: 0.0007498ms, 1%
@133 = load[offset=0,end=200704](@1) -> half_type, {1, 128, 28, 28}, {100352, 784, 28, 1}, target_id=0: 0.00070018ms, 1%
@134 = load[offset=0,end=0](@1) -> int8_type, {0}, {1}, target_id=0: 0.0006505ms, 1%
@135 = gpu::convolution[op={padding={1, 1, 1, 1},stride={1, 1},dilation={1, 1},group=1,padding_mode=0},solution_object={binary_object: 457},algo=0,solution_id=0](@131,@132,@134,@133) -> half_type, {1, 128, 28, 28}, {100352, 784, 28, 1}, target_id=0: 0.0439443ms, 2%
@136 = hip::hip_copy_literal[id=main:@literal:54] -> half_type, {512, 128, 1, 1}, {128, 1, 1, 1}, target_id=0: 0.00083412ms, 1%
@137 = hip::hip_copy_literal[id=main:@literal:17] -> half_type, {512}, {1}, target_id=0: 0.00058744ms, 1%
@138 = hip::hip_copy_literal[id=main:@literal:18] -> half_type, {128}, {1}, target_id=0: 0.00081226ms, 1%
@139 = broadcast[axis=1,out_lens={1, 128, 28, 28}](@138) -> half_type, {1, 128, 28, 28}, {0, 1, 0, 0}, target_id=0: 0.0008943ms, 1%
@140 = load[offset=2007040,end=2207744](@1) -> half_type, {1, 128, 28, 28}, {100352, 784, 28, 1}, target_id=0: 0.00068542ms, 1%
@141 = gpu::code_object[code_object=3832,symbol_name=add_relu_kernel,global=50176,local=1024,](@135,@139,@140) -> half_type, {1, 128, 28, 28}, {100352, 784, 28, 1}, target_id=0: 0.0173165ms, 1%
@142 = load[offset=1204224,end=2007040](@1) -> half_type, {1, 512, 28, 28}, {401408, 784, 28, 1}, target_id=0: 0.00083406ms, 1%
@143 = broadcast[axis=1,out_lens={1, 512, 28, 28}](@137) -> half_type, {1, 512, 28, 28}, {0, 1, 0, 0}, target_id=0: 0.00080424ms, 1%
@144 = gpu::code_object[code_object=6432,symbol_name=mlir_convolution_add_add_relu,global=26624,local=256,](@143,@126,@141,@136,@142) -> half_type, {1, 512, 28, 28}, {401408, 784, 28, 1}, target_id=0: 0.0251213ms, 1%
@145 = hip::hip_copy_literal[id=main:@literal:72] -> half_type, {256, 512, 1, 1}, {512, 1, 1, 1}, target_id=0: 0.000768ms, 1%
@146 = hip::hip_copy_literal[id=main:@literal:15] -> half_type, {256}, {1}, target_id=0: 0.00063726ms, 1%
@147 = load[offset=0,end=401408](@1) -> half_type, {1, 256, 28, 28}, {200704, 784, 28, 1}, target_id=0: 0.00067346ms, 1%
@148 = broadcast[axis=1,out_lens={1, 256, 28, 28}](@146) -> half_type, {1, 256, 28, 28}, {0, 1, 0, 0}, target_id=0: 0.00081086ms, 1%
@149 = gpu::code_object[code_object=4608,symbol_name=mlir_convolution_add_relu,global=51200,local=256,](@148,@144,@145,@147) -> half_type, {1, 256, 28, 28}, {200704, 784, 28, 1}, target_id=0: 0.0258202ms, 1%
@150 = hip::hip_copy_literal[id=main:@literal:12] -> half_type, {256, 256, 3, 3}, {2304, 9, 3, 1}, target_id=0: 0.00080772ms, 1%
@151 = load[offset=0,end=0](@1) -> int8_type, {0}, {1}, target_id=0: 0.00070564ms, 1%
@152 = load[offset=501760,end=602112](@1) -> half_type, {1, 256, 14, 14}, {50176, 196, 14, 1}, target_id=0: 0.00063406ms, 1%
@153 = gpu::convolution[op={padding={1, 1, 1, 1},stride={2, 2},dilation={1, 1},group=1,padding_mode=0},solution_object={binary_object: 458},algo=0,solution_id=0](@149,@150,@151,@152) -> half_type, {1, 256, 14, 14}, {50176, 196, 14, 1}, target_id=0: 0.063867ms, 3%
@154 = hip::hip_copy_literal[id=main:@literal:2] -> half_type, {1024, 768, 1, 1}, {768, 1, 1, 1}, target_id=0: 0.00083256ms, 1%
@155 = hip::hip_copy_literal[id=main:@literal:50] -> half_type, {1024}, {1}, target_id=0: 0.00063438ms, 1%
@156 = hip::hip_copy_literal[id=main:@literal:24] -> half_type, {256}, {1}, target_id=0: 0.00073406ms, 1%
@157 = broadcast[axis=1,out_lens={1, 256, 14, 14}](@156) -> half_type, {1, 256, 14, 14}, {0, 1, 0, 0}, target_id=0: 0.00091636ms, 1%
@158 = load[offset=100352,end=200704](@1) -> half_type, {1, 256, 14, 14}, {50176, 196, 14, 1}, target_id=0: 0.00068212ms, 1%
@159 = gpu::code_object[code_object=3832,symbol_name=add_relu_kernel,global=25088,local=1024,](@153,@157,@158) -> half_type, {1, 256, 14, 14}, {50176, 196, 14, 1}, target_id=0: 0.017057ms, 1%
@160 = load[offset=602112,end=903168](@1) -> half_type, {1, 768, 14, 14}, {150528, 196, 14, 1}, target_id=0: 0.00082576ms, 1%
@161 = step[axes={2, 3},steps={2, 2}](@144) -> half_type, {1, 512, 14, 14}, {401408, 784, 56, 2}, target_id=0: 0.00103888ms, 1%
@162 = gpu::code_object[code_object=3808,symbol_name=concat_kernel,global=75264,local=1024,](@159,@161,@160) -> half_type, {1, 768, 14, 14}, {150528, 196, 14, 1}, target_id=0: 0.017884ms, 1%
@163 = load[offset=200704,end=602112](@1) -> half_type, {1, 1024, 14, 14}, {200704, 196, 14, 1}, target_id=0: 0.00080022ms, 1%
@164 = broadcast[axis=1,out_lens={1, 1024, 14, 14}](@155) -> half_type, {1, 1024, 14, 14}, {0, 1, 0, 0}, target_id=0: 0.00084294ms, 1%
@165 = gpu::code_object[code_object=5832,symbol_name=mlir_convolution_add_relu,global=16384,local=256,](@164,@162,@154,@163) -> half_type, {1, 1024, 14, 14}, {200704, 196, 14, 1}, target_id=0: 0.0334558ms, 2%
@166 = hip::hip_copy_literal[id=main:@literal:9] -> half_type, {256}, {1}, target_id=0: 0.00074866ms, 1%
@167 = hip::hip_copy_literal[id=main:@literal:11] -> half_type, {256, 1024, 1, 1}, {1024, 1, 1, 1}, target_id=0: 0.00059122ms, 1%
@168 = load[offset=100352,end=200704](@1) -> half_type, {1, 256, 14, 14}, {50176, 196, 14, 1}, target_id=0: 0.000695ms, 1%
@169 = broadcast[axis=1,out_lens={1, 256, 14, 14}](@166) -> half_type, {1, 256, 14, 14}, {0, 1, 0, 0}, target_id=0: 0.00083808ms, 1%
@170 = gpu::code_object[code_object=4624,symbol_name=mlir_convolution_add_relu,global=14336,local=256,](@169,@165,@167,@168) -> half_type, {1, 256, 14, 14}, {50176, 196, 14, 1}, target_id=0: 0.0301704ms, 2%
@171 = hip::hip_copy_literal[id=main:@literal:6] -> half_type, {256, 256, 3, 3}, {2304, 9, 3, 1}, target_id=0: 0.00074572ms, 1%
@172 = load[offset=0,end=0](@1) -> int8_type, {0}, {1}, target_id=0: 0.0006845ms, 1%
@173 = load[offset=0,end=100352](@1) -> half_type, {1, 256, 14, 14}, {50176, 196, 14, 1}, target_id=0: 0.00064828ms, 1%
@174 = gpu::convolution[op={padding={1, 1, 1, 1},stride={1, 1},dilation={1, 1},group=1,padding_mode=0},solution_object={binary_object: 455},algo=0,solution_id=0](@170,@171,@172,@173) -> half_type, {1, 256, 14, 14}, {50176, 196, 14, 1}, target_id=0: 0.0617417ms, 3%
@175 = hip::hip_copy_literal[id=main:@literal:63] -> half_type, {1024, 256, 1, 1}, {256, 1, 1, 1}, target_id=0: 0.00089814ms, 1%
@176 = hip::hip_copy_literal[id=main:@literal:48] -> half_type, {256}, {1}, target_id=0: 0.0005833ms, 1%
@177 = hip::hip_copy_literal[id=main:@literal:34] -> half_type, {1024}, {1}, target_id=0: 0.00075988ms, 1%
@178 = broadcast[axis=1,out_lens={1, 256, 14, 14}](@176) -> half_type, {1, 256, 14, 14}, {0, 1, 0, 0}, target_id=0: 0.00091284ms, 1%
@179 = load[offset=602112,end=702464](@1) -> half_type, {1, 256, 14, 14}, {50176, 196, 14, 1}, target_id=0: 0.0006459ms, 1%
@180 = gpu::code_object[code_object=3832,symbol_name=add_relu_kernel,global=25088,local=1024,](@174,@178,@179) -> half_type, {1, 256, 14, 14}, {50176, 196, 14, 1}, target_id=0: 0.0171176ms, 1%
@181 = broadcast[axis=1,out_lens={1, 1024, 14, 14}](@177) -> half_type, {1, 1024, 14, 14}, {0, 1, 0, 0}, target_id=0: 0.00093646ms, 1%
@182 = load[offset=1003520,end=1404928](@1) -> half_type, {1, 1024, 14, 14}, {200704, 196, 14, 1}, target_id=0: 0.00069446ms, 1%
@183 = gpu::code_object[code_object=5480,symbol_name=mlir_convolution_add_add_relu,global=16384,local=256,](@181,@165,@180,@175,@182) -> half_type, {1, 1024, 14, 14}, {200704, 196, 14, 1}, target_id=0: 0.0266367ms, 2%
@184 = hip::hip_copy_literal[id=main:@literal:75] -> half_type, {256}, {1}, target_id=0: 0.00073076ms, 1%
@185 = hip::hip_copy_literal[id=main:@literal:4] -> half_type, {256, 1024, 1, 1}, {1024, 1, 1, 1}, target_id=0: 0.0005957ms, 1%
@186 = hip::hip_copy_literal[id=main:@literal:23] -> half_type, {256, 256, 3, 3}, {2304, 9, 3, 1}, target_id=0: 0.0007191ms, 1%
@187 = load[offset=0,end=100352](@1) -> half_type, {1, 256, 14, 14}, {50176, 196, 14, 1}, target_id=0: 0.0006681ms, 1%
@188 = broadcast[axis=1,out_lens={1, 256, 14, 14}](@184) -> half_type, {1, 256, 14, 14}, {0, 1, 0, 0}, target_id=0: 0.00080488ms, 1%
@189 = gpu::code_object[code_object=4624,symbol_name=mlir_convolution_add_relu,global=14336,local=256,](@188,@183,@185,@187) -> half_type, {1, 256, 14, 14}, {50176, 196, 14, 1}, target_id=0: 0.0301059ms, 2%
@190 = load[offset=1505280,end=2408448](@1) -> int8_type, {903168}, {1}, target_id=0: 0.00080572ms, 1%
@191 = load[offset=1404928,end=1505280](@1) -> half_type, {1, 256, 14, 14}, {50176, 196, 14, 1}, target_id=0: 0.0006139ms, 1%
@192 = gpu::convolution[op={padding={1, 1, 1, 1},stride={1, 1},dilation={1, 1},group=1,padding_mode=0},solution_object={binary_object: 429},algo=0,solution_id=0](@189,@186,@190,@191) -> half_type, {1, 256, 14, 14}, {50176, 196, 14, 1}, target_id=0: 0.0737256ms, 3%
@193 = hip::hip_copy_literal[id=main:@literal:76] -> half_type, {1024, 256, 1, 1}, {256, 1, 1, 1}, target_id=0: 0.00103808ms, 1%
@194 = hip::hip_copy_literal[id=main:@literal:21] -> half_type, {256}, {1}, target_id=0: 0.00065034ms, 1%
@195 = hip::hip_copy_literal[id=main:@literal:60] -> half_type, {1024}, {1}, target_id=0: 0.0007278ms, 1%
@196 = load[offset=0,end=100352](@1) -> half_type, {1, 256, 14, 14}, {50176, 196, 14, 1}, target_id=0: 0.00087486ms, 1%
@197 = broadcast[axis=1,out_lens={1, 256, 14, 14}](@194) -> half_type, {1, 256, 14, 14}, {0, 1, 0, 0}, target_id=0: 0.00103658ms, 1%
@198 = gpu::code_object[code_object=3832,symbol_name=add_relu_kernel,global=25088,local=1024,](@192,@197,@196) -> half_type, {1, 256, 14, 14}, {50176, 196, 14, 1}, target_id=0: 0.0174147ms, 1%
@199 = load[offset=301056,end=702464](@1) -> half_type, {1, 1024, 14, 14}, {200704, 196, 14, 1}, target_id=0: 0.00085658ms, 1%
@200 = broadcast[axis=1,out_lens={1, 1024, 14, 14}](@195) -> half_type, {1, 1024, 14, 14}, {0, 1, 0, 0}, target_id=0: 0.00081722ms, 1%
@201 = gpu::code_object[code_object=5480,symbol_name=mlir_convolution_add_add_relu,global=16384,local=256,](@200,@183,@198,@193,@199) -> half_type, {1, 1024, 14, 14}, {200704, 196, 14, 1}, target_id=0: 0.0273364ms, 2%
@202 = hip::hip_copy_literal[id=main:@literal:78] -> half_type, {256, 256, 3, 3}, {2304, 9, 3, 1}, target_id=0: 0.00078686ms, 1%
@203 = hip::hip_copy_literal[id=main:@literal:70] -> half_type, {256}, {1}, target_id=0: 0.00063368ms, 1%
@204 = hip::hip_copy_literal[id=main:@literal:37] -> half_type, {256, 1024, 1, 1}, {1024, 1, 1, 1}, target_id=0: 0.00083424ms, 1%
@205 = load[offset=200704,end=301056](@1) -> half_type, {1, 256, 14, 14}, {50176, 196, 14, 1}, target_id=0: 0.00068232ms, 1%
@206 = broadcast[axis=1,out_lens={1, 256, 14, 14}](@203) -> half_type, {1, 256, 14, 14}, {0, 1, 0, 0}, target_id=0: 0.00085216ms, 1%
@207 = gpu::code_object[code_object=4624,symbol_name=mlir_convolution_add_relu,global=14336,local=256,](@206,@201,@204,@205) -> half_type, {1, 256, 14, 14}, {50176, 196, 14, 1}, target_id=0: 0.0304136ms, 2%
@208 = load[offset=0,end=0](@1) -> int8_type, {0}, {1}, target_id=0: 0.0008301ms, 1%
@209 = load[offset=100352,end=200704](@1) -> half_type, {1, 256, 14, 14}, {50176, 196, 14, 1}, target_id=0: 0.00061084ms, 1%
@210 = gpu::convolution[op={padding={1, 1, 1, 1},stride={1, 1},dilation={1, 1},group=1,padding_mode=0},solution_object={binary_object: 455},algo=0,solution_id=0](@207,@202,@208,@209) -> half_type, {1, 256, 14, 14}, {50176, 196, 14, 1}, target_id=0: 0.0602308ms, 3%
@211 = hip::hip_copy_literal[id=main:@literal:71] -> half_type, {1024, 256, 1, 1}, {256, 1, 1, 1}, target_id=0: 0.00087208ms, 1%
@212 = hip::hip_copy_literal[id=main:@literal:16] -> half_type, {1024}, {1}, target_id=0: 0.00061282ms, 1%
@213 = hip::hip_copy_literal[id=main:@literal:44] -> half_type, {256}, {1}, target_id=0: 0.00075952ms, 1%
@214 = load[offset=0,end=100352](@1) -> half_type, {1, 256, 14, 14}, {50176, 196, 14, 1}, target_id=0: 0.0007252ms, 1%
@215 = broadcast[axis=1,out_lens={1, 256, 14, 14}](@213) -> half_type, {1, 256, 14, 14}, {0, 1, 0, 0}, target_id=0: 0.00091138ms, 1%
@216 = gpu::code_object[code_object=3832,symbol_name=add_relu_kernel,global=25088,local=1024,](@210,@215,@214) -> half_type, {1, 256, 14, 14}, {50176, 196, 14, 1}, target_id=0: 0.0169189ms, 1%
@217 = broadcast[axis=1,out_lens={1, 1024, 14, 14}](@212) -> half_type, {1, 1024, 14, 14}, {0, 1, 0, 0}, target_id=0: 0.0009359ms, 1%
@218 = load[offset=702464,end=1103872](@1) -> half_type, {1, 1024, 14, 14}, {200704, 196, 14, 1}, target_id=0: 0.00067432ms, 1%
@219 = gpu::code_object[code_object=5480,symbol_name=mlir_convolution_add_add_relu,global=16384,local=256,](@217,@201,@216,@211,@218) -> half_type, {1, 1024, 14, 14}, {200704, 196, 14, 1}, target_id=0: 0.0274324ms, 2%
@220 = hip::hip_copy_literal[id=main:@literal:82] -> half_type, {256, 256, 3, 3}, {2304, 9, 3, 1}, target_id=0: 0.00078174ms, 1%
@221 = hip::hip_copy_literal[id=main:@literal:79] -> half_type, {256, 1024, 1, 1}, {1024, 1, 1, 1}, target_id=0: 0.0006284ms, 1%
@222 = hip::hip_copy_literal[id=main:@literal:80] -> half_type, {256}, {1}, target_id=0: 0.00072232ms, 1%
@223 = broadcast[axis=1,out_lens={1, 256, 14, 14}](@222) -> half_type, {1, 256, 14, 14}, {0, 1, 0, 0}, target_id=0: 0.00084388ms, 1%
@224 = load[offset=200704,end=301056](@1) -> half_type, {1, 256, 14, 14}, {50176, 196, 14, 1}, target_id=0: 0.00068048ms, 1%
@225 = gpu::code_object[code_object=4624,symbol_name=mlir_convolution_add_relu,global=14336,local=256,](@223,@219,@221,@224) -> half_type, {1, 256, 14, 14}, {50176, 196, 14, 1}, target_id=0: 0.0302002ms, 2%
@226 = load[offset=0,end=0](@1) -> int8_type, {0}, {1}, target_id=0: 0.0008242ms, 1%
@227 = load[offset=100352,end=200704](@1) -> half_type, {1, 256, 14, 14}, {50176, 196, 14, 1}, target_id=0: 0.000642ms, 1%
@228 = gpu::convolution[op={padding={1, 1, 1, 1},stride={1, 1},dilation={1, 1},group=1,padding_mode=0},solution_object={binary_object: 455},algo=0,solution_id=0](@225,@220,@226,@227) -> half_type, {1, 256, 14, 14}, {50176, 196, 14, 1}, target_id=0: 0.0569305ms, 3%
@229 = hip::hip_copy_literal[id=main:@literal:84] -> half_type, {1024, 256, 1, 1}, {256, 1, 1, 1}, target_id=0: 0.00085414ms, 1%
@230 = hip::hip_copy_literal[id=main:@literal:85] -> half_type, {1024}, {1}, target_id=0: 0.00057032ms, 1%
@231 = hip::hip_copy_literal[id=main:@literal:83] -> half_type, {256}, {1}, target_id=0: 0.0007027ms, 1%
@232 = broadcast[axis=1,out_lens={1, 256, 14, 14}](@231) -> half_type, {1, 256, 14, 14}, {0, 1, 0, 0}, target_id=0: 0.00091448ms, 1%
@233 = load[offset=0,end=100352](@1) -> half_type, {1, 256, 14, 14}, {50176, 196, 14, 1}, target_id=0: 0.00066698ms, 1%
@234 = gpu::code_object[code_object=3832,symbol_name=add_relu_kernel,global=25088,local=1024,](@228,@232,@233) -> half_type, {1, 256, 14, 14}, {50176, 196, 14, 1}, target_id=0: 0.0168781ms, 1%
@235 = load[offset=1103872,end=1505280](@1) -> half_type, {1, 1024, 14, 14}, {200704, 196, 14, 1}, target_id=0: 0.00079856ms, 1%
@236 = broadcast[axis=1,out_lens={1, 1024, 14, 14}](@230) -> half_type, {1, 1024, 14, 14}, {0, 1, 0, 0}, target_id=0: 0.00077372ms, 1%
@237 = gpu::code_object[code_object=5480,symbol_name=mlir_convolution_add_add_relu,global=16384,local=256,](@236,@219,@234,@229,@235) -> half_type, {1, 1024, 14, 14}, {200704, 196, 14, 1}, target_id=0: 0.0274438ms, 2%
@238 = hip::hip_copy_literal[id=main:@literal:86] -> half_type, {256, 1024, 1, 1}, {1024, 1, 1, 1}, target_id=0: 0.00077472ms, 1%
@239 = hip::hip_copy_literal[id=main:@literal:14] -> half_type, {256, 256, 3, 3}, {2304, 9, 3, 1}, target_id=0: 0.0006142ms, 1%
@240 = hip::hip_copy_literal[id=main:@literal:87] -> half_type, {256}, {1}, target_id=0: 0.00073326ms, 1%
@241 = load[offset=100352,end=200704](@1) -> half_type, {1, 256, 14, 14}, {50176, 196, 14, 1}, target_id=0: 0.00067914ms, 1%
@242 = broadcast[axis=1,out_lens={1, 256, 14, 14}](@240) -> half_type, {1, 256, 14, 14}, {0, 1, 0, 0}, target_id=0: 0.00078664ms, 1%
@243 = gpu::code_object[code_object=4624,symbol_name=mlir_convolution_add_relu,global=14336,local=256,](@242,@237,@238,@241) -> half_type, {1, 256, 14, 14}, {50176, 196, 14, 1}, target_id=0: 0.0301039ms, 2%
@244 = load[offset=0,end=0](@1) -> int8_type, {0}, {1}, target_id=0: 0.00081744ms, 1%
@245 = load[offset=0,end=100352](@1) -> half_type, {1, 256, 14, 14}, {50176, 196, 14, 1}, target_id=0: 0.00064242ms, 1%
@246 = gpu::convolution[op={padding={1, 1, 1, 1},stride={1, 1},dilation={1, 1},group=1,padding_mode=0},solution_object={binary_object: 455},algo=0,solution_id=0](@243,@239,@244,@245) -> half_type, {1, 256, 14, 14}, {50176, 196, 14, 1}, target_id=0: 0.0560413ms, 3%
@247 = hip::hip_copy_literal[id=main:@literal:73] -> half_type, {256}, {1}, target_id=0: 0.00086738ms, 1%
@248 = hip::hip_copy_literal[id=main:@literal:81] -> half_type, {1024, 256, 1, 1}, {256, 1, 1, 1}, target_id=0: 0.0006022ms, 1%
@249 = hip::hip_copy_literal[id=main:@literal:88] -> half_type, {1024}, {1}, target_id=0: 0.00076418ms, 1%
@250 = broadcast[axis=1,out_lens={1, 256, 14, 14}](@247) -> half_type, {1, 256, 14, 14}, {0, 1, 0, 0}, target_id=0: 0.00091032ms, 1%
@251 = load[offset=1505280,end=1605632](@1) -> half_type, {1, 256, 14, 14}, {50176, 196, 14, 1}, target_id=0: 0.00068238ms, 1%
@252 = gpu::code_object[code_object=3832,symbol_name=add_relu_kernel,global=25088,local=1024,](@246,@250,@251) -> half_type, {1, 256, 14, 14}, {50176, 196, 14, 1}, target_id=0: 0.0169217ms, 1%
@253 = load[offset=0,end=401408](@1) -> half_type, {1, 1024, 14, 14}, {200704, 196, 14, 1}, target_id=0: 0.00081942ms, 1%
@254 = broadcast[axis=1,out_lens={1, 1024, 14, 14}](@249) -> half_type, {1, 1024, 14, 14}, {0, 1, 0, 0}, target_id=0: 0.00079062ms, 1%
@255 = gpu::code_object[code_object=5480,symbol_name=mlir_convolution_add_add_relu,global=16384,local=256,](@254,@237,@252,@248,@253) -> half_type, {1, 1024, 14, 14}, {200704, 196, 14, 1}, target_id=0: 0.0266175ms, 2%
@256 = hip::hip_copy_literal[id=main:@literal:90] -> half_type, {512}, {1}, target_id=0: 0.00080652ms, 1%
@257 = hip::hip_copy_literal[id=main:@literal:89] -> half_type, {512, 1024, 1, 1}, {1024, 1, 1, 1}, target_id=0: 0.00061562ms, 1%
@258 = hip::hip_copy_literal[id=main:@literal:91] -> half_type, {512, 512, 3, 3}, {4608, 9, 3, 1}, target_id=0: 0.00071438ms, 1%
@259 = broadcast[axis=1,out_lens={1, 512, 14, 14}](@256) -> half_type, {1, 512, 14, 14}, {0, 1, 0, 0}, target_id=0: 0.00079646ms, 1%
@260 = load[offset=5521408,end=5722112](@1) -> half_type, {1, 512, 14, 14}, {100352, 196, 14, 1}, target_id=0: 0.00067756ms, 1%
@261 = gpu::code_object[code_object=4624,symbol_name=mlir_convolution_add_relu,global=28672,local=256,](@259,@255,@257,@260) -> half_type, {1, 512, 14, 14}, {100352, 196, 14, 1}, target_id=0: 0.032274ms, 2%
@262 = load[offset=451584,end=5521408](@1) -> int8_type, {5069824}, {1}, target_id=0: 0.00080142ms, 1%
@263 = load[offset=401408,end=451584](@1) -> half_type, {1, 512, 7, 7}, {25088, 49, 7, 1}, target_id=0: 0.0006325ms, 1%
@264 = gpu::convolution[op={padding={1, 1, 1, 1},stride={2, 2},dilation={1, 1},group=1,padding_mode=0},solution_object={binary_object: 555},algo=0,solution_id=0](@261,@258,@262,@263) -> half_type, {1, 512, 7, 7}, {25088, 49, 7, 1}, target_id=0: 0.0694618ms, 3%
@265 = hip::hip_copy_literal[id=main:@literal:92] -> half_type, {512}, {1}, target_id=0: 0.00089496ms, 1%
@266 = hip::hip_copy_literal[id=main:@literal:58] -> half_type, {2048}, {1}, target_id=0: 0.00059148ms, 1%
@267 = hip::hip_copy_literal[id=main:@literal:3] -> half_type, {2048, 1536, 1, 1}, {1536, 1, 1, 1}, target_id=0: 0.00063466ms, 1%
@268 = broadcast[axis=1,out_lens={1, 512, 7, 7}](@265) -> half_type, {1, 512, 7, 7}, {0, 1, 0, 0}, target_id=0: 0.00097912ms, 1%
@269 = load[offset=451584,end=501760](@1) -> half_type, {1, 512, 7, 7}, {25088, 49, 7, 1}, target_id=0: 0.00071288ms, 1%
@270 = gpu::code_object[code_object=3824,symbol_name=add_relu_kernel,global=25088,local=1024,](@264,@268,@269) -> half_type, {1, 512, 7, 7}, {25088, 49, 7, 1}, target_id=0: 0.0170112ms, 1%
@271 = step[axes={2, 3},steps={2, 2}](@255) -> half_type, {1, 1024, 7, 7}, {200704, 196, 28, 2}, target_id=0: 0.00130072ms, 1%
@272 = load[offset=501760,end=652288](@1) -> half_type, {1, 1536, 7, 7}, {75264, 49, 7, 1}, target_id=0: 0.00069252ms, 1%
@273 = gpu::code_object[code_object=3816,symbol_name=concat_kernel,global=37632,local=1024,](@270,@271,@272) -> half_type, {1, 1536, 7, 7}, {75264, 49, 7, 1}, target_id=0: 0.0177239ms, 1%
@274 = broadcast[axis=1,out_lens={1, 2048, 7, 7}](@266) -> half_type, {1, 2048, 7, 7}, {0, 1, 0, 0}, target_id=0: 0.0009583ms, 1%
@275 = load[offset=0,end=200704](@1) -> half_type, {1, 2048, 7, 7}, {100352, 49, 7, 1}, target_id=0: 0.00069872ms, 1%
@276 = gpu::code_object[code_object=4576,symbol_name=mlir_convolution_add_relu,global=32768,local=64,](@274,@273,@267,@275) -> half_type, {1, 2048, 7, 7}, {100352, 49, 7, 1}, target_id=0: 0.0504965ms, 2%
@277 = hip::hip_copy_literal[id=main:@literal:94] -> half_type, {512, 512, 3, 3}, {4608, 9, 3, 1}, target_id=0: 0.00077084ms, 1%
@278 = hip::hip_copy_literal[id=main:@literal:93] -> half_type, {512, 2048, 1, 1}, {2048, 1, 1, 1}, target_id=0: 0.00064532ms, 1%
@279 = hip::hip_copy_literal[id=main:@literal:77] -> half_type, {512}, {1}, target_id=0: 0.00063634ms, 1%
@280 = load[offset=5170176,end=5220352](@1) -> half_type, {1, 512, 7, 7}, {25088, 49, 7, 1}, target_id=0: 0.00065892ms, 1%
@281 = broadcast[axis=1,out_lens={1, 512, 7, 7}](@279) -> half_type, {1, 512, 7, 7}, {0, 1, 0, 0}, target_id=0: 0.00084866ms, 1%
@282 = gpu::code_object[code_object=4632,symbol_name=mlir_convolution_add_relu,global=8192,local=256,](@281,@276,@278,@280) -> half_type, {1, 512, 7, 7}, {25088, 49, 7, 1}, target_id=0: 0.0504485ms, 2%
@283 = load[offset=250880,end=5170176](@1) -> int8_type, {4919296}, {1}, target_id=0: 0.00081076ms, 1%
@284 = load[offset=200704,end=250880](@1) -> half_type, {1, 512, 7, 7}, {25088, 49, 7, 1}, target_id=0: 0.00063136ms, 1%
@285 = gpu::convolution[op={padding={1, 1, 1, 1},stride={1, 1},dilation={1, 1},group=1,padding_mode=0},solution_object={binary_object: 552},algo=0,solution_id=0](@282,@277,@283,@284) -> half_type, {1, 512, 7, 7}, {25088, 49, 7, 1}, target_id=0: 0.0675368ms, 3%
@286 = hip::hip_copy_literal[id=main:@literal:95] -> half_type, {512}, {1}, target_id=0: 0.00091156ms, 1%
@287 = hip::hip_copy_literal[id=main:@literal:47] -> half_type, {2048, 512, 1, 1}, {512, 1, 1, 1}, target_id=0: 0.00060864ms, 1%
@288 = hip::hip_copy_literal[id=main:@literal:96] -> half_type, {2048}, {1}, target_id=0: 0.00072258ms, 1%
@289 = broadcast[axis=1,out_lens={1, 512, 7, 7}](@286) -> half_type, {1, 512, 7, 7}, {0, 1, 0, 0}, target_id=0: 0.00093506ms, 1%
@290 = load[offset=250880,end=301056](@1) -> half_type, {1, 512, 7, 7}, {25088, 49, 7, 1}, target_id=0: 0.0007057ms, 1%
@291 = gpu::code_object[code_object=3824,symbol_name=add_relu_kernel,global=25088,local=1024,](@285,@289,@290) -> half_type, {1, 512, 7, 7}, {25088, 49, 7, 1}, target_id=0: 0.0172716ms, 1%
@292 = broadcast[axis=1,out_lens={1, 2048, 7, 7}](@288) -> half_type, {1, 2048, 7, 7}, {0, 1, 0, 0}, target_id=0: 0.00093802ms, 1%
@293 = load[offset=501760,end=702464](@1) -> half_type, {1, 2048, 7, 7}, {100352, 49, 7, 1}, target_id=0: 0.000663ms, 1%
@294 = gpu::code_object[code_object=4664,symbol_name=mlir_convolution_add_add_relu,global=32768,local=64,](@292,@276,@291,@287,@293) -> half_type, {1, 2048, 7, 7}, {100352, 49, 7, 1}, target_id=0: 0.0308389ms, 2%
@295 = hip::hip_copy_literal[id=main:@literal:98] -> half_type, {512, 512, 3, 3}, {4608, 9, 3, 1}, target_id=0: 0.00076326ms, 1%
@296 = hip::hip_copy_literal[id=main:@literal:8] -> half_type, {512}, {1}, target_id=0: 0.00060852ms, 1%
@297 = hip::hip_copy_literal[id=main:@literal:97] -> half_type, {512, 2048, 1, 1}, {2048, 1, 1, 1}, target_id=0: 0.0007176ms, 1%
@298 = broadcast[axis=1,out_lens={1, 512, 7, 7}](@296) -> half_type, {1, 512, 7, 7}, {0, 1, 0, 0}, target_id=0: 0.00081358ms, 1%
@299 = load[offset=0,end=50176](@1) -> half_type, {1, 512, 7, 7}, {25088, 49, 7, 1}, target_id=0: 0.00066508ms, 1%
@300 = gpu::code_object[code_object=4632,symbol_name=mlir_convolution_add_relu,global=8192,local=256,](@298,@294,@297,@299) -> half_type, {1, 512, 7, 7}, {25088, 49, 7, 1}, target_id=0: 0.0522095ms, 2%
@301 = load[offset=752640,end=1204224](@1) -> int8_type, {451584}, {1}, target_id=0: 0.00081622ms, 1%
@302 = load[offset=702464,end=752640](@1) -> half_type, {1, 512, 7, 7}, {25088, 49, 7, 1}, target_id=0: 0.00062882ms, 1%
@303 = gpu::convolution[op={padding={1, 1, 1, 1},stride={1, 1},dilation={1, 1},group=1,padding_mode=0},solution_object={binary_object: 427},algo=0,solution_id=0](@300,@295,@301,@302) -> half_type, {1, 512, 7, 7}, {25088, 49, 7, 1}, target_id=0: 0.0697415ms, 3%
@304 = hip::hip_copy_literal[id=main:@literal:42] -> half_type, {512}, {1}, target_id=0: 0.00103468ms, 1%
@305 = hip::hip_copy_literal[id=main:@literal:40] -> half_type, {2048, 512, 1, 1}, {512, 1, 1, 1}, target_id=0: 0.00063924ms, 1%
@306 = load[offset=0,end=50176](@1) -> half_type, {1, 512, 7, 7}, {25088, 49, 7, 1}, target_id=0: 0.0008832ms, 1%
@307 = broadcast[axis=1,out_lens={1, 512, 7, 7}](@304) -> half_type, {1, 512, 7, 7}, {0, 1, 0, 0}, target_id=0: 0.00108178ms, 1%
@308 = gpu::code_object[code_object=3824,symbol_name=add_relu_kernel,global=25088,local=1024,](@303,@307,@306) -> half_type, {1, 512, 7, 7}, {25088, 49, 7, 1}, target_id=0: 0.0175366ms, 1%
@309 = load[offset=0,end=0](@1) -> int8_type, {0}, {1}, target_id=0: 0.0008586ms, 1%
@310 = load[offset=702464,end=903168](@1) -> half_type, {1, 2048, 7, 7}, {100352, 49, 7, 1}, target_id=0: 0.00064058ms, 1%
@311 = gpu::convolution[op={padding={0, 0, 0, 0},stride={1, 1},dilation={1, 1},group=1,padding_mode=0},solution_object={binary_object: 455},algo=0,solution_id=0](@308,@305,@309,@310) -> half_type, {1, 2048, 7, 7}, {100352, 49, 7, 1}, target_id=0: 0.0425467ms, 2%
@312 = hip::hip_copy_literal[id=main:@literal:0] -> half_type, {1, 1001}, {1001, 1}, target_id=0: 0.00088962ms, 1%
@313 = hip::hip_copy_literal[id=main:@literal:99] -> half_type, {2048, 1001}, {1001, 1}, target_id=0: 0.00065328ms, 1%
@314 = hip::hip_copy_literal[id=main:@literal:33] -> half_type, {2048}, {1}, target_id=0: 0.00074164ms, 1%
@315 = broadcast[axis=1,out_lens={1, 2048, 7, 7}](@314) -> half_type, {1, 2048, 7, 7}, {0, 1, 0, 0}, target_id=0: 0.00096478ms, 1%
@316 = load[offset=4024,end=8120](@1) -> half_type, {1, 2048, 1, 1}, {2048, 1, 1, 1}, target_id=0: 0.00068314ms, 1%
@317 = gpu::code_object[code_object=4024,symbol_name=add_add_relu_reduce_mean_kernel,global=131072,local=64,](@311,@315,@294,@316) -> half_type, {1, 2048, 1, 1}, {2048, 1, 1, 1}, target_id=0: 0.01786ms, 1%
@318 = squeeze[axes={2, 3}](@317) -> half_type, {1, 2048}, {2048, 1}, target_id=0: 0.00160626ms, 1%
@319 = load[offset=8,end=2010](@1) -> half_type, {1, 1001}, {1001, 1}, target_id=0: 0.00069942ms, 1%
@320 = gpu::gemm[alpha=1,beta=1,compute_fp32=1,trans_batch=0,solution_idx=0](@318,@313,@312,@319) -> half_type, {1, 1001}, {1001, 1}, target_id=0: 0.06285ms, 3%
@321 = load[offset=4024,end=4032](@1) -> int64_type, {1, 1}, {1, 1}, target_id=0: 0.00093506ms, 1%
@322 = gpu::argmax[axis=1,select_last_index=0](@320,@321) -> int64_type, {1, 1}, {1, 1}, target_id=0: 0.0233788ms, 1%
@323 = load[offset=2016,end=4018](@1) -> half_type, {1, 1001}, {1001, 1}, target_id=0: 0.00080128ms, 1%
@324 = gpu::code_object[code_object=4728,symbol_name=softmax_kernel,global=256,local=256,](@320,@323) -> half_type, {1, 1001}, {1001, 1}, target_id=0: 0.0171396ms, 1%
main:#output_1 = @param:main:#output_1 -> float_type, {1, 1001}, {1001, 1}, target_id=0: 0.00113934ms, 1%
@326 = gpu::code_object[code_object=3504,symbol_name=convert_kernel,global=1001,local=1024,](@324,main:#output_1) -> float_type, {1, 1001}, {1001, 1}, target_id=0: 0.012463ms, 1%
@327 = reshape_lazy[dims={1}](@322) -> int64_type, {1}, {1}, target_id=0: 0.00149614ms, 1%
main:#output_0 = @param:main:#output_0 -> int64_type, {1}, {1}, target_id=0: 0.0004489ms, 1%
@329 = gpu::code_object[code_object=3680,symbol_name=convert_convert_kernel,global=1,local=1024,](@327,main:#output_0) -> int64_type, {1}, {1}, target_id=0: 0.0124139ms, 1%
@330 = @return(@329,@326), target_id=0
Summary:
gpu::convolution: 0.922295ms / 17 = 0.0542527ms, 35%
gpu::code_object::mlir_convolution_add_relu: 0.645946ms / 21 = 0.0307593ms, 25%
gpu::code_object::mlir_convolution_add_add_relu: 0.289185ms / 11 = 0.0262895ms, 11%
gpu::code_object::add_relu_kernel: 0.27842ms / 16 = 0.0174012ms, 11%
hip::hip_copy_literal: 0.0738373ms / 100 = 0.000738373ms, 3%
gpu::code_object::concat_kernel: 0.0716772ms / 4 = 0.0179193ms, 3%
load: 0.0657551ms / 93 = 0.000707045ms, 3%
gpu::gemm: 0.06285ms / 1 = 0.06285ms, 3%
gpu::pooling: 0.0620704ms / 1 = 0.0620704ms, 3%
broadcast: 0.04391ms / 49 = 0.000896123ms, 2%
gpu::code_object::convert_kernel: 0.031874ms / 2 = 0.015937ms, 2%
gpu::argmax: 0.0233788ms / 1 = 0.0233788ms, 1%
gpu::code_object::pad_kernel: 0.0216381ms / 1 = 0.0216381ms, 1%
gpu::code_object::add_add_relu_reduce_mean_kernel: 0.01786ms / 1 = 0.01786ms, 1%
gpu::code_object::softmax_kernel: 0.0171396ms / 1 = 0.0171396ms, 1%
gpu::code_object::convert_convert_kernel: 0.0124139ms / 1 = 0.0124139ms, 1%
step: 0.0037934ms / 3 = 0.00126447ms, 1%
@param: 0.0019856ms / 3 = 0.000661867ms, 1%
squeeze: 0.00160626ms / 1 = 0.00160626ms, 1%
reshape_lazy: 0.00149614ms / 1 = 0.00149614ms, 1%
check_context::migraphx::gpu::context: 0.00118248ms / 1 = 0.00118248ms, 1%
hip::hip_allocate_memory: 0.00100038ms / 1 = 0.00100038ms, 1%

Batch size: 1
Rate: 914.211 inferences/sec
Total time: 1.09384ms
Total instructions time: 2.65131ms
Overhead time: 0.0701403ms, -1.55747ms
Overhead: 6%, -142%
[ MIGraphX Version: 2.9.0.40c5b6ca2 ] Complete: /src/AMDMIGraphX/build/bin/driver perf --fp16 --gpu /new-saved-models/resnet50/resnet50_v1.onnx
