Running [ MIGraphX Version: 2.10.0.9186c379f ]: /src/AMDMIGraphX/build/bin/driver perf --gpu /new-saved-models/torchvision/resnet50i1.onnx
Compiling ... 
Reading: /new-saved-models/torchvision/resnet50i1.onnx
module: "main"
@0 = check_context::migraphx::gpu::context -> float_type, {}, {}, target_id=0
@1 = hip::hip_allocate_memory[shape=int8_type, {7225344}, {1},id=main:scratch] -> int8_type, {7225344}, {1}, target_id=0
@2 = hip::hip_copy_literal[id=main:@literal:98] -> float_type, {64}, {1}, target_id=0
@3 = hip::hip_copy_literal[id=main:@literal:99] -> float_type, {64, 3, 7, 7}, {147, 49, 7, 1}, target_id=0
@4 = load[offset=3211264,end=6422528](@1) -> float_type, {1, 64, 112, 112}, {802816, 12544, 112, 1}, target_id=0
@5 = broadcast[axis=1,out_lens={1, 64, 112, 112}](@2) -> float_type, {1, 64, 112, 112}, {0, 1, 0, 0}, target_id=0
input.1 = @param:input.1 -> float_type, {1, 3, 224, 224}, {150528, 50176, 224, 1}, target_id=0
@7 = gpu::code_object[code_object=7568,symbol_name=mlir_convolution_add_relu,global=50176,local=256,](@5,input.1,@3,@4) -> float_type, {1, 64, 112, 112}, {802816, 12544, 112, 1}, target_id=0
@8 = load[offset=2408448,end=3211264](@1) -> float_type, {1, 64, 56, 56}, {200704, 3136, 56, 1}, target_id=0
@9 = gpu::pooling[mode=max,padding={1, 1, 1, 1},padding_mode=0,stride={2, 2},lengths={3, 3},dilations={1, 1},ceil_mode=0,lp_order=2,dyn_global=0](@7,@8) -> float_type, {1, 64, 56, 56}, {200704, 3136, 56, 1}, target_id=0
@10 = hip::hip_copy_literal[id=main:@literal:96] -> float_type, {64}, {1}, target_id=0
@11 = hip::hip_copy_literal[id=main:@literal:97] -> float_type, {64, 64, 1, 1}, {64, 1, 1, 1}, target_id=0
@12 = broadcast[axis=1,out_lens={1, 64, 56, 56}](@10) -> float_type, {1, 64, 56, 56}, {0, 1, 0, 0}, target_id=0
@13 = load[offset=0,end=802816](@1) -> float_type, {1, 64, 56, 56}, {200704, 3136, 56, 1}, target_id=0
@14 = gpu::code_object[code_object=6288,symbol_name=mlir_convolution_add_relu,global=12544,local=256,](@12,@9,@11,@13) -> float_type, {1, 64, 56, 56}, {200704, 3136, 56, 1}, target_id=0
@15 = hip::hip_copy_literal[id=main:@literal:95] -> float_type, {64, 64, 3, 3}, {576, 9, 3, 1}, target_id=0
@16 = load[offset=0,end=0](@1) -> int8_type, {0}, {1}, target_id=0
@17 = load[offset=1605632,end=2408448](@1) -> float_type, {1, 64, 56, 56}, {200704, 3136, 56, 1}, target_id=0
@18 = gpu::convolution[op={padding={1, 1, 1, 1},stride={1, 1},dilation={1, 1},group=1,padding_mode=0},solution_object={binary_object: 428},algo=0,solution_id=0](@14,@15,@16,@17) -> float_type, {1, 64, 56, 56}, {200704, 3136, 56, 1}, target_id=0
@19 = hip::hip_copy_literal[id=main:@literal:3] -> float_type, {256, 128, 1, 1}, {128, 1, 1, 1}, target_id=0
@20 = hip::hip_copy_literal[id=main:@literal:94] -> float_type, {64}, {1}, target_id=0
@21 = broadcast[axis=1,out_lens={1, 64, 56, 56}](@20) -> float_type, {1, 64, 56, 56}, {0, 1, 0, 0}, target_id=0
@22 = load[offset=0,end=1605632](@1) -> float_type, {1, 128, 56, 56}, {401408, 3136, 56, 1}, target_id=0
@23 = gpu::code_object[code_object=5360,symbol_name=add_relu_noop_concat_noop_kernel,global=100352,local=1024,](@18,@21,@9,@22) -> float_type, {1, 128, 56, 56}, {401408, 3136, 56, 1}, target_id=0
@24 = hip::hip_copy_literal[id=main:@literal:2] -> float_type, {256}, {1}, target_id=0
@25 = broadcast[axis=1,out_lens={1, 256, 56, 56}](@24) -> float_type, {1, 256, 56, 56}, {0, 1, 0, 0}, target_id=0
@26 = load[offset=3211264,end=6422528](@1) -> float_type, {1, 256, 56, 56}, {802816, 3136, 56, 1}, target_id=0
@27 = gpu::code_object[code_object=5712,symbol_name=mlir_convolution_add_relu,global=200704,local=256,](@25,@23,@19,@26) -> float_type, {1, 256, 56, 56}, {802816, 3136, 56, 1}, target_id=0
@28 = hip::hip_copy_literal[id=main:@literal:92] -> float_type, {64}, {1}, target_id=0
@29 = hip::hip_copy_literal[id=main:@literal:93] -> float_type, {64, 256, 1, 1}, {256, 1, 1, 1}, target_id=0
@30 = load[offset=802816,end=1605632](@1) -> float_type, {1, 64, 56, 56}, {200704, 3136, 56, 1}, target_id=0
@31 = broadcast[axis=1,out_lens={1, 64, 56, 56}](@28) -> float_type, {1, 64, 56, 56}, {0, 1, 0, 0}, target_id=0
@32 = gpu::code_object[code_object=6672,symbol_name=mlir_convolution_add_relu,global=50176,local=128,](@31,@27,@29,@30) -> float_type, {1, 64, 56, 56}, {200704, 3136, 56, 1}, target_id=0
@33 = hip::hip_copy_literal[id=main:@literal:91] -> float_type, {64, 64, 3, 3}, {576, 9, 3, 1}, target_id=0
@34 = load[offset=0,end=0](@1) -> int8_type, {0}, {1}, target_id=0
@35 = load[offset=0,end=802816](@1) -> float_type, {1, 64, 56, 56}, {200704, 3136, 56, 1}, target_id=0
@36 = gpu::convolution[op={padding={1, 1, 1, 1},stride={1, 1},dilation={1, 1},group=1,padding_mode=0},solution_object={binary_object: 453},algo=0,solution_id=0](@32,@33,@34,@35) -> float_type, {1, 64, 56, 56}, {200704, 3136, 56, 1}, target_id=0
@37 = hip::hip_copy_literal[id=main:@literal:90] -> float_type, {64}, {1}, target_id=0
@38 = load[offset=6422528,end=7225344](@1) -> float_type, {1, 64, 56, 56}, {200704, 3136, 56, 1}, target_id=0
@39 = broadcast[axis=1,out_lens={1, 64, 56, 56}](@37) -> float_type, {1, 64, 56, 56}, {0, 1, 0, 0}, target_id=0
@40 = gpu::code_object[code_object=5256,symbol_name=add_relu_kernel,global=100352,local=1024,](@36,@39,@38) -> float_type, {1, 64, 56, 56}, {200704, 3136, 56, 1}, target_id=0
@41 = hip::hip_copy_literal[id=main:@literal:88] -> float_type, {256}, {1}, target_id=0
@42 = hip::hip_copy_literal[id=main:@literal:89] -> float_type, {256, 64, 1, 1}, {64, 1, 1, 1}, target_id=0
@43 = load[offset=0,end=3211264](@1) -> float_type, {1, 256, 56, 56}, {802816, 3136, 56, 1}, target_id=0
@44 = broadcast[axis=1,out_lens={1, 256, 56, 56}](@41) -> float_type, {1, 256, 56, 56}, {0, 1, 0, 0}, target_id=0
@45 = gpu::code_object[code_object=6808,symbol_name=mlir_convolution_add_add_relu,global=50176,local=256,](@44,@27,@40,@42,@43) -> float_type, {1, 256, 56, 56}, {802816, 3136, 56, 1}, target_id=0
@46 = hip::hip_copy_literal[id=main:@literal:86] -> float_type, {64}, {1}, target_id=0
@47 = hip::hip_copy_literal[id=main:@literal:87] -> float_type, {64, 256, 1, 1}, {256, 1, 1, 1}, target_id=0
@48 = load[offset=4014080,end=4816896](@1) -> float_type, {1, 64, 56, 56}, {200704, 3136, 56, 1}, target_id=0
@49 = broadcast[axis=1,out_lens={1, 64, 56, 56}](@46) -> float_type, {1, 64, 56, 56}, {0, 1, 0, 0}, target_id=0
@50 = gpu::code_object[code_object=6672,symbol_name=mlir_convolution_add_relu,global=50176,local=128,](@49,@45,@47,@48) -> float_type, {1, 64, 56, 56}, {200704, 3136, 56, 1}, target_id=0
@51 = hip::hip_copy_literal[id=main:@literal:85] -> float_type, {64, 64, 3, 3}, {576, 9, 3, 1}, target_id=0
@52 = load[offset=0,end=0](@1) -> int8_type, {0}, {1}, target_id=0
@53 = load[offset=3211264,end=4014080](@1) -> float_type, {1, 64, 56, 56}, {200704, 3136, 56, 1}, target_id=0
@54 = gpu::convolution[op={padding={1, 1, 1, 1},stride={1, 1},dilation={1, 1},group=1,padding_mode=0},solution_object={binary_object: 453},algo=0,solution_id=0](@50,@51,@52,@53) -> float_type, {1, 64, 56, 56}, {200704, 3136, 56, 1}, target_id=0
@55 = hip::hip_copy_literal[id=main:@literal:84] -> float_type, {64}, {1}, target_id=0
@56 = load[offset=6422528,end=7225344](@1) -> float_type, {1, 64, 56, 56}, {200704, 3136, 56, 1}, target_id=0
@57 = broadcast[axis=1,out_lens={1, 64, 56, 56}](@55) -> float_type, {1, 64, 56, 56}, {0, 1, 0, 0}, target_id=0
@58 = gpu::code_object[code_object=5256,symbol_name=add_relu_kernel,global=100352,local=1024,](@54,@57,@56) -> float_type, {1, 64, 56, 56}, {200704, 3136, 56, 1}, target_id=0
@59 = hip::hip_copy_literal[id=main:@literal:82] -> float_type, {256}, {1}, target_id=0
@60 = hip::hip_copy_literal[id=main:@literal:83] -> float_type, {256, 64, 1, 1}, {64, 1, 1, 1}, target_id=0
@61 = load[offset=3211264,end=6422528](@1) -> float_type, {1, 256, 56, 56}, {802816, 3136, 56, 1}, target_id=0
@62 = broadcast[axis=1,out_lens={1, 256, 56, 56}](@59) -> float_type, {1, 256, 56, 56}, {0, 1, 0, 0}, target_id=0
@63 = gpu::code_object[code_object=6808,symbol_name=mlir_convolution_add_add_relu,global=50176,local=256,](@62,@45,@58,@60,@61) -> float_type, {1, 256, 56, 56}, {802816, 3136, 56, 1}, target_id=0
@64 = hip::hip_copy_literal[id=main:@literal:80] -> float_type, {128}, {1}, target_id=0
@65 = hip::hip_copy_literal[id=main:@literal:81] -> float_type, {128, 256, 1, 1}, {256, 1, 1, 1}, target_id=0
@66 = load[offset=0,end=1605632](@1) -> float_type, {1, 128, 56, 56}, {401408, 3136, 56, 1}, target_id=0
@67 = broadcast[axis=1,out_lens={1, 128, 56, 56}](@64) -> float_type, {1, 128, 56, 56}, {0, 1, 0, 0}, target_id=0
@68 = gpu::code_object[code_object=7184,symbol_name=mlir_convolution_add_relu,global=100352,local=128,](@67,@63,@65,@66) -> float_type, {1, 128, 56, 56}, {401408, 3136, 56, 1}, target_id=0
@69 = hip::hip_copy_literal[id=main:@literal:79] -> float_type, {128, 128, 3, 3}, {1152, 9, 3, 1}, target_id=0
@70 = load[offset=0,end=0](@1) -> int8_type, {0}, {1}, target_id=0
@71 = load[offset=1605632,end=2007040](@1) -> float_type, {1, 128, 28, 28}, {100352, 784, 28, 1}, target_id=0
@72 = gpu::convolution[op={padding={1, 1, 1, 1},stride={2, 2},dilation={1, 1},group=1,padding_mode=0},solution_object={binary_object: 459},algo=0,solution_id=0](@68,@69,@70,@71) -> float_type, {1, 128, 28, 28}, {100352, 784, 28, 1}, target_id=0
@73 = hip::hip_copy_literal[id=main:@literal:6] -> float_type, {512, 384, 1, 1}, {384, 1, 1, 1}, target_id=0
@74 = hip::hip_copy_literal[id=main:@literal:78] -> float_type, {128}, {1}, target_id=0
@75 = load[offset=0,end=1204224](@1) -> float_type, {1, 384, 28, 28}, {301056, 784, 28, 1}, target_id=0
@76 = step[axes={2, 3},steps={2, 2}](@63) -> float_type, {1, 256, 28, 28}, {802816, 3136, 112, 2}, target_id=0
@77 = broadcast[axis=1,out_lens={1, 128, 28, 28}](@74) -> float_type, {1, 128, 28, 28}, {0, 1, 0, 0}, target_id=0
@78 = gpu::code_object[code_object=5552,symbol_name=add_relu_noop_concat_noop_kernel,global=150528,local=1024,](@72,@77,@76,@75) -> float_type, {1, 384, 28, 28}, {301056, 784, 28, 1}, target_id=0
@79 = hip::hip_copy_literal[id=main:@literal:5] -> float_type, {512}, {1}, target_id=0
@80 = broadcast[axis=1,out_lens={1, 512, 28, 28}](@79) -> float_type, {1, 512, 28, 28}, {0, 1, 0, 0}, target_id=0
@81 = load[offset=4014080,end=5619712](@1) -> float_type, {1, 512, 28, 28}, {401408, 784, 28, 1}, target_id=0
@82 = gpu::code_object[code_object=7888,symbol_name=mlir_convolution_add_relu,global=102400,local=256,](@80,@78,@73,@81) -> float_type, {1, 512, 28, 28}, {401408, 784, 28, 1}, target_id=0
@83 = hip::hip_copy_literal[id=main:@literal:76] -> float_type, {128}, {1}, target_id=0
@84 = hip::hip_copy_literal[id=main:@literal:77] -> float_type, {128, 512, 1, 1}, {512, 1, 1, 1}, target_id=0
@85 = load[offset=0,end=401408](@1) -> float_type, {1, 128, 28, 28}, {100352, 784, 28, 1}, target_id=0
@86 = broadcast[axis=1,out_lens={1, 128, 28, 28}](@83) -> float_type, {1, 128, 28, 28}, {0, 1, 0, 0}, target_id=0
@87 = gpu::code_object[code_object=5904,symbol_name=mlir_convolution_add_relu,global=25088,local=64,](@86,@82,@84,@85) -> float_type, {1, 128, 28, 28}, {100352, 784, 28, 1}, target_id=0
@88 = hip::hip_copy_literal[id=main:@literal:75] -> float_type, {128, 128, 3, 3}, {1152, 9, 3, 1}, target_id=0
@89 = load[offset=2195456,end=3588096](@1) -> int8_type, {1392640}, {1}, target_id=0
@90 = load[offset=1794048,end=2195456](@1) -> float_type, {1, 128, 28, 28}, {100352, 784, 28, 1}, target_id=0
@91 = gpu::convolution[op={padding={1, 1, 1, 1},stride={1, 1},dilation={1, 1},group=1,padding_mode=0},solution_object={binary_object: 557},algo=0,solution_id=0](@87,@88,@89,@90) -> float_type, {1, 128, 28, 28}, {100352, 784, 28, 1}, target_id=0
@92 = hip::hip_copy_literal[id=main:@literal:74] -> float_type, {128}, {1}, target_id=0
@93 = load[offset=0,end=401408](@1) -> float_type, {1, 128, 28, 28}, {100352, 784, 28, 1}, target_id=0
@94 = broadcast[axis=1,out_lens={1, 128, 28, 28}](@92) -> float_type, {1, 128, 28, 28}, {0, 1, 0, 0}, target_id=0
@95 = gpu::code_object[code_object=5256,symbol_name=add_relu_kernel,global=50176,local=1024,](@91,@94,@93) -> float_type, {1, 128, 28, 28}, {100352, 784, 28, 1}, target_id=0
@96 = hip::hip_copy_literal[id=main:@literal:72] -> float_type, {512}, {1}, target_id=0
@97 = hip::hip_copy_literal[id=main:@literal:73] -> float_type, {512, 128, 1, 1}, {128, 1, 1, 1}, target_id=0
@98 = load[offset=2408448,end=4014080](@1) -> float_type, {1, 512, 28, 28}, {401408, 784, 28, 1}, target_id=0
@99 = broadcast[axis=1,out_lens={1, 512, 28, 28}](@96) -> float_type, {1, 512, 28, 28}, {0, 1, 0, 0}, target_id=0
@100 = gpu::code_object[code_object=6040,symbol_name=mlir_convolution_add_add_relu,global=102400,local=256,](@99,@82,@95,@97,@98) -> float_type, {1, 512, 28, 28}, {401408, 784, 28, 1}, target_id=0
@101 = hip::hip_copy_literal[id=main:@literal:70] -> float_type, {128}, {1}, target_id=0
@102 = hip::hip_copy_literal[id=main:@literal:71] -> float_type, {128, 512, 1, 1}, {512, 1, 1, 1}, target_id=0
@103 = load[offset=802816,end=1204224](@1) -> float_type, {1, 128, 28, 28}, {100352, 784, 28, 1}, target_id=0
@104 = broadcast[axis=1,out_lens={1, 128, 28, 28}](@101) -> float_type, {1, 128, 28, 28}, {0, 1, 0, 0}, target_id=0
@105 = gpu::code_object[code_object=5904,symbol_name=mlir_convolution_add_relu,global=25088,local=64,](@104,@100,@102,@103) -> float_type, {1, 128, 28, 28}, {100352, 784, 28, 1}, target_id=0
@106 = hip::hip_copy_literal[id=main:@literal:69] -> float_type, {128, 128, 3, 3}, {1152, 9, 3, 1}, target_id=0
@107 = load[offset=0,end=0](@1) -> int8_type, {0}, {1}, target_id=0
@108 = load[offset=401408,end=802816](@1) -> float_type, {1, 128, 28, 28}, {100352, 784, 28, 1}, target_id=0
@109 = gpu::convolution[op={padding={1, 1, 1, 1},stride={1, 1},dilation={1, 1},group=1,padding_mode=0},solution_object={binary_object: 440},algo=0,solution_id=0](@105,@106,@107,@108) -> float_type, {1, 128, 28, 28}, {100352, 784, 28, 1}, target_id=0
@110 = hip::hip_copy_literal[id=main:@literal:68] -> float_type, {128}, {1}, target_id=0
@111 = load[offset=0,end=401408](@1) -> float_type, {1, 128, 28, 28}, {100352, 784, 28, 1}, target_id=0
@112 = broadcast[axis=1,out_lens={1, 128, 28, 28}](@110) -> float_type, {1, 128, 28, 28}, {0, 1, 0, 0}, target_id=0
@113 = gpu::code_object[code_object=5256,symbol_name=add_relu_kernel,global=50176,local=1024,](@109,@112,@111) -> float_type, {1, 128, 28, 28}, {100352, 784, 28, 1}, target_id=0
@114 = hip::hip_copy_literal[id=main:@literal:66] -> float_type, {512}, {1}, target_id=0
@115 = hip::hip_copy_literal[id=main:@literal:67] -> float_type, {512, 128, 1, 1}, {128, 1, 1, 1}, target_id=0
@116 = load[offset=802816,end=2408448](@1) -> float_type, {1, 512, 28, 28}, {401408, 784, 28, 1}, target_id=0
@117 = broadcast[axis=1,out_lens={1, 512, 28, 28}](@114) -> float_type, {1, 512, 28, 28}, {0, 1, 0, 0}, target_id=0
@118 = gpu::code_object[code_object=6040,symbol_name=mlir_convolution_add_add_relu,global=102400,local=256,](@117,@100,@113,@115,@116) -> float_type, {1, 512, 28, 28}, {401408, 784, 28, 1}, target_id=0
@119 = hip::hip_copy_literal[id=main:@literal:64] -> float_type, {128}, {1}, target_id=0
@120 = hip::hip_copy_literal[id=main:@literal:65] -> float_type, {128, 512, 1, 1}, {512, 1, 1, 1}, target_id=0
@121 = load[offset=401408,end=802816](@1) -> float_type, {1, 128, 28, 28}, {100352, 784, 28, 1}, target_id=0
@122 = broadcast[axis=1,out_lens={1, 128, 28, 28}](@119) -> float_type, {1, 128, 28, 28}, {0, 1, 0, 0}, target_id=0
@123 = gpu::code_object[code_object=5904,symbol_name=mlir_convolution_add_relu,global=25088,local=64,](@122,@118,@120,@121) -> float_type, {1, 128, 28, 28}, {100352, 784, 28, 1}, target_id=0
@124 = hip::hip_copy_literal[id=main:@literal:63] -> float_type, {128, 128, 3, 3}, {1152, 9, 3, 1}, target_id=0
@125 = load[offset=0,end=0](@1) -> int8_type, {0}, {1}, target_id=0
@126 = load[offset=0,end=401408](@1) -> float_type, {1, 128, 28, 28}, {100352, 784, 28, 1}, target_id=0
@127 = gpu::convolution[op={padding={1, 1, 1, 1},stride={1, 1},dilation={1, 1},group=1,padding_mode=0},solution_object={binary_object: 440},algo=0,solution_id=0](@123,@124,@125,@126) -> float_type, {1, 128, 28, 28}, {100352, 784, 28, 1}, target_id=0
@128 = hip::hip_copy_literal[id=main:@literal:62] -> float_type, {128}, {1}, target_id=0
@129 = load[offset=4214784,end=4616192](@1) -> float_type, {1, 128, 28, 28}, {100352, 784, 28, 1}, target_id=0
@130 = broadcast[axis=1,out_lens={1, 128, 28, 28}](@128) -> float_type, {1, 128, 28, 28}, {0, 1, 0, 0}, target_id=0
@131 = gpu::code_object[code_object=5256,symbol_name=add_relu_kernel,global=50176,local=1024,](@127,@130,@129) -> float_type, {1, 128, 28, 28}, {100352, 784, 28, 1}, target_id=0
@132 = hip::hip_copy_literal[id=main:@literal:60] -> float_type, {512}, {1}, target_id=0
@133 = hip::hip_copy_literal[id=main:@literal:61] -> float_type, {512, 128, 1, 1}, {128, 1, 1, 1}, target_id=0
@134 = load[offset=2609152,end=4214784](@1) -> float_type, {1, 512, 28, 28}, {401408, 784, 28, 1}, target_id=0
@135 = broadcast[axis=1,out_lens={1, 512, 28, 28}](@132) -> float_type, {1, 512, 28, 28}, {0, 1, 0, 0}, target_id=0
@136 = gpu::code_object[code_object=6040,symbol_name=mlir_convolution_add_add_relu,global=102400,local=256,](@135,@118,@131,@133,@134) -> float_type, {1, 512, 28, 28}, {401408, 784, 28, 1}, target_id=0
@137 = hip::hip_copy_literal[id=main:@literal:7] -> float_type, {1024}, {1}, target_id=0
@138 = hip::hip_copy_literal[id=main:@literal:58] -> float_type, {256}, {1}, target_id=0
@139 = hip::hip_copy_literal[id=main:@literal:59] -> float_type, {256, 512, 1, 1}, {512, 1, 1, 1}, target_id=0
@140 = load[offset=0,end=802816](@1) -> float_type, {1, 256, 28, 28}, {200704, 784, 28, 1}, target_id=0
@141 = broadcast[axis=1,out_lens={1, 256, 28, 28}](@138) -> float_type, {1, 256, 28, 28}, {0, 1, 0, 0}, target_id=0
@142 = gpu::code_object[code_object=5840,symbol_name=mlir_convolution_add_relu,global=51200,local=256,](@141,@136,@139,@140) -> float_type, {1, 256, 28, 28}, {200704, 784, 28, 1}, target_id=0
@143 = hip::hip_copy_literal[id=main:@literal:57] -> float_type, {256, 256, 3, 3}, {2304, 9, 3, 1}, target_id=0
@144 = load[offset=4415488,end=6221824](@1) -> int8_type, {1806336}, {1}, target_id=0
@145 = load[offset=4214784,end=4415488](@1) -> float_type, {1, 256, 14, 14}, {50176, 196, 14, 1}, target_id=0
@146 = gpu::convolution[op={padding={1, 1, 1, 1},stride={2, 2},dilation={1, 1},group=1,padding_mode=0},solution_object={binary_object: 432},algo=0,solution_id=0](@142,@143,@144,@145) -> float_type, {1, 256, 14, 14}, {50176, 196, 14, 1}, target_id=0
@147 = hip::hip_copy_literal[id=main:@literal:4] -> float_type, {1024, 768, 1, 1}, {768, 1, 1, 1}, target_id=0
@148 = hip::hip_copy_literal[id=main:@literal:26] -> float_type, {1024}, {1}, target_id=0
@149 = hip::hip_copy_literal[id=main:@literal:27] -> float_type, {1024, 256, 1, 1}, {256, 1, 1, 1}, target_id=0
@150 = hip::hip_copy_literal[id=main:@literal:28] -> float_type, {256}, {1}, target_id=0
@151 = hip::hip_copy_literal[id=main:@literal:32] -> float_type, {1024}, {1}, target_id=0
@152 = hip::hip_copy_literal[id=main:@literal:33] -> float_type, {1024, 256, 1, 1}, {256, 1, 1, 1}, target_id=0
@153 = hip::hip_copy_literal[id=main:@literal:34] -> float_type, {256}, {1}, target_id=0
@154 = hip::hip_copy_literal[id=main:@literal:38] -> float_type, {1024}, {1}, target_id=0
@155 = hip::hip_copy_literal[id=main:@literal:39] -> float_type, {1024, 256, 1, 1}, {256, 1, 1, 1}, target_id=0
@156 = hip::hip_copy_literal[id=main:@literal:40] -> float_type, {256}, {1}, target_id=0
@157 = hip::hip_copy_literal[id=main:@literal:44] -> float_type, {1024}, {1}, target_id=0
@158 = hip::hip_copy_literal[id=main:@literal:45] -> float_type, {1024, 256, 1, 1}, {256, 1, 1, 1}, target_id=0
@159 = hip::hip_copy_literal[id=main:@literal:46] -> float_type, {256}, {1}, target_id=0
@160 = hip::hip_copy_literal[id=main:@literal:50] -> float_type, {1024}, {1}, target_id=0
@161 = hip::hip_copy_literal[id=main:@literal:51] -> float_type, {1024, 256, 1, 1}, {256, 1, 1, 1}, target_id=0
@162 = hip::hip_copy_literal[id=main:@literal:52] -> float_type, {256}, {1}, target_id=0
@163 = hip::hip_copy_literal[id=main:@literal:56] -> float_type, {256}, {1}, target_id=0
@164 = load[offset=0,end=602112](@1) -> float_type, {1, 768, 14, 14}, {150528, 196, 14, 1}, target_id=0
@165 = broadcast[axis=1,out_lens={1, 256, 14, 14}](@163) -> float_type, {1, 256, 14, 14}, {0, 1, 0, 0}, target_id=0
@166 = step[axes={2, 3},steps={2, 2}](@136) -> float_type, {1, 512, 14, 14}, {401408, 784, 56, 2}, target_id=0
@167 = gpu::code_object[code_object=5552,symbol_name=add_relu_noop_concat_noop_kernel,global=75264,local=1024,](@146,@165,@166,@164) -> float_type, {1, 768, 14, 14}, {150528, 196, 14, 1}, target_id=0
@168 = broadcast[axis=1,out_lens={1, 1024, 14, 14}](@137) -> float_type, {1, 1024, 14, 14}, {0, 1, 0, 0}, target_id=0
@169 = load[offset=2961408,end=3764224](@1) -> float_type, {1, 1024, 14, 14}, {200704, 196, 14, 1}, target_id=0
@170 = gpu::code_object[code_object=5968,symbol_name=mlir_convolution_add_relu,global=57344,local=256,](@168,@167,@147,@169) -> float_type, {1, 1024, 14, 14}, {200704, 196, 14, 1}, target_id=0
@171 = hip::hip_copy_literal[id=main:@literal:53] -> float_type, {256, 256, 3, 3}, {2304, 9, 3, 1}, target_id=0
@172 = hip::hip_copy_literal[id=main:@literal:54] -> float_type, {256}, {1}, target_id=0
@173 = hip::hip_copy_literal[id=main:@literal:55] -> float_type, {256, 1024, 1, 1}, {1024, 1, 1, 1}, target_id=0
@174 = load[offset=0,end=200704](@1) -> float_type, {1, 256, 14, 14}, {50176, 196, 14, 1}, target_id=0
@175 = broadcast[axis=1,out_lens={1, 256, 14, 14}](@172) -> float_type, {1, 256, 14, 14}, {0, 1, 0, 0}, target_id=0
@176 = gpu::code_object[code_object=5392,symbol_name=mlir_convolution_add_relu,global=14336,local=256,](@175,@170,@173,@174) -> float_type, {1, 256, 14, 14}, {50176, 196, 14, 1}, target_id=0
@177 = load[offset=3964928,end=6725632](@1) -> int8_type, {2760704}, {1}, target_id=0
@178 = load[offset=3764224,end=3964928](@1) -> float_type, {1, 256, 14, 14}, {50176, 196, 14, 1}, target_id=0
@179 = gpu::convolution[op={padding={1, 1, 1, 1},stride={1, 1},dilation={1, 1},group=1,padding_mode=0},solution_object={binary_object: 555},algo=0,solution_id=0](@176,@171,@177,@178) -> float_type, {1, 256, 14, 14}, {50176, 196, 14, 1}, target_id=0
@180 = load[offset=0,end=200704](@1) -> float_type, {1, 256, 14, 14}, {50176, 196, 14, 1}, target_id=0
@181 = broadcast[axis=1,out_lens={1, 256, 14, 14}](@162) -> float_type, {1, 256, 14, 14}, {0, 1, 0, 0}, target_id=0
@182 = gpu::code_object[code_object=5000,symbol_name=add_relu_kernel,global=25088,local=1024,](@179,@181,@180) -> float_type, {1, 256, 14, 14}, {50176, 196, 14, 1}, target_id=0
@183 = load[offset=2007040,end=2809856](@1) -> float_type, {1, 1024, 14, 14}, {200704, 196, 14, 1}, target_id=0
@184 = broadcast[axis=1,out_lens={1, 1024, 14, 14}](@160) -> float_type, {1, 1024, 14, 14}, {0, 1, 0, 0}, target_id=0
@185 = gpu::code_object[code_object=7448,symbol_name=mlir_convolution_add_add_relu,global=57344,local=128,](@184,@170,@182,@161,@183) -> float_type, {1, 1024, 14, 14}, {200704, 196, 14, 1}, target_id=0
@186 = hip::hip_copy_literal[id=main:@literal:47] -> float_type, {256, 256, 3, 3}, {2304, 9, 3, 1}, target_id=0
@187 = hip::hip_copy_literal[id=main:@literal:48] -> float_type, {256}, {1}, target_id=0
@188 = hip::hip_copy_literal[id=main:@literal:49] -> float_type, {256, 1024, 1, 1}, {1024, 1, 1, 1}, target_id=0
@189 = load[offset=401408,end=602112](@1) -> float_type, {1, 256, 14, 14}, {50176, 196, 14, 1}, target_id=0
@190 = broadcast[axis=1,out_lens={1, 256, 14, 14}](@187) -> float_type, {1, 256, 14, 14}, {0, 1, 0, 0}, target_id=0
@191 = gpu::code_object[code_object=5392,symbol_name=mlir_convolution_add_relu,global=14336,local=256,](@190,@185,@188,@189) -> float_type, {1, 256, 14, 14}, {50176, 196, 14, 1}, target_id=0
@192 = load[offset=0,end=0](@1) -> int8_type, {0}, {1}, target_id=0
@193 = load[offset=200704,end=401408](@1) -> float_type, {1, 256, 14, 14}, {50176, 196, 14, 1}, target_id=0
@194 = gpu::convolution[op={padding={1, 1, 1, 1},stride={1, 1},dilation={1, 1},group=1,padding_mode=0},solution_object={binary_object: 438},algo=0,solution_id=0](@191,@186,@192,@193) -> float_type, {1, 256, 14, 14}, {50176, 196, 14, 1}, target_id=0
@195 = broadcast[axis=1,out_lens={1, 256, 14, 14}](@159) -> float_type, {1, 256, 14, 14}, {0, 1, 0, 0}, target_id=0
@196 = load[offset=2809856,end=3010560](@1) -> float_type, {1, 256, 14, 14}, {50176, 196, 14, 1}, target_id=0
@197 = gpu::code_object[code_object=5000,symbol_name=add_relu_kernel,global=25088,local=1024,](@194,@195,@196) -> float_type, {1, 256, 14, 14}, {50176, 196, 14, 1}, target_id=0
@198 = broadcast[axis=1,out_lens={1, 1024, 14, 14}](@157) -> float_type, {1, 1024, 14, 14}, {0, 1, 0, 0}, target_id=0
@199 = load[offset=0,end=802816](@1) -> float_type, {1, 1024, 14, 14}, {200704, 196, 14, 1}, target_id=0
@200 = gpu::code_object[code_object=7448,symbol_name=mlir_convolution_add_add_relu,global=57344,local=128,](@198,@185,@197,@158,@199) -> float_type, {1, 1024, 14, 14}, {200704, 196, 14, 1}, target_id=0
@201 = hip::hip_copy_literal[id=main:@literal:41] -> float_type, {256, 256, 3, 3}, {2304, 9, 3, 1}, target_id=0
@202 = hip::hip_copy_literal[id=main:@literal:42] -> float_type, {256}, {1}, target_id=0
@203 = hip::hip_copy_literal[id=main:@literal:43] -> float_type, {256, 1024, 1, 1}, {1024, 1, 1, 1}, target_id=0
@204 = broadcast[axis=1,out_lens={1, 256, 14, 14}](@202) -> float_type, {1, 256, 14, 14}, {0, 1, 0, 0}, target_id=0
@205 = load[offset=2809856,end=3010560](@1) -> float_type, {1, 256, 14, 14}, {50176, 196, 14, 1}, target_id=0
@206 = gpu::code_object[code_object=5392,symbol_name=mlir_convolution_add_relu,global=14336,local=256,](@204,@200,@203,@205) -> float_type, {1, 256, 14, 14}, {50176, 196, 14, 1}, target_id=0
@207 = load[offset=1003520,end=2809856](@1) -> int8_type, {1806336}, {1}, target_id=0
@208 = load[offset=802816,end=1003520](@1) -> float_type, {1, 256, 14, 14}, {50176, 196, 14, 1}, target_id=0
@209 = gpu::convolution[op={padding={1, 1, 1, 1},stride={1, 1},dilation={1, 1},group=1,padding_mode=0},solution_object={binary_object: 429},algo=0,solution_id=0](@206,@201,@207,@208) -> float_type, {1, 256, 14, 14}, {50176, 196, 14, 1}, target_id=0
@210 = load[offset=1003520,end=1204224](@1) -> float_type, {1, 256, 14, 14}, {50176, 196, 14, 1}, target_id=0
@211 = broadcast[axis=1,out_lens={1, 256, 14, 14}](@156) -> float_type, {1, 256, 14, 14}, {0, 1, 0, 0}, target_id=0
@212 = gpu::code_object[code_object=5000,symbol_name=add_relu_kernel,global=25088,local=1024,](@209,@211,@210) -> float_type, {1, 256, 14, 14}, {50176, 196, 14, 1}, target_id=0
@213 = load[offset=2961408,end=3764224](@1) -> float_type, {1, 1024, 14, 14}, {200704, 196, 14, 1}, target_id=0
@214 = broadcast[axis=1,out_lens={1, 1024, 14, 14}](@154) -> float_type, {1, 1024, 14, 14}, {0, 1, 0, 0}, target_id=0
@215 = gpu::code_object[code_object=7448,symbol_name=mlir_convolution_add_add_relu,global=57344,local=128,](@214,@200,@212,@155,@213) -> float_type, {1, 1024, 14, 14}, {200704, 196, 14, 1}, target_id=0
@216 = hip::hip_copy_literal[id=main:@literal:35] -> float_type, {256, 256, 3, 3}, {2304, 9, 3, 1}, target_id=0
@217 = hip::hip_copy_literal[id=main:@literal:36] -> float_type, {256}, {1}, target_id=0
@218 = hip::hip_copy_literal[id=main:@literal:37] -> float_type, {256, 1024, 1, 1}, {1024, 1, 1, 1}, target_id=0
@219 = load[offset=0,end=200704](@1) -> float_type, {1, 256, 14, 14}, {50176, 196, 14, 1}, target_id=0
@220 = broadcast[axis=1,out_lens={1, 256, 14, 14}](@217) -> float_type, {1, 256, 14, 14}, {0, 1, 0, 0}, target_id=0
@221 = gpu::code_object[code_object=5392,symbol_name=mlir_convolution_add_relu,global=14336,local=256,](@220,@215,@218,@219) -> float_type, {1, 256, 14, 14}, {50176, 196, 14, 1}, target_id=0
@222 = load[offset=3964928,end=6725632](@1) -> int8_type, {2760704}, {1}, target_id=0
@223 = load[offset=3764224,end=3964928](@1) -> float_type, {1, 256, 14, 14}, {50176, 196, 14, 1}, target_id=0
@224 = gpu::convolution[op={padding={1, 1, 1, 1},stride={1, 1},dilation={1, 1},group=1,padding_mode=0},solution_object={binary_object: 555},algo=0,solution_id=0](@221,@216,@222,@223) -> float_type, {1, 256, 14, 14}, {50176, 196, 14, 1}, target_id=0
@225 = broadcast[axis=1,out_lens={1, 256, 14, 14}](@153) -> float_type, {1, 256, 14, 14}, {0, 1, 0, 0}, target_id=0
@226 = load[offset=0,end=200704](@1) -> float_type, {1, 256, 14, 14}, {50176, 196, 14, 1}, target_id=0
@227 = gpu::code_object[code_object=5000,symbol_name=add_relu_kernel,global=25088,local=1024,](@224,@225,@226) -> float_type, {1, 256, 14, 14}, {50176, 196, 14, 1}, target_id=0
@228 = load[offset=401408,end=1204224](@1) -> float_type, {1, 1024, 14, 14}, {200704, 196, 14, 1}, target_id=0
@229 = broadcast[axis=1,out_lens={1, 1024, 14, 14}](@151) -> float_type, {1, 1024, 14, 14}, {0, 1, 0, 0}, target_id=0
@230 = gpu::code_object[code_object=7448,symbol_name=mlir_convolution_add_add_relu,global=57344,local=128,](@229,@215,@227,@152,@228) -> float_type, {1, 1024, 14, 14}, {200704, 196, 14, 1}, target_id=0
@231 = hip::hip_copy_literal[id=main:@literal:29] -> float_type, {256, 256, 3, 3}, {2304, 9, 3, 1}, target_id=0
@232 = hip::hip_copy_literal[id=main:@literal:30] -> float_type, {256}, {1}, target_id=0
@233 = hip::hip_copy_literal[id=main:@literal:31] -> float_type, {256, 1024, 1, 1}, {1024, 1, 1, 1}, target_id=0
@234 = load[offset=200704,end=401408](@1) -> float_type, {1, 256, 14, 14}, {50176, 196, 14, 1}, target_id=0
@235 = broadcast[axis=1,out_lens={1, 256, 14, 14}](@232) -> float_type, {1, 256, 14, 14}, {0, 1, 0, 0}, target_id=0
@236 = gpu::code_object[code_object=5392,symbol_name=mlir_convolution_add_relu,global=14336,local=256,](@235,@230,@233,@234) -> float_type, {1, 256, 14, 14}, {50176, 196, 14, 1}, target_id=0
@237 = load[offset=0,end=0](@1) -> int8_type, {0}, {1}, target_id=0
@238 = load[offset=0,end=200704](@1) -> float_type, {1, 256, 14, 14}, {50176, 196, 14, 1}, target_id=0
@239 = gpu::convolution[op={padding={1, 1, 1, 1},stride={1, 1},dilation={1, 1},group=1,padding_mode=0},solution_object={binary_object: 438},algo=0,solution_id=0](@236,@231,@237,@238) -> float_type, {1, 256, 14, 14}, {50176, 196, 14, 1}, target_id=0
@240 = load[offset=2107392,end=2308096](@1) -> float_type, {1, 256, 14, 14}, {50176, 196, 14, 1}, target_id=0
@241 = broadcast[axis=1,out_lens={1, 256, 14, 14}](@150) -> float_type, {1, 256, 14, 14}, {0, 1, 0, 0}, target_id=0
@242 = gpu::code_object[code_object=5000,symbol_name=add_relu_kernel,global=25088,local=1024,](@239,@241,@240) -> float_type, {1, 256, 14, 14}, {50176, 196, 14, 1}, target_id=0
@243 = load[offset=1304576,end=2107392](@1) -> float_type, {1, 1024, 14, 14}, {200704, 196, 14, 1}, target_id=0
@244 = broadcast[axis=1,out_lens={1, 1024, 14, 14}](@148) -> float_type, {1, 1024, 14, 14}, {0, 1, 0, 0}, target_id=0
@245 = gpu::code_object[code_object=7448,symbol_name=mlir_convolution_add_add_relu,global=57344,local=128,](@244,@230,@242,@149,@243) -> float_type, {1, 1024, 14, 14}, {200704, 196, 14, 1}, target_id=0
@246 = hip::hip_copy_literal[id=main:@literal:23] -> float_type, {512, 512, 3, 3}, {4608, 9, 3, 1}, target_id=0
@247 = hip::hip_copy_literal[id=main:@literal:24] -> float_type, {512}, {1}, target_id=0
@248 = hip::hip_copy_literal[id=main:@literal:25] -> float_type, {512, 1024, 1, 1}, {1024, 1, 1, 1}, target_id=0
@249 = broadcast[axis=1,out_lens={1, 512, 14, 14}](@247) -> float_type, {1, 512, 14, 14}, {0, 1, 0, 0}, target_id=0
@250 = load[offset=0,end=401408](@1) -> float_type, {1, 512, 14, 14}, {100352, 196, 14, 1}, target_id=0
@251 = gpu::code_object[code_object=6032,symbol_name=mlir_convolution_add_relu,global=28672,local=256,](@249,@245,@248,@250) -> float_type, {1, 512, 14, 14}, {100352, 196, 14, 1}, target_id=0
@252 = load[offset=2207744,end=3110912](@1) -> int8_type, {903168}, {1}, target_id=0
@253 = load[offset=2107392,end=2207744](@1) -> float_type, {1, 512, 7, 7}, {25088, 49, 7, 1}, target_id=0
@254 = gpu::convolution[op={padding={1, 1, 1, 1},stride={2, 2},dilation={1, 1},group=1,padding_mode=0},solution_object={binary_object: 430},algo=0,solution_id=0](@251,@246,@252,@253) -> float_type, {1, 512, 7, 7}, {25088, 49, 7, 1}, target_id=0
@255 = hip::hip_copy_literal[id=main:@literal:9] -> float_type, {2048, 1536, 1, 1}, {1536, 1, 1, 1}, target_id=0
@256 = hip::hip_copy_literal[id=main:@literal:8] -> float_type, {2048}, {1}, target_id=0
@257 = hip::hip_copy_literal[id=main:@literal:22] -> float_type, {512}, {1}, target_id=0
@258 = step[axes={2, 3},steps={2, 2}](@245) -> float_type, {1, 1024, 7, 7}, {200704, 196, 28, 2}, target_id=0
@259 = load[offset=602112,end=903168](@1) -> float_type, {1, 1536, 7, 7}, {75264, 49, 7, 1}, target_id=0
@260 = broadcast[axis=1,out_lens={1, 512, 7, 7}](@257) -> float_type, {1, 512, 7, 7}, {0, 1, 0, 0}, target_id=0
@261 = gpu::code_object[code_object=5616,symbol_name=add_relu_noop_concat_noop_kernel,global=37632,local=1024,](@254,@260,@258,@259) -> float_type, {1, 1536, 7, 7}, {75264, 49, 7, 1}, target_id=0
@262 = broadcast[axis=1,out_lens={1, 2048, 7, 7}](@256) -> float_type, {1, 2048, 7, 7}, {0, 1, 0, 0}, target_id=0
@263 = load[offset=200704,end=602112](@1) -> float_type, {1, 2048, 7, 7}, {100352, 49, 7, 1}, target_id=0
@264 = gpu::code_object[code_object=5840,symbol_name=mlir_convolution_add_relu,global=32768,local=128,](@262,@261,@255,@263) -> float_type, {1, 2048, 7, 7}, {100352, 49, 7, 1}, target_id=0
@265 = hip::hip_copy_literal[id=main:@literal:19] -> float_type, {512, 512, 3, 3}, {4608, 9, 3, 1}, target_id=0
@266 = hip::hip_copy_literal[id=main:@literal:20] -> float_type, {512}, {1}, target_id=0
@267 = hip::hip_copy_literal[id=main:@literal:21] -> float_type, {512, 2048, 1, 1}, {2048, 1, 1, 1}, target_id=0
@268 = load[offset=100352,end=200704](@1) -> float_type, {1, 512, 7, 7}, {25088, 49, 7, 1}, target_id=0
@269 = broadcast[axis=1,out_lens={1, 512, 7, 7}](@266) -> float_type, {1, 512, 7, 7}, {0, 1, 0, 0}, target_id=0
@270 = gpu::code_object[code_object=6160,symbol_name=mlir_convolution_add_relu,global=8192,local=256,](@269,@264,@267,@268) -> float_type, {1, 512, 7, 7}, {25088, 49, 7, 1}, target_id=0
@271 = load[offset=0,end=0](@1) -> int8_type, {0}, {1}, target_id=0
@272 = load[offset=0,end=100352](@1) -> float_type, {1, 512, 7, 7}, {25088, 49, 7, 1}, target_id=0
@273 = gpu::convolution[op={padding={1, 1, 1, 1},stride={1, 1},dilation={1, 1},group=1,padding_mode=0},solution_object={binary_object: 436},algo=0,solution_id=0](@270,@265,@271,@272) -> float_type, {1, 512, 7, 7}, {25088, 49, 7, 1}, target_id=0
@274 = hip::hip_copy_literal[id=main:@literal:16] -> float_type, {2048}, {1}, target_id=0
@275 = hip::hip_copy_literal[id=main:@literal:17] -> float_type, {2048, 512, 1, 1}, {512, 1, 1, 1}, target_id=0
@276 = hip::hip_copy_literal[id=main:@literal:18] -> float_type, {512}, {1}, target_id=0
@277 = load[offset=602112,end=702464](@1) -> float_type, {1, 512, 7, 7}, {25088, 49, 7, 1}, target_id=0
@278 = broadcast[axis=1,out_lens={1, 512, 7, 7}](@276) -> float_type, {1, 512, 7, 7}, {0, 1, 0, 0}, target_id=0
@279 = gpu::code_object[code_object=5000,symbol_name=add_relu_kernel,global=25088,local=1024,](@273,@278,@277) -> float_type, {1, 512, 7, 7}, {25088, 49, 7, 1}, target_id=0
@280 = broadcast[axis=1,out_lens={1, 2048, 7, 7}](@274) -> float_type, {1, 2048, 7, 7}, {0, 1, 0, 0}, target_id=0
@281 = load[offset=1003520,end=1404928](@1) -> float_type, {1, 2048, 7, 7}, {100352, 49, 7, 1}, target_id=0
@282 = gpu::code_object[code_object=6232,symbol_name=mlir_convolution_add_add_relu,global=32768,local=256,](@280,@264,@279,@275,@281) -> float_type, {1, 2048, 7, 7}, {100352, 49, 7, 1}, target_id=0
@283 = hip::hip_copy_literal[id=main:@literal:13] -> float_type, {512, 512, 3, 3}, {4608, 9, 3, 1}, target_id=0
@284 = hip::hip_copy_literal[id=main:@literal:14] -> float_type, {512}, {1}, target_id=0
@285 = hip::hip_copy_literal[id=main:@literal:15] -> float_type, {512, 2048, 1, 1}, {2048, 1, 1, 1}, target_id=0
@286 = load[offset=0,end=100352](@1) -> float_type, {1, 512, 7, 7}, {25088, 49, 7, 1}, target_id=0
@287 = broadcast[axis=1,out_lens={1, 512, 7, 7}](@284) -> float_type, {1, 512, 7, 7}, {0, 1, 0, 0}, target_id=0
@288 = gpu::code_object[code_object=6160,symbol_name=mlir_convolution_add_relu,global=8192,local=256,](@287,@282,@285,@286) -> float_type, {1, 512, 7, 7}, {25088, 49, 7, 1}, target_id=0
@289 = load[offset=1505280,end=2408448](@1) -> int8_type, {903168}, {1}, target_id=0
@290 = load[offset=1404928,end=1505280](@1) -> float_type, {1, 512, 7, 7}, {25088, 49, 7, 1}, target_id=0
@291 = gpu::convolution[op={padding={1, 1, 1, 1},stride={1, 1},dilation={1, 1},group=1,padding_mode=0},solution_object={binary_object: 427},algo=0,solution_id=0](@288,@283,@289,@290) -> float_type, {1, 512, 7, 7}, {25088, 49, 7, 1}, target_id=0
@292 = hip::hip_copy_literal[id=main:@literal:0] -> float_type, {1, 1000}, {1000, 1}, target_id=0
@293 = hip::hip_copy_literal[id=main:@literal:1] -> float_type, {2048, 1000}, {1000, 1}, target_id=0
@294 = hip::hip_copy_literal[id=main:@literal:10] -> float_type, {2048}, {1}, target_id=0
@295 = hip::hip_copy_literal[id=main:@literal:11] -> float_type, {2048, 512, 1, 1}, {512, 1, 1, 1}, target_id=0
@296 = hip::hip_copy_literal[id=main:@literal:12] -> float_type, {512}, {1}, target_id=0
@297 = broadcast[axis=1,out_lens={1, 512, 7, 7}](@296) -> float_type, {1, 512, 7, 7}, {0, 1, 0, 0}, target_id=0
@298 = load[offset=501760,end=602112](@1) -> float_type, {1, 512, 7, 7}, {25088, 49, 7, 1}, target_id=0
@299 = gpu::code_object[code_object=5000,symbol_name=add_relu_kernel,global=25088,local=1024,](@291,@297,@298) -> float_type, {1, 512, 7, 7}, {25088, 49, 7, 1}, target_id=0
@300 = load[offset=100352,end=501760](@1) -> float_type, {1, 2048, 7, 7}, {100352, 49, 7, 1}, target_id=0
@301 = gpu::code_object[code_object=5688,symbol_name=mlir_convolution,global=32768,local=256,](@299,@295,@300) -> float_type, {1, 2048, 7, 7}, {100352, 49, 7, 1}, target_id=0
@302 = load[offset=0,end=8192](@1) -> float_type, {1, 2048, 1, 1}, {2048, 1, 1, 1}, target_id=0
@303 = broadcast[axis=1,out_lens={1, 2048, 7, 7}](@294) -> float_type, {1, 2048, 7, 7}, {0, 1, 0, 0}, target_id=0
@304 = gpu::code_object[code_object=5488,symbol_name=add_add_relu_mul_reduce_sum_kernel,global=131072,local=64,](@301,@303,@282,@302) -> float_type, {1, 2048, 1, 1}, {2048, 1, 1, 1}, target_id=0
@305 = flatten[axis=1](@304) -> float_type, {1, 2048}, {2048, 1}, target_id=0
main:#output_0 = @param:main:#output_0 -> float_type, {1, 1000}, {1000, 1}, target_id=0
@307 = gpu::gemm[alpha=1,beta=1,compute_fp32=1,trans_batch=0,solution_idx=0](@305,@293,@292,main:#output_0) -> float_type, {1, 1000}, {1000, 1}, target_id=0
@308 = @return(@307), target_id=0


Allocating params ... 
Running performance report ... 
@0 = check_context::migraphx::gpu::context -> float_type, {}, {}, target_id=0: 0.0009993ms, 1%
@1 = hip::hip_allocate_memory[shape=int8_type, {7225344}, {1},id=main:scratch] -> int8_type, {7225344}, {1}, target_id=0: 0.00095684ms, 1%
@2 = hip::hip_copy_literal[id=main:@literal:98] -> float_type, {64}, {1}, target_id=0: 0.00081594ms, 1%
@3 = hip::hip_copy_literal[id=main:@literal:99] -> float_type, {64, 3, 7, 7}, {147, 49, 7, 1}, target_id=0: 0.00055242ms, 1%
@4 = load[offset=3211264,end=6422528](@1) -> float_type, {1, 64, 112, 112}, {802816, 12544, 112, 1}, target_id=0: 0.00091932ms, 1%
@5 = broadcast[axis=1,out_lens={1, 64, 112, 112}](@2) -> float_type, {1, 64, 112, 112}, {0, 1, 0, 0}, target_id=0: 0.00094564ms, 1%
input.1 = @param:input.1 -> float_type, {1, 3, 224, 224}, {150528, 50176, 224, 1}, target_id=0: 0.00055002ms, 1%
@7 = gpu::code_object[code_object=7568,symbol_name=mlir_convolution_add_relu,global=50176,local=256,](@5,input.1,@3,@4) -> float_type, {1, 64, 112, 112}, {802816, 12544, 112, 1}, target_id=0: 0.0717803ms, 2%
@8 = load[offset=2408448,end=3211264](@1) -> float_type, {1, 64, 56, 56}, {200704, 3136, 56, 1}, target_id=0: 0.0007029ms, 1%
@9 = gpu::pooling[mode=max,padding={1, 1, 1, 1},padding_mode=0,stride={2, 2},lengths={3, 3},dilations={1, 1},ceil_mode=0,lp_order=2,dyn_global=0](@7,@8) -> float_type, {1, 64, 56, 56}, {200704, 3136, 56, 1}, target_id=0: 0.102563ms, 2%
@10 = hip::hip_copy_literal[id=main:@literal:96] -> float_type, {64}, {1}, target_id=0: 0.00136838ms, 1%
@11 = hip::hip_copy_literal[id=main:@literal:97] -> float_type, {64, 64, 1, 1}, {64, 1, 1, 1}, target_id=0: 0.00063742ms, 1%
@12 = broadcast[axis=1,out_lens={1, 64, 56, 56}](@10) -> float_type, {1, 64, 56, 56}, {0, 1, 0, 0}, target_id=0: 0.00102996ms, 1%
@13 = load[offset=0,end=802816](@1) -> float_type, {1, 64, 56, 56}, {200704, 3136, 56, 1}, target_id=0: 0.00069254ms, 1%
@14 = gpu::code_object[code_object=6288,symbol_name=mlir_convolution_add_relu,global=12544,local=256,](@12,@9,@11,@13) -> float_type, {1, 64, 56, 56}, {200704, 3136, 56, 1}, target_id=0: 0.0488258ms, 1%
@15 = hip::hip_copy_literal[id=main:@literal:95] -> float_type, {64, 64, 3, 3}, {576, 9, 3, 1}, target_id=0: 0.00068416ms, 1%
@16 = load[offset=0,end=0](@1) -> int8_type, {0}, {1}, target_id=0: 0.00064ms, 1%
@17 = load[offset=1605632,end=2408448](@1) -> float_type, {1, 64, 56, 56}, {200704, 3136, 56, 1}, target_id=0: 0.00054984ms, 1%
@18 = gpu::convolution[op={padding={1, 1, 1, 1},stride={1, 1},dilation={1, 1},group=1,padding_mode=0},solution_object={binary_object: 428},algo=0,solution_id=0](@14,@15,@16,@17) -> float_type, {1, 64, 56, 56}, {200704, 3136, 56, 1}, target_id=0: 0.103731ms, 2%
@19 = hip::hip_copy_literal[id=main:@literal:3] -> float_type, {256, 128, 1, 1}, {128, 1, 1, 1}, target_id=0: 0.00075854ms, 1%
@20 = hip::hip_copy_literal[id=main:@literal:94] -> float_type, {64}, {1}, target_id=0: 0.00076298ms, 1%
@21 = broadcast[axis=1,out_lens={1, 64, 56, 56}](@20) -> float_type, {1, 64, 56, 56}, {0, 1, 0, 0}, target_id=0: 0.00089366ms, 1%
@22 = load[offset=0,end=1605632](@1) -> float_type, {1, 128, 56, 56}, {401408, 3136, 56, 1}, target_id=0: 0.0006467ms, 1%
@23 = gpu::code_object[code_object=5360,symbol_name=add_relu_noop_concat_noop_kernel,global=100352,local=1024,](@18,@21,@9,@22) -> float_type, {1, 128, 56, 56}, {401408, 3136, 56, 1}, target_id=0: 0.0798215ms, 2%
@24 = hip::hip_copy_literal[id=main:@literal:2] -> float_type, {256}, {1}, target_id=0: 0.00064996ms, 1%
@25 = broadcast[axis=1,out_lens={1, 256, 56, 56}](@24) -> float_type, {1, 256, 56, 56}, {0, 1, 0, 0}, target_id=0: 0.00112568ms, 1%
@26 = load[offset=3211264,end=6422528](@1) -> float_type, {1, 256, 56, 56}, {802816, 3136, 56, 1}, target_id=0: 0.0005957ms, 1%
@27 = gpu::code_object[code_object=5712,symbol_name=mlir_convolution_add_relu,global=200704,local=256,](@25,@23,@19,@26) -> float_type, {1, 256, 56, 56}, {802816, 3136, 56, 1}, target_id=0: 0.0749168ms, 2%
@28 = hip::hip_copy_literal[id=main:@literal:92] -> float_type, {64}, {1}, target_id=0: 0.00064722ms, 1%
@29 = hip::hip_copy_literal[id=main:@literal:93] -> float_type, {64, 256, 1, 1}, {256, 1, 1, 1}, target_id=0: 0.0005508ms, 1%
@30 = load[offset=802816,end=1605632](@1) -> float_type, {1, 64, 56, 56}, {200704, 3136, 56, 1}, target_id=0: 0.00064416ms, 1%
@31 = broadcast[axis=1,out_lens={1, 64, 56, 56}](@28) -> float_type, {1, 64, 56, 56}, {0, 1, 0, 0}, target_id=0: 0.00097374ms, 1%
@32 = gpu::code_object[code_object=6672,symbol_name=mlir_convolution_add_relu,global=50176,local=128,](@31,@27,@29,@30) -> float_type, {1, 64, 56, 56}, {200704, 3136, 56, 1}, target_id=0: 0.0552064ms, 1%
@33 = hip::hip_copy_literal[id=main:@literal:91] -> float_type, {64, 64, 3, 3}, {576, 9, 3, 1}, target_id=0: 0.00061892ms, 1%
@34 = load[offset=0,end=0](@1) -> int8_type, {0}, {1}, target_id=0: 0.00061448ms, 1%
@35 = load[offset=0,end=802816](@1) -> float_type, {1, 64, 56, 56}, {200704, 3136, 56, 1}, target_id=0: 0.00054724ms, 1%
@36 = gpu::convolution[op={padding={1, 1, 1, 1},stride={1, 1},dilation={1, 1},group=1,padding_mode=0},solution_object={binary_object: 453},algo=0,solution_id=0](@32,@33,@34,@35) -> float_type, {1, 64, 56, 56}, {200704, 3136, 56, 1}, target_id=0: 0.0935518ms, 2%
@37 = hip::hip_copy_literal[id=main:@literal:90] -> float_type, {64}, {1}, target_id=0: 0.0008422ms, 1%
@38 = load[offset=6422528,end=7225344](@1) -> float_type, {1, 64, 56, 56}, {200704, 3136, 56, 1}, target_id=0: 0.00070954ms, 1%
@39 = broadcast[axis=1,out_lens={1, 64, 56, 56}](@37) -> float_type, {1, 64, 56, 56}, {0, 1, 0, 0}, target_id=0: 0.00116026ms, 1%
@40 = gpu::code_object[code_object=5256,symbol_name=add_relu_kernel,global=100352,local=1024,](@36,@39,@38) -> float_type, {1, 64, 56, 56}, {200704, 3136, 56, 1}, target_id=0: 0.0669742ms, 2%
@41 = hip::hip_copy_literal[id=main:@literal:88] -> float_type, {256}, {1}, target_id=0: 0.00072298ms, 1%
@42 = hip::hip_copy_literal[id=main:@literal:89] -> float_type, {256, 64, 1, 1}, {64, 1, 1, 1}, target_id=0: 0.0005226ms, 1%
@43 = load[offset=0,end=3211264](@1) -> float_type, {1, 256, 56, 56}, {802816, 3136, 56, 1}, target_id=0: 0.00062474ms, 1%
@44 = broadcast[axis=1,out_lens={1, 256, 56, 56}](@41) -> float_type, {1, 256, 56, 56}, {0, 1, 0, 0}, target_id=0: 0.00089212ms, 1%
@45 = gpu::code_object[code_object=6808,symbol_name=mlir_convolution_add_add_relu,global=50176,local=256,](@44,@27,@40,@42,@43) -> float_type, {1, 256, 56, 56}, {802816, 3136, 56, 1}, target_id=0: 0.0693159ms, 2%
@46 = hip::hip_copy_literal[id=main:@literal:86] -> float_type, {64}, {1}, target_id=0: 0.00065432ms, 1%
@47 = hip::hip_copy_literal[id=main:@literal:87] -> float_type, {64, 256, 1, 1}, {256, 1, 1, 1}, target_id=0: 0.0005292ms, 1%
@48 = load[offset=4014080,end=4816896](@1) -> float_type, {1, 64, 56, 56}, {200704, 3136, 56, 1}, target_id=0: 0.00060376ms, 1%
@49 = broadcast[axis=1,out_lens={1, 64, 56, 56}](@46) -> float_type, {1, 64, 56, 56}, {0, 1, 0, 0}, target_id=0: 0.00089856ms, 1%
@50 = gpu::code_object[code_object=6672,symbol_name=mlir_convolution_add_relu,global=50176,local=128,](@49,@45,@47,@48) -> float_type, {1, 64, 56, 56}, {200704, 3136, 56, 1}, target_id=0: 0.0537952ms, 1%
@51 = hip::hip_copy_literal[id=main:@literal:85] -> float_type, {64, 64, 3, 3}, {576, 9, 3, 1}, target_id=0: 0.00066682ms, 1%
@52 = load[offset=0,end=0](@1) -> int8_type, {0}, {1}, target_id=0: 0.0006048ms, 1%
@53 = load[offset=3211264,end=4014080](@1) -> float_type, {1, 64, 56, 56}, {200704, 3136, 56, 1}, target_id=0: 0.00056104ms, 1%
@54 = gpu::convolution[op={padding={1, 1, 1, 1},stride={1, 1},dilation={1, 1},group=1,padding_mode=0},solution_object={binary_object: 453},algo=0,solution_id=0](@50,@51,@52,@53) -> float_type, {1, 64, 56, 56}, {200704, 3136, 56, 1}, target_id=0: 0.0876915ms, 2%
@55 = hip::hip_copy_literal[id=main:@literal:84] -> float_type, {64}, {1}, target_id=0: 0.00077986ms, 1%
@56 = load[offset=6422528,end=7225344](@1) -> float_type, {1, 64, 56, 56}, {200704, 3136, 56, 1}, target_id=0: 0.00068248ms, 1%
@57 = broadcast[axis=1,out_lens={1, 64, 56, 56}](@55) -> float_type, {1, 64, 56, 56}, {0, 1, 0, 0}, target_id=0: 0.00123628ms, 1%
@58 = gpu::code_object[code_object=5256,symbol_name=add_relu_kernel,global=100352,local=1024,](@54,@57,@56) -> float_type, {1, 64, 56, 56}, {200704, 3136, 56, 1}, target_id=0: 0.0772203ms, 2%
@59 = hip::hip_copy_literal[id=main:@literal:82] -> float_type, {256}, {1}, target_id=0: 0.00068764ms, 1%
@60 = hip::hip_copy_literal[id=main:@literal:83] -> float_type, {256, 64, 1, 1}, {64, 1, 1, 1}, target_id=0: 0.00054924ms, 1%
@61 = load[offset=3211264,end=6422528](@1) -> float_type, {1, 256, 56, 56}, {802816, 3136, 56, 1}, target_id=0: 0.0006141ms, 1%
@62 = broadcast[axis=1,out_lens={1, 256, 56, 56}](@59) -> float_type, {1, 256, 56, 56}, {0, 1, 0, 0}, target_id=0: 0.00075772ms, 1%
@63 = gpu::code_object[code_object=6808,symbol_name=mlir_convolution_add_add_relu,global=50176,local=256,](@62,@45,@58,@60,@61) -> float_type, {1, 256, 56, 56}, {802816, 3136, 56, 1}, target_id=0: 0.0704032ms, 2%
@64 = hip::hip_copy_literal[id=main:@literal:80] -> float_type, {128}, {1}, target_id=0: 0.00067284ms, 1%
@65 = hip::hip_copy_literal[id=main:@literal:81] -> float_type, {128, 256, 1, 1}, {256, 1, 1, 1}, target_id=0: 0.00055946ms, 1%
@66 = load[offset=0,end=1605632](@1) -> float_type, {1, 128, 56, 56}, {401408, 3136, 56, 1}, target_id=0: 0.00061236ms, 1%
@67 = broadcast[axis=1,out_lens={1, 128, 56, 56}](@64) -> float_type, {1, 128, 56, 56}, {0, 1, 0, 0}, target_id=0: 0.00088926ms, 1%
@68 = gpu::code_object[code_object=7184,symbol_name=mlir_convolution_add_relu,global=100352,local=128,](@67,@63,@65,@66) -> float_type, {1, 128, 56, 56}, {401408, 3136, 56, 1}, target_id=0: 0.0772288ms, 2%
@69 = hip::hip_copy_literal[id=main:@literal:79] -> float_type, {128, 128, 3, 3}, {1152, 9, 3, 1}, target_id=0: 0.00064382ms, 1%
@70 = load[offset=0,end=0](@1) -> int8_type, {0}, {1}, target_id=0: 0.00060366ms, 1%
@71 = load[offset=1605632,end=2007040](@1) -> float_type, {1, 128, 28, 28}, {100352, 784, 28, 1}, target_id=0: 0.00053882ms, 1%
@72 = gpu::convolution[op={padding={1, 1, 1, 1},stride={2, 2},dilation={1, 1},group=1,padding_mode=0},solution_object={binary_object: 459},algo=0,solution_id=0](@68,@69,@70,@71) -> float_type, {1, 128, 28, 28}, {100352, 784, 28, 1}, target_id=0: 0.130119ms, 2%
@73 = hip::hip_copy_literal[id=main:@literal:6] -> float_type, {512, 384, 1, 1}, {384, 1, 1, 1}, target_id=0: 0.00073914ms, 1%
@74 = hip::hip_copy_literal[id=main:@literal:78] -> float_type, {128}, {1}, target_id=0: 0.00074872ms, 1%
@75 = load[offset=0,end=1204224](@1) -> float_type, {1, 384, 28, 28}, {301056, 784, 28, 1}, target_id=0: 0.0006931ms, 1%
@76 = step[axes={2, 3},steps={2, 2}](@63) -> float_type, {1, 256, 28, 28}, {802816, 3136, 112, 2}, target_id=0: 0.00139322ms, 1%
@77 = broadcast[axis=1,out_lens={1, 128, 28, 28}](@74) -> float_type, {1, 128, 28, 28}, {0, 1, 0, 0}, target_id=0: 0.00084572ms, 1%
@78 = gpu::code_object[code_object=5552,symbol_name=add_relu_noop_concat_noop_kernel,global=150528,local=1024,](@72,@77,@76,@75) -> float_type, {1, 384, 28, 28}, {301056, 784, 28, 1}, target_id=0: 0.090698ms, 2%
@79 = hip::hip_copy_literal[id=main:@literal:5] -> float_type, {512}, {1}, target_id=0: 0.00072624ms, 1%
@80 = broadcast[axis=1,out_lens={1, 512, 28, 28}](@79) -> float_type, {1, 512, 28, 28}, {0, 1, 0, 0}, target_id=0: 0.00105004ms, 1%
@81 = load[offset=4014080,end=5619712](@1) -> float_type, {1, 512, 28, 28}, {401408, 784, 28, 1}, target_id=0: 0.00062492ms, 1%
@82 = gpu::code_object[code_object=7888,symbol_name=mlir_convolution_add_relu,global=102400,local=256,](@80,@78,@73,@81) -> float_type, {1, 512, 28, 28}, {401408, 784, 28, 1}, target_id=0: 0.0828065ms, 2%
@83 = hip::hip_copy_literal[id=main:@literal:76] -> float_type, {128}, {1}, target_id=0: 0.00067668ms, 1%
@84 = hip::hip_copy_literal[id=main:@literal:77] -> float_type, {128, 512, 1, 1}, {512, 1, 1, 1}, target_id=0: 0.000517ms, 1%
@85 = load[offset=0,end=401408](@1) -> float_type, {1, 128, 28, 28}, {100352, 784, 28, 1}, target_id=0: 0.00063132ms, 1%
@86 = broadcast[axis=1,out_lens={1, 128, 28, 28}](@83) -> float_type, {1, 128, 28, 28}, {0, 1, 0, 0}, target_id=0: 0.0010706ms, 1%
@87 = gpu::code_object[code_object=5904,symbol_name=mlir_convolution_add_relu,global=25088,local=64,](@86,@82,@84,@85) -> float_type, {1, 128, 28, 28}, {100352, 784, 28, 1}, target_id=0: 0.0715536ms, 2%
@88 = hip::hip_copy_literal[id=main:@literal:75] -> float_type, {128, 128, 3, 3}, {1152, 9, 3, 1}, target_id=0: 0.0006813ms, 1%
@89 = load[offset=2195456,end=3588096](@1) -> int8_type, {1392640}, {1}, target_id=0: 0.00062752ms, 1%
@90 = load[offset=1794048,end=2195456](@1) -> float_type, {1, 128, 28, 28}, {100352, 784, 28, 1}, target_id=0: 0.0005436ms, 1%
@91 = gpu::convolution[op={padding={1, 1, 1, 1},stride={1, 1},dilation={1, 1},group=1,padding_mode=0},solution_object={binary_object: 557},algo=0,solution_id=0](@87,@88,@89,@90) -> float_type, {1, 128, 28, 28}, {100352, 784, 28, 1}, target_id=0: 0.17082ms, 3%
@92 = hip::hip_copy_literal[id=main:@literal:74] -> float_type, {128}, {1}, target_id=0: 0.00087914ms, 1%
@93 = load[offset=0,end=401408](@1) -> float_type, {1, 128, 28, 28}, {100352, 784, 28, 1}, target_id=0: 0.00198908ms, 1%
@94 = broadcast[axis=1,out_lens={1, 128, 28, 28}](@92) -> float_type, {1, 128, 28, 28}, {0, 1, 0, 0}, target_id=0: 0.00161006ms, 1%
@95 = gpu::code_object[code_object=5256,symbol_name=add_relu_kernel,global=50176,local=1024,](@91,@94,@93) -> float_type, {1, 128, 28, 28}, {100352, 784, 28, 1}, target_id=0: 0.0844462ms, 2%
@96 = hip::hip_copy_literal[id=main:@literal:72] -> float_type, {512}, {1}, target_id=0: 0.0007043ms, 1%
@97 = hip::hip_copy_literal[id=main:@literal:73] -> float_type, {512, 128, 1, 1}, {128, 1, 1, 1}, target_id=0: 0.00056224ms, 1%
@98 = load[offset=2408448,end=4014080](@1) -> float_type, {1, 512, 28, 28}, {401408, 784, 28, 1}, target_id=0: 0.0006647ms, 1%
@99 = broadcast[axis=1,out_lens={1, 512, 28, 28}](@96) -> float_type, {1, 512, 28, 28}, {0, 1, 0, 0}, target_id=0: 0.00103302ms, 1%
@100 = gpu::code_object[code_object=6040,symbol_name=mlir_convolution_add_add_relu,global=102400,local=256,](@99,@82,@95,@97,@98) -> float_type, {1, 512, 28, 28}, {401408, 784, 28, 1}, target_id=0: 0.0570727ms, 1%
@101 = hip::hip_copy_literal[id=main:@literal:70] -> float_type, {128}, {1}, target_id=0: 0.00077886ms, 1%
@102 = hip::hip_copy_literal[id=main:@literal:71] -> float_type, {128, 512, 1, 1}, {512, 1, 1, 1}, target_id=0: 0.00061834ms, 1%
@103 = load[offset=802816,end=1204224](@1) -> float_type, {1, 128, 28, 28}, {100352, 784, 28, 1}, target_id=0: 0.00077728ms, 1%
@104 = broadcast[axis=1,out_lens={1, 128, 28, 28}](@101) -> float_type, {1, 128, 28, 28}, {0, 1, 0, 0}, target_id=0: 0.00115924ms, 1%
@105 = gpu::code_object[code_object=5904,symbol_name=mlir_convolution_add_relu,global=25088,local=64,](@104,@100,@102,@103) -> float_type, {1, 128, 28, 28}, {100352, 784, 28, 1}, target_id=0: 0.0677752ms, 2%
@106 = hip::hip_copy_literal[id=main:@literal:69] -> float_type, {128, 128, 3, 3}, {1152, 9, 3, 1}, target_id=0: 0.00064256ms, 1%
@107 = load[offset=0,end=0](@1) -> int8_type, {0}, {1}, target_id=0: 0.00063246ms, 1%
@108 = load[offset=401408,end=802816](@1) -> float_type, {1, 128, 28, 28}, {100352, 784, 28, 1}, target_id=0: 0.00058406ms, 1%
@109 = gpu::convolution[op={padding={1, 1, 1, 1},stride={1, 1},dilation={1, 1},group=1,padding_mode=0},solution_object={binary_object: 440},algo=0,solution_id=0](@105,@106,@107,@108) -> float_type, {1, 128, 28, 28}, {100352, 784, 28, 1}, target_id=0: 0.120425ms, 2%
@110 = hip::hip_copy_literal[id=main:@literal:68] -> float_type, {128}, {1}, target_id=0: 0.0007682ms, 1%
@111 = load[offset=0,end=401408](@1) -> float_type, {1, 128, 28, 28}, {100352, 784, 28, 1}, target_id=0: 0.00069696ms, 1%
@112 = broadcast[axis=1,out_lens={1, 128, 28, 28}](@110) -> float_type, {1, 128, 28, 28}, {0, 1, 0, 0}, target_id=0: 0.0011338ms, 1%
@113 = gpu::code_object[code_object=5256,symbol_name=add_relu_kernel,global=50176,local=1024,](@109,@112,@111) -> float_type, {1, 128, 28, 28}, {100352, 784, 28, 1}, target_id=0: 0.0625151ms, 1%
@114 = hip::hip_copy_literal[id=main:@literal:66] -> float_type, {512}, {1}, target_id=0: 0.00070644ms, 1%
@115 = hip::hip_copy_literal[id=main:@literal:67] -> float_type, {512, 128, 1, 1}, {128, 1, 1, 1}, target_id=0: 0.0006165ms, 1%
@116 = load[offset=802816,end=2408448](@1) -> float_type, {1, 512, 28, 28}, {401408, 784, 28, 1}, target_id=0: 0.00065662ms, 1%
@117 = broadcast[axis=1,out_lens={1, 512, 28, 28}](@114) -> float_type, {1, 512, 28, 28}, {0, 1, 0, 0}, target_id=0: 0.00113216ms, 1%
@118 = gpu::code_object[code_object=6040,symbol_name=mlir_convolution_add_add_relu,global=102400,local=256,](@117,@100,@113,@115,@116) -> float_type, {1, 512, 28, 28}, {401408, 784, 28, 1}, target_id=0: 0.0633831ms, 1%
@119 = hip::hip_copy_literal[id=main:@literal:64] -> float_type, {128}, {1}, target_id=0: 0.00064076ms, 1%
@120 = hip::hip_copy_literal[id=main:@literal:65] -> float_type, {128, 512, 1, 1}, {512, 1, 1, 1}, target_id=0: 0.00134096ms, 1%
@121 = load[offset=401408,end=802816](@1) -> float_type, {1, 128, 28, 28}, {100352, 784, 28, 1}, target_id=0: 0.0006204ms, 1%
@122 = broadcast[axis=1,out_lens={1, 128, 28, 28}](@119) -> float_type, {1, 128, 28, 28}, {0, 1, 0, 0}, target_id=0: 0.00110868ms, 1%
@123 = gpu::code_object[code_object=5904,symbol_name=mlir_convolution_add_relu,global=25088,local=64,](@122,@118,@120,@121) -> float_type, {1, 128, 28, 28}, {100352, 784, 28, 1}, target_id=0: 0.0702288ms, 2%
@124 = hip::hip_copy_literal[id=main:@literal:63] -> float_type, {128, 128, 3, 3}, {1152, 9, 3, 1}, target_id=0: 0.00077204ms, 1%
@125 = load[offset=0,end=0](@1) -> int8_type, {0}, {1}, target_id=0: 0.00071492ms, 1%
@126 = load[offset=0,end=401408](@1) -> float_type, {1, 128, 28, 28}, {100352, 784, 28, 1}, target_id=0: 0.00055242ms, 1%
@127 = gpu::convolution[op={padding={1, 1, 1, 1},stride={1, 1},dilation={1, 1},group=1,padding_mode=0},solution_object={binary_object: 440},algo=0,solution_id=0](@123,@124,@125,@126) -> float_type, {1, 128, 28, 28}, {100352, 784, 28, 1}, target_id=0: 0.112168ms, 2%
@128 = hip::hip_copy_literal[id=main:@literal:62] -> float_type, {128}, {1}, target_id=0: 0.00073772ms, 1%
@129 = load[offset=4214784,end=4616192](@1) -> float_type, {1, 128, 28, 28}, {100352, 784, 28, 1}, target_id=0: 0.00070094ms, 1%
@130 = broadcast[axis=1,out_lens={1, 128, 28, 28}](@128) -> float_type, {1, 128, 28, 28}, {0, 1, 0, 0}, target_id=0: 0.00113258ms, 1%
@131 = gpu::code_object[code_object=5256,symbol_name=add_relu_kernel,global=50176,local=1024,](@127,@130,@129) -> float_type, {1, 128, 28, 28}, {100352, 784, 28, 1}, target_id=0: 0.0731207ms, 2%
@132 = hip::hip_copy_literal[id=main:@literal:60] -> float_type, {512}, {1}, target_id=0: 0.00066948ms, 1%
@133 = hip::hip_copy_literal[id=main:@literal:61] -> float_type, {512, 128, 1, 1}, {128, 1, 1, 1}, target_id=0: 0.00053962ms, 1%
@134 = load[offset=2609152,end=4214784](@1) -> float_type, {1, 512, 28, 28}, {401408, 784, 28, 1}, target_id=0: 0.00062986ms, 1%
@135 = broadcast[axis=1,out_lens={1, 512, 28, 28}](@132) -> float_type, {1, 512, 28, 28}, {0, 1, 0, 0}, target_id=0: 0.00098366ms, 1%
@136 = gpu::code_object[code_object=6040,symbol_name=mlir_convolution_add_add_relu,global=102400,local=256,](@135,@118,@131,@133,@134) -> float_type, {1, 512, 28, 28}, {401408, 784, 28, 1}, target_id=0: 0.0509634ms, 1%
@137 = hip::hip_copy_literal[id=main:@literal:7] -> float_type, {1024}, {1}, target_id=0: 0.0006291ms, 1%
@138 = hip::hip_copy_literal[id=main:@literal:58] -> float_type, {256}, {1}, target_id=0: 0.00121656ms, 1%
@139 = hip::hip_copy_literal[id=main:@literal:59] -> float_type, {256, 512, 1, 1}, {512, 1, 1, 1}, target_id=0: 0.00083844ms, 1%
@140 = load[offset=0,end=802816](@1) -> float_type, {1, 256, 28, 28}, {200704, 784, 28, 1}, target_id=0: 0.00074454ms, 1%
@141 = broadcast[axis=1,out_lens={1, 256, 28, 28}](@138) -> float_type, {1, 256, 28, 28}, {0, 1, 0, 0}, target_id=0: 0.00085842ms, 1%
@142 = gpu::code_object[code_object=5840,symbol_name=mlir_convolution_add_relu,global=51200,local=256,](@141,@136,@139,@140) -> float_type, {1, 256, 28, 28}, {200704, 784, 28, 1}, target_id=0: 0.0726124ms, 2%
@143 = hip::hip_copy_literal[id=main:@literal:57] -> float_type, {256, 256, 3, 3}, {2304, 9, 3, 1}, target_id=0: 0.00065258ms, 1%
@144 = load[offset=4415488,end=6221824](@1) -> int8_type, {1806336}, {1}, target_id=0: 0.00061852ms, 1%
@145 = load[offset=4214784,end=4415488](@1) -> float_type, {1, 256, 14, 14}, {50176, 196, 14, 1}, target_id=0: 0.00057126ms, 1%
@146 = gpu::convolution[op={padding={1, 1, 1, 1},stride={2, 2},dilation={1, 1},group=1,padding_mode=0},solution_object={binary_object: 432},algo=0,solution_id=0](@142,@143,@144,@145) -> float_type, {1, 256, 14, 14}, {50176, 196, 14, 1}, target_id=0: 0.170845ms, 3%
@147 = hip::hip_copy_literal[id=main:@literal:4] -> float_type, {1024, 768, 1, 1}, {768, 1, 1, 1}, target_id=0: 0.00118192ms, 1%
@148 = hip::hip_copy_literal[id=main:@literal:26] -> float_type, {1024}, {1}, target_id=0: 0.00084958ms, 1%
@149 = hip::hip_copy_literal[id=main:@literal:27] -> float_type, {1024, 256, 1, 1}, {256, 1, 1, 1}, target_id=0: 0.00053928ms, 1%
@150 = hip::hip_copy_literal[id=main:@literal:28] -> float_type, {256}, {1}, target_id=0: 0.00058716ms, 1%
@151 = hip::hip_copy_literal[id=main:@literal:32] -> float_type, {1024}, {1}, target_id=0: 0.000522ms, 1%
@152 = hip::hip_copy_literal[id=main:@literal:33] -> float_type, {1024, 256, 1, 1}, {256, 1, 1, 1}, target_id=0: 0.0007265ms, 1%
@153 = hip::hip_copy_literal[id=main:@literal:34] -> float_type, {256}, {1}, target_id=0: 0.0005358ms, 1%
@154 = hip::hip_copy_literal[id=main:@literal:38] -> float_type, {1024}, {1}, target_id=0: 0.00064576ms, 1%
@155 = hip::hip_copy_literal[id=main:@literal:39] -> float_type, {1024, 256, 1, 1}, {256, 1, 1, 1}, target_id=0: 0.00050974ms, 1%
@156 = hip::hip_copy_literal[id=main:@literal:40] -> float_type, {256}, {1}, target_id=0: 0.00054044ms, 1%
@157 = hip::hip_copy_literal[id=main:@literal:44] -> float_type, {1024}, {1}, target_id=0: 0.00051096ms, 1%
@158 = hip::hip_copy_literal[id=main:@literal:45] -> float_type, {1024, 256, 1, 1}, {256, 1, 1, 1}, target_id=0: 0.00066486ms, 1%
@159 = hip::hip_copy_literal[id=main:@literal:46] -> float_type, {256}, {1}, target_id=0: 0.00048188ms, 1%
@160 = hip::hip_copy_literal[id=main:@literal:50] -> float_type, {1024}, {1}, target_id=0: 0.00057068ms, 1%
@161 = hip::hip_copy_literal[id=main:@literal:51] -> float_type, {1024, 256, 1, 1}, {256, 1, 1, 1}, target_id=0: 0.00049576ms, 1%
@162 = hip::hip_copy_literal[id=main:@literal:52] -> float_type, {256}, {1}, target_id=0: 0.0005374ms, 1%
@163 = hip::hip_copy_literal[id=main:@literal:56] -> float_type, {256}, {1}, target_id=0: 0.0005068ms, 1%
@164 = load[offset=0,end=602112](@1) -> float_type, {1, 768, 14, 14}, {150528, 196, 14, 1}, target_id=0: 0.00108246ms, 1%
@165 = broadcast[axis=1,out_lens={1, 256, 14, 14}](@163) -> float_type, {1, 256, 14, 14}, {0, 1, 0, 0}, target_id=0: 0.00196134ms, 1%
@166 = step[axes={2, 3},steps={2, 2}](@136) -> float_type, {1, 512, 14, 14}, {401408, 784, 56, 2}, target_id=0: 0.00117138ms, 1%
@167 = gpu::code_object[code_object=5552,symbol_name=add_relu_noop_concat_noop_kernel,global=75264,local=1024,](@146,@165,@166,@164) -> float_type, {1, 768, 14, 14}, {150528, 196, 14, 1}, target_id=0: 0.0921065ms, 2%
@168 = broadcast[axis=1,out_lens={1, 1024, 14, 14}](@137) -> float_type, {1, 1024, 14, 14}, {0, 1, 0, 0}, target_id=0: 0.00175184ms, 1%
@169 = load[offset=2961408,end=3764224](@1) -> float_type, {1, 1024, 14, 14}, {200704, 196, 14, 1}, target_id=0: 0.00063748ms, 1%
@170 = gpu::code_object[code_object=5968,symbol_name=mlir_convolution_add_relu,global=57344,local=256,](@168,@167,@147,@169) -> float_type, {1, 1024, 14, 14}, {200704, 196, 14, 1}, target_id=0: 0.0838771ms, 2%
@171 = hip::hip_copy_literal[id=main:@literal:53] -> float_type, {256, 256, 3, 3}, {2304, 9, 3, 1}, target_id=0: 0.00073926ms, 1%
@172 = hip::hip_copy_literal[id=main:@literal:54] -> float_type, {256}, {1}, target_id=0: 0.0005915ms, 1%
@173 = hip::hip_copy_literal[id=main:@literal:55] -> float_type, {256, 1024, 1, 1}, {1024, 1, 1, 1}, target_id=0: 0.00062594ms, 1%
@174 = load[offset=0,end=200704](@1) -> float_type, {1, 256, 14, 14}, {50176, 196, 14, 1}, target_id=0: 0.00064988ms, 1%
@175 = broadcast[axis=1,out_lens={1, 256, 14, 14}](@172) -> float_type, {1, 256, 14, 14}, {0, 1, 0, 0}, target_id=0: 0.00109394ms, 1%
@176 = gpu::code_object[code_object=5392,symbol_name=mlir_convolution_add_relu,global=14336,local=256,](@175,@170,@173,@174) -> float_type, {1, 256, 14, 14}, {50176, 196, 14, 1}, target_id=0: 0.0817788ms, 2%
@177 = load[offset=3964928,end=6725632](@1) -> int8_type, {2760704}, {1}, target_id=0: 0.00070538ms, 1%
@178 = load[offset=3764224,end=3964928](@1) -> float_type, {1, 256, 14, 14}, {50176, 196, 14, 1}, target_id=0: 0.00059184ms, 1%
@179 = gpu::convolution[op={padding={1, 1, 1, 1},stride={1, 1},dilation={1, 1},group=1,padding_mode=0},solution_object={binary_object: 555},algo=0,solution_id=0](@176,@171,@177,@178) -> float_type, {1, 256, 14, 14}, {50176, 196, 14, 1}, target_id=0: 0.22084ms, 4%
@180 = load[offset=0,end=200704](@1) -> float_type, {1, 256, 14, 14}, {50176, 196, 14, 1}, target_id=0: 0.00176932ms, 1%
@181 = broadcast[axis=1,out_lens={1, 256, 14, 14}](@162) -> float_type, {1, 256, 14, 14}, {0, 1, 0, 0}, target_id=0: 0.00175292ms, 1%
@182 = gpu::code_object[code_object=5000,symbol_name=add_relu_kernel,global=25088,local=1024,](@179,@181,@180) -> float_type, {1, 256, 14, 14}, {50176, 196, 14, 1}, target_id=0: 0.087823ms, 2%
@183 = load[offset=2007040,end=2809856](@1) -> float_type, {1, 1024, 14, 14}, {200704, 196, 14, 1}, target_id=0: 0.00106162ms, 1%
@184 = broadcast[axis=1,out_lens={1, 1024, 14, 14}](@160) -> float_type, {1, 1024, 14, 14}, {0, 1, 0, 0}, target_id=0: 0.00117366ms, 1%
@185 = gpu::code_object[code_object=7448,symbol_name=mlir_convolution_add_add_relu,global=57344,local=128,](@184,@170,@182,@161,@183) -> float_type, {1, 1024, 14, 14}, {200704, 196, 14, 1}, target_id=0: 0.0771704ms, 2%
@186 = hip::hip_copy_literal[id=main:@literal:47] -> float_type, {256, 256, 3, 3}, {2304, 9, 3, 1}, target_id=0: 0.0008552ms, 1%
@187 = hip::hip_copy_literal[id=main:@literal:48] -> float_type, {256}, {1}, target_id=0: 0.00056424ms, 1%
@188 = hip::hip_copy_literal[id=main:@literal:49] -> float_type, {256, 1024, 1, 1}, {1024, 1, 1, 1}, target_id=0: 0.00068134ms, 1%
@189 = load[offset=401408,end=602112](@1) -> float_type, {1, 256, 14, 14}, {50176, 196, 14, 1}, target_id=0: 0.00063492ms, 1%
@190 = broadcast[axis=1,out_lens={1, 256, 14, 14}](@187) -> float_type, {1, 256, 14, 14}, {0, 1, 0, 0}, target_id=0: 0.00093758ms, 1%
@191 = gpu::code_object[code_object=5392,symbol_name=mlir_convolution_add_relu,global=14336,local=256,](@190,@185,@188,@189) -> float_type, {1, 256, 14, 14}, {50176, 196, 14, 1}, target_id=0: 0.0807538ms, 2%
@192 = load[offset=0,end=0](@1) -> int8_type, {0}, {1}, target_id=0: 0.00070804ms, 1%
@193 = load[offset=200704,end=401408](@1) -> float_type, {1, 256, 14, 14}, {50176, 196, 14, 1}, target_id=0: 0.00057748ms, 1%
@194 = gpu::convolution[op={padding={1, 1, 1, 1},stride={1, 1},dilation={1, 1},group=1,padding_mode=0},solution_object={binary_object: 438},algo=0,solution_id=0](@191,@186,@192,@193) -> float_type, {1, 256, 14, 14}, {50176, 196, 14, 1}, target_id=0: 0.134634ms, 3%
@195 = broadcast[axis=1,out_lens={1, 256, 14, 14}](@159) -> float_type, {1, 256, 14, 14}, {0, 1, 0, 0}, target_id=0: 0.00194304ms, 1%
@196 = load[offset=2809856,end=3010560](@1) -> float_type, {1, 256, 14, 14}, {50176, 196, 14, 1}, target_id=0: 0.00067566ms, 1%
@197 = gpu::code_object[code_object=5000,symbol_name=add_relu_kernel,global=25088,local=1024,](@194,@195,@196) -> float_type, {1, 256, 14, 14}, {50176, 196, 14, 1}, target_id=0: 0.0852467ms, 2%
@198 = broadcast[axis=1,out_lens={1, 1024, 14, 14}](@157) -> float_type, {1, 1024, 14, 14}, {0, 1, 0, 0}, target_id=0: 0.00134158ms, 1%
@199 = load[offset=0,end=802816](@1) -> float_type, {1, 1024, 14, 14}, {200704, 196, 14, 1}, target_id=0: 0.00060934ms, 1%
@200 = gpu::code_object[code_object=7448,symbol_name=mlir_convolution_add_add_relu,global=57344,local=128,](@198,@185,@197,@158,@199) -> float_type, {1, 1024, 14, 14}, {200704, 196, 14, 1}, target_id=0: 0.0765807ms, 2%
@201 = hip::hip_copy_literal[id=main:@literal:41] -> float_type, {256, 256, 3, 3}, {2304, 9, 3, 1}, target_id=0: 0.00078118ms, 1%
@202 = hip::hip_copy_literal[id=main:@literal:42] -> float_type, {256}, {1}, target_id=0: 0.00056646ms, 1%
@203 = hip::hip_copy_literal[id=main:@literal:43] -> float_type, {256, 1024, 1, 1}, {1024, 1, 1, 1}, target_id=0: 0.00087956ms, 1%
@204 = broadcast[axis=1,out_lens={1, 256, 14, 14}](@202) -> float_type, {1, 256, 14, 14}, {0, 1, 0, 0}, target_id=0: 0.00101334ms, 1%
@205 = load[offset=2809856,end=3010560](@1) -> float_type, {1, 256, 14, 14}, {50176, 196, 14, 1}, target_id=0: 0.0005944ms, 1%
@206 = gpu::code_object[code_object=5392,symbol_name=mlir_convolution_add_relu,global=14336,local=256,](@204,@200,@203,@205) -> float_type, {1, 256, 14, 14}, {50176, 196, 14, 1}, target_id=0: 0.0796342ms, 2%
@207 = load[offset=1003520,end=2809856](@1) -> int8_type, {1806336}, {1}, target_id=0: 0.0006944ms, 1%
@208 = load[offset=802816,end=1003520](@1) -> float_type, {1, 256, 14, 14}, {50176, 196, 14, 1}, target_id=0: 0.00057626ms, 1%
@209 = gpu::convolution[op={padding={1, 1, 1, 1},stride={1, 1},dilation={1, 1},group=1,padding_mode=0},solution_object={binary_object: 429},algo=0,solution_id=0](@206,@201,@207,@208) -> float_type, {1, 256, 14, 14}, {50176, 196, 14, 1}, target_id=0: 0.158978ms, 3%
@210 = load[offset=1003520,end=1204224](@1) -> float_type, {1, 256, 14, 14}, {50176, 196, 14, 1}, target_id=0: 0.001176ms, 1%
@211 = broadcast[axis=1,out_lens={1, 256, 14, 14}](@156) -> float_type, {1, 256, 14, 14}, {0, 1, 0, 0}, target_id=0: 0.00214342ms, 1%
@212 = gpu::code_object[code_object=5000,symbol_name=add_relu_kernel,global=25088,local=1024,](@209,@211,@210) -> float_type, {1, 256, 14, 14}, {50176, 196, 14, 1}, target_id=0: 0.0502089ms, 1%
@213 = load[offset=2961408,end=3764224](@1) -> float_type, {1, 1024, 14, 14}, {200704, 196, 14, 1}, target_id=0: 0.00070774ms, 1%
@214 = broadcast[axis=1,out_lens={1, 1024, 14, 14}](@154) -> float_type, {1, 1024, 14, 14}, {0, 1, 0, 0}, target_id=0: 0.00132472ms, 1%
@215 = gpu::code_object[code_object=7448,symbol_name=mlir_convolution_add_add_relu,global=57344,local=128,](@214,@200,@212,@155,@213) -> float_type, {1, 1024, 14, 14}, {200704, 196, 14, 1}, target_id=0: 0.0719401ms, 2%
@216 = hip::hip_copy_literal[id=main:@literal:35] -> float_type, {256, 256, 3, 3}, {2304, 9, 3, 1}, target_id=0: 0.00107442ms, 1%
@217 = hip::hip_copy_literal[id=main:@literal:36] -> float_type, {256}, {1}, target_id=0: 0.00055044ms, 1%
@218 = hip::hip_copy_literal[id=main:@literal:37] -> float_type, {256, 1024, 1, 1}, {1024, 1, 1, 1}, target_id=0: 0.00068554ms, 1%
@219 = load[offset=0,end=200704](@1) -> float_type, {1, 256, 14, 14}, {50176, 196, 14, 1}, target_id=0: 0.00071624ms, 1%
@220 = broadcast[axis=1,out_lens={1, 256, 14, 14}](@217) -> float_type, {1, 256, 14, 14}, {0, 1, 0, 0}, target_id=0: 0.0011291ms, 1%
@221 = gpu::code_object[code_object=5392,symbol_name=mlir_convolution_add_relu,global=14336,local=256,](@220,@215,@218,@219) -> float_type, {1, 256, 14, 14}, {50176, 196, 14, 1}, target_id=0: 0.080928ms, 2%
@222 = load[offset=3964928,end=6725632](@1) -> int8_type, {2760704}, {1}, target_id=0: 0.00070622ms, 1%
@223 = load[offset=3764224,end=3964928](@1) -> float_type, {1, 256, 14, 14}, {50176, 196, 14, 1}, target_id=0: 0.0005909ms, 1%
@224 = gpu::convolution[op={padding={1, 1, 1, 1},stride={1, 1},dilation={1, 1},group=1,padding_mode=0},solution_object={binary_object: 555},algo=0,solution_id=0](@221,@216,@222,@223) -> float_type, {1, 256, 14, 14}, {50176, 196, 14, 1}, target_id=0: 0.220448ms, 4%
@225 = broadcast[axis=1,out_lens={1, 256, 14, 14}](@153) -> float_type, {1, 256, 14, 14}, {0, 1, 0, 0}, target_id=0: 0.00250414ms, 1%
@226 = load[offset=0,end=200704](@1) -> float_type, {1, 256, 14, 14}, {50176, 196, 14, 1}, target_id=0: 0.0008602ms, 1%
@227 = gpu::code_object[code_object=5000,symbol_name=add_relu_kernel,global=25088,local=1024,](@224,@225,@226) -> float_type, {1, 256, 14, 14}, {50176, 196, 14, 1}, target_id=0: 0.0704181ms, 2%
@228 = load[offset=401408,end=1204224](@1) -> float_type, {1, 1024, 14, 14}, {200704, 196, 14, 1}, target_id=0: 0.0010941ms, 1%
@229 = broadcast[axis=1,out_lens={1, 1024, 14, 14}](@151) -> float_type, {1, 1024, 14, 14}, {0, 1, 0, 0}, target_id=0: 0.00137368ms, 1%
@230 = gpu::code_object[code_object=7448,symbol_name=mlir_convolution_add_add_relu,global=57344,local=128,](@229,@215,@227,@152,@228) -> float_type, {1, 1024, 14, 14}, {200704, 196, 14, 1}, target_id=0: 0.0808582ms, 2%
@231 = hip::hip_copy_literal[id=main:@literal:29] -> float_type, {256, 256, 3, 3}, {2304, 9, 3, 1}, target_id=0: 0.00084764ms, 1%
@232 = hip::hip_copy_literal[id=main:@literal:30] -> float_type, {256}, {1}, target_id=0: 0.00055286ms, 1%
@233 = hip::hip_copy_literal[id=main:@literal:31] -> float_type, {256, 1024, 1, 1}, {1024, 1, 1, 1}, target_id=0: 0.00082286ms, 1%
@234 = load[offset=200704,end=401408](@1) -> float_type, {1, 256, 14, 14}, {50176, 196, 14, 1}, target_id=0: 0.000641ms, 1%
@235 = broadcast[axis=1,out_lens={1, 256, 14, 14}](@232) -> float_type, {1, 256, 14, 14}, {0, 1, 0, 0}, target_id=0: 0.00093916ms, 1%
@236 = gpu::code_object[code_object=5392,symbol_name=mlir_convolution_add_relu,global=14336,local=256,](@235,@230,@233,@234) -> float_type, {1, 256, 14, 14}, {50176, 196, 14, 1}, target_id=0: 0.0817177ms, 2%
@237 = load[offset=0,end=0](@1) -> int8_type, {0}, {1}, target_id=0: 0.00070514ms, 1%
@238 = load[offset=0,end=200704](@1) -> float_type, {1, 256, 14, 14}, {50176, 196, 14, 1}, target_id=0: 0.00066496ms, 1%
@239 = gpu::convolution[op={padding={1, 1, 1, 1},stride={1, 1},dilation={1, 1},group=1,padding_mode=0},solution_object={binary_object: 438},algo=0,solution_id=0](@236,@231,@237,@238) -> float_type, {1, 256, 14, 14}, {50176, 196, 14, 1}, target_id=0: 0.153481ms, 3%
@240 = load[offset=2107392,end=2308096](@1) -> float_type, {1, 256, 14, 14}, {50176, 196, 14, 1}, target_id=0: 0.00077554ms, 1%
@241 = broadcast[axis=1,out_lens={1, 256, 14, 14}](@150) -> float_type, {1, 256, 14, 14}, {0, 1, 0, 0}, target_id=0: 0.00126796ms, 1%
@242 = gpu::code_object[code_object=5000,symbol_name=add_relu_kernel,global=25088,local=1024,](@239,@241,@240) -> float_type, {1, 256, 14, 14}, {50176, 196, 14, 1}, target_id=0: 0.0776126ms, 2%
@243 = load[offset=1304576,end=2107392](@1) -> float_type, {1, 1024, 14, 14}, {200704, 196, 14, 1}, target_id=0: 0.00069294ms, 1%
@244 = broadcast[axis=1,out_lens={1, 1024, 14, 14}](@148) -> float_type, {1, 1024, 14, 14}, {0, 1, 0, 0}, target_id=0: 0.00095956ms, 1%
@245 = gpu::code_object[code_object=7448,symbol_name=mlir_convolution_add_add_relu,global=57344,local=128,](@244,@230,@242,@149,@243) -> float_type, {1, 1024, 14, 14}, {200704, 196, 14, 1}, target_id=0: 0.0757148ms, 2%
@246 = hip::hip_copy_literal[id=main:@literal:23] -> float_type, {512, 512, 3, 3}, {4608, 9, 3, 1}, target_id=0: 0.00076994ms, 1%
@247 = hip::hip_copy_literal[id=main:@literal:24] -> float_type, {512}, {1}, target_id=0: 0.0005362ms, 1%
@248 = hip::hip_copy_literal[id=main:@literal:25] -> float_type, {512, 1024, 1, 1}, {1024, 1, 1, 1}, target_id=0: 0.00067164ms, 1%
@249 = broadcast[axis=1,out_lens={1, 512, 14, 14}](@247) -> float_type, {1, 512, 14, 14}, {0, 1, 0, 0}, target_id=0: 0.00120786ms, 1%
@250 = load[offset=0,end=401408](@1) -> float_type, {1, 512, 14, 14}, {100352, 196, 14, 1}, target_id=0: 0.0006145ms, 1%
@251 = gpu::code_object[code_object=6032,symbol_name=mlir_convolution_add_relu,global=28672,local=256,](@249,@245,@248,@250) -> float_type, {1, 512, 14, 14}, {100352, 196, 14, 1}, target_id=0: 0.0805028ms, 2%
@252 = load[offset=2207744,end=3110912](@1) -> int8_type, {903168}, {1}, target_id=0: 0.00069688ms, 1%
@253 = load[offset=2107392,end=2207744](@1) -> float_type, {1, 512, 7, 7}, {25088, 49, 7, 1}, target_id=0: 0.00058032ms, 1%
@254 = gpu::convolution[op={padding={1, 1, 1, 1},stride={2, 2},dilation={1, 1},group=1,padding_mode=0},solution_object={binary_object: 430},algo=0,solution_id=0](@251,@246,@252,@253) -> float_type, {1, 512, 7, 7}, {25088, 49, 7, 1}, target_id=0: 0.179255ms, 3%
@255 = hip::hip_copy_literal[id=main:@literal:9] -> float_type, {2048, 1536, 1, 1}, {1536, 1, 1, 1}, target_id=0: 0.00115642ms, 1%
@256 = hip::hip_copy_literal[id=main:@literal:8] -> float_type, {2048}, {1}, target_id=0: 0.00049636ms, 1%
@257 = hip::hip_copy_literal[id=main:@literal:22] -> float_type, {512}, {1}, target_id=0: 0.00085486ms, 1%
@258 = step[axes={2, 3},steps={2, 2}](@245) -> float_type, {1, 1024, 7, 7}, {200704, 196, 28, 2}, target_id=0: 0.0013902ms, 1%
@259 = load[offset=602112,end=903168](@1) -> float_type, {1, 1536, 7, 7}, {75264, 49, 7, 1}, target_id=0: 0.00102268ms, 1%
@260 = broadcast[axis=1,out_lens={1, 512, 7, 7}](@257) -> float_type, {1, 512, 7, 7}, {0, 1, 0, 0}, target_id=0: 0.0009937ms, 1%
@261 = gpu::code_object[code_object=5616,symbol_name=add_relu_noop_concat_noop_kernel,global=37632,local=1024,](@254,@260,@258,@259) -> float_type, {1, 1536, 7, 7}, {75264, 49, 7, 1}, target_id=0: 0.0896544ms, 2%
@262 = broadcast[axis=1,out_lens={1, 2048, 7, 7}](@256) -> float_type, {1, 2048, 7, 7}, {0, 1, 0, 0}, target_id=0: 0.00129004ms, 1%
@263 = load[offset=200704,end=602112](@1) -> float_type, {1, 2048, 7, 7}, {100352, 49, 7, 1}, target_id=0: 0.00063116ms, 1%
@264 = gpu::code_object[code_object=5840,symbol_name=mlir_convolution_add_relu,global=32768,local=128,](@262,@261,@255,@263) -> float_type, {1, 2048, 7, 7}, {100352, 49, 7, 1}, target_id=0: 0.177514ms, 3%
@265 = hip::hip_copy_literal[id=main:@literal:19] -> float_type, {512, 512, 3, 3}, {4608, 9, 3, 1}, target_id=0: 0.0006885ms, 1%
@266 = hip::hip_copy_literal[id=main:@literal:20] -> float_type, {512}, {1}, target_id=0: 0.00055206ms, 1%
@267 = hip::hip_copy_literal[id=main:@literal:21] -> float_type, {512, 2048, 1, 1}, {2048, 1, 1, 1}, target_id=0: 0.00063996ms, 1%
@268 = load[offset=100352,end=200704](@1) -> float_type, {1, 512, 7, 7}, {25088, 49, 7, 1}, target_id=0: 0.00064018ms, 1%
@269 = broadcast[axis=1,out_lens={1, 512, 7, 7}](@266) -> float_type, {1, 512, 7, 7}, {0, 1, 0, 0}, target_id=0: 0.00074716ms, 1%
@270 = gpu::code_object[code_object=6160,symbol_name=mlir_convolution_add_relu,global=8192,local=256,](@269,@264,@267,@268) -> float_type, {1, 512, 7, 7}, {25088, 49, 7, 1}, target_id=0: 0.0914397ms, 2%
@271 = load[offset=0,end=0](@1) -> int8_type, {0}, {1}, target_id=0: 0.00070272ms, 1%
@272 = load[offset=0,end=100352](@1) -> float_type, {1, 512, 7, 7}, {25088, 49, 7, 1}, target_id=0: 0.00058746ms, 1%
@273 = gpu::convolution[op={padding={1, 1, 1, 1},stride={1, 1},dilation={1, 1},group=1,padding_mode=0},solution_object={binary_object: 436},algo=0,solution_id=0](@270,@265,@271,@272) -> float_type, {1, 512, 7, 7}, {25088, 49, 7, 1}, target_id=0: 0.240304ms, 4%
@274 = hip::hip_copy_literal[id=main:@literal:16] -> float_type, {2048}, {1}, target_id=0: 0.00082576ms, 1%
@275 = hip::hip_copy_literal[id=main:@literal:17] -> float_type, {2048, 512, 1, 1}, {512, 1, 1, 1}, target_id=0: 0.00068446ms, 1%
@276 = hip::hip_copy_literal[id=main:@literal:18] -> float_type, {512}, {1}, target_id=0: 0.0005658ms, 1%
@277 = load[offset=602112,end=702464](@1) -> float_type, {1, 512, 7, 7}, {25088, 49, 7, 1}, target_id=0: 0.00072516ms, 1%
@278 = broadcast[axis=1,out_lens={1, 512, 7, 7}](@276) -> float_type, {1, 512, 7, 7}, {0, 1, 0, 0}, target_id=0: 0.00087534ms, 1%
@279 = gpu::code_object[code_object=5000,symbol_name=add_relu_kernel,global=25088,local=1024,](@273,@278,@277) -> float_type, {1, 512, 7, 7}, {25088, 49, 7, 1}, target_id=0: 0.0806255ms, 2%
@280 = broadcast[axis=1,out_lens={1, 2048, 7, 7}](@274) -> float_type, {1, 2048, 7, 7}, {0, 1, 0, 0}, target_id=0: 0.00109842ms, 1%
@281 = load[offset=1003520,end=1404928](@1) -> float_type, {1, 2048, 7, 7}, {100352, 49, 7, 1}, target_id=0: 0.00061856ms, 1%
@282 = gpu::code_object[code_object=6232,symbol_name=mlir_convolution_add_add_relu,global=32768,local=256,](@280,@264,@279,@275,@281) -> float_type, {1, 2048, 7, 7}, {100352, 49, 7, 1}, target_id=0: 0.0779923ms, 2%
@283 = hip::hip_copy_literal[id=main:@literal:13] -> float_type, {512, 512, 3, 3}, {4608, 9, 3, 1}, target_id=0: 0.00069734ms, 1%
@284 = hip::hip_copy_literal[id=main:@literal:14] -> float_type, {512}, {1}, target_id=0: 0.00054744ms, 1%
@285 = hip::hip_copy_literal[id=main:@literal:15] -> float_type, {512, 2048, 1, 1}, {2048, 1, 1, 1}, target_id=0: 0.00068766ms, 1%
@286 = load[offset=0,end=100352](@1) -> float_type, {1, 512, 7, 7}, {25088, 49, 7, 1}, target_id=0: 0.00062156ms, 1%
@287 = broadcast[axis=1,out_lens={1, 512, 7, 7}](@284) -> float_type, {1, 512, 7, 7}, {0, 1, 0, 0}, target_id=0: 0.00076212ms, 1%
@288 = gpu::code_object[code_object=6160,symbol_name=mlir_convolution_add_relu,global=8192,local=256,](@287,@282,@285,@286) -> float_type, {1, 512, 7, 7}, {25088, 49, 7, 1}, target_id=0: 0.101921ms, 2%
@289 = load[offset=1505280,end=2408448](@1) -> int8_type, {903168}, {1}, target_id=0: 0.00070092ms, 1%
@290 = load[offset=1404928,end=1505280](@1) -> float_type, {1, 512, 7, 7}, {25088, 49, 7, 1}, target_id=0: 0.00058226ms, 1%
@291 = gpu::convolution[op={padding={1, 1, 1, 1},stride={1, 1},dilation={1, 1},group=1,padding_mode=0},solution_object={binary_object: 427},algo=0,solution_id=0](@288,@283,@289,@290) -> float_type, {1, 512, 7, 7}, {25088, 49, 7, 1}, target_id=0: 0.133844ms, 3%
@292 = hip::hip_copy_literal[id=main:@literal:0] -> float_type, {1, 1000}, {1000, 1}, target_id=0: 0.00114654ms, 1%
@293 = hip::hip_copy_literal[id=main:@literal:1] -> float_type, {2048, 1000}, {1000, 1}, target_id=0: 0.00052574ms, 1%
@294 = hip::hip_copy_literal[id=main:@literal:10] -> float_type, {2048}, {1}, target_id=0: 0.00084582ms, 1%
@295 = hip::hip_copy_literal[id=main:@literal:11] -> float_type, {2048, 512, 1, 1}, {512, 1, 1, 1}, target_id=0: 0.00050594ms, 1%
@296 = hip::hip_copy_literal[id=main:@literal:12] -> float_type, {512}, {1}, target_id=0: 0.00059426ms, 1%
@297 = broadcast[axis=1,out_lens={1, 512, 7, 7}](@296) -> float_type, {1, 512, 7, 7}, {0, 1, 0, 0}, target_id=0: 0.00124806ms, 1%
@298 = load[offset=501760,end=602112](@1) -> float_type, {1, 512, 7, 7}, {25088, 49, 7, 1}, target_id=0: 0.00098146ms, 1%
@299 = gpu::code_object[code_object=5000,symbol_name=add_relu_kernel,global=25088,local=1024,](@291,@297,@298) -> float_type, {1, 512, 7, 7}, {25088, 49, 7, 1}, target_id=0: 0.0755027ms, 2%
@300 = load[offset=100352,end=501760](@1) -> float_type, {1, 2048, 7, 7}, {100352, 49, 7, 1}, target_id=0: 0.00071066ms, 1%
@301 = gpu::code_object[code_object=5688,symbol_name=mlir_convolution,global=32768,local=256,](@299,@295,@300) -> float_type, {1, 2048, 7, 7}, {100352, 49, 7, 1}, target_id=0: 0.0762296ms, 2%
@302 = load[offset=0,end=8192](@1) -> float_type, {1, 2048, 1, 1}, {2048, 1, 1, 1}, target_id=0: 0.00069508ms, 1%
@303 = broadcast[axis=1,out_lens={1, 2048, 7, 7}](@294) -> float_type, {1, 2048, 7, 7}, {0, 1, 0, 0}, target_id=0: 0.00099336ms, 1%
@304 = gpu::code_object[code_object=5488,symbol_name=add_add_relu_mul_reduce_sum_kernel,global=131072,local=64,](@301,@303,@282,@302) -> float_type, {1, 2048, 1, 1}, {2048, 1, 1, 1}, target_id=0: 0.0224266ms, 1%
@305 = flatten[axis=1](@304) -> float_type, {1, 2048}, {2048, 1}, target_id=0: 0.00113034ms, 1%
main:#output_0 = @param:main:#output_0 -> float_type, {1, 1000}, {1000, 1}, target_id=0: 0.00103536ms, 1%
@307 = gpu::gemm[alpha=1,beta=1,compute_fp32=1,trans_batch=0,solution_idx=0](@305,@293,@292,main:#output_0) -> float_type, {1, 1000}, {1000, 1}, target_id=0: 0.116943ms, 2%
@308 = @return(@307), target_id=0
Summary:
gpu::convolution: 2.43114ms / 16 = 0.151946ms, 37%
gpu::code_object::mlir_convolution_add_relu: 1.6868ms / 21 = 0.0803236ms, 26%
gpu::code_object::add_relu_kernel: 0.891714ms / 12 = 0.0743095ms, 14%
gpu::code_object::mlir_convolution_add_add_relu: 0.771395ms / 11 = 0.0701268ms, 12%
gpu::code_object::add_relu_noop_concat_noop_kernel: 0.35228ms / 4 = 0.0880701ms, 6%
gpu::gemm: 0.116943ms / 1 = 0.116943ms, 2%
gpu::pooling: 0.102563ms / 1 = 0.102563ms, 2%
gpu::code_object::mlir_convolution: 0.0762296ms / 1 = 0.0762296ms, 2%
hip::hip_copy_literal: 0.0694983ms / 100 = 0.000694983ms, 2%
load: 0.0589937ms / 83 = 0.000710767ms, 1%
broadcast: 0.0577479ms / 49 = 0.00117853ms, 1%
gpu::code_object::add_add_relu_mul_reduce_sum_kernel: 0.0224266ms / 1 = 0.0224266ms, 1%
step: 0.0039548ms / 3 = 0.00131827ms, 1%
@param: 0.00158538ms / 2 = 0.00079269ms, 1%
flatten: 0.00113034ms / 1 = 0.00113034ms, 1%
check_context::migraphx::gpu::context: 0.0009993ms / 1 = 0.0009993ms, 1%
hip::hip_allocate_memory: 0.00095684ms / 1 = 0.00095684ms, 1%

Batch size: 1
Rate: 169.625 inferences/sec
Total time: 5.89537ms
Total instructions time: 6.64635ms
Overhead time: 0.0510129ms, -0.750977ms
Overhead: 1%, -13%
[ MIGraphX Version: 2.10.0.9186c379f ] Complete: /src/AMDMIGraphX/build/bin/driver perf --gpu /new-saved-models/torchvision/resnet50i1.onnx
