Running [ MIGraphX Version: 2.10.0.21b71c62c ]: /src/AMDMIGraphX/build/bin/driver perf --int8 --gpu /new-saved-models/resnet50/resnet50_v1.onnx
Compiling ... 
Reading: /new-saved-models/resnet50/resnet50_v1.onnx
module: "main"
@0 = check_context::migraphx::gpu::context -> float_type, {}, {}, target_id=0
@1 = hip::hip_allocate_memory[shape=int8_type, {6480128}, {1},id=main:scratch] -> int8_type, {6480128}, {1}, target_id=0
@2 = hip::hip_copy_literal[id=main:@literal:2] -> int8_type, {64, 3, 7, 7}, {147, 49, 7, 1}, target_id=0
@3 = load[offset=0,end=150528](@1) -> int8_type, {1, 3, 224, 224}, {150528, 50176, 224, 1}, target_id=0
input_tensor:0 = @param:input_tensor:0 -> float_type, {1, 3, 224, 224}, {150528, 50176, 224, 1}, target_id=0
@5 = gpu::code_object[code_object=3984,symbol_name=quantizelinear_kernel,global=75264,local=1024,](input_tensor:0,@3) -> int8_type, {1, 3, 224, 224}, {150528, 50176, 224, 1}, target_id=0
@6 = hip::hip_copy_literal[id=main:@literal:54] -> float_type, {64}, {1}, target_id=0
@7 = load[offset=3268864,end=6480128](@1) -> float_type, {1, 64, 112, 112}, {802816, 12544, 112, 1}, target_id=0
@8 = broadcast[axis=1,out_lens={1, 64, 112, 112}](@6) -> float_type, {1, 64, 112, 112}, {0, 1, 0, 0}, target_id=0
@9 = gpu::code_object[code_object=6432,symbol_name=mlir_quant_convolution_dequantizelinear_add_relu,global=50176,local=256,](@8,@5,@2,@7) -> float_type, {1, 64, 112, 112}, {802816, 12544, 112, 1}, target_id=0
@10 = load[offset=0,end=3268864](@1) -> float_type, {1, 64, 113, 113}, {817216, 12769, 113, 1}, target_id=0
@11 = gpu::code_object[code_object=4136,symbol_name=pad_kernel,global=307200,local=1024,](@9,@10) -> float_type, {1, 64, 113, 113}, {817216, 12769, 113, 1}, target_id=0
@12 = load[offset=3268864,end=4071680](@1) -> float_type, {1, 64, 56, 56}, {200704, 3136, 56, 1}, target_id=0
@13 = gpu::pooling[mode=max,padding={0, 0, 0, 0},padding_mode=0,stride={2, 2},lengths={3, 3},dilations={1, 1},ceil_mode=0,lp_order=2,dyn_global=0](@11,@12) -> float_type, {1, 64, 56, 56}, {200704, 3136, 56, 1}, target_id=0
@14 = hip::hip_copy_literal[id=main:@literal:22] -> int8_type, {64, 64, 3, 3}, {576, 9, 3, 1}, target_id=0
@15 = hip::hip_copy_literal[id=main:@literal:26] -> int8_type, {256, 128, 1, 1}, {128, 1, 1, 1}, target_id=0
@16 = hip::hip_copy_literal[id=main:@literal:13] -> int8_type, {64, 64, 1, 1}, {64, 1, 1, 1}, target_id=0
@17 = load[offset=200704,end=401408](@1) -> int8_type, {1, 64, 56, 56}, {200704, 3136, 56, 1}, target_id=0
@18 = gpu::code_object[code_object=3984,symbol_name=quantizelinear_kernel,global=100352,local=1024,](@13,@17) -> int8_type, {1, 64, 56, 56}, {200704, 3136, 56, 1}, target_id=0
@19 = hip::hip_copy_literal[id=main:@literal:63] -> float_type, {64}, {1}, target_id=0
@20 = load[offset=0,end=200704](@1) -> int8_type, {1, 64, 56, 56}, {200704, 3136, 56, 1}, target_id=0
@21 = broadcast[axis=1,out_lens={1, 64, 56, 56}](@19) -> float_type, {1, 64, 56, 56}, {0, 1, 0, 0}, target_id=0
@22 = gpu::code_object[code_object=5408,symbol_name=mlir_quant_convolution_dequantizelinear_add_relu_quantizelinear,global=12544,local=256,](@21,@18,@16,@20) -> int8_type, {1, 64, 56, 56}, {200704, 3136, 56, 1}, target_id=0
@23 = load[offset=401408,end=1204224](@1) -> int32_type, {1, 64, 56, 56}, {200704, 3136, 56, 1}, target_id=0
@24 = gpu::code_object[code_object=5440,symbol_name=mlir_quant_convolution,global=50176,local=256,](@22,@14,@23) -> int32_type, {1, 64, 56, 56}, {200704, 3136, 56, 1}, target_id=0
@25 = hip::hip_copy_literal[id=main:@literal:72] -> float_type, {64}, {1}, target_id=0
@26 = load[offset=1404928,end=1806336](@1) -> int8_type, {1, 128, 56, 56}, {401408, 3136, 56, 1}, target_id=0
@27 = broadcast[axis=1,out_lens={1, 64, 56, 56}](@25) -> float_type, {1, 64, 56, 56}, {0, 1, 0, 0}, target_id=0
@28 = gpu::code_object[code_object=4528,symbol_name=dequantizelinear_add_relu_noop_concat_quantizelinear_kernel,global=100352,local=1024,](@24,@27,@13,@26) -> int8_type, {1, 128, 56, 56}, {401408, 3136, 56, 1}, target_id=0
@29 = hip::hip_copy_literal[id=main:@literal:50] -> float_type, {256}, {1}, target_id=0
@30 = load[offset=602112,end=1404928](@1) -> int8_type, {1, 256, 56, 56}, {802816, 3136, 56, 1}, target_id=0
@31 = broadcast[axis=1,out_lens={1, 256, 56, 56}](@29) -> float_type, {1, 256, 56, 56}, {0, 1, 0, 0}, target_id=0
@32 = gpu::code_object[code_object=5448,symbol_name=mlir_quant_convolution_dequantizelinear_add_relu_quantizelinear,global=50176,local=256,](@31,@28,@15,@30) -> int8_type, {1, 256, 56, 56}, {802816, 3136, 56, 1}, target_id=0
@33 = hip::hip_copy_literal[id=main:@literal:24] -> int8_type, {64, 256, 1, 1}, {256, 1, 1, 1}, target_id=0
@34 = hip::hip_copy_literal[id=main:@literal:32] -> int8_type, {64, 64, 3, 3}, {576, 9, 3, 1}, target_id=0
@35 = hip::hip_copy_literal[id=main:@literal:91] -> float_type, {64}, {1}, target_id=0
@36 = load[offset=401408,end=602112](@1) -> int8_type, {1, 64, 56, 56}, {200704, 3136, 56, 1}, target_id=0
@37 = broadcast[axis=1,out_lens={1, 64, 56, 56}](@35) -> float_type, {1, 64, 56, 56}, {0, 1, 0, 0}, target_id=0
@38 = gpu::code_object[code_object=4600,symbol_name=mlir_quant_convolution_dequantizelinear_add_relu_quantizelinear,global=50176,local=256,](@37,@32,@33,@36) -> int8_type, {1, 64, 56, 56}, {200704, 3136, 56, 1}, target_id=0
@39 = hip::hip_copy_literal[id=main:@literal:95] -> float_type, {64}, {1}, target_id=0
@40 = load[offset=200704,end=401408](@1) -> int8_type, {1, 64, 56, 56}, {200704, 3136, 56, 1}, target_id=0
@41 = broadcast[axis=1,out_lens={1, 64, 56, 56}](@39) -> float_type, {1, 64, 56, 56}, {0, 1, 0, 0}, target_id=0
@42 = gpu::code_object[code_object=5944,symbol_name=mlir_quant_convolution_dequantizelinear_add_relu_quantizelinear,global=50176,local=256,](@41,@38,@34,@40) -> int8_type, {1, 64, 56, 56}, {200704, 3136, 56, 1}, target_id=0
@43 = hip::hip_copy_literal[id=main:@literal:36] -> int8_type, {256, 64, 1, 1}, {64, 1, 1, 1}, target_id=0
@44 = hip::hip_copy_literal[id=main:@literal:96] -> float_type, {256}, {1}, target_id=0
@45 = load[offset=3411968,end=4214784](@1) -> int8_type, {1, 256, 56, 56}, {802816, 3136, 56, 1}, target_id=0
@46 = broadcast[axis=1,out_lens={1, 256, 56, 56}](@44) -> float_type, {1, 256, 56, 56}, {0, 1, 0, 0}, target_id=0
@47 = gpu::code_object[code_object=5904,symbol_name=mlir_quant_convolution_dequantizelinear_add_dequantizelinear_add_relu_quantizelinear,global=50176,local=256,](@46,@32,@42,@43,@45) -> int8_type, {1, 256, 56, 56}, {802816, 3136, 56, 1}, target_id=0
@48 = hip::hip_copy_literal[id=main:@literal:28] -> int8_type, {64, 256, 1, 1}, {256, 1, 1, 1}, target_id=0
@49 = hip::hip_copy_literal[id=main:@literal:97] -> float_type, {64}, {1}, target_id=0
@50 = load[offset=0,end=200704](@1) -> int8_type, {1, 64, 56, 56}, {200704, 3136, 56, 1}, target_id=0
@51 = broadcast[axis=1,out_lens={1, 64, 56, 56}](@49) -> float_type, {1, 64, 56, 56}, {0, 1, 0, 0}, target_id=0
@52 = gpu::code_object[code_object=4600,symbol_name=mlir_quant_convolution_dequantizelinear_add_relu_quantizelinear,global=50176,local=256,](@51,@47,@48,@50) -> int8_type, {1, 64, 56, 56}, {200704, 3136, 56, 1}, target_id=0
@53 = hip::hip_copy_literal[id=main:@literal:31] -> int8_type, {64, 64, 3, 3}, {576, 9, 3, 1}, target_id=0
@54 = hip::hip_copy_literal[id=main:@literal:98] -> float_type, {64}, {1}, target_id=0
@55 = load[offset=3211264,end=3411968](@1) -> int8_type, {1, 64, 56, 56}, {200704, 3136, 56, 1}, target_id=0
@56 = broadcast[axis=1,out_lens={1, 64, 56, 56}](@54) -> float_type, {1, 64, 56, 56}, {0, 1, 0, 0}, target_id=0
@57 = gpu::code_object[code_object=5944,symbol_name=mlir_quant_convolution_dequantizelinear_add_relu_quantizelinear,global=50176,local=256,](@56,@52,@53,@55) -> int8_type, {1, 64, 56, 56}, {200704, 3136, 56, 1}, target_id=0
@58 = hip::hip_copy_literal[id=main:@literal:6] -> int8_type, {256, 64, 1, 1}, {64, 1, 1, 1}, target_id=0
@59 = hip::hip_copy_literal[id=main:@literal:55] -> float_type, {256}, {1}, target_id=0
@60 = broadcast[axis=1,out_lens={1, 256, 56, 56}](@59) -> float_type, {1, 256, 56, 56}, {0, 1, 0, 0}, target_id=0
@61 = load[offset=0,end=3211264](@1) -> float_type, {1, 256, 56, 56}, {802816, 3136, 56, 1}, target_id=0
@62 = gpu::code_object[code_object=5648,symbol_name=mlir_quant_convolution_dequantizelinear_add_dequantizelinear_add_relu,global=50176,local=256,](@60,@47,@57,@58,@61) -> float_type, {1, 256, 56, 56}, {802816, 3136, 56, 1}, target_id=0
@63 = hip::hip_copy_literal[id=main:@literal:17] -> int8_type, {512, 128, 1, 1}, {128, 1, 1, 1}, target_id=0
@64 = hip::hip_copy_literal[id=main:@literal:27] -> int8_type, {128, 128, 3, 3}, {1152, 9, 3, 1}, target_id=0
@65 = hip::hip_copy_literal[id=main:@literal:15] -> int8_type, {128, 256, 1, 1}, {256, 1, 1, 1}, target_id=0
@66 = load[offset=4014080,end=4816896](@1) -> int8_type, {1, 256, 56, 56}, {802816, 3136, 56, 1}, target_id=0
@67 = gpu::code_object[code_object=3984,symbol_name=quantizelinear_kernel,global=401408,local=1024,](@62,@66) -> int8_type, {1, 256, 56, 56}, {802816, 3136, 56, 1}, target_id=0
@68 = hip::hip_copy_literal[id=main:@literal:56] -> float_type, {128}, {1}, target_id=0
@69 = load[offset=3612672,end=4014080](@1) -> int8_type, {1, 128, 56, 56}, {401408, 3136, 56, 1}, target_id=0
@70 = broadcast[axis=1,out_lens={1, 128, 56, 56}](@68) -> float_type, {1, 128, 56, 56}, {0, 1, 0, 0}, target_id=0
@71 = gpu::code_object[code_object=5864,symbol_name=mlir_quant_convolution_dequantizelinear_add_relu_quantizelinear,global=25088,local=256,](@70,@67,@65,@69) -> int8_type, {1, 128, 56, 56}, {401408, 3136, 56, 1}, target_id=0
@72 = hip::hip_copy_literal[id=main:@literal:57] -> float_type, {128}, {1}, target_id=0
@73 = load[offset=3211264,end=3612672](@1) -> int32_type, {1, 128, 28, 28}, {100352, 784, 28, 1}, target_id=0
@74 = gpu::code_object[code_object=5520,symbol_name=mlir_quant_convolution,global=25600,local=256,](@71,@64,@73) -> int32_type, {1, 128, 28, 28}, {100352, 784, 28, 1}, target_id=0
@75 = load[offset=3612672,end=3913728](@1) -> int8_type, {1, 384, 28, 28}, {301056, 784, 28, 1}, target_id=0
@76 = step[axes={2, 3},steps={2, 2}](@62) -> float_type, {1, 256, 28, 28}, {802816, 3136, 112, 2}, target_id=0
@77 = broadcast[axis=1,out_lens={1, 128, 28, 28}](@72) -> float_type, {1, 128, 28, 28}, {0, 1, 0, 0}, target_id=0
@78 = gpu::code_object[code_object=4616,symbol_name=dequantizelinear_add_relu_noop_concat_quantizelinear_kernel,global=150528,local=1024,](@74,@77,@76,@75) -> int8_type, {1, 384, 28, 28}, {301056, 784, 28, 1}, target_id=0
@79 = hip::hip_copy_literal[id=main:@literal:1] -> int8_type, {128, 512, 1, 1}, {512, 1, 1, 1}, target_id=0
@80 = hip::hip_copy_literal[id=main:@literal:35] -> int8_type, {512, 384, 1, 1}, {384, 1, 1, 1}, target_id=0
@81 = hip::hip_copy_literal[id=main:@literal:52] -> float_type, {512}, {1}, target_id=0
@82 = broadcast[axis=1,out_lens={1, 512, 28, 28}](@81) -> float_type, {1, 512, 28, 28}, {0, 1, 0, 0}, target_id=0
@83 = load[offset=1103872,end=1505280](@1) -> int8_type, {1, 512, 28, 28}, {401408, 784, 28, 1}, target_id=0
@84 = gpu::code_object[code_object=6792,symbol_name=mlir_quant_convolution_dequantizelinear_add_relu_quantizelinear,global=26624,local=256,](@82,@78,@80,@83) -> int8_type, {1, 512, 28, 28}, {401408, 784, 28, 1}, target_id=0
@85 = hip::hip_copy_literal[id=main:@literal:37] -> int8_type, {128, 128, 3, 3}, {1152, 9, 3, 1}, target_id=0
@86 = hip::hip_copy_literal[id=main:@literal:58] -> float_type, {128}, {1}, target_id=0
@87 = load[offset=100352,end=200704](@1) -> int8_type, {1, 128, 28, 28}, {100352, 784, 28, 1}, target_id=0
@88 = broadcast[axis=1,out_lens={1, 128, 28, 28}](@86) -> float_type, {1, 128, 28, 28}, {0, 1, 0, 0}, target_id=0
@89 = gpu::code_object[code_object=4672,symbol_name=mlir_quant_convolution_dequantizelinear_add_relu_quantizelinear,global=25600,local=256,](@88,@84,@79,@87) -> int8_type, {1, 128, 28, 28}, {100352, 784, 28, 1}, target_id=0
@90 = hip::hip_copy_literal[id=main:@literal:59] -> float_type, {128}, {1}, target_id=0
@91 = hip::hip_copy_literal[id=main:@literal:60] -> float_type, {512}, {1}, target_id=0
@92 = load[offset=0,end=100352](@1) -> int8_type, {1, 128, 28, 28}, {100352, 784, 28, 1}, target_id=0
@93 = broadcast[axis=1,out_lens={1, 128, 28, 28}](@90) -> float_type, {1, 128, 28, 28}, {0, 1, 0, 0}, target_id=0
@94 = gpu::code_object[code_object=6144,symbol_name=mlir_quant_convolution_dequantizelinear_add_relu_quantizelinear,global=25600,local=256,](@93,@89,@85,@92) -> int8_type, {1, 128, 28, 28}, {100352, 784, 28, 1}, target_id=0
@95 = load[offset=702464,end=1103872](@1) -> int8_type, {1, 512, 28, 28}, {401408, 784, 28, 1}, target_id=0
@96 = broadcast[axis=1,out_lens={1, 512, 28, 28}](@91) -> float_type, {1, 512, 28, 28}, {0, 1, 0, 0}, target_id=0
@97 = gpu::code_object[code_object=7408,symbol_name=mlir_quant_convolution_dequantizelinear_add_dequantizelinear_add_relu_quantizelinear,global=26624,local=256,](@96,@84,@94,@63,@95) -> int8_type, {1, 512, 28, 28}, {401408, 784, 28, 1}, target_id=0
@98 = hip::hip_copy_literal[id=main:@literal:14] -> int8_type, {128, 512, 1, 1}, {512, 1, 1, 1}, target_id=0
@99 = hip::hip_copy_literal[id=main:@literal:61] -> float_type, {128}, {1}, target_id=0
@100 = broadcast[axis=1,out_lens={1, 128, 28, 28}](@99) -> float_type, {1, 128, 28, 28}, {0, 1, 0, 0}, target_id=0
@101 = load[offset=200704,end=301056](@1) -> int8_type, {1, 128, 28, 28}, {100352, 784, 28, 1}, target_id=0
@102 = gpu::code_object[code_object=4672,symbol_name=mlir_quant_convolution_dequantizelinear_add_relu_quantizelinear,global=25600,local=256,](@100,@97,@98,@101) -> int8_type, {1, 128, 28, 28}, {100352, 784, 28, 1}, target_id=0
@103 = hip::hip_copy_literal[id=main:@literal:30] -> int8_type, {512, 128, 1, 1}, {128, 1, 1, 1}, target_id=0
@104 = hip::hip_copy_literal[id=main:@literal:12] -> int8_type, {128, 128, 3, 3}, {1152, 9, 3, 1}, target_id=0
@105 = hip::hip_copy_literal[id=main:@literal:62] -> float_type, {128}, {1}, target_id=0
@106 = load[offset=100352,end=200704](@1) -> int8_type, {1, 128, 28, 28}, {100352, 784, 28, 1}, target_id=0
@107 = broadcast[axis=1,out_lens={1, 128, 28, 28}](@105) -> float_type, {1, 128, 28, 28}, {0, 1, 0, 0}, target_id=0
@108 = gpu::code_object[code_object=6144,symbol_name=mlir_quant_convolution_dequantizelinear_add_relu_quantizelinear,global=25600,local=256,](@107,@102,@104,@106) -> int8_type, {1, 128, 28, 28}, {100352, 784, 28, 1}, target_id=0
@109 = hip::hip_copy_literal[id=main:@literal:64] -> float_type, {512}, {1}, target_id=0
@110 = broadcast[axis=1,out_lens={1, 512, 28, 28}](@109) -> float_type, {1, 512, 28, 28}, {0, 1, 0, 0}, target_id=0
@111 = load[offset=301056,end=702464](@1) -> int8_type, {1, 512, 28, 28}, {401408, 784, 28, 1}, target_id=0
@112 = gpu::code_object[code_object=7408,symbol_name=mlir_quant_convolution_dequantizelinear_add_dequantizelinear_add_relu_quantizelinear,global=26624,local=256,](@110,@97,@108,@103,@111) -> int8_type, {1, 512, 28, 28}, {401408, 784, 28, 1}, target_id=0
@113 = hip::hip_copy_literal[id=main:@literal:34] -> int8_type, {128, 512, 1, 1}, {512, 1, 1, 1}, target_id=0
@114 = hip::hip_copy_literal[id=main:@literal:10] -> int8_type, {128, 128, 3, 3}, {1152, 9, 3, 1}, target_id=0
@115 = hip::hip_copy_literal[id=main:@literal:7] -> int8_type, {512, 128, 1, 1}, {128, 1, 1, 1}, target_id=0
@116 = hip::hip_copy_literal[id=main:@literal:65] -> float_type, {128}, {1}, target_id=0
@117 = load[offset=0,end=100352](@1) -> int8_type, {1, 128, 28, 28}, {100352, 784, 28, 1}, target_id=0
@118 = broadcast[axis=1,out_lens={1, 128, 28, 28}](@116) -> float_type, {1, 128, 28, 28}, {0, 1, 0, 0}, target_id=0
@119 = gpu::code_object[code_object=4672,symbol_name=mlir_quant_convolution_dequantizelinear_add_relu_quantizelinear,global=25600,local=256,](@118,@112,@113,@117) -> int8_type, {1, 128, 28, 28}, {100352, 784, 28, 1}, target_id=0
@120 = hip::hip_copy_literal[id=main:@literal:66] -> float_type, {128}, {1}, target_id=0
@121 = load[offset=200704,end=301056](@1) -> int8_type, {1, 128, 28, 28}, {100352, 784, 28, 1}, target_id=0
@122 = broadcast[axis=1,out_lens={1, 128, 28, 28}](@120) -> float_type, {1, 128, 28, 28}, {0, 1, 0, 0}, target_id=0
@123 = gpu::code_object[code_object=6144,symbol_name=mlir_quant_convolution_dequantizelinear_add_relu_quantizelinear,global=25600,local=256,](@122,@119,@114,@121) -> int8_type, {1, 128, 28, 28}, {100352, 784, 28, 1}, target_id=0
@124 = hip::hip_copy_literal[id=main:@literal:67] -> float_type, {512}, {1}, target_id=0
@125 = load[offset=702464,end=2308096](@1) -> float_type, {1, 512, 28, 28}, {401408, 784, 28, 1}, target_id=0
@126 = broadcast[axis=1,out_lens={1, 512, 28, 28}](@124) -> float_type, {1, 512, 28, 28}, {0, 1, 0, 0}, target_id=0
@127 = gpu::code_object[code_object=6976,symbol_name=mlir_quant_convolution_dequantizelinear_add_dequantizelinear_add_relu,global=26624,local=256,](@126,@112,@123,@115,@125) -> float_type, {1, 512, 28, 28}, {401408, 784, 28, 1}, target_id=0
@128 = hip::hip_copy_literal[id=main:@literal:11] -> int8_type, {1024, 768, 1, 1}, {768, 1, 1, 1}, target_id=0
@129 = hip::hip_copy_literal[id=main:@literal:5] -> int8_type, {256, 512, 1, 1}, {512, 1, 1, 1}, target_id=0
@130 = hip::hip_copy_literal[id=main:@literal:4] -> int8_type, {256, 256, 3, 3}, {2304, 9, 3, 1}, target_id=0
@131 = load[offset=0,end=401408](@1) -> int8_type, {1, 512, 28, 28}, {401408, 784, 28, 1}, target_id=0
@132 = gpu::code_object[code_object=3984,symbol_name=quantizelinear_kernel,global=200704,local=1024,](@127,@131) -> int8_type, {1, 512, 28, 28}, {401408, 784, 28, 1}, target_id=0
@133 = hip::hip_copy_literal[id=main:@literal:68] -> float_type, {256}, {1}, target_id=0
@134 = load[offset=2308096,end=2508800](@1) -> int8_type, {1, 256, 28, 28}, {200704, 784, 28, 1}, target_id=0
@135 = broadcast[axis=1,out_lens={1, 256, 28, 28}](@133) -> float_type, {1, 256, 28, 28}, {0, 1, 0, 0}, target_id=0
@136 = gpu::code_object[code_object=4672,symbol_name=mlir_quant_convolution_dequantizelinear_add_relu_quantizelinear,global=51200,local=256,](@135,@132,@129,@134) -> int8_type, {1, 256, 28, 28}, {200704, 784, 28, 1}, target_id=0
@137 = load[offset=200704,end=401408](@1) -> int32_type, {1, 256, 14, 14}, {50176, 196, 14, 1}, target_id=0
@138 = gpu::code_object[code_object=5536,symbol_name=mlir_quant_convolution,global=14336,local=256,](@136,@130,@137) -> int32_type, {1, 256, 14, 14}, {50176, 196, 14, 1}, target_id=0
@139 = hip::hip_copy_literal[id=main:@literal:69] -> float_type, {256}, {1}, target_id=0
@140 = load[offset=0,end=150528](@1) -> int8_type, {1, 768, 14, 14}, {150528, 196, 14, 1}, target_id=0
@141 = broadcast[axis=1,out_lens={1, 256, 14, 14}](@139) -> float_type, {1, 256, 14, 14}, {0, 1, 0, 0}, target_id=0
@142 = step[axes={2, 3},steps={2, 2}](@127) -> float_type, {1, 512, 14, 14}, {401408, 784, 56, 2}, target_id=0
@143 = gpu::code_object[code_object=4640,symbol_name=dequantizelinear_add_relu_noop_concat_quantizelinear_kernel,global=75264,local=1024,](@138,@141,@142,@140) -> int8_type, {1, 768, 14, 14}, {150528, 196, 14, 1}, target_id=0
@144 = hip::hip_copy_literal[id=main:@literal:51] -> float_type, {1024}, {1}, target_id=0
@145 = load[offset=351232,end=551936](@1) -> int8_type, {1, 1024, 14, 14}, {200704, 196, 14, 1}, target_id=0
@146 = broadcast[axis=1,out_lens={1, 1024, 14, 14}](@144) -> float_type, {1, 1024, 14, 14}, {0, 1, 0, 0}, target_id=0
@147 = gpu::code_object[code_object=4656,symbol_name=mlir_quant_convolution_dequantizelinear_add_relu_quantizelinear,global=57344,local=256,](@146,@143,@128,@145) -> int8_type, {1, 1024, 14, 14}, {200704, 196, 14, 1}, target_id=0
@148 = hip::hip_copy_literal[id=main:@literal:3] -> int8_type, {256, 1024, 1, 1}, {1024, 1, 1, 1}, target_id=0
@149 = hip::hip_copy_literal[id=main:@literal:0] -> int8_type, {256, 256, 3, 3}, {2304, 9, 3, 1}, target_id=0
@150 = hip::hip_copy_literal[id=main:@literal:70] -> float_type, {256}, {1}, target_id=0
@151 = hip::hip_copy_literal[id=main:@literal:71] -> float_type, {256}, {1}, target_id=0
@152 = load[offset=100352,end=150528](@1) -> int8_type, {1, 256, 14, 14}, {50176, 196, 14, 1}, target_id=0
@153 = broadcast[axis=1,out_lens={1, 256, 14, 14}](@150) -> float_type, {1, 256, 14, 14}, {0, 1, 0, 0}, target_id=0
@154 = gpu::code_object[code_object=4672,symbol_name=mlir_quant_convolution_dequantizelinear_add_relu_quantizelinear,global=14336,local=256,](@153,@147,@148,@152) -> int8_type, {1, 256, 14, 14}, {50176, 196, 14, 1}, target_id=0
@155 = broadcast[axis=1,out_lens={1, 256, 14, 14}](@151) -> float_type, {1, 256, 14, 14}, {0, 1, 0, 0}, target_id=0
@156 = load[offset=50176,end=100352](@1) -> int8_type, {1, 256, 14, 14}, {50176, 196, 14, 1}, target_id=0
@157 = gpu::code_object[code_object=6160,symbol_name=mlir_quant_convolution_dequantizelinear_add_relu_quantizelinear,global=14336,local=256,](@155,@154,@149,@156) -> int8_type, {1, 256, 14, 14}, {50176, 196, 14, 1}, target_id=0
@158 = hip::hip_copy_literal[id=main:@literal:73] -> float_type, {1024}, {1}, target_id=0
@159 = hip::hip_copy_literal[id=main:@literal:29] -> int8_type, {1024, 256, 1, 1}, {256, 1, 1, 1}, target_id=0
@160 = load[offset=150528,end=351232](@1) -> int8_type, {1, 1024, 14, 14}, {200704, 196, 14, 1}, target_id=0
@161 = broadcast[axis=1,out_lens={1, 1024, 14, 14}](@158) -> float_type, {1, 1024, 14, 14}, {0, 1, 0, 0}, target_id=0
@162 = gpu::code_object[code_object=5120,symbol_name=mlir_quant_convolution_dequantizelinear_add_dequantizelinear_add_relu_quantizelinear,global=57344,local=256,](@161,@147,@157,@159,@160) -> int8_type, {1, 1024, 14, 14}, {200704, 196, 14, 1}, target_id=0
@163 = hip::hip_copy_literal[id=main:@literal:9] -> int8_type, {256, 1024, 1, 1}, {1024, 1, 1, 1}, target_id=0
@164 = hip::hip_copy_literal[id=main:@literal:39] -> int8_type, {1024, 256, 1, 1}, {256, 1, 1, 1}, target_id=0
@165 = hip::hip_copy_literal[id=main:@literal:20] -> int8_type, {256, 256, 3, 3}, {2304, 9, 3, 1}, target_id=0
@166 = hip::hip_copy_literal[id=main:@literal:74] -> float_type, {256}, {1}, target_id=0
@167 = hip::hip_copy_literal[id=main:@literal:75] -> float_type, {256}, {1}, target_id=0
@168 = hip::hip_copy_literal[id=main:@literal:76] -> float_type, {1024}, {1}, target_id=0
@169 = load[offset=100352,end=150528](@1) -> int8_type, {1, 256, 14, 14}, {50176, 196, 14, 1}, target_id=0
@170 = broadcast[axis=1,out_lens={1, 256, 14, 14}](@166) -> float_type, {1, 256, 14, 14}, {0, 1, 0, 0}, target_id=0
@171 = gpu::code_object[code_object=4672,symbol_name=mlir_quant_convolution_dequantizelinear_add_relu_quantizelinear,global=14336,local=256,](@170,@162,@163,@169) -> int8_type, {1, 256, 14, 14}, {50176, 196, 14, 1}, target_id=0
@172 = load[offset=50176,end=100352](@1) -> int8_type, {1, 256, 14, 14}, {50176, 196, 14, 1}, target_id=0
@173 = broadcast[axis=1,out_lens={1, 256, 14, 14}](@167) -> float_type, {1, 256, 14, 14}, {0, 1, 0, 0}, target_id=0
@174 = gpu::code_object[code_object=6160,symbol_name=mlir_quant_convolution_dequantizelinear_add_relu_quantizelinear,global=14336,local=256,](@173,@171,@165,@172) -> int8_type, {1, 256, 14, 14}, {50176, 196, 14, 1}, target_id=0
@175 = load[offset=551936,end=752640](@1) -> int8_type, {1, 1024, 14, 14}, {200704, 196, 14, 1}, target_id=0
@176 = broadcast[axis=1,out_lens={1, 1024, 14, 14}](@168) -> float_type, {1, 1024, 14, 14}, {0, 1, 0, 0}, target_id=0
@177 = gpu::code_object[code_object=5120,symbol_name=mlir_quant_convolution_dequantizelinear_add_dequantizelinear_add_relu_quantizelinear,global=57344,local=256,](@176,@162,@174,@164,@175) -> int8_type, {1, 1024, 14, 14}, {200704, 196, 14, 1}, target_id=0
@178 = hip::hip_copy_literal[id=main:@literal:21] -> int8_type, {256, 1024, 1, 1}, {1024, 1, 1, 1}, target_id=0
@179 = hip::hip_copy_literal[id=main:@literal:40] -> int8_type, {256, 256, 3, 3}, {2304, 9, 3, 1}, target_id=0
@180 = hip::hip_copy_literal[id=main:@literal:41] -> int8_type, {1024, 256, 1, 1}, {256, 1, 1, 1}, target_id=0
@181 = hip::hip_copy_literal[id=main:@literal:77] -> float_type, {256}, {1}, target_id=0
@182 = hip::hip_copy_literal[id=main:@literal:78] -> float_type, {256}, {1}, target_id=0
@183 = hip::hip_copy_literal[id=main:@literal:79] -> float_type, {1024}, {1}, target_id=0
@184 = load[offset=50176,end=100352](@1) -> int8_type, {1, 256, 14, 14}, {50176, 196, 14, 1}, target_id=0
@185 = broadcast[axis=1,out_lens={1, 256, 14, 14}](@181) -> float_type, {1, 256, 14, 14}, {0, 1, 0, 0}, target_id=0
@186 = gpu::code_object[code_object=4672,symbol_name=mlir_quant_convolution_dequantizelinear_add_relu_quantizelinear,global=14336,local=256,](@185,@177,@178,@184) -> int8_type, {1, 256, 14, 14}, {50176, 196, 14, 1}, target_id=0
@187 = load[offset=0,end=50176](@1) -> int8_type, {1, 256, 14, 14}, {50176, 196, 14, 1}, target_id=0
@188 = broadcast[axis=1,out_lens={1, 256, 14, 14}](@182) -> float_type, {1, 256, 14, 14}, {0, 1, 0, 0}, target_id=0
@189 = gpu::code_object[code_object=6160,symbol_name=mlir_quant_convolution_dequantizelinear_add_relu_quantizelinear,global=14336,local=256,](@188,@186,@179,@187) -> int8_type, {1, 256, 14, 14}, {50176, 196, 14, 1}, target_id=0
@190 = load[offset=351232,end=551936](@1) -> int8_type, {1, 1024, 14, 14}, {200704, 196, 14, 1}, target_id=0
@191 = broadcast[axis=1,out_lens={1, 1024, 14, 14}](@183) -> float_type, {1, 1024, 14, 14}, {0, 1, 0, 0}, target_id=0
@192 = gpu::code_object[code_object=5120,symbol_name=mlir_quant_convolution_dequantizelinear_add_dequantizelinear_add_relu_quantizelinear,global=57344,local=256,](@191,@177,@189,@180,@190) -> int8_type, {1, 1024, 14, 14}, {200704, 196, 14, 1}, target_id=0
@193 = hip::hip_copy_literal[id=main:@literal:8] -> int8_type, {256, 256, 3, 3}, {2304, 9, 3, 1}, target_id=0
@194 = hip::hip_copy_literal[id=main:@literal:43] -> int8_type, {256, 1024, 1, 1}, {1024, 1, 1, 1}, target_id=0
@195 = hip::hip_copy_literal[id=main:@literal:19] -> int8_type, {256, 256, 3, 3}, {2304, 9, 3, 1}, target_id=0
@196 = hip::hip_copy_literal[id=main:@literal:16] -> int8_type, {1024, 256, 1, 1}, {256, 1, 1, 1}, target_id=0
@197 = hip::hip_copy_literal[id=main:@literal:25] -> int8_type, {256, 1024, 1, 1}, {1024, 1, 1, 1}, target_id=0
@198 = hip::hip_copy_literal[id=main:@literal:80] -> float_type, {256}, {1}, target_id=0
@199 = hip::hip_copy_literal[id=main:@literal:81] -> float_type, {256}, {1}, target_id=0
@200 = hip::hip_copy_literal[id=main:@literal:82] -> float_type, {1024}, {1}, target_id=0
@201 = hip::hip_copy_literal[id=main:@literal:45] -> int8_type, {1024, 256, 1, 1}, {256, 1, 1, 1}, target_id=0
@202 = hip::hip_copy_literal[id=main:@literal:83] -> float_type, {256}, {1}, target_id=0
@203 = hip::hip_copy_literal[id=main:@literal:84] -> float_type, {256}, {1}, target_id=0
@204 = hip::hip_copy_literal[id=main:@literal:85] -> float_type, {1024}, {1}, target_id=0
@205 = load[offset=100352,end=150528](@1) -> int8_type, {1, 256, 14, 14}, {50176, 196, 14, 1}, target_id=0
@206 = broadcast[axis=1,out_lens={1, 256, 14, 14}](@198) -> float_type, {1, 256, 14, 14}, {0, 1, 0, 0}, target_id=0
@207 = gpu::code_object[code_object=4672,symbol_name=mlir_quant_convolution_dequantizelinear_add_relu_quantizelinear,global=14336,local=256,](@206,@192,@197,@205) -> int8_type, {1, 256, 14, 14}, {50176, 196, 14, 1}, target_id=0
@208 = load[offset=50176,end=100352](@1) -> int8_type, {1, 256, 14, 14}, {50176, 196, 14, 1}, target_id=0
@209 = broadcast[axis=1,out_lens={1, 256, 14, 14}](@199) -> float_type, {1, 256, 14, 14}, {0, 1, 0, 0}, target_id=0
@210 = gpu::code_object[code_object=6160,symbol_name=mlir_quant_convolution_dequantizelinear_add_relu_quantizelinear,global=14336,local=256,](@209,@207,@195,@208) -> int8_type, {1, 256, 14, 14}, {50176, 196, 14, 1}, target_id=0
@211 = broadcast[axis=1,out_lens={1, 1024, 14, 14}](@200) -> float_type, {1, 1024, 14, 14}, {0, 1, 0, 0}, target_id=0
@212 = load[offset=150528,end=351232](@1) -> int8_type, {1, 1024, 14, 14}, {200704, 196, 14, 1}, target_id=0
@213 = gpu::code_object[code_object=5120,symbol_name=mlir_quant_convolution_dequantizelinear_add_dequantizelinear_add_relu_quantizelinear,global=57344,local=256,](@211,@192,@210,@196,@212) -> int8_type, {1, 1024, 14, 14}, {200704, 196, 14, 1}, target_id=0
@214 = load[offset=0,end=50176](@1) -> int8_type, {1, 256, 14, 14}, {50176, 196, 14, 1}, target_id=0
@215 = broadcast[axis=1,out_lens={1, 256, 14, 14}](@202) -> float_type, {1, 256, 14, 14}, {0, 1, 0, 0}, target_id=0
@216 = gpu::code_object[code_object=4672,symbol_name=mlir_quant_convolution_dequantizelinear_add_relu_quantizelinear,global=14336,local=256,](@215,@213,@194,@214) -> int8_type, {1, 256, 14, 14}, {50176, 196, 14, 1}, target_id=0
@217 = broadcast[axis=1,out_lens={1, 256, 14, 14}](@203) -> float_type, {1, 256, 14, 14}, {0, 1, 0, 0}, target_id=0
@218 = load[offset=100352,end=150528](@1) -> int8_type, {1, 256, 14, 14}, {50176, 196, 14, 1}, target_id=0
@219 = gpu::code_object[code_object=6160,symbol_name=mlir_quant_convolution_dequantizelinear_add_relu_quantizelinear,global=14336,local=256,](@217,@216,@193,@218) -> int8_type, {1, 256, 14, 14}, {50176, 196, 14, 1}, target_id=0
@220 = load[offset=351232,end=1154048](@1) -> float_type, {1, 1024, 14, 14}, {200704, 196, 14, 1}, target_id=0
@221 = broadcast[axis=1,out_lens={1, 1024, 14, 14}](@204) -> float_type, {1, 1024, 14, 14}, {0, 1, 0, 0}, target_id=0
@222 = gpu::code_object[code_object=5016,symbol_name=mlir_quant_convolution_dequantizelinear_add_dequantizelinear_add_relu,global=57344,local=256,](@221,@213,@219,@201,@220) -> float_type, {1, 1024, 14, 14}, {200704, 196, 14, 1}, target_id=0
@223 = hip::hip_copy_literal[id=main:@literal:46] -> int8_type, {512, 512, 3, 3}, {4608, 9, 3, 1}, target_id=0
@224 = hip::hip_copy_literal[id=main:@literal:38] -> int8_type, {512, 1024, 1, 1}, {1024, 1, 1, 1}, target_id=0
@225 = hip::hip_copy_literal[id=main:@literal:18] -> int8_type, {2048, 1536, 1, 1}, {1536, 1, 1, 1}, target_id=0
@226 = hip::hip_copy_literal[id=main:@literal:53] -> float_type, {2048}, {1}, target_id=0
@227 = hip::hip_copy_literal[id=main:@literal:86] -> float_type, {512}, {1}, target_id=0
@228 = hip::hip_copy_literal[id=main:@literal:87] -> float_type, {512}, {1}, target_id=0
@229 = load[offset=0,end=200704](@1) -> int8_type, {1, 1024, 14, 14}, {200704, 196, 14, 1}, target_id=0
@230 = gpu::code_object[code_object=3984,symbol_name=quantizelinear_kernel,global=100352,local=1024,](@222,@229) -> int8_type, {1, 1024, 14, 14}, {200704, 196, 14, 1}, target_id=0
@231 = load[offset=1154048,end=1254400](@1) -> int8_type, {1, 512, 14, 14}, {100352, 196, 14, 1}, target_id=0
@232 = broadcast[axis=1,out_lens={1, 512, 14, 14}](@227) -> float_type, {1, 512, 14, 14}, {0, 1, 0, 0}, target_id=0
@233 = gpu::code_object[code_object=4672,symbol_name=mlir_quant_convolution_dequantizelinear_add_relu_quantizelinear,global=28672,local=256,](@232,@230,@224,@231) -> int8_type, {1, 512, 14, 14}, {100352, 196, 14, 1}, target_id=0
@234 = load[offset=175616,end=275968](@1) -> int32_type, {1, 512, 7, 7}, {25088, 49, 7, 1}, target_id=0
@235 = gpu::code_object[code_object=6816,symbol_name=mlir_quant_convolution,global=8192,local=256,](@233,@223,@234) -> int32_type, {1, 512, 7, 7}, {25088, 49, 7, 1}, target_id=0
@236 = load[offset=0,end=75264](@1) -> int8_type, {1, 1536, 7, 7}, {75264, 49, 7, 1}, target_id=0
@237 = broadcast[axis=1,out_lens={1, 512, 7, 7}](@228) -> float_type, {1, 512, 7, 7}, {0, 1, 0, 0}, target_id=0
@238 = step[axes={2, 3},steps={2, 2}](@222) -> float_type, {1, 1024, 7, 7}, {200704, 196, 28, 2}, target_id=0
@239 = gpu::code_object[code_object=4672,symbol_name=dequantizelinear_add_relu_noop_concat_quantizelinear_kernel,global=37632,local=1024,](@235,@237,@238,@236) -> int8_type, {1, 1536, 7, 7}, {75264, 49, 7, 1}, target_id=0
@240 = load[offset=225792,end=326144](@1) -> int8_type, {1, 2048, 7, 7}, {100352, 49, 7, 1}, target_id=0
@241 = broadcast[axis=1,out_lens={1, 2048, 7, 7}](@226) -> float_type, {1, 2048, 7, 7}, {0, 1, 0, 0}, target_id=0
@242 = gpu::code_object[code_object=4808,symbol_name=mlir_quant_convolution_dequantizelinear_add_relu_quantizelinear,global=32768,local=256,](@241,@239,@225,@240) -> int8_type, {1, 2048, 7, 7}, {100352, 49, 7, 1}, target_id=0
@243 = hip::hip_copy_literal[id=main:@literal:47] -> int8_type, {512, 2048, 1, 1}, {2048, 1, 1, 1}, target_id=0
@244 = hip::hip_copy_literal[id=main:@literal:48] -> int8_type, {2048, 512, 1, 1}, {512, 1, 1, 1}, target_id=0
@245 = hip::hip_copy_literal[id=main:@literal:23] -> int8_type, {512, 512, 3, 3}, {4608, 9, 3, 1}, target_id=0
@246 = hip::hip_copy_literal[id=main:@literal:88] -> float_type, {512}, {1}, target_id=0
@247 = hip::hip_copy_literal[id=main:@literal:89] -> float_type, {512}, {1}, target_id=0
@248 = hip::hip_copy_literal[id=main:@literal:90] -> float_type, {2048}, {1}, target_id=0
@249 = load[offset=25088,end=50176](@1) -> int8_type, {1, 512, 7, 7}, {25088, 49, 7, 1}, target_id=0
@250 = broadcast[axis=1,out_lens={1, 512, 7, 7}](@246) -> float_type, {1, 512, 7, 7}, {0, 1, 0, 0}, target_id=0
@251 = gpu::code_object[code_object=5000,symbol_name=mlir_quant_convolution_dequantizelinear_add_relu_quantizelinear,global=8192,local=64,](@250,@242,@243,@249) -> int8_type, {1, 512, 7, 7}, {25088, 49, 7, 1}, target_id=0
@252 = load[offset=0,end=25088](@1) -> int8_type, {1, 512, 7, 7}, {25088, 49, 7, 1}, target_id=0
@253 = broadcast[axis=1,out_lens={1, 512, 7, 7}](@247) -> float_type, {1, 512, 7, 7}, {0, 1, 0, 0}, target_id=0
@254 = gpu::code_object[code_object=7416,symbol_name=mlir_quant_convolution_dequantizelinear_add_relu_quantizelinear,global=8192,local=256,](@253,@251,@245,@252) -> int8_type, {1, 512, 7, 7}, {25088, 49, 7, 1}, target_id=0
@255 = load[offset=125440,end=225792](@1) -> int8_type, {1, 2048, 7, 7}, {100352, 49, 7, 1}, target_id=0
@256 = broadcast[axis=1,out_lens={1, 2048, 7, 7}](@248) -> float_type, {1, 2048, 7, 7}, {0, 1, 0, 0}, target_id=0
@257 = gpu::code_object[code_object=5280,symbol_name=mlir_quant_convolution_dequantizelinear_add_dequantizelinear_add_relu_quantizelinear,global=32768,local=256,](@256,@242,@254,@244,@255) -> int8_type, {1, 2048, 7, 7}, {100352, 49, 7, 1}, target_id=0
@258 = hip::hip_copy_literal[id=main:@literal:42] -> int8_type, {2048, 512, 1, 1}, {512, 1, 1, 1}, target_id=0
@259 = hip::hip_copy_literal[id=main:@literal:33] -> int8_type, {512, 512, 3, 3}, {4608, 9, 3, 1}, target_id=0
@260 = hip::hip_copy_literal[id=main:@literal:49] -> int8_type, {512, 2048, 1, 1}, {2048, 1, 1, 1}, target_id=0
@261 = hip::hip_copy_literal[id=main:@literal:44] -> int8_type, {2048, 1001}, {1001, 1}, target_id=0
@262 = hip::hip_copy_literal[id=main:@literal:92] -> float_type, {512}, {1}, target_id=0
@263 = hip::hip_copy_literal[id=main:@literal:93] -> float_type, {512}, {1}, target_id=0
@264 = hip::hip_copy_literal[id=main:@literal:94] -> float_type, {2048}, {1}, target_id=0
@265 = hip::hip_copy_literal[id=main:@literal:99] -> float_type, {1001}, {1}, target_id=0
@266 = load[offset=25088,end=50176](@1) -> int8_type, {1, 512, 7, 7}, {25088, 49, 7, 1}, target_id=0
@267 = broadcast[axis=1,out_lens={1, 512, 7, 7}](@262) -> float_type, {1, 512, 7, 7}, {0, 1, 0, 0}, target_id=0
@268 = gpu::code_object[code_object=5000,symbol_name=mlir_quant_convolution_dequantizelinear_add_relu_quantizelinear,global=8192,local=64,](@267,@257,@260,@266) -> int8_type, {1, 512, 7, 7}, {25088, 49, 7, 1}, target_id=0
@269 = load[offset=0,end=25088](@1) -> int8_type, {1, 512, 7, 7}, {25088, 49, 7, 1}, target_id=0
@270 = broadcast[axis=1,out_lens={1, 512, 7, 7}](@263) -> float_type, {1, 512, 7, 7}, {0, 1, 0, 0}, target_id=0
@271 = gpu::code_object[code_object=7416,symbol_name=mlir_quant_convolution_dequantizelinear_add_relu_quantizelinear,global=8192,local=256,](@270,@268,@259,@269) -> int8_type, {1, 512, 7, 7}, {25088, 49, 7, 1}, target_id=0
@272 = load[offset=225792,end=627200](@1) -> int32_type, {1, 2048, 7, 7}, {100352, 49, 7, 1}, target_id=0
@273 = gpu::code_object[code_object=4192,symbol_name=mlir_quant_convolution,global=32768,local=256,](@271,@258,@272) -> int32_type, {1, 2048, 7, 7}, {100352, 49, 7, 1}, target_id=0
@274 = broadcast[axis=1,out_lens={1, 2048, 7, 7}](@264) -> float_type, {1, 2048, 7, 7}, {0, 1, 0, 0}, target_id=0
@275 = load[offset=6064,end=14256](@1) -> float_type, {1, 2048, 1, 1}, {2048, 1, 1, 1}, target_id=0
@276 = gpu::code_object[code_object=4760,symbol_name=dequantizelinear_add_dequantizelinear_add_relu_mul_reduce_sum_kernel,global=131072,local=64,](@273,@274,@257,@275) -> float_type, {1, 2048, 1, 1}, {2048, 1, 1, 1}, target_id=0
@277 = squeeze[axes={2, 3}](@276) -> float_type, {1, 2048}, {2048, 1}, target_id=0
@278 = load[offset=0,end=2048](@1) -> int8_type, {1, 2048}, {2048, 1}, target_id=0
@279 = gpu::code_object[code_object=3984,symbol_name=quantizelinear_kernel,global=1024,local=1024,](@277,@278) -> int8_type, {1, 2048}, {2048, 1}, target_id=0
@280 = load[offset=8032,end=12036](@1) -> int32_type, {1, 1001}, {1001, 1}, target_id=0
@281 = gpu::quant_gemm[alpha=1,beta=0,compute_fp32=1,trans_batch=0,solution_idx=0](@279,@261,@280) -> int32_type, {1, 1001}, {1001, 1}, target_id=0
@282 = multibroadcast[out_lens={1, 1001},out_dyn_dims={}](@265) -> float_type, {1, 1001}, {0, 1}, target_id=0
@283 = load[offset=4016,end=8020](@1) -> float_type, {1, 1001}, {1001, 1}, target_id=0
@284 = gpu::code_object[code_object=4208,symbol_name=dequantizelinear_add_kernel,global=1001,local=1024,](@281,@282,@283) -> float_type, {1, 1001}, {1001, 1}, target_id=0
@285 = load[offset=0,end=8](@1) -> int64_type, {1, 1}, {1, 1}, target_id=0
@286 = gpu::argmax[axis=1,select_last_index=0](@284,@285) -> int64_type, {1, 1}, {1, 1}, target_id=0
main:#output_0 = @param:main:#output_0 -> int64_type, {1}, {1}, target_id=0
@288 = reshape_lazy[dims={1}](@286) -> int64_type, {1}, {1}, target_id=0
@289 = gpu::code_object[code_object=3896,symbol_name=convert_convert_kernel,global=1,local=1024,](@288,main:#output_0) -> int64_type, {1}, {1}, target_id=0
main:#output_1 = @param:main:#output_1 -> float_type, {1, 1001}, {1001, 1}, target_id=0
@291 = gpu::code_object[code_object=5800,symbol_name=reduce_max_sub_exp_reduce_sum_div_kernel,global=256,local=256,](@284,main:#output_1) -> float_type, {1, 1001}, {1001, 1}, target_id=0
@292 = @return(@289,@291), target_id=0


Allocating params ... 
Running performance report ... 
@0 = check_context::migraphx::gpu::context -> float_type, {}, {}, target_id=0: 0.00108988ms, 1%
@1 = hip::hip_allocate_memory[shape=int8_type, {6480128}, {1},id=main:scratch] -> int8_type, {6480128}, {1}, target_id=0: 0.00101332ms, 1%
@2 = hip::hip_copy_literal[id=main:@literal:2] -> int8_type, {64, 3, 7, 7}, {147, 49, 7, 1}, target_id=0: 0.0008376ms, 1%
@3 = load[offset=0,end=150528](@1) -> int8_type, {1, 3, 224, 224}, {150528, 50176, 224, 1}, target_id=0: 0.00084638ms, 1%
input_tensor:0 = @param:input_tensor:0 -> float_type, {1, 3, 224, 224}, {150528, 50176, 224, 1}, target_id=0: 0.0004189ms, 1%
@5 = gpu::code_object[code_object=3984,symbol_name=quantizelinear_kernel,global=75264,local=1024,](input_tensor:0,@3) -> int8_type, {1, 3, 224, 224}, {150528, 50176, 224, 1}, target_id=0: 0.0193823ms, 1%
@6 = hip::hip_copy_literal[id=main:@literal:54] -> float_type, {64}, {1}, target_id=0: 0.00083968ms, 1%
@7 = load[offset=3268864,end=6480128](@1) -> float_type, {1, 64, 112, 112}, {802816, 12544, 112, 1}, target_id=0: 0.00351708ms, 1%
@8 = broadcast[axis=1,out_lens={1, 64, 112, 112}](@6) -> float_type, {1, 64, 112, 112}, {0, 1, 0, 0}, target_id=0: 0.00136478ms, 1%
@9 = gpu::code_object[code_object=6432,symbol_name=mlir_quant_convolution_dequantizelinear_add_relu,global=50176,local=256,](@8,@5,@2,@7) -> float_type, {1, 64, 112, 112}, {802816, 12544, 112, 1}, target_id=0: 0.032928ms, 2%
@10 = load[offset=0,end=3268864](@1) -> float_type, {1, 64, 113, 113}, {817216, 12769, 113, 1}, target_id=0: 0.00071958ms, 1%
@11 = gpu::code_object[code_object=4136,symbol_name=pad_kernel,global=307200,local=1024,](@9,@10) -> float_type, {1, 64, 113, 113}, {817216, 12769, 113, 1}, target_id=0: 0.0274902ms, 2%
@12 = load[offset=3268864,end=4071680](@1) -> float_type, {1, 64, 56, 56}, {200704, 3136, 56, 1}, target_id=0: 0.00070718ms, 1%
@13 = gpu::pooling[mode=max,padding={0, 0, 0, 0},padding_mode=0,stride={2, 2},lengths={3, 3},dilations={1, 1},ceil_mode=0,lp_order=2,dyn_global=0](@11,@12) -> float_type, {1, 64, 56, 56}, {200704, 3136, 56, 1}, target_id=0: 0.0675239ms, 3%
@14 = hip::hip_copy_literal[id=main:@literal:22] -> int8_type, {64, 64, 3, 3}, {576, 9, 3, 1}, target_id=0: 0.0034032ms, 1%
@15 = hip::hip_copy_literal[id=main:@literal:26] -> int8_type, {256, 128, 1, 1}, {128, 1, 1, 1}, target_id=0: 0.00112496ms, 1%
@16 = hip::hip_copy_literal[id=main:@literal:13] -> int8_type, {64, 64, 1, 1}, {64, 1, 1, 1}, target_id=0: 0.00098302ms, 1%
@17 = load[offset=200704,end=401408](@1) -> int8_type, {1, 64, 56, 56}, {200704, 3136, 56, 1}, target_id=0: 0.00079444ms, 1%
@18 = gpu::code_object[code_object=3984,symbol_name=quantizelinear_kernel,global=100352,local=1024,](@13,@17) -> int8_type, {1, 64, 56, 56}, {200704, 3136, 56, 1}, target_id=0: 0.0182168ms, 1%
@19 = hip::hip_copy_literal[id=main:@literal:63] -> float_type, {64}, {1}, target_id=0: 0.00074936ms, 1%
@20 = load[offset=0,end=200704](@1) -> int8_type, {1, 64, 56, 56}, {200704, 3136, 56, 1}, target_id=0: 0.00335996ms, 1%
@21 = broadcast[axis=1,out_lens={1, 64, 56, 56}](@19) -> float_type, {1, 64, 56, 56}, {0, 1, 0, 0}, target_id=0: 0.00153744ms, 1%
@22 = gpu::code_object[code_object=5408,symbol_name=mlir_quant_convolution_dequantizelinear_add_relu_quantizelinear,global=12544,local=256,](@21,@18,@16,@20) -> int8_type, {1, 64, 56, 56}, {200704, 3136, 56, 1}, target_id=0: 0.0225242ms, 1%
@23 = load[offset=401408,end=1204224](@1) -> int32_type, {1, 64, 56, 56}, {200704, 3136, 56, 1}, target_id=0: 0.00071356ms, 1%
@24 = gpu::code_object[code_object=5440,symbol_name=mlir_quant_convolution,global=50176,local=256,](@22,@14,@23) -> int32_type, {1, 64, 56, 56}, {200704, 3136, 56, 1}, target_id=0: 0.0366332ms, 2%
@25 = hip::hip_copy_literal[id=main:@literal:72] -> float_type, {64}, {1}, target_id=0: 0.0008299ms, 1%
@26 = load[offset=1404928,end=1806336](@1) -> int8_type, {1, 128, 56, 56}, {401408, 3136, 56, 1}, target_id=0: 0.00287526ms, 1%
@27 = broadcast[axis=1,out_lens={1, 64, 56, 56}](@25) -> float_type, {1, 64, 56, 56}, {0, 1, 0, 0}, target_id=0: 0.00112694ms, 1%
@28 = gpu::code_object[code_object=4528,symbol_name=dequantizelinear_add_relu_noop_concat_quantizelinear_kernel,global=100352,local=1024,](@24,@27,@13,@26) -> int8_type, {1, 128, 56, 56}, {401408, 3136, 56, 1}, target_id=0: 0.0188477ms, 1%
@29 = hip::hip_copy_literal[id=main:@literal:50] -> float_type, {256}, {1}, target_id=0: 0.00078276ms, 1%
@30 = load[offset=602112,end=1404928](@1) -> int8_type, {1, 256, 56, 56}, {802816, 3136, 56, 1}, target_id=0: 0.00342066ms, 1%
@31 = broadcast[axis=1,out_lens={1, 256, 56, 56}](@29) -> float_type, {1, 256, 56, 56}, {0, 1, 0, 0}, target_id=0: 0.00132178ms, 1%
@32 = gpu::code_object[code_object=5448,symbol_name=mlir_quant_convolution_dequantizelinear_add_relu_quantizelinear,global=50176,local=256,](@31,@28,@15,@30) -> int8_type, {1, 256, 56, 56}, {802816, 3136, 56, 1}, target_id=0: 0.0238087ms, 1%
@33 = hip::hip_copy_literal[id=main:@literal:24] -> int8_type, {64, 256, 1, 1}, {256, 1, 1, 1}, target_id=0: 0.00081746ms, 1%
@34 = hip::hip_copy_literal[id=main:@literal:32] -> int8_type, {64, 64, 3, 3}, {576, 9, 3, 1}, target_id=0: 0.00328452ms, 1%
@35 = hip::hip_copy_literal[id=main:@literal:91] -> float_type, {64}, {1}, target_id=0: 0.00122782ms, 1%
@36 = load[offset=401408,end=602112](@1) -> int8_type, {1, 64, 56, 56}, {200704, 3136, 56, 1}, target_id=0: 0.00070158ms, 1%
@37 = broadcast[axis=1,out_lens={1, 64, 56, 56}](@35) -> float_type, {1, 64, 56, 56}, {0, 1, 0, 0}, target_id=0: 0.00084818ms, 1%
@38 = gpu::code_object[code_object=4600,symbol_name=mlir_quant_convolution_dequantizelinear_add_relu_quantizelinear,global=50176,local=256,](@37,@32,@33,@36) -> int8_type, {1, 64, 56, 56}, {200704, 3136, 56, 1}, target_id=0: 0.0216112ms, 1%
@39 = hip::hip_copy_literal[id=main:@literal:95] -> float_type, {64}, {1}, target_id=0: 0.00073274ms, 1%
@40 = load[offset=200704,end=401408](@1) -> int8_type, {1, 64, 56, 56}, {200704, 3136, 56, 1}, target_id=0: 0.00336648ms, 1%
@41 = broadcast[axis=1,out_lens={1, 64, 56, 56}](@39) -> float_type, {1, 64, 56, 56}, {0, 1, 0, 0}, target_id=0: 0.00122862ms, 1%
@42 = gpu::code_object[code_object=5944,symbol_name=mlir_quant_convolution_dequantizelinear_add_relu_quantizelinear,global=50176,local=256,](@41,@38,@34,@40) -> int8_type, {1, 64, 56, 56}, {200704, 3136, 56, 1}, target_id=0: 0.0347132ms, 2%
@43 = hip::hip_copy_literal[id=main:@literal:36] -> int8_type, {256, 64, 1, 1}, {64, 1, 1, 1}, target_id=0: 0.00077964ms, 1%
@44 = hip::hip_copy_literal[id=main:@literal:96] -> float_type, {256}, {1}, target_id=0: 0.00323488ms, 1%
@45 = load[offset=3411968,end=4214784](@1) -> int8_type, {1, 256, 56, 56}, {802816, 3136, 56, 1}, target_id=0: 0.00115684ms, 1%
@46 = broadcast[axis=1,out_lens={1, 256, 56, 56}](@44) -> float_type, {1, 256, 56, 56}, {0, 1, 0, 0}, target_id=0: 0.00092482ms, 1%
@47 = gpu::code_object[code_object=5904,symbol_name=mlir_quant_convolution_dequantizelinear_add_dequantizelinear_add_relu_quantizelinear,global=50176,local=256,](@46,@32,@42,@43,@45) -> int8_type, {1, 256, 56, 56}, {802816, 3136, 56, 1}, target_id=0: 0.0231869ms, 1%
@48 = hip::hip_copy_literal[id=main:@literal:28] -> int8_type, {64, 256, 1, 1}, {256, 1, 1, 1}, target_id=0: 0.00074044ms, 1%
@49 = hip::hip_copy_literal[id=main:@literal:97] -> float_type, {64}, {1}, target_id=0: 0.0032357ms, 1%
@50 = load[offset=0,end=200704](@1) -> int8_type, {1, 64, 56, 56}, {200704, 3136, 56, 1}, target_id=0: 0.00117984ms, 1%
@51 = broadcast[axis=1,out_lens={1, 64, 56, 56}](@49) -> float_type, {1, 64, 56, 56}, {0, 1, 0, 0}, target_id=0: 0.00091038ms, 1%
@52 = gpu::code_object[code_object=4600,symbol_name=mlir_quant_convolution_dequantizelinear_add_relu_quantizelinear,global=50176,local=256,](@51,@47,@48,@50) -> int8_type, {1, 64, 56, 56}, {200704, 3136, 56, 1}, target_id=0: 0.0216683ms, 1%
@53 = hip::hip_copy_literal[id=main:@literal:31] -> int8_type, {64, 64, 3, 3}, {576, 9, 3, 1}, target_id=0: 0.0007728ms, 1%
@54 = hip::hip_copy_literal[id=main:@literal:98] -> float_type, {64}, {1}, target_id=0: 0.0031351ms, 1%
@55 = load[offset=3211264,end=3411968](@1) -> int8_type, {1, 64, 56, 56}, {200704, 3136, 56, 1}, target_id=0: 0.00115242ms, 1%
@56 = broadcast[axis=1,out_lens={1, 64, 56, 56}](@54) -> float_type, {1, 64, 56, 56}, {0, 1, 0, 0}, target_id=0: 0.000827ms, 1%
@57 = gpu::code_object[code_object=5944,symbol_name=mlir_quant_convolution_dequantizelinear_add_relu_quantizelinear,global=50176,local=256,](@56,@52,@53,@55) -> int8_type, {1, 64, 56, 56}, {200704, 3136, 56, 1}, target_id=0: 0.0342227ms, 2%
@58 = hip::hip_copy_literal[id=main:@literal:6] -> int8_type, {256, 64, 1, 1}, {64, 1, 1, 1}, target_id=0: 0.00073524ms, 1%
@59 = hip::hip_copy_literal[id=main:@literal:55] -> float_type, {256}, {1}, target_id=0: 0.0031987ms, 1%
@60 = broadcast[axis=1,out_lens={1, 256, 56, 56}](@59) -> float_type, {1, 256, 56, 56}, {0, 1, 0, 0}, target_id=0: 0.00144966ms, 1%
@61 = load[offset=0,end=3211264](@1) -> float_type, {1, 256, 56, 56}, {802816, 3136, 56, 1}, target_id=0: 0.00065942ms, 1%
@62 = gpu::code_object[code_object=5648,symbol_name=mlir_quant_convolution_dequantizelinear_add_dequantizelinear_add_relu,global=50176,local=256,](@60,@47,@57,@58,@61) -> float_type, {1, 256, 56, 56}, {802816, 3136, 56, 1}, target_id=0: 0.0253685ms, 1%
@63 = hip::hip_copy_literal[id=main:@literal:17] -> int8_type, {512, 128, 1, 1}, {128, 1, 1, 1}, target_id=0: 0.00078616ms, 1%
@64 = hip::hip_copy_literal[id=main:@literal:27] -> int8_type, {128, 128, 3, 3}, {1152, 9, 3, 1}, target_id=0: 0.00318786ms, 1%
@65 = hip::hip_copy_literal[id=main:@literal:15] -> int8_type, {128, 256, 1, 1}, {256, 1, 1, 1}, target_id=0: 0.00132566ms, 1%
@66 = load[offset=4014080,end=4816896](@1) -> int8_type, {1, 256, 56, 56}, {802816, 3136, 56, 1}, target_id=0: 0.00069678ms, 1%
@67 = gpu::code_object[code_object=3984,symbol_name=quantizelinear_kernel,global=401408,local=1024,](@62,@66) -> int8_type, {1, 256, 56, 56}, {802816, 3136, 56, 1}, target_id=0: 0.0202512ms, 1%
@68 = hip::hip_copy_literal[id=main:@literal:56] -> float_type, {128}, {1}, target_id=0: 0.0007549ms, 1%
@69 = load[offset=3612672,end=4014080](@1) -> int8_type, {1, 128, 56, 56}, {401408, 3136, 56, 1}, target_id=0: 0.00338758ms, 1%
@70 = broadcast[axis=1,out_lens={1, 128, 56, 56}](@68) -> float_type, {1, 128, 56, 56}, {0, 1, 0, 0}, target_id=0: 0.00118442ms, 1%
@71 = gpu::code_object[code_object=5864,symbol_name=mlir_quant_convolution_dequantizelinear_add_relu_quantizelinear,global=25088,local=256,](@70,@67,@65,@69) -> int8_type, {1, 128, 56, 56}, {401408, 3136, 56, 1}, target_id=0: 0.0251778ms, 1%
@72 = hip::hip_copy_literal[id=main:@literal:57] -> float_type, {128}, {1}, target_id=0: 0.0007864ms, 1%
@73 = load[offset=3211264,end=3612672](@1) -> int32_type, {1, 128, 28, 28}, {100352, 784, 28, 1}, target_id=0: 0.00333208ms, 1%
@74 = gpu::code_object[code_object=5520,symbol_name=mlir_quant_convolution,global=25600,local=256,](@71,@64,@73) -> int32_type, {1, 128, 28, 28}, {100352, 784, 28, 1}, target_id=0: 0.039789ms, 2%
@75 = load[offset=3612672,end=3913728](@1) -> int8_type, {1, 384, 28, 28}, {301056, 784, 28, 1}, target_id=0: 0.00070008ms, 1%
@76 = step[axes={2, 3},steps={2, 2}](@62) -> float_type, {1, 256, 28, 28}, {802816, 3136, 112, 2}, target_id=0: 0.00421626ms, 1%
@77 = broadcast[axis=1,out_lens={1, 128, 28, 28}](@72) -> float_type, {1, 128, 28, 28}, {0, 1, 0, 0}, target_id=0: 0.00089176ms, 1%
@78 = gpu::code_object[code_object=4616,symbol_name=dequantizelinear_add_relu_noop_concat_quantizelinear_kernel,global=150528,local=1024,](@74,@77,@76,@75) -> int8_type, {1, 384, 28, 28}, {301056, 784, 28, 1}, target_id=0: 0.0200398ms, 1%
@79 = hip::hip_copy_literal[id=main:@literal:1] -> int8_type, {128, 512, 1, 1}, {512, 1, 1, 1}, target_id=0: 0.00081322ms, 1%
@80 = hip::hip_copy_literal[id=main:@literal:35] -> int8_type, {512, 384, 1, 1}, {384, 1, 1, 1}, target_id=0: 0.00322498ms, 1%
@81 = hip::hip_copy_literal[id=main:@literal:52] -> float_type, {512}, {1}, target_id=0: 0.0013305ms, 1%
@82 = broadcast[axis=1,out_lens={1, 512, 28, 28}](@81) -> float_type, {1, 512, 28, 28}, {0, 1, 0, 0}, target_id=0: 0.00092834ms, 1%
@83 = load[offset=1103872,end=1505280](@1) -> int8_type, {1, 512, 28, 28}, {401408, 784, 28, 1}, target_id=0: 0.00065506ms, 1%
@84 = gpu::code_object[code_object=6792,symbol_name=mlir_quant_convolution_dequantizelinear_add_relu_quantizelinear,global=26624,local=256,](@82,@78,@80,@83) -> int8_type, {1, 512, 28, 28}, {401408, 784, 28, 1}, target_id=0: 0.0321435ms, 2%
@85 = hip::hip_copy_literal[id=main:@literal:37] -> int8_type, {128, 128, 3, 3}, {1152, 9, 3, 1}, target_id=0: 0.00074814ms, 1%
@86 = hip::hip_copy_literal[id=main:@literal:58] -> float_type, {128}, {1}, target_id=0: 0.00318854ms, 1%
@87 = load[offset=100352,end=200704](@1) -> int8_type, {1, 128, 28, 28}, {100352, 784, 28, 1}, target_id=0: 0.0010756ms, 1%
@88 = broadcast[axis=1,out_lens={1, 128, 28, 28}](@86) -> float_type, {1, 128, 28, 28}, {0, 1, 0, 0}, target_id=0: 0.0009016ms, 1%
@89 = gpu::code_object[code_object=4672,symbol_name=mlir_quant_convolution_dequantizelinear_add_relu_quantizelinear,global=25600,local=256,](@88,@84,@79,@87) -> int8_type, {1, 128, 28, 28}, {100352, 784, 28, 1}, target_id=0: 0.0239319ms, 1%
@90 = hip::hip_copy_literal[id=main:@literal:59] -> float_type, {128}, {1}, target_id=0: 0.00076038ms, 1%
@91 = hip::hip_copy_literal[id=main:@literal:60] -> float_type, {512}, {1}, target_id=0: 0.00303046ms, 1%
@92 = load[offset=0,end=100352](@1) -> int8_type, {1, 128, 28, 28}, {100352, 784, 28, 1}, target_id=0: 0.00122086ms, 1%
@93 = broadcast[axis=1,out_lens={1, 128, 28, 28}](@90) -> float_type, {1, 128, 28, 28}, {0, 1, 0, 0}, target_id=0: 0.00094462ms, 1%
@94 = gpu::code_object[code_object=6144,symbol_name=mlir_quant_convolution_dequantizelinear_add_relu_quantizelinear,global=25600,local=256,](@93,@89,@85,@92) -> int8_type, {1, 128, 28, 28}, {100352, 784, 28, 1}, target_id=0: 0.0402493ms, 2%
@95 = load[offset=702464,end=1103872](@1) -> int8_type, {1, 512, 28, 28}, {401408, 784, 28, 1}, target_id=0: 0.0006997ms, 1%
@96 = broadcast[axis=1,out_lens={1, 512, 28, 28}](@91) -> float_type, {1, 512, 28, 28}, {0, 1, 0, 0}, target_id=0: 0.00364768ms, 1%
@97 = gpu::code_object[code_object=7408,symbol_name=mlir_quant_convolution_dequantizelinear_add_dequantizelinear_add_relu_quantizelinear,global=26624,local=256,](@96,@84,@94,@63,@95) -> int8_type, {1, 512, 28, 28}, {401408, 784, 28, 1}, target_id=0: 0.0274727ms, 2%
@98 = hip::hip_copy_literal[id=main:@literal:14] -> int8_type, {128, 512, 1, 1}, {512, 1, 1, 1}, target_id=0: 0.00078278ms, 1%
@99 = hip::hip_copy_literal[id=main:@literal:61] -> float_type, {128}, {1}, target_id=0: 0.00323548ms, 1%
@100 = broadcast[axis=1,out_lens={1, 128, 28, 28}](@99) -> float_type, {1, 128, 28, 28}, {0, 1, 0, 0}, target_id=0: 0.00154466ms, 1%
@101 = load[offset=200704,end=301056](@1) -> int8_type, {1, 128, 28, 28}, {100352, 784, 28, 1}, target_id=0: 0.00066848ms, 1%
@102 = gpu::code_object[code_object=4672,symbol_name=mlir_quant_convolution_dequantizelinear_add_relu_quantizelinear,global=25600,local=256,](@100,@97,@98,@101) -> int8_type, {1, 128, 28, 28}, {100352, 784, 28, 1}, target_id=0: 0.024128ms, 1%
@103 = hip::hip_copy_literal[id=main:@literal:30] -> int8_type, {512, 128, 1, 1}, {128, 1, 1, 1}, target_id=0: 0.00080676ms, 1%
@104 = hip::hip_copy_literal[id=main:@literal:12] -> int8_type, {128, 128, 3, 3}, {1152, 9, 3, 1}, target_id=0: 0.0031402ms, 1%
@105 = hip::hip_copy_literal[id=main:@literal:62] -> float_type, {128}, {1}, target_id=0: 0.00118494ms, 1%
@106 = load[offset=100352,end=200704](@1) -> int8_type, {1, 128, 28, 28}, {100352, 784, 28, 1}, target_id=0: 0.00069642ms, 1%
@107 = broadcast[axis=1,out_lens={1, 128, 28, 28}](@105) -> float_type, {1, 128, 28, 28}, {0, 1, 0, 0}, target_id=0: 0.00118486ms, 1%
@108 = gpu::code_object[code_object=6144,symbol_name=mlir_quant_convolution_dequantizelinear_add_relu_quantizelinear,global=25600,local=256,](@107,@102,@104,@106) -> int8_type, {1, 128, 28, 28}, {100352, 784, 28, 1}, target_id=0: 0.0394477ms, 2%
@109 = hip::hip_copy_literal[id=main:@literal:64] -> float_type, {512}, {1}, target_id=0: 0.0007335ms, 1%
@110 = broadcast[axis=1,out_lens={1, 512, 28, 28}](@109) -> float_type, {1, 512, 28, 28}, {0, 1, 0, 0}, target_id=0: 0.00375612ms, 1%
@111 = load[offset=301056,end=702464](@1) -> int8_type, {1, 512, 28, 28}, {401408, 784, 28, 1}, target_id=0: 0.00093238ms, 1%
@112 = gpu::code_object[code_object=7408,symbol_name=mlir_quant_convolution_dequantizelinear_add_dequantizelinear_add_relu_quantizelinear,global=26624,local=256,](@110,@97,@108,@103,@111) -> int8_type, {1, 512, 28, 28}, {401408, 784, 28, 1}, target_id=0: 0.0274874ms, 2%
@113 = hip::hip_copy_literal[id=main:@literal:34] -> int8_type, {128, 512, 1, 1}, {512, 1, 1, 1}, target_id=0: 0.00081308ms, 1%
@114 = hip::hip_copy_literal[id=main:@literal:10] -> int8_type, {128, 128, 3, 3}, {1152, 9, 3, 1}, target_id=0: 0.00315888ms, 1%
@115 = hip::hip_copy_literal[id=main:@literal:7] -> int8_type, {512, 128, 1, 1}, {128, 1, 1, 1}, target_id=0: 0.00105582ms, 1%
@116 = hip::hip_copy_literal[id=main:@literal:65] -> float_type, {128}, {1}, target_id=0: 0.00086552ms, 1%
@117 = load[offset=0,end=100352](@1) -> int8_type, {1, 128, 28, 28}, {100352, 784, 28, 1}, target_id=0: 0.00068058ms, 1%
@118 = broadcast[axis=1,out_lens={1, 128, 28, 28}](@116) -> float_type, {1, 128, 28, 28}, {0, 1, 0, 0}, target_id=0: 0.00115092ms, 1%
@119 = gpu::code_object[code_object=4672,symbol_name=mlir_quant_convolution_dequantizelinear_add_relu_quantizelinear,global=25600,local=256,](@118,@112,@113,@117) -> int8_type, {1, 128, 28, 28}, {100352, 784, 28, 1}, target_id=0: 0.0256424ms, 2%
@120 = hip::hip_copy_literal[id=main:@literal:66] -> float_type, {128}, {1}, target_id=0: 0.0007797ms, 1%
@121 = load[offset=200704,end=301056](@1) -> int8_type, {1, 128, 28, 28}, {100352, 784, 28, 1}, target_id=0: 0.00339054ms, 1%
@122 = broadcast[axis=1,out_lens={1, 128, 28, 28}](@120) -> float_type, {1, 128, 28, 28}, {0, 1, 0, 0}, target_id=0: 0.00121942ms, 1%
@123 = gpu::code_object[code_object=6144,symbol_name=mlir_quant_convolution_dequantizelinear_add_relu_quantizelinear,global=25600,local=256,](@122,@119,@114,@121) -> int8_type, {1, 128, 28, 28}, {100352, 784, 28, 1}, target_id=0: 0.0394786ms, 2%
@124 = hip::hip_copy_literal[id=main:@literal:67] -> float_type, {512}, {1}, target_id=0: 0.00075602ms, 1%
@125 = load[offset=702464,end=2308096](@1) -> float_type, {1, 512, 28, 28}, {401408, 784, 28, 1}, target_id=0: 0.00339386ms, 1%
@126 = broadcast[axis=1,out_lens={1, 512, 28, 28}](@124) -> float_type, {1, 512, 28, 28}, {0, 1, 0, 0}, target_id=0: 0.00117162ms, 1%
@127 = gpu::code_object[code_object=6976,symbol_name=mlir_quant_convolution_dequantizelinear_add_dequantizelinear_add_relu,global=26624,local=256,](@126,@112,@123,@115,@125) -> float_type, {1, 512, 28, 28}, {401408, 784, 28, 1}, target_id=0: 0.0275634ms, 2%
@128 = hip::hip_copy_literal[id=main:@literal:11] -> int8_type, {1024, 768, 1, 1}, {768, 1, 1, 1}, target_id=0: 0.00075746ms, 1%
@129 = hip::hip_copy_literal[id=main:@literal:5] -> int8_type, {256, 512, 1, 1}, {512, 1, 1, 1}, target_id=0: 0.00302216ms, 1%
@130 = hip::hip_copy_literal[id=main:@literal:4] -> int8_type, {256, 256, 3, 3}, {2304, 9, 3, 1}, target_id=0: 0.00107582ms, 1%
@131 = load[offset=0,end=401408](@1) -> int8_type, {1, 512, 28, 28}, {401408, 784, 28, 1}, target_id=0: 0.00086912ms, 1%
@132 = gpu::code_object[code_object=3984,symbol_name=quantizelinear_kernel,global=200704,local=1024,](@127,@131) -> int8_type, {1, 512, 28, 28}, {401408, 784, 28, 1}, target_id=0: 0.0181112ms, 1%
@133 = hip::hip_copy_literal[id=main:@literal:68] -> float_type, {256}, {1}, target_id=0: 0.00077952ms, 1%
@134 = load[offset=2308096,end=2508800](@1) -> int8_type, {1, 256, 28, 28}, {200704, 784, 28, 1}, target_id=0: 0.00337768ms, 1%
@135 = broadcast[axis=1,out_lens={1, 256, 28, 28}](@133) -> float_type, {1, 256, 28, 28}, {0, 1, 0, 0}, target_id=0: 0.00134944ms, 1%
@136 = gpu::code_object[code_object=4672,symbol_name=mlir_quant_convolution_dequantizelinear_add_relu_quantizelinear,global=51200,local=256,](@135,@132,@129,@134) -> int8_type, {1, 256, 28, 28}, {200704, 784, 28, 1}, target_id=0: 0.0245988ms, 1%
@137 = load[offset=200704,end=401408](@1) -> int32_type, {1, 256, 14, 14}, {50176, 196, 14, 1}, target_id=0: 0.00071438ms, 1%
@138 = gpu::code_object[code_object=5536,symbol_name=mlir_quant_convolution,global=14336,local=256,](@136,@130,@137) -> int32_type, {1, 256, 14, 14}, {50176, 196, 14, 1}, target_id=0: 0.0580855ms, 3%
@139 = hip::hip_copy_literal[id=main:@literal:69] -> float_type, {256}, {1}, target_id=0: 0.0008062ms, 1%
@140 = load[offset=0,end=150528](@1) -> int8_type, {1, 768, 14, 14}, {150528, 196, 14, 1}, target_id=0: 0.00345266ms, 1%
@141 = broadcast[axis=1,out_lens={1, 256, 14, 14}](@139) -> float_type, {1, 256, 14, 14}, {0, 1, 0, 0}, target_id=0: 0.00113258ms, 1%
@142 = step[axes={2, 3},steps={2, 2}](@127) -> float_type, {1, 512, 14, 14}, {401408, 784, 56, 2}, target_id=0: 0.0008851ms, 1%
@143 = gpu::code_object[code_object=4640,symbol_name=dequantizelinear_add_relu_noop_concat_quantizelinear_kernel,global=75264,local=1024,](@138,@141,@142,@140) -> int8_type, {1, 768, 14, 14}, {150528, 196, 14, 1}, target_id=0: 0.0187611ms, 1%
@144 = hip::hip_copy_literal[id=main:@literal:51] -> float_type, {1024}, {1}, target_id=0: 0.0008203ms, 1%
@145 = load[offset=351232,end=551936](@1) -> int8_type, {1, 1024, 14, 14}, {200704, 196, 14, 1}, target_id=0: 0.00337108ms, 1%
@146 = broadcast[axis=1,out_lens={1, 1024, 14, 14}](@144) -> float_type, {1, 1024, 14, 14}, {0, 1, 0, 0}, target_id=0: 0.0015546ms, 1%
@147 = gpu::code_object[code_object=4656,symbol_name=mlir_quant_convolution_dequantizelinear_add_relu_quantizelinear,global=57344,local=256,](@146,@143,@128,@145) -> int8_type, {1, 1024, 14, 14}, {200704, 196, 14, 1}, target_id=0: 0.028154ms, 2%
@148 = hip::hip_copy_literal[id=main:@literal:3] -> int8_type, {256, 1024, 1, 1}, {1024, 1, 1, 1}, target_id=0: 0.00072652ms, 1%
@149 = hip::hip_copy_literal[id=main:@literal:0] -> int8_type, {256, 256, 3, 3}, {2304, 9, 3, 1}, target_id=0: 0.0030656ms, 1%
@150 = hip::hip_copy_literal[id=main:@literal:70] -> float_type, {256}, {1}, target_id=0: 0.00128022ms, 1%
@151 = hip::hip_copy_literal[id=main:@literal:71] -> float_type, {256}, {1}, target_id=0: 0.0006105ms, 1%
@152 = load[offset=100352,end=150528](@1) -> int8_type, {1, 256, 14, 14}, {50176, 196, 14, 1}, target_id=0: 0.00069468ms, 1%
@153 = broadcast[axis=1,out_lens={1, 256, 14, 14}](@150) -> float_type, {1, 256, 14, 14}, {0, 1, 0, 0}, target_id=0: 0.0010715ms, 1%
@154 = gpu::code_object[code_object=4672,symbol_name=mlir_quant_convolution_dequantizelinear_add_relu_quantizelinear,global=14336,local=256,](@153,@147,@148,@152) -> int8_type, {1, 256, 14, 14}, {50176, 196, 14, 1}, target_id=0: 0.0286411ms, 2%
@155 = broadcast[axis=1,out_lens={1, 256, 14, 14}](@151) -> float_type, {1, 256, 14, 14}, {0, 1, 0, 0}, target_id=0: 0.00078138ms, 1%
@156 = load[offset=50176,end=100352](@1) -> int8_type, {1, 256, 14, 14}, {50176, 196, 14, 1}, target_id=0: 0.00336142ms, 1%
@157 = gpu::code_object[code_object=6160,symbol_name=mlir_quant_convolution_dequantizelinear_add_relu_quantizelinear,global=14336,local=256,](@155,@154,@149,@156) -> int8_type, {1, 256, 14, 14}, {50176, 196, 14, 1}, target_id=0: 0.0579225ms, 3%
@158 = hip::hip_copy_literal[id=main:@literal:73] -> float_type, {1024}, {1}, target_id=0: 0.00076752ms, 1%
@159 = hip::hip_copy_literal[id=main:@literal:29] -> int8_type, {1024, 256, 1, 1}, {256, 1, 1, 1}, target_id=0: 0.00325622ms, 1%
@160 = load[offset=150528,end=351232](@1) -> int8_type, {1, 1024, 14, 14}, {200704, 196, 14, 1}, target_id=0: 0.00096556ms, 1%
@161 = broadcast[axis=1,out_lens={1, 1024, 14, 14}](@158) -> float_type, {1, 1024, 14, 14}, {0, 1, 0, 0}, target_id=0: 0.00083312ms, 1%
@162 = gpu::code_object[code_object=5120,symbol_name=mlir_quant_convolution_dequantizelinear_add_dequantizelinear_add_relu_quantizelinear,global=57344,local=256,](@161,@147,@157,@159,@160) -> int8_type, {1, 1024, 14, 14}, {200704, 196, 14, 1}, target_id=0: 0.0224632ms, 1%
@163 = hip::hip_copy_literal[id=main:@literal:9] -> int8_type, {256, 1024, 1, 1}, {1024, 1, 1, 1}, target_id=0: 0.00070898ms, 1%
@164 = hip::hip_copy_literal[id=main:@literal:39] -> int8_type, {1024, 256, 1, 1}, {256, 1, 1, 1}, target_id=0: 0.00310004ms, 1%
@165 = hip::hip_copy_literal[id=main:@literal:20] -> int8_type, {256, 256, 3, 3}, {2304, 9, 3, 1}, target_id=0: 0.00127454ms, 1%
@166 = hip::hip_copy_literal[id=main:@literal:74] -> float_type, {256}, {1}, target_id=0: 0.00063292ms, 1%
@167 = hip::hip_copy_literal[id=main:@literal:75] -> float_type, {256}, {1}, target_id=0: 0.0006098ms, 1%
@168 = hip::hip_copy_literal[id=main:@literal:76] -> float_type, {1024}, {1}, target_id=0: 0.00095594ms, 1%
@169 = load[offset=100352,end=150528](@1) -> int8_type, {1, 256, 14, 14}, {50176, 196, 14, 1}, target_id=0: 0.00069992ms, 1%
@170 = broadcast[axis=1,out_lens={1, 256, 14, 14}](@166) -> float_type, {1, 256, 14, 14}, {0, 1, 0, 0}, target_id=0: 0.0009152ms, 1%
@171 = gpu::code_object[code_object=4672,symbol_name=mlir_quant_convolution_dequantizelinear_add_relu_quantizelinear,global=14336,local=256,](@170,@162,@163,@169) -> int8_type, {1, 256, 14, 14}, {50176, 196, 14, 1}, target_id=0: 0.0306394ms, 2%
@172 = load[offset=50176,end=100352](@1) -> int8_type, {1, 256, 14, 14}, {50176, 196, 14, 1}, target_id=0: 0.00069666ms, 1%
@173 = broadcast[axis=1,out_lens={1, 256, 14, 14}](@167) -> float_type, {1, 256, 14, 14}, {0, 1, 0, 0}, target_id=0: 0.0035462ms, 1%
@174 = gpu::code_object[code_object=6160,symbol_name=mlir_quant_convolution_dequantizelinear_add_relu_quantizelinear,global=14336,local=256,](@173,@171,@165,@172) -> int8_type, {1, 256, 14, 14}, {50176, 196, 14, 1}, target_id=0: 0.0579482ms, 3%
@175 = load[offset=551936,end=752640](@1) -> int8_type, {1, 1024, 14, 14}, {200704, 196, 14, 1}, target_id=0: 0.0007193ms, 1%
@176 = broadcast[axis=1,out_lens={1, 1024, 14, 14}](@168) -> float_type, {1, 1024, 14, 14}, {0, 1, 0, 0}, target_id=0: 0.00362016ms, 1%
@177 = gpu::code_object[code_object=5120,symbol_name=mlir_quant_convolution_dequantizelinear_add_dequantizelinear_add_relu_quantizelinear,global=57344,local=256,](@176,@162,@174,@164,@175) -> int8_type, {1, 1024, 14, 14}, {200704, 196, 14, 1}, target_id=0: 0.0227712ms, 1%
@178 = hip::hip_copy_literal[id=main:@literal:21] -> int8_type, {256, 1024, 1, 1}, {1024, 1, 1, 1}, target_id=0: 0.00079082ms, 1%
@179 = hip::hip_copy_literal[id=main:@literal:40] -> int8_type, {256, 256, 3, 3}, {2304, 9, 3, 1}, target_id=0: 0.00322898ms, 1%
@180 = hip::hip_copy_literal[id=main:@literal:41] -> int8_type, {1024, 256, 1, 1}, {256, 1, 1, 1}, target_id=0: 0.00122948ms, 1%
@181 = hip::hip_copy_literal[id=main:@literal:77] -> float_type, {256}, {1}, target_id=0: 0.0005927ms, 1%
@182 = hip::hip_copy_literal[id=main:@literal:78] -> float_type, {256}, {1}, target_id=0: 0.00060224ms, 1%
@183 = hip::hip_copy_literal[id=main:@literal:79] -> float_type, {1024}, {1}, target_id=0: 0.00091108ms, 1%
@184 = load[offset=50176,end=100352](@1) -> int8_type, {1, 256, 14, 14}, {50176, 196, 14, 1}, target_id=0: 0.00070518ms, 1%
@185 = broadcast[axis=1,out_lens={1, 256, 14, 14}](@181) -> float_type, {1, 256, 14, 14}, {0, 1, 0, 0}, target_id=0: 0.00084802ms, 1%
@186 = gpu::code_object[code_object=4672,symbol_name=mlir_quant_convolution_dequantizelinear_add_relu_quantizelinear,global=14336,local=256,](@185,@177,@178,@184) -> int8_type, {1, 256, 14, 14}, {50176, 196, 14, 1}, target_id=0: 0.0309464ms, 2%
@187 = load[offset=0,end=50176](@1) -> int8_type, {1, 256, 14, 14}, {50176, 196, 14, 1}, target_id=0: 0.00069586ms, 1%
@188 = broadcast[axis=1,out_lens={1, 256, 14, 14}](@182) -> float_type, {1, 256, 14, 14}, {0, 1, 0, 0}, target_id=0: 0.00356542ms, 1%
@189 = gpu::code_object[code_object=6160,symbol_name=mlir_quant_convolution_dequantizelinear_add_relu_quantizelinear,global=14336,local=256,](@188,@186,@179,@187) -> int8_type, {1, 256, 14, 14}, {50176, 196, 14, 1}, target_id=0: 0.0578854ms, 3%
@190 = load[offset=351232,end=551936](@1) -> int8_type, {1, 1024, 14, 14}, {200704, 196, 14, 1}, target_id=0: 0.00072784ms, 1%
@191 = broadcast[axis=1,out_lens={1, 1024, 14, 14}](@183) -> float_type, {1, 1024, 14, 14}, {0, 1, 0, 0}, target_id=0: 0.00369602ms, 1%
@192 = gpu::code_object[code_object=5120,symbol_name=mlir_quant_convolution_dequantizelinear_add_dequantizelinear_add_relu_quantizelinear,global=57344,local=256,](@191,@177,@189,@180,@190) -> int8_type, {1, 1024, 14, 14}, {200704, 196, 14, 1}, target_id=0: 0.0226746ms, 1%
@193 = hip::hip_copy_literal[id=main:@literal:8] -> int8_type, {256, 256, 3, 3}, {2304, 9, 3, 1}, target_id=0: 0.00075526ms, 1%
@194 = hip::hip_copy_literal[id=main:@literal:43] -> int8_type, {256, 1024, 1, 1}, {1024, 1, 1, 1}, target_id=0: 0.00325114ms, 1%
@195 = hip::hip_copy_literal[id=main:@literal:19] -> int8_type, {256, 256, 3, 3}, {2304, 9, 3, 1}, target_id=0: 0.00125038ms, 1%
@196 = hip::hip_copy_literal[id=main:@literal:16] -> int8_type, {1024, 256, 1, 1}, {256, 1, 1, 1}, target_id=0: 0.00060244ms, 1%
@197 = hip::hip_copy_literal[id=main:@literal:25] -> int8_type, {256, 1024, 1, 1}, {1024, 1, 1, 1}, target_id=0: 0.0006212ms, 1%
@198 = hip::hip_copy_literal[id=main:@literal:80] -> float_type, {256}, {1}, target_id=0: 0.00088992ms, 1%
@199 = hip::hip_copy_literal[id=main:@literal:81] -> float_type, {256}, {1}, target_id=0: 0.000604ms, 1%
@200 = hip::hip_copy_literal[id=main:@literal:82] -> float_type, {1024}, {1}, target_id=0: 0.00058ms, 1%
@201 = hip::hip_copy_literal[id=main:@literal:45] -> int8_type, {1024, 256, 1, 1}, {256, 1, 1, 1}, target_id=0: 0.0005735ms, 1%
@202 = hip::hip_copy_literal[id=main:@literal:83] -> float_type, {256}, {1}, target_id=0: 0.00057386ms, 1%
@203 = hip::hip_copy_literal[id=main:@literal:84] -> float_type, {256}, {1}, target_id=0: 0.00058922ms, 1%
@204 = hip::hip_copy_literal[id=main:@literal:85] -> float_type, {1024}, {1}, target_id=0: 0.00056306ms, 1%
@205 = load[offset=100352,end=150528](@1) -> int8_type, {1, 256, 14, 14}, {50176, 196, 14, 1}, target_id=0: 0.0007318ms, 1%
@206 = broadcast[axis=1,out_lens={1, 256, 14, 14}](@198) -> float_type, {1, 256, 14, 14}, {0, 1, 0, 0}, target_id=0: 0.00081548ms, 1%
@207 = gpu::code_object[code_object=4672,symbol_name=mlir_quant_convolution_dequantizelinear_add_relu_quantizelinear,global=14336,local=256,](@206,@192,@197,@205) -> int8_type, {1, 256, 14, 14}, {50176, 196, 14, 1}, target_id=0: 0.0311538ms, 2%
@208 = load[offset=50176,end=100352](@1) -> int8_type, {1, 256, 14, 14}, {50176, 196, 14, 1}, target_id=0: 0.0006883ms, 1%
@209 = broadcast[axis=1,out_lens={1, 256, 14, 14}](@199) -> float_type, {1, 256, 14, 14}, {0, 1, 0, 0}, target_id=0: 0.00356836ms, 1%
@210 = gpu::code_object[code_object=6160,symbol_name=mlir_quant_convolution_dequantizelinear_add_relu_quantizelinear,global=14336,local=256,](@209,@207,@195,@208) -> int8_type, {1, 256, 14, 14}, {50176, 196, 14, 1}, target_id=0: 0.0579202ms, 3%
@211 = broadcast[axis=1,out_lens={1, 1024, 14, 14}](@200) -> float_type, {1, 1024, 14, 14}, {0, 1, 0, 0}, target_id=0: 0.0008062ms, 1%
@212 = load[offset=150528,end=351232](@1) -> int8_type, {1, 1024, 14, 14}, {200704, 196, 14, 1}, target_id=0: 0.00328224ms, 1%
@213 = gpu::code_object[code_object=5120,symbol_name=mlir_quant_convolution_dequantizelinear_add_dequantizelinear_add_relu_quantizelinear,global=57344,local=256,](@211,@192,@210,@196,@212) -> int8_type, {1, 1024, 14, 14}, {200704, 196, 14, 1}, target_id=0: 0.0225057ms, 1%
@214 = load[offset=0,end=50176](@1) -> int8_type, {1, 256, 14, 14}, {50176, 196, 14, 1}, target_id=0: 0.00067738ms, 1%
@215 = broadcast[axis=1,out_lens={1, 256, 14, 14}](@202) -> float_type, {1, 256, 14, 14}, {0, 1, 0, 0}, target_id=0: 0.00357966ms, 1%
@216 = gpu::code_object[code_object=4672,symbol_name=mlir_quant_convolution_dequantizelinear_add_relu_quantizelinear,global=14336,local=256,](@215,@213,@194,@214) -> int8_type, {1, 256, 14, 14}, {50176, 196, 14, 1}, target_id=0: 0.0291466ms, 2%
@217 = broadcast[axis=1,out_lens={1, 256, 14, 14}](@203) -> float_type, {1, 256, 14, 14}, {0, 1, 0, 0}, target_id=0: 0.00082326ms, 1%
@218 = load[offset=100352,end=150528](@1) -> int8_type, {1, 256, 14, 14}, {50176, 196, 14, 1}, target_id=0: 0.00342092ms, 1%
@219 = gpu::code_object[code_object=6160,symbol_name=mlir_quant_convolution_dequantizelinear_add_relu_quantizelinear,global=14336,local=256,](@217,@216,@193,@218) -> int8_type, {1, 256, 14, 14}, {50176, 196, 14, 1}, target_id=0: 0.058085ms, 3%
@220 = load[offset=351232,end=1154048](@1) -> float_type, {1, 1024, 14, 14}, {200704, 196, 14, 1}, target_id=0: 0.00069066ms, 1%
@221 = broadcast[axis=1,out_lens={1, 1024, 14, 14}](@204) -> float_type, {1, 1024, 14, 14}, {0, 1, 0, 0}, target_id=0: 0.00319018ms, 1%
@222 = gpu::code_object[code_object=5016,symbol_name=mlir_quant_convolution_dequantizelinear_add_dequantizelinear_add_relu,global=57344,local=256,](@221,@213,@219,@201,@220) -> float_type, {1, 1024, 14, 14}, {200704, 196, 14, 1}, target_id=0: 0.0229689ms, 1%
@223 = hip::hip_copy_literal[id=main:@literal:46] -> int8_type, {512, 512, 3, 3}, {4608, 9, 3, 1}, target_id=0: 0.0007891ms, 1%
@224 = hip::hip_copy_literal[id=main:@literal:38] -> int8_type, {512, 1024, 1, 1}, {1024, 1, 1, 1}, target_id=0: 0.0032284ms, 1%
@225 = hip::hip_copy_literal[id=main:@literal:18] -> int8_type, {2048, 1536, 1, 1}, {1536, 1, 1, 1}, target_id=0: 0.00118124ms, 1%
@226 = hip::hip_copy_literal[id=main:@literal:53] -> float_type, {2048}, {1}, target_id=0: 0.00055916ms, 1%
@227 = hip::hip_copy_literal[id=main:@literal:86] -> float_type, {512}, {1}, target_id=0: 0.00058024ms, 1%
@228 = hip::hip_copy_literal[id=main:@literal:87] -> float_type, {512}, {1}, target_id=0: 0.00087546ms, 1%
@229 = load[offset=0,end=200704](@1) -> int8_type, {1, 1024, 14, 14}, {200704, 196, 14, 1}, target_id=0: 0.0006973ms, 1%
@230 = gpu::code_object[code_object=3984,symbol_name=quantizelinear_kernel,global=100352,local=1024,](@222,@229) -> int8_type, {1, 1024, 14, 14}, {200704, 196, 14, 1}, target_id=0: 0.0186011ms, 1%
@231 = load[offset=1154048,end=1254400](@1) -> int8_type, {1, 512, 14, 14}, {100352, 196, 14, 1}, target_id=0: 0.00069054ms, 1%
@232 = broadcast[axis=1,out_lens={1, 512, 14, 14}](@227) -> float_type, {1, 512, 14, 14}, {0, 1, 0, 0}, target_id=0: 0.0020803ms, 1%
@233 = gpu::code_object[code_object=4672,symbol_name=mlir_quant_convolution_dequantizelinear_add_relu_quantizelinear,global=28672,local=256,](@232,@230,@224,@231) -> int8_type, {1, 512, 14, 14}, {100352, 196, 14, 1}, target_id=0: 0.0296338ms, 2%
@234 = load[offset=175616,end=275968](@1) -> int32_type, {1, 512, 7, 7}, {25088, 49, 7, 1}, target_id=0: 0.0007391ms, 1%
@235 = gpu::code_object[code_object=6816,symbol_name=mlir_quant_convolution,global=8192,local=256,](@233,@223,@234) -> int32_type, {1, 512, 7, 7}, {25088, 49, 7, 1}, target_id=0: 0.0866012ms, 4%
@236 = load[offset=0,end=75264](@1) -> int8_type, {1, 1536, 7, 7}, {75264, 49, 7, 1}, target_id=0: 0.00072762ms, 1%
@237 = broadcast[axis=1,out_lens={1, 512, 7, 7}](@228) -> float_type, {1, 512, 7, 7}, {0, 1, 0, 0}, target_id=0: 0.00143538ms, 1%
@238 = step[axes={2, 3},steps={2, 2}](@222) -> float_type, {1, 1024, 7, 7}, {200704, 196, 28, 2}, target_id=0: 0.00090768ms, 1%
@239 = gpu::code_object[code_object=4672,symbol_name=dequantizelinear_add_relu_noop_concat_quantizelinear_kernel,global=37632,local=1024,](@235,@237,@238,@236) -> int8_type, {1, 1536, 7, 7}, {75264, 49, 7, 1}, target_id=0: 0.0186862ms, 1%
@240 = load[offset=225792,end=326144](@1) -> int8_type, {1, 2048, 7, 7}, {100352, 49, 7, 1}, target_id=0: 0.0007067ms, 1%
@241 = broadcast[axis=1,out_lens={1, 2048, 7, 7}](@226) -> float_type, {1, 2048, 7, 7}, {0, 1, 0, 0}, target_id=0: 0.00156612ms, 1%
@242 = gpu::code_object[code_object=4808,symbol_name=mlir_quant_convolution_dequantizelinear_add_relu_quantizelinear,global=32768,local=256,](@241,@239,@225,@240) -> int8_type, {1, 2048, 7, 7}, {100352, 49, 7, 1}, target_id=0: 0.0413676ms, 2%
@243 = hip::hip_copy_literal[id=main:@literal:47] -> int8_type, {512, 2048, 1, 1}, {2048, 1, 1, 1}, target_id=0: 0.00086564ms, 1%
@244 = hip::hip_copy_literal[id=main:@literal:48] -> int8_type, {2048, 512, 1, 1}, {512, 1, 1, 1}, target_id=0: 0.00106962ms, 1%
@245 = hip::hip_copy_literal[id=main:@literal:23] -> int8_type, {512, 512, 3, 3}, {4608, 9, 3, 1}, target_id=0: 0.00067736ms, 1%
@246 = hip::hip_copy_literal[id=main:@literal:88] -> float_type, {512}, {1}, target_id=0: 0.0005983ms, 1%
@247 = hip::hip_copy_literal[id=main:@literal:89] -> float_type, {512}, {1}, target_id=0: 0.00062688ms, 1%
@248 = hip::hip_copy_literal[id=main:@literal:90] -> float_type, {2048}, {1}, target_id=0: 0.00062168ms, 1%
@249 = load[offset=25088,end=50176](@1) -> int8_type, {1, 512, 7, 7}, {25088, 49, 7, 1}, target_id=0: 0.00071756ms, 1%
@250 = broadcast[axis=1,out_lens={1, 512, 7, 7}](@246) -> float_type, {1, 512, 7, 7}, {0, 1, 0, 0}, target_id=0: 0.00086264ms, 1%
@251 = gpu::code_object[code_object=5000,symbol_name=mlir_quant_convolution_dequantizelinear_add_relu_quantizelinear,global=8192,local=64,](@250,@242,@243,@249) -> int8_type, {1, 512, 7, 7}, {25088, 49, 7, 1}, target_id=0: 0.0458005ms, 2%
@252 = load[offset=0,end=25088](@1) -> int8_type, {1, 512, 7, 7}, {25088, 49, 7, 1}, target_id=0: 0.00071872ms, 1%
@253 = broadcast[axis=1,out_lens={1, 512, 7, 7}](@247) -> float_type, {1, 512, 7, 7}, {0, 1, 0, 0}, target_id=0: 0.00138436ms, 1%
@254 = gpu::code_object[code_object=7416,symbol_name=mlir_quant_convolution_dequantizelinear_add_relu_quantizelinear,global=8192,local=256,](@253,@251,@245,@252) -> int8_type, {1, 512, 7, 7}, {25088, 49, 7, 1}, target_id=0: 0.0822513ms, 4%
@255 = load[offset=125440,end=225792](@1) -> int8_type, {1, 2048, 7, 7}, {100352, 49, 7, 1}, target_id=0: 0.00071704ms, 1%
@256 = broadcast[axis=1,out_lens={1, 2048, 7, 7}](@248) -> float_type, {1, 2048, 7, 7}, {0, 1, 0, 0}, target_id=0: 0.00125986ms, 1%
@257 = gpu::code_object[code_object=5280,symbol_name=mlir_quant_convolution_dequantizelinear_add_dequantizelinear_add_relu_quantizelinear,global=32768,local=256,](@256,@242,@254,@244,@255) -> int8_type, {1, 2048, 7, 7}, {100352, 49, 7, 1}, target_id=0: 0.0263949ms, 2%
@258 = hip::hip_copy_literal[id=main:@literal:42] -> int8_type, {2048, 512, 1, 1}, {512, 1, 1, 1}, target_id=0: 0.00077984ms, 1%
@259 = hip::hip_copy_literal[id=main:@literal:33] -> int8_type, {512, 512, 3, 3}, {4608, 9, 3, 1}, target_id=0: 0.00323506ms, 1%
@260 = hip::hip_copy_literal[id=main:@literal:49] -> int8_type, {512, 2048, 1, 1}, {2048, 1, 1, 1}, target_id=0: 0.00120986ms, 1%
@261 = hip::hip_copy_literal[id=main:@literal:44] -> int8_type, {2048, 1001}, {1001, 1}, target_id=0: 0.00060538ms, 1%
@262 = hip::hip_copy_literal[id=main:@literal:92] -> float_type, {512}, {1}, target_id=0: 0.00062032ms, 1%
@263 = hip::hip_copy_literal[id=main:@literal:93] -> float_type, {512}, {1}, target_id=0: 0.00063728ms, 1%
@264 = hip::hip_copy_literal[id=main:@literal:94] -> float_type, {2048}, {1}, target_id=0: 0.00059558ms, 1%
@265 = hip::hip_copy_literal[id=main:@literal:99] -> float_type, {1001}, {1}, target_id=0: 0.00058102ms, 1%
@266 = load[offset=25088,end=50176](@1) -> int8_type, {1, 512, 7, 7}, {25088, 49, 7, 1}, target_id=0: 0.0007018ms, 1%
@267 = broadcast[axis=1,out_lens={1, 512, 7, 7}](@262) -> float_type, {1, 512, 7, 7}, {0, 1, 0, 0}, target_id=0: 0.00083042ms, 1%
@268 = gpu::code_object[code_object=5000,symbol_name=mlir_quant_convolution_dequantizelinear_add_relu_quantizelinear,global=8192,local=64,](@267,@257,@260,@266) -> int8_type, {1, 512, 7, 7}, {25088, 49, 7, 1}, target_id=0: 0.0458319ms, 2%
@269 = load[offset=0,end=25088](@1) -> int8_type, {1, 512, 7, 7}, {25088, 49, 7, 1}, target_id=0: 0.00070726ms, 1%
@270 = broadcast[axis=1,out_lens={1, 512, 7, 7}](@263) -> float_type, {1, 512, 7, 7}, {0, 1, 0, 0}, target_id=0: 0.0013959ms, 1%
@271 = gpu::code_object[code_object=7416,symbol_name=mlir_quant_convolution_dequantizelinear_add_relu_quantizelinear,global=8192,local=256,](@270,@268,@259,@269) -> int8_type, {1, 512, 7, 7}, {25088, 49, 7, 1}, target_id=0: 0.0824776ms, 4%
@272 = load[offset=225792,end=627200](@1) -> int32_type, {1, 2048, 7, 7}, {100352, 49, 7, 1}, target_id=0: 0.00075608ms, 1%
@273 = gpu::code_object[code_object=4192,symbol_name=mlir_quant_convolution,global=32768,local=256,](@271,@258,@272) -> int32_type, {1, 2048, 7, 7}, {100352, 49, 7, 1}, target_id=0: 0.025563ms, 2%
@274 = broadcast[axis=1,out_lens={1, 2048, 7, 7}](@264) -> float_type, {1, 2048, 7, 7}, {0, 1, 0, 0}, target_id=0: 0.0021548ms, 1%
@275 = load[offset=6064,end=14256](@1) -> float_type, {1, 2048, 1, 1}, {2048, 1, 1, 1}, target_id=0: 0.00095446ms, 1%
@276 = gpu::code_object[code_object=4760,symbol_name=dequantizelinear_add_dequantizelinear_add_relu_mul_reduce_sum_kernel,global=131072,local=64,](@273,@274,@257,@275) -> float_type, {1, 2048, 1, 1}, {2048, 1, 1, 1}, target_id=0: 0.0173011ms, 1%
@277 = squeeze[axes={2, 3}](@276) -> float_type, {1, 2048}, {2048, 1}, target_id=0: 0.00368104ms, 1%
@278 = load[offset=0,end=2048](@1) -> int8_type, {1, 2048}, {2048, 1}, target_id=0: 0.00109664ms, 1%
@279 = gpu::code_object[code_object=3984,symbol_name=quantizelinear_kernel,global=1024,local=1024,](@277,@278) -> int8_type, {1, 2048}, {2048, 1}, target_id=0: 0.0157842ms, 1%
@280 = load[offset=8032,end=12036](@1) -> int32_type, {1, 1001}, {1001, 1}, target_id=0: 0.00071508ms, 1%
@281 = gpu::quant_gemm[alpha=1,beta=0,compute_fp32=1,trans_batch=0,solution_idx=0](@279,@261,@280) -> int32_type, {1, 1001}, {1001, 1}, target_id=0: 0.0775539ms, 4%
@282 = multibroadcast[out_lens={1, 1001},out_dyn_dims={}](@265) -> float_type, {1, 1001}, {0, 1}, target_id=0: 0.00593114ms, 1%
@283 = load[offset=4016,end=8020](@1) -> float_type, {1, 1001}, {1001, 1}, target_id=0: 0.00092048ms, 1%
@284 = gpu::code_object[code_object=4208,symbol_name=dequantizelinear_add_kernel,global=1001,local=1024,](@281,@282,@283) -> float_type, {1, 1001}, {1001, 1}, target_id=0: 0.0165473ms, 1%
@285 = load[offset=0,end=8](@1) -> int64_type, {1, 1}, {1, 1}, target_id=0: 0.00075434ms, 1%
@286 = gpu::argmax[axis=1,select_last_index=0](@284,@285) -> int64_type, {1, 1}, {1, 1}, target_id=0: 0.0267232ms, 2%
main:#output_0 = @param:main:#output_0 -> int64_type, {1}, {1}, target_id=0: 0.00154576ms, 1%
@288 = reshape_lazy[dims={1}](@286) -> int64_type, {1}, {1}, target_id=0: 0.00172258ms, 1%
@289 = gpu::code_object[code_object=3896,symbol_name=convert_convert_kernel,global=1,local=1024,](@288,main:#output_0) -> int64_type, {1}, {1}, target_id=0: 0.0123524ms, 1%
main:#output_1 = @param:main:#output_1 -> float_type, {1, 1001}, {1001, 1}, target_id=0: 0.0004752ms, 1%
@291 = gpu::code_object[code_object=5800,symbol_name=reduce_max_sub_exp_reduce_sum_div_kernel,global=256,local=256,](@284,main:#output_1) -> float_type, {1, 1001}, {1001, 1}, target_id=0: 0.021334ms, 1%
@292 = @return(@289,@291), target_id=0
Summary:
gpu::code_object::mlir_quant_convolution_dequantizelinear_add_relu_quantizelinear: 1.22915ms / 32 = 0.038411ms, 49%
gpu::code_object::mlir_quant_convolution: 0.246672ms / 5 = 0.0493344ms, 10%
gpu::code_object::mlir_quant_convolution_dequantizelinear_add_dequantizelinear_add_relu_quantizelinear: 0.194957ms / 8 = 0.0243696ms, 8%
hip::hip_copy_literal: 0.131092ms / 100 = 0.00131092ms, 6%
gpu::code_object::quantizelinear_kernel: 0.110347ms / 6 = 0.0183911ms, 5%
load: 0.089564ms / 65 = 0.00137791ms, 4%
broadcast: 0.0787322ms / 49 = 0.00160678ms, 4%
gpu::quant_gemm: 0.0775539ms / 1 = 0.0775539ms, 4%
gpu::code_object::dequantizelinear_add_relu_noop_concat_quantizelinear_kernel: 0.0763347ms / 4 = 0.0190837ms, 3%
gpu::code_object::mlir_quant_convolution_dequantizelinear_add_dequantizelinear_add_relu: 0.0759008ms / 3 = 0.0253003ms, 3%
gpu::pooling: 0.0675239ms / 1 = 0.0675239ms, 3%
gpu::code_object::mlir_quant_convolution_dequantizelinear_add_relu: 0.032928ms / 1 = 0.032928ms, 2%
gpu::code_object::pad_kernel: 0.0274902ms / 1 = 0.0274902ms, 2%
gpu::argmax: 0.0267232ms / 1 = 0.0267232ms, 2%
gpu::code_object::reduce_max_sub_exp_reduce_sum_div_kernel: 0.021334ms / 1 = 0.021334ms, 1%
gpu::code_object::dequantizelinear_add_dequantizelinear_add_relu_mul_reduce_sum_kernel: 0.0173011ms / 1 = 0.0173011ms, 1%
gpu::code_object::dequantizelinear_add_kernel: 0.0165473ms / 1 = 0.0165473ms, 1%
gpu::code_object::convert_convert_kernel: 0.0123524ms / 1 = 0.0123524ms, 1%
step: 0.00600904ms / 3 = 0.00200301ms, 1%
multibroadcast: 0.00593114ms / 1 = 0.00593114ms, 1%
squeeze: 0.00368104ms / 1 = 0.00368104ms, 1%
@param: 0.00243986ms / 3 = 0.000813287ms, 1%
reshape_lazy: 0.00172258ms / 1 = 0.00172258ms, 1%
check_context::migraphx::gpu::context: 0.00108988ms / 1 = 0.00108988ms, 1%
hip::hip_allocate_memory: 0.00101332ms / 1 = 0.00101332ms, 1%

Batch size: 1
Rate: 816.965 inferences/sec
Total time: 1.22404ms
Total instructions time: 2.55439ms
Overhead time: 0.0571729ms, -1.33035ms
Overhead: 5%, -109%
[ MIGraphX Version: 2.10.0.21b71c62c ] Complete: /src/AMDMIGraphX/build/bin/driver perf --int8 --gpu /new-saved-models/resnet50/resnet50_v1.onnx
