Compiling ... 
Reading: /new-saved-models/dlrm/pt_dlrm_criteoterabyte_13_26_20k_1.1_M2.4/float/pt_dlrm_fp16_onnx/pt_dlrm_fp16.onnx
module: "main"
@0 = check_context::migraphx::gpu::context  -> float_type, {}, {}, target_id=0
@1 = hip::hip_allocate_memory[shape=int8_type, {2162688000}, {1},id=main:scratch] -> int8_type, {2162688000}, {1}, target_id=0
@2 = load[offset=0,end=7987200](@1) -> half_type, {307200, 13}, {13, 1}, target_id=0
input = @param:input -> half_type, {307200, 13}, {13, 1}, target_id=0
@4 = hip::copy_to_gpu(input,@2) -> half_type, {307200, 13}, {13, 1}, target_id=0
@5 = hip::hip_copy_literal[id=main:@literal:0] -> half_type, {13, 512}, {512, 1}, target_id=0
@6 = load[offset=707788800,end=1022361600](@1) -> half_type, {307200, 512}, {512, 1}, target_id=0
@7 = gpu::gemm[alpha=1,beta=0,int8_x4_format=0,compute_fp32=1,trans_batch=0](@4,@5,@6) -> half_type, {307200, 512}, {512, 1}, target_id=0
@8 = hip::hip_copy_literal[id=main:@literal:2] -> half_type, {512, 256}, {256, 1}, target_id=0
@9 = hip::hip_copy_literal[id=main:@literal:14] -> half_type, {512}, {1}, target_id=0
@10 = load[offset=393216000,end=707788800](@1) -> half_type, {307200, 512}, {512, 1}, target_id=0
@11 = multibroadcast[out_lens={307200, 512},out_dyn_dims={}](@9) -> half_type, {307200, 512}, {0, 1}, target_id=0
@12 = gpu::code_object[code_object=9536,symbol_name=add_relu_kernel,global=19660800,local=1024,](@7,@11,@10) -> half_type, {307200, 512}, {512, 1}, target_id=0
@13 = load[offset=235929600,end=393216000](@1) -> half_type, {307200, 256}, {256, 1}, target_id=0
@14 = gpu::gemm[alpha=1,beta=0,int8_x4_format=0,compute_fp32=1,trans_batch=0](@12,@8,@13) -> half_type, {307200, 256}, {256, 1}, target_id=0
@15 = hip::hip_copy_literal[id=main:@literal:13] -> half_type, {256}, {1}, target_id=0
@16 = hip::hip_copy_literal[id=main:@literal:4] -> half_type, {256, 64}, {64, 1}, target_id=0
@17 = load[offset=78643200,end=235929600](@1) -> half_type, {307200, 256}, {256, 1}, target_id=0
@18 = multibroadcast[out_lens={307200, 256},out_dyn_dims={}](@15) -> half_type, {307200, 256}, {0, 1}, target_id=0
@19 = gpu::code_object[code_object=9536,symbol_name=add_relu_kernel,global=9830400,local=1024,](@14,@18,@17) -> half_type, {307200, 256}, {256, 1}, target_id=0
@20 = load[offset=39321600,end=78643200](@1) -> half_type, {307200, 64}, {64, 1}, target_id=0
@21 = gpu::gemm[alpha=1,beta=0,int8_x4_format=0,compute_fp32=1,trans_batch=0](@19,@16,@20) -> half_type, {307200, 64}, {64, 1}, target_id=0
@22 = load[offset=78643200,end=142540800](@1) -> int64_type, {26, 307200}, {307200, 1}, target_id=0
lS_i = @param:lS_i -> int64_type, {26, 307200}, {307200, 1}, target_id=0
@24 = hip::copy_to_gpu(lS_i,@22) -> int64_type, {26, 307200}, {307200, 1}, target_id=0
@25 = hip::hip_copy_literal[id=main:@literal:10] -> half_type, {512}, {1}, target_id=0
@26 = hip::hip_copy_literal[id=main:@literal:11] -> half_type, {512}, {1}, target_id=0
@27 = hip::hip_copy_literal[id=main:@literal:12] -> half_type, {64}, {1}, target_id=0
@28 = hip::hip_copy_literal[id=main:@literal:6] -> half_type, {512, 512}, {512, 1}, target_id=0
@29 = hip::hip_copy_literal[id=main:@literal:7] -> float_type, {351}, {1}, target_id=0
@30 = hip::hip_copy_literal[id=main:@literal:21] -> half_type, {9994222, 64}, {64, 1}, target_id=0
@31 = hip::hip_copy_literal[id=main:@literal:22] -> half_type, {14, 64}, {64, 1}, target_id=0
@32 = hip::hip_copy_literal[id=main:@literal:23] -> half_type, {970, 64}, {64, 1}, target_id=0
@33 = hip::hip_copy_literal[id=main:@literal:24] -> half_type, {4, 64}, {64, 1}, target_id=0
@34 = hip::hip_copy_literal[id=main:@literal:25] -> half_type, {122, 64}, {64, 1}, target_id=0
@35 = hip::hip_copy_literal[id=main:@literal:26] -> half_type, {11156, 64}, {64, 1}, target_id=0
@36 = hip::hip_copy_literal[id=main:@literal:27] -> half_type, {2208, 64}, {64, 1}, target_id=0
@37 = hip::hip_copy_literal[id=main:@literal:32] -> half_type, {61, 64}, {64, 1}, target_id=0
@38 = hip::hip_copy_literal[id=main:@literal:15] -> half_type, {36, 64}, {64, 1}, target_id=0
@39 = hip::hip_copy_literal[id=main:@literal:16] -> half_type, {101, 64}, {64, 1}, target_id=0
@40 = hip::hip_copy_literal[id=main:@literal:17] -> half_type, {12420, 64}, {64, 1}, target_id=0
@41 = hip::hip_copy_literal[id=main:@literal:18] -> half_type, {415421, 64}, {64, 1}, target_id=0
@42 = hip::hip_copy_literal[id=main:@literal:19] -> half_type, {9946608, 64}, {64, 1}, target_id=0
@43 = hip::hip_copy_literal[id=main:@literal:20] -> half_type, {7267859, 64}, {64, 1}, target_id=0
@44 = hip::hip_copy_literal[id=main:@literal:1] -> half_type, {256, 1}, {1, 1}, target_id=0
@45 = hip::hip_copy_literal[id=main:@literal:3] -> half_type, {512, 256}, {256, 1}, target_id=0
@46 = hip::hip_copy_literal[id=main:@literal:5] -> half_type, {415, 512}, {512, 1}, target_id=0
@47 = hip::hip_copy_literal[id=main:@literal:8] -> half_type, {1}, {1}, target_id=0
@48 = hip::hip_copy_literal[id=main:@literal:9] -> half_type, {256}, {1}, target_id=0
@49 = hip::hip_copy_literal[id=main:@literal:28] -> half_type, {10, 64}, {64, 1}, target_id=0
@50 = hip::hip_copy_literal[id=main:@literal:29] -> half_type, {313829, 64}, {64, 1}, target_id=0
@51 = hip::hip_copy_literal[id=main:@literal:30] -> half_type, {1333352, 64}, {64, 1}, target_id=0
@52 = hip::hip_copy_literal[id=main:@literal:31] -> half_type, {9758201, 64}, {64, 1}, target_id=0
@53 = hip::hip_copy_literal[id=main:@literal:33] -> half_type, {1442, 64}, {64, 1}, target_id=0
@54 = hip::hip_copy_literal[id=main:@literal:34] -> half_type, {7112, 64}, {64, 1}, target_id=0
@55 = hip::hip_copy_literal[id=main:@literal:35] -> half_type, {3, 64}, {64, 1}, target_id=0
@56 = hip::hip_copy_literal[id=main:@literal:36] -> half_type, {20134, 64}, {64, 1}, target_id=0
@57 = hip::hip_copy_literal[id=main:@literal:37] -> half_type, {7378, 64}, {64, 1}, target_id=0
@58 = hip::hip_copy_literal[id=main:@literal:38] -> half_type, {17217, 64}, {64, 1}, target_id=0
@59 = hip::hip_copy_literal[id=main:@literal:39] -> half_type, {36084, 64}, {64, 1}, target_id=0
@60 = hip::hip_copy_literal[id=main:@literal:40] -> half_type, {9980333, 64}, {64, 1}, target_id=0
@61 = load[offset=0,end=31948800](@1) -> float_type, {26, 307200}, {307200, 1}, target_id=0
@62 = gpu::code_object[code_object=9536,symbol_name=convert_kernel,global=1996800,local=1024,](@24,@61) -> float_type, {26, 307200}, {307200, 1}, target_id=0
@63 = load[offset=1061683200,end=1101004800](@1) -> half_type, {307200, 64}, {64, 1}, target_id=0
@64 = slice[axes={0},starts={25},ends={26}](@62) -> float_type, {1, 307200}, {307200, 1}, target_id=0
@65 = squeeze[axes={0}](@64) -> float_type, {307200}, {1}, target_id=0
@66 = gpu::code_object[code_object=9536,symbol_name=gather_kernel,global=307200,local=1024,](@38,@65,@63) -> half_type, {307200, 64}, {64, 1}, target_id=0
@67 = load[offset=1022361600,end=1061683200](@1) -> half_type, {307200, 64}, {64, 1}, target_id=0
@68 = slice[axes={0},starts={24},ends={25}](@62) -> float_type, {1, 307200}, {307200, 1}, target_id=0
@69 = squeeze[axes={0}](@68) -> float_type, {307200}, {1}, target_id=0
@70 = gpu::code_object[code_object=9536,symbol_name=gather_kernel,global=307200,local=1024,](@39,@69,@67) -> half_type, {307200, 64}, {64, 1}, target_id=0
@71 = slice[axes={0},starts={23},ends={24}](@62) -> float_type, {1, 307200}, {307200, 1}, target_id=0
@72 = squeeze[axes={0}](@71) -> float_type, {307200}, {1}, target_id=0
@73 = load[offset=983040000,end=1022361600](@1) -> half_type, {307200, 64}, {64, 1}, target_id=0
@74 = gpu::code_object[code_object=9536,symbol_name=gather_kernel,global=307200,local=1024,](@40,@72,@73) -> half_type, {307200, 64}, {64, 1}, target_id=0
@75 = load[offset=943718400,end=983040000](@1) -> half_type, {307200, 64}, {64, 1}, target_id=0
@76 = slice[axes={0},starts={22},ends={23}](@62) -> float_type, {1, 307200}, {307200, 1}, target_id=0
@77 = squeeze[axes={0}](@76) -> float_type, {307200}, {1}, target_id=0
@78 = gpu::code_object[code_object=9536,symbol_name=gather_kernel,global=307200,local=1024,](@41,@77,@75) -> half_type, {307200, 64}, {64, 1}, target_id=0
@79 = slice[axes={0},starts={21},ends={22}](@62) -> float_type, {1, 307200}, {307200, 1}, target_id=0
@80 = squeeze[axes={0}](@79) -> float_type, {307200}, {1}, target_id=0
@81 = load[offset=904396800,end=943718400](@1) -> half_type, {307200, 64}, {64, 1}, target_id=0
@82 = gpu::code_object[code_object=9536,symbol_name=gather_kernel,global=307200,local=1024,](@42,@80,@81) -> half_type, {307200, 64}, {64, 1}, target_id=0
@83 = load[offset=865075200,end=904396800](@1) -> half_type, {307200, 64}, {64, 1}, target_id=0
@84 = slice[axes={0},starts={20},ends={21}](@62) -> float_type, {1, 307200}, {307200, 1}, target_id=0
@85 = squeeze[axes={0}](@84) -> float_type, {307200}, {1}, target_id=0
@86 = gpu::code_object[code_object=9536,symbol_name=gather_kernel,global=307200,local=1024,](@43,@85,@83) -> half_type, {307200, 64}, {64, 1}, target_id=0
@87 = slice[axes={0},starts={19},ends={20}](@62) -> float_type, {1, 307200}, {307200, 1}, target_id=0
@88 = squeeze[axes={0}](@87) -> float_type, {307200}, {1}, target_id=0
@89 = load[offset=825753600,end=865075200](@1) -> half_type, {307200, 64}, {64, 1}, target_id=0
@90 = gpu::code_object[code_object=9536,symbol_name=gather_kernel,global=307200,local=1024,](@30,@88,@89) -> half_type, {307200, 64}, {64, 1}, target_id=0
@91 = load[offset=786432000,end=825753600](@1) -> half_type, {307200, 64}, {64, 1}, target_id=0
@92 = slice[axes={0},starts={18},ends={19}](@62) -> float_type, {1, 307200}, {307200, 1}, target_id=0
@93 = squeeze[axes={0}](@92) -> float_type, {307200}, {1}, target_id=0
@94 = gpu::code_object[code_object=9536,symbol_name=gather_kernel,global=307200,local=1024,](@31,@93,@91) -> half_type, {307200, 64}, {64, 1}, target_id=0
@95 = slice[axes={0},starts={17},ends={18}](@62) -> float_type, {1, 307200}, {307200, 1}, target_id=0
@96 = squeeze[axes={0}](@95) -> float_type, {307200}, {1}, target_id=0
@97 = load[offset=747110400,end=786432000](@1) -> half_type, {307200, 64}, {64, 1}, target_id=0
@98 = gpu::code_object[code_object=9536,symbol_name=gather_kernel,global=307200,local=1024,](@32,@96,@97) -> half_type, {307200, 64}, {64, 1}, target_id=0
@99 = slice[axes={0},starts={16},ends={17}](@62) -> float_type, {1, 307200}, {307200, 1}, target_id=0
@100 = squeeze[axes={0}](@99) -> float_type, {307200}, {1}, target_id=0
@101 = load[offset=707788800,end=747110400](@1) -> half_type, {307200, 64}, {64, 1}, target_id=0
@102 = gpu::code_object[code_object=9536,symbol_name=gather_kernel,global=307200,local=1024,](@33,@100,@101) -> half_type, {307200, 64}, {64, 1}, target_id=0
@103 = slice[axes={0},starts={15},ends={16}](@62) -> float_type, {1, 307200}, {307200, 1}, target_id=0
@104 = squeeze[axes={0}](@103) -> float_type, {307200}, {1}, target_id=0
@105 = load[offset=668467200,end=707788800](@1) -> half_type, {307200, 64}, {64, 1}, target_id=0
@106 = gpu::code_object[code_object=9536,symbol_name=gather_kernel,global=307200,local=1024,](@34,@104,@105) -> half_type, {307200, 64}, {64, 1}, target_id=0
@107 = load[offset=629145600,end=668467200](@1) -> half_type, {307200, 64}, {64, 1}, target_id=0
@108 = slice[axes={0},starts={14},ends={15}](@62) -> float_type, {1, 307200}, {307200, 1}, target_id=0
@109 = squeeze[axes={0}](@108) -> float_type, {307200}, {1}, target_id=0
@110 = gpu::code_object[code_object=9536,symbol_name=gather_kernel,global=307200,local=1024,](@35,@109,@107) -> half_type, {307200, 64}, {64, 1}, target_id=0
@111 = load[offset=589824000,end=629145600](@1) -> half_type, {307200, 64}, {64, 1}, target_id=0
@112 = slice[axes={0},starts={13},ends={14}](@62) -> float_type, {1, 307200}, {307200, 1}, target_id=0
@113 = squeeze[axes={0}](@112) -> float_type, {307200}, {1}, target_id=0
@114 = gpu::code_object[code_object=9536,symbol_name=gather_kernel,global=307200,local=1024,](@36,@113,@111) -> half_type, {307200, 64}, {64, 1}, target_id=0
@115 = slice[axes={0},starts={12},ends={13}](@62) -> float_type, {1, 307200}, {307200, 1}, target_id=0
@116 = squeeze[axes={0}](@115) -> float_type, {307200}, {1}, target_id=0
@117 = load[offset=550502400,end=589824000](@1) -> half_type, {307200, 64}, {64, 1}, target_id=0
@118 = gpu::code_object[code_object=9536,symbol_name=gather_kernel,global=307200,local=1024,](@49,@116,@117) -> half_type, {307200, 64}, {64, 1}, target_id=0
@119 = load[offset=511180800,end=550502400](@1) -> half_type, {307200, 64}, {64, 1}, target_id=0
@120 = slice[axes={0},starts={11},ends={12}](@62) -> float_type, {1, 307200}, {307200, 1}, target_id=0
@121 = squeeze[axes={0}](@120) -> float_type, {307200}, {1}, target_id=0
@122 = gpu::code_object[code_object=9536,symbol_name=gather_kernel,global=307200,local=1024,](@50,@121,@119) -> half_type, {307200, 64}, {64, 1}, target_id=0
@123 = load[offset=471859200,end=511180800](@1) -> half_type, {307200, 64}, {64, 1}, target_id=0
@124 = slice[axes={0},starts={10},ends={11}](@62) -> float_type, {1, 307200}, {307200, 1}, target_id=0
@125 = squeeze[axes={0}](@124) -> float_type, {307200}, {1}, target_id=0
@126 = gpu::code_object[code_object=9536,symbol_name=gather_kernel,global=307200,local=1024,](@51,@125,@123) -> half_type, {307200, 64}, {64, 1}, target_id=0
@127 = load[offset=432537600,end=471859200](@1) -> half_type, {307200, 64}, {64, 1}, target_id=0
@128 = slice[axes={0},starts={9},ends={10}](@62) -> float_type, {1, 307200}, {307200, 1}, target_id=0
@129 = squeeze[axes={0}](@128) -> float_type, {307200}, {1}, target_id=0
@130 = gpu::code_object[code_object=9536,symbol_name=gather_kernel,global=307200,local=1024,](@52,@129,@127) -> half_type, {307200, 64}, {64, 1}, target_id=0
@131 = load[offset=393216000,end=432537600](@1) -> half_type, {307200, 64}, {64, 1}, target_id=0
@132 = slice[axes={0},starts={8},ends={9}](@62) -> float_type, {1, 307200}, {307200, 1}, target_id=0
@133 = squeeze[axes={0}](@132) -> float_type, {307200}, {1}, target_id=0
@134 = gpu::code_object[code_object=9536,symbol_name=gather_kernel,global=307200,local=1024,](@37,@133,@131) -> half_type, {307200, 64}, {64, 1}, target_id=0
@135 = load[offset=353894400,end=393216000](@1) -> half_type, {307200, 64}, {64, 1}, target_id=0
@136 = slice[axes={0},starts={7},ends={8}](@62) -> float_type, {1, 307200}, {307200, 1}, target_id=0
@137 = squeeze[axes={0}](@136) -> float_type, {307200}, {1}, target_id=0
@138 = gpu::code_object[code_object=9536,symbol_name=gather_kernel,global=307200,local=1024,](@53,@137,@135) -> half_type, {307200, 64}, {64, 1}, target_id=0
@139 = slice[axes={0},starts={6},ends={7}](@62) -> float_type, {1, 307200}, {307200, 1}, target_id=0
@140 = load[offset=314572800,end=353894400](@1) -> half_type, {307200, 64}, {64, 1}, target_id=0
@141 = squeeze[axes={0}](@139) -> float_type, {307200}, {1}, target_id=0
@142 = gpu::code_object[code_object=9536,symbol_name=gather_kernel,global=307200,local=1024,](@54,@141,@140) -> half_type, {307200, 64}, {64, 1}, target_id=0
@143 = load[offset=275251200,end=314572800](@1) -> half_type, {307200, 64}, {64, 1}, target_id=0
@144 = slice[axes={0},starts={5},ends={6}](@62) -> float_type, {1, 307200}, {307200, 1}, target_id=0
@145 = squeeze[axes={0}](@144) -> float_type, {307200}, {1}, target_id=0
@146 = gpu::code_object[code_object=9536,symbol_name=gather_kernel,global=307200,local=1024,](@55,@145,@143) -> half_type, {307200, 64}, {64, 1}, target_id=0
@147 = load[offset=235929600,end=275251200](@1) -> half_type, {307200, 64}, {64, 1}, target_id=0
@148 = slice[axes={0},starts={4},ends={5}](@62) -> float_type, {1, 307200}, {307200, 1}, target_id=0
@149 = squeeze[axes={0}](@148) -> float_type, {307200}, {1}, target_id=0
@150 = gpu::code_object[code_object=9536,symbol_name=gather_kernel,global=307200,local=1024,](@56,@149,@147) -> half_type, {307200, 64}, {64, 1}, target_id=0
@151 = load[offset=196608000,end=235929600](@1) -> half_type, {307200, 64}, {64, 1}, target_id=0
@152 = slice[axes={0},starts={3},ends={4}](@62) -> float_type, {1, 307200}, {307200, 1}, target_id=0
@153 = squeeze[axes={0}](@152) -> float_type, {307200}, {1}, target_id=0
@154 = gpu::code_object[code_object=9536,symbol_name=gather_kernel,global=307200,local=1024,](@57,@153,@151) -> half_type, {307200, 64}, {64, 1}, target_id=0
@155 = load[offset=157286400,end=196608000](@1) -> half_type, {307200, 64}, {64, 1}, target_id=0
@156 = slice[axes={0},starts={2},ends={3}](@62) -> float_type, {1, 307200}, {307200, 1}, target_id=0
@157 = squeeze[axes={0}](@156) -> float_type, {307200}, {1}, target_id=0
@158 = gpu::code_object[code_object=9536,symbol_name=gather_kernel,global=307200,local=1024,](@58,@157,@155) -> half_type, {307200, 64}, {64, 1}, target_id=0
@159 = load[offset=117964800,end=157286400](@1) -> half_type, {307200, 64}, {64, 1}, target_id=0
@160 = slice[axes={0},starts={1},ends={2}](@62) -> float_type, {1, 307200}, {307200, 1}, target_id=0
@161 = squeeze[axes={0}](@160) -> float_type, {307200}, {1}, target_id=0
@162 = gpu::code_object[code_object=9536,symbol_name=gather_kernel,global=307200,local=1024,](@59,@161,@159) -> half_type, {307200, 64}, {64, 1}, target_id=0
@163 = load[offset=78643200,end=117964800](@1) -> half_type, {307200, 64}, {64, 1}, target_id=0
@164 = slice[axes={0},starts={0},ends={1}](@62) -> float_type, {1, 307200}, {307200, 1}, target_id=0
@165 = squeeze[axes={0}](@164) -> float_type, {307200}, {1}, target_id=0
@166 = gpu::code_object[code_object=9536,symbol_name=gather_kernel,global=307200,local=1024,](@60,@165,@163) -> half_type, {307200, 64}, {64, 1}, target_id=0
@167 = multibroadcast[out_lens={307200, 64},out_dyn_dims={}](@27) -> half_type, {307200, 64}, {0, 1}, target_id=0
@168 = load[offset=0,end=39321600](@1) -> half_type, {307200, 64}, {64, 1}, target_id=0
@169 = gpu::code_object[code_object=9536,symbol_name=add_relu_kernel,global=2457600,local=1024,](@21,@167,@168) -> half_type, {307200, 64}, {64, 1}, target_id=0
@170 = load[offset=1101004800,end=2162688000](@1) -> half_type, {307200, 1728}, {1728, 1}, target_id=0
@171 = gpu::code_object[code_object=9536,symbol_name=concat_kernel,global=19660800,local=1024,](@169,@166,@162,@158,@154,@150,@146,@142,@138,@134,@130,@126,@122,@118,@114,@110,@106,@102,@98,@94,@90,@86,@82,@78,@74,@70,@66,@170) -> half_type, {307200, 1728}, {1728, 1}, target_id=0
@172 = load[offset=39321600,end=487219200](@1) -> half_type, {307200, 27, 27}, {729, 27, 1}, target_id=0
@173 = reshape[dims={307200, -1, 64}](@171) -> half_type, {307200, 27, 64}, {1728, 64, 1}, target_id=0
@174 = transpose[permutation={0, 2, 1}](@173) -> half_type, {307200, 64, 27}, {1728, 1, 64}, target_id=0
@175 = gpu::gemm[alpha=1,beta=0,int8_x4_format=0,compute_fp32=1,trans_batch=0](@173,@174,@172) -> half_type, {307200, 27, 27}, {729, 27, 1}, target_id=0
@176 = load[offset=487219200,end=702873600](@1) -> half_type, {307200, 351}, {351, 1}, target_id=0
@177 = reshape[dims={307200, 729}](@175) -> half_type, {307200, 729}, {729, 1}, target_id=0
@178 = gpu::code_object[code_object=9536,symbol_name=gather_kernel,global=307200,local=1024,](@177,@29,@176) -> half_type, {307200, 351}, {351, 1}, target_id=0
@179 = load[offset=39321600,end=294297600](@1) -> half_type, {307200, 415}, {415, 1}, target_id=0
@180 = gpu::code_object[code_object=9536,symbol_name=concat_kernel,global=63744000,local=1024,](@169,@178,@179) -> half_type, {307200, 415}, {415, 1}, target_id=0
@181 = load[offset=294297600,end=608870400](@1) -> half_type, {307200, 512}, {512, 1}, target_id=0
@182 = gpu::gemm[alpha=1,beta=0,int8_x4_format=0,compute_fp32=1,trans_batch=0](@180,@46,@181) -> half_type, {307200, 512}, {512, 1}, target_id=0
@183 = load[offset=608870400,end=923443200](@1) -> half_type, {307200, 512}, {512, 1}, target_id=0
@184 = multibroadcast[out_lens={307200, 512},out_dyn_dims={}](@26) -> half_type, {307200, 512}, {0, 1}, target_id=0
@185 = gpu::code_object[code_object=9536,symbol_name=add_relu_kernel,global=19660800,local=1024,](@182,@184,@183) -> half_type, {307200, 512}, {512, 1}, target_id=0
@186 = load[offset=923443200,end=1238016000](@1) -> half_type, {307200, 512}, {512, 1}, target_id=0
@187 = gpu::gemm[alpha=1,beta=0,int8_x4_format=0,compute_fp32=1,trans_batch=0](@185,@28,@186) -> half_type, {307200, 512}, {512, 1}, target_id=0
@188 = load[offset=0,end=314572800](@1) -> half_type, {307200, 512}, {512, 1}, target_id=0
@189 = multibroadcast[out_lens={307200, 512},out_dyn_dims={}](@25) -> half_type, {307200, 512}, {0, 1}, target_id=0
@190 = gpu::code_object[code_object=9536,symbol_name=add_relu_kernel,global=19660800,local=1024,](@187,@189,@188) -> half_type, {307200, 512}, {512, 1}, target_id=0
@191 = load[offset=314572800,end=471859200](@1) -> half_type, {307200, 256}, {256, 1}, target_id=0
@192 = gpu::gemm[alpha=1,beta=0,int8_x4_format=0,compute_fp32=1,trans_batch=0](@190,@45,@191) -> half_type, {307200, 256}, {256, 1}, target_id=0
@193 = load[offset=614400,end=157900800](@1) -> half_type, {307200, 256}, {256, 1}, target_id=0
@194 = multibroadcast[out_lens={307200, 256},out_dyn_dims={}](@48) -> half_type, {307200, 256}, {0, 1}, target_id=0
@195 = gpu::code_object[code_object=9536,symbol_name=add_relu_kernel,global=9830400,local=1024,](@192,@194,@193) -> half_type, {307200, 256}, {256, 1}, target_id=0
@196 = load[offset=157900800,end=158515200](@1) -> half_type, {307200, 1}, {1, 1}, target_id=0
@197 = gpu::gemm[alpha=1,beta=0,int8_x4_format=0,compute_fp32=1,trans_batch=0](@195,@44,@196) -> half_type, {307200, 1}, {1, 1}, target_id=0
@198 = load[offset=0,end=614400](@1) -> half_type, {307200, 1}, {1, 1}, target_id=0
@199 = multibroadcast[out_lens={307200, 1},out_dyn_dims={}](@47) -> half_type, {307200, 1}, {0, 1}, target_id=0
@200 = gpu::code_object[code_object=9544,symbol_name=add_sigmoid_kernel,global=153600,local=1024,](@197,@199,@198) -> half_type, {307200, 1}, {1, 1}, target_id=0
@201 = hip::copy_from_gpu(@200) -> half_type, {307200, 1}, {1, 1}, target_id=0
@202 = hip::sync_stream(@201) -> half_type, {307200, 1}, {1, 1}, target_id=0
@203 = @return(@202), target_id=0


Allocating params ... 
Running performance report ... 
@0 = check_context::migraphx::gpu::context  -> float_type, {}, {}, target_id=0: 0.00139692ms, 1%
@1 = hip::hip_allocate_memory[shape=int8_type, {2162688000}, {1},id=main:scratch] -> int8_type, {2162688000}, {1}, target_id=0: 0.00134454ms, 1%
@2 = load[offset=0,end=7987200](@1) -> half_type, {307200, 13}, {13, 1}, target_id=0: 0.00121222ms, 1%
input = @param:input -> half_type, {307200, 13}, {13, 1}, target_id=0: 0.0008516ms, 1%
@4 = hip::copy_to_gpu(input,@2) -> half_type, {307200, 13}, {13, 1}, target_id=0: 0.645275ms, 3%
@5 = hip::hip_copy_literal[id=main:@literal:0] -> half_type, {13, 512}, {512, 1}, target_id=0: 0.00132876ms, 1%
@6 = load[offset=707788800,end=1022361600](@1) -> half_type, {307200, 512}, {512, 1}, target_id=0: 0.00077276ms, 1%
@7 = gpu::gemm[alpha=1,beta=0,int8_x4_format=0,compute_fp32=1,trans_batch=0](@4,@5,@6) -> half_type, {307200, 512}, {512, 1}, target_id=0: 0.508776ms, 2%
@8 = hip::hip_copy_literal[id=main:@literal:2] -> half_type, {512, 256}, {256, 1}, target_id=0: 0.00093096ms, 1%
@9 = hip::hip_copy_literal[id=main:@literal:14] -> half_type, {512}, {1}, target_id=0: 0.00081146ms, 1%
@10 = load[offset=393216000,end=707788800](@1) -> half_type, {307200, 512}, {512, 1}, target_id=0: 0.00074284ms, 1%
@11 = multibroadcast[out_lens={307200, 512},out_dyn_dims={}](@9) -> half_type, {307200, 512}, {0, 1}, target_id=0: 0.00160136ms, 1%
@12 = gpu::code_object[code_object=9536,symbol_name=add_relu_kernel,global=19660800,local=1024,](@7,@11,@10) -> half_type, {307200, 512}, {512, 1}, target_id=0: 0.637147ms, 3%
@13 = load[offset=235929600,end=393216000](@1) -> half_type, {307200, 256}, {256, 1}, target_id=0: 0.00081638ms, 1%
@14 = gpu::gemm[alpha=1,beta=0,int8_x4_format=0,compute_fp32=1,trans_batch=0](@12,@8,@13) -> half_type, {307200, 256}, {256, 1}, target_id=0: 1.00735ms, 4%
@15 = hip::hip_copy_literal[id=main:@literal:13] -> half_type, {256}, {1}, target_id=0: 0.00097288ms, 1%
@16 = hip::hip_copy_literal[id=main:@literal:4] -> half_type, {256, 64}, {64, 1}, target_id=0: 0.00073798ms, 1%
@17 = load[offset=78643200,end=235929600](@1) -> half_type, {307200, 256}, {256, 1}, target_id=0: 0.00073744ms, 1%
@18 = multibroadcast[out_lens={307200, 256},out_dyn_dims={}](@15) -> half_type, {307200, 256}, {0, 1}, target_id=0: 0.0011009ms, 1%
@19 = gpu::code_object[code_object=9536,symbol_name=add_relu_kernel,global=9830400,local=1024,](@14,@18,@17) -> half_type, {307200, 256}, {256, 1}, target_id=0: 0.328262ms, 2%
@20 = load[offset=39321600,end=78643200](@1) -> half_type, {307200, 64}, {64, 1}, target_id=0: 0.0008392ms, 1%
@21 = gpu::gemm[alpha=1,beta=0,int8_x4_format=0,compute_fp32=1,trans_batch=0](@19,@16,@20) -> half_type, {307200, 64}, {64, 1}, target_id=0: 0.271224ms, 2%
@22 = load[offset=78643200,end=142540800](@1) -> int64_type, {26, 307200}, {307200, 1}, target_id=0: 0.00085442ms, 1%
lS_i = @param:lS_i -> int64_type, {26, 307200}, {307200, 1}, target_id=0: 0.00074994ms, 1%
@24 = hip::copy_to_gpu(lS_i,@22) -> int64_type, {26, 307200}, {307200, 1}, target_id=0: 5.04983ms, 20%
@25 = hip::hip_copy_literal[id=main:@literal:10] -> half_type, {512}, {1}, target_id=0: 0.00100612ms, 1%
@26 = hip::hip_copy_literal[id=main:@literal:11] -> half_type, {512}, {1}, target_id=0: 0.00071922ms, 1%
@27 = hip::hip_copy_literal[id=main:@literal:12] -> half_type, {64}, {1}, target_id=0: 0.00082244ms, 1%
@28 = hip::hip_copy_literal[id=main:@literal:6] -> half_type, {512, 512}, {512, 1}, target_id=0: 0.00061054ms, 1%
@29 = hip::hip_copy_literal[id=main:@literal:7] -> float_type, {351}, {1}, target_id=0: 0.000562ms, 1%
@30 = hip::hip_copy_literal[id=main:@literal:21] -> half_type, {9994222, 64}, {64, 1}, target_id=0: 0.00080902ms, 1%
@31 = hip::hip_copy_literal[id=main:@literal:22] -> half_type, {14, 64}, {64, 1}, target_id=0: 0.00060134ms, 1%
@32 = hip::hip_copy_literal[id=main:@literal:23] -> half_type, {970, 64}, {64, 1}, target_id=0: 0.00070886ms, 1%
@33 = hip::hip_copy_literal[id=main:@literal:24] -> half_type, {4, 64}, {64, 1}, target_id=0: 0.00055554ms, 1%
@34 = hip::hip_copy_literal[id=main:@literal:25] -> half_type, {122, 64}, {64, 1}, target_id=0: 0.00072214ms, 1%
@35 = hip::hip_copy_literal[id=main:@literal:26] -> half_type, {11156, 64}, {64, 1}, target_id=0: 0.00058714ms, 1%
@36 = hip::hip_copy_literal[id=main:@literal:27] -> half_type, {2208, 64}, {64, 1}, target_id=0: 0.00072364ms, 1%
@37 = hip::hip_copy_literal[id=main:@literal:32] -> half_type, {61, 64}, {64, 1}, target_id=0: 0.00058862ms, 1%
@38 = hip::hip_copy_literal[id=main:@literal:15] -> half_type, {36, 64}, {64, 1}, target_id=0: 0.00065056ms, 1%
@39 = hip::hip_copy_literal[id=main:@literal:16] -> half_type, {101, 64}, {64, 1}, target_id=0: 0.00056066ms, 1%
@40 = hip::hip_copy_literal[id=main:@literal:17] -> half_type, {12420, 64}, {64, 1}, target_id=0: 0.00067112ms, 1%
@41 = hip::hip_copy_literal[id=main:@literal:18] -> half_type, {415421, 64}, {64, 1}, target_id=0: 0.00061122ms, 1%
@42 = hip::hip_copy_literal[id=main:@literal:19] -> half_type, {9946608, 64}, {64, 1}, target_id=0: 0.00059496ms, 1%
@43 = hip::hip_copy_literal[id=main:@literal:20] -> half_type, {7267859, 64}, {64, 1}, target_id=0: 0.00061962ms, 1%
@44 = hip::hip_copy_literal[id=main:@literal:1] -> half_type, {256, 1}, {1, 1}, target_id=0: 0.00059066ms, 1%
@45 = hip::hip_copy_literal[id=main:@literal:3] -> half_type, {512, 256}, {256, 1}, target_id=0: 0.00057696ms, 1%
@46 = hip::hip_copy_literal[id=main:@literal:5] -> half_type, {415, 512}, {512, 1}, target_id=0: 0.00052646ms, 1%
@47 = hip::hip_copy_literal[id=main:@literal:8] -> half_type, {1}, {1}, target_id=0: 0.00055282ms, 1%
@48 = hip::hip_copy_literal[id=main:@literal:9] -> half_type, {256}, {1}, target_id=0: 0.00054708ms, 1%
@49 = hip::hip_copy_literal[id=main:@literal:28] -> half_type, {10, 64}, {64, 1}, target_id=0: 0.00076268ms, 1%
@50 = hip::hip_copy_literal[id=main:@literal:29] -> half_type, {313829, 64}, {64, 1}, target_id=0: 0.00062748ms, 1%
@51 = hip::hip_copy_literal[id=main:@literal:30] -> half_type, {1333352, 64}, {64, 1}, target_id=0: 0.00067366ms, 1%
@52 = hip::hip_copy_literal[id=main:@literal:31] -> half_type, {9758201, 64}, {64, 1}, target_id=0: 0.00063602ms, 1%
@53 = hip::hip_copy_literal[id=main:@literal:33] -> half_type, {1442, 64}, {64, 1}, target_id=0: 0.00060944ms, 1%
@54 = hip::hip_copy_literal[id=main:@literal:34] -> half_type, {7112, 64}, {64, 1}, target_id=0: 0.0005957ms, 1%
@55 = hip::hip_copy_literal[id=main:@literal:35] -> half_type, {3, 64}, {64, 1}, target_id=0: 0.00058484ms, 1%
@56 = hip::hip_copy_literal[id=main:@literal:36] -> half_type, {20134, 64}, {64, 1}, target_id=0: 0.00056754ms, 1%
@57 = hip::hip_copy_literal[id=main:@literal:37] -> half_type, {7378, 64}, {64, 1}, target_id=0: 0.00062626ms, 1%
@58 = hip::hip_copy_literal[id=main:@literal:38] -> half_type, {17217, 64}, {64, 1}, target_id=0: 0.00060288ms, 1%
@59 = hip::hip_copy_literal[id=main:@literal:39] -> half_type, {36084, 64}, {64, 1}, target_id=0: 0.0006337ms, 1%
@60 = hip::hip_copy_literal[id=main:@literal:40] -> half_type, {9980333, 64}, {64, 1}, target_id=0: 0.00064114ms, 1%
@61 = load[offset=0,end=31948800](@1) -> float_type, {26, 307200}, {307200, 1}, target_id=0: 0.00070756ms, 1%
@62 = gpu::code_object[code_object=9536,symbol_name=convert_kernel,global=1996800,local=1024,](@24,@61) -> float_type, {26, 307200}, {307200, 1}, target_id=0: 0.118644ms, 1%
@63 = load[offset=1061683200,end=1101004800](@1) -> half_type, {307200, 64}, {64, 1}, target_id=0: 0.00085888ms, 1%
@64 = slice[axes={0},starts={25},ends={26}](@62) -> float_type, {1, 307200}, {307200, 1}, target_id=0: 0.00241274ms, 1%
@65 = squeeze[axes={0}](@64) -> float_type, {307200}, {1}, target_id=0: 0.0017921ms, 1%
@66 = gpu::code_object[code_object=9536,symbol_name=gather_kernel,global=307200,local=1024,](@38,@65,@63) -> half_type, {307200, 64}, {64, 1}, target_id=0: 0.132554ms, 1%
@67 = load[offset=1022361600,end=1061683200](@1) -> half_type, {307200, 64}, {64, 1}, target_id=0: 0.0008592ms, 1%
@68 = slice[axes={0},starts={24},ends={25}](@62) -> float_type, {1, 307200}, {307200, 1}, target_id=0: 0.00127676ms, 1%
@69 = squeeze[axes={0}](@68) -> float_type, {307200}, {1}, target_id=0: 0.00108758ms, 1%
@70 = gpu::code_object[code_object=9536,symbol_name=gather_kernel,global=307200,local=1024,](@39,@69,@67) -> half_type, {307200, 64}, {64, 1}, target_id=0: 0.13158ms, 1%
@71 = slice[axes={0},starts={23},ends={24}](@62) -> float_type, {1, 307200}, {307200, 1}, target_id=0: 0.0011957ms, 1%
@72 = squeeze[axes={0}](@71) -> float_type, {307200}, {1}, target_id=0: 0.00110188ms, 1%
@73 = load[offset=983040000,end=1022361600](@1) -> half_type, {307200, 64}, {64, 1}, target_id=0: 0.0007128ms, 1%
@74 = gpu::code_object[code_object=9536,symbol_name=gather_kernel,global=307200,local=1024,](@40,@72,@73) -> half_type, {307200, 64}, {64, 1}, target_id=0: 0.131534ms, 1%
@75 = load[offset=943718400,end=983040000](@1) -> half_type, {307200, 64}, {64, 1}, target_id=0: 0.00083714ms, 1%
@76 = slice[axes={0},starts={22},ends={23}](@62) -> float_type, {1, 307200}, {307200, 1}, target_id=0: 0.00110304ms, 1%
@77 = squeeze[axes={0}](@76) -> float_type, {307200}, {1}, target_id=0: 0.00105196ms, 1%
@78 = gpu::code_object[code_object=9536,symbol_name=gather_kernel,global=307200,local=1024,](@41,@77,@75) -> half_type, {307200, 64}, {64, 1}, target_id=0: 0.131553ms, 1%
@79 = slice[axes={0},starts={21},ends={22}](@62) -> float_type, {1, 307200}, {307200, 1}, target_id=0: 0.0011516ms, 1%
@80 = squeeze[axes={0}](@79) -> float_type, {307200}, {1}, target_id=0: 0.00104158ms, 1%
@81 = load[offset=904396800,end=943718400](@1) -> half_type, {307200, 64}, {64, 1}, target_id=0: 0.00070768ms, 1%
@82 = gpu::code_object[code_object=9536,symbol_name=gather_kernel,global=307200,local=1024,](@42,@80,@81) -> half_type, {307200, 64}, {64, 1}, target_id=0: 0.13158ms, 1%
@83 = load[offset=865075200,end=904396800](@1) -> half_type, {307200, 64}, {64, 1}, target_id=0: 0.00081096ms, 1%
@84 = slice[axes={0},starts={20},ends={21}](@62) -> float_type, {1, 307200}, {307200, 1}, target_id=0: 0.0010499ms, 1%
@85 = squeeze[axes={0}](@84) -> float_type, {307200}, {1}, target_id=0: 0.00102698ms, 1%
@86 = gpu::code_object[code_object=9536,symbol_name=gather_kernel,global=307200,local=1024,](@43,@85,@83) -> half_type, {307200, 64}, {64, 1}, target_id=0: 0.131363ms, 1%
@87 = slice[axes={0},starts={19},ends={20}](@62) -> float_type, {1, 307200}, {307200, 1}, target_id=0: 0.0011445ms, 1%
@88 = squeeze[axes={0}](@87) -> float_type, {307200}, {1}, target_id=0: 0.00103378ms, 1%
@89 = load[offset=825753600,end=865075200](@1) -> half_type, {307200, 64}, {64, 1}, target_id=0: 0.00068832ms, 1%
@90 = gpu::code_object[code_object=9536,symbol_name=gather_kernel,global=307200,local=1024,](@30,@88,@89) -> half_type, {307200, 64}, {64, 1}, target_id=0: 0.131478ms, 1%
@91 = load[offset=786432000,end=825753600](@1) -> half_type, {307200, 64}, {64, 1}, target_id=0: 0.00084432ms, 1%
@92 = slice[axes={0},starts={18},ends={19}](@62) -> float_type, {1, 307200}, {307200, 1}, target_id=0: 0.00104594ms, 1%
@93 = squeeze[axes={0}](@92) -> float_type, {307200}, {1}, target_id=0: 0.00102286ms, 1%
@94 = gpu::code_object[code_object=9536,symbol_name=gather_kernel,global=307200,local=1024,](@31,@93,@91) -> half_type, {307200, 64}, {64, 1}, target_id=0: 0.130361ms, 1%
@95 = slice[axes={0},starts={17},ends={18}](@62) -> float_type, {1, 307200}, {307200, 1}, target_id=0: 0.00115088ms, 1%
@96 = squeeze[axes={0}](@95) -> float_type, {307200}, {1}, target_id=0: 0.0010366ms, 1%
@97 = load[offset=747110400,end=786432000](@1) -> half_type, {307200, 64}, {64, 1}, target_id=0: 0.00073204ms, 1%
@98 = gpu::code_object[code_object=9536,symbol_name=gather_kernel,global=307200,local=1024,](@32,@96,@97) -> half_type, {307200, 64}, {64, 1}, target_id=0: 0.131216ms, 1%
@99 = slice[axes={0},starts={16},ends={17}](@62) -> float_type, {1, 307200}, {307200, 1}, target_id=0: 0.00113884ms, 1%
@100 = squeeze[axes={0}](@99) -> float_type, {307200}, {1}, target_id=0: 0.00104844ms, 1%
@101 = load[offset=707788800,end=747110400](@1) -> half_type, {307200, 64}, {64, 1}, target_id=0: 0.00070616ms, 1%
@102 = gpu::code_object[code_object=9536,symbol_name=gather_kernel,global=307200,local=1024,](@33,@100,@101) -> half_type, {307200, 64}, {64, 1}, target_id=0: 0.131402ms, 1%
@103 = slice[axes={0},starts={15},ends={16}](@62) -> float_type, {1, 307200}, {307200, 1}, target_id=0: 0.00114538ms, 1%
@104 = squeeze[axes={0}](@103) -> float_type, {307200}, {1}, target_id=0: 0.0010418ms, 1%
@105 = load[offset=668467200,end=707788800](@1) -> half_type, {307200, 64}, {64, 1}, target_id=0: 0.00069296ms, 1%
@106 = gpu::code_object[code_object=9536,symbol_name=gather_kernel,global=307200,local=1024,](@34,@104,@105) -> half_type, {307200, 64}, {64, 1}, target_id=0: 0.131474ms, 1%
@107 = load[offset=629145600,end=668467200](@1) -> half_type, {307200, 64}, {64, 1}, target_id=0: 0.00080196ms, 1%
@108 = slice[axes={0},starts={14},ends={15}](@62) -> float_type, {1, 307200}, {307200, 1}, target_id=0: 0.001023ms, 1%
@109 = squeeze[axes={0}](@108) -> float_type, {307200}, {1}, target_id=0: 0.00103128ms, 1%
@110 = gpu::code_object[code_object=9536,symbol_name=gather_kernel,global=307200,local=1024,](@35,@109,@107) -> half_type, {307200, 64}, {64, 1}, target_id=0: 0.131511ms, 1%
@111 = load[offset=589824000,end=629145600](@1) -> half_type, {307200, 64}, {64, 1}, target_id=0: 0.00081684ms, 1%
@112 = slice[axes={0},starts={13},ends={14}](@62) -> float_type, {1, 307200}, {307200, 1}, target_id=0: 0.00103214ms, 1%
@113 = squeeze[axes={0}](@112) -> float_type, {307200}, {1}, target_id=0: 0.00101406ms, 1%
@114 = gpu::code_object[code_object=9536,symbol_name=gather_kernel,global=307200,local=1024,](@36,@113,@111) -> half_type, {307200, 64}, {64, 1}, target_id=0: 0.13136ms, 1%
@115 = slice[axes={0},starts={12},ends={13}](@62) -> float_type, {1, 307200}, {307200, 1}, target_id=0: 0.0011279ms, 1%
@116 = squeeze[axes={0}](@115) -> float_type, {307200}, {1}, target_id=0: 0.00100166ms, 1%
@117 = load[offset=550502400,end=589824000](@1) -> half_type, {307200, 64}, {64, 1}, target_id=0: 0.00070132ms, 1%
@118 = gpu::code_object[code_object=9536,symbol_name=gather_kernel,global=307200,local=1024,](@49,@116,@117) -> half_type, {307200, 64}, {64, 1}, target_id=0: 0.130844ms, 1%
@119 = load[offset=511180800,end=550502400](@1) -> half_type, {307200, 64}, {64, 1}, target_id=0: 0.00083316ms, 1%
@120 = slice[axes={0},starts={11},ends={12}](@62) -> float_type, {1, 307200}, {307200, 1}, target_id=0: 0.00102356ms, 1%
@121 = squeeze[axes={0}](@120) -> float_type, {307200}, {1}, target_id=0: 0.00099674ms, 1%
@122 = gpu::code_object[code_object=9536,symbol_name=gather_kernel,global=307200,local=1024,](@50,@121,@119) -> half_type, {307200, 64}, {64, 1}, target_id=0: 0.130678ms, 1%
@123 = load[offset=471859200,end=511180800](@1) -> half_type, {307200, 64}, {64, 1}, target_id=0: 0.00081468ms, 1%
@124 = slice[axes={0},starts={10},ends={11}](@62) -> float_type, {1, 307200}, {307200, 1}, target_id=0: 0.0010049ms, 1%
@125 = squeeze[axes={0}](@124) -> float_type, {307200}, {1}, target_id=0: 0.00097712ms, 1%
@126 = gpu::code_object[code_object=9536,symbol_name=gather_kernel,global=307200,local=1024,](@51,@125,@123) -> half_type, {307200, 64}, {64, 1}, target_id=0: 0.13043ms, 1%
@127 = load[offset=432537600,end=471859200](@1) -> half_type, {307200, 64}, {64, 1}, target_id=0: 0.00080224ms, 1%
@128 = slice[axes={0},starts={9},ends={10}](@62) -> float_type, {1, 307200}, {307200, 1}, target_id=0: 0.001021ms, 1%
@129 = squeeze[axes={0}](@128) -> float_type, {307200}, {1}, target_id=0: 0.00095454ms, 1%
@130 = gpu::code_object[code_object=9536,symbol_name=gather_kernel,global=307200,local=1024,](@52,@129,@127) -> half_type, {307200, 64}, {64, 1}, target_id=0: 0.130531ms, 1%
@131 = load[offset=393216000,end=432537600](@1) -> half_type, {307200, 64}, {64, 1}, target_id=0: 0.00083636ms, 1%
@132 = slice[axes={0},starts={8},ends={9}](@62) -> float_type, {1, 307200}, {307200, 1}, target_id=0: 0.00100746ms, 1%
@133 = squeeze[axes={0}](@132) -> float_type, {307200}, {1}, target_id=0: 0.00094056ms, 1%
@134 = gpu::code_object[code_object=9536,symbol_name=gather_kernel,global=307200,local=1024,](@37,@133,@131) -> half_type, {307200, 64}, {64, 1}, target_id=0: 0.130539ms, 1%
@135 = load[offset=353894400,end=393216000](@1) -> half_type, {307200, 64}, {64, 1}, target_id=0: 0.00082126ms, 1%
@136 = slice[axes={0},starts={7},ends={8}](@62) -> float_type, {1, 307200}, {307200, 1}, target_id=0: 0.00101354ms, 1%
@137 = squeeze[axes={0}](@136) -> float_type, {307200}, {1}, target_id=0: 0.00094492ms, 1%
@138 = gpu::code_object[code_object=9536,symbol_name=gather_kernel,global=307200,local=1024,](@53,@137,@135) -> half_type, {307200, 64}, {64, 1}, target_id=0: 0.131517ms, 1%
@139 = slice[axes={0},starts={6},ends={7}](@62) -> float_type, {1, 307200}, {307200, 1}, target_id=0: 0.00112986ms, 1%
@140 = load[offset=314572800,end=353894400](@1) -> half_type, {307200, 64}, {64, 1}, target_id=0: 0.00071146ms, 1%
@141 = squeeze[axes={0}](@139) -> float_type, {307200}, {1}, target_id=0: 0.00094388ms, 1%
@142 = gpu::code_object[code_object=9536,symbol_name=gather_kernel,global=307200,local=1024,](@54,@141,@140) -> half_type, {307200, 64}, {64, 1}, target_id=0: 0.131317ms, 1%
@143 = load[offset=275251200,end=314572800](@1) -> half_type, {307200, 64}, {64, 1}, target_id=0: 0.0008279ms, 1%
@144 = slice[axes={0},starts={5},ends={6}](@62) -> float_type, {1, 307200}, {307200, 1}, target_id=0: 0.00101726ms, 1%
@145 = squeeze[axes={0}](@144) -> float_type, {307200}, {1}, target_id=0: 0.00095826ms, 1%
@146 = gpu::code_object[code_object=9536,symbol_name=gather_kernel,global=307200,local=1024,](@55,@145,@143) -> half_type, {307200, 64}, {64, 1}, target_id=0: 0.131207ms, 1%
@147 = load[offset=235929600,end=275251200](@1) -> half_type, {307200, 64}, {64, 1}, target_id=0: 0.00081072ms, 1%
@148 = slice[axes={0},starts={4},ends={5}](@62) -> float_type, {1, 307200}, {307200, 1}, target_id=0: 0.00102156ms, 1%
@149 = squeeze[axes={0}](@148) -> float_type, {307200}, {1}, target_id=0: 0.0010992ms, 1%
@150 = gpu::code_object[code_object=9536,symbol_name=gather_kernel,global=307200,local=1024,](@56,@149,@147) -> half_type, {307200, 64}, {64, 1}, target_id=0: 0.131412ms, 1%
@151 = load[offset=196608000,end=235929600](@1) -> half_type, {307200, 64}, {64, 1}, target_id=0: 0.00083032ms, 1%
@152 = slice[axes={0},starts={3},ends={4}](@62) -> float_type, {1, 307200}, {307200, 1}, target_id=0: 0.00102232ms, 1%
@153 = squeeze[axes={0}](@152) -> float_type, {307200}, {1}, target_id=0: 0.00113414ms, 1%
@154 = gpu::code_object[code_object=9536,symbol_name=gather_kernel,global=307200,local=1024,](@57,@153,@151) -> half_type, {307200, 64}, {64, 1}, target_id=0: 0.131458ms, 1%
@155 = load[offset=157286400,end=196608000](@1) -> half_type, {307200, 64}, {64, 1}, target_id=0: 0.00082818ms, 1%
@156 = slice[axes={0},starts={2},ends={3}](@62) -> float_type, {1, 307200}, {307200, 1}, target_id=0: 0.0010141ms, 1%
@157 = squeeze[axes={0}](@156) -> float_type, {307200}, {1}, target_id=0: 0.00114208ms, 1%
@158 = gpu::code_object[code_object=9536,symbol_name=gather_kernel,global=307200,local=1024,](@58,@157,@155) -> half_type, {307200, 64}, {64, 1}, target_id=0: 0.131327ms, 1%
@159 = load[offset=117964800,end=157286400](@1) -> half_type, {307200, 64}, {64, 1}, target_id=0: 0.00083122ms, 1%
@160 = slice[axes={0},starts={1},ends={2}](@62) -> float_type, {1, 307200}, {307200, 1}, target_id=0: 0.00097112ms, 1%
@161 = squeeze[axes={0}](@160) -> float_type, {307200}, {1}, target_id=0: 0.0011497ms, 1%
@162 = gpu::code_object[code_object=9536,symbol_name=gather_kernel,global=307200,local=1024,](@59,@161,@159) -> half_type, {307200, 64}, {64, 1}, target_id=0: 0.131452ms, 1%
@163 = load[offset=78643200,end=117964800](@1) -> half_type, {307200, 64}, {64, 1}, target_id=0: 0.00083092ms, 1%
@164 = slice[axes={0},starts={0},ends={1}](@62) -> float_type, {1, 307200}, {307200, 1}, target_id=0: 0.00098688ms, 1%
@165 = squeeze[axes={0}](@164) -> float_type, {307200}, {1}, target_id=0: 0.00112778ms, 1%
@166 = gpu::code_object[code_object=9536,symbol_name=gather_kernel,global=307200,local=1024,](@60,@165,@163) -> half_type, {307200, 64}, {64, 1}, target_id=0: 0.131468ms, 1%
@167 = multibroadcast[out_lens={307200, 64},out_dyn_dims={}](@27) -> half_type, {307200, 64}, {0, 1}, target_id=0: 0.00147686ms, 1%
@168 = load[offset=0,end=39321600](@1) -> half_type, {307200, 64}, {64, 1}, target_id=0: 0.00068892ms, 1%
@169 = gpu::code_object[code_object=9536,symbol_name=add_relu_kernel,global=2457600,local=1024,](@21,@167,@168) -> half_type, {307200, 64}, {64, 1}, target_id=0: 0.0944284ms, 1%
@170 = load[offset=1101004800,end=2162688000](@1) -> half_type, {307200, 1728}, {1728, 1}, target_id=0: 0.00077984ms, 1%
@171 = gpu::code_object[code_object=9536,symbol_name=concat_kernel,global=19660800,local=1024,](@169,@166,@162,@158,@154,@150,@146,@142,@138,@134,@130,@126,@122,@118,@114,@110,@106,@102,@98,@94,@90,@86,@82,@78,@74,@70,@66,@170) -> half_type, {307200, 1728}, {1728, 1}, target_id=0: 2.42118ms, 10%
@172 = load[offset=39321600,end=487219200](@1) -> half_type, {307200, 27, 27}, {729, 27, 1}, target_id=0: 0.00085702ms, 1%
@173 = reshape[dims={307200, -1, 64}](@171) -> half_type, {307200, 27, 64}, {1728, 64, 1}, target_id=0: 0.00129752ms, 1%
@174 = transpose[permutation={0, 2, 1}](@173) -> half_type, {307200, 64, 27}, {1728, 1, 64}, target_id=0: 0.00116786ms, 1%
@175 = gpu::gemm[alpha=1,beta=0,int8_x4_format=0,compute_fp32=1,trans_batch=0](@173,@174,@172) -> half_type, {307200, 27, 27}, {729, 27, 1}, target_id=0: 1.90495ms, 8%
@176 = load[offset=487219200,end=702873600](@1) -> half_type, {307200, 351}, {351, 1}, target_id=0: 0.0008494ms, 1%
@177 = reshape[dims={307200, 729}](@175) -> half_type, {307200, 729}, {729, 1}, target_id=0: 0.00085112ms, 1%
@178 = gpu::code_object[code_object=9536,symbol_name=gather_kernel,global=307200,local=1024,](@177,@29,@176) -> half_type, {307200, 351}, {351, 1}, target_id=0: 1.04225ms, 5%
@179 = load[offset=39321600,end=294297600](@1) -> half_type, {307200, 415}, {415, 1}, target_id=0: 0.0008183ms, 1%
@180 = gpu::code_object[code_object=9536,symbol_name=concat_kernel,global=63744000,local=1024,](@169,@178,@179) -> half_type, {307200, 415}, {415, 1}, target_id=0: 0.770678ms, 4%
@181 = load[offset=294297600,end=608870400](@1) -> half_type, {307200, 512}, {512, 1}, target_id=0: 0.00079894ms, 1%
@182 = gpu::gemm[alpha=1,beta=0,int8_x4_format=0,compute_fp32=1,trans_batch=0](@180,@46,@181) -> half_type, {307200, 512}, {512, 1}, target_id=0: 1.49337ms, 6%
@183 = load[offset=608870400,end=923443200](@1) -> half_type, {307200, 512}, {512, 1}, target_id=0: 0.0008397ms, 1%
@184 = multibroadcast[out_lens={307200, 512},out_dyn_dims={}](@26) -> half_type, {307200, 512}, {0, 1}, target_id=0: 0.00127108ms, 1%
@185 = gpu::code_object[code_object=9536,symbol_name=add_relu_kernel,global=19660800,local=1024,](@182,@184,@183) -> half_type, {307200, 512}, {512, 1}, target_id=0: 0.633228ms, 3%
@186 = load[offset=923443200,end=1238016000](@1) -> half_type, {307200, 512}, {512, 1}, target_id=0: 0.00081212ms, 1%
@187 = gpu::gemm[alpha=1,beta=0,int8_x4_format=0,compute_fp32=1,trans_batch=0](@185,@28,@186) -> half_type, {307200, 512}, {512, 1}, target_id=0: 1.89303ms, 8%
@188 = load[offset=0,end=314572800](@1) -> half_type, {307200, 512}, {512, 1}, target_id=0: 0.00080104ms, 1%
@189 = multibroadcast[out_lens={307200, 512},out_dyn_dims={}](@25) -> half_type, {307200, 512}, {0, 1}, target_id=0: 0.0010124ms, 1%
@190 = gpu::code_object[code_object=9536,symbol_name=add_relu_kernel,global=19660800,local=1024,](@187,@189,@188) -> half_type, {307200, 512}, {512, 1}, target_id=0: 0.636256ms, 3%
@191 = load[offset=314572800,end=471859200](@1) -> half_type, {307200, 256}, {256, 1}, target_id=0: 0.00080766ms, 1%
@192 = gpu::gemm[alpha=1,beta=0,int8_x4_format=0,compute_fp32=1,trans_batch=0](@190,@45,@191) -> half_type, {307200, 256}, {256, 1}, target_id=0: 1.05472ms, 5%
@193 = load[offset=614400,end=157900800](@1) -> half_type, {307200, 256}, {256, 1}, target_id=0: 0.00080888ms, 1%
@194 = multibroadcast[out_lens={307200, 256},out_dyn_dims={}](@48) -> half_type, {307200, 256}, {0, 1}, target_id=0: 0.00099474ms, 1%
@195 = gpu::code_object[code_object=9536,symbol_name=add_relu_kernel,global=9830400,local=1024,](@192,@194,@193) -> half_type, {307200, 256}, {256, 1}, target_id=0: 0.326941ms, 2%
@196 = load[offset=157900800,end=158515200](@1) -> half_type, {307200, 1}, {1, 1}, target_id=0: 0.0008196ms, 1%
@197 = gpu::gemm[alpha=1,beta=0,int8_x4_format=0,compute_fp32=1,trans_batch=0](@195,@44,@196) -> half_type, {307200, 1}, {1, 1}, target_id=0: 0.896054ms, 4%
@198 = load[offset=0,end=614400](@1) -> half_type, {307200, 1}, {1, 1}, target_id=0: 0.00083198ms, 1%
@199 = multibroadcast[out_lens={307200, 1},out_dyn_dims={}](@47) -> half_type, {307200, 1}, {0, 1}, target_id=0: 0.00100542ms, 1%
@200 = gpu::code_object[code_object=9544,symbol_name=add_sigmoid_kernel,global=153600,local=1024,](@197,@199,@198) -> half_type, {307200, 1}, {1, 1}, target_id=0: 0.0198764ms, 1%
@201 = hip::copy_from_gpu(@200) -> half_type, {307200, 1}, {1, 1}, target_id=0: 0.19325ms, 1%
@202 = hip::sync_stream(@201) -> half_type, {307200, 1}, {1, 1}, target_id=0: 0.00157644ms, 1%
@203 = @return(@202), target_id=0
Summary:
gpu::gemm: 9.02948ms / 8 = 1.12869ms, 36%
hip::copy_to_gpu: 5.6951ms / 2 = 2.84755ms, 23%
gpu::code_object::gather_kernel: 4.45539ms / 27 = 0.165015ms, 18%
gpu::code_object::concat_kernel: 3.19186ms / 2 = 1.59593ms, 13%
gpu::code_object::add_relu_kernel: 2.65626ms / 6 = 0.442711ms, 11%
hip::copy_from_gpu: 0.19325ms / 1 = 0.19325ms, 1%
gpu::code_object::convert_kernel: 0.118644ms / 1 = 0.118644ms, 1%
load: 0.0377452ms / 47 = 0.00080309ms, 1%
slice: 0.0292319ms / 26 = 0.0011243ms, 1%
hip::hip_copy_literal: 0.0278621ms / 41 = 0.000679564ms, 1%
squeeze: 0.0277015ms / 26 = 0.00106544ms, 1%
gpu::code_object::add_sigmoid_kernel: 0.0198764ms / 1 = 0.0198764ms, 1%
multibroadcast: 0.00846276ms / 7 = 0.00120897ms, 1%
reshape: 0.00214864ms / 2 = 0.00107432ms, 1%
@param: 0.00160154ms / 2 = 0.00080077ms, 1%
hip::sync_stream: 0.00157644ms / 1 = 0.00157644ms, 1%
check_context::migraphx::gpu::context : 0.00139692ms / 1 = 0.00139692ms, 1%
hip::hip_allocate_memory: 0.00134454ms / 1 = 0.00134454ms, 1%
transpose: 0.00116786ms / 1 = 0.00116786ms, 1%

Batch size: 1
Rate: 40.6116/sec
Total time: 24.6235ms
Total instructions time: 25.5001ms
Overhead time: 0.04221ms, -0.876627ms
Overhead: 0%, -4%
