Compiling ... 
Reading: /new-saved-models/slim/vgg16_i1.pb
Benchmarking gpu::mlir_op: 36 configs
Fastest solution: 16,16,8,16,16,8,1,1
Benchmarking gpu::mlir_op: 36 configs
Fastest solution: 16,16,8,16,16,8,1,1
Benchmarking gpu::mlir_op: 36 configs
Fastest solution: 16,16,8,16,16,8,1,1
module: "main"
@0 = check_context::migraphx::gpu::context -> float_type, {}, {}, target_id=0
@1 = hip::hip_allocate_memory[shape=int8_type, {25690112}, {1},id=main:scratch] -> int8_type, {25690112}, {1}, target_id=0
@2 = hip::hip_copy_literal[id=main:@literal:13] -> float_type, {64, 3, 3, 3}, {27, 9, 3, 1}, target_id=0
@3 = hip::hip_copy_literal[id=main:@literal:11] -> float_type, {64, 64, 3, 3}, {576, 9, 3, 1}, target_id=0
@4 = hip::hip_copy_literal[id=main:@literal:30] -> float_type, {64}, {1}, target_id=0
@5 = hip::hip_copy_literal[id=main:@literal:31] -> float_type, {64}, {1}, target_id=0
@6 = load[offset=12845056,end=25690112](@1) -> float_type, {1, 64, 224, 224}, {3211264, 50176, 224, 1}, target_id=0
@7 = broadcast[axis=1,out_lens={1, 64, 224, 224}](@5) -> float_type, {1, 64, 224, 224}, {0, 1, 0, 0}, target_id=0
input = @param:input -> float_type, {1, 3, 224, 224}, {150528, 50176, 224, 1}, target_id=0
@9 = gpu::miopen_fusion[ops={{op=convolution[padding={1, 1, 1, 1},stride={1, 1},dilation={1, 1},group=1,padding_mode=0],alpha=1,beta=0}, {op=add,alpha=1,beta=0}, {op=relu,alpha=1,beta=0}}](input,@2,@7,@6) -> float_type, {1, 64, 224, 224}, {3211264, 50176, 224, 1}, target_id=0
@10 = load[offset=0,end=12845056](@1) -> float_type, {1, 64, 224, 224}, {3211264, 50176, 224, 1}, target_id=0
@11 = broadcast[axis=1,out_lens={1, 64, 224, 224}](@4) -> float_type, {1, 64, 224, 224}, {0, 1, 0, 0}, target_id=0
@12 = gpu::miopen_fusion[ops={{op=convolution[padding={1, 1, 1, 1},stride={1, 1},dilation={1, 1},group=1,padding_mode=0],alpha=1,beta=0}, {op=add,alpha=1,beta=0}, {op=relu,alpha=1,beta=0}}](@9,@3,@11,@10) -> float_type, {1, 64, 224, 224}, {3211264, 50176, 224, 1}, target_id=0
@13 = load[offset=12845056,end=16056320](@1) -> float_type, {1, 64, 112, 112}, {802816, 12544, 112, 1}, target_id=0
@14 = gpu::pooling[mode=max,padding={0, 0, 0, 0},padding_mode=0,stride={2, 2},lengths={2, 2},ceil_mode=0,lp_order=2,dyn_global=0](@12,@13) -> float_type, {1, 64, 112, 112}, {802816, 12544, 112, 1}, target_id=0
@15 = hip::hip_copy_literal[id=main:@literal:8] -> float_type, {128, 128, 3, 3}, {1152, 9, 3, 1}, target_id=0
@16 = hip::hip_copy_literal[id=main:@literal:28] -> float_type, {128}, {1}, target_id=0
@17 = hip::hip_copy_literal[id=main:@literal:3] -> float_type, {128, 64, 3, 3}, {576, 9, 3, 1}, target_id=0
@18 = hip::hip_copy_literal[id=main:@literal:29] -> float_type, {128}, {1}, target_id=0
@19 = broadcast[axis=1,out_lens={1, 128, 112, 112}](@18) -> float_type, {1, 128, 112, 112}, {0, 1, 0, 0}, target_id=0
@20 = load[offset=16056320,end=22478848](@1) -> float_type, {1, 128, 112, 112}, {1605632, 12544, 112, 1}, target_id=0
@21 = gpu::miopen_fusion[ops={{op=convolution[padding={1, 1, 1, 1},stride={1, 1},dilation={1, 1},group=1,padding_mode=0],alpha=1,beta=0}, {op=add,alpha=1,beta=0}, {op=relu,alpha=1,beta=0}}](@14,@17,@19,@20) -> float_type, {1, 128, 112, 112}, {1605632, 12544, 112, 1}, target_id=0
@22 = load[offset=6422528,end=12845056](@1) -> float_type, {1, 128, 112, 112}, {1605632, 12544, 112, 1}, target_id=0
@23 = broadcast[axis=1,out_lens={1, 128, 112, 112}](@16) -> float_type, {1, 128, 112, 112}, {0, 1, 0, 0}, target_id=0
@24 = gpu::miopen_fusion[ops={{op=convolution[padding={1, 1, 1, 1},stride={1, 1},dilation={1, 1},group=1,padding_mode=0],alpha=1,beta=0}, {op=add,alpha=1,beta=0}, {op=relu,alpha=1,beta=0}}](@21,@15,@23,@22) -> float_type, {1, 128, 112, 112}, {1605632, 12544, 112, 1}, target_id=0
@25 = load[offset=3211264,end=4816896](@1) -> float_type, {1, 128, 56, 56}, {401408, 3136, 56, 1}, target_id=0
@26 = gpu::pooling[mode=max,padding={0, 0, 0, 0},padding_mode=0,stride={2, 2},lengths={2, 2},ceil_mode=0,lp_order=2,dyn_global=0](@24,@25) -> float_type, {1, 128, 56, 56}, {401408, 3136, 56, 1}, target_id=0
@27 = hip::hip_copy_literal[id=main:@literal:25] -> float_type, {256}, {1}, target_id=0
@28 = hip::hip_copy_literal[id=main:@literal:2] -> float_type, {256, 256, 3, 3}, {2304, 9, 3, 1}, target_id=0
@29 = hip::hip_copy_literal[id=main:@literal:26] -> float_type, {256}, {1}, target_id=0
@30 = hip::hip_copy_literal[id=main:@literal:27] -> float_type, {256}, {1}, target_id=0
@31 = hip::hip_copy_literal[id=main:@literal:10] -> float_type, {256, 256, 3, 3}, {2304, 9, 3, 1}, target_id=0
@32 = hip::hip_copy_literal[id=main:@literal:6] -> float_type, {256, 128, 3, 3}, {1152, 9, 3, 1}, target_id=0
@33 = load[offset=0,end=3211264](@1) -> float_type, {1, 256, 56, 56}, {802816, 3136, 56, 1}, target_id=0
@34 = broadcast[axis=1,out_lens={1, 256, 56, 56}](@30) -> float_type, {1, 256, 56, 56}, {0, 1, 0, 0}, target_id=0
@35 = gpu::miopen_fusion[ops={{op=convolution[padding={1, 1, 1, 1},stride={1, 1},dilation={1, 1},group=1,padding_mode=0],alpha=1,beta=0}, {op=add,alpha=1,beta=0}, {op=relu,alpha=1,beta=0}}](@26,@32,@34,@33) -> float_type, {1, 256, 56, 56}, {802816, 3136, 56, 1}, target_id=0
@36 = load[offset=6422528,end=9633792](@1) -> float_type, {1, 256, 56, 56}, {802816, 3136, 56, 1}, target_id=0
@37 = broadcast[axis=1,out_lens={1, 256, 56, 56}](@29) -> float_type, {1, 256, 56, 56}, {0, 1, 0, 0}, target_id=0
@38 = gpu::miopen_fusion[ops={{op=convolution[padding={1, 1, 1, 1},stride={1, 1},dilation={1, 1},group=1,padding_mode=0],alpha=1,beta=0}, {op=add,alpha=1,beta=0}, {op=relu,alpha=1,beta=0}}](@35,@31,@37,@36) -> float_type, {1, 256, 56, 56}, {802816, 3136, 56, 1}, target_id=0
@39 = load[offset=3211264,end=6422528](@1) -> float_type, {1, 256, 56, 56}, {802816, 3136, 56, 1}, target_id=0
@40 = broadcast[axis=1,out_lens={1, 256, 56, 56}](@27) -> float_type, {1, 256, 56, 56}, {0, 1, 0, 0}, target_id=0
@41 = gpu::miopen_fusion[ops={{op=convolution[padding={1, 1, 1, 1},stride={1, 1},dilation={1, 1},group=1,padding_mode=0],alpha=1,beta=0}, {op=add,alpha=1,beta=0}, {op=relu,alpha=1,beta=0}}](@38,@28,@40,@39) -> float_type, {1, 256, 56, 56}, {802816, 3136, 56, 1}, target_id=0
@42 = load[offset=1605632,end=2408448](@1) -> float_type, {1, 256, 28, 28}, {200704, 784, 28, 1}, target_id=0
@43 = gpu::pooling[mode=max,padding={0, 0, 0, 0},padding_mode=0,stride={2, 2},lengths={2, 2},ceil_mode=0,lp_order=2,dyn_global=0](@41,@42) -> float_type, {1, 256, 28, 28}, {200704, 784, 28, 1}, target_id=0
@44 = hip::hip_copy_literal[id=main:@literal:16] -> float_type, {1000}, {1}, target_id=0
@45 = hip::hip_copy_literal[id=main:@literal:17] -> float_type, {4096}, {1}, target_id=0
@46 = hip::hip_copy_literal[id=main:@literal:9] -> float_type, {512, 512, 3, 3}, {4608, 9, 3, 1}, target_id=0
@47 = hip::hip_copy_literal[id=main:@literal:18] -> float_type, {4096}, {1}, target_id=0
@48 = hip::hip_copy_literal[id=main:@literal:19] -> float_type, {512}, {1}, target_id=0
@49 = hip::hip_copy_literal[id=main:@literal:20] -> float_type, {512}, {1}, target_id=0
@50 = hip::hip_copy_literal[id=main:@literal:15] -> float_type, {4096, 4096, 1, 1}, {4096, 1, 1, 1}, target_id=0
@51 = hip::hip_copy_literal[id=main:@literal:21] -> float_type, {512}, {1}, target_id=0
@52 = hip::hip_copy_literal[id=main:@literal:22] -> float_type, {512}, {1}, target_id=0
@53 = hip::hip_copy_literal[id=main:@literal:23] -> float_type, {512}, {1}, target_id=0
@54 = hip::hip_copy_literal[id=main:@literal:24] -> float_type, {512}, {1}, target_id=0
@55 = hip::hip_copy_literal[id=main:@literal:5] -> float_type, {512, 512, 3, 3}, {4608, 9, 3, 1}, target_id=0
@56 = hip::hip_copy_literal[id=main:@literal:4] -> float_type, {512, 512, 3, 3}, {4608, 9, 3, 1}, target_id=0
@57 = hip::hip_copy_literal[id=main:@literal:12] -> float_type, {1000, 4096, 1, 1}, {4096, 1, 1, 1}, target_id=0
@58 = hip::hip_copy_literal[id=main:@literal:14] -> float_type, {4096, 512, 7, 7}, {25088, 49, 7, 1}, target_id=0
@59 = hip::hip_copy_literal[id=main:@literal:1] -> float_type, {512, 256, 3, 3}, {2304, 9, 3, 1}, target_id=0
@60 = hip::hip_copy_literal[id=main:@literal:7] -> float_type, {512, 512, 3, 3}, {4608, 9, 3, 1}, target_id=0
@61 = hip::hip_copy_literal[id=main:@literal:0] -> float_type, {512, 512, 3, 3}, {4608, 9, 3, 1}, target_id=0
@62 = broadcast[axis=1,out_lens={1, 512, 28, 28}](@54) -> float_type, {1, 512, 28, 28}, {0, 1, 0, 0}, target_id=0
@63 = load[offset=0,end=1605632](@1) -> float_type, {1, 512, 28, 28}, {401408, 784, 28, 1}, target_id=0
@64 = gpu::miopen_fusion[ops={{op=convolution[padding={1, 1, 1, 1},stride={1, 1},dilation={1, 1},group=1,padding_mode=0],alpha=1,beta=0}, {op=add,alpha=1,beta=0}, {op=relu,alpha=1,beta=0}}](@43,@59,@62,@63) -> float_type, {1, 512, 28, 28}, {401408, 784, 28, 1}, target_id=0
@65 = load[offset=2408448,end=4014080](@1) -> float_type, {1, 512, 28, 28}, {401408, 784, 28, 1}, target_id=0
@66 = broadcast[axis=1,out_lens={1, 512, 28, 28}](@53) -> float_type, {1, 512, 28, 28}, {0, 1, 0, 0}, target_id=0
@67 = gpu::miopen_fusion[ops={{op=convolution[padding={1, 1, 1, 1},stride={1, 1},dilation={1, 1},group=1,padding_mode=0],alpha=1,beta=0}, {op=add,alpha=1,beta=0}, {op=relu,alpha=1,beta=0}}](@64,@61,@66,@65) -> float_type, {1, 512, 28, 28}, {401408, 784, 28, 1}, target_id=0
@68 = broadcast[axis=1,out_lens={1, 512, 28, 28}](@52) -> float_type, {1, 512, 28, 28}, {0, 1, 0, 0}, target_id=0
@69 = load[offset=802816,end=2408448](@1) -> float_type, {1, 512, 28, 28}, {401408, 784, 28, 1}, target_id=0
@70 = gpu::miopen_fusion[ops={{op=convolution[padding={1, 1, 1, 1},stride={1, 1},dilation={1, 1},group=1,padding_mode=0],alpha=1,beta=0}, {op=add,alpha=1,beta=0}, {op=relu,alpha=1,beta=0}}](@67,@60,@68,@69) -> float_type, {1, 512, 28, 28}, {401408, 784, 28, 1}, target_id=0
@71 = load[offset=0,end=401408](@1) -> float_type, {1, 512, 14, 14}, {100352, 196, 14, 1}, target_id=0
@72 = gpu::pooling[mode=max,padding={0, 0, 0, 0},padding_mode=0,stride={2, 2},lengths={2, 2},ceil_mode=0,lp_order=2,dyn_global=0](@70,@71) -> float_type, {1, 512, 14, 14}, {100352, 196, 14, 1}, target_id=0
@73 = broadcast[axis=1,out_lens={1, 512, 14, 14}](@51) -> float_type, {1, 512, 14, 14}, {0, 1, 0, 0}, target_id=0
@74 = load[offset=903168,end=1304576](@1) -> float_type, {1, 512, 14, 14}, {100352, 196, 14, 1}, target_id=0
@75 = gpu::miopen_fusion[ops={{op=convolution[padding={1, 1, 1, 1},stride={1, 1},dilation={1, 1},group=1,padding_mode=0],alpha=1,beta=0}, {op=add,alpha=1,beta=0}, {op=relu,alpha=1,beta=0}}](@72,@55,@73,@74) -> float_type, {1, 512, 14, 14}, {100352, 196, 14, 1}, target_id=0
@76 = broadcast[axis=1,out_lens={1, 512, 14, 14}](@49) -> float_type, {1, 512, 14, 14}, {0, 1, 0, 0}, target_id=0
@77 = load[offset=501760,end=903168](@1) -> float_type, {1, 512, 14, 14}, {100352, 196, 14, 1}, target_id=0
@78 = gpu::miopen_fusion[ops={{op=convolution[padding={1, 1, 1, 1},stride={1, 1},dilation={1, 1},group=1,padding_mode=0],alpha=1,beta=0}, {op=add,alpha=1,beta=0}, {op=relu,alpha=1,beta=0}}](@75,@56,@76,@77) -> float_type, {1, 512, 14, 14}, {100352, 196, 14, 1}, target_id=0
@79 = broadcast[axis=1,out_lens={1, 512, 14, 14}](@48) -> float_type, {1, 512, 14, 14}, {0, 1, 0, 0}, target_id=0
@80 = load[offset=100352,end=501760](@1) -> float_type, {1, 512, 14, 14}, {100352, 196, 14, 1}, target_id=0
@81 = gpu::miopen_fusion[ops={{op=convolution[padding={1, 1, 1, 1},stride={1, 1},dilation={1, 1},group=1,padding_mode=0],alpha=1,beta=0}, {op=add,alpha=1,beta=0}, {op=relu,alpha=1,beta=0}}](@78,@46,@79,@80) -> float_type, {1, 512, 14, 14}, {100352, 196, 14, 1}, target_id=0
@82 = load[offset=501760,end=602112](@1) -> float_type, {1, 512, 7, 7}, {25088, 49, 7, 1}, target_id=0
@83 = gpu::pooling[mode=max,padding={0, 0, 0, 0},padding_mode=0,stride={2, 2},lengths={2, 2},ceil_mode=0,lp_order=2,dyn_global=0](@81,@82) -> float_type, {1, 512, 7, 7}, {25088, 49, 7, 1}, target_id=0
@84 = broadcast[axis=1,out_lens={1, 4096, 1, 1}](@47) -> float_type, {1, 4096, 1, 1}, {0, 1, 0, 0}, target_id=0
@85 = load[offset=16384,end=32768](@1) -> float_type, {1, 4096, 1, 1}, {4096, 1, 1, 1}, target_id=0
@86 = gpu::code_object[code_object=5656,symbol_name=mlir_convolution_add_relu,global=16384,local=64,](@84,@83,@58,@85) -> float_type, {1, 4096, 1, 1}, {4096, 1, 1, 1}, target_id=0
@87 = load[offset=32768,end=49152](@1) -> float_type, {1, 4096, 1, 1}, {4096, 1, 1, 1}, target_id=0
@88 = broadcast[axis=1,out_lens={1, 4096, 1, 1}](@45) -> float_type, {1, 4096, 1, 1}, {0, 1, 0, 0}, target_id=0
@89 = gpu::code_object[code_object=4824,symbol_name=mlir_convolution_add_relu,global=16384,local=64,](@88,@86,@50,@87) -> float_type, {1, 4096, 1, 1}, {4096, 1, 1, 1}, target_id=0
@90 = broadcast[axis=1,out_lens={1, 1000, 1, 1}](@44) -> float_type, {1, 1000, 1, 1}, {0, 1, 0, 0}, target_id=0
main:#output_0 = @param:main:#output_0 -> float_type, {1, 1000, 1, 1}, {1000, 1, 1, 1}, target_id=0
@92 = gpu::code_object[code_object=5264,symbol_name=mlir_convolution_add,global=4032,local=64,](@90,@89,@57,main:#output_0) -> float_type, {1, 1000, 1, 1}, {1000, 1, 1, 1}, target_id=0
@93 = transpose[permutation={0, 2, 3, 1}](@92) -> float_type, {1, 1, 1, 1000}, {1000, 1, 1, 1}, target_id=0
@94 = squeeze[axes={1, 2}](@93) -> float_type, {1, 1000}, {1000, 1}, target_id=0
@95 = @return(@94), target_id=0


Allocating params ... 
Running performance report ... 
@0 = check_context::migraphx::gpu::context -> float_type, {}, {}, target_id=0: 0.00064318ms, 1%
@1 = hip::hip_allocate_memory[shape=int8_type, {25690112}, {1},id=main:scratch] -> int8_type, {25690112}, {1}, target_id=0: 0.00069664ms, 1%
@2 = hip::hip_copy_literal[id=main:@literal:13] -> float_type, {64, 3, 3, 3}, {27, 9, 3, 1}, target_id=0: 0.00070294ms, 1%
@3 = hip::hip_copy_literal[id=main:@literal:11] -> float_type, {64, 64, 3, 3}, {576, 9, 3, 1}, target_id=0: 0.0005078ms, 1%
@4 = hip::hip_copy_literal[id=main:@literal:30] -> float_type, {64}, {1}, target_id=0: 0.00059678ms, 1%
@5 = hip::hip_copy_literal[id=main:@literal:31] -> float_type, {64}, {1}, target_id=0: 0.00050118ms, 1%
@6 = load[offset=12845056,end=25690112](@1) -> float_type, {1, 64, 224, 224}, {3211264, 50176, 224, 1}, target_id=0: 0.0006386ms, 1%
@7 = broadcast[axis=1,out_lens={1, 64, 224, 224}](@5) -> float_type, {1, 64, 224, 224}, {0, 1, 0, 0}, target_id=0: 0.0008208ms, 1%
input = @param:input -> float_type, {1, 3, 224, 224}, {150528, 50176, 224, 1}, target_id=0: 0.00040008ms, 1%
@9 = gpu::miopen_fusion[ops={{op=convolution[padding={1, 1, 1, 1},stride={1, 1},dilation={1, 1},group=1,padding_mode=0],alpha=1,beta=0}, {op=add,alpha=1,beta=0}, {op=relu,alpha=1,beta=0}}](input,@2,@7,@6) -> float_type, {1, 64, 224, 224}, {3211264, 50176, 224, 1}, target_id=0: 0.0567027ms, 3%
@10 = load[offset=0,end=12845056](@1) -> float_type, {1, 64, 224, 224}, {3211264, 50176, 224, 1}, target_id=0: 0.00080006ms, 1%
@11 = broadcast[axis=1,out_lens={1, 64, 224, 224}](@4) -> float_type, {1, 64, 224, 224}, {0, 1, 0, 0}, target_id=0: 0.00074582ms, 1%
@12 = gpu::miopen_fusion[ops={{op=convolution[padding={1, 1, 1, 1},stride={1, 1},dilation={1, 1},group=1,padding_mode=0],alpha=1,beta=0}, {op=add,alpha=1,beta=0}, {op=relu,alpha=1,beta=0}}](@9,@3,@11,@10) -> float_type, {1, 64, 224, 224}, {3211264, 50176, 224, 1}, target_id=0: 0.145944ms, 6%
@13 = load[offset=12845056,end=16056320](@1) -> float_type, {1, 64, 112, 112}, {802816, 12544, 112, 1}, target_id=0: 0.00075236ms, 1%
@14 = gpu::pooling[mode=max,padding={0, 0, 0, 0},padding_mode=0,stride={2, 2},lengths={2, 2},ceil_mode=0,lp_order=2,dyn_global=0](@12,@13) -> float_type, {1, 64, 112, 112}, {802816, 12544, 112, 1}, target_id=0: 0.0402528ms, 2%
@15 = hip::hip_copy_literal[id=main:@literal:8] -> float_type, {128, 128, 3, 3}, {1152, 9, 3, 1}, target_id=0: 0.00077216ms, 1%
@16 = hip::hip_copy_literal[id=main:@literal:28] -> float_type, {128}, {1}, target_id=0: 0.00067238ms, 1%
@17 = hip::hip_copy_literal[id=main:@literal:3] -> float_type, {128, 64, 3, 3}, {576, 9, 3, 1}, target_id=0: 0.00048214ms, 1%
@18 = hip::hip_copy_literal[id=main:@literal:29] -> float_type, {128}, {1}, target_id=0: 0.00064324ms, 1%
@19 = broadcast[axis=1,out_lens={1, 128, 112, 112}](@18) -> float_type, {1, 128, 112, 112}, {0, 1, 0, 0}, target_id=0: 0.00089852ms, 1%
@20 = load[offset=16056320,end=22478848](@1) -> float_type, {1, 128, 112, 112}, {1605632, 12544, 112, 1}, target_id=0: 0.00066022ms, 1%
@21 = gpu::miopen_fusion[ops={{op=convolution[padding={1, 1, 1, 1},stride={1, 1},dilation={1, 1},group=1,padding_mode=0],alpha=1,beta=0}, {op=add,alpha=1,beta=0}, {op=relu,alpha=1,beta=0}}](@14,@17,@19,@20) -> float_type, {1, 128, 112, 112}, {1605632, 12544, 112, 1}, target_id=0: 0.0932982ms, 4%
@22 = load[offset=6422528,end=12845056](@1) -> float_type, {1, 128, 112, 112}, {1605632, 12544, 112, 1}, target_id=0: 0.00077164ms, 1%
@23 = broadcast[axis=1,out_lens={1, 128, 112, 112}](@16) -> float_type, {1, 128, 112, 112}, {0, 1, 0, 0}, target_id=0: 0.0008617ms, 1%
@24 = gpu::miopen_fusion[ops={{op=convolution[padding={1, 1, 1, 1},stride={1, 1},dilation={1, 1},group=1,padding_mode=0],alpha=1,beta=0}, {op=add,alpha=1,beta=0}, {op=relu,alpha=1,beta=0}}](@21,@15,@23,@22) -> float_type, {1, 128, 112, 112}, {1605632, 12544, 112, 1}, target_id=0: 0.149399ms, 7%
@25 = load[offset=3211264,end=4816896](@1) -> float_type, {1, 128, 56, 56}, {401408, 3136, 56, 1}, target_id=0: 0.00076762ms, 1%
@26 = gpu::pooling[mode=max,padding={0, 0, 0, 0},padding_mode=0,stride={2, 2},lengths={2, 2},ceil_mode=0,lp_order=2,dyn_global=0](@24,@25) -> float_type, {1, 128, 56, 56}, {401408, 3136, 56, 1}, target_id=0: 0.0392271ms, 2%
@27 = hip::hip_copy_literal[id=main:@literal:25] -> float_type, {256}, {1}, target_id=0: 0.00076132ms, 1%
@28 = hip::hip_copy_literal[id=main:@literal:2] -> float_type, {256, 256, 3, 3}, {2304, 9, 3, 1}, target_id=0: 0.00050454ms, 1%
@29 = hip::hip_copy_literal[id=main:@literal:26] -> float_type, {256}, {1}, target_id=0: 0.00063018ms, 1%
@30 = hip::hip_copy_literal[id=main:@literal:27] -> float_type, {256}, {1}, target_id=0: 0.00054016ms, 1%
@31 = hip::hip_copy_literal[id=main:@literal:10] -> float_type, {256, 256, 3, 3}, {2304, 9, 3, 1}, target_id=0: 0.00064024ms, 1%
@32 = hip::hip_copy_literal[id=main:@literal:6] -> float_type, {256, 128, 3, 3}, {1152, 9, 3, 1}, target_id=0: 0.00046824ms, 1%
@33 = load[offset=0,end=3211264](@1) -> float_type, {1, 256, 56, 56}, {802816, 3136, 56, 1}, target_id=0: 0.00066668ms, 1%
@34 = broadcast[axis=1,out_lens={1, 256, 56, 56}](@30) -> float_type, {1, 256, 56, 56}, {0, 1, 0, 0}, target_id=0: 0.00090002ms, 1%
@35 = gpu::miopen_fusion[ops={{op=convolution[padding={1, 1, 1, 1},stride={1, 1},dilation={1, 1},group=1,padding_mode=0],alpha=1,beta=0}, {op=add,alpha=1,beta=0}, {op=relu,alpha=1,beta=0}}](@26,@32,@34,@33) -> float_type, {1, 256, 56, 56}, {802816, 3136, 56, 1}, target_id=0: 0.0903687ms, 4%
@36 = load[offset=6422528,end=9633792](@1) -> float_type, {1, 256, 56, 56}, {802816, 3136, 56, 1}, target_id=0: 0.00077946ms, 1%
@37 = broadcast[axis=1,out_lens={1, 256, 56, 56}](@29) -> float_type, {1, 256, 56, 56}, {0, 1, 0, 0}, target_id=0: 0.00085974ms, 1%
@38 = gpu::miopen_fusion[ops={{op=convolution[padding={1, 1, 1, 1},stride={1, 1},dilation={1, 1},group=1,padding_mode=0],alpha=1,beta=0}, {op=add,alpha=1,beta=0}, {op=relu,alpha=1,beta=0}}](@35,@31,@37,@36) -> float_type, {1, 256, 56, 56}, {802816, 3136, 56, 1}, target_id=0: 0.146892ms, 6%
@39 = load[offset=3211264,end=6422528](@1) -> float_type, {1, 256, 56, 56}, {802816, 3136, 56, 1}, target_id=0: 0.000768ms, 1%
@40 = broadcast[axis=1,out_lens={1, 256, 56, 56}](@27) -> float_type, {1, 256, 56, 56}, {0, 1, 0, 0}, target_id=0: 0.00086918ms, 1%
@41 = gpu::miopen_fusion[ops={{op=convolution[padding={1, 1, 1, 1},stride={1, 1},dilation={1, 1},group=1,padding_mode=0],alpha=1,beta=0}, {op=add,alpha=1,beta=0}, {op=relu,alpha=1,beta=0}}](@38,@28,@40,@39) -> float_type, {1, 256, 56, 56}, {802816, 3136, 56, 1}, target_id=0: 0.146847ms, 6%
@42 = load[offset=1605632,end=2408448](@1) -> float_type, {1, 256, 28, 28}, {200704, 784, 28, 1}, target_id=0: 0.00078542ms, 1%
@43 = gpu::pooling[mode=max,padding={0, 0, 0, 0},padding_mode=0,stride={2, 2},lengths={2, 2},ceil_mode=0,lp_order=2,dyn_global=0](@41,@42) -> float_type, {1, 256, 28, 28}, {200704, 784, 28, 1}, target_id=0: 0.0328001ms, 2%
@44 = hip::hip_copy_literal[id=main:@literal:16] -> float_type, {1000}, {1}, target_id=0: 0.00077138ms, 1%
@45 = hip::hip_copy_literal[id=main:@literal:17] -> float_type, {4096}, {1}, target_id=0: 0.00069912ms, 1%
@46 = hip::hip_copy_literal[id=main:@literal:9] -> float_type, {512, 512, 3, 3}, {4608, 9, 3, 1}, target_id=0: 0.00050232ms, 1%
@47 = hip::hip_copy_literal[id=main:@literal:18] -> float_type, {4096}, {1}, target_id=0: 0.0006597ms, 1%
@48 = hip::hip_copy_literal[id=main:@literal:19] -> float_type, {512}, {1}, target_id=0: 0.00051198ms, 1%
@49 = hip::hip_copy_literal[id=main:@literal:20] -> float_type, {512}, {1}, target_id=0: 0.0006397ms, 1%
@50 = hip::hip_copy_literal[id=main:@literal:15] -> float_type, {4096, 4096, 1, 1}, {4096, 1, 1, 1}, target_id=0: 0.00050102ms, 1%
@51 = hip::hip_copy_literal[id=main:@literal:21] -> float_type, {512}, {1}, target_id=0: 0.00064968ms, 1%
@52 = hip::hip_copy_literal[id=main:@literal:22] -> float_type, {512}, {1}, target_id=0: 0.00050664ms, 1%
@53 = hip::hip_copy_literal[id=main:@literal:23] -> float_type, {512}, {1}, target_id=0: 0.00066432ms, 1%
@54 = hip::hip_copy_literal[id=main:@literal:24] -> float_type, {512}, {1}, target_id=0: 0.0005008ms, 1%
@55 = hip::hip_copy_literal[id=main:@literal:5] -> float_type, {512, 512, 3, 3}, {4608, 9, 3, 1}, target_id=0: 0.0004769ms, 1%
@56 = hip::hip_copy_literal[id=main:@literal:4] -> float_type, {512, 512, 3, 3}, {4608, 9, 3, 1}, target_id=0: 0.00045768ms, 1%
@57 = hip::hip_copy_literal[id=main:@literal:12] -> float_type, {1000, 4096, 1, 1}, {4096, 1, 1, 1}, target_id=0: 0.00062296ms, 1%
@58 = hip::hip_copy_literal[id=main:@literal:14] -> float_type, {4096, 512, 7, 7}, {25088, 49, 7, 1}, target_id=0: 0.00050698ms, 1%
@59 = hip::hip_copy_literal[id=main:@literal:1] -> float_type, {512, 256, 3, 3}, {2304, 9, 3, 1}, target_id=0: 0.0004738ms, 1%
@60 = hip::hip_copy_literal[id=main:@literal:7] -> float_type, {512, 512, 3, 3}, {4608, 9, 3, 1}, target_id=0: 0.0004576ms, 1%
@61 = hip::hip_copy_literal[id=main:@literal:0] -> float_type, {512, 512, 3, 3}, {4608, 9, 3, 1}, target_id=0: 0.00045758ms, 1%
@62 = broadcast[axis=1,out_lens={1, 512, 28, 28}](@54) -> float_type, {1, 512, 28, 28}, {0, 1, 0, 0}, target_id=0: 0.00090672ms, 1%
@63 = load[offset=0,end=1605632](@1) -> float_type, {1, 512, 28, 28}, {401408, 784, 28, 1}, target_id=0: 0.0006582ms, 1%
@64 = gpu::miopen_fusion[ops={{op=convolution[padding={1, 1, 1, 1},stride={1, 1},dilation={1, 1},group=1,padding_mode=0],alpha=1,beta=0}, {op=add,alpha=1,beta=0}, {op=relu,alpha=1,beta=0}}](@43,@59,@62,@63) -> float_type, {1, 512, 28, 28}, {401408, 784, 28, 1}, target_id=0: 0.0899541ms, 4%
@65 = load[offset=2408448,end=4014080](@1) -> float_type, {1, 512, 28, 28}, {401408, 784, 28, 1}, target_id=0: 0.00077384ms, 1%
@66 = broadcast[axis=1,out_lens={1, 512, 28, 28}](@53) -> float_type, {1, 512, 28, 28}, {0, 1, 0, 0}, target_id=0: 0.00087224ms, 1%
@67 = gpu::miopen_fusion[ops={{op=convolution[padding={1, 1, 1, 1},stride={1, 1},dilation={1, 1},group=1,padding_mode=0],alpha=1,beta=0}, {op=add,alpha=1,beta=0}, {op=relu,alpha=1,beta=0}}](@64,@61,@66,@65) -> float_type, {1, 512, 28, 28}, {401408, 784, 28, 1}, target_id=0: 0.144593ms, 6%
@68 = broadcast[axis=1,out_lens={1, 512, 28, 28}](@52) -> float_type, {1, 512, 28, 28}, {0, 1, 0, 0}, target_id=0: 0.00097544ms, 1%
@69 = load[offset=802816,end=2408448](@1) -> float_type, {1, 512, 28, 28}, {401408, 784, 28, 1}, target_id=0: 0.00064408ms, 1%
@70 = gpu::miopen_fusion[ops={{op=convolution[padding={1, 1, 1, 1},stride={1, 1},dilation={1, 1},group=1,padding_mode=0],alpha=1,beta=0}, {op=add,alpha=1,beta=0}, {op=relu,alpha=1,beta=0}}](@67,@60,@68,@69) -> float_type, {1, 512, 28, 28}, {401408, 784, 28, 1}, target_id=0: 0.144595ms, 6%
@71 = load[offset=0,end=401408](@1) -> float_type, {1, 512, 14, 14}, {100352, 196, 14, 1}, target_id=0: 0.00076346ms, 1%
@72 = gpu::pooling[mode=max,padding={0, 0, 0, 0},padding_mode=0,stride={2, 2},lengths={2, 2},ceil_mode=0,lp_order=2,dyn_global=0](@70,@71) -> float_type, {1, 512, 14, 14}, {100352, 196, 14, 1}, target_id=0: 0.0269786ms, 2%
@73 = broadcast[axis=1,out_lens={1, 512, 14, 14}](@51) -> float_type, {1, 512, 14, 14}, {0, 1, 0, 0}, target_id=0: 0.0010342ms, 1%
@74 = load[offset=903168,end=1304576](@1) -> float_type, {1, 512, 14, 14}, {100352, 196, 14, 1}, target_id=0: 0.00065608ms, 1%
@75 = gpu::miopen_fusion[ops={{op=convolution[padding={1, 1, 1, 1},stride={1, 1},dilation={1, 1},group=1,padding_mode=0],alpha=1,beta=0}, {op=add,alpha=1,beta=0}, {op=relu,alpha=1,beta=0}}](@72,@55,@73,@74) -> float_type, {1, 512, 14, 14}, {100352, 196, 14, 1}, target_id=0: 0.14321ms, 6%
@76 = broadcast[axis=1,out_lens={1, 512, 14, 14}](@49) -> float_type, {1, 512, 14, 14}, {0, 1, 0, 0}, target_id=0: 0.00098648ms, 1%
@77 = load[offset=501760,end=903168](@1) -> float_type, {1, 512, 14, 14}, {100352, 196, 14, 1}, target_id=0: 0.0006393ms, 1%
@78 = gpu::miopen_fusion[ops={{op=convolution[padding={1, 1, 1, 1},stride={1, 1},dilation={1, 1},group=1,padding_mode=0],alpha=1,beta=0}, {op=add,alpha=1,beta=0}, {op=relu,alpha=1,beta=0}}](@75,@56,@76,@77) -> float_type, {1, 512, 14, 14}, {100352, 196, 14, 1}, target_id=0: 0.142789ms, 6%
@79 = broadcast[axis=1,out_lens={1, 512, 14, 14}](@48) -> float_type, {1, 512, 14, 14}, {0, 1, 0, 0}, target_id=0: 0.00097276ms, 1%
@80 = load[offset=100352,end=501760](@1) -> float_type, {1, 512, 14, 14}, {100352, 196, 14, 1}, target_id=0: 0.00064786ms, 1%
@81 = gpu::miopen_fusion[ops={{op=convolution[padding={1, 1, 1, 1},stride={1, 1},dilation={1, 1},group=1,padding_mode=0],alpha=1,beta=0}, {op=add,alpha=1,beta=0}, {op=relu,alpha=1,beta=0}}](@78,@46,@79,@80) -> float_type, {1, 512, 14, 14}, {100352, 196, 14, 1}, target_id=0: 0.142833ms, 6%
@82 = load[offset=501760,end=602112](@1) -> float_type, {1, 512, 7, 7}, {25088, 49, 7, 1}, target_id=0: 0.00077582ms, 1%
@83 = gpu::pooling[mode=max,padding={0, 0, 0, 0},padding_mode=0,stride={2, 2},lengths={2, 2},ceil_mode=0,lp_order=2,dyn_global=0](@81,@82) -> float_type, {1, 512, 7, 7}, {25088, 49, 7, 1}, target_id=0: 0.0225755ms, 1%
@84 = broadcast[axis=1,out_lens={1, 4096, 1, 1}](@47) -> float_type, {1, 4096, 1, 1}, {0, 1, 0, 0}, target_id=0: 0.00103328ms, 1%
@85 = load[offset=16384,end=32768](@1) -> float_type, {1, 4096, 1, 1}, {4096, 1, 1, 1}, target_id=0: 0.0006573ms, 1%
@86 = gpu::code_object[code_object=5656,symbol_name=mlir_convolution_add_relu,global=16384,local=64,](@84,@83,@58,@85) -> float_type, {1, 4096, 1, 1}, {4096, 1, 1, 1}, target_id=0: 0.450285ms, 19%
@87 = load[offset=32768,end=49152](@1) -> float_type, {1, 4096, 1, 1}, {4096, 1, 1, 1}, target_id=0: 0.00071514ms, 1%
@88 = broadcast[axis=1,out_lens={1, 4096, 1, 1}](@45) -> float_type, {1, 4096, 1, 1}, {0, 1, 0, 0}, target_id=0: 0.0007388ms, 1%
@89 = gpu::code_object[code_object=4824,symbol_name=mlir_convolution_add_relu,global=16384,local=64,](@88,@86,@50,@87) -> float_type, {1, 4096, 1, 1}, {4096, 1, 1, 1}, target_id=0: 0.0923011ms, 4%
@90 = broadcast[axis=1,out_lens={1, 1000, 1, 1}](@44) -> float_type, {1, 1000, 1, 1}, {0, 1, 0, 0}, target_id=0: 0.00082156ms, 1%
main:#output_0 = @param:main:#output_0 -> float_type, {1, 1000, 1, 1}, {1000, 1, 1, 1}, target_id=0: 0.00046612ms, 1%
@92 = gpu::code_object[code_object=5264,symbol_name=mlir_convolution_add,global=4032,local=64,](@90,@89,@57,main:#output_0) -> float_type, {1, 1000, 1, 1}, {1000, 1, 1, 1}, target_id=0: 0.062315ms, 3%
@93 = transpose[permutation={0, 2, 3, 1}](@92) -> float_type, {1, 1, 1, 1000}, {1000, 1, 1, 1}, target_id=0: 0.0010732ms, 1%
@94 = squeeze[axes={1, 2}](@93) -> float_type, {1, 1000}, {1000, 1}, target_id=0: 0.00102428ms, 1%
@95 = @return(@94), target_id=0
Summary:
gpu::miopen_fusion: 1.63742ms / 13 = 0.125956ms, 67%
gpu::code_object::mlir_convolution_add_relu: 0.542587ms / 2 = 0.271293ms, 23%
gpu::pooling: 0.161834ms / 5 = 0.0323668ms, 7%
gpu::code_object::mlir_convolution_add: 0.062315ms / 1 = 0.062315ms, 3%
hip::hip_copy_literal: 0.0184835ms / 32 = 0.000577608ms, 1%
load: 0.0143211ms / 20 = 0.000716057ms, 1%
broadcast: 0.0142973ms / 16 = 0.000893579ms, 1%
transpose: 0.0010732ms / 1 = 0.0010732ms, 1%
squeeze: 0.00102428ms / 1 = 0.00102428ms, 1%
@param: 0.0008662ms / 2 = 0.0004331ms, 1%
hip::hip_allocate_memory: 0.00069664ms / 1 = 0.00069664ms, 1%
check_context::migraphx::gpu::context: 0.00064318ms / 1 = 0.00064318ms, 1%

Batch size: 1
Rate: 458.802 inferences/sec
Total time: 2.17959ms
Total instructions time: 2.45556ms
Overhead time: 0.0206625ms, -0.275976ms
Overhead: 1%, -13%
