Running [ MIGraphX Version: 2.10.0.8e4b561ed ]: /src/AMDMIGraphX/build/bin/driver perf --int8 --gpu /new-saved-models/resnet50/resnet50_v1.onnx
Compiling ... 
Reading: /new-saved-models/resnet50/resnet50_v1.onnx
module: "main"
@0 = check_context::migraphx::gpu::context -> float_type, {}, {}, target_id=0
@1 = hip::hip_allocate_memory[shape=int8_type, {6480128}, {1},id=main:scratch] -> int8_type, {6480128}, {1}, target_id=0
@2 = hip::hip_copy_literal[id=main:@literal:25] -> int8_type, {64, 3, 7, 7}, {147, 49, 7, 1}, target_id=0
@3 = load[offset=0,end=150528](@1) -> int8_type, {1, 3, 224, 224}, {150528, 50176, 224, 1}, target_id=0
input_tensor:0 = @param:input_tensor:0 -> float_type, {1, 3, 224, 224}, {150528, 50176, 224, 1}, target_id=0
@5 = gpu::code_object[code_object=3984,symbol_name=quantizelinear_kernel,global=75264,local=1024,](input_tensor:0,@3) -> int8_type, {1, 3, 224, 224}, {150528, 50176, 224, 1}, target_id=0
@6 = hip::hip_copy_literal[id=main:@literal:54] -> float_type, {64}, {1}, target_id=0
@7 = load[offset=3268864,end=6480128](@1) -> float_type, {1, 64, 112, 112}, {802816, 12544, 112, 1}, target_id=0
@8 = broadcast[axis=1,out_lens={1, 64, 112, 112}](@6) -> float_type, {1, 64, 112, 112}, {0, 1, 0, 0}, target_id=0
@9 = gpu::code_object[code_object=6424,symbol_name=mlir_quant_convolution_dequantizelinear_add_relu,global=50176,local=256,](@8,@5,@2,@7) -> float_type, {1, 64, 112, 112}, {802816, 12544, 112, 1}, target_id=0
@10 = load[offset=0,end=3268864](@1) -> float_type, {1, 64, 113, 113}, {817216, 12769, 113, 1}, target_id=0
@11 = gpu::code_object[code_object=4136,symbol_name=pad_kernel,global=307200,local=1024,](@9,@10) -> float_type, {1, 64, 113, 113}, {817216, 12769, 113, 1}, target_id=0
@12 = load[offset=3268864,end=4071680](@1) -> float_type, {1, 64, 56, 56}, {200704, 3136, 56, 1}, target_id=0
@13 = gpu::pooling[mode=max,padding={0, 0, 0, 0},padding_mode=0,stride={2, 2},lengths={3, 3},dilations={1, 1},ceil_mode=0,lp_order=2,dyn_global=0](@11,@12) -> float_type, {1, 64, 56, 56}, {200704, 3136, 56, 1}, target_id=0
@14 = hip::hip_copy_literal[id=main:@literal:4] -> int8_type, {64, 64, 1, 1}, {64, 1, 1, 1}, target_id=0
@15 = hip::hip_copy_literal[id=main:@literal:63] -> float_type, {64}, {1}, target_id=0
@16 = load[offset=200704,end=401408](@1) -> int8_type, {1, 64, 56, 56}, {200704, 3136, 56, 1}, target_id=0
@17 = gpu::code_object[code_object=3984,symbol_name=quantizelinear_kernel,global=100352,local=1024,](@13,@16) -> int8_type, {1, 64, 56, 56}, {200704, 3136, 56, 1}, target_id=0
@18 = broadcast[axis=1,out_lens={1, 64, 56, 56}](@15) -> float_type, {1, 64, 56, 56}, {0, 1, 0, 0}, target_id=0
@19 = load[offset=0,end=200704](@1) -> int8_type, {1, 64, 56, 56}, {200704, 3136, 56, 1}, target_id=0
@20 = gpu::code_object[code_object=5248,symbol_name=mlir_quant_convolution_dequantizelinear_add_relu_quantizelinear,global=12544,local=256,](@18,@17,@14,@19) -> int8_type, {1, 64, 56, 56}, {200704, 3136, 56, 1}, target_id=0
@21 = hip::hip_copy_literal[id=main:@literal:21] -> int8_type, {64, 64, 3, 3}, {576, 9, 3, 1}, target_id=0
@22 = load[offset=401408,end=1204224](@1) -> int32_type, {1, 64, 56, 56}, {200704, 3136, 56, 1}, target_id=0
@23 = gpu::code_object[code_object=5440,symbol_name=mlir_quant_convolution,global=50176,local=256,](@20,@21,@22) -> int32_type, {1, 64, 56, 56}, {200704, 3136, 56, 1}, target_id=0
@24 = hip::hip_copy_literal[id=main:@literal:16] -> int8_type, {256, 128, 1, 1}, {128, 1, 1, 1}, target_id=0
@25 = hip::hip_copy_literal[id=main:@literal:50] -> float_type, {256}, {1}, target_id=0
@26 = hip::hip_copy_literal[id=main:@literal:72] -> float_type, {64}, {1}, target_id=0
@27 = load[offset=1404928,end=1806336](@1) -> int8_type, {1, 128, 56, 56}, {401408, 3136, 56, 1}, target_id=0
@28 = broadcast[axis=1,out_lens={1, 64, 56, 56}](@26) -> float_type, {1, 64, 56, 56}, {0, 1, 0, 0}, target_id=0
@29 = gpu::code_object[code_object=4528,symbol_name=dequantizelinear_add_relu_noop_concat_quantizelinear_kernel,global=100352,local=1024,](@23,@28,@13,@27) -> int8_type, {1, 128, 56, 56}, {401408, 3136, 56, 1}, target_id=0
@30 = broadcast[axis=1,out_lens={1, 256, 56, 56}](@25) -> float_type, {1, 256, 56, 56}, {0, 1, 0, 0}, target_id=0
@31 = load[offset=602112,end=1404928](@1) -> int8_type, {1, 256, 56, 56}, {802816, 3136, 56, 1}, target_id=0
@32 = gpu::code_object[code_object=5448,symbol_name=mlir_quant_convolution_dequantizelinear_add_relu_quantizelinear,global=50176,local=256,](@30,@29,@24,@31) -> int8_type, {1, 256, 56, 56}, {802816, 3136, 56, 1}, target_id=0
@33 = hip::hip_copy_literal[id=main:@literal:15] -> int8_type, {64, 256, 1, 1}, {256, 1, 1, 1}, target_id=0
@34 = hip::hip_copy_literal[id=main:@literal:91] -> float_type, {64}, {1}, target_id=0
@35 = broadcast[axis=1,out_lens={1, 64, 56, 56}](@34) -> float_type, {1, 64, 56, 56}, {0, 1, 0, 0}, target_id=0
@36 = load[offset=401408,end=602112](@1) -> int8_type, {1, 64, 56, 56}, {200704, 3136, 56, 1}, target_id=0
@37 = gpu::code_object[code_object=4600,symbol_name=mlir_quant_convolution_dequantizelinear_add_relu_quantizelinear,global=50176,local=256,](@35,@32,@33,@36) -> int8_type, {1, 64, 56, 56}, {200704, 3136, 56, 1}, target_id=0
@38 = hip::hip_copy_literal[id=main:@literal:13] -> int8_type, {64, 64, 3, 3}, {576, 9, 3, 1}, target_id=0
@39 = hip::hip_copy_literal[id=main:@literal:95] -> float_type, {64}, {1}, target_id=0
@40 = load[offset=200704,end=401408](@1) -> int8_type, {1, 64, 56, 56}, {200704, 3136, 56, 1}, target_id=0
@41 = broadcast[axis=1,out_lens={1, 64, 56, 56}](@39) -> float_type, {1, 64, 56, 56}, {0, 1, 0, 0}, target_id=0
@42 = gpu::code_object[code_object=5944,symbol_name=mlir_quant_convolution_dequantizelinear_add_relu_quantizelinear,global=50176,local=256,](@41,@37,@38,@40) -> int8_type, {1, 64, 56, 56}, {200704, 3136, 56, 1}, target_id=0
@43 = hip::hip_copy_literal[id=main:@literal:11] -> int8_type, {256, 64, 1, 1}, {64, 1, 1, 1}, target_id=0
@44 = hip::hip_copy_literal[id=main:@literal:96] -> float_type, {256}, {1}, target_id=0
@45 = load[offset=3411968,end=4214784](@1) -> int8_type, {1, 256, 56, 56}, {802816, 3136, 56, 1}, target_id=0
@46 = broadcast[axis=1,out_lens={1, 256, 56, 56}](@44) -> float_type, {1, 256, 56, 56}, {0, 1, 0, 0}, target_id=0
@47 = gpu::code_object[code_object=5920,symbol_name=mlir_quant_convolution_dequantizelinear_add_dequantizelinear_add_relu_quantizelinear,global=50176,local=256,](@46,@32,@42,@43,@45) -> int8_type, {1, 256, 56, 56}, {802816, 3136, 56, 1}, target_id=0
@48 = hip::hip_copy_literal[id=main:@literal:31] -> int8_type, {64, 256, 1, 1}, {256, 1, 1, 1}, target_id=0
@49 = hip::hip_copy_literal[id=main:@literal:97] -> float_type, {64}, {1}, target_id=0
@50 = load[offset=0,end=200704](@1) -> int8_type, {1, 64, 56, 56}, {200704, 3136, 56, 1}, target_id=0
@51 = broadcast[axis=1,out_lens={1, 64, 56, 56}](@49) -> float_type, {1, 64, 56, 56}, {0, 1, 0, 0}, target_id=0
@52 = gpu::code_object[code_object=4600,symbol_name=mlir_quant_convolution_dequantizelinear_add_relu_quantizelinear,global=50176,local=256,](@51,@47,@48,@50) -> int8_type, {1, 64, 56, 56}, {200704, 3136, 56, 1}, target_id=0
@53 = hip::hip_copy_literal[id=main:@literal:23] -> int8_type, {64, 64, 3, 3}, {576, 9, 3, 1}, target_id=0
@54 = hip::hip_copy_literal[id=main:@literal:98] -> float_type, {64}, {1}, target_id=0
@55 = load[offset=3211264,end=3411968](@1) -> int8_type, {1, 64, 56, 56}, {200704, 3136, 56, 1}, target_id=0
@56 = broadcast[axis=1,out_lens={1, 64, 56, 56}](@54) -> float_type, {1, 64, 56, 56}, {0, 1, 0, 0}, target_id=0
@57 = gpu::code_object[code_object=5944,symbol_name=mlir_quant_convolution_dequantizelinear_add_relu_quantizelinear,global=50176,local=256,](@56,@52,@53,@55) -> int8_type, {1, 64, 56, 56}, {200704, 3136, 56, 1}, target_id=0
@58 = hip::hip_copy_literal[id=main:@literal:24] -> int8_type, {256, 64, 1, 1}, {64, 1, 1, 1}, target_id=0
@59 = hip::hip_copy_literal[id=main:@literal:55] -> float_type, {256}, {1}, target_id=0
@60 = load[offset=0,end=3211264](@1) -> float_type, {1, 256, 56, 56}, {802816, 3136, 56, 1}, target_id=0
@61 = broadcast[axis=1,out_lens={1, 256, 56, 56}](@59) -> float_type, {1, 256, 56, 56}, {0, 1, 0, 0}, target_id=0
@62 = gpu::code_object[code_object=5648,symbol_name=mlir_quant_convolution_dequantizelinear_add_dequantizelinear_add_relu,global=50176,local=256,](@61,@47,@57,@58,@60) -> float_type, {1, 256, 56, 56}, {802816, 3136, 56, 1}, target_id=0
@63 = hip::hip_copy_literal[id=main:@literal:28] -> int8_type, {128, 128, 3, 3}, {1152, 9, 3, 1}, target_id=0
@64 = hip::hip_copy_literal[id=main:@literal:30] -> int8_type, {128, 256, 1, 1}, {256, 1, 1, 1}, target_id=0
@65 = hip::hip_copy_literal[id=main:@literal:10] -> int8_type, {512, 128, 1, 1}, {128, 1, 1, 1}, target_id=0
@66 = load[offset=4014080,end=4816896](@1) -> int8_type, {1, 256, 56, 56}, {802816, 3136, 56, 1}, target_id=0
@67 = gpu::code_object[code_object=3984,symbol_name=quantizelinear_kernel,global=401408,local=1024,](@62,@66) -> int8_type, {1, 256, 56, 56}, {802816, 3136, 56, 1}, target_id=0
@68 = hip::hip_copy_literal[id=main:@literal:56] -> float_type, {128}, {1}, target_id=0
@69 = load[offset=3612672,end=4014080](@1) -> int8_type, {1, 128, 56, 56}, {401408, 3136, 56, 1}, target_id=0
@70 = broadcast[axis=1,out_lens={1, 128, 56, 56}](@68) -> float_type, {1, 128, 56, 56}, {0, 1, 0, 0}, target_id=0
@71 = gpu::code_object[code_object=5864,symbol_name=mlir_quant_convolution_dequantizelinear_add_relu_quantizelinear,global=25088,local=256,](@70,@67,@64,@69) -> int8_type, {1, 128, 56, 56}, {401408, 3136, 56, 1}, target_id=0
@72 = load[offset=3211264,end=3612672](@1) -> int32_type, {1, 128, 28, 28}, {100352, 784, 28, 1}, target_id=0
@73 = gpu::code_object[code_object=5528,symbol_name=mlir_quant_convolution,global=25600,local=256,](@71,@63,@72) -> int32_type, {1, 128, 28, 28}, {100352, 784, 28, 1}, target_id=0
@74 = hip::hip_copy_literal[id=main:@literal:57] -> float_type, {128}, {1}, target_id=0
@75 = step[axes={2, 3},steps={2, 2}](@62) -> float_type, {1, 256, 28, 28}, {802816, 3136, 112, 2}, target_id=0
@76 = broadcast[axis=1,out_lens={1, 128, 28, 28}](@74) -> float_type, {1, 128, 28, 28}, {0, 1, 0, 0}, target_id=0
@77 = load[offset=3612672,end=3913728](@1) -> int8_type, {1, 384, 28, 28}, {301056, 784, 28, 1}, target_id=0
@78 = gpu::code_object[code_object=4616,symbol_name=dequantizelinear_add_relu_noop_concat_quantizelinear_kernel,global=150528,local=1024,](@73,@76,@75,@77) -> int8_type, {1, 384, 28, 28}, {301056, 784, 28, 1}, target_id=0
@79 = hip::hip_copy_literal[id=main:@literal:35] -> int8_type, {128, 128, 3, 3}, {1152, 9, 3, 1}, target_id=0
@80 = hip::hip_copy_literal[id=main:@literal:34] -> int8_type, {128, 512, 1, 1}, {512, 1, 1, 1}, target_id=0
@81 = hip::hip_copy_literal[id=main:@literal:17] -> int8_type, {512, 384, 1, 1}, {384, 1, 1, 1}, target_id=0
@82 = hip::hip_copy_literal[id=main:@literal:51] -> float_type, {512}, {1}, target_id=0
@83 = load[offset=1103872,end=1505280](@1) -> int8_type, {1, 512, 28, 28}, {401408, 784, 28, 1}, target_id=0
@84 = broadcast[axis=1,out_lens={1, 512, 28, 28}](@82) -> float_type, {1, 512, 28, 28}, {0, 1, 0, 0}, target_id=0
@85 = gpu::code_object[code_object=6680,symbol_name=mlir_quant_convolution_dequantizelinear_add_relu_quantizelinear,global=26624,local=256,](@84,@78,@81,@83) -> int8_type, {1, 512, 28, 28}, {401408, 784, 28, 1}, target_id=0
@86 = hip::hip_copy_literal[id=main:@literal:58] -> float_type, {128}, {1}, target_id=0
@87 = hip::hip_copy_literal[id=main:@literal:59] -> float_type, {128}, {1}, target_id=0
@88 = hip::hip_copy_literal[id=main:@literal:60] -> float_type, {512}, {1}, target_id=0
@89 = load[offset=100352,end=200704](@1) -> int8_type, {1, 128, 28, 28}, {100352, 784, 28, 1}, target_id=0
@90 = broadcast[axis=1,out_lens={1, 128, 28, 28}](@86) -> float_type, {1, 128, 28, 28}, {0, 1, 0, 0}, target_id=0
@91 = gpu::code_object[code_object=4672,symbol_name=mlir_quant_convolution_dequantizelinear_add_relu_quantizelinear,global=25600,local=256,](@90,@85,@80,@89) -> int8_type, {1, 128, 28, 28}, {100352, 784, 28, 1}, target_id=0
@92 = broadcast[axis=1,out_lens={1, 128, 28, 28}](@87) -> float_type, {1, 128, 28, 28}, {0, 1, 0, 0}, target_id=0
@93 = load[offset=0,end=100352](@1) -> int8_type, {1, 128, 28, 28}, {100352, 784, 28, 1}, target_id=0
@94 = gpu::code_object[code_object=6176,symbol_name=mlir_quant_convolution_dequantizelinear_add_relu_quantizelinear,global=25600,local=256,](@92,@91,@79,@93) -> int8_type, {1, 128, 28, 28}, {100352, 784, 28, 1}, target_id=0
@95 = load[offset=702464,end=1103872](@1) -> int8_type, {1, 512, 28, 28}, {401408, 784, 28, 1}, target_id=0
@96 = broadcast[axis=1,out_lens={1, 512, 28, 28}](@88) -> float_type, {1, 512, 28, 28}, {0, 1, 0, 0}, target_id=0
@97 = gpu::code_object[code_object=4864,symbol_name=mlir_quant_convolution_dequantizelinear_add_dequantizelinear_add_relu_quantizelinear,global=102400,local=256,](@96,@85,@94,@65,@95) -> int8_type, {1, 512, 28, 28}, {401408, 784, 28, 1}, target_id=0
@98 = hip::hip_copy_literal[id=main:@literal:27] -> int8_type, {512, 128, 1, 1}, {128, 1, 1, 1}, target_id=0
@99 = hip::hip_copy_literal[id=main:@literal:8] -> int8_type, {128, 512, 1, 1}, {512, 1, 1, 1}, target_id=0
@100 = hip::hip_copy_literal[id=main:@literal:5] -> int8_type, {128, 128, 3, 3}, {1152, 9, 3, 1}, target_id=0
@101 = hip::hip_copy_literal[id=main:@literal:3] -> int8_type, {512, 128, 1, 1}, {128, 1, 1, 1}, target_id=0
@102 = hip::hip_copy_literal[id=main:@literal:2] -> int8_type, {128, 512, 1, 1}, {512, 1, 1, 1}, target_id=0
@103 = hip::hip_copy_literal[id=main:@literal:61] -> float_type, {128}, {1}, target_id=0
@104 = hip::hip_copy_literal[id=main:@literal:62] -> float_type, {128}, {1}, target_id=0
@105 = load[offset=200704,end=301056](@1) -> int8_type, {1, 128, 28, 28}, {100352, 784, 28, 1}, target_id=0
@106 = broadcast[axis=1,out_lens={1, 128, 28, 28}](@103) -> float_type, {1, 128, 28, 28}, {0, 1, 0, 0}, target_id=0
@107 = gpu::code_object[code_object=4672,symbol_name=mlir_quant_convolution_dequantizelinear_add_relu_quantizelinear,global=25600,local=256,](@106,@97,@99,@105) -> int8_type, {1, 128, 28, 28}, {100352, 784, 28, 1}, target_id=0
@108 = load[offset=100352,end=200704](@1) -> int8_type, {1, 128, 28, 28}, {100352, 784, 28, 1}, target_id=0
@109 = broadcast[axis=1,out_lens={1, 128, 28, 28}](@104) -> float_type, {1, 128, 28, 28}, {0, 1, 0, 0}, target_id=0
@110 = gpu::code_object[code_object=6176,symbol_name=mlir_quant_convolution_dequantizelinear_add_relu_quantizelinear,global=25600,local=256,](@109,@107,@100,@108) -> int8_type, {1, 128, 28, 28}, {100352, 784, 28, 1}, target_id=0
@111 = hip::hip_copy_literal[id=main:@literal:29] -> int8_type, {128, 128, 3, 3}, {1152, 9, 3, 1}, target_id=0
@112 = hip::hip_copy_literal[id=main:@literal:64] -> float_type, {512}, {1}, target_id=0
@113 = load[offset=301056,end=702464](@1) -> int8_type, {1, 512, 28, 28}, {401408, 784, 28, 1}, target_id=0
@114 = broadcast[axis=1,out_lens={1, 512, 28, 28}](@112) -> float_type, {1, 512, 28, 28}, {0, 1, 0, 0}, target_id=0
@115 = gpu::code_object[code_object=4864,symbol_name=mlir_quant_convolution_dequantizelinear_add_dequantizelinear_add_relu_quantizelinear,global=102400,local=256,](@114,@97,@110,@101,@113) -> int8_type, {1, 512, 28, 28}, {401408, 784, 28, 1}, target_id=0
@116 = hip::hip_copy_literal[id=main:@literal:65] -> float_type, {128}, {1}, target_id=0
@117 = load[offset=0,end=100352](@1) -> int8_type, {1, 128, 28, 28}, {100352, 784, 28, 1}, target_id=0
@118 = broadcast[axis=1,out_lens={1, 128, 28, 28}](@116) -> float_type, {1, 128, 28, 28}, {0, 1, 0, 0}, target_id=0
@119 = gpu::code_object[code_object=4672,symbol_name=mlir_quant_convolution_dequantizelinear_add_relu_quantizelinear,global=25600,local=256,](@118,@115,@102,@117) -> int8_type, {1, 128, 28, 28}, {100352, 784, 28, 1}, target_id=0
@120 = hip::hip_copy_literal[id=main:@literal:66] -> float_type, {128}, {1}, target_id=0
@121 = load[offset=200704,end=301056](@1) -> int8_type, {1, 128, 28, 28}, {100352, 784, 28, 1}, target_id=0
@122 = broadcast[axis=1,out_lens={1, 128, 28, 28}](@120) -> float_type, {1, 128, 28, 28}, {0, 1, 0, 0}, target_id=0
@123 = gpu::code_object[code_object=6176,symbol_name=mlir_quant_convolution_dequantizelinear_add_relu_quantizelinear,global=25600,local=256,](@122,@119,@111,@121) -> int8_type, {1, 128, 28, 28}, {100352, 784, 28, 1}, target_id=0
@124 = hip::hip_copy_literal[id=main:@literal:67] -> float_type, {512}, {1}, target_id=0
@125 = load[offset=702464,end=2308096](@1) -> float_type, {1, 512, 28, 28}, {401408, 784, 28, 1}, target_id=0
@126 = broadcast[axis=1,out_lens={1, 512, 28, 28}](@124) -> float_type, {1, 512, 28, 28}, {0, 1, 0, 0}, target_id=0
@127 = gpu::code_object[code_object=4760,symbol_name=mlir_quant_convolution_dequantizelinear_add_dequantizelinear_add_relu,global=102400,local=256,](@126,@115,@123,@98,@125) -> float_type, {1, 512, 28, 28}, {401408, 784, 28, 1}, target_id=0
@128 = load[offset=0,end=401408](@1) -> int8_type, {1, 512, 28, 28}, {401408, 784, 28, 1}, target_id=0
@129 = gpu::code_object[code_object=3984,symbol_name=quantizelinear_kernel,global=200704,local=1024,](@127,@128) -> int8_type, {1, 512, 28, 28}, {401408, 784, 28, 1}, target_id=0
@130 = hip::hip_copy_literal[id=main:@literal:19] -> int8_type, {256, 512, 1, 1}, {512, 1, 1, 1}, target_id=0
@131 = hip::hip_copy_literal[id=main:@literal:68] -> float_type, {256}, {1}, target_id=0
@132 = broadcast[axis=1,out_lens={1, 256, 28, 28}](@131) -> float_type, {1, 256, 28, 28}, {0, 1, 0, 0}, target_id=0
@133 = load[offset=2308096,end=2508800](@1) -> int8_type, {1, 256, 28, 28}, {200704, 784, 28, 1}, target_id=0
@134 = gpu::code_object[code_object=4672,symbol_name=mlir_quant_convolution_dequantizelinear_add_relu_quantizelinear,global=51200,local=256,](@132,@129,@130,@133) -> int8_type, {1, 256, 28, 28}, {200704, 784, 28, 1}, target_id=0
@135 = hip::hip_copy_literal[id=main:@literal:14] -> int8_type, {256, 256, 3, 3}, {2304, 9, 3, 1}, target_id=0
@136 = hip::hip_copy_literal[id=main:@literal:69] -> float_type, {256}, {1}, target_id=0
@137 = load[offset=200704,end=401408](@1) -> int32_type, {1, 256, 14, 14}, {50176, 196, 14, 1}, target_id=0
@138 = gpu::code_object[code_object=5544,symbol_name=mlir_quant_convolution,global=14336,local=256,](@134,@135,@137) -> int32_type, {1, 256, 14, 14}, {50176, 196, 14, 1}, target_id=0
@139 = load[offset=0,end=150528](@1) -> int8_type, {1, 768, 14, 14}, {150528, 196, 14, 1}, target_id=0
@140 = broadcast[axis=1,out_lens={1, 256, 14, 14}](@136) -> float_type, {1, 256, 14, 14}, {0, 1, 0, 0}, target_id=0
@141 = step[axes={2, 3},steps={2, 2}](@127) -> float_type, {1, 512, 14, 14}, {401408, 784, 56, 2}, target_id=0
@142 = gpu::code_object[code_object=4640,symbol_name=dequantizelinear_add_relu_noop_concat_quantizelinear_kernel,global=75264,local=1024,](@138,@140,@141,@139) -> int8_type, {1, 768, 14, 14}, {150528, 196, 14, 1}, target_id=0
@143 = hip::hip_copy_literal[id=main:@literal:33] -> int8_type, {1024, 768, 1, 1}, {768, 1, 1, 1}, target_id=0
@144 = hip::hip_copy_literal[id=main:@literal:52] -> float_type, {1024}, {1}, target_id=0
@145 = load[offset=351232,end=551936](@1) -> int8_type, {1, 1024, 14, 14}, {200704, 196, 14, 1}, target_id=0
@146 = broadcast[axis=1,out_lens={1, 1024, 14, 14}](@144) -> float_type, {1, 1024, 14, 14}, {0, 1, 0, 0}, target_id=0
@147 = gpu::code_object[code_object=4648,symbol_name=mlir_quant_convolution_dequantizelinear_add_relu_quantizelinear,global=57344,local=256,](@146,@142,@143,@145) -> int8_type, {1, 1024, 14, 14}, {200704, 196, 14, 1}, target_id=0
@148 = hip::hip_copy_literal[id=main:@literal:22] -> int8_type, {1024, 256, 1, 1}, {256, 1, 1, 1}, target_id=0
@149 = hip::hip_copy_literal[id=main:@literal:9] -> int8_type, {256, 1024, 1, 1}, {1024, 1, 1, 1}, target_id=0
@150 = hip::hip_copy_literal[id=main:@literal:7] -> int8_type, {256, 256, 3, 3}, {2304, 9, 3, 1}, target_id=0
@151 = hip::hip_copy_literal[id=main:@literal:70] -> float_type, {256}, {1}, target_id=0
@152 = broadcast[axis=1,out_lens={1, 256, 14, 14}](@151) -> float_type, {1, 256, 14, 14}, {0, 1, 0, 0}, target_id=0
@153 = load[offset=100352,end=150528](@1) -> int8_type, {1, 256, 14, 14}, {50176, 196, 14, 1}, target_id=0
@154 = gpu::code_object[code_object=4672,symbol_name=mlir_quant_convolution_dequantizelinear_add_relu_quantizelinear,global=14336,local=256,](@152,@147,@149,@153) -> int8_type, {1, 256, 14, 14}, {50176, 196, 14, 1}, target_id=0
@155 = hip::hip_copy_literal[id=main:@literal:71] -> float_type, {256}, {1}, target_id=0
@156 = broadcast[axis=1,out_lens={1, 256, 14, 14}](@155) -> float_type, {1, 256, 14, 14}, {0, 1, 0, 0}, target_id=0
@157 = load[offset=50176,end=100352](@1) -> int8_type, {1, 256, 14, 14}, {50176, 196, 14, 1}, target_id=0
@158 = gpu::code_object[code_object=6192,symbol_name=mlir_quant_convolution_dequantizelinear_add_relu_quantizelinear,global=14336,local=256,](@156,@154,@150,@157) -> int8_type, {1, 256, 14, 14}, {50176, 196, 14, 1}, target_id=0
@159 = hip::hip_copy_literal[id=main:@literal:73] -> float_type, {1024}, {1}, target_id=0
@160 = broadcast[axis=1,out_lens={1, 1024, 14, 14}](@159) -> float_type, {1, 1024, 14, 14}, {0, 1, 0, 0}, target_id=0
@161 = load[offset=150528,end=351232](@1) -> int8_type, {1, 1024, 14, 14}, {200704, 196, 14, 1}, target_id=0
@162 = gpu::code_object[code_object=5120,symbol_name=mlir_quant_convolution_dequantizelinear_add_dequantizelinear_add_relu_quantizelinear,global=57344,local=256,](@160,@147,@158,@148,@161) -> int8_type, {1, 1024, 14, 14}, {200704, 196, 14, 1}, target_id=0
@163 = hip::hip_copy_literal[id=main:@literal:20] -> int8_type, {256, 256, 3, 3}, {2304, 9, 3, 1}, target_id=0
@164 = hip::hip_copy_literal[id=main:@literal:6] -> int8_type, {256, 1024, 1, 1}, {1024, 1, 1, 1}, target_id=0
@165 = hip::hip_copy_literal[id=main:@literal:0] -> int8_type, {256, 256, 3, 3}, {2304, 9, 3, 1}, target_id=0
@166 = hip::hip_copy_literal[id=main:@literal:12] -> int8_type, {1024, 256, 1, 1}, {256, 1, 1, 1}, target_id=0
@167 = hip::hip_copy_literal[id=main:@literal:36] -> int8_type, {1024, 256, 1, 1}, {256, 1, 1, 1}, target_id=0
@168 = hip::hip_copy_literal[id=main:@literal:18] -> int8_type, {256, 1024, 1, 1}, {1024, 1, 1, 1}, target_id=0
@169 = hip::hip_copy_literal[id=main:@literal:74] -> float_type, {256}, {1}, target_id=0
@170 = hip::hip_copy_literal[id=main:@literal:75] -> float_type, {256}, {1}, target_id=0
@171 = hip::hip_copy_literal[id=main:@literal:76] -> float_type, {1024}, {1}, target_id=0
@172 = hip::hip_copy_literal[id=main:@literal:77] -> float_type, {256}, {1}, target_id=0
@173 = hip::hip_copy_literal[id=main:@literal:78] -> float_type, {256}, {1}, target_id=0
@174 = hip::hip_copy_literal[id=main:@literal:79] -> float_type, {1024}, {1}, target_id=0
@175 = load[offset=100352,end=150528](@1) -> int8_type, {1, 256, 14, 14}, {50176, 196, 14, 1}, target_id=0
@176 = broadcast[axis=1,out_lens={1, 256, 14, 14}](@169) -> float_type, {1, 256, 14, 14}, {0, 1, 0, 0}, target_id=0
@177 = gpu::code_object[code_object=4672,symbol_name=mlir_quant_convolution_dequantizelinear_add_relu_quantizelinear,global=14336,local=256,](@176,@162,@164,@175) -> int8_type, {1, 256, 14, 14}, {50176, 196, 14, 1}, target_id=0
@178 = load[offset=50176,end=100352](@1) -> int8_type, {1, 256, 14, 14}, {50176, 196, 14, 1}, target_id=0
@179 = broadcast[axis=1,out_lens={1, 256, 14, 14}](@170) -> float_type, {1, 256, 14, 14}, {0, 1, 0, 0}, target_id=0
@180 = gpu::code_object[code_object=6192,symbol_name=mlir_quant_convolution_dequantizelinear_add_relu_quantizelinear,global=14336,local=256,](@179,@177,@165,@178) -> int8_type, {1, 256, 14, 14}, {50176, 196, 14, 1}, target_id=0
@181 = load[offset=551936,end=752640](@1) -> int8_type, {1, 1024, 14, 14}, {200704, 196, 14, 1}, target_id=0
@182 = broadcast[axis=1,out_lens={1, 1024, 14, 14}](@171) -> float_type, {1, 1024, 14, 14}, {0, 1, 0, 0}, target_id=0
@183 = gpu::code_object[code_object=5120,symbol_name=mlir_quant_convolution_dequantizelinear_add_dequantizelinear_add_relu_quantizelinear,global=57344,local=256,](@182,@162,@180,@167,@181) -> int8_type, {1, 1024, 14, 14}, {200704, 196, 14, 1}, target_id=0
@184 = load[offset=50176,end=100352](@1) -> int8_type, {1, 256, 14, 14}, {50176, 196, 14, 1}, target_id=0
@185 = broadcast[axis=1,out_lens={1, 256, 14, 14}](@172) -> float_type, {1, 256, 14, 14}, {0, 1, 0, 0}, target_id=0
@186 = gpu::code_object[code_object=4672,symbol_name=mlir_quant_convolution_dequantizelinear_add_relu_quantizelinear,global=14336,local=256,](@185,@183,@168,@184) -> int8_type, {1, 256, 14, 14}, {50176, 196, 14, 1}, target_id=0
@187 = broadcast[axis=1,out_lens={1, 256, 14, 14}](@173) -> float_type, {1, 256, 14, 14}, {0, 1, 0, 0}, target_id=0
@188 = load[offset=0,end=50176](@1) -> int8_type, {1, 256, 14, 14}, {50176, 196, 14, 1}, target_id=0
@189 = gpu::code_object[code_object=6192,symbol_name=mlir_quant_convolution_dequantizelinear_add_relu_quantizelinear,global=14336,local=256,](@187,@186,@163,@188) -> int8_type, {1, 256, 14, 14}, {50176, 196, 14, 1}, target_id=0
@190 = load[offset=351232,end=551936](@1) -> int8_type, {1, 1024, 14, 14}, {200704, 196, 14, 1}, target_id=0
@191 = broadcast[axis=1,out_lens={1, 1024, 14, 14}](@174) -> float_type, {1, 1024, 14, 14}, {0, 1, 0, 0}, target_id=0
@192 = gpu::code_object[code_object=5120,symbol_name=mlir_quant_convolution_dequantizelinear_add_dequantizelinear_add_relu_quantizelinear,global=57344,local=256,](@191,@183,@189,@166,@190) -> int8_type, {1, 1024, 14, 14}, {200704, 196, 14, 1}, target_id=0
@193 = hip::hip_copy_literal[id=main:@literal:38] -> int8_type, {256, 256, 3, 3}, {2304, 9, 3, 1}, target_id=0
@194 = hip::hip_copy_literal[id=main:@literal:32] -> int8_type, {256, 1024, 1, 1}, {1024, 1, 1, 1}, target_id=0
@195 = hip::hip_copy_literal[id=main:@literal:39] -> int8_type, {1024, 256, 1, 1}, {256, 1, 1, 1}, target_id=0
@196 = hip::hip_copy_literal[id=main:@literal:80] -> float_type, {256}, {1}, target_id=0
@197 = hip::hip_copy_literal[id=main:@literal:81] -> float_type, {256}, {1}, target_id=0
@198 = hip::hip_copy_literal[id=main:@literal:82] -> float_type, {1024}, {1}, target_id=0
@199 = load[offset=100352,end=150528](@1) -> int8_type, {1, 256, 14, 14}, {50176, 196, 14, 1}, target_id=0
@200 = broadcast[axis=1,out_lens={1, 256, 14, 14}](@196) -> float_type, {1, 256, 14, 14}, {0, 1, 0, 0}, target_id=0
@201 = gpu::code_object[code_object=4672,symbol_name=mlir_quant_convolution_dequantizelinear_add_relu_quantizelinear,global=14336,local=256,](@200,@192,@194,@199) -> int8_type, {1, 256, 14, 14}, {50176, 196, 14, 1}, target_id=0
@202 = broadcast[axis=1,out_lens={1, 256, 14, 14}](@197) -> float_type, {1, 256, 14, 14}, {0, 1, 0, 0}, target_id=0
@203 = load[offset=50176,end=100352](@1) -> int8_type, {1, 256, 14, 14}, {50176, 196, 14, 1}, target_id=0
@204 = gpu::code_object[code_object=6192,symbol_name=mlir_quant_convolution_dequantizelinear_add_relu_quantizelinear,global=14336,local=256,](@202,@201,@193,@203) -> int8_type, {1, 256, 14, 14}, {50176, 196, 14, 1}, target_id=0
@205 = broadcast[axis=1,out_lens={1, 1024, 14, 14}](@198) -> float_type, {1, 1024, 14, 14}, {0, 1, 0, 0}, target_id=0
@206 = load[offset=150528,end=351232](@1) -> int8_type, {1, 1024, 14, 14}, {200704, 196, 14, 1}, target_id=0
@207 = gpu::code_object[code_object=5120,symbol_name=mlir_quant_convolution_dequantizelinear_add_dequantizelinear_add_relu_quantizelinear,global=57344,local=256,](@205,@192,@204,@195,@206) -> int8_type, {1, 1024, 14, 14}, {200704, 196, 14, 1}, target_id=0
@208 = hip::hip_copy_literal[id=main:@literal:41] -> int8_type, {256, 256, 3, 3}, {2304, 9, 3, 1}, target_id=0
@209 = hip::hip_copy_literal[id=main:@literal:40] -> int8_type, {256, 1024, 1, 1}, {1024, 1, 1, 1}, target_id=0
@210 = hip::hip_copy_literal[id=main:@literal:42] -> int8_type, {1024, 256, 1, 1}, {256, 1, 1, 1}, target_id=0
@211 = hip::hip_copy_literal[id=main:@literal:83] -> float_type, {256}, {1}, target_id=0
@212 = hip::hip_copy_literal[id=main:@literal:84] -> float_type, {256}, {1}, target_id=0
@213 = hip::hip_copy_literal[id=main:@literal:85] -> float_type, {1024}, {1}, target_id=0
@214 = load[offset=0,end=50176](@1) -> int8_type, {1, 256, 14, 14}, {50176, 196, 14, 1}, target_id=0
@215 = broadcast[axis=1,out_lens={1, 256, 14, 14}](@211) -> float_type, {1, 256, 14, 14}, {0, 1, 0, 0}, target_id=0
@216 = gpu::code_object[code_object=4672,symbol_name=mlir_quant_convolution_dequantizelinear_add_relu_quantizelinear,global=14336,local=256,](@215,@207,@209,@214) -> int8_type, {1, 256, 14, 14}, {50176, 196, 14, 1}, target_id=0
@217 = broadcast[axis=1,out_lens={1, 256, 14, 14}](@212) -> float_type, {1, 256, 14, 14}, {0, 1, 0, 0}, target_id=0
@218 = load[offset=100352,end=150528](@1) -> int8_type, {1, 256, 14, 14}, {50176, 196, 14, 1}, target_id=0
@219 = gpu::code_object[code_object=6192,symbol_name=mlir_quant_convolution_dequantizelinear_add_relu_quantizelinear,global=14336,local=256,](@217,@216,@208,@218) -> int8_type, {1, 256, 14, 14}, {50176, 196, 14, 1}, target_id=0
@220 = broadcast[axis=1,out_lens={1, 1024, 14, 14}](@213) -> float_type, {1, 1024, 14, 14}, {0, 1, 0, 0}, target_id=0
@221 = load[offset=351232,end=1154048](@1) -> float_type, {1, 1024, 14, 14}, {200704, 196, 14, 1}, target_id=0
@222 = gpu::code_object[code_object=5008,symbol_name=mlir_quant_convolution_dequantizelinear_add_dequantizelinear_add_relu,global=57344,local=256,](@220,@207,@219,@210,@221) -> float_type, {1, 1024, 14, 14}, {200704, 196, 14, 1}, target_id=0
@223 = hip::hip_copy_literal[id=main:@literal:47] -> int8_type, {512, 512, 3, 3}, {4608, 9, 3, 1}, target_id=0
@224 = hip::hip_copy_literal[id=main:@literal:45] -> int8_type, {2048, 1536, 1, 1}, {1536, 1, 1, 1}, target_id=0
@225 = hip::hip_copy_literal[id=main:@literal:44] -> int8_type, {512, 512, 3, 3}, {4608, 9, 3, 1}, target_id=0
@226 = hip::hip_copy_literal[id=main:@literal:26] -> int8_type, {2048, 512, 1, 1}, {512, 1, 1, 1}, target_id=0
@227 = hip::hip_copy_literal[id=main:@literal:43] -> int8_type, {512, 1024, 1, 1}, {1024, 1, 1, 1}, target_id=0
@228 = hip::hip_copy_literal[id=main:@literal:53] -> float_type, {2048}, {1}, target_id=0
@229 = hip::hip_copy_literal[id=main:@literal:46] -> int8_type, {512, 2048, 1, 1}, {2048, 1, 1, 1}, target_id=0
@230 = hip::hip_copy_literal[id=main:@literal:86] -> float_type, {512}, {1}, target_id=0
@231 = hip::hip_copy_literal[id=main:@literal:87] -> float_type, {512}, {1}, target_id=0
@232 = hip::hip_copy_literal[id=main:@literal:88] -> float_type, {512}, {1}, target_id=0
@233 = hip::hip_copy_literal[id=main:@literal:89] -> float_type, {512}, {1}, target_id=0
@234 = hip::hip_copy_literal[id=main:@literal:90] -> float_type, {2048}, {1}, target_id=0
@235 = load[offset=0,end=200704](@1) -> int8_type, {1, 1024, 14, 14}, {200704, 196, 14, 1}, target_id=0
@236 = gpu::code_object[code_object=3984,symbol_name=quantizelinear_kernel,global=100352,local=1024,](@222,@235) -> int8_type, {1, 1024, 14, 14}, {200704, 196, 14, 1}, target_id=0
@237 = load[offset=1154048,end=1254400](@1) -> int8_type, {1, 512, 14, 14}, {100352, 196, 14, 1}, target_id=0
@238 = broadcast[axis=1,out_lens={1, 512, 14, 14}](@230) -> float_type, {1, 512, 14, 14}, {0, 1, 0, 0}, target_id=0
@239 = gpu::code_object[code_object=4672,symbol_name=mlir_quant_convolution_dequantizelinear_add_relu_quantizelinear,global=28672,local=256,](@238,@236,@227,@237) -> int8_type, {1, 512, 14, 14}, {100352, 196, 14, 1}, target_id=0
@240 = load[offset=175616,end=275968](@1) -> int32_type, {1, 512, 7, 7}, {25088, 49, 7, 1}, target_id=0
@241 = gpu::code_object[code_object=9056,symbol_name=mlir_quant_convolution,global=8192,local=64,](@239,@225,@240) -> int32_type, {1, 512, 7, 7}, {25088, 49, 7, 1}, target_id=0
@242 = load[offset=0,end=75264](@1) -> int8_type, {1, 1536, 7, 7}, {75264, 49, 7, 1}, target_id=0
@243 = broadcast[axis=1,out_lens={1, 512, 7, 7}](@231) -> float_type, {1, 512, 7, 7}, {0, 1, 0, 0}, target_id=0
@244 = step[axes={2, 3},steps={2, 2}](@222) -> float_type, {1, 1024, 7, 7}, {200704, 196, 28, 2}, target_id=0
@245 = gpu::code_object[code_object=4672,symbol_name=dequantizelinear_add_relu_noop_concat_quantizelinear_kernel,global=37632,local=1024,](@241,@243,@244,@242) -> int8_type, {1, 1536, 7, 7}, {75264, 49, 7, 1}, target_id=0
@246 = load[offset=225792,end=326144](@1) -> int8_type, {1, 2048, 7, 7}, {100352, 49, 7, 1}, target_id=0
@247 = broadcast[axis=1,out_lens={1, 2048, 7, 7}](@228) -> float_type, {1, 2048, 7, 7}, {0, 1, 0, 0}, target_id=0
@248 = gpu::code_object[code_object=4824,symbol_name=mlir_quant_convolution_dequantizelinear_add_relu_quantizelinear,global=32768,local=256,](@247,@245,@224,@246) -> int8_type, {1, 2048, 7, 7}, {100352, 49, 7, 1}, target_id=0
@249 = broadcast[axis=1,out_lens={1, 512, 7, 7}](@232) -> float_type, {1, 512, 7, 7}, {0, 1, 0, 0}, target_id=0
@250 = load[offset=25088,end=50176](@1) -> int8_type, {1, 512, 7, 7}, {25088, 49, 7, 1}, target_id=0
@251 = gpu::code_object[code_object=5000,symbol_name=mlir_quant_convolution_dequantizelinear_add_relu_quantizelinear,global=8192,local=64,](@249,@248,@229,@250) -> int8_type, {1, 512, 7, 7}, {25088, 49, 7, 1}, target_id=0
@252 = broadcast[axis=1,out_lens={1, 512, 7, 7}](@233) -> float_type, {1, 512, 7, 7}, {0, 1, 0, 0}, target_id=0
@253 = load[offset=0,end=25088](@1) -> int8_type, {1, 512, 7, 7}, {25088, 49, 7, 1}, target_id=0
@254 = gpu::code_object[code_object=6168,symbol_name=mlir_quant_convolution_dequantizelinear_add_relu_quantizelinear,global=8192,local=256,](@252,@251,@223,@253) -> int8_type, {1, 512, 7, 7}, {25088, 49, 7, 1}, target_id=0
@255 = load[offset=125440,end=225792](@1) -> int8_type, {1, 2048, 7, 7}, {100352, 49, 7, 1}, target_id=0
@256 = broadcast[axis=1,out_lens={1, 2048, 7, 7}](@234) -> float_type, {1, 2048, 7, 7}, {0, 1, 0, 0}, target_id=0
@257 = gpu::code_object[code_object=5288,symbol_name=mlir_quant_convolution_dequantizelinear_add_dequantizelinear_add_relu_quantizelinear,global=32768,local=256,](@256,@248,@254,@226,@255) -> int8_type, {1, 2048, 7, 7}, {100352, 49, 7, 1}, target_id=0
@258 = hip::hip_copy_literal[id=main:@literal:48] -> int8_type, {512, 512, 3, 3}, {4608, 9, 3, 1}, target_id=0
@259 = hip::hip_copy_literal[id=main:@literal:37] -> int8_type, {2048, 512, 1, 1}, {512, 1, 1, 1}, target_id=0
@260 = hip::hip_copy_literal[id=main:@literal:49] -> int8_type, {2048, 1001}, {1001, 1}, target_id=0
@261 = hip::hip_copy_literal[id=main:@literal:1] -> int8_type, {512, 2048, 1, 1}, {2048, 1, 1, 1}, target_id=0
@262 = hip::hip_copy_literal[id=main:@literal:92] -> float_type, {512}, {1}, target_id=0
@263 = hip::hip_copy_literal[id=main:@literal:93] -> float_type, {512}, {1}, target_id=0
@264 = hip::hip_copy_literal[id=main:@literal:94] -> float_type, {2048}, {1}, target_id=0
@265 = hip::hip_copy_literal[id=main:@literal:99] -> float_type, {1001}, {1}, target_id=0
@266 = broadcast[axis=1,out_lens={1, 512, 7, 7}](@262) -> float_type, {1, 512, 7, 7}, {0, 1, 0, 0}, target_id=0
@267 = load[offset=25088,end=50176](@1) -> int8_type, {1, 512, 7, 7}, {25088, 49, 7, 1}, target_id=0
@268 = gpu::code_object[code_object=5000,symbol_name=mlir_quant_convolution_dequantizelinear_add_relu_quantizelinear,global=8192,local=64,](@266,@257,@261,@267) -> int8_type, {1, 512, 7, 7}, {25088, 49, 7, 1}, target_id=0
@269 = broadcast[axis=1,out_lens={1, 512, 7, 7}](@263) -> float_type, {1, 512, 7, 7}, {0, 1, 0, 0}, target_id=0
@270 = load[offset=0,end=25088](@1) -> int8_type, {1, 512, 7, 7}, {25088, 49, 7, 1}, target_id=0
@271 = gpu::code_object[code_object=6168,symbol_name=mlir_quant_convolution_dequantizelinear_add_relu_quantizelinear,global=8192,local=256,](@269,@268,@258,@270) -> int8_type, {1, 512, 7, 7}, {25088, 49, 7, 1}, target_id=0
@272 = load[offset=225792,end=627200](@1) -> int32_type, {1, 2048, 7, 7}, {100352, 49, 7, 1}, target_id=0
@273 = gpu::code_object[code_object=4208,symbol_name=mlir_quant_convolution,global=32768,local=256,](@271,@259,@272) -> int32_type, {1, 2048, 7, 7}, {100352, 49, 7, 1}, target_id=0
@274 = broadcast[axis=1,out_lens={1, 2048, 7, 7}](@264) -> float_type, {1, 2048, 7, 7}, {0, 1, 0, 0}, target_id=0
@275 = load[offset=6064,end=14256](@1) -> float_type, {1, 2048, 1, 1}, {2048, 1, 1, 1}, target_id=0
@276 = gpu::code_object[code_object=4760,symbol_name=dequantizelinear_add_dequantizelinear_add_relu_mul_reduce_sum_kernel,global=131072,local=64,](@273,@274,@257,@275) -> float_type, {1, 2048, 1, 1}, {2048, 1, 1, 1}, target_id=0
@277 = load[offset=0,end=2048](@1) -> int8_type, {1, 2048}, {2048, 1}, target_id=0
@278 = squeeze[axes={2, 3}](@276) -> float_type, {1, 2048}, {2048, 1}, target_id=0
@279 = gpu::code_object[code_object=3984,symbol_name=quantizelinear_kernel,global=1024,local=1024,](@278,@277) -> int8_type, {1, 2048}, {2048, 1}, target_id=0
@280 = load[offset=8032,end=12036](@1) -> int32_type, {1, 1001}, {1001, 1}, target_id=0
@281 = gpu::quant_gemm[alpha=1,beta=0,compute_fp32=1,trans_batch=0,solution_idx=0](@279,@260,@280) -> int32_type, {1, 1001}, {1001, 1}, target_id=0
@282 = load[offset=4016,end=8020](@1) -> float_type, {1, 1001}, {1001, 1}, target_id=0
@283 = multibroadcast[out_lens={1, 1001},out_dyn_dims={}](@265) -> float_type, {1, 1001}, {0, 1}, target_id=0
@284 = gpu::code_object[code_object=4208,symbol_name=dequantizelinear_add_kernel,global=1001,local=1024,](@281,@283,@282) -> float_type, {1, 1001}, {1001, 1}, target_id=0
@285 = load[offset=0,end=8](@1) -> int64_type, {1, 1}, {1, 1}, target_id=0
@286 = gpu::argmax[axis=1,select_last_index=0](@284,@285) -> int64_type, {1, 1}, {1, 1}, target_id=0
@287 = reshape_lazy[dims={1}](@286) -> int64_type, {1}, {1}, target_id=0
main:#output_0 = @param:main:#output_0 -> int64_type, {1}, {1}, target_id=0
@289 = gpu::code_object[code_object=3896,symbol_name=convert_convert_kernel,global=1,local=1024,](@287,main:#output_0) -> int64_type, {1}, {1}, target_id=0
main:#output_1 = @param:main:#output_1 -> float_type, {1, 1001}, {1001, 1}, target_id=0
@291 = gpu::code_object[code_object=5800,symbol_name=reduce_max_sub_exp_reduce_sum_div_kernel,global=256,local=256,](@284,main:#output_1) -> float_type, {1, 1001}, {1001, 1}, target_id=0
@292 = @return(@289,@291), target_id=0


Allocating params ... 
Running performance report ... 
@0 = check_context::migraphx::gpu::context -> float_type, {}, {}, target_id=0: 0.00105446ms, 1%
@1 = hip::hip_allocate_memory[shape=int8_type, {6480128}, {1},id=main:scratch] -> int8_type, {6480128}, {1}, target_id=0: 0.00101238ms, 1%
@2 = hip::hip_copy_literal[id=main:@literal:25] -> int8_type, {64, 3, 7, 7}, {147, 49, 7, 1}, target_id=0: 0.00077758ms, 1%
@3 = load[offset=0,end=150528](@1) -> int8_type, {1, 3, 224, 224}, {150528, 50176, 224, 1}, target_id=0: 0.00084244ms, 1%
input_tensor:0 = @param:input_tensor:0 -> float_type, {1, 3, 224, 224}, {150528, 50176, 224, 1}, target_id=0: 0.00040508ms, 1%
@5 = gpu::code_object[code_object=3984,symbol_name=quantizelinear_kernel,global=75264,local=1024,](input_tensor:0,@3) -> int8_type, {1, 3, 224, 224}, {150528, 50176, 224, 1}, target_id=0: 0.019312ms, 1%
@6 = hip::hip_copy_literal[id=main:@literal:54] -> float_type, {64}, {1}, target_id=0: 0.00076848ms, 1%
@7 = load[offset=3268864,end=6480128](@1) -> float_type, {1, 64, 112, 112}, {802816, 12544, 112, 1}, target_id=0: 0.00073414ms, 1%
@8 = broadcast[axis=1,out_lens={1, 64, 112, 112}](@6) -> float_type, {1, 64, 112, 112}, {0, 1, 0, 0}, target_id=0: 0.00113258ms, 1%
@9 = gpu::code_object[code_object=6424,symbol_name=mlir_quant_convolution_dequantizelinear_add_relu,global=50176,local=256,](@8,@5,@2,@7) -> float_type, {1, 64, 112, 112}, {802816, 12544, 112, 1}, target_id=0: 0.0326696ms, 2%
@10 = load[offset=0,end=3268864](@1) -> float_type, {1, 64, 113, 113}, {817216, 12769, 113, 1}, target_id=0: 0.00079206ms, 1%
@11 = gpu::code_object[code_object=4136,symbol_name=pad_kernel,global=307200,local=1024,](@9,@10) -> float_type, {1, 64, 113, 113}, {817216, 12769, 113, 1}, target_id=0: 0.0243476ms, 2%
@12 = load[offset=3268864,end=4071680](@1) -> float_type, {1, 64, 56, 56}, {200704, 3136, 56, 1}, target_id=0: 0.00077186ms, 1%
@13 = gpu::pooling[mode=max,padding={0, 0, 0, 0},padding_mode=0,stride={2, 2},lengths={3, 3},dilations={1, 1},ceil_mode=0,lp_order=2,dyn_global=0](@11,@12) -> float_type, {1, 64, 56, 56}, {200704, 3136, 56, 1}, target_id=0: 0.063918ms, 3%
@14 = hip::hip_copy_literal[id=main:@literal:4] -> int8_type, {64, 64, 1, 1}, {64, 1, 1, 1}, target_id=0: 0.00083754ms, 1%
@15 = hip::hip_copy_literal[id=main:@literal:63] -> float_type, {64}, {1}, target_id=0: 0.00094654ms, 1%
@16 = load[offset=200704,end=401408](@1) -> int8_type, {1, 64, 56, 56}, {200704, 3136, 56, 1}, target_id=0: 0.00080376ms, 1%
@17 = gpu::code_object[code_object=3984,symbol_name=quantizelinear_kernel,global=100352,local=1024,](@13,@16) -> int8_type, {1, 64, 56, 56}, {200704, 3136, 56, 1}, target_id=0: 0.0178209ms, 1%
@18 = broadcast[axis=1,out_lens={1, 64, 56, 56}](@15) -> float_type, {1, 64, 56, 56}, {0, 1, 0, 0}, target_id=0: 0.0013811ms, 1%
@19 = load[offset=0,end=200704](@1) -> int8_type, {1, 64, 56, 56}, {200704, 3136, 56, 1}, target_id=0: 0.00073076ms, 1%
@20 = gpu::code_object[code_object=5248,symbol_name=mlir_quant_convolution_dequantizelinear_add_relu_quantizelinear,global=12544,local=256,](@18,@17,@14,@19) -> int8_type, {1, 64, 56, 56}, {200704, 3136, 56, 1}, target_id=0: 0.0217179ms, 1%
@21 = hip::hip_copy_literal[id=main:@literal:21] -> int8_type, {64, 64, 3, 3}, {576, 9, 3, 1}, target_id=0: 0.00074472ms, 1%
@22 = load[offset=401408,end=1204224](@1) -> int32_type, {1, 64, 56, 56}, {200704, 3136, 56, 1}, target_id=0: 0.00072986ms, 1%
@23 = gpu::code_object[code_object=5440,symbol_name=mlir_quant_convolution,global=50176,local=256,](@20,@21,@22) -> int32_type, {1, 64, 56, 56}, {200704, 3136, 56, 1}, target_id=0: 0.0332698ms, 2%
@24 = hip::hip_copy_literal[id=main:@literal:16] -> int8_type, {256, 128, 1, 1}, {128, 1, 1, 1}, target_id=0: 0.00071954ms, 1%
@25 = hip::hip_copy_literal[id=main:@literal:50] -> float_type, {256}, {1}, target_id=0: 0.00062004ms, 1%
@26 = hip::hip_copy_literal[id=main:@literal:72] -> float_type, {64}, {1}, target_id=0: 0.00069686ms, 1%
@27 = load[offset=1404928,end=1806336](@1) -> int8_type, {1, 128, 56, 56}, {401408, 3136, 56, 1}, target_id=0: 0.0007171ms, 1%
@28 = broadcast[axis=1,out_lens={1, 64, 56, 56}](@26) -> float_type, {1, 64, 56, 56}, {0, 1, 0, 0}, target_id=0: 0.00085716ms, 1%
@29 = gpu::code_object[code_object=4528,symbol_name=dequantizelinear_add_relu_noop_concat_quantizelinear_kernel,global=100352,local=1024,](@23,@28,@13,@27) -> int8_type, {1, 128, 56, 56}, {401408, 3136, 56, 1}, target_id=0: 0.0188437ms, 1%
@30 = broadcast[axis=1,out_lens={1, 256, 56, 56}](@25) -> float_type, {1, 256, 56, 56}, {0, 1, 0, 0}, target_id=0: 0.00137464ms, 1%
@31 = load[offset=602112,end=1404928](@1) -> int8_type, {1, 256, 56, 56}, {802816, 3136, 56, 1}, target_id=0: 0.00069424ms, 1%
@32 = gpu::code_object[code_object=5448,symbol_name=mlir_quant_convolution_dequantizelinear_add_relu_quantizelinear,global=50176,local=256,](@30,@29,@24,@31) -> int8_type, {1, 256, 56, 56}, {802816, 3136, 56, 1}, target_id=0: 0.0241063ms, 2%
@33 = hip::hip_copy_literal[id=main:@literal:15] -> int8_type, {64, 256, 1, 1}, {256, 1, 1, 1}, target_id=0: 0.00076734ms, 1%
@34 = hip::hip_copy_literal[id=main:@literal:91] -> float_type, {64}, {1}, target_id=0: 0.00060002ms, 1%
@35 = broadcast[axis=1,out_lens={1, 64, 56, 56}](@34) -> float_type, {1, 64, 56, 56}, {0, 1, 0, 0}, target_id=0: 0.000921ms, 1%
@36 = load[offset=401408,end=602112](@1) -> int8_type, {1, 64, 56, 56}, {200704, 3136, 56, 1}, target_id=0: 0.0007072ms, 1%
@37 = gpu::code_object[code_object=4600,symbol_name=mlir_quant_convolution_dequantizelinear_add_relu_quantizelinear,global=50176,local=256,](@35,@32,@33,@36) -> int8_type, {1, 64, 56, 56}, {200704, 3136, 56, 1}, target_id=0: 0.0215025ms, 1%
@38 = hip::hip_copy_literal[id=main:@literal:13] -> int8_type, {64, 64, 3, 3}, {576, 9, 3, 1}, target_id=0: 0.00074142ms, 1%
@39 = hip::hip_copy_literal[id=main:@literal:95] -> float_type, {64}, {1}, target_id=0: 0.00060956ms, 1%
@40 = load[offset=200704,end=401408](@1) -> int8_type, {1, 64, 56, 56}, {200704, 3136, 56, 1}, target_id=0: 0.0006977ms, 1%
@41 = broadcast[axis=1,out_lens={1, 64, 56, 56}](@39) -> float_type, {1, 64, 56, 56}, {0, 1, 0, 0}, target_id=0: 0.00090394ms, 1%
@42 = gpu::code_object[code_object=5944,symbol_name=mlir_quant_convolution_dequantizelinear_add_relu_quantizelinear,global=50176,local=256,](@41,@37,@38,@40) -> int8_type, {1, 64, 56, 56}, {200704, 3136, 56, 1}, target_id=0: 0.0325906ms, 2%
@43 = hip::hip_copy_literal[id=main:@literal:11] -> int8_type, {256, 64, 1, 1}, {64, 1, 1, 1}, target_id=0: 0.0007436ms, 1%
@44 = hip::hip_copy_literal[id=main:@literal:96] -> float_type, {256}, {1}, target_id=0: 0.0005989ms, 1%
@45 = load[offset=3411968,end=4214784](@1) -> int8_type, {1, 256, 56, 56}, {802816, 3136, 56, 1}, target_id=0: 0.00073076ms, 1%
@46 = broadcast[axis=1,out_lens={1, 256, 56, 56}](@44) -> float_type, {1, 256, 56, 56}, {0, 1, 0, 0}, target_id=0: 0.00090418ms, 1%
@47 = gpu::code_object[code_object=5920,symbol_name=mlir_quant_convolution_dequantizelinear_add_dequantizelinear_add_relu_quantizelinear,global=50176,local=256,](@46,@32,@42,@43,@45) -> int8_type, {1, 256, 56, 56}, {802816, 3136, 56, 1}, target_id=0: 0.0230458ms, 1%
@48 = hip::hip_copy_literal[id=main:@literal:31] -> int8_type, {64, 256, 1, 1}, {256, 1, 1, 1}, target_id=0: 0.0007357ms, 1%
@49 = hip::hip_copy_literal[id=main:@literal:97] -> float_type, {64}, {1}, target_id=0: 0.00066798ms, 1%
@50 = load[offset=0,end=200704](@1) -> int8_type, {1, 64, 56, 56}, {200704, 3136, 56, 1}, target_id=0: 0.00072356ms, 1%
@51 = broadcast[axis=1,out_lens={1, 64, 56, 56}](@49) -> float_type, {1, 64, 56, 56}, {0, 1, 0, 0}, target_id=0: 0.00087182ms, 1%
@52 = gpu::code_object[code_object=4600,symbol_name=mlir_quant_convolution_dequantizelinear_add_relu_quantizelinear,global=50176,local=256,](@51,@47,@48,@50) -> int8_type, {1, 64, 56, 56}, {200704, 3136, 56, 1}, target_id=0: 0.0216252ms, 1%
@53 = hip::hip_copy_literal[id=main:@literal:23] -> int8_type, {64, 64, 3, 3}, {576, 9, 3, 1}, target_id=0: 0.00073266ms, 1%
@54 = hip::hip_copy_literal[id=main:@literal:98] -> float_type, {64}, {1}, target_id=0: 0.00058344ms, 1%
@55 = load[offset=3211264,end=3411968](@1) -> int8_type, {1, 64, 56, 56}, {200704, 3136, 56, 1}, target_id=0: 0.00070508ms, 1%
@56 = broadcast[axis=1,out_lens={1, 64, 56, 56}](@54) -> float_type, {1, 64, 56, 56}, {0, 1, 0, 0}, target_id=0: 0.00081706ms, 1%
@57 = gpu::code_object[code_object=5944,symbol_name=mlir_quant_convolution_dequantizelinear_add_relu_quantizelinear,global=50176,local=256,](@56,@52,@53,@55) -> int8_type, {1, 64, 56, 56}, {200704, 3136, 56, 1}, target_id=0: 0.032798ms, 2%
@58 = hip::hip_copy_literal[id=main:@literal:24] -> int8_type, {256, 64, 1, 1}, {64, 1, 1, 1}, target_id=0: 0.00072056ms, 1%
@59 = hip::hip_copy_literal[id=main:@literal:55] -> float_type, {256}, {1}, target_id=0: 0.0006035ms, 1%
@60 = load[offset=0,end=3211264](@1) -> float_type, {1, 256, 56, 56}, {802816, 3136, 56, 1}, target_id=0: 0.00072378ms, 1%
@61 = broadcast[axis=1,out_lens={1, 256, 56, 56}](@59) -> float_type, {1, 256, 56, 56}, {0, 1, 0, 0}, target_id=0: 0.00088604ms, 1%
@62 = gpu::code_object[code_object=5648,symbol_name=mlir_quant_convolution_dequantizelinear_add_dequantizelinear_add_relu,global=50176,local=256,](@61,@47,@57,@58,@60) -> float_type, {1, 256, 56, 56}, {802816, 3136, 56, 1}, target_id=0: 0.0251666ms, 2%
@63 = hip::hip_copy_literal[id=main:@literal:28] -> int8_type, {128, 128, 3, 3}, {1152, 9, 3, 1}, target_id=0: 0.00074396ms, 1%
@64 = hip::hip_copy_literal[id=main:@literal:30] -> int8_type, {128, 256, 1, 1}, {256, 1, 1, 1}, target_id=0: 0.00061812ms, 1%
@65 = hip::hip_copy_literal[id=main:@literal:10] -> int8_type, {512, 128, 1, 1}, {128, 1, 1, 1}, target_id=0: 0.00070598ms, 1%
@66 = load[offset=4014080,end=4816896](@1) -> int8_type, {1, 256, 56, 56}, {802816, 3136, 56, 1}, target_id=0: 0.00070844ms, 1%
@67 = gpu::code_object[code_object=3984,symbol_name=quantizelinear_kernel,global=401408,local=1024,](@62,@66) -> int8_type, {1, 256, 56, 56}, {802816, 3136, 56, 1}, target_id=0: 0.0202681ms, 1%
@68 = hip::hip_copy_literal[id=main:@literal:56] -> float_type, {128}, {1}, target_id=0: 0.00076912ms, 1%
@69 = load[offset=3612672,end=4014080](@1) -> int8_type, {1, 128, 56, 56}, {401408, 3136, 56, 1}, target_id=0: 0.00071288ms, 1%
@70 = broadcast[axis=1,out_lens={1, 128, 56, 56}](@68) -> float_type, {1, 128, 56, 56}, {0, 1, 0, 0}, target_id=0: 0.0009432ms, 1%
@71 = gpu::code_object[code_object=5864,symbol_name=mlir_quant_convolution_dequantizelinear_add_relu_quantizelinear,global=25088,local=256,](@70,@67,@64,@69) -> int8_type, {1, 128, 56, 56}, {401408, 3136, 56, 1}, target_id=0: 0.0249227ms, 2%
@72 = load[offset=3211264,end=3612672](@1) -> int32_type, {1, 128, 28, 28}, {100352, 784, 28, 1}, target_id=0: 0.00079092ms, 1%
@73 = gpu::code_object[code_object=5528,symbol_name=mlir_quant_convolution,global=25600,local=256,](@71,@63,@72) -> int32_type, {1, 128, 28, 28}, {100352, 784, 28, 1}, target_id=0: 0.0392265ms, 2%
@74 = hip::hip_copy_literal[id=main:@literal:57] -> float_type, {128}, {1}, target_id=0: 0.00071028ms, 1%
@75 = step[axes={2, 3},steps={2, 2}](@62) -> float_type, {1, 256, 28, 28}, {802816, 3136, 112, 2}, target_id=0: 0.00127512ms, 1%
@76 = broadcast[axis=1,out_lens={1, 128, 28, 28}](@74) -> float_type, {1, 128, 28, 28}, {0, 1, 0, 0}, target_id=0: 0.0008564ms, 1%
@77 = load[offset=3612672,end=3913728](@1) -> int8_type, {1, 384, 28, 28}, {301056, 784, 28, 1}, target_id=0: 0.00072738ms, 1%
@78 = gpu::code_object[code_object=4616,symbol_name=dequantizelinear_add_relu_noop_concat_quantizelinear_kernel,global=150528,local=1024,](@73,@76,@75,@77) -> int8_type, {1, 384, 28, 28}, {301056, 784, 28, 1}, target_id=0: 0.0196848ms, 1%
@79 = hip::hip_copy_literal[id=main:@literal:35] -> int8_type, {128, 128, 3, 3}, {1152, 9, 3, 1}, target_id=0: 0.00073358ms, 1%
@80 = hip::hip_copy_literal[id=main:@literal:34] -> int8_type, {128, 512, 1, 1}, {512, 1, 1, 1}, target_id=0: 0.0006395ms, 1%
@81 = hip::hip_copy_literal[id=main:@literal:17] -> int8_type, {512, 384, 1, 1}, {384, 1, 1, 1}, target_id=0: 0.00080456ms, 1%
@82 = hip::hip_copy_literal[id=main:@literal:51] -> float_type, {512}, {1}, target_id=0: 0.00061828ms, 1%
@83 = load[offset=1103872,end=1505280](@1) -> int8_type, {1, 512, 28, 28}, {401408, 784, 28, 1}, target_id=0: 0.00069436ms, 1%
@84 = broadcast[axis=1,out_lens={1, 512, 28, 28}](@82) -> float_type, {1, 512, 28, 28}, {0, 1, 0, 0}, target_id=0: 0.00091058ms, 1%
@85 = gpu::code_object[code_object=6680,symbol_name=mlir_quant_convolution_dequantizelinear_add_relu_quantizelinear,global=26624,local=256,](@84,@78,@81,@83) -> int8_type, {1, 512, 28, 28}, {401408, 784, 28, 1}, target_id=0: 0.0310476ms, 2%
@86 = hip::hip_copy_literal[id=main:@literal:58] -> float_type, {128}, {1}, target_id=0: 0.00073194ms, 1%
@87 = hip::hip_copy_literal[id=main:@literal:59] -> float_type, {128}, {1}, target_id=0: 0.00060906ms, 1%
@88 = hip::hip_copy_literal[id=main:@literal:60] -> float_type, {512}, {1}, target_id=0: 0.00066012ms, 1%
@89 = load[offset=100352,end=200704](@1) -> int8_type, {1, 128, 28, 28}, {100352, 784, 28, 1}, target_id=0: 0.0007164ms, 1%
@90 = broadcast[axis=1,out_lens={1, 128, 28, 28}](@86) -> float_type, {1, 128, 28, 28}, {0, 1, 0, 0}, target_id=0: 0.00090242ms, 1%
@91 = gpu::code_object[code_object=4672,symbol_name=mlir_quant_convolution_dequantizelinear_add_relu_quantizelinear,global=25600,local=256,](@90,@85,@80,@89) -> int8_type, {1, 128, 28, 28}, {100352, 784, 28, 1}, target_id=0: 0.0236343ms, 1%
@92 = broadcast[axis=1,out_lens={1, 128, 28, 28}](@87) -> float_type, {1, 128, 28, 28}, {0, 1, 0, 0}, target_id=0: 0.00088278ms, 1%
@93 = load[offset=0,end=100352](@1) -> int8_type, {1, 128, 28, 28}, {100352, 784, 28, 1}, target_id=0: 0.00070544ms, 1%
@94 = gpu::code_object[code_object=6176,symbol_name=mlir_quant_convolution_dequantizelinear_add_relu_quantizelinear,global=25600,local=256,](@92,@91,@79,@93) -> int8_type, {1, 128, 28, 28}, {100352, 784, 28, 1}, target_id=0: 0.0398366ms, 2%
@95 = load[offset=702464,end=1103872](@1) -> int8_type, {1, 512, 28, 28}, {401408, 784, 28, 1}, target_id=0: 0.00078658ms, 1%
@96 = broadcast[axis=1,out_lens={1, 512, 28, 28}](@88) -> float_type, {1, 512, 28, 28}, {0, 1, 0, 0}, target_id=0: 0.00084726ms, 1%
@97 = gpu::code_object[code_object=4864,symbol_name=mlir_quant_convolution_dequantizelinear_add_dequantizelinear_add_relu_quantizelinear,global=102400,local=256,](@96,@85,@94,@65,@95) -> int8_type, {1, 512, 28, 28}, {401408, 784, 28, 1}, target_id=0: 0.0222412ms, 1%
@98 = hip::hip_copy_literal[id=main:@literal:27] -> int8_type, {512, 128, 1, 1}, {128, 1, 1, 1}, target_id=0: 0.00070092ms, 1%
@99 = hip::hip_copy_literal[id=main:@literal:8] -> int8_type, {128, 512, 1, 1}, {512, 1, 1, 1}, target_id=0: 0.00061198ms, 1%
@100 = hip::hip_copy_literal[id=main:@literal:5] -> int8_type, {128, 128, 3, 3}, {1152, 9, 3, 1}, target_id=0: 0.00052458ms, 1%
@101 = hip::hip_copy_literal[id=main:@literal:3] -> int8_type, {512, 128, 1, 1}, {128, 1, 1, 1}, target_id=0: 0.00054144ms, 1%
@102 = hip::hip_copy_literal[id=main:@literal:2] -> int8_type, {128, 512, 1, 1}, {512, 1, 1, 1}, target_id=0: 0.0005681ms, 1%
@103 = hip::hip_copy_literal[id=main:@literal:61] -> float_type, {128}, {1}, target_id=0: 0.00113214ms, 1%
@104 = hip::hip_copy_literal[id=main:@literal:62] -> float_type, {128}, {1}, target_id=0: 0.00067866ms, 1%
@105 = load[offset=200704,end=301056](@1) -> int8_type, {1, 128, 28, 28}, {100352, 784, 28, 1}, target_id=0: 0.00068062ms, 1%
@106 = broadcast[axis=1,out_lens={1, 128, 28, 28}](@103) -> float_type, {1, 128, 28, 28}, {0, 1, 0, 0}, target_id=0: 0.00088704ms, 1%
@107 = gpu::code_object[code_object=4672,symbol_name=mlir_quant_convolution_dequantizelinear_add_relu_quantizelinear,global=25600,local=256,](@106,@97,@99,@105) -> int8_type, {1, 128, 28, 28}, {100352, 784, 28, 1}, target_id=0: 0.0237623ms, 2%
@108 = load[offset=100352,end=200704](@1) -> int8_type, {1, 128, 28, 28}, {100352, 784, 28, 1}, target_id=0: 0.00078924ms, 1%
@109 = broadcast[axis=1,out_lens={1, 128, 28, 28}](@104) -> float_type, {1, 128, 28, 28}, {0, 1, 0, 0}, target_id=0: 0.00079012ms, 1%
@110 = gpu::code_object[code_object=6176,symbol_name=mlir_quant_convolution_dequantizelinear_add_relu_quantizelinear,global=25600,local=256,](@109,@107,@100,@108) -> int8_type, {1, 128, 28, 28}, {100352, 784, 28, 1}, target_id=0: 0.0398009ms, 2%
@111 = hip::hip_copy_literal[id=main:@literal:29] -> int8_type, {128, 128, 3, 3}, {1152, 9, 3, 1}, target_id=0: 0.00076996ms, 1%
@112 = hip::hip_copy_literal[id=main:@literal:64] -> float_type, {512}, {1}, target_id=0: 0.00059312ms, 1%
@113 = load[offset=301056,end=702464](@1) -> int8_type, {1, 512, 28, 28}, {401408, 784, 28, 1}, target_id=0: 0.0007099ms, 1%
@114 = broadcast[axis=1,out_lens={1, 512, 28, 28}](@112) -> float_type, {1, 512, 28, 28}, {0, 1, 0, 0}, target_id=0: 0.00088982ms, 1%
@115 = gpu::code_object[code_object=4864,symbol_name=mlir_quant_convolution_dequantizelinear_add_dequantizelinear_add_relu_quantizelinear,global=102400,local=256,](@114,@97,@110,@101,@113) -> int8_type, {1, 512, 28, 28}, {401408, 784, 28, 1}, target_id=0: 0.0220531ms, 1%
@116 = hip::hip_copy_literal[id=main:@literal:65] -> float_type, {128}, {1}, target_id=0: 0.00072306ms, 1%
@117 = load[offset=0,end=100352](@1) -> int8_type, {1, 128, 28, 28}, {100352, 784, 28, 1}, target_id=0: 0.00071368ms, 1%
@118 = broadcast[axis=1,out_lens={1, 128, 28, 28}](@116) -> float_type, {1, 128, 28, 28}, {0, 1, 0, 0}, target_id=0: 0.00087548ms, 1%
@119 = gpu::code_object[code_object=4672,symbol_name=mlir_quant_convolution_dequantizelinear_add_relu_quantizelinear,global=25600,local=256,](@118,@115,@102,@117) -> int8_type, {1, 128, 28, 28}, {100352, 784, 28, 1}, target_id=0: 0.0236909ms, 1%
@120 = hip::hip_copy_literal[id=main:@literal:66] -> float_type, {128}, {1}, target_id=0: 0.0007811ms, 1%
@121 = load[offset=200704,end=301056](@1) -> int8_type, {1, 128, 28, 28}, {100352, 784, 28, 1}, target_id=0: 0.00070408ms, 1%
@122 = broadcast[axis=1,out_lens={1, 128, 28, 28}](@120) -> float_type, {1, 128, 28, 28}, {0, 1, 0, 0}, target_id=0: 0.00085056ms, 1%
@123 = gpu::code_object[code_object=6176,symbol_name=mlir_quant_convolution_dequantizelinear_add_relu_quantizelinear,global=25600,local=256,](@122,@119,@111,@121) -> int8_type, {1, 128, 28, 28}, {100352, 784, 28, 1}, target_id=0: 0.03978ms, 2%
@124 = hip::hip_copy_literal[id=main:@literal:67] -> float_type, {512}, {1}, target_id=0: 0.00072722ms, 1%
@125 = load[offset=702464,end=2308096](@1) -> float_type, {1, 512, 28, 28}, {401408, 784, 28, 1}, target_id=0: 0.00071884ms, 1%
@126 = broadcast[axis=1,out_lens={1, 512, 28, 28}](@124) -> float_type, {1, 512, 28, 28}, {0, 1, 0, 0}, target_id=0: 0.00089276ms, 1%
@127 = gpu::code_object[code_object=4760,symbol_name=mlir_quant_convolution_dequantizelinear_add_dequantizelinear_add_relu,global=102400,local=256,](@126,@115,@123,@98,@125) -> float_type, {1, 512, 28, 28}, {401408, 784, 28, 1}, target_id=0: 0.0226593ms, 1%
@128 = load[offset=0,end=401408](@1) -> int8_type, {1, 512, 28, 28}, {401408, 784, 28, 1}, target_id=0: 0.00078546ms, 1%
@129 = gpu::code_object[code_object=3984,symbol_name=quantizelinear_kernel,global=200704,local=1024,](@127,@128) -> int8_type, {1, 512, 28, 28}, {401408, 784, 28, 1}, target_id=0: 0.0187074ms, 1%
@130 = hip::hip_copy_literal[id=main:@literal:19] -> int8_type, {256, 512, 1, 1}, {512, 1, 1, 1}, target_id=0: 0.00072744ms, 1%
@131 = hip::hip_copy_literal[id=main:@literal:68] -> float_type, {256}, {1}, target_id=0: 0.00068664ms, 1%
@132 = broadcast[axis=1,out_lens={1, 256, 28, 28}](@131) -> float_type, {1, 256, 28, 28}, {0, 1, 0, 0}, target_id=0: 0.00089438ms, 1%
@133 = load[offset=2308096,end=2508800](@1) -> int8_type, {1, 256, 28, 28}, {200704, 784, 28, 1}, target_id=0: 0.00069802ms, 1%
@134 = gpu::code_object[code_object=4672,symbol_name=mlir_quant_convolution_dequantizelinear_add_relu_quantizelinear,global=51200,local=256,](@132,@129,@130,@133) -> int8_type, {1, 256, 28, 28}, {200704, 784, 28, 1}, target_id=0: 0.0245751ms, 2%
@135 = hip::hip_copy_literal[id=main:@literal:14] -> int8_type, {256, 256, 3, 3}, {2304, 9, 3, 1}, target_id=0: 0.00070924ms, 1%
@136 = hip::hip_copy_literal[id=main:@literal:69] -> float_type, {256}, {1}, target_id=0: 0.00056022ms, 1%
@137 = load[offset=200704,end=401408](@1) -> int32_type, {1, 256, 14, 14}, {50176, 196, 14, 1}, target_id=0: 0.00072212ms, 1%
@138 = gpu::code_object[code_object=5544,symbol_name=mlir_quant_convolution,global=14336,local=256,](@134,@135,@137) -> int32_type, {1, 256, 14, 14}, {50176, 196, 14, 1}, target_id=0: 0.0558268ms, 3%
@139 = load[offset=0,end=150528](@1) -> int8_type, {1, 768, 14, 14}, {150528, 196, 14, 1}, target_id=0: 0.00077254ms, 1%
@140 = broadcast[axis=1,out_lens={1, 256, 14, 14}](@136) -> float_type, {1, 256, 14, 14}, {0, 1, 0, 0}, target_id=0: 0.00090738ms, 1%
@141 = step[axes={2, 3},steps={2, 2}](@127) -> float_type, {1, 512, 14, 14}, {401408, 784, 56, 2}, target_id=0: 0.00090248ms, 1%
@142 = gpu::code_object[code_object=4640,symbol_name=dequantizelinear_add_relu_noop_concat_quantizelinear_kernel,global=75264,local=1024,](@138,@140,@141,@139) -> int8_type, {1, 768, 14, 14}, {150528, 196, 14, 1}, target_id=0: 0.019032ms, 1%
@143 = hip::hip_copy_literal[id=main:@literal:33] -> int8_type, {1024, 768, 1, 1}, {768, 1, 1, 1}, target_id=0: 0.00072142ms, 1%
@144 = hip::hip_copy_literal[id=main:@literal:52] -> float_type, {1024}, {1}, target_id=0: 0.00067724ms, 1%
@145 = load[offset=351232,end=551936](@1) -> int8_type, {1, 1024, 14, 14}, {200704, 196, 14, 1}, target_id=0: 0.00069466ms, 1%
@146 = broadcast[axis=1,out_lens={1, 1024, 14, 14}](@144) -> float_type, {1, 1024, 14, 14}, {0, 1, 0, 0}, target_id=0: 0.00114224ms, 1%
@147 = gpu::code_object[code_object=4648,symbol_name=mlir_quant_convolution_dequantizelinear_add_relu_quantizelinear,global=57344,local=256,](@146,@142,@143,@145) -> int8_type, {1, 1024, 14, 14}, {200704, 196, 14, 1}, target_id=0: 0.0280428ms, 2%
@148 = hip::hip_copy_literal[id=main:@literal:22] -> int8_type, {1024, 256, 1, 1}, {256, 1, 1, 1}, target_id=0: 0.00073838ms, 1%
@149 = hip::hip_copy_literal[id=main:@literal:9] -> int8_type, {256, 1024, 1, 1}, {1024, 1, 1, 1}, target_id=0: 0.0005802ms, 1%
@150 = hip::hip_copy_literal[id=main:@literal:7] -> int8_type, {256, 256, 3, 3}, {2304, 9, 3, 1}, target_id=0: 0.00053322ms, 1%
@151 = hip::hip_copy_literal[id=main:@literal:70] -> float_type, {256}, {1}, target_id=0: 0.00064578ms, 1%
@152 = broadcast[axis=1,out_lens={1, 256, 14, 14}](@151) -> float_type, {1, 256, 14, 14}, {0, 1, 0, 0}, target_id=0: 0.00110356ms, 1%
@153 = load[offset=100352,end=150528](@1) -> int8_type, {1, 256, 14, 14}, {50176, 196, 14, 1}, target_id=0: 0.00069574ms, 1%
@154 = gpu::code_object[code_object=4672,symbol_name=mlir_quant_convolution_dequantizelinear_add_relu_quantizelinear,global=14336,local=256,](@152,@147,@149,@153) -> int8_type, {1, 256, 14, 14}, {50176, 196, 14, 1}, target_id=0: 0.0283045ms, 2%
@155 = hip::hip_copy_literal[id=main:@literal:71] -> float_type, {256}, {1}, target_id=0: 0.00073028ms, 1%
@156 = broadcast[axis=1,out_lens={1, 256, 14, 14}](@155) -> float_type, {1, 256, 14, 14}, {0, 1, 0, 0}, target_id=0: 0.0009113ms, 1%
@157 = load[offset=50176,end=100352](@1) -> int8_type, {1, 256, 14, 14}, {50176, 196, 14, 1}, target_id=0: 0.00070988ms, 1%
@158 = gpu::code_object[code_object=6192,symbol_name=mlir_quant_convolution_dequantizelinear_add_relu_quantizelinear,global=14336,local=256,](@156,@154,@150,@157) -> int8_type, {1, 256, 14, 14}, {50176, 196, 14, 1}, target_id=0: 0.05737ms, 3%
@159 = hip::hip_copy_literal[id=main:@literal:73] -> float_type, {1024}, {1}, target_id=0: 0.0007402ms, 1%
@160 = broadcast[axis=1,out_lens={1, 1024, 14, 14}](@159) -> float_type, {1, 1024, 14, 14}, {0, 1, 0, 0}, target_id=0: 0.000908ms, 1%
@161 = load[offset=150528,end=351232](@1) -> int8_type, {1, 1024, 14, 14}, {200704, 196, 14, 1}, target_id=0: 0.00071494ms, 1%
@162 = gpu::code_object[code_object=5120,symbol_name=mlir_quant_convolution_dequantizelinear_add_dequantizelinear_add_relu_quantizelinear,global=57344,local=256,](@160,@147,@158,@148,@161) -> int8_type, {1, 1024, 14, 14}, {200704, 196, 14, 1}, target_id=0: 0.0226126ms, 1%
@163 = hip::hip_copy_literal[id=main:@literal:20] -> int8_type, {256, 256, 3, 3}, {2304, 9, 3, 1}, target_id=0: 0.0007229ms, 1%
@164 = hip::hip_copy_literal[id=main:@literal:6] -> int8_type, {256, 1024, 1, 1}, {1024, 1, 1, 1}, target_id=0: 0.0006145ms, 1%
@165 = hip::hip_copy_literal[id=main:@literal:0] -> int8_type, {256, 256, 3, 3}, {2304, 9, 3, 1}, target_id=0: 0.0005245ms, 1%
@166 = hip::hip_copy_literal[id=main:@literal:12] -> int8_type, {1024, 256, 1, 1}, {256, 1, 1, 1}, target_id=0: 0.00077286ms, 1%
@167 = hip::hip_copy_literal[id=main:@literal:36] -> int8_type, {1024, 256, 1, 1}, {256, 1, 1, 1}, target_id=0: 0.00061598ms, 1%
@168 = hip::hip_copy_literal[id=main:@literal:18] -> int8_type, {256, 1024, 1, 1}, {1024, 1, 1, 1}, target_id=0: 0.00094088ms, 1%
@169 = hip::hip_copy_literal[id=main:@literal:74] -> float_type, {256}, {1}, target_id=0: 0.00066748ms, 1%
@170 = hip::hip_copy_literal[id=main:@literal:75] -> float_type, {256}, {1}, target_id=0: 0.0005985ms, 1%
@171 = hip::hip_copy_literal[id=main:@literal:76] -> float_type, {1024}, {1}, target_id=0: 0.00059174ms, 1%
@172 = hip::hip_copy_literal[id=main:@literal:77] -> float_type, {256}, {1}, target_id=0: 0.0006064ms, 1%
@173 = hip::hip_copy_literal[id=main:@literal:78] -> float_type, {256}, {1}, target_id=0: 0.00064336ms, 1%
@174 = hip::hip_copy_literal[id=main:@literal:79] -> float_type, {1024}, {1}, target_id=0: 0.00063748ms, 1%
@175 = load[offset=100352,end=150528](@1) -> int8_type, {1, 256, 14, 14}, {50176, 196, 14, 1}, target_id=0: 0.00068716ms, 1%
@176 = broadcast[axis=1,out_lens={1, 256, 14, 14}](@169) -> float_type, {1, 256, 14, 14}, {0, 1, 0, 0}, target_id=0: 0.00088122ms, 1%
@177 = gpu::code_object[code_object=4672,symbol_name=mlir_quant_convolution_dequantizelinear_add_relu_quantizelinear,global=14336,local=256,](@176,@162,@164,@175) -> int8_type, {1, 256, 14, 14}, {50176, 196, 14, 1}, target_id=0: 0.0312493ms, 2%
@178 = load[offset=50176,end=100352](@1) -> int8_type, {1, 256, 14, 14}, {50176, 196, 14, 1}, target_id=0: 0.00077094ms, 1%
@179 = broadcast[axis=1,out_lens={1, 256, 14, 14}](@170) -> float_type, {1, 256, 14, 14}, {0, 1, 0, 0}, target_id=0: 0.00081226ms, 1%
@180 = gpu::code_object[code_object=6192,symbol_name=mlir_quant_convolution_dequantizelinear_add_relu_quantizelinear,global=14336,local=256,](@179,@177,@165,@178) -> int8_type, {1, 256, 14, 14}, {50176, 196, 14, 1}, target_id=0: 0.0566363ms, 3%
@181 = load[offset=551936,end=752640](@1) -> int8_type, {1, 1024, 14, 14}, {200704, 196, 14, 1}, target_id=0: 0.00078532ms, 1%
@182 = broadcast[axis=1,out_lens={1, 1024, 14, 14}](@171) -> float_type, {1, 1024, 14, 14}, {0, 1, 0, 0}, target_id=0: 0.00078142ms, 1%
@183 = gpu::code_object[code_object=5120,symbol_name=mlir_quant_convolution_dequantizelinear_add_dequantizelinear_add_relu_quantizelinear,global=57344,local=256,](@182,@162,@180,@167,@181) -> int8_type, {1, 1024, 14, 14}, {200704, 196, 14, 1}, target_id=0: 0.0225905ms, 1%
@184 = load[offset=50176,end=100352](@1) -> int8_type, {1, 256, 14, 14}, {50176, 196, 14, 1}, target_id=0: 0.00076822ms, 1%
@185 = broadcast[axis=1,out_lens={1, 256, 14, 14}](@172) -> float_type, {1, 256, 14, 14}, {0, 1, 0, 0}, target_id=0: 0.00077982ms, 1%
@186 = gpu::code_object[code_object=4672,symbol_name=mlir_quant_convolution_dequantizelinear_add_relu_quantizelinear,global=14336,local=256,](@185,@183,@168,@184) -> int8_type, {1, 256, 14, 14}, {50176, 196, 14, 1}, target_id=0: 0.0288586ms, 2%
@187 = broadcast[axis=1,out_lens={1, 256, 14, 14}](@173) -> float_type, {1, 256, 14, 14}, {0, 1, 0, 0}, target_id=0: 0.00084174ms, 1%
@188 = load[offset=0,end=50176](@1) -> int8_type, {1, 256, 14, 14}, {50176, 196, 14, 1}, target_id=0: 0.00072844ms, 1%
@189 = gpu::code_object[code_object=6192,symbol_name=mlir_quant_convolution_dequantizelinear_add_relu_quantizelinear,global=14336,local=256,](@187,@186,@163,@188) -> int8_type, {1, 256, 14, 14}, {50176, 196, 14, 1}, target_id=0: 0.0568141ms, 3%
@190 = load[offset=351232,end=551936](@1) -> int8_type, {1, 1024, 14, 14}, {200704, 196, 14, 1}, target_id=0: 0.00078132ms, 1%
@191 = broadcast[axis=1,out_lens={1, 1024, 14, 14}](@174) -> float_type, {1, 1024, 14, 14}, {0, 1, 0, 0}, target_id=0: 0.0007623ms, 1%
@192 = gpu::code_object[code_object=5120,symbol_name=mlir_quant_convolution_dequantizelinear_add_dequantizelinear_add_relu_quantizelinear,global=57344,local=256,](@191,@183,@189,@166,@190) -> int8_type, {1, 1024, 14, 14}, {200704, 196, 14, 1}, target_id=0: 0.02199ms, 1%
@193 = hip::hip_copy_literal[id=main:@literal:38] -> int8_type, {256, 256, 3, 3}, {2304, 9, 3, 1}, target_id=0: 0.00073666ms, 1%
@194 = hip::hip_copy_literal[id=main:@literal:32] -> int8_type, {256, 1024, 1, 1}, {1024, 1, 1, 1}, target_id=0: 0.000593ms, 1%
@195 = hip::hip_copy_literal[id=main:@literal:39] -> int8_type, {1024, 256, 1, 1}, {256, 1, 1, 1}, target_id=0: 0.0006336ms, 1%
@196 = hip::hip_copy_literal[id=main:@literal:80] -> float_type, {256}, {1}, target_id=0: 0.00059574ms, 1%
@197 = hip::hip_copy_literal[id=main:@literal:81] -> float_type, {256}, {1}, target_id=0: 0.0006128ms, 1%
@198 = hip::hip_copy_literal[id=main:@literal:82] -> float_type, {1024}, {1}, target_id=0: 0.00086366ms, 1%
@199 = load[offset=100352,end=150528](@1) -> int8_type, {1, 256, 14, 14}, {50176, 196, 14, 1}, target_id=0: 0.00070924ms, 1%
@200 = broadcast[axis=1,out_lens={1, 256, 14, 14}](@196) -> float_type, {1, 256, 14, 14}, {0, 1, 0, 0}, target_id=0: 0.00084696ms, 1%
@201 = gpu::code_object[code_object=4672,symbol_name=mlir_quant_convolution_dequantizelinear_add_relu_quantizelinear,global=14336,local=256,](@200,@192,@194,@199) -> int8_type, {1, 256, 14, 14}, {50176, 196, 14, 1}, target_id=0: 0.0283577ms, 2%
@202 = broadcast[axis=1,out_lens={1, 256, 14, 14}](@197) -> float_type, {1, 256, 14, 14}, {0, 1, 0, 0}, target_id=0: 0.0008352ms, 1%
@203 = load[offset=50176,end=100352](@1) -> int8_type, {1, 256, 14, 14}, {50176, 196, 14, 1}, target_id=0: 0.00070358ms, 1%
@204 = gpu::code_object[code_object=6192,symbol_name=mlir_quant_convolution_dequantizelinear_add_relu_quantizelinear,global=14336,local=256,](@202,@201,@193,@203) -> int8_type, {1, 256, 14, 14}, {50176, 196, 14, 1}, target_id=0: 0.0569054ms, 3%
@205 = broadcast[axis=1,out_lens={1, 1024, 14, 14}](@198) -> float_type, {1, 1024, 14, 14}, {0, 1, 0, 0}, target_id=0: 0.00084254ms, 1%
@206 = load[offset=150528,end=351232](@1) -> int8_type, {1, 1024, 14, 14}, {200704, 196, 14, 1}, target_id=0: 0.00068954ms, 1%
@207 = gpu::code_object[code_object=5120,symbol_name=mlir_quant_convolution_dequantizelinear_add_dequantizelinear_add_relu_quantizelinear,global=57344,local=256,](@205,@192,@204,@195,@206) -> int8_type, {1, 1024, 14, 14}, {200704, 196, 14, 1}, target_id=0: 0.0223451ms, 1%
@208 = hip::hip_copy_literal[id=main:@literal:41] -> int8_type, {256, 256, 3, 3}, {2304, 9, 3, 1}, target_id=0: 0.0007116ms, 1%
@209 = hip::hip_copy_literal[id=main:@literal:40] -> int8_type, {256, 1024, 1, 1}, {1024, 1, 1, 1}, target_id=0: 0.00059744ms, 1%
@210 = hip::hip_copy_literal[id=main:@literal:42] -> int8_type, {1024, 256, 1, 1}, {256, 1, 1, 1}, target_id=0: 0.00062064ms, 1%
@211 = hip::hip_copy_literal[id=main:@literal:83] -> float_type, {256}, {1}, target_id=0: 0.00058486ms, 1%
@212 = hip::hip_copy_literal[id=main:@literal:84] -> float_type, {256}, {1}, target_id=0: 0.00060648ms, 1%
@213 = hip::hip_copy_literal[id=main:@literal:85] -> float_type, {1024}, {1}, target_id=0: 0.00091478ms, 1%
@214 = load[offset=0,end=50176](@1) -> int8_type, {1, 256, 14, 14}, {50176, 196, 14, 1}, target_id=0: 0.00068092ms, 1%
@215 = broadcast[axis=1,out_lens={1, 256, 14, 14}](@211) -> float_type, {1, 256, 14, 14}, {0, 1, 0, 0}, target_id=0: 0.00085168ms, 1%
@216 = gpu::code_object[code_object=4672,symbol_name=mlir_quant_convolution_dequantizelinear_add_relu_quantizelinear,global=14336,local=256,](@215,@207,@209,@214) -> int8_type, {1, 256, 14, 14}, {50176, 196, 14, 1}, target_id=0: 0.0284023ms, 2%
@217 = broadcast[axis=1,out_lens={1, 256, 14, 14}](@212) -> float_type, {1, 256, 14, 14}, {0, 1, 0, 0}, target_id=0: 0.00083958ms, 1%
@218 = load[offset=100352,end=150528](@1) -> int8_type, {1, 256, 14, 14}, {50176, 196, 14, 1}, target_id=0: 0.00070866ms, 1%
@219 = gpu::code_object[code_object=6192,symbol_name=mlir_quant_convolution_dequantizelinear_add_relu_quantizelinear,global=14336,local=256,](@217,@216,@208,@218) -> int8_type, {1, 256, 14, 14}, {50176, 196, 14, 1}, target_id=0: 0.056546ms, 3%
@220 = broadcast[axis=1,out_lens={1, 1024, 14, 14}](@213) -> float_type, {1, 1024, 14, 14}, {0, 1, 0, 0}, target_id=0: 0.00085406ms, 1%
@221 = load[offset=351232,end=1154048](@1) -> float_type, {1, 1024, 14, 14}, {200704, 196, 14, 1}, target_id=0: 0.00074726ms, 1%
@222 = gpu::code_object[code_object=5008,symbol_name=mlir_quant_convolution_dequantizelinear_add_dequantizelinear_add_relu,global=57344,local=256,](@220,@207,@219,@210,@221) -> float_type, {1, 1024, 14, 14}, {200704, 196, 14, 1}, target_id=0: 0.0228394ms, 1%
@223 = hip::hip_copy_literal[id=main:@literal:47] -> int8_type, {512, 512, 3, 3}, {4608, 9, 3, 1}, target_id=0: 0.00076838ms, 1%
@224 = hip::hip_copy_literal[id=main:@literal:45] -> int8_type, {2048, 1536, 1, 1}, {1536, 1, 1, 1}, target_id=0: 0.00062064ms, 1%
@225 = hip::hip_copy_literal[id=main:@literal:44] -> int8_type, {512, 512, 3, 3}, {4608, 9, 3, 1}, target_id=0: 0.00066264ms, 1%
@226 = hip::hip_copy_literal[id=main:@literal:26] -> int8_type, {2048, 512, 1, 1}, {512, 1, 1, 1}, target_id=0: 0.0005764ms, 1%
@227 = hip::hip_copy_literal[id=main:@literal:43] -> int8_type, {512, 1024, 1, 1}, {1024, 1, 1, 1}, target_id=0: 0.00060366ms, 1%
@228 = hip::hip_copy_literal[id=main:@literal:53] -> float_type, {2048}, {1}, target_id=0: 0.00061306ms, 1%
@229 = hip::hip_copy_literal[id=main:@literal:46] -> int8_type, {512, 2048, 1, 1}, {2048, 1, 1, 1}, target_id=0: 0.00059028ms, 1%
@230 = hip::hip_copy_literal[id=main:@literal:86] -> float_type, {512}, {1}, target_id=0: 0.00058926ms, 1%
@231 = hip::hip_copy_literal[id=main:@literal:87] -> float_type, {512}, {1}, target_id=0: 0.00057976ms, 1%
@232 = hip::hip_copy_literal[id=main:@literal:88] -> float_type, {512}, {1}, target_id=0: 0.00058506ms, 1%
@233 = hip::hip_copy_literal[id=main:@literal:89] -> float_type, {512}, {1}, target_id=0: 0.00061224ms, 1%
@234 = hip::hip_copy_literal[id=main:@literal:90] -> float_type, {2048}, {1}, target_id=0: 0.00058638ms, 1%
@235 = load[offset=0,end=200704](@1) -> int8_type, {1, 1024, 14, 14}, {200704, 196, 14, 1}, target_id=0: 0.0007093ms, 1%
@236 = gpu::code_object[code_object=3984,symbol_name=quantizelinear_kernel,global=100352,local=1024,](@222,@235) -> int8_type, {1, 1024, 14, 14}, {200704, 196, 14, 1}, target_id=0: 0.0191011ms, 1%
@237 = load[offset=1154048,end=1254400](@1) -> int8_type, {1, 512, 14, 14}, {100352, 196, 14, 1}, target_id=0: 0.00076948ms, 1%
@238 = broadcast[axis=1,out_lens={1, 512, 14, 14}](@230) -> float_type, {1, 512, 14, 14}, {0, 1, 0, 0}, target_id=0: 0.00099346ms, 1%
@239 = gpu::code_object[code_object=4672,symbol_name=mlir_quant_convolution_dequantizelinear_add_relu_quantizelinear,global=28672,local=256,](@238,@236,@227,@237) -> int8_type, {1, 512, 14, 14}, {100352, 196, 14, 1}, target_id=0: 0.0295933ms, 2%
@240 = load[offset=175616,end=275968](@1) -> int32_type, {1, 512, 7, 7}, {25088, 49, 7, 1}, target_id=0: 0.00081054ms, 1%
@241 = gpu::code_object[code_object=9056,symbol_name=mlir_quant_convolution,global=8192,local=64,](@239,@225,@240) -> int32_type, {1, 512, 7, 7}, {25088, 49, 7, 1}, target_id=0: 0.0939989ms, 4%
@242 = load[offset=0,end=75264](@1) -> int8_type, {1, 1536, 7, 7}, {75264, 49, 7, 1}, target_id=0: 0.0007995ms, 1%
@243 = broadcast[axis=1,out_lens={1, 512, 7, 7}](@231) -> float_type, {1, 512, 7, 7}, {0, 1, 0, 0}, target_id=0: 0.00094546ms, 1%
@244 = step[axes={2, 3},steps={2, 2}](@222) -> float_type, {1, 1024, 7, 7}, {200704, 196, 28, 2}, target_id=0: 0.00089916ms, 1%
@245 = gpu::code_object[code_object=4672,symbol_name=dequantizelinear_add_relu_noop_concat_quantizelinear_kernel,global=37632,local=1024,](@241,@243,@244,@242) -> int8_type, {1, 1536, 7, 7}, {75264, 49, 7, 1}, target_id=0: 0.0187734ms, 1%
@246 = load[offset=225792,end=326144](@1) -> int8_type, {1, 2048, 7, 7}, {100352, 49, 7, 1}, target_id=0: 0.00076546ms, 1%
@247 = broadcast[axis=1,out_lens={1, 2048, 7, 7}](@228) -> float_type, {1, 2048, 7, 7}, {0, 1, 0, 0}, target_id=0: 0.00095852ms, 1%
@248 = gpu::code_object[code_object=4824,symbol_name=mlir_quant_convolution_dequantizelinear_add_relu_quantizelinear,global=32768,local=256,](@247,@245,@224,@246) -> int8_type, {1, 2048, 7, 7}, {100352, 49, 7, 1}, target_id=0: 0.0415546ms, 2%
@249 = broadcast[axis=1,out_lens={1, 512, 7, 7}](@232) -> float_type, {1, 512, 7, 7}, {0, 1, 0, 0}, target_id=0: 0.00089448ms, 1%
@250 = load[offset=25088,end=50176](@1) -> int8_type, {1, 512, 7, 7}, {25088, 49, 7, 1}, target_id=0: 0.00069936ms, 1%
@251 = gpu::code_object[code_object=5000,symbol_name=mlir_quant_convolution_dequantizelinear_add_relu_quantizelinear,global=8192,local=64,](@249,@248,@229,@250) -> int8_type, {1, 512, 7, 7}, {25088, 49, 7, 1}, target_id=0: 0.0432906ms, 2%
@252 = broadcast[axis=1,out_lens={1, 512, 7, 7}](@233) -> float_type, {1, 512, 7, 7}, {0, 1, 0, 0}, target_id=0: 0.00082356ms, 1%
@253 = load[offset=0,end=25088](@1) -> int8_type, {1, 512, 7, 7}, {25088, 49, 7, 1}, target_id=0: 0.0007098ms, 1%
@254 = gpu::code_object[code_object=6168,symbol_name=mlir_quant_convolution_dequantizelinear_add_relu_quantizelinear,global=8192,local=256,](@252,@251,@223,@253) -> int8_type, {1, 512, 7, 7}, {25088, 49, 7, 1}, target_id=0: 0.0922403ms, 4%
@255 = load[offset=125440,end=225792](@1) -> int8_type, {1, 2048, 7, 7}, {100352, 49, 7, 1}, target_id=0: 0.00076062ms, 1%
@256 = broadcast[axis=1,out_lens={1, 2048, 7, 7}](@234) -> float_type, {1, 2048, 7, 7}, {0, 1, 0, 0}, target_id=0: 0.000786ms, 1%
@257 = gpu::code_object[code_object=5288,symbol_name=mlir_quant_convolution_dequantizelinear_add_dequantizelinear_add_relu_quantizelinear,global=32768,local=256,](@256,@248,@254,@226,@255) -> int8_type, {1, 2048, 7, 7}, {100352, 49, 7, 1}, target_id=0: 0.0257762ms, 2%
@258 = hip::hip_copy_literal[id=main:@literal:48] -> int8_type, {512, 512, 3, 3}, {4608, 9, 3, 1}, target_id=0: 0.00074484ms, 1%
@259 = hip::hip_copy_literal[id=main:@literal:37] -> int8_type, {2048, 512, 1, 1}, {512, 1, 1, 1}, target_id=0: 0.00057256ms, 1%
@260 = hip::hip_copy_literal[id=main:@literal:49] -> int8_type, {2048, 1001}, {1001, 1}, target_id=0: 0.00065288ms, 1%
@261 = hip::hip_copy_literal[id=main:@literal:1] -> int8_type, {512, 2048, 1, 1}, {2048, 1, 1, 1}, target_id=0: 0.00057286ms, 1%
@262 = hip::hip_copy_literal[id=main:@literal:92] -> float_type, {512}, {1}, target_id=0: 0.00064216ms, 1%
@263 = hip::hip_copy_literal[id=main:@literal:93] -> float_type, {512}, {1}, target_id=0: 0.00082746ms, 1%
@264 = hip::hip_copy_literal[id=main:@literal:94] -> float_type, {2048}, {1}, target_id=0: 0.00063322ms, 1%
@265 = hip::hip_copy_literal[id=main:@literal:99] -> float_type, {1001}, {1}, target_id=0: 0.00059328ms, 1%
@266 = broadcast[axis=1,out_lens={1, 512, 7, 7}](@262) -> float_type, {1, 512, 7, 7}, {0, 1, 0, 0}, target_id=0: 0.00085826ms, 1%
@267 = load[offset=25088,end=50176](@1) -> int8_type, {1, 512, 7, 7}, {25088, 49, 7, 1}, target_id=0: 0.00070012ms, 1%
@268 = gpu::code_object[code_object=5000,symbol_name=mlir_quant_convolution_dequantizelinear_add_relu_quantizelinear,global=8192,local=64,](@266,@257,@261,@267) -> int8_type, {1, 512, 7, 7}, {25088, 49, 7, 1}, target_id=0: 0.0445519ms, 2%
@269 = broadcast[axis=1,out_lens={1, 512, 7, 7}](@263) -> float_type, {1, 512, 7, 7}, {0, 1, 0, 0}, target_id=0: 0.00086252ms, 1%
@270 = load[offset=0,end=25088](@1) -> int8_type, {1, 512, 7, 7}, {25088, 49, 7, 1}, target_id=0: 0.000709ms, 1%
@271 = gpu::code_object[code_object=6168,symbol_name=mlir_quant_convolution_dequantizelinear_add_relu_quantizelinear,global=8192,local=256,](@269,@268,@258,@270) -> int8_type, {1, 512, 7, 7}, {25088, 49, 7, 1}, target_id=0: 0.092564ms, 4%
@272 = load[offset=225792,end=627200](@1) -> int32_type, {1, 2048, 7, 7}, {100352, 49, 7, 1}, target_id=0: 0.0008057ms, 1%
@273 = gpu::code_object[code_object=4208,symbol_name=mlir_quant_convolution,global=32768,local=256,](@271,@259,@272) -> int32_type, {1, 2048, 7, 7}, {100352, 49, 7, 1}, target_id=0: 0.0248547ms, 2%
@274 = broadcast[axis=1,out_lens={1, 2048, 7, 7}](@264) -> float_type, {1, 2048, 7, 7}, {0, 1, 0, 0}, target_id=0: 0.001108ms, 1%
@275 = load[offset=6064,end=14256](@1) -> float_type, {1, 2048, 1, 1}, {2048, 1, 1, 1}, target_id=0: 0.00069516ms, 1%
@276 = gpu::code_object[code_object=4760,symbol_name=dequantizelinear_add_dequantizelinear_add_relu_mul_reduce_sum_kernel,global=131072,local=64,](@273,@274,@257,@275) -> float_type, {1, 2048, 1, 1}, {2048, 1, 1, 1}, target_id=0: 0.0172423ms, 1%
@277 = load[offset=0,end=2048](@1) -> int8_type, {1, 2048}, {2048, 1}, target_id=0: 0.00080724ms, 1%
@278 = squeeze[axes={2, 3}](@276) -> float_type, {1, 2048}, {2048, 1}, target_id=0: 0.00123394ms, 1%
@279 = gpu::code_object[code_object=3984,symbol_name=quantizelinear_kernel,global=1024,local=1024,](@278,@277) -> int8_type, {1, 2048}, {2048, 1}, target_id=0: 0.0157971ms, 1%
@280 = load[offset=8032,end=12036](@1) -> int32_type, {1, 1001}, {1001, 1}, target_id=0: 0.00080264ms, 1%
@281 = gpu::quant_gemm[alpha=1,beta=0,compute_fp32=1,trans_batch=0,solution_idx=0](@279,@260,@280) -> int32_type, {1, 1001}, {1001, 1}, target_id=0: 0.075864ms, 4%
@282 = load[offset=4016,end=8020](@1) -> float_type, {1, 1001}, {1001, 1}, target_id=0: 0.00090812ms, 1%
@283 = multibroadcast[out_lens={1, 1001},out_dyn_dims={}](@265) -> float_type, {1, 1001}, {0, 1}, target_id=0: 0.00164172ms, 1%
@284 = gpu::code_object[code_object=4208,symbol_name=dequantizelinear_add_kernel,global=1001,local=1024,](@281,@283,@282) -> float_type, {1, 1001}, {1001, 1}, target_id=0: 0.0165184ms, 1%
@285 = load[offset=0,end=8](@1) -> int64_type, {1, 1}, {1, 1}, target_id=0: 0.00078326ms, 1%
@286 = gpu::argmax[axis=1,select_last_index=0](@284,@285) -> int64_type, {1, 1}, {1, 1}, target_id=0: 0.0245842ms, 2%
@287 = reshape_lazy[dims={1}](@286) -> int64_type, {1}, {1}, target_id=0: 0.00137132ms, 1%
main:#output_0 = @param:main:#output_0 -> int64_type, {1}, {1}, target_id=0: 0.0008098ms, 1%
@289 = gpu::code_object[code_object=3896,symbol_name=convert_convert_kernel,global=1,local=1024,](@287,main:#output_0) -> int64_type, {1}, {1}, target_id=0: 0.0123505ms, 1%
main:#output_1 = @param:main:#output_1 -> float_type, {1, 1001}, {1001, 1}, target_id=0: 0.00046918ms, 1%
@291 = gpu::code_object[code_object=5800,symbol_name=reduce_max_sub_exp_reduce_sum_div_kernel,global=256,local=256,](@284,main:#output_1) -> float_type, {1, 1001}, {1001, 1}, target_id=0: 0.01973ms, 1%
@292 = @return(@289,@291), target_id=0
Summary:
gpu::code_object::mlir_quant_convolution_dequantizelinear_add_relu_quantizelinear: 1.22667ms / 32 = 0.0383335ms, 52%
gpu::code_object::mlir_quant_convolution: 0.247177ms / 5 = 0.0494353ms, 11%
gpu::code_object::mlir_quant_convolution_dequantizelinear_add_dequantizelinear_add_relu_quantizelinear: 0.182655ms / 8 = 0.0228318ms, 8%
gpu::code_object::quantizelinear_kernel: 0.111007ms / 6 = 0.0185011ms, 5%
gpu::code_object::dequantizelinear_add_relu_noop_concat_quantizelinear_kernel: 0.0763339ms / 4 = 0.0190835ms, 4%
gpu::quant_gemm: 0.075864ms / 1 = 0.075864ms, 4%
gpu::code_object::mlir_quant_convolution_dequantizelinear_add_dequantizelinear_add_relu: 0.0706653ms / 3 = 0.0235551ms, 3%
hip::hip_copy_literal: 0.0675979ms / 100 = 0.000675979ms, 3%
gpu::pooling: 0.063918ms / 1 = 0.063918ms, 3%
load: 0.0480523ms / 65 = 0.000739266ms, 3%
broadcast: 0.0446038ms / 49 = 0.000910282ms, 2%
gpu::code_object::mlir_quant_convolution_dequantizelinear_add_relu: 0.0326696ms / 1 = 0.0326696ms, 2%
gpu::argmax: 0.0245842ms / 1 = 0.0245842ms, 2%
gpu::code_object::pad_kernel: 0.0243476ms / 1 = 0.0243476ms, 2%
gpu::code_object::reduce_max_sub_exp_reduce_sum_div_kernel: 0.01973ms / 1 = 0.01973ms, 1%
gpu::code_object::dequantizelinear_add_dequantizelinear_add_relu_mul_reduce_sum_kernel: 0.0172423ms / 1 = 0.0172423ms, 1%
gpu::code_object::dequantizelinear_add_kernel: 0.0165184ms / 1 = 0.0165184ms, 1%
gpu::code_object::convert_convert_kernel: 0.0123505ms / 1 = 0.0123505ms, 1%
step: 0.00307676ms / 3 = 0.00102559ms, 1%
@param: 0.00168406ms / 3 = 0.000561353ms, 1%
multibroadcast: 0.00164172ms / 1 = 0.00164172ms, 1%
reshape_lazy: 0.00137132ms / 1 = 0.00137132ms, 1%
squeeze: 0.00123394ms / 1 = 0.00123394ms, 1%
check_context::migraphx::gpu::context: 0.00105446ms / 1 = 0.00105446ms, 1%
hip::hip_allocate_memory: 0.00101238ms / 1 = 0.00101238ms, 1%

Batch size: 1
Rate: 803.033 inferences/sec
Total time: 1.24528ms
Total instructions time: 2.37306ms
Overhead time: 0.0591448ms, -1.12778ms
Overhead: 5%, -91%
[ MIGraphX Version: 2.10.0.8e4b561ed ] Complete: /src/AMDMIGraphX/build/bin/driver perf --int8 --gpu /new-saved-models/resnet50/resnet50_v1.onnx
