Running [ MIGraphX Version: 2.10.0.ab0fa1276 ]: /src/AMDMIGraphX/build/bin/driver perf --gpu /new-saved-models/slim/mobilenet_i64.pb
Compiling ... 
Reading: /new-saved-models/slim/mobilenet_i64.pb
module: "main"
@0 = check_context::migraphx::gpu::context -> float_type, {}, {}, target_id=0
@1 = hip::hip_allocate_memory[shape=int8_type, {414728192}, {1},id=main:scratch] -> int8_type, {414728192}, {1}, target_id=0
@2 = hip::hip_copy_literal[id=main:@literal:12] -> float_type, {32, 3, 3, 3}, {27, 9, 3, 1}, target_id=0
@3 = load[offset=0,end=38880000](@1) -> float_type, {64, 3, 225, 225}, {151875, 50625, 225, 1}, target_id=0
input = @param:input -> float_type, {64, 3, 224, 224}, {150528, 50176, 224, 1}, target_id=0
@5 = gpu::code_object[code_object=5248,symbol_name=pad_kernel,global=212992,local=1024,](input,@3) -> float_type, {64, 3, 225, 225}, {151875, 50625, 225, 1}, target_id=0
@6 = load[offset=0,end=0](@1) -> int8_type, {0}, {1}, target_id=0
@7 = load[offset=205520896,end=308281344](@1) -> float_type, {64, 32, 112, 112}, {401408, 12544, 112, 1}, target_id=0
@8 = gpu::convolution[op={padding={0, 0, 0, 0},stride={2, 2},dilation={1, 1},group=1,padding_mode=0},solution_object={binary_object: 493},algo=0,solution_id=0](@5,@2,@6,@7) -> float_type, {64, 32, 112, 112}, {401408, 12544, 112, 1}, target_id=0
@9 = hip::hip_copy_literal[id=main:@literal:28] -> float_type, {512, 1, 1}, {1, 1, 1}, target_id=0
@10 = hip::hip_copy_literal[id=main:@literal:14] -> float_type, {1001, 1024, 1, 1}, {1024, 1, 1, 1}, target_id=0
@11 = hip::hip_copy_literal[id=main:@literal:29] -> float_type, {128, 1, 1}, {1, 1, 1}, target_id=0
@12 = hip::hip_copy_literal[id=main:@literal:24] -> float_type, {128, 1, 1}, {1, 1, 1}, target_id=0
@13 = hip::hip_copy_literal[id=main:@literal:8] -> float_type, {1024, 512, 1, 1}, {512, 1, 1, 1}, target_id=0
@14 = hip::hip_copy_literal[id=main:@literal:46] -> float_type, {128, 1, 1}, {1, 1, 1}, target_id=0
@15 = hip::hip_copy_literal[id=main:@literal:19] -> float_type, {512, 1, 1}, {1, 1, 1}, target_id=0
@16 = hip::hip_copy_literal[id=main:@literal:53] -> float_type, {512, 1, 3, 3}, {9, 9, 3, 1}, target_id=0
@17 = hip::hip_copy_literal[id=main:@literal:42] -> float_type, {1024, 1, 3, 3}, {9, 9, 3, 1}, target_id=0
@18 = hip::hip_copy_literal[id=main:@literal:7] -> float_type, {128, 128, 1, 1}, {128, 1, 1, 1}, target_id=0
@19 = hip::hip_copy_literal[id=main:@literal:55] -> float_type, {1001}, {1}, target_id=0
@20 = hip::hip_copy_literal[id=main:@literal:32] -> float_type, {64, 1, 3, 3}, {9, 9, 3, 1}, target_id=0
@21 = hip::hip_copy_literal[id=main:@literal:10] -> float_type, {64, 32, 1, 1}, {32, 1, 1, 1}, target_id=0
@22 = hip::hip_copy_literal[id=main:@literal:44] -> float_type, {512, 1, 3, 3}, {9, 9, 3, 1}, target_id=0
@23 = hip::hip_copy_literal[id=main:@literal:47] -> float_type, {128, 1, 3, 3}, {9, 9, 3, 1}, target_id=0
@24 = hip::hip_copy_literal[id=main:@literal:30] -> float_type, {256, 1, 1}, {1, 1, 1}, target_id=0
@25 = hip::hip_copy_literal[id=main:@literal:11] -> float_type, {512, 512, 1, 1}, {512, 1, 1, 1}, target_id=0
@26 = hip::hip_copy_literal[id=main:@literal:23] -> float_type, {256, 1, 1}, {1, 1, 1}, target_id=0
@27 = hip::hip_copy_literal[id=main:@literal:34] -> float_type, {64, 1, 1}, {1, 1, 1}, target_id=0
@28 = hip::hip_copy_literal[id=main:@literal:22] -> float_type, {512, 1, 1}, {1, 1, 1}, target_id=0
@29 = hip::hip_copy_literal[id=main:@literal:40] -> float_type, {512, 1, 1}, {1, 1, 1}, target_id=0
@30 = hip::hip_copy_literal[id=main:@literal:41] -> float_type, {32, 1, 1}, {1, 1, 1}, target_id=0
@31 = hip::hip_copy_literal[id=main:@literal:49] -> float_type, {256, 1, 1}, {1, 1, 1}, target_id=0
@32 = hip::hip_copy_literal[id=main:@literal:50] -> float_type, {256, 1, 3, 3}, {9, 9, 3, 1}, target_id=0
@33 = hip::hip_copy_literal[id=main:@literal:31] -> float_type, {512, 1, 3, 3}, {9, 9, 3, 1}, target_id=0
@34 = hip::hip_copy_literal[id=main:@literal:35] -> float_type, {512, 1, 1}, {1, 1, 1}, target_id=0
@35 = hip::hip_copy_literal[id=main:@literal:16] -> float_type, {512, 1, 3, 3}, {9, 9, 3, 1}, target_id=0
@36 = hip::hip_copy_literal[id=main:@literal:15] -> float_type, {512, 1, 1}, {1, 1, 1}, target_id=0
@37 = hip::hip_copy_literal[id=main:@literal:51] -> float_type, {512, 1, 1}, {1, 1, 1}, target_id=0
@38 = hip::hip_copy_literal[id=main:@literal:36] -> float_type, {512, 1, 3, 3}, {9, 9, 3, 1}, target_id=0
@39 = hip::hip_copy_literal[id=main:@literal:33] -> float_type, {32, 1, 3, 3}, {9, 9, 3, 1}, target_id=0
@40 = hip::hip_copy_literal[id=main:@literal:4] -> float_type, {512, 512, 1, 1}, {512, 1, 1, 1}, target_id=0
@41 = hip::hip_copy_literal[id=main:@literal:17] -> float_type, {512, 1, 1}, {1, 1, 1}, target_id=0
@42 = hip::hip_copy_literal[id=main:@literal:13] -> float_type, {1024, 1024, 1, 1}, {1024, 1, 1, 1}, target_id=0
@43 = hip::hip_copy_literal[id=main:@literal:5] -> float_type, {256, 128, 1, 1}, {128, 1, 1, 1}, target_id=0
@44 = hip::hip_copy_literal[id=main:@literal:37] -> float_type, {64, 1, 1}, {1, 1, 1}, target_id=0
@45 = hip::hip_copy_literal[id=main:@literal:6] -> float_type, {512, 512, 1, 1}, {512, 1, 1, 1}, target_id=0
@46 = hip::hip_copy_literal[id=main:@literal:52] -> float_type, {512, 1, 1}, {1, 1, 1}, target_id=0
@47 = hip::hip_copy_literal[id=main:@literal:9] -> float_type, {128, 64, 1, 1}, {64, 1, 1, 1}, target_id=0
@48 = hip::hip_copy_literal[id=main:@literal:27] -> float_type, {512, 1, 1}, {1, 1, 1}, target_id=0
@49 = hip::hip_copy_literal[id=main:@literal:21] -> float_type, {1024, 1, 1}, {1, 1, 1}, target_id=0
@50 = hip::hip_copy_literal[id=main:@literal:43] -> float_type, {128, 1, 1}, {1, 1, 1}, target_id=0
@51 = hip::hip_copy_literal[id=main:@literal:54] -> float_type, {1024, 1, 1}, {1, 1, 1}, target_id=0
@52 = hip::hip_copy_literal[id=main:@literal:20] -> float_type, {512, 1, 1}, {1, 1, 1}, target_id=0
@53 = hip::hip_copy_literal[id=main:@literal:26] -> float_type, {256, 1, 1}, {1, 1, 1}, target_id=0
@54 = hip::hip_copy_literal[id=main:@literal:2] -> float_type, {512, 256, 1, 1}, {256, 1, 1, 1}, target_id=0
@55 = hip::hip_copy_literal[id=main:@literal:18] -> float_type, {512, 1, 1}, {1, 1, 1}, target_id=0
@56 = hip::hip_copy_literal[id=main:@literal:38] -> float_type, {1024, 1, 1}, {1, 1, 1}, target_id=0
@57 = hip::hip_copy_literal[id=main:@literal:25] -> float_type, {256, 1, 3, 3}, {9, 9, 3, 1}, target_id=0
@58 = hip::hip_copy_literal[id=main:@literal:48] -> float_type, {512, 1, 3, 3}, {9, 9, 3, 1}, target_id=0
@59 = hip::hip_copy_literal[id=main:@literal:1] -> float_type, {512, 512, 1, 1}, {512, 1, 1, 1}, target_id=0
@60 = hip::hip_copy_literal[id=main:@literal:0] -> float_type, {512, 512, 1, 1}, {512, 1, 1, 1}, target_id=0
@61 = hip::hip_copy_literal[id=main:@literal:3] -> float_type, {256, 256, 1, 1}, {256, 1, 1, 1}, target_id=0
@62 = hip::hip_copy_literal[id=main:@literal:39] -> float_type, {32, 1, 1}, {1, 1, 1}, target_id=0
@63 = hip::hip_copy_literal[id=main:@literal:45] -> float_type, {128, 1, 3, 3}, {9, 9, 3, 1}, target_id=0
@64 = load[offset=102760448,end=205520896](@1) -> float_type, {64, 32, 112, 112}, {401408, 12544, 112, 1}, target_id=0
@65 = multibroadcast[out_lens={64, 32, 112, 112},out_dyn_dims={}](@62) -> float_type, {64, 32, 112, 112}, {0, 1, 0, 0}, target_id=0
@66 = gpu::code_object[code_object=5384,symbol_name=add_clip_kernel,global=3211264,local=1024,](@8,@65,@64) -> float_type, {64, 32, 112, 112}, {401408, 12544, 112, 1}, target_id=0
@67 = load[offset=0,end=102760448](@1) -> float_type, {64, 32, 112, 112}, {401408, 12544, 112, 1}, target_id=0
@68 = multibroadcast[out_lens={64, 32, 112, 112},out_dyn_dims={}](@30) -> float_type, {64, 32, 112, 112}, {0, 1, 0, 0}, target_id=0
@69 = gpu::code_object[code_object=5856,symbol_name=mlir_convolution_add_clip,global=51380224,local=256,](@68,@66,@39,@67) -> float_type, {64, 32, 112, 112}, {401408, 12544, 112, 1}, target_id=0
@70 = multibroadcast[out_lens={64, 64, 112, 112},out_dyn_dims={}](@27) -> float_type, {64, 64, 112, 112}, {0, 1, 0, 0}, target_id=0
@71 = load[offset=209207296,end=414728192](@1) -> float_type, {64, 64, 112, 112}, {802816, 12544, 112, 1}, target_id=0
@72 = gpu::code_object[code_object=7200,symbol_name=mlir_convolution_add_clip,global=3211264,local=256,](@70,@69,@21,@71) -> float_type, {64, 64, 112, 112}, {802816, 12544, 112, 1}, target_id=0
@73 = load[offset=0,end=209207296](@1) -> float_type, {64, 64, 113, 113}, {817216, 12769, 113, 1}, target_id=0
@74 = gpu::code_object[code_object=5248,symbol_name=pad_kernel,global=212992,local=1024,](@72,@73) -> float_type, {64, 64, 113, 113}, {817216, 12769, 113, 1}, target_id=0
@75 = multibroadcast[out_lens={64, 64, 56, 56},out_dyn_dims={}](@44) -> float_type, {64, 64, 56, 56}, {0, 1, 0, 0}, target_id=0
@76 = load[offset=209207296,end=260587520](@1) -> float_type, {64, 64, 56, 56}, {200704, 3136, 56, 1}, target_id=0
@77 = gpu::code_object[code_object=5728,symbol_name=mlir_convolution_add_clip,global=25690112,local=256,](@75,@74,@20,@76) -> float_type, {64, 64, 56, 56}, {200704, 3136, 56, 1}, target_id=0
@78 = multibroadcast[out_lens={64, 128, 56, 56},out_dyn_dims={}](@12) -> float_type, {64, 128, 56, 56}, {0, 1, 0, 0}, target_id=0
@79 = load[offset=102760448,end=205520896](@1) -> float_type, {64, 128, 56, 56}, {401408, 3136, 56, 1}, target_id=0
@80 = gpu::code_object[code_object=7712,symbol_name=mlir_convolution_add_clip,global=1605632,local=256,](@78,@77,@47,@79) -> float_type, {64, 128, 56, 56}, {401408, 3136, 56, 1}, target_id=0
@81 = multibroadcast[out_lens={64, 128, 56, 56},out_dyn_dims={}](@50) -> float_type, {64, 128, 56, 56}, {0, 1, 0, 0}, target_id=0
@82 = load[offset=0,end=102760448](@1) -> float_type, {64, 128, 56, 56}, {401408, 3136, 56, 1}, target_id=0
@83 = gpu::code_object[code_object=5856,symbol_name=mlir_convolution_add_clip,global=51380224,local=256,](@81,@80,@23,@82) -> float_type, {64, 128, 56, 56}, {401408, 3136, 56, 1}, target_id=0
@84 = load[offset=209223680,end=311984128](@1) -> float_type, {64, 128, 56, 56}, {401408, 3136, 56, 1}, target_id=0
@85 = multibroadcast[out_lens={64, 128, 56, 56},out_dyn_dims={}](@11) -> float_type, {64, 128, 56, 56}, {0, 1, 0, 0}, target_id=0
@86 = gpu::code_object[code_object=8800,symbol_name=mlir_convolution_add_clip,global=1605632,local=256,](@85,@83,@18,@84) -> float_type, {64, 128, 56, 56}, {401408, 3136, 56, 1}, target_id=0
@87 = load[offset=102760448,end=209223680](@1) -> float_type, {64, 128, 57, 57}, {415872, 3249, 57, 1}, target_id=0
@88 = gpu::code_object[code_object=5248,symbol_name=pad_kernel,global=212992,local=1024,](@86,@87) -> float_type, {64, 128, 57, 57}, {415872, 3249, 57, 1}, target_id=0
@89 = load[offset=0,end=25690112](@1) -> float_type, {64, 128, 28, 28}, {100352, 784, 28, 1}, target_id=0
@90 = multibroadcast[out_lens={64, 128, 28, 28},out_dyn_dims={}](@14) -> float_type, {64, 128, 28, 28}, {0, 1, 0, 0}, target_id=0
@91 = gpu::code_object[code_object=5856,symbol_name=mlir_convolution_add_clip,global=6422528,local=256,](@90,@88,@63,@89) -> float_type, {64, 128, 28, 28}, {100352, 784, 28, 1}, target_id=0
@92 = multibroadcast[out_lens={64, 256, 28, 28},out_dyn_dims={}](@31) -> float_type, {64, 256, 28, 28}, {0, 1, 0, 0}, target_id=0
@93 = load[offset=51380224,end=102760448](@1) -> float_type, {64, 256, 28, 28}, {200704, 784, 28, 1}, target_id=0
@94 = gpu::code_object[code_object=8928,symbol_name=mlir_convolution_add_clip,global=802816,local=256,](@92,@91,@43,@93) -> float_type, {64, 256, 28, 28}, {200704, 784, 28, 1}, target_id=0
@95 = multibroadcast[out_lens={64, 256, 28, 28},out_dyn_dims={}](@24) -> float_type, {64, 256, 28, 28}, {0, 1, 0, 0}, target_id=0
@96 = load[offset=0,end=51380224](@1) -> float_type, {64, 256, 28, 28}, {200704, 784, 28, 1}, target_id=0
@97 = gpu::code_object[code_object=5792,symbol_name=mlir_convolution_add_clip,global=25690112,local=256,](@95,@94,@32,@96) -> float_type, {64, 256, 28, 28}, {200704, 784, 28, 1}, target_id=0
@98 = load[offset=106496000,end=157876224](@1) -> float_type, {64, 256, 28, 28}, {200704, 784, 28, 1}, target_id=0
@99 = multibroadcast[out_lens={64, 256, 28, 28},out_dyn_dims={}](@53) -> float_type, {64, 256, 28, 28}, {0, 1, 0, 0}, target_id=0
@100 = gpu::code_object[code_object=8096,symbol_name=mlir_convolution_add_clip,global=802816,local=256,](@99,@97,@61,@98) -> float_type, {64, 256, 28, 28}, {200704, 784, 28, 1}, target_id=0
@101 = load[offset=51380224,end=106496000](@1) -> float_type, {64, 256, 29, 29}, {215296, 841, 29, 1}, target_id=0
@102 = gpu::code_object[code_object=5248,symbol_name=pad_kernel,global=212992,local=1024,](@100,@101) -> float_type, {64, 256, 29, 29}, {215296, 841, 29, 1}, target_id=0
@103 = multibroadcast[out_lens={64, 256, 14, 14},out_dyn_dims={}](@26) -> float_type, {64, 256, 14, 14}, {0, 1, 0, 0}, target_id=0
@104 = load[offset=38535168,end=51380224](@1) -> float_type, {64, 256, 14, 14}, {50176, 196, 14, 1}, target_id=0
@105 = gpu::code_object[code_object=5792,symbol_name=mlir_convolution_add_clip,global=6422528,local=256,](@103,@102,@57,@104) -> float_type, {64, 256, 14, 14}, {50176, 196, 14, 1}, target_id=0
@106 = multibroadcast[out_lens={64, 512, 14, 14},out_dyn_dims={}](@29) -> float_type, {64, 512, 14, 14}, {0, 1, 0, 0}, target_id=0
@107 = load[offset=12845056,end=38535168](@1) -> float_type, {64, 512, 14, 14}, {100352, 196, 14, 1}, target_id=0
@108 = gpu::code_object[code_object=8032,symbol_name=mlir_convolution_add_clip,global=401408,local=256,](@106,@105,@54,@107) -> float_type, {64, 512, 14, 14}, {100352, 196, 14, 1}, target_id=0
@109 = multibroadcast[out_lens={64, 512, 14, 14},out_dyn_dims={}](@28) -> float_type, {64, 512, 14, 14}, {0, 1, 0, 0}, target_id=0
@110 = load[offset=51380224,end=77070336](@1) -> float_type, {64, 512, 14, 14}, {100352, 196, 14, 1}, target_id=0
@111 = gpu::code_object[code_object=5856,symbol_name=mlir_convolution_add_clip,global=12845056,local=256,](@109,@108,@33,@110) -> float_type, {64, 512, 14, 14}, {100352, 196, 14, 1}, target_id=0
@112 = multibroadcast[out_lens={64, 512, 14, 14},out_dyn_dims={}](@15) -> float_type, {64, 512, 14, 14}, {0, 1, 0, 0}, target_id=0
@113 = load[offset=25690112,end=51380224](@1) -> float_type, {64, 512, 14, 14}, {100352, 196, 14, 1}, target_id=0
@114 = gpu::code_object[code_object=7392,symbol_name=mlir_convolution_add_clip,global=401408,local=256,](@112,@111,@60,@113) -> float_type, {64, 512, 14, 14}, {100352, 196, 14, 1}, target_id=0
@115 = multibroadcast[out_lens={64, 512, 14, 14},out_dyn_dims={}](@55) -> float_type, {64, 512, 14, 14}, {0, 1, 0, 0}, target_id=0
@116 = load[offset=0,end=25690112](@1) -> float_type, {64, 512, 14, 14}, {100352, 196, 14, 1}, target_id=0
@117 = gpu::code_object[code_object=5856,symbol_name=mlir_convolution_add_clip,global=12845056,local=256,](@115,@114,@38,@116) -> float_type, {64, 512, 14, 14}, {100352, 196, 14, 1}, target_id=0
@118 = multibroadcast[out_lens={64, 512, 14, 14},out_dyn_dims={}](@41) -> float_type, {64, 512, 14, 14}, {0, 1, 0, 0}, target_id=0
@119 = load[offset=51380224,end=77070336](@1) -> float_type, {64, 512, 14, 14}, {100352, 196, 14, 1}, target_id=0
@120 = gpu::code_object[code_object=7392,symbol_name=mlir_convolution_add_clip,global=401408,local=256,](@118,@117,@40,@119) -> float_type, {64, 512, 14, 14}, {100352, 196, 14, 1}, target_id=0
@121 = load[offset=25690112,end=51380224](@1) -> float_type, {64, 512, 14, 14}, {100352, 196, 14, 1}, target_id=0
@122 = multibroadcast[out_lens={64, 512, 14, 14},out_dyn_dims={}](@36) -> float_type, {64, 512, 14, 14}, {0, 1, 0, 0}, target_id=0
@123 = gpu::code_object[code_object=5856,symbol_name=mlir_convolution_add_clip,global=12845056,local=256,](@122,@120,@22,@121) -> float_type, {64, 512, 14, 14}, {100352, 196, 14, 1}, target_id=0
@124 = multibroadcast[out_lens={64, 512, 14, 14},out_dyn_dims={}](@48) -> float_type, {64, 512, 14, 14}, {0, 1, 0, 0}, target_id=0
@125 = load[offset=0,end=25690112](@1) -> float_type, {64, 512, 14, 14}, {100352, 196, 14, 1}, target_id=0
@126 = gpu::code_object[code_object=7392,symbol_name=mlir_convolution_add_clip,global=401408,local=256,](@124,@123,@25,@125) -> float_type, {64, 512, 14, 14}, {100352, 196, 14, 1}, target_id=0
@127 = load[offset=51380224,end=77070336](@1) -> float_type, {64, 512, 14, 14}, {100352, 196, 14, 1}, target_id=0
@128 = multibroadcast[out_lens={64, 512, 14, 14},out_dyn_dims={}](@37) -> float_type, {64, 512, 14, 14}, {0, 1, 0, 0}, target_id=0
@129 = gpu::code_object[code_object=5856,symbol_name=mlir_convolution_add_clip,global=12845056,local=256,](@128,@126,@35,@127) -> float_type, {64, 512, 14, 14}, {100352, 196, 14, 1}, target_id=0
@130 = multibroadcast[out_lens={64, 512, 14, 14},out_dyn_dims={}](@52) -> float_type, {64, 512, 14, 14}, {0, 1, 0, 0}, target_id=0
@131 = load[offset=25690112,end=51380224](@1) -> float_type, {64, 512, 14, 14}, {100352, 196, 14, 1}, target_id=0
@132 = gpu::code_object[code_object=7392,symbol_name=mlir_convolution_add_clip,global=401408,local=256,](@130,@129,@45,@131) -> float_type, {64, 512, 14, 14}, {100352, 196, 14, 1}, target_id=0
@133 = multibroadcast[out_lens={64, 512, 14, 14},out_dyn_dims={}](@46) -> float_type, {64, 512, 14, 14}, {0, 1, 0, 0}, target_id=0
@134 = load[offset=0,end=25690112](@1) -> float_type, {64, 512, 14, 14}, {100352, 196, 14, 1}, target_id=0
@135 = gpu::code_object[code_object=5856,symbol_name=mlir_convolution_add_clip,global=12845056,local=256,](@133,@132,@58,@134) -> float_type, {64, 512, 14, 14}, {100352, 196, 14, 1}, target_id=0
@136 = multibroadcast[out_lens={64, 512, 14, 14},out_dyn_dims={}](@34) -> float_type, {64, 512, 14, 14}, {0, 1, 0, 0}, target_id=0
@137 = load[offset=55181312,end=80871424](@1) -> float_type, {64, 512, 14, 14}, {100352, 196, 14, 1}, target_id=0
@138 = gpu::code_object[code_object=7392,symbol_name=mlir_convolution_add_clip,global=401408,local=256,](@136,@135,@59,@137) -> float_type, {64, 512, 14, 14}, {100352, 196, 14, 1}, target_id=0
@139 = load[offset=25690112,end=55181312](@1) -> float_type, {64, 512, 15, 15}, {115200, 225, 15, 1}, target_id=0
@140 = gpu::code_object[code_object=5248,symbol_name=pad_kernel,global=212992,local=1024,](@138,@139) -> float_type, {64, 512, 15, 15}, {115200, 225, 15, 1}, target_id=0
@141 = multibroadcast[out_lens={64, 512, 7, 7},out_dyn_dims={}](@9) -> float_type, {64, 512, 7, 7}, {0, 1, 0, 0}, target_id=0
@142 = load[offset=12845056,end=19267584](@1) -> float_type, {64, 512, 7, 7}, {25088, 49, 7, 1}, target_id=0
@143 = gpu::code_object[code_object=5920,symbol_name=mlir_convolution_add_clip,global=3276800,local=256,](@141,@140,@16,@142) -> float_type, {64, 512, 7, 7}, {25088, 49, 7, 1}, target_id=0
@144 = load[offset=0,end=12845056](@1) -> float_type, {64, 1024, 7, 7}, {50176, 49, 7, 1}, target_id=0
@145 = multibroadcast[out_lens={64, 1024, 7, 7},out_dyn_dims={}](@51) -> float_type, {64, 1024, 7, 7}, {0, 1, 0, 0}, target_id=0
@146 = gpu::code_object[code_object=16544,symbol_name=mlir_convolution_add_clip,global=51200,local=256,](@145,@143,@13,@144) -> float_type, {64, 1024, 7, 7}, {50176, 49, 7, 1}, target_id=0
@147 = multibroadcast[out_lens={64, 1024, 7, 7},out_dyn_dims={}](@49) -> float_type, {64, 1024, 7, 7}, {0, 1, 0, 0}, target_id=0
@148 = load[offset=19267584,end=32112640](@1) -> float_type, {64, 1024, 7, 7}, {50176, 49, 7, 1}, target_id=0
@149 = gpu::code_object[code_object=6688,symbol_name=mlir_convolution_add_clip,global=3407872,local=256,](@147,@146,@17,@148) -> float_type, {64, 1024, 7, 7}, {50176, 49, 7, 1}, target_id=0
@150 = load[offset=262144,end=13107200](@1) -> float_type, {64, 1024, 7, 7}, {50176, 49, 7, 1}, target_id=0
@151 = multibroadcast[out_lens={64, 1024, 7, 7},out_dyn_dims={}](@56) -> float_type, {64, 1024, 7, 7}, {0, 1, 0, 0}, target_id=0
@152 = gpu::code_object[code_object=16544,symbol_name=mlir_convolution_add_clip,global=51200,local=256,](@151,@149,@42,@150) -> float_type, {64, 1024, 7, 7}, {50176, 49, 7, 1}, target_id=0
@153 = load[offset=13107200,end=13369344](@1) -> float_type, {64, 1024, 1, 1}, {1024, 1, 1, 1}, target_id=0
@154 = gpu::pooling[mode=average,padding={0, 0, 0, 0},padding_mode=0,stride={2, 2},lengths={7, 7},dilations={1, 1},ceil_mode=0,lp_order=2,dyn_global=0](@152,@153) -> float_type, {64, 1024, 1, 1}, {1024, 1, 1, 1}, target_id=0
@155 = broadcast[axis=1,out_lens={64, 1001, 1, 1}](@19) -> float_type, {64, 1001, 1, 1}, {0, 1, 0, 0}, target_id=0
@156 = load[offset=0,end=256256](@1) -> float_type, {64, 1001, 1, 1}, {1001, 1, 1, 1}, target_id=0
@157 = gpu::code_object[code_object=6864,symbol_name=mlir_convolution_add,global=16384,local=256,](@155,@154,@10,@156) -> float_type, {64, 1001, 1, 1}, {1001, 1, 1, 1}, target_id=0
main:#output_0 = @param:main:#output_0 -> float_type, {64, 1001}, {1001, 1}, target_id=0
@159 = transpose[permutation={0, 2, 3, 1}](@157) -> float_type, {64, 1, 1, 1001}, {1001, 1, 1, 1}, target_id=0
@160 = squeeze[axes={1, 2}](@159) -> float_type, {64, 1001}, {1001, 1}, target_id=0
@161 = gpu::code_object[code_object=6848,symbol_name=reduce_max_sub_exp_reduce_sum_div_kernel,global=16384,local=256,](@160,main:#output_0) -> float_type, {64, 1001}, {1001, 1}, target_id=0
@162 = @return(@161), target_id=0


Allocating params ... 
Running performance report ... 
@0 = check_context::migraphx::gpu::context -> float_type, {}, {}, target_id=0: 0.00066424ms, 1%
@1 = hip::hip_allocate_memory[shape=int8_type, {414728192}, {1},id=main:scratch] -> int8_type, {414728192}, {1}, target_id=0: 0.00078352ms, 1%
@2 = hip::hip_copy_literal[id=main:@literal:12] -> float_type, {32, 3, 3, 3}, {27, 9, 3, 1}, target_id=0: 0.00067344ms, 1%
@3 = load[offset=0,end=38880000](@1) -> float_type, {64, 3, 225, 225}, {151875, 50625, 225, 1}, target_id=0: 0.00060358ms, 1%
input = @param:input -> float_type, {64, 3, 224, 224}, {150528, 50176, 224, 1}, target_id=0: 0.00034326ms, 1%
@5 = gpu::code_object[code_object=5248,symbol_name=pad_kernel,global=212992,local=1024,](input,@3) -> float_type, {64, 3, 225, 225}, {151875, 50625, 225, 1}, target_id=0: 0.116944ms, 1%
@6 = load[offset=0,end=0](@1) -> int8_type, {0}, {1}, target_id=0: 0.00057268ms, 1%
@7 = load[offset=205520896,end=308281344](@1) -> float_type, {64, 32, 112, 112}, {401408, 12544, 112, 1}, target_id=0: 0.00046026ms, 1%
@8 = gpu::convolution[op={padding={0, 0, 0, 0},stride={2, 2},dilation={1, 1},group=1,padding_mode=0},solution_object={binary_object: 493},algo=0,solution_id=0](@5,@2,@6,@7) -> float_type, {64, 32, 112, 112}, {401408, 12544, 112, 1}, target_id=0: 0.198852ms, 2%
@9 = hip::hip_copy_literal[id=main:@literal:28] -> float_type, {512, 1, 1}, {1, 1, 1}, target_id=0: 0.0006358ms, 1%
@10 = hip::hip_copy_literal[id=main:@literal:14] -> float_type, {1001, 1024, 1, 1}, {1024, 1, 1, 1}, target_id=0: 0.00068528ms, 1%
@11 = hip::hip_copy_literal[id=main:@literal:29] -> float_type, {128, 1, 1}, {1, 1, 1}, target_id=0: 0.00049274ms, 1%
@12 = hip::hip_copy_literal[id=main:@literal:24] -> float_type, {128, 1, 1}, {1, 1, 1}, target_id=0: 0.00064196ms, 1%
@13 = hip::hip_copy_literal[id=main:@literal:8] -> float_type, {1024, 512, 1, 1}, {512, 1, 1, 1}, target_id=0: 0.000415ms, 1%
@14 = hip::hip_copy_literal[id=main:@literal:46] -> float_type, {128, 1, 1}, {1, 1, 1}, target_id=0: 0.00048872ms, 1%
@15 = hip::hip_copy_literal[id=main:@literal:19] -> float_type, {512, 1, 1}, {1, 1, 1}, target_id=0: 0.00043006ms, 1%
@16 = hip::hip_copy_literal[id=main:@literal:53] -> float_type, {512, 1, 3, 3}, {9, 9, 3, 1}, target_id=0: 0.00047866ms, 1%
@17 = hip::hip_copy_literal[id=main:@literal:42] -> float_type, {1024, 1, 3, 3}, {9, 9, 3, 1}, target_id=0: 0.00042324ms, 1%
@18 = hip::hip_copy_literal[id=main:@literal:7] -> float_type, {128, 128, 1, 1}, {128, 1, 1, 1}, target_id=0: 0.00040766ms, 1%
@19 = hip::hip_copy_literal[id=main:@literal:55] -> float_type, {1001}, {1}, target_id=0: 0.0005286ms, 1%
@20 = hip::hip_copy_literal[id=main:@literal:32] -> float_type, {64, 1, 3, 3}, {9, 9, 3, 1}, target_id=0: 0.00040776ms, 1%
@21 = hip::hip_copy_literal[id=main:@literal:10] -> float_type, {64, 32, 1, 1}, {32, 1, 1, 1}, target_id=0: 0.00045096ms, 1%
@22 = hip::hip_copy_literal[id=main:@literal:44] -> float_type, {512, 1, 3, 3}, {9, 9, 3, 1}, target_id=0: 0.0004563ms, 1%
@23 = hip::hip_copy_literal[id=main:@literal:47] -> float_type, {128, 1, 3, 3}, {9, 9, 3, 1}, target_id=0: 0.00051178ms, 1%
@24 = hip::hip_copy_literal[id=main:@literal:30] -> float_type, {256, 1, 1}, {1, 1, 1}, target_id=0: 0.00045346ms, 1%
@25 = hip::hip_copy_literal[id=main:@literal:11] -> float_type, {512, 512, 1, 1}, {512, 1, 1, 1}, target_id=0: 0.0005282ms, 1%
@26 = hip::hip_copy_literal[id=main:@literal:23] -> float_type, {256, 1, 1}, {1, 1, 1}, target_id=0: 0.0004536ms, 1%
@27 = hip::hip_copy_literal[id=main:@literal:34] -> float_type, {64, 1, 1}, {1, 1, 1}, target_id=0: 0.00045952ms, 1%
@28 = hip::hip_copy_literal[id=main:@literal:22] -> float_type, {512, 1, 1}, {1, 1, 1}, target_id=0: 0.00042656ms, 1%
@29 = hip::hip_copy_literal[id=main:@literal:40] -> float_type, {512, 1, 1}, {1, 1, 1}, target_id=0: 0.0004663ms, 1%
@30 = hip::hip_copy_literal[id=main:@literal:41] -> float_type, {32, 1, 1}, {1, 1, 1}, target_id=0: 0.00040662ms, 1%
@31 = hip::hip_copy_literal[id=main:@literal:49] -> float_type, {256, 1, 1}, {1, 1, 1}, target_id=0: 0.00046184ms, 1%
@32 = hip::hip_copy_literal[id=main:@literal:50] -> float_type, {256, 1, 3, 3}, {9, 9, 3, 1}, target_id=0: 0.00039878ms, 1%
@33 = hip::hip_copy_literal[id=main:@literal:31] -> float_type, {512, 1, 3, 3}, {9, 9, 3, 1}, target_id=0: 0.0005685ms, 1%
@34 = hip::hip_copy_literal[id=main:@literal:35] -> float_type, {512, 1, 1}, {1, 1, 1}, target_id=0: 0.00041476ms, 1%
@35 = hip::hip_copy_literal[id=main:@literal:16] -> float_type, {512, 1, 3, 3}, {9, 9, 3, 1}, target_id=0: 0.0005731ms, 1%
@36 = hip::hip_copy_literal[id=main:@literal:15] -> float_type, {512, 1, 1}, {1, 1, 1}, target_id=0: 0.0004127ms, 1%
@37 = hip::hip_copy_literal[id=main:@literal:51] -> float_type, {512, 1, 1}, {1, 1, 1}, target_id=0: 0.0004555ms, 1%
@38 = hip::hip_copy_literal[id=main:@literal:36] -> float_type, {512, 1, 3, 3}, {9, 9, 3, 1}, target_id=0: 0.00042634ms, 1%
@39 = hip::hip_copy_literal[id=main:@literal:33] -> float_type, {32, 1, 3, 3}, {9, 9, 3, 1}, target_id=0: 0.00042636ms, 1%
@40 = hip::hip_copy_literal[id=main:@literal:4] -> float_type, {512, 512, 1, 1}, {512, 1, 1, 1}, target_id=0: 0.00041414ms, 1%
@41 = hip::hip_copy_literal[id=main:@literal:17] -> float_type, {512, 1, 1}, {1, 1, 1}, target_id=0: 0.0005172ms, 1%
@42 = hip::hip_copy_literal[id=main:@literal:13] -> float_type, {1024, 1024, 1, 1}, {1024, 1, 1, 1}, target_id=0: 0.00041124ms, 1%
@43 = hip::hip_copy_literal[id=main:@literal:5] -> float_type, {256, 128, 1, 1}, {128, 1, 1, 1}, target_id=0: 0.0003925ms, 1%
@44 = hip::hip_copy_literal[id=main:@literal:37] -> float_type, {64, 1, 1}, {1, 1, 1}, target_id=0: 0.00047846ms, 1%
@45 = hip::hip_copy_literal[id=main:@literal:6] -> float_type, {512, 512, 1, 1}, {512, 1, 1, 1}, target_id=0: 0.00038804ms, 1%
@46 = hip::hip_copy_literal[id=main:@literal:52] -> float_type, {512, 1, 1}, {1, 1, 1}, target_id=0: 0.00048622ms, 1%
@47 = hip::hip_copy_literal[id=main:@literal:9] -> float_type, {128, 64, 1, 1}, {64, 1, 1, 1}, target_id=0: 0.00042354ms, 1%
@48 = hip::hip_copy_literal[id=main:@literal:27] -> float_type, {512, 1, 1}, {1, 1, 1}, target_id=0: 0.00049094ms, 1%
@49 = hip::hip_copy_literal[id=main:@literal:21] -> float_type, {1024, 1, 1}, {1, 1, 1}, target_id=0: 0.00058242ms, 1%
@50 = hip::hip_copy_literal[id=main:@literal:43] -> float_type, {128, 1, 1}, {1, 1, 1}, target_id=0: 0.00045006ms, 1%
@51 = hip::hip_copy_literal[id=main:@literal:54] -> float_type, {1024, 1, 1}, {1, 1, 1}, target_id=0: 0.0004522ms, 1%
@52 = hip::hip_copy_literal[id=main:@literal:20] -> float_type, {512, 1, 1}, {1, 1, 1}, target_id=0: 0.00045358ms, 1%
@53 = hip::hip_copy_literal[id=main:@literal:26] -> float_type, {256, 1, 1}, {1, 1, 1}, target_id=0: 0.00045568ms, 1%
@54 = hip::hip_copy_literal[id=main:@literal:2] -> float_type, {512, 256, 1, 1}, {256, 1, 1, 1}, target_id=0: 0.00036896ms, 1%
@55 = hip::hip_copy_literal[id=main:@literal:18] -> float_type, {512, 1, 1}, {1, 1, 1}, target_id=0: 0.00049386ms, 1%
@56 = hip::hip_copy_literal[id=main:@literal:38] -> float_type, {1024, 1, 1}, {1, 1, 1}, target_id=0: 0.00042926ms, 1%
@57 = hip::hip_copy_literal[id=main:@literal:25] -> float_type, {256, 1, 3, 3}, {9, 9, 3, 1}, target_id=0: 0.00045268ms, 1%
@58 = hip::hip_copy_literal[id=main:@literal:48] -> float_type, {512, 1, 3, 3}, {9, 9, 3, 1}, target_id=0: 0.00042626ms, 1%
@59 = hip::hip_copy_literal[id=main:@literal:1] -> float_type, {512, 512, 1, 1}, {512, 1, 1, 1}, target_id=0: 0.0003651ms, 1%
@60 = hip::hip_copy_literal[id=main:@literal:0] -> float_type, {512, 512, 1, 1}, {512, 1, 1, 1}, target_id=0: 0.00038582ms, 1%
@61 = hip::hip_copy_literal[id=main:@literal:3] -> float_type, {256, 256, 1, 1}, {256, 1, 1, 1}, target_id=0: 0.000362ms, 1%
@62 = hip::hip_copy_literal[id=main:@literal:39] -> float_type, {32, 1, 1}, {1, 1, 1}, target_id=0: 0.0005254ms, 1%
@63 = hip::hip_copy_literal[id=main:@literal:45] -> float_type, {128, 1, 3, 3}, {9, 9, 3, 1}, target_id=0: 0.00045548ms, 1%
@64 = load[offset=102760448,end=205520896](@1) -> float_type, {64, 32, 112, 112}, {401408, 12544, 112, 1}, target_id=0: 0.00063708ms, 1%
@65 = multibroadcast[out_lens={64, 32, 112, 112},out_dyn_dims={}](@62) -> float_type, {64, 32, 112, 112}, {0, 1, 0, 0}, target_id=0: 0.00089838ms, 1%
@66 = gpu::code_object[code_object=5384,symbol_name=add_clip_kernel,global=3211264,local=1024,](@8,@65,@64) -> float_type, {64, 32, 112, 112}, {401408, 12544, 112, 1}, target_id=0: 0.243144ms, 2%
@67 = load[offset=0,end=102760448](@1) -> float_type, {64, 32, 112, 112}, {401408, 12544, 112, 1}, target_id=0: 0.0006663ms, 1%
@68 = multibroadcast[out_lens={64, 32, 112, 112},out_dyn_dims={}](@30) -> float_type, {64, 32, 112, 112}, {0, 1, 0, 0}, target_id=0: 0.00068568ms, 1%
@69 = gpu::code_object[code_object=5856,symbol_name=mlir_convolution_add_clip,global=51380224,local=256,](@68,@66,@39,@67) -> float_type, {64, 32, 112, 112}, {401408, 12544, 112, 1}, target_id=0: 2.06481ms, 12%
@70 = multibroadcast[out_lens={64, 64, 112, 112},out_dyn_dims={}](@27) -> float_type, {64, 64, 112, 112}, {0, 1, 0, 0}, target_id=0: 0.00132564ms, 1%
@71 = load[offset=209207296,end=414728192](@1) -> float_type, {64, 64, 112, 112}, {802816, 12544, 112, 1}, target_id=0: 0.0005244ms, 1%
@72 = gpu::code_object[code_object=7200,symbol_name=mlir_convolution_add_clip,global=3211264,local=256,](@70,@69,@21,@71) -> float_type, {64, 64, 112, 112}, {802816, 12544, 112, 1}, target_id=0: 0.36977ms, 3%
@73 = load[offset=0,end=209207296](@1) -> float_type, {64, 64, 113, 113}, {817216, 12769, 113, 1}, target_id=0: 0.00055664ms, 1%
@74 = gpu::code_object[code_object=5248,symbol_name=pad_kernel,global=212992,local=1024,](@72,@73) -> float_type, {64, 64, 113, 113}, {817216, 12769, 113, 1}, target_id=0: 0.572974ms, 4%
@75 = multibroadcast[out_lens={64, 64, 56, 56},out_dyn_dims={}](@44) -> float_type, {64, 64, 56, 56}, {0, 1, 0, 0}, target_id=0: 0.00136882ms, 1%
@76 = load[offset=209207296,end=260587520](@1) -> float_type, {64, 64, 56, 56}, {200704, 3136, 56, 1}, target_id=0: 0.0005146ms, 1%
@77 = gpu::code_object[code_object=5728,symbol_name=mlir_convolution_add_clip,global=25690112,local=256,](@75,@74,@20,@76) -> float_type, {64, 64, 56, 56}, {200704, 3136, 56, 1}, target_id=0: 1.09558ms, 7%
@78 = multibroadcast[out_lens={64, 128, 56, 56},out_dyn_dims={}](@12) -> float_type, {64, 128, 56, 56}, {0, 1, 0, 0}, target_id=0: 0.00147862ms, 1%
@79 = load[offset=102760448,end=205520896](@1) -> float_type, {64, 128, 56, 56}, {401408, 3136, 56, 1}, target_id=0: 0.00050176ms, 1%
@80 = gpu::code_object[code_object=7712,symbol_name=mlir_convolution_add_clip,global=1605632,local=256,](@78,@77,@47,@79) -> float_type, {64, 128, 56, 56}, {401408, 3136, 56, 1}, target_id=0: 0.281641ms, 2%
@81 = multibroadcast[out_lens={64, 128, 56, 56},out_dyn_dims={}](@50) -> float_type, {64, 128, 56, 56}, {0, 1, 0, 0}, target_id=0: 0.00134538ms, 1%
@82 = load[offset=0,end=102760448](@1) -> float_type, {64, 128, 56, 56}, {401408, 3136, 56, 1}, target_id=0: 0.00060238ms, 1%
@83 = gpu::code_object[code_object=5856,symbol_name=mlir_convolution_add_clip,global=51380224,local=256,](@81,@80,@23,@82) -> float_type, {64, 128, 56, 56}, {401408, 3136, 56, 1}, target_id=0: 2.16546ms, 13%
@84 = load[offset=209223680,end=311984128](@1) -> float_type, {64, 128, 56, 56}, {401408, 3136, 56, 1}, target_id=0: 0.00056548ms, 1%
@85 = multibroadcast[out_lens={64, 128, 56, 56},out_dyn_dims={}](@11) -> float_type, {64, 128, 56, 56}, {0, 1, 0, 0}, target_id=0: 0.00137536ms, 1%
@86 = gpu::code_object[code_object=8800,symbol_name=mlir_convolution_add_clip,global=1605632,local=256,](@85,@83,@18,@84) -> float_type, {64, 128, 56, 56}, {401408, 3136, 56, 1}, target_id=0: 0.462407ms, 3%
@87 = load[offset=102760448,end=209223680](@1) -> float_type, {64, 128, 57, 57}, {415872, 3249, 57, 1}, target_id=0: 0.00054844ms, 1%
@88 = gpu::code_object[code_object=5248,symbol_name=pad_kernel,global=212992,local=1024,](@86,@87) -> float_type, {64, 128, 57, 57}, {415872, 3249, 57, 1}, target_id=0: 0.284875ms, 2%
@89 = load[offset=0,end=25690112](@1) -> float_type, {64, 128, 28, 28}, {100352, 784, 28, 1}, target_id=0: 0.00054382ms, 1%
@90 = multibroadcast[out_lens={64, 128, 28, 28},out_dyn_dims={}](@14) -> float_type, {64, 128, 28, 28}, {0, 1, 0, 0}, target_id=0: 0.00142018ms, 1%
@91 = gpu::code_object[code_object=5856,symbol_name=mlir_convolution_add_clip,global=6422528,local=256,](@90,@88,@63,@89) -> float_type, {64, 128, 28, 28}, {100352, 784, 28, 1}, target_id=0: 0.472656ms, 3%
@92 = multibroadcast[out_lens={64, 256, 28, 28},out_dyn_dims={}](@31) -> float_type, {64, 256, 28, 28}, {0, 1, 0, 0}, target_id=0: 0.00132166ms, 1%
@93 = load[offset=51380224,end=102760448](@1) -> float_type, {64, 256, 28, 28}, {200704, 784, 28, 1}, target_id=0: 0.00056062ms, 1%
@94 = gpu::code_object[code_object=8928,symbol_name=mlir_convolution_add_clip,global=802816,local=256,](@92,@91,@43,@93) -> float_type, {64, 256, 28, 28}, {200704, 784, 28, 1}, target_id=0: 0.247177ms, 2%
@95 = multibroadcast[out_lens={64, 256, 28, 28},out_dyn_dims={}](@24) -> float_type, {64, 256, 28, 28}, {0, 1, 0, 0}, target_id=0: 0.00130284ms, 1%
@96 = load[offset=0,end=51380224](@1) -> float_type, {64, 256, 28, 28}, {200704, 784, 28, 1}, target_id=0: 0.00049504ms, 1%
@97 = gpu::code_object[code_object=5792,symbol_name=mlir_convolution_add_clip,global=25690112,local=256,](@95,@94,@32,@96) -> float_type, {64, 256, 28, 28}, {200704, 784, 28, 1}, target_id=0: 1.02087ms, 6%
@98 = load[offset=106496000,end=157876224](@1) -> float_type, {64, 256, 28, 28}, {200704, 784, 28, 1}, target_id=0: 0.00054686ms, 1%
@99 = multibroadcast[out_lens={64, 256, 28, 28},out_dyn_dims={}](@53) -> float_type, {64, 256, 28, 28}, {0, 1, 0, 0}, target_id=0: 0.00125888ms, 1%
@100 = gpu::code_object[code_object=8096,symbol_name=mlir_convolution_add_clip,global=802816,local=256,](@99,@97,@61,@98) -> float_type, {64, 256, 28, 28}, {200704, 784, 28, 1}, target_id=0: 0.432399ms, 3%
@101 = load[offset=51380224,end=106496000](@1) -> float_type, {64, 256, 29, 29}, {215296, 841, 29, 1}, target_id=0: 0.00056048ms, 1%
@102 = gpu::code_object[code_object=5248,symbol_name=pad_kernel,global=212992,local=1024,](@100,@101) -> float_type, {64, 256, 29, 29}, {215296, 841, 29, 1}, target_id=0: 0.150249ms, 1%
@103 = multibroadcast[out_lens={64, 256, 14, 14},out_dyn_dims={}](@26) -> float_type, {64, 256, 14, 14}, {0, 1, 0, 0}, target_id=0: 0.00222998ms, 1%
@104 = load[offset=38535168,end=51380224](@1) -> float_type, {64, 256, 14, 14}, {50176, 196, 14, 1}, target_id=0: 0.00049538ms, 1%
@105 = gpu::code_object[code_object=5792,symbol_name=mlir_convolution_add_clip,global=6422528,local=256,](@103,@102,@57,@104) -> float_type, {64, 256, 14, 14}, {50176, 196, 14, 1}, target_id=0: 0.274223ms, 2%
@106 = multibroadcast[out_lens={64, 512, 14, 14},out_dyn_dims={}](@29) -> float_type, {64, 512, 14, 14}, {0, 1, 0, 0}, target_id=0: 0.0008145ms, 1%
@107 = load[offset=12845056,end=38535168](@1) -> float_type, {64, 512, 14, 14}, {100352, 196, 14, 1}, target_id=0: 0.00057256ms, 1%
@108 = gpu::code_object[code_object=8032,symbol_name=mlir_convolution_add_clip,global=401408,local=256,](@106,@105,@54,@107) -> float_type, {64, 512, 14, 14}, {100352, 196, 14, 1}, target_id=0: 0.250113ms, 2%
@109 = multibroadcast[out_lens={64, 512, 14, 14},out_dyn_dims={}](@28) -> float_type, {64, 512, 14, 14}, {0, 1, 0, 0}, target_id=0: 0.00108142ms, 1%
@110 = load[offset=51380224,end=77070336](@1) -> float_type, {64, 512, 14, 14}, {100352, 196, 14, 1}, target_id=0: 0.00048636ms, 1%
@111 = gpu::code_object[code_object=5856,symbol_name=mlir_convolution_add_clip,global=12845056,local=256,](@109,@108,@33,@110) -> float_type, {64, 512, 14, 14}, {100352, 196, 14, 1}, target_id=0: 0.519162ms, 3%
@112 = multibroadcast[out_lens={64, 512, 14, 14},out_dyn_dims={}](@15) -> float_type, {64, 512, 14, 14}, {0, 1, 0, 0}, target_id=0: 0.00143912ms, 1%
@113 = load[offset=25690112,end=51380224](@1) -> float_type, {64, 512, 14, 14}, {100352, 196, 14, 1}, target_id=0: 0.00047876ms, 1%
@114 = gpu::code_object[code_object=7392,symbol_name=mlir_convolution_add_clip,global=401408,local=256,](@112,@111,@60,@113) -> float_type, {64, 512, 14, 14}, {100352, 196, 14, 1}, target_id=0: 0.448925ms, 3%
@115 = multibroadcast[out_lens={64, 512, 14, 14},out_dyn_dims={}](@55) -> float_type, {64, 512, 14, 14}, {0, 1, 0, 0}, target_id=0: 0.00107862ms, 1%
@116 = load[offset=0,end=25690112](@1) -> float_type, {64, 512, 14, 14}, {100352, 196, 14, 1}, target_id=0: 0.00047736ms, 1%
@117 = gpu::code_object[code_object=5856,symbol_name=mlir_convolution_add_clip,global=12845056,local=256,](@115,@114,@38,@116) -> float_type, {64, 512, 14, 14}, {100352, 196, 14, 1}, target_id=0: 0.518655ms, 3%
@118 = multibroadcast[out_lens={64, 512, 14, 14},out_dyn_dims={}](@41) -> float_type, {64, 512, 14, 14}, {0, 1, 0, 0}, target_id=0: 0.00141324ms, 1%
@119 = load[offset=51380224,end=77070336](@1) -> float_type, {64, 512, 14, 14}, {100352, 196, 14, 1}, target_id=0: 0.0004739ms, 1%
@120 = gpu::code_object[code_object=7392,symbol_name=mlir_convolution_add_clip,global=401408,local=256,](@118,@117,@40,@119) -> float_type, {64, 512, 14, 14}, {100352, 196, 14, 1}, target_id=0: 0.448672ms, 3%
@121 = load[offset=25690112,end=51380224](@1) -> float_type, {64, 512, 14, 14}, {100352, 196, 14, 1}, target_id=0: 0.0005532ms, 1%
@122 = multibroadcast[out_lens={64, 512, 14, 14},out_dyn_dims={}](@36) -> float_type, {64, 512, 14, 14}, {0, 1, 0, 0}, target_id=0: 0.00093636ms, 1%
@123 = gpu::code_object[code_object=5856,symbol_name=mlir_convolution_add_clip,global=12845056,local=256,](@122,@120,@22,@121) -> float_type, {64, 512, 14, 14}, {100352, 196, 14, 1}, target_id=0: 0.517519ms, 3%
@124 = multibroadcast[out_lens={64, 512, 14, 14},out_dyn_dims={}](@48) -> float_type, {64, 512, 14, 14}, {0, 1, 0, 0}, target_id=0: 0.00106798ms, 1%
@125 = load[offset=0,end=25690112](@1) -> float_type, {64, 512, 14, 14}, {100352, 196, 14, 1}, target_id=0: 0.00049628ms, 1%
@126 = gpu::code_object[code_object=7392,symbol_name=mlir_convolution_add_clip,global=401408,local=256,](@124,@123,@25,@125) -> float_type, {64, 512, 14, 14}, {100352, 196, 14, 1}, target_id=0: 0.448446ms, 3%
@127 = load[offset=51380224,end=77070336](@1) -> float_type, {64, 512, 14, 14}, {100352, 196, 14, 1}, target_id=0: 0.00054422ms, 1%
@128 = multibroadcast[out_lens={64, 512, 14, 14},out_dyn_dims={}](@37) -> float_type, {64, 512, 14, 14}, {0, 1, 0, 0}, target_id=0: 0.00091366ms, 1%
@129 = gpu::code_object[code_object=5856,symbol_name=mlir_convolution_add_clip,global=12845056,local=256,](@128,@126,@35,@127) -> float_type, {64, 512, 14, 14}, {100352, 196, 14, 1}, target_id=0: 0.51813ms, 3%
@130 = multibroadcast[out_lens={64, 512, 14, 14},out_dyn_dims={}](@52) -> float_type, {64, 512, 14, 14}, {0, 1, 0, 0}, target_id=0: 0.00110312ms, 1%
@131 = load[offset=25690112,end=51380224](@1) -> float_type, {64, 512, 14, 14}, {100352, 196, 14, 1}, target_id=0: 0.00049836ms, 1%
@132 = gpu::code_object[code_object=7392,symbol_name=mlir_convolution_add_clip,global=401408,local=256,](@130,@129,@45,@131) -> float_type, {64, 512, 14, 14}, {100352, 196, 14, 1}, target_id=0: 0.448482ms, 3%
@133 = multibroadcast[out_lens={64, 512, 14, 14},out_dyn_dims={}](@46) -> float_type, {64, 512, 14, 14}, {0, 1, 0, 0}, target_id=0: 0.0009636ms, 1%
@134 = load[offset=0,end=25690112](@1) -> float_type, {64, 512, 14, 14}, {100352, 196, 14, 1}, target_id=0: 0.00048292ms, 1%
@135 = gpu::code_object[code_object=5856,symbol_name=mlir_convolution_add_clip,global=12845056,local=256,](@133,@132,@58,@134) -> float_type, {64, 512, 14, 14}, {100352, 196, 14, 1}, target_id=0: 0.516994ms, 3%
@136 = multibroadcast[out_lens={64, 512, 14, 14},out_dyn_dims={}](@34) -> float_type, {64, 512, 14, 14}, {0, 1, 0, 0}, target_id=0: 0.0010183ms, 1%
@137 = load[offset=55181312,end=80871424](@1) -> float_type, {64, 512, 14, 14}, {100352, 196, 14, 1}, target_id=0: 0.00048554ms, 1%
@138 = gpu::code_object[code_object=7392,symbol_name=mlir_convolution_add_clip,global=401408,local=256,](@136,@135,@59,@137) -> float_type, {64, 512, 14, 14}, {100352, 196, 14, 1}, target_id=0: 0.447751ms, 3%
@139 = load[offset=25690112,end=55181312](@1) -> float_type, {64, 512, 15, 15}, {115200, 225, 15, 1}, target_id=0: 0.00055662ms, 1%
@140 = gpu::code_object[code_object=5248,symbol_name=pad_kernel,global=212992,local=1024,](@138,@139) -> float_type, {64, 512, 15, 15}, {115200, 225, 15, 1}, target_id=0: 0.0883783ms, 1%
@141 = multibroadcast[out_lens={64, 512, 7, 7},out_dyn_dims={}](@9) -> float_type, {64, 512, 7, 7}, {0, 1, 0, 0}, target_id=0: 0.00227682ms, 1%
@142 = load[offset=12845056,end=19267584](@1) -> float_type, {64, 512, 7, 7}, {25088, 49, 7, 1}, target_id=0: 0.00050056ms, 1%
@143 = gpu::code_object[code_object=5920,symbol_name=mlir_convolution_add_clip,global=3276800,local=256,](@141,@140,@16,@142) -> float_type, {64, 512, 7, 7}, {25088, 49, 7, 1}, target_id=0: 0.167209ms, 1%
@144 = load[offset=0,end=12845056](@1) -> float_type, {64, 1024, 7, 7}, {50176, 49, 7, 1}, target_id=0: 0.00055086ms, 1%
@145 = multibroadcast[out_lens={64, 1024, 7, 7},out_dyn_dims={}](@51) -> float_type, {64, 1024, 7, 7}, {0, 1, 0, 0}, target_id=0: 0.00134436ms, 1%
@146 = gpu::code_object[code_object=16544,symbol_name=mlir_convolution_add_clip,global=51200,local=256,](@145,@143,@13,@144) -> float_type, {64, 1024, 7, 7}, {50176, 49, 7, 1}, target_id=0: 0.283889ms, 2%
@147 = multibroadcast[out_lens={64, 1024, 7, 7},out_dyn_dims={}](@49) -> float_type, {64, 1024, 7, 7}, {0, 1, 0, 0}, target_id=0: 0.00075966ms, 1%
@148 = load[offset=19267584,end=32112640](@1) -> float_type, {64, 1024, 7, 7}, {50176, 49, 7, 1}, target_id=0: 0.00049032ms, 1%
@149 = gpu::code_object[code_object=6688,symbol_name=mlir_convolution_add_clip,global=3407872,local=256,](@147,@146,@17,@148) -> float_type, {64, 1024, 7, 7}, {50176, 49, 7, 1}, target_id=0: 0.294543ms, 2%
@150 = load[offset=262144,end=13107200](@1) -> float_type, {64, 1024, 7, 7}, {50176, 49, 7, 1}, target_id=0: 0.0005284ms, 1%
@151 = multibroadcast[out_lens={64, 1024, 7, 7},out_dyn_dims={}](@56) -> float_type, {64, 1024, 7, 7}, {0, 1, 0, 0}, target_id=0: 0.00073418ms, 1%
@152 = gpu::code_object[code_object=16544,symbol_name=mlir_convolution_add_clip,global=51200,local=256,](@151,@149,@42,@150) -> float_type, {64, 1024, 7, 7}, {50176, 49, 7, 1}, target_id=0: 0.512151ms, 3%
@153 = load[offset=13107200,end=13369344](@1) -> float_type, {64, 1024, 1, 1}, {1024, 1, 1, 1}, target_id=0: 0.00056944ms, 1%
@154 = gpu::pooling[mode=average,padding={0, 0, 0, 0},padding_mode=0,stride={2, 2},lengths={7, 7},dilations={1, 1},ceil_mode=0,lp_order=2,dyn_global=0](@152,@153) -> float_type, {64, 1024, 1, 1}, {1024, 1, 1, 1}, target_id=0: 0.551471ms, 4%
@155 = broadcast[axis=1,out_lens={64, 1001, 1, 1}](@19) -> float_type, {64, 1001, 1, 1}, {0, 1, 0, 0}, target_id=0: 0.0012261ms, 1%
@156 = load[offset=0,end=256256](@1) -> float_type, {64, 1001, 1, 1}, {1001, 1, 1, 1}, target_id=0: 0.00055586ms, 1%
@157 = gpu::code_object[code_object=6864,symbol_name=mlir_convolution_add,global=16384,local=256,](@155,@154,@10,@156) -> float_type, {64, 1001, 1, 1}, {1001, 1, 1, 1}, target_id=0: 0.0524321ms, 1%
main:#output_0 = @param:main:#output_0 -> float_type, {64, 1001}, {1001, 1}, target_id=0: 0.00080622ms, 1%
@159 = transpose[permutation={0, 2, 3, 1}](@157) -> float_type, {64, 1, 1, 1001}, {1001, 1, 1, 1}, target_id=0: 0.00100498ms, 1%
@160 = squeeze[axes={1, 2}](@159) -> float_type, {64, 1001}, {1001, 1}, target_id=0: 0.0008027ms, 1%
@161 = gpu::code_object[code_object=6848,symbol_name=reduce_max_sub_exp_reduce_sum_div_kernel,global=16384,local=256,](@160,main:#output_0) -> float_type, {64, 1001}, {1001, 1}, target_id=0: 0.0284972ms, 1%
@162 = @return(@161), target_id=0
Summary:
gpu::code_object::mlir_convolution_add_clip: 15.2276ms / 26 = 0.585678ms, 87%
gpu::code_object::pad_kernel: 1.21342ms / 5 = 0.242684ms, 7%
gpu::pooling: 0.551471ms / 1 = 0.551471ms, 4%
gpu::code_object::add_clip_kernel: 0.243144ms / 1 = 0.243144ms, 2%
gpu::convolution: 0.198852ms / 1 = 0.198852ms, 2%
gpu::code_object::mlir_convolution_add: 0.0524321ms / 1 = 0.0524321ms, 1%
multibroadcast: 0.0329564ms / 27 = 0.00122061ms, 1%
gpu::code_object::reduce_max_sub_exp_reduce_sum_div_kernel: 0.0284972ms / 1 = 0.0284972ms, 1%
hip::hip_copy_literal: 0.0261211ms / 56 = 0.000466449ms, 1%
load: 0.0192573ms / 36 = 0.000534926ms, 1%
broadcast: 0.0012261ms / 1 = 0.0012261ms, 1%
@param: 0.00114948ms / 2 = 0.00057474ms, 1%
transpose: 0.00100498ms / 1 = 0.00100498ms, 1%
squeeze: 0.0008027ms / 1 = 0.0008027ms, 1%
hip::hip_allocate_memory: 0.00078352ms / 1 = 0.00078352ms, 1%
check_context::migraphx::gpu::context: 0.00066424ms / 1 = 0.00066424ms, 1%

Batch size: 1
Rate: 59.4829 inferences/sec
Total time: 16.8116ms
Total instructions time: 17.5994ms
Overhead time: 0.0233976ms, -0.787855ms
Overhead: 0%, -5%
[ MIGraphX Version: 2.10.0.ab0fa1276 ] Complete: /src/AMDMIGraphX/build/bin/driver perf --gpu /new-saved-models/slim/mobilenet_i64.pb
