Compiling ... 
Reading: /new-saved-models/slim/mobilenet_i1.pb
module: "main"
@0 = check_context::migraphx::gpu::context  -> float_type, {}, {}, target_id=0
@1 = hip::hip_allocate_memory[shape=int8_type, {6480128}, {1},id=main:scratch] -> int8_type, {6480128}, {1}, target_id=0
@2 = load[offset=1605632,end=2213132](@1) -> float_type, {1, 3, 225, 225}, {151875, 50625, 225, 1}, target_id=0
input = @param:input -> float_type, {1, 3, 224, 224}, {150528, 50176, 224, 1}, target_id=0
@4 = gpu::code_object[code_object=13624,symbol_name=pad_kernel,global=151875,local=1024,](input,@2) -> float_type, {1, 3, 225, 225}, {151875, 50625, 225, 1}, target_id=0
@5 = hip::hip_copy_literal[id=main:@literal:13] -> float_type, {32, 3, 3, 3}, {27, 9, 3, 1}, target_id=0
@6 = load[offset=0,end=0](@1) -> int8_type, {0}, {1}, target_id=0
@7 = load[offset=0,end=1605632](@1) -> float_type, {1, 32, 112, 112}, {401408, 12544, 112, 1}, target_id=0
@8 = gpu::convolution[op={padding={0, 0, 0, 0},stride={2, 2},dilation={1, 1},group=1,padding_mode=0},solution_object={binary_object: 454},algo=0,int8_x4_format=0,solution_id=0](@4,@5,@6,@7) -> float_type, {1, 32, 112, 112}, {401408, 12544, 112, 1}, target_id=0
@9 = hip::hip_copy_literal[id=main:@literal:22] -> float_type, {32, 1, 3, 3}, {9, 9, 3, 1}, target_id=0
@10 = hip::hip_copy_literal[id=main:@literal:28] -> float_type, {32, 1, 1}, {1, 1, 1}, target_id=0
@11 = load[offset=2213136,end=3818768](@1) -> float_type, {1, 32, 112, 112}, {401408, 12544, 112, 1}, target_id=0
@12 = multibroadcast[out_lens={1, 32, 112, 112},out_dyn_dims={}](@10) -> float_type, {1, 32, 112, 112}, {0, 1, 0, 0}, target_id=0
@13 = gpu::code_object[code_object=13632,symbol_name=add_clip_kernel,global=200704,local=1024,](@8,@12,@11) -> float_type, {1, 32, 112, 112}, {401408, 12544, 112, 1}, target_id=0
@14 = load[offset=0,end=0](@1) -> int8_type, {0}, {1}, target_id=0
@15 = load[offset=0,end=1605632](@1) -> float_type, {1, 32, 112, 112}, {401408, 12544, 112, 1}, target_id=0
@16 = gpu::convolution[op={padding={1, 1, 1, 1},stride={1, 1},dilation={1, 1},group=32,padding_mode=0},solution_object={binary_object: 447},algo=0,int8_x4_format=0,solution_id=0](@13,@9,@14,@15) -> float_type, {1, 32, 112, 112}, {401408, 12544, 112, 1}, target_id=0
@17 = hip::hip_copy_literal[id=main:@literal:12] -> float_type, {64, 32, 1, 1}, {32, 1, 1, 1}, target_id=0
@18 = hip::hip_copy_literal[id=main:@literal:16] -> float_type, {32, 1, 1}, {1, 1, 1}, target_id=0
@19 = multibroadcast[out_lens={1, 32, 112, 112},out_dyn_dims={}](@18) -> float_type, {1, 32, 112, 112}, {0, 1, 0, 0}, target_id=0
@20 = load[offset=3211264,end=4816896](@1) -> float_type, {1, 32, 112, 112}, {401408, 12544, 112, 1}, target_id=0
@21 = gpu::code_object[code_object=13632,symbol_name=add_clip_kernel,global=200704,local=1024,](@16,@19,@20) -> float_type, {1, 32, 112, 112}, {401408, 12544, 112, 1}, target_id=0
@22 = load[offset=0,end=0](@1) -> int8_type, {0}, {1}, target_id=0
@23 = load[offset=0,end=3211264](@1) -> float_type, {1, 64, 112, 112}, {802816, 12544, 112, 1}, target_id=0
@24 = gpu::convolution[op={padding={0, 0, 0, 0},stride={1, 1},dilation={1, 1},group=1,padding_mode=0},solution_object={binary_object: 468},algo=0,int8_x4_format=0,solution_id=0](@21,@17,@22,@23) -> float_type, {1, 64, 112, 112}, {802816, 12544, 112, 1}, target_id=0
@25 = hip::hip_copy_literal[id=main:@literal:37] -> float_type, {64, 1, 3, 3}, {9, 9, 3, 1}, target_id=0
@26 = hip::hip_copy_literal[id=main:@literal:35] -> float_type, {64, 1, 1}, {1, 1, 1}, target_id=0
@27 = multibroadcast[out_lens={1, 64, 112, 112},out_dyn_dims={}](@26) -> float_type, {1, 64, 112, 112}, {0, 1, 0, 0}, target_id=0
@28 = load[offset=3268864,end=6480128](@1) -> float_type, {1, 64, 112, 112}, {802816, 12544, 112, 1}, target_id=0
@29 = gpu::code_object[code_object=13632,symbol_name=add_clip_kernel,global=401408,local=1024,](@24,@27,@28) -> float_type, {1, 64, 112, 112}, {802816, 12544, 112, 1}, target_id=0
@30 = load[offset=0,end=3268864](@1) -> float_type, {1, 64, 113, 113}, {817216, 12769, 113, 1}, target_id=0
@31 = gpu::code_object[code_object=13624,symbol_name=pad_kernel,global=307200,local=1024,](@29,@30) -> float_type, {1, 64, 113, 113}, {817216, 12769, 113, 1}, target_id=0
@32 = load[offset=0,end=0](@1) -> int8_type, {0}, {1}, target_id=0
@33 = load[offset=3268864,end=4071680](@1) -> float_type, {1, 64, 56, 56}, {200704, 3136, 56, 1}, target_id=0
@34 = gpu::convolution[op={padding={0, 0, 0, 0},stride={2, 2},dilation={1, 1},group=64,padding_mode=0},solution_object={binary_object: 446},algo=0,int8_x4_format=0,solution_id=0](@31,@25,@32,@33) -> float_type, {1, 64, 56, 56}, {200704, 3136, 56, 1}, target_id=0
@35 = hip::hip_copy_literal[id=main:@literal:8] -> float_type, {128, 64, 1, 1}, {64, 1, 1, 1}, target_id=0
@36 = hip::hip_copy_literal[id=main:@literal:41] -> float_type, {64, 1, 1}, {1, 1, 1}, target_id=0
@37 = multibroadcast[out_lens={1, 64, 56, 56},out_dyn_dims={}](@36) -> float_type, {1, 64, 56, 56}, {0, 1, 0, 0}, target_id=0
@38 = load[offset=0,end=802816](@1) -> float_type, {1, 64, 56, 56}, {200704, 3136, 56, 1}, target_id=0
@39 = gpu::code_object[code_object=13632,symbol_name=add_clip_kernel,global=100352,local=1024,](@34,@37,@38) -> float_type, {1, 64, 56, 56}, {200704, 3136, 56, 1}, target_id=0
@40 = load[offset=0,end=0](@1) -> int8_type, {0}, {1}, target_id=0
@41 = load[offset=3211264,end=4816896](@1) -> float_type, {1, 128, 56, 56}, {401408, 3136, 56, 1}, target_id=0
@42 = gpu::convolution[op={padding={0, 0, 0, 0},stride={1, 1},dilation={1, 1},group=1,padding_mode=0},solution_object={binary_object: 470},algo=0,int8_x4_format=0,solution_id=0](@39,@35,@40,@41) -> float_type, {1, 128, 56, 56}, {401408, 3136, 56, 1}, target_id=0
@43 = hip::hip_copy_literal[id=main:@literal:39] -> float_type, {128, 1, 1}, {1, 1, 1}, target_id=0
@44 = hip::hip_copy_literal[id=main:@literal:33] -> float_type, {128, 1, 3, 3}, {9, 9, 3, 1}, target_id=0
@45 = multibroadcast[out_lens={1, 128, 56, 56},out_dyn_dims={}](@43) -> float_type, {1, 128, 56, 56}, {0, 1, 0, 0}, target_id=0
@46 = load[offset=1605632,end=3211264](@1) -> float_type, {1, 128, 56, 56}, {401408, 3136, 56, 1}, target_id=0
@47 = gpu::code_object[code_object=13632,symbol_name=add_clip_kernel,global=200704,local=1024,](@42,@45,@46) -> float_type, {1, 128, 56, 56}, {401408, 3136, 56, 1}, target_id=0
@48 = load[offset=0,end=0](@1) -> int8_type, {0}, {1}, target_id=0
@49 = load[offset=4014080,end=5619712](@1) -> float_type, {1, 128, 56, 56}, {401408, 3136, 56, 1}, target_id=0
@50 = gpu::convolution[op={padding={1, 1, 1, 1},stride={1, 1},dilation={1, 1},group=128,padding_mode=0},solution_object={binary_object: 451},algo=0,int8_x4_format=0,solution_id=0](@47,@44,@48,@49) -> float_type, {1, 128, 56, 56}, {401408, 3136, 56, 1}, target_id=0
@51 = hip::hip_copy_literal[id=main:@literal:10] -> float_type, {128, 128, 1, 1}, {128, 1, 1, 1}, target_id=0
@52 = hip::hip_copy_literal[id=main:@literal:42] -> float_type, {128, 1, 1}, {1, 1, 1}, target_id=0
@53 = load[offset=1605632,end=3211264](@1) -> float_type, {1, 128, 56, 56}, {401408, 3136, 56, 1}, target_id=0
@54 = multibroadcast[out_lens={1, 128, 56, 56},out_dyn_dims={}](@52) -> float_type, {1, 128, 56, 56}, {0, 1, 0, 0}, target_id=0
@55 = gpu::code_object[code_object=13632,symbol_name=add_clip_kernel,global=200704,local=1024,](@50,@54,@53) -> float_type, {1, 128, 56, 56}, {401408, 3136, 56, 1}, target_id=0
@56 = load[offset=0,end=0](@1) -> int8_type, {0}, {1}, target_id=0
@57 = load[offset=0,end=1605632](@1) -> float_type, {1, 128, 56, 56}, {401408, 3136, 56, 1}, target_id=0
@58 = gpu::convolution[op={padding={0, 0, 0, 0},stride={1, 1},dilation={1, 1},group=1,padding_mode=0},solution_object={binary_object: 473},algo=0,int8_x4_format=0,solution_id=0](@55,@51,@56,@57) -> float_type, {1, 128, 56, 56}, {401408, 3136, 56, 1}, target_id=0
@59 = hip::hip_copy_literal[id=main:@literal:40] -> float_type, {128, 1, 3, 3}, {9, 9, 3, 1}, target_id=0
@60 = hip::hip_copy_literal[id=main:@literal:43] -> float_type, {128, 1, 1}, {1, 1, 1}, target_id=0
@61 = load[offset=3269120,end=4874752](@1) -> float_type, {1, 128, 56, 56}, {401408, 3136, 56, 1}, target_id=0
@62 = multibroadcast[out_lens={1, 128, 56, 56},out_dyn_dims={}](@60) -> float_type, {1, 128, 56, 56}, {0, 1, 0, 0}, target_id=0
@63 = gpu::code_object[code_object=13632,symbol_name=add_clip_kernel,global=200704,local=1024,](@58,@62,@61) -> float_type, {1, 128, 56, 56}, {401408, 3136, 56, 1}, target_id=0
@64 = load[offset=1605632,end=3269120](@1) -> float_type, {1, 128, 57, 57}, {415872, 3249, 57, 1}, target_id=0
@65 = gpu::code_object[code_object=13624,symbol_name=pad_kernel,global=307200,local=1024,](@63,@64) -> float_type, {1, 128, 57, 57}, {415872, 3249, 57, 1}, target_id=0
@66 = load[offset=0,end=0](@1) -> int8_type, {0}, {1}, target_id=0
@67 = load[offset=802816,end=1204224](@1) -> float_type, {1, 128, 28, 28}, {100352, 784, 28, 1}, target_id=0
@68 = gpu::convolution[op={padding={0, 0, 0, 0},stride={2, 2},dilation={1, 1},group=128,padding_mode=0},solution_object={binary_object: 450},algo=0,int8_x4_format=0,solution_id=0](@65,@59,@66,@67) -> float_type, {1, 128, 28, 28}, {100352, 784, 28, 1}, target_id=0
@69 = hip::hip_copy_literal[id=main:@literal:6] -> float_type, {256, 128, 1, 1}, {128, 1, 1, 1}, target_id=0
@70 = hip::hip_copy_literal[id=main:@literal:26] -> float_type, {128, 1, 1}, {1, 1, 1}, target_id=0
@71 = multibroadcast[out_lens={1, 128, 28, 28},out_dyn_dims={}](@70) -> float_type, {1, 128, 28, 28}, {0, 1, 0, 0}, target_id=0
@72 = load[offset=401408,end=802816](@1) -> float_type, {1, 128, 28, 28}, {100352, 784, 28, 1}, target_id=0
@73 = gpu::code_object[code_object=13632,symbol_name=add_clip_kernel,global=50176,local=1024,](@68,@71,@72) -> float_type, {1, 128, 28, 28}, {100352, 784, 28, 1}, target_id=0
@74 = load[offset=0,end=0](@1) -> int8_type, {0}, {1}, target_id=0
@75 = load[offset=1605632,end=2408448](@1) -> float_type, {1, 256, 28, 28}, {200704, 784, 28, 1}, target_id=0
@76 = gpu::convolution[op={padding={0, 0, 0, 0},stride={1, 1},dilation={1, 1},group=1,padding_mode=0},solution_object={binary_object: 496},algo=0,int8_x4_format=0,solution_id=0](@73,@69,@74,@75) -> float_type, {1, 256, 28, 28}, {200704, 784, 28, 1}, target_id=0
@77 = hip::hip_copy_literal[id=main:@literal:24] -> float_type, {256, 1, 3, 3}, {9, 9, 3, 1}, target_id=0
@78 = hip::hip_copy_literal[id=main:@literal:34] -> float_type, {256, 1, 1}, {1, 1, 1}, target_id=0
@79 = multibroadcast[out_lens={1, 256, 28, 28},out_dyn_dims={}](@78) -> float_type, {1, 256, 28, 28}, {0, 1, 0, 0}, target_id=0
@80 = load[offset=802816,end=1605632](@1) -> float_type, {1, 256, 28, 28}, {200704, 784, 28, 1}, target_id=0
@81 = gpu::code_object[code_object=13632,symbol_name=add_clip_kernel,global=100352,local=1024,](@76,@79,@80) -> float_type, {1, 256, 28, 28}, {200704, 784, 28, 1}, target_id=0
@82 = load[offset=0,end=0](@1) -> int8_type, {0}, {1}, target_id=0
@83 = load[offset=2007040,end=2809856](@1) -> float_type, {1, 256, 28, 28}, {200704, 784, 28, 1}, target_id=0
@84 = gpu::convolution[op={padding={1, 1, 1, 1},stride={1, 1},dilation={1, 1},group=256,padding_mode=0},solution_object={binary_object: 455},algo=0,int8_x4_format=0,solution_id=0](@81,@77,@82,@83) -> float_type, {1, 256, 28, 28}, {200704, 784, 28, 1}, target_id=0
@85 = hip::hip_copy_literal[id=main:@literal:3] -> float_type, {256, 256, 1, 1}, {256, 1, 1, 1}, target_id=0
@86 = hip::hip_copy_literal[id=main:@literal:23] -> float_type, {256, 1, 1}, {1, 1, 1}, target_id=0
@87 = multibroadcast[out_lens={1, 256, 28, 28},out_dyn_dims={}](@86) -> float_type, {1, 256, 28, 28}, {0, 1, 0, 0}, target_id=0
@88 = load[offset=802816,end=1605632](@1) -> float_type, {1, 256, 28, 28}, {200704, 784, 28, 1}, target_id=0
@89 = gpu::code_object[code_object=13632,symbol_name=add_clip_kernel,global=100352,local=1024,](@84,@87,@88) -> float_type, {1, 256, 28, 28}, {200704, 784, 28, 1}, target_id=0
@90 = load[offset=0,end=0](@1) -> int8_type, {0}, {1}, target_id=0
@91 = load[offset=0,end=802816](@1) -> float_type, {1, 256, 28, 28}, {200704, 784, 28, 1}, target_id=0
@92 = gpu::convolution[op={padding={0, 0, 0, 0},stride={1, 1},dilation={1, 1},group=1,padding_mode=0},solution_object={binary_object: 499},algo=0,int8_x4_format=0,solution_id=0](@89,@85,@90,@91) -> float_type, {1, 256, 28, 28}, {200704, 784, 28, 1}, target_id=0
@93 = hip::hip_copy_literal[id=main:@literal:21] -> float_type, {256, 1, 1}, {1, 1, 1}, target_id=0
@94 = hip::hip_copy_literal[id=main:@literal:20] -> float_type, {256, 1, 3, 3}, {9, 9, 3, 1}, target_id=0
@95 = multibroadcast[out_lens={1, 256, 28, 28},out_dyn_dims={}](@93) -> float_type, {1, 256, 28, 28}, {0, 1, 0, 0}, target_id=0
@96 = load[offset=1664000,end=2466816](@1) -> float_type, {1, 256, 28, 28}, {200704, 784, 28, 1}, target_id=0
@97 = gpu::code_object[code_object=13632,symbol_name=add_clip_kernel,global=100352,local=1024,](@92,@95,@96) -> float_type, {1, 256, 28, 28}, {200704, 784, 28, 1}, target_id=0
@98 = load[offset=802816,end=1664000](@1) -> float_type, {1, 256, 29, 29}, {215296, 841, 29, 1}, target_id=0
@99 = gpu::code_object[code_object=13624,symbol_name=pad_kernel,global=215296,local=1024,](@97,@98) -> float_type, {1, 256, 29, 29}, {215296, 841, 29, 1}, target_id=0
@100 = load[offset=0,end=0](@1) -> int8_type, {0}, {1}, target_id=0
@101 = load[offset=0,end=200704](@1) -> float_type, {1, 256, 14, 14}, {50176, 196, 14, 1}, target_id=0
@102 = gpu::convolution[op={padding={0, 0, 0, 0},stride={2, 2},dilation={1, 1},group=256,padding_mode=0},solution_object={binary_object: 456},algo=0,int8_x4_format=0,solution_id=0](@99,@94,@100,@101) -> float_type, {1, 256, 14, 14}, {50176, 196, 14, 1}, target_id=0
@103 = hip::hip_copy_literal[id=main:@literal:5] -> float_type, {512, 256, 1, 1}, {256, 1, 1, 1}, target_id=0
@104 = hip::hip_copy_literal[id=main:@literal:19] -> float_type, {256, 1, 1}, {1, 1, 1}, target_id=0
@105 = multibroadcast[out_lens={1, 256, 14, 14},out_dyn_dims={}](@104) -> float_type, {1, 256, 14, 14}, {0, 1, 0, 0}, target_id=0
@106 = load[offset=401408,end=602112](@1) -> float_type, {1, 256, 14, 14}, {50176, 196, 14, 1}, target_id=0
@107 = gpu::code_object[code_object=13632,symbol_name=add_clip_kernel,global=25088,local=1024,](@102,@105,@106) -> float_type, {1, 256, 14, 14}, {50176, 196, 14, 1}, target_id=0
@108 = load[offset=0,end=0](@1) -> int8_type, {0}, {1}, target_id=0
@109 = load[offset=0,end=401408](@1) -> float_type, {1, 512, 14, 14}, {100352, 196, 14, 1}, target_id=0
@110 = gpu::convolution[op={padding={0, 0, 0, 0},stride={1, 1},dilation={1, 1},group=1,padding_mode=0},solution_object={binary_object: 457},algo=0,int8_x4_format=0,solution_id=0](@107,@103,@108,@109) -> float_type, {1, 512, 14, 14}, {100352, 196, 14, 1}, target_id=0
@111 = hip::hip_copy_literal[id=main:@literal:17] -> float_type, {512, 1, 1}, {1, 1, 1}, target_id=0
@112 = hip::hip_copy_literal[id=main:@literal:31] -> float_type, {512, 1, 3, 3}, {9, 9, 3, 1}, target_id=0
@113 = multibroadcast[out_lens={1, 512, 14, 14},out_dyn_dims={}](@111) -> float_type, {1, 512, 14, 14}, {0, 1, 0, 0}, target_id=0
@114 = load[offset=602112,end=1003520](@1) -> float_type, {1, 512, 14, 14}, {100352, 196, 14, 1}, target_id=0
@115 = gpu::code_object[code_object=13632,symbol_name=add_clip_kernel,global=50176,local=1024,](@110,@113,@114) -> float_type, {1, 512, 14, 14}, {100352, 196, 14, 1}, target_id=0
@116 = load[offset=0,end=0](@1) -> int8_type, {0}, {1}, target_id=0
@117 = load[offset=0,end=401408](@1) -> float_type, {1, 512, 14, 14}, {100352, 196, 14, 1}, target_id=0
@118 = gpu::convolution[op={padding={1, 1, 1, 1},stride={1, 1},dilation={1, 1},group=512,padding_mode=0},solution_object={binary_object: 452},algo=0,int8_x4_format=0,solution_id=0](@115,@112,@116,@117) -> float_type, {1, 512, 14, 14}, {100352, 196, 14, 1}, target_id=0
@119 = hip::hip_copy_literal[id=main:@literal:1] -> float_type, {512, 512, 1, 1}, {512, 1, 1, 1}, target_id=0
@120 = hip::hip_copy_literal[id=main:@literal:15] -> float_type, {512, 1, 1}, {1, 1, 1}, target_id=0
@121 = load[offset=802816,end=1204224](@1) -> float_type, {1, 512, 14, 14}, {100352, 196, 14, 1}, target_id=0
@122 = multibroadcast[out_lens={1, 512, 14, 14},out_dyn_dims={}](@120) -> float_type, {1, 512, 14, 14}, {0, 1, 0, 0}, target_id=0
@123 = gpu::code_object[code_object=13632,symbol_name=add_clip_kernel,global=50176,local=1024,](@118,@122,@121) -> float_type, {1, 512, 14, 14}, {100352, 196, 14, 1}, target_id=0
@124 = load[offset=0,end=0](@1) -> int8_type, {0}, {1}, target_id=0
@125 = load[offset=401408,end=802816](@1) -> float_type, {1, 512, 14, 14}, {100352, 196, 14, 1}, target_id=0
@126 = gpu::convolution[op={padding={0, 0, 0, 0},stride={1, 1},dilation={1, 1},group=1,padding_mode=0},solution_object={binary_object: 459},algo=0,int8_x4_format=0,solution_id=0](@123,@119,@124,@125) -> float_type, {1, 512, 14, 14}, {100352, 196, 14, 1}, target_id=0
@127 = hip::hip_copy_literal[id=main:@literal:30] -> float_type, {512, 1, 3, 3}, {9, 9, 3, 1}, target_id=0
@128 = hip::hip_copy_literal[id=main:@literal:32] -> float_type, {512, 1, 1}, {1, 1, 1}, target_id=0
@129 = load[offset=0,end=401408](@1) -> float_type, {1, 512, 14, 14}, {100352, 196, 14, 1}, target_id=0
@130 = multibroadcast[out_lens={1, 512, 14, 14},out_dyn_dims={}](@128) -> float_type, {1, 512, 14, 14}, {0, 1, 0, 0}, target_id=0
@131 = gpu::code_object[code_object=13632,symbol_name=add_clip_kernel,global=50176,local=1024,](@126,@130,@129) -> float_type, {1, 512, 14, 14}, {100352, 196, 14, 1}, target_id=0
@132 = load[offset=0,end=0](@1) -> int8_type, {0}, {1}, target_id=0
@133 = load[offset=802816,end=1204224](@1) -> float_type, {1, 512, 14, 14}, {100352, 196, 14, 1}, target_id=0
@134 = gpu::convolution[op={padding={1, 1, 1, 1},stride={1, 1},dilation={1, 1},group=512,padding_mode=0},solution_object={binary_object: 452},algo=0,int8_x4_format=0,solution_id=0](@131,@127,@132,@133) -> float_type, {1, 512, 14, 14}, {100352, 196, 14, 1}, target_id=0
@135 = hip::hip_copy_literal[id=main:@literal:27] -> float_type, {512, 1, 1}, {1, 1, 1}, target_id=0
@136 = hip::hip_copy_literal[id=main:@literal:0] -> float_type, {512, 512, 1, 1}, {512, 1, 1, 1}, target_id=0
@137 = load[offset=401408,end=802816](@1) -> float_type, {1, 512, 14, 14}, {100352, 196, 14, 1}, target_id=0
@138 = multibroadcast[out_lens={1, 512, 14, 14},out_dyn_dims={}](@135) -> float_type, {1, 512, 14, 14}, {0, 1, 0, 0}, target_id=0
@139 = gpu::code_object[code_object=13632,symbol_name=add_clip_kernel,global=50176,local=1024,](@134,@138,@137) -> float_type, {1, 512, 14, 14}, {100352, 196, 14, 1}, target_id=0
@140 = load[offset=0,end=0](@1) -> int8_type, {0}, {1}, target_id=0
@141 = load[offset=0,end=401408](@1) -> float_type, {1, 512, 14, 14}, {100352, 196, 14, 1}, target_id=0
@142 = gpu::convolution[op={padding={0, 0, 0, 0},stride={1, 1},dilation={1, 1},group=1,padding_mode=0},solution_object={binary_object: 459},algo=0,int8_x4_format=0,solution_id=0](@139,@136,@140,@141) -> float_type, {1, 512, 14, 14}, {100352, 196, 14, 1}, target_id=0
@143 = hip::hip_copy_literal[id=main:@literal:45] -> float_type, {512, 1, 3, 3}, {9, 9, 3, 1}, target_id=0
@144 = hip::hip_copy_literal[id=main:@literal:38] -> float_type, {512, 1, 1}, {1, 1, 1}, target_id=0
@145 = load[offset=802816,end=1204224](@1) -> float_type, {1, 512, 14, 14}, {100352, 196, 14, 1}, target_id=0
@146 = multibroadcast[out_lens={1, 512, 14, 14},out_dyn_dims={}](@144) -> float_type, {1, 512, 14, 14}, {0, 1, 0, 0}, target_id=0
@147 = gpu::code_object[code_object=13632,symbol_name=add_clip_kernel,global=50176,local=1024,](@142,@146,@145) -> float_type, {1, 512, 14, 14}, {100352, 196, 14, 1}, target_id=0
@148 = load[offset=0,end=0](@1) -> int8_type, {0}, {1}, target_id=0
@149 = load[offset=401408,end=802816](@1) -> float_type, {1, 512, 14, 14}, {100352, 196, 14, 1}, target_id=0
@150 = gpu::convolution[op={padding={1, 1, 1, 1},stride={1, 1},dilation={1, 1},group=512,padding_mode=0},solution_object={binary_object: 452},algo=0,int8_x4_format=0,solution_id=0](@147,@143,@148,@149) -> float_type, {1, 512, 14, 14}, {100352, 196, 14, 1}, target_id=0
@151 = hip::hip_copy_literal[id=main:@literal:9] -> float_type, {512, 512, 1, 1}, {512, 1, 1, 1}, target_id=0
@152 = hip::hip_copy_literal[id=main:@literal:25] -> float_type, {512, 1, 1}, {1, 1, 1}, target_id=0
@153 = load[offset=0,end=401408](@1) -> float_type, {1, 512, 14, 14}, {100352, 196, 14, 1}, target_id=0
@154 = multibroadcast[out_lens={1, 512, 14, 14},out_dyn_dims={}](@152) -> float_type, {1, 512, 14, 14}, {0, 1, 0, 0}, target_id=0
@155 = gpu::code_object[code_object=13632,symbol_name=add_clip_kernel,global=50176,local=1024,](@150,@154,@153) -> float_type, {1, 512, 14, 14}, {100352, 196, 14, 1}, target_id=0
@156 = load[offset=0,end=0](@1) -> int8_type, {0}, {1}, target_id=0
@157 = load[offset=802816,end=1204224](@1) -> float_type, {1, 512, 14, 14}, {100352, 196, 14, 1}, target_id=0
@158 = gpu::convolution[op={padding={0, 0, 0, 0},stride={1, 1},dilation={1, 1},group=1,padding_mode=0},solution_object={binary_object: 459},algo=0,int8_x4_format=0,solution_id=0](@155,@151,@156,@157) -> float_type, {1, 512, 14, 14}, {100352, 196, 14, 1}, target_id=0
@159 = hip::hip_copy_literal[id=main:@literal:29] -> float_type, {512, 1, 1}, {1, 1, 1}, target_id=0
@160 = hip::hip_copy_literal[id=main:@literal:46] -> float_type, {512, 1, 3, 3}, {9, 9, 3, 1}, target_id=0
@161 = load[offset=401408,end=802816](@1) -> float_type, {1, 512, 14, 14}, {100352, 196, 14, 1}, target_id=0
@162 = multibroadcast[out_lens={1, 512, 14, 14},out_dyn_dims={}](@159) -> float_type, {1, 512, 14, 14}, {0, 1, 0, 0}, target_id=0
@163 = gpu::code_object[code_object=13632,symbol_name=add_clip_kernel,global=50176,local=1024,](@158,@162,@161) -> float_type, {1, 512, 14, 14}, {100352, 196, 14, 1}, target_id=0
@164 = load[offset=0,end=0](@1) -> int8_type, {0}, {1}, target_id=0
@165 = load[offset=0,end=401408](@1) -> float_type, {1, 512, 14, 14}, {100352, 196, 14, 1}, target_id=0
@166 = gpu::convolution[op={padding={1, 1, 1, 1},stride={1, 1},dilation={1, 1},group=512,padding_mode=0},solution_object={binary_object: 452},algo=0,int8_x4_format=0,solution_id=0](@163,@160,@164,@165) -> float_type, {1, 512, 14, 14}, {100352, 196, 14, 1}, target_id=0
@167 = hip::hip_copy_literal[id=main:@literal:4] -> float_type, {512, 512, 1, 1}, {512, 1, 1, 1}, target_id=0
@168 = hip::hip_copy_literal[id=main:@literal:48] -> float_type, {512, 1, 1}, {1, 1, 1}, target_id=0
@169 = load[offset=802816,end=1204224](@1) -> float_type, {1, 512, 14, 14}, {100352, 196, 14, 1}, target_id=0
@170 = multibroadcast[out_lens={1, 512, 14, 14},out_dyn_dims={}](@168) -> float_type, {1, 512, 14, 14}, {0, 1, 0, 0}, target_id=0
@171 = gpu::code_object[code_object=13632,symbol_name=add_clip_kernel,global=50176,local=1024,](@166,@170,@169) -> float_type, {1, 512, 14, 14}, {100352, 196, 14, 1}, target_id=0
@172 = load[offset=0,end=0](@1) -> int8_type, {0}, {1}, target_id=0
@173 = load[offset=401408,end=802816](@1) -> float_type, {1, 512, 14, 14}, {100352, 196, 14, 1}, target_id=0
@174 = gpu::convolution[op={padding={0, 0, 0, 0},stride={1, 1},dilation={1, 1},group=1,padding_mode=0},solution_object={binary_object: 459},algo=0,int8_x4_format=0,solution_id=0](@171,@167,@172,@173) -> float_type, {1, 512, 14, 14}, {100352, 196, 14, 1}, target_id=0
@175 = hip::hip_copy_literal[id=main:@literal:55] -> float_type, {1001}, {1}, target_id=0
@176 = hip::hip_copy_literal[id=main:@literal:2] -> float_type, {512, 512, 1, 1}, {512, 1, 1, 1}, target_id=0
@177 = hip::hip_copy_literal[id=main:@literal:14] -> float_type, {1001, 1024, 1, 1}, {1024, 1, 1, 1}, target_id=0
@178 = hip::hip_copy_literal[id=main:@literal:11] -> float_type, {1024, 1024, 1, 1}, {1024, 1, 1, 1}, target_id=0
@179 = hip::hip_copy_literal[id=main:@literal:53] -> float_type, {1024, 1, 1}, {1, 1, 1}, target_id=0
@180 = hip::hip_copy_literal[id=main:@literal:54] -> float_type, {1024, 1, 1}, {1, 1, 1}, target_id=0
@181 = hip::hip_copy_literal[id=main:@literal:44] -> float_type, {512, 1, 3, 3}, {9, 9, 3, 1}, target_id=0
@182 = hip::hip_copy_literal[id=main:@literal:36] -> float_type, {512, 1, 1}, {1, 1, 1}, target_id=0
@183 = hip::hip_copy_literal[id=main:@literal:7] -> float_type, {1024, 512, 1, 1}, {512, 1, 1, 1}, target_id=0
@184 = hip::hip_copy_literal[id=main:@literal:47] -> float_type, {1024, 1, 3, 3}, {9, 9, 3, 1}, target_id=0
@185 = hip::hip_copy_literal[id=main:@literal:50] -> float_type, {512, 1, 3, 3}, {9, 9, 3, 1}, target_id=0
@186 = hip::hip_copy_literal[id=main:@literal:51] -> float_type, {1024, 1, 1}, {1, 1, 1}, target_id=0
@187 = hip::hip_copy_literal[id=main:@literal:52] -> float_type, {512, 1, 1}, {1, 1, 1}, target_id=0
@188 = hip::hip_copy_literal[id=main:@literal:49] -> float_type, {512, 1, 1}, {1, 1, 1}, target_id=0
@189 = hip::hip_copy_literal[id=main:@literal:18] -> float_type, {512, 1, 1}, {1, 1, 1}, target_id=0
@190 = load[offset=0,end=401408](@1) -> float_type, {1, 512, 14, 14}, {100352, 196, 14, 1}, target_id=0
@191 = multibroadcast[out_lens={1, 512, 14, 14},out_dyn_dims={}](@182) -> float_type, {1, 512, 14, 14}, {0, 1, 0, 0}, target_id=0
@192 = gpu::code_object[code_object=13632,symbol_name=add_clip_kernel,global=50176,local=1024,](@174,@191,@190) -> float_type, {1, 512, 14, 14}, {100352, 196, 14, 1}, target_id=0
@193 = load[offset=0,end=0](@1) -> int8_type, {0}, {1}, target_id=0
@194 = load[offset=802816,end=1204224](@1) -> float_type, {1, 512, 14, 14}, {100352, 196, 14, 1}, target_id=0
@195 = gpu::convolution[op={padding={1, 1, 1, 1},stride={1, 1},dilation={1, 1},group=512,padding_mode=0},solution_object={binary_object: 452},algo=0,int8_x4_format=0,solution_id=0](@192,@181,@193,@194) -> float_type, {1, 512, 14, 14}, {100352, 196, 14, 1}, target_id=0
@196 = load[offset=401408,end=802816](@1) -> float_type, {1, 512, 14, 14}, {100352, 196, 14, 1}, target_id=0
@197 = multibroadcast[out_lens={1, 512, 14, 14},out_dyn_dims={}](@188) -> float_type, {1, 512, 14, 14}, {0, 1, 0, 0}, target_id=0
@198 = gpu::code_object[code_object=13632,symbol_name=add_clip_kernel,global=50176,local=1024,](@195,@197,@196) -> float_type, {1, 512, 14, 14}, {100352, 196, 14, 1}, target_id=0
@199 = load[offset=0,end=0](@1) -> int8_type, {0}, {1}, target_id=0
@200 = load[offset=0,end=401408](@1) -> float_type, {1, 512, 14, 14}, {100352, 196, 14, 1}, target_id=0
@201 = gpu::convolution[op={padding={0, 0, 0, 0},stride={1, 1},dilation={1, 1},group=1,padding_mode=0},solution_object={binary_object: 459},algo=0,int8_x4_format=0,solution_id=0](@198,@176,@199,@200) -> float_type, {1, 512, 14, 14}, {100352, 196, 14, 1}, target_id=0
@202 = load[offset=862208,end=1263616](@1) -> float_type, {1, 512, 14, 14}, {100352, 196, 14, 1}, target_id=0
@203 = multibroadcast[out_lens={1, 512, 14, 14},out_dyn_dims={}](@189) -> float_type, {1, 512, 14, 14}, {0, 1, 0, 0}, target_id=0
@204 = gpu::code_object[code_object=13632,symbol_name=add_clip_kernel,global=50176,local=1024,](@201,@203,@202) -> float_type, {1, 512, 14, 14}, {100352, 196, 14, 1}, target_id=0
@205 = load[offset=401408,end=862208](@1) -> float_type, {1, 512, 15, 15}, {115200, 225, 15, 1}, target_id=0
@206 = gpu::code_object[code_object=13624,symbol_name=pad_kernel,global=115200,local=1024,](@204,@205) -> float_type, {1, 512, 15, 15}, {115200, 225, 15, 1}, target_id=0
@207 = load[offset=0,end=0](@1) -> int8_type, {0}, {1}, target_id=0
@208 = load[offset=0,end=100352](@1) -> float_type, {1, 512, 7, 7}, {25088, 49, 7, 1}, target_id=0
@209 = gpu::convolution[op={padding={0, 0, 0, 0},stride={2, 2},dilation={1, 1},group=512,padding_mode=0},solution_object={binary_object: 454},algo=0,int8_x4_format=0,solution_id=0](@206,@185,@207,@208) -> float_type, {1, 512, 7, 7}, {25088, 49, 7, 1}, target_id=0
@210 = multibroadcast[out_lens={1, 512, 7, 7},out_dyn_dims={}](@187) -> float_type, {1, 512, 7, 7}, {0, 1, 0, 0}, target_id=0
@211 = load[offset=200704,end=301056](@1) -> float_type, {1, 512, 7, 7}, {25088, 49, 7, 1}, target_id=0
@212 = gpu::code_object[code_object=13632,symbol_name=add_clip_kernel,global=25088,local=1024,](@209,@210,@211) -> float_type, {1, 512, 7, 7}, {25088, 49, 7, 1}, target_id=0
@213 = load[offset=0,end=0](@1) -> int8_type, {0}, {1}, target_id=0
@214 = load[offset=0,end=200704](@1) -> float_type, {1, 1024, 7, 7}, {50176, 49, 7, 1}, target_id=0
@215 = gpu::convolution[op={padding={0, 0, 0, 0},stride={1, 1},dilation={1, 1},group=1,padding_mode=0},solution_object={binary_object: 453},algo=0,int8_x4_format=0,solution_id=0](@212,@183,@213,@214) -> float_type, {1, 1024, 7, 7}, {50176, 49, 7, 1}, target_id=0
@216 = multibroadcast[out_lens={1, 1024, 7, 7},out_dyn_dims={}](@179) -> float_type, {1, 1024, 7, 7}, {0, 1, 0, 0}, target_id=0
@217 = load[offset=301056,end=501760](@1) -> float_type, {1, 1024, 7, 7}, {50176, 49, 7, 1}, target_id=0
@218 = gpu::code_object[code_object=13632,symbol_name=add_clip_kernel,global=50176,local=1024,](@215,@216,@217) -> float_type, {1, 1024, 7, 7}, {50176, 49, 7, 1}, target_id=0
@219 = load[offset=0,end=0](@1) -> int8_type, {0}, {1}, target_id=0
@220 = load[offset=0,end=200704](@1) -> float_type, {1, 1024, 7, 7}, {50176, 49, 7, 1}, target_id=0
@221 = gpu::convolution[op={padding={1, 1, 1, 1},stride={1, 1},dilation={1, 1},group=1024,padding_mode=0},solution_object={binary_object: 443},algo=0,int8_x4_format=0,solution_id=0](@218,@184,@219,@220) -> float_type, {1, 1024, 7, 7}, {50176, 49, 7, 1}, target_id=0
@222 = load[offset=405504,end=606208](@1) -> float_type, {1, 1024, 7, 7}, {50176, 49, 7, 1}, target_id=0
@223 = multibroadcast[out_lens={1, 1024, 7, 7},out_dyn_dims={}](@180) -> float_type, {1, 1024, 7, 7}, {0, 1, 0, 0}, target_id=0
@224 = gpu::code_object[code_object=13632,symbol_name=add_clip_kernel,global=50176,local=1024,](@221,@223,@222) -> float_type, {1, 1024, 7, 7}, {50176, 49, 7, 1}, target_id=0
@225 = load[offset=0,end=0](@1) -> int8_type, {0}, {1}, target_id=0
@226 = load[offset=204800,end=405504](@1) -> float_type, {1, 1024, 7, 7}, {50176, 49, 7, 1}, target_id=0
@227 = gpu::convolution[op={padding={0, 0, 0, 0},stride={1, 1},dilation={1, 1},group=1,padding_mode=0},solution_object={binary_object: 453},algo=0,int8_x4_format=0,solution_id=0](@224,@178,@225,@226) -> float_type, {1, 1024, 7, 7}, {50176, 49, 7, 1}, target_id=0
@228 = multibroadcast[out_lens={1, 1024, 7, 7},out_dyn_dims={}](@186) -> float_type, {1, 1024, 7, 7}, {0, 1, 0, 0}, target_id=0
@229 = load[offset=4096,end=204800](@1) -> float_type, {1, 1024, 7, 7}, {50176, 49, 7, 1}, target_id=0
@230 = gpu::code_object[code_object=13632,symbol_name=add_clip_kernel,global=50176,local=1024,](@227,@228,@229) -> float_type, {1, 1024, 7, 7}, {50176, 49, 7, 1}, target_id=0
@231 = load[offset=204800,end=208896](@1) -> float_type, {1, 1024, 1, 1}, {1024, 1, 1, 1}, target_id=0
@232 = gpu::pooling[mode=average,padding={0, 0, 0, 0},stride={2, 2},lengths={7, 7},ceil_mode=0,lp_order=2,dyn_global=0](@230,@231) -> float_type, {1, 1024, 1, 1}, {1024, 1, 1, 1}, target_id=0
@233 = load[offset=0,end=0](@1) -> int8_type, {0}, {1}, target_id=0
@234 = load[offset=4016,end=8020](@1) -> float_type, {1, 1001, 1, 1}, {1001, 1, 1, 1}, target_id=0
@235 = gpu::convolution[op={padding={0, 0, 0, 0},stride={1, 1},dilation={1, 1},group=1,padding_mode=0},solution_object={binary_object: 548},algo=0,int8_x4_format=0,solution_id=0](@232,@177,@233,@234) -> float_type, {1, 1001, 1, 1}, {1001, 1, 1, 1}, target_id=0
@236 = load[offset=8032,end=12036](@1) -> float_type, {1, 1001, 1, 1}, {1001, 1, 1, 1}, target_id=0
@237 = broadcast[axis=1,out_lens={1, 1001, 1, 1}](@175) -> float_type, {1, 1001, 1, 1}, {0, 1, 0, 0}, target_id=0
@238 = gpu::code_object[code_object=13624,symbol_name=add_kernel,global=1001,local=1024,](@235,@237,@236) -> float_type, {1, 1001, 1, 1}, {1001, 1, 1, 1}, target_id=0
main:#output_0 = @param:main:#output_0 -> float_type, {1, 1001}, {1001, 1}, target_id=0
@240 = transpose[permutation={0, 2, 3, 1}](@238) -> float_type, {1, 1, 1, 1001}, {1001, 1, 1, 1}, target_id=0
@241 = squeeze[axes={1, 2}](@240) -> float_type, {1, 1001}, {1001, 1}, target_id=0
@242 = gpu::code_object[code_object=13632,symbol_name=softmax_kernel,global=256,local=256,](@241,main:#output_0) -> float_type, {1, 1001}, {1001, 1}, target_id=0
@243 = @return(@242), target_id=0


Allocating params ... 
Running performance report ... 
@0 = check_context::migraphx::gpu::context  -> float_type, {}, {}, target_id=0: 0.0009331ms, 1%
@1 = hip::hip_allocate_memory[shape=int8_type, {6480128}, {1},id=main:scratch] -> int8_type, {6480128}, {1}, target_id=0: 0.00088722ms, 1%
@2 = load[offset=1605632,end=2213132](@1) -> float_type, {1, 3, 225, 225}, {151875, 50625, 225, 1}, target_id=0: 0.0007945ms, 1%
input = @param:input -> float_type, {1, 3, 224, 224}, {150528, 50176, 224, 1}, target_id=0: 0.00044888ms, 1%
@4 = gpu::code_object[code_object=13624,symbol_name=pad_kernel,global=151875,local=1024,](input,@2) -> float_type, {1, 3, 225, 225}, {151875, 50625, 225, 1}, target_id=0: 0.0213755ms, 2%
@5 = hip::hip_copy_literal[id=main:@literal:13] -> float_type, {32, 3, 3, 3}, {27, 9, 3, 1}, target_id=0: 0.00084878ms, 1%
@6 = load[offset=0,end=0](@1) -> int8_type, {0}, {1}, target_id=0: 0.00067458ms, 1%
@7 = load[offset=0,end=1605632](@1) -> float_type, {1, 32, 112, 112}, {401408, 12544, 112, 1}, target_id=0: 0.00061704ms, 1%
@8 = gpu::convolution[op={padding={0, 0, 0, 0},stride={2, 2},dilation={1, 1},group=1,padding_mode=0},solution_object={binary_object: 454},algo=0,int8_x4_format=0,solution_id=0](@4,@5,@6,@7) -> float_type, {1, 32, 112, 112}, {401408, 12544, 112, 1}, target_id=0: 0.0305745ms, 2%
@9 = hip::hip_copy_literal[id=main:@literal:22] -> float_type, {32, 1, 3, 3}, {9, 9, 3, 1}, target_id=0: 0.00079672ms, 1%
@10 = hip::hip_copy_literal[id=main:@literal:28] -> float_type, {32, 1, 1}, {1, 1, 1}, target_id=0: 0.0006188ms, 1%
@11 = load[offset=2213136,end=3818768](@1) -> float_type, {1, 32, 112, 112}, {401408, 12544, 112, 1}, target_id=0: 0.00070848ms, 1%
@12 = multibroadcast[out_lens={1, 32, 112, 112},out_dyn_dims={}](@10) -> float_type, {1, 32, 112, 112}, {0, 1, 0, 0}, target_id=0: 0.0010974ms, 1%
@13 = gpu::code_object[code_object=13632,symbol_name=add_clip_kernel,global=200704,local=1024,](@8,@12,@11) -> float_type, {1, 32, 112, 112}, {401408, 12544, 112, 1}, target_id=0: 0.0208039ms, 2%
@14 = load[offset=0,end=0](@1) -> int8_type, {0}, {1}, target_id=0: 0.00077196ms, 1%
@15 = load[offset=0,end=1605632](@1) -> float_type, {1, 32, 112, 112}, {401408, 12544, 112, 1}, target_id=0: 0.00064148ms, 1%
@16 = gpu::convolution[op={padding={1, 1, 1, 1},stride={1, 1},dilation={1, 1},group=32,padding_mode=0},solution_object={binary_object: 447},algo=0,int8_x4_format=0,solution_id=0](@13,@9,@14,@15) -> float_type, {1, 32, 112, 112}, {401408, 12544, 112, 1}, target_id=0: 0.029932ms, 2%
@17 = hip::hip_copy_literal[id=main:@literal:12] -> float_type, {64, 32, 1, 1}, {32, 1, 1, 1}, target_id=0: 0.00078222ms, 1%
@18 = hip::hip_copy_literal[id=main:@literal:16] -> float_type, {32, 1, 1}, {1, 1, 1}, target_id=0: 0.00062048ms, 1%
@19 = multibroadcast[out_lens={1, 32, 112, 112},out_dyn_dims={}](@18) -> float_type, {1, 32, 112, 112}, {0, 1, 0, 0}, target_id=0: 0.0009857ms, 1%
@20 = load[offset=3211264,end=4816896](@1) -> float_type, {1, 32, 112, 112}, {401408, 12544, 112, 1}, target_id=0: 0.00069022ms, 1%
@21 = gpu::code_object[code_object=13632,symbol_name=add_clip_kernel,global=200704,local=1024,](@16,@19,@20) -> float_type, {1, 32, 112, 112}, {401408, 12544, 112, 1}, target_id=0: 0.0206407ms, 2%
@22 = load[offset=0,end=0](@1) -> int8_type, {0}, {1}, target_id=0: 0.00076104ms, 1%
@23 = load[offset=0,end=3211264](@1) -> float_type, {1, 64, 112, 112}, {802816, 12544, 112, 1}, target_id=0: 0.00063258ms, 1%
@24 = gpu::convolution[op={padding={0, 0, 0, 0},stride={1, 1},dilation={1, 1},group=1,padding_mode=0},solution_object={binary_object: 468},algo=0,int8_x4_format=0,solution_id=0](@21,@17,@22,@23) -> float_type, {1, 64, 112, 112}, {802816, 12544, 112, 1}, target_id=0: 0.0291693ms, 2%
@25 = hip::hip_copy_literal[id=main:@literal:37] -> float_type, {64, 1, 3, 3}, {9, 9, 3, 1}, target_id=0: 0.00080718ms, 1%
@26 = hip::hip_copy_literal[id=main:@literal:35] -> float_type, {64, 1, 1}, {1, 1, 1}, target_id=0: 0.00059794ms, 1%
@27 = multibroadcast[out_lens={1, 64, 112, 112},out_dyn_dims={}](@26) -> float_type, {1, 64, 112, 112}, {0, 1, 0, 0}, target_id=0: 0.0009656ms, 1%
@28 = load[offset=3268864,end=6480128](@1) -> float_type, {1, 64, 112, 112}, {802816, 12544, 112, 1}, target_id=0: 0.00067836ms, 1%
@29 = gpu::code_object[code_object=13632,symbol_name=add_clip_kernel,global=401408,local=1024,](@24,@27,@28) -> float_type, {1, 64, 112, 112}, {802816, 12544, 112, 1}, target_id=0: 0.0238662ms, 2%
@30 = load[offset=0,end=3268864](@1) -> float_type, {1, 64, 113, 113}, {817216, 12769, 113, 1}, target_id=0: 0.00074892ms, 1%
@31 = gpu::code_object[code_object=13624,symbol_name=pad_kernel,global=307200,local=1024,](@29,@30) -> float_type, {1, 64, 113, 113}, {817216, 12769, 113, 1}, target_id=0: 0.0243337ms, 2%
@32 = load[offset=0,end=0](@1) -> int8_type, {0}, {1}, target_id=0: 0.00074452ms, 1%
@33 = load[offset=3268864,end=4071680](@1) -> float_type, {1, 64, 56, 56}, {200704, 3136, 56, 1}, target_id=0: 0.00060058ms, 1%
@34 = gpu::convolution[op={padding={0, 0, 0, 0},stride={2, 2},dilation={1, 1},group=64,padding_mode=0},solution_object={binary_object: 446},algo=0,int8_x4_format=0,solution_id=0](@31,@25,@32,@33) -> float_type, {1, 64, 56, 56}, {200704, 3136, 56, 1}, target_id=0: 0.0310484ms, 2%
@35 = hip::hip_copy_literal[id=main:@literal:8] -> float_type, {128, 64, 1, 1}, {64, 1, 1, 1}, target_id=0: 0.00075144ms, 1%
@36 = hip::hip_copy_literal[id=main:@literal:41] -> float_type, {64, 1, 1}, {1, 1, 1}, target_id=0: 0.00059588ms, 1%
@37 = multibroadcast[out_lens={1, 64, 56, 56},out_dyn_dims={}](@36) -> float_type, {1, 64, 56, 56}, {0, 1, 0, 0}, target_id=0: 0.00096328ms, 1%
@38 = load[offset=0,end=802816](@1) -> float_type, {1, 64, 56, 56}, {200704, 3136, 56, 1}, target_id=0: 0.00066836ms, 1%
@39 = gpu::code_object[code_object=13632,symbol_name=add_clip_kernel,global=100352,local=1024,](@34,@37,@38) -> float_type, {1, 64, 56, 56}, {200704, 3136, 56, 1}, target_id=0: 0.0189048ms, 2%
@40 = load[offset=0,end=0](@1) -> int8_type, {0}, {1}, target_id=0: 0.00075486ms, 1%
@41 = load[offset=3211264,end=4816896](@1) -> float_type, {1, 128, 56, 56}, {401408, 3136, 56, 1}, target_id=0: 0.00062438ms, 1%
@42 = gpu::convolution[op={padding={0, 0, 0, 0},stride={1, 1},dilation={1, 1},group=1,padding_mode=0},solution_object={binary_object: 470},algo=0,int8_x4_format=0,solution_id=0](@39,@35,@40,@41) -> float_type, {1, 128, 56, 56}, {401408, 3136, 56, 1}, target_id=0: 0.0274139ms, 2%
@43 = hip::hip_copy_literal[id=main:@literal:39] -> float_type, {128, 1, 1}, {1, 1, 1}, target_id=0: 0.00078334ms, 1%
@44 = hip::hip_copy_literal[id=main:@literal:33] -> float_type, {128, 1, 3, 3}, {9, 9, 3, 1}, target_id=0: 0.00058328ms, 1%
@45 = multibroadcast[out_lens={1, 128, 56, 56},out_dyn_dims={}](@43) -> float_type, {1, 128, 56, 56}, {0, 1, 0, 0}, target_id=0: 0.00096188ms, 1%
@46 = load[offset=1605632,end=3211264](@1) -> float_type, {1, 128, 56, 56}, {401408, 3136, 56, 1}, target_id=0: 0.00067356ms, 1%
@47 = gpu::code_object[code_object=13632,symbol_name=add_clip_kernel,global=200704,local=1024,](@42,@45,@46) -> float_type, {1, 128, 56, 56}, {401408, 3136, 56, 1}, target_id=0: 0.0206467ms, 2%
@48 = load[offset=0,end=0](@1) -> int8_type, {0}, {1}, target_id=0: 0.00075588ms, 1%
@49 = load[offset=4014080,end=5619712](@1) -> float_type, {1, 128, 56, 56}, {401408, 3136, 56, 1}, target_id=0: 0.00066094ms, 1%
@50 = gpu::convolution[op={padding={1, 1, 1, 1},stride={1, 1},dilation={1, 1},group=128,padding_mode=0},solution_object={binary_object: 451},algo=0,int8_x4_format=0,solution_id=0](@47,@44,@48,@49) -> float_type, {1, 128, 56, 56}, {401408, 3136, 56, 1}, target_id=0: 0.0302923ms, 2%
@51 = hip::hip_copy_literal[id=main:@literal:10] -> float_type, {128, 128, 1, 1}, {128, 1, 1, 1}, target_id=0: 0.00075662ms, 1%
@52 = hip::hip_copy_literal[id=main:@literal:42] -> float_type, {128, 1, 1}, {1, 1, 1}, target_id=0: 0.00055164ms, 1%
@53 = load[offset=1605632,end=3211264](@1) -> float_type, {1, 128, 56, 56}, {401408, 3136, 56, 1}, target_id=0: 0.00070276ms, 1%
@54 = multibroadcast[out_lens={1, 128, 56, 56},out_dyn_dims={}](@52) -> float_type, {1, 128, 56, 56}, {0, 1, 0, 0}, target_id=0: 0.00094372ms, 1%
@55 = gpu::code_object[code_object=13632,symbol_name=add_clip_kernel,global=200704,local=1024,](@50,@54,@53) -> float_type, {1, 128, 56, 56}, {401408, 3136, 56, 1}, target_id=0: 0.0207899ms, 2%
@56 = load[offset=0,end=0](@1) -> int8_type, {0}, {1}, target_id=0: 0.00077002ms, 1%
@57 = load[offset=0,end=1605632](@1) -> float_type, {1, 128, 56, 56}, {401408, 3136, 56, 1}, target_id=0: 0.00060482ms, 1%
@58 = gpu::convolution[op={padding={0, 0, 0, 0},stride={1, 1},dilation={1, 1},group=1,padding_mode=0},solution_object={binary_object: 473},algo=0,int8_x4_format=0,solution_id=0](@55,@51,@56,@57) -> float_type, {1, 128, 56, 56}, {401408, 3136, 56, 1}, target_id=0: 0.0318649ms, 2%
@59 = hip::hip_copy_literal[id=main:@literal:40] -> float_type, {128, 1, 3, 3}, {9, 9, 3, 1}, target_id=0: 0.00078754ms, 1%
@60 = hip::hip_copy_literal[id=main:@literal:43] -> float_type, {128, 1, 1}, {1, 1, 1}, target_id=0: 0.00065914ms, 1%
@61 = load[offset=3269120,end=4874752](@1) -> float_type, {1, 128, 56, 56}, {401408, 3136, 56, 1}, target_id=0: 0.00070718ms, 1%
@62 = multibroadcast[out_lens={1, 128, 56, 56},out_dyn_dims={}](@60) -> float_type, {1, 128, 56, 56}, {0, 1, 0, 0}, target_id=0: 0.00094132ms, 1%
@63 = gpu::code_object[code_object=13632,symbol_name=add_clip_kernel,global=200704,local=1024,](@58,@62,@61) -> float_type, {1, 128, 56, 56}, {401408, 3136, 56, 1}, target_id=0: 0.0206161ms, 2%
@64 = load[offset=1605632,end=3269120](@1) -> float_type, {1, 128, 57, 57}, {415872, 3249, 57, 1}, target_id=0: 0.00077828ms, 1%
@65 = gpu::code_object[code_object=13624,symbol_name=pad_kernel,global=307200,local=1024,](@63,@64) -> float_type, {1, 128, 57, 57}, {415872, 3249, 57, 1}, target_id=0: 0.0211898ms, 2%
@66 = load[offset=0,end=0](@1) -> int8_type, {0}, {1}, target_id=0: 0.0007807ms, 1%
@67 = load[offset=802816,end=1204224](@1) -> float_type, {1, 128, 28, 28}, {100352, 784, 28, 1}, target_id=0: 0.00061718ms, 1%
@68 = gpu::convolution[op={padding={0, 0, 0, 0},stride={2, 2},dilation={1, 1},group=128,padding_mode=0},solution_object={binary_object: 450},algo=0,int8_x4_format=0,solution_id=0](@65,@59,@66,@67) -> float_type, {1, 128, 28, 28}, {100352, 784, 28, 1}, target_id=0: 0.0293214ms, 2%
@69 = hip::hip_copy_literal[id=main:@literal:6] -> float_type, {256, 128, 1, 1}, {128, 1, 1, 1}, target_id=0: 0.00071492ms, 1%
@70 = hip::hip_copy_literal[id=main:@literal:26] -> float_type, {128, 1, 1}, {1, 1, 1}, target_id=0: 0.00061068ms, 1%
@71 = multibroadcast[out_lens={1, 128, 28, 28},out_dyn_dims={}](@70) -> float_type, {1, 128, 28, 28}, {0, 1, 0, 0}, target_id=0: 0.00096392ms, 1%
@72 = load[offset=401408,end=802816](@1) -> float_type, {1, 128, 28, 28}, {100352, 784, 28, 1}, target_id=0: 0.00066668ms, 1%
@73 = gpu::code_object[code_object=13632,symbol_name=add_clip_kernel,global=50176,local=1024,](@68,@71,@72) -> float_type, {1, 128, 28, 28}, {100352, 784, 28, 1}, target_id=0: 0.018445ms, 2%
@74 = load[offset=0,end=0](@1) -> int8_type, {0}, {1}, target_id=0: 0.00077734ms, 1%
@75 = load[offset=1605632,end=2408448](@1) -> float_type, {1, 256, 28, 28}, {200704, 784, 28, 1}, target_id=0: 0.00062058ms, 1%
@76 = gpu::convolution[op={padding={0, 0, 0, 0},stride={1, 1},dilation={1, 1},group=1,padding_mode=0},solution_object={binary_object: 496},algo=0,int8_x4_format=0,solution_id=0](@73,@69,@74,@75) -> float_type, {1, 256, 28, 28}, {200704, 784, 28, 1}, target_id=0: 0.0280408ms, 2%
@77 = hip::hip_copy_literal[id=main:@literal:24] -> float_type, {256, 1, 3, 3}, {9, 9, 3, 1}, target_id=0: 0.00075454ms, 1%
@78 = hip::hip_copy_literal[id=main:@literal:34] -> float_type, {256, 1, 1}, {1, 1, 1}, target_id=0: 0.00058754ms, 1%
@79 = multibroadcast[out_lens={1, 256, 28, 28},out_dyn_dims={}](@78) -> float_type, {1, 256, 28, 28}, {0, 1, 0, 0}, target_id=0: 0.00096782ms, 1%
@80 = load[offset=802816,end=1605632](@1) -> float_type, {1, 256, 28, 28}, {200704, 784, 28, 1}, target_id=0: 0.0006695ms, 1%
@81 = gpu::code_object[code_object=13632,symbol_name=add_clip_kernel,global=100352,local=1024,](@76,@79,@80) -> float_type, {1, 256, 28, 28}, {200704, 784, 28, 1}, target_id=0: 0.0189951ms, 2%
@82 = load[offset=0,end=0](@1) -> int8_type, {0}, {1}, target_id=0: 0.00075254ms, 1%
@83 = load[offset=2007040,end=2809856](@1) -> float_type, {1, 256, 28, 28}, {200704, 784, 28, 1}, target_id=0: 0.00062936ms, 1%
@84 = gpu::convolution[op={padding={1, 1, 1, 1},stride={1, 1},dilation={1, 1},group=256,padding_mode=0},solution_object={binary_object: 455},algo=0,int8_x4_format=0,solution_id=0](@81,@77,@82,@83) -> float_type, {1, 256, 28, 28}, {200704, 784, 28, 1}, target_id=0: 0.0270479ms, 2%
@85 = hip::hip_copy_literal[id=main:@literal:3] -> float_type, {256, 256, 1, 1}, {256, 1, 1, 1}, target_id=0: 0.00070682ms, 1%
@86 = hip::hip_copy_literal[id=main:@literal:23] -> float_type, {256, 1, 1}, {1, 1, 1}, target_id=0: 0.00060616ms, 1%
@87 = multibroadcast[out_lens={1, 256, 28, 28},out_dyn_dims={}](@86) -> float_type, {1, 256, 28, 28}, {0, 1, 0, 0}, target_id=0: 0.00095396ms, 1%
@88 = load[offset=802816,end=1605632](@1) -> float_type, {1, 256, 28, 28}, {200704, 784, 28, 1}, target_id=0: 0.00066458ms, 1%
@89 = gpu::code_object[code_object=13632,symbol_name=add_clip_kernel,global=100352,local=1024,](@84,@87,@88) -> float_type, {1, 256, 28, 28}, {200704, 784, 28, 1}, target_id=0: 0.0189162ms, 2%
@90 = load[offset=0,end=0](@1) -> int8_type, {0}, {1}, target_id=0: 0.0007522ms, 1%
@91 = load[offset=0,end=802816](@1) -> float_type, {1, 256, 28, 28}, {200704, 784, 28, 1}, target_id=0: 0.00062962ms, 1%
@92 = gpu::convolution[op={padding={0, 0, 0, 0},stride={1, 1},dilation={1, 1},group=1,padding_mode=0},solution_object={binary_object: 499},algo=0,int8_x4_format=0,solution_id=0](@89,@85,@90,@91) -> float_type, {1, 256, 28, 28}, {200704, 784, 28, 1}, target_id=0: 0.0327172ms, 2%
@93 = hip::hip_copy_literal[id=main:@literal:21] -> float_type, {256, 1, 1}, {1, 1, 1}, target_id=0: 0.00079572ms, 1%
@94 = hip::hip_copy_literal[id=main:@literal:20] -> float_type, {256, 1, 3, 3}, {9, 9, 3, 1}, target_id=0: 0.00057122ms, 1%
@95 = multibroadcast[out_lens={1, 256, 28, 28},out_dyn_dims={}](@93) -> float_type, {1, 256, 28, 28}, {0, 1, 0, 0}, target_id=0: 0.0009451ms, 1%
@96 = load[offset=1664000,end=2466816](@1) -> float_type, {1, 256, 28, 28}, {200704, 784, 28, 1}, target_id=0: 0.00068716ms, 1%
@97 = gpu::code_object[code_object=13632,symbol_name=add_clip_kernel,global=100352,local=1024,](@92,@95,@96) -> float_type, {1, 256, 28, 28}, {200704, 784, 28, 1}, target_id=0: 0.0183463ms, 2%
@98 = load[offset=802816,end=1664000](@1) -> float_type, {1, 256, 29, 29}, {215296, 841, 29, 1}, target_id=0: 0.000755ms, 1%
@99 = gpu::code_object[code_object=13624,symbol_name=pad_kernel,global=215296,local=1024,](@97,@98) -> float_type, {1, 256, 29, 29}, {215296, 841, 29, 1}, target_id=0: 0.0176926ms, 2%
@100 = load[offset=0,end=0](@1) -> int8_type, {0}, {1}, target_id=0: 0.00075196ms, 1%
@101 = load[offset=0,end=200704](@1) -> float_type, {1, 256, 14, 14}, {50176, 196, 14, 1}, target_id=0: 0.00063106ms, 1%
@102 = gpu::convolution[op={padding={0, 0, 0, 0},stride={2, 2},dilation={1, 1},group=256,padding_mode=0},solution_object={binary_object: 456},algo=0,int8_x4_format=0,solution_id=0](@99,@94,@100,@101) -> float_type, {1, 256, 14, 14}, {50176, 196, 14, 1}, target_id=0: 0.026204ms, 2%
@103 = hip::hip_copy_literal[id=main:@literal:5] -> float_type, {512, 256, 1, 1}, {256, 1, 1, 1}, target_id=0: 0.00072472ms, 1%
@104 = hip::hip_copy_literal[id=main:@literal:19] -> float_type, {256, 1, 1}, {1, 1, 1}, target_id=0: 0.000607ms, 1%
@105 = multibroadcast[out_lens={1, 256, 14, 14},out_dyn_dims={}](@104) -> float_type, {1, 256, 14, 14}, {0, 1, 0, 0}, target_id=0: 0.00096328ms, 1%
@106 = load[offset=401408,end=602112](@1) -> float_type, {1, 256, 14, 14}, {50176, 196, 14, 1}, target_id=0: 0.00068196ms, 1%
@107 = gpu::code_object[code_object=13632,symbol_name=add_clip_kernel,global=25088,local=1024,](@102,@105,@106) -> float_type, {1, 256, 14, 14}, {50176, 196, 14, 1}, target_id=0: 0.0171885ms, 2%
@108 = load[offset=0,end=0](@1) -> int8_type, {0}, {1}, target_id=0: 0.00079054ms, 1%
@109 = load[offset=0,end=401408](@1) -> float_type, {1, 512, 14, 14}, {100352, 196, 14, 1}, target_id=0: 0.00062766ms, 1%
@110 = gpu::convolution[op={padding={0, 0, 0, 0},stride={1, 1},dilation={1, 1},group=1,padding_mode=0},solution_object={binary_object: 457},algo=0,int8_x4_format=0,solution_id=0](@107,@103,@108,@109) -> float_type, {1, 512, 14, 14}, {100352, 196, 14, 1}, target_id=0: 0.0300506ms, 2%
@111 = hip::hip_copy_literal[id=main:@literal:17] -> float_type, {512, 1, 1}, {1, 1, 1}, target_id=0: 0.00082102ms, 1%
@112 = hip::hip_copy_literal[id=main:@literal:31] -> float_type, {512, 1, 3, 3}, {9, 9, 3, 1}, target_id=0: 0.00060766ms, 1%
@113 = multibroadcast[out_lens={1, 512, 14, 14},out_dyn_dims={}](@111) -> float_type, {1, 512, 14, 14}, {0, 1, 0, 0}, target_id=0: 0.00096086ms, 1%
@114 = load[offset=602112,end=1003520](@1) -> float_type, {1, 512, 14, 14}, {100352, 196, 14, 1}, target_id=0: 0.00067264ms, 1%
@115 = gpu::code_object[code_object=13632,symbol_name=add_clip_kernel,global=50176,local=1024,](@110,@113,@114) -> float_type, {1, 512, 14, 14}, {100352, 196, 14, 1}, target_id=0: 0.0184026ms, 2%
@116 = load[offset=0,end=0](@1) -> int8_type, {0}, {1}, target_id=0: 0.00078932ms, 1%
@117 = load[offset=0,end=401408](@1) -> float_type, {1, 512, 14, 14}, {100352, 196, 14, 1}, target_id=0: 0.00064146ms, 1%
@118 = gpu::convolution[op={padding={1, 1, 1, 1},stride={1, 1},dilation={1, 1},group=512,padding_mode=0},solution_object={binary_object: 452},algo=0,int8_x4_format=0,solution_id=0](@115,@112,@116,@117) -> float_type, {1, 512, 14, 14}, {100352, 196, 14, 1}, target_id=0: 0.0256205ms, 2%
@119 = hip::hip_copy_literal[id=main:@literal:1] -> float_type, {512, 512, 1, 1}, {512, 1, 1, 1}, target_id=0: 0.00070728ms, 1%
@120 = hip::hip_copy_literal[id=main:@literal:15] -> float_type, {512, 1, 1}, {1, 1, 1}, target_id=0: 0.00059128ms, 1%
@121 = load[offset=802816,end=1204224](@1) -> float_type, {1, 512, 14, 14}, {100352, 196, 14, 1}, target_id=0: 0.00070692ms, 1%
@122 = multibroadcast[out_lens={1, 512, 14, 14},out_dyn_dims={}](@120) -> float_type, {1, 512, 14, 14}, {0, 1, 0, 0}, target_id=0: 0.0009483ms, 1%
@123 = gpu::code_object[code_object=13632,symbol_name=add_clip_kernel,global=50176,local=1024,](@118,@122,@121) -> float_type, {1, 512, 14, 14}, {100352, 196, 14, 1}, target_id=0: 0.0174373ms, 2%
@124 = load[offset=0,end=0](@1) -> int8_type, {0}, {1}, target_id=0: 0.00077228ms, 1%
@125 = load[offset=401408,end=802816](@1) -> float_type, {1, 512, 14, 14}, {100352, 196, 14, 1}, target_id=0: 0.0006101ms, 1%
@126 = gpu::convolution[op={padding={0, 0, 0, 0},stride={1, 1},dilation={1, 1},group=1,padding_mode=0},solution_object={binary_object: 459},algo=0,int8_x4_format=0,solution_id=0](@123,@119,@124,@125) -> float_type, {1, 512, 14, 14}, {100352, 196, 14, 1}, target_id=0: 0.0350717ms, 3%
@127 = hip::hip_copy_literal[id=main:@literal:30] -> float_type, {512, 1, 3, 3}, {9, 9, 3, 1}, target_id=0: 0.00081704ms, 1%
@128 = hip::hip_copy_literal[id=main:@literal:32] -> float_type, {512, 1, 1}, {1, 1, 1}, target_id=0: 0.00059494ms, 1%
@129 = load[offset=0,end=401408](@1) -> float_type, {1, 512, 14, 14}, {100352, 196, 14, 1}, target_id=0: 0.00070332ms, 1%
@130 = multibroadcast[out_lens={1, 512, 14, 14},out_dyn_dims={}](@128) -> float_type, {1, 512, 14, 14}, {0, 1, 0, 0}, target_id=0: 0.0009508ms, 1%
@131 = gpu::code_object[code_object=13632,symbol_name=add_clip_kernel,global=50176,local=1024,](@126,@130,@129) -> float_type, {1, 512, 14, 14}, {100352, 196, 14, 1}, target_id=0: 0.0183778ms, 2%
@132 = load[offset=0,end=0](@1) -> int8_type, {0}, {1}, target_id=0: 0.00076412ms, 1%
@133 = load[offset=802816,end=1204224](@1) -> float_type, {1, 512, 14, 14}, {100352, 196, 14, 1}, target_id=0: 0.00061252ms, 1%
@134 = gpu::convolution[op={padding={1, 1, 1, 1},stride={1, 1},dilation={1, 1},group=512,padding_mode=0},solution_object={binary_object: 452},algo=0,int8_x4_format=0,solution_id=0](@131,@127,@132,@133) -> float_type, {1, 512, 14, 14}, {100352, 196, 14, 1}, target_id=0: 0.0243588ms, 2%
@135 = hip::hip_copy_literal[id=main:@literal:27] -> float_type, {512, 1, 1}, {1, 1, 1}, target_id=0: 0.000832ms, 1%
@136 = hip::hip_copy_literal[id=main:@literal:0] -> float_type, {512, 512, 1, 1}, {512, 1, 1, 1}, target_id=0: 0.0006058ms, 1%
@137 = load[offset=401408,end=802816](@1) -> float_type, {1, 512, 14, 14}, {100352, 196, 14, 1}, target_id=0: 0.00070338ms, 1%
@138 = multibroadcast[out_lens={1, 512, 14, 14},out_dyn_dims={}](@135) -> float_type, {1, 512, 14, 14}, {0, 1, 0, 0}, target_id=0: 0.00097124ms, 1%
@139 = gpu::code_object[code_object=13632,symbol_name=add_clip_kernel,global=50176,local=1024,](@134,@138,@137) -> float_type, {1, 512, 14, 14}, {100352, 196, 14, 1}, target_id=0: 0.0183466ms, 2%
@140 = load[offset=0,end=0](@1) -> int8_type, {0}, {1}, target_id=0: 0.00075628ms, 1%
@141 = load[offset=0,end=401408](@1) -> float_type, {1, 512, 14, 14}, {100352, 196, 14, 1}, target_id=0: 0.00063046ms, 1%
@142 = gpu::convolution[op={padding={0, 0, 0, 0},stride={1, 1},dilation={1, 1},group=1,padding_mode=0},solution_object={binary_object: 459},algo=0,int8_x4_format=0,solution_id=0](@139,@136,@140,@141) -> float_type, {1, 512, 14, 14}, {100352, 196, 14, 1}, target_id=0: 0.0346613ms, 3%
@143 = hip::hip_copy_literal[id=main:@literal:45] -> float_type, {512, 1, 3, 3}, {9, 9, 3, 1}, target_id=0: 0.00081426ms, 1%
@144 = hip::hip_copy_literal[id=main:@literal:38] -> float_type, {512, 1, 1}, {1, 1, 1}, target_id=0: 0.00059418ms, 1%
@145 = load[offset=802816,end=1204224](@1) -> float_type, {1, 512, 14, 14}, {100352, 196, 14, 1}, target_id=0: 0.00071046ms, 1%
@146 = multibroadcast[out_lens={1, 512, 14, 14},out_dyn_dims={}](@144) -> float_type, {1, 512, 14, 14}, {0, 1, 0, 0}, target_id=0: 0.0009582ms, 1%
@147 = gpu::code_object[code_object=13632,symbol_name=add_clip_kernel,global=50176,local=1024,](@142,@146,@145) -> float_type, {1, 512, 14, 14}, {100352, 196, 14, 1}, target_id=0: 0.0183766ms, 2%
@148 = load[offset=0,end=0](@1) -> int8_type, {0}, {1}, target_id=0: 0.000766ms, 1%
@149 = load[offset=401408,end=802816](@1) -> float_type, {1, 512, 14, 14}, {100352, 196, 14, 1}, target_id=0: 0.00060654ms, 1%
@150 = gpu::convolution[op={padding={1, 1, 1, 1},stride={1, 1},dilation={1, 1},group=512,padding_mode=0},solution_object={binary_object: 452},algo=0,int8_x4_format=0,solution_id=0](@147,@143,@148,@149) -> float_type, {1, 512, 14, 14}, {100352, 196, 14, 1}, target_id=0: 0.0243856ms, 2%
@151 = hip::hip_copy_literal[id=main:@literal:9] -> float_type, {512, 512, 1, 1}, {512, 1, 1, 1}, target_id=0: 0.00078298ms, 1%
@152 = hip::hip_copy_literal[id=main:@literal:25] -> float_type, {512, 1, 1}, {1, 1, 1}, target_id=0: 0.00059452ms, 1%
@153 = load[offset=0,end=401408](@1) -> float_type, {1, 512, 14, 14}, {100352, 196, 14, 1}, target_id=0: 0.00070138ms, 1%
@154 = multibroadcast[out_lens={1, 512, 14, 14},out_dyn_dims={}](@152) -> float_type, {1, 512, 14, 14}, {0, 1, 0, 0}, target_id=0: 0.00095612ms, 1%
@155 = gpu::code_object[code_object=13632,symbol_name=add_clip_kernel,global=50176,local=1024,](@150,@154,@153) -> float_type, {1, 512, 14, 14}, {100352, 196, 14, 1}, target_id=0: 0.018371ms, 2%
@156 = load[offset=0,end=0](@1) -> int8_type, {0}, {1}, target_id=0: 0.00076976ms, 1%
@157 = load[offset=802816,end=1204224](@1) -> float_type, {1, 512, 14, 14}, {100352, 196, 14, 1}, target_id=0: 0.00063414ms, 1%
@158 = gpu::convolution[op={padding={0, 0, 0, 0},stride={1, 1},dilation={1, 1},group=1,padding_mode=0},solution_object={binary_object: 459},algo=0,int8_x4_format=0,solution_id=0](@155,@151,@156,@157) -> float_type, {1, 512, 14, 14}, {100352, 196, 14, 1}, target_id=0: 0.0345821ms, 3%
@159 = hip::hip_copy_literal[id=main:@literal:29] -> float_type, {512, 1, 1}, {1, 1, 1}, target_id=0: 0.0008119ms, 1%
@160 = hip::hip_copy_literal[id=main:@literal:46] -> float_type, {512, 1, 3, 3}, {9, 9, 3, 1}, target_id=0: 0.00060024ms, 1%
@161 = load[offset=401408,end=802816](@1) -> float_type, {1, 512, 14, 14}, {100352, 196, 14, 1}, target_id=0: 0.00070226ms, 1%
@162 = multibroadcast[out_lens={1, 512, 14, 14},out_dyn_dims={}](@159) -> float_type, {1, 512, 14, 14}, {0, 1, 0, 0}, target_id=0: 0.00094924ms, 1%
@163 = gpu::code_object[code_object=13632,symbol_name=add_clip_kernel,global=50176,local=1024,](@158,@162,@161) -> float_type, {1, 512, 14, 14}, {100352, 196, 14, 1}, target_id=0: 0.0183806ms, 2%
@164 = load[offset=0,end=0](@1) -> int8_type, {0}, {1}, target_id=0: 0.00077044ms, 1%
@165 = load[offset=0,end=401408](@1) -> float_type, {1, 512, 14, 14}, {100352, 196, 14, 1}, target_id=0: 0.0006529ms, 1%
@166 = gpu::convolution[op={padding={1, 1, 1, 1},stride={1, 1},dilation={1, 1},group=512,padding_mode=0},solution_object={binary_object: 452},algo=0,int8_x4_format=0,solution_id=0](@163,@160,@164,@165) -> float_type, {1, 512, 14, 14}, {100352, 196, 14, 1}, target_id=0: 0.024344ms, 2%
@167 = hip::hip_copy_literal[id=main:@literal:4] -> float_type, {512, 512, 1, 1}, {512, 1, 1, 1}, target_id=0: 0.00070288ms, 1%
@168 = hip::hip_copy_literal[id=main:@literal:48] -> float_type, {512, 1, 1}, {1, 1, 1}, target_id=0: 0.00059162ms, 1%
@169 = load[offset=802816,end=1204224](@1) -> float_type, {1, 512, 14, 14}, {100352, 196, 14, 1}, target_id=0: 0.00070276ms, 1%
@170 = multibroadcast[out_lens={1, 512, 14, 14},out_dyn_dims={}](@168) -> float_type, {1, 512, 14, 14}, {0, 1, 0, 0}, target_id=0: 0.00095854ms, 1%
@171 = gpu::code_object[code_object=13632,symbol_name=add_clip_kernel,global=50176,local=1024,](@166,@170,@169) -> float_type, {1, 512, 14, 14}, {100352, 196, 14, 1}, target_id=0: 0.0184131ms, 2%
@172 = load[offset=0,end=0](@1) -> int8_type, {0}, {1}, target_id=0: 0.00076264ms, 1%
@173 = load[offset=401408,end=802816](@1) -> float_type, {1, 512, 14, 14}, {100352, 196, 14, 1}, target_id=0: 0.00061956ms, 1%
@174 = gpu::convolution[op={padding={0, 0, 0, 0},stride={1, 1},dilation={1, 1},group=1,padding_mode=0},solution_object={binary_object: 459},algo=0,int8_x4_format=0,solution_id=0](@171,@167,@172,@173) -> float_type, {1, 512, 14, 14}, {100352, 196, 14, 1}, target_id=0: 0.0344711ms, 3%
@175 = hip::hip_copy_literal[id=main:@literal:55] -> float_type, {1001}, {1}, target_id=0: 0.00074928ms, 1%
@176 = hip::hip_copy_literal[id=main:@literal:2] -> float_type, {512, 512, 1, 1}, {512, 1, 1, 1}, target_id=0: 0.00053748ms, 1%
@177 = hip::hip_copy_literal[id=main:@literal:14] -> float_type, {1001, 1024, 1, 1}, {1024, 1, 1, 1}, target_id=0: 0.00069766ms, 1%
@178 = hip::hip_copy_literal[id=main:@literal:11] -> float_type, {1024, 1024, 1, 1}, {1024, 1, 1, 1}, target_id=0: 0.00064962ms, 1%
@179 = hip::hip_copy_literal[id=main:@literal:53] -> float_type, {1024, 1, 1}, {1, 1, 1}, target_id=0: 0.00074694ms, 1%
@180 = hip::hip_copy_literal[id=main:@literal:54] -> float_type, {1024, 1, 1}, {1, 1, 1}, target_id=0: 0.0005738ms, 1%
@181 = hip::hip_copy_literal[id=main:@literal:44] -> float_type, {512, 1, 3, 3}, {9, 9, 3, 1}, target_id=0: 0.00071162ms, 1%
@182 = hip::hip_copy_literal[id=main:@literal:36] -> float_type, {512, 1, 1}, {1, 1, 1}, target_id=0: 0.00057084ms, 1%
@183 = hip::hip_copy_literal[id=main:@literal:7] -> float_type, {1024, 512, 1, 1}, {512, 1, 1, 1}, target_id=0: 0.00055126ms, 1%
@184 = hip::hip_copy_literal[id=main:@literal:47] -> float_type, {1024, 1, 3, 3}, {9, 9, 3, 1}, target_id=0: 0.00067962ms, 1%
@185 = hip::hip_copy_literal[id=main:@literal:50] -> float_type, {512, 1, 3, 3}, {9, 9, 3, 1}, target_id=0: 0.0005831ms, 1%
@186 = hip::hip_copy_literal[id=main:@literal:51] -> float_type, {1024, 1, 1}, {1, 1, 1}, target_id=0: 0.00067568ms, 1%
@187 = hip::hip_copy_literal[id=main:@literal:52] -> float_type, {512, 1, 1}, {1, 1, 1}, target_id=0: 0.00061026ms, 1%
@188 = hip::hip_copy_literal[id=main:@literal:49] -> float_type, {512, 1, 1}, {1, 1, 1}, target_id=0: 0.00060964ms, 1%
@189 = hip::hip_copy_literal[id=main:@literal:18] -> float_type, {512, 1, 1}, {1, 1, 1}, target_id=0: 0.00059358ms, 1%
@190 = load[offset=0,end=401408](@1) -> float_type, {1, 512, 14, 14}, {100352, 196, 14, 1}, target_id=0: 0.0006979ms, 1%
@191 = multibroadcast[out_lens={1, 512, 14, 14},out_dyn_dims={}](@182) -> float_type, {1, 512, 14, 14}, {0, 1, 0, 0}, target_id=0: 0.00095616ms, 1%
@192 = gpu::code_object[code_object=13632,symbol_name=add_clip_kernel,global=50176,local=1024,](@174,@191,@190) -> float_type, {1, 512, 14, 14}, {100352, 196, 14, 1}, target_id=0: 0.0206406ms, 2%
@193 = load[offset=0,end=0](@1) -> int8_type, {0}, {1}, target_id=0: 0.00076934ms, 1%
@194 = load[offset=802816,end=1204224](@1) -> float_type, {1, 512, 14, 14}, {100352, 196, 14, 1}, target_id=0: 0.00060856ms, 1%
@195 = gpu::convolution[op={padding={1, 1, 1, 1},stride={1, 1},dilation={1, 1},group=512,padding_mode=0},solution_object={binary_object: 452},algo=0,int8_x4_format=0,solution_id=0](@192,@181,@193,@194) -> float_type, {1, 512, 14, 14}, {100352, 196, 14, 1}, target_id=0: 0.0253085ms, 2%
@196 = load[offset=401408,end=802816](@1) -> float_type, {1, 512, 14, 14}, {100352, 196, 14, 1}, target_id=0: 0.00083614ms, 1%
@197 = multibroadcast[out_lens={1, 512, 14, 14},out_dyn_dims={}](@188) -> float_type, {1, 512, 14, 14}, {0, 1, 0, 0}, target_id=0: 0.00094852ms, 1%
@198 = gpu::code_object[code_object=13632,symbol_name=add_clip_kernel,global=50176,local=1024,](@195,@197,@196) -> float_type, {1, 512, 14, 14}, {100352, 196, 14, 1}, target_id=0: 0.0186873ms, 2%
@199 = load[offset=0,end=0](@1) -> int8_type, {0}, {1}, target_id=0: 0.00076488ms, 1%
@200 = load[offset=0,end=401408](@1) -> float_type, {1, 512, 14, 14}, {100352, 196, 14, 1}, target_id=0: 0.00062456ms, 1%
@201 = gpu::convolution[op={padding={0, 0, 0, 0},stride={1, 1},dilation={1, 1},group=1,padding_mode=0},solution_object={binary_object: 459},algo=0,int8_x4_format=0,solution_id=0](@198,@176,@199,@200) -> float_type, {1, 512, 14, 14}, {100352, 196, 14, 1}, target_id=0: 0.0352805ms, 3%
@202 = load[offset=862208,end=1263616](@1) -> float_type, {1, 512, 14, 14}, {100352, 196, 14, 1}, target_id=0: 0.00081758ms, 1%
@203 = multibroadcast[out_lens={1, 512, 14, 14},out_dyn_dims={}](@189) -> float_type, {1, 512, 14, 14}, {0, 1, 0, 0}, target_id=0: 0.00094682ms, 1%
@204 = gpu::code_object[code_object=13632,symbol_name=add_clip_kernel,global=50176,local=1024,](@201,@203,@202) -> float_type, {1, 512, 14, 14}, {100352, 196, 14, 1}, target_id=0: 0.0177395ms, 2%
@205 = load[offset=401408,end=862208](@1) -> float_type, {1, 512, 15, 15}, {115200, 225, 15, 1}, target_id=0: 0.00075478ms, 1%
@206 = gpu::code_object[code_object=13624,symbol_name=pad_kernel,global=115200,local=1024,](@204,@205) -> float_type, {1, 512, 15, 15}, {115200, 225, 15, 1}, target_id=0: 0.0168611ms, 2%
@207 = load[offset=0,end=0](@1) -> int8_type, {0}, {1}, target_id=0: 0.00075698ms, 1%
@208 = load[offset=0,end=100352](@1) -> float_type, {1, 512, 7, 7}, {25088, 49, 7, 1}, target_id=0: 0.0006117ms, 1%
@209 = gpu::convolution[op={padding={0, 0, 0, 0},stride={2, 2},dilation={1, 1},group=512,padding_mode=0},solution_object={binary_object: 454},algo=0,int8_x4_format=0,solution_id=0](@206,@185,@207,@208) -> float_type, {1, 512, 7, 7}, {25088, 49, 7, 1}, target_id=0: 0.0263554ms, 2%
@210 = multibroadcast[out_lens={1, 512, 7, 7},out_dyn_dims={}](@187) -> float_type, {1, 512, 7, 7}, {0, 1, 0, 0}, target_id=0: 0.00107164ms, 1%
@211 = load[offset=200704,end=301056](@1) -> float_type, {1, 512, 7, 7}, {25088, 49, 7, 1}, target_id=0: 0.00067358ms, 1%
@212 = gpu::code_object[code_object=13632,symbol_name=add_clip_kernel,global=25088,local=1024,](@209,@210,@211) -> float_type, {1, 512, 7, 7}, {25088, 49, 7, 1}, target_id=0: 0.017672ms, 2%
@213 = load[offset=0,end=0](@1) -> int8_type, {0}, {1}, target_id=0: 0.00076078ms, 1%
@214 = load[offset=0,end=200704](@1) -> float_type, {1, 1024, 7, 7}, {50176, 49, 7, 1}, target_id=0: 0.00062302ms, 1%
@215 = gpu::convolution[op={padding={0, 0, 0, 0},stride={1, 1},dilation={1, 1},group=1,padding_mode=0},solution_object={binary_object: 453},algo=0,int8_x4_format=0,solution_id=0](@212,@183,@213,@214) -> float_type, {1, 1024, 7, 7}, {50176, 49, 7, 1}, target_id=0: 0.0372811ms, 3%
@216 = multibroadcast[out_lens={1, 1024, 7, 7},out_dyn_dims={}](@179) -> float_type, {1, 1024, 7, 7}, {0, 1, 0, 0}, target_id=0: 0.00105924ms, 1%
@217 = load[offset=301056,end=501760](@1) -> float_type, {1, 1024, 7, 7}, {50176, 49, 7, 1}, target_id=0: 0.00069216ms, 1%
@218 = gpu::code_object[code_object=13632,symbol_name=add_clip_kernel,global=50176,local=1024,](@215,@216,@217) -> float_type, {1, 1024, 7, 7}, {50176, 49, 7, 1}, target_id=0: 0.0179592ms, 2%
@219 = load[offset=0,end=0](@1) -> int8_type, {0}, {1}, target_id=0: 0.0007736ms, 1%
@220 = load[offset=0,end=200704](@1) -> float_type, {1, 1024, 7, 7}, {50176, 49, 7, 1}, target_id=0: 0.00061076ms, 1%
@221 = gpu::convolution[op={padding={1, 1, 1, 1},stride={1, 1},dilation={1, 1},group=1024,padding_mode=0},solution_object={binary_object: 443},algo=0,int8_x4_format=0,solution_id=0](@218,@184,@219,@220) -> float_type, {1, 1024, 7, 7}, {50176, 49, 7, 1}, target_id=0: 0.0243127ms, 2%
@222 = load[offset=405504,end=606208](@1) -> float_type, {1, 1024, 7, 7}, {50176, 49, 7, 1}, target_id=0: 0.00080894ms, 1%
@223 = multibroadcast[out_lens={1, 1024, 7, 7},out_dyn_dims={}](@180) -> float_type, {1, 1024, 7, 7}, {0, 1, 0, 0}, target_id=0: 0.0009305ms, 1%
@224 = gpu::code_object[code_object=13632,symbol_name=add_clip_kernel,global=50176,local=1024,](@221,@223,@222) -> float_type, {1, 1024, 7, 7}, {50176, 49, 7, 1}, target_id=0: 0.0179246ms, 2%
@225 = load[offset=0,end=0](@1) -> int8_type, {0}, {1}, target_id=0: 0.0007754ms, 1%
@226 = load[offset=204800,end=405504](@1) -> float_type, {1, 1024, 7, 7}, {50176, 49, 7, 1}, target_id=0: 0.00062204ms, 1%
@227 = gpu::convolution[op={padding={0, 0, 0, 0},stride={1, 1},dilation={1, 1},group=1,padding_mode=0},solution_object={binary_object: 453},algo=0,int8_x4_format=0,solution_id=0](@224,@178,@225,@226) -> float_type, {1, 1024, 7, 7}, {50176, 49, 7, 1}, target_id=0: 0.0501425ms, 3%
@228 = multibroadcast[out_lens={1, 1024, 7, 7},out_dyn_dims={}](@186) -> float_type, {1, 1024, 7, 7}, {0, 1, 0, 0}, target_id=0: 0.00105302ms, 1%
@229 = load[offset=4096,end=204800](@1) -> float_type, {1, 1024, 7, 7}, {50176, 49, 7, 1}, target_id=0: 0.00067812ms, 1%
@230 = gpu::code_object[code_object=13632,symbol_name=add_clip_kernel,global=50176,local=1024,](@227,@228,@229) -> float_type, {1, 1024, 7, 7}, {50176, 49, 7, 1}, target_id=0: 0.0184398ms, 2%
@231 = load[offset=204800,end=208896](@1) -> float_type, {1, 1024, 1, 1}, {1024, 1, 1, 1}, target_id=0: 0.00075342ms, 1%
@232 = gpu::pooling[mode=average,padding={0, 0, 0, 0},stride={2, 2},lengths={7, 7},ceil_mode=0,lp_order=2,dyn_global=0](@230,@231) -> float_type, {1, 1024, 1, 1}, {1024, 1, 1, 1}, target_id=0: 0.0381325ms, 3%
@233 = load[offset=0,end=0](@1) -> int8_type, {0}, {1}, target_id=0: 0.00081274ms, 1%
@234 = load[offset=4016,end=8020](@1) -> float_type, {1, 1001, 1, 1}, {1001, 1, 1, 1}, target_id=0: 0.00060698ms, 1%
@235 = gpu::convolution[op={padding={0, 0, 0, 0},stride={1, 1},dilation={1, 1},group=1,padding_mode=0},solution_object={binary_object: 548},algo=0,int8_x4_format=0,solution_id=0](@232,@177,@233,@234) -> float_type, {1, 1001, 1, 1}, {1001, 1, 1, 1}, target_id=0: 0.0397186ms, 3%
@236 = load[offset=8032,end=12036](@1) -> float_type, {1, 1001, 1, 1}, {1001, 1, 1, 1}, target_id=0: 0.00083762ms, 1%
@237 = broadcast[axis=1,out_lens={1, 1001, 1, 1}](@175) -> float_type, {1, 1001, 1, 1}, {0, 1, 0, 0}, target_id=0: 0.00144182ms, 1%
@238 = gpu::code_object[code_object=13624,symbol_name=add_kernel,global=1001,local=1024,](@235,@237,@236) -> float_type, {1, 1001, 1, 1}, {1001, 1, 1, 1}, target_id=0: 0.0153119ms, 1%
main:#output_0 = @param:main:#output_0 -> float_type, {1, 1001}, {1001, 1}, target_id=0: 0.00086522ms, 1%
@240 = transpose[permutation={0, 2, 3, 1}](@238) -> float_type, {1, 1, 1, 1001}, {1001, 1, 1, 1}, target_id=0: 0.0011846ms, 1%
@241 = squeeze[axes={1, 2}](@240) -> float_type, {1, 1001}, {1001, 1}, target_id=0: 0.00107136ms, 1%
@242 = gpu::code_object[code_object=13632,symbol_name=softmax_kernel,global=256,local=256,](@241,main:#output_0) -> float_type, {1, 1001}, {1001, 1}, target_id=0: 0.0198579ms, 2%
@243 = @return(@242), target_id=0
Summary:
gpu::convolution: 0.859572ms / 28 = 0.030699ms, 52%
gpu::code_object::add_clip_kernel: 0.513328ms / 27 = 0.0190121ms, 31%
gpu::code_object::pad_kernel: 0.101453ms / 5 = 0.0202905ms, 7%
load: 0.0632841ms / 90 = 0.000703157ms, 4%
gpu::pooling: 0.0381325ms / 1 = 0.0381325ms, 3%
hip::hip_copy_literal: 0.0378303ms / 56 = 0.000675541ms, 3%
multibroadcast: 0.0262722ms / 27 = 0.000973044ms, 2%
gpu::code_object::softmax_kernel: 0.0198579ms / 1 = 0.0198579ms, 2%
gpu::code_object::add_kernel: 0.0153119ms / 1 = 0.0153119ms, 1%
broadcast: 0.00144182ms / 1 = 0.00144182ms, 1%
@param: 0.0013141ms / 2 = 0.00065705ms, 1%
transpose: 0.0011846ms / 1 = 0.0011846ms, 1%
squeeze: 0.00107136ms / 1 = 0.00107136ms, 1%
check_context::migraphx::gpu::context : 0.0009331ms / 1 = 0.0009331ms, 1%
hip::hip_allocate_memory: 0.00088722ms / 1 = 0.00088722ms, 1%

Batch size: 1
Rate: 1541.5/sec
Total time: 0.648719ms
Total instructions time: 1.68187ms
Overhead time: 0.0506969ms, -1.03315ms
Overhead: 8%, -159%
