Running [ MIGraphX Version: 2.10.0.d6c1f21f6 ]: /src/AMDMIGraphX/build/bin/driver perf --gpu /new-saved-models/torchvision/resnet50i1.onnx
Compiling ... 
Reading: /new-saved-models/torchvision/resnet50i1.onnx
module: "main"
@0 = check_context::migraphx::gpu::context -> float_type, {}, {}, target_id=0
@1 = hip::hip_allocate_memory[shape=int8_type, {11243520}, {1},id=main:scratch] -> int8_type, {11243520}, {1}, target_id=0
@2 = hip::hip_copy_literal[id=main:@literal:98] -> float_type, {64}, {1}, target_id=0
@3 = hip::hip_copy_literal[id=main:@literal:99] -> float_type, {64, 3, 7, 7}, {147, 49, 7, 1}, target_id=0
@4 = load[offset=3211264,end=6422528](@1) -> float_type, {1, 64, 112, 112}, {802816, 12544, 112, 1}, target_id=0
@5 = broadcast[axis=1,out_lens={1, 64, 112, 112}](@2) -> float_type, {1, 64, 112, 112}, {0, 1, 0, 0}, target_id=0
input.1 = @param:input.1 -> float_type, {1, 3, 224, 224}, {150528, 50176, 224, 1}, target_id=0
@7 = gpu::code_object[code_object=5472,symbol_name=mlir_convolution_add_relu,global=50176,local=256,](@5,input.1,@3,@4) -> float_type, {1, 64, 112, 112}, {802816, 12544, 112, 1}, target_id=0
@8 = load[offset=2408448,end=3211264](@1) -> float_type, {1, 64, 56, 56}, {200704, 3136, 56, 1}, target_id=0
@9 = gpu::pooling[mode=max,padding={1, 1, 1, 1},padding_mode=0,stride={2, 2},lengths={3, 3},dilations={1, 1},ceil_mode=0,lp_order=2,dyn_global=0](@7,@8) -> float_type, {1, 64, 56, 56}, {200704, 3136, 56, 1}, target_id=0
@10 = hip::hip_copy_literal[id=main:@literal:96] -> float_type, {64}, {1}, target_id=0
@11 = hip::hip_copy_literal[id=main:@literal:97] -> float_type, {64, 64, 1, 1}, {64, 1, 1, 1}, target_id=0
@12 = broadcast[axis=1,out_lens={1, 64, 56, 56}](@10) -> float_type, {1, 64, 56, 56}, {0, 1, 0, 0}, target_id=0
@13 = load[offset=802816,end=1605632](@1) -> float_type, {1, 64, 56, 56}, {200704, 3136, 56, 1}, target_id=0
@14 = gpu::code_object[code_object=4120,symbol_name=mlir_convolution_add_relu,global=50176,local=256,](@12,@9,@11,@13) -> float_type, {1, 64, 56, 56}, {200704, 3136, 56, 1}, target_id=0
@15 = hip::hip_copy_literal[id=main:@literal:3] -> float_type, {256, 128, 1, 1}, {128, 1, 1, 1}, target_id=0
@16 = hip::hip_copy_literal[id=main:@literal:94] -> float_type, {64}, {1}, target_id=0
@17 = hip::hip_copy_literal[id=main:@literal:95] -> float_type, {64, 64, 3, 3}, {576, 9, 3, 1}, target_id=0
@18 = load[offset=0,end=802816](@1) -> float_type, {1, 64, 56, 56}, {200704, 3136, 56, 1}, target_id=0
@19 = broadcast[axis=1,out_lens={1, 64, 56, 56}](@16) -> float_type, {1, 64, 56, 56}, {0, 1, 0, 0}, target_id=0
@20 = gpu::miopen_fusion[ops={{op=convolution[padding={1, 1, 1, 1},stride={1, 1},dilation={1, 1},group=1,padding_mode=0],alpha=1,beta=0}, {op=add,alpha=1,beta=0}, {op=relu,alpha=1,beta=0}}](@14,@17,@19,@18) -> float_type, {1, 64, 56, 56}, {200704, 3136, 56, 1}, target_id=0
@21 = load[offset=4014080,end=5619712](@1) -> float_type, {1, 128, 56, 56}, {401408, 3136, 56, 1}, target_id=0
@22 = gpu::code_object[code_object=3936,symbol_name=concat_kernel,global=100352,local=1024,](@20,@9,@21) -> float_type, {1, 128, 56, 56}, {401408, 3136, 56, 1}, target_id=0
@23 = hip::hip_copy_literal[id=main:@literal:2] -> float_type, {256}, {1}, target_id=0
@24 = load[offset=802816,end=4014080](@1) -> float_type, {1, 256, 56, 56}, {802816, 3136, 56, 1}, target_id=0
@25 = broadcast[axis=1,out_lens={1, 256, 56, 56}](@23) -> float_type, {1, 256, 56, 56}, {0, 1, 0, 0}, target_id=0
@26 = gpu::code_object[code_object=4816,symbol_name=mlir_convolution_add_relu,global=50176,local=256,](@25,@22,@15,@24) -> float_type, {1, 256, 56, 56}, {802816, 3136, 56, 1}, target_id=0
@27 = hip::hip_copy_literal[id=main:@literal:92] -> float_type, {64}, {1}, target_id=0
@28 = hip::hip_copy_literal[id=main:@literal:93] -> float_type, {64, 256, 1, 1}, {256, 1, 1, 1}, target_id=0
@29 = load[offset=4816896,end=5619712](@1) -> float_type, {1, 64, 56, 56}, {200704, 3136, 56, 1}, target_id=0
@30 = broadcast[axis=1,out_lens={1, 64, 56, 56}](@27) -> float_type, {1, 64, 56, 56}, {0, 1, 0, 0}, target_id=0
@31 = gpu::code_object[code_object=5928,symbol_name=mlir_convolution_add_relu,global=50176,local=256,](@30,@26,@28,@29) -> float_type, {1, 64, 56, 56}, {200704, 3136, 56, 1}, target_id=0
@32 = hip::hip_copy_literal[id=main:@literal:90] -> float_type, {64}, {1}, target_id=0
@33 = hip::hip_copy_literal[id=main:@literal:91] -> float_type, {64, 64, 3, 3}, {576, 9, 3, 1}, target_id=0
@34 = load[offset=4014080,end=4816896](@1) -> float_type, {1, 64, 56, 56}, {200704, 3136, 56, 1}, target_id=0
@35 = broadcast[axis=1,out_lens={1, 64, 56, 56}](@32) -> float_type, {1, 64, 56, 56}, {0, 1, 0, 0}, target_id=0
@36 = gpu::miopen_fusion[ops={{op=convolution[padding={1, 1, 1, 1},stride={1, 1},dilation={1, 1},group=1,padding_mode=0],alpha=1,beta=0}, {op=add,alpha=1,beta=0}, {op=relu,alpha=1,beta=0}}](@31,@33,@35,@34) -> float_type, {1, 64, 56, 56}, {200704, 3136, 56, 1}, target_id=0
@37 = hip::hip_copy_literal[id=main:@literal:88] -> float_type, {256}, {1}, target_id=0
@38 = hip::hip_copy_literal[id=main:@literal:89] -> float_type, {256, 64, 1, 1}, {64, 1, 1, 1}, target_id=0
@39 = load[offset=7225344,end=10436608](@1) -> float_type, {1, 256, 56, 56}, {802816, 3136, 56, 1}, target_id=0
@40 = broadcast[axis=1,out_lens={1, 256, 56, 56}](@37) -> float_type, {1, 256, 56, 56}, {0, 1, 0, 0}, target_id=0
@41 = gpu::code_object[code_object=4232,symbol_name=mlir_convolution_add_add_relu,global=200704,local=256,](@40,@26,@36,@38,@39) -> float_type, {1, 256, 56, 56}, {802816, 3136, 56, 1}, target_id=0
@42 = hip::hip_copy_literal[id=main:@literal:86] -> float_type, {64}, {1}, target_id=0
@43 = hip::hip_copy_literal[id=main:@literal:87] -> float_type, {64, 256, 1, 1}, {256, 1, 1, 1}, target_id=0
@44 = load[offset=802816,end=1605632](@1) -> float_type, {1, 64, 56, 56}, {200704, 3136, 56, 1}, target_id=0
@45 = broadcast[axis=1,out_lens={1, 64, 56, 56}](@42) -> float_type, {1, 64, 56, 56}, {0, 1, 0, 0}, target_id=0
@46 = gpu::code_object[code_object=5928,symbol_name=mlir_convolution_add_relu,global=50176,local=256,](@45,@41,@43,@44) -> float_type, {1, 64, 56, 56}, {200704, 3136, 56, 1}, target_id=0
@47 = hip::hip_copy_literal[id=main:@literal:84] -> float_type, {64}, {1}, target_id=0
@48 = hip::hip_copy_literal[id=main:@literal:85] -> float_type, {64, 64, 3, 3}, {576, 9, 3, 1}, target_id=0
@49 = load[offset=0,end=802816](@1) -> float_type, {1, 64, 56, 56}, {200704, 3136, 56, 1}, target_id=0
@50 = broadcast[axis=1,out_lens={1, 64, 56, 56}](@47) -> float_type, {1, 64, 56, 56}, {0, 1, 0, 0}, target_id=0
@51 = gpu::miopen_fusion[ops={{op=convolution[padding={1, 1, 1, 1},stride={1, 1},dilation={1, 1},group=1,padding_mode=0],alpha=1,beta=0}, {op=add,alpha=1,beta=0}, {op=relu,alpha=1,beta=0}}](@46,@48,@50,@49) -> float_type, {1, 64, 56, 56}, {200704, 3136, 56, 1}, target_id=0
@52 = hip::hip_copy_literal[id=main:@literal:82] -> float_type, {256}, {1}, target_id=0
@53 = hip::hip_copy_literal[id=main:@literal:83] -> float_type, {256, 64, 1, 1}, {64, 1, 1, 1}, target_id=0
@54 = load[offset=4014080,end=7225344](@1) -> float_type, {1, 256, 56, 56}, {802816, 3136, 56, 1}, target_id=0
@55 = broadcast[axis=1,out_lens={1, 256, 56, 56}](@52) -> float_type, {1, 256, 56, 56}, {0, 1, 0, 0}, target_id=0
@56 = gpu::code_object[code_object=4232,symbol_name=mlir_convolution_add_add_relu,global=200704,local=256,](@55,@41,@51,@53,@54) -> float_type, {1, 256, 56, 56}, {802816, 3136, 56, 1}, target_id=0
@57 = hip::hip_copy_literal[id=main:@literal:80] -> float_type, {128}, {1}, target_id=0
@58 = hip::hip_copy_literal[id=main:@literal:81] -> float_type, {128, 256, 1, 1}, {256, 1, 1, 1}, target_id=0
@59 = load[offset=2007040,end=3612672](@1) -> float_type, {1, 128, 56, 56}, {401408, 3136, 56, 1}, target_id=0
@60 = broadcast[axis=1,out_lens={1, 128, 56, 56}](@57) -> float_type, {1, 128, 56, 56}, {0, 1, 0, 0}, target_id=0
@61 = gpu::code_object[code_object=5480,symbol_name=mlir_convolution_add_relu,global=25088,local=128,](@60,@56,@58,@59) -> float_type, {1, 128, 56, 56}, {401408, 3136, 56, 1}, target_id=0
@62 = hip::hip_copy_literal[id=main:@literal:79] -> float_type, {128, 128, 3, 3}, {1152, 9, 3, 1}, target_id=0
@63 = load[offset=0,end=0](@1) -> int8_type, {0}, {1}, target_id=0
@64 = load[offset=1605632,end=2007040](@1) -> float_type, {1, 128, 28, 28}, {100352, 784, 28, 1}, target_id=0
@65 = gpu::convolution[op={padding={1, 1, 1, 1},stride={2, 2},dilation={1, 1},group=1,padding_mode=0},solution_object={binary_object: 457},algo=0,solution_id=0](@61,@62,@63,@64) -> float_type, {1, 128, 28, 28}, {100352, 784, 28, 1}, target_id=0
@66 = hip::hip_copy_literal[id=main:@literal:5] -> float_type, {512, 384, 1, 1}, {384, 1, 1, 1}, target_id=0
@67 = hip::hip_copy_literal[id=main:@literal:78] -> float_type, {128}, {1}, target_id=0
@68 = load[offset=0,end=401408](@1) -> float_type, {1, 128, 28, 28}, {100352, 784, 28, 1}, target_id=0
@69 = broadcast[axis=1,out_lens={1, 128, 28, 28}](@67) -> float_type, {1, 128, 28, 28}, {0, 1, 0, 0}, target_id=0
@70 = gpu::code_object[code_object=4224,symbol_name=add_relu_kernel,global=50176,local=1024,](@65,@69,@68) -> float_type, {1, 128, 28, 28}, {100352, 784, 28, 1}, target_id=0
@71 = load[offset=802816,end=2007040](@1) -> float_type, {1, 384, 28, 28}, {301056, 784, 28, 1}, target_id=0
@72 = step[axes={2, 3},steps={2, 2}](@56) -> float_type, {1, 256, 28, 28}, {802816, 3136, 112, 2}, target_id=0
@73 = gpu::code_object[code_object=4184,symbol_name=concat_kernel,global=150528,local=1024,](@70,@72,@71) -> float_type, {1, 384, 28, 28}, {301056, 784, 28, 1}, target_id=0
@74 = hip::hip_copy_literal[id=main:@literal:4] -> float_type, {512}, {1}, target_id=0
@75 = load[offset=2809856,end=4415488](@1) -> float_type, {1, 512, 28, 28}, {401408, 784, 28, 1}, target_id=0
@76 = broadcast[axis=1,out_lens={1, 512, 28, 28}](@74) -> float_type, {1, 512, 28, 28}, {0, 1, 0, 0}, target_id=0
@77 = gpu::code_object[code_object=5584,symbol_name=mlir_convolution_add_relu,global=26624,local=256,](@76,@73,@66,@75) -> float_type, {1, 512, 28, 28}, {401408, 784, 28, 1}, target_id=0
@78 = hip::hip_copy_literal[id=main:@literal:76] -> float_type, {128}, {1}, target_id=0
@79 = hip::hip_copy_literal[id=main:@literal:77] -> float_type, {128, 512, 1, 1}, {512, 1, 1, 1}, target_id=0
@80 = load[offset=802816,end=1204224](@1) -> float_type, {1, 128, 28, 28}, {100352, 784, 28, 1}, target_id=0
@81 = broadcast[axis=1,out_lens={1, 128, 28, 28}](@78) -> float_type, {1, 128, 28, 28}, {0, 1, 0, 0}, target_id=0
@82 = gpu::code_object[code_object=4920,symbol_name=mlir_convolution_add_relu,global=25600,local=256,](@81,@77,@79,@80) -> float_type, {1, 128, 28, 28}, {100352, 784, 28, 1}, target_id=0
@83 = hip::hip_copy_literal[id=main:@literal:74] -> float_type, {128}, {1}, target_id=0
@84 = hip::hip_copy_literal[id=main:@literal:75] -> float_type, {128, 128, 3, 3}, {1152, 9, 3, 1}, target_id=0
@85 = load[offset=401408,end=802816](@1) -> float_type, {1, 128, 28, 28}, {100352, 784, 28, 1}, target_id=0
@86 = broadcast[axis=1,out_lens={1, 128, 28, 28}](@83) -> float_type, {1, 128, 28, 28}, {0, 1, 0, 0}, target_id=0
@87 = gpu::miopen_fusion[ops={{op=convolution[padding={1, 1, 1, 1},stride={1, 1},dilation={1, 1},group=1,padding_mode=0],alpha=1,beta=0}, {op=add,alpha=1,beta=0}, {op=relu,alpha=1,beta=0}}](@82,@84,@86,@85) -> float_type, {1, 128, 28, 28}, {100352, 784, 28, 1}, target_id=0
@88 = hip::hip_copy_literal[id=main:@literal:72] -> float_type, {512}, {1}, target_id=0
@89 = hip::hip_copy_literal[id=main:@literal:73] -> float_type, {512, 128, 1, 1}, {128, 1, 1, 1}, target_id=0
@90 = load[offset=1204224,end=2809856](@1) -> float_type, {1, 512, 28, 28}, {401408, 784, 28, 1}, target_id=0
@91 = broadcast[axis=1,out_lens={1, 512, 28, 28}](@88) -> float_type, {1, 512, 28, 28}, {0, 1, 0, 0}, target_id=0
@92 = gpu::code_object[code_object=5056,symbol_name=mlir_convolution_add_add_relu,global=102400,local=256,](@91,@77,@87,@89,@90) -> float_type, {1, 512, 28, 28}, {401408, 784, 28, 1}, target_id=0
@93 = hip::hip_copy_literal[id=main:@literal:70] -> float_type, {128}, {1}, target_id=0
@94 = hip::hip_copy_literal[id=main:@literal:71] -> float_type, {128, 512, 1, 1}, {512, 1, 1, 1}, target_id=0
@95 = load[offset=802816,end=1204224](@1) -> float_type, {1, 128, 28, 28}, {100352, 784, 28, 1}, target_id=0
@96 = broadcast[axis=1,out_lens={1, 128, 28, 28}](@93) -> float_type, {1, 128, 28, 28}, {0, 1, 0, 0}, target_id=0
@97 = gpu::code_object[code_object=4920,symbol_name=mlir_convolution_add_relu,global=25600,local=256,](@96,@92,@94,@95) -> float_type, {1, 128, 28, 28}, {100352, 784, 28, 1}, target_id=0
@98 = hip::hip_copy_literal[id=main:@literal:68] -> float_type, {128}, {1}, target_id=0
@99 = hip::hip_copy_literal[id=main:@literal:69] -> float_type, {128, 128, 3, 3}, {1152, 9, 3, 1}, target_id=0
@100 = load[offset=401408,end=802816](@1) -> float_type, {1, 128, 28, 28}, {100352, 784, 28, 1}, target_id=0
@101 = broadcast[axis=1,out_lens={1, 128, 28, 28}](@98) -> float_type, {1, 128, 28, 28}, {0, 1, 0, 0}, target_id=0
@102 = gpu::miopen_fusion[ops={{op=convolution[padding={1, 1, 1, 1},stride={1, 1},dilation={1, 1},group=1,padding_mode=0],alpha=1,beta=0}, {op=add,alpha=1,beta=0}, {op=relu,alpha=1,beta=0}}](@97,@99,@101,@100) -> float_type, {1, 128, 28, 28}, {100352, 784, 28, 1}, target_id=0
@103 = hip::hip_copy_literal[id=main:@literal:66] -> float_type, {512}, {1}, target_id=0
@104 = hip::hip_copy_literal[id=main:@literal:67] -> float_type, {512, 128, 1, 1}, {128, 1, 1, 1}, target_id=0
@105 = load[offset=5771264,end=7376896](@1) -> float_type, {1, 512, 28, 28}, {401408, 784, 28, 1}, target_id=0
@106 = broadcast[axis=1,out_lens={1, 512, 28, 28}](@103) -> float_type, {1, 512, 28, 28}, {0, 1, 0, 0}, target_id=0
@107 = gpu::code_object[code_object=5056,symbol_name=mlir_convolution_add_add_relu,global=102400,local=256,](@106,@92,@102,@104,@105) -> float_type, {1, 512, 28, 28}, {401408, 784, 28, 1}, target_id=0
@108 = hip::hip_copy_literal[id=main:@literal:64] -> float_type, {128}, {1}, target_id=0
@109 = hip::hip_copy_literal[id=main:@literal:65] -> float_type, {128, 512, 1, 1}, {512, 1, 1, 1}, target_id=0
@110 = load[offset=401408,end=802816](@1) -> float_type, {1, 128, 28, 28}, {100352, 784, 28, 1}, target_id=0
@111 = broadcast[axis=1,out_lens={1, 128, 28, 28}](@108) -> float_type, {1, 128, 28, 28}, {0, 1, 0, 0}, target_id=0
@112 = gpu::code_object[code_object=4920,symbol_name=mlir_convolution_add_relu,global=25600,local=256,](@111,@107,@109,@110) -> float_type, {1, 128, 28, 28}, {100352, 784, 28, 1}, target_id=0
@113 = hip::hip_copy_literal[id=main:@literal:62] -> float_type, {128}, {1}, target_id=0
@114 = hip::hip_copy_literal[id=main:@literal:63] -> float_type, {128, 128, 3, 3}, {1152, 9, 3, 1}, target_id=0
@115 = load[offset=0,end=401408](@1) -> float_type, {1, 128, 28, 28}, {100352, 784, 28, 1}, target_id=0
@116 = broadcast[axis=1,out_lens={1, 128, 28, 28}](@113) -> float_type, {1, 128, 28, 28}, {0, 1, 0, 0}, target_id=0
@117 = gpu::miopen_fusion[ops={{op=convolution[padding={1, 1, 1, 1},stride={1, 1},dilation={1, 1},group=1,padding_mode=0],alpha=1,beta=0}, {op=add,alpha=1,beta=0}, {op=relu,alpha=1,beta=0}}](@112,@114,@116,@115) -> float_type, {1, 128, 28, 28}, {100352, 784, 28, 1}, target_id=0
@118 = hip::hip_copy_literal[id=main:@literal:60] -> float_type, {512}, {1}, target_id=0
@119 = hip::hip_copy_literal[id=main:@literal:61] -> float_type, {512, 128, 1, 1}, {128, 1, 1, 1}, target_id=0
@120 = load[offset=4165632,end=5771264](@1) -> float_type, {1, 512, 28, 28}, {401408, 784, 28, 1}, target_id=0
@121 = broadcast[axis=1,out_lens={1, 512, 28, 28}](@118) -> float_type, {1, 512, 28, 28}, {0, 1, 0, 0}, target_id=0
@122 = gpu::code_object[code_object=5056,symbol_name=mlir_convolution_add_add_relu,global=102400,local=256,](@121,@107,@117,@119,@120) -> float_type, {1, 512, 28, 28}, {401408, 784, 28, 1}, target_id=0
@123 = hip::hip_copy_literal[id=main:@literal:58] -> float_type, {256}, {1}, target_id=0
@124 = hip::hip_copy_literal[id=main:@literal:59] -> float_type, {256, 512, 1, 1}, {512, 1, 1, 1}, target_id=0
@125 = broadcast[axis=1,out_lens={1, 256, 28, 28}](@123) -> float_type, {1, 256, 28, 28}, {0, 1, 0, 0}, target_id=0
@126 = load[offset=0,end=802816](@1) -> float_type, {1, 256, 28, 28}, {200704, 784, 28, 1}, target_id=0
@127 = gpu::code_object[code_object=4920,symbol_name=mlir_convolution_add_relu,global=51200,local=256,](@125,@122,@124,@126) -> float_type, {1, 256, 28, 28}, {200704, 784, 28, 1}, target_id=0
@128 = hip::hip_copy_literal[id=main:@literal:57] -> float_type, {256, 256, 3, 3}, {2304, 9, 3, 1}, target_id=0
@129 = load[offset=5971968,end=9334784](@1) -> int8_type, {3362816}, {1}, target_id=0
@130 = load[offset=5771264,end=5971968](@1) -> float_type, {1, 256, 14, 14}, {50176, 196, 14, 1}, target_id=0
@131 = gpu::convolution[op={padding={1, 1, 1, 1},stride={2, 2},dilation={1, 1},group=1,padding_mode=0},solution_object={binary_object: 556},algo=0,solution_id=0](@127,@128,@129,@130) -> float_type, {1, 256, 14, 14}, {50176, 196, 14, 1}, target_id=0
@132 = hip::hip_copy_literal[id=main:@literal:7] -> float_type, {1024, 768, 1, 1}, {768, 1, 1, 1}, target_id=0
@133 = hip::hip_copy_literal[id=main:@literal:56] -> float_type, {256}, {1}, target_id=0
@134 = broadcast[axis=1,out_lens={1, 256, 14, 14}](@133) -> float_type, {1, 256, 14, 14}, {0, 1, 0, 0}, target_id=0
@135 = load[offset=0,end=200704](@1) -> float_type, {1, 256, 14, 14}, {50176, 196, 14, 1}, target_id=0
@136 = gpu::code_object[code_object=3968,symbol_name=add_relu_kernel,global=25088,local=1024,](@131,@134,@135) -> float_type, {1, 256, 14, 14}, {50176, 196, 14, 1}, target_id=0
@137 = hip::hip_copy_literal[id=main:@literal:6] -> float_type, {1024}, {1}, target_id=0
@138 = hip::hip_copy_literal[id=main:@literal:44] -> float_type, {1024}, {1}, target_id=0
@139 = hip::hip_copy_literal[id=main:@literal:45] -> float_type, {1024, 256, 1, 1}, {256, 1, 1, 1}, target_id=0
@140 = hip::hip_copy_literal[id=main:@literal:46] -> float_type, {256}, {1}, target_id=0
@141 = hip::hip_copy_literal[id=main:@literal:47] -> float_type, {256, 256, 3, 3}, {2304, 9, 3, 1}, target_id=0
@142 = hip::hip_copy_literal[id=main:@literal:48] -> float_type, {256}, {1}, target_id=0
@143 = hip::hip_copy_literal[id=main:@literal:49] -> float_type, {256, 1024, 1, 1}, {1024, 1, 1, 1}, target_id=0
@144 = hip::hip_copy_literal[id=main:@literal:50] -> float_type, {1024}, {1}, target_id=0
@145 = hip::hip_copy_literal[id=main:@literal:51] -> float_type, {1024, 256, 1, 1}, {256, 1, 1, 1}, target_id=0
@146 = hip::hip_copy_literal[id=main:@literal:52] -> float_type, {256}, {1}, target_id=0
@147 = hip::hip_copy_literal[id=main:@literal:53] -> float_type, {256, 256, 3, 3}, {2304, 9, 3, 1}, target_id=0
@148 = hip::hip_copy_literal[id=main:@literal:54] -> float_type, {256}, {1}, target_id=0
@149 = hip::hip_copy_literal[id=main:@literal:55] -> float_type, {256, 1024, 1, 1}, {1024, 1, 1, 1}, target_id=0
@150 = load[offset=1003520,end=1605632](@1) -> float_type, {1, 768, 14, 14}, {150528, 196, 14, 1}, target_id=0
@151 = step[axes={2, 3},steps={2, 2}](@122) -> float_type, {1, 512, 14, 14}, {401408, 784, 56, 2}, target_id=0
@152 = gpu::code_object[code_object=4200,symbol_name=concat_kernel,global=75264,local=1024,](@136,@151,@150) -> float_type, {1, 768, 14, 14}, {150528, 196, 14, 1}, target_id=0
@153 = broadcast[axis=1,out_lens={1, 1024, 14, 14}](@137) -> float_type, {1, 1024, 14, 14}, {0, 1, 0, 0}, target_id=0
@154 = load[offset=200704,end=1003520](@1) -> float_type, {1, 1024, 14, 14}, {200704, 196, 14, 1}, target_id=0
@155 = gpu::code_object[code_object=4464,symbol_name=mlir_convolution_add_relu,global=57344,local=256,](@153,@152,@132,@154) -> float_type, {1, 1024, 14, 14}, {200704, 196, 14, 1}, target_id=0
@156 = broadcast[axis=1,out_lens={1, 256, 14, 14}](@148) -> float_type, {1, 256, 14, 14}, {0, 1, 0, 0}, target_id=0
@157 = load[offset=1204224,end=1404928](@1) -> float_type, {1, 256, 14, 14}, {50176, 196, 14, 1}, target_id=0
@158 = gpu::code_object[code_object=5240,symbol_name=mlir_convolution_add_relu,global=14336,local=128,](@156,@155,@149,@157) -> float_type, {1, 256, 14, 14}, {50176, 196, 14, 1}, target_id=0
@159 = broadcast[axis=1,out_lens={1, 256, 14, 14}](@146) -> float_type, {1, 256, 14, 14}, {0, 1, 0, 0}, target_id=0
@160 = load[offset=1003520,end=1204224](@1) -> float_type, {1, 256, 14, 14}, {50176, 196, 14, 1}, target_id=0
@161 = gpu::miopen_fusion[ops={{op=convolution[padding={1, 1, 1, 1},stride={1, 1},dilation={1, 1},group=1,padding_mode=0],alpha=1,beta=0}, {op=add,alpha=1,beta=0}, {op=relu,alpha=1,beta=0}}](@158,@147,@159,@160) -> float_type, {1, 256, 14, 14}, {50176, 196, 14, 1}, target_id=0
@162 = broadcast[axis=1,out_lens={1, 1024, 14, 14}](@144) -> float_type, {1, 1024, 14, 14}, {0, 1, 0, 0}, target_id=0
@163 = load[offset=2207744,end=3010560](@1) -> float_type, {1, 1024, 14, 14}, {200704, 196, 14, 1}, target_id=0
@164 = gpu::code_object[code_object=6208,symbol_name=mlir_convolution_add_add_relu,global=57344,local=256,](@162,@155,@161,@145,@163) -> float_type, {1, 1024, 14, 14}, {200704, 196, 14, 1}, target_id=0
@165 = broadcast[axis=1,out_lens={1, 256, 14, 14}](@142) -> float_type, {1, 256, 14, 14}, {0, 1, 0, 0}, target_id=0
@166 = load[offset=200704,end=401408](@1) -> float_type, {1, 256, 14, 14}, {50176, 196, 14, 1}, target_id=0
@167 = gpu::code_object[code_object=5240,symbol_name=mlir_convolution_add_relu,global=14336,local=128,](@165,@164,@143,@166) -> float_type, {1, 256, 14, 14}, {50176, 196, 14, 1}, target_id=0
@168 = broadcast[axis=1,out_lens={1, 256, 14, 14}](@140) -> float_type, {1, 256, 14, 14}, {0, 1, 0, 0}, target_id=0
@169 = load[offset=0,end=200704](@1) -> float_type, {1, 256, 14, 14}, {50176, 196, 14, 1}, target_id=0
@170 = gpu::miopen_fusion[ops={{op=convolution[padding={1, 1, 1, 1},stride={1, 1},dilation={1, 1},group=1,padding_mode=0],alpha=1,beta=0}, {op=add,alpha=1,beta=0}, {op=relu,alpha=1,beta=0}}](@167,@141,@168,@169) -> float_type, {1, 256, 14, 14}, {50176, 196, 14, 1}, target_id=0
@171 = broadcast[axis=1,out_lens={1, 1024, 14, 14}](@138) -> float_type, {1, 1024, 14, 14}, {0, 1, 0, 0}, target_id=0
@172 = load[offset=1404928,end=2207744](@1) -> float_type, {1, 1024, 14, 14}, {200704, 196, 14, 1}, target_id=0
@173 = gpu::code_object[code_object=6208,symbol_name=mlir_convolution_add_add_relu,global=57344,local=256,](@171,@164,@170,@139,@172) -> float_type, {1, 1024, 14, 14}, {200704, 196, 14, 1}, target_id=0
@174 = hip::hip_copy_literal[id=main:@literal:26] -> float_type, {1024}, {1}, target_id=0
@175 = hip::hip_copy_literal[id=main:@literal:27] -> float_type, {1024, 256, 1, 1}, {256, 1, 1, 1}, target_id=0
@176 = hip::hip_copy_literal[id=main:@literal:28] -> float_type, {256}, {1}, target_id=0
@177 = hip::hip_copy_literal[id=main:@literal:29] -> float_type, {256, 256, 3, 3}, {2304, 9, 3, 1}, target_id=0
@178 = hip::hip_copy_literal[id=main:@literal:30] -> float_type, {256}, {1}, target_id=0
@179 = hip::hip_copy_literal[id=main:@literal:31] -> float_type, {256, 1024, 1, 1}, {1024, 1, 1, 1}, target_id=0
@180 = hip::hip_copy_literal[id=main:@literal:32] -> float_type, {1024}, {1}, target_id=0
@181 = hip::hip_copy_literal[id=main:@literal:33] -> float_type, {1024, 256, 1, 1}, {256, 1, 1, 1}, target_id=0
@182 = hip::hip_copy_literal[id=main:@literal:34] -> float_type, {256}, {1}, target_id=0
@183 = hip::hip_copy_literal[id=main:@literal:35] -> float_type, {256, 256, 3, 3}, {2304, 9, 3, 1}, target_id=0
@184 = hip::hip_copy_literal[id=main:@literal:36] -> float_type, {256}, {1}, target_id=0
@185 = hip::hip_copy_literal[id=main:@literal:37] -> float_type, {256, 1024, 1, 1}, {1024, 1, 1, 1}, target_id=0
@186 = hip::hip_copy_literal[id=main:@literal:38] -> float_type, {1024}, {1}, target_id=0
@187 = hip::hip_copy_literal[id=main:@literal:39] -> float_type, {1024, 256, 1, 1}, {256, 1, 1, 1}, target_id=0
@188 = hip::hip_copy_literal[id=main:@literal:40] -> float_type, {256}, {1}, target_id=0
@189 = hip::hip_copy_literal[id=main:@literal:41] -> float_type, {256, 256, 3, 3}, {2304, 9, 3, 1}, target_id=0
@190 = hip::hip_copy_literal[id=main:@literal:42] -> float_type, {256}, {1}, target_id=0
@191 = hip::hip_copy_literal[id=main:@literal:43] -> float_type, {256, 1024, 1, 1}, {1024, 1, 1, 1}, target_id=0
@192 = load[offset=401408,end=602112](@1) -> float_type, {1, 256, 14, 14}, {50176, 196, 14, 1}, target_id=0
@193 = broadcast[axis=1,out_lens={1, 256, 14, 14}](@190) -> float_type, {1, 256, 14, 14}, {0, 1, 0, 0}, target_id=0
@194 = gpu::code_object[code_object=5240,symbol_name=mlir_convolution_add_relu,global=14336,local=128,](@193,@173,@191,@192) -> float_type, {1, 256, 14, 14}, {50176, 196, 14, 1}, target_id=0
@195 = load[offset=200704,end=401408](@1) -> float_type, {1, 256, 14, 14}, {50176, 196, 14, 1}, target_id=0
@196 = broadcast[axis=1,out_lens={1, 256, 14, 14}](@188) -> float_type, {1, 256, 14, 14}, {0, 1, 0, 0}, target_id=0
@197 = gpu::miopen_fusion[ops={{op=convolution[padding={1, 1, 1, 1},stride={1, 1},dilation={1, 1},group=1,padding_mode=0],alpha=1,beta=0}, {op=add,alpha=1,beta=0}, {op=relu,alpha=1,beta=0}}](@194,@189,@196,@195) -> float_type, {1, 256, 14, 14}, {50176, 196, 14, 1}, target_id=0
@198 = load[offset=602112,end=1404928](@1) -> float_type, {1, 1024, 14, 14}, {200704, 196, 14, 1}, target_id=0
@199 = broadcast[axis=1,out_lens={1, 1024, 14, 14}](@186) -> float_type, {1, 1024, 14, 14}, {0, 1, 0, 0}, target_id=0
@200 = gpu::code_object[code_object=6208,symbol_name=mlir_convolution_add_add_relu,global=57344,local=256,](@199,@173,@197,@187,@198) -> float_type, {1, 1024, 14, 14}, {200704, 196, 14, 1}, target_id=0
@201 = broadcast[axis=1,out_lens={1, 256, 14, 14}](@184) -> float_type, {1, 256, 14, 14}, {0, 1, 0, 0}, target_id=0
@202 = load[offset=200704,end=401408](@1) -> float_type, {1, 256, 14, 14}, {50176, 196, 14, 1}, target_id=0
@203 = gpu::code_object[code_object=5240,symbol_name=mlir_convolution_add_relu,global=14336,local=128,](@201,@200,@185,@202) -> float_type, {1, 256, 14, 14}, {50176, 196, 14, 1}, target_id=0
@204 = broadcast[axis=1,out_lens={1, 256, 14, 14}](@182) -> float_type, {1, 256, 14, 14}, {0, 1, 0, 0}, target_id=0
@205 = load[offset=0,end=200704](@1) -> float_type, {1, 256, 14, 14}, {50176, 196, 14, 1}, target_id=0
@206 = gpu::miopen_fusion[ops={{op=convolution[padding={1, 1, 1, 1},stride={1, 1},dilation={1, 1},group=1,padding_mode=0],alpha=1,beta=0}, {op=add,alpha=1,beta=0}, {op=relu,alpha=1,beta=0}}](@203,@183,@204,@205) -> float_type, {1, 256, 14, 14}, {50176, 196, 14, 1}, target_id=0
@207 = broadcast[axis=1,out_lens={1, 1024, 14, 14}](@180) -> float_type, {1, 1024, 14, 14}, {0, 1, 0, 0}, target_id=0
@208 = load[offset=1404928,end=2207744](@1) -> float_type, {1, 1024, 14, 14}, {200704, 196, 14, 1}, target_id=0
@209 = gpu::code_object[code_object=6208,symbol_name=mlir_convolution_add_add_relu,global=57344,local=256,](@207,@200,@206,@181,@208) -> float_type, {1, 1024, 14, 14}, {200704, 196, 14, 1}, target_id=0
@210 = broadcast[axis=1,out_lens={1, 256, 14, 14}](@178) -> float_type, {1, 256, 14, 14}, {0, 1, 0, 0}, target_id=0
@211 = load[offset=0,end=200704](@1) -> float_type, {1, 256, 14, 14}, {50176, 196, 14, 1}, target_id=0
@212 = gpu::code_object[code_object=5240,symbol_name=mlir_convolution_add_relu,global=14336,local=128,](@210,@209,@179,@211) -> float_type, {1, 256, 14, 14}, {50176, 196, 14, 1}, target_id=0
@213 = broadcast[axis=1,out_lens={1, 256, 14, 14}](@176) -> float_type, {1, 256, 14, 14}, {0, 1, 0, 0}, target_id=0
@214 = load[offset=802816,end=1003520](@1) -> float_type, {1, 256, 14, 14}, {50176, 196, 14, 1}, target_id=0
@215 = gpu::miopen_fusion[ops={{op=convolution[padding={1, 1, 1, 1},stride={1, 1},dilation={1, 1},group=1,padding_mode=0],alpha=1,beta=0}, {op=add,alpha=1,beta=0}, {op=relu,alpha=1,beta=0}}](@212,@177,@213,@214) -> float_type, {1, 256, 14, 14}, {50176, 196, 14, 1}, target_id=0
@216 = broadcast[axis=1,out_lens={1, 1024, 14, 14}](@174) -> float_type, {1, 1024, 14, 14}, {0, 1, 0, 0}, target_id=0
@217 = load[offset=0,end=802816](@1) -> float_type, {1, 1024, 14, 14}, {200704, 196, 14, 1}, target_id=0
@218 = gpu::code_object[code_object=6208,symbol_name=mlir_convolution_add_add_relu,global=57344,local=256,](@216,@209,@215,@175,@217) -> float_type, {1, 1024, 14, 14}, {200704, 196, 14, 1}, target_id=0
@219 = hip::hip_copy_literal[id=main:@literal:23] -> float_type, {512, 512, 3, 3}, {4608, 9, 3, 1}, target_id=0
@220 = hip::hip_copy_literal[id=main:@literal:24] -> float_type, {512}, {1}, target_id=0
@221 = hip::hip_copy_literal[id=main:@literal:25] -> float_type, {512, 1024, 1, 1}, {1024, 1, 1, 1}, target_id=0
@222 = broadcast[axis=1,out_lens={1, 512, 14, 14}](@220) -> float_type, {1, 512, 14, 14}, {0, 1, 0, 0}, target_id=0
@223 = load[offset=10842112,end=11243520](@1) -> float_type, {1, 512, 14, 14}, {100352, 196, 14, 1}, target_id=0
@224 = gpu::code_object[code_object=4960,symbol_name=mlir_convolution_add_relu,global=28672,local=256,](@222,@218,@221,@223) -> float_type, {1, 512, 14, 14}, {100352, 196, 14, 1}, target_id=0
@225 = load[offset=903168,end=10842112](@1) -> int8_type, {9938944}, {1}, target_id=0
@226 = load[offset=802816,end=903168](@1) -> float_type, {1, 512, 7, 7}, {25088, 49, 7, 1}, target_id=0
@227 = gpu::convolution[op={padding={1, 1, 1, 1},stride={2, 2},dilation={1, 1},group=1,padding_mode=0},solution_object={binary_object: 555},algo=0,solution_id=0](@224,@219,@225,@226) -> float_type, {1, 512, 7, 7}, {25088, 49, 7, 1}, target_id=0
@228 = hip::hip_copy_literal[id=main:@literal:9] -> float_type, {2048, 1536, 1, 1}, {1536, 1, 1, 1}, target_id=0
@229 = hip::hip_copy_literal[id=main:@literal:8] -> float_type, {2048}, {1}, target_id=0
@230 = hip::hip_copy_literal[id=main:@literal:0] -> float_type, {1, 1000}, {1000, 1}, target_id=0
@231 = hip::hip_copy_literal[id=main:@literal:10] -> float_type, {2048}, {1}, target_id=0
@232 = hip::hip_copy_literal[id=main:@literal:11] -> float_type, {2048, 512, 1, 1}, {512, 1, 1, 1}, target_id=0
@233 = hip::hip_copy_literal[id=main:@literal:12] -> float_type, {512}, {1}, target_id=0
@234 = hip::hip_copy_literal[id=main:@literal:13] -> float_type, {512, 512, 3, 3}, {4608, 9, 3, 1}, target_id=0
@235 = hip::hip_copy_literal[id=main:@literal:14] -> float_type, {512}, {1}, target_id=0
@236 = hip::hip_copy_literal[id=main:@literal:15] -> float_type, {512, 2048, 1, 1}, {2048, 1, 1, 1}, target_id=0
@237 = hip::hip_copy_literal[id=main:@literal:16] -> float_type, {2048}, {1}, target_id=0
@238 = hip::hip_copy_literal[id=main:@literal:17] -> float_type, {2048, 512, 1, 1}, {512, 1, 1, 1}, target_id=0
@239 = hip::hip_copy_literal[id=main:@literal:18] -> float_type, {512}, {1}, target_id=0
@240 = hip::hip_copy_literal[id=main:@literal:19] -> float_type, {512, 512, 3, 3}, {4608, 9, 3, 1}, target_id=0
@241 = hip::hip_copy_literal[id=main:@literal:20] -> float_type, {512}, {1}, target_id=0
@242 = hip::hip_copy_literal[id=main:@literal:21] -> float_type, {512, 2048, 1, 1}, {2048, 1, 1, 1}, target_id=0
@243 = hip::hip_copy_literal[id=main:@literal:22] -> float_type, {512}, {1}, target_id=0
@244 = hip::hip_copy_literal[id=main:@literal:1] -> float_type, {2048, 1000}, {1000, 1}, target_id=0
@245 = load[offset=903168,end=1003520](@1) -> float_type, {1, 512, 7, 7}, {25088, 49, 7, 1}, target_id=0
@246 = broadcast[axis=1,out_lens={1, 512, 7, 7}](@243) -> float_type, {1, 512, 7, 7}, {0, 1, 0, 0}, target_id=0
@247 = gpu::code_object[code_object=3960,symbol_name=add_relu_kernel,global=25088,local=1024,](@227,@246,@245) -> float_type, {1, 512, 7, 7}, {25088, 49, 7, 1}, target_id=0
@248 = step[axes={2, 3},steps={2, 2}](@218) -> float_type, {1, 1024, 7, 7}, {200704, 196, 28, 2}, target_id=0
@249 = load[offset=1003520,end=1304576](@1) -> float_type, {1, 1536, 7, 7}, {75264, 49, 7, 1}, target_id=0
@250 = gpu::code_object[code_object=4208,symbol_name=concat_kernel,global=37632,local=1024,](@247,@248,@249) -> float_type, {1, 1536, 7, 7}, {75264, 49, 7, 1}, target_id=0
@251 = load[offset=1304576,end=1705984](@1) -> float_type, {1, 2048, 7, 7}, {100352, 49, 7, 1}, target_id=0
@252 = broadcast[axis=1,out_lens={1, 2048, 7, 7}](@229) -> float_type, {1, 2048, 7, 7}, {0, 1, 0, 0}, target_id=0
@253 = gpu::code_object[code_object=4488,symbol_name=mlir_convolution_add_relu,global=32768,local=256,](@252,@250,@228,@251) -> float_type, {1, 2048, 7, 7}, {100352, 49, 7, 1}, target_id=0
@254 = load[offset=100352,end=200704](@1) -> float_type, {1, 512, 7, 7}, {25088, 49, 7, 1}, target_id=0
@255 = broadcast[axis=1,out_lens={1, 512, 7, 7}](@241) -> float_type, {1, 512, 7, 7}, {0, 1, 0, 0}, target_id=0
@256 = gpu::code_object[code_object=5104,symbol_name=mlir_convolution_add_relu,global=8192,local=256,](@255,@253,@242,@254) -> float_type, {1, 512, 7, 7}, {25088, 49, 7, 1}, target_id=0
@257 = broadcast[axis=1,out_lens={1, 512, 7, 7}](@239) -> float_type, {1, 512, 7, 7}, {0, 1, 0, 0}, target_id=0
@258 = load[offset=0,end=100352](@1) -> float_type, {1, 512, 7, 7}, {25088, 49, 7, 1}, target_id=0
@259 = gpu::miopen_fusion[ops={{op=convolution[padding={1, 1, 1, 1},stride={1, 1},dilation={1, 1},group=1,padding_mode=0],alpha=1,beta=0}, {op=add,alpha=1,beta=0}, {op=relu,alpha=1,beta=0}}](@256,@240,@257,@258) -> float_type, {1, 512, 7, 7}, {25088, 49, 7, 1}, target_id=0
@260 = broadcast[axis=1,out_lens={1, 2048, 7, 7}](@237) -> float_type, {1, 2048, 7, 7}, {0, 1, 0, 0}, target_id=0
@261 = load[offset=501760,end=903168](@1) -> float_type, {1, 2048, 7, 7}, {100352, 49, 7, 1}, target_id=0
@262 = gpu::code_object[code_object=5200,symbol_name=mlir_convolution_add_add_relu,global=32768,local=256,](@260,@253,@259,@238,@261) -> float_type, {1, 2048, 7, 7}, {100352, 49, 7, 1}, target_id=0
@263 = broadcast[axis=1,out_lens={1, 512, 7, 7}](@235) -> float_type, {1, 512, 7, 7}, {0, 1, 0, 0}, target_id=0
@264 = load[offset=100352,end=200704](@1) -> float_type, {1, 512, 7, 7}, {25088, 49, 7, 1}, target_id=0
@265 = gpu::code_object[code_object=5104,symbol_name=mlir_convolution_add_relu,global=8192,local=256,](@263,@262,@236,@264) -> float_type, {1, 512, 7, 7}, {25088, 49, 7, 1}, target_id=0
@266 = broadcast[axis=1,out_lens={1, 512, 7, 7}](@233) -> float_type, {1, 512, 7, 7}, {0, 1, 0, 0}, target_id=0
@267 = load[offset=0,end=100352](@1) -> float_type, {1, 512, 7, 7}, {25088, 49, 7, 1}, target_id=0
@268 = gpu::miopen_fusion[ops={{op=convolution[padding={1, 1, 1, 1},stride={1, 1},dilation={1, 1},group=1,padding_mode=0],alpha=1,beta=0}, {op=add,alpha=1,beta=0}, {op=relu,alpha=1,beta=0}}](@265,@234,@266,@267) -> float_type, {1, 512, 7, 7}, {25088, 49, 7, 1}, target_id=0
@269 = load[offset=903168,end=1304576](@1) -> float_type, {1, 2048, 7, 7}, {100352, 49, 7, 1}, target_id=0
@270 = gpu::code_object[code_object=4712,symbol_name=mlir_convolution,global=32768,local=256,](@268,@232,@269) -> float_type, {1, 2048, 7, 7}, {100352, 49, 7, 1}, target_id=0
@271 = broadcast[axis=1,out_lens={1, 2048, 7, 7}](@231) -> float_type, {1, 2048, 7, 7}, {0, 1, 0, 0}, target_id=0
@272 = load[offset=0,end=8192](@1) -> float_type, {1, 2048, 1, 1}, {2048, 1, 1, 1}, target_id=0
@273 = gpu::code_object[code_object=4408,symbol_name=add_add_relu_reduce_mean_kernel,global=131072,local=64,](@270,@271,@262,@272) -> float_type, {1, 2048, 1, 1}, {2048, 1, 1, 1}, target_id=0
main:#output_0 = @param:main:#output_0 -> float_type, {1, 1000}, {1000, 1}, target_id=0
@275 = flatten[axis=1](@273) -> float_type, {1, 2048}, {2048, 1}, target_id=0
@276 = gpu::gemm[alpha=1,beta=1,compute_fp32=1,trans_batch=0,solution_idx=0](@275,@244,@230,main:#output_0) -> float_type, {1, 1000}, {1000, 1}, target_id=0
@277 = @return(@276), target_id=0


Allocating params ... 
Running performance report ... 
@0 = check_context::migraphx::gpu::context -> float_type, {}, {}, target_id=0: 0.00104236ms, 1%
@1 = hip::hip_allocate_memory[shape=int8_type, {11243520}, {1},id=main:scratch] -> int8_type, {11243520}, {1}, target_id=0: 0.00108626ms, 1%
@2 = hip::hip_copy_literal[id=main:@literal:98] -> float_type, {64}, {1}, target_id=0: 0.00088344ms, 1%
@3 = hip::hip_copy_literal[id=main:@literal:99] -> float_type, {64, 3, 7, 7}, {147, 49, 7, 1}, target_id=0: 0.00059322ms, 1%
@4 = load[offset=3211264,end=6422528](@1) -> float_type, {1, 64, 112, 112}, {802816, 12544, 112, 1}, target_id=0: 0.00084508ms, 1%
@5 = broadcast[axis=1,out_lens={1, 64, 112, 112}](@2) -> float_type, {1, 64, 112, 112}, {0, 1, 0, 0}, target_id=0: 0.00104072ms, 1%
input.1 = @param:input.1 -> float_type, {1, 3, 224, 224}, {150528, 50176, 224, 1}, target_id=0: 0.00063076ms, 1%
@7 = gpu::code_object[code_object=5472,symbol_name=mlir_convolution_add_relu,global=50176,local=256,](@5,input.1,@3,@4) -> float_type, {1, 64, 112, 112}, {802816, 12544, 112, 1}, target_id=0: 0.0405296ms, 2%
@8 = load[offset=2408448,end=3211264](@1) -> float_type, {1, 64, 56, 56}, {200704, 3136, 56, 1}, target_id=0: 0.00069724ms, 1%
@9 = gpu::pooling[mode=max,padding={1, 1, 1, 1},padding_mode=0,stride={2, 2},lengths={3, 3},dilations={1, 1},ceil_mode=0,lp_order=2,dyn_global=0](@7,@8) -> float_type, {1, 64, 56, 56}, {200704, 3136, 56, 1}, target_id=0: 0.064103ms, 3%
@10 = hip::hip_copy_literal[id=main:@literal:96] -> float_type, {64}, {1}, target_id=0: 0.00145564ms, 1%
@11 = hip::hip_copy_literal[id=main:@literal:97] -> float_type, {64, 64, 1, 1}, {64, 1, 1, 1}, target_id=0: 0.0006805ms, 1%
@12 = broadcast[axis=1,out_lens={1, 64, 56, 56}](@10) -> float_type, {1, 64, 56, 56}, {0, 1, 0, 0}, target_id=0: 0.0011509ms, 1%
@13 = load[offset=802816,end=1605632](@1) -> float_type, {1, 64, 56, 56}, {200704, 3136, 56, 1}, target_id=0: 0.00067364ms, 1%
@14 = gpu::code_object[code_object=4120,symbol_name=mlir_convolution_add_relu,global=50176,local=256,](@12,@9,@11,@13) -> float_type, {1, 64, 56, 56}, {200704, 3136, 56, 1}, target_id=0: 0.020632ms, 1%
@15 = hip::hip_copy_literal[id=main:@literal:3] -> float_type, {256, 128, 1, 1}, {128, 1, 1, 1}, target_id=0: 0.00069386ms, 1%
@16 = hip::hip_copy_literal[id=main:@literal:94] -> float_type, {64}, {1}, target_id=0: 0.00064442ms, 1%
@17 = hip::hip_copy_literal[id=main:@literal:95] -> float_type, {64, 64, 3, 3}, {576, 9, 3, 1}, target_id=0: 0.0007829ms, 1%
@18 = load[offset=0,end=802816](@1) -> float_type, {1, 64, 56, 56}, {200704, 3136, 56, 1}, target_id=0: 0.00065818ms, 1%
@19 = broadcast[axis=1,out_lens={1, 64, 56, 56}](@16) -> float_type, {1, 64, 56, 56}, {0, 1, 0, 0}, target_id=0: 0.00096228ms, 1%
@20 = gpu::miopen_fusion[ops={{op=convolution[padding={1, 1, 1, 1},stride={1, 1},dilation={1, 1},group=1,padding_mode=0],alpha=1,beta=0}, {op=add,alpha=1,beta=0}, {op=relu,alpha=1,beta=0}}](@14,@17,@19,@18) -> float_type, {1, 64, 56, 56}, {200704, 3136, 56, 1}, target_id=0: 0.056869ms, 3%
@21 = load[offset=4014080,end=5619712](@1) -> float_type, {1, 128, 56, 56}, {401408, 3136, 56, 1}, target_id=0: 0.00077122ms, 1%
@22 = gpu::code_object[code_object=3936,symbol_name=concat_kernel,global=100352,local=1024,](@20,@9,@21) -> float_type, {1, 128, 56, 56}, {401408, 3136, 56, 1}, target_id=0: 0.0206762ms, 1%
@23 = hip::hip_copy_literal[id=main:@literal:2] -> float_type, {256}, {1}, target_id=0: 0.00074178ms, 1%
@24 = load[offset=802816,end=4014080](@1) -> float_type, {1, 256, 56, 56}, {802816, 3136, 56, 1}, target_id=0: 0.00065674ms, 1%
@25 = broadcast[axis=1,out_lens={1, 256, 56, 56}](@23) -> float_type, {1, 256, 56, 56}, {0, 1, 0, 0}, target_id=0: 0.00101202ms, 1%
@26 = gpu::code_object[code_object=4816,symbol_name=mlir_convolution_add_relu,global=50176,local=256,](@25,@22,@15,@24) -> float_type, {1, 256, 56, 56}, {802816, 3136, 56, 1}, target_id=0: 0.0305683ms, 2%
@27 = hip::hip_copy_literal[id=main:@literal:92] -> float_type, {64}, {1}, target_id=0: 0.0006966ms, 1%
@28 = hip::hip_copy_literal[id=main:@literal:93] -> float_type, {64, 256, 1, 1}, {256, 1, 1, 1}, target_id=0: 0.00060754ms, 1%
@29 = load[offset=4816896,end=5619712](@1) -> float_type, {1, 64, 56, 56}, {200704, 3136, 56, 1}, target_id=0: 0.00064946ms, 1%
@30 = broadcast[axis=1,out_lens={1, 64, 56, 56}](@27) -> float_type, {1, 64, 56, 56}, {0, 1, 0, 0}, target_id=0: 0.00096686ms, 1%
@31 = gpu::code_object[code_object=5928,symbol_name=mlir_convolution_add_relu,global=50176,local=256,](@30,@26,@28,@29) -> float_type, {1, 64, 56, 56}, {200704, 3136, 56, 1}, target_id=0: 0.0263109ms, 1%
@32 = hip::hip_copy_literal[id=main:@literal:90] -> float_type, {64}, {1}, target_id=0: 0.00068238ms, 1%
@33 = hip::hip_copy_literal[id=main:@literal:91] -> float_type, {64, 64, 3, 3}, {576, 9, 3, 1}, target_id=0: 0.00057838ms, 1%
@34 = load[offset=4014080,end=4816896](@1) -> float_type, {1, 64, 56, 56}, {200704, 3136, 56, 1}, target_id=0: 0.00063736ms, 1%
@35 = broadcast[axis=1,out_lens={1, 64, 56, 56}](@32) -> float_type, {1, 64, 56, 56}, {0, 1, 0, 0}, target_id=0: 0.00096078ms, 1%
@36 = gpu::miopen_fusion[ops={{op=convolution[padding={1, 1, 1, 1},stride={1, 1},dilation={1, 1},group=1,padding_mode=0],alpha=1,beta=0}, {op=add,alpha=1,beta=0}, {op=relu,alpha=1,beta=0}}](@31,@33,@35,@34) -> float_type, {1, 64, 56, 56}, {200704, 3136, 56, 1}, target_id=0: 0.0436459ms, 2%
@37 = hip::hip_copy_literal[id=main:@literal:88] -> float_type, {256}, {1}, target_id=0: 0.00073198ms, 1%
@38 = hip::hip_copy_literal[id=main:@literal:89] -> float_type, {256, 64, 1, 1}, {64, 1, 1, 1}, target_id=0: 0.00060572ms, 1%
@39 = load[offset=7225344,end=10436608](@1) -> float_type, {1, 256, 56, 56}, {802816, 3136, 56, 1}, target_id=0: 0.00069732ms, 1%
@40 = broadcast[axis=1,out_lens={1, 256, 56, 56}](@37) -> float_type, {1, 256, 56, 56}, {0, 1, 0, 0}, target_id=0: 0.00093256ms, 1%
@41 = gpu::code_object[code_object=4232,symbol_name=mlir_convolution_add_add_relu,global=200704,local=256,](@40,@26,@36,@38,@39) -> float_type, {1, 256, 56, 56}, {802816, 3136, 56, 1}, target_id=0: 0.027689ms, 1%
@42 = hip::hip_copy_literal[id=main:@literal:86] -> float_type, {64}, {1}, target_id=0: 0.00070134ms, 1%
@43 = hip::hip_copy_literal[id=main:@literal:87] -> float_type, {64, 256, 1, 1}, {256, 1, 1, 1}, target_id=0: 0.000606ms, 1%
@44 = load[offset=802816,end=1605632](@1) -> float_type, {1, 64, 56, 56}, {200704, 3136, 56, 1}, target_id=0: 0.00065822ms, 1%
@45 = broadcast[axis=1,out_lens={1, 64, 56, 56}](@42) -> float_type, {1, 64, 56, 56}, {0, 1, 0, 0}, target_id=0: 0.00095968ms, 1%
@46 = gpu::code_object[code_object=5928,symbol_name=mlir_convolution_add_relu,global=50176,local=256,](@45,@41,@43,@44) -> float_type, {1, 64, 56, 56}, {200704, 3136, 56, 1}, target_id=0: 0.025937ms, 1%
@47 = hip::hip_copy_literal[id=main:@literal:84] -> float_type, {64}, {1}, target_id=0: 0.00067454ms, 1%
@48 = hip::hip_copy_literal[id=main:@literal:85] -> float_type, {64, 64, 3, 3}, {576, 9, 3, 1}, target_id=0: 0.00062334ms, 1%
@49 = load[offset=0,end=802816](@1) -> float_type, {1, 64, 56, 56}, {200704, 3136, 56, 1}, target_id=0: 0.00063854ms, 1%
@50 = broadcast[axis=1,out_lens={1, 64, 56, 56}](@47) -> float_type, {1, 64, 56, 56}, {0, 1, 0, 0}, target_id=0: 0.0009283ms, 1%
@51 = gpu::miopen_fusion[ops={{op=convolution[padding={1, 1, 1, 1},stride={1, 1},dilation={1, 1},group=1,padding_mode=0],alpha=1,beta=0}, {op=add,alpha=1,beta=0}, {op=relu,alpha=1,beta=0}}](@46,@48,@50,@49) -> float_type, {1, 64, 56, 56}, {200704, 3136, 56, 1}, target_id=0: 0.0447576ms, 2%
@52 = hip::hip_copy_literal[id=main:@literal:82] -> float_type, {256}, {1}, target_id=0: 0.00071902ms, 1%
@53 = hip::hip_copy_literal[id=main:@literal:83] -> float_type, {256, 64, 1, 1}, {64, 1, 1, 1}, target_id=0: 0.00062322ms, 1%
@54 = load[offset=4014080,end=7225344](@1) -> float_type, {1, 256, 56, 56}, {802816, 3136, 56, 1}, target_id=0: 0.00070374ms, 1%
@55 = broadcast[axis=1,out_lens={1, 256, 56, 56}](@52) -> float_type, {1, 256, 56, 56}, {0, 1, 0, 0}, target_id=0: 0.00090908ms, 1%
@56 = gpu::code_object[code_object=4232,symbol_name=mlir_convolution_add_add_relu,global=200704,local=256,](@55,@41,@51,@53,@54) -> float_type, {1, 256, 56, 56}, {802816, 3136, 56, 1}, target_id=0: 0.0280583ms, 1%
@57 = hip::hip_copy_literal[id=main:@literal:80] -> float_type, {128}, {1}, target_id=0: 0.00066424ms, 1%
@58 = hip::hip_copy_literal[id=main:@literal:81] -> float_type, {128, 256, 1, 1}, {256, 1, 1, 1}, target_id=0: 0.00059886ms, 1%
@59 = load[offset=2007040,end=3612672](@1) -> float_type, {1, 128, 56, 56}, {401408, 3136, 56, 1}, target_id=0: 0.0006601ms, 1%
@60 = broadcast[axis=1,out_lens={1, 128, 56, 56}](@57) -> float_type, {1, 128, 56, 56}, {0, 1, 0, 0}, target_id=0: 0.00094582ms, 1%
@61 = gpu::code_object[code_object=5480,symbol_name=mlir_convolution_add_relu,global=25088,local=128,](@60,@56,@58,@59) -> float_type, {1, 128, 56, 56}, {401408, 3136, 56, 1}, target_id=0: 0.0346274ms, 2%
@62 = hip::hip_copy_literal[id=main:@literal:79] -> float_type, {128, 128, 3, 3}, {1152, 9, 3, 1}, target_id=0: 0.00069466ms, 1%
@63 = load[offset=0,end=0](@1) -> int8_type, {0}, {1}, target_id=0: 0.00066214ms, 1%
@64 = load[offset=1605632,end=2007040](@1) -> float_type, {1, 128, 28, 28}, {100352, 784, 28, 1}, target_id=0: 0.00068766ms, 1%
@65 = gpu::convolution[op={padding={1, 1, 1, 1},stride={2, 2},dilation={1, 1},group=1,padding_mode=0},solution_object={binary_object: 457},algo=0,solution_id=0](@61,@62,@63,@64) -> float_type, {1, 128, 28, 28}, {100352, 784, 28, 1}, target_id=0: 0.0650301ms, 3%
@66 = hip::hip_copy_literal[id=main:@literal:5] -> float_type, {512, 384, 1, 1}, {384, 1, 1, 1}, target_id=0: 0.00078528ms, 1%
@67 = hip::hip_copy_literal[id=main:@literal:78] -> float_type, {128}, {1}, target_id=0: 0.00086036ms, 1%
@68 = load[offset=0,end=401408](@1) -> float_type, {1, 128, 28, 28}, {100352, 784, 28, 1}, target_id=0: 0.0007411ms, 1%
@69 = broadcast[axis=1,out_lens={1, 128, 28, 28}](@67) -> float_type, {1, 128, 28, 28}, {0, 1, 0, 0}, target_id=0: 0.00099708ms, 1%
@70 = gpu::code_object[code_object=4224,symbol_name=add_relu_kernel,global=50176,local=1024,](@65,@69,@68) -> float_type, {1, 128, 28, 28}, {100352, 784, 28, 1}, target_id=0: 0.0184327ms, 1%
@71 = load[offset=802816,end=2007040](@1) -> float_type, {1, 384, 28, 28}, {301056, 784, 28, 1}, target_id=0: 0.00069932ms, 1%
@72 = step[axes={2, 3},steps={2, 2}](@56) -> float_type, {1, 256, 28, 28}, {802816, 3136, 112, 2}, target_id=0: 0.00124716ms, 1%
@73 = gpu::code_object[code_object=4184,symbol_name=concat_kernel,global=150528,local=1024,](@70,@72,@71) -> float_type, {1, 384, 28, 28}, {301056, 784, 28, 1}, target_id=0: 0.0202002ms, 1%
@74 = hip::hip_copy_literal[id=main:@literal:4] -> float_type, {512}, {1}, target_id=0: 0.00067204ms, 1%
@75 = load[offset=2809856,end=4415488](@1) -> float_type, {1, 512, 28, 28}, {401408, 784, 28, 1}, target_id=0: 0.00065272ms, 1%
@76 = broadcast[axis=1,out_lens={1, 512, 28, 28}](@74) -> float_type, {1, 512, 28, 28}, {0, 1, 0, 0}, target_id=0: 0.00093022ms, 1%
@77 = gpu::code_object[code_object=5584,symbol_name=mlir_convolution_add_relu,global=26624,local=256,](@76,@73,@66,@75) -> float_type, {1, 512, 28, 28}, {401408, 784, 28, 1}, target_id=0: 0.0369912ms, 2%
@78 = hip::hip_copy_literal[id=main:@literal:76] -> float_type, {128}, {1}, target_id=0: 0.00071632ms, 1%
@79 = hip::hip_copy_literal[id=main:@literal:77] -> float_type, {128, 512, 1, 1}, {512, 1, 1, 1}, target_id=0: 0.000577ms, 1%
@80 = load[offset=802816,end=1204224](@1) -> float_type, {1, 128, 28, 28}, {100352, 784, 28, 1}, target_id=0: 0.00068482ms, 1%
@81 = broadcast[axis=1,out_lens={1, 128, 28, 28}](@78) -> float_type, {1, 128, 28, 28}, {0, 1, 0, 0}, target_id=0: 0.00095734ms, 1%
@82 = gpu::code_object[code_object=4920,symbol_name=mlir_convolution_add_relu,global=25600,local=256,](@81,@77,@79,@80) -> float_type, {1, 128, 28, 28}, {100352, 784, 28, 1}, target_id=0: 0.0281979ms, 1%
@83 = hip::hip_copy_literal[id=main:@literal:74] -> float_type, {128}, {1}, target_id=0: 0.00073212ms, 1%
@84 = hip::hip_copy_literal[id=main:@literal:75] -> float_type, {128, 128, 3, 3}, {1152, 9, 3, 1}, target_id=0: 0.00062622ms, 1%
@85 = load[offset=401408,end=802816](@1) -> float_type, {1, 128, 28, 28}, {100352, 784, 28, 1}, target_id=0: 0.00064038ms, 1%
@86 = broadcast[axis=1,out_lens={1, 128, 28, 28}](@83) -> float_type, {1, 128, 28, 28}, {0, 1, 0, 0}, target_id=0: 0.00103298ms, 1%
@87 = gpu::miopen_fusion[ops={{op=convolution[padding={1, 1, 1, 1},stride={1, 1},dilation={1, 1},group=1,padding_mode=0],alpha=1,beta=0}, {op=add,alpha=1,beta=0}, {op=relu,alpha=1,beta=0}}](@82,@84,@86,@85) -> float_type, {1, 128, 28, 28}, {100352, 784, 28, 1}, target_id=0: 0.0583707ms, 3%
@88 = hip::hip_copy_literal[id=main:@literal:72] -> float_type, {512}, {1}, target_id=0: 0.00071908ms, 1%
@89 = hip::hip_copy_literal[id=main:@literal:73] -> float_type, {512, 128, 1, 1}, {128, 1, 1, 1}, target_id=0: 0.0006054ms, 1%
@90 = load[offset=1204224,end=2809856](@1) -> float_type, {1, 512, 28, 28}, {401408, 784, 28, 1}, target_id=0: 0.0007028ms, 1%
@91 = broadcast[axis=1,out_lens={1, 512, 28, 28}](@88) -> float_type, {1, 512, 28, 28}, {0, 1, 0, 0}, target_id=0: 0.00096984ms, 1%
@92 = gpu::code_object[code_object=5056,symbol_name=mlir_convolution_add_add_relu,global=102400,local=256,](@91,@77,@87,@89,@90) -> float_type, {1, 512, 28, 28}, {401408, 784, 28, 1}, target_id=0: 0.0267388ms, 1%
@93 = hip::hip_copy_literal[id=main:@literal:70] -> float_type, {128}, {1}, target_id=0: 0.00064484ms, 1%
@94 = hip::hip_copy_literal[id=main:@literal:71] -> float_type, {128, 512, 1, 1}, {512, 1, 1, 1}, target_id=0: 0.00061856ms, 1%
@95 = load[offset=802816,end=1204224](@1) -> float_type, {1, 128, 28, 28}, {100352, 784, 28, 1}, target_id=0: 0.00067116ms, 1%
@96 = broadcast[axis=1,out_lens={1, 128, 28, 28}](@93) -> float_type, {1, 128, 28, 28}, {0, 1, 0, 0}, target_id=0: 0.00091348ms, 1%
@97 = gpu::code_object[code_object=4920,symbol_name=mlir_convolution_add_relu,global=25600,local=256,](@96,@92,@94,@95) -> float_type, {1, 128, 28, 28}, {100352, 784, 28, 1}, target_id=0: 0.0288602ms, 2%
@98 = hip::hip_copy_literal[id=main:@literal:68] -> float_type, {128}, {1}, target_id=0: 0.00066962ms, 1%
@99 = hip::hip_copy_literal[id=main:@literal:69] -> float_type, {128, 128, 3, 3}, {1152, 9, 3, 1}, target_id=0: 0.00057958ms, 1%
@100 = load[offset=401408,end=802816](@1) -> float_type, {1, 128, 28, 28}, {100352, 784, 28, 1}, target_id=0: 0.0006703ms, 1%
@101 = broadcast[axis=1,out_lens={1, 128, 28, 28}](@98) -> float_type, {1, 128, 28, 28}, {0, 1, 0, 0}, target_id=0: 0.00097566ms, 1%
@102 = gpu::miopen_fusion[ops={{op=convolution[padding={1, 1, 1, 1},stride={1, 1},dilation={1, 1},group=1,padding_mode=0],alpha=1,beta=0}, {op=add,alpha=1,beta=0}, {op=relu,alpha=1,beta=0}}](@97,@99,@101,@100) -> float_type, {1, 128, 28, 28}, {100352, 784, 28, 1}, target_id=0: 0.0592246ms, 3%
@103 = hip::hip_copy_literal[id=main:@literal:66] -> float_type, {512}, {1}, target_id=0: 0.00073934ms, 1%
@104 = hip::hip_copy_literal[id=main:@literal:67] -> float_type, {512, 128, 1, 1}, {128, 1, 1, 1}, target_id=0: 0.00061976ms, 1%
@105 = load[offset=5771264,end=7376896](@1) -> float_type, {1, 512, 28, 28}, {401408, 784, 28, 1}, target_id=0: 0.0007379ms, 1%
@106 = broadcast[axis=1,out_lens={1, 512, 28, 28}](@103) -> float_type, {1, 512, 28, 28}, {0, 1, 0, 0}, target_id=0: 0.0009823ms, 1%
@107 = gpu::code_object[code_object=5056,symbol_name=mlir_convolution_add_add_relu,global=102400,local=256,](@106,@92,@102,@104,@105) -> float_type, {1, 512, 28, 28}, {401408, 784, 28, 1}, target_id=0: 0.0274922ms, 1%
@108 = hip::hip_copy_literal[id=main:@literal:64] -> float_type, {128}, {1}, target_id=0: 0.00068ms, 1%
@109 = hip::hip_copy_literal[id=main:@literal:65] -> float_type, {128, 512, 1, 1}, {512, 1, 1, 1}, target_id=0: 0.0006108ms, 1%
@110 = load[offset=401408,end=802816](@1) -> float_type, {1, 128, 28, 28}, {100352, 784, 28, 1}, target_id=0: 0.00066182ms, 1%
@111 = broadcast[axis=1,out_lens={1, 128, 28, 28}](@108) -> float_type, {1, 128, 28, 28}, {0, 1, 0, 0}, target_id=0: 0.00091104ms, 1%
@112 = gpu::code_object[code_object=4920,symbol_name=mlir_convolution_add_relu,global=25600,local=256,](@111,@107,@109,@110) -> float_type, {1, 128, 28, 28}, {100352, 784, 28, 1}, target_id=0: 0.0289065ms, 2%
@113 = hip::hip_copy_literal[id=main:@literal:62] -> float_type, {128}, {1}, target_id=0: 0.00064428ms, 1%
@114 = hip::hip_copy_literal[id=main:@literal:63] -> float_type, {128, 128, 3, 3}, {1152, 9, 3, 1}, target_id=0: 0.00067744ms, 1%
@115 = load[offset=0,end=401408](@1) -> float_type, {1, 128, 28, 28}, {100352, 784, 28, 1}, target_id=0: 0.00065774ms, 1%
@116 = broadcast[axis=1,out_lens={1, 128, 28, 28}](@113) -> float_type, {1, 128, 28, 28}, {0, 1, 0, 0}, target_id=0: 0.00115414ms, 1%
@117 = gpu::miopen_fusion[ops={{op=convolution[padding={1, 1, 1, 1},stride={1, 1},dilation={1, 1},group=1,padding_mode=0],alpha=1,beta=0}, {op=add,alpha=1,beta=0}, {op=relu,alpha=1,beta=0}}](@112,@114,@116,@115) -> float_type, {1, 128, 28, 28}, {100352, 784, 28, 1}, target_id=0: 0.0586679ms, 3%
@118 = hip::hip_copy_literal[id=main:@literal:60] -> float_type, {512}, {1}, target_id=0: 0.00074522ms, 1%
@119 = hip::hip_copy_literal[id=main:@literal:61] -> float_type, {512, 128, 1, 1}, {128, 1, 1, 1}, target_id=0: 0.00061596ms, 1%
@120 = load[offset=4165632,end=5771264](@1) -> float_type, {1, 512, 28, 28}, {401408, 784, 28, 1}, target_id=0: 0.00071038ms, 1%
@121 = broadcast[axis=1,out_lens={1, 512, 28, 28}](@118) -> float_type, {1, 512, 28, 28}, {0, 1, 0, 0}, target_id=0: 0.00099558ms, 1%
@122 = gpu::code_object[code_object=5056,symbol_name=mlir_convolution_add_add_relu,global=102400,local=256,](@121,@107,@117,@119,@120) -> float_type, {1, 512, 28, 28}, {401408, 784, 28, 1}, target_id=0: 0.0268927ms, 1%
@123 = hip::hip_copy_literal[id=main:@literal:58] -> float_type, {256}, {1}, target_id=0: 0.00072222ms, 1%
@124 = hip::hip_copy_literal[id=main:@literal:59] -> float_type, {256, 512, 1, 1}, {512, 1, 1, 1}, target_id=0: 0.00060862ms, 1%
@125 = broadcast[axis=1,out_lens={1, 256, 28, 28}](@123) -> float_type, {1, 256, 28, 28}, {0, 1, 0, 0}, target_id=0: 0.00092844ms, 1%
@126 = load[offset=0,end=802816](@1) -> float_type, {1, 256, 28, 28}, {200704, 784, 28, 1}, target_id=0: 0.00069422ms, 1%
@127 = gpu::code_object[code_object=4920,symbol_name=mlir_convolution_add_relu,global=51200,local=256,](@125,@122,@124,@126) -> float_type, {1, 256, 28, 28}, {200704, 784, 28, 1}, target_id=0: 0.0324221ms, 2%
@128 = hip::hip_copy_literal[id=main:@literal:57] -> float_type, {256, 256, 3, 3}, {2304, 9, 3, 1}, target_id=0: 0.00065312ms, 1%
@129 = load[offset=5971968,end=9334784](@1) -> int8_type, {3362816}, {1}, target_id=0: 0.00065656ms, 1%
@130 = load[offset=5771264,end=5971968](@1) -> float_type, {1, 256, 14, 14}, {50176, 196, 14, 1}, target_id=0: 0.00062734ms, 1%
@131 = gpu::convolution[op={padding={1, 1, 1, 1},stride={2, 2},dilation={1, 1},group=1,padding_mode=0},solution_object={binary_object: 556},algo=0,solution_id=0](@127,@128,@129,@130) -> float_type, {1, 256, 14, 14}, {50176, 196, 14, 1}, target_id=0: 0.0776938ms, 3%
@132 = hip::hip_copy_literal[id=main:@literal:7] -> float_type, {1024, 768, 1, 1}, {768, 1, 1, 1}, target_id=0: 0.00074988ms, 1%
@133 = hip::hip_copy_literal[id=main:@literal:56] -> float_type, {256}, {1}, target_id=0: 0.00139396ms, 1%
@134 = broadcast[axis=1,out_lens={1, 256, 14, 14}](@133) -> float_type, {1, 256, 14, 14}, {0, 1, 0, 0}, target_id=0: 0.00220528ms, 1%
@135 = load[offset=0,end=200704](@1) -> float_type, {1, 256, 14, 14}, {50176, 196, 14, 1}, target_id=0: 0.00072618ms, 1%
@136 = gpu::code_object[code_object=3968,symbol_name=add_relu_kernel,global=25088,local=1024,](@131,@134,@135) -> float_type, {1, 256, 14, 14}, {50176, 196, 14, 1}, target_id=0: 0.0194061ms, 1%
@137 = hip::hip_copy_literal[id=main:@literal:6] -> float_type, {1024}, {1}, target_id=0: 0.00073164ms, 1%
@138 = hip::hip_copy_literal[id=main:@literal:44] -> float_type, {1024}, {1}, target_id=0: 0.00066446ms, 1%
@139 = hip::hip_copy_literal[id=main:@literal:45] -> float_type, {1024, 256, 1, 1}, {256, 1, 1, 1}, target_id=0: 0.0007333ms, 1%
@140 = hip::hip_copy_literal[id=main:@literal:46] -> float_type, {256}, {1}, target_id=0: 0.00060706ms, 1%
@141 = hip::hip_copy_literal[id=main:@literal:47] -> float_type, {256, 256, 3, 3}, {2304, 9, 3, 1}, target_id=0: 0.0006589ms, 1%
@142 = hip::hip_copy_literal[id=main:@literal:48] -> float_type, {256}, {1}, target_id=0: 0.00058194ms, 1%
@143 = hip::hip_copy_literal[id=main:@literal:49] -> float_type, {256, 1024, 1, 1}, {1024, 1, 1, 1}, target_id=0: 0.0006455ms, 1%
@144 = hip::hip_copy_literal[id=main:@literal:50] -> float_type, {1024}, {1}, target_id=0: 0.00058142ms, 1%
@145 = hip::hip_copy_literal[id=main:@literal:51] -> float_type, {1024, 256, 1, 1}, {256, 1, 1, 1}, target_id=0: 0.00068028ms, 1%
@146 = hip::hip_copy_literal[id=main:@literal:52] -> float_type, {256}, {1}, target_id=0: 0.00063802ms, 1%
@147 = hip::hip_copy_literal[id=main:@literal:53] -> float_type, {256, 256, 3, 3}, {2304, 9, 3, 1}, target_id=0: 0.00072568ms, 1%
@148 = hip::hip_copy_literal[id=main:@literal:54] -> float_type, {256}, {1}, target_id=0: 0.00064384ms, 1%
@149 = hip::hip_copy_literal[id=main:@literal:55] -> float_type, {256, 1024, 1, 1}, {1024, 1, 1, 1}, target_id=0: 0.00058014ms, 1%
@150 = load[offset=1003520,end=1605632](@1) -> float_type, {1, 768, 14, 14}, {150528, 196, 14, 1}, target_id=0: 0.00067726ms, 1%
@151 = step[axes={2, 3},steps={2, 2}](@122) -> float_type, {1, 512, 14, 14}, {401408, 784, 56, 2}, target_id=0: 0.00116452ms, 1%
@152 = gpu::code_object[code_object=4200,symbol_name=concat_kernel,global=75264,local=1024,](@136,@151,@150) -> float_type, {1, 768, 14, 14}, {150528, 196, 14, 1}, target_id=0: 0.0211228ms, 1%
@153 = broadcast[axis=1,out_lens={1, 1024, 14, 14}](@137) -> float_type, {1, 1024, 14, 14}, {0, 1, 0, 0}, target_id=0: 0.00127888ms, 1%
@154 = load[offset=200704,end=1003520](@1) -> float_type, {1, 1024, 14, 14}, {200704, 196, 14, 1}, target_id=0: 0.00065056ms, 1%
@155 = gpu::code_object[code_object=4464,symbol_name=mlir_convolution_add_relu,global=57344,local=256,](@153,@152,@132,@154) -> float_type, {1, 1024, 14, 14}, {200704, 196, 14, 1}, target_id=0: 0.0400476ms, 2%
@156 = broadcast[axis=1,out_lens={1, 256, 14, 14}](@148) -> float_type, {1, 256, 14, 14}, {0, 1, 0, 0}, target_id=0: 0.00089648ms, 1%
@157 = load[offset=1204224,end=1404928](@1) -> float_type, {1, 256, 14, 14}, {50176, 196, 14, 1}, target_id=0: 0.00067838ms, 1%
@158 = gpu::code_object[code_object=5240,symbol_name=mlir_convolution_add_relu,global=14336,local=128,](@156,@155,@149,@157) -> float_type, {1, 256, 14, 14}, {50176, 196, 14, 1}, target_id=0: 0.0342169ms, 2%
@159 = broadcast[axis=1,out_lens={1, 256, 14, 14}](@146) -> float_type, {1, 256, 14, 14}, {0, 1, 0, 0}, target_id=0: 0.00089686ms, 1%
@160 = load[offset=1003520,end=1204224](@1) -> float_type, {1, 256, 14, 14}, {50176, 196, 14, 1}, target_id=0: 0.00066286ms, 1%
@161 = gpu::miopen_fusion[ops={{op=convolution[padding={1, 1, 1, 1},stride={1, 1},dilation={1, 1},group=1,padding_mode=0],alpha=1,beta=0}, {op=add,alpha=1,beta=0}, {op=relu,alpha=1,beta=0}}](@158,@147,@159,@160) -> float_type, {1, 256, 14, 14}, {50176, 196, 14, 1}, target_id=0: 0.0895323ms, 4%
@162 = broadcast[axis=1,out_lens={1, 1024, 14, 14}](@144) -> float_type, {1, 1024, 14, 14}, {0, 1, 0, 0}, target_id=0: 0.00139808ms, 1%
@163 = load[offset=2207744,end=3010560](@1) -> float_type, {1, 1024, 14, 14}, {200704, 196, 14, 1}, target_id=0: 0.00066226ms, 1%
@164 = gpu::code_object[code_object=6208,symbol_name=mlir_convolution_add_add_relu,global=57344,local=256,](@162,@155,@161,@145,@163) -> float_type, {1, 1024, 14, 14}, {200704, 196, 14, 1}, target_id=0: 0.02722ms, 1%
@165 = broadcast[axis=1,out_lens={1, 256, 14, 14}](@142) -> float_type, {1, 256, 14, 14}, {0, 1, 0, 0}, target_id=0: 0.00082148ms, 1%
@166 = load[offset=200704,end=401408](@1) -> float_type, {1, 256, 14, 14}, {50176, 196, 14, 1}, target_id=0: 0.00066866ms, 1%
@167 = gpu::code_object[code_object=5240,symbol_name=mlir_convolution_add_relu,global=14336,local=128,](@165,@164,@143,@166) -> float_type, {1, 256, 14, 14}, {50176, 196, 14, 1}, target_id=0: 0.0340791ms, 2%
@168 = broadcast[axis=1,out_lens={1, 256, 14, 14}](@140) -> float_type, {1, 256, 14, 14}, {0, 1, 0, 0}, target_id=0: 0.00085924ms, 1%
@169 = load[offset=0,end=200704](@1) -> float_type, {1, 256, 14, 14}, {50176, 196, 14, 1}, target_id=0: 0.00063812ms, 1%
@170 = gpu::miopen_fusion[ops={{op=convolution[padding={1, 1, 1, 1},stride={1, 1},dilation={1, 1},group=1,padding_mode=0],alpha=1,beta=0}, {op=add,alpha=1,beta=0}, {op=relu,alpha=1,beta=0}}](@167,@141,@168,@169) -> float_type, {1, 256, 14, 14}, {50176, 196, 14, 1}, target_id=0: 0.0869725ms, 4%
@171 = broadcast[axis=1,out_lens={1, 1024, 14, 14}](@138) -> float_type, {1, 1024, 14, 14}, {0, 1, 0, 0}, target_id=0: 0.00155762ms, 1%
@172 = load[offset=1404928,end=2207744](@1) -> float_type, {1, 1024, 14, 14}, {200704, 196, 14, 1}, target_id=0: 0.00068674ms, 1%
@173 = gpu::code_object[code_object=6208,symbol_name=mlir_convolution_add_add_relu,global=57344,local=256,](@171,@164,@170,@139,@172) -> float_type, {1, 1024, 14, 14}, {200704, 196, 14, 1}, target_id=0: 0.0270154ms, 1%
@174 = hip::hip_copy_literal[id=main:@literal:26] -> float_type, {1024}, {1}, target_id=0: 0.00075052ms, 1%
@175 = hip::hip_copy_literal[id=main:@literal:27] -> float_type, {1024, 256, 1, 1}, {256, 1, 1, 1}, target_id=0: 0.00065676ms, 1%
@176 = hip::hip_copy_literal[id=main:@literal:28] -> float_type, {256}, {1}, target_id=0: 0.00069228ms, 1%
@177 = hip::hip_copy_literal[id=main:@literal:29] -> float_type, {256, 256, 3, 3}, {2304, 9, 3, 1}, target_id=0: 0.00060812ms, 1%
@178 = hip::hip_copy_literal[id=main:@literal:30] -> float_type, {256}, {1}, target_id=0: 0.00060756ms, 1%
@179 = hip::hip_copy_literal[id=main:@literal:31] -> float_type, {256, 1024, 1, 1}, {1024, 1, 1, 1}, target_id=0: 0.0006888ms, 1%
@180 = hip::hip_copy_literal[id=main:@literal:32] -> float_type, {1024}, {1}, target_id=0: 0.00063342ms, 1%
@181 = hip::hip_copy_literal[id=main:@literal:33] -> float_type, {1024, 256, 1, 1}, {256, 1, 1, 1}, target_id=0: 0.00063788ms, 1%
@182 = hip::hip_copy_literal[id=main:@literal:34] -> float_type, {256}, {1}, target_id=0: 0.00059026ms, 1%
@183 = hip::hip_copy_literal[id=main:@literal:35] -> float_type, {256, 256, 3, 3}, {2304, 9, 3, 1}, target_id=0: 0.00064398ms, 1%
@184 = hip::hip_copy_literal[id=main:@literal:36] -> float_type, {256}, {1}, target_id=0: 0.00061498ms, 1%
@185 = hip::hip_copy_literal[id=main:@literal:37] -> float_type, {256, 1024, 1, 1}, {1024, 1, 1, 1}, target_id=0: 0.00060306ms, 1%
@186 = hip::hip_copy_literal[id=main:@literal:38] -> float_type, {1024}, {1}, target_id=0: 0.00064212ms, 1%
@187 = hip::hip_copy_literal[id=main:@literal:39] -> float_type, {1024, 256, 1, 1}, {256, 1, 1, 1}, target_id=0: 0.00065506ms, 1%
@188 = hip::hip_copy_literal[id=main:@literal:40] -> float_type, {256}, {1}, target_id=0: 0.00066636ms, 1%
@189 = hip::hip_copy_literal[id=main:@literal:41] -> float_type, {256, 256, 3, 3}, {2304, 9, 3, 1}, target_id=0: 0.0005944ms, 1%
@190 = hip::hip_copy_literal[id=main:@literal:42] -> float_type, {256}, {1}, target_id=0: 0.00059542ms, 1%
@191 = hip::hip_copy_literal[id=main:@literal:43] -> float_type, {256, 1024, 1, 1}, {1024, 1, 1, 1}, target_id=0: 0.0006177ms, 1%
@192 = load[offset=401408,end=602112](@1) -> float_type, {1, 256, 14, 14}, {50176, 196, 14, 1}, target_id=0: 0.00067244ms, 1%
@193 = broadcast[axis=1,out_lens={1, 256, 14, 14}](@190) -> float_type, {1, 256, 14, 14}, {0, 1, 0, 0}, target_id=0: 0.00088422ms, 1%
@194 = gpu::code_object[code_object=5240,symbol_name=mlir_convolution_add_relu,global=14336,local=128,](@193,@173,@191,@192) -> float_type, {1, 256, 14, 14}, {50176, 196, 14, 1}, target_id=0: 0.036968ms, 2%
@195 = load[offset=200704,end=401408](@1) -> float_type, {1, 256, 14, 14}, {50176, 196, 14, 1}, target_id=0: 0.00070392ms, 1%
@196 = broadcast[axis=1,out_lens={1, 256, 14, 14}](@188) -> float_type, {1, 256, 14, 14}, {0, 1, 0, 0}, target_id=0: 0.00080826ms, 1%
@197 = gpu::miopen_fusion[ops={{op=convolution[padding={1, 1, 1, 1},stride={1, 1},dilation={1, 1},group=1,padding_mode=0],alpha=1,beta=0}, {op=add,alpha=1,beta=0}, {op=relu,alpha=1,beta=0}}](@194,@189,@196,@195) -> float_type, {1, 256, 14, 14}, {50176, 196, 14, 1}, target_id=0: 0.0864208ms, 4%
@198 = load[offset=602112,end=1404928](@1) -> float_type, {1, 1024, 14, 14}, {200704, 196, 14, 1}, target_id=0: 0.00077142ms, 1%
@199 = broadcast[axis=1,out_lens={1, 1024, 14, 14}](@186) -> float_type, {1, 1024, 14, 14}, {0, 1, 0, 0}, target_id=0: 0.0010163ms, 1%
@200 = gpu::code_object[code_object=6208,symbol_name=mlir_convolution_add_add_relu,global=57344,local=256,](@199,@173,@197,@187,@198) -> float_type, {1, 1024, 14, 14}, {200704, 196, 14, 1}, target_id=0: 0.0267338ms, 1%
@201 = broadcast[axis=1,out_lens={1, 256, 14, 14}](@184) -> float_type, {1, 256, 14, 14}, {0, 1, 0, 0}, target_id=0: 0.00080738ms, 1%
@202 = load[offset=200704,end=401408](@1) -> float_type, {1, 256, 14, 14}, {50176, 196, 14, 1}, target_id=0: 0.00065354ms, 1%
@203 = gpu::code_object[code_object=5240,symbol_name=mlir_convolution_add_relu,global=14336,local=128,](@201,@200,@185,@202) -> float_type, {1, 256, 14, 14}, {50176, 196, 14, 1}, target_id=0: 0.0341029ms, 2%
@204 = broadcast[axis=1,out_lens={1, 256, 14, 14}](@182) -> float_type, {1, 256, 14, 14}, {0, 1, 0, 0}, target_id=0: 0.00079764ms, 1%
@205 = load[offset=0,end=200704](@1) -> float_type, {1, 256, 14, 14}, {50176, 196, 14, 1}, target_id=0: 0.00063866ms, 1%
@206 = gpu::miopen_fusion[ops={{op=convolution[padding={1, 1, 1, 1},stride={1, 1},dilation={1, 1},group=1,padding_mode=0],alpha=1,beta=0}, {op=add,alpha=1,beta=0}, {op=relu,alpha=1,beta=0}}](@203,@183,@204,@205) -> float_type, {1, 256, 14, 14}, {50176, 196, 14, 1}, target_id=0: 0.08728ms, 4%
@207 = broadcast[axis=1,out_lens={1, 1024, 14, 14}](@180) -> float_type, {1, 1024, 14, 14}, {0, 1, 0, 0}, target_id=0: 0.00154322ms, 1%
@208 = load[offset=1404928,end=2207744](@1) -> float_type, {1, 1024, 14, 14}, {200704, 196, 14, 1}, target_id=0: 0.00069278ms, 1%
@209 = gpu::code_object[code_object=6208,symbol_name=mlir_convolution_add_add_relu,global=57344,local=256,](@207,@200,@206,@181,@208) -> float_type, {1, 1024, 14, 14}, {200704, 196, 14, 1}, target_id=0: 0.0272312ms, 1%
@210 = broadcast[axis=1,out_lens={1, 256, 14, 14}](@178) -> float_type, {1, 256, 14, 14}, {0, 1, 0, 0}, target_id=0: 0.00079962ms, 1%
@211 = load[offset=0,end=200704](@1) -> float_type, {1, 256, 14, 14}, {50176, 196, 14, 1}, target_id=0: 0.00065106ms, 1%
@212 = gpu::code_object[code_object=5240,symbol_name=mlir_convolution_add_relu,global=14336,local=128,](@210,@209,@179,@211) -> float_type, {1, 256, 14, 14}, {50176, 196, 14, 1}, target_id=0: 0.0340029ms, 2%
@213 = broadcast[axis=1,out_lens={1, 256, 14, 14}](@176) -> float_type, {1, 256, 14, 14}, {0, 1, 0, 0}, target_id=0: 0.00079568ms, 1%
@214 = load[offset=802816,end=1003520](@1) -> float_type, {1, 256, 14, 14}, {50176, 196, 14, 1}, target_id=0: 0.00066916ms, 1%
@215 = gpu::miopen_fusion[ops={{op=convolution[padding={1, 1, 1, 1},stride={1, 1},dilation={1, 1},group=1,padding_mode=0],alpha=1,beta=0}, {op=add,alpha=1,beta=0}, {op=relu,alpha=1,beta=0}}](@212,@177,@213,@214) -> float_type, {1, 256, 14, 14}, {50176, 196, 14, 1}, target_id=0: 0.0855151ms, 4%
@216 = broadcast[axis=1,out_lens={1, 1024, 14, 14}](@174) -> float_type, {1, 1024, 14, 14}, {0, 1, 0, 0}, target_id=0: 0.00129374ms, 1%
@217 = load[offset=0,end=802816](@1) -> float_type, {1, 1024, 14, 14}, {200704, 196, 14, 1}, target_id=0: 0.00067266ms, 1%
@218 = gpu::code_object[code_object=6208,symbol_name=mlir_convolution_add_add_relu,global=57344,local=256,](@216,@209,@215,@175,@217) -> float_type, {1, 1024, 14, 14}, {200704, 196, 14, 1}, target_id=0: 0.026624ms, 1%
@219 = hip::hip_copy_literal[id=main:@literal:23] -> float_type, {512, 512, 3, 3}, {4608, 9, 3, 1}, target_id=0: 0.00074244ms, 1%
@220 = hip::hip_copy_literal[id=main:@literal:24] -> float_type, {512}, {1}, target_id=0: 0.00061534ms, 1%
@221 = hip::hip_copy_literal[id=main:@literal:25] -> float_type, {512, 1024, 1, 1}, {1024, 1, 1, 1}, target_id=0: 0.00077602ms, 1%
@222 = broadcast[axis=1,out_lens={1, 512, 14, 14}](@220) -> float_type, {1, 512, 14, 14}, {0, 1, 0, 0}, target_id=0: 0.00085424ms, 1%
@223 = load[offset=10842112,end=11243520](@1) -> float_type, {1, 512, 14, 14}, {100352, 196, 14, 1}, target_id=0: 0.00065732ms, 1%
@224 = gpu::code_object[code_object=4960,symbol_name=mlir_convolution_add_relu,global=28672,local=256,](@222,@218,@221,@223) -> float_type, {1, 512, 14, 14}, {100352, 196, 14, 1}, target_id=0: 0.0348183ms, 2%
@225 = load[offset=903168,end=10842112](@1) -> int8_type, {9938944}, {1}, target_id=0: 0.00070098ms, 1%
@226 = load[offset=802816,end=903168](@1) -> float_type, {1, 512, 7, 7}, {25088, 49, 7, 1}, target_id=0: 0.00063836ms, 1%
@227 = gpu::convolution[op={padding={1, 1, 1, 1},stride={2, 2},dilation={1, 1},group=1,padding_mode=0},solution_object={binary_object: 555},algo=0,solution_id=0](@224,@219,@225,@226) -> float_type, {1, 512, 7, 7}, {25088, 49, 7, 1}, target_id=0: 0.0883581ms, 4%
@228 = hip::hip_copy_literal[id=main:@literal:9] -> float_type, {2048, 1536, 1, 1}, {1536, 1, 1, 1}, target_id=0: 0.00084532ms, 1%
@229 = hip::hip_copy_literal[id=main:@literal:8] -> float_type, {2048}, {1}, target_id=0: 0.00057642ms, 1%
@230 = hip::hip_copy_literal[id=main:@literal:0] -> float_type, {1, 1000}, {1000, 1}, target_id=0: 0.00056738ms, 1%
@231 = hip::hip_copy_literal[id=main:@literal:10] -> float_type, {2048}, {1}, target_id=0: 0.0008568ms, 1%
@232 = hip::hip_copy_literal[id=main:@literal:11] -> float_type, {2048, 512, 1, 1}, {512, 1, 1, 1}, target_id=0: 0.00061688ms, 1%
@233 = hip::hip_copy_literal[id=main:@literal:12] -> float_type, {512}, {1}, target_id=0: 0.00077018ms, 1%
@234 = hip::hip_copy_literal[id=main:@literal:13] -> float_type, {512, 512, 3, 3}, {4608, 9, 3, 1}, target_id=0: 0.00058532ms, 1%
@235 = hip::hip_copy_literal[id=main:@literal:14] -> float_type, {512}, {1}, target_id=0: 0.00072532ms, 1%
@236 = hip::hip_copy_literal[id=main:@literal:15] -> float_type, {512, 2048, 1, 1}, {2048, 1, 1, 1}, target_id=0: 0.00055364ms, 1%
@237 = hip::hip_copy_literal[id=main:@literal:16] -> float_type, {2048}, {1}, target_id=0: 0.00075998ms, 1%
@238 = hip::hip_copy_literal[id=main:@literal:17] -> float_type, {2048, 512, 1, 1}, {512, 1, 1, 1}, target_id=0: 0.00063132ms, 1%
@239 = hip::hip_copy_literal[id=main:@literal:18] -> float_type, {512}, {1}, target_id=0: 0.00072208ms, 1%
@240 = hip::hip_copy_literal[id=main:@literal:19] -> float_type, {512, 512, 3, 3}, {4608, 9, 3, 1}, target_id=0: 0.00063954ms, 1%
@241 = hip::hip_copy_literal[id=main:@literal:20] -> float_type, {512}, {1}, target_id=0: 0.00074426ms, 1%
@242 = hip::hip_copy_literal[id=main:@literal:21] -> float_type, {512, 2048, 1, 1}, {2048, 1, 1, 1}, target_id=0: 0.00058264ms, 1%
@243 = hip::hip_copy_literal[id=main:@literal:22] -> float_type, {512}, {1}, target_id=0: 0.00068434ms, 1%
@244 = hip::hip_copy_literal[id=main:@literal:1] -> float_type, {2048, 1000}, {1000, 1}, target_id=0: 0.0005893ms, 1%
@245 = load[offset=903168,end=1003520](@1) -> float_type, {1, 512, 7, 7}, {25088, 49, 7, 1}, target_id=0: 0.00106224ms, 1%
@246 = broadcast[axis=1,out_lens={1, 512, 7, 7}](@243) -> float_type, {1, 512, 7, 7}, {0, 1, 0, 0}, target_id=0: 0.00108236ms, 1%
@247 = gpu::code_object[code_object=3960,symbol_name=add_relu_kernel,global=25088,local=1024,](@227,@246,@245) -> float_type, {1, 512, 7, 7}, {25088, 49, 7, 1}, target_id=0: 0.0197883ms, 1%
@248 = step[axes={2, 3},steps={2, 2}](@218) -> float_type, {1, 1024, 7, 7}, {200704, 196, 28, 2}, target_id=0: 0.0012642ms, 1%
@249 = load[offset=1003520,end=1304576](@1) -> float_type, {1, 1536, 7, 7}, {75264, 49, 7, 1}, target_id=0: 0.00069684ms, 1%
@250 = gpu::code_object[code_object=4208,symbol_name=concat_kernel,global=37632,local=1024,](@247,@248,@249) -> float_type, {1, 1536, 7, 7}, {75264, 49, 7, 1}, target_id=0: 0.0184664ms, 1%
@251 = load[offset=1304576,end=1705984](@1) -> float_type, {1, 2048, 7, 7}, {100352, 49, 7, 1}, target_id=0: 0.00071384ms, 1%
@252 = broadcast[axis=1,out_lens={1, 2048, 7, 7}](@229) -> float_type, {1, 2048, 7, 7}, {0, 1, 0, 0}, target_id=0: 0.0009746ms, 1%
@253 = gpu::code_object[code_object=4488,symbol_name=mlir_convolution_add_relu,global=32768,local=256,](@252,@250,@228,@251) -> float_type, {1, 2048, 7, 7}, {100352, 49, 7, 1}, target_id=0: 0.0565215ms, 3%
@254 = load[offset=100352,end=200704](@1) -> float_type, {1, 512, 7, 7}, {25088, 49, 7, 1}, target_id=0: 0.00071226ms, 1%
@255 = broadcast[axis=1,out_lens={1, 512, 7, 7}](@241) -> float_type, {1, 512, 7, 7}, {0, 1, 0, 0}, target_id=0: 0.00081664ms, 1%
@256 = gpu::code_object[code_object=5104,symbol_name=mlir_convolution_add_relu,global=8192,local=256,](@255,@253,@242,@254) -> float_type, {1, 512, 7, 7}, {25088, 49, 7, 1}, target_id=0: 0.0605625ms, 3%
@257 = broadcast[axis=1,out_lens={1, 512, 7, 7}](@239) -> float_type, {1, 512, 7, 7}, {0, 1, 0, 0}, target_id=0: 0.00084398ms, 1%
@258 = load[offset=0,end=100352](@1) -> float_type, {1, 512, 7, 7}, {25088, 49, 7, 1}, target_id=0: 0.00065436ms, 1%
@259 = gpu::miopen_fusion[ops={{op=convolution[padding={1, 1, 1, 1},stride={1, 1},dilation={1, 1},group=1,padding_mode=0],alpha=1,beta=0}, {op=add,alpha=1,beta=0}, {op=relu,alpha=1,beta=0}}](@256,@240,@257,@258) -> float_type, {1, 512, 7, 7}, {25088, 49, 7, 1}, target_id=0: 0.142072ms, 6%
@260 = broadcast[axis=1,out_lens={1, 2048, 7, 7}](@237) -> float_type, {1, 2048, 7, 7}, {0, 1, 0, 0}, target_id=0: 0.0014403ms, 1%
@261 = load[offset=501760,end=903168](@1) -> float_type, {1, 2048, 7, 7}, {100352, 49, 7, 1}, target_id=0: 0.00070346ms, 1%
@262 = gpu::code_object[code_object=5200,symbol_name=mlir_convolution_add_add_relu,global=32768,local=256,](@260,@253,@259,@238,@261) -> float_type, {1, 2048, 7, 7}, {100352, 49, 7, 1}, target_id=0: 0.0331755ms, 2%
@263 = broadcast[axis=1,out_lens={1, 512, 7, 7}](@235) -> float_type, {1, 512, 7, 7}, {0, 1, 0, 0}, target_id=0: 0.0008218ms, 1%
@264 = load[offset=100352,end=200704](@1) -> float_type, {1, 512, 7, 7}, {25088, 49, 7, 1}, target_id=0: 0.00064544ms, 1%
@265 = gpu::code_object[code_object=5104,symbol_name=mlir_convolution_add_relu,global=8192,local=256,](@263,@262,@236,@264) -> float_type, {1, 512, 7, 7}, {25088, 49, 7, 1}, target_id=0: 0.060613ms, 3%
@266 = broadcast[axis=1,out_lens={1, 512, 7, 7}](@233) -> float_type, {1, 512, 7, 7}, {0, 1, 0, 0}, target_id=0: 0.00079672ms, 1%
@267 = load[offset=0,end=100352](@1) -> float_type, {1, 512, 7, 7}, {25088, 49, 7, 1}, target_id=0: 0.00065972ms, 1%
@268 = gpu::miopen_fusion[ops={{op=convolution[padding={1, 1, 1, 1},stride={1, 1},dilation={1, 1},group=1,padding_mode=0],alpha=1,beta=0}, {op=add,alpha=1,beta=0}, {op=relu,alpha=1,beta=0}}](@265,@234,@266,@267) -> float_type, {1, 512, 7, 7}, {25088, 49, 7, 1}, target_id=0: 0.138799ms, 5%
@269 = load[offset=903168,end=1304576](@1) -> float_type, {1, 2048, 7, 7}, {100352, 49, 7, 1}, target_id=0: 0.0007678ms, 1%
@270 = gpu::code_object[code_object=4712,symbol_name=mlir_convolution,global=32768,local=256,](@268,@232,@269) -> float_type, {1, 2048, 7, 7}, {100352, 49, 7, 1}, target_id=0: 0.0320697ms, 2%
@271 = broadcast[axis=1,out_lens={1, 2048, 7, 7}](@231) -> float_type, {1, 2048, 7, 7}, {0, 1, 0, 0}, target_id=0: 0.00138462ms, 1%
@272 = load[offset=0,end=8192](@1) -> float_type, {1, 2048, 1, 1}, {2048, 1, 1, 1}, target_id=0: 0.00069274ms, 1%
@273 = gpu::code_object[code_object=4408,symbol_name=add_add_relu_reduce_mean_kernel,global=131072,local=64,](@270,@271,@262,@272) -> float_type, {1, 2048, 1, 1}, {2048, 1, 1, 1}, target_id=0: 0.0178973ms, 1%
main:#output_0 = @param:main:#output_0 -> float_type, {1, 1000}, {1000, 1}, target_id=0: 0.00098778ms, 1%
@275 = flatten[axis=1](@273) -> float_type, {1, 2048}, {2048, 1}, target_id=0: 0.00116862ms, 1%
@276 = gpu::gemm[alpha=1,beta=1,compute_fp32=1,trans_batch=0,solution_idx=0](@275,@244,@230,main:#output_0) -> float_type, {1, 1000}, {1000, 1}, target_id=0: 0.0678807ms, 3%
@277 = @return(@276), target_id=0
Summary:
gpu::miopen_fusion: 1.03813ms / 13 = 0.079856ms, 37%
gpu::code_object::mlir_convolution_add_relu: 0.759916ms / 21 = 0.0361865ms, 27%
gpu::code_object::mlir_convolution_add_add_relu: 0.304871ms / 11 = 0.0277155ms, 11%
gpu::convolution: 0.231082ms / 3 = 0.0770273ms, 9%
gpu::code_object::concat_kernel: 0.0804657ms / 4 = 0.0201164ms, 3%
hip::hip_copy_literal: 0.068106ms / 100 = 0.00068106ms, 3%
gpu::gemm: 0.0678807ms / 1 = 0.0678807ms, 3%
gpu::pooling: 0.064103ms / 1 = 0.064103ms, 3%
gpu::code_object::add_relu_kernel: 0.0576272ms / 3 = 0.0192091ms, 3%
broadcast: 0.0501923ms / 49 = 0.00102433ms, 2%
load: 0.0419872ms / 61 = 0.000688315ms, 2%
gpu::code_object::mlir_convolution: 0.0320697ms / 1 = 0.0320697ms, 2%
gpu::code_object::add_add_relu_reduce_mean_kernel: 0.0178973ms / 1 = 0.0178973ms, 1%
step: 0.00367588ms / 3 = 0.00122529ms, 1%
@param: 0.00161854ms / 2 = 0.00080927ms, 1%
flatten: 0.00116862ms / 1 = 0.00116862ms, 1%
hip::hip_allocate_memory: 0.00108626ms / 1 = 0.00108626ms, 1%
check_context::migraphx::gpu::context: 0.00104236ms / 1 = 0.00104236ms, 1%

Batch size: 1
Rate: 605.886 inferences/sec
Total time: 1.65048ms
Total instructions time: 2.82292ms
Overhead time: 0.0548625ms, -1.17244ms
Overhead: 3%, -71%
[ MIGraphX Version: 2.10.0.d6c1f21f6 ] Complete: /src/AMDMIGraphX/build/bin/driver perf --gpu /new-saved-models/torchvision/resnet50i1.onnx
