Compiling ... 
Reading: /saved-models/torchvision/resnet50i1.onnx
module: "main"
main:@0 = check_context::migraphx::version_1::gpu::context -> float_type, {}, {}
main:@1 = hip::hip_allocate_memory[shape=float_type, {2408448}, {1},id=main:scratch] -> float_type, {2408448}, {1}
main:@2 = hip::hip_copy_literal[id=main:@literal:52] -> float_type, {64, 3, 7, 7}, {147, 49, 7, 1}
main:@3 = load[offset=0,end=0](main:@1) -> int8_type, {0}, {1}
main:@4 = load[offset=0,end=3211264](main:@1) -> float_type, {1, 64, 112, 112}, {802816, 12544, 112, 1}
input.1 = @param:input.1 -> float_type, {1, 3, 224, 224}, {150528, 50176, 224, 1}
main:@6 = gpu::convolution[op={padding={3, 3, 3, 3},stride={2, 2},dilation={1, 1},group=1,padding_mode=0},algo=5,int8_x4_format=0,solution_id=81](input.1,main:@2,main:@3,main:@4) -> float_type, {1, 64, 112, 112}, {802816, 12544, 112, 1}
main:@7 = hip::hip_copy_literal[id=main:@literal:22] -> float_type, {64, 1, 1}, {1, 1, 1}
main:@8 = multibroadcast[out_lens={1, 64, 112, 112},out_dyn_dims={}](main:@7) -> float_type, {1, 64, 112, 112}, {0, 1, 0, 0}
main:@9 = load[offset=3211264,end=6422528](main:@1) -> float_type, {1, 64, 112, 112}, {802816, 12544, 112, 1}
main:@10 = gpu::code_object[code_object=13632,symbol_name=add_relu_kernel,global=401408,local=1024,](main:@6,main:@8,main:@9) -> float_type, {1, 64, 112, 112}, {802816, 12544, 112, 1}
main:@11 = load[offset=0,end=802816](main:@1) -> float_type, {1, 64, 56, 56}, {200704, 3136, 56, 1}
main:@12 = gpu::pooling[mode=max,padding={1, 1, 1, 1},stride={2, 2},lengths={3, 3},ceil_mode=0,lp_order=2,dyn_global=0](main:@10,main:@11) -> float_type, {1, 64, 56, 56}, {200704, 3136, 56, 1}
main:@13 = hip::hip_copy_literal[id=main:@literal:41] -> float_type, {256, 128, 1, 1}, {128, 1, 1, 1}
main:@14 = hip::hip_copy_literal[id=main:@literal:68] -> float_type, {64, 64, 1, 1}, {64, 1, 1, 1}
main:@15 = hip::hip_copy_literal[id=main:@literal:60] -> float_type, {64, 1, 1}, {1, 1, 1}
main:@16 = load[offset=802816,end=1605632](main:@1) -> float_type, {1, 64, 56, 56}, {200704, 3136, 56, 1}
main:@17 = multibroadcast[out_lens={1, 64, 56, 56},out_dyn_dims={}](main:@15) -> float_type, {1, 64, 56, 56}, {0, 1, 0, 0}
main:@18 = gpu::miopen_fusion[ops={{op=convolution[padding={0, 0, 0, 0},stride={1, 1},dilation={1, 1},group=1,padding_mode=0],alpha=1,beta=0}, {op=add,alpha=1,beta=0}, {op=relu,alpha=1,beta=0}}](main:@12,main:@14,main:@17,main:@16) -> float_type, {1, 64, 56, 56}, {200704, 3136, 56, 1}
main:@19 = hip::hip_copy_literal[id=main:@literal:32] -> float_type, {64, 64, 3, 3}, {576, 9, 3, 1}
main:@20 = hip::hip_copy_literal[id=main:@literal:65] -> float_type, {64, 1, 1}, {1, 1, 1}
main:@21 = load[offset=2408448,end=3211264](main:@1) -> float_type, {1, 64, 56, 56}, {200704, 3136, 56, 1}
main:@22 = multibroadcast[out_lens={1, 64, 56, 56},out_dyn_dims={}](main:@20) -> float_type, {1, 64, 56, 56}, {0, 1, 0, 0}
main:@23 = gpu::miopen_fusion[ops={{op=convolution[padding={1, 1, 1, 1},stride={1, 1},dilation={1, 1},group=1,padding_mode=0],alpha=1,beta=0}, {op=add,alpha=1,beta=0}, {op=relu,alpha=1,beta=0}}](main:@18,main:@19,main:@22,main:@21) -> float_type, {1, 64, 56, 56}, {200704, 3136, 56, 1}
main:@24 = load[offset=802816,end=2408448](main:@1) -> float_type, {1, 128, 56, 56}, {401408, 3136, 56, 1}
main:@25 = gpu::code_object[code_object=13632,symbol_name=concat_kernel,global=100352,local=1024,](main:@23,main:@12,main:@24) -> float_type, {1, 128, 56, 56}, {401408, 3136, 56, 1}
main:@26 = hip::hip_copy_literal[id=main:@literal:7] -> float_type, {256, 1, 1}, {1, 1, 1}
main:@27 = multibroadcast[out_lens={1, 256, 56, 56},out_dyn_dims={}](main:@26) -> float_type, {1, 256, 56, 56}, {0, 1, 0, 0}
main:@28 = load[offset=3211264,end=6422528](main:@1) -> float_type, {1, 256, 56, 56}, {802816, 3136, 56, 1}
main:@29 = gpu::miopen_fusion[ops={{op=convolution[padding={0, 0, 0, 0},stride={1, 1},dilation={1, 1},group=1,padding_mode=0],alpha=1,beta=0}, {op=add,alpha=1,beta=0}, {op=relu,alpha=1,beta=0}}](main:@25,main:@13,main:@27,main:@28) -> float_type, {1, 256, 56, 56}, {802816, 3136, 56, 1}
main:@30 = hip::hip_copy_literal[id=main:@literal:43] -> float_type, {64, 64, 3, 3}, {576, 9, 3, 1}
main:@31 = hip::hip_copy_literal[id=main:@literal:49] -> float_type, {64, 1, 1}, {1, 1, 1}
main:@32 = hip::hip_copy_literal[id=main:@literal:17] -> float_type, {256, 64, 1, 1}, {64, 1, 1, 1}
main:@33 = hip::hip_copy_literal[id=main:@literal:40] -> float_type, {64, 256, 1, 1}, {256, 1, 1, 1}
main:@34 = multibroadcast[out_lens={1, 64, 56, 56},out_dyn_dims={}](main:@31) -> float_type, {1, 64, 56, 56}, {0, 1, 0, 0}
main:@35 = load[offset=0,end=802816](main:@1) -> float_type, {1, 64, 56, 56}, {200704, 3136, 56, 1}
main:@36 = gpu::miopen_fusion[ops={{op=convolution[padding={0, 0, 0, 0},stride={1, 1},dilation={1, 1},group=1,padding_mode=0],alpha=1,beta=0}, {op=add,alpha=1,beta=0}, {op=relu,alpha=1,beta=0}}](main:@29,main:@33,main:@34,main:@35) -> float_type, {1, 64, 56, 56}, {200704, 3136, 56, 1}
main:@37 = hip::hip_copy_literal[id=main:@literal:3] -> float_type, {64, 1, 1}, {1, 1, 1}
main:@38 = multibroadcast[out_lens={1, 64, 56, 56},out_dyn_dims={}](main:@37) -> float_type, {1, 64, 56, 56}, {0, 1, 0, 0}
main:@39 = load[offset=802816,end=1605632](main:@1) -> float_type, {1, 64, 56, 56}, {200704, 3136, 56, 1}
main:@40 = gpu::miopen_fusion[ops={{op=convolution[padding={1, 1, 1, 1},stride={1, 1},dilation={1, 1},group=1,padding_mode=0],alpha=1,beta=0}, {op=add,alpha=1,beta=0}, {op=relu,alpha=1,beta=0}}](main:@36,main:@30,main:@38,main:@39) -> float_type, {1, 64, 56, 56}, {200704, 3136, 56, 1}
main:@41 = load[offset=0,end=0](main:@1) -> int8_type, {0}, {1}
main:@42 = load[offset=6422528,end=9633792](main:@1) -> float_type, {1, 256, 56, 56}, {802816, 3136, 56, 1}
main:@43 = gpu::convolution[op={padding={0, 0, 0, 0},stride={1, 1},dilation={1, 1},group=1,padding_mode=0},algo=5,int8_x4_format=0,solution_id=64](main:@40,main:@32,main:@41,main:@42) -> float_type, {1, 256, 56, 56}, {802816, 3136, 56, 1}
main:@44 = hip::hip_copy_literal[id=main:@literal:10] -> float_type, {256, 1, 1}, {1, 1, 1}
main:@45 = load[offset=0,end=3211264](main:@1) -> float_type, {1, 256, 56, 56}, {802816, 3136, 56, 1}
main:@46 = multibroadcast[out_lens={1, 256, 56, 56},out_dyn_dims={}](main:@44) -> float_type, {1, 256, 56, 56}, {0, 1, 0, 0}
main:@47 = gpu::code_object[code_object=13640,symbol_name=add_add_relu_kernel,global=401408,local=1024,](main:@43,main:@46,main:@29,main:@45) -> float_type, {1, 256, 56, 56}, {802816, 3136, 56, 1}
main:@48 = hip::hip_copy_literal[id=main:@literal:63] -> float_type, {64, 1, 1}, {1, 1, 1}
main:@49 = hip::hip_copy_literal[id=main:@literal:66] -> float_type, {64, 64, 3, 3}, {576, 9, 3, 1}
main:@50 = hip::hip_copy_literal[id=main:@literal:46] -> float_type, {256, 64, 1, 1}, {64, 1, 1, 1}
main:@51 = hip::hip_copy_literal[id=main:@literal:55] -> float_type, {64, 256, 1, 1}, {256, 1, 1, 1}
main:@52 = multibroadcast[out_lens={1, 64, 56, 56},out_dyn_dims={}](main:@48) -> float_type, {1, 64, 56, 56}, {0, 1, 0, 0}
main:@53 = load[offset=4014080,end=4816896](main:@1) -> float_type, {1, 64, 56, 56}, {200704, 3136, 56, 1}
main:@54 = gpu::miopen_fusion[ops={{op=convolution[padding={0, 0, 0, 0},stride={1, 1},dilation={1, 1},group=1,padding_mode=0],alpha=1,beta=0}, {op=add,alpha=1,beta=0}, {op=relu,alpha=1,beta=0}}](main:@47,main:@51,main:@52,main:@53) -> float_type, {1, 64, 56, 56}, {200704, 3136, 56, 1}
main:@55 = hip::hip_copy_literal[id=main:@literal:67] -> float_type, {64, 1, 1}, {1, 1, 1}
main:@56 = load[offset=3211264,end=4014080](main:@1) -> float_type, {1, 64, 56, 56}, {200704, 3136, 56, 1}
main:@57 = multibroadcast[out_lens={1, 64, 56, 56},out_dyn_dims={}](main:@55) -> float_type, {1, 64, 56, 56}, {0, 1, 0, 0}
main:@58 = gpu::miopen_fusion[ops={{op=convolution[padding={1, 1, 1, 1},stride={1, 1},dilation={1, 1},group=1,padding_mode=0],alpha=1,beta=0}, {op=add,alpha=1,beta=0}, {op=relu,alpha=1,beta=0}}](main:@54,main:@49,main:@57,main:@56) -> float_type, {1, 64, 56, 56}, {200704, 3136, 56, 1}
main:@59 = load[offset=0,end=0](main:@1) -> int8_type, {0}, {1}
main:@60 = load[offset=6422528,end=9633792](main:@1) -> float_type, {1, 256, 56, 56}, {802816, 3136, 56, 1}
main:@61 = gpu::convolution[op={padding={0, 0, 0, 0},stride={1, 1},dilation={1, 1},group=1,padding_mode=0},algo=5,int8_x4_format=0,solution_id=64](main:@58,main:@50,main:@59,main:@60) -> float_type, {1, 256, 56, 56}, {802816, 3136, 56, 1}
main:@62 = hip::hip_copy_literal[id=main:@literal:69] -> float_type, {256, 1, 1}, {1, 1, 1}
main:@63 = multibroadcast[out_lens={1, 256, 56, 56},out_dyn_dims={}](main:@62) -> float_type, {1, 256, 56, 56}, {0, 1, 0, 0}
main:@64 = load[offset=3211264,end=6422528](main:@1) -> float_type, {1, 256, 56, 56}, {802816, 3136, 56, 1}
main:@65 = gpu::code_object[code_object=13640,symbol_name=add_add_relu_kernel,global=401408,local=1024,](main:@61,main:@63,main:@47,main:@64) -> float_type, {1, 256, 56, 56}, {802816, 3136, 56, 1}
main:@66 = hip::hip_copy_literal[id=main:@literal:42] -> float_type, {128, 128, 3, 3}, {1152, 9, 3, 1}
main:@67 = hip::hip_copy_literal[id=main:@literal:70] -> float_type, {128, 256, 1, 1}, {256, 1, 1, 1}
main:@68 = hip::hip_copy_literal[id=main:@literal:72] -> float_type, {128, 1, 1}, {1, 1, 1}
main:@69 = load[offset=0,end=1605632](main:@1) -> float_type, {1, 128, 56, 56}, {401408, 3136, 56, 1}
main:@70 = multibroadcast[out_lens={1, 128, 56, 56},out_dyn_dims={}](main:@68) -> float_type, {1, 128, 56, 56}, {0, 1, 0, 0}
main:@71 = gpu::miopen_fusion[ops={{op=convolution[padding={0, 0, 0, 0},stride={1, 1},dilation={1, 1},group=1,padding_mode=0],alpha=1,beta=0}, {op=add,alpha=1,beta=0}, {op=relu,alpha=1,beta=0}}](main:@65,main:@67,main:@70,main:@69) -> float_type, {1, 128, 56, 56}, {401408, 3136, 56, 1}
main:@72 = load[offset=0,end=0](main:@1) -> int8_type, {0}, {1}
main:@73 = load[offset=1605632,end=2007040](main:@1) -> float_type, {1, 128, 28, 28}, {100352, 784, 28, 1}
main:@74 = gpu::convolution[op={padding={1, 1, 1, 1},stride={2, 2},dilation={1, 1},group=1,padding_mode=0},algo=5,int8_x4_format=0,solution_id=64](main:@71,main:@66,main:@72,main:@73) -> float_type, {1, 128, 28, 28}, {100352, 784, 28, 1}
main:@75 = hip::hip_copy_literal[id=main:@literal:39] -> float_type, {128, 1, 1}, {1, 1, 1}
main:@76 = multibroadcast[out_lens={1, 128, 28, 28},out_dyn_dims={}](main:@75) -> float_type, {1, 128, 28, 28}, {0, 1, 0, 0}
main:@77 = load[offset=1204224,end=1605632](main:@1) -> float_type, {1, 128, 28, 28}, {100352, 784, 28, 1}
main:@78 = gpu::code_object[code_object=13632,symbol_name=add_relu_kernel,global=50176,local=1024,](main:@74,main:@76,main:@77) -> float_type, {1, 128, 28, 28}, {100352, 784, 28, 1}
main:@79 = step[axes={2, 3},steps={2, 2}](main:@65) -> float_type, {1, 256, 28, 28}, {802816, 3136, 112, 2}
main:@80 = load[offset=0,end=1204224](main:@1) -> float_type, {1, 384, 28, 28}, {301056, 784, 28, 1}
main:@81 = gpu::code_object[code_object=13632,symbol_name=concat_kernel,global=150528,local=1024,](main:@78,main:@79,main:@80) -> float_type, {1, 384, 28, 28}, {301056, 784, 28, 1}
main:@82 = hip::hip_copy_literal[id=main:@literal:15] -> float_type, {512, 384, 1, 1}, {384, 1, 1, 1}
main:@83 = hip::hip_copy_literal[id=main:@literal:74] -> float_type, {512, 1, 1}, {1, 1, 1}
main:@84 = load[offset=1605632,end=3211264](main:@1) -> float_type, {1, 512, 28, 28}, {401408, 784, 28, 1}
main:@85 = multibroadcast[out_lens={1, 512, 28, 28},out_dyn_dims={}](main:@83) -> float_type, {1, 512, 28, 28}, {0, 1, 0, 0}
main:@86 = gpu::miopen_fusion[ops={{op=convolution[padding={0, 0, 0, 0},stride={1, 1},dilation={1, 1},group=1,padding_mode=0],alpha=1,beta=0}, {op=add,alpha=1,beta=0}, {op=relu,alpha=1,beta=0}}](main:@81,main:@82,main:@85,main:@84) -> float_type, {1, 512, 28, 28}, {401408, 784, 28, 1}
main:@87 = hip::hip_copy_literal[id=main:@literal:35] -> float_type, {128, 1, 1}, {1, 1, 1}
main:@88 = hip::hip_copy_literal[id=main:@literal:38] -> float_type, {128, 1, 1}, {1, 1, 1}
main:@89 = hip::hip_copy_literal[id=main:@literal:54] -> float_type, {128, 512, 1, 1}, {512, 1, 1, 1}
main:@90 = load[offset=0,end=401408](main:@1) -> float_type, {1, 128, 28, 28}, {100352, 784, 28, 1}
main:@91 = multibroadcast[out_lens={1, 128, 28, 28},out_dyn_dims={}](main:@87) -> float_type, {1, 128, 28, 28}, {0, 1, 0, 0}
main:@92 = gpu::miopen_fusion[ops={{op=convolution[padding={0, 0, 0, 0},stride={1, 1},dilation={1, 1},group=1,padding_mode=0],alpha=1,beta=0}, {op=add,alpha=1,beta=0}, {op=relu,alpha=1,beta=0}}](main:@86,main:@89,main:@91,main:@90) -> float_type, {1, 128, 28, 28}, {100352, 784, 28, 1}
main:@93 = hip::hip_copy_literal[id=main:@literal:31] -> float_type, {128, 128, 3, 3}, {1152, 9, 3, 1}
main:@94 = multibroadcast[out_lens={1, 128, 28, 28},out_dyn_dims={}](main:@88) -> float_type, {1, 128, 28, 28}, {0, 1, 0, 0}
main:@95 = load[offset=401408,end=802816](main:@1) -> float_type, {1, 128, 28, 28}, {100352, 784, 28, 1}
main:@96 = gpu::miopen_fusion[ops={{op=convolution[padding={1, 1, 1, 1},stride={1, 1},dilation={1, 1},group=1,padding_mode=0],alpha=1,beta=0}, {op=add,alpha=1,beta=0}, {op=relu,alpha=1,beta=0}}](main:@92,main:@93,main:@94,main:@95) -> float_type, {1, 128, 28, 28}, {100352, 784, 28, 1}
main:@97 = hip::hip_copy_literal[id=main:@literal:30] -> float_type, {512, 128, 1, 1}, {128, 1, 1, 1}
main:@98 = load[offset=3211264,end=4816896](main:@1) -> float_type, {1, 512, 28, 28}, {401408, 784, 28, 1}
main:@99 = load[offset=0,end=0](main:@1) -> int8_type, {0}, {1}
main:@100 = gpu::convolution[op={padding={0, 0, 0, 0},stride={1, 1},dilation={1, 1},group=1,padding_mode=0},algo=5,int8_x4_format=0,solution_id=64](main:@96,main:@97,main:@99,main:@98) -> float_type, {1, 512, 28, 28}, {401408, 784, 28, 1}
main:@101 = hip::hip_copy_literal[id=main:@literal:58] -> float_type, {512, 1, 1}, {1, 1, 1}
main:@102 = load[offset=0,end=1605632](main:@1) -> float_type, {1, 512, 28, 28}, {401408, 784, 28, 1}
main:@103 = multibroadcast[out_lens={1, 512, 28, 28},out_dyn_dims={}](main:@101) -> float_type, {1, 512, 28, 28}, {0, 1, 0, 0}
main:@104 = gpu::code_object[code_object=13640,symbol_name=add_add_relu_kernel,global=200704,local=1024,](main:@100,main:@103,main:@86,main:@102) -> float_type, {1, 512, 28, 28}, {401408, 784, 28, 1}
main:@105 = hip::hip_copy_literal[id=main:@literal:45] -> float_type, {128, 512, 1, 1}, {512, 1, 1, 1}
main:@106 = hip::hip_copy_literal[id=main:@literal:14] -> float_type, {128, 128, 3, 3}, {1152, 9, 3, 1}
main:@107 = hip::hip_copy_literal[id=main:@literal:29] -> float_type, {128, 1, 1}, {1, 1, 1}
main:@108 = load[offset=2007040,end=2408448](main:@1) -> float_type, {1, 128, 28, 28}, {100352, 784, 28, 1}
main:@109 = multibroadcast[out_lens={1, 128, 28, 28},out_dyn_dims={}](main:@107) -> float_type, {1, 128, 28, 28}, {0, 1, 0, 0}
main:@110 = gpu::miopen_fusion[ops={{op=convolution[padding={0, 0, 0, 0},stride={1, 1},dilation={1, 1},group=1,padding_mode=0],alpha=1,beta=0}, {op=add,alpha=1,beta=0}, {op=relu,alpha=1,beta=0}}](main:@104,main:@105,main:@109,main:@108) -> float_type, {1, 128, 28, 28}, {100352, 784, 28, 1}
main:@111 = hip::hip_copy_literal[id=main:@literal:26] -> float_type, {128, 1, 1}, {1, 1, 1}
main:@112 = load[offset=1605632,end=2007040](main:@1) -> float_type, {1, 128, 28, 28}, {100352, 784, 28, 1}
main:@113 = multibroadcast[out_lens={1, 128, 28, 28},out_dyn_dims={}](main:@111) -> float_type, {1, 128, 28, 28}, {0, 1, 0, 0}
main:@114 = gpu::miopen_fusion[ops={{op=convolution[padding={1, 1, 1, 1},stride={1, 1},dilation={1, 1},group=1,padding_mode=0],alpha=1,beta=0}, {op=add,alpha=1,beta=0}, {op=relu,alpha=1,beta=0}}](main:@110,main:@106,main:@113,main:@112) -> float_type, {1, 128, 28, 28}, {100352, 784, 28, 1}
main:@115 = hip::hip_copy_literal[id=main:@literal:25] -> float_type, {512, 128, 1, 1}, {128, 1, 1, 1}
main:@116 = load[offset=3211264,end=4816896](main:@1) -> float_type, {1, 512, 28, 28}, {401408, 784, 28, 1}
main:@117 = load[offset=0,end=0](main:@1) -> int8_type, {0}, {1}
main:@118 = gpu::convolution[op={padding={0, 0, 0, 0},stride={1, 1},dilation={1, 1},group=1,padding_mode=0},algo=5,int8_x4_format=0,solution_id=64](main:@114,main:@115,main:@117,main:@116) -> float_type, {1, 512, 28, 28}, {401408, 784, 28, 1}
main:@119 = hip::hip_copy_literal[id=main:@literal:24] -> float_type, {512, 1, 1}, {1, 1, 1}
main:@120 = multibroadcast[out_lens={1, 512, 28, 28},out_dyn_dims={}](main:@119) -> float_type, {1, 512, 28, 28}, {0, 1, 0, 0}
main:@121 = load[offset=1605632,end=3211264](main:@1) -> float_type, {1, 512, 28, 28}, {401408, 784, 28, 1}
main:@122 = gpu::code_object[code_object=13640,symbol_name=add_add_relu_kernel,global=200704,local=1024,](main:@118,main:@120,main:@104,main:@121) -> float_type, {1, 512, 28, 28}, {401408, 784, 28, 1}
main:@123 = hip::hip_copy_literal[id=main:@literal:23] -> float_type, {128, 512, 1, 1}, {512, 1, 1, 1}
main:@124 = hip::hip_copy_literal[id=main:@literal:21] -> float_type, {128, 1, 1}, {1, 1, 1}
main:@125 = load[offset=0,end=401408](main:@1) -> float_type, {1, 128, 28, 28}, {100352, 784, 28, 1}
main:@126 = multibroadcast[out_lens={1, 128, 28, 28},out_dyn_dims={}](main:@124) -> float_type, {1, 128, 28, 28}, {0, 1, 0, 0}
main:@127 = gpu::miopen_fusion[ops={{op=convolution[padding={0, 0, 0, 0},stride={1, 1},dilation={1, 1},group=1,padding_mode=0],alpha=1,beta=0}, {op=add,alpha=1,beta=0}, {op=relu,alpha=1,beta=0}}](main:@122,main:@123,main:@126,main:@125) -> float_type, {1, 128, 28, 28}, {100352, 784, 28, 1}
main:@128 = hip::hip_copy_literal[id=main:@literal:73] -> float_type, {128, 1, 1}, {1, 1, 1}
main:@129 = hip::hip_copy_literal[id=main:@literal:20] -> float_type, {128, 128, 3, 3}, {1152, 9, 3, 1}
main:@130 = load[offset=401408,end=802816](main:@1) -> float_type, {1, 128, 28, 28}, {100352, 784, 28, 1}
main:@131 = multibroadcast[out_lens={1, 128, 28, 28},out_dyn_dims={}](main:@128) -> float_type, {1, 128, 28, 28}, {0, 1, 0, 0}
main:@132 = gpu::miopen_fusion[ops={{op=convolution[padding={1, 1, 1, 1},stride={1, 1},dilation={1, 1},group=1,padding_mode=0],alpha=1,beta=0}, {op=add,alpha=1,beta=0}, {op=relu,alpha=1,beta=0}}](main:@127,main:@129,main:@131,main:@130) -> float_type, {1, 128, 28, 28}, {100352, 784, 28, 1}
main:@133 = hip::hip_copy_literal[id=main:@literal:71] -> float_type, {512, 128, 1, 1}, {128, 1, 1, 1}
main:@134 = load[offset=3211264,end=4816896](main:@1) -> float_type, {1, 512, 28, 28}, {401408, 784, 28, 1}
main:@135 = load[offset=0,end=0](main:@1) -> int8_type, {0}, {1}
main:@136 = gpu::convolution[op={padding={0, 0, 0, 0},stride={1, 1},dilation={1, 1},group=1,padding_mode=0},algo=5,int8_x4_format=0,solution_id=64](main:@132,main:@133,main:@135,main:@134) -> float_type, {1, 512, 28, 28}, {401408, 784, 28, 1}
main:@137 = hip::hip_copy_literal[id=main:@literal:47] -> float_type, {512, 1, 1}, {1, 1, 1}
main:@138 = load[offset=0,end=1605632](main:@1) -> float_type, {1, 512, 28, 28}, {401408, 784, 28, 1}
main:@139 = multibroadcast[out_lens={1, 512, 28, 28},out_dyn_dims={}](main:@137) -> float_type, {1, 512, 28, 28}, {0, 1, 0, 0}
main:@140 = gpu::code_object[code_object=13640,symbol_name=add_add_relu_kernel,global=200704,local=1024,](main:@136,main:@139,main:@122,main:@138) -> float_type, {1, 512, 28, 28}, {401408, 784, 28, 1}
main:@141 = hip::hip_copy_literal[id=main:@literal:19] -> float_type, {256, 1, 1}, {1, 1, 1}
main:@142 = hip::hip_copy_literal[id=main:@literal:18] -> float_type, {256, 256, 3, 3}, {2304, 9, 3, 1}
main:@143 = hip::hip_copy_literal[id=main:@literal:61] -> float_type, {256, 512, 1, 1}, {512, 1, 1, 1}
main:@144 = load[offset=1605632,end=2408448](main:@1) -> float_type, {1, 256, 28, 28}, {200704, 784, 28, 1}
main:@145 = multibroadcast[out_lens={1, 256, 28, 28},out_dyn_dims={}](main:@141) -> float_type, {1, 256, 28, 28}, {0, 1, 0, 0}
main:@146 = gpu::miopen_fusion[ops={{op=convolution[padding={0, 0, 0, 0},stride={1, 1},dilation={1, 1},group=1,padding_mode=0],alpha=1,beta=0}, {op=add,alpha=1,beta=0}, {op=relu,alpha=1,beta=0}}](main:@140,main:@143,main:@145,main:@144) -> float_type, {1, 256, 28, 28}, {200704, 784, 28, 1}
main:@147 = load[offset=0,end=0](main:@1) -> int8_type, {0}, {1}
main:@148 = load[offset=2408448,end=2609152](main:@1) -> float_type, {1, 256, 14, 14}, {50176, 196, 14, 1}
main:@149 = gpu::convolution[op={padding={1, 1, 1, 1},stride={2, 2},dilation={1, 1},group=1,padding_mode=0},algo=5,int8_x4_format=0,solution_id=81](main:@146,main:@142,main:@147,main:@148) -> float_type, {1, 256, 14, 14}, {50176, 196, 14, 1}
main:@150 = hip::hip_copy_literal[id=main:@literal:16] -> float_type, {256, 1, 1}, {1, 1, 1}
main:@151 = multibroadcast[out_lens={1, 256, 14, 14},out_dyn_dims={}](main:@150) -> float_type, {1, 256, 14, 14}, {0, 1, 0, 0}
main:@152 = load[offset=2207744,end=2408448](main:@1) -> float_type, {1, 256, 14, 14}, {50176, 196, 14, 1}
main:@153 = gpu::code_object[code_object=13632,symbol_name=add_relu_kernel,global=25088,local=1024,](main:@149,main:@151,main:@152) -> float_type, {1, 256, 14, 14}, {50176, 196, 14, 1}
main:@154 = hip::hip_copy_literal[id=main:@literal:12] -> float_type, {1024, 768, 1, 1}, {768, 1, 1, 1}
main:@155 = load[offset=1605632,end=2207744](main:@1) -> float_type, {1, 768, 14, 14}, {150528, 196, 14, 1}
main:@156 = step[axes={2, 3},steps={2, 2}](main:@140) -> float_type, {1, 512, 14, 14}, {401408, 784, 56, 2}
main:@157 = gpu::code_object[code_object=13632,symbol_name=concat_kernel,global=75264,local=1024,](main:@153,main:@156,main:@155) -> float_type, {1, 768, 14, 14}, {150528, 196, 14, 1}
main:@158 = load[offset=0,end=0](main:@1) -> int8_type, {0}, {1}
main:@159 = load[offset=802816,end=1605632](main:@1) -> float_type, {1, 1024, 14, 14}, {200704, 196, 14, 1}
main:@160 = gpu::convolution[op={padding={0, 0, 0, 0},stride={1, 1},dilation={1, 1},group=1,padding_mode=0},algo=5,int8_x4_format=0,solution_id=81](main:@157,main:@154,main:@158,main:@159) -> float_type, {1, 1024, 14, 14}, {200704, 196, 14, 1}
main:@161 = hip::hip_copy_literal[id=main:@literal:11] -> float_type, {1024, 1, 1}, {1, 1, 1}
main:@162 = hip::hip_copy_literal[id=main:@literal:44] -> float_type, {1024, 1, 1}, {1, 1, 1}
main:@163 = hip::hip_copy_literal[id=main:@literal:50] -> float_type, {1024, 1, 1}, {1, 1, 1}
main:@164 = hip::hip_copy_literal[id=main:@literal:1] -> float_type, {1024, 1, 1}, {1, 1, 1}
main:@165 = load[offset=0,end=802816](main:@1) -> float_type, {1, 1024, 14, 14}, {200704, 196, 14, 1}
main:@166 = multibroadcast[out_lens={1, 1024, 14, 14},out_dyn_dims={}](main:@161) -> float_type, {1, 1024, 14, 14}, {0, 1, 0, 0}
main:@167 = gpu::code_object[code_object=13632,symbol_name=add_relu_kernel,global=100352,local=1024,](main:@160,main:@166,main:@165) -> float_type, {1, 1024, 14, 14}, {200704, 196, 14, 1}
main:@168 = hip::hip_copy_literal[id=main:@literal:9] -> float_type, {256, 1024, 1, 1}, {1024, 1, 1, 1}
main:@169 = load[offset=802816,end=1003520](main:@1) -> float_type, {1, 256, 14, 14}, {50176, 196, 14, 1}
main:@170 = load[offset=0,end=0](main:@1) -> int8_type, {0}, {1}
main:@171 = gpu::convolution[op={padding={0, 0, 0, 0},stride={1, 1},dilation={1, 1},group=1,padding_mode=0},algo=5,int8_x4_format=0,solution_id=81](main:@167,main:@168,main:@170,main:@169) -> float_type, {1, 256, 14, 14}, {50176, 196, 14, 1}
main:@172 = hip::hip_copy_literal[id=main:@literal:36] -> float_type, {256, 1, 1}, {1, 1, 1}
main:@173 = hip::hip_copy_literal[id=main:@literal:59] -> float_type, {256, 256, 3, 3}, {2304, 9, 3, 1}
main:@174 = hip::hip_copy_literal[id=main:@literal:8] -> float_type, {256, 1, 1}, {1, 1, 1}
main:@175 = hip::hip_copy_literal[id=main:@literal:6] -> float_type, {1024, 256, 1, 1}, {256, 1, 1, 1}
main:@176 = load[offset=1003520,end=1204224](main:@1) -> float_type, {1, 256, 14, 14}, {50176, 196, 14, 1}
main:@177 = multibroadcast[out_lens={1, 256, 14, 14},out_dyn_dims={}](main:@172) -> float_type, {1, 256, 14, 14}, {0, 1, 0, 0}
main:@178 = gpu::code_object[code_object=13632,symbol_name=add_relu_kernel,global=25088,local=1024,](main:@171,main:@177,main:@176) -> float_type, {1, 256, 14, 14}, {50176, 196, 14, 1}
main:@179 = load[offset=802816,end=1003520](main:@1) -> float_type, {1, 256, 14, 14}, {50176, 196, 14, 1}
main:@180 = multibroadcast[out_lens={1, 256, 14, 14},out_dyn_dims={}](main:@174) -> float_type, {1, 256, 14, 14}, {0, 1, 0, 0}
main:@181 = gpu::miopen_fusion[ops={{op=convolution[padding={1, 1, 1, 1},stride={1, 1},dilation={1, 1},group=1,padding_mode=0],alpha=1,beta=0}, {op=add,alpha=1,beta=0}, {op=relu,alpha=1,beta=0}}](main:@178,main:@173,main:@180,main:@179) -> float_type, {1, 256, 14, 14}, {50176, 196, 14, 1}
main:@182 = load[offset=1605632,end=2408448](main:@1) -> float_type, {1, 1024, 14, 14}, {200704, 196, 14, 1}
main:@183 = load[offset=0,end=0](main:@1) -> int8_type, {0}, {1}
main:@184 = gpu::convolution[op={padding={0, 0, 0, 0},stride={1, 1},dilation={1, 1},group=1,padding_mode=0},algo=5,int8_x4_format=0,solution_id=81](main:@181,main:@175,main:@183,main:@182) -> float_type, {1, 1024, 14, 14}, {200704, 196, 14, 1}
main:@185 = multibroadcast[out_lens={1, 1024, 14, 14},out_dyn_dims={}](main:@162) -> float_type, {1, 1024, 14, 14}, {0, 1, 0, 0}
main:@186 = load[offset=802816,end=1605632](main:@1) -> float_type, {1, 1024, 14, 14}, {200704, 196, 14, 1}
main:@187 = gpu::code_object[code_object=13640,symbol_name=add_add_relu_kernel,global=100352,local=1024,](main:@184,main:@185,main:@167,main:@186) -> float_type, {1, 1024, 14, 14}, {200704, 196, 14, 1}
main:@188 = hip::hip_copy_literal[id=main:@literal:27] -> float_type, {256, 1024, 1, 1}, {1024, 1, 1, 1}
main:@189 = load[offset=0,end=200704](main:@1) -> float_type, {1, 256, 14, 14}, {50176, 196, 14, 1}
main:@190 = load[offset=0,end=0](main:@1) -> int8_type, {0}, {1}
main:@191 = gpu::convolution[op={padding={0, 0, 0, 0},stride={1, 1},dilation={1, 1},group=1,padding_mode=0},algo=5,int8_x4_format=0,solution_id=81](main:@187,main:@188,main:@190,main:@189) -> float_type, {1, 256, 14, 14}, {50176, 196, 14, 1}
main:@192 = hip::hip_copy_literal[id=main:@literal:4] -> float_type, {256, 256, 3, 3}, {2304, 9, 3, 1}
main:@193 = hip::hip_copy_literal[id=main:@literal:75] -> float_type, {1024, 256, 1, 1}, {256, 1, 1, 1}
main:@194 = hip::hip_copy_literal[id=main:@literal:2] -> float_type, {256, 1, 1}, {1, 1, 1}
main:@195 = hip::hip_copy_literal[id=main:@literal:5] -> float_type, {256, 1, 1}, {1, 1, 1}
main:@196 = load[offset=200704,end=401408](main:@1) -> float_type, {1, 256, 14, 14}, {50176, 196, 14, 1}
main:@197 = multibroadcast[out_lens={1, 256, 14, 14},out_dyn_dims={}](main:@195) -> float_type, {1, 256, 14, 14}, {0, 1, 0, 0}
main:@198 = gpu::code_object[code_object=13632,symbol_name=add_relu_kernel,global=25088,local=1024,](main:@191,main:@197,main:@196) -> float_type, {1, 256, 14, 14}, {50176, 196, 14, 1}
main:@199 = load[offset=0,end=200704](main:@1) -> float_type, {1, 256, 14, 14}, {50176, 196, 14, 1}
main:@200 = multibroadcast[out_lens={1, 256, 14, 14},out_dyn_dims={}](main:@194) -> float_type, {1, 256, 14, 14}, {0, 1, 0, 0}
main:@201 = gpu::miopen_fusion[ops={{op=convolution[padding={1, 1, 1, 1},stride={1, 1},dilation={1, 1},group=1,padding_mode=0],alpha=1,beta=0}, {op=add,alpha=1,beta=0}, {op=relu,alpha=1,beta=0}}](main:@198,main:@192,main:@200,main:@199) -> float_type, {1, 256, 14, 14}, {50176, 196, 14, 1}
main:@202 = load[offset=0,end=0](main:@1) -> int8_type, {0}, {1}
main:@203 = load[offset=1605632,end=2408448](main:@1) -> float_type, {1, 1024, 14, 14}, {200704, 196, 14, 1}
main:@204 = gpu::convolution[op={padding={0, 0, 0, 0},stride={1, 1},dilation={1, 1},group=1,padding_mode=0},algo=5,int8_x4_format=0,solution_id=81](main:@201,main:@193,main:@202,main:@203) -> float_type, {1, 1024, 14, 14}, {200704, 196, 14, 1}
main:@205 = load[offset=0,end=802816](main:@1) -> float_type, {1, 1024, 14, 14}, {200704, 196, 14, 1}
main:@206 = multibroadcast[out_lens={1, 1024, 14, 14},out_dyn_dims={}](main:@164) -> float_type, {1, 1024, 14, 14}, {0, 1, 0, 0}
main:@207 = gpu::code_object[code_object=13640,symbol_name=add_add_relu_kernel,global=100352,local=1024,](main:@204,main:@206,main:@187,main:@205) -> float_type, {1, 1024, 14, 14}, {200704, 196, 14, 1}
main:@208 = hip::hip_copy_literal[id=main:@literal:77] -> float_type, {256, 1024, 1, 1}, {1024, 1, 1, 1}
main:@209 = load[offset=802816,end=1003520](main:@1) -> float_type, {1, 256, 14, 14}, {50176, 196, 14, 1}
main:@210 = load[offset=0,end=0](main:@1) -> int8_type, {0}, {1}
main:@211 = gpu::convolution[op={padding={0, 0, 0, 0},stride={1, 1},dilation={1, 1},group=1,padding_mode=0},algo=5,int8_x4_format=0,solution_id=81](main:@207,main:@208,main:@210,main:@209) -> float_type, {1, 256, 14, 14}, {50176, 196, 14, 1}
main:@212 = hip::hip_copy_literal[id=main:@literal:48] -> float_type, {256, 256, 3, 3}, {2304, 9, 3, 1}
main:@213 = hip::hip_copy_literal[id=main:@literal:57] -> float_type, {256, 1, 1}, {1, 1, 1}
main:@214 = hip::hip_copy_literal[id=main:@literal:78] -> float_type, {1024, 256, 1, 1}, {256, 1, 1, 1}
main:@215 = hip::hip_copy_literal[id=main:@literal:64] -> float_type, {256, 1, 1}, {1, 1, 1}
main:@216 = load[offset=1003520,end=1204224](main:@1) -> float_type, {1, 256, 14, 14}, {50176, 196, 14, 1}
main:@217 = multibroadcast[out_lens={1, 256, 14, 14},out_dyn_dims={}](main:@215) -> float_type, {1, 256, 14, 14}, {0, 1, 0, 0}
main:@218 = gpu::code_object[code_object=13632,symbol_name=add_relu_kernel,global=25088,local=1024,](main:@211,main:@217,main:@216) -> float_type, {1, 256, 14, 14}, {50176, 196, 14, 1}
main:@219 = load[offset=802816,end=1003520](main:@1) -> float_type, {1, 256, 14, 14}, {50176, 196, 14, 1}
main:@220 = multibroadcast[out_lens={1, 256, 14, 14},out_dyn_dims={}](main:@213) -> float_type, {1, 256, 14, 14}, {0, 1, 0, 0}
main:@221 = gpu::miopen_fusion[ops={{op=convolution[padding={1, 1, 1, 1},stride={1, 1},dilation={1, 1},group=1,padding_mode=0],alpha=1,beta=0}, {op=add,alpha=1,beta=0}, {op=relu,alpha=1,beta=0}}](main:@218,main:@212,main:@220,main:@219) -> float_type, {1, 256, 14, 14}, {50176, 196, 14, 1}
main:@222 = load[offset=0,end=0](main:@1) -> int8_type, {0}, {1}
main:@223 = load[offset=1605632,end=2408448](main:@1) -> float_type, {1, 1024, 14, 14}, {200704, 196, 14, 1}
main:@224 = gpu::convolution[op={padding={0, 0, 0, 0},stride={1, 1},dilation={1, 1},group=1,padding_mode=0},algo=5,int8_x4_format=0,solution_id=81](main:@221,main:@214,main:@222,main:@223) -> float_type, {1, 1024, 14, 14}, {200704, 196, 14, 1}
main:@225 = load[offset=802816,end=1605632](main:@1) -> float_type, {1, 1024, 14, 14}, {200704, 196, 14, 1}
main:@226 = multibroadcast[out_lens={1, 1024, 14, 14},out_dyn_dims={}](main:@163) -> float_type, {1, 1024, 14, 14}, {0, 1, 0, 0}
main:@227 = gpu::code_object[code_object=13640,symbol_name=add_add_relu_kernel,global=100352,local=1024,](main:@224,main:@226,main:@207,main:@225) -> float_type, {1, 1024, 14, 14}, {200704, 196, 14, 1}
main:@228 = hip::hip_copy_literal[id=main:@literal:80] -> float_type, {256, 1024, 1, 1}, {1024, 1, 1, 1}
main:@229 = load[offset=0,end=0](main:@1) -> int8_type, {0}, {1}
main:@230 = load[offset=0,end=200704](main:@1) -> float_type, {1, 256, 14, 14}, {50176, 196, 14, 1}
main:@231 = gpu::convolution[op={padding={0, 0, 0, 0},stride={1, 1},dilation={1, 1},group=1,padding_mode=0},algo=5,int8_x4_format=0,solution_id=81](main:@227,main:@228,main:@229,main:@230) -> float_type, {1, 256, 14, 14}, {50176, 196, 14, 1}
main:@232 = hip::hip_copy_literal[id=main:@literal:82] -> float_type, {256, 256, 3, 3}, {2304, 9, 3, 1}
main:@233 = hip::hip_copy_literal[id=main:@literal:81] -> float_type, {256, 1, 1}, {1, 1, 1}
main:@234 = hip::hip_copy_literal[id=main:@literal:33] -> float_type, {1024, 256, 1, 1}, {256, 1, 1, 1}
main:@235 = hip::hip_copy_literal[id=main:@literal:79] -> float_type, {256, 1, 1}, {1, 1, 1}
main:@236 = load[offset=200704,end=401408](main:@1) -> float_type, {1, 256, 14, 14}, {50176, 196, 14, 1}
main:@237 = multibroadcast[out_lens={1, 256, 14, 14},out_dyn_dims={}](main:@235) -> float_type, {1, 256, 14, 14}, {0, 1, 0, 0}
main:@238 = gpu::code_object[code_object=13632,symbol_name=add_relu_kernel,global=25088,local=1024,](main:@231,main:@237,main:@236) -> float_type, {1, 256, 14, 14}, {50176, 196, 14, 1}
main:@239 = load[offset=0,end=200704](main:@1) -> float_type, {1, 256, 14, 14}, {50176, 196, 14, 1}
main:@240 = multibroadcast[out_lens={1, 256, 14, 14},out_dyn_dims={}](main:@233) -> float_type, {1, 256, 14, 14}, {0, 1, 0, 0}
main:@241 = gpu::miopen_fusion[ops={{op=convolution[padding={1, 1, 1, 1},stride={1, 1},dilation={1, 1},group=1,padding_mode=0],alpha=1,beta=0}, {op=add,alpha=1,beta=0}, {op=relu,alpha=1,beta=0}}](main:@238,main:@232,main:@240,main:@239) -> float_type, {1, 256, 14, 14}, {50176, 196, 14, 1}
main:@242 = load[offset=1605632,end=2408448](main:@1) -> float_type, {1, 1024, 14, 14}, {200704, 196, 14, 1}
main:@243 = load[offset=0,end=0](main:@1) -> int8_type, {0}, {1}
main:@244 = gpu::convolution[op={padding={0, 0, 0, 0},stride={1, 1},dilation={1, 1},group=1,padding_mode=0},algo=5,int8_x4_format=0,solution_id=81](main:@241,main:@234,main:@243,main:@242) -> float_type, {1, 1024, 14, 14}, {200704, 196, 14, 1}
main:@245 = hip::hip_copy_literal[id=main:@literal:83] -> float_type, {1024, 1, 1}, {1, 1, 1}
main:@246 = load[offset=0,end=802816](main:@1) -> float_type, {1, 1024, 14, 14}, {200704, 196, 14, 1}
main:@247 = multibroadcast[out_lens={1, 1024, 14, 14},out_dyn_dims={}](main:@245) -> float_type, {1, 1024, 14, 14}, {0, 1, 0, 0}
main:@248 = gpu::code_object[code_object=13640,symbol_name=add_add_relu_kernel,global=100352,local=1024,](main:@244,main:@247,main:@227,main:@246) -> float_type, {1, 1024, 14, 14}, {200704, 196, 14, 1}
main:@249 = hip::hip_copy_literal[id=main:@literal:86] -> float_type, {256, 1024, 1, 1}, {1024, 1, 1, 1}
main:@250 = load[offset=0,end=0](main:@1) -> int8_type, {0}, {1}
main:@251 = load[offset=802816,end=1003520](main:@1) -> float_type, {1, 256, 14, 14}, {50176, 196, 14, 1}
main:@252 = gpu::convolution[op={padding={0, 0, 0, 0},stride={1, 1},dilation={1, 1},group=1,padding_mode=0},algo=5,int8_x4_format=0,solution_id=81](main:@248,main:@249,main:@250,main:@251) -> float_type, {1, 256, 14, 14}, {50176, 196, 14, 1}
main:@253 = hip::hip_copy_literal[id=main:@literal:87] -> float_type, {256, 256, 3, 3}, {2304, 9, 3, 1}
main:@254 = hip::hip_copy_literal[id=main:@literal:56] -> float_type, {1024, 256, 1, 1}, {256, 1, 1, 1}
main:@255 = hip::hip_copy_literal[id=main:@literal:84] -> float_type, {256, 1, 1}, {1, 1, 1}
main:@256 = hip::hip_copy_literal[id=main:@literal:37] -> float_type, {256, 1, 1}, {1, 1, 1}
main:@257 = load[offset=1003520,end=1204224](main:@1) -> float_type, {1, 256, 14, 14}, {50176, 196, 14, 1}
main:@258 = multibroadcast[out_lens={1, 256, 14, 14},out_dyn_dims={}](main:@255) -> float_type, {1, 256, 14, 14}, {0, 1, 0, 0}
main:@259 = gpu::code_object[code_object=13632,symbol_name=add_relu_kernel,global=25088,local=1024,](main:@252,main:@258,main:@257) -> float_type, {1, 256, 14, 14}, {50176, 196, 14, 1}
main:@260 = multibroadcast[out_lens={1, 256, 14, 14},out_dyn_dims={}](main:@256) -> float_type, {1, 256, 14, 14}, {0, 1, 0, 0}
main:@261 = load[offset=802816,end=1003520](main:@1) -> float_type, {1, 256, 14, 14}, {50176, 196, 14, 1}
main:@262 = gpu::miopen_fusion[ops={{op=convolution[padding={1, 1, 1, 1},stride={1, 1},dilation={1, 1},group=1,padding_mode=0],alpha=1,beta=0}, {op=add,alpha=1,beta=0}, {op=relu,alpha=1,beta=0}}](main:@259,main:@253,main:@260,main:@261) -> float_type, {1, 256, 14, 14}, {50176, 196, 14, 1}
main:@263 = load[offset=0,end=0](main:@1) -> int8_type, {0}, {1}
main:@264 = load[offset=1605632,end=2408448](main:@1) -> float_type, {1, 1024, 14, 14}, {200704, 196, 14, 1}
main:@265 = gpu::convolution[op={padding={0, 0, 0, 0},stride={1, 1},dilation={1, 1},group=1,padding_mode=0},algo=5,int8_x4_format=0,solution_id=81](main:@262,main:@254,main:@263,main:@264) -> float_type, {1, 1024, 14, 14}, {200704, 196, 14, 1}
main:@266 = hip::hip_copy_literal[id=main:@literal:88] -> float_type, {1024, 1, 1}, {1, 1, 1}
main:@267 = load[offset=802816,end=1605632](main:@1) -> float_type, {1, 1024, 14, 14}, {200704, 196, 14, 1}
main:@268 = multibroadcast[out_lens={1, 1024, 14, 14},out_dyn_dims={}](main:@266) -> float_type, {1, 1024, 14, 14}, {0, 1, 0, 0}
main:@269 = gpu::code_object[code_object=13640,symbol_name=add_add_relu_kernel,global=100352,local=1024,](main:@265,main:@268,main:@248,main:@267) -> float_type, {1, 1024, 14, 14}, {200704, 196, 14, 1}
main:@270 = hip::hip_copy_literal[id=main:@literal:85] -> float_type, {512, 1024, 1, 1}, {1024, 1, 1, 1}
main:@271 = load[offset=0,end=401408](main:@1) -> float_type, {1, 512, 14, 14}, {100352, 196, 14, 1}
main:@272 = load[offset=0,end=0](main:@1) -> int8_type, {0}, {1}
main:@273 = gpu::convolution[op={padding={0, 0, 0, 0},stride={1, 1},dilation={1, 1},group=1,padding_mode=0},algo=5,int8_x4_format=0,solution_id=81](main:@269,main:@270,main:@272,main:@271) -> float_type, {1, 512, 14, 14}, {100352, 196, 14, 1}
main:@274 = hip::hip_copy_literal[id=main:@literal:89] -> float_type, {512, 512, 3, 3}, {4608, 9, 3, 1}
main:@275 = hip::hip_copy_literal[id=main:@literal:28] -> float_type, {512, 1, 1}, {1, 1, 1}
main:@276 = load[offset=401408,end=802816](main:@1) -> float_type, {1, 512, 14, 14}, {100352, 196, 14, 1}
main:@277 = multibroadcast[out_lens={1, 512, 14, 14},out_dyn_dims={}](main:@275) -> float_type, {1, 512, 14, 14}, {0, 1, 0, 0}
main:@278 = gpu::code_object[code_object=13632,symbol_name=add_relu_kernel,global=50176,local=1024,](main:@273,main:@277,main:@276) -> float_type, {1, 512, 14, 14}, {100352, 196, 14, 1}
main:@279 = load[offset=0,end=100352](main:@1) -> float_type, {1, 512, 7, 7}, {25088, 49, 7, 1}
main:@280 = load[offset=1605632,end=2508800](main:@1) -> int8_type, {903168}, {1}
main:@281 = gpu::convolution[op={padding={1, 1, 1, 1},stride={2, 2},dilation={1, 1},group=1,padding_mode=0},algo=0,int8_x4_format=0,solution_id=91](main:@278,main:@274,main:@280,main:@279) -> float_type, {1, 512, 7, 7}, {25088, 49, 7, 1}
main:@282 = hip::hip_copy_literal[id=main:@literal:53] -> float_type, {512, 1, 1}, {1, 1, 1}
main:@283 = hip::hip_copy_literal[id=main:@literal:34] -> float_type, {2048, 1536, 1, 1}, {1536, 1, 1, 1}
main:@284 = load[offset=100352,end=200704](main:@1) -> float_type, {1, 512, 7, 7}, {25088, 49, 7, 1}
main:@285 = multibroadcast[out_lens={1, 512, 7, 7},out_dyn_dims={}](main:@282) -> float_type, {1, 512, 7, 7}, {0, 1, 0, 0}
main:@286 = gpu::code_object[code_object=13632,symbol_name=add_relu_kernel,global=25088,local=1024,](main:@281,main:@285,main:@284) -> float_type, {1, 512, 7, 7}, {25088, 49, 7, 1}
main:@287 = load[offset=401408,end=702464](main:@1) -> float_type, {1, 1536, 7, 7}, {75264, 49, 7, 1}
main:@288 = step[axes={2, 3},steps={2, 2}](main:@269) -> float_type, {1, 1024, 7, 7}, {200704, 196, 28, 2}
main:@289 = gpu::code_object[code_object=13632,symbol_name=concat_kernel,global=37632,local=1024,](main:@286,main:@288,main:@287) -> float_type, {1, 1536, 7, 7}, {75264, 49, 7, 1}
main:@290 = load[offset=0,end=401408](main:@1) -> float_type, {1, 2048, 7, 7}, {100352, 49, 7, 1}
main:@291 = load[offset=0,end=0](main:@1) -> int8_type, {0}, {1}
main:@292 = gpu::convolution[op={padding={0, 0, 0, 0},stride={1, 1},dilation={1, 1},group=1,padding_mode=0},algo=5,int8_x4_format=0,solution_id=81](main:@289,main:@283,main:@291,main:@290) -> float_type, {1, 2048, 7, 7}, {100352, 49, 7, 1}
main:@293 = hip::hip_copy_literal[id=main:@literal:51] -> float_type, {2048, 1, 1}, {1, 1, 1}
main:@294 = load[offset=401408,end=802816](main:@1) -> float_type, {1, 2048, 7, 7}, {100352, 49, 7, 1}
main:@295 = multibroadcast[out_lens={1, 2048, 7, 7},out_dyn_dims={}](main:@293) -> float_type, {1, 2048, 7, 7}, {0, 1, 0, 0}
main:@296 = gpu::code_object[code_object=13632,symbol_name=add_relu_kernel,global=100352,local=1024,](main:@292,main:@295,main:@294) -> float_type, {1, 2048, 7, 7}, {100352, 49, 7, 1}
main:@297 = hip::hip_copy_literal[id=main:@literal:62] -> float_type, {512, 2048, 1, 1}, {2048, 1, 1, 1}
main:@298 = load[offset=802816,end=1304576](main:@1) -> int8_type, {501760}, {1}
main:@299 = load[offset=0,end=100352](main:@1) -> float_type, {1, 512, 7, 7}, {25088, 49, 7, 1}
main:@300 = gpu::convolution[op={padding={0, 0, 0, 0},stride={1, 1},dilation={1, 1},group=1,padding_mode=0},algo=5,int8_x4_format=0,solution_id=107](main:@296,main:@297,main:@298,main:@299) -> float_type, {1, 512, 7, 7}, {25088, 49, 7, 1}
main:@301 = hip::hip_copy_literal[id=main:@literal:91] -> float_type, {512, 1, 1}, {1, 1, 1}
main:@302 = hip::hip_copy_literal[id=main:@literal:92] -> float_type, {512, 512, 3, 3}, {4608, 9, 3, 1}
main:@303 = hip::hip_copy_literal[id=main:@literal:90] -> float_type, {512, 1, 1}, {1, 1, 1}
main:@304 = hip::hip_copy_literal[id=main:@literal:93] -> float_type, {2048, 512, 1, 1}, {512, 1, 1, 1}
main:@305 = load[offset=100352,end=200704](main:@1) -> float_type, {1, 512, 7, 7}, {25088, 49, 7, 1}
main:@306 = multibroadcast[out_lens={1, 512, 7, 7},out_dyn_dims={}](main:@303) -> float_type, {1, 512, 7, 7}, {0, 1, 0, 0}
main:@307 = gpu::code_object[code_object=13632,symbol_name=add_relu_kernel,global=25088,local=1024,](main:@300,main:@306,main:@305) -> float_type, {1, 512, 7, 7}, {25088, 49, 7, 1}
main:@308 = load[offset=0,end=100352](main:@1) -> float_type, {1, 512, 7, 7}, {25088, 49, 7, 1}
main:@309 = multibroadcast[out_lens={1, 512, 7, 7},out_dyn_dims={}](main:@301) -> float_type, {1, 512, 7, 7}, {0, 1, 0, 0}
main:@310 = gpu::miopen_fusion[ops={{op=convolution[padding={1, 1, 1, 1},stride={1, 1},dilation={1, 1},group=1,padding_mode=0],alpha=1,beta=0}, {op=add,alpha=1,beta=0}, {op=relu,alpha=1,beta=0}}](main:@307,main:@302,main:@309,main:@308) -> float_type, {1, 512, 7, 7}, {25088, 49, 7, 1}
main:@311 = load[offset=802816,end=1204224](main:@1) -> float_type, {1, 2048, 7, 7}, {100352, 49, 7, 1}
main:@312 = load[offset=0,end=0](main:@1) -> int8_type, {0}, {1}
main:@313 = gpu::convolution[op={padding={0, 0, 0, 0},stride={1, 1},dilation={1, 1},group=1,padding_mode=0},algo=5,int8_x4_format=0,solution_id=81](main:@310,main:@304,main:@312,main:@311) -> float_type, {1, 2048, 7, 7}, {100352, 49, 7, 1}
main:@314 = hip::hip_copy_literal[id=main:@literal:13] -> float_type, {2048, 1, 1}, {1, 1, 1}
main:@315 = load[offset=0,end=401408](main:@1) -> float_type, {1, 2048, 7, 7}, {100352, 49, 7, 1}
main:@316 = multibroadcast[out_lens={1, 2048, 7, 7},out_dyn_dims={}](main:@314) -> float_type, {1, 2048, 7, 7}, {0, 1, 0, 0}
main:@317 = gpu::code_object[code_object=13640,symbol_name=add_add_relu_kernel,global=100352,local=1024,](main:@313,main:@316,main:@296,main:@315) -> float_type, {1, 2048, 7, 7}, {100352, 49, 7, 1}
main:@318 = hip::hip_copy_literal[id=main:@literal:95] -> float_type, {512, 2048, 1, 1}, {2048, 1, 1, 1}
main:@319 = load[offset=501760,end=1003520](main:@1) -> int8_type, {501760}, {1}
main:@320 = load[offset=401408,end=501760](main:@1) -> float_type, {1, 512, 7, 7}, {25088, 49, 7, 1}
main:@321 = gpu::convolution[op={padding={0, 0, 0, 0},stride={1, 1},dilation={1, 1},group=1,padding_mode=0},algo=5,int8_x4_format=0,solution_id=107](main:@317,main:@318,main:@319,main:@320) -> float_type, {1, 512, 7, 7}, {25088, 49, 7, 1}
main:@322 = hip::hip_copy_literal[id=main:@literal:96] -> float_type, {512, 1, 1}, {1, 1, 1}
main:@323 = hip::hip_copy_literal[id=main:@literal:99] -> float_type, {2048, 512, 1, 1}, {512, 1, 1, 1}
main:@324 = hip::hip_copy_literal[id=main:@literal:94] -> float_type, {512, 1, 1}, {1, 1, 1}
main:@325 = hip::hip_copy_literal[id=main:@literal:97] -> float_type, {512, 512, 3, 3}, {4608, 9, 3, 1}
main:@326 = load[offset=501760,end=602112](main:@1) -> float_type, {1, 512, 7, 7}, {25088, 49, 7, 1}
main:@327 = multibroadcast[out_lens={1, 512, 7, 7},out_dyn_dims={}](main:@324) -> float_type, {1, 512, 7, 7}, {0, 1, 0, 0}
main:@328 = gpu::code_object[code_object=13632,symbol_name=add_relu_kernel,global=25088,local=1024,](main:@321,main:@327,main:@326) -> float_type, {1, 512, 7, 7}, {25088, 49, 7, 1}
main:@329 = load[offset=802816,end=903168](main:@1) -> float_type, {1, 512, 7, 7}, {25088, 49, 7, 1}
main:@330 = multibroadcast[out_lens={1, 512, 7, 7},out_dyn_dims={}](main:@322) -> float_type, {1, 512, 7, 7}, {0, 1, 0, 0}
main:@331 = gpu::miopen_fusion[ops={{op=convolution[padding={1, 1, 1, 1},stride={1, 1},dilation={1, 1},group=1,padding_mode=0],alpha=1,beta=0}, {op=add,alpha=1,beta=0}, {op=relu,alpha=1,beta=0}}](main:@328,main:@325,main:@330,main:@329) -> float_type, {1, 512, 7, 7}, {25088, 49, 7, 1}
main:@332 = load[offset=0,end=0](main:@1) -> int8_type, {0}, {1}
main:@333 = load[offset=401408,end=802816](main:@1) -> float_type, {1, 2048, 7, 7}, {100352, 49, 7, 1}
main:@334 = gpu::convolution[op={padding={0, 0, 0, 0},stride={1, 1},dilation={1, 1},group=1,padding_mode=0},algo=5,int8_x4_format=0,solution_id=81](main:@331,main:@323,main:@332,main:@333) -> float_type, {1, 2048, 7, 7}, {100352, 49, 7, 1}
main:@335 = hip::hip_copy_literal[id=main:@literal:98] -> float_type, {2048, 1, 1}, {1, 1, 1}
main:@336 = hip::hip_copy_literal[id=main:@literal:0] -> float_type, {1, 1000}, {1000, 1}
main:@337 = hip::hip_copy_literal[id=main:@literal:76] -> float_type, {2048, 1000}, {1000, 1}
main:@338 = load[offset=802816,end=1204224](main:@1) -> float_type, {1, 2048, 7, 7}, {100352, 49, 7, 1}
main:@339 = multibroadcast[out_lens={1, 2048, 7, 7},out_dyn_dims={}](main:@335) -> float_type, {1, 2048, 7, 7}, {0, 1, 0, 0}
main:@340 = gpu::code_object[code_object=13640,symbol_name=add_add_relu_kernel,global=100352,local=1024,](main:@334,main:@339,main:@317,main:@338) -> float_type, {1, 2048, 7, 7}, {100352, 49, 7, 1}
main:@341 = reshape[dims={2048, -1}](main:@340) -> float_type, {2048, 49}, {49, 1}
main:@342 = load[offset=0,end=8192](main:@1) -> float_type, {2048, 1}, {1, 1}
main:@343 = gpu::code_object[code_object=13632,symbol_name=reduce_kernel,global=131072,local=64,](main:@341,main:@342) -> float_type, {2048, 1}, {1, 1}
main:@344 = reshape[dims={1, 2048, 1, 1}](main:@343) -> float_type, {1, 2048, 1, 1}, {2048, 1, 1, 1}
main:@345 = flatten[axis=1](main:@344) -> float_type, {1, 2048}, {2048, 1}
main:#output_0 = @param:main:#output_0 -> float_type, {1, 1000}, {1000, 1}
main:@347 = gpu::gemm[alpha=1,beta=1,int8_x4_format=0,compute_fp32=1,trans_batch=0](main:@345,main:@337,main:@336,main:#output_0) -> float_type, {1, 1000}, {1000, 1}
main:@348 = @return(main:@347)


Allocating params ... 
Running performance report ... 
main:@0 = check_context::migraphx::version_1::gpu::context -> float_type, {}, {}: 0.00106418ms, 1%
main:@1 = hip::hip_allocate_memory[shape=float_type, {2408448}, {1},id=main:scratch] -> float_type, {2408448}, {1}: 0.00100816ms, 1%
main:@2 = hip::hip_copy_literal[id=main:@literal:52] -> float_type, {64, 3, 7, 7}, {147, 49, 7, 1}: 0.0008049ms, 1%
main:@3 = load[offset=0,end=0](main:@1) -> int8_type, {0}, {1}: 0.00075968ms, 1%
main:@4 = load[offset=0,end=3211264](main:@1) -> float_type, {1, 64, 112, 112}, {802816, 12544, 112, 1}: 0.00060496ms, 1%
input.1 = @param:input.1 -> float_type, {1, 3, 224, 224}, {150528, 50176, 224, 1}: 0.00056736ms, 1%
main:@6 = gpu::convolution[op={padding={3, 3, 3, 3},stride={2, 2},dilation={1, 1},group=1,padding_mode=0},algo=5,int8_x4_format=0,solution_id=81](input.1,main:@2,main:@3,main:@4) -> float_type, {1, 64, 112, 112}, {802816, 12544, 112, 1}: 0.0501441ms, 2%
main:@7 = hip::hip_copy_literal[id=main:@literal:22] -> float_type, {64, 1, 1}, {1, 1, 1}: 0.00091932ms, 1%
main:@8 = multibroadcast[out_lens={1, 64, 112, 112},out_dyn_dims={}](main:@7) -> float_type, {1, 64, 112, 112}, {0, 1, 0, 0}: 0.00114354ms, 1%
main:@9 = load[offset=3211264,end=6422528](main:@1) -> float_type, {1, 64, 112, 112}, {802816, 12544, 112, 1}: 0.00065266ms, 1%
main:@10 = gpu::code_object[code_object=13632,symbol_name=add_relu_kernel,global=401408,local=1024,](main:@6,main:@8,main:@9) -> float_type, {1, 64, 112, 112}, {802816, 12544, 112, 1}: 0.0279879ms, 1%
main:@11 = load[offset=0,end=802816](main:@1) -> float_type, {1, 64, 56, 56}, {200704, 3136, 56, 1}: 0.00078296ms, 1%
main:@12 = gpu::pooling[mode=max,padding={1, 1, 1, 1},stride={2, 2},lengths={3, 3},ceil_mode=0,lp_order=2,dyn_global=0](main:@10,main:@11) -> float_type, {1, 64, 56, 56}, {200704, 3136, 56, 1}: 0.0649594ms, 2%
main:@13 = hip::hip_copy_literal[id=main:@literal:41] -> float_type, {256, 128, 1, 1}, {128, 1, 1, 1}: 0.00090916ms, 1%
main:@14 = hip::hip_copy_literal[id=main:@literal:68] -> float_type, {64, 64, 1, 1}, {64, 1, 1, 1}: 0.0007401ms, 1%
main:@15 = hip::hip_copy_literal[id=main:@literal:60] -> float_type, {64, 1, 1}, {1, 1, 1}: 0.0005931ms, 1%
main:@16 = load[offset=802816,end=1605632](main:@1) -> float_type, {1, 64, 56, 56}, {200704, 3136, 56, 1}: 0.0006874ms, 1%
main:@17 = multibroadcast[out_lens={1, 64, 56, 56},out_dyn_dims={}](main:@15) -> float_type, {1, 64, 56, 56}, {0, 1, 0, 0}: 0.00412492ms, 1%
main:@18 = gpu::miopen_fusion[ops={{op=convolution[padding={0, 0, 0, 0},stride={1, 1},dilation={1, 1},group=1,padding_mode=0],alpha=1,beta=0}, {op=add,alpha=1,beta=0}, {op=relu,alpha=1,beta=0}}](main:@12,main:@14,main:@17,main:@16) -> float_type, {1, 64, 56, 56}, {200704, 3136, 56, 1}: 0.0321876ms, 1%
main:@19 = hip::hip_copy_literal[id=main:@literal:32] -> float_type, {64, 64, 3, 3}, {576, 9, 3, 1}: 0.00081546ms, 1%
main:@20 = hip::hip_copy_literal[id=main:@literal:65] -> float_type, {64, 1, 1}, {1, 1, 1}: 0.0005779ms, 1%
main:@21 = load[offset=2408448,end=3211264](main:@1) -> float_type, {1, 64, 56, 56}, {200704, 3136, 56, 1}: 0.00065688ms, 1%
main:@22 = multibroadcast[out_lens={1, 64, 56, 56},out_dyn_dims={}](main:@20) -> float_type, {1, 64, 56, 56}, {0, 1, 0, 0}: 0.00089984ms, 1%
main:@23 = gpu::miopen_fusion[ops={{op=convolution[padding={1, 1, 1, 1},stride={1, 1},dilation={1, 1},group=1,padding_mode=0],alpha=1,beta=0}, {op=add,alpha=1,beta=0}, {op=relu,alpha=1,beta=0}}](main:@18,main:@19,main:@22,main:@21) -> float_type, {1, 64, 56, 56}, {200704, 3136, 56, 1}: 0.0638494ms, 2%
main:@24 = load[offset=802816,end=2408448](main:@1) -> float_type, {1, 128, 56, 56}, {401408, 3136, 56, 1}: 0.0008227ms, 1%
main:@25 = gpu::code_object[code_object=13632,symbol_name=concat_kernel,global=100352,local=1024,](main:@23,main:@12,main:@24) -> float_type, {1, 128, 56, 56}, {401408, 3136, 56, 1}: 0.0221149ms, 1%
main:@26 = hip::hip_copy_literal[id=main:@literal:7] -> float_type, {256, 1, 1}, {1, 1, 1}: 0.00083888ms, 1%
main:@27 = multibroadcast[out_lens={1, 256, 56, 56},out_dyn_dims={}](main:@26) -> float_type, {1, 256, 56, 56}, {0, 1, 0, 0}: 0.00092948ms, 1%
main:@28 = load[offset=3211264,end=6422528](main:@1) -> float_type, {1, 256, 56, 56}, {802816, 3136, 56, 1}: 0.00065268ms, 1%
main:@29 = gpu::miopen_fusion[ops={{op=convolution[padding={0, 0, 0, 0},stride={1, 1},dilation={1, 1},group=1,padding_mode=0],alpha=1,beta=0}, {op=add,alpha=1,beta=0}, {op=relu,alpha=1,beta=0}}](main:@25,main:@13,main:@27,main:@28) -> float_type, {1, 256, 56, 56}, {802816, 3136, 56, 1}: 0.0484409ms, 2%
main:@30 = hip::hip_copy_literal[id=main:@literal:43] -> float_type, {64, 64, 3, 3}, {576, 9, 3, 1}: 0.00083184ms, 1%
main:@31 = hip::hip_copy_literal[id=main:@literal:49] -> float_type, {64, 1, 1}, {1, 1, 1}: 0.00061186ms, 1%
main:@32 = hip::hip_copy_literal[id=main:@literal:17] -> float_type, {256, 64, 1, 1}, {64, 1, 1, 1}: 0.00071144ms, 1%
main:@33 = hip::hip_copy_literal[id=main:@literal:40] -> float_type, {64, 256, 1, 1}, {256, 1, 1, 1}: 0.00058482ms, 1%
main:@34 = multibroadcast[out_lens={1, 64, 56, 56},out_dyn_dims={}](main:@31) -> float_type, {1, 64, 56, 56}, {0, 1, 0, 0}: 0.00107784ms, 1%
main:@35 = load[offset=0,end=802816](main:@1) -> float_type, {1, 64, 56, 56}, {200704, 3136, 56, 1}: 0.0013749ms, 1%
main:@36 = gpu::miopen_fusion[ops={{op=convolution[padding={0, 0, 0, 0},stride={1, 1},dilation={1, 1},group=1,padding_mode=0],alpha=1,beta=0}, {op=add,alpha=1,beta=0}, {op=relu,alpha=1,beta=0}}](main:@29,main:@33,main:@34,main:@35) -> float_type, {1, 64, 56, 56}, {200704, 3136, 56, 1}: 0.0362532ms, 1%
main:@37 = hip::hip_copy_literal[id=main:@literal:3] -> float_type, {64, 1, 1}, {1, 1, 1}: 0.00079308ms, 1%
main:@38 = multibroadcast[out_lens={1, 64, 56, 56},out_dyn_dims={}](main:@37) -> float_type, {1, 64, 56, 56}, {0, 1, 0, 0}: 0.00089706ms, 1%
main:@39 = load[offset=802816,end=1605632](main:@1) -> float_type, {1, 64, 56, 56}, {200704, 3136, 56, 1}: 0.00065592ms, 1%
main:@40 = gpu::miopen_fusion[ops={{op=convolution[padding={1, 1, 1, 1},stride={1, 1},dilation={1, 1},group=1,padding_mode=0],alpha=1,beta=0}, {op=add,alpha=1,beta=0}, {op=relu,alpha=1,beta=0}}](main:@36,main:@30,main:@38,main:@39) -> float_type, {1, 64, 56, 56}, {200704, 3136, 56, 1}: 0.0516069ms, 2%
main:@41 = load[offset=0,end=0](main:@1) -> int8_type, {0}, {1}: 0.00083952ms, 1%
main:@42 = load[offset=6422528,end=9633792](main:@1) -> float_type, {1, 256, 56, 56}, {802816, 3136, 56, 1}: 0.0006168ms, 1%
main:@43 = gpu::convolution[op={padding={0, 0, 0, 0},stride={1, 1},dilation={1, 1},group=1,padding_mode=0},algo=5,int8_x4_format=0,solution_id=64](main:@40,main:@32,main:@41,main:@42) -> float_type, {1, 256, 56, 56}, {802816, 3136, 56, 1}: 0.0404979ms, 2%
main:@44 = hip::hip_copy_literal[id=main:@literal:10] -> float_type, {256, 1, 1}, {1, 1, 1}: 0.00093618ms, 1%
main:@45 = load[offset=0,end=3211264](main:@1) -> float_type, {1, 256, 56, 56}, {802816, 3136, 56, 1}: 0.000664ms, 1%
main:@46 = multibroadcast[out_lens={1, 256, 56, 56},out_dyn_dims={}](main:@44) -> float_type, {1, 256, 56, 56}, {0, 1, 0, 0}: 0.00096914ms, 1%
main:@47 = gpu::code_object[code_object=13640,symbol_name=add_add_relu_kernel,global=401408,local=1024,](main:@43,main:@46,main:@29,main:@45) -> float_type, {1, 256, 56, 56}, {802816, 3136, 56, 1}: 0.0305783ms, 1%
main:@48 = hip::hip_copy_literal[id=main:@literal:63] -> float_type, {64, 1, 1}, {1, 1, 1}: 0.00083444ms, 1%
main:@49 = hip::hip_copy_literal[id=main:@literal:66] -> float_type, {64, 64, 3, 3}, {576, 9, 3, 1}: 0.00056172ms, 1%
main:@50 = hip::hip_copy_literal[id=main:@literal:46] -> float_type, {256, 64, 1, 1}, {64, 1, 1, 1}: 0.00081142ms, 1%
main:@51 = hip::hip_copy_literal[id=main:@literal:55] -> float_type, {64, 256, 1, 1}, {256, 1, 1, 1}: 0.00063582ms, 1%
main:@52 = multibroadcast[out_lens={1, 64, 56, 56},out_dyn_dims={}](main:@48) -> float_type, {1, 64, 56, 56}, {0, 1, 0, 0}: 0.00092678ms, 1%
main:@53 = load[offset=4014080,end=4816896](main:@1) -> float_type, {1, 64, 56, 56}, {200704, 3136, 56, 1}: 0.00159592ms, 1%
main:@54 = gpu::miopen_fusion[ops={{op=convolution[padding={0, 0, 0, 0},stride={1, 1},dilation={1, 1},group=1,padding_mode=0],alpha=1,beta=0}, {op=add,alpha=1,beta=0}, {op=relu,alpha=1,beta=0}}](main:@47,main:@51,main:@52,main:@53) -> float_type, {1, 64, 56, 56}, {200704, 3136, 56, 1}: 0.0363951ms, 1%
main:@55 = hip::hip_copy_literal[id=main:@literal:67] -> float_type, {64, 1, 1}, {1, 1, 1}: 0.0008156ms, 1%
main:@56 = load[offset=3211264,end=4014080](main:@1) -> float_type, {1, 64, 56, 56}, {200704, 3136, 56, 1}: 0.00066496ms, 1%
main:@57 = multibroadcast[out_lens={1, 64, 56, 56},out_dyn_dims={}](main:@55) -> float_type, {1, 64, 56, 56}, {0, 1, 0, 0}: 0.00090622ms, 1%
main:@58 = gpu::miopen_fusion[ops={{op=convolution[padding={1, 1, 1, 1},stride={1, 1},dilation={1, 1},group=1,padding_mode=0],alpha=1,beta=0}, {op=add,alpha=1,beta=0}, {op=relu,alpha=1,beta=0}}](main:@54,main:@49,main:@57,main:@56) -> float_type, {1, 64, 56, 56}, {200704, 3136, 56, 1}: 0.0516093ms, 2%
main:@59 = load[offset=0,end=0](main:@1) -> int8_type, {0}, {1}: 0.0008439ms, 1%
main:@60 = load[offset=6422528,end=9633792](main:@1) -> float_type, {1, 256, 56, 56}, {802816, 3136, 56, 1}: 0.00063148ms, 1%
main:@61 = gpu::convolution[op={padding={0, 0, 0, 0},stride={1, 1},dilation={1, 1},group=1,padding_mode=0},algo=5,int8_x4_format=0,solution_id=64](main:@58,main:@50,main:@59,main:@60) -> float_type, {1, 256, 56, 56}, {802816, 3136, 56, 1}: 0.0387514ms, 1%
main:@62 = hip::hip_copy_literal[id=main:@literal:69] -> float_type, {256, 1, 1}, {1, 1, 1}: 0.00088266ms, 1%
main:@63 = multibroadcast[out_lens={1, 256, 56, 56},out_dyn_dims={}](main:@62) -> float_type, {1, 256, 56, 56}, {0, 1, 0, 0}: 0.00098332ms, 1%
main:@64 = load[offset=3211264,end=6422528](main:@1) -> float_type, {1, 256, 56, 56}, {802816, 3136, 56, 1}: 0.00065344ms, 1%
main:@65 = gpu::code_object[code_object=13640,symbol_name=add_add_relu_kernel,global=401408,local=1024,](main:@61,main:@63,main:@47,main:@64) -> float_type, {1, 256, 56, 56}, {802816, 3136, 56, 1}: 0.0314329ms, 1%
main:@66 = hip::hip_copy_literal[id=main:@literal:42] -> float_type, {128, 128, 3, 3}, {1152, 9, 3, 1}: 0.00084974ms, 1%
main:@67 = hip::hip_copy_literal[id=main:@literal:70] -> float_type, {128, 256, 1, 1}, {256, 1, 1, 1}: 0.00058558ms, 1%
main:@68 = hip::hip_copy_literal[id=main:@literal:72] -> float_type, {128, 1, 1}, {1, 1, 1}: 0.0006834ms, 1%
main:@69 = load[offset=0,end=1605632](main:@1) -> float_type, {1, 128, 56, 56}, {401408, 3136, 56, 1}: 0.00063712ms, 1%
main:@70 = multibroadcast[out_lens={1, 128, 56, 56},out_dyn_dims={}](main:@68) -> float_type, {1, 128, 56, 56}, {0, 1, 0, 0}: 0.00087874ms, 1%
main:@71 = gpu::miopen_fusion[ops={{op=convolution[padding={0, 0, 0, 0},stride={1, 1},dilation={1, 1},group=1,padding_mode=0],alpha=1,beta=0}, {op=add,alpha=1,beta=0}, {op=relu,alpha=1,beta=0}}](main:@65,main:@67,main:@70,main:@69) -> float_type, {1, 128, 56, 56}, {401408, 3136, 56, 1}: 0.0468742ms, 2%
main:@72 = load[offset=0,end=0](main:@1) -> int8_type, {0}, {1}: 0.0008405ms, 1%
main:@73 = load[offset=1605632,end=2007040](main:@1) -> float_type, {1, 128, 28, 28}, {100352, 784, 28, 1}: 0.00062792ms, 1%
main:@74 = gpu::convolution[op={padding={1, 1, 1, 1},stride={2, 2},dilation={1, 1},group=1,padding_mode=0},algo=5,int8_x4_format=0,solution_id=64](main:@71,main:@66,main:@72,main:@73) -> float_type, {1, 128, 28, 28}, {100352, 784, 28, 1}: 0.0635567ms, 2%
main:@75 = hip::hip_copy_literal[id=main:@literal:39] -> float_type, {128, 1, 1}, {1, 1, 1}: 0.00091ms, 1%
main:@76 = multibroadcast[out_lens={1, 128, 28, 28},out_dyn_dims={}](main:@75) -> float_type, {1, 128, 28, 28}, {0, 1, 0, 0}: 0.0009746ms, 1%
main:@77 = load[offset=1204224,end=1605632](main:@1) -> float_type, {1, 128, 28, 28}, {100352, 784, 28, 1}: 0.00065262ms, 1%
main:@78 = gpu::code_object[code_object=13632,symbol_name=add_relu_kernel,global=50176,local=1024,](main:@74,main:@76,main:@77) -> float_type, {1, 128, 28, 28}, {100352, 784, 28, 1}: 0.0218049ms, 1%
main:@79 = step[axes={2, 3},steps={2, 2}](main:@65) -> float_type, {1, 256, 28, 28}, {802816, 3136, 112, 2}: 0.0013509ms, 1%
main:@80 = load[offset=0,end=1204224](main:@1) -> float_type, {1, 384, 28, 28}, {301056, 784, 28, 1}: 0.00064942ms, 1%
main:@81 = gpu::code_object[code_object=13632,symbol_name=concat_kernel,global=150528,local=1024,](main:@78,main:@79,main:@80) -> float_type, {1, 384, 28, 28}, {301056, 784, 28, 1}: 0.02384ms, 1%
main:@82 = hip::hip_copy_literal[id=main:@literal:15] -> float_type, {512, 384, 1, 1}, {384, 1, 1, 1}: 0.00086614ms, 1%
main:@83 = hip::hip_copy_literal[id=main:@literal:74] -> float_type, {512, 1, 1}, {1, 1, 1}: 0.00070016ms, 1%
main:@84 = load[offset=1605632,end=3211264](main:@1) -> float_type, {1, 512, 28, 28}, {401408, 784, 28, 1}: 0.00063562ms, 1%
main:@85 = multibroadcast[out_lens={1, 512, 28, 28},out_dyn_dims={}](main:@83) -> float_type, {1, 512, 28, 28}, {0, 1, 0, 0}: 0.00088568ms, 1%
main:@86 = gpu::miopen_fusion[ops={{op=convolution[padding={0, 0, 0, 0},stride={1, 1},dilation={1, 1},group=1,padding_mode=0],alpha=1,beta=0}, {op=add,alpha=1,beta=0}, {op=relu,alpha=1,beta=0}}](main:@81,main:@82,main:@85,main:@84) -> float_type, {1, 512, 28, 28}, {401408, 784, 28, 1}: 0.0612245ms, 2%
main:@87 = hip::hip_copy_literal[id=main:@literal:35] -> float_type, {128, 1, 1}, {1, 1, 1}: 0.00079374ms, 1%
main:@88 = hip::hip_copy_literal[id=main:@literal:38] -> float_type, {128, 1, 1}, {1, 1, 1}: 0.00059154ms, 1%
main:@89 = hip::hip_copy_literal[id=main:@literal:54] -> float_type, {128, 512, 1, 1}, {512, 1, 1, 1}: 0.00074044ms, 1%
main:@90 = load[offset=0,end=401408](main:@1) -> float_type, {1, 128, 28, 28}, {100352, 784, 28, 1}: 0.00066276ms, 1%
main:@91 = multibroadcast[out_lens={1, 128, 28, 28},out_dyn_dims={}](main:@87) -> float_type, {1, 128, 28, 28}, {0, 1, 0, 0}: 0.00273974ms, 1%
main:@92 = gpu::miopen_fusion[ops={{op=convolution[padding={0, 0, 0, 0},stride={1, 1},dilation={1, 1},group=1,padding_mode=0],alpha=1,beta=0}, {op=add,alpha=1,beta=0}, {op=relu,alpha=1,beta=0}}](main:@86,main:@89,main:@91,main:@90) -> float_type, {1, 128, 28, 28}, {100352, 784, 28, 1}: 0.0420362ms, 2%
main:@93 = hip::hip_copy_literal[id=main:@literal:31] -> float_type, {128, 128, 3, 3}, {1152, 9, 3, 1}: 0.0007923ms, 1%
main:@94 = multibroadcast[out_lens={1, 128, 28, 28},out_dyn_dims={}](main:@88) -> float_type, {1, 128, 28, 28}, {0, 1, 0, 0}: 0.00086762ms, 1%
main:@95 = load[offset=401408,end=802816](main:@1) -> float_type, {1, 128, 28, 28}, {100352, 784, 28, 1}: 0.00066908ms, 1%
main:@96 = gpu::miopen_fusion[ops={{op=convolution[padding={1, 1, 1, 1},stride={1, 1},dilation={1, 1},group=1,padding_mode=0],alpha=1,beta=0}, {op=add,alpha=1,beta=0}, {op=relu,alpha=1,beta=0}}](main:@92,main:@93,main:@94,main:@95) -> float_type, {1, 128, 28, 28}, {100352, 784, 28, 1}: 0.0698886ms, 2%
main:@97 = hip::hip_copy_literal[id=main:@literal:30] -> float_type, {512, 128, 1, 1}, {128, 1, 1, 1}: 0.00085704ms, 1%
main:@98 = load[offset=3211264,end=4816896](main:@1) -> float_type, {1, 512, 28, 28}, {401408, 784, 28, 1}: 0.00066292ms, 1%
main:@99 = load[offset=0,end=0](main:@1) -> int8_type, {0}, {1}: 0.00060338ms, 1%
main:@100 = gpu::convolution[op={padding={0, 0, 0, 0},stride={1, 1},dilation={1, 1},group=1,padding_mode=0},algo=5,int8_x4_format=0,solution_id=64](main:@96,main:@97,main:@99,main:@98) -> float_type, {1, 512, 28, 28}, {401408, 784, 28, 1}: 0.0388772ms, 1%
main:@101 = hip::hip_copy_literal[id=main:@literal:58] -> float_type, {512, 1, 1}, {1, 1, 1}: 0.00090488ms, 1%
main:@102 = load[offset=0,end=1605632](main:@1) -> float_type, {1, 512, 28, 28}, {401408, 784, 28, 1}: 0.00067424ms, 1%
main:@103 = multibroadcast[out_lens={1, 512, 28, 28},out_dyn_dims={}](main:@101) -> float_type, {1, 512, 28, 28}, {0, 1, 0, 0}: 0.00095148ms, 1%
main:@104 = gpu::code_object[code_object=13640,symbol_name=add_add_relu_kernel,global=200704,local=1024,](main:@100,main:@103,main:@86,main:@102) -> float_type, {1, 512, 28, 28}, {401408, 784, 28, 1}: 0.0262922ms, 1%
main:@105 = hip::hip_copy_literal[id=main:@literal:45] -> float_type, {128, 512, 1, 1}, {512, 1, 1, 1}: 0.0007788ms, 1%
main:@106 = hip::hip_copy_literal[id=main:@literal:14] -> float_type, {128, 128, 3, 3}, {1152, 9, 3, 1}: 0.0005911ms, 1%
main:@107 = hip::hip_copy_literal[id=main:@literal:29] -> float_type, {128, 1, 1}, {1, 1, 1}: 0.00070256ms, 1%
main:@108 = load[offset=2007040,end=2408448](main:@1) -> float_type, {1, 128, 28, 28}, {100352, 784, 28, 1}: 0.00064608ms, 1%
main:@109 = multibroadcast[out_lens={1, 128, 28, 28},out_dyn_dims={}](main:@107) -> float_type, {1, 128, 28, 28}, {0, 1, 0, 0}: 0.00082884ms, 1%
main:@110 = gpu::miopen_fusion[ops={{op=convolution[padding={0, 0, 0, 0},stride={1, 1},dilation={1, 1},group=1,padding_mode=0],alpha=1,beta=0}, {op=add,alpha=1,beta=0}, {op=relu,alpha=1,beta=0}}](main:@104,main:@105,main:@109,main:@108) -> float_type, {1, 128, 28, 28}, {100352, 784, 28, 1}: 0.0427691ms, 2%
main:@111 = hip::hip_copy_literal[id=main:@literal:26] -> float_type, {128, 1, 1}, {1, 1, 1}: 0.00082758ms, 1%
main:@112 = load[offset=1605632,end=2007040](main:@1) -> float_type, {1, 128, 28, 28}, {100352, 784, 28, 1}: 0.00065144ms, 1%
main:@113 = multibroadcast[out_lens={1, 128, 28, 28},out_dyn_dims={}](main:@111) -> float_type, {1, 128, 28, 28}, {0, 1, 0, 0}: 0.00089946ms, 1%
main:@114 = gpu::miopen_fusion[ops={{op=convolution[padding={1, 1, 1, 1},stride={1, 1},dilation={1, 1},group=1,padding_mode=0],alpha=1,beta=0}, {op=add,alpha=1,beta=0}, {op=relu,alpha=1,beta=0}}](main:@110,main:@106,main:@113,main:@112) -> float_type, {1, 128, 28, 28}, {100352, 784, 28, 1}: 0.0639359ms, 2%
main:@115 = hip::hip_copy_literal[id=main:@literal:25] -> float_type, {512, 128, 1, 1}, {128, 1, 1, 1}: 0.0008288ms, 1%
main:@116 = load[offset=3211264,end=4816896](main:@1) -> float_type, {1, 512, 28, 28}, {401408, 784, 28, 1}: 0.00064382ms, 1%
main:@117 = load[offset=0,end=0](main:@1) -> int8_type, {0}, {1}: 0.00060248ms, 1%
main:@118 = gpu::convolution[op={padding={0, 0, 0, 0},stride={1, 1},dilation={1, 1},group=1,padding_mode=0},algo=5,int8_x4_format=0,solution_id=64](main:@114,main:@115,main:@117,main:@116) -> float_type, {1, 512, 28, 28}, {401408, 784, 28, 1}: 0.0372893ms, 1%
main:@119 = hip::hip_copy_literal[id=main:@literal:24] -> float_type, {512, 1, 1}, {1, 1, 1}: 0.00086828ms, 1%
main:@120 = multibroadcast[out_lens={1, 512, 28, 28},out_dyn_dims={}](main:@119) -> float_type, {1, 512, 28, 28}, {0, 1, 0, 0}: 0.00096046ms, 1%
main:@121 = load[offset=1605632,end=3211264](main:@1) -> float_type, {1, 512, 28, 28}, {401408, 784, 28, 1}: 0.00068116ms, 1%
main:@122 = gpu::code_object[code_object=13640,symbol_name=add_add_relu_kernel,global=200704,local=1024,](main:@118,main:@120,main:@104,main:@121) -> float_type, {1, 512, 28, 28}, {401408, 784, 28, 1}: 0.0259935ms, 1%
main:@123 = hip::hip_copy_literal[id=main:@literal:23] -> float_type, {128, 512, 1, 1}, {512, 1, 1, 1}: 0.00076788ms, 1%
main:@124 = hip::hip_copy_literal[id=main:@literal:21] -> float_type, {128, 1, 1}, {1, 1, 1}: 0.00058818ms, 1%
main:@125 = load[offset=0,end=401408](main:@1) -> float_type, {1, 128, 28, 28}, {100352, 784, 28, 1}: 0.00062486ms, 1%
main:@126 = multibroadcast[out_lens={1, 128, 28, 28},out_dyn_dims={}](main:@124) -> float_type, {1, 128, 28, 28}, {0, 1, 0, 0}: 0.00087744ms, 1%
main:@127 = gpu::miopen_fusion[ops={{op=convolution[padding={0, 0, 0, 0},stride={1, 1},dilation={1, 1},group=1,padding_mode=0],alpha=1,beta=0}, {op=add,alpha=1,beta=0}, {op=relu,alpha=1,beta=0}}](main:@122,main:@123,main:@126,main:@125) -> float_type, {1, 128, 28, 28}, {100352, 784, 28, 1}: 0.0446232ms, 2%
main:@128 = hip::hip_copy_literal[id=main:@literal:73] -> float_type, {128, 1, 1}, {1, 1, 1}: 0.00077946ms, 1%
main:@129 = hip::hip_copy_literal[id=main:@literal:20] -> float_type, {128, 128, 3, 3}, {1152, 9, 3, 1}: 0.00059696ms, 1%
main:@130 = load[offset=401408,end=802816](main:@1) -> float_type, {1, 128, 28, 28}, {100352, 784, 28, 1}: 0.00065358ms, 1%
main:@131 = multibroadcast[out_lens={1, 128, 28, 28},out_dyn_dims={}](main:@128) -> float_type, {1, 128, 28, 28}, {0, 1, 0, 0}: 0.00087746ms, 1%
main:@132 = gpu::miopen_fusion[ops={{op=convolution[padding={1, 1, 1, 1},stride={1, 1},dilation={1, 1},group=1,padding_mode=0],alpha=1,beta=0}, {op=add,alpha=1,beta=0}, {op=relu,alpha=1,beta=0}}](main:@127,main:@129,main:@131,main:@130) -> float_type, {1, 128, 28, 28}, {100352, 784, 28, 1}: 0.0637627ms, 2%
main:@133 = hip::hip_copy_literal[id=main:@literal:71] -> float_type, {512, 128, 1, 1}, {128, 1, 1, 1}: 0.00083024ms, 1%
main:@134 = load[offset=3211264,end=4816896](main:@1) -> float_type, {1, 512, 28, 28}, {401408, 784, 28, 1}: 0.00066918ms, 1%
main:@135 = load[offset=0,end=0](main:@1) -> int8_type, {0}, {1}: 0.00058834ms, 1%
main:@136 = gpu::convolution[op={padding={0, 0, 0, 0},stride={1, 1},dilation={1, 1},group=1,padding_mode=0},algo=5,int8_x4_format=0,solution_id=64](main:@132,main:@133,main:@135,main:@134) -> float_type, {1, 512, 28, 28}, {401408, 784, 28, 1}: 0.0370912ms, 1%
main:@137 = hip::hip_copy_literal[id=main:@literal:47] -> float_type, {512, 1, 1}, {1, 1, 1}: 0.00087198ms, 1%
main:@138 = load[offset=0,end=1605632](main:@1) -> float_type, {1, 512, 28, 28}, {401408, 784, 28, 1}: 0.00067994ms, 1%
main:@139 = multibroadcast[out_lens={1, 512, 28, 28},out_dyn_dims={}](main:@137) -> float_type, {1, 512, 28, 28}, {0, 1, 0, 0}: 0.00095346ms, 1%
main:@140 = gpu::code_object[code_object=13640,symbol_name=add_add_relu_kernel,global=200704,local=1024,](main:@136,main:@139,main:@122,main:@138) -> float_type, {1, 512, 28, 28}, {401408, 784, 28, 1}: 0.026151ms, 1%
main:@141 = hip::hip_copy_literal[id=main:@literal:19] -> float_type, {256, 1, 1}, {1, 1, 1}: 0.00074608ms, 1%
main:@142 = hip::hip_copy_literal[id=main:@literal:18] -> float_type, {256, 256, 3, 3}, {2304, 9, 3, 1}: 0.0005943ms, 1%
main:@143 = hip::hip_copy_literal[id=main:@literal:61] -> float_type, {256, 512, 1, 1}, {512, 1, 1, 1}: 0.00069458ms, 1%
main:@144 = load[offset=1605632,end=2408448](main:@1) -> float_type, {1, 256, 28, 28}, {200704, 784, 28, 1}: 0.00064476ms, 1%
main:@145 = multibroadcast[out_lens={1, 256, 28, 28},out_dyn_dims={}](main:@141) -> float_type, {1, 256, 28, 28}, {0, 1, 0, 0}: 0.00084008ms, 1%
main:@146 = gpu::miopen_fusion[ops={{op=convolution[padding={0, 0, 0, 0},stride={1, 1},dilation={1, 1},group=1,padding_mode=0],alpha=1,beta=0}, {op=add,alpha=1,beta=0}, {op=relu,alpha=1,beta=0}}](main:@140,main:@143,main:@145,main:@144) -> float_type, {1, 256, 28, 28}, {200704, 784, 28, 1}: 0.0540806ms, 2%
main:@147 = load[offset=0,end=0](main:@1) -> int8_type, {0}, {1}: 0.00083986ms, 1%
main:@148 = load[offset=2408448,end=2609152](main:@1) -> float_type, {1, 256, 14, 14}, {50176, 196, 14, 1}: 0.00062226ms, 1%
main:@149 = gpu::convolution[op={padding={1, 1, 1, 1},stride={2, 2},dilation={1, 1},group=1,padding_mode=0},algo=5,int8_x4_format=0,solution_id=81](main:@146,main:@142,main:@147,main:@148) -> float_type, {1, 256, 14, 14}, {50176, 196, 14, 1}: 0.0992334ms, 3%
main:@150 = hip::hip_copy_literal[id=main:@literal:16] -> float_type, {256, 1, 1}, {1, 1, 1}: 0.00088164ms, 1%
main:@151 = multibroadcast[out_lens={1, 256, 14, 14},out_dyn_dims={}](main:@150) -> float_type, {1, 256, 14, 14}, {0, 1, 0, 0}: 0.00096254ms, 1%
main:@152 = load[offset=2207744,end=2408448](main:@1) -> float_type, {1, 256, 14, 14}, {50176, 196, 14, 1}: 0.0006645ms, 1%
main:@153 = gpu::code_object[code_object=13632,symbol_name=add_relu_kernel,global=25088,local=1024,](main:@149,main:@151,main:@152) -> float_type, {1, 256, 14, 14}, {50176, 196, 14, 1}: 0.021436ms, 1%
main:@154 = hip::hip_copy_literal[id=main:@literal:12] -> float_type, {1024, 768, 1, 1}, {768, 1, 1, 1}: 0.00077726ms, 1%
main:@155 = load[offset=1605632,end=2207744](main:@1) -> float_type, {1, 768, 14, 14}, {150528, 196, 14, 1}: 0.0006388ms, 1%
main:@156 = step[axes={2, 3},steps={2, 2}](main:@140) -> float_type, {1, 512, 14, 14}, {401408, 784, 56, 2}: 0.001166ms, 1%
main:@157 = gpu::code_object[code_object=13632,symbol_name=concat_kernel,global=75264,local=1024,](main:@153,main:@156,main:@155) -> float_type, {1, 768, 14, 14}, {150528, 196, 14, 1}: 0.0228158ms, 1%
main:@158 = load[offset=0,end=0](main:@1) -> int8_type, {0}, {1}: 0.00079638ms, 1%
main:@159 = load[offset=802816,end=1605632](main:@1) -> float_type, {1, 1024, 14, 14}, {200704, 196, 14, 1}: 0.00061836ms, 1%
main:@160 = gpu::convolution[op={padding={0, 0, 0, 0},stride={1, 1},dilation={1, 1},group=1,padding_mode=0},algo=5,int8_x4_format=0,solution_id=81](main:@157,main:@154,main:@158,main:@159) -> float_type, {1, 1024, 14, 14}, {200704, 196, 14, 1}: 0.061758ms, 2%
main:@161 = hip::hip_copy_literal[id=main:@literal:11] -> float_type, {1024, 1, 1}, {1, 1, 1}: 0.00087196ms, 1%
main:@162 = hip::hip_copy_literal[id=main:@literal:44] -> float_type, {1024, 1, 1}, {1, 1, 1}: 0.00059606ms, 1%
main:@163 = hip::hip_copy_literal[id=main:@literal:50] -> float_type, {1024, 1, 1}, {1, 1, 1}: 0.00071688ms, 1%
main:@164 = hip::hip_copy_literal[id=main:@literal:1] -> float_type, {1024, 1, 1}, {1, 1, 1}: 0.00069608ms, 1%
main:@165 = load[offset=0,end=802816](main:@1) -> float_type, {1, 1024, 14, 14}, {200704, 196, 14, 1}: 0.00066556ms, 1%
main:@166 = multibroadcast[out_lens={1, 1024, 14, 14},out_dyn_dims={}](main:@161) -> float_type, {1, 1024, 14, 14}, {0, 1, 0, 0}: 0.00248004ms, 1%
main:@167 = gpu::code_object[code_object=13632,symbol_name=add_relu_kernel,global=100352,local=1024,](main:@160,main:@166,main:@165) -> float_type, {1, 1024, 14, 14}, {200704, 196, 14, 1}: 0.0220524ms, 1%
main:@168 = hip::hip_copy_literal[id=main:@literal:9] -> float_type, {256, 1024, 1, 1}, {1024, 1, 1, 1}: 0.0007542ms, 1%
main:@169 = load[offset=802816,end=1003520](main:@1) -> float_type, {1, 256, 14, 14}, {50176, 196, 14, 1}: 0.00062846ms, 1%
main:@170 = load[offset=0,end=0](main:@1) -> int8_type, {0}, {1}: 0.0005797ms, 1%
main:@171 = gpu::convolution[op={padding={0, 0, 0, 0},stride={1, 1},dilation={1, 1},group=1,padding_mode=0},algo=5,int8_x4_format=0,solution_id=81](main:@167,main:@168,main:@170,main:@169) -> float_type, {1, 256, 14, 14}, {50176, 196, 14, 1}: 0.0541279ms, 2%
main:@172 = hip::hip_copy_literal[id=main:@literal:36] -> float_type, {256, 1, 1}, {1, 1, 1}: 0.0008427ms, 1%
main:@173 = hip::hip_copy_literal[id=main:@literal:59] -> float_type, {256, 256, 3, 3}, {2304, 9, 3, 1}: 0.0005961ms, 1%
main:@174 = hip::hip_copy_literal[id=main:@literal:8] -> float_type, {256, 1, 1}, {1, 1, 1}: 0.00056638ms, 1%
main:@175 = hip::hip_copy_literal[id=main:@literal:6] -> float_type, {1024, 256, 1, 1}, {256, 1, 1, 1}: 0.00057404ms, 1%
main:@176 = load[offset=1003520,end=1204224](main:@1) -> float_type, {1, 256, 14, 14}, {50176, 196, 14, 1}: 0.00086542ms, 1%
main:@177 = multibroadcast[out_lens={1, 256, 14, 14},out_dyn_dims={}](main:@172) -> float_type, {1, 256, 14, 14}, {0, 1, 0, 0}: 0.00281922ms, 1%
main:@178 = gpu::code_object[code_object=13632,symbol_name=add_relu_kernel,global=25088,local=1024,](main:@171,main:@177,main:@176) -> float_type, {1, 256, 14, 14}, {50176, 196, 14, 1}: 0.0210146ms, 1%
main:@179 = load[offset=802816,end=1003520](main:@1) -> float_type, {1, 256, 14, 14}, {50176, 196, 14, 1}: 0.0007741ms, 1%
main:@180 = multibroadcast[out_lens={1, 256, 14, 14},out_dyn_dims={}](main:@174) -> float_type, {1, 256, 14, 14}, {0, 1, 0, 0}: 0.00084334ms, 1%
main:@181 = gpu::miopen_fusion[ops={{op=convolution[padding={1, 1, 1, 1},stride={1, 1},dilation={1, 1},group=1,padding_mode=0],alpha=1,beta=0}, {op=add,alpha=1,beta=0}, {op=relu,alpha=1,beta=0}}](main:@178,main:@173,main:@180,main:@179) -> float_type, {1, 256, 14, 14}, {50176, 196, 14, 1}: 0.0950622ms, 3%
main:@182 = load[offset=1605632,end=2408448](main:@1) -> float_type, {1, 1024, 14, 14}, {200704, 196, 14, 1}: 0.0008307ms, 1%
main:@183 = load[offset=0,end=0](main:@1) -> int8_type, {0}, {1}: 0.00060318ms, 1%
main:@184 = gpu::convolution[op={padding={0, 0, 0, 0},stride={1, 1},dilation={1, 1},group=1,padding_mode=0},algo=5,int8_x4_format=0,solution_id=81](main:@181,main:@175,main:@183,main:@182) -> float_type, {1, 1024, 14, 14}, {200704, 196, 14, 1}: 0.0421821ms, 2%
main:@185 = multibroadcast[out_lens={1, 1024, 14, 14},out_dyn_dims={}](main:@162) -> float_type, {1, 1024, 14, 14}, {0, 1, 0, 0}: 0.00113652ms, 1%
main:@186 = load[offset=802816,end=1605632](main:@1) -> float_type, {1, 1024, 14, 14}, {200704, 196, 14, 1}: 0.0006658ms, 1%
main:@187 = gpu::code_object[code_object=13640,symbol_name=add_add_relu_kernel,global=100352,local=1024,](main:@184,main:@185,main:@167,main:@186) -> float_type, {1, 1024, 14, 14}, {200704, 196, 14, 1}: 0.0237216ms, 1%
main:@188 = hip::hip_copy_literal[id=main:@literal:27] -> float_type, {256, 1024, 1, 1}, {1024, 1, 1, 1}: 0.00087866ms, 1%
main:@189 = load[offset=0,end=200704](main:@1) -> float_type, {1, 256, 14, 14}, {50176, 196, 14, 1}: 0.00063384ms, 1%
main:@190 = load[offset=0,end=0](main:@1) -> int8_type, {0}, {1}: 0.0005918ms, 1%
main:@191 = gpu::convolution[op={padding={0, 0, 0, 0},stride={1, 1},dilation={1, 1},group=1,padding_mode=0},algo=5,int8_x4_format=0,solution_id=81](main:@187,main:@188,main:@190,main:@189) -> float_type, {1, 256, 14, 14}, {50176, 196, 14, 1}: 0.0519869ms, 2%
main:@192 = hip::hip_copy_literal[id=main:@literal:4] -> float_type, {256, 256, 3, 3}, {2304, 9, 3, 1}: 0.00084296ms, 1%
main:@193 = hip::hip_copy_literal[id=main:@literal:75] -> float_type, {1024, 256, 1, 1}, {256, 1, 1, 1}: 0.00057532ms, 1%
main:@194 = hip::hip_copy_literal[id=main:@literal:2] -> float_type, {256, 1, 1}, {1, 1, 1}: 0.0005967ms, 1%
main:@195 = hip::hip_copy_literal[id=main:@literal:5] -> float_type, {256, 1, 1}, {1, 1, 1}: 0.00058898ms, 1%
main:@196 = load[offset=200704,end=401408](main:@1) -> float_type, {1, 256, 14, 14}, {50176, 196, 14, 1}: 0.00088046ms, 1%
main:@197 = multibroadcast[out_lens={1, 256, 14, 14},out_dyn_dims={}](main:@195) -> float_type, {1, 256, 14, 14}, {0, 1, 0, 0}: 0.00373998ms, 1%
main:@198 = gpu::code_object[code_object=13632,symbol_name=add_relu_kernel,global=25088,local=1024,](main:@191,main:@197,main:@196) -> float_type, {1, 256, 14, 14}, {50176, 196, 14, 1}: 0.0210422ms, 1%
main:@199 = load[offset=0,end=200704](main:@1) -> float_type, {1, 256, 14, 14}, {50176, 196, 14, 1}: 0.00078812ms, 1%
main:@200 = multibroadcast[out_lens={1, 256, 14, 14},out_dyn_dims={}](main:@194) -> float_type, {1, 256, 14, 14}, {0, 1, 0, 0}: 0.00081526ms, 1%
main:@201 = gpu::miopen_fusion[ops={{op=convolution[padding={1, 1, 1, 1},stride={1, 1},dilation={1, 1},group=1,padding_mode=0],alpha=1,beta=0}, {op=add,alpha=1,beta=0}, {op=relu,alpha=1,beta=0}}](main:@198,main:@192,main:@200,main:@199) -> float_type, {1, 256, 14, 14}, {50176, 196, 14, 1}: 0.0911902ms, 3%
main:@202 = load[offset=0,end=0](main:@1) -> int8_type, {0}, {1}: 0.0008456ms, 1%
main:@203 = load[offset=1605632,end=2408448](main:@1) -> float_type, {1, 1024, 14, 14}, {200704, 196, 14, 1}: 0.00063736ms, 1%
main:@204 = gpu::convolution[op={padding={0, 0, 0, 0},stride={1, 1},dilation={1, 1},group=1,padding_mode=0},algo=5,int8_x4_format=0,solution_id=81](main:@201,main:@193,main:@202,main:@203) -> float_type, {1, 1024, 14, 14}, {200704, 196, 14, 1}: 0.0411492ms, 2%
main:@205 = load[offset=0,end=802816](main:@1) -> float_type, {1, 1024, 14, 14}, {200704, 196, 14, 1}: 0.00080512ms, 1%
main:@206 = multibroadcast[out_lens={1, 1024, 14, 14},out_dyn_dims={}](main:@164) -> float_type, {1, 1024, 14, 14}, {0, 1, 0, 0}: 0.00097616ms, 1%
main:@207 = gpu::code_object[code_object=13640,symbol_name=add_add_relu_kernel,global=100352,local=1024,](main:@204,main:@206,main:@187,main:@205) -> float_type, {1, 1024, 14, 14}, {200704, 196, 14, 1}: 0.0234482ms, 1%
main:@208 = hip::hip_copy_literal[id=main:@literal:77] -> float_type, {256, 1024, 1, 1}, {1024, 1, 1, 1}: 0.00089652ms, 1%
main:@209 = load[offset=802816,end=1003520](main:@1) -> float_type, {1, 256, 14, 14}, {50176, 196, 14, 1}: 0.00063818ms, 1%
main:@210 = load[offset=0,end=0](main:@1) -> int8_type, {0}, {1}: 0.00058784ms, 1%
main:@211 = gpu::convolution[op={padding={0, 0, 0, 0},stride={1, 1},dilation={1, 1},group=1,padding_mode=0},algo=5,int8_x4_format=0,solution_id=81](main:@207,main:@208,main:@210,main:@209) -> float_type, {1, 256, 14, 14}, {50176, 196, 14, 1}: 0.0518473ms, 2%
main:@212 = hip::hip_copy_literal[id=main:@literal:48] -> float_type, {256, 256, 3, 3}, {2304, 9, 3, 1}: 0.00086624ms, 1%
main:@213 = hip::hip_copy_literal[id=main:@literal:57] -> float_type, {256, 1, 1}, {1, 1, 1}: 0.00061422ms, 1%
main:@214 = hip::hip_copy_literal[id=main:@literal:78] -> float_type, {1024, 256, 1, 1}, {256, 1, 1, 1}: 0.00073042ms, 1%
main:@215 = hip::hip_copy_literal[id=main:@literal:64] -> float_type, {256, 1, 1}, {1, 1, 1}: 0.00059958ms, 1%
main:@216 = load[offset=1003520,end=1204224](main:@1) -> float_type, {1, 256, 14, 14}, {50176, 196, 14, 1}: 0.00067914ms, 1%
main:@217 = multibroadcast[out_lens={1, 256, 14, 14},out_dyn_dims={}](main:@215) -> float_type, {1, 256, 14, 14}, {0, 1, 0, 0}: 0.0029999ms, 1%
main:@218 = gpu::code_object[code_object=13632,symbol_name=add_relu_kernel,global=25088,local=1024,](main:@211,main:@217,main:@216) -> float_type, {1, 256, 14, 14}, {50176, 196, 14, 1}: 0.0208187ms, 1%
main:@219 = load[offset=802816,end=1003520](main:@1) -> float_type, {1, 256, 14, 14}, {50176, 196, 14, 1}: 0.00076268ms, 1%
main:@220 = multibroadcast[out_lens={1, 256, 14, 14},out_dyn_dims={}](main:@213) -> float_type, {1, 256, 14, 14}, {0, 1, 0, 0}: 0.00078696ms, 1%
main:@221 = gpu::miopen_fusion[ops={{op=convolution[padding={1, 1, 1, 1},stride={1, 1},dilation={1, 1},group=1,padding_mode=0],alpha=1,beta=0}, {op=add,alpha=1,beta=0}, {op=relu,alpha=1,beta=0}}](main:@218,main:@212,main:@220,main:@219) -> float_type, {1, 256, 14, 14}, {50176, 196, 14, 1}: 0.0903255ms, 3%
main:@222 = load[offset=0,end=0](main:@1) -> int8_type, {0}, {1}: 0.00082672ms, 1%
main:@223 = load[offset=1605632,end=2408448](main:@1) -> float_type, {1, 1024, 14, 14}, {200704, 196, 14, 1}: 0.00060906ms, 1%
main:@224 = gpu::convolution[op={padding={0, 0, 0, 0},stride={1, 1},dilation={1, 1},group=1,padding_mode=0},algo=5,int8_x4_format=0,solution_id=81](main:@221,main:@214,main:@222,main:@223) -> float_type, {1, 1024, 14, 14}, {200704, 196, 14, 1}: 0.0410852ms, 2%
main:@225 = load[offset=802816,end=1605632](main:@1) -> float_type, {1, 1024, 14, 14}, {200704, 196, 14, 1}: 0.00079966ms, 1%
main:@226 = multibroadcast[out_lens={1, 1024, 14, 14},out_dyn_dims={}](main:@163) -> float_type, {1, 1024, 14, 14}, {0, 1, 0, 0}: 0.00096192ms, 1%
main:@227 = gpu::code_object[code_object=13640,symbol_name=add_add_relu_kernel,global=100352,local=1024,](main:@224,main:@226,main:@207,main:@225) -> float_type, {1, 1024, 14, 14}, {200704, 196, 14, 1}: 0.0235998ms, 1%
main:@228 = hip::hip_copy_literal[id=main:@literal:80] -> float_type, {256, 1024, 1, 1}, {1024, 1, 1, 1}: 0.0008622ms, 1%
main:@229 = load[offset=0,end=0](main:@1) -> int8_type, {0}, {1}: 0.00064844ms, 1%
main:@230 = load[offset=0,end=200704](main:@1) -> float_type, {1, 256, 14, 14}, {50176, 196, 14, 1}: 0.00060028ms, 1%
main:@231 = gpu::convolution[op={padding={0, 0, 0, 0},stride={1, 1},dilation={1, 1},group=1,padding_mode=0},algo=5,int8_x4_format=0,solution_id=81](main:@227,main:@228,main:@229,main:@230) -> float_type, {1, 256, 14, 14}, {50176, 196, 14, 1}: 0.051724ms, 2%
main:@232 = hip::hip_copy_literal[id=main:@literal:82] -> float_type, {256, 256, 3, 3}, {2304, 9, 3, 1}: 0.00084754ms, 1%
main:@233 = hip::hip_copy_literal[id=main:@literal:81] -> float_type, {256, 1, 1}, {1, 1, 1}: 0.00059062ms, 1%
main:@234 = hip::hip_copy_literal[id=main:@literal:33] -> float_type, {1024, 256, 1, 1}, {256, 1, 1, 1}: 0.00075628ms, 1%
main:@235 = hip::hip_copy_literal[id=main:@literal:79] -> float_type, {256, 1, 1}, {1, 1, 1}: 0.00060816ms, 1%
main:@236 = load[offset=200704,end=401408](main:@1) -> float_type, {1, 256, 14, 14}, {50176, 196, 14, 1}: 0.0006592ms, 1%
main:@237 = multibroadcast[out_lens={1, 256, 14, 14},out_dyn_dims={}](main:@235) -> float_type, {1, 256, 14, 14}, {0, 1, 0, 0}: 0.00289048ms, 1%
main:@238 = gpu::code_object[code_object=13632,symbol_name=add_relu_kernel,global=25088,local=1024,](main:@231,main:@237,main:@236) -> float_type, {1, 256, 14, 14}, {50176, 196, 14, 1}: 0.0207127ms, 1%
main:@239 = load[offset=0,end=200704](main:@1) -> float_type, {1, 256, 14, 14}, {50176, 196, 14, 1}: 0.00077466ms, 1%
main:@240 = multibroadcast[out_lens={1, 256, 14, 14},out_dyn_dims={}](main:@233) -> float_type, {1, 256, 14, 14}, {0, 1, 0, 0}: 0.00078486ms, 1%
main:@241 = gpu::miopen_fusion[ops={{op=convolution[padding={1, 1, 1, 1},stride={1, 1},dilation={1, 1},group=1,padding_mode=0],alpha=1,beta=0}, {op=add,alpha=1,beta=0}, {op=relu,alpha=1,beta=0}}](main:@238,main:@232,main:@240,main:@239) -> float_type, {1, 256, 14, 14}, {50176, 196, 14, 1}: 0.0901302ms, 3%
main:@242 = load[offset=1605632,end=2408448](main:@1) -> float_type, {1, 1024, 14, 14}, {200704, 196, 14, 1}: 0.00082882ms, 1%
main:@243 = load[offset=0,end=0](main:@1) -> int8_type, {0}, {1}: 0.00060674ms, 1%
main:@244 = gpu::convolution[op={padding={0, 0, 0, 0},stride={1, 1},dilation={1, 1},group=1,padding_mode=0},algo=5,int8_x4_format=0,solution_id=81](main:@241,main:@234,main:@243,main:@242) -> float_type, {1, 1024, 14, 14}, {200704, 196, 14, 1}: 0.0410709ms, 2%
main:@245 = hip::hip_copy_literal[id=main:@literal:83] -> float_type, {1024, 1, 1}, {1, 1, 1}: 0.00093572ms, 1%
main:@246 = load[offset=0,end=802816](main:@1) -> float_type, {1, 1024, 14, 14}, {200704, 196, 14, 1}: 0.00067006ms, 1%
main:@247 = multibroadcast[out_lens={1, 1024, 14, 14},out_dyn_dims={}](main:@245) -> float_type, {1, 1024, 14, 14}, {0, 1, 0, 0}: 0.00098032ms, 1%
main:@248 = gpu::code_object[code_object=13640,symbol_name=add_add_relu_kernel,global=100352,local=1024,](main:@244,main:@247,main:@227,main:@246) -> float_type, {1, 1024, 14, 14}, {200704, 196, 14, 1}: 0.0233583ms, 1%
main:@249 = hip::hip_copy_literal[id=main:@literal:86] -> float_type, {256, 1024, 1, 1}, {1024, 1, 1, 1}: 0.00079324ms, 1%
main:@250 = load[offset=0,end=0](main:@1) -> int8_type, {0}, {1}: 0.00063996ms, 1%
main:@251 = load[offset=802816,end=1003520](main:@1) -> float_type, {1, 256, 14, 14}, {50176, 196, 14, 1}: 0.0006171ms, 1%
main:@252 = gpu::convolution[op={padding={0, 0, 0, 0},stride={1, 1},dilation={1, 1},group=1,padding_mode=0},algo=5,int8_x4_format=0,solution_id=81](main:@248,main:@249,main:@250,main:@251) -> float_type, {1, 256, 14, 14}, {50176, 196, 14, 1}: 0.0515139ms, 2%
main:@253 = hip::hip_copy_literal[id=main:@literal:87] -> float_type, {256, 256, 3, 3}, {2304, 9, 3, 1}: 0.00083186ms, 1%
main:@254 = hip::hip_copy_literal[id=main:@literal:56] -> float_type, {1024, 256, 1, 1}, {256, 1, 1, 1}: 0.0005982ms, 1%
main:@255 = hip::hip_copy_literal[id=main:@literal:84] -> float_type, {256, 1, 1}, {1, 1, 1}: 0.00072906ms, 1%
main:@256 = hip::hip_copy_literal[id=main:@literal:37] -> float_type, {256, 1, 1}, {1, 1, 1}: 0.00059532ms, 1%
main:@257 = load[offset=1003520,end=1204224](main:@1) -> float_type, {1, 256, 14, 14}, {50176, 196, 14, 1}: 0.00066434ms, 1%
main:@258 = multibroadcast[out_lens={1, 256, 14, 14},out_dyn_dims={}](main:@255) -> float_type, {1, 256, 14, 14}, {0, 1, 0, 0}: 0.00369608ms, 1%
main:@259 = gpu::code_object[code_object=13632,symbol_name=add_relu_kernel,global=25088,local=1024,](main:@252,main:@258,main:@257) -> float_type, {1, 256, 14, 14}, {50176, 196, 14, 1}: 0.0208061ms, 1%
main:@260 = multibroadcast[out_lens={1, 256, 14, 14},out_dyn_dims={}](main:@256) -> float_type, {1, 256, 14, 14}, {0, 1, 0, 0}: 0.00092158ms, 1%
main:@261 = load[offset=802816,end=1003520](main:@1) -> float_type, {1, 256, 14, 14}, {50176, 196, 14, 1}: 0.0006366ms, 1%
main:@262 = gpu::miopen_fusion[ops={{op=convolution[padding={1, 1, 1, 1},stride={1, 1},dilation={1, 1},group=1,padding_mode=0],alpha=1,beta=0}, {op=add,alpha=1,beta=0}, {op=relu,alpha=1,beta=0}}](main:@259,main:@253,main:@260,main:@261) -> float_type, {1, 256, 14, 14}, {50176, 196, 14, 1}: 0.0902251ms, 3%
main:@263 = load[offset=0,end=0](main:@1) -> int8_type, {0}, {1}: 0.00083234ms, 1%
main:@264 = load[offset=1605632,end=2408448](main:@1) -> float_type, {1, 1024, 14, 14}, {200704, 196, 14, 1}: 0.00064288ms, 1%
main:@265 = gpu::convolution[op={padding={0, 0, 0, 0},stride={1, 1},dilation={1, 1},group=1,padding_mode=0},algo=5,int8_x4_format=0,solution_id=81](main:@262,main:@254,main:@263,main:@264) -> float_type, {1, 1024, 14, 14}, {200704, 196, 14, 1}: 0.0410226ms, 2%
main:@266 = hip::hip_copy_literal[id=main:@literal:88] -> float_type, {1024, 1, 1}, {1, 1, 1}: 0.00088168ms, 1%
main:@267 = load[offset=802816,end=1605632](main:@1) -> float_type, {1, 1024, 14, 14}, {200704, 196, 14, 1}: 0.00066028ms, 1%
main:@268 = multibroadcast[out_lens={1, 1024, 14, 14},out_dyn_dims={}](main:@266) -> float_type, {1, 1024, 14, 14}, {0, 1, 0, 0}: 0.00096012ms, 1%
main:@269 = gpu::code_object[code_object=13640,symbol_name=add_add_relu_kernel,global=100352,local=1024,](main:@265,main:@268,main:@248,main:@267) -> float_type, {1, 1024, 14, 14}, {200704, 196, 14, 1}: 0.0233826ms, 1%
main:@270 = hip::hip_copy_literal[id=main:@literal:85] -> float_type, {512, 1024, 1, 1}, {1024, 1, 1, 1}: 0.0007762ms, 1%
main:@271 = load[offset=0,end=401408](main:@1) -> float_type, {1, 512, 14, 14}, {100352, 196, 14, 1}: 0.00064244ms, 1%
main:@272 = load[offset=0,end=0](main:@1) -> int8_type, {0}, {1}: 0.0005976ms, 1%
main:@273 = gpu::convolution[op={padding={0, 0, 0, 0},stride={1, 1},dilation={1, 1},group=1,padding_mode=0},algo=5,int8_x4_format=0,solution_id=81](main:@269,main:@270,main:@272,main:@271) -> float_type, {1, 512, 14, 14}, {100352, 196, 14, 1}: 0.0588547ms, 2%
main:@274 = hip::hip_copy_literal[id=main:@literal:89] -> float_type, {512, 512, 3, 3}, {4608, 9, 3, 1}: 0.00082974ms, 1%
main:@275 = hip::hip_copy_literal[id=main:@literal:28] -> float_type, {512, 1, 1}, {1, 1, 1}: 0.00058782ms, 1%
main:@276 = load[offset=401408,end=802816](main:@1) -> float_type, {1, 512, 14, 14}, {100352, 196, 14, 1}: 0.00066994ms, 1%
main:@277 = multibroadcast[out_lens={1, 512, 14, 14},out_dyn_dims={}](main:@275) -> float_type, {1, 512, 14, 14}, {0, 1, 0, 0}: 0.00095104ms, 1%
main:@278 = gpu::code_object[code_object=13632,symbol_name=add_relu_kernel,global=50176,local=1024,](main:@273,main:@277,main:@276) -> float_type, {1, 512, 14, 14}, {100352, 196, 14, 1}: 0.0215458ms, 1%
main:@279 = load[offset=0,end=100352](main:@1) -> float_type, {1, 512, 7, 7}, {25088, 49, 7, 1}: 0.00077234ms, 1%
main:@280 = load[offset=1605632,end=2508800](main:@1) -> int8_type, {903168}, {1}: 0.00059292ms, 1%
main:@281 = gpu::convolution[op={padding={1, 1, 1, 1},stride={2, 2},dilation={1, 1},group=1,padding_mode=0},algo=0,int8_x4_format=0,solution_id=91](main:@278,main:@274,main:@280,main:@279) -> float_type, {1, 512, 7, 7}, {25088, 49, 7, 1}: 0.0909802ms, 3%
main:@282 = hip::hip_copy_literal[id=main:@literal:53] -> float_type, {512, 1, 1}, {1, 1, 1}: 0.00103292ms, 1%
main:@283 = hip::hip_copy_literal[id=main:@literal:34] -> float_type, {2048, 1536, 1, 1}, {1536, 1, 1, 1}: 0.00060596ms, 1%
main:@284 = load[offset=100352,end=200704](main:@1) -> float_type, {1, 512, 7, 7}, {25088, 49, 7, 1}: 0.00075784ms, 1%
main:@285 = multibroadcast[out_lens={1, 512, 7, 7},out_dyn_dims={}](main:@282) -> float_type, {1, 512, 7, 7}, {0, 1, 0, 0}: 0.00358306ms, 1%
main:@286 = gpu::code_object[code_object=13632,symbol_name=add_relu_kernel,global=25088,local=1024,](main:@281,main:@285,main:@284) -> float_type, {1, 512, 7, 7}, {25088, 49, 7, 1}: 0.0210138ms, 1%
main:@287 = load[offset=401408,end=702464](main:@1) -> float_type, {1, 1536, 7, 7}, {75264, 49, 7, 1}: 0.00078534ms, 1%
main:@288 = step[axes={2, 3},steps={2, 2}](main:@269) -> float_type, {1, 1024, 7, 7}, {200704, 196, 28, 2}: 0.00120228ms, 1%
main:@289 = gpu::code_object[code_object=13632,symbol_name=concat_kernel,global=37632,local=1024,](main:@286,main:@288,main:@287) -> float_type, {1, 1536, 7, 7}, {75264, 49, 7, 1}: 0.0220281ms, 1%
main:@290 = load[offset=0,end=401408](main:@1) -> float_type, {1, 2048, 7, 7}, {100352, 49, 7, 1}: 0.00079058ms, 1%
main:@291 = load[offset=0,end=0](main:@1) -> int8_type, {0}, {1}: 0.00060332ms, 1%
main:@292 = gpu::convolution[op={padding={0, 0, 0, 0},stride={1, 1},dilation={1, 1},group=1,padding_mode=0},algo=5,int8_x4_format=0,solution_id=81](main:@289,main:@283,main:@291,main:@290) -> float_type, {1, 2048, 7, 7}, {100352, 49, 7, 1}: 0.0777971ms, 2%
main:@293 = hip::hip_copy_literal[id=main:@literal:51] -> float_type, {2048, 1, 1}, {1, 1, 1}: 0.00089224ms, 1%
main:@294 = load[offset=401408,end=802816](main:@1) -> float_type, {1, 2048, 7, 7}, {100352, 49, 7, 1}: 0.00068602ms, 1%
main:@295 = multibroadcast[out_lens={1, 2048, 7, 7},out_dyn_dims={}](main:@293) -> float_type, {1, 2048, 7, 7}, {0, 1, 0, 0}: 0.00099454ms, 1%
main:@296 = gpu::code_object[code_object=13632,symbol_name=add_relu_kernel,global=100352,local=1024,](main:@292,main:@295,main:@294) -> float_type, {1, 2048, 7, 7}, {100352, 49, 7, 1}: 0.0216769ms, 1%
main:@297 = hip::hip_copy_literal[id=main:@literal:62] -> float_type, {512, 2048, 1, 1}, {2048, 1, 1, 1}: 0.00077114ms, 1%
main:@298 = load[offset=802816,end=1304576](main:@1) -> int8_type, {501760}, {1}: 0.00064968ms, 1%
main:@299 = load[offset=0,end=100352](main:@1) -> float_type, {1, 512, 7, 7}, {25088, 49, 7, 1}: 0.00060504ms, 1%
main:@300 = gpu::convolution[op={padding={0, 0, 0, 0},stride={1, 1},dilation={1, 1},group=1,padding_mode=0},algo=5,int8_x4_format=0,solution_id=107](main:@296,main:@297,main:@298,main:@299) -> float_type, {1, 512, 7, 7}, {25088, 49, 7, 1}: 0.0603883ms, 2%
main:@301 = hip::hip_copy_literal[id=main:@literal:91] -> float_type, {512, 1, 1}, {1, 1, 1}: 0.00088236ms, 1%
main:@302 = hip::hip_copy_literal[id=main:@literal:92] -> float_type, {512, 512, 3, 3}, {4608, 9, 3, 1}: 0.00060672ms, 1%
main:@303 = hip::hip_copy_literal[id=main:@literal:90] -> float_type, {512, 1, 1}, {1, 1, 1}: 0.00080854ms, 1%
main:@304 = hip::hip_copy_literal[id=main:@literal:93] -> float_type, {2048, 512, 1, 1}, {512, 1, 1, 1}: 0.00059562ms, 1%
main:@305 = load[offset=100352,end=200704](main:@1) -> float_type, {1, 512, 7, 7}, {25088, 49, 7, 1}: 0.00322194ms, 1%
main:@306 = multibroadcast[out_lens={1, 512, 7, 7},out_dyn_dims={}](main:@303) -> float_type, {1, 512, 7, 7}, {0, 1, 0, 0}: 0.00100902ms, 1%
main:@307 = gpu::code_object[code_object=13632,symbol_name=add_relu_kernel,global=25088,local=1024,](main:@300,main:@306,main:@305) -> float_type, {1, 512, 7, 7}, {25088, 49, 7, 1}: 0.0204352ms, 1%
main:@308 = load[offset=0,end=100352](main:@1) -> float_type, {1, 512, 7, 7}, {25088, 49, 7, 1}: 0.00079814ms, 1%
main:@309 = multibroadcast[out_lens={1, 512, 7, 7},out_dyn_dims={}](main:@301) -> float_type, {1, 512, 7, 7}, {0, 1, 0, 0}: 0.00082386ms, 1%
main:@310 = gpu::miopen_fusion[ops={{op=convolution[padding={1, 1, 1, 1},stride={1, 1},dilation={1, 1},group=1,padding_mode=0],alpha=1,beta=0}, {op=add,alpha=1,beta=0}, {op=relu,alpha=1,beta=0}}](main:@307,main:@302,main:@309,main:@308) -> float_type, {1, 512, 7, 7}, {25088, 49, 7, 1}: 0.147231ms, 4%
main:@311 = load[offset=802816,end=1204224](main:@1) -> float_type, {1, 2048, 7, 7}, {100352, 49, 7, 1}: 0.00084022ms, 1%
main:@312 = load[offset=0,end=0](main:@1) -> int8_type, {0}, {1}: 0.00062554ms, 1%
main:@313 = gpu::convolution[op={padding={0, 0, 0, 0},stride={1, 1},dilation={1, 1},group=1,padding_mode=0},algo=5,int8_x4_format=0,solution_id=81](main:@310,main:@304,main:@312,main:@311) -> float_type, {1, 2048, 7, 7}, {100352, 49, 7, 1}: 0.0482218ms, 2%
main:@314 = hip::hip_copy_literal[id=main:@literal:13] -> float_type, {2048, 1, 1}, {1, 1, 1}: 0.00094286ms, 1%
main:@315 = load[offset=0,end=401408](main:@1) -> float_type, {1, 2048, 7, 7}, {100352, 49, 7, 1}: 0.00067452ms, 1%
main:@316 = multibroadcast[out_lens={1, 2048, 7, 7},out_dyn_dims={}](main:@314) -> float_type, {1, 2048, 7, 7}, {0, 1, 0, 0}: 0.00100694ms, 1%
main:@317 = gpu::code_object[code_object=13640,symbol_name=add_add_relu_kernel,global=100352,local=1024,](main:@313,main:@316,main:@296,main:@315) -> float_type, {1, 2048, 7, 7}, {100352, 49, 7, 1}: 0.0226423ms, 1%
main:@318 = hip::hip_copy_literal[id=main:@literal:95] -> float_type, {512, 2048, 1, 1}, {2048, 1, 1, 1}: 0.0007522ms, 1%
main:@319 = load[offset=501760,end=1003520](main:@1) -> int8_type, {501760}, {1}: 0.00063374ms, 1%
main:@320 = load[offset=401408,end=501760](main:@1) -> float_type, {1, 512, 7, 7}, {25088, 49, 7, 1}: 0.00060422ms, 1%
main:@321 = gpu::convolution[op={padding={0, 0, 0, 0},stride={1, 1},dilation={1, 1},group=1,padding_mode=0},algo=5,int8_x4_format=0,solution_id=107](main:@317,main:@318,main:@319,main:@320) -> float_type, {1, 512, 7, 7}, {25088, 49, 7, 1}: 0.0544623ms, 2%
main:@322 = hip::hip_copy_literal[id=main:@literal:96] -> float_type, {512, 1, 1}, {1, 1, 1}: 0.0008303ms, 1%
main:@323 = hip::hip_copy_literal[id=main:@literal:99] -> float_type, {2048, 512, 1, 1}, {512, 1, 1, 1}: 0.000601ms, 1%
main:@324 = hip::hip_copy_literal[id=main:@literal:94] -> float_type, {512, 1, 1}, {1, 1, 1}: 0.00069556ms, 1%
main:@325 = hip::hip_copy_literal[id=main:@literal:97] -> float_type, {512, 512, 3, 3}, {4608, 9, 3, 1}: 0.0005583ms, 1%
main:@326 = load[offset=501760,end=602112](main:@1) -> float_type, {1, 512, 7, 7}, {25088, 49, 7, 1}: 0.00345778ms, 1%
main:@327 = multibroadcast[out_lens={1, 512, 7, 7},out_dyn_dims={}](main:@324) -> float_type, {1, 512, 7, 7}, {0, 1, 0, 0}: 0.00099232ms, 1%
main:@328 = gpu::code_object[code_object=13632,symbol_name=add_relu_kernel,global=25088,local=1024,](main:@321,main:@327,main:@326) -> float_type, {1, 512, 7, 7}, {25088, 49, 7, 1}: 0.0203963ms, 1%
main:@329 = load[offset=802816,end=903168](main:@1) -> float_type, {1, 512, 7, 7}, {25088, 49, 7, 1}: 0.0007846ms, 1%
main:@330 = multibroadcast[out_lens={1, 512, 7, 7},out_dyn_dims={}](main:@322) -> float_type, {1, 512, 7, 7}, {0, 1, 0, 0}: 0.00080442ms, 1%
main:@331 = gpu::miopen_fusion[ops={{op=convolution[padding={1, 1, 1, 1},stride={1, 1},dilation={1, 1},group=1,padding_mode=0],alpha=1,beta=0}, {op=add,alpha=1,beta=0}, {op=relu,alpha=1,beta=0}}](main:@328,main:@325,main:@330,main:@329) -> float_type, {1, 512, 7, 7}, {25088, 49, 7, 1}: 0.144568ms, 4%
main:@332 = load[offset=0,end=0](main:@1) -> int8_type, {0}, {1}: 0.00084944ms, 1%
main:@333 = load[offset=401408,end=802816](main:@1) -> float_type, {1, 2048, 7, 7}, {100352, 49, 7, 1}: 0.0006163ms, 1%
main:@334 = gpu::convolution[op={padding={0, 0, 0, 0},stride={1, 1},dilation={1, 1},group=1,padding_mode=0},algo=5,int8_x4_format=0,solution_id=81](main:@331,main:@323,main:@332,main:@333) -> float_type, {1, 2048, 7, 7}, {100352, 49, 7, 1}: 0.045751ms, 2%
main:@335 = hip::hip_copy_literal[id=main:@literal:98] -> float_type, {2048, 1, 1}, {1, 1, 1}: 0.00089564ms, 1%
main:@336 = hip::hip_copy_literal[id=main:@literal:0] -> float_type, {1, 1000}, {1000, 1}: 0.00065982ms, 1%
main:@337 = hip::hip_copy_literal[id=main:@literal:76] -> float_type, {2048, 1000}, {1000, 1}: 0.0007234ms, 1%
main:@338 = load[offset=802816,end=1204224](main:@1) -> float_type, {1, 2048, 7, 7}, {100352, 49, 7, 1}: 0.00065864ms, 1%
main:@339 = multibroadcast[out_lens={1, 2048, 7, 7},out_dyn_dims={}](main:@335) -> float_type, {1, 2048, 7, 7}, {0, 1, 0, 0}: 0.00311518ms, 1%
main:@340 = gpu::code_object[code_object=13640,symbol_name=add_add_relu_kernel,global=100352,local=1024,](main:@334,main:@339,main:@317,main:@338) -> float_type, {1, 2048, 7, 7}, {100352, 49, 7, 1}: 0.0221722ms, 1%
main:@341 = reshape[dims={2048, -1}](main:@340) -> float_type, {2048, 49}, {49, 1}: 0.00142126ms, 1%
main:@342 = load[offset=0,end=8192](main:@1) -> float_type, {2048, 1}, {1, 1}: 0.00063604ms, 1%
main:@343 = gpu::code_object[code_object=13632,symbol_name=reduce_kernel,global=131072,local=64,](main:@341,main:@342) -> float_type, {2048, 1}, {1, 1}: 0.0206288ms, 1%
main:@344 = reshape[dims={1, 2048, 1, 1}](main:@343) -> float_type, {1, 2048, 1, 1}, {2048, 1, 1, 1}: 0.0008937ms, 1%
main:@345 = flatten[axis=1](main:@344) -> float_type, {1, 2048}, {2048, 1}: 0.0010402ms, 1%
main:#output_0 = @param:main:#output_0 -> float_type, {1, 1000}, {1000, 1}: 0.00083094ms, 1%
main:@347 = gpu::gemm[alpha=1,beta=1,int8_x4_format=0,compute_fp32=1,trans_batch=0](main:@345,main:@337,main:@336,main:#output_0) -> float_type, {1, 1000}, {1000, 1}: 0.0595245ms, 2%
main:@348 = @return(main:@347)
Summary:
gpu::miopen_fusion: 1.55827ms / 23 = 0.0677509ms, 39%
gpu::convolution: 1.37136ms / 26 = 0.0527448ms, 35%
gpu::code_object::add_add_relu_kernel: 0.302773ms / 12 = 0.0252311ms, 8%
gpu::code_object::add_relu_kernel: 0.302743ms / 14 = 0.0216245ms, 8%
gpu::code_object::concat_kernel: 0.0907987ms / 4 = 0.0226997ms, 3%
load: 0.0804765ms / 107 = 0.000752117ms, 3%
hip::hip_copy_literal: 0.0746926ms / 100 = 0.000746926ms, 2%
multibroadcast: 0.0684289ms / 49 = 0.00139651ms, 2%
gpu::pooling: 0.0649594ms / 1 = 0.0649594ms, 2%
gpu::gemm: 0.0595245ms / 1 = 0.0595245ms, 2%
gpu::code_object::reduce_kernel: 0.0206288ms / 1 = 0.0206288ms, 1%
step: 0.00371918ms / 3 = 0.00123973ms, 1%
reshape: 0.00231496ms / 2 = 0.00115748ms, 1%
@param: 0.0013983ms / 2 = 0.00069915ms, 1%
check_context::migraphx::version_1::gpu::context: 0.00106418ms / 1 = 0.00106418ms, 1%
flatten: 0.0010402ms / 1 = 0.0010402ms, 1%
hip::hip_allocate_memory: 0.00100816ms / 1 = 0.00100816ms, 1%

Batch size: 1
Rate: 527.437/sec
Total time: 1.89596ms
Total instructions time: 4.00521ms
Overhead time: 0.0756722ms, -2.10924ms
Overhead: 4%, -111%
