Running [ MIGraphX Version: 2.10.0.9186c379f ]: /src/AMDMIGraphX/build/bin/driver perf --fp16 --gpu /new-saved-models/torchvision/resnet50i64.onnx
Compiling ... 
Reading: /new-saved-models/torchvision/resnet50i64.onnx
module: "main"
@0 = check_context::migraphx::gpu::context -> float_type, {}, {}, target_id=0
@1 = hip::hip_allocate_memory[shape=int8_type, {308281344}, {1},id=main:scratch] -> int8_type, {308281344}, {1}, target_id=0
input.1 = @param:input.1 -> float_type, {64, 3, 224, 224}, {150528, 50176, 224, 1}, target_id=0
@3 = load[offset=102760448,end=122028032](@1) -> half_type, {64, 3, 224, 224}, {150528, 50176, 224, 1}, target_id=0
@4 = gpu::code_object[code_object=5000,symbol_name=convert_kernel,global=2408448,local=1024,](input.1,@3) -> half_type, {64, 3, 224, 224}, {150528, 50176, 224, 1}, target_id=0
@5 = hip::hip_copy_literal[id=main:@literal:51] -> half_type, {64, 3, 7, 7}, {147, 49, 7, 1}, target_id=0
@6 = hip::hip_copy_literal[id=main:@literal:58] -> half_type, {64}, {1}, target_id=0
@7 = broadcast[axis=1,out_lens={64, 64, 112, 112}](@6) -> half_type, {64, 64, 112, 112}, {0, 1, 0, 0}, target_id=0
@8 = load[offset=0,end=102760448](@1) -> half_type, {64, 64, 112, 112}, {802816, 12544, 112, 1}, target_id=0
@9 = gpu::code_object[code_object=12048,symbol_name=mlir_convolution_add_relu,global=802816,local=256,](@7,@4,@5,@8) -> half_type, {64, 64, 112, 112}, {802816, 12544, 112, 1}, target_id=0
@10 = load[offset=199098368,end=224788480](@1) -> half_type, {64, 64, 56, 56}, {200704, 3136, 56, 1}, target_id=0
@11 = gpu::pooling[mode=max,padding={1, 1, 1, 1},padding_mode=0,stride={2, 2},lengths={3, 3},dilations={1, 1},ceil_mode=0,lp_order=2,dyn_global=0](@9,@10) -> half_type, {64, 64, 56, 56}, {200704, 3136, 56, 1}, target_id=0
@12 = hip::hip_copy_literal[id=main:@literal:56] -> half_type, {64, 64, 1, 1}, {64, 1, 1, 1}, target_id=0
@13 = hip::hip_copy_literal[id=main:@literal:47] -> half_type, {64}, {1}, target_id=0
@14 = load[offset=25690112,end=51380224](@1) -> half_type, {64, 64, 56, 56}, {200704, 3136, 56, 1}, target_id=0
@15 = broadcast[axis=1,out_lens={64, 64, 56, 56}](@13) -> half_type, {64, 64, 56, 56}, {0, 1, 0, 0}, target_id=0
@16 = gpu::code_object[code_object=7440,symbol_name=mlir_convolution_add_relu,global=401408,local=256,](@15,@11,@12,@14) -> half_type, {64, 64, 56, 56}, {200704, 3136, 56, 1}, target_id=0
@17 = hip::hip_copy_literal[id=main:@literal:42] -> half_type, {64, 64, 3, 3}, {576, 9, 3, 1}, target_id=0
@18 = load[offset=0,end=0](@1) -> int8_type, {0}, {1}, target_id=0
@19 = load[offset=0,end=25690112](@1) -> half_type, {64, 64, 56, 56}, {200704, 3136, 56, 1}, target_id=0
@20 = gpu::convolution[op={padding={1, 1, 1, 1},stride={1, 1},dilation={1, 1},group=1,padding_mode=0},solution_object={binary_object: 436},algo=0,solution_id=0](@16,@17,@18,@19) -> half_type, {64, 64, 56, 56}, {200704, 3136, 56, 1}, target_id=0
@21 = hip::hip_copy_literal[id=main:@literal:53] -> half_type, {256, 128, 1, 1}, {128, 1, 1, 1}, target_id=0
@22 = hip::hip_copy_literal[id=main:@literal:44] -> half_type, {64}, {1}, target_id=0
@23 = load[offset=51380224,end=102760448](@1) -> half_type, {64, 128, 56, 56}, {401408, 3136, 56, 1}, target_id=0
@24 = broadcast[axis=1,out_lens={64, 64, 56, 56}](@22) -> half_type, {64, 64, 56, 56}, {0, 1, 0, 0}, target_id=0
@25 = gpu::code_object[code_object=5552,symbol_name=add_relu_noop_concat_noop_kernel,global=1605632,local=1024,](@20,@24,@11,@23) -> half_type, {64, 128, 56, 56}, {401408, 3136, 56, 1}, target_id=0
@26 = hip::hip_copy_literal[id=main:@literal:54] -> half_type, {256}, {1}, target_id=0
@27 = load[offset=205520896,end=308281344](@1) -> half_type, {64, 256, 56, 56}, {802816, 3136, 56, 1}, target_id=0
@28 = broadcast[axis=1,out_lens={64, 256, 56, 56}](@26) -> half_type, {64, 256, 56, 56}, {0, 1, 0, 0}, target_id=0
@29 = gpu::code_object[code_object=6544,symbol_name=mlir_convolution_add_relu,global=3211264,local=256,](@28,@25,@21,@27) -> half_type, {64, 256, 56, 56}, {802816, 3136, 56, 1}, target_id=0
@30 = hip::hip_copy_literal[id=main:@literal:36] -> half_type, {64}, {1}, target_id=0
@31 = hip::hip_copy_literal[id=main:@literal:52] -> half_type, {64, 256, 1, 1}, {256, 1, 1, 1}, target_id=0
@32 = load[offset=51380224,end=77070336](@1) -> half_type, {64, 64, 56, 56}, {200704, 3136, 56, 1}, target_id=0
@33 = broadcast[axis=1,out_lens={64, 64, 56, 56}](@30) -> half_type, {64, 64, 56, 56}, {0, 1, 0, 0}, target_id=0
@34 = gpu::code_object[code_object=9040,symbol_name=mlir_convolution_add_relu,global=200704,local=128,](@33,@29,@31,@32) -> half_type, {64, 64, 56, 56}, {200704, 3136, 56, 1}, target_id=0
@35 = hip::hip_copy_literal[id=main:@literal:34] -> half_type, {64, 64, 3, 3}, {576, 9, 3, 1}, target_id=0
@36 = load[offset=0,end=0](@1) -> int8_type, {0}, {1}, target_id=0
@37 = load[offset=25690112,end=51380224](@1) -> half_type, {64, 64, 56, 56}, {200704, 3136, 56, 1}, target_id=0
@38 = gpu::convolution[op={padding={1, 1, 1, 1},stride={1, 1},dilation={1, 1},group=1,padding_mode=0},solution_object={binary_object: 436},algo=0,solution_id=0](@34,@35,@36,@37) -> half_type, {64, 64, 56, 56}, {200704, 3136, 56, 1}, target_id=0
@39 = hip::hip_copy_literal[id=main:@literal:55] -> half_type, {256}, {1}, target_id=0
@40 = hip::hip_copy_literal[id=main:@literal:50] -> half_type, {64}, {1}, target_id=0
@41 = load[offset=0,end=25690112](@1) -> half_type, {64, 64, 56, 56}, {200704, 3136, 56, 1}, target_id=0
@42 = broadcast[axis=1,out_lens={64, 64, 56, 56}](@40) -> half_type, {64, 64, 56, 56}, {0, 1, 0, 0}, target_id=0
@43 = gpu::code_object[code_object=5320,symbol_name=add_relu_kernel,global=1605632,local=1024,](@38,@42,@41) -> half_type, {64, 64, 56, 56}, {200704, 3136, 56, 1}, target_id=0
@44 = hip::hip_copy_literal[id=main:@literal:37] -> half_type, {256, 64, 1, 1}, {64, 1, 1, 1}, target_id=0
@45 = load[offset=102760448,end=205520896](@1) -> half_type, {64, 256, 56, 56}, {802816, 3136, 56, 1}, target_id=0
@46 = broadcast[axis=1,out_lens={64, 256, 56, 56}](@39) -> half_type, {64, 256, 56, 56}, {0, 1, 0, 0}, target_id=0
@47 = gpu::code_object[code_object=10200,symbol_name=mlir_convolution_add_add_relu,global=802816,local=256,](@46,@29,@43,@44,@45) -> half_type, {64, 256, 56, 56}, {802816, 3136, 56, 1}, target_id=0
@48 = hip::hip_copy_literal[id=main:@literal:65] -> half_type, {64}, {1}, target_id=0
@49 = hip::hip_copy_literal[id=main:@literal:59] -> half_type, {64, 256, 1, 1}, {256, 1, 1, 1}, target_id=0
@50 = load[offset=25690112,end=51380224](@1) -> half_type, {64, 64, 56, 56}, {200704, 3136, 56, 1}, target_id=0
@51 = broadcast[axis=1,out_lens={64, 64, 56, 56}](@48) -> half_type, {64, 64, 56, 56}, {0, 1, 0, 0}, target_id=0
@52 = gpu::code_object[code_object=9040,symbol_name=mlir_convolution_add_relu,global=200704,local=128,](@51,@47,@49,@50) -> half_type, {64, 64, 56, 56}, {200704, 3136, 56, 1}, target_id=0
@53 = hip::hip_copy_literal[id=main:@literal:66] -> half_type, {64, 64, 3, 3}, {576, 9, 3, 1}, target_id=0
@54 = load[offset=0,end=0](@1) -> int8_type, {0}, {1}, target_id=0
@55 = load[offset=0,end=25690112](@1) -> half_type, {64, 64, 56, 56}, {200704, 3136, 56, 1}, target_id=0
@56 = gpu::convolution[op={padding={1, 1, 1, 1},stride={1, 1},dilation={1, 1},group=1,padding_mode=0},solution_object={binary_object: 436},algo=0,solution_id=0](@52,@53,@54,@55) -> half_type, {64, 64, 56, 56}, {200704, 3136, 56, 1}, target_id=0
@57 = hip::hip_copy_literal[id=main:@literal:11] -> half_type, {64}, {1}, target_id=0
@58 = load[offset=205520896,end=231211008](@1) -> half_type, {64, 64, 56, 56}, {200704, 3136, 56, 1}, target_id=0
@59 = broadcast[axis=1,out_lens={64, 64, 56, 56}](@57) -> half_type, {64, 64, 56, 56}, {0, 1, 0, 0}, target_id=0
@60 = gpu::code_object[code_object=5320,symbol_name=add_relu_kernel,global=1605632,local=1024,](@56,@59,@58) -> half_type, {64, 64, 56, 56}, {200704, 3136, 56, 1}, target_id=0
@61 = hip::hip_copy_literal[id=main:@literal:27] -> half_type, {256}, {1}, target_id=0
@62 = hip::hip_copy_literal[id=main:@literal:45] -> half_type, {256, 64, 1, 1}, {64, 1, 1, 1}, target_id=0
@63 = load[offset=0,end=102760448](@1) -> half_type, {64, 256, 56, 56}, {802816, 3136, 56, 1}, target_id=0
@64 = broadcast[axis=1,out_lens={64, 256, 56, 56}](@61) -> half_type, {64, 256, 56, 56}, {0, 1, 0, 0}, target_id=0
@65 = gpu::code_object[code_object=10200,symbol_name=mlir_convolution_add_add_relu,global=802816,local=256,](@64,@47,@60,@62,@63) -> half_type, {64, 256, 56, 56}, {802816, 3136, 56, 1}, target_id=0
@66 = hip::hip_copy_literal[id=main:@literal:69] -> half_type, {128, 256, 1, 1}, {256, 1, 1, 1}, target_id=0
@67 = hip::hip_copy_literal[id=main:@literal:48] -> half_type, {128}, {1}, target_id=0
@68 = load[offset=205815808,end=257196032](@1) -> half_type, {64, 128, 56, 56}, {401408, 3136, 56, 1}, target_id=0
@69 = broadcast[axis=1,out_lens={64, 128, 56, 56}](@67) -> half_type, {64, 128, 56, 56}, {0, 1, 0, 0}, target_id=0
@70 = gpu::code_object[code_object=9424,symbol_name=mlir_convolution_add_relu,global=401408,local=256,](@69,@65,@66,@68) -> half_type, {64, 128, 56, 56}, {401408, 3136, 56, 1}, target_id=0
@71 = hip::hip_copy_literal[id=main:@literal:62] -> half_type, {128, 128, 3, 3}, {1152, 9, 3, 1}, target_id=0
@72 = load[offset=115605504,end=205815808](@1) -> int8_type, {90210304}, {1}, target_id=0
@73 = load[offset=102760448,end=115605504](@1) -> half_type, {64, 128, 28, 28}, {100352, 784, 28, 1}, target_id=0
@74 = gpu::convolution[op={padding={1, 1, 1, 1},stride={2, 2},dilation={1, 1},group=1,padding_mode=0},solution_object={binary_object: 555},algo=0,solution_id=0](@70,@71,@72,@73) -> half_type, {64, 128, 28, 28}, {100352, 784, 28, 1}, target_id=0
@75 = hip::hip_copy_literal[id=main:@literal:70] -> half_type, {128}, {1}, target_id=0
@76 = hip::hip_copy_literal[id=main:@literal:23] -> half_type, {512, 384, 1, 1}, {384, 1, 1, 1}, target_id=0
@77 = hip::hip_copy_literal[id=main:@literal:13] -> half_type, {512}, {1}, target_id=0
@78 = load[offset=128450560,end=166985728](@1) -> half_type, {64, 384, 28, 28}, {301056, 784, 28, 1}, target_id=0
@79 = broadcast[axis=1,out_lens={64, 128, 28, 28}](@75) -> half_type, {64, 128, 28, 28}, {0, 1, 0, 0}, target_id=0
@80 = step[axes={2, 3},steps={2, 2}](@65) -> half_type, {64, 256, 28, 28}, {802816, 3136, 112, 2}, target_id=0
@81 = gpu::code_object[code_object=5808,symbol_name=add_relu_noop_concat_noop_kernel,global=9633792,local=1024,](@74,@79,@80,@78) -> half_type, {64, 384, 28, 28}, {301056, 784, 28, 1}, target_id=0
@82 = load[offset=77070336,end=128450560](@1) -> half_type, {64, 512, 28, 28}, {401408, 784, 28, 1}, target_id=0
@83 = broadcast[axis=1,out_lens={64, 512, 28, 28}](@77) -> half_type, {64, 512, 28, 28}, {0, 1, 0, 0}, target_id=0
@84 = gpu::code_object[code_object=6608,symbol_name=mlir_convolution_add_relu,global=1605632,local=256,](@83,@81,@76,@82) -> half_type, {64, 512, 28, 28}, {401408, 784, 28, 1}, target_id=0
@85 = hip::hip_copy_literal[id=main:@literal:57] -> half_type, {128, 512, 1, 1}, {512, 1, 1, 1}, target_id=0
@86 = hip::hip_copy_literal[id=main:@literal:26] -> half_type, {128}, {1}, target_id=0
@87 = load[offset=25690112,end=38535168](@1) -> half_type, {64, 128, 28, 28}, {100352, 784, 28, 1}, target_id=0
@88 = broadcast[axis=1,out_lens={64, 128, 28, 28}](@86) -> half_type, {64, 128, 28, 28}, {0, 1, 0, 0}, target_id=0
@89 = gpu::code_object[code_object=9360,symbol_name=mlir_convolution_add_relu,global=100352,local=256,](@88,@84,@85,@87) -> half_type, {64, 128, 28, 28}, {100352, 784, 28, 1}, target_id=0
@90 = hip::hip_copy_literal[id=main:@literal:43] -> half_type, {128, 128, 3, 3}, {1152, 9, 3, 1}, target_id=0
@91 = load[offset=0,end=0](@1) -> int8_type, {0}, {1}, target_id=0
@92 = load[offset=12845056,end=25690112](@1) -> half_type, {64, 128, 28, 28}, {100352, 784, 28, 1}, target_id=0
@93 = gpu::convolution[op={padding={1, 1, 1, 1},stride={1, 1},dilation={1, 1},group=1,padding_mode=0},solution_object={binary_object: 459},algo=0,solution_id=0](@89,@90,@91,@92) -> half_type, {64, 128, 28, 28}, {100352, 784, 28, 1}, target_id=0
@94 = hip::hip_copy_literal[id=main:@literal:60] -> half_type, {128}, {1}, target_id=0
@95 = load[offset=0,end=12845056](@1) -> half_type, {64, 128, 28, 28}, {100352, 784, 28, 1}, target_id=0
@96 = broadcast[axis=1,out_lens={64, 128, 28, 28}](@94) -> half_type, {64, 128, 28, 28}, {0, 1, 0, 0}, target_id=0
@97 = gpu::code_object[code_object=5320,symbol_name=add_relu_kernel,global=802816,local=1024,](@93,@96,@95) -> half_type, {64, 128, 28, 28}, {100352, 784, 28, 1}, target_id=0
@98 = hip::hip_copy_literal[id=main:@literal:33] -> half_type, {512, 128, 1, 1}, {128, 1, 1, 1}, target_id=0
@99 = hip::hip_copy_literal[id=main:@literal:9] -> half_type, {512}, {1}, target_id=0
@100 = load[offset=25690112,end=77070336](@1) -> half_type, {64, 512, 28, 28}, {401408, 784, 28, 1}, target_id=0
@101 = broadcast[axis=1,out_lens={64, 512, 28, 28}](@99) -> half_type, {64, 512, 28, 28}, {0, 1, 0, 0}, target_id=0
@102 = gpu::code_object[code_object=10840,symbol_name=mlir_convolution_add_add_relu,global=401408,local=256,](@101,@84,@97,@98,@100) -> half_type, {64, 512, 28, 28}, {401408, 784, 28, 1}, target_id=0
@103 = hip::hip_copy_literal[id=main:@literal:32] -> half_type, {128, 512, 1, 1}, {512, 1, 1, 1}, target_id=0
@104 = hip::hip_copy_literal[id=main:@literal:31] -> half_type, {128}, {1}, target_id=0
@105 = load[offset=12845056,end=25690112](@1) -> half_type, {64, 128, 28, 28}, {100352, 784, 28, 1}, target_id=0
@106 = broadcast[axis=1,out_lens={64, 128, 28, 28}](@104) -> half_type, {64, 128, 28, 28}, {0, 1, 0, 0}, target_id=0
@107 = gpu::code_object[code_object=9360,symbol_name=mlir_convolution_add_relu,global=100352,local=256,](@106,@102,@103,@105) -> half_type, {64, 128, 28, 28}, {100352, 784, 28, 1}, target_id=0
@108 = hip::hip_copy_literal[id=main:@literal:28] -> half_type, {128, 128, 3, 3}, {1152, 9, 3, 1}, target_id=0
@109 = load[offset=0,end=0](@1) -> int8_type, {0}, {1}, target_id=0
@110 = load[offset=0,end=12845056](@1) -> half_type, {64, 128, 28, 28}, {100352, 784, 28, 1}, target_id=0
@111 = gpu::convolution[op={padding={1, 1, 1, 1},stride={1, 1},dilation={1, 1},group=1,padding_mode=0},solution_object={binary_object: 477},algo=0,solution_id=0](@107,@108,@109,@110) -> half_type, {64, 128, 28, 28}, {100352, 784, 28, 1}, target_id=0
@112 = hip::hip_copy_literal[id=main:@literal:6] -> half_type, {512, 128, 1, 1}, {128, 1, 1, 1}, target_id=0
@113 = hip::hip_copy_literal[id=main:@literal:22] -> half_type, {512}, {1}, target_id=0
@114 = hip::hip_copy_literal[id=main:@literal:67] -> half_type, {128}, {1}, target_id=0
@115 = load[offset=77070336,end=89915392](@1) -> half_type, {64, 128, 28, 28}, {100352, 784, 28, 1}, target_id=0
@116 = broadcast[axis=1,out_lens={64, 128, 28, 28}](@114) -> half_type, {64, 128, 28, 28}, {0, 1, 0, 0}, target_id=0
@117 = gpu::code_object[code_object=5320,symbol_name=add_relu_kernel,global=802816,local=1024,](@111,@116,@115) -> half_type, {64, 128, 28, 28}, {100352, 784, 28, 1}, target_id=0
@118 = load[offset=96337920,end=147718144](@1) -> half_type, {64, 512, 28, 28}, {401408, 784, 28, 1}, target_id=0
@119 = broadcast[axis=1,out_lens={64, 512, 28, 28}](@113) -> half_type, {64, 512, 28, 28}, {0, 1, 0, 0}, target_id=0
@120 = gpu::code_object[code_object=10840,symbol_name=mlir_convolution_add_add_relu,global=401408,local=256,](@119,@102,@117,@112,@118) -> half_type, {64, 512, 28, 28}, {401408, 784, 28, 1}, target_id=0
@121 = hip::hip_copy_literal[id=main:@literal:41] -> half_type, {128}, {1}, target_id=0
@122 = hip::hip_copy_literal[id=main:@literal:20] -> half_type, {128, 512, 1, 1}, {512, 1, 1, 1}, target_id=0
@123 = load[offset=0,end=12845056](@1) -> half_type, {64, 128, 28, 28}, {100352, 784, 28, 1}, target_id=0
@124 = broadcast[axis=1,out_lens={64, 128, 28, 28}](@121) -> half_type, {64, 128, 28, 28}, {0, 1, 0, 0}, target_id=0
@125 = gpu::code_object[code_object=9360,symbol_name=mlir_convolution_add_relu,global=100352,local=256,](@124,@120,@122,@123) -> half_type, {64, 128, 28, 28}, {100352, 784, 28, 1}, target_id=0
@126 = hip::hip_copy_literal[id=main:@literal:16] -> half_type, {128, 128, 3, 3}, {1152, 9, 3, 1}, target_id=0
@127 = load[offset=0,end=0](@1) -> int8_type, {0}, {1}, target_id=0
@128 = load[offset=25690112,end=38535168](@1) -> half_type, {64, 128, 28, 28}, {100352, 784, 28, 1}, target_id=0
@129 = gpu::convolution[op={padding={1, 1, 1, 1},stride={1, 1},dilation={1, 1},group=1,padding_mode=0},solution_object={binary_object: 477},algo=0,solution_id=0](@125,@126,@127,@128) -> half_type, {64, 128, 28, 28}, {100352, 784, 28, 1}, target_id=0
@130 = hip::hip_copy_literal[id=main:@literal:12] -> half_type, {128}, {1}, target_id=0
@131 = hip::hip_copy_literal[id=main:@literal:39] -> half_type, {512, 128, 1, 1}, {128, 1, 1, 1}, target_id=0
@132 = hip::hip_copy_literal[id=main:@literal:63] -> half_type, {512}, {1}, target_id=0
@133 = load[offset=12845056,end=25690112](@1) -> half_type, {64, 128, 28, 28}, {100352, 784, 28, 1}, target_id=0
@134 = broadcast[axis=1,out_lens={64, 128, 28, 28}](@130) -> half_type, {64, 128, 28, 28}, {0, 1, 0, 0}, target_id=0
@135 = gpu::code_object[code_object=5320,symbol_name=add_relu_kernel,global=802816,local=1024,](@129,@134,@133) -> half_type, {64, 128, 28, 28}, {100352, 784, 28, 1}, target_id=0
@136 = load[offset=25690112,end=77070336](@1) -> half_type, {64, 512, 28, 28}, {401408, 784, 28, 1}, target_id=0
@137 = broadcast[axis=1,out_lens={64, 512, 28, 28}](@132) -> half_type, {64, 512, 28, 28}, {0, 1, 0, 0}, target_id=0
@138 = gpu::code_object[code_object=10840,symbol_name=mlir_convolution_add_add_relu,global=401408,local=256,](@137,@120,@135,@131,@136) -> half_type, {64, 512, 28, 28}, {401408, 784, 28, 1}, target_id=0
@139 = hip::hip_copy_literal[id=main:@literal:8] -> half_type, {256}, {1}, target_id=0
@140 = hip::hip_copy_literal[id=main:@literal:10] -> half_type, {256, 512, 1, 1}, {512, 1, 1, 1}, target_id=0
@141 = load[offset=83492864,end=109182976](@1) -> half_type, {64, 256, 28, 28}, {200704, 784, 28, 1}, target_id=0
@142 = broadcast[axis=1,out_lens={64, 256, 28, 28}](@139) -> half_type, {64, 256, 28, 28}, {0, 1, 0, 0}, target_id=0
@143 = gpu::code_object[code_object=7056,symbol_name=mlir_convolution_add_relu,global=802816,local=256,](@142,@138,@140,@141) -> half_type, {64, 256, 28, 28}, {200704, 784, 28, 1}, target_id=0
@144 = hip::hip_copy_literal[id=main:@literal:18] -> half_type, {256, 256, 3, 3}, {2304, 9, 3, 1}, target_id=0
@145 = load[offset=0,end=0](@1) -> int8_type, {0}, {1}, target_id=0
@146 = load[offset=77070336,end=83492864](@1) -> half_type, {64, 256, 14, 14}, {50176, 196, 14, 1}, target_id=0
@147 = gpu::convolution[op={padding={1, 1, 1, 1},stride={2, 2},dilation={1, 1},group=1,padding_mode=0},solution_object={binary_object: 478},algo=0,solution_id=0](@143,@144,@145,@146) -> half_type, {64, 256, 14, 14}, {50176, 196, 14, 1}, target_id=0
@148 = hip::hip_copy_literal[id=main:@literal:5] -> half_type, {256}, {1}, target_id=0
@149 = hip::hip_copy_literal[id=main:@literal:3] -> half_type, {1024, 768, 1, 1}, {768, 1, 1, 1}, target_id=0
@150 = hip::hip_copy_literal[id=main:@literal:61] -> half_type, {1024}, {1}, target_id=0
@151 = load[offset=0,end=19267584](@1) -> half_type, {64, 768, 14, 14}, {150528, 196, 14, 1}, target_id=0
@152 = step[axes={2, 3},steps={2, 2}](@138) -> half_type, {64, 512, 14, 14}, {401408, 784, 56, 2}, target_id=0
@153 = broadcast[axis=1,out_lens={64, 256, 14, 14}](@148) -> half_type, {64, 256, 14, 14}, {0, 1, 0, 0}, target_id=0
@154 = gpu::code_object[code_object=5872,symbol_name=add_relu_noop_concat_noop_kernel,global=4816896,local=1024,](@147,@153,@152,@151) -> half_type, {64, 768, 14, 14}, {150528, 196, 14, 1}, target_id=0
@155 = load[offset=38535168,end=64225280](@1) -> half_type, {64, 1024, 14, 14}, {200704, 196, 14, 1}, target_id=0
@156 = broadcast[axis=1,out_lens={64, 1024, 14, 14}](@150) -> half_type, {64, 1024, 14, 14}, {0, 1, 0, 0}, target_id=0
@157 = gpu::code_object[code_object=10128,symbol_name=mlir_convolution_add_relu,global=200704,local=256,](@156,@154,@149,@155) -> half_type, {64, 1024, 14, 14}, {200704, 196, 14, 1}, target_id=0
@158 = hip::hip_copy_literal[id=main:@literal:1] -> half_type, {256, 1024, 1, 1}, {1024, 1, 1, 1}, target_id=0
@159 = hip::hip_copy_literal[id=main:@literal:30] -> half_type, {256}, {1}, target_id=0
@160 = hip::hip_copy_literal[id=main:@literal:25] -> half_type, {256, 256, 3, 3}, {2304, 9, 3, 1}, target_id=0
@161 = load[offset=12845056,end=19267584](@1) -> half_type, {64, 256, 14, 14}, {50176, 196, 14, 1}, target_id=0
@162 = broadcast[axis=1,out_lens={64, 256, 14, 14}](@159) -> half_type, {64, 256, 14, 14}, {0, 1, 0, 0}, target_id=0
@163 = gpu::code_object[code_object=9360,symbol_name=mlir_convolution_add_relu,global=50176,local=256,](@162,@157,@158,@161) -> half_type, {64, 256, 14, 14}, {50176, 196, 14, 1}, target_id=0
@164 = load[offset=0,end=0](@1) -> int8_type, {0}, {1}, target_id=0
@165 = load[offset=6422528,end=12845056](@1) -> half_type, {64, 256, 14, 14}, {50176, 196, 14, 1}, target_id=0
@166 = gpu::convolution[op={padding={1, 1, 1, 1},stride={1, 1},dilation={1, 1},group=1,padding_mode=0},solution_object={binary_object: 475},algo=0,solution_id=0](@163,@160,@164,@165) -> half_type, {64, 256, 14, 14}, {50176, 196, 14, 1}, target_id=0
@167 = hip::hip_copy_literal[id=main:@literal:29] -> half_type, {1024, 256, 1, 1}, {256, 1, 1, 1}, target_id=0
@168 = hip::hip_copy_literal[id=main:@literal:49] -> half_type, {256}, {1}, target_id=0
@169 = hip::hip_copy_literal[id=main:@literal:21] -> half_type, {1024}, {1}, target_id=0
@170 = load[offset=0,end=6422528](@1) -> half_type, {64, 256, 14, 14}, {50176, 196, 14, 1}, target_id=0
@171 = broadcast[axis=1,out_lens={64, 256, 14, 14}](@168) -> half_type, {64, 256, 14, 14}, {0, 1, 0, 0}, target_id=0
@172 = gpu::code_object[code_object=5320,symbol_name=add_relu_kernel,global=802816,local=1024,](@166,@171,@170) -> half_type, {64, 256, 14, 14}, {50176, 196, 14, 1}, target_id=0
@173 = load[offset=12845056,end=38535168](@1) -> half_type, {64, 1024, 14, 14}, {200704, 196, 14, 1}, target_id=0
@174 = broadcast[axis=1,out_lens={64, 1024, 14, 14}](@169) -> half_type, {64, 1024, 14, 14}, {0, 1, 0, 0}, target_id=0
@175 = gpu::code_object[code_object=9816,symbol_name=mlir_convolution_add_add_relu,global=200704,local=256,](@174,@157,@172,@167,@173) -> half_type, {64, 1024, 14, 14}, {200704, 196, 14, 1}, target_id=0
@176 = hip::hip_copy_literal[id=main:@literal:17] -> half_type, {256, 1024, 1, 1}, {1024, 1, 1, 1}, target_id=0
@177 = hip::hip_copy_literal[id=main:@literal:15] -> half_type, {256, 256, 3, 3}, {2304, 9, 3, 1}, target_id=0
@178 = hip::hip_copy_literal[id=main:@literal:38] -> half_type, {256}, {1}, target_id=0
@179 = load[offset=6422528,end=12845056](@1) -> half_type, {64, 256, 14, 14}, {50176, 196, 14, 1}, target_id=0
@180 = broadcast[axis=1,out_lens={64, 256, 14, 14}](@178) -> half_type, {64, 256, 14, 14}, {0, 1, 0, 0}, target_id=0
@181 = gpu::code_object[code_object=9360,symbol_name=mlir_convolution_add_relu,global=50176,local=256,](@180,@175,@176,@179) -> half_type, {64, 256, 14, 14}, {50176, 196, 14, 1}, target_id=0
@182 = load[offset=0,end=0](@1) -> int8_type, {0}, {1}, target_id=0
@183 = load[offset=0,end=6422528](@1) -> half_type, {64, 256, 14, 14}, {50176, 196, 14, 1}, target_id=0
@184 = gpu::convolution[op={padding={1, 1, 1, 1},stride={1, 1},dilation={1, 1},group=1,padding_mode=0},solution_object={binary_object: 457},algo=0,solution_id=0](@181,@177,@182,@183) -> half_type, {64, 256, 14, 14}, {50176, 196, 14, 1}, target_id=0
@185 = hip::hip_copy_literal[id=main:@literal:72] -> half_type, {1024, 256, 1, 1}, {256, 1, 1, 1}, target_id=0
@186 = hip::hip_copy_literal[id=main:@literal:46] -> half_type, {1024}, {1}, target_id=0
@187 = hip::hip_copy_literal[id=main:@literal:71] -> half_type, {256}, {1}, target_id=0
@188 = load[offset=38535168,end=44957696](@1) -> half_type, {64, 256, 14, 14}, {50176, 196, 14, 1}, target_id=0
@189 = broadcast[axis=1,out_lens={64, 256, 14, 14}](@187) -> half_type, {64, 256, 14, 14}, {0, 1, 0, 0}, target_id=0
@190 = gpu::code_object[code_object=5320,symbol_name=add_relu_kernel,global=802816,local=1024,](@184,@189,@188) -> half_type, {64, 256, 14, 14}, {50176, 196, 14, 1}, target_id=0
@191 = load[offset=64225280,end=89915392](@1) -> half_type, {64, 1024, 14, 14}, {200704, 196, 14, 1}, target_id=0
@192 = broadcast[axis=1,out_lens={64, 1024, 14, 14}](@186) -> half_type, {64, 1024, 14, 14}, {0, 1, 0, 0}, target_id=0
@193 = gpu::code_object[code_object=9816,symbol_name=mlir_convolution_add_add_relu,global=200704,local=256,](@192,@175,@190,@185,@191) -> half_type, {64, 1024, 14, 14}, {200704, 196, 14, 1}, target_id=0
@194 = hip::hip_copy_literal[id=main:@literal:7] -> half_type, {256, 256, 3, 3}, {2304, 9, 3, 1}, target_id=0
@195 = hip::hip_copy_literal[id=main:@literal:68] -> half_type, {256}, {1}, target_id=0
@196 = hip::hip_copy_literal[id=main:@literal:73] -> half_type, {256, 1024, 1, 1}, {1024, 1, 1, 1}, target_id=0
@197 = load[offset=0,end=6422528](@1) -> half_type, {64, 256, 14, 14}, {50176, 196, 14, 1}, target_id=0
@198 = broadcast[axis=1,out_lens={64, 256, 14, 14}](@195) -> half_type, {64, 256, 14, 14}, {0, 1, 0, 0}, target_id=0
@199 = gpu::code_object[code_object=9360,symbol_name=mlir_convolution_add_relu,global=50176,local=256,](@198,@193,@196,@197) -> half_type, {64, 256, 14, 14}, {50176, 196, 14, 1}, target_id=0
@200 = load[offset=0,end=0](@1) -> int8_type, {0}, {1}, target_id=0
@201 = load[offset=12845056,end=19267584](@1) -> half_type, {64, 256, 14, 14}, {50176, 196, 14, 1}, target_id=0
@202 = gpu::convolution[op={padding={1, 1, 1, 1},stride={1, 1},dilation={1, 1},group=1,padding_mode=0},solution_object={binary_object: 475},algo=0,solution_id=0](@199,@194,@200,@201) -> half_type, {64, 256, 14, 14}, {50176, 196, 14, 1}, target_id=0
@203 = hip::hip_copy_literal[id=main:@literal:2] -> half_type, {1024}, {1}, target_id=0
@204 = hip::hip_copy_literal[id=main:@literal:24] -> half_type, {256}, {1}, target_id=0
@205 = hip::hip_copy_literal[id=main:@literal:74] -> half_type, {1024, 256, 1, 1}, {256, 1, 1, 1}, target_id=0
@206 = broadcast[axis=1,out_lens={64, 256, 14, 14}](@204) -> half_type, {64, 256, 14, 14}, {0, 1, 0, 0}, target_id=0
@207 = load[offset=6422528,end=12845056](@1) -> half_type, {64, 256, 14, 14}, {50176, 196, 14, 1}, target_id=0
@208 = gpu::code_object[code_object=5320,symbol_name=add_relu_kernel,global=802816,local=1024,](@202,@206,@207) -> half_type, {64, 256, 14, 14}, {50176, 196, 14, 1}, target_id=0
@209 = broadcast[axis=1,out_lens={64, 1024, 14, 14}](@203) -> half_type, {64, 1024, 14, 14}, {0, 1, 0, 0}, target_id=0
@210 = load[offset=38535168,end=64225280](@1) -> half_type, {64, 1024, 14, 14}, {200704, 196, 14, 1}, target_id=0
@211 = gpu::code_object[code_object=9816,symbol_name=mlir_convolution_add_add_relu,global=200704,local=256,](@209,@193,@208,@205,@210) -> half_type, {64, 1024, 14, 14}, {200704, 196, 14, 1}, target_id=0
@212 = hip::hip_copy_literal[id=main:@literal:40] -> half_type, {256, 256, 3, 3}, {2304, 9, 3, 1}, target_id=0
@213 = hip::hip_copy_literal[id=main:@literal:75] -> half_type, {256, 1024, 1, 1}, {1024, 1, 1, 1}, target_id=0
@214 = hip::hip_copy_literal[id=main:@literal:14] -> half_type, {256}, {1}, target_id=0
@215 = load[offset=12845056,end=19267584](@1) -> half_type, {64, 256, 14, 14}, {50176, 196, 14, 1}, target_id=0
@216 = broadcast[axis=1,out_lens={64, 256, 14, 14}](@214) -> half_type, {64, 256, 14, 14}, {0, 1, 0, 0}, target_id=0
@217 = gpu::code_object[code_object=9360,symbol_name=mlir_convolution_add_relu,global=50176,local=256,](@216,@211,@213,@215) -> half_type, {64, 256, 14, 14}, {50176, 196, 14, 1}, target_id=0
@218 = load[offset=0,end=0](@1) -> int8_type, {0}, {1}, target_id=0
@219 = load[offset=6422528,end=12845056](@1) -> half_type, {64, 256, 14, 14}, {50176, 196, 14, 1}, target_id=0
@220 = gpu::convolution[op={padding={1, 1, 1, 1},stride={1, 1},dilation={1, 1},group=1,padding_mode=0},solution_object={binary_object: 475},algo=0,solution_id=0](@217,@212,@218,@219) -> half_type, {64, 256, 14, 14}, {50176, 196, 14, 1}, target_id=0
@221 = hip::hip_copy_literal[id=main:@literal:76] -> half_type, {1024, 256, 1, 1}, {256, 1, 1, 1}, target_id=0
@222 = hip::hip_copy_literal[id=main:@literal:19] -> half_type, {1024}, {1}, target_id=0
@223 = hip::hip_copy_literal[id=main:@literal:64] -> half_type, {256}, {1}, target_id=0
@224 = load[offset=0,end=6422528](@1) -> half_type, {64, 256, 14, 14}, {50176, 196, 14, 1}, target_id=0
@225 = broadcast[axis=1,out_lens={64, 256, 14, 14}](@223) -> half_type, {64, 256, 14, 14}, {0, 1, 0, 0}, target_id=0
@226 = gpu::code_object[code_object=5320,symbol_name=add_relu_kernel,global=802816,local=1024,](@220,@225,@224) -> half_type, {64, 256, 14, 14}, {50176, 196, 14, 1}, target_id=0
@227 = load[offset=12845056,end=38535168](@1) -> half_type, {64, 1024, 14, 14}, {200704, 196, 14, 1}, target_id=0
@228 = broadcast[axis=1,out_lens={64, 1024, 14, 14}](@222) -> half_type, {64, 1024, 14, 14}, {0, 1, 0, 0}, target_id=0
@229 = gpu::code_object[code_object=9816,symbol_name=mlir_convolution_add_add_relu,global=200704,local=256,](@228,@211,@226,@221,@227) -> half_type, {64, 1024, 14, 14}, {200704, 196, 14, 1}, target_id=0
@230 = hip::hip_copy_literal[id=main:@literal:79] -> half_type, {256, 256, 3, 3}, {2304, 9, 3, 1}, target_id=0
@231 = hip::hip_copy_literal[id=main:@literal:77] -> half_type, {256, 1024, 1, 1}, {1024, 1, 1, 1}, target_id=0
@232 = hip::hip_copy_literal[id=main:@literal:78] -> half_type, {256}, {1}, target_id=0
@233 = broadcast[axis=1,out_lens={64, 256, 14, 14}](@232) -> half_type, {64, 256, 14, 14}, {0, 1, 0, 0}, target_id=0
@234 = load[offset=6422528,end=12845056](@1) -> half_type, {64, 256, 14, 14}, {50176, 196, 14, 1}, target_id=0
@235 = gpu::code_object[code_object=9360,symbol_name=mlir_convolution_add_relu,global=50176,local=256,](@233,@229,@231,@234) -> half_type, {64, 256, 14, 14}, {50176, 196, 14, 1}, target_id=0
@236 = load[offset=0,end=0](@1) -> int8_type, {0}, {1}, target_id=0
@237 = load[offset=0,end=6422528](@1) -> half_type, {64, 256, 14, 14}, {50176, 196, 14, 1}, target_id=0
@238 = gpu::convolution[op={padding={1, 1, 1, 1},stride={1, 1},dilation={1, 1},group=1,padding_mode=0},solution_object={binary_object: 475},algo=0,solution_id=0](@235,@230,@236,@237) -> half_type, {64, 256, 14, 14}, {50176, 196, 14, 1}, target_id=0
@239 = hip::hip_copy_literal[id=main:@literal:82] -> half_type, {1024}, {1}, target_id=0
@240 = hip::hip_copy_literal[id=main:@literal:81] -> half_type, {1024, 256, 1, 1}, {256, 1, 1, 1}, target_id=0
@241 = hip::hip_copy_literal[id=main:@literal:80] -> half_type, {256}, {1}, target_id=0
@242 = broadcast[axis=1,out_lens={64, 256, 14, 14}](@241) -> half_type, {64, 256, 14, 14}, {0, 1, 0, 0}, target_id=0
@243 = load[offset=65732608,end=72155136](@1) -> half_type, {64, 256, 14, 14}, {50176, 196, 14, 1}, target_id=0
@244 = gpu::code_object[code_object=5320,symbol_name=add_relu_kernel,global=802816,local=1024,](@238,@242,@243) -> half_type, {64, 256, 14, 14}, {50176, 196, 14, 1}, target_id=0
@245 = load[offset=40042496,end=65732608](@1) -> half_type, {64, 1024, 14, 14}, {200704, 196, 14, 1}, target_id=0
@246 = broadcast[axis=1,out_lens={64, 1024, 14, 14}](@239) -> half_type, {64, 1024, 14, 14}, {0, 1, 0, 0}, target_id=0
@247 = gpu::code_object[code_object=9816,symbol_name=mlir_convolution_add_add_relu,global=200704,local=256,](@246,@229,@244,@240,@245) -> half_type, {64, 1024, 14, 14}, {200704, 196, 14, 1}, target_id=0
@248 = hip::hip_copy_literal[id=main:@literal:86] -> half_type, {512, 512, 3, 3}, {4608, 9, 3, 1}, target_id=0
@249 = hip::hip_copy_literal[id=main:@literal:85] -> half_type, {512}, {1}, target_id=0
@250 = hip::hip_copy_literal[id=main:@literal:84] -> half_type, {512, 1024, 1, 1}, {1024, 1, 1, 1}, target_id=0
@251 = load[offset=0,end=12845056](@1) -> half_type, {64, 512, 14, 14}, {100352, 196, 14, 1}, target_id=0
@252 = broadcast[axis=1,out_lens={64, 512, 14, 14}](@249) -> half_type, {64, 512, 14, 14}, {0, 1, 0, 0}, target_id=0
@253 = gpu::code_object[code_object=9360,symbol_name=mlir_convolution_add_relu,global=100352,local=256,](@252,@247,@250,@251) -> half_type, {64, 512, 14, 14}, {100352, 196, 14, 1}, target_id=0
@254 = load[offset=68943872,end=96141312](@1) -> int8_type, {27197440}, {1}, target_id=0
@255 = load[offset=65732608,end=68943872](@1) -> half_type, {64, 512, 7, 7}, {25088, 49, 7, 1}, target_id=0
@256 = gpu::convolution[op={padding={1, 1, 1, 1},stride={2, 2},dilation={1, 1},group=1,padding_mode=0},solution_object={binary_object: 558},algo=0,solution_id=0](@253,@248,@254,@255) -> half_type, {64, 512, 7, 7}, {25088, 49, 7, 1}, target_id=0
@257 = hip::hip_copy_literal[id=main:@literal:88] -> half_type, {512}, {1}, target_id=0
@258 = hip::hip_copy_literal[id=main:@literal:89] -> half_type, {2048, 1536, 1, 1}, {1536, 1, 1, 1}, target_id=0
@259 = hip::hip_copy_literal[id=main:@literal:83] -> half_type, {2048}, {1}, target_id=0
@260 = load[offset=19267584,end=28901376](@1) -> half_type, {64, 1536, 7, 7}, {75264, 49, 7, 1}, target_id=0
@261 = step[axes={2, 3},steps={2, 2}](@247) -> half_type, {64, 1024, 7, 7}, {200704, 196, 28, 2}, target_id=0
@262 = broadcast[axis=1,out_lens={64, 512, 7, 7}](@257) -> half_type, {64, 512, 7, 7}, {0, 1, 0, 0}, target_id=0
@263 = gpu::code_object[code_object=5872,symbol_name=add_relu_noop_concat_noop_kernel,global=2408448,local=1024,](@256,@262,@261,@260) -> half_type, {64, 1536, 7, 7}, {75264, 49, 7, 1}, target_id=0
@264 = load[offset=6422528,end=19267584](@1) -> half_type, {64, 2048, 7, 7}, {100352, 49, 7, 1}, target_id=0
@265 = broadcast[axis=1,out_lens={64, 2048, 7, 7}](@259) -> half_type, {64, 2048, 7, 7}, {0, 1, 0, 0}, target_id=0
@266 = gpu::code_object[code_object=10256,symbol_name=mlir_convolution_add_relu,global=102400,local=256,](@265,@263,@258,@264) -> half_type, {64, 2048, 7, 7}, {100352, 49, 7, 1}, target_id=0
@267 = hip::hip_copy_literal[id=main:@literal:4] -> half_type, {512, 2048, 1, 1}, {2048, 1, 1, 1}, target_id=0
@268 = hip::hip_copy_literal[id=main:@literal:90] -> half_type, {512}, {1}, target_id=0
@269 = hip::hip_copy_literal[id=main:@literal:91] -> half_type, {512, 512, 3, 3}, {4608, 9, 3, 1}, target_id=0
@270 = load[offset=3211264,end=6422528](@1) -> half_type, {64, 512, 7, 7}, {25088, 49, 7, 1}, target_id=0
@271 = broadcast[axis=1,out_lens={64, 512, 7, 7}](@268) -> half_type, {64, 512, 7, 7}, {0, 1, 0, 0}, target_id=0
@272 = gpu::code_object[code_object=10384,symbol_name=mlir_convolution_add_relu,global=25600,local=256,](@271,@266,@267,@270) -> half_type, {64, 512, 7, 7}, {25088, 49, 7, 1}, target_id=0
@273 = load[offset=0,end=0](@1) -> int8_type, {0}, {1}, target_id=0
@274 = load[offset=0,end=3211264](@1) -> half_type, {64, 512, 7, 7}, {25088, 49, 7, 1}, target_id=0
@275 = gpu::convolution[op={padding={1, 1, 1, 1},stride={1, 1},dilation={1, 1},group=1,padding_mode=0},solution_object={binary_object: 436},algo=0,solution_id=0](@272,@269,@273,@274) -> half_type, {64, 512, 7, 7}, {25088, 49, 7, 1}, target_id=0
@276 = hip::hip_copy_literal[id=main:@literal:93] -> half_type, {2048}, {1}, target_id=0
@277 = hip::hip_copy_literal[id=main:@literal:92] -> half_type, {2048, 512, 1, 1}, {512, 1, 1, 1}, target_id=0
@278 = hip::hip_copy_literal[id=main:@literal:35] -> half_type, {512}, {1}, target_id=0
@279 = load[offset=32112640,end=35323904](@1) -> half_type, {64, 512, 7, 7}, {25088, 49, 7, 1}, target_id=0
@280 = broadcast[axis=1,out_lens={64, 512, 7, 7}](@278) -> half_type, {64, 512, 7, 7}, {0, 1, 0, 0}, target_id=0
@281 = gpu::code_object[code_object=5256,symbol_name=add_relu_kernel,global=1605632,local=1024,](@275,@280,@279) -> half_type, {64, 512, 7, 7}, {25088, 49, 7, 1}, target_id=0
@282 = load[offset=19267584,end=32112640](@1) -> half_type, {64, 2048, 7, 7}, {100352, 49, 7, 1}, target_id=0
@283 = broadcast[axis=1,out_lens={64, 2048, 7, 7}](@276) -> half_type, {64, 2048, 7, 7}, {0, 1, 0, 0}, target_id=0
@284 = gpu::code_object[code_object=10328,symbol_name=mlir_convolution_add_add_relu,global=102400,local=256,](@283,@266,@281,@277,@282) -> half_type, {64, 2048, 7, 7}, {100352, 49, 7, 1}, target_id=0
@285 = hip::hip_copy_literal[id=main:@literal:95] -> half_type, {512, 512, 3, 3}, {4608, 9, 3, 1}, target_id=0
@286 = hip::hip_copy_literal[id=main:@literal:94] -> half_type, {512}, {1}, target_id=0
@287 = hip::hip_copy_literal[id=main:@literal:87] -> half_type, {512, 2048, 1, 1}, {2048, 1, 1, 1}, target_id=0
@288 = load[offset=6422528,end=9633792](@1) -> half_type, {64, 512, 7, 7}, {25088, 49, 7, 1}, target_id=0
@289 = broadcast[axis=1,out_lens={64, 512, 7, 7}](@286) -> half_type, {64, 512, 7, 7}, {0, 1, 0, 0}, target_id=0
@290 = gpu::code_object[code_object=10384,symbol_name=mlir_convolution_add_relu,global=25600,local=256,](@289,@284,@287,@288) -> half_type, {64, 512, 7, 7}, {25088, 49, 7, 1}, target_id=0
@291 = load[offset=0,end=0](@1) -> int8_type, {0}, {1}, target_id=0
@292 = load[offset=3211264,end=6422528](@1) -> half_type, {64, 512, 7, 7}, {25088, 49, 7, 1}, target_id=0
@293 = gpu::convolution[op={padding={1, 1, 1, 1},stride={1, 1},dilation={1, 1},group=1,padding_mode=0},solution_object={binary_object: 472},algo=0,solution_id=0](@290,@285,@291,@292) -> half_type, {64, 512, 7, 7}, {25088, 49, 7, 1}, target_id=0
@294 = hip::hip_copy_literal[id=main:@literal:0] -> half_type, {2048, 1000}, {1000, 1}, target_id=0
@295 = hip::hip_copy_literal[id=main:@literal:99] -> half_type, {1000}, {1}, target_id=0
@296 = hip::hip_copy_literal[id=main:@literal:98] -> half_type, {2048}, {1}, target_id=0
@297 = hip::hip_copy_literal[id=main:@literal:97] -> half_type, {2048, 512, 1, 1}, {512, 1, 1, 1}, target_id=0
@298 = hip::hip_copy_literal[id=main:@literal:96] -> half_type, {512}, {1}, target_id=0
@299 = load[offset=0,end=3211264](@1) -> half_type, {64, 512, 7, 7}, {25088, 49, 7, 1}, target_id=0
@300 = broadcast[axis=1,out_lens={64, 512, 7, 7}](@298) -> half_type, {64, 512, 7, 7}, {0, 1, 0, 0}, target_id=0
@301 = gpu::code_object[code_object=5256,symbol_name=add_relu_kernel,global=1605632,local=1024,](@293,@300,@299) -> half_type, {64, 512, 7, 7}, {25088, 49, 7, 1}, target_id=0
@302 = load[offset=6422528,end=19267584](@1) -> half_type, {64, 2048, 7, 7}, {100352, 49, 7, 1}, target_id=0
@303 = gpu::code_object[code_object=7928,symbol_name=mlir_convolution,global=102400,local=256,](@301,@297,@302) -> half_type, {64, 2048, 7, 7}, {100352, 49, 7, 1}, target_id=0
@304 = load[offset=0,end=262144](@1) -> half_type, {64, 2048, 1, 1}, {2048, 1, 1, 1}, target_id=0
@305 = broadcast[axis=1,out_lens={64, 2048, 7, 7}](@296) -> half_type, {64, 2048, 7, 7}, {0, 1, 0, 0}, target_id=0
@306 = gpu::code_object[code_object=5488,symbol_name=add_add_relu_mul_reduce_sum_kernel,global=8388608,local=64,](@303,@305,@284,@304) -> half_type, {64, 2048, 1, 1}, {2048, 1, 1, 1}, target_id=0
@307 = load[offset=262144,end=390144](@1) -> half_type, {64, 1000}, {1000, 1}, target_id=0
@308 = flatten[axis=1](@306) -> half_type, {64, 2048}, {2048, 1}, target_id=0
@309 = gpu::gemm[alpha=1,beta=0,compute_fp32=1,trans_batch=0,solution_idx=0](@308,@294,@307) -> half_type, {64, 1000}, {1000, 1}, target_id=0
main:#output_0 = @param:main:#output_0 -> float_type, {64, 1000}, {1000, 1}, target_id=0
@311 = multibroadcast[out_lens={64, 1000},out_dyn_dims={}](@295) -> half_type, {64, 1000}, {0, 1}, target_id=0
@312 = gpu::code_object[code_object=5072,symbol_name=add_convert_kernel,global=32000,local=1024,](@309,@311,main:#output_0) -> float_type, {64, 1000}, {1000, 1}, target_id=0
@313 = @return(@312), target_id=0


Allocating params ... 
Running performance report ... 
@0 = check_context::migraphx::gpu::context -> float_type, {}, {}, target_id=0: 0.00109128ms, 1%
@1 = hip::hip_allocate_memory[shape=int8_type, {308281344}, {1},id=main:scratch] -> int8_type, {308281344}, {1}, target_id=0: 0.00091838ms, 1%
input.1 = @param:input.1 -> float_type, {64, 3, 224, 224}, {150528, 50176, 224, 1}, target_id=0: 0.00042634ms, 1%
@3 = load[offset=102760448,end=122028032](@1) -> half_type, {64, 3, 224, 224}, {150528, 50176, 224, 1}, target_id=0: 0.00094836ms, 1%
@4 = gpu::code_object[code_object=5000,symbol_name=convert_kernel,global=2408448,local=1024,](input.1,@3) -> half_type, {64, 3, 224, 224}, {150528, 50176, 224, 1}, target_id=0: 0.285513ms, 2%
@5 = hip::hip_copy_literal[id=main:@literal:51] -> half_type, {64, 3, 7, 7}, {147, 49, 7, 1}, target_id=0: 0.00083858ms, 1%
@6 = hip::hip_copy_literal[id=main:@literal:58] -> half_type, {64}, {1}, target_id=0: 0.00070506ms, 1%
@7 = broadcast[axis=1,out_lens={64, 64, 112, 112}](@6) -> half_type, {64, 64, 112, 112}, {0, 1, 0, 0}, target_id=0: 0.00103014ms, 1%
@8 = load[offset=0,end=102760448](@1) -> half_type, {64, 64, 112, 112}, {802816, 12544, 112, 1}, target_id=0: 0.00060838ms, 1%
@9 = gpu::code_object[code_object=12048,symbol_name=mlir_convolution_add_relu,global=802816,local=256,](@7,@4,@5,@8) -> half_type, {64, 64, 112, 112}, {802816, 12544, 112, 1}, target_id=0: 0.617173ms, 3%
@10 = load[offset=199098368,end=224788480](@1) -> half_type, {64, 64, 56, 56}, {200704, 3136, 56, 1}, target_id=0: 0.00064886ms, 1%
@11 = gpu::pooling[mode=max,padding={1, 1, 1, 1},padding_mode=0,stride={2, 2},lengths={3, 3},dilations={1, 1},ceil_mode=0,lp_order=2,dyn_global=0](@9,@10) -> half_type, {64, 64, 56, 56}, {200704, 3136, 56, 1}, target_id=0: 0.448998ms, 2%
@12 = hip::hip_copy_literal[id=main:@literal:56] -> half_type, {64, 64, 1, 1}, {64, 1, 1, 1}, target_id=0: 0.00091196ms, 1%
@13 = hip::hip_copy_literal[id=main:@literal:47] -> half_type, {64}, {1}, target_id=0: 0.00058948ms, 1%
@14 = load[offset=25690112,end=51380224](@1) -> half_type, {64, 64, 56, 56}, {200704, 3136, 56, 1}, target_id=0: 0.00069264ms, 1%
@15 = broadcast[axis=1,out_lens={64, 64, 56, 56}](@13) -> half_type, {64, 64, 56, 56}, {0, 1, 0, 0}, target_id=0: 0.00087478ms, 1%
@16 = gpu::code_object[code_object=7440,symbol_name=mlir_convolution_add_relu,global=401408,local=256,](@15,@11,@12,@14) -> half_type, {64, 64, 56, 56}, {200704, 3136, 56, 1}, target_id=0: 0.169731ms, 1%
@17 = hip::hip_copy_literal[id=main:@literal:42] -> half_type, {64, 64, 3, 3}, {576, 9, 3, 1}, target_id=0: 0.0006907ms, 1%
@18 = load[offset=0,end=0](@1) -> int8_type, {0}, {1}, target_id=0: 0.00062992ms, 1%
@19 = load[offset=0,end=25690112](@1) -> half_type, {64, 64, 56, 56}, {200704, 3136, 56, 1}, target_id=0: 0.00056488ms, 1%
@20 = gpu::convolution[op={padding={1, 1, 1, 1},stride={1, 1},dilation={1, 1},group=1,padding_mode=0},solution_object={binary_object: 436},algo=0,solution_id=0](@16,@17,@18,@19) -> half_type, {64, 64, 56, 56}, {200704, 3136, 56, 1}, target_id=0: 0.54013ms, 3%
@21 = hip::hip_copy_literal[id=main:@literal:53] -> half_type, {256, 128, 1, 1}, {128, 1, 1, 1}, target_id=0: 0.00078706ms, 1%
@22 = hip::hip_copy_literal[id=main:@literal:44] -> half_type, {64}, {1}, target_id=0: 0.00065816ms, 1%
@23 = load[offset=51380224,end=102760448](@1) -> half_type, {64, 128, 56, 56}, {401408, 3136, 56, 1}, target_id=0: 0.00077264ms, 1%
@24 = broadcast[axis=1,out_lens={64, 64, 56, 56}](@22) -> half_type, {64, 64, 56, 56}, {0, 1, 0, 0}, target_id=0: 0.00093086ms, 1%
@25 = gpu::code_object[code_object=5552,symbol_name=add_relu_noop_concat_noop_kernel,global=1605632,local=1024,](@20,@24,@11,@23) -> half_type, {64, 128, 56, 56}, {401408, 3136, 56, 1}, target_id=0: 0.355342ms, 2%
@26 = hip::hip_copy_literal[id=main:@literal:54] -> half_type, {256}, {1}, target_id=0: 0.00067488ms, 1%
@27 = load[offset=205520896,end=308281344](@1) -> half_type, {64, 256, 56, 56}, {802816, 3136, 56, 1}, target_id=0: 0.0006363ms, 1%
@28 = broadcast[axis=1,out_lens={64, 256, 56, 56}](@26) -> half_type, {64, 256, 56, 56}, {0, 1, 0, 0}, target_id=0: 0.00107356ms, 1%
@29 = gpu::code_object[code_object=6544,symbol_name=mlir_convolution_add_relu,global=3211264,local=256,](@28,@25,@21,@27) -> half_type, {64, 256, 56, 56}, {802816, 3136, 56, 1}, target_id=0: 0.42561ms, 2%
@30 = hip::hip_copy_literal[id=main:@literal:36] -> half_type, {64}, {1}, target_id=0: 0.0006352ms, 1%
@31 = hip::hip_copy_literal[id=main:@literal:52] -> half_type, {64, 256, 1, 1}, {256, 1, 1, 1}, target_id=0: 0.00052ms, 1%
@32 = load[offset=51380224,end=77070336](@1) -> half_type, {64, 64, 56, 56}, {200704, 3136, 56, 1}, target_id=0: 0.00061944ms, 1%
@33 = broadcast[axis=1,out_lens={64, 64, 56, 56}](@30) -> half_type, {64, 64, 56, 56}, {0, 1, 0, 0}, target_id=0: 0.00075376ms, 1%
@34 = gpu::code_object[code_object=9040,symbol_name=mlir_convolution_add_relu,global=200704,local=128,](@33,@29,@31,@32) -> half_type, {64, 64, 56, 56}, {200704, 3136, 56, 1}, target_id=0: 0.257353ms, 2%
@35 = hip::hip_copy_literal[id=main:@literal:34] -> half_type, {64, 64, 3, 3}, {576, 9, 3, 1}, target_id=0: 0.00065238ms, 1%
@36 = load[offset=0,end=0](@1) -> int8_type, {0}, {1}, target_id=0: 0.0006224ms, 1%
@37 = load[offset=25690112,end=51380224](@1) -> half_type, {64, 64, 56, 56}, {200704, 3136, 56, 1}, target_id=0: 0.00054826ms, 1%
@38 = gpu::convolution[op={padding={1, 1, 1, 1},stride={1, 1},dilation={1, 1},group=1,padding_mode=0},solution_object={binary_object: 436},algo=0,solution_id=0](@34,@35,@36,@37) -> half_type, {64, 64, 56, 56}, {200704, 3136, 56, 1}, target_id=0: 0.425529ms, 2%
@39 = hip::hip_copy_literal[id=main:@literal:55] -> half_type, {256}, {1}, target_id=0: 0.00073722ms, 1%
@40 = hip::hip_copy_literal[id=main:@literal:50] -> half_type, {64}, {1}, target_id=0: 0.0005988ms, 1%
@41 = load[offset=0,end=25690112](@1) -> half_type, {64, 64, 56, 56}, {200704, 3136, 56, 1}, target_id=0: 0.00073888ms, 1%
@42 = broadcast[axis=1,out_lens={64, 64, 56, 56}](@40) -> half_type, {64, 64, 56, 56}, {0, 1, 0, 0}, target_id=0: 0.00091206ms, 1%
@43 = gpu::code_object[code_object=5320,symbol_name=add_relu_kernel,global=1605632,local=1024,](@38,@42,@41) -> half_type, {64, 64, 56, 56}, {200704, 3136, 56, 1}, target_id=0: 0.200745ms, 1%
@44 = hip::hip_copy_literal[id=main:@literal:37] -> half_type, {256, 64, 1, 1}, {64, 1, 1, 1}, target_id=0: 0.00065622ms, 1%
@45 = load[offset=102760448,end=205520896](@1) -> half_type, {64, 256, 56, 56}, {802816, 3136, 56, 1}, target_id=0: 0.00062732ms, 1%
@46 = broadcast[axis=1,out_lens={64, 256, 56, 56}](@39) -> half_type, {64, 256, 56, 56}, {0, 1, 0, 0}, target_id=0: 0.00078648ms, 1%
@47 = gpu::code_object[code_object=10200,symbol_name=mlir_convolution_add_add_relu,global=802816,local=256,](@46,@29,@43,@44,@45) -> half_type, {64, 256, 56, 56}, {802816, 3136, 56, 1}, target_id=0: 0.392762ms, 2%
@48 = hip::hip_copy_literal[id=main:@literal:65] -> half_type, {64}, {1}, target_id=0: 0.0006323ms, 1%
@49 = hip::hip_copy_literal[id=main:@literal:59] -> half_type, {64, 256, 1, 1}, {256, 1, 1, 1}, target_id=0: 0.00051298ms, 1%
@50 = load[offset=25690112,end=51380224](@1) -> half_type, {64, 64, 56, 56}, {200704, 3136, 56, 1}, target_id=0: 0.0006293ms, 1%
@51 = broadcast[axis=1,out_lens={64, 64, 56, 56}](@48) -> half_type, {64, 64, 56, 56}, {0, 1, 0, 0}, target_id=0: 0.0007472ms, 1%
@52 = gpu::code_object[code_object=9040,symbol_name=mlir_convolution_add_relu,global=200704,local=128,](@51,@47,@49,@50) -> half_type, {64, 64, 56, 56}, {200704, 3136, 56, 1}, target_id=0: 0.266393ms, 2%
@53 = hip::hip_copy_literal[id=main:@literal:66] -> half_type, {64, 64, 3, 3}, {576, 9, 3, 1}, target_id=0: 0.00065692ms, 1%
@54 = load[offset=0,end=0](@1) -> int8_type, {0}, {1}, target_id=0: 0.00063098ms, 1%
@55 = load[offset=0,end=25690112](@1) -> half_type, {64, 64, 56, 56}, {200704, 3136, 56, 1}, target_id=0: 0.00054924ms, 1%
@56 = gpu::convolution[op={padding={1, 1, 1, 1},stride={1, 1},dilation={1, 1},group=1,padding_mode=0},solution_object={binary_object: 436},algo=0,solution_id=0](@52,@53,@54,@55) -> half_type, {64, 64, 56, 56}, {200704, 3136, 56, 1}, target_id=0: 0.416698ms, 2%
@57 = hip::hip_copy_literal[id=main:@literal:11] -> half_type, {64}, {1}, target_id=0: 0.0006868ms, 1%
@58 = load[offset=205520896,end=231211008](@1) -> half_type, {64, 64, 56, 56}, {200704, 3136, 56, 1}, target_id=0: 0.00075964ms, 1%
@59 = broadcast[axis=1,out_lens={64, 64, 56, 56}](@57) -> half_type, {64, 64, 56, 56}, {0, 1, 0, 0}, target_id=0: 0.00117258ms, 1%
@60 = gpu::code_object[code_object=5320,symbol_name=add_relu_kernel,global=1605632,local=1024,](@56,@59,@58) -> half_type, {64, 64, 56, 56}, {200704, 3136, 56, 1}, target_id=0: 0.241971ms, 2%
@61 = hip::hip_copy_literal[id=main:@literal:27] -> half_type, {256}, {1}, target_id=0: 0.00065146ms, 1%
@62 = hip::hip_copy_literal[id=main:@literal:45] -> half_type, {256, 64, 1, 1}, {64, 1, 1, 1}, target_id=0: 0.00058694ms, 1%
@63 = load[offset=0,end=102760448](@1) -> half_type, {64, 256, 56, 56}, {802816, 3136, 56, 1}, target_id=0: 0.00063994ms, 1%
@64 = broadcast[axis=1,out_lens={64, 256, 56, 56}](@61) -> half_type, {64, 256, 56, 56}, {0, 1, 0, 0}, target_id=0: 0.00078836ms, 1%
@65 = gpu::code_object[code_object=10200,symbol_name=mlir_convolution_add_add_relu,global=802816,local=256,](@64,@47,@60,@62,@63) -> half_type, {64, 256, 56, 56}, {802816, 3136, 56, 1}, target_id=0: 0.389113ms, 2%
@66 = hip::hip_copy_literal[id=main:@literal:69] -> half_type, {128, 256, 1, 1}, {256, 1, 1, 1}, target_id=0: 0.00062524ms, 1%
@67 = hip::hip_copy_literal[id=main:@literal:48] -> half_type, {128}, {1}, target_id=0: 0.00053222ms, 1%
@68 = load[offset=205815808,end=257196032](@1) -> half_type, {64, 128, 56, 56}, {401408, 3136, 56, 1}, target_id=0: 0.00061544ms, 1%
@69 = broadcast[axis=1,out_lens={64, 128, 56, 56}](@67) -> half_type, {64, 128, 56, 56}, {0, 1, 0, 0}, target_id=0: 0.00075108ms, 1%
@70 = gpu::code_object[code_object=9424,symbol_name=mlir_convolution_add_relu,global=401408,local=256,](@69,@65,@66,@68) -> half_type, {64, 128, 56, 56}, {401408, 3136, 56, 1}, target_id=0: 0.359072ms, 2%
@71 = hip::hip_copy_literal[id=main:@literal:62] -> half_type, {128, 128, 3, 3}, {1152, 9, 3, 1}, target_id=0: 0.00062494ms, 1%
@72 = load[offset=115605504,end=205815808](@1) -> int8_type, {90210304}, {1}, target_id=0: 0.00062912ms, 1%
@73 = load[offset=102760448,end=115605504](@1) -> half_type, {64, 128, 28, 28}, {100352, 784, 28, 1}, target_id=0: 0.0005296ms, 1%
@74 = gpu::convolution[op={padding={1, 1, 1, 1},stride={2, 2},dilation={1, 1},group=1,padding_mode=0},solution_object={binary_object: 555},algo=0,solution_id=0](@70,@71,@72,@73) -> half_type, {64, 128, 28, 28}, {100352, 784, 28, 1}, target_id=0: 0.723105ms, 4%
@75 = hip::hip_copy_literal[id=main:@literal:70] -> half_type, {128}, {1}, target_id=0: 0.00073658ms, 1%
@76 = hip::hip_copy_literal[id=main:@literal:23] -> half_type, {512, 384, 1, 1}, {384, 1, 1, 1}, target_id=0: 0.00061298ms, 1%
@77 = hip::hip_copy_literal[id=main:@literal:13] -> half_type, {512}, {1}, target_id=0: 0.00054122ms, 1%
@78 = load[offset=128450560,end=166985728](@1) -> half_type, {64, 384, 28, 28}, {301056, 784, 28, 1}, target_id=0: 0.00130608ms, 1%
@79 = broadcast[axis=1,out_lens={64, 128, 28, 28}](@75) -> half_type, {64, 128, 28, 28}, {0, 1, 0, 0}, target_id=0: 0.00099308ms, 1%
@80 = step[axes={2, 3},steps={2, 2}](@65) -> half_type, {64, 256, 28, 28}, {802816, 3136, 112, 2}, target_id=0: 0.00124662ms, 1%
@81 = gpu::code_object[code_object=5808,symbol_name=add_relu_noop_concat_noop_kernel,global=9633792,local=1024,](@74,@79,@80,@78) -> half_type, {64, 384, 28, 28}, {301056, 784, 28, 1}, target_id=0: 0.94082ms, 5%
@82 = load[offset=77070336,end=128450560](@1) -> half_type, {64, 512, 28, 28}, {401408, 784, 28, 1}, target_id=0: 0.00070026ms, 1%
@83 = broadcast[axis=1,out_lens={64, 512, 28, 28}](@77) -> half_type, {64, 512, 28, 28}, {0, 1, 0, 0}, target_id=0: 0.00079224ms, 1%
@84 = gpu::code_object[code_object=6608,symbol_name=mlir_convolution_add_relu,global=1605632,local=256,](@83,@81,@76,@82) -> half_type, {64, 512, 28, 28}, {401408, 784, 28, 1}, target_id=0: 0.422964ms, 2%
@85 = hip::hip_copy_literal[id=main:@literal:57] -> half_type, {128, 512, 1, 1}, {512, 1, 1, 1}, target_id=0: 0.00075058ms, 1%
@86 = hip::hip_copy_literal[id=main:@literal:26] -> half_type, {128}, {1}, target_id=0: 0.00053862ms, 1%
@87 = load[offset=25690112,end=38535168](@1) -> half_type, {64, 128, 28, 28}, {100352, 784, 28, 1}, target_id=0: 0.00063132ms, 1%
@88 = broadcast[axis=1,out_lens={64, 128, 28, 28}](@86) -> half_type, {64, 128, 28, 28}, {0, 1, 0, 0}, target_id=0: 0.00075254ms, 1%
@89 = gpu::code_object[code_object=9360,symbol_name=mlir_convolution_add_relu,global=100352,local=256,](@88,@84,@85,@87) -> half_type, {64, 128, 28, 28}, {100352, 784, 28, 1}, target_id=0: 0.190915ms, 1%
@90 = hip::hip_copy_literal[id=main:@literal:43] -> half_type, {128, 128, 3, 3}, {1152, 9, 3, 1}, target_id=0: 0.00070896ms, 1%
@91 = load[offset=0,end=0](@1) -> int8_type, {0}, {1}, target_id=0: 0.00067612ms, 1%
@92 = load[offset=12845056,end=25690112](@1) -> half_type, {64, 128, 28, 28}, {100352, 784, 28, 1}, target_id=0: 0.0005254ms, 1%
@93 = gpu::convolution[op={padding={1, 1, 1, 1},stride={1, 1},dilation={1, 1},group=1,padding_mode=0},solution_object={binary_object: 459},algo=0,solution_id=0](@89,@90,@91,@92) -> half_type, {64, 128, 28, 28}, {100352, 784, 28, 1}, target_id=0: 0.402074ms, 2%
@94 = hip::hip_copy_literal[id=main:@literal:60] -> half_type, {128}, {1}, target_id=0: 0.0007123ms, 1%
@95 = load[offset=0,end=12845056](@1) -> half_type, {64, 128, 28, 28}, {100352, 784, 28, 1}, target_id=0: 0.00073812ms, 1%
@96 = broadcast[axis=1,out_lens={64, 128, 28, 28}](@94) -> half_type, {64, 128, 28, 28}, {0, 1, 0, 0}, target_id=0: 0.00090144ms, 1%
@97 = gpu::code_object[code_object=5320,symbol_name=add_relu_kernel,global=802816,local=1024,](@93,@96,@95) -> half_type, {64, 128, 28, 28}, {100352, 784, 28, 1}, target_id=0: 0.145014ms, 1%
@98 = hip::hip_copy_literal[id=main:@literal:33] -> half_type, {512, 128, 1, 1}, {128, 1, 1, 1}, target_id=0: 0.00068878ms, 1%
@99 = hip::hip_copy_literal[id=main:@literal:9] -> half_type, {512}, {1}, target_id=0: 0.00054724ms, 1%
@100 = load[offset=25690112,end=77070336](@1) -> half_type, {64, 512, 28, 28}, {401408, 784, 28, 1}, target_id=0: 0.0006174ms, 1%
@101 = broadcast[axis=1,out_lens={64, 512, 28, 28}](@99) -> half_type, {64, 512, 28, 28}, {0, 1, 0, 0}, target_id=0: 0.00076418ms, 1%
@102 = gpu::code_object[code_object=10840,symbol_name=mlir_convolution_add_add_relu,global=401408,local=256,](@101,@84,@97,@98,@100) -> half_type, {64, 512, 28, 28}, {401408, 784, 28, 1}, target_id=0: 0.295273ms, 2%
@103 = hip::hip_copy_literal[id=main:@literal:32] -> half_type, {128, 512, 1, 1}, {512, 1, 1, 1}, target_id=0: 0.00067746ms, 1%
@104 = hip::hip_copy_literal[id=main:@literal:31] -> half_type, {128}, {1}, target_id=0: 0.00067842ms, 1%
@105 = load[offset=12845056,end=25690112](@1) -> half_type, {64, 128, 28, 28}, {100352, 784, 28, 1}, target_id=0: 0.00060994ms, 1%
@106 = broadcast[axis=1,out_lens={64, 128, 28, 28}](@104) -> half_type, {64, 128, 28, 28}, {0, 1, 0, 0}, target_id=0: 0.00076702ms, 1%
@107 = gpu::code_object[code_object=9360,symbol_name=mlir_convolution_add_relu,global=100352,local=256,](@106,@102,@103,@105) -> half_type, {64, 128, 28, 28}, {100352, 784, 28, 1}, target_id=0: 0.162336ms, 1%
@108 = hip::hip_copy_literal[id=main:@literal:28] -> half_type, {128, 128, 3, 3}, {1152, 9, 3, 1}, target_id=0: 0.00061554ms, 1%
@109 = load[offset=0,end=0](@1) -> int8_type, {0}, {1}, target_id=0: 0.0006373ms, 1%
@110 = load[offset=0,end=12845056](@1) -> half_type, {64, 128, 28, 28}, {100352, 784, 28, 1}, target_id=0: 0.0005226ms, 1%
@111 = gpu::convolution[op={padding={1, 1, 1, 1},stride={1, 1},dilation={1, 1},group=1,padding_mode=0},solution_object={binary_object: 477},algo=0,solution_id=0](@107,@108,@109,@110) -> half_type, {64, 128, 28, 28}, {100352, 784, 28, 1}, target_id=0: 0.389736ms, 2%
@112 = hip::hip_copy_literal[id=main:@literal:6] -> half_type, {512, 128, 1, 1}, {128, 1, 1, 1}, target_id=0: 0.00068388ms, 1%
@113 = hip::hip_copy_literal[id=main:@literal:22] -> half_type, {512}, {1}, target_id=0: 0.0006425ms, 1%
@114 = hip::hip_copy_literal[id=main:@literal:67] -> half_type, {128}, {1}, target_id=0: 0.00056188ms, 1%
@115 = load[offset=77070336,end=89915392](@1) -> half_type, {64, 128, 28, 28}, {100352, 784, 28, 1}, target_id=0: 0.0007291ms, 1%
@116 = broadcast[axis=1,out_lens={64, 128, 28, 28}](@114) -> half_type, {64, 128, 28, 28}, {0, 1, 0, 0}, target_id=0: 0.00086546ms, 1%
@117 = gpu::code_object[code_object=5320,symbol_name=add_relu_kernel,global=802816,local=1024,](@111,@116,@115) -> half_type, {64, 128, 28, 28}, {100352, 784, 28, 1}, target_id=0: 0.2135ms, 1%
@118 = load[offset=96337920,end=147718144](@1) -> half_type, {64, 512, 28, 28}, {401408, 784, 28, 1}, target_id=0: 0.00068988ms, 1%
@119 = broadcast[axis=1,out_lens={64, 512, 28, 28}](@113) -> half_type, {64, 512, 28, 28}, {0, 1, 0, 0}, target_id=0: 0.00090934ms, 1%
@120 = gpu::code_object[code_object=10840,symbol_name=mlir_convolution_add_add_relu,global=401408,local=256,](@119,@102,@117,@112,@118) -> half_type, {64, 512, 28, 28}, {401408, 784, 28, 1}, target_id=0: 0.310073ms, 2%
@121 = hip::hip_copy_literal[id=main:@literal:41] -> half_type, {128}, {1}, target_id=0: 0.00069418ms, 1%
@122 = hip::hip_copy_literal[id=main:@literal:20] -> half_type, {128, 512, 1, 1}, {512, 1, 1, 1}, target_id=0: 0.00052076ms, 1%
@123 = load[offset=0,end=12845056](@1) -> half_type, {64, 128, 28, 28}, {100352, 784, 28, 1}, target_id=0: 0.00062134ms, 1%
@124 = broadcast[axis=1,out_lens={64, 128, 28, 28}](@121) -> half_type, {64, 128, 28, 28}, {0, 1, 0, 0}, target_id=0: 0.0007541ms, 1%
@125 = gpu::code_object[code_object=9360,symbol_name=mlir_convolution_add_relu,global=100352,local=256,](@124,@120,@122,@123) -> half_type, {64, 128, 28, 28}, {100352, 784, 28, 1}, target_id=0: 0.181548ms, 1%
@126 = hip::hip_copy_literal[id=main:@literal:16] -> half_type, {128, 128, 3, 3}, {1152, 9, 3, 1}, target_id=0: 0.00062312ms, 1%
@127 = load[offset=0,end=0](@1) -> int8_type, {0}, {1}, target_id=0: 0.0006252ms, 1%
@128 = load[offset=25690112,end=38535168](@1) -> half_type, {64, 128, 28, 28}, {100352, 784, 28, 1}, target_id=0: 0.00053218ms, 1%
@129 = gpu::convolution[op={padding={1, 1, 1, 1},stride={1, 1},dilation={1, 1},group=1,padding_mode=0},solution_object={binary_object: 477},algo=0,solution_id=0](@125,@126,@127,@128) -> half_type, {64, 128, 28, 28}, {100352, 784, 28, 1}, target_id=0: 0.360488ms, 2%
@130 = hip::hip_copy_literal[id=main:@literal:12] -> half_type, {128}, {1}, target_id=0: 0.00070518ms, 1%
@131 = hip::hip_copy_literal[id=main:@literal:39] -> half_type, {512, 128, 1, 1}, {128, 1, 1, 1}, target_id=0: 0.00060332ms, 1%
@132 = hip::hip_copy_literal[id=main:@literal:63] -> half_type, {512}, {1}, target_id=0: 0.00065648ms, 1%
@133 = load[offset=12845056,end=25690112](@1) -> half_type, {64, 128, 28, 28}, {100352, 784, 28, 1}, target_id=0: 0.0007304ms, 1%
@134 = broadcast[axis=1,out_lens={64, 128, 28, 28}](@130) -> half_type, {64, 128, 28, 28}, {0, 1, 0, 0}, target_id=0: 0.00086722ms, 1%
@135 = gpu::code_object[code_object=5320,symbol_name=add_relu_kernel,global=802816,local=1024,](@129,@134,@133) -> half_type, {64, 128, 28, 28}, {100352, 784, 28, 1}, target_id=0: 0.211167ms, 1%
@136 = load[offset=25690112,end=77070336](@1) -> half_type, {64, 512, 28, 28}, {401408, 784, 28, 1}, target_id=0: 0.0007026ms, 1%
@137 = broadcast[axis=1,out_lens={64, 512, 28, 28}](@132) -> half_type, {64, 512, 28, 28}, {0, 1, 0, 0}, target_id=0: 0.00097662ms, 1%
@138 = gpu::code_object[code_object=10840,symbol_name=mlir_convolution_add_add_relu,global=401408,local=256,](@137,@120,@135,@131,@136) -> half_type, {64, 512, 28, 28}, {401408, 784, 28, 1}, target_id=0: 0.272322ms, 2%
@139 = hip::hip_copy_literal[id=main:@literal:8] -> half_type, {256}, {1}, target_id=0: 0.00063424ms, 1%
@140 = hip::hip_copy_literal[id=main:@literal:10] -> half_type, {256, 512, 1, 1}, {512, 1, 1, 1}, target_id=0: 0.000534ms, 1%
@141 = load[offset=83492864,end=109182976](@1) -> half_type, {64, 256, 28, 28}, {200704, 784, 28, 1}, target_id=0: 0.00058976ms, 1%
@142 = broadcast[axis=1,out_lens={64, 256, 28, 28}](@139) -> half_type, {64, 256, 28, 28}, {0, 1, 0, 0}, target_id=0: 0.00077566ms, 1%
@143 = gpu::code_object[code_object=7056,symbol_name=mlir_convolution_add_relu,global=802816,local=256,](@142,@138,@140,@141) -> half_type, {64, 256, 28, 28}, {200704, 784, 28, 1}, target_id=0: 0.264992ms, 2%
@144 = hip::hip_copy_literal[id=main:@literal:18] -> half_type, {256, 256, 3, 3}, {2304, 9, 3, 1}, target_id=0: 0.00066584ms, 1%
@145 = load[offset=0,end=0](@1) -> int8_type, {0}, {1}, target_id=0: 0.00061234ms, 1%
@146 = load[offset=77070336,end=83492864](@1) -> half_type, {64, 256, 14, 14}, {50176, 196, 14, 1}, target_id=0: 0.00054702ms, 1%
@147 = gpu::convolution[op={padding={1, 1, 1, 1},stride={2, 2},dilation={1, 1},group=1,padding_mode=0},solution_object={binary_object: 478},algo=0,solution_id=0](@143,@144,@145,@146) -> half_type, {64, 256, 14, 14}, {50176, 196, 14, 1}, target_id=0: 0.400312ms, 2%
@148 = hip::hip_copy_literal[id=main:@literal:5] -> half_type, {256}, {1}, target_id=0: 0.00063216ms, 1%
@149 = hip::hip_copy_literal[id=main:@literal:3] -> half_type, {1024, 768, 1, 1}, {768, 1, 1, 1}, target_id=0: 0.00047794ms, 1%
@150 = hip::hip_copy_literal[id=main:@literal:61] -> half_type, {1024}, {1}, target_id=0: 0.0006772ms, 1%
@151 = load[offset=0,end=19267584](@1) -> half_type, {64, 768, 14, 14}, {150528, 196, 14, 1}, target_id=0: 0.00073666ms, 1%
@152 = step[axes={2, 3},steps={2, 2}](@138) -> half_type, {64, 512, 14, 14}, {401408, 784, 56, 2}, target_id=0: 0.00111272ms, 1%
@153 = broadcast[axis=1,out_lens={64, 256, 14, 14}](@148) -> half_type, {64, 256, 14, 14}, {0, 1, 0, 0}, target_id=0: 0.00084484ms, 1%
@154 = gpu::code_object[code_object=5872,symbol_name=add_relu_noop_concat_noop_kernel,global=4816896,local=1024,](@147,@153,@152,@151) -> half_type, {64, 768, 14, 14}, {150528, 196, 14, 1}, target_id=0: 0.497845ms, 3%
@155 = load[offset=38535168,end=64225280](@1) -> half_type, {64, 1024, 14, 14}, {200704, 196, 14, 1}, target_id=0: 0.00069284ms, 1%
@156 = broadcast[axis=1,out_lens={64, 1024, 14, 14}](@150) -> half_type, {64, 1024, 14, 14}, {0, 1, 0, 0}, target_id=0: 0.0007432ms, 1%
@157 = gpu::code_object[code_object=10128,symbol_name=mlir_convolution_add_relu,global=200704,local=256,](@156,@154,@149,@155) -> half_type, {64, 1024, 14, 14}, {200704, 196, 14, 1}, target_id=0: 0.421419ms, 2%
@158 = hip::hip_copy_literal[id=main:@literal:1] -> half_type, {256, 1024, 1, 1}, {1024, 1, 1, 1}, target_id=0: 0.0006538ms, 1%
@159 = hip::hip_copy_literal[id=main:@literal:30] -> half_type, {256}, {1}, target_id=0: 0.0005769ms, 1%
@160 = hip::hip_copy_literal[id=main:@literal:25] -> half_type, {256, 256, 3, 3}, {2304, 9, 3, 1}, target_id=0: 0.00055122ms, 1%
@161 = load[offset=12845056,end=19267584](@1) -> half_type, {64, 256, 14, 14}, {50176, 196, 14, 1}, target_id=0: 0.00061626ms, 1%
@162 = broadcast[axis=1,out_lens={64, 256, 14, 14}](@159) -> half_type, {64, 256, 14, 14}, {0, 1, 0, 0}, target_id=0: 0.00124534ms, 1%
@163 = gpu::code_object[code_object=9360,symbol_name=mlir_convolution_add_relu,global=50176,local=256,](@162,@157,@158,@161) -> half_type, {64, 256, 14, 14}, {50176, 196, 14, 1}, target_id=0: 0.178376ms, 1%
@164 = load[offset=0,end=0](@1) -> int8_type, {0}, {1}, target_id=0: 0.00068692ms, 1%
@165 = load[offset=6422528,end=12845056](@1) -> half_type, {64, 256, 14, 14}, {50176, 196, 14, 1}, target_id=0: 0.00053042ms, 1%
@166 = gpu::convolution[op={padding={1, 1, 1, 1},stride={1, 1},dilation={1, 1},group=1,padding_mode=0},solution_object={binary_object: 475},algo=0,solution_id=0](@163,@160,@164,@165) -> half_type, {64, 256, 14, 14}, {50176, 196, 14, 1}, target_id=0: 0.424325ms, 2%
@167 = hip::hip_copy_literal[id=main:@literal:29] -> half_type, {1024, 256, 1, 1}, {256, 1, 1, 1}, target_id=0: 0.0006955ms, 1%
@168 = hip::hip_copy_literal[id=main:@literal:49] -> half_type, {256}, {1}, target_id=0: 0.00073294ms, 1%
@169 = hip::hip_copy_literal[id=main:@literal:21] -> half_type, {1024}, {1}, target_id=0: 0.00053262ms, 1%
@170 = load[offset=0,end=6422528](@1) -> half_type, {64, 256, 14, 14}, {50176, 196, 14, 1}, target_id=0: 0.00075758ms, 1%
@171 = broadcast[axis=1,out_lens={64, 256, 14, 14}](@168) -> half_type, {64, 256, 14, 14}, {0, 1, 0, 0}, target_id=0: 0.00085356ms, 1%
@172 = gpu::code_object[code_object=5320,symbol_name=add_relu_kernel,global=802816,local=1024,](@166,@171,@170) -> half_type, {64, 256, 14, 14}, {50176, 196, 14, 1}, target_id=0: 0.201625ms, 1%
@173 = load[offset=12845056,end=38535168](@1) -> half_type, {64, 1024, 14, 14}, {200704, 196, 14, 1}, target_id=0: 0.00068334ms, 1%
@174 = broadcast[axis=1,out_lens={64, 1024, 14, 14}](@169) -> half_type, {64, 1024, 14, 14}, {0, 1, 0, 0}, target_id=0: 0.00103958ms, 1%
@175 = gpu::code_object[code_object=9816,symbol_name=mlir_convolution_add_add_relu,global=200704,local=256,](@174,@157,@172,@167,@173) -> half_type, {64, 1024, 14, 14}, {200704, 196, 14, 1}, target_id=0: 0.245429ms, 2%
@176 = hip::hip_copy_literal[id=main:@literal:17] -> half_type, {256, 1024, 1, 1}, {1024, 1, 1, 1}, target_id=0: 0.00064358ms, 1%
@177 = hip::hip_copy_literal[id=main:@literal:15] -> half_type, {256, 256, 3, 3}, {2304, 9, 3, 1}, target_id=0: 0.00068886ms, 1%
@178 = hip::hip_copy_literal[id=main:@literal:38] -> half_type, {256}, {1}, target_id=0: 0.00061498ms, 1%
@179 = load[offset=6422528,end=12845056](@1) -> half_type, {64, 256, 14, 14}, {50176, 196, 14, 1}, target_id=0: 0.00061518ms, 1%
@180 = broadcast[axis=1,out_lens={64, 256, 14, 14}](@178) -> half_type, {64, 256, 14, 14}, {0, 1, 0, 0}, target_id=0: 0.00073614ms, 1%
@181 = gpu::code_object[code_object=9360,symbol_name=mlir_convolution_add_relu,global=50176,local=256,](@180,@175,@176,@179) -> half_type, {64, 256, 14, 14}, {50176, 196, 14, 1}, target_id=0: 0.159075ms, 1%
@182 = load[offset=0,end=0](@1) -> int8_type, {0}, {1}, target_id=0: 0.00066024ms, 1%
@183 = load[offset=0,end=6422528](@1) -> half_type, {64, 256, 14, 14}, {50176, 196, 14, 1}, target_id=0: 0.00054022ms, 1%
@184 = gpu::convolution[op={padding={1, 1, 1, 1},stride={1, 1},dilation={1, 1},group=1,padding_mode=0},solution_object={binary_object: 457},algo=0,solution_id=0](@181,@177,@182,@183) -> half_type, {64, 256, 14, 14}, {50176, 196, 14, 1}, target_id=0: 0.435737ms, 2%
@185 = hip::hip_copy_literal[id=main:@literal:72] -> half_type, {1024, 256, 1, 1}, {256, 1, 1, 1}, target_id=0: 0.00068904ms, 1%
@186 = hip::hip_copy_literal[id=main:@literal:46] -> half_type, {1024}, {1}, target_id=0: 0.00062558ms, 1%
@187 = hip::hip_copy_literal[id=main:@literal:71] -> half_type, {256}, {1}, target_id=0: 0.00051498ms, 1%
@188 = load[offset=38535168,end=44957696](@1) -> half_type, {64, 256, 14, 14}, {50176, 196, 14, 1}, target_id=0: 0.00072574ms, 1%
@189 = broadcast[axis=1,out_lens={64, 256, 14, 14}](@187) -> half_type, {64, 256, 14, 14}, {0, 1, 0, 0}, target_id=0: 0.00087026ms, 1%
@190 = gpu::code_object[code_object=5320,symbol_name=add_relu_kernel,global=802816,local=1024,](@184,@189,@188) -> half_type, {64, 256, 14, 14}, {50176, 196, 14, 1}, target_id=0: 0.167528ms, 1%
@191 = load[offset=64225280,end=89915392](@1) -> half_type, {64, 1024, 14, 14}, {200704, 196, 14, 1}, target_id=0: 0.00069026ms, 1%
@192 = broadcast[axis=1,out_lens={64, 1024, 14, 14}](@186) -> half_type, {64, 1024, 14, 14}, {0, 1, 0, 0}, target_id=0: 0.00104408ms, 1%
@193 = gpu::code_object[code_object=9816,symbol_name=mlir_convolution_add_add_relu,global=200704,local=256,](@192,@175,@190,@185,@191) -> half_type, {64, 1024, 14, 14}, {200704, 196, 14, 1}, target_id=0: 0.222723ms, 1%
@194 = hip::hip_copy_literal[id=main:@literal:7] -> half_type, {256, 256, 3, 3}, {2304, 9, 3, 1}, target_id=0: 0.0006421ms, 1%
@195 = hip::hip_copy_literal[id=main:@literal:68] -> half_type, {256}, {1}, target_id=0: 0.0005506ms, 1%
@196 = hip::hip_copy_literal[id=main:@literal:73] -> half_type, {256, 1024, 1, 1}, {1024, 1, 1, 1}, target_id=0: 0.00063186ms, 1%
@197 = load[offset=0,end=6422528](@1) -> half_type, {64, 256, 14, 14}, {50176, 196, 14, 1}, target_id=0: 0.00062236ms, 1%
@198 = broadcast[axis=1,out_lens={64, 256, 14, 14}](@195) -> half_type, {64, 256, 14, 14}, {0, 1, 0, 0}, target_id=0: 0.00073422ms, 1%
@199 = gpu::code_object[code_object=9360,symbol_name=mlir_convolution_add_relu,global=50176,local=256,](@198,@193,@196,@197) -> half_type, {64, 256, 14, 14}, {50176, 196, 14, 1}, target_id=0: 0.154835ms, 1%
@200 = load[offset=0,end=0](@1) -> int8_type, {0}, {1}, target_id=0: 0.00065252ms, 1%
@201 = load[offset=12845056,end=19267584](@1) -> half_type, {64, 256, 14, 14}, {50176, 196, 14, 1}, target_id=0: 0.0005274ms, 1%
@202 = gpu::convolution[op={padding={1, 1, 1, 1},stride={1, 1},dilation={1, 1},group=1,padding_mode=0},solution_object={binary_object: 475},algo=0,solution_id=0](@199,@194,@200,@201) -> half_type, {64, 256, 14, 14}, {50176, 196, 14, 1}, target_id=0: 0.381531ms, 2%
@203 = hip::hip_copy_literal[id=main:@literal:2] -> half_type, {1024}, {1}, target_id=0: 0.00068648ms, 1%
@204 = hip::hip_copy_literal[id=main:@literal:24] -> half_type, {256}, {1}, target_id=0: 0.0006977ms, 1%
@205 = hip::hip_copy_literal[id=main:@literal:74] -> half_type, {1024, 256, 1, 1}, {256, 1, 1, 1}, target_id=0: 0.000528ms, 1%
@206 = broadcast[axis=1,out_lens={64, 256, 14, 14}](@204) -> half_type, {64, 256, 14, 14}, {0, 1, 0, 0}, target_id=0: 0.00087926ms, 1%
@207 = load[offset=6422528,end=12845056](@1) -> half_type, {64, 256, 14, 14}, {50176, 196, 14, 1}, target_id=0: 0.00069202ms, 1%
@208 = gpu::code_object[code_object=5320,symbol_name=add_relu_kernel,global=802816,local=1024,](@202,@206,@207) -> half_type, {64, 256, 14, 14}, {50176, 196, 14, 1}, target_id=0: 0.159832ms, 1%
@209 = broadcast[axis=1,out_lens={64, 1024, 14, 14}](@203) -> half_type, {64, 1024, 14, 14}, {0, 1, 0, 0}, target_id=0: 0.00123708ms, 1%
@210 = load[offset=38535168,end=64225280](@1) -> half_type, {64, 1024, 14, 14}, {200704, 196, 14, 1}, target_id=0: 0.0007801ms, 1%
@211 = gpu::code_object[code_object=9816,symbol_name=mlir_convolution_add_add_relu,global=200704,local=256,](@209,@193,@208,@205,@210) -> half_type, {64, 1024, 14, 14}, {200704, 196, 14, 1}, target_id=0: 0.227309ms, 1%
@212 = hip::hip_copy_literal[id=main:@literal:40] -> half_type, {256, 256, 3, 3}, {2304, 9, 3, 1}, target_id=0: 0.00063384ms, 1%
@213 = hip::hip_copy_literal[id=main:@literal:75] -> half_type, {256, 1024, 1, 1}, {1024, 1, 1, 1}, target_id=0: 0.00058018ms, 1%
@214 = hip::hip_copy_literal[id=main:@literal:14] -> half_type, {256}, {1}, target_id=0: 0.00064662ms, 1%
@215 = load[offset=12845056,end=19267584](@1) -> half_type, {64, 256, 14, 14}, {50176, 196, 14, 1}, target_id=0: 0.00062938ms, 1%
@216 = broadcast[axis=1,out_lens={64, 256, 14, 14}](@214) -> half_type, {64, 256, 14, 14}, {0, 1, 0, 0}, target_id=0: 0.00075666ms, 1%
@217 = gpu::code_object[code_object=9360,symbol_name=mlir_convolution_add_relu,global=50176,local=256,](@216,@211,@213,@215) -> half_type, {64, 256, 14, 14}, {50176, 196, 14, 1}, target_id=0: 0.162311ms, 1%
@218 = load[offset=0,end=0](@1) -> int8_type, {0}, {1}, target_id=0: 0.00066422ms, 1%
@219 = load[offset=6422528,end=12845056](@1) -> half_type, {64, 256, 14, 14}, {50176, 196, 14, 1}, target_id=0: 0.00054624ms, 1%
@220 = gpu::convolution[op={padding={1, 1, 1, 1},stride={1, 1},dilation={1, 1},group=1,padding_mode=0},solution_object={binary_object: 475},algo=0,solution_id=0](@217,@212,@218,@219) -> half_type, {64, 256, 14, 14}, {50176, 196, 14, 1}, target_id=0: 0.395062ms, 2%
@221 = hip::hip_copy_literal[id=main:@literal:76] -> half_type, {1024, 256, 1, 1}, {256, 1, 1, 1}, target_id=0: 0.00072122ms, 1%
@222 = hip::hip_copy_literal[id=main:@literal:19] -> half_type, {1024}, {1}, target_id=0: 0.00072558ms, 1%
@223 = hip::hip_copy_literal[id=main:@literal:64] -> half_type, {256}, {1}, target_id=0: 0.00053002ms, 1%
@224 = load[offset=0,end=6422528](@1) -> half_type, {64, 256, 14, 14}, {50176, 196, 14, 1}, target_id=0: 0.0007265ms, 1%
@225 = broadcast[axis=1,out_lens={64, 256, 14, 14}](@223) -> half_type, {64, 256, 14, 14}, {0, 1, 0, 0}, target_id=0: 0.00086282ms, 1%
@226 = gpu::code_object[code_object=5320,symbol_name=add_relu_kernel,global=802816,local=1024,](@220,@225,@224) -> half_type, {64, 256, 14, 14}, {50176, 196, 14, 1}, target_id=0: 0.157936ms, 1%
@227 = load[offset=12845056,end=38535168](@1) -> half_type, {64, 1024, 14, 14}, {200704, 196, 14, 1}, target_id=0: 0.0006847ms, 1%
@228 = broadcast[axis=1,out_lens={64, 1024, 14, 14}](@222) -> half_type, {64, 1024, 14, 14}, {0, 1, 0, 0}, target_id=0: 0.00102652ms, 1%
@229 = gpu::code_object[code_object=9816,symbol_name=mlir_convolution_add_add_relu,global=200704,local=256,](@228,@211,@226,@221,@227) -> half_type, {64, 1024, 14, 14}, {200704, 196, 14, 1}, target_id=0: 0.249536ms, 2%
@230 = hip::hip_copy_literal[id=main:@literal:79] -> half_type, {256, 256, 3, 3}, {2304, 9, 3, 1}, target_id=0: 0.00066184ms, 1%
@231 = hip::hip_copy_literal[id=main:@literal:77] -> half_type, {256, 1024, 1, 1}, {1024, 1, 1, 1}, target_id=0: 0.00051198ms, 1%
@232 = hip::hip_copy_literal[id=main:@literal:78] -> half_type, {256}, {1}, target_id=0: 0.0006219ms, 1%
@233 = broadcast[axis=1,out_lens={64, 256, 14, 14}](@232) -> half_type, {64, 256, 14, 14}, {0, 1, 0, 0}, target_id=0: 0.00076938ms, 1%
@234 = load[offset=6422528,end=12845056](@1) -> half_type, {64, 256, 14, 14}, {50176, 196, 14, 1}, target_id=0: 0.00061168ms, 1%
@235 = gpu::code_object[code_object=9360,symbol_name=mlir_convolution_add_relu,global=50176,local=256,](@233,@229,@231,@234) -> half_type, {64, 256, 14, 14}, {50176, 196, 14, 1}, target_id=0: 0.16968ms, 1%
@236 = load[offset=0,end=0](@1) -> int8_type, {0}, {1}, target_id=0: 0.0006594ms, 1%
@237 = load[offset=0,end=6422528](@1) -> half_type, {64, 256, 14, 14}, {50176, 196, 14, 1}, target_id=0: 0.00055104ms, 1%
@238 = gpu::convolution[op={padding={1, 1, 1, 1},stride={1, 1},dilation={1, 1},group=1,padding_mode=0},solution_object={binary_object: 475},algo=0,solution_id=0](@235,@230,@236,@237) -> half_type, {64, 256, 14, 14}, {50176, 196, 14, 1}, target_id=0: 0.396692ms, 2%
@239 = hip::hip_copy_literal[id=main:@literal:82] -> half_type, {1024}, {1}, target_id=0: 0.00068354ms, 1%
@240 = hip::hip_copy_literal[id=main:@literal:81] -> half_type, {1024, 256, 1, 1}, {256, 1, 1, 1}, target_id=0: 0.0007156ms, 1%
@241 = hip::hip_copy_literal[id=main:@literal:80] -> half_type, {256}, {1}, target_id=0: 0.00053662ms, 1%
@242 = broadcast[axis=1,out_lens={64, 256, 14, 14}](@241) -> half_type, {64, 256, 14, 14}, {0, 1, 0, 0}, target_id=0: 0.00087882ms, 1%
@243 = load[offset=65732608,end=72155136](@1) -> half_type, {64, 256, 14, 14}, {50176, 196, 14, 1}, target_id=0: 0.00073184ms, 1%
@244 = gpu::code_object[code_object=5320,symbol_name=add_relu_kernel,global=802816,local=1024,](@238,@242,@243) -> half_type, {64, 256, 14, 14}, {50176, 196, 14, 1}, target_id=0: 0.168304ms, 1%
@245 = load[offset=40042496,end=65732608](@1) -> half_type, {64, 1024, 14, 14}, {200704, 196, 14, 1}, target_id=0: 0.00067232ms, 1%
@246 = broadcast[axis=1,out_lens={64, 1024, 14, 14}](@239) -> half_type, {64, 1024, 14, 14}, {0, 1, 0, 0}, target_id=0: 0.00090418ms, 1%
@247 = gpu::code_object[code_object=9816,symbol_name=mlir_convolution_add_add_relu,global=200704,local=256,](@246,@229,@244,@240,@245) -> half_type, {64, 1024, 14, 14}, {200704, 196, 14, 1}, target_id=0: 0.243156ms, 2%
@248 = hip::hip_copy_literal[id=main:@literal:86] -> half_type, {512, 512, 3, 3}, {4608, 9, 3, 1}, target_id=0: 0.00064846ms, 1%
@249 = hip::hip_copy_literal[id=main:@literal:85] -> half_type, {512}, {1}, target_id=0: 0.0005278ms, 1%
@250 = hip::hip_copy_literal[id=main:@literal:84] -> half_type, {512, 1024, 1, 1}, {1024, 1, 1, 1}, target_id=0: 0.00059418ms, 1%
@251 = load[offset=0,end=12845056](@1) -> half_type, {64, 512, 14, 14}, {100352, 196, 14, 1}, target_id=0: 0.0006334ms, 1%
@252 = broadcast[axis=1,out_lens={64, 512, 14, 14}](@249) -> half_type, {64, 512, 14, 14}, {0, 1, 0, 0}, target_id=0: 0.00074776ms, 1%
@253 = gpu::code_object[code_object=9360,symbol_name=mlir_convolution_add_relu,global=100352,local=256,](@252,@247,@250,@251) -> half_type, {64, 512, 14, 14}, {100352, 196, 14, 1}, target_id=0: 0.236484ms, 2%
@254 = load[offset=68943872,end=96141312](@1) -> int8_type, {27197440}, {1}, target_id=0: 0.00067984ms, 1%
@255 = load[offset=65732608,end=68943872](@1) -> half_type, {64, 512, 7, 7}, {25088, 49, 7, 1}, target_id=0: 0.00056646ms, 1%
@256 = gpu::convolution[op={padding={1, 1, 1, 1},stride={2, 2},dilation={1, 1},group=1,padding_mode=0},solution_object={binary_object: 558},algo=0,solution_id=0](@253,@248,@254,@255) -> half_type, {64, 512, 7, 7}, {25088, 49, 7, 1}, target_id=0: 0.578507ms, 3%
@257 = hip::hip_copy_literal[id=main:@literal:88] -> half_type, {512}, {1}, target_id=0: 0.0007429ms, 1%
@258 = hip::hip_copy_literal[id=main:@literal:89] -> half_type, {2048, 1536, 1, 1}, {1536, 1, 1, 1}, target_id=0: 0.0006127ms, 1%
@259 = hip::hip_copy_literal[id=main:@literal:83] -> half_type, {2048}, {1}, target_id=0: 0.000532ms, 1%
@260 = load[offset=19267584,end=28901376](@1) -> half_type, {64, 1536, 7, 7}, {75264, 49, 7, 1}, target_id=0: 0.00110308ms, 1%
@261 = step[axes={2, 3},steps={2, 2}](@247) -> half_type, {64, 1024, 7, 7}, {200704, 196, 28, 2}, target_id=0: 0.00112654ms, 1%
@262 = broadcast[axis=1,out_lens={64, 512, 7, 7}](@257) -> half_type, {64, 512, 7, 7}, {0, 1, 0, 0}, target_id=0: 0.0008809ms, 1%
@263 = gpu::code_object[code_object=5872,symbol_name=add_relu_noop_concat_noop_kernel,global=2408448,local=1024,](@256,@262,@261,@260) -> half_type, {64, 1536, 7, 7}, {75264, 49, 7, 1}, target_id=0: 0.302206ms, 2%
@264 = load[offset=6422528,end=19267584](@1) -> half_type, {64, 2048, 7, 7}, {100352, 49, 7, 1}, target_id=0: 0.00070762ms, 1%
@265 = broadcast[axis=1,out_lens={64, 2048, 7, 7}](@259) -> half_type, {64, 2048, 7, 7}, {0, 1, 0, 0}, target_id=0: 0.00075716ms, 1%
@266 = gpu::code_object[code_object=10256,symbol_name=mlir_convolution_add_relu,global=102400,local=256,](@265,@263,@258,@264) -> half_type, {64, 2048, 7, 7}, {100352, 49, 7, 1}, target_id=0: 0.438557ms, 2%
@267 = hip::hip_copy_literal[id=main:@literal:4] -> half_type, {512, 2048, 1, 1}, {2048, 1, 1, 1}, target_id=0: 0.00066404ms, 1%
@268 = hip::hip_copy_literal[id=main:@literal:90] -> half_type, {512}, {1}, target_id=0: 0.00060974ms, 1%
@269 = hip::hip_copy_literal[id=main:@literal:91] -> half_type, {512, 512, 3, 3}, {4608, 9, 3, 1}, target_id=0: 0.00057008ms, 1%
@270 = load[offset=3211264,end=6422528](@1) -> half_type, {64, 512, 7, 7}, {25088, 49, 7, 1}, target_id=0: 0.00063164ms, 1%
@271 = broadcast[axis=1,out_lens={64, 512, 7, 7}](@268) -> half_type, {64, 512, 7, 7}, {0, 1, 0, 0}, target_id=0: 0.00087048ms, 1%
@272 = gpu::code_object[code_object=10384,symbol_name=mlir_convolution_add_relu,global=25600,local=256,](@271,@266,@267,@270) -> half_type, {64, 512, 7, 7}, {25088, 49, 7, 1}, target_id=0: 0.318505ms, 2%
@273 = load[offset=0,end=0](@1) -> int8_type, {0}, {1}, target_id=0: 0.0007075ms, 1%
@274 = load[offset=0,end=3211264](@1) -> half_type, {64, 512, 7, 7}, {25088, 49, 7, 1}, target_id=0: 0.0005454ms, 1%
@275 = gpu::convolution[op={padding={1, 1, 1, 1},stride={1, 1},dilation={1, 1},group=1,padding_mode=0},solution_object={binary_object: 436},algo=0,solution_id=0](@272,@269,@273,@274) -> half_type, {64, 512, 7, 7}, {25088, 49, 7, 1}, target_id=0: 0.488952ms, 3%
@276 = hip::hip_copy_literal[id=main:@literal:93] -> half_type, {2048}, {1}, target_id=0: 0.00068574ms, 1%
@277 = hip::hip_copy_literal[id=main:@literal:92] -> half_type, {2048, 512, 1, 1}, {512, 1, 1, 1}, target_id=0: 0.00073672ms, 1%
@278 = hip::hip_copy_literal[id=main:@literal:35] -> half_type, {512}, {1}, target_id=0: 0.0005224ms, 1%
@279 = load[offset=32112640,end=35323904](@1) -> half_type, {64, 512, 7, 7}, {25088, 49, 7, 1}, target_id=0: 0.00074666ms, 1%
@280 = broadcast[axis=1,out_lens={64, 512, 7, 7}](@278) -> half_type, {64, 512, 7, 7}, {0, 1, 0, 0}, target_id=0: 0.00088744ms, 1%
@281 = gpu::code_object[code_object=5256,symbol_name=add_relu_kernel,global=1605632,local=1024,](@275,@280,@279) -> half_type, {64, 512, 7, 7}, {25088, 49, 7, 1}, target_id=0: 0.278626ms, 2%
@282 = load[offset=19267584,end=32112640](@1) -> half_type, {64, 2048, 7, 7}, {100352, 49, 7, 1}, target_id=0: 0.00070582ms, 1%
@283 = broadcast[axis=1,out_lens={64, 2048, 7, 7}](@276) -> half_type, {64, 2048, 7, 7}, {0, 1, 0, 0}, target_id=0: 0.00084618ms, 1%
@284 = gpu::code_object[code_object=10328,symbol_name=mlir_convolution_add_add_relu,global=102400,local=256,](@283,@266,@281,@277,@282) -> half_type, {64, 2048, 7, 7}, {100352, 49, 7, 1}, target_id=0: 0.266921ms, 2%
@285 = hip::hip_copy_literal[id=main:@literal:95] -> half_type, {512, 512, 3, 3}, {4608, 9, 3, 1}, target_id=0: 0.00066422ms, 1%
@286 = hip::hip_copy_literal[id=main:@literal:94] -> half_type, {512}, {1}, target_id=0: 0.000541ms, 1%
@287 = hip::hip_copy_literal[id=main:@literal:87] -> half_type, {512, 2048, 1, 1}, {2048, 1, 1, 1}, target_id=0: 0.0005937ms, 1%
@288 = load[offset=6422528,end=9633792](@1) -> half_type, {64, 512, 7, 7}, {25088, 49, 7, 1}, target_id=0: 0.00062732ms, 1%
@289 = broadcast[axis=1,out_lens={64, 512, 7, 7}](@286) -> half_type, {64, 512, 7, 7}, {0, 1, 0, 0}, target_id=0: 0.00075756ms, 1%
@290 = gpu::code_object[code_object=10384,symbol_name=mlir_convolution_add_relu,global=25600,local=256,](@289,@284,@287,@288) -> half_type, {64, 512, 7, 7}, {25088, 49, 7, 1}, target_id=0: 0.303299ms, 2%
@291 = load[offset=0,end=0](@1) -> int8_type, {0}, {1}, target_id=0: 0.00066944ms, 1%
@292 = load[offset=3211264,end=6422528](@1) -> half_type, {64, 512, 7, 7}, {25088, 49, 7, 1}, target_id=0: 0.00054922ms, 1%
@293 = gpu::convolution[op={padding={1, 1, 1, 1},stride={1, 1},dilation={1, 1},group=1,padding_mode=0},solution_object={binary_object: 472},algo=0,solution_id=0](@290,@285,@291,@292) -> half_type, {64, 512, 7, 7}, {25088, 49, 7, 1}, target_id=0: 1.27138ms, 6%
@294 = hip::hip_copy_literal[id=main:@literal:0] -> half_type, {2048, 1000}, {1000, 1}, target_id=0: 0.00081506ms, 1%
@295 = hip::hip_copy_literal[id=main:@literal:99] -> half_type, {1000}, {1}, target_id=0: 0.00064258ms, 1%
@296 = hip::hip_copy_literal[id=main:@literal:98] -> half_type, {2048}, {1}, target_id=0: 0.000531ms, 1%
@297 = hip::hip_copy_literal[id=main:@literal:97] -> half_type, {2048, 512, 1, 1}, {512, 1, 1, 1}, target_id=0: 0.0005859ms, 1%
@298 = hip::hip_copy_literal[id=main:@literal:96] -> half_type, {512}, {1}, target_id=0: 0.00057388ms, 1%
@299 = load[offset=0,end=3211264](@1) -> half_type, {64, 512, 7, 7}, {25088, 49, 7, 1}, target_id=0: 0.00074764ms, 1%
@300 = broadcast[axis=1,out_lens={64, 512, 7, 7}](@298) -> half_type, {64, 512, 7, 7}, {0, 1, 0, 0}, target_id=0: 0.00087526ms, 1%
@301 = gpu::code_object[code_object=5256,symbol_name=add_relu_kernel,global=1605632,local=1024,](@293,@300,@299) -> half_type, {64, 512, 7, 7}, {25088, 49, 7, 1}, target_id=0: 0.209556ms, 1%
@302 = load[offset=6422528,end=19267584](@1) -> half_type, {64, 2048, 7, 7}, {100352, 49, 7, 1}, target_id=0: 0.00068102ms, 1%
@303 = gpu::code_object[code_object=7928,symbol_name=mlir_convolution,global=102400,local=256,](@301,@297,@302) -> half_type, {64, 2048, 7, 7}, {100352, 49, 7, 1}, target_id=0: 0.2262ms, 1%
@304 = load[offset=0,end=262144](@1) -> half_type, {64, 2048, 1, 1}, {2048, 1, 1, 1}, target_id=0: 0.00066294ms, 1%
@305 = broadcast[axis=1,out_lens={64, 2048, 7, 7}](@296) -> half_type, {64, 2048, 7, 7}, {0, 1, 0, 0}, target_id=0: 0.00080694ms, 1%
@306 = gpu::code_object[code_object=5488,symbol_name=add_add_relu_mul_reduce_sum_kernel,global=8388608,local=64,](@303,@305,@284,@304) -> half_type, {64, 2048, 1, 1}, {2048, 1, 1, 1}, target_id=0: 0.290998ms, 2%
@307 = load[offset=262144,end=390144](@1) -> half_type, {64, 1000}, {1000, 1}, target_id=0: 0.00068728ms, 1%
@308 = flatten[axis=1](@306) -> half_type, {64, 2048}, {2048, 1}, target_id=0: 0.00098972ms, 1%
@309 = gpu::gemm[alpha=1,beta=0,compute_fp32=1,trans_batch=0,solution_idx=0](@308,@294,@307) -> half_type, {64, 1000}, {1000, 1}, target_id=0: 0.174977ms, 1%
main:#output_0 = @param:main:#output_0 -> float_type, {64, 1000}, {1000, 1}, target_id=0: 0.00093974ms, 1%
@311 = multibroadcast[out_lens={64, 1000},out_dyn_dims={}](@295) -> half_type, {64, 1000}, {0, 1}, target_id=0: 0.00174612ms, 1%
@312 = gpu::code_object[code_object=5072,symbol_name=add_convert_kernel,global=32000,local=1024,](@309,@311,main:#output_0) -> float_type, {64, 1000}, {1000, 1}, target_id=0: 0.0491383ms, 1%
@313 = @return(@312), target_id=0
Summary:
gpu::convolution: 8.03026ms / 16 = 0.501891ms, 35%
gpu::code_object::mlir_convolution_add_relu: 5.86063ms / 21 = 0.279077ms, 26%
gpu::code_object::mlir_convolution_add_add_relu: 3.11462ms / 11 = 0.283147ms, 14%
gpu::code_object::add_relu_kernel: 2.35581ms / 12 = 0.196317ms, 11%
gpu::code_object::add_relu_noop_concat_noop_kernel: 2.09621ms / 4 = 0.524053ms, 10%
gpu::pooling: 0.448998ms / 1 = 0.448998ms, 2%
gpu::code_object::add_add_relu_mul_reduce_sum_kernel: 0.290998ms / 1 = 0.290998ms, 2%
gpu::code_object::convert_kernel: 0.285513ms / 1 = 0.285513ms, 2%
gpu::code_object::mlir_convolution: 0.2262ms / 1 = 0.2262ms, 1%
gpu::gemm: 0.174977ms / 1 = 0.174977ms, 1%
hip::hip_copy_literal: 0.0635066ms / 100 = 0.000635066ms, 1%
load: 0.0563256ms / 85 = 0.000662654ms, 1%
gpu::code_object::add_convert_kernel: 0.0491383ms / 1 = 0.0491383ms, 1%
broadcast: 0.0427954ms / 49 = 0.000873375ms, 1%
step: 0.00348588ms / 3 = 0.00116196ms, 1%
multibroadcast: 0.00174612ms / 1 = 0.00174612ms, 1%
@param: 0.00136608ms / 2 = 0.00068304ms, 1%
check_context::migraphx::gpu::context: 0.00109128ms / 1 = 0.00109128ms, 1%
flatten: 0.00098972ms / 1 = 0.00098972ms, 1%
hip::hip_allocate_memory: 0.00091838ms / 1 = 0.00091838ms, 1%

Batch size: 1
Rate: 33.5494 inferences/sec
Total time: 29.8068ms
Total instructions time: 23.1056ms
Overhead time: 0.0479553ms, 6.70125ms
Overhead: 0%, 22%
[ MIGraphX Version: 2.10.0.9186c379f ] Complete: /src/AMDMIGraphX/build/bin/driver perf --fp16 --gpu /new-saved-models/torchvision/resnet50i64.onnx
