Running [ MIGraphX Version: 2.10.0.3ace932f2 ]: /src/AMDMIGraphX/build/bin/driver perf --gpu /new-saved-models/slim/resnet50v2_i64.pb
Compiling ... 
Reading: /new-saved-models/slim/resnet50v2_i64.pb
module: "main"
@0 = check_context::migraphx::gpu::context -> float_type, {}, {}
@1 = hip::hip_allocate_memory[shape=int8_type, {513802240}, {1},id=main:scratch] -> int8_type, {513802240}, {1}
@2 = hip::hip_copy_literal[id=main:@literal:14] -> float_type, {64, 3, 7, 7}, {147, 49, 7, 1}
@3 = hip::hip_copy_literal[id=main:@literal:123] -> float_type, {64}, {1}
@4 = load[offset=209207296,end=414728192](@1) -> float_type, {64, 64, 112, 112}, {802816, 12544, 112, 1}
@5 = broadcast[axis=1,out_lens={64, 64, 112, 112}](@3) -> float_type, {64, 64, 112, 112}, {0, 1, 0, 0}
input = @param:input -> float_type, {64, 3, 224, 224}, {150528, 50176, 224, 1}
@7 = gpu::code_object[code_object=6184,symbol_name=mlir_convolution_add,global=1605632,local=256,](@5,input,@2,@4) -> float_type, {64, 64, 112, 112}, {802816, 12544, 112, 1}
@8 = load[offset=0,end=209207296](@1) -> float_type, {64, 64, 113, 113}, {817216, 12769, 113, 1}
@9 = gpu::code_object[code_object=4192,symbol_name=pad_kernel,global=307200,local=1024,](@7,@8) -> float_type, {64, 64, 113, 113}, {817216, 12769, 113, 1}
@10 = load[offset=209207296,end=260587520](@1) -> float_type, {64, 64, 56, 56}, {200704, 3136, 56, 1}
@11 = gpu::pooling[mode=max,padding={0, 0, 0, 0},padding_mode=0,stride={2, 2},lengths={3, 3},dilations={1, 1},ceil_mode=0,lp_order=2,dyn_global=0](@9,@10) -> float_type, {64, 64, 56, 56}, {200704, 3136, 56, 1}
@12 = hip::hip_copy_literal[id=main:@literal:55] -> float_type, {64, 1, 1}, {1, 1, 1}
@13 = hip::hip_copy_literal[id=main:@literal:92] -> float_type, {64, 1, 1}, {1, 1, 1}
@14 = load[offset=102760448,end=154140672](@1) -> float_type, {64, 64, 56, 56}, {200704, 3136, 56, 1}
@15 = multibroadcast[out_lens={64, 64, 56, 56},out_dyn_dims={}](@12) -> float_type, {64, 64, 56, 56}, {0, 1, 0, 0}
@16 = multibroadcast[out_lens={64, 64, 56, 56},out_dyn_dims={}](@13) -> float_type, {64, 64, 56, 56}, {0, 1, 0, 0}
@17 = gpu::code_object[code_object=4328,symbol_name=mul_add_relu_kernel,global=1605632,local=1024,](@16,@11,@15,@14) -> float_type, {64, 64, 56, 56}, {200704, 3136, 56, 1}
@18 = hip::hip_copy_literal[id=main:@literal:26] -> float_type, {64, 64, 3, 3}, {576, 9, 3, 1}
@19 = hip::hip_copy_literal[id=main:@literal:25] -> float_type, {64, 64, 1, 1}, {64, 1, 1, 1}
@20 = hip::hip_copy_literal[id=main:@literal:78] -> float_type, {64, 1, 1}, {1, 1, 1}
@21 = load[offset=0,end=51380224](@1) -> float_type, {64, 64, 56, 56}, {200704, 3136, 56, 1}
@22 = multibroadcast[out_lens={64, 64, 56, 56},out_dyn_dims={}](@20) -> float_type, {64, 64, 56, 56}, {0, 1, 0, 0}
@23 = gpu::code_object[code_object=6488,symbol_name=mlir_convolution_add_relu,global=802816,local=256,](@22,@17,@19,@21) -> float_type, {64, 64, 56, 56}, {200704, 3136, 56, 1}
@24 = load[offset=0,end=0](@1) -> int8_type, {0}, {1}
@25 = load[offset=154140672,end=205520896](@1) -> float_type, {64, 64, 56, 56}, {200704, 3136, 56, 1}
@26 = gpu::convolution[op={padding={1, 1, 1, 1},stride={1, 1},dilation={1, 1},group=1,padding_mode=0},solution_object={binary_object: 430},algo=0,solution_id=0](@23,@18,@24,@25) -> float_type, {64, 64, 56, 56}, {200704, 3136, 56, 1}
@27 = hip::hip_copy_literal[id=main:@literal:98] -> float_type, {64, 1, 1}, {1, 1, 1}
@28 = multibroadcast[out_lens={64, 64, 56, 56},out_dyn_dims={}](@27) -> float_type, {64, 64, 56, 56}, {0, 1, 0, 0}
@29 = load[offset=0,end=102760448](@1) -> float_type, {64, 128, 56, 56}, {401408, 3136, 56, 1}
@30 = gpu::code_object[code_object=4536,symbol_name=noop_add_relu_concat_noop_kernel,global=1605632,local=1024,](@17,@26,@28,@29) -> float_type, {64, 128, 56, 56}, {401408, 3136, 56, 1}
@31 = hip::hip_copy_literal[id=main:@literal:28] -> float_type, {256, 128, 1, 1}, {128, 1, 1, 1}
@32 = hip::hip_copy_literal[id=main:@literal:85] -> float_type, {64, 1, 1}, {1, 1, 1}
@33 = hip::hip_copy_literal[id=main:@literal:12] -> float_type, {64, 256, 1, 1}, {256, 1, 1, 1}
@34 = hip::hip_copy_literal[id=main:@literal:86] -> float_type, {256}, {1}
@35 = hip::hip_copy_literal[id=main:@literal:96] -> float_type, {256, 1, 1}, {1, 1, 1}
@36 = broadcast[axis=1,out_lens={64, 256, 56, 56}](@34) -> float_type, {64, 256, 56, 56}, {0, 1, 0, 0}
@37 = load[offset=205520896,end=411041792](@1) -> float_type, {64, 256, 56, 56}, {802816, 3136, 56, 1}
@38 = multibroadcast[out_lens={64, 256, 56, 56},out_dyn_dims={}](@35) -> float_type, {64, 256, 56, 56}, {0, 1, 0, 0}
@39 = gpu::code_object[code_object=11112,symbol_name=mlir_convolution_mul_add_relu,global=802816,local=256,](@38,@36,@30,@31,@37) -> float_type, {64, 256, 56, 56}, {802816, 3136, 56, 1}
@40 = multibroadcast[out_lens={64, 64, 56, 56},out_dyn_dims={}](@32) -> float_type, {64, 64, 56, 56}, {0, 1, 0, 0}
@41 = load[offset=154140672,end=205520896](@1) -> float_type, {64, 64, 56, 56}, {200704, 3136, 56, 1}
@42 = gpu::code_object[code_object=10720,symbol_name=mlir_convolution_add_relu,global=200704,local=256,](@40,@39,@33,@41) -> float_type, {64, 64, 56, 56}, {200704, 3136, 56, 1}
@43 = hip::hip_copy_literal[id=main:@literal:106] -> float_type, {64, 1, 1}, {1, 1, 1}
@44 = hip::hip_copy_literal[id=main:@literal:29] -> float_type, {256, 64, 1, 1}, {64, 1, 1, 1}
@45 = hip::hip_copy_literal[id=main:@literal:24] -> float_type, {64, 64, 3, 3}, {576, 9, 3, 1}
@46 = multibroadcast[out_lens={64, 64, 56, 56},out_dyn_dims={}](@43) -> float_type, {64, 64, 56, 56}, {0, 1, 0, 0}
@47 = load[offset=102760448,end=154140672](@1) -> float_type, {64, 64, 56, 56}, {200704, 3136, 56, 1}
@48 = gpu::miopen_fusion[ops={{op=convolution[padding={1, 1, 1, 1},stride={1, 1},dilation={1, 1},group=1,padding_mode=0],alpha=1,beta=0}, {op=add,alpha=1,beta=0}, {op=relu,alpha=1,beta=0}}](@42,@45,@46,@47) -> float_type, {64, 64, 56, 56}, {200704, 3136, 56, 1}
@49 = load[offset=308281344,end=513802240](@1) -> float_type, {64, 256, 56, 56}, {802816, 3136, 56, 1}
@50 = gpu::code_object[code_object=5192,symbol_name=mlir_convolution,global=3211264,local=256,](@48,@44,@49) -> float_type, {64, 256, 56, 56}, {802816, 3136, 56, 1}
@51 = hip::hip_copy_literal[id=main:@literal:88] -> float_type, {256}, {1}
@52 = broadcast[axis=1,out_lens={64, 256, 56, 56}](@51) -> float_type, {64, 256, 56, 56}, {0, 1, 0, 0}
@53 = load[offset=102760448,end=308281344](@1) -> float_type, {64, 256, 56, 56}, {802816, 3136, 56, 1}
@54 = gpu::code_object[code_object=9272,symbol_name=mlir_convolution_add_add,global=802816,local=256,](@50,@52,@30,@31,@53) -> float_type, {64, 256, 56, 56}, {802816, 3136, 56, 1}
@55 = hip::hip_copy_literal[id=main:@literal:84] -> float_type, {256, 1, 1}, {1, 1, 1}
@56 = hip::hip_copy_literal[id=main:@literal:90] -> float_type, {64, 1, 1}, {1, 1, 1}
@57 = hip::hip_copy_literal[id=main:@literal:21] -> float_type, {64, 256, 1, 1}, {256, 1, 1, 1}
@58 = hip::hip_copy_literal[id=main:@literal:104] -> float_type, {256, 1, 1}, {1, 1, 1}
@59 = load[offset=308281344,end=513802240](@1) -> float_type, {64, 256, 56, 56}, {802816, 3136, 56, 1}
@60 = multibroadcast[out_lens={64, 256, 56, 56},out_dyn_dims={}](@55) -> float_type, {64, 256, 56, 56}, {0, 1, 0, 0}
@61 = multibroadcast[out_lens={64, 256, 56, 56},out_dyn_dims={}](@58) -> float_type, {64, 256, 56, 56}, {0, 1, 0, 0}
@62 = gpu::code_object[code_object=4352,symbol_name=mul_add_relu_kernel,global=6422528,local=1024,](@60,@54,@61,@59) -> float_type, {64, 256, 56, 56}, {802816, 3136, 56, 1}
@63 = load[offset=0,end=51380224](@1) -> float_type, {64, 64, 56, 56}, {200704, 3136, 56, 1}
@64 = multibroadcast[out_lens={64, 64, 56, 56},out_dyn_dims={}](@56) -> float_type, {64, 64, 56, 56}, {0, 1, 0, 0}
@65 = gpu::code_object[code_object=10720,symbol_name=mlir_convolution_add_relu,global=200704,local=256,](@64,@62,@57,@63) -> float_type, {64, 64, 56, 56}, {200704, 3136, 56, 1}
@66 = hip::hip_copy_literal[id=main:@literal:30] -> float_type, {64, 64, 3, 3}, {576, 9, 3, 1}
@67 = load[offset=0,end=0](@1) -> int8_type, {0}, {1}
@68 = load[offset=64225280,end=77070336](@1) -> float_type, {64, 64, 28, 28}, {50176, 784, 28, 1}
@69 = gpu::convolution[op={padding={1, 1, 1, 1},stride={2, 2},dilation={1, 1},group=1,padding_mode=0},solution_object={binary_object: 451},algo=0,solution_id=0](@65,@66,@67,@68) -> float_type, {64, 64, 28, 28}, {50176, 784, 28, 1}
@70 = load[offset=12845056,end=64225280](@1) -> float_type, {64, 256, 28, 28}, {200704, 784, 28, 1}
@71 = gpu::pooling[mode=max,padding={0, 0, 0, 0},padding_mode=0,stride={2, 2},lengths={1, 1},dilations={1, 1},ceil_mode=0,lp_order=2,dyn_global=0](@54,@70) -> float_type, {64, 256, 28, 28}, {200704, 784, 28, 1}
@72 = hip::hip_copy_literal[id=main:@literal:100] -> float_type, {256, 1, 1}, {1, 1, 1}
@73 = hip::hip_copy_literal[id=main:@literal:107] -> float_type, {256, 1, 1}, {1, 1, 1}
@74 = hip::hip_copy_literal[id=main:@literal:36] -> float_type, {256, 64, 1, 1}, {64, 1, 1, 1}
@75 = hip::hip_copy_literal[id=main:@literal:89] -> float_type, {64, 1, 1}, {1, 1, 1}
@76 = multibroadcast[out_lens={64, 64, 28, 28},out_dyn_dims={}](@75) -> float_type, {64, 64, 28, 28}, {0, 1, 0, 0}
@77 = load[offset=128450560,end=141295616](@1) -> float_type, {64, 64, 28, 28}, {50176, 784, 28, 1}
@78 = gpu::code_object[code_object=4296,symbol_name=add_relu_kernel,global=401408,local=1024,](@69,@76,@77) -> float_type, {64, 64, 28, 28}, {50176, 784, 28, 1}
@79 = hip::hip_copy_literal[id=main:@literal:122] -> float_type, {256}, {1}
@80 = load[offset=77070336,end=128450560](@1) -> float_type, {64, 256, 28, 28}, {200704, 784, 28, 1}
@81 = multibroadcast[out_lens={64, 256, 28, 28},out_dyn_dims={}](@72) -> float_type, {64, 256, 28, 28}, {0, 1, 0, 0}
@82 = multibroadcast[out_lens={64, 256, 28, 28},out_dyn_dims={}](@73) -> float_type, {64, 256, 28, 28}, {0, 1, 0, 0}
@83 = broadcast[axis=1,out_lens={64, 256, 28, 28}](@79) -> float_type, {64, 256, 28, 28}, {0, 1, 0, 0}
@84 = gpu::code_object[code_object=4968,symbol_name=mlir_convolution_add_add_mul_add_relu,global=3211264,local=256,](@83,@71,@82,@81,@78,@74,@80) -> float_type, {64, 256, 28, 28}, {200704, 784, 28, 1}
@85 = hip::hip_copy_literal[id=main:@literal:35] -> float_type, {128, 256, 1, 1}, {256, 1, 1, 1}
@86 = hip::hip_copy_literal[id=main:@literal:79] -> float_type, {128, 1, 1}, {1, 1, 1}
@87 = multibroadcast[out_lens={64, 128, 28, 28},out_dyn_dims={}](@86) -> float_type, {64, 128, 28, 28}, {0, 1, 0, 0}
@88 = load[offset=0,end=25690112](@1) -> float_type, {64, 128, 28, 28}, {100352, 784, 28, 1}
@89 = gpu::code_object[code_object=6512,symbol_name=mlir_convolution_add_relu,global=401408,local=256,](@87,@84,@85,@88) -> float_type, {64, 128, 28, 28}, {100352, 784, 28, 1}
@90 = hip::hip_copy_literal[id=main:@literal:34] -> float_type, {128, 128, 3, 3}, {1152, 9, 3, 1}
@91 = load[offset=0,end=0](@1) -> int8_type, {0}, {1}
@92 = load[offset=51380224,end=77070336](@1) -> float_type, {64, 128, 28, 28}, {100352, 784, 28, 1}
@93 = gpu::convolution[op={padding={1, 1, 1, 1},stride={1, 1},dilation={1, 1},group=1,padding_mode=0},solution_object={binary_object: 434},algo=0,solution_id=0](@89,@90,@91,@92) -> float_type, {64, 128, 28, 28}, {100352, 784, 28, 1}
@94 = hip::hip_copy_literal[id=main:@literal:20] -> float_type, {512, 384, 1, 1}, {384, 1, 1, 1}
@95 = hip::hip_copy_literal[id=main:@literal:102] -> float_type, {128, 1, 1}, {1, 1, 1}
@96 = load[offset=205520896,end=282591232](@1) -> float_type, {64, 384, 28, 28}, {301056, 784, 28, 1}
@97 = multibroadcast[out_lens={64, 128, 28, 28},out_dyn_dims={}](@95) -> float_type, {64, 128, 28, 28}, {0, 1, 0, 0}
@98 = gpu::code_object[code_object=4808,symbol_name=noop_add_relu_concat_noop_kernel,global=2408448,local=1024,](@84,@93,@97,@96) -> float_type, {64, 384, 28, 28}, {301056, 784, 28, 1}
@99 = hip::hip_copy_literal[id=main:@literal:109] -> float_type, {512, 1, 1}, {1, 1, 1}
@100 = hip::hip_copy_literal[id=main:@literal:82] -> float_type, {512}, {1}
@101 = broadcast[axis=1,out_lens={64, 512, 28, 28}](@100) -> float_type, {64, 512, 28, 28}, {0, 1, 0, 0}
@102 = multibroadcast[out_lens={64, 512, 28, 28},out_dyn_dims={}](@99) -> float_type, {64, 512, 28, 28}, {0, 1, 0, 0}
@103 = load[offset=0,end=102760448](@1) -> float_type, {64, 512, 28, 28}, {401408, 784, 28, 1}
@104 = gpu::code_object[code_object=11112,symbol_name=mlir_convolution_mul_add_relu,global=401408,local=256,](@102,@101,@98,@94,@103) -> float_type, {64, 512, 28, 28}, {401408, 784, 28, 1}
@105 = hip::hip_copy_literal[id=main:@literal:19] -> float_type, {128, 512, 1, 1}, {512, 1, 1, 1}
@106 = hip::hip_copy_literal[id=main:@literal:108] -> float_type, {128, 1, 1}, {1, 1, 1}
@107 = load[offset=128450560,end=154140672](@1) -> float_type, {64, 128, 28, 28}, {100352, 784, 28, 1}
@108 = multibroadcast[out_lens={64, 128, 28, 28},out_dyn_dims={}](@106) -> float_type, {64, 128, 28, 28}, {0, 1, 0, 0}
@109 = gpu::code_object[code_object=5848,symbol_name=mlir_convolution_add_relu,global=401408,local=256,](@108,@104,@105,@107) -> float_type, {64, 128, 28, 28}, {100352, 784, 28, 1}
@110 = hip::hip_copy_literal[id=main:@literal:87] -> float_type, {128, 1, 1}, {1, 1, 1}
@111 = hip::hip_copy_literal[id=main:@literal:13] -> float_type, {128, 128, 3, 3}, {1152, 9, 3, 1}
@112 = load[offset=25690112,end=51380224](@1) -> float_type, {64, 128, 28, 28}, {100352, 784, 28, 1}
@113 = multibroadcast[out_lens={64, 128, 28, 28},out_dyn_dims={}](@110) -> float_type, {64, 128, 28, 28}, {0, 1, 0, 0}
@114 = gpu::miopen_fusion[ops={{op=convolution[padding={1, 1, 1, 1},stride={1, 1},dilation={1, 1},group=1,padding_mode=0],alpha=1,beta=0}, {op=add,alpha=1,beta=0}, {op=relu,alpha=1,beta=0}}](@109,@111,@113,@112) -> float_type, {64, 128, 28, 28}, {100352, 784, 28, 1}
@115 = hip::hip_copy_literal[id=main:@literal:33] -> float_type, {512, 128, 1, 1}, {128, 1, 1, 1}
@116 = load[offset=77070336,end=179830784](@1) -> float_type, {64, 512, 28, 28}, {401408, 784, 28, 1}
@117 = gpu::code_object[code_object=7440,symbol_name=mlir_convolution,global=401408,local=256,](@114,@115,@116) -> float_type, {64, 512, 28, 28}, {401408, 784, 28, 1}
@118 = load[offset=282591232,end=385351680](@1) -> float_type, {64, 512, 28, 28}, {401408, 784, 28, 1}
@119 = gpu::code_object[code_object=9176,symbol_name=mlir_convolution_add,global=401408,local=256,](@117,@98,@94,@118) -> float_type, {64, 512, 28, 28}, {401408, 784, 28, 1}
@120 = hip::hip_copy_literal[id=main:@literal:112] -> float_type, {128, 1, 1}, {1, 1, 1}
@121 = hip::hip_copy_literal[id=main:@literal:32] -> float_type, {128, 512, 1, 1}, {512, 1, 1, 1}
@122 = hip::hip_copy_literal[id=main:@literal:111] -> float_type, {512}, {1}
@123 = hip::hip_copy_literal[id=main:@literal:110] -> float_type, {512, 1, 1}, {1, 1, 1}
@124 = broadcast[axis=1,out_lens={64, 512, 28, 28}](@122) -> float_type, {64, 512, 28, 28}, {0, 1, 0, 0}
@125 = load[offset=51380224,end=154140672](@1) -> float_type, {64, 512, 28, 28}, {401408, 784, 28, 1}
@126 = multibroadcast[out_lens={64, 512, 28, 28},out_dyn_dims={}](@123) -> float_type, {64, 512, 28, 28}, {0, 1, 0, 0}
@127 = gpu::code_object[code_object=4328,symbol_name=mul_add_relu_kernel,global=3211264,local=1024,](@126,@119,@124,@125) -> float_type, {64, 512, 28, 28}, {401408, 784, 28, 1}
@128 = multibroadcast[out_lens={64, 128, 28, 28},out_dyn_dims={}](@120) -> float_type, {64, 128, 28, 28}, {0, 1, 0, 0}
@129 = load[offset=25690112,end=51380224](@1) -> float_type, {64, 128, 28, 28}, {100352, 784, 28, 1}
@130 = gpu::code_object[code_object=5848,symbol_name=mlir_convolution_add_relu,global=401408,local=256,](@128,@127,@121,@129) -> float_type, {64, 128, 28, 28}, {100352, 784, 28, 1}
@131 = hip::hip_copy_literal[id=main:@literal:11] -> float_type, {128, 128, 3, 3}, {1152, 9, 3, 1}
@132 = hip::hip_copy_literal[id=main:@literal:99] -> float_type, {512}, {1}
@133 = hip::hip_copy_literal[id=main:@literal:23] -> float_type, {512, 128, 1, 1}, {128, 1, 1, 1}
@134 = hip::hip_copy_literal[id=main:@literal:70] -> float_type, {128, 1, 1}, {1, 1, 1}
@135 = multibroadcast[out_lens={64, 128, 28, 28},out_dyn_dims={}](@134) -> float_type, {64, 128, 28, 28}, {0, 1, 0, 0}
@136 = load[offset=0,end=25690112](@1) -> float_type, {64, 128, 28, 28}, {100352, 784, 28, 1}
@137 = gpu::miopen_fusion[ops={{op=convolution[padding={1, 1, 1, 1},stride={1, 1},dilation={1, 1},group=1,padding_mode=0],alpha=1,beta=0}, {op=add,alpha=1,beta=0}, {op=relu,alpha=1,beta=0}}](@130,@131,@135,@136) -> float_type, {64, 128, 28, 28}, {100352, 784, 28, 1}
@138 = broadcast[axis=1,out_lens={64, 512, 28, 28}](@132) -> float_type, {64, 512, 28, 28}, {0, 1, 0, 0}
@139 = load[offset=134873088,end=237633536](@1) -> float_type, {64, 512, 28, 28}, {401408, 784, 28, 1}
@140 = gpu::code_object[code_object=9288,symbol_name=mlir_convolution_add_add,global=401408,local=256,](@119,@138,@137,@133,@139) -> float_type, {64, 512, 28, 28}, {401408, 784, 28, 1}
@141 = hip::hip_copy_literal[id=main:@literal:103] -> float_type, {512, 1, 1}, {1, 1, 1}
@142 = hip::hip_copy_literal[id=main:@literal:63] -> float_type, {128, 1, 1}, {1, 1, 1}
@143 = hip::hip_copy_literal[id=main:@literal:93] -> float_type, {512, 1, 1}, {1, 1, 1}
@144 = load[offset=25690112,end=128450560](@1) -> float_type, {64, 512, 28, 28}, {401408, 784, 28, 1}
@145 = multibroadcast[out_lens={64, 512, 28, 28},out_dyn_dims={}](@141) -> float_type, {64, 512, 28, 28}, {0, 1, 0, 0}
@146 = multibroadcast[out_lens={64, 512, 28, 28},out_dyn_dims={}](@143) -> float_type, {64, 512, 28, 28}, {0, 1, 0, 0}
@147 = gpu::code_object[code_object=4328,symbol_name=mul_add_relu_kernel,global=3211264,local=1024,](@145,@140,@146,@144) -> float_type, {64, 512, 28, 28}, {401408, 784, 28, 1}
@148 = hip::hip_copy_literal[id=main:@literal:16] -> float_type, {128, 128, 3, 3}, {1152, 9, 3, 1}
@149 = hip::hip_copy_literal[id=main:@literal:31] -> float_type, {128, 512, 1, 1}, {512, 1, 1, 1}
@150 = load[offset=0,end=25690112](@1) -> float_type, {64, 128, 28, 28}, {100352, 784, 28, 1}
@151 = multibroadcast[out_lens={64, 128, 28, 28},out_dyn_dims={}](@142) -> float_type, {64, 128, 28, 28}, {0, 1, 0, 0}
@152 = gpu::code_object[code_object=5848,symbol_name=mlir_convolution_add_relu,global=401408,local=256,](@151,@147,@149,@150) -> float_type, {64, 128, 28, 28}, {100352, 784, 28, 1}
@153 = load[offset=0,end=0](@1) -> int8_type, {0}, {1}
@154 = load[offset=57802752,end=64225280](@1) -> float_type, {64, 128, 14, 14}, {25088, 196, 14, 1}
@155 = gpu::convolution[op={padding={1, 1, 1, 1},stride={2, 2},dilation={1, 1},group=1,padding_mode=0},solution_object={binary_object: 472},algo=0,solution_id=0](@152,@148,@153,@154) -> float_type, {64, 128, 14, 14}, {25088, 196, 14, 1}
@156 = load[offset=32112640,end=57802752](@1) -> float_type, {64, 512, 14, 14}, {100352, 196, 14, 1}
@157 = gpu::pooling[mode=max,padding={0, 0, 0, 0},padding_mode=0,stride={2, 2},lengths={1, 1},dilations={1, 1},ceil_mode=0,lp_order=2,dyn_global=0](@140,@156) -> float_type, {64, 512, 14, 14}, {100352, 196, 14, 1}
@158 = hip::hip_copy_literal[id=main:@literal:10] -> float_type, {512, 128, 1, 1}, {128, 1, 1, 1}
@159 = hip::hip_copy_literal[id=main:@literal:77] -> float_type, {512, 1, 1}, {1, 1, 1}
@160 = hip::hip_copy_literal[id=main:@literal:67] -> float_type, {128, 1, 1}, {1, 1, 1}
@161 = load[offset=0,end=6422528](@1) -> float_type, {64, 128, 14, 14}, {25088, 196, 14, 1}
@162 = multibroadcast[out_lens={64, 128, 14, 14},out_dyn_dims={}](@160) -> float_type, {64, 128, 14, 14}, {0, 1, 0, 0}
@163 = gpu::code_object[code_object=4240,symbol_name=add_relu_kernel,global=401408,local=1024,](@155,@162,@161) -> float_type, {64, 128, 14, 14}, {25088, 196, 14, 1}
@164 = hip::hip_copy_literal[id=main:@literal:121] -> float_type, {512}, {1}
@165 = hip::hip_copy_literal[id=main:@literal:81] -> float_type, {512, 1, 1}, {1, 1, 1}
@166 = load[offset=96337920,end=122028032](@1) -> float_type, {64, 512, 14, 14}, {100352, 196, 14, 1}
@167 = multibroadcast[out_lens={64, 512, 14, 14},out_dyn_dims={}](@165) -> float_type, {64, 512, 14, 14}, {0, 1, 0, 0}
@168 = broadcast[axis=1,out_lens={64, 512, 14, 14}](@164) -> float_type, {64, 512, 14, 14}, {0, 1, 0, 0}
@169 = multibroadcast[out_lens={64, 512, 14, 14},out_dyn_dims={}](@159) -> float_type, {64, 512, 14, 14}, {0, 1, 0, 0}
@170 = gpu::code_object[code_object=8808,symbol_name=mlir_convolution_add_add_mul_add_relu,global=401408,local=256,](@168,@157,@167,@169,@163,@158,@166) -> float_type, {64, 512, 14, 14}, {100352, 196, 14, 1}
@171 = hip::hip_copy_literal[id=main:@literal:8] -> float_type, {256, 512, 1, 1}, {512, 1, 1, 1}
@172 = hip::hip_copy_literal[id=main:@literal:7] -> float_type, {256, 256, 3, 3}, {2304, 9, 3, 1}
@173 = hip::hip_copy_literal[id=main:@literal:75] -> float_type, {256, 1, 1}, {1, 1, 1}
@174 = load[offset=12845056,end=25690112](@1) -> float_type, {64, 256, 14, 14}, {50176, 196, 14, 1}
@175 = multibroadcast[out_lens={64, 256, 14, 14},out_dyn_dims={}](@173) -> float_type, {64, 256, 14, 14}, {0, 1, 0, 0}
@176 = gpu::code_object[code_object=5848,symbol_name=mlir_convolution_add_relu,global=200704,local=256,](@175,@170,@171,@174) -> float_type, {64, 256, 14, 14}, {50176, 196, 14, 1}
@177 = load[offset=0,end=0](@1) -> int8_type, {0}, {1}
@178 = load[offset=0,end=12845056](@1) -> float_type, {64, 256, 14, 14}, {50176, 196, 14, 1}
@179 = gpu::convolution[op={padding={1, 1, 1, 1},stride={1, 1},dilation={1, 1},group=1,padding_mode=0},solution_object={binary_object: 432},algo=0,solution_id=0](@176,@172,@177,@178) -> float_type, {64, 256, 14, 14}, {50176, 196, 14, 1}
@180 = hip::hip_copy_literal[id=main:@literal:97] -> float_type, {256, 1, 1}, {1, 1, 1}
@181 = load[offset=128450560,end=166985728](@1) -> float_type, {64, 768, 14, 14}, {150528, 196, 14, 1}
@182 = multibroadcast[out_lens={64, 256, 14, 14},out_dyn_dims={}](@180) -> float_type, {64, 256, 14, 14}, {0, 1, 0, 0}
@183 = gpu::code_object[code_object=4744,symbol_name=noop_add_relu_concat_noop_kernel,global=2408448,local=1024,](@170,@179,@182,@181) -> float_type, {64, 768, 14, 14}, {150528, 196, 14, 1}
@184 = hip::hip_copy_literal[id=main:@literal:3] -> float_type, {256, 1024, 1, 1}, {1024, 1, 1, 1}
@185 = hip::hip_copy_literal[id=main:@literal:37] -> float_type, {1024, 256, 1, 1}, {256, 1, 1, 1}
@186 = hip::hip_copy_literal[id=main:@literal:57] -> float_type, {256, 1, 1}, {1, 1, 1}
@187 = hip::hip_copy_literal[id=main:@literal:0] -> float_type, {256, 1024, 1, 1}, {1024, 1, 1, 1}
@188 = hip::hip_copy_literal[id=main:@literal:62] -> float_type, {256, 1, 1}, {1, 1, 1}
@189 = hip::hip_copy_literal[id=main:@literal:39] -> float_type, {256, 1024, 1, 1}, {1024, 1, 1, 1}
@190 = hip::hip_copy_literal[id=main:@literal:9] -> float_type, {1024, 256, 1, 1}, {256, 1, 1, 1}
@191 = hip::hip_copy_literal[id=main:@literal:61] -> float_type, {1024}, {1}
@192 = hip::hip_copy_literal[id=main:@literal:73] -> float_type, {1024, 1, 1}, {1, 1, 1}
@193 = hip::hip_copy_literal[id=main:@literal:68] -> float_type, {256, 1, 1}, {1, 1, 1}
@194 = hip::hip_copy_literal[id=main:@literal:2] -> float_type, {256, 256, 3, 3}, {2304, 9, 3, 1}
@195 = hip::hip_copy_literal[id=main:@literal:66] -> float_type, {1024}, {1}
@196 = hip::hip_copy_literal[id=main:@literal:41] -> float_type, {1024, 256, 1, 1}, {256, 1, 1, 1}
@197 = hip::hip_copy_literal[id=main:@literal:95] -> float_type, {1024, 1, 1}, {1, 1, 1}
@198 = hip::hip_copy_literal[id=main:@literal:4] -> float_type, {1024, 768, 1, 1}, {768, 1, 1, 1}
@199 = hip::hip_copy_literal[id=main:@literal:74] -> float_type, {256, 1, 1}, {1, 1, 1}
@200 = hip::hip_copy_literal[id=main:@literal:64] -> float_type, {256, 1, 1}, {1, 1, 1}
@201 = hip::hip_copy_literal[id=main:@literal:59] -> float_type, {256, 1, 1}, {1, 1, 1}
@202 = hip::hip_copy_literal[id=main:@literal:40] -> float_type, {256, 256, 3, 3}, {2304, 9, 3, 1}
@203 = hip::hip_copy_literal[id=main:@literal:17] -> float_type, {256, 256, 3, 3}, {2304, 9, 3, 1}
@204 = hip::hip_copy_literal[id=main:@literal:101] -> float_type, {1024}, {1}
@205 = hip::hip_copy_literal[id=main:@literal:60] -> float_type, {1024, 1, 1}, {1, 1, 1}
@206 = broadcast[axis=1,out_lens={64, 1024, 14, 14}](@204) -> float_type, {64, 1024, 14, 14}, {0, 1, 0, 0}
@207 = load[offset=64225280,end=115605504](@1) -> float_type, {64, 1024, 14, 14}, {200704, 196, 14, 1}
@208 = multibroadcast[out_lens={64, 1024, 14, 14},out_dyn_dims={}](@192) -> float_type, {64, 1024, 14, 14}, {0, 1, 0, 0}
@209 = gpu::code_object[code_object=11680,symbol_name=mlir_convolution_mul_add_relu,global=200704,local=256,](@208,@206,@183,@198,@207) -> float_type, {64, 1024, 14, 14}, {200704, 196, 14, 1}
@210 = load[offset=51380224,end=64225280](@1) -> float_type, {64, 256, 14, 14}, {50176, 196, 14, 1}
@211 = multibroadcast[out_lens={64, 256, 14, 14},out_dyn_dims={}](@186) -> float_type, {64, 256, 14, 14}, {0, 1, 0, 0}
@212 = gpu::code_object[code_object=6504,symbol_name=mlir_convolution_add_relu,global=200704,local=256,](@211,@209,@184,@210) -> float_type, {64, 256, 14, 14}, {50176, 196, 14, 1}
@213 = load[offset=0,end=12845056](@1) -> float_type, {64, 256, 14, 14}, {50176, 196, 14, 1}
@214 = multibroadcast[out_lens={64, 256, 14, 14},out_dyn_dims={}](@193) -> float_type, {64, 256, 14, 14}, {0, 1, 0, 0}
@215 = gpu::miopen_fusion[ops={{op=convolution[padding={1, 1, 1, 1},stride={1, 1},dilation={1, 1},group=1,padding_mode=0],alpha=1,beta=0}, {op=add,alpha=1,beta=0}, {op=relu,alpha=1,beta=0}}](@212,@194,@214,@213) -> float_type, {64, 256, 14, 14}, {50176, 196, 14, 1}
@216 = load[offset=25690112,end=77070336](@1) -> float_type, {64, 1024, 14, 14}, {200704, 196, 14, 1}
@217 = gpu::code_object[code_object=7952,symbol_name=mlir_convolution,global=200704,local=256,](@215,@190,@216) -> float_type, {64, 1024, 14, 14}, {200704, 196, 14, 1}
@218 = load[offset=77070336,end=128450560](@1) -> float_type, {64, 1024, 14, 14}, {200704, 196, 14, 1}
@219 = gpu::code_object[code_object=9656,symbol_name=mlir_convolution_add,global=200704,local=256,](@217,@183,@198,@218) -> float_type, {64, 1024, 14, 14}, {200704, 196, 14, 1}
@220 = load[offset=128450560,end=179830784](@1) -> float_type, {64, 1024, 14, 14}, {200704, 196, 14, 1}
@221 = broadcast[axis=1,out_lens={64, 1024, 14, 14}](@195) -> float_type, {64, 1024, 14, 14}, {0, 1, 0, 0}
@222 = multibroadcast[out_lens={64, 1024, 14, 14},out_dyn_dims={}](@197) -> float_type, {64, 1024, 14, 14}, {0, 1, 0, 0}
@223 = gpu::code_object[code_object=4304,symbol_name=mul_add_relu_kernel,global=3211264,local=1024,](@222,@219,@221,@220) -> float_type, {64, 1024, 14, 14}, {200704, 196, 14, 1}
@224 = load[offset=51380224,end=64225280](@1) -> float_type, {64, 256, 14, 14}, {50176, 196, 14, 1}
@225 = multibroadcast[out_lens={64, 256, 14, 14},out_dyn_dims={}](@200) -> float_type, {64, 256, 14, 14}, {0, 1, 0, 0}
@226 = gpu::code_object[code_object=6504,symbol_name=mlir_convolution_add_relu,global=200704,local=256,](@225,@223,@187,@224) -> float_type, {64, 256, 14, 14}, {50176, 196, 14, 1}
@227 = load[offset=0,end=12845056](@1) -> float_type, {64, 256, 14, 14}, {50176, 196, 14, 1}
@228 = multibroadcast[out_lens={64, 256, 14, 14},out_dyn_dims={}](@188) -> float_type, {64, 256, 14, 14}, {0, 1, 0, 0}
@229 = gpu::miopen_fusion[ops={{op=convolution[padding={1, 1, 1, 1},stride={1, 1},dilation={1, 1},group=1,padding_mode=0],alpha=1,beta=0}, {op=add,alpha=1,beta=0}, {op=relu,alpha=1,beta=0}}](@226,@203,@228,@227) -> float_type, {64, 256, 14, 14}, {50176, 196, 14, 1}
@230 = load[offset=128450560,end=179830784](@1) -> float_type, {64, 1024, 14, 14}, {200704, 196, 14, 1}
@231 = gpu::code_object[code_object=9672,symbol_name=mlir_convolution_add,global=200704,local=256,](@219,@229,@185,@230) -> float_type, {64, 1024, 14, 14}, {200704, 196, 14, 1}
@232 = multibroadcast[out_lens={64, 1024, 14, 14},out_dyn_dims={}](@205) -> float_type, {64, 1024, 14, 14}, {0, 1, 0, 0}
@233 = load[offset=25690112,end=77070336](@1) -> float_type, {64, 1024, 14, 14}, {200704, 196, 14, 1}
@234 = broadcast[axis=1,out_lens={64, 1024, 14, 14}](@191) -> float_type, {64, 1024, 14, 14}, {0, 1, 0, 0}
@235 = gpu::code_object[code_object=4304,symbol_name=mul_add_relu_kernel,global=3211264,local=1024,](@232,@231,@234,@233) -> float_type, {64, 1024, 14, 14}, {200704, 196, 14, 1}
@236 = load[offset=12845056,end=25690112](@1) -> float_type, {64, 256, 14, 14}, {50176, 196, 14, 1}
@237 = multibroadcast[out_lens={64, 256, 14, 14},out_dyn_dims={}](@201) -> float_type, {64, 256, 14, 14}, {0, 1, 0, 0}
@238 = gpu::code_object[code_object=6504,symbol_name=mlir_convolution_add_relu,global=200704,local=256,](@237,@235,@189,@236) -> float_type, {64, 256, 14, 14}, {50176, 196, 14, 1}
@239 = multibroadcast[out_lens={64, 256, 14, 14},out_dyn_dims={}](@199) -> float_type, {64, 256, 14, 14}, {0, 1, 0, 0}
@240 = load[offset=0,end=12845056](@1) -> float_type, {64, 256, 14, 14}, {50176, 196, 14, 1}
@241 = gpu::miopen_fusion[ops={{op=convolution[padding={1, 1, 1, 1},stride={1, 1},dilation={1, 1},group=1,padding_mode=0],alpha=1,beta=0}, {op=add,alpha=1,beta=0}, {op=relu,alpha=1,beta=0}}](@238,@202,@239,@240) -> float_type, {64, 256, 14, 14}, {50176, 196, 14, 1}
@242 = load[offset=77070336,end=128450560](@1) -> float_type, {64, 1024, 14, 14}, {200704, 196, 14, 1}
@243 = gpu::code_object[code_object=9672,symbol_name=mlir_convolution_add,global=200704,local=256,](@231,@241,@196,@242) -> float_type, {64, 1024, 14, 14}, {200704, 196, 14, 1}
@244 = hip::hip_copy_literal[id=main:@literal:72] -> float_type, {256, 1, 1}, {1, 1, 1}
@245 = hip::hip_copy_literal[id=main:@literal:38] -> float_type, {1024, 256, 1, 1}, {256, 1, 1, 1}
@246 = hip::hip_copy_literal[id=main:@literal:42] -> float_type, {256, 1024, 1, 1}, {1024, 1, 1, 1}
@247 = hip::hip_copy_literal[id=main:@literal:53] -> float_type, {1024}, {1}
@248 = hip::hip_copy_literal[id=main:@literal:71] -> float_type, {1024}, {1}
@249 = hip::hip_copy_literal[id=main:@literal:54] -> float_type, {256, 1, 1}, {1, 1, 1}
@250 = hip::hip_copy_literal[id=main:@literal:69] -> float_type, {1024, 1, 1}, {1, 1, 1}
@251 = hip::hip_copy_literal[id=main:@literal:5] -> float_type, {256, 256, 3, 3}, {2304, 9, 3, 1}
@252 = multibroadcast[out_lens={64, 1024, 14, 14},out_dyn_dims={}](@250) -> float_type, {64, 1024, 14, 14}, {0, 1, 0, 0}
@253 = broadcast[axis=1,out_lens={64, 1024, 14, 14}](@248) -> float_type, {64, 1024, 14, 14}, {0, 1, 0, 0}
@254 = load[offset=128450560,end=179830784](@1) -> float_type, {64, 1024, 14, 14}, {200704, 196, 14, 1}
@255 = gpu::code_object[code_object=4304,symbol_name=mul_add_relu_kernel,global=3211264,local=1024,](@252,@243,@253,@254) -> float_type, {64, 1024, 14, 14}, {200704, 196, 14, 1}
@256 = multibroadcast[out_lens={64, 256, 14, 14},out_dyn_dims={}](@244) -> float_type, {64, 256, 14, 14}, {0, 1, 0, 0}
@257 = load[offset=51380224,end=64225280](@1) -> float_type, {64, 256, 14, 14}, {50176, 196, 14, 1}
@258 = gpu::code_object[code_object=6504,symbol_name=mlir_convolution_add_relu,global=200704,local=256,](@256,@255,@246,@257) -> float_type, {64, 256, 14, 14}, {50176, 196, 14, 1}
@259 = load[offset=0,end=12845056](@1) -> float_type, {64, 256, 14, 14}, {50176, 196, 14, 1}
@260 = multibroadcast[out_lens={64, 256, 14, 14},out_dyn_dims={}](@249) -> float_type, {64, 256, 14, 14}, {0, 1, 0, 0}
@261 = gpu::miopen_fusion[ops={{op=convolution[padding={1, 1, 1, 1},stride={1, 1},dilation={1, 1},group=1,padding_mode=0],alpha=1,beta=0}, {op=add,alpha=1,beta=0}, {op=relu,alpha=1,beta=0}}](@258,@251,@260,@259) -> float_type, {64, 256, 14, 14}, {50176, 196, 14, 1}
@262 = broadcast[axis=1,out_lens={64, 1024, 14, 14}](@247) -> float_type, {64, 1024, 14, 14}, {0, 1, 0, 0}
@263 = load[offset=128450560,end=179830784](@1) -> float_type, {64, 1024, 14, 14}, {200704, 196, 14, 1}
@264 = gpu::code_object[code_object=9880,symbol_name=mlir_convolution_add_add,global=200704,local=256,](@243,@262,@261,@245,@263) -> float_type, {64, 1024, 14, 14}, {200704, 196, 14, 1}
@265 = load[offset=102760448,end=115605504](@1) -> float_type, {64, 1024, 7, 7}, {50176, 49, 7, 1}
@266 = gpu::pooling[mode=max,padding={0, 0, 0, 0},padding_mode=0,stride={2, 2},lengths={1, 1},dilations={1, 1},ceil_mode=0,lp_order=2,dyn_global=0](@264,@265) -> float_type, {64, 1024, 7, 7}, {50176, 49, 7, 1}
@267 = hip::hip_copy_literal[id=main:@literal:1] -> float_type, {256, 256, 3, 3}, {2304, 9, 3, 1}
@268 = hip::hip_copy_literal[id=main:@literal:80] -> float_type, {1024, 1, 1}, {1, 1, 1}
@269 = hip::hip_copy_literal[id=main:@literal:22] -> float_type, {256, 1024, 1, 1}, {1024, 1, 1, 1}
@270 = hip::hip_copy_literal[id=main:@literal:65] -> float_type, {256, 1, 1}, {1, 1, 1}
@271 = hip::hip_copy_literal[id=main:@literal:58] -> float_type, {1024, 1, 1}, {1, 1, 1}
@272 = multibroadcast[out_lens={64, 1024, 14, 14},out_dyn_dims={}](@271) -> float_type, {64, 1024, 14, 14}, {0, 1, 0, 0}
@273 = multibroadcast[out_lens={64, 1024, 14, 14},out_dyn_dims={}](@268) -> float_type, {64, 1024, 14, 14}, {0, 1, 0, 0}
@274 = load[offset=28901376,end=80281600](@1) -> float_type, {64, 1024, 14, 14}, {200704, 196, 14, 1}
@275 = gpu::code_object[code_object=4304,symbol_name=mul_add_relu_kernel,global=3211264,local=1024,](@273,@264,@272,@274) -> float_type, {64, 1024, 14, 14}, {200704, 196, 14, 1}
@276 = load[offset=6422528,end=19267584](@1) -> float_type, {64, 256, 14, 14}, {50176, 196, 14, 1}
@277 = multibroadcast[out_lens={64, 256, 14, 14},out_dyn_dims={}](@270) -> float_type, {64, 256, 14, 14}, {0, 1, 0, 0}
@278 = gpu::code_object[code_object=6504,symbol_name=mlir_convolution_add_relu,global=200704,local=256,](@277,@275,@269,@276) -> float_type, {64, 256, 14, 14}, {50176, 196, 14, 1}
@279 = load[offset=0,end=0](@1) -> int8_type, {0}, {1}
@280 = load[offset=0,end=3211264](@1) -> float_type, {64, 256, 7, 7}, {12544, 49, 7, 1}
@281 = gpu::convolution[op={padding={1, 1, 1, 1},stride={2, 2},dilation={1, 1},group=1,padding_mode=0},solution_object={binary_object: 454},algo=0,solution_id=0](@278,@267,@279,@280) -> float_type, {64, 256, 7, 7}, {12544, 49, 7, 1}
@282 = hip::hip_copy_literal[id=main:@literal:120] -> float_type, {1024}, {1}
@283 = hip::hip_copy_literal[id=main:@literal:94] -> float_type, {1024, 1, 1}, {1, 1, 1}
@284 = hip::hip_copy_literal[id=main:@literal:52] -> float_type, {256, 1, 1}, {1, 1, 1}
@285 = hip::hip_copy_literal[id=main:@literal:43] -> float_type, {1024, 256, 1, 1}, {256, 1, 1, 1}
@286 = hip::hip_copy_literal[id=main:@literal:51] -> float_type, {1024, 1, 1}, {1, 1, 1}
@287 = load[offset=6422528,end=9633792](@1) -> float_type, {64, 256, 7, 7}, {12544, 49, 7, 1}
@288 = multibroadcast[out_lens={64, 256, 7, 7},out_dyn_dims={}](@284) -> float_type, {64, 256, 7, 7}, {0, 1, 0, 0}
@289 = gpu::code_object[code_object=4216,symbol_name=add_relu_kernel,global=802816,local=1024,](@281,@288,@287) -> float_type, {64, 256, 7, 7}, {12544, 49, 7, 1}
@290 = load[offset=12845056,end=25690112](@1) -> float_type, {64, 1024, 7, 7}, {50176, 49, 7, 1}
@291 = multibroadcast[out_lens={64, 1024, 7, 7},out_dyn_dims={}](@283) -> float_type, {64, 1024, 7, 7}, {0, 1, 0, 0}
@292 = broadcast[axis=1,out_lens={64, 1024, 7, 7}](@282) -> float_type, {64, 1024, 7, 7}, {0, 1, 0, 0}
@293 = multibroadcast[out_lens={64, 1024, 7, 7},out_dyn_dims={}](@286) -> float_type, {64, 1024, 7, 7}, {0, 1, 0, 0}
@294 = gpu::code_object[code_object=7584,symbol_name=mlir_convolution_add_add_mul_add_relu,global=200704,local=256,](@292,@266,@291,@293,@289,@285,@290) -> float_type, {64, 1024, 7, 7}, {50176, 49, 7, 1}
@295 = hip::hip_copy_literal[id=main:@literal:15] -> float_type, {512, 512, 3, 3}, {4608, 9, 3, 1}
@296 = hip::hip_copy_literal[id=main:@literal:45] -> float_type, {512, 1024, 1, 1}, {1024, 1, 1, 1}
@297 = hip::hip_copy_literal[id=main:@literal:50] -> float_type, {512, 1, 1}, {1, 1, 1}
@298 = multibroadcast[out_lens={64, 512, 7, 7},out_dyn_dims={}](@297) -> float_type, {64, 512, 7, 7}, {0, 1, 0, 0}
@299 = load[offset=0,end=6422528](@1) -> float_type, {64, 512, 7, 7}, {25088, 49, 7, 1}
@300 = gpu::code_object[code_object=6536,symbol_name=mlir_convolution_add_relu,global=100352,local=256,](@298,@294,@296,@299) -> float_type, {64, 512, 7, 7}, {25088, 49, 7, 1}
@301 = load[offset=0,end=0](@1) -> int8_type, {0}, {1}
@302 = load[offset=25690112,end=32112640](@1) -> float_type, {64, 512, 7, 7}, {25088, 49, 7, 1}
@303 = gpu::convolution[op={padding={1, 1, 1, 1},stride={1, 1},dilation={1, 1},group=1,padding_mode=0},solution_object={binary_object: 436},algo=0,solution_id=0](@300,@295,@301,@302) -> float_type, {64, 512, 7, 7}, {25088, 49, 7, 1}
@304 = hip::hip_copy_literal[id=main:@literal:113] -> float_type, {512, 1, 1}, {1, 1, 1}
@305 = multibroadcast[out_lens={64, 512, 7, 7},out_dyn_dims={}](@304) -> float_type, {64, 512, 7, 7}, {0, 1, 0, 0}
@306 = load[offset=57802752,end=77070336](@1) -> float_type, {64, 1536, 7, 7}, {75264, 49, 7, 1}
@307 = gpu::code_object[code_object=4760,symbol_name=noop_add_relu_concat_noop_kernel,global=2408448,local=1024,](@294,@303,@305,@306) -> float_type, {64, 1536, 7, 7}, {75264, 49, 7, 1}
@308 = hip::hip_copy_literal[id=main:@literal:46] -> float_type, {2048, 512, 1, 1}, {512, 1, 1, 1}
@309 = hip::hip_copy_literal[id=main:@literal:91] -> float_type, {512, 1, 1}, {1, 1, 1}
@310 = hip::hip_copy_literal[id=main:@literal:44] -> float_type, {512, 512, 3, 3}, {4608, 9, 3, 1}
@311 = hip::hip_copy_literal[id=main:@literal:47] -> float_type, {512, 2048, 1, 1}, {2048, 1, 1, 1}
@312 = hip::hip_copy_literal[id=main:@literal:27] -> float_type, {2048, 1536, 1, 1}, {1536, 1, 1, 1}
@313 = hip::hip_copy_literal[id=main:@literal:114] -> float_type, {2048, 1, 1}, {1, 1, 1}
@314 = hip::hip_copy_literal[id=main:@literal:76] -> float_type, {2048}, {1}
@315 = hip::hip_copy_literal[id=main:@literal:117] -> float_type, {512, 1, 1}, {1, 1, 1}
@316 = hip::hip_copy_literal[id=main:@literal:6] -> float_type, {512, 2048, 1, 1}, {2048, 1, 1, 1}
@317 = hip::hip_copy_literal[id=main:@literal:119] -> float_type, {1001}, {1}
@318 = hip::hip_copy_literal[id=main:@literal:48] -> float_type, {2048, 512, 1, 1}, {512, 1, 1, 1}
@319 = hip::hip_copy_literal[id=main:@literal:56] -> float_type, {512, 1, 1}, {1, 1, 1}
@320 = hip::hip_copy_literal[id=main:@literal:118] -> float_type, {2048}, {1}
@321 = hip::hip_copy_literal[id=main:@literal:105] -> float_type, {2048, 1, 1}, {1, 1, 1}
@322 = hip::hip_copy_literal[id=main:@literal:115] -> float_type, {2048}, {1}
@323 = hip::hip_copy_literal[id=main:@literal:83] -> float_type, {512, 1, 1}, {1, 1, 1}
@324 = hip::hip_copy_literal[id=main:@literal:116] -> float_type, {2048, 1, 1}, {1, 1, 1}
@325 = hip::hip_copy_literal[id=main:@literal:49] -> float_type, {1001, 2048, 1, 1}, {2048, 1, 1, 1}
@326 = hip::hip_copy_literal[id=main:@literal:18] -> float_type, {512, 512, 3, 3}, {4608, 9, 3, 1}
@327 = multibroadcast[out_lens={64, 2048, 7, 7},out_dyn_dims={}](@321) -> float_type, {64, 2048, 7, 7}, {0, 1, 0, 0}
@328 = load[offset=0,end=25690112](@1) -> float_type, {64, 2048, 7, 7}, {100352, 49, 7, 1}
@329 = broadcast[axis=1,out_lens={64, 2048, 7, 7}](@314) -> float_type, {64, 2048, 7, 7}, {0, 1, 0, 0}
@330 = gpu::code_object[code_object=6200,symbol_name=mlir_convolution_mul_add_relu,global=401408,local=256,](@327,@329,@307,@312,@328) -> float_type, {64, 2048, 7, 7}, {100352, 49, 7, 1}
@331 = load[offset=32112640,end=38535168](@1) -> float_type, {64, 512, 7, 7}, {25088, 49, 7, 1}
@332 = multibroadcast[out_lens={64, 512, 7, 7},out_dyn_dims={}](@319) -> float_type, {64, 512, 7, 7}, {0, 1, 0, 0}
@333 = gpu::code_object[code_object=5856,symbol_name=mlir_convolution_add_relu,global=100352,local=256,](@332,@330,@316,@331) -> float_type, {64, 512, 7, 7}, {25088, 49, 7, 1}
@334 = multibroadcast[out_lens={64, 512, 7, 7},out_dyn_dims={}](@309) -> float_type, {64, 512, 7, 7}, {0, 1, 0, 0}
@335 = load[offset=6422528,end=12845056](@1) -> float_type, {64, 512, 7, 7}, {25088, 49, 7, 1}
@336 = gpu::miopen_fusion[ops={{op=convolution[padding={1, 1, 1, 1},stride={1, 1},dilation={1, 1},group=1,padding_mode=0],alpha=1,beta=0}, {op=add,alpha=1,beta=0}, {op=relu,alpha=1,beta=0}}](@333,@326,@334,@335) -> float_type, {64, 512, 7, 7}, {25088, 49, 7, 1}
@337 = load[offset=77070336,end=102760448](@1) -> float_type, {64, 2048, 7, 7}, {100352, 49, 7, 1}
@338 = gpu::code_object[code_object=7896,symbol_name=mlir_convolution,global=102400,local=256,](@336,@308,@337) -> float_type, {64, 2048, 7, 7}, {100352, 49, 7, 1}
@339 = load[offset=0,end=25690112](@1) -> float_type, {64, 2048, 7, 7}, {100352, 49, 7, 1}
@340 = gpu::code_object[code_object=5232,symbol_name=mlir_convolution_add,global=401408,local=256,](@338,@307,@312,@339) -> float_type, {64, 2048, 7, 7}, {100352, 49, 7, 1}
@341 = multibroadcast[out_lens={64, 2048, 7, 7},out_dyn_dims={}](@313) -> float_type, {64, 2048, 7, 7}, {0, 1, 0, 0}
@342 = broadcast[axis=1,out_lens={64, 2048, 7, 7}](@322) -> float_type, {64, 2048, 7, 7}, {0, 1, 0, 0}
@343 = load[offset=38535168,end=64225280](@1) -> float_type, {64, 2048, 7, 7}, {100352, 49, 7, 1}
@344 = gpu::code_object[code_object=4224,symbol_name=mul_add_relu_kernel,global=6422528,local=1024,](@341,@340,@342,@343) -> float_type, {64, 2048, 7, 7}, {100352, 49, 7, 1}
@345 = load[offset=32112640,end=38535168](@1) -> float_type, {64, 512, 7, 7}, {25088, 49, 7, 1}
@346 = multibroadcast[out_lens={64, 512, 7, 7},out_dyn_dims={}](@315) -> float_type, {64, 512, 7, 7}, {0, 1, 0, 0}
@347 = gpu::code_object[code_object=5856,symbol_name=mlir_convolution_add_relu,global=100352,local=256,](@346,@344,@311,@345) -> float_type, {64, 512, 7, 7}, {25088, 49, 7, 1}
@348 = load[offset=25690112,end=32112640](@1) -> float_type, {64, 512, 7, 7}, {25088, 49, 7, 1}
@349 = multibroadcast[out_lens={64, 512, 7, 7},out_dyn_dims={}](@323) -> float_type, {64, 512, 7, 7}, {0, 1, 0, 0}
@350 = gpu::miopen_fusion[ops={{op=convolution[padding={1, 1, 1, 1},stride={1, 1},dilation={1, 1},group=1,padding_mode=0],alpha=1,beta=0}, {op=add,alpha=1,beta=0}, {op=relu,alpha=1,beta=0}}](@347,@310,@349,@348) -> float_type, {64, 512, 7, 7}, {25088, 49, 7, 1}
@351 = multibroadcast[out_lens={64, 2048, 7, 7},out_dyn_dims={}](@324) -> float_type, {64, 2048, 7, 7}, {0, 1, 0, 0}
@352 = load[offset=64225280,end=89915392](@1) -> float_type, {64, 2048, 7, 7}, {100352, 49, 7, 1}
@353 = broadcast[axis=1,out_lens={64, 2048, 7, 7}](@320) -> float_type, {64, 2048, 7, 7}, {0, 1, 0, 0}
@354 = gpu::code_object[code_object=14336,symbol_name=mlir_convolution_mul_add_add_relu,global=102400,local=256,](@351,@340,@353,@350,@318,@352) -> float_type, {64, 2048, 7, 7}, {100352, 49, 7, 1}
@355 = load[offset=0,end=524288](@1) -> float_type, {64, 1, 1, 2048}, {2048, 1, 1, 1}
@356 = transpose[permutation={0, 2, 3, 1}](@354) -> float_type, {64, 7, 7, 2048}, {100352, 7, 1, 49}
@357 = gpu::code_object[code_object=4080,symbol_name=mul_reduce_sum_kernel,global=8388608,local=64,](@356,@355) -> float_type, {64, 1, 1, 2048}, {2048, 1, 1, 1}
@358 = broadcast[axis=1,out_lens={64, 1001, 1, 1}](@317) -> float_type, {64, 1001, 1, 1}, {0, 1, 0, 0}
@359 = load[offset=524288,end=780544](@1) -> float_type, {64, 1001, 1, 1}, {1001, 1, 1, 1}
@360 = gpu::code_object[code_object=5160,symbol_name=mlir_transpose_convolution_add,global=16384,local=256,](@358,@357,@325,@359) -> float_type, {64, 1001, 1, 1}, {1001, 1, 1, 1}
@361 = transpose[permutation={0, 2, 3, 1}](@360) -> float_type, {64, 1, 1, 1001}, {1001, 1, 1, 1}
@362 = squeeze[axes={1, 2}](@361) -> float_type, {64, 1001}, {1001, 1}
main:#output_0 = @param:main:#output_0 -> float_type, {64, 1001}, {1001, 1}
@364 = gpu::code_object[code_object=5800,symbol_name=reduce_max_sub_exp_reduce_sum_div_kernel,global=16384,local=256,](@362,main:#output_0) -> float_type, {64, 1001}, {1001, 1}
@365 = @return(@364)


Allocating params ... 
Running performance report ... 
@0 = check_context::migraphx::gpu::context -> float_type, {}, {}: 0.00091988ms, 1%
@1 = hip::hip_allocate_memory[shape=int8_type, {513802240}, {1},id=main:scratch] -> int8_type, {513802240}, {1}: 0.0011141ms, 1%
@2 = hip::hip_copy_literal[id=main:@literal:14] -> float_type, {64, 3, 7, 7}, {147, 49, 7, 1}: 0.00087508ms, 1%
@3 = hip::hip_copy_literal[id=main:@literal:123] -> float_type, {64}, {1}: 0.0006797ms, 1%
@4 = load[offset=209207296,end=414728192](@1) -> float_type, {64, 64, 112, 112}, {802816, 12544, 112, 1}: 0.0007686ms, 1%
@5 = broadcast[axis=1,out_lens={64, 64, 112, 112}](@3) -> float_type, {64, 64, 112, 112}, {0, 1, 0, 0}: 0.00095152ms, 1%
input = @param:input -> float_type, {64, 3, 224, 224}, {150528, 50176, 224, 1}: 0.00059852ms, 1%
@7 = gpu::code_object[code_object=6184,symbol_name=mlir_convolution_add,global=1605632,local=256,](@5,input,@2,@4) -> float_type, {64, 64, 112, 112}, {802816, 12544, 112, 1}: 0.741255ms, 3%
@8 = load[offset=0,end=209207296](@1) -> float_type, {64, 64, 113, 113}, {817216, 12769, 113, 1}: 0.00071262ms, 1%
@9 = gpu::code_object[code_object=4192,symbol_name=pad_kernel,global=307200,local=1024,](@7,@8) -> float_type, {64, 64, 113, 113}, {817216, 12769, 113, 1}: 0.547923ms, 3%
@10 = load[offset=209207296,end=260587520](@1) -> float_type, {64, 64, 56, 56}, {200704, 3136, 56, 1}: 0.00072714ms, 1%
@11 = gpu::pooling[mode=max,padding={0, 0, 0, 0},padding_mode=0,stride={2, 2},lengths={3, 3},dilations={1, 1},ceil_mode=0,lp_order=2,dyn_global=0](@9,@10) -> float_type, {64, 64, 56, 56}, {200704, 3136, 56, 1}: 0.385794ms, 2%
@12 = hip::hip_copy_literal[id=main:@literal:55] -> float_type, {64, 1, 1}, {1, 1, 1}: 0.00110272ms, 1%
@13 = hip::hip_copy_literal[id=main:@literal:92] -> float_type, {64, 1, 1}, {1, 1, 1}: 0.00068178ms, 1%
@14 = load[offset=102760448,end=154140672](@1) -> float_type, {64, 64, 56, 56}, {200704, 3136, 56, 1}: 0.00069748ms, 1%
@15 = multibroadcast[out_lens={64, 64, 56, 56},out_dyn_dims={}](@12) -> float_type, {64, 64, 56, 56}, {0, 1, 0, 0}: 0.0012047ms, 1%
@16 = multibroadcast[out_lens={64, 64, 56, 56},out_dyn_dims={}](@13) -> float_type, {64, 64, 56, 56}, {0, 1, 0, 0}: 0.00073484ms, 1%
@17 = gpu::code_object[code_object=4328,symbol_name=mul_add_relu_kernel,global=1605632,local=1024,](@16,@11,@15,@14) -> float_type, {64, 64, 56, 56}, {200704, 3136, 56, 1}: 0.125827ms, 1%
@18 = hip::hip_copy_literal[id=main:@literal:26] -> float_type, {64, 64, 3, 3}, {576, 9, 3, 1}: 0.00075552ms, 1%
@19 = hip::hip_copy_literal[id=main:@literal:25] -> float_type, {64, 64, 1, 1}, {64, 1, 1, 1}: 0.0006336ms, 1%
@20 = hip::hip_copy_literal[id=main:@literal:78] -> float_type, {64, 1, 1}, {1, 1, 1}: 0.00084118ms, 1%
@21 = load[offset=0,end=51380224](@1) -> float_type, {64, 64, 56, 56}, {200704, 3136, 56, 1}: 0.0007036ms, 1%
@22 = multibroadcast[out_lens={64, 64, 56, 56},out_dyn_dims={}](@20) -> float_type, {64, 64, 56, 56}, {0, 1, 0, 0}: 0.00095696ms, 1%
@23 = gpu::code_object[code_object=6488,symbol_name=mlir_convolution_add_relu,global=802816,local=256,](@22,@17,@19,@21) -> float_type, {64, 64, 56, 56}, {200704, 3136, 56, 1}: 0.136424ms, 1%
@24 = load[offset=0,end=0](@1) -> int8_type, {0}, {1}: 0.0007301ms, 1%
@25 = load[offset=154140672,end=205520896](@1) -> float_type, {64, 64, 56, 56}, {200704, 3136, 56, 1}: 0.00064808ms, 1%
@26 = gpu::convolution[op={padding={1, 1, 1, 1},stride={1, 1},dilation={1, 1},group=1,padding_mode=0},solution_object={binary_object: 430},algo=0,solution_id=0](@23,@18,@24,@25) -> float_type, {64, 64, 56, 56}, {200704, 3136, 56, 1}: 0.522307ms, 3%
@27 = hip::hip_copy_literal[id=main:@literal:98] -> float_type, {64, 1, 1}, {1, 1, 1}: 0.00079658ms, 1%
@28 = multibroadcast[out_lens={64, 64, 56, 56},out_dyn_dims={}](@27) -> float_type, {64, 64, 56, 56}, {0, 1, 0, 0}: 0.00105658ms, 1%
@29 = load[offset=0,end=102760448](@1) -> float_type, {64, 128, 56, 56}, {401408, 3136, 56, 1}: 0.0007245ms, 1%
@30 = gpu::code_object[code_object=4536,symbol_name=noop_add_relu_concat_noop_kernel,global=1605632,local=1024,](@17,@26,@28,@29) -> float_type, {64, 128, 56, 56}, {401408, 3136, 56, 1}: 0.243121ms, 1%
@31 = hip::hip_copy_literal[id=main:@literal:28] -> float_type, {256, 128, 1, 1}, {128, 1, 1, 1}: 0.00074672ms, 1%
@32 = hip::hip_copy_literal[id=main:@literal:85] -> float_type, {64, 1, 1}, {1, 1, 1}: 0.00066166ms, 1%
@33 = hip::hip_copy_literal[id=main:@literal:12] -> float_type, {64, 256, 1, 1}, {256, 1, 1, 1}: 0.00082326ms, 1%
@34 = hip::hip_copy_literal[id=main:@literal:86] -> float_type, {256}, {1}: 0.00066218ms, 1%
@35 = hip::hip_copy_literal[id=main:@literal:96] -> float_type, {256, 1, 1}, {1, 1, 1}: 0.00090672ms, 1%
@36 = broadcast[axis=1,out_lens={64, 256, 56, 56}](@34) -> float_type, {64, 256, 56, 56}, {0, 1, 0, 0}: 0.00114076ms, 1%
@37 = load[offset=205520896,end=411041792](@1) -> float_type, {64, 256, 56, 56}, {802816, 3136, 56, 1}: 0.00066318ms, 1%
@38 = multibroadcast[out_lens={64, 256, 56, 56},out_dyn_dims={}](@35) -> float_type, {64, 256, 56, 56}, {0, 1, 0, 0}: 0.00080098ms, 1%
@39 = gpu::code_object[code_object=11112,symbol_name=mlir_convolution_mul_add_relu,global=802816,local=256,](@38,@36,@30,@31,@37) -> float_type, {64, 256, 56, 56}, {802816, 3136, 56, 1}: 0.546181ms, 3%
@40 = multibroadcast[out_lens={64, 64, 56, 56},out_dyn_dims={}](@32) -> float_type, {64, 64, 56, 56}, {0, 1, 0, 0}: 0.00086952ms, 1%
@41 = load[offset=154140672,end=205520896](@1) -> float_type, {64, 64, 56, 56}, {200704, 3136, 56, 1}: 0.00069726ms, 1%
@42 = gpu::code_object[code_object=10720,symbol_name=mlir_convolution_add_relu,global=200704,local=256,](@40,@39,@33,@41) -> float_type, {64, 64, 56, 56}, {200704, 3136, 56, 1}: 0.30435ms, 2%
@43 = hip::hip_copy_literal[id=main:@literal:106] -> float_type, {64, 1, 1}, {1, 1, 1}: 0.00079156ms, 1%
@44 = hip::hip_copy_literal[id=main:@literal:29] -> float_type, {256, 64, 1, 1}, {64, 1, 1, 1}: 0.00065484ms, 1%
@45 = hip::hip_copy_literal[id=main:@literal:24] -> float_type, {64, 64, 3, 3}, {576, 9, 3, 1}: 0.00091564ms, 1%
@46 = multibroadcast[out_lens={64, 64, 56, 56},out_dyn_dims={}](@43) -> float_type, {64, 64, 56, 56}, {0, 1, 0, 0}: 0.00111848ms, 1%
@47 = load[offset=102760448,end=154140672](@1) -> float_type, {64, 64, 56, 56}, {200704, 3136, 56, 1}: 0.00068266ms, 1%
@48 = gpu::miopen_fusion[ops={{op=convolution[padding={1, 1, 1, 1},stride={1, 1},dilation={1, 1},group=1,padding_mode=0],alpha=1,beta=0}, {op=add,alpha=1,beta=0}, {op=relu,alpha=1,beta=0}}](@42,@45,@46,@47) -> float_type, {64, 64, 56, 56}, {200704, 3136, 56, 1}: 0.521321ms, 2%
@49 = load[offset=308281344,end=513802240](@1) -> float_type, {64, 256, 56, 56}, {802816, 3136, 56, 1}: 0.000765ms, 1%
@50 = gpu::code_object[code_object=5192,symbol_name=mlir_convolution,global=3211264,local=256,](@48,@44,@49) -> float_type, {64, 256, 56, 56}, {802816, 3136, 56, 1}: 0.321829ms, 2%
@51 = hip::hip_copy_literal[id=main:@literal:88] -> float_type, {256}, {1}: 0.00078692ms, 1%
@52 = broadcast[axis=1,out_lens={64, 256, 56, 56}](@51) -> float_type, {64, 256, 56, 56}, {0, 1, 0, 0}: 0.00112174ms, 1%
@53 = load[offset=102760448,end=308281344](@1) -> float_type, {64, 256, 56, 56}, {802816, 3136, 56, 1}: 0.00068836ms, 1%
@54 = gpu::code_object[code_object=9272,symbol_name=mlir_convolution_add_add,global=802816,local=256,](@50,@52,@30,@31,@53) -> float_type, {64, 256, 56, 56}, {802816, 3136, 56, 1}: 0.86862ms, 4%
@55 = hip::hip_copy_literal[id=main:@literal:84] -> float_type, {256, 1, 1}, {1, 1, 1}: 0.00076226ms, 1%
@56 = hip::hip_copy_literal[id=main:@literal:90] -> float_type, {64, 1, 1}, {1, 1, 1}: 0.0006494ms, 1%
@57 = hip::hip_copy_literal[id=main:@literal:21] -> float_type, {64, 256, 1, 1}, {256, 1, 1, 1}: 0.00081866ms, 1%
@58 = hip::hip_copy_literal[id=main:@literal:104] -> float_type, {256, 1, 1}, {1, 1, 1}: 0.00066736ms, 1%
@59 = load[offset=308281344,end=513802240](@1) -> float_type, {64, 256, 56, 56}, {802816, 3136, 56, 1}: 0.0006783ms, 1%
@60 = multibroadcast[out_lens={64, 256, 56, 56},out_dyn_dims={}](@55) -> float_type, {64, 256, 56, 56}, {0, 1, 0, 0}: 0.0010708ms, 1%
@61 = multibroadcast[out_lens={64, 256, 56, 56},out_dyn_dims={}](@58) -> float_type, {64, 256, 56, 56}, {0, 1, 0, 0}: 0.00074912ms, 1%
@62 = gpu::code_object[code_object=4352,symbol_name=mul_add_relu_kernel,global=6422528,local=1024,](@60,@54,@61,@59) -> float_type, {64, 256, 56, 56}, {802816, 3136, 56, 1}: 0.43603ms, 2%
@63 = load[offset=0,end=51380224](@1) -> float_type, {64, 64, 56, 56}, {200704, 3136, 56, 1}: 0.00075164ms, 1%
@64 = multibroadcast[out_lens={64, 64, 56, 56},out_dyn_dims={}](@56) -> float_type, {64, 64, 56, 56}, {0, 1, 0, 0}: 0.000784ms, 1%
@65 = gpu::code_object[code_object=10720,symbol_name=mlir_convolution_add_relu,global=200704,local=256,](@64,@62,@57,@63) -> float_type, {64, 64, 56, 56}, {200704, 3136, 56, 1}: 0.308285ms, 2%
@66 = hip::hip_copy_literal[id=main:@literal:30] -> float_type, {64, 64, 3, 3}, {576, 9, 3, 1}: 0.00074362ms, 1%
@67 = load[offset=0,end=0](@1) -> int8_type, {0}, {1}: 0.00069648ms, 1%
@68 = load[offset=64225280,end=77070336](@1) -> float_type, {64, 64, 28, 28}, {50176, 784, 28, 1}: 0.00063928ms, 1%
@69 = gpu::convolution[op={padding={1, 1, 1, 1},stride={2, 2},dilation={1, 1},group=1,padding_mode=0},solution_object={binary_object: 451},algo=0,solution_id=0](@65,@66,@67,@68) -> float_type, {64, 64, 28, 28}, {50176, 784, 28, 1}: 0.206821ms, 1%
@70 = load[offset=12845056,end=64225280](@1) -> float_type, {64, 256, 28, 28}, {200704, 784, 28, 1}: 0.00075538ms, 1%
@71 = gpu::pooling[mode=max,padding={0, 0, 0, 0},padding_mode=0,stride={2, 2},lengths={1, 1},dilations={1, 1},ceil_mode=0,lp_order=2,dyn_global=0](@54,@70) -> float_type, {64, 256, 28, 28}, {200704, 784, 28, 1}: 0.208102ms, 1%
@72 = hip::hip_copy_literal[id=main:@literal:100] -> float_type, {256, 1, 1}, {1, 1, 1}: 0.00151792ms, 1%
@73 = hip::hip_copy_literal[id=main:@literal:107] -> float_type, {256, 1, 1}, {1, 1, 1}: 0.00066236ms, 1%
@74 = hip::hip_copy_literal[id=main:@literal:36] -> float_type, {256, 64, 1, 1}, {64, 1, 1, 1}: 0.00085602ms, 1%
@75 = hip::hip_copy_literal[id=main:@literal:89] -> float_type, {64, 1, 1}, {1, 1, 1}: 0.00061988ms, 1%
@76 = multibroadcast[out_lens={64, 64, 28, 28},out_dyn_dims={}](@75) -> float_type, {64, 64, 28, 28}, {0, 1, 0, 0}: 0.00112136ms, 1%
@77 = load[offset=128450560,end=141295616](@1) -> float_type, {64, 64, 28, 28}, {50176, 784, 28, 1}: 0.00070062ms, 1%
@78 = gpu::code_object[code_object=4296,symbol_name=add_relu_kernel,global=401408,local=1024,](@69,@76,@77) -> float_type, {64, 64, 28, 28}, {50176, 784, 28, 1}: 0.0495204ms, 1%
@79 = hip::hip_copy_literal[id=main:@literal:122] -> float_type, {256}, {1}: 0.000752ms, 1%
@80 = load[offset=77070336,end=128450560](@1) -> float_type, {64, 256, 28, 28}, {200704, 784, 28, 1}: 0.0006843ms, 1%
@81 = multibroadcast[out_lens={64, 256, 28, 28},out_dyn_dims={}](@72) -> float_type, {64, 256, 28, 28}, {0, 1, 0, 0}: 0.00107702ms, 1%
@82 = multibroadcast[out_lens={64, 256, 28, 28},out_dyn_dims={}](@73) -> float_type, {64, 256, 28, 28}, {0, 1, 0, 0}: 0.00073276ms, 1%
@83 = broadcast[axis=1,out_lens={64, 256, 28, 28}](@79) -> float_type, {64, 256, 28, 28}, {0, 1, 0, 0}: 0.00110482ms, 1%
@84 = gpu::code_object[code_object=4968,symbol_name=mlir_convolution_add_add_mul_add_relu,global=3211264,local=256,](@83,@71,@82,@81,@78,@74,@80) -> float_type, {64, 256, 28, 28}, {200704, 784, 28, 1}: 0.153324ms, 1%
@85 = hip::hip_copy_literal[id=main:@literal:35] -> float_type, {128, 256, 1, 1}, {256, 1, 1, 1}: 0.00070216ms, 1%
@86 = hip::hip_copy_literal[id=main:@literal:79] -> float_type, {128, 1, 1}, {1, 1, 1}: 0.00062454ms, 1%
@87 = multibroadcast[out_lens={64, 128, 28, 28},out_dyn_dims={}](@86) -> float_type, {64, 128, 28, 28}, {0, 1, 0, 0}: 0.00137074ms, 1%
@88 = load[offset=0,end=25690112](@1) -> float_type, {64, 128, 28, 28}, {100352, 784, 28, 1}: 0.00069102ms, 1%
@89 = gpu::code_object[code_object=6512,symbol_name=mlir_convolution_add_relu,global=401408,local=256,](@87,@84,@85,@88) -> float_type, {64, 128, 28, 28}, {100352, 784, 28, 1}: 0.148429ms, 1%
@90 = hip::hip_copy_literal[id=main:@literal:34] -> float_type, {128, 128, 3, 3}, {1152, 9, 3, 1}: 0.0007573ms, 1%
@91 = load[offset=0,end=0](@1) -> int8_type, {0}, {1}: 0.00067118ms, 1%
@92 = load[offset=51380224,end=77070336](@1) -> float_type, {64, 128, 28, 28}, {100352, 784, 28, 1}: 0.00065396ms, 1%
@93 = gpu::convolution[op={padding={1, 1, 1, 1},stride={1, 1},dilation={1, 1},group=1,padding_mode=0},solution_object={binary_object: 434},algo=0,solution_id=0](@89,@90,@91,@92) -> float_type, {64, 128, 28, 28}, {100352, 784, 28, 1}: 0.513311ms, 2%
@94 = hip::hip_copy_literal[id=main:@literal:20] -> float_type, {512, 384, 1, 1}, {384, 1, 1, 1}: 0.00074054ms, 1%
@95 = hip::hip_copy_literal[id=main:@literal:102] -> float_type, {128, 1, 1}, {1, 1, 1}: 0.0008352ms, 1%
@96 = load[offset=205520896,end=282591232](@1) -> float_type, {64, 384, 28, 28}, {301056, 784, 28, 1}: 0.00073334ms, 1%
@97 = multibroadcast[out_lens={64, 128, 28, 28},out_dyn_dims={}](@95) -> float_type, {64, 128, 28, 28}, {0, 1, 0, 0}: 0.00101262ms, 1%
@98 = gpu::code_object[code_object=4808,symbol_name=noop_add_relu_concat_noop_kernel,global=2408448,local=1024,](@84,@93,@97,@96) -> float_type, {64, 384, 28, 28}, {301056, 784, 28, 1}: 0.181167ms, 1%
@99 = hip::hip_copy_literal[id=main:@literal:109] -> float_type, {512, 1, 1}, {1, 1, 1}: 0.00081322ms, 1%
@100 = hip::hip_copy_literal[id=main:@literal:82] -> float_type, {512}, {1}: 0.0006499ms, 1%
@101 = broadcast[axis=1,out_lens={64, 512, 28, 28}](@100) -> float_type, {64, 512, 28, 28}, {0, 1, 0, 0}: 0.00114262ms, 1%
@102 = multibroadcast[out_lens={64, 512, 28, 28},out_dyn_dims={}](@99) -> float_type, {64, 512, 28, 28}, {0, 1, 0, 0}: 0.0007963ms, 1%
@103 = load[offset=0,end=102760448](@1) -> float_type, {64, 512, 28, 28}, {401408, 784, 28, 1}: 0.0006965ms, 1%
@104 = gpu::code_object[code_object=11112,symbol_name=mlir_convolution_mul_add_relu,global=401408,local=256,](@102,@101,@98,@94,@103) -> float_type, {64, 512, 28, 28}, {401408, 784, 28, 1}: 0.680132ms, 3%
@105 = hip::hip_copy_literal[id=main:@literal:19] -> float_type, {128, 512, 1, 1}, {512, 1, 1, 1}: 0.00072404ms, 1%
@106 = hip::hip_copy_literal[id=main:@literal:108] -> float_type, {128, 1, 1}, {1, 1, 1}: 0.0006647ms, 1%
@107 = load[offset=128450560,end=154140672](@1) -> float_type, {64, 128, 28, 28}, {100352, 784, 28, 1}: 0.0006831ms, 1%
@108 = multibroadcast[out_lens={64, 128, 28, 28},out_dyn_dims={}](@106) -> float_type, {64, 128, 28, 28}, {0, 1, 0, 0}: 0.00095326ms, 1%
@109 = gpu::code_object[code_object=5848,symbol_name=mlir_convolution_add_relu,global=401408,local=256,](@108,@104,@105,@107) -> float_type, {64, 128, 28, 28}, {100352, 784, 28, 1}: 0.279881ms, 2%
@110 = hip::hip_copy_literal[id=main:@literal:87] -> float_type, {128, 1, 1}, {1, 1, 1}: 0.00076866ms, 1%
@111 = hip::hip_copy_literal[id=main:@literal:13] -> float_type, {128, 128, 3, 3}, {1152, 9, 3, 1}: 0.00078016ms, 1%
@112 = load[offset=25690112,end=51380224](@1) -> float_type, {64, 128, 28, 28}, {100352, 784, 28, 1}: 0.00069896ms, 1%
@113 = multibroadcast[out_lens={64, 128, 28, 28},out_dyn_dims={}](@110) -> float_type, {64, 128, 28, 28}, {0, 1, 0, 0}: 0.00097916ms, 1%
@114 = gpu::miopen_fusion[ops={{op=convolution[padding={1, 1, 1, 1},stride={1, 1},dilation={1, 1},group=1,padding_mode=0],alpha=1,beta=0}, {op=add,alpha=1,beta=0}, {op=relu,alpha=1,beta=0}}](@109,@111,@113,@112) -> float_type, {64, 128, 28, 28}, {100352, 784, 28, 1}: 0.512019ms, 2%
@115 = hip::hip_copy_literal[id=main:@literal:33] -> float_type, {512, 128, 1, 1}, {128, 1, 1, 1}: 0.00076794ms, 1%
@116 = load[offset=77070336,end=179830784](@1) -> float_type, {64, 512, 28, 28}, {401408, 784, 28, 1}: 0.00069096ms, 1%
@117 = gpu::code_object[code_object=7440,symbol_name=mlir_convolution,global=401408,local=256,](@114,@115,@116) -> float_type, {64, 512, 28, 28}, {401408, 784, 28, 1}: 0.25778ms, 1%
@118 = load[offset=282591232,end=385351680](@1) -> float_type, {64, 512, 28, 28}, {401408, 784, 28, 1}: 0.00072784ms, 1%
@119 = gpu::code_object[code_object=9176,symbol_name=mlir_convolution_add,global=401408,local=256,](@117,@98,@94,@118) -> float_type, {64, 512, 28, 28}, {401408, 784, 28, 1}: 0.694439ms, 3%
@120 = hip::hip_copy_literal[id=main:@literal:112] -> float_type, {128, 1, 1}, {1, 1, 1}: 0.00076664ms, 1%
@121 = hip::hip_copy_literal[id=main:@literal:32] -> float_type, {128, 512, 1, 1}, {512, 1, 1, 1}: 0.00066906ms, 1%
@122 = hip::hip_copy_literal[id=main:@literal:111] -> float_type, {512}, {1}: 0.00073864ms, 1%
@123 = hip::hip_copy_literal[id=main:@literal:110] -> float_type, {512, 1, 1}, {1, 1, 1}: 0.00065802ms, 1%
@124 = broadcast[axis=1,out_lens={64, 512, 28, 28}](@122) -> float_type, {64, 512, 28, 28}, {0, 1, 0, 0}: 0.00130922ms, 1%
@125 = load[offset=51380224,end=154140672](@1) -> float_type, {64, 512, 28, 28}, {401408, 784, 28, 1}: 0.00070854ms, 1%
@126 = multibroadcast[out_lens={64, 512, 28, 28},out_dyn_dims={}](@123) -> float_type, {64, 512, 28, 28}, {0, 1, 0, 0}: 0.00101894ms, 1%
@127 = gpu::code_object[code_object=4328,symbol_name=mul_add_relu_kernel,global=3211264,local=1024,](@126,@119,@124,@125) -> float_type, {64, 512, 28, 28}, {401408, 784, 28, 1}: 0.231007ms, 1%
@128 = multibroadcast[out_lens={64, 128, 28, 28},out_dyn_dims={}](@120) -> float_type, {64, 128, 28, 28}, {0, 1, 0, 0}: 0.00109764ms, 1%
@129 = load[offset=25690112,end=51380224](@1) -> float_type, {64, 128, 28, 28}, {100352, 784, 28, 1}: 0.00070662ms, 1%
@130 = gpu::code_object[code_object=5848,symbol_name=mlir_convolution_add_relu,global=401408,local=256,](@128,@127,@121,@129) -> float_type, {64, 128, 28, 28}, {100352, 784, 28, 1}: 0.278349ms, 2%
@131 = hip::hip_copy_literal[id=main:@literal:11] -> float_type, {128, 128, 3, 3}, {1152, 9, 3, 1}: 0.00072332ms, 1%
@132 = hip::hip_copy_literal[id=main:@literal:99] -> float_type, {512}, {1}: 0.00081952ms, 1%
@133 = hip::hip_copy_literal[id=main:@literal:23] -> float_type, {512, 128, 1, 1}, {128, 1, 1, 1}: 0.00086296ms, 1%
@134 = hip::hip_copy_literal[id=main:@literal:70] -> float_type, {128, 1, 1}, {1, 1, 1}: 0.00070314ms, 1%
@135 = multibroadcast[out_lens={64, 128, 28, 28},out_dyn_dims={}](@134) -> float_type, {64, 128, 28, 28}, {0, 1, 0, 0}: 0.00093116ms, 1%
@136 = load[offset=0,end=25690112](@1) -> float_type, {64, 128, 28, 28}, {100352, 784, 28, 1}: 0.00069538ms, 1%
@137 = gpu::miopen_fusion[ops={{op=convolution[padding={1, 1, 1, 1},stride={1, 1},dilation={1, 1},group=1,padding_mode=0],alpha=1,beta=0}, {op=add,alpha=1,beta=0}, {op=relu,alpha=1,beta=0}}](@130,@131,@135,@136) -> float_type, {64, 128, 28, 28}, {100352, 784, 28, 1}: 0.495068ms, 2%
@138 = broadcast[axis=1,out_lens={64, 512, 28, 28}](@132) -> float_type, {64, 512, 28, 28}, {0, 1, 0, 0}: 0.0011392ms, 1%
@139 = load[offset=134873088,end=237633536](@1) -> float_type, {64, 512, 28, 28}, {401408, 784, 28, 1}: 0.000713ms, 1%
@140 = gpu::code_object[code_object=9288,symbol_name=mlir_convolution_add_add,global=401408,local=256,](@119,@138,@137,@133,@139) -> float_type, {64, 512, 28, 28}, {401408, 784, 28, 1}: 0.490193ms, 2%
@141 = hip::hip_copy_literal[id=main:@literal:103] -> float_type, {512, 1, 1}, {1, 1, 1}: 0.00080268ms, 1%
@142 = hip::hip_copy_literal[id=main:@literal:63] -> float_type, {128, 1, 1}, {1, 1, 1}: 0.00069634ms, 1%
@143 = hip::hip_copy_literal[id=main:@literal:93] -> float_type, {512, 1, 1}, {1, 1, 1}: 0.00076492ms, 1%
@144 = load[offset=25690112,end=128450560](@1) -> float_type, {64, 512, 28, 28}, {401408, 784, 28, 1}: 0.00068696ms, 1%
@145 = multibroadcast[out_lens={64, 512, 28, 28},out_dyn_dims={}](@141) -> float_type, {64, 512, 28, 28}, {0, 1, 0, 0}: 0.00127278ms, 1%
@146 = multibroadcast[out_lens={64, 512, 28, 28},out_dyn_dims={}](@143) -> float_type, {64, 512, 28, 28}, {0, 1, 0, 0}: 0.00084596ms, 1%
@147 = gpu::code_object[code_object=4328,symbol_name=mul_add_relu_kernel,global=3211264,local=1024,](@145,@140,@146,@144) -> float_type, {64, 512, 28, 28}, {401408, 784, 28, 1}: 0.23026ms, 1%
@148 = hip::hip_copy_literal[id=main:@literal:16] -> float_type, {128, 128, 3, 3}, {1152, 9, 3, 1}: 0.00072674ms, 1%
@149 = hip::hip_copy_literal[id=main:@literal:31] -> float_type, {128, 512, 1, 1}, {512, 1, 1, 1}: 0.00065154ms, 1%
@150 = load[offset=0,end=25690112](@1) -> float_type, {64, 128, 28, 28}, {100352, 784, 28, 1}: 0.00070194ms, 1%
@151 = multibroadcast[out_lens={64, 128, 28, 28},out_dyn_dims={}](@142) -> float_type, {64, 128, 28, 28}, {0, 1, 0, 0}: 0.00101096ms, 1%
@152 = gpu::code_object[code_object=5848,symbol_name=mlir_convolution_add_relu,global=401408,local=256,](@151,@147,@149,@150) -> float_type, {64, 128, 28, 28}, {100352, 784, 28, 1}: 0.282615ms, 2%
@153 = load[offset=0,end=0](@1) -> int8_type, {0}, {1}: 0.00072534ms, 1%
@154 = load[offset=57802752,end=64225280](@1) -> float_type, {64, 128, 14, 14}, {25088, 196, 14, 1}: 0.0006881ms, 1%
@155 = gpu::convolution[op={padding={1, 1, 1, 1},stride={2, 2},dilation={1, 1},group=1,padding_mode=0},solution_object={binary_object: 472},algo=0,solution_id=0](@152,@148,@153,@154) -> float_type, {64, 128, 14, 14}, {25088, 196, 14, 1}: 0.236191ms, 1%
@156 = load[offset=32112640,end=57802752](@1) -> float_type, {64, 512, 14, 14}, {100352, 196, 14, 1}: 0.00075338ms, 1%
@157 = gpu::pooling[mode=max,padding={0, 0, 0, 0},padding_mode=0,stride={2, 2},lengths={1, 1},dilations={1, 1},ceil_mode=0,lp_order=2,dyn_global=0](@140,@156) -> float_type, {64, 512, 14, 14}, {100352, 196, 14, 1}: 0.137982ms, 1%
@158 = hip::hip_copy_literal[id=main:@literal:10] -> float_type, {512, 128, 1, 1}, {128, 1, 1, 1}: 0.001375ms, 1%
@159 = hip::hip_copy_literal[id=main:@literal:77] -> float_type, {512, 1, 1}, {1, 1, 1}: 0.00062146ms, 1%
@160 = hip::hip_copy_literal[id=main:@literal:67] -> float_type, {128, 1, 1}, {1, 1, 1}: 0.00085328ms, 1%
@161 = load[offset=0,end=6422528](@1) -> float_type, {64, 128, 14, 14}, {25088, 196, 14, 1}: 0.00070066ms, 1%
@162 = multibroadcast[out_lens={64, 128, 14, 14},out_dyn_dims={}](@160) -> float_type, {64, 128, 14, 14}, {0, 1, 0, 0}: 0.00114326ms, 1%
@163 = gpu::code_object[code_object=4240,symbol_name=add_relu_kernel,global=401408,local=1024,](@155,@162,@161) -> float_type, {64, 128, 14, 14}, {25088, 196, 14, 1}: 0.0325054ms, 1%
@164 = hip::hip_copy_literal[id=main:@literal:121] -> float_type, {512}, {1}: 0.00088536ms, 1%
@165 = hip::hip_copy_literal[id=main:@literal:81] -> float_type, {512, 1, 1}, {1, 1, 1}: 0.00064714ms, 1%
@166 = load[offset=96337920,end=122028032](@1) -> float_type, {64, 512, 14, 14}, {100352, 196, 14, 1}: 0.0006808ms, 1%
@167 = multibroadcast[out_lens={64, 512, 14, 14},out_dyn_dims={}](@165) -> float_type, {64, 512, 14, 14}, {0, 1, 0, 0}: 0.001044ms, 1%
@168 = broadcast[axis=1,out_lens={64, 512, 14, 14}](@164) -> float_type, {64, 512, 14, 14}, {0, 1, 0, 0}: 0.00100828ms, 1%
@169 = multibroadcast[out_lens={64, 512, 14, 14},out_dyn_dims={}](@159) -> float_type, {64, 512, 14, 14}, {0, 1, 0, 0}: 0.00081558ms, 1%
@170 = gpu::code_object[code_object=8808,symbol_name=mlir_convolution_add_add_mul_add_relu,global=401408,local=256,](@168,@157,@167,@169,@163,@158,@166) -> float_type, {64, 512, 14, 14}, {100352, 196, 14, 1}: 0.132156ms, 1%
@171 = hip::hip_copy_literal[id=main:@literal:8] -> float_type, {256, 512, 1, 1}, {512, 1, 1, 1}: 0.00077432ms, 1%
@172 = hip::hip_copy_literal[id=main:@literal:7] -> float_type, {256, 256, 3, 3}, {2304, 9, 3, 1}: 0.00062846ms, 1%
@173 = hip::hip_copy_literal[id=main:@literal:75] -> float_type, {256, 1, 1}, {1, 1, 1}: 0.00105664ms, 1%
@174 = load[offset=12845056,end=25690112](@1) -> float_type, {64, 256, 14, 14}, {50176, 196, 14, 1}: 0.00070534ms, 1%
@175 = multibroadcast[out_lens={64, 256, 14, 14},out_dyn_dims={}](@173) -> float_type, {64, 256, 14, 14}, {0, 1, 0, 0}: 0.00096298ms, 1%
@176 = gpu::code_object[code_object=5848,symbol_name=mlir_convolution_add_relu,global=200704,local=256,](@175,@170,@171,@174) -> float_type, {64, 256, 14, 14}, {50176, 196, 14, 1}: 0.156513ms, 1%
@177 = load[offset=0,end=0](@1) -> int8_type, {0}, {1}: 0.0007487ms, 1%
@178 = load[offset=0,end=12845056](@1) -> float_type, {64, 256, 14, 14}, {50176, 196, 14, 1}: 0.00068032ms, 1%
@179 = gpu::convolution[op={padding={1, 1, 1, 1},stride={1, 1},dilation={1, 1},group=1,padding_mode=0},solution_object={binary_object: 432},algo=0,solution_id=0](@176,@172,@177,@178) -> float_type, {64, 256, 14, 14}, {50176, 196, 14, 1}: 0.501336ms, 2%
@180 = hip::hip_copy_literal[id=main:@literal:97] -> float_type, {256, 1, 1}, {1, 1, 1}: 0.00077094ms, 1%
@181 = load[offset=128450560,end=166985728](@1) -> float_type, {64, 768, 14, 14}, {150528, 196, 14, 1}: 0.00074218ms, 1%
@182 = multibroadcast[out_lens={64, 256, 14, 14},out_dyn_dims={}](@180) -> float_type, {64, 256, 14, 14}, {0, 1, 0, 0}: 0.00104968ms, 1%
@183 = gpu::code_object[code_object=4744,symbol_name=noop_add_relu_concat_noop_kernel,global=2408448,local=1024,](@170,@179,@182,@181) -> float_type, {64, 768, 14, 14}, {150528, 196, 14, 1}: 0.0981811ms, 1%
@184 = hip::hip_copy_literal[id=main:@literal:3] -> float_type, {256, 1024, 1, 1}, {1024, 1, 1, 1}: 0.00071734ms, 1%
@185 = hip::hip_copy_literal[id=main:@literal:37] -> float_type, {1024, 256, 1, 1}, {256, 1, 1, 1}: 0.00073874ms, 1%
@186 = hip::hip_copy_literal[id=main:@literal:57] -> float_type, {256, 1, 1}, {1, 1, 1}: 0.000841ms, 1%
@187 = hip::hip_copy_literal[id=main:@literal:0] -> float_type, {256, 1024, 1, 1}, {1024, 1, 1, 1}: 0.0006602ms, 1%
@188 = hip::hip_copy_literal[id=main:@literal:62] -> float_type, {256, 1, 1}, {1, 1, 1}: 0.00079076ms, 1%
@189 = hip::hip_copy_literal[id=main:@literal:39] -> float_type, {256, 1024, 1, 1}, {1024, 1, 1, 1}: 0.00081738ms, 1%
@190 = hip::hip_copy_literal[id=main:@literal:9] -> float_type, {1024, 256, 1, 1}, {256, 1, 1, 1}: 0.00062778ms, 1%
@191 = hip::hip_copy_literal[id=main:@literal:61] -> float_type, {1024}, {1}: 0.0007753ms, 1%
@192 = hip::hip_copy_literal[id=main:@literal:73] -> float_type, {1024, 1, 1}, {1, 1, 1}: 0.00068998ms, 1%
@193 = hip::hip_copy_literal[id=main:@literal:68] -> float_type, {256, 1, 1}, {1, 1, 1}: 0.00073924ms, 1%
@194 = hip::hip_copy_literal[id=main:@literal:2] -> float_type, {256, 256, 3, 3}, {2304, 9, 3, 1}: 0.00055248ms, 1%
@195 = hip::hip_copy_literal[id=main:@literal:66] -> float_type, {1024}, {1}: 0.00084394ms, 1%
@196 = hip::hip_copy_literal[id=main:@literal:41] -> float_type, {1024, 256, 1, 1}, {256, 1, 1, 1}: 0.00072954ms, 1%
@197 = hip::hip_copy_literal[id=main:@literal:95] -> float_type, {1024, 1, 1}, {1, 1, 1}: 0.00066844ms, 1%
@198 = hip::hip_copy_literal[id=main:@literal:4] -> float_type, {1024, 768, 1, 1}, {768, 1, 1, 1}: 0.00058396ms, 1%
@199 = hip::hip_copy_literal[id=main:@literal:74] -> float_type, {256, 1, 1}, {1, 1, 1}: 0.00079478ms, 1%
@200 = hip::hip_copy_literal[id=main:@literal:64] -> float_type, {256, 1, 1}, {1, 1, 1}: 0.00069496ms, 1%
@201 = hip::hip_copy_literal[id=main:@literal:59] -> float_type, {256, 1, 1}, {1, 1, 1}: 0.00071424ms, 1%
@202 = hip::hip_copy_literal[id=main:@literal:40] -> float_type, {256, 256, 3, 3}, {2304, 9, 3, 1}: 0.00074748ms, 1%
@203 = hip::hip_copy_literal[id=main:@literal:17] -> float_type, {256, 256, 3, 3}, {2304, 9, 3, 1}: 0.00066724ms, 1%
@204 = hip::hip_copy_literal[id=main:@literal:101] -> float_type, {1024}, {1}: 0.00083196ms, 1%
@205 = hip::hip_copy_literal[id=main:@literal:60] -> float_type, {1024, 1, 1}, {1, 1, 1}: 0.00063574ms, 1%
@206 = broadcast[axis=1,out_lens={64, 1024, 14, 14}](@204) -> float_type, {64, 1024, 14, 14}, {0, 1, 0, 0}: 0.00108214ms, 1%
@207 = load[offset=64225280,end=115605504](@1) -> float_type, {64, 1024, 14, 14}, {200704, 196, 14, 1}: 0.00068536ms, 1%
@208 = multibroadcast[out_lens={64, 1024, 14, 14},out_dyn_dims={}](@192) -> float_type, {64, 1024, 14, 14}, {0, 1, 0, 0}: 0.0008626ms, 1%
@209 = gpu::code_object[code_object=11680,symbol_name=mlir_convolution_mul_add_relu,global=200704,local=256,](@208,@206,@183,@198,@207) -> float_type, {64, 1024, 14, 14}, {200704, 196, 14, 1}: 0.719504ms, 3%
@210 = load[offset=51380224,end=64225280](@1) -> float_type, {64, 256, 14, 14}, {50176, 196, 14, 1}: 0.00072922ms, 1%
@211 = multibroadcast[out_lens={64, 256, 14, 14},out_dyn_dims={}](@186) -> float_type, {64, 256, 14, 14}, {0, 1, 0, 0}: 0.00086774ms, 1%
@212 = gpu::code_object[code_object=6504,symbol_name=mlir_convolution_add_relu,global=200704,local=256,](@211,@209,@184,@210) -> float_type, {64, 256, 14, 14}, {50176, 196, 14, 1}: 0.276967ms, 2%
@213 = load[offset=0,end=12845056](@1) -> float_type, {64, 256, 14, 14}, {50176, 196, 14, 1}: 0.00074606ms, 1%
@214 = multibroadcast[out_lens={64, 256, 14, 14},out_dyn_dims={}](@193) -> float_type, {64, 256, 14, 14}, {0, 1, 0, 0}: 0.00094126ms, 1%
@215 = gpu::miopen_fusion[ops={{op=convolution[padding={1, 1, 1, 1},stride={1, 1},dilation={1, 1},group=1,padding_mode=0],alpha=1,beta=0}, {op=add,alpha=1,beta=0}, {op=relu,alpha=1,beta=0}}](@212,@194,@214,@213) -> float_type, {64, 256, 14, 14}, {50176, 196, 14, 1}: 0.497377ms, 2%
@216 = load[offset=25690112,end=77070336](@1) -> float_type, {64, 1024, 14, 14}, {200704, 196, 14, 1}: 0.00080946ms, 1%
@217 = gpu::code_object[code_object=7952,symbol_name=mlir_convolution,global=200704,local=256,](@215,@190,@216) -> float_type, {64, 1024, 14, 14}, {200704, 196, 14, 1}: 0.256009ms, 1%
@218 = load[offset=77070336,end=128450560](@1) -> float_type, {64, 1024, 14, 14}, {200704, 196, 14, 1}: 0.00074472ms, 1%
@219 = gpu::code_object[code_object=9656,symbol_name=mlir_convolution_add,global=200704,local=256,](@217,@183,@198,@218) -> float_type, {64, 1024, 14, 14}, {200704, 196, 14, 1}: 0.709465ms, 3%
@220 = load[offset=128450560,end=179830784](@1) -> float_type, {64, 1024, 14, 14}, {200704, 196, 14, 1}: 0.00074642ms, 1%
@221 = broadcast[axis=1,out_lens={64, 1024, 14, 14}](@195) -> float_type, {64, 1024, 14, 14}, {0, 1, 0, 0}: 0.00110136ms, 1%
@222 = multibroadcast[out_lens={64, 1024, 14, 14},out_dyn_dims={}](@197) -> float_type, {64, 1024, 14, 14}, {0, 1, 0, 0}: 0.00085092ms, 1%
@223 = gpu::code_object[code_object=4304,symbol_name=mul_add_relu_kernel,global=3211264,local=1024,](@222,@219,@221,@220) -> float_type, {64, 1024, 14, 14}, {200704, 196, 14, 1}: 0.12023ms, 1%
@224 = load[offset=51380224,end=64225280](@1) -> float_type, {64, 256, 14, 14}, {50176, 196, 14, 1}: 0.0007252ms, 1%
@225 = multibroadcast[out_lens={64, 256, 14, 14},out_dyn_dims={}](@200) -> float_type, {64, 256, 14, 14}, {0, 1, 0, 0}: 0.0008034ms, 1%
@226 = gpu::code_object[code_object=6504,symbol_name=mlir_convolution_add_relu,global=200704,local=256,](@225,@223,@187,@224) -> float_type, {64, 256, 14, 14}, {50176, 196, 14, 1}: 0.277695ms, 2%
@227 = load[offset=0,end=12845056](@1) -> float_type, {64, 256, 14, 14}, {50176, 196, 14, 1}: 0.00071372ms, 1%
@228 = multibroadcast[out_lens={64, 256, 14, 14},out_dyn_dims={}](@188) -> float_type, {64, 256, 14, 14}, {0, 1, 0, 0}: 0.00083952ms, 1%
@229 = gpu::miopen_fusion[ops={{op=convolution[padding={1, 1, 1, 1},stride={1, 1},dilation={1, 1},group=1,padding_mode=0],alpha=1,beta=0}, {op=add,alpha=1,beta=0}, {op=relu,alpha=1,beta=0}}](@226,@203,@228,@227) -> float_type, {64, 256, 14, 14}, {50176, 196, 14, 1}: 0.481198ms, 2%
@230 = load[offset=128450560,end=179830784](@1) -> float_type, {64, 1024, 14, 14}, {200704, 196, 14, 1}: 0.00073632ms, 1%
@231 = gpu::code_object[code_object=9672,symbol_name=mlir_convolution_add,global=200704,local=256,](@219,@229,@185,@230) -> float_type, {64, 1024, 14, 14}, {200704, 196, 14, 1}: 0.30466ms, 2%
@232 = multibroadcast[out_lens={64, 1024, 14, 14},out_dyn_dims={}](@205) -> float_type, {64, 1024, 14, 14}, {0, 1, 0, 0}: 0.00112882ms, 1%
@233 = load[offset=25690112,end=77070336](@1) -> float_type, {64, 1024, 14, 14}, {200704, 196, 14, 1}: 0.00068382ms, 1%
@234 = broadcast[axis=1,out_lens={64, 1024, 14, 14}](@191) -> float_type, {64, 1024, 14, 14}, {0, 1, 0, 0}: 0.00087644ms, 1%
@235 = gpu::code_object[code_object=4304,symbol_name=mul_add_relu_kernel,global=3211264,local=1024,](@232,@231,@234,@233) -> float_type, {64, 1024, 14, 14}, {200704, 196, 14, 1}: 0.120598ms, 1%
@236 = load[offset=12845056,end=25690112](@1) -> float_type, {64, 256, 14, 14}, {50176, 196, 14, 1}: 0.00076194ms, 1%
@237 = multibroadcast[out_lens={64, 256, 14, 14},out_dyn_dims={}](@201) -> float_type, {64, 256, 14, 14}, {0, 1, 0, 0}: 0.00081632ms, 1%
@238 = gpu::code_object[code_object=6504,symbol_name=mlir_convolution_add_relu,global=200704,local=256,](@237,@235,@189,@236) -> float_type, {64, 256, 14, 14}, {50176, 196, 14, 1}: 0.276977ms, 2%
@239 = multibroadcast[out_lens={64, 256, 14, 14},out_dyn_dims={}](@199) -> float_type, {64, 256, 14, 14}, {0, 1, 0, 0}: 0.0008783ms, 1%
@240 = load[offset=0,end=12845056](@1) -> float_type, {64, 256, 14, 14}, {50176, 196, 14, 1}: 0.0006965ms, 1%
@241 = gpu::miopen_fusion[ops={{op=convolution[padding={1, 1, 1, 1},stride={1, 1},dilation={1, 1},group=1,padding_mode=0],alpha=1,beta=0}, {op=add,alpha=1,beta=0}, {op=relu,alpha=1,beta=0}}](@238,@202,@239,@240) -> float_type, {64, 256, 14, 14}, {50176, 196, 14, 1}: 0.47484ms, 2%
@242 = load[offset=77070336,end=128450560](@1) -> float_type, {64, 1024, 14, 14}, {200704, 196, 14, 1}: 0.0007254ms, 1%
@243 = gpu::code_object[code_object=9672,symbol_name=mlir_convolution_add,global=200704,local=256,](@231,@241,@196,@242) -> float_type, {64, 1024, 14, 14}, {200704, 196, 14, 1}: 0.305168ms, 2%
@244 = hip::hip_copy_literal[id=main:@literal:72] -> float_type, {256, 1, 1}, {1, 1, 1}: 0.00083242ms, 1%
@245 = hip::hip_copy_literal[id=main:@literal:38] -> float_type, {1024, 256, 1, 1}, {256, 1, 1, 1}: 0.00075508ms, 1%
@246 = hip::hip_copy_literal[id=main:@literal:42] -> float_type, {256, 1024, 1, 1}, {1024, 1, 1, 1}: 0.00084806ms, 1%
@247 = hip::hip_copy_literal[id=main:@literal:53] -> float_type, {1024}, {1}: 0.00057936ms, 1%
@248 = hip::hip_copy_literal[id=main:@literal:71] -> float_type, {1024}, {1}: 0.0006912ms, 1%
@249 = hip::hip_copy_literal[id=main:@literal:54] -> float_type, {256, 1, 1}, {1, 1, 1}: 0.0006665ms, 1%
@250 = hip::hip_copy_literal[id=main:@literal:69] -> float_type, {1024, 1, 1}, {1, 1, 1}: 0.0006609ms, 1%
@251 = hip::hip_copy_literal[id=main:@literal:5] -> float_type, {256, 256, 3, 3}, {2304, 9, 3, 1}: 0.00068526ms, 1%
@252 = multibroadcast[out_lens={64, 1024, 14, 14},out_dyn_dims={}](@250) -> float_type, {64, 1024, 14, 14}, {0, 1, 0, 0}: 0.00146796ms, 1%
@253 = broadcast[axis=1,out_lens={64, 1024, 14, 14}](@248) -> float_type, {64, 1024, 14, 14}, {0, 1, 0, 0}: 0.00094902ms, 1%
@254 = load[offset=128450560,end=179830784](@1) -> float_type, {64, 1024, 14, 14}, {200704, 196, 14, 1}: 0.00073126ms, 1%
@255 = gpu::code_object[code_object=4304,symbol_name=mul_add_relu_kernel,global=3211264,local=1024,](@252,@243,@253,@254) -> float_type, {64, 1024, 14, 14}, {200704, 196, 14, 1}: 0.122932ms, 1%
@256 = multibroadcast[out_lens={64, 256, 14, 14},out_dyn_dims={}](@244) -> float_type, {64, 256, 14, 14}, {0, 1, 0, 0}: 0.00102332ms, 1%
@257 = load[offset=51380224,end=64225280](@1) -> float_type, {64, 256, 14, 14}, {50176, 196, 14, 1}: 0.00071374ms, 1%
@258 = gpu::code_object[code_object=6504,symbol_name=mlir_convolution_add_relu,global=200704,local=256,](@256,@255,@246,@257) -> float_type, {64, 256, 14, 14}, {50176, 196, 14, 1}: 0.277948ms, 2%
@259 = load[offset=0,end=12845056](@1) -> float_type, {64, 256, 14, 14}, {50176, 196, 14, 1}: 0.0007277ms, 1%
@260 = multibroadcast[out_lens={64, 256, 14, 14},out_dyn_dims={}](@249) -> float_type, {64, 256, 14, 14}, {0, 1, 0, 0}: 0.00086152ms, 1%
@261 = gpu::miopen_fusion[ops={{op=convolution[padding={1, 1, 1, 1},stride={1, 1},dilation={1, 1},group=1,padding_mode=0],alpha=1,beta=0}, {op=add,alpha=1,beta=0}, {op=relu,alpha=1,beta=0}}](@258,@251,@260,@259) -> float_type, {64, 256, 14, 14}, {50176, 196, 14, 1}: 0.474678ms, 2%
@262 = broadcast[axis=1,out_lens={64, 1024, 14, 14}](@247) -> float_type, {64, 1024, 14, 14}, {0, 1, 0, 0}: 0.0010967ms, 1%
@263 = load[offset=128450560,end=179830784](@1) -> float_type, {64, 1024, 14, 14}, {200704, 196, 14, 1}: 0.00071242ms, 1%
@264 = gpu::code_object[code_object=9880,symbol_name=mlir_convolution_add_add,global=200704,local=256,](@243,@262,@261,@245,@263) -> float_type, {64, 1024, 14, 14}, {200704, 196, 14, 1}: 0.405247ms, 2%
@265 = load[offset=102760448,end=115605504](@1) -> float_type, {64, 1024, 7, 7}, {50176, 49, 7, 1}: 0.0007103ms, 1%
@266 = gpu::pooling[mode=max,padding={0, 0, 0, 0},padding_mode=0,stride={2, 2},lengths={1, 1},dilations={1, 1},ceil_mode=0,lp_order=2,dyn_global=0](@264,@265) -> float_type, {64, 1024, 7, 7}, {50176, 49, 7, 1}: 0.126622ms, 1%
@267 = hip::hip_copy_literal[id=main:@literal:1] -> float_type, {256, 256, 3, 3}, {2304, 9, 3, 1}: 0.00078288ms, 1%
@268 = hip::hip_copy_literal[id=main:@literal:80] -> float_type, {1024, 1, 1}, {1, 1, 1}: 0.0009187ms, 1%
@269 = hip::hip_copy_literal[id=main:@literal:22] -> float_type, {256, 1024, 1, 1}, {1024, 1, 1, 1}: 0.00067888ms, 1%
@270 = hip::hip_copy_literal[id=main:@literal:65] -> float_type, {256, 1, 1}, {1, 1, 1}: 0.0007834ms, 1%
@271 = hip::hip_copy_literal[id=main:@literal:58] -> float_type, {1024, 1, 1}, {1, 1, 1}: 0.00059078ms, 1%
@272 = multibroadcast[out_lens={64, 1024, 14, 14},out_dyn_dims={}](@271) -> float_type, {64, 1024, 14, 14}, {0, 1, 0, 0}: 0.00108666ms, 1%
@273 = multibroadcast[out_lens={64, 1024, 14, 14},out_dyn_dims={}](@268) -> float_type, {64, 1024, 14, 14}, {0, 1, 0, 0}: 0.0007481ms, 1%
@274 = load[offset=28901376,end=80281600](@1) -> float_type, {64, 1024, 14, 14}, {200704, 196, 14, 1}: 0.00070836ms, 1%
@275 = gpu::code_object[code_object=4304,symbol_name=mul_add_relu_kernel,global=3211264,local=1024,](@273,@264,@272,@274) -> float_type, {64, 1024, 14, 14}, {200704, 196, 14, 1}: 0.122339ms, 1%
@276 = load[offset=6422528,end=19267584](@1) -> float_type, {64, 256, 14, 14}, {50176, 196, 14, 1}: 0.00076622ms, 1%
@277 = multibroadcast[out_lens={64, 256, 14, 14},out_dyn_dims={}](@270) -> float_type, {64, 256, 14, 14}, {0, 1, 0, 0}: 0.0008092ms, 1%
@278 = gpu::code_object[code_object=6504,symbol_name=mlir_convolution_add_relu,global=200704,local=256,](@277,@275,@269,@276) -> float_type, {64, 256, 14, 14}, {50176, 196, 14, 1}: 0.276167ms, 2%
@279 = load[offset=0,end=0](@1) -> int8_type, {0}, {1}: 0.00074164ms, 1%
@280 = load[offset=0,end=3211264](@1) -> float_type, {64, 256, 7, 7}, {12544, 49, 7, 1}: 0.00069408ms, 1%
@281 = gpu::convolution[op={padding={1, 1, 1, 1},stride={2, 2},dilation={1, 1},group=1,padding_mode=0},solution_object={binary_object: 454},algo=0,solution_id=0](@278,@267,@279,@280) -> float_type, {64, 256, 7, 7}, {12544, 49, 7, 1}: 0.254767ms, 1%
@282 = hip::hip_copy_literal[id=main:@literal:120] -> float_type, {1024}, {1}: 0.0007676ms, 1%
@283 = hip::hip_copy_literal[id=main:@literal:94] -> float_type, {1024, 1, 1}, {1, 1, 1}: 0.0007829ms, 1%
@284 = hip::hip_copy_literal[id=main:@literal:52] -> float_type, {256, 1, 1}, {1, 1, 1}: 0.00067218ms, 1%
@285 = hip::hip_copy_literal[id=main:@literal:43] -> float_type, {1024, 256, 1, 1}, {256, 1, 1, 1}: 0.00074806ms, 1%
@286 = hip::hip_copy_literal[id=main:@literal:51] -> float_type, {1024, 1, 1}, {1, 1, 1}: 0.00062624ms, 1%
@287 = load[offset=6422528,end=9633792](@1) -> float_type, {64, 256, 7, 7}, {12544, 49, 7, 1}: 0.00071316ms, 1%
@288 = multibroadcast[out_lens={64, 256, 7, 7},out_dyn_dims={}](@284) -> float_type, {64, 256, 7, 7}, {0, 1, 0, 0}: 0.0011341ms, 1%
@289 = gpu::code_object[code_object=4216,symbol_name=add_relu_kernel,global=802816,local=1024,](@281,@288,@287) -> float_type, {64, 256, 7, 7}, {12544, 49, 7, 1}: 0.0262977ms, 1%
@290 = load[offset=12845056,end=25690112](@1) -> float_type, {64, 1024, 7, 7}, {50176, 49, 7, 1}: 0.00072738ms, 1%
@291 = multibroadcast[out_lens={64, 1024, 7, 7},out_dyn_dims={}](@283) -> float_type, {64, 1024, 7, 7}, {0, 1, 0, 0}: 0.00099952ms, 1%
@292 = broadcast[axis=1,out_lens={64, 1024, 7, 7}](@282) -> float_type, {64, 1024, 7, 7}, {0, 1, 0, 0}: 0.00101936ms, 1%
@293 = multibroadcast[out_lens={64, 1024, 7, 7},out_dyn_dims={}](@286) -> float_type, {64, 1024, 7, 7}, {0, 1, 0, 0}: 0.00080512ms, 1%
@294 = gpu::code_object[code_object=7584,symbol_name=mlir_convolution_add_add_mul_add_relu,global=200704,local=256,](@292,@266,@291,@293,@289,@285,@290) -> float_type, {64, 1024, 7, 7}, {50176, 49, 7, 1}: 0.110854ms, 1%
@295 = hip::hip_copy_literal[id=main:@literal:15] -> float_type, {512, 512, 3, 3}, {4608, 9, 3, 1}: 0.00069404ms, 1%
@296 = hip::hip_copy_literal[id=main:@literal:45] -> float_type, {512, 1024, 1, 1}, {1024, 1, 1, 1}: 0.00069108ms, 1%
@297 = hip::hip_copy_literal[id=main:@literal:50] -> float_type, {512, 1, 1}, {1, 1, 1}: 0.00073824ms, 1%
@298 = multibroadcast[out_lens={64, 512, 7, 7},out_dyn_dims={}](@297) -> float_type, {64, 512, 7, 7}, {0, 1, 0, 0}: 0.00091598ms, 1%
@299 = load[offset=0,end=6422528](@1) -> float_type, {64, 512, 7, 7}, {25088, 49, 7, 1}: 0.00070356ms, 1%
@300 = gpu::code_object[code_object=6536,symbol_name=mlir_convolution_add_relu,global=100352,local=256,](@298,@294,@296,@299) -> float_type, {64, 512, 7, 7}, {25088, 49, 7, 1}: 0.180407ms, 1%
@301 = load[offset=0,end=0](@1) -> int8_type, {0}, {1}: 0.00074236ms, 1%
@302 = load[offset=25690112,end=32112640](@1) -> float_type, {64, 512, 7, 7}, {25088, 49, 7, 1}: 0.00065644ms, 1%
@303 = gpu::convolution[op={padding={1, 1, 1, 1},stride={1, 1},dilation={1, 1},group=1,padding_mode=0},solution_object={binary_object: 436},algo=0,solution_id=0](@300,@295,@301,@302) -> float_type, {64, 512, 7, 7}, {25088, 49, 7, 1}: 0.668338ms, 3%
@304 = hip::hip_copy_literal[id=main:@literal:113] -> float_type, {512, 1, 1}, {1, 1, 1}: 0.0008105ms, 1%
@305 = multibroadcast[out_lens={64, 512, 7, 7},out_dyn_dims={}](@304) -> float_type, {64, 512, 7, 7}, {0, 1, 0, 0}: 0.00118348ms, 1%
@306 = load[offset=57802752,end=77070336](@1) -> float_type, {64, 1536, 7, 7}, {75264, 49, 7, 1}: 0.00070832ms, 1%
@307 = gpu::code_object[code_object=4760,symbol_name=noop_add_relu_concat_noop_kernel,global=2408448,local=1024,](@294,@303,@305,@306) -> float_type, {64, 1536, 7, 7}, {75264, 49, 7, 1}: 0.0581438ms, 1%
@308 = hip::hip_copy_literal[id=main:@literal:46] -> float_type, {2048, 512, 1, 1}, {512, 1, 1, 1}: 0.00072006ms, 1%
@309 = hip::hip_copy_literal[id=main:@literal:91] -> float_type, {512, 1, 1}, {1, 1, 1}: 0.0006419ms, 1%
@310 = hip::hip_copy_literal[id=main:@literal:44] -> float_type, {512, 512, 3, 3}, {4608, 9, 3, 1}: 0.0007997ms, 1%
@311 = hip::hip_copy_literal[id=main:@literal:47] -> float_type, {512, 2048, 1, 1}, {2048, 1, 1, 1}: 0.00063706ms, 1%
@312 = hip::hip_copy_literal[id=main:@literal:27] -> float_type, {2048, 1536, 1, 1}, {1536, 1, 1, 1}: 0.00066068ms, 1%
@313 = hip::hip_copy_literal[id=main:@literal:114] -> float_type, {2048, 1, 1}, {1, 1, 1}: 0.00065918ms, 1%
@314 = hip::hip_copy_literal[id=main:@literal:76] -> float_type, {2048}, {1}: 0.00072516ms, 1%
@315 = hip::hip_copy_literal[id=main:@literal:117] -> float_type, {512, 1, 1}, {1, 1, 1}: 0.00066208ms, 1%
@316 = hip::hip_copy_literal[id=main:@literal:6] -> float_type, {512, 2048, 1, 1}, {2048, 1, 1, 1}: 0.00069718ms, 1%
@317 = hip::hip_copy_literal[id=main:@literal:119] -> float_type, {1001}, {1}: 0.0007213ms, 1%
@318 = hip::hip_copy_literal[id=main:@literal:48] -> float_type, {2048, 512, 1, 1}, {512, 1, 1, 1}: 0.00067338ms, 1%
@319 = hip::hip_copy_literal[id=main:@literal:56] -> float_type, {512, 1, 1}, {1, 1, 1}: 0.00062822ms, 1%
@320 = hip::hip_copy_literal[id=main:@literal:118] -> float_type, {2048}, {1}: 0.00064604ms, 1%
@321 = hip::hip_copy_literal[id=main:@literal:105] -> float_type, {2048, 1, 1}, {1, 1, 1}: 0.00067162ms, 1%
@322 = hip::hip_copy_literal[id=main:@literal:115] -> float_type, {2048}, {1}: 0.00067162ms, 1%
@323 = hip::hip_copy_literal[id=main:@literal:83] -> float_type, {512, 1, 1}, {1, 1, 1}: 0.00066888ms, 1%
@324 = hip::hip_copy_literal[id=main:@literal:116] -> float_type, {2048, 1, 1}, {1, 1, 1}: 0.00063552ms, 1%
@325 = hip::hip_copy_literal[id=main:@literal:49] -> float_type, {1001, 2048, 1, 1}, {2048, 1, 1, 1}: 0.00065772ms, 1%
@326 = hip::hip_copy_literal[id=main:@literal:18] -> float_type, {512, 512, 3, 3}, {4608, 9, 3, 1}: 0.00059504ms, 1%
@327 = multibroadcast[out_lens={64, 2048, 7, 7},out_dyn_dims={}](@321) -> float_type, {64, 2048, 7, 7}, {0, 1, 0, 0}: 0.00090918ms, 1%
@328 = load[offset=0,end=25690112](@1) -> float_type, {64, 2048, 7, 7}, {100352, 49, 7, 1}: 0.00071728ms, 1%
@329 = broadcast[axis=1,out_lens={64, 2048, 7, 7}](@314) -> float_type, {64, 2048, 7, 7}, {0, 1, 0, 0}: 0.00099256ms, 1%
@330 = gpu::code_object[code_object=6200,symbol_name=mlir_convolution_mul_add_relu,global=401408,local=256,](@327,@329,@307,@312,@328) -> float_type, {64, 2048, 7, 7}, {100352, 49, 7, 1}: 0.805153ms, 4%
@331 = load[offset=32112640,end=38535168](@1) -> float_type, {64, 512, 7, 7}, {25088, 49, 7, 1}: 0.0007515ms, 1%
@332 = multibroadcast[out_lens={64, 512, 7, 7},out_dyn_dims={}](@319) -> float_type, {64, 512, 7, 7}, {0, 1, 0, 0}: 0.00083038ms, 1%
@333 = gpu::code_object[code_object=5856,symbol_name=mlir_convolution_add_relu,global=100352,local=256,](@332,@330,@316,@331) -> float_type, {64, 512, 7, 7}, {25088, 49, 7, 1}: 0.348864ms, 2%
@334 = multibroadcast[out_lens={64, 512, 7, 7},out_dyn_dims={}](@309) -> float_type, {64, 512, 7, 7}, {0, 1, 0, 0}: 0.0009675ms, 1%
@335 = load[offset=6422528,end=12845056](@1) -> float_type, {64, 512, 7, 7}, {25088, 49, 7, 1}: 0.00069224ms, 1%
@336 = gpu::miopen_fusion[ops={{op=convolution[padding={1, 1, 1, 1},stride={1, 1},dilation={1, 1},group=1,padding_mode=0],alpha=1,beta=0}, {op=add,alpha=1,beta=0}, {op=relu,alpha=1,beta=0}}](@333,@326,@334,@335) -> float_type, {64, 512, 7, 7}, {25088, 49, 7, 1}: 0.651221ms, 3%
@337 = load[offset=77070336,end=102760448](@1) -> float_type, {64, 2048, 7, 7}, {100352, 49, 7, 1}: 0.00074476ms, 1%
@338 = gpu::code_object[code_object=7896,symbol_name=mlir_convolution,global=102400,local=256,](@336,@308,@337) -> float_type, {64, 2048, 7, 7}, {100352, 49, 7, 1}: 0.281998ms, 2%
@339 = load[offset=0,end=25690112](@1) -> float_type, {64, 2048, 7, 7}, {100352, 49, 7, 1}: 0.00073474ms, 1%
@340 = gpu::code_object[code_object=5232,symbol_name=mlir_convolution_add,global=401408,local=256,](@338,@307,@312,@339) -> float_type, {64, 2048, 7, 7}, {100352, 49, 7, 1}: 0.825ms, 4%
@341 = multibroadcast[out_lens={64, 2048, 7, 7},out_dyn_dims={}](@313) -> float_type, {64, 2048, 7, 7}, {0, 1, 0, 0}: 0.00107294ms, 1%
@342 = broadcast[axis=1,out_lens={64, 2048, 7, 7}](@322) -> float_type, {64, 2048, 7, 7}, {0, 1, 0, 0}: 0.00090644ms, 1%
@343 = load[offset=38535168,end=64225280](@1) -> float_type, {64, 2048, 7, 7}, {100352, 49, 7, 1}: 0.00068546ms, 1%
@344 = gpu::code_object[code_object=4224,symbol_name=mul_add_relu_kernel,global=6422528,local=1024,](@341,@340,@342,@343) -> float_type, {64, 2048, 7, 7}, {100352, 49, 7, 1}: 0.0701284ms, 1%
@345 = load[offset=32112640,end=38535168](@1) -> float_type, {64, 512, 7, 7}, {25088, 49, 7, 1}: 0.00074624ms, 1%
@346 = multibroadcast[out_lens={64, 512, 7, 7},out_dyn_dims={}](@315) -> float_type, {64, 512, 7, 7}, {0, 1, 0, 0}: 0.00082718ms, 1%
@347 = gpu::code_object[code_object=5856,symbol_name=mlir_convolution_add_relu,global=100352,local=256,](@346,@344,@311,@345) -> float_type, {64, 512, 7, 7}, {25088, 49, 7, 1}: 0.347767ms, 2%
@348 = load[offset=25690112,end=32112640](@1) -> float_type, {64, 512, 7, 7}, {25088, 49, 7, 1}: 0.0007343ms, 1%
@349 = multibroadcast[out_lens={64, 512, 7, 7},out_dyn_dims={}](@323) -> float_type, {64, 512, 7, 7}, {0, 1, 0, 0}: 0.00078912ms, 1%
@350 = gpu::miopen_fusion[ops={{op=convolution[padding={1, 1, 1, 1},stride={1, 1},dilation={1, 1},group=1,padding_mode=0],alpha=1,beta=0}, {op=add,alpha=1,beta=0}, {op=relu,alpha=1,beta=0}}](@347,@310,@349,@348) -> float_type, {64, 512, 7, 7}, {25088, 49, 7, 1}: 0.652851ms, 3%
@351 = multibroadcast[out_lens={64, 2048, 7, 7},out_dyn_dims={}](@324) -> float_type, {64, 2048, 7, 7}, {0, 1, 0, 0}: 0.0010769ms, 1%
@352 = load[offset=64225280,end=89915392](@1) -> float_type, {64, 2048, 7, 7}, {100352, 49, 7, 1}: 0.00070398ms, 1%
@353 = broadcast[axis=1,out_lens={64, 2048, 7, 7}](@320) -> float_type, {64, 2048, 7, 7}, {0, 1, 0, 0}: 0.0008473ms, 1%
@354 = gpu::code_object[code_object=14336,symbol_name=mlir_convolution_mul_add_add_relu,global=102400,local=256,](@351,@340,@353,@350,@318,@352) -> float_type, {64, 2048, 7, 7}, {100352, 49, 7, 1}: 0.442132ms, 2%
@355 = load[offset=0,end=524288](@1) -> float_type, {64, 1, 1, 2048}, {2048, 1, 1, 1}: 0.00074648ms, 1%
@356 = transpose[permutation={0, 2, 3, 1}](@354) -> float_type, {64, 7, 7, 2048}, {100352, 7, 1, 49}: 0.00130526ms, 1%
@357 = gpu::code_object[code_object=4080,symbol_name=mul_reduce_sum_kernel,global=8388608,local=64,](@356,@355) -> float_type, {64, 1, 1, 2048}, {2048, 1, 1, 1}: 0.211446ms, 1%
@358 = broadcast[axis=1,out_lens={64, 1001, 1, 1}](@317) -> float_type, {64, 1001, 1, 1}, {0, 1, 0, 0}: 0.00124314ms, 1%
@359 = load[offset=524288,end=780544](@1) -> float_type, {64, 1001, 1, 1}, {1001, 1, 1, 1}: 0.00069682ms, 1%
@360 = gpu::code_object[code_object=5160,symbol_name=mlir_transpose_convolution_add,global=16384,local=256,](@358,@357,@325,@359) -> float_type, {64, 1001, 1, 1}, {1001, 1, 1, 1}: 0.0743404ms, 1%
@361 = transpose[permutation={0, 2, 3, 1}](@360) -> float_type, {64, 1, 1, 1001}, {1001, 1, 1, 1}: 0.00076836ms, 1%
@362 = squeeze[axes={1, 2}](@361) -> float_type, {64, 1001}, {1001, 1}: 0.00129706ms, 1%
main:#output_0 = @param:main:#output_0 -> float_type, {64, 1001}, {1001, 1}: 0.00104878ms, 1%
@364 = gpu::code_object[code_object=5800,symbol_name=reduce_max_sub_exp_reduce_sum_div_kernel,global=16384,local=256,](@362,main:#output_0) -> float_type, {64, 1001}, {1001, 1}: 0.0215107ms, 1%
@365 = @return(@364)
Summary:
gpu::miopen_fusion: 4.76057ms / 9 = 0.528952ms, 19%
gpu::code_object::mlir_convolution_add_relu: 4.15764ms / 16 = 0.259852ms, 16%
gpu::code_object::mlir_convolution_add: 3.57999ms / 6 = 0.596664ms, 14%
gpu::convolution: 2.90307ms / 7 = 0.414724ms, 12%
gpu::code_object::mlir_convolution_mul_add_relu: 2.75097ms / 4 = 0.687742ms, 11%
gpu::code_object::mlir_convolution_add_add: 1.76406ms / 3 = 0.58802ms, 7%
gpu::code_object::mul_add_relu_kernel: 1.57935ms / 9 = 0.175483ms, 7%
gpu::code_object::mlir_convolution: 1.11762ms / 4 = 0.279404ms, 5%
gpu::pooling: 0.8585ms / 4 = 0.214625ms, 4%
gpu::code_object::noop_add_relu_concat_noop_kernel: 0.580613ms / 4 = 0.145153ms, 3%
gpu::code_object::pad_kernel: 0.547923ms / 1 = 0.547923ms, 3%
gpu::code_object::mlir_convolution_mul_add_add_relu: 0.442132ms / 1 = 0.442132ms, 2%
gpu::code_object::mlir_convolution_add_add_mul_add_relu: 0.396334ms / 3 = 0.132111ms, 2%
gpu::code_object::mul_reduce_sum_kernel: 0.211446ms / 1 = 0.211446ms, 1%
gpu::code_object::add_relu_kernel: 0.108323ms / 3 = 0.0361078ms, 1%
hip::hip_copy_literal: 0.0920287ms / 124 = 0.000742167ms, 1%
gpu::code_object::mlir_transpose_convolution_add: 0.0743404ms / 1 = 0.0743404ms, 1%
load: 0.0592136ms / 83 = 0.000713417ms, 1%
multibroadcast: 0.0540792ms / 56 = 0.0009657ms, 1%
gpu::code_object::reduce_max_sub_exp_reduce_sum_div_kernel: 0.0215107ms / 1 = 0.0215107ms, 1%
broadcast: 0.0190326ms / 18 = 0.00105737ms, 1%
transpose: 0.00207362ms / 2 = 0.00103681ms, 1%
@param: 0.0016473ms / 2 = 0.00082365ms, 1%
squeeze: 0.00129706ms / 1 = 0.00129706ms, 1%
hip::hip_allocate_memory: 0.0011141ms / 1 = 0.0011141ms, 1%
check_context::migraphx::gpu::context: 0.00091988ms / 1 = 0.00091988ms, 1%

Batch size: 1
Rate: 40.3096 inferences/sec
Total time: 24.808ms
Total instructions time: 26.0858ms
Overhead time: 0.0726657ms, -1.27782ms
Overhead: 0%, -5%
[ MIGraphX Version: 2.10.0.3ace932f2 ] Complete: /src/AMDMIGraphX/build/bin/driver perf --gpu /new-saved-models/slim/resnet50v2_i64.pb
