Compiling ... 
Reading: /new-saved-models/onnx-misc/taau_low_res_downsample_d2s_for_infer_time_fp16_opset11.onnx
module: "main"
main:@0 = check_context::migraphx::gpu::context  -> float_type, {}, {}
main:@1 = hip::hip_allocate_memory[shape=int8_type, {165888000}, {1},id=main:scratch] -> int8_type, {165888000}, {1}
main:@2 = load[offset=66355200,end=99532800](main:@1) -> half_type, {1, 8, 1920, 1080}, {16588800, 2073600, 1080, 1}
inputs = @param:inputs -> half_type, {1, 1920, 1080, 8}, {16588800, 8640, 8, 1}
main:@4 = transpose[permutation={0, 3, 1, 2}](inputs) -> half_type, {1, 8, 1920, 1080}, {16588800, 1, 8640, 8}
main:@5 = gpu::code_object[code_object=13640,symbol_name=contiguous_kernel,global=16588800,local=1024,](main:@4,main:@2) -> half_type, {1, 8, 1920, 1080}, {16588800, 2073600, 1080, 1}
main:@6 = hip::hip_copy_literal[id=main:@literal:21] -> half_type, {16, 8, 3, 3}, {72, 9, 3, 1}
main:@7 = load[offset=0,end=0](main:@1) -> int8_type, {0}, {1}
main:@8 = load[offset=0,end=66355200](main:@1) -> half_type, {1, 16, 1920, 1080}, {33177600, 2073600, 1080, 1}
main:@9 = gpu::convolution[op={padding={1, 1, 1, 1},stride={1, 1},dilation={1, 1},group=1,padding_mode=0},solution_object={binary_object: 485},algo=0,int8_x4_format=0,solution_id=0](main:@5,main:@6,main:@7,main:@8) -> half_type, {1, 16, 1920, 1080}, {33177600, 2073600, 1080, 1}
main:@10 = hip::hip_copy_literal[id=main:@literal:20] -> half_type, {16}, {1}
main:@11 = load[offset=82944000,end=149299200](main:@1) -> half_type, {1, 16, 1920, 1080}, {33177600, 2073600, 1080, 1}
main:@12 = broadcast[axis=1,out_lens={1, 16, 1920, 1080}](main:@10) -> half_type, {1, 16, 1920, 1080}, {0, 1, 0, 0}
main:@13 = gpu::code_object[code_object=13648,symbol_name=add_leaky_relu_kernel,global=4147200,local=1024,](main:@9,main:@12,main:@11) -> half_type, {1, 16, 1920, 1080}, {33177600, 2073600, 1080, 1}
main:@14 = load[offset=0,end=16588800](main:@1) -> half_type, {1, 16, 960, 540}, {8294400, 518400, 540, 1}
main:@15 = gpu::pooling[mode=max,padding={0, 0, 0, 0},stride={2, 2},lengths={2, 2},ceil_mode=1,lp_order=2,dyn_global=0](main:@13,main:@14) -> half_type, {1, 16, 960, 540}, {8294400, 518400, 540, 1}
main:@16 = hip::hip_copy_literal[id=main:@literal:19] -> half_type, {16, 16, 3, 3}, {144, 9, 3, 1}
main:@17 = load[offset=0,end=0](main:@1) -> int8_type, {0}, {1}
main:@18 = load[offset=41472000,end=58060800](main:@1) -> half_type, {1, 16, 960, 540}, {8294400, 518400, 540, 1}
main:@19 = gpu::convolution[op={padding={1, 1, 1, 1},stride={1, 1},dilation={1, 1},group=1,padding_mode=0},solution_object={binary_object: 468},algo=0,int8_x4_format=0,solution_id=0](main:@15,main:@16,main:@17,main:@18) -> half_type, {1, 16, 960, 540}, {8294400, 518400, 540, 1}
main:@20 = hip::hip_copy_literal[id=main:@literal:18] -> half_type, {16}, {1}
main:@21 = load[offset=24883200,end=41472000](main:@1) -> half_type, {1, 16, 960, 540}, {8294400, 518400, 540, 1}
main:@22 = broadcast[axis=1,out_lens={1, 16, 960, 540}](main:@20) -> half_type, {1, 16, 960, 540}, {0, 1, 0, 0}
main:@23 = gpu::code_object[code_object=13648,symbol_name=add_leaky_relu_kernel,global=1036800,local=1024,](main:@19,main:@22,main:@21) -> half_type, {1, 16, 960, 540}, {8294400, 518400, 540, 1}
main:@24 = load[offset=4147200,end=8294400](main:@1) -> half_type, {1, 16, 480, 270}, {2073600, 129600, 270, 1}
main:@25 = gpu::pooling[mode=max,padding={0, 0, 0, 0},stride={2, 2},lengths={2, 2},ceil_mode=1,lp_order=2,dyn_global=0](main:@23,main:@24) -> half_type, {1, 16, 480, 270}, {2073600, 129600, 270, 1}
main:@26 = hip::hip_copy_literal[id=main:@literal:17] -> half_type, {16, 16, 3, 3}, {144, 9, 3, 1}
main:@27 = load[offset=0,end=0](main:@1) -> int8_type, {0}, {1}
main:@28 = load[offset=0,end=4147200](main:@1) -> half_type, {1, 16, 480, 270}, {2073600, 129600, 270, 1}
main:@29 = gpu::convolution[op={padding={1, 1, 1, 1},stride={1, 1},dilation={1, 1},group=1,padding_mode=0},solution_object={binary_object: 468},algo=0,int8_x4_format=0,solution_id=0](main:@25,main:@26,main:@27,main:@28) -> half_type, {1, 16, 480, 270}, {2073600, 129600, 270, 1}
main:@30 = hip::hip_copy_literal[id=main:@literal:16] -> half_type, {16}, {1}
main:@31 = load[offset=9331200,end=13478400](main:@1) -> half_type, {1, 16, 480, 270}, {2073600, 129600, 270, 1}
main:@32 = broadcast[axis=1,out_lens={1, 16, 480, 270}](main:@30) -> half_type, {1, 16, 480, 270}, {0, 1, 0, 0}
main:@33 = gpu::code_object[code_object=13648,symbol_name=add_leaky_relu_kernel,global=518400,local=1024,](main:@29,main:@32,main:@31) -> half_type, {1, 16, 480, 270}, {2073600, 129600, 270, 1}
main:@34 = load[offset=1036800,end=2073600](main:@1) -> half_type, {1, 16, 240, 135}, {518400, 32400, 135, 1}
main:@35 = gpu::pooling[mode=max,padding={0, 0, 0, 0},stride={2, 2},lengths={2, 2},ceil_mode=1,lp_order=2,dyn_global=0](main:@33,main:@34) -> half_type, {1, 16, 240, 135}, {518400, 32400, 135, 1}
main:@36 = hip::hip_copy_literal[id=main:@literal:15] -> half_type, {16, 16, 3, 3}, {144, 9, 3, 1}
main:@37 = load[offset=0,end=0](main:@1) -> int8_type, {0}, {1}
main:@38 = load[offset=0,end=1036800](main:@1) -> half_type, {1, 16, 240, 135}, {518400, 32400, 135, 1}
main:@39 = gpu::convolution[op={padding={1, 1, 1, 1},stride={1, 1},dilation={1, 1},group=1,padding_mode=0},solution_object={binary_object: 475},algo=0,int8_x4_format=0,solution_id=0](main:@35,main:@36,main:@37,main:@38) -> half_type, {1, 16, 240, 135}, {518400, 32400, 135, 1}
main:@40 = hip::hip_copy_literal[id=main:@literal:13] -> half_type, {16, 16, 1, 1}, {16, 1, 1, 1}
main:@41 = hip::hip_copy_literal[id=main:@literal:14] -> half_type, {16}, {1}
main:@42 = load[offset=5184000,end=6220800](main:@1) -> half_type, {1, 16, 240, 135}, {518400, 32400, 135, 1}
main:@43 = broadcast[axis=1,out_lens={1, 16, 240, 135}](main:@41) -> half_type, {1, 16, 240, 135}, {0, 1, 0, 0}
main:@44 = gpu::code_object[code_object=13648,symbol_name=add_leaky_relu_kernel,global=259200,local=1024,](main:@39,main:@43,main:@42) -> half_type, {1, 16, 240, 135}, {518400, 32400, 135, 1}
main:@45 = load[offset=0,end=4147200](main:@1) -> half_type, {1, 16, 240, 2, 135, 2}, {2073600, 129600, 540, 270, 2, 1}
main:@46 = reshape[dims={1, 16, 240, 2, 135, 2}](main:@33) -> half_type, {1, 16, 240, 2, 135, 2}, {2073600, 129600, 540, 270, 2, 1}
main:@47 = reshape[dims={1, 16, 240, 1, 135, 1}](main:@44) -> half_type, {1, 16, 240, 1, 135, 1}, {518400, 32400, 135, 135, 1, 1}
main:@48 = multibroadcast[out_lens={1, 16, 240, 2, 135, 2},out_dyn_dims={}](main:@47) -> half_type, {1, 16, 240, 2, 135, 2}, {518400, 32400, 135, 0, 1, 0}
main:@49 = gpu::code_object[code_object=13624,symbol_name=add_kernel,global=2073600,local=1024,](main:@48,main:@46,main:@45) -> half_type, {1, 16, 240, 2, 135, 2}, {2073600, 129600, 540, 270, 2, 1}
main:@50 = load[offset=0,end=0](main:@1) -> int8_type, {0}, {1}
main:@51 = load[offset=4147200,end=8294400](main:@1) -> half_type, {1, 16, 480, 270}, {2073600, 129600, 270, 1}
main:@52 = reshape[dims={1, 16, 480, 270}](main:@49) -> half_type, {1, 16, 480, 270}, {2073600, 129600, 270, 1}
main:@53 = gpu::convolution[op={padding={0, 0, 0, 0},stride={1, 1},dilation={1, 1},group=1,padding_mode=0},solution_object={binary_object: 453},algo=0,int8_x4_format=0,solution_id=0](main:@52,main:@40,main:@50,main:@51) -> half_type, {1, 16, 480, 270}, {2073600, 129600, 270, 1}
main:@54 = hip::hip_copy_literal[id=main:@literal:11] -> half_type, {16, 16, 3, 3}, {144, 9, 3, 1}
main:@55 = hip::hip_copy_literal[id=main:@literal:12] -> half_type, {16}, {1}
main:@56 = load[offset=0,end=4147200](main:@1) -> half_type, {1, 16, 480, 270}, {2073600, 129600, 270, 1}
main:@57 = broadcast[axis=1,out_lens={1, 16, 480, 270}](main:@55) -> half_type, {1, 16, 480, 270}, {0, 1, 0, 0}
main:@58 = gpu::code_object[code_object=13648,symbol_name=add_leaky_relu_kernel,global=518400,local=1024,](main:@53,main:@57,main:@56) -> half_type, {1, 16, 480, 270}, {2073600, 129600, 270, 1}
main:@59 = load[offset=0,end=0](main:@1) -> int8_type, {0}, {1}
main:@60 = load[offset=8294400,end=12441600](main:@1) -> half_type, {1, 16, 480, 270}, {2073600, 129600, 270, 1}
main:@61 = gpu::convolution[op={padding={1, 1, 1, 1},stride={1, 1},dilation={1, 1},group=1,padding_mode=0},solution_object={binary_object: 468},algo=0,int8_x4_format=0,solution_id=0](main:@58,main:@54,main:@59,main:@60) -> half_type, {1, 16, 480, 270}, {2073600, 129600, 270, 1}
main:@62 = hip::hip_copy_literal[id=main:@literal:9] -> half_type, {16, 16, 1, 1}, {16, 1, 1, 1}
main:@63 = hip::hip_copy_literal[id=main:@literal:10] -> half_type, {16}, {1}
main:@64 = load[offset=4147200,end=8294400](main:@1) -> half_type, {1, 16, 480, 270}, {2073600, 129600, 270, 1}
main:@65 = broadcast[axis=1,out_lens={1, 16, 480, 270}](main:@63) -> half_type, {1, 16, 480, 270}, {0, 1, 0, 0}
main:@66 = gpu::code_object[code_object=13648,symbol_name=add_leaky_relu_kernel,global=518400,local=1024,](main:@61,main:@65,main:@64) -> half_type, {1, 16, 480, 270}, {2073600, 129600, 270, 1}
main:@67 = load[offset=41472000,end=58060800](main:@1) -> half_type, {1, 16, 480, 2, 270, 2}, {8294400, 518400, 1080, 540, 2, 1}
main:@68 = reshape[dims={1, 16, 480, 2, 270, 2}](main:@23) -> half_type, {1, 16, 480, 2, 270, 2}, {8294400, 518400, 1080, 540, 2, 1}
main:@69 = reshape[dims={1, 16, 480, 1, 270, 1}](main:@66) -> half_type, {1, 16, 480, 1, 270, 1}, {2073600, 129600, 270, 270, 1, 1}
main:@70 = multibroadcast[out_lens={1, 16, 480, 2, 270, 2},out_dyn_dims={}](main:@69) -> half_type, {1, 16, 480, 2, 270, 2}, {2073600, 129600, 270, 0, 1, 0}
main:@71 = gpu::code_object[code_object=13624,symbol_name=add_kernel,global=4147200,local=1024,](main:@70,main:@68,main:@67) -> half_type, {1, 16, 480, 2, 270, 2}, {8294400, 518400, 1080, 540, 2, 1}
main:@72 = load[offset=0,end=0](main:@1) -> int8_type, {0}, {1}
main:@73 = load[offset=0,end=16588800](main:@1) -> half_type, {1, 16, 960, 540}, {8294400, 518400, 540, 1}
main:@74 = reshape[dims={1, 16, 960, 540}](main:@71) -> half_type, {1, 16, 960, 540}, {8294400, 518400, 540, 1}
main:@75 = gpu::convolution[op={padding={0, 0, 0, 0},stride={1, 1},dilation={1, 1},group=1,padding_mode=0},solution_object={binary_object: 485},algo=0,int8_x4_format=0,solution_id=0](main:@74,main:@62,main:@72,main:@73) -> half_type, {1, 16, 960, 540}, {8294400, 518400, 540, 1}
main:@76 = hip::hip_copy_literal[id=main:@literal:0] -> half_type, {4}, {1}
main:@77 = hip::hip_copy_literal[id=main:@literal:1] -> half_type, {4, 16, 3, 3}, {144, 9, 3, 1}
main:@78 = hip::hip_copy_literal[id=main:@literal:2] -> half_type, {16}, {1}
main:@79 = hip::hip_copy_literal[id=main:@literal:3] -> half_type, {16, 16, 3, 3}, {144, 9, 3, 1}
main:@80 = hip::hip_copy_literal[id=main:@literal:4] -> half_type, {16}, {1}
main:@81 = hip::hip_copy_literal[id=main:@literal:5] -> half_type, {16, 16, 1, 1}, {16, 1, 1, 1}
main:@82 = hip::hip_copy_literal[id=main:@literal:6] -> half_type, {16}, {1}
main:@83 = hip::hip_copy_literal[id=main:@literal:7] -> half_type, {16, 16, 3, 3}, {144, 9, 3, 1}
main:@84 = hip::hip_copy_literal[id=main:@literal:8] -> half_type, {16}, {1}
main:@85 = load[offset=33177600,end=49766400](main:@1) -> half_type, {1, 16, 960, 540}, {8294400, 518400, 540, 1}
main:@86 = broadcast[axis=1,out_lens={1, 16, 960, 540}](main:@84) -> half_type, {1, 16, 960, 540}, {0, 1, 0, 0}
main:@87 = gpu::code_object[code_object=13648,symbol_name=add_leaky_relu_kernel,global=1036800,local=1024,](main:@75,main:@86,main:@85) -> half_type, {1, 16, 960, 540}, {8294400, 518400, 540, 1}
main:@88 = load[offset=0,end=0](main:@1) -> int8_type, {0}, {1}
main:@89 = load[offset=16588800,end=33177600](main:@1) -> half_type, {1, 16, 960, 540}, {8294400, 518400, 540, 1}
main:@90 = gpu::convolution[op={padding={1, 1, 1, 1},stride={1, 1},dilation={1, 1},group=1,padding_mode=0},solution_object={binary_object: 468},algo=0,int8_x4_format=0,solution_id=0](main:@87,main:@83,main:@88,main:@89) -> half_type, {1, 16, 960, 540}, {8294400, 518400, 540, 1}
main:@91 = load[offset=149299200,end=165888000](main:@1) -> half_type, {1, 16, 960, 540}, {8294400, 518400, 540, 1}
main:@92 = broadcast[axis=1,out_lens={1, 16, 960, 540}](main:@82) -> half_type, {1, 16, 960, 540}, {0, 1, 0, 0}
main:@93 = gpu::code_object[code_object=13648,symbol_name=add_leaky_relu_kernel,global=1036800,local=1024,](main:@90,main:@92,main:@91) -> half_type, {1, 16, 960, 540}, {8294400, 518400, 540, 1}
main:@94 = load[offset=0,end=66355200](main:@1) -> half_type, {1, 16, 960, 2, 540, 2}, {33177600, 2073600, 2160, 1080, 2, 1}
main:@95 = reshape[dims={1, 16, 960, 2, 540, 2}](main:@13) -> half_type, {1, 16, 960, 2, 540, 2}, {33177600, 2073600, 2160, 1080, 2, 1}
main:@96 = reshape[dims={1, 16, 960, 1, 540, 1}](main:@93) -> half_type, {1, 16, 960, 1, 540, 1}, {8294400, 518400, 540, 540, 1, 1}
main:@97 = multibroadcast[out_lens={1, 16, 960, 2, 540, 2},out_dyn_dims={}](main:@96) -> half_type, {1, 16, 960, 2, 540, 2}, {8294400, 518400, 540, 0, 1, 0}
main:@98 = gpu::code_object[code_object=13624,symbol_name=add_kernel,global=16588800,local=1024,](main:@97,main:@95,main:@94) -> half_type, {1, 16, 960, 2, 540, 2}, {33177600, 2073600, 2160, 1080, 2, 1}
main:@99 = load[offset=0,end=0](main:@1) -> int8_type, {0}, {1}
main:@100 = load[offset=66355200,end=132710400](main:@1) -> half_type, {1, 16, 1920, 1080}, {33177600, 2073600, 1080, 1}
main:@101 = reshape[dims={1, 16, 1920, 1080}](main:@98) -> half_type, {1, 16, 1920, 1080}, {33177600, 2073600, 1080, 1}
main:@102 = gpu::convolution[op={padding={0, 0, 0, 0},stride={1, 1},dilation={1, 1},group=1,padding_mode=0},solution_object={binary_object: 485},algo=0,int8_x4_format=0,solution_id=0](main:@101,main:@81,main:@99,main:@100) -> half_type, {1, 16, 1920, 1080}, {33177600, 2073600, 1080, 1}
main:@103 = load[offset=0,end=66355200](main:@1) -> half_type, {1, 16, 1920, 1080}, {33177600, 2073600, 1080, 1}
main:@104 = broadcast[axis=1,out_lens={1, 16, 1920, 1080}](main:@80) -> half_type, {1, 16, 1920, 1080}, {0, 1, 0, 0}
main:@105 = gpu::code_object[code_object=13648,symbol_name=add_leaky_relu_kernel,global=4147200,local=1024,](main:@102,main:@104,main:@103) -> half_type, {1, 16, 1920, 1080}, {33177600, 2073600, 1080, 1}
main:@106 = load[offset=0,end=0](main:@1) -> int8_type, {0}, {1}
main:@107 = load[offset=82944000,end=149299200](main:@1) -> half_type, {1, 16, 1920, 1080}, {33177600, 2073600, 1080, 1}
main:@108 = gpu::convolution[op={padding={1, 1, 1, 1},stride={1, 1},dilation={1, 1},group=1,padding_mode=0},solution_object={binary_object: 468},algo=0,int8_x4_format=0,solution_id=0](main:@105,main:@79,main:@106,main:@107) -> half_type, {1, 16, 1920, 1080}, {33177600, 2073600, 1080, 1}
main:@109 = load[offset=16588800,end=82944000](main:@1) -> half_type, {1, 16, 1920, 1080}, {33177600, 2073600, 1080, 1}
main:@110 = broadcast[axis=1,out_lens={1, 16, 1920, 1080}](main:@78) -> half_type, {1, 16, 1920, 1080}, {0, 1, 0, 0}
main:@111 = gpu::code_object[code_object=13648,symbol_name=add_leaky_relu_kernel,global=4147200,local=1024,](main:@108,main:@110,main:@109) -> half_type, {1, 16, 1920, 1080}, {33177600, 2073600, 1080, 1}
main:@112 = load[offset=82944000,end=99532800](main:@1) -> half_type, {1, 4, 1920, 1080}, {8294400, 2073600, 1080, 1}
main:@113 = load[offset=0,end=0](main:@1) -> int8_type, {0}, {1}
main:@114 = gpu::convolution[op={padding={1, 1, 1, 1},stride={1, 1},dilation={1, 1},group=1,padding_mode=0},solution_object={binary_object: 463},algo=0,int8_x4_format=0,solution_id=0](main:@111,main:@77,main:@113,main:@112) -> half_type, {1, 4, 1920, 1080}, {8294400, 2073600, 1080, 1}
main:@115 = load[offset=0,end=16588800](main:@1) -> half_type, {1, 4, 1920, 1080}, {8294400, 2073600, 1080, 1}
main:@116 = broadcast[axis=1,out_lens={1, 4, 1920, 1080}](main:@76) -> half_type, {1, 4, 1920, 1080}, {0, 1, 0, 0}
main:@117 = gpu::code_object[code_object=13640,symbol_name=add_sigmoid_kernel,global=1036800,local=1024,](main:@114,main:@116,main:@115) -> half_type, {1, 4, 1920, 1080}, {8294400, 2073600, 1080, 1}
main:#output_0 = @param:main:#output_0 -> half_type, {1, 1920, 1080, 4}, {8294400, 4320, 4, 1}
main:@119 = transpose[permutation={0, 2, 3, 1}](main:@117) -> half_type, {1, 1920, 1080, 4}, {8294400, 1080, 1, 2073600}
main:@120 = gpu::code_object[code_object=13640,symbol_name=contiguous_kernel,global=8294400,local=1024,](main:@119,main:#output_0) -> half_type, {1, 1920, 1080, 4}, {8294400, 4320, 4, 1}
main:@121 = @return(main:@120)


Allocating params ... 
Running performance report ... 
main:@0 = check_context::migraphx::gpu::context  -> float_type, {}, {}: 0.00090816ms, 1%
main:@1 = hip::hip_allocate_memory[shape=int8_type, {165888000}, {1},id=main:scratch] -> int8_type, {165888000}, {1}: 0.00085968ms, 1%
main:@2 = load[offset=66355200,end=99532800](main:@1) -> half_type, {1, 8, 1920, 1080}, {16588800, 2073600, 1080, 1}: 0.00074706ms, 1%
inputs = @param:inputs -> half_type, {1, 1920, 1080, 8}, {16588800, 8640, 8, 1}: 0.000408ms, 1%
main:@4 = transpose[permutation={0, 3, 1, 2}](inputs) -> half_type, {1, 8, 1920, 1080}, {16588800, 1, 8640, 8}: 0.0009281ms, 1%
main:@5 = gpu::code_object[code_object=13640,symbol_name=contiguous_kernel,global=16588800,local=1024,](main:@4,main:@2) -> half_type, {1, 8, 1920, 1080}, {16588800, 2073600, 1080, 1}: 0.305258ms, 9%
main:@6 = hip::hip_copy_literal[id=main:@literal:21] -> half_type, {16, 8, 3, 3}, {72, 9, 3, 1}: 0.0008914ms, 1%
main:@7 = load[offset=0,end=0](main:@1) -> int8_type, {0}, {1}: 0.00065894ms, 1%
main:@8 = load[offset=0,end=66355200](main:@1) -> half_type, {1, 16, 1920, 1080}, {33177600, 2073600, 1080, 1}: 0.00056168ms, 1%
main:@9 = gpu::convolution[op={padding={1, 1, 1, 1},stride={1, 1},dilation={1, 1},group=1,padding_mode=0},solution_object={binary_object: 485},algo=0,int8_x4_format=0,solution_id=0](main:@5,main:@6,main:@7,main:@8) -> half_type, {1, 16, 1920, 1080}, {33177600, 2073600, 1080, 1}: 0.405295ms, 12%
main:@10 = hip::hip_copy_literal[id=main:@literal:20] -> half_type, {16}, {1}: 0.0013063ms, 1%
main:@11 = load[offset=82944000,end=149299200](main:@1) -> half_type, {1, 16, 1920, 1080}, {33177600, 2073600, 1080, 1}: 0.00067446ms, 1%
main:@12 = broadcast[axis=1,out_lens={1, 16, 1920, 1080}](main:@10) -> half_type, {1, 16, 1920, 1080}, {0, 1, 0, 0}: 0.00095386ms, 1%
main:@13 = gpu::code_object[code_object=13648,symbol_name=add_leaky_relu_kernel,global=4147200,local=1024,](main:@9,main:@12,main:@11) -> half_type, {1, 16, 1920, 1080}, {33177600, 2073600, 1080, 1}: 0.149106ms, 5%
main:@14 = load[offset=0,end=16588800](main:@1) -> half_type, {1, 16, 960, 540}, {8294400, 518400, 540, 1}: 0.0007427ms, 1%
main:@15 = gpu::pooling[mode=max,padding={0, 0, 0, 0},stride={2, 2},lengths={2, 2},ceil_mode=1,lp_order=2,dyn_global=0](main:@13,main:@14) -> half_type, {1, 16, 960, 540}, {8294400, 518400, 540, 1}: 0.128166ms, 4%
main:@16 = hip::hip_copy_literal[id=main:@literal:19] -> half_type, {16, 16, 3, 3}, {144, 9, 3, 1}: 0.00082728ms, 1%
main:@17 = load[offset=0,end=0](main:@1) -> int8_type, {0}, {1}: 0.0007285ms, 1%
main:@18 = load[offset=41472000,end=58060800](main:@1) -> half_type, {1, 16, 960, 540}, {8294400, 518400, 540, 1}: 0.00055064ms, 1%
main:@19 = gpu::convolution[op={padding={1, 1, 1, 1},stride={1, 1},dilation={1, 1},group=1,padding_mode=0},solution_object={binary_object: 468},algo=0,int8_x4_format=0,solution_id=0](main:@15,main:@16,main:@17,main:@18) -> half_type, {1, 16, 960, 540}, {8294400, 518400, 540, 1}: 0.146679ms, 4%
main:@20 = hip::hip_copy_literal[id=main:@literal:18] -> half_type, {16}, {1}: 0.00077792ms, 1%
main:@21 = load[offset=24883200,end=41472000](main:@1) -> half_type, {1, 16, 960, 540}, {8294400, 518400, 540, 1}: 0.00066608ms, 1%
main:@22 = broadcast[axis=1,out_lens={1, 16, 960, 540}](main:@20) -> half_type, {1, 16, 960, 540}, {0, 1, 0, 0}: 0.00095986ms, 1%
main:@23 = gpu::code_object[code_object=13648,symbol_name=add_leaky_relu_kernel,global=1036800,local=1024,](main:@19,main:@22,main:@21) -> half_type, {1, 16, 960, 540}, {8294400, 518400, 540, 1}: 0.0508059ms, 2%
main:@24 = load[offset=4147200,end=8294400](main:@1) -> half_type, {1, 16, 480, 270}, {2073600, 129600, 270, 1}: 0.0007614ms, 1%
main:@25 = gpu::pooling[mode=max,padding={0, 0, 0, 0},stride={2, 2},lengths={2, 2},ceil_mode=1,lp_order=2,dyn_global=0](main:@23,main:@24) -> half_type, {1, 16, 480, 270}, {2073600, 129600, 270, 1}: 0.0484041ms, 2%
main:@26 = hip::hip_copy_literal[id=main:@literal:17] -> half_type, {16, 16, 3, 3}, {144, 9, 3, 1}: 0.0008069ms, 1%
main:@27 = load[offset=0,end=0](main:@1) -> int8_type, {0}, {1}: 0.00072116ms, 1%
main:@28 = load[offset=0,end=4147200](main:@1) -> half_type, {1, 16, 480, 270}, {2073600, 129600, 270, 1}: 0.00056048ms, 1%
main:@29 = gpu::convolution[op={padding={1, 1, 1, 1},stride={1, 1},dilation={1, 1},group=1,padding_mode=0},solution_object={binary_object: 468},algo=0,int8_x4_format=0,solution_id=0](main:@25,main:@26,main:@27,main:@28) -> half_type, {1, 16, 480, 270}, {2073600, 129600, 270, 1}: 0.0625963ms, 2%
main:@30 = hip::hip_copy_literal[id=main:@literal:16] -> half_type, {16}, {1}: 0.000818ms, 1%
main:@31 = load[offset=9331200,end=13478400](main:@1) -> half_type, {1, 16, 480, 270}, {2073600, 129600, 270, 1}: 0.00067652ms, 1%
main:@32 = broadcast[axis=1,out_lens={1, 16, 480, 270}](main:@30) -> half_type, {1, 16, 480, 270}, {0, 1, 0, 0}: 0.00094112ms, 1%
main:@33 = gpu::code_object[code_object=13648,symbol_name=add_leaky_relu_kernel,global=518400,local=1024,](main:@29,main:@32,main:@31) -> half_type, {1, 16, 480, 270}, {2073600, 129600, 270, 1}: 0.0263505ms, 1%
main:@34 = load[offset=1036800,end=2073600](main:@1) -> half_type, {1, 16, 240, 135}, {518400, 32400, 135, 1}: 0.00073564ms, 1%
main:@35 = gpu::pooling[mode=max,padding={0, 0, 0, 0},stride={2, 2},lengths={2, 2},ceil_mode=1,lp_order=2,dyn_global=0](main:@33,main:@34) -> half_type, {1, 16, 240, 135}, {518400, 32400, 135, 1}: 0.0329116ms, 1%
main:@36 = hip::hip_copy_literal[id=main:@literal:15] -> half_type, {16, 16, 3, 3}, {144, 9, 3, 1}: 0.00078224ms, 1%
main:@37 = load[offset=0,end=0](main:@1) -> int8_type, {0}, {1}: 0.001581ms, 1%
main:@38 = load[offset=0,end=1036800](main:@1) -> half_type, {1, 16, 240, 135}, {518400, 32400, 135, 1}: 0.00054476ms, 1%
main:@39 = gpu::convolution[op={padding={1, 1, 1, 1},stride={1, 1},dilation={1, 1},group=1,padding_mode=0},solution_object={binary_object: 475},algo=0,int8_x4_format=0,solution_id=0](main:@35,main:@36,main:@37,main:@38) -> half_type, {1, 16, 240, 135}, {518400, 32400, 135, 1}: 0.0440251ms, 2%
main:@40 = hip::hip_copy_literal[id=main:@literal:13] -> half_type, {16, 16, 1, 1}, {16, 1, 1, 1}: 0.0007583ms, 1%
main:@41 = hip::hip_copy_literal[id=main:@literal:14] -> half_type, {16}, {1}: 0.00057598ms, 1%
main:@42 = load[offset=5184000,end=6220800](main:@1) -> half_type, {1, 16, 240, 135}, {518400, 32400, 135, 1}: 0.00066236ms, 1%
main:@43 = broadcast[axis=1,out_lens={1, 16, 240, 135}](main:@41) -> half_type, {1, 16, 240, 135}, {0, 1, 0, 0}: 0.00095526ms, 1%
main:@44 = gpu::code_object[code_object=13648,symbol_name=add_leaky_relu_kernel,global=259200,local=1024,](main:@39,main:@43,main:@42) -> half_type, {1, 16, 240, 135}, {518400, 32400, 135, 1}: 0.0201208ms, 1%
main:@45 = load[offset=0,end=4147200](main:@1) -> half_type, {1, 16, 240, 2, 135, 2}, {2073600, 129600, 540, 270, 2, 1}: 0.00076708ms, 1%
main:@46 = reshape[dims={1, 16, 240, 2, 135, 2}](main:@33) -> half_type, {1, 16, 240, 2, 135, 2}, {2073600, 129600, 540, 270, 2, 1}: 0.00204106ms, 1%
main:@47 = reshape[dims={1, 16, 240, 1, 135, 1}](main:@44) -> half_type, {1, 16, 240, 1, 135, 1}, {518400, 32400, 135, 135, 1, 1}: 0.00056816ms, 1%
main:@48 = multibroadcast[out_lens={1, 16, 240, 2, 135, 2},out_dyn_dims={}](main:@47) -> half_type, {1, 16, 240, 2, 135, 2}, {518400, 32400, 135, 0, 1, 0}: 0.0008674ms, 1%
main:@49 = gpu::code_object[code_object=13624,symbol_name=add_kernel,global=2073600,local=1024,](main:@48,main:@46,main:@45) -> half_type, {1, 16, 240, 2, 135, 2}, {2073600, 129600, 540, 270, 2, 1}: 0.0349097ms, 1%
main:@50 = load[offset=0,end=0](main:@1) -> int8_type, {0}, {1}: 0.00073476ms, 1%
main:@51 = load[offset=4147200,end=8294400](main:@1) -> half_type, {1, 16, 480, 270}, {2073600, 129600, 270, 1}: 0.00369726ms, 1%
main:@52 = reshape[dims={1, 16, 480, 270}](main:@49) -> half_type, {1, 16, 480, 270}, {2073600, 129600, 270, 1}: 0.00060954ms, 1%
main:@53 = gpu::convolution[op={padding={0, 0, 0, 0},stride={1, 1},dilation={1, 1},group=1,padding_mode=0},solution_object={binary_object: 453},algo=0,int8_x4_format=0,solution_id=0](main:@52,main:@40,main:@50,main:@51) -> half_type, {1, 16, 480, 270}, {2073600, 129600, 270, 1}: 0.036989ms, 2%
main:@54 = hip::hip_copy_literal[id=main:@literal:11] -> half_type, {16, 16, 3, 3}, {144, 9, 3, 1}: 0.00082666ms, 1%
main:@55 = hip::hip_copy_literal[id=main:@literal:12] -> half_type, {16}, {1}: 0.00059326ms, 1%
main:@56 = load[offset=0,end=4147200](main:@1) -> half_type, {1, 16, 480, 270}, {2073600, 129600, 270, 1}: 0.00068236ms, 1%
main:@57 = broadcast[axis=1,out_lens={1, 16, 480, 270}](main:@55) -> half_type, {1, 16, 480, 270}, {0, 1, 0, 0}: 0.0009534ms, 1%
main:@58 = gpu::code_object[code_object=13648,symbol_name=add_leaky_relu_kernel,global=518400,local=1024,](main:@53,main:@57,main:@56) -> half_type, {1, 16, 480, 270}, {2073600, 129600, 270, 1}: 0.0261691ms, 1%
main:@59 = load[offset=0,end=0](main:@1) -> int8_type, {0}, {1}: 0.0007666ms, 1%
main:@60 = load[offset=8294400,end=12441600](main:@1) -> half_type, {1, 16, 480, 270}, {2073600, 129600, 270, 1}: 0.00258682ms, 1%
main:@61 = gpu::convolution[op={padding={1, 1, 1, 1},stride={1, 1},dilation={1, 1},group=1,padding_mode=0},solution_object={binary_object: 468},algo=0,int8_x4_format=0,solution_id=0](main:@58,main:@54,main:@59,main:@60) -> half_type, {1, 16, 480, 270}, {2073600, 129600, 270, 1}: 0.0631678ms, 2%
main:@62 = hip::hip_copy_literal[id=main:@literal:9] -> half_type, {16, 16, 1, 1}, {16, 1, 1, 1}: 0.0008097ms, 1%
main:@63 = hip::hip_copy_literal[id=main:@literal:10] -> half_type, {16}, {1}: 0.00059654ms, 1%
main:@64 = load[offset=4147200,end=8294400](main:@1) -> half_type, {1, 16, 480, 270}, {2073600, 129600, 270, 1}: 0.00066466ms, 1%
main:@65 = broadcast[axis=1,out_lens={1, 16, 480, 270}](main:@63) -> half_type, {1, 16, 480, 270}, {0, 1, 0, 0}: 0.00092522ms, 1%
main:@66 = gpu::code_object[code_object=13648,symbol_name=add_leaky_relu_kernel,global=518400,local=1024,](main:@61,main:@65,main:@64) -> half_type, {1, 16, 480, 270}, {2073600, 129600, 270, 1}: 0.0262514ms, 1%
main:@67 = load[offset=41472000,end=58060800](main:@1) -> half_type, {1, 16, 480, 2, 270, 2}, {8294400, 518400, 1080, 540, 2, 1}: 0.00074168ms, 1%
main:@68 = reshape[dims={1, 16, 480, 2, 270, 2}](main:@23) -> half_type, {1, 16, 480, 2, 270, 2}, {8294400, 518400, 1080, 540, 2, 1}: 0.00385532ms, 1%
main:@69 = reshape[dims={1, 16, 480, 1, 270, 1}](main:@66) -> half_type, {1, 16, 480, 1, 270, 1}, {2073600, 129600, 270, 270, 1, 1}: 0.00057914ms, 1%
main:@70 = multibroadcast[out_lens={1, 16, 480, 2, 270, 2},out_dyn_dims={}](main:@69) -> half_type, {1, 16, 480, 2, 270, 2}, {2073600, 129600, 270, 0, 1, 0}: 0.00073388ms, 1%
main:@71 = gpu::code_object[code_object=13624,symbol_name=add_kernel,global=4147200,local=1024,](main:@70,main:@68,main:@67) -> half_type, {1, 16, 480, 2, 270, 2}, {8294400, 518400, 1080, 540, 2, 1}: 0.0553785ms, 2%
main:@72 = load[offset=0,end=0](main:@1) -> int8_type, {0}, {1}: 0.00076888ms, 1%
main:@73 = load[offset=0,end=16588800](main:@1) -> half_type, {1, 16, 960, 540}, {8294400, 518400, 540, 1}: 0.0008054ms, 1%
main:@74 = reshape[dims={1, 16, 960, 540}](main:@71) -> half_type, {1, 16, 960, 540}, {8294400, 518400, 540, 1}: 0.0005739ms, 1%
main:@75 = gpu::convolution[op={padding={0, 0, 0, 0},stride={1, 1},dilation={1, 1},group=1,padding_mode=0},solution_object={binary_object: 485},algo=0,int8_x4_format=0,solution_id=0](main:@74,main:@62,main:@72,main:@73) -> half_type, {1, 16, 960, 540}, {8294400, 518400, 540, 1}: 0.0692809ms, 2%
main:@76 = hip::hip_copy_literal[id=main:@literal:0] -> half_type, {4}, {1}: 0.00076352ms, 1%
main:@77 = hip::hip_copy_literal[id=main:@literal:1] -> half_type, {4, 16, 3, 3}, {144, 9, 3, 1}: 0.00056988ms, 1%
main:@78 = hip::hip_copy_literal[id=main:@literal:2] -> half_type, {16}, {1}: 0.00050002ms, 1%
main:@79 = hip::hip_copy_literal[id=main:@literal:3] -> half_type, {16, 16, 3, 3}, {144, 9, 3, 1}: 0.00046416ms, 1%
main:@80 = hip::hip_copy_literal[id=main:@literal:4] -> half_type, {16}, {1}: 0.0004961ms, 1%
main:@81 = hip::hip_copy_literal[id=main:@literal:5] -> half_type, {16, 16, 1, 1}, {16, 1, 1, 1}: 0.00060452ms, 1%
main:@82 = hip::hip_copy_literal[id=main:@literal:6] -> half_type, {16}, {1}: 0.00047508ms, 1%
main:@83 = hip::hip_copy_literal[id=main:@literal:7] -> half_type, {16, 16, 3, 3}, {144, 9, 3, 1}: 0.00044958ms, 1%
main:@84 = hip::hip_copy_literal[id=main:@literal:8] -> half_type, {16}, {1}: 0.00045686ms, 1%
main:@85 = load[offset=33177600,end=49766400](main:@1) -> half_type, {1, 16, 960, 540}, {8294400, 518400, 540, 1}: 0.00081778ms, 1%
main:@86 = broadcast[axis=1,out_lens={1, 16, 960, 540}](main:@84) -> half_type, {1, 16, 960, 540}, {0, 1, 0, 0}: 0.00086362ms, 1%
main:@87 = gpu::code_object[code_object=13648,symbol_name=add_leaky_relu_kernel,global=1036800,local=1024,](main:@75,main:@86,main:@85) -> half_type, {1, 16, 960, 540}, {8294400, 518400, 540, 1}: 0.0536784ms, 2%
main:@88 = load[offset=0,end=0](main:@1) -> int8_type, {0}, {1}: 0.0007822ms, 1%
main:@89 = load[offset=16588800,end=33177600](main:@1) -> half_type, {1, 16, 960, 540}, {8294400, 518400, 540, 1}: 0.00116338ms, 1%
main:@90 = gpu::convolution[op={padding={1, 1, 1, 1},stride={1, 1},dilation={1, 1},group=1,padding_mode=0},solution_object={binary_object: 468},algo=0,int8_x4_format=0,solution_id=0](main:@87,main:@83,main:@88,main:@89) -> half_type, {1, 16, 960, 540}, {8294400, 518400, 540, 1}: 0.14357ms, 4%
main:@91 = load[offset=149299200,end=165888000](main:@1) -> half_type, {1, 16, 960, 540}, {8294400, 518400, 540, 1}: 0.0008054ms, 1%
main:@92 = broadcast[axis=1,out_lens={1, 16, 960, 540}](main:@82) -> half_type, {1, 16, 960, 540}, {0, 1, 0, 0}: 0.0010047ms, 1%
main:@93 = gpu::code_object[code_object=13648,symbol_name=add_leaky_relu_kernel,global=1036800,local=1024,](main:@90,main:@92,main:@91) -> half_type, {1, 16, 960, 540}, {8294400, 518400, 540, 1}: 0.0510796ms, 2%
main:@94 = load[offset=0,end=66355200](main:@1) -> half_type, {1, 16, 960, 2, 540, 2}, {33177600, 2073600, 2160, 1080, 2, 1}: 0.00075664ms, 1%
main:@95 = reshape[dims={1, 16, 960, 2, 540, 2}](main:@13) -> half_type, {1, 16, 960, 2, 540, 2}, {33177600, 2073600, 2160, 1080, 2, 1}: 0.0009559ms, 1%
main:@96 = reshape[dims={1, 16, 960, 1, 540, 1}](main:@93) -> half_type, {1, 16, 960, 1, 540, 1}, {8294400, 518400, 540, 540, 1, 1}: 0.00055824ms, 1%
main:@97 = multibroadcast[out_lens={1, 16, 960, 2, 540, 2},out_dyn_dims={}](main:@96) -> half_type, {1, 16, 960, 2, 540, 2}, {8294400, 518400, 540, 0, 1, 0}: 0.00070948ms, 1%
main:@98 = gpu::code_object[code_object=13624,symbol_name=add_kernel,global=16588800,local=1024,](main:@97,main:@95,main:@94) -> half_type, {1, 16, 960, 2, 540, 2}, {33177600, 2073600, 2160, 1080, 2, 1}: 0.164884ms, 5%
main:@99 = load[offset=0,end=0](main:@1) -> int8_type, {0}, {1}: 0.00076514ms, 1%
main:@100 = load[offset=66355200,end=132710400](main:@1) -> half_type, {1, 16, 1920, 1080}, {33177600, 2073600, 1080, 1}: 0.00062768ms, 1%
main:@101 = reshape[dims={1, 16, 1920, 1080}](main:@98) -> half_type, {1, 16, 1920, 1080}, {33177600, 2073600, 1080, 1}: 0.00056606ms, 1%
main:@102 = gpu::convolution[op={padding={0, 0, 0, 0},stride={1, 1},dilation={1, 1},group=1,padding_mode=0},solution_object={binary_object: 485},algo=0,int8_x4_format=0,solution_id=0](main:@101,main:@81,main:@99,main:@100) -> half_type, {1, 16, 1920, 1080}, {33177600, 2073600, 1080, 1}: 0.187949ms, 6%
main:@103 = load[offset=0,end=66355200](main:@1) -> half_type, {1, 16, 1920, 1080}, {33177600, 2073600, 1080, 1}: 0.00157484ms, 1%
main:@104 = broadcast[axis=1,out_lens={1, 16, 1920, 1080}](main:@80) -> half_type, {1, 16, 1920, 1080}, {0, 1, 0, 0}: 0.00098654ms, 1%
main:@105 = gpu::code_object[code_object=13648,symbol_name=add_leaky_relu_kernel,global=4147200,local=1024,](main:@102,main:@104,main:@103) -> half_type, {1, 16, 1920, 1080}, {33177600, 2073600, 1080, 1}: 0.14942ms, 5%
main:@106 = load[offset=0,end=0](main:@1) -> int8_type, {0}, {1}: 0.00075838ms, 1%
main:@107 = load[offset=82944000,end=149299200](main:@1) -> half_type, {1, 16, 1920, 1080}, {33177600, 2073600, 1080, 1}: 0.00060492ms, 1%
main:@108 = gpu::convolution[op={padding={1, 1, 1, 1},stride={1, 1},dilation={1, 1},group=1,padding_mode=0},solution_object={binary_object: 468},algo=0,int8_x4_format=0,solution_id=0](main:@105,main:@79,main:@106,main:@107) -> half_type, {1, 16, 1920, 1080}, {33177600, 2073600, 1080, 1}: 0.494553ms, 14%
main:@109 = load[offset=16588800,end=82944000](main:@1) -> half_type, {1, 16, 1920, 1080}, {33177600, 2073600, 1080, 1}: 0.00079608ms, 1%
main:@110 = broadcast[axis=1,out_lens={1, 16, 1920, 1080}](main:@78) -> half_type, {1, 16, 1920, 1080}, {0, 1, 0, 0}: 0.00096144ms, 1%
main:@111 = gpu::code_object[code_object=13648,symbol_name=add_leaky_relu_kernel,global=4147200,local=1024,](main:@108,main:@110,main:@109) -> half_type, {1, 16, 1920, 1080}, {33177600, 2073600, 1080, 1}: 0.148493ms, 5%
main:@112 = load[offset=82944000,end=99532800](main:@1) -> half_type, {1, 4, 1920, 1080}, {8294400, 2073600, 1080, 1}: 0.00073868ms, 1%
main:@113 = load[offset=0,end=0](main:@1) -> int8_type, {0}, {1}: 0.00061642ms, 1%
main:@114 = gpu::convolution[op={padding={1, 1, 1, 1},stride={1, 1},dilation={1, 1},group=1,padding_mode=0},solution_object={binary_object: 463},algo=0,int8_x4_format=0,solution_id=0](main:@111,main:@77,main:@113,main:@112) -> half_type, {1, 4, 1920, 1080}, {8294400, 2073600, 1080, 1}: 0.328873ms, 9%
main:@115 = load[offset=0,end=16588800](main:@1) -> half_type, {1, 4, 1920, 1080}, {8294400, 2073600, 1080, 1}: 0.00079696ms, 1%
main:@116 = broadcast[axis=1,out_lens={1, 4, 1920, 1080}](main:@76) -> half_type, {1, 4, 1920, 1080}, {0, 1, 0, 0}: 0.00094158ms, 1%
main:@117 = gpu::code_object[code_object=13640,symbol_name=add_sigmoid_kernel,global=1036800,local=1024,](main:@114,main:@116,main:@115) -> half_type, {1, 4, 1920, 1080}, {8294400, 2073600, 1080, 1}: 0.0523423ms, 2%
main:#output_0 = @param:main:#output_0 -> half_type, {1, 1920, 1080, 4}, {8294400, 4320, 4, 1}: 0.00077684ms, 1%
main:@119 = transpose[permutation={0, 2, 3, 1}](main:@117) -> half_type, {1, 1920, 1080, 4}, {8294400, 1080, 1, 2073600}: 0.00116196ms, 1%
main:@120 = gpu::code_object[code_object=13640,symbol_name=contiguous_kernel,global=8294400,local=1024,](main:@119,main:#output_0) -> half_type, {1, 1920, 1080, 4}, {8294400, 4320, 4, 1}: 0.0848532ms, 3%
main:@121 = @return(main:@120)
Summary:
gpu::convolution: 1.98298ms / 11 = 0.180271ms, 55%
gpu::code_object::add_leaky_relu_kernel: 0.701475ms / 10 = 0.0701475ms, 20%
gpu::code_object::contiguous_kernel: 0.390111ms / 2 = 0.195055ms, 11%
gpu::code_object::add_kernel: 0.255172ms / 3 = 0.0850574ms, 7%
gpu::pooling: 0.209481ms / 3 = 0.0698271ms, 6%
gpu::code_object::add_sigmoid_kernel: 0.0523423ms / 1 = 0.0523423ms, 2%
load: 0.0353934ms / 40 = 0.000884834ms, 1%
hip::hip_copy_literal: 0.0151502ms / 22 = 0.000688645ms, 1%
broadcast: 0.0104466ms / 11 = 0.000949691ms, 1%
reshape: 0.0103073ms / 9 = 0.00114526ms, 1%
multibroadcast: 0.00231076ms / 3 = 0.000770253ms, 1%
transpose: 0.00209006ms / 2 = 0.00104503ms, 1%
@param: 0.00118484ms / 2 = 0.00059242ms, 1%
check_context::migraphx::gpu::context : 0.00090816ms / 1 = 0.00090816ms, 1%
hip::hip_allocate_memory: 0.00085968ms / 1 = 0.00085968ms, 1%

Batch size: 1
Rate: 323.474/sec
Total time: 3.09144ms
Total instructions time: 3.67021ms
Overhead time: 0.026432ms, -0.57877ms
Overhead: 1%, -19%
