Compiling ... 
Reading: /saved-models/slim/mobilenet_i1.pb
module: "main"
main:@0 = check_context::migraphx::version_1::gpu::context -> float_type, {}, {}
main:@1 = hip::hip_allocate_memory[shape=int8_type, {6480128}, {1},id=main:scratch] -> int8_type, {6480128}, {1}
main:@2 = hip::hip_copy_literal[id=main:@literal:13] -> float_type, {32, 3, 3, 3}, {27, 9, 3, 1}
main:@3 = load[offset=1605632,end=2213132](main:@1) -> float_type, {1, 3, 225, 225}, {151875, 50625, 225, 1}
input = @param:input -> float_type, {1, 3, 224, 224}, {150528, 50176, 224, 1}
main:@5 = gpu::code_object[code_object=13624,symbol_name=pad_kernel,global=151875,local=1024,](input,main:@3) -> float_type, {1, 3, 225, 225}, {151875, 50625, 225, 1}
main:@6 = load[offset=0,end=0](main:@1) -> int8_type, {0}, {1}
main:@7 = load[offset=0,end=1605632](main:@1) -> float_type, {1, 32, 112, 112}, {401408, 12544, 112, 1}
main:@8 = gpu::convolution[op={padding={0, 0, 0, 0},stride={2, 2},dilation={1, 1},group=1,padding_mode=0},algo=5,int8_x4_format=0,solution_id=81](main:@5,main:@2,main:@6,main:@7) -> float_type, {1, 32, 112, 112}, {401408, 12544, 112, 1}
main:@9 = hip::hip_copy_literal[id=main:@literal:35] -> float_type, {32, 1, 1}, {1, 1, 1}
main:@10 = hip::hip_copy_literal[id=main:@literal:29] -> float_type, {32, 1, 3, 3}, {9, 9, 3, 1}
main:@11 = load[offset=2213136,end=3818768](main:@1) -> float_type, {1, 32, 112, 112}, {401408, 12544, 112, 1}
main:@12 = multibroadcast[out_lens={1, 32, 112, 112},out_dyn_dims={}](main:@9) -> float_type, {1, 32, 112, 112}, {0, 1, 0, 0}
main:@13 = gpu::code_object[code_object=13632,symbol_name=add_clip_kernel,global=200704,local=1024,](main:@8,main:@12,main:@11) -> float_type, {1, 32, 112, 112}, {401408, 12544, 112, 1}
main:@14 = load[offset=0,end=1605632](main:@1) -> float_type, {1, 32, 112, 112}, {401408, 12544, 112, 1}
main:@15 = load[offset=0,end=0](main:@1) -> int8_type, {0}, {1}
main:@16 = gpu::convolution[op={padding={1, 1, 1, 1},stride={1, 1},dilation={1, 1},group=32,padding_mode=0},algo=1,int8_x4_format=0,solution_id=11](main:@13,main:@10,main:@15,main:@14) -> float_type, {1, 32, 112, 112}, {401408, 12544, 112, 1}
main:@17 = hip::hip_copy_literal[id=main:@literal:6] -> float_type, {64, 32, 1, 1}, {32, 1, 1, 1}
main:@18 = hip::hip_copy_literal[id=main:@literal:32] -> float_type, {32, 1, 1}, {1, 1, 1}
main:@19 = load[offset=3211264,end=4816896](main:@1) -> float_type, {1, 32, 112, 112}, {401408, 12544, 112, 1}
main:@20 = multibroadcast[out_lens={1, 32, 112, 112},out_dyn_dims={}](main:@18) -> float_type, {1, 32, 112, 112}, {0, 1, 0, 0}
main:@21 = gpu::code_object[code_object=13632,symbol_name=add_clip_kernel,global=200704,local=1024,](main:@16,main:@20,main:@19) -> float_type, {1, 32, 112, 112}, {401408, 12544, 112, 1}
main:@22 = load[offset=0,end=3211264](main:@1) -> float_type, {1, 64, 112, 112}, {802816, 12544, 112, 1}
main:@23 = load[offset=0,end=0](main:@1) -> int8_type, {0}, {1}
main:@24 = gpu::convolution[op={padding={0, 0, 0, 0},stride={1, 1},dilation={1, 1},group=1,padding_mode=0},algo=5,int8_x4_format=0,solution_id=64](main:@21,main:@17,main:@23,main:@22) -> float_type, {1, 64, 112, 112}, {802816, 12544, 112, 1}
main:@25 = hip::hip_copy_literal[id=main:@literal:21] -> float_type, {64, 1, 3, 3}, {9, 9, 3, 1}
main:@26 = hip::hip_copy_literal[id=main:@literal:38] -> float_type, {64, 1, 1}, {1, 1, 1}
main:@27 = load[offset=3268864,end=6480128](main:@1) -> float_type, {1, 64, 112, 112}, {802816, 12544, 112, 1}
main:@28 = multibroadcast[out_lens={1, 64, 112, 112},out_dyn_dims={}](main:@26) -> float_type, {1, 64, 112, 112}, {0, 1, 0, 0}
main:@29 = gpu::code_object[code_object=13632,symbol_name=add_clip_kernel,global=401408,local=1024,](main:@24,main:@28,main:@27) -> float_type, {1, 64, 112, 112}, {802816, 12544, 112, 1}
main:@30 = load[offset=0,end=3268864](main:@1) -> float_type, {1, 64, 113, 113}, {817216, 12769, 113, 1}
main:@31 = gpu::code_object[code_object=13624,symbol_name=pad_kernel,global=307200,local=1024,](main:@29,main:@30) -> float_type, {1, 64, 113, 113}, {817216, 12769, 113, 1}
main:@32 = load[offset=0,end=0](main:@1) -> int8_type, {0}, {1}
main:@33 = load[offset=3268864,end=4071680](main:@1) -> float_type, {1, 64, 56, 56}, {200704, 3136, 56, 1}
main:@34 = gpu::convolution[op={padding={0, 0, 0, 0},stride={2, 2},dilation={1, 1},group=64,padding_mode=0},algo=1,int8_x4_format=0,solution_id=11](main:@31,main:@25,main:@32,main:@33) -> float_type, {1, 64, 56, 56}, {200704, 3136, 56, 1}
main:@35 = hip::hip_copy_literal[id=main:@literal:12] -> float_type, {128, 64, 1, 1}, {64, 1, 1, 1}
main:@36 = hip::hip_copy_literal[id=main:@literal:36] -> float_type, {64, 1, 1}, {1, 1, 1}
main:@37 = load[offset=0,end=802816](main:@1) -> float_type, {1, 64, 56, 56}, {200704, 3136, 56, 1}
main:@38 = multibroadcast[out_lens={1, 64, 56, 56},out_dyn_dims={}](main:@36) -> float_type, {1, 64, 56, 56}, {0, 1, 0, 0}
main:@39 = gpu::code_object[code_object=13632,symbol_name=add_clip_kernel,global=100352,local=1024,](main:@34,main:@38,main:@37) -> float_type, {1, 64, 56, 56}, {200704, 3136, 56, 1}
main:@40 = load[offset=3211264,end=4816896](main:@1) -> float_type, {1, 128, 56, 56}, {401408, 3136, 56, 1}
main:@41 = load[offset=0,end=0](main:@1) -> int8_type, {0}, {1}
main:@42 = gpu::convolution[op={padding={0, 0, 0, 0},stride={1, 1},dilation={1, 1},group=1,padding_mode=0},algo=5,int8_x4_format=0,solution_id=64](main:@39,main:@35,main:@41,main:@40) -> float_type, {1, 128, 56, 56}, {401408, 3136, 56, 1}
main:@43 = hip::hip_copy_literal[id=main:@literal:39] -> float_type, {128, 1, 1}, {1, 1, 1}
main:@44 = hip::hip_copy_literal[id=main:@literal:41] -> float_type, {128, 1, 3, 3}, {9, 9, 3, 1}
main:@45 = load[offset=1605632,end=3211264](main:@1) -> float_type, {1, 128, 56, 56}, {401408, 3136, 56, 1}
main:@46 = multibroadcast[out_lens={1, 128, 56, 56},out_dyn_dims={}](main:@43) -> float_type, {1, 128, 56, 56}, {0, 1, 0, 0}
main:@47 = gpu::code_object[code_object=13632,symbol_name=add_clip_kernel,global=200704,local=1024,](main:@42,main:@46,main:@45) -> float_type, {1, 128, 56, 56}, {401408, 3136, 56, 1}
main:@48 = load[offset=0,end=0](main:@1) -> int8_type, {0}, {1}
main:@49 = load[offset=4014080,end=5619712](main:@1) -> float_type, {1, 128, 56, 56}, {401408, 3136, 56, 1}
main:@50 = gpu::convolution[op={padding={1, 1, 1, 1},stride={1, 1},dilation={1, 1},group=128,padding_mode=0},algo=1,int8_x4_format=0,solution_id=11](main:@47,main:@44,main:@48,main:@49) -> float_type, {1, 128, 56, 56}, {401408, 3136, 56, 1}
main:@51 = hip::hip_copy_literal[id=main:@literal:11] -> float_type, {128, 128, 1, 1}, {128, 1, 1, 1}
main:@52 = hip::hip_copy_literal[id=main:@literal:30] -> float_type, {128, 1, 1}, {1, 1, 1}
main:@53 = load[offset=1605632,end=3211264](main:@1) -> float_type, {1, 128, 56, 56}, {401408, 3136, 56, 1}
main:@54 = multibroadcast[out_lens={1, 128, 56, 56},out_dyn_dims={}](main:@52) -> float_type, {1, 128, 56, 56}, {0, 1, 0, 0}
main:@55 = gpu::code_object[code_object=13632,symbol_name=add_clip_kernel,global=200704,local=1024,](main:@50,main:@54,main:@53) -> float_type, {1, 128, 56, 56}, {401408, 3136, 56, 1}
main:@56 = load[offset=0,end=0](main:@1) -> int8_type, {0}, {1}
main:@57 = load[offset=0,end=1605632](main:@1) -> float_type, {1, 128, 56, 56}, {401408, 3136, 56, 1}
main:@58 = gpu::convolution[op={padding={0, 0, 0, 0},stride={1, 1},dilation={1, 1},group=1,padding_mode=0},algo=5,int8_x4_format=0,solution_id=64](main:@55,main:@51,main:@56,main:@57) -> float_type, {1, 128, 56, 56}, {401408, 3136, 56, 1}
main:@59 = hip::hip_copy_literal[id=main:@literal:28] -> float_type, {128, 1, 1}, {1, 1, 1}
main:@60 = hip::hip_copy_literal[id=main:@literal:26] -> float_type, {128, 1, 3, 3}, {9, 9, 3, 1}
main:@61 = load[offset=3269120,end=4874752](main:@1) -> float_type, {1, 128, 56, 56}, {401408, 3136, 56, 1}
main:@62 = multibroadcast[out_lens={1, 128, 56, 56},out_dyn_dims={}](main:@59) -> float_type, {1, 128, 56, 56}, {0, 1, 0, 0}
main:@63 = gpu::code_object[code_object=13632,symbol_name=add_clip_kernel,global=200704,local=1024,](main:@58,main:@62,main:@61) -> float_type, {1, 128, 56, 56}, {401408, 3136, 56, 1}
main:@64 = load[offset=1605632,end=3269120](main:@1) -> float_type, {1, 128, 57, 57}, {415872, 3249, 57, 1}
main:@65 = gpu::code_object[code_object=13624,symbol_name=pad_kernel,global=307200,local=1024,](main:@63,main:@64) -> float_type, {1, 128, 57, 57}, {415872, 3249, 57, 1}
main:@66 = load[offset=802816,end=1204224](main:@1) -> float_type, {1, 128, 28, 28}, {100352, 784, 28, 1}
main:@67 = load[offset=0,end=0](main:@1) -> int8_type, {0}, {1}
main:@68 = gpu::convolution[op={padding={0, 0, 0, 0},stride={2, 2},dilation={1, 1},group=128,padding_mode=0},algo=1,int8_x4_format=0,solution_id=11](main:@65,main:@60,main:@67,main:@66) -> float_type, {1, 128, 28, 28}, {100352, 784, 28, 1}
main:@69 = hip::hip_copy_literal[id=main:@literal:1] -> float_type, {256, 128, 1, 1}, {128, 1, 1, 1}
main:@70 = hip::hip_copy_literal[id=main:@literal:25] -> float_type, {128, 1, 1}, {1, 1, 1}
main:@71 = load[offset=401408,end=802816](main:@1) -> float_type, {1, 128, 28, 28}, {100352, 784, 28, 1}
main:@72 = multibroadcast[out_lens={1, 128, 28, 28},out_dyn_dims={}](main:@70) -> float_type, {1, 128, 28, 28}, {0, 1, 0, 0}
main:@73 = gpu::code_object[code_object=13632,symbol_name=add_clip_kernel,global=50176,local=1024,](main:@68,main:@72,main:@71) -> float_type, {1, 128, 28, 28}, {100352, 784, 28, 1}
main:@74 = load[offset=1605632,end=2408448](main:@1) -> float_type, {1, 256, 28, 28}, {200704, 784, 28, 1}
main:@75 = load[offset=0,end=0](main:@1) -> int8_type, {0}, {1}
main:@76 = gpu::convolution[op={padding={0, 0, 0, 0},stride={1, 1},dilation={1, 1},group=1,padding_mode=0},algo=5,int8_x4_format=0,solution_id=81](main:@73,main:@69,main:@75,main:@74) -> float_type, {1, 256, 28, 28}, {200704, 784, 28, 1}
main:@77 = hip::hip_copy_literal[id=main:@literal:20] -> float_type, {256, 1, 3, 3}, {9, 9, 3, 1}
main:@78 = hip::hip_copy_literal[id=main:@literal:15] -> float_type, {256, 1, 1}, {1, 1, 1}
main:@79 = load[offset=802816,end=1605632](main:@1) -> float_type, {1, 256, 28, 28}, {200704, 784, 28, 1}
main:@80 = multibroadcast[out_lens={1, 256, 28, 28},out_dyn_dims={}](main:@78) -> float_type, {1, 256, 28, 28}, {0, 1, 0, 0}
main:@81 = gpu::code_object[code_object=13632,symbol_name=add_clip_kernel,global=100352,local=1024,](main:@76,main:@80,main:@79) -> float_type, {1, 256, 28, 28}, {200704, 784, 28, 1}
main:@82 = load[offset=0,end=0](main:@1) -> int8_type, {0}, {1}
main:@83 = load[offset=2007040,end=2809856](main:@1) -> float_type, {1, 256, 28, 28}, {200704, 784, 28, 1}
main:@84 = gpu::convolution[op={padding={1, 1, 1, 1},stride={1, 1},dilation={1, 1},group=256,padding_mode=0},algo=1,int8_x4_format=0,solution_id=11](main:@81,main:@77,main:@82,main:@83) -> float_type, {1, 256, 28, 28}, {200704, 784, 28, 1}
main:@85 = hip::hip_copy_literal[id=main:@literal:8] -> float_type, {256, 256, 1, 1}, {256, 1, 1, 1}
main:@86 = hip::hip_copy_literal[id=main:@literal:37] -> float_type, {256, 1, 1}, {1, 1, 1}
main:@87 = load[offset=802816,end=1605632](main:@1) -> float_type, {1, 256, 28, 28}, {200704, 784, 28, 1}
main:@88 = multibroadcast[out_lens={1, 256, 28, 28},out_dyn_dims={}](main:@86) -> float_type, {1, 256, 28, 28}, {0, 1, 0, 0}
main:@89 = gpu::code_object[code_object=13632,symbol_name=add_clip_kernel,global=100352,local=1024,](main:@84,main:@88,main:@87) -> float_type, {1, 256, 28, 28}, {200704, 784, 28, 1}
main:@90 = load[offset=0,end=802816](main:@1) -> float_type, {1, 256, 28, 28}, {200704, 784, 28, 1}
main:@91 = load[offset=0,end=0](main:@1) -> int8_type, {0}, {1}
main:@92 = gpu::convolution[op={padding={0, 0, 0, 0},stride={1, 1},dilation={1, 1},group=1,padding_mode=0},algo=5,int8_x4_format=0,solution_id=103](main:@89,main:@85,main:@91,main:@90) -> float_type, {1, 256, 28, 28}, {200704, 784, 28, 1}
main:@93 = hip::hip_copy_literal[id=main:@literal:19] -> float_type, {256, 1, 3, 3}, {9, 9, 3, 1}
main:@94 = hip::hip_copy_literal[id=main:@literal:24] -> float_type, {256, 1, 1}, {1, 1, 1}
main:@95 = load[offset=1664000,end=2466816](main:@1) -> float_type, {1, 256, 28, 28}, {200704, 784, 28, 1}
main:@96 = multibroadcast[out_lens={1, 256, 28, 28},out_dyn_dims={}](main:@94) -> float_type, {1, 256, 28, 28}, {0, 1, 0, 0}
main:@97 = gpu::code_object[code_object=13632,symbol_name=add_clip_kernel,global=100352,local=1024,](main:@92,main:@96,main:@95) -> float_type, {1, 256, 28, 28}, {200704, 784, 28, 1}
main:@98 = load[offset=802816,end=1664000](main:@1) -> float_type, {1, 256, 29, 29}, {215296, 841, 29, 1}
main:@99 = gpu::code_object[code_object=13624,symbol_name=pad_kernel,global=215296,local=1024,](main:@97,main:@98) -> float_type, {1, 256, 29, 29}, {215296, 841, 29, 1}
main:@100 = load[offset=0,end=0](main:@1) -> int8_type, {0}, {1}
main:@101 = load[offset=0,end=200704](main:@1) -> float_type, {1, 256, 14, 14}, {50176, 196, 14, 1}
main:@102 = gpu::convolution[op={padding={0, 0, 0, 0},stride={2, 2},dilation={1, 1},group=256,padding_mode=0},algo=1,int8_x4_format=0,solution_id=11](main:@99,main:@93,main:@100,main:@101) -> float_type, {1, 256, 14, 14}, {50176, 196, 14, 1}
main:@103 = hip::hip_copy_literal[id=main:@literal:10] -> float_type, {512, 256, 1, 1}, {256, 1, 1, 1}
main:@104 = hip::hip_copy_literal[id=main:@literal:18] -> float_type, {256, 1, 1}, {1, 1, 1}
main:@105 = load[offset=401408,end=602112](main:@1) -> float_type, {1, 256, 14, 14}, {50176, 196, 14, 1}
main:@106 = multibroadcast[out_lens={1, 256, 14, 14},out_dyn_dims={}](main:@104) -> float_type, {1, 256, 14, 14}, {0, 1, 0, 0}
main:@107 = gpu::code_object[code_object=13632,symbol_name=add_clip_kernel,global=25088,local=1024,](main:@102,main:@106,main:@105) -> float_type, {1, 256, 14, 14}, {50176, 196, 14, 1}
main:@108 = load[offset=0,end=0](main:@1) -> int8_type, {0}, {1}
main:@109 = load[offset=0,end=401408](main:@1) -> float_type, {1, 512, 14, 14}, {100352, 196, 14, 1}
main:@110 = gpu::convolution[op={padding={0, 0, 0, 0},stride={1, 1},dilation={1, 1},group=1,padding_mode=0},algo=5,int8_x4_format=0,solution_id=81](main:@107,main:@103,main:@108,main:@109) -> float_type, {1, 512, 14, 14}, {100352, 196, 14, 1}
main:@111 = hip::hip_copy_literal[id=main:@literal:16] -> float_type, {512, 1, 1}, {1, 1, 1}
main:@112 = hip::hip_copy_literal[id=main:@literal:22] -> float_type, {512, 1, 3, 3}, {9, 9, 3, 1}
main:@113 = load[offset=602112,end=1003520](main:@1) -> float_type, {1, 512, 14, 14}, {100352, 196, 14, 1}
main:@114 = multibroadcast[out_lens={1, 512, 14, 14},out_dyn_dims={}](main:@111) -> float_type, {1, 512, 14, 14}, {0, 1, 0, 0}
main:@115 = gpu::code_object[code_object=13632,symbol_name=add_clip_kernel,global=50176,local=1024,](main:@110,main:@114,main:@113) -> float_type, {1, 512, 14, 14}, {100352, 196, 14, 1}
main:@116 = load[offset=0,end=401408](main:@1) -> float_type, {1, 512, 14, 14}, {100352, 196, 14, 1}
main:@117 = load[offset=0,end=0](main:@1) -> int8_type, {0}, {1}
main:@118 = gpu::convolution[op={padding={1, 1, 1, 1},stride={1, 1},dilation={1, 1},group=512,padding_mode=0},algo=1,int8_x4_format=0,solution_id=11](main:@115,main:@112,main:@117,main:@116) -> float_type, {1, 512, 14, 14}, {100352, 196, 14, 1}
main:@119 = hip::hip_copy_literal[id=main:@literal:7] -> float_type, {512, 512, 1, 1}, {512, 1, 1, 1}
main:@120 = hip::hip_copy_literal[id=main:@literal:40] -> float_type, {512, 1, 1}, {1, 1, 1}
main:@121 = load[offset=802816,end=1204224](main:@1) -> float_type, {1, 512, 14, 14}, {100352, 196, 14, 1}
main:@122 = multibroadcast[out_lens={1, 512, 14, 14},out_dyn_dims={}](main:@120) -> float_type, {1, 512, 14, 14}, {0, 1, 0, 0}
main:@123 = gpu::code_object[code_object=13632,symbol_name=add_clip_kernel,global=50176,local=1024,](main:@118,main:@122,main:@121) -> float_type, {1, 512, 14, 14}, {100352, 196, 14, 1}
main:@124 = load[offset=401408,end=802816](main:@1) -> float_type, {1, 512, 14, 14}, {100352, 196, 14, 1}
main:@125 = load[offset=0,end=0](main:@1) -> int8_type, {0}, {1}
main:@126 = gpu::convolution[op={padding={0, 0, 0, 0},stride={1, 1},dilation={1, 1},group=1,padding_mode=0},algo=5,int8_x4_format=0,solution_id=81](main:@123,main:@119,main:@125,main:@124) -> float_type, {1, 512, 14, 14}, {100352, 196, 14, 1}
main:@127 = hip::hip_copy_literal[id=main:@literal:42] -> float_type, {512, 1, 1}, {1, 1, 1}
main:@128 = hip::hip_copy_literal[id=main:@literal:27] -> float_type, {512, 1, 3, 3}, {9, 9, 3, 1}
main:@129 = load[offset=0,end=401408](main:@1) -> float_type, {1, 512, 14, 14}, {100352, 196, 14, 1}
main:@130 = multibroadcast[out_lens={1, 512, 14, 14},out_dyn_dims={}](main:@127) -> float_type, {1, 512, 14, 14}, {0, 1, 0, 0}
main:@131 = gpu::code_object[code_object=13632,symbol_name=add_clip_kernel,global=50176,local=1024,](main:@126,main:@130,main:@129) -> float_type, {1, 512, 14, 14}, {100352, 196, 14, 1}
main:@132 = load[offset=802816,end=1204224](main:@1) -> float_type, {1, 512, 14, 14}, {100352, 196, 14, 1}
main:@133 = load[offset=0,end=0](main:@1) -> int8_type, {0}, {1}
main:@134 = gpu::convolution[op={padding={1, 1, 1, 1},stride={1, 1},dilation={1, 1},group=512,padding_mode=0},algo=1,int8_x4_format=0,solution_id=11](main:@131,main:@128,main:@133,main:@132) -> float_type, {1, 512, 14, 14}, {100352, 196, 14, 1}
main:@135 = hip::hip_copy_literal[id=main:@literal:5] -> float_type, {512, 512, 1, 1}, {512, 1, 1, 1}
main:@136 = hip::hip_copy_literal[id=main:@literal:44] -> float_type, {512, 1, 1}, {1, 1, 1}
main:@137 = load[offset=401408,end=802816](main:@1) -> float_type, {1, 512, 14, 14}, {100352, 196, 14, 1}
main:@138 = multibroadcast[out_lens={1, 512, 14, 14},out_dyn_dims={}](main:@136) -> float_type, {1, 512, 14, 14}, {0, 1, 0, 0}
main:@139 = gpu::code_object[code_object=13632,symbol_name=add_clip_kernel,global=50176,local=1024,](main:@134,main:@138,main:@137) -> float_type, {1, 512, 14, 14}, {100352, 196, 14, 1}
main:@140 = load[offset=0,end=401408](main:@1) -> float_type, {1, 512, 14, 14}, {100352, 196, 14, 1}
main:@141 = load[offset=0,end=0](main:@1) -> int8_type, {0}, {1}
main:@142 = gpu::convolution[op={padding={0, 0, 0, 0},stride={1, 1},dilation={1, 1},group=1,padding_mode=0},algo=5,int8_x4_format=0,solution_id=81](main:@139,main:@135,main:@141,main:@140) -> float_type, {1, 512, 14, 14}, {100352, 196, 14, 1}
main:@143 = hip::hip_copy_literal[id=main:@literal:17] -> float_type, {512, 1, 1}, {1, 1, 1}
main:@144 = hip::hip_copy_literal[id=main:@literal:45] -> float_type, {512, 1, 3, 3}, {9, 9, 3, 1}
main:@145 = load[offset=802816,end=1204224](main:@1) -> float_type, {1, 512, 14, 14}, {100352, 196, 14, 1}
main:@146 = multibroadcast[out_lens={1, 512, 14, 14},out_dyn_dims={}](main:@143) -> float_type, {1, 512, 14, 14}, {0, 1, 0, 0}
main:@147 = gpu::code_object[code_object=13632,symbol_name=add_clip_kernel,global=50176,local=1024,](main:@142,main:@146,main:@145) -> float_type, {1, 512, 14, 14}, {100352, 196, 14, 1}
main:@148 = load[offset=401408,end=802816](main:@1) -> float_type, {1, 512, 14, 14}, {100352, 196, 14, 1}
main:@149 = load[offset=0,end=0](main:@1) -> int8_type, {0}, {1}
main:@150 = gpu::convolution[op={padding={1, 1, 1, 1},stride={1, 1},dilation={1, 1},group=512,padding_mode=0},algo=1,int8_x4_format=0,solution_id=11](main:@147,main:@144,main:@149,main:@148) -> float_type, {1, 512, 14, 14}, {100352, 196, 14, 1}
main:@151 = hip::hip_copy_literal[id=main:@literal:2] -> float_type, {512, 512, 1, 1}, {512, 1, 1, 1}
main:@152 = hip::hip_copy_literal[id=main:@literal:47] -> float_type, {512, 1, 1}, {1, 1, 1}
main:@153 = load[offset=0,end=401408](main:@1) -> float_type, {1, 512, 14, 14}, {100352, 196, 14, 1}
main:@154 = multibroadcast[out_lens={1, 512, 14, 14},out_dyn_dims={}](main:@152) -> float_type, {1, 512, 14, 14}, {0, 1, 0, 0}
main:@155 = gpu::code_object[code_object=13632,symbol_name=add_clip_kernel,global=50176,local=1024,](main:@150,main:@154,main:@153) -> float_type, {1, 512, 14, 14}, {100352, 196, 14, 1}
main:@156 = load[offset=802816,end=1204224](main:@1) -> float_type, {1, 512, 14, 14}, {100352, 196, 14, 1}
main:@157 = load[offset=0,end=0](main:@1) -> int8_type, {0}, {1}
main:@158 = gpu::convolution[op={padding={0, 0, 0, 0},stride={1, 1},dilation={1, 1},group=1,padding_mode=0},algo=5,int8_x4_format=0,solution_id=81](main:@155,main:@151,main:@157,main:@156) -> float_type, {1, 512, 14, 14}, {100352, 196, 14, 1}
main:@159 = hip::hip_copy_literal[id=main:@literal:49] -> float_type, {512, 1, 1}, {1, 1, 1}
main:@160 = hip::hip_copy_literal[id=main:@literal:48] -> float_type, {512, 1, 3, 3}, {9, 9, 3, 1}
main:@161 = load[offset=401408,end=802816](main:@1) -> float_type, {1, 512, 14, 14}, {100352, 196, 14, 1}
main:@162 = multibroadcast[out_lens={1, 512, 14, 14},out_dyn_dims={}](main:@159) -> float_type, {1, 512, 14, 14}, {0, 1, 0, 0}
main:@163 = gpu::code_object[code_object=13632,symbol_name=add_clip_kernel,global=50176,local=1024,](main:@158,main:@162,main:@161) -> float_type, {1, 512, 14, 14}, {100352, 196, 14, 1}
main:@164 = load[offset=0,end=401408](main:@1) -> float_type, {1, 512, 14, 14}, {100352, 196, 14, 1}
main:@165 = load[offset=0,end=0](main:@1) -> int8_type, {0}, {1}
main:@166 = gpu::convolution[op={padding={1, 1, 1, 1},stride={1, 1},dilation={1, 1},group=512,padding_mode=0},algo=1,int8_x4_format=0,solution_id=11](main:@163,main:@160,main:@165,main:@164) -> float_type, {1, 512, 14, 14}, {100352, 196, 14, 1}
main:@167 = hip::hip_copy_literal[id=main:@literal:9] -> float_type, {512, 512, 1, 1}, {512, 1, 1, 1}
main:@168 = hip::hip_copy_literal[id=main:@literal:50] -> float_type, {512, 1, 1}, {1, 1, 1}
main:@169 = load[offset=802816,end=1204224](main:@1) -> float_type, {1, 512, 14, 14}, {100352, 196, 14, 1}
main:@170 = multibroadcast[out_lens={1, 512, 14, 14},out_dyn_dims={}](main:@168) -> float_type, {1, 512, 14, 14}, {0, 1, 0, 0}
main:@171 = gpu::code_object[code_object=13632,symbol_name=add_clip_kernel,global=50176,local=1024,](main:@166,main:@170,main:@169) -> float_type, {1, 512, 14, 14}, {100352, 196, 14, 1}
main:@172 = load[offset=401408,end=802816](main:@1) -> float_type, {1, 512, 14, 14}, {100352, 196, 14, 1}
main:@173 = load[offset=0,end=0](main:@1) -> int8_type, {0}, {1}
main:@174 = gpu::convolution[op={padding={0, 0, 0, 0},stride={1, 1},dilation={1, 1},group=1,padding_mode=0},algo=5,int8_x4_format=0,solution_id=81](main:@171,main:@167,main:@173,main:@172) -> float_type, {1, 512, 14, 14}, {100352, 196, 14, 1}
main:@175 = hip::hip_copy_literal[id=main:@literal:55] -> float_type, {1001}, {1}
main:@176 = hip::hip_copy_literal[id=main:@literal:52] -> float_type, {512, 1, 3, 3}, {9, 9, 3, 1}
main:@177 = hip::hip_copy_literal[id=main:@literal:46] -> float_type, {1024, 1, 3, 3}, {9, 9, 3, 1}
main:@178 = hip::hip_copy_literal[id=main:@literal:31] -> float_type, {512, 1, 1}, {1, 1, 1}
main:@179 = hip::hip_copy_literal[id=main:@literal:51] -> float_type, {512, 1, 1}, {1, 1, 1}
main:@180 = hip::hip_copy_literal[id=main:@literal:4] -> float_type, {512, 512, 1, 1}, {512, 1, 1, 1}
main:@181 = hip::hip_copy_literal[id=main:@literal:3] -> float_type, {1024, 1024, 1, 1}, {1024, 1, 1, 1}
main:@182 = hip::hip_copy_literal[id=main:@literal:23] -> float_type, {512, 1, 1}, {1, 1, 1}
main:@183 = hip::hip_copy_literal[id=main:@literal:54] -> float_type, {1024, 1, 1}, {1, 1, 1}
main:@184 = hip::hip_copy_literal[id=main:@literal:14] -> float_type, {1001, 1024, 1, 1}, {1024, 1, 1, 1}
main:@185 = hip::hip_copy_literal[id=main:@literal:0] -> float_type, {1024, 512, 1, 1}, {512, 1, 1, 1}
main:@186 = hip::hip_copy_literal[id=main:@literal:43] -> float_type, {512, 1, 1}, {1, 1, 1}
main:@187 = hip::hip_copy_literal[id=main:@literal:34] -> float_type, {1024, 1, 1}, {1, 1, 1}
main:@188 = hip::hip_copy_literal[id=main:@literal:33] -> float_type, {1024, 1, 1}, {1, 1, 1}
main:@189 = hip::hip_copy_literal[id=main:@literal:53] -> float_type, {512, 1, 3, 3}, {9, 9, 3, 1}
main:@190 = load[offset=0,end=401408](main:@1) -> float_type, {1, 512, 14, 14}, {100352, 196, 14, 1}
main:@191 = multibroadcast[out_lens={1, 512, 14, 14},out_dyn_dims={}](main:@179) -> float_type, {1, 512, 14, 14}, {0, 1, 0, 0}
main:@192 = gpu::code_object[code_object=13632,symbol_name=add_clip_kernel,global=50176,local=1024,](main:@174,main:@191,main:@190) -> float_type, {1, 512, 14, 14}, {100352, 196, 14, 1}
main:@193 = load[offset=0,end=0](main:@1) -> int8_type, {0}, {1}
main:@194 = load[offset=802816,end=1204224](main:@1) -> float_type, {1, 512, 14, 14}, {100352, 196, 14, 1}
main:@195 = gpu::convolution[op={padding={1, 1, 1, 1},stride={1, 1},dilation={1, 1},group=512,padding_mode=0},algo=1,int8_x4_format=0,solution_id=11](main:@192,main:@176,main:@193,main:@194) -> float_type, {1, 512, 14, 14}, {100352, 196, 14, 1}
main:@196 = load[offset=401408,end=802816](main:@1) -> float_type, {1, 512, 14, 14}, {100352, 196, 14, 1}
main:@197 = multibroadcast[out_lens={1, 512, 14, 14},out_dyn_dims={}](main:@178) -> float_type, {1, 512, 14, 14}, {0, 1, 0, 0}
main:@198 = gpu::code_object[code_object=13632,symbol_name=add_clip_kernel,global=50176,local=1024,](main:@195,main:@197,main:@196) -> float_type, {1, 512, 14, 14}, {100352, 196, 14, 1}
main:@199 = load[offset=0,end=401408](main:@1) -> float_type, {1, 512, 14, 14}, {100352, 196, 14, 1}
main:@200 = load[offset=0,end=0](main:@1) -> int8_type, {0}, {1}
main:@201 = gpu::convolution[op={padding={0, 0, 0, 0},stride={1, 1},dilation={1, 1},group=1,padding_mode=0},algo=5,int8_x4_format=0,solution_id=81](main:@198,main:@180,main:@200,main:@199) -> float_type, {1, 512, 14, 14}, {100352, 196, 14, 1}
main:@202 = load[offset=862208,end=1263616](main:@1) -> float_type, {1, 512, 14, 14}, {100352, 196, 14, 1}
main:@203 = multibroadcast[out_lens={1, 512, 14, 14},out_dyn_dims={}](main:@182) -> float_type, {1, 512, 14, 14}, {0, 1, 0, 0}
main:@204 = gpu::code_object[code_object=13632,symbol_name=add_clip_kernel,global=50176,local=1024,](main:@201,main:@203,main:@202) -> float_type, {1, 512, 14, 14}, {100352, 196, 14, 1}
main:@205 = load[offset=401408,end=862208](main:@1) -> float_type, {1, 512, 15, 15}, {115200, 225, 15, 1}
main:@206 = gpu::code_object[code_object=13624,symbol_name=pad_kernel,global=115200,local=1024,](main:@204,main:@205) -> float_type, {1, 512, 15, 15}, {115200, 225, 15, 1}
main:@207 = load[offset=0,end=0](main:@1) -> int8_type, {0}, {1}
main:@208 = load[offset=0,end=100352](main:@1) -> float_type, {1, 512, 7, 7}, {25088, 49, 7, 1}
main:@209 = gpu::convolution[op={padding={0, 0, 0, 0},stride={2, 2},dilation={1, 1},group=512,padding_mode=0},algo=5,int8_x4_format=0,solution_id=81](main:@206,main:@189,main:@207,main:@208) -> float_type, {1, 512, 7, 7}, {25088, 49, 7, 1}
main:@210 = load[offset=200704,end=301056](main:@1) -> float_type, {1, 512, 7, 7}, {25088, 49, 7, 1}
main:@211 = multibroadcast[out_lens={1, 512, 7, 7},out_dyn_dims={}](main:@186) -> float_type, {1, 512, 7, 7}, {0, 1, 0, 0}
main:@212 = gpu::code_object[code_object=13632,symbol_name=add_clip_kernel,global=25088,local=1024,](main:@209,main:@211,main:@210) -> float_type, {1, 512, 7, 7}, {25088, 49, 7, 1}
main:@213 = load[offset=0,end=0](main:@1) -> int8_type, {0}, {1}
main:@214 = load[offset=0,end=200704](main:@1) -> float_type, {1, 1024, 7, 7}, {50176, 49, 7, 1}
main:@215 = gpu::convolution[op={padding={0, 0, 0, 0},stride={1, 1},dilation={1, 1},group=1,padding_mode=0},algo=5,int8_x4_format=0,solution_id=81](main:@212,main:@185,main:@213,main:@214) -> float_type, {1, 1024, 7, 7}, {50176, 49, 7, 1}
main:@216 = load[offset=301056,end=501760](main:@1) -> float_type, {1, 1024, 7, 7}, {50176, 49, 7, 1}
main:@217 = multibroadcast[out_lens={1, 1024, 7, 7},out_dyn_dims={}](main:@187) -> float_type, {1, 1024, 7, 7}, {0, 1, 0, 0}
main:@218 = gpu::code_object[code_object=13632,symbol_name=add_clip_kernel,global=50176,local=1024,](main:@215,main:@217,main:@216) -> float_type, {1, 1024, 7, 7}, {50176, 49, 7, 1}
main:@219 = load[offset=0,end=200704](main:@1) -> float_type, {1, 1024, 7, 7}, {50176, 49, 7, 1}
main:@220 = load[offset=0,end=0](main:@1) -> int8_type, {0}, {1}
main:@221 = gpu::convolution[op={padding={1, 1, 1, 1},stride={1, 1},dilation={1, 1},group=1024,padding_mode=0},algo=1,int8_x4_format=0,solution_id=11](main:@218,main:@177,main:@220,main:@219) -> float_type, {1, 1024, 7, 7}, {50176, 49, 7, 1}
main:@222 = load[offset=405504,end=606208](main:@1) -> float_type, {1, 1024, 7, 7}, {50176, 49, 7, 1}
main:@223 = multibroadcast[out_lens={1, 1024, 7, 7},out_dyn_dims={}](main:@183) -> float_type, {1, 1024, 7, 7}, {0, 1, 0, 0}
main:@224 = gpu::code_object[code_object=13632,symbol_name=add_clip_kernel,global=50176,local=1024,](main:@221,main:@223,main:@222) -> float_type, {1, 1024, 7, 7}, {50176, 49, 7, 1}
main:@225 = load[offset=204800,end=405504](main:@1) -> float_type, {1, 1024, 7, 7}, {50176, 49, 7, 1}
main:@226 = load[offset=0,end=0](main:@1) -> int8_type, {0}, {1}
main:@227 = gpu::convolution[op={padding={0, 0, 0, 0},stride={1, 1},dilation={1, 1},group=1,padding_mode=0},algo=1,int8_x4_format=0,solution_id=2](main:@224,main:@181,main:@226,main:@225) -> float_type, {1, 1024, 7, 7}, {50176, 49, 7, 1}
main:@228 = load[offset=4096,end=204800](main:@1) -> float_type, {1, 1024, 7, 7}, {50176, 49, 7, 1}
main:@229 = multibroadcast[out_lens={1, 1024, 7, 7},out_dyn_dims={}](main:@188) -> float_type, {1, 1024, 7, 7}, {0, 1, 0, 0}
main:@230 = gpu::code_object[code_object=13632,symbol_name=add_clip_kernel,global=50176,local=1024,](main:@227,main:@229,main:@228) -> float_type, {1, 1024, 7, 7}, {50176, 49, 7, 1}
main:@231 = load[offset=204800,end=208896](main:@1) -> float_type, {1, 1024, 1, 1}, {1024, 1, 1, 1}
main:@232 = gpu::pooling[mode=average,padding={0, 0, 0, 0},stride={2, 2},lengths={7, 7},ceil_mode=0,lp_order=2,dyn_global=0](main:@230,main:@231) -> float_type, {1, 1024, 1, 1}, {1024, 1, 1, 1}
main:@233 = load[offset=4016,end=8020](main:@1) -> float_type, {1, 1001, 1, 1}, {1001, 1, 1, 1}
main:@234 = load[offset=0,end=0](main:@1) -> int8_type, {0}, {1}
main:@235 = gpu::convolution[op={padding={0, 0, 0, 0},stride={1, 1},dilation={1, 1},group=1,padding_mode=0},algo=5,int8_x4_format=0,solution_id=107](main:@232,main:@184,main:@234,main:@233) -> float_type, {1, 1001, 1, 1}, {1001, 1, 1, 1}
main:@236 = load[offset=8032,end=12036](main:@1) -> float_type, {1, 1001, 1, 1}, {1001, 1, 1, 1}
main:@237 = broadcast[axis=1,out_lens={1, 1001, 1, 1}](main:@175) -> float_type, {1, 1001, 1, 1}, {0, 1, 0, 0}
main:@238 = gpu::code_object[code_object=13624,symbol_name=add_kernel,global=1001,local=1024,](main:@235,main:@237,main:@236) -> float_type, {1, 1001, 1, 1}, {1001, 1, 1, 1}
main:#output_0 = @param:main:#output_0 -> float_type, {1, 1001}, {1001, 1}
main:@240 = transpose[permutation={0, 2, 3, 1}](main:@238) -> float_type, {1, 1, 1, 1001}, {1001, 1, 1, 1}
main:@241 = squeeze[axes={1, 2}](main:@240) -> float_type, {1, 1001}, {1001, 1}
main:@242 = gpu::code_object[code_object=13632,symbol_name=softmax_kernel,global=256,local=256,](main:@241,main:#output_0) -> float_type, {1, 1001}, {1001, 1}
main:@243 = @return(main:@242)


Allocating params ... 
Running performance report ... 
main:@0 = check_context::migraphx::version_1::gpu::context -> float_type, {}, {}: 0.00103154ms, 1%
main:@1 = hip::hip_allocate_memory[shape=int8_type, {6480128}, {1},id=main:scratch] -> int8_type, {6480128}, {1}: 0.00094672ms, 1%
main:@2 = hip::hip_copy_literal[id=main:@literal:13] -> float_type, {32, 3, 3, 3}, {27, 9, 3, 1}: 0.00084044ms, 1%
main:@3 = load[offset=1605632,end=2213132](main:@1) -> float_type, {1, 3, 225, 225}, {151875, 50625, 225, 1}: 0.0006804ms, 1%
input = @param:input -> float_type, {1, 3, 224, 224}, {150528, 50176, 224, 1}: 0.00044076ms, 1%
main:@5 = gpu::code_object[code_object=13624,symbol_name=pad_kernel,global=151875,local=1024,](input,main:@3) -> float_type, {1, 3, 225, 225}, {151875, 50625, 225, 1}: 0.0196819ms, 2%
main:@6 = load[offset=0,end=0](main:@1) -> int8_type, {0}, {1}: 0.0007578ms, 1%
main:@7 = load[offset=0,end=1605632](main:@1) -> float_type, {1, 32, 112, 112}, {401408, 12544, 112, 1}: 0.00061294ms, 1%
main:@8 = gpu::convolution[op={padding={0, 0, 0, 0},stride={2, 2},dilation={1, 1},group=1,padding_mode=0},algo=5,int8_x4_format=0,solution_id=81](main:@5,main:@2,main:@6,main:@7) -> float_type, {1, 32, 112, 112}, {401408, 12544, 112, 1}: 0.0332526ms, 2%
main:@9 = hip::hip_copy_literal[id=main:@literal:35] -> float_type, {32, 1, 1}, {1, 1, 1}: 0.00088136ms, 1%
main:@10 = hip::hip_copy_literal[id=main:@literal:29] -> float_type, {32, 1, 3, 3}, {9, 9, 3, 1}: 0.0005872ms, 1%
main:@11 = load[offset=2213136,end=3818768](main:@1) -> float_type, {1, 32, 112, 112}, {401408, 12544, 112, 1}: 0.00069744ms, 1%
main:@12 = multibroadcast[out_lens={1, 32, 112, 112},out_dyn_dims={}](main:@9) -> float_type, {1, 32, 112, 112}, {0, 1, 0, 0}: 0.00116586ms, 1%
main:@13 = gpu::code_object[code_object=13632,symbol_name=add_clip_kernel,global=200704,local=1024,](main:@8,main:@12,main:@11) -> float_type, {1, 32, 112, 112}, {401408, 12544, 112, 1}: 0.0209912ms, 2%
main:@14 = load[offset=0,end=1605632](main:@1) -> float_type, {1, 32, 112, 112}, {401408, 12544, 112, 1}: 0.00072742ms, 1%
main:@15 = load[offset=0,end=0](main:@1) -> int8_type, {0}, {1}: 0.00059012ms, 1%
main:@16 = gpu::convolution[op={padding={1, 1, 1, 1},stride={1, 1},dilation={1, 1},group=32,padding_mode=0},algo=1,int8_x4_format=0,solution_id=11](main:@13,main:@10,main:@15,main:@14) -> float_type, {1, 32, 112, 112}, {401408, 12544, 112, 1}: 0.0339784ms, 2%
main:@17 = hip::hip_copy_literal[id=main:@literal:6] -> float_type, {64, 32, 1, 1}, {32, 1, 1, 1}: 0.00084306ms, 1%
main:@18 = hip::hip_copy_literal[id=main:@literal:32] -> float_type, {32, 1, 1}, {1, 1, 1}: 0.00057642ms, 1%
main:@19 = load[offset=3211264,end=4816896](main:@1) -> float_type, {1, 32, 112, 112}, {401408, 12544, 112, 1}: 0.00068756ms, 1%
main:@20 = multibroadcast[out_lens={1, 32, 112, 112},out_dyn_dims={}](main:@18) -> float_type, {1, 32, 112, 112}, {0, 1, 0, 0}: 0.00097164ms, 1%
main:@21 = gpu::code_object[code_object=13632,symbol_name=add_clip_kernel,global=200704,local=1024,](main:@16,main:@20,main:@19) -> float_type, {1, 32, 112, 112}, {401408, 12544, 112, 1}: 0.0214248ms, 2%
main:@22 = load[offset=0,end=3211264](main:@1) -> float_type, {1, 64, 112, 112}, {802816, 12544, 112, 1}: 0.00073192ms, 1%
main:@23 = load[offset=0,end=0](main:@1) -> int8_type, {0}, {1}: 0.0005834ms, 1%
main:@24 = gpu::convolution[op={padding={0, 0, 0, 0},stride={1, 1},dilation={1, 1},group=1,padding_mode=0},algo=5,int8_x4_format=0,solution_id=64](main:@21,main:@17,main:@23,main:@22) -> float_type, {1, 64, 112, 112}, {802816, 12544, 112, 1}: 0.0341619ms, 2%
main:@25 = hip::hip_copy_literal[id=main:@literal:21] -> float_type, {64, 1, 3, 3}, {9, 9, 3, 1}: 0.00082092ms, 1%
main:@26 = hip::hip_copy_literal[id=main:@literal:38] -> float_type, {64, 1, 1}, {1, 1, 1}: 0.000539ms, 1%
main:@27 = load[offset=3268864,end=6480128](main:@1) -> float_type, {1, 64, 112, 112}, {802816, 12544, 112, 1}: 0.00067158ms, 1%
main:@28 = multibroadcast[out_lens={1, 64, 112, 112},out_dyn_dims={}](main:@26) -> float_type, {1, 64, 112, 112}, {0, 1, 0, 0}: 0.00092188ms, 1%
main:@29 = gpu::code_object[code_object=13632,symbol_name=add_clip_kernel,global=401408,local=1024,](main:@24,main:@28,main:@27) -> float_type, {1, 64, 112, 112}, {802816, 12544, 112, 1}: 0.0247131ms, 2%
main:@30 = load[offset=0,end=3268864](main:@1) -> float_type, {1, 64, 113, 113}, {817216, 12769, 113, 1}: 0.0007302ms, 1%
main:@31 = gpu::code_object[code_object=13624,symbol_name=pad_kernel,global=307200,local=1024,](main:@29,main:@30) -> float_type, {1, 64, 113, 113}, {817216, 12769, 113, 1}: 0.0237739ms, 2%
main:@32 = load[offset=0,end=0](main:@1) -> int8_type, {0}, {1}: 0.00075556ms, 1%
main:@33 = load[offset=3268864,end=4071680](main:@1) -> float_type, {1, 64, 56, 56}, {200704, 3136, 56, 1}: 0.00058254ms, 1%
main:@34 = gpu::convolution[op={padding={0, 0, 0, 0},stride={2, 2},dilation={1, 1},group=64,padding_mode=0},algo=1,int8_x4_format=0,solution_id=11](main:@31,main:@25,main:@32,main:@33) -> float_type, {1, 64, 56, 56}, {200704, 3136, 56, 1}: 0.0343007ms, 2%
main:@35 = hip::hip_copy_literal[id=main:@literal:12] -> float_type, {128, 64, 1, 1}, {64, 1, 1, 1}: 0.00077328ms, 1%
main:@36 = hip::hip_copy_literal[id=main:@literal:36] -> float_type, {64, 1, 1}, {1, 1, 1}: 0.0006244ms, 1%
main:@37 = load[offset=0,end=802816](main:@1) -> float_type, {1, 64, 56, 56}, {200704, 3136, 56, 1}: 0.00067032ms, 1%
main:@38 = multibroadcast[out_lens={1, 64, 56, 56},out_dyn_dims={}](main:@36) -> float_type, {1, 64, 56, 56}, {0, 1, 0, 0}: 0.00089986ms, 1%
main:@39 = gpu::code_object[code_object=13632,symbol_name=add_clip_kernel,global=100352,local=1024,](main:@34,main:@38,main:@37) -> float_type, {1, 64, 56, 56}, {200704, 3136, 56, 1}: 0.0198891ms, 2%
main:@40 = load[offset=3211264,end=4816896](main:@1) -> float_type, {1, 128, 56, 56}, {401408, 3136, 56, 1}: 0.00072222ms, 1%
main:@41 = load[offset=0,end=0](main:@1) -> int8_type, {0}, {1}: 0.0006093ms, 1%
main:@42 = gpu::convolution[op={padding={0, 0, 0, 0},stride={1, 1},dilation={1, 1},group=1,padding_mode=0},algo=5,int8_x4_format=0,solution_id=64](main:@39,main:@35,main:@41,main:@40) -> float_type, {1, 128, 56, 56}, {401408, 3136, 56, 1}: 0.0319487ms, 2%
main:@43 = hip::hip_copy_literal[id=main:@literal:39] -> float_type, {128, 1, 1}, {1, 1, 1}: 0.00087516ms, 1%
main:@44 = hip::hip_copy_literal[id=main:@literal:41] -> float_type, {128, 1, 3, 3}, {9, 9, 3, 1}: 0.00053474ms, 1%
main:@45 = load[offset=1605632,end=3211264](main:@1) -> float_type, {1, 128, 56, 56}, {401408, 3136, 56, 1}: 0.00067136ms, 1%
main:@46 = multibroadcast[out_lens={1, 128, 56, 56},out_dyn_dims={}](main:@43) -> float_type, {1, 128, 56, 56}, {0, 1, 0, 0}: 0.00092178ms, 1%
main:@47 = gpu::code_object[code_object=13632,symbol_name=add_clip_kernel,global=200704,local=1024,](main:@42,main:@46,main:@45) -> float_type, {1, 128, 56, 56}, {401408, 3136, 56, 1}: 0.0214575ms, 2%
main:@48 = load[offset=0,end=0](main:@1) -> int8_type, {0}, {1}: 0.0007314ms, 1%
main:@49 = load[offset=4014080,end=5619712](main:@1) -> float_type, {1, 128, 56, 56}, {401408, 3136, 56, 1}: 0.00059998ms, 1%
main:@50 = gpu::convolution[op={padding={1, 1, 1, 1},stride={1, 1},dilation={1, 1},group=128,padding_mode=0},algo=1,int8_x4_format=0,solution_id=11](main:@47,main:@44,main:@48,main:@49) -> float_type, {1, 128, 56, 56}, {401408, 3136, 56, 1}: 0.0336622ms, 2%
main:@51 = hip::hip_copy_literal[id=main:@literal:11] -> float_type, {128, 128, 1, 1}, {128, 1, 1, 1}: 0.00085708ms, 1%
main:@52 = hip::hip_copy_literal[id=main:@literal:30] -> float_type, {128, 1, 1}, {1, 1, 1}: 0.00056964ms, 1%
main:@53 = load[offset=1605632,end=3211264](main:@1) -> float_type, {1, 128, 56, 56}, {401408, 3136, 56, 1}: 0.00068102ms, 1%
main:@54 = multibroadcast[out_lens={1, 128, 56, 56},out_dyn_dims={}](main:@52) -> float_type, {1, 128, 56, 56}, {0, 1, 0, 0}: 0.00091774ms, 1%
main:@55 = gpu::code_object[code_object=13632,symbol_name=add_clip_kernel,global=200704,local=1024,](main:@50,main:@54,main:@53) -> float_type, {1, 128, 56, 56}, {401408, 3136, 56, 1}: 0.0215016ms, 2%
main:@56 = load[offset=0,end=0](main:@1) -> int8_type, {0}, {1}: 0.00074212ms, 1%
main:@57 = load[offset=0,end=1605632](main:@1) -> float_type, {1, 128, 56, 56}, {401408, 3136, 56, 1}: 0.00058538ms, 1%
main:@58 = gpu::convolution[op={padding={0, 0, 0, 0},stride={1, 1},dilation={1, 1},group=1,padding_mode=0},algo=5,int8_x4_format=0,solution_id=64](main:@55,main:@51,main:@56,main:@57) -> float_type, {1, 128, 56, 56}, {401408, 3136, 56, 1}: 0.0354216ms, 2%
main:@59 = hip::hip_copy_literal[id=main:@literal:28] -> float_type, {128, 1, 1}, {1, 1, 1}: 0.00079966ms, 1%
main:@60 = hip::hip_copy_literal[id=main:@literal:26] -> float_type, {128, 1, 3, 3}, {9, 9, 3, 1}: 0.00059204ms, 1%
main:@61 = load[offset=3269120,end=4874752](main:@1) -> float_type, {1, 128, 56, 56}, {401408, 3136, 56, 1}: 0.00067484ms, 1%
main:@62 = multibroadcast[out_lens={1, 128, 56, 56},out_dyn_dims={}](main:@59) -> float_type, {1, 128, 56, 56}, {0, 1, 0, 0}: 0.00091254ms, 1%
main:@63 = gpu::code_object[code_object=13632,symbol_name=add_clip_kernel,global=200704,local=1024,](main:@58,main:@62,main:@61) -> float_type, {1, 128, 56, 56}, {401408, 3136, 56, 1}: 0.0213824ms, 2%
main:@64 = load[offset=1605632,end=3269120](main:@1) -> float_type, {1, 128, 57, 57}, {415872, 3249, 57, 1}: 0.0007292ms, 1%
main:@65 = gpu::code_object[code_object=13624,symbol_name=pad_kernel,global=307200,local=1024,](main:@63,main:@64) -> float_type, {1, 128, 57, 57}, {415872, 3249, 57, 1}: 0.0206879ms, 2%
main:@66 = load[offset=802816,end=1204224](main:@1) -> float_type, {1, 128, 28, 28}, {100352, 784, 28, 1}: 0.00075016ms, 1%
main:@67 = load[offset=0,end=0](main:@1) -> int8_type, {0}, {1}: 0.00059608ms, 1%
main:@68 = gpu::convolution[op={padding={0, 0, 0, 0},stride={2, 2},dilation={1, 1},group=128,padding_mode=0},algo=1,int8_x4_format=0,solution_id=11](main:@65,main:@60,main:@67,main:@66) -> float_type, {1, 128, 28, 28}, {100352, 784, 28, 1}: 0.0310866ms, 2%
main:@69 = hip::hip_copy_literal[id=main:@literal:1] -> float_type, {256, 128, 1, 1}, {128, 1, 1, 1}: 0.00086118ms, 1%
main:@70 = hip::hip_copy_literal[id=main:@literal:25] -> float_type, {128, 1, 1}, {1, 1, 1}: 0.0005826ms, 1%
main:@71 = load[offset=401408,end=802816](main:@1) -> float_type, {1, 128, 28, 28}, {100352, 784, 28, 1}: 0.00066592ms, 1%
main:@72 = multibroadcast[out_lens={1, 128, 28, 28},out_dyn_dims={}](main:@70) -> float_type, {1, 128, 28, 28}, {0, 1, 0, 0}: 0.00090052ms, 1%
main:@73 = gpu::code_object[code_object=13632,symbol_name=add_clip_kernel,global=50176,local=1024,](main:@68,main:@72,main:@71) -> float_type, {1, 128, 28, 28}, {100352, 784, 28, 1}: 0.0194426ms, 2%
main:@74 = load[offset=1605632,end=2408448](main:@1) -> float_type, {1, 256, 28, 28}, {200704, 784, 28, 1}: 0.00073364ms, 1%
main:@75 = load[offset=0,end=0](main:@1) -> int8_type, {0}, {1}: 0.00058302ms, 1%
main:@76 = gpu::convolution[op={padding={0, 0, 0, 0},stride={1, 1},dilation={1, 1},group=1,padding_mode=0},algo=5,int8_x4_format=0,solution_id=81](main:@73,main:@69,main:@75,main:@74) -> float_type, {1, 256, 28, 28}, {200704, 784, 28, 1}: 0.0330085ms, 2%
main:@77 = hip::hip_copy_literal[id=main:@literal:20] -> float_type, {256, 1, 3, 3}, {9, 9, 3, 1}: 0.00081184ms, 1%
main:@78 = hip::hip_copy_literal[id=main:@literal:15] -> float_type, {256, 1, 1}, {1, 1, 1}: 0.0005792ms, 1%
main:@79 = load[offset=802816,end=1605632](main:@1) -> float_type, {1, 256, 28, 28}, {200704, 784, 28, 1}: 0.00067106ms, 1%
main:@80 = multibroadcast[out_lens={1, 256, 28, 28},out_dyn_dims={}](main:@78) -> float_type, {1, 256, 28, 28}, {0, 1, 0, 0}: 0.00089584ms, 1%
main:@81 = gpu::code_object[code_object=13632,symbol_name=add_clip_kernel,global=100352,local=1024,](main:@76,main:@80,main:@79) -> float_type, {1, 256, 28, 28}, {200704, 784, 28, 1}: 0.019888ms, 2%
main:@82 = load[offset=0,end=0](main:@1) -> int8_type, {0}, {1}: 0.00074778ms, 1%
main:@83 = load[offset=2007040,end=2809856](main:@1) -> float_type, {1, 256, 28, 28}, {200704, 784, 28, 1}: 0.00060062ms, 1%
main:@84 = gpu::convolution[op={padding={1, 1, 1, 1},stride={1, 1},dilation={1, 1},group=256,padding_mode=0},algo=1,int8_x4_format=0,solution_id=11](main:@81,main:@77,main:@82,main:@83) -> float_type, {1, 256, 28, 28}, {200704, 784, 28, 1}: 0.0314427ms, 2%
main:@85 = hip::hip_copy_literal[id=main:@literal:8] -> float_type, {256, 256, 1, 1}, {256, 1, 1, 1}: 0.00078468ms, 1%
main:@86 = hip::hip_copy_literal[id=main:@literal:37] -> float_type, {256, 1, 1}, {1, 1, 1}: 0.00057054ms, 1%
main:@87 = load[offset=802816,end=1605632](main:@1) -> float_type, {1, 256, 28, 28}, {200704, 784, 28, 1}: 0.0006703ms, 1%
main:@88 = multibroadcast[out_lens={1, 256, 28, 28},out_dyn_dims={}](main:@86) -> float_type, {1, 256, 28, 28}, {0, 1, 0, 0}: 0.00091542ms, 1%
main:@89 = gpu::code_object[code_object=13632,symbol_name=add_clip_kernel,global=100352,local=1024,](main:@84,main:@88,main:@87) -> float_type, {1, 256, 28, 28}, {200704, 784, 28, 1}: 0.019726ms, 2%
main:@90 = load[offset=0,end=802816](main:@1) -> float_type, {1, 256, 28, 28}, {200704, 784, 28, 1}: 0.00072118ms, 1%
main:@91 = load[offset=0,end=0](main:@1) -> int8_type, {0}, {1}: 0.00059346ms, 1%
main:@92 = gpu::convolution[op={padding={0, 0, 0, 0},stride={1, 1},dilation={1, 1},group=1,padding_mode=0},algo=5,int8_x4_format=0,solution_id=103](main:@89,main:@85,main:@91,main:@90) -> float_type, {1, 256, 28, 28}, {200704, 784, 28, 1}: 0.0362712ms, 2%
main:@93 = hip::hip_copy_literal[id=main:@literal:19] -> float_type, {256, 1, 3, 3}, {9, 9, 3, 1}: 0.00080888ms, 1%
main:@94 = hip::hip_copy_literal[id=main:@literal:24] -> float_type, {256, 1, 1}, {1, 1, 1}: 0.00053592ms, 1%
main:@95 = load[offset=1664000,end=2466816](main:@1) -> float_type, {1, 256, 28, 28}, {200704, 784, 28, 1}: 0.00067014ms, 1%
main:@96 = multibroadcast[out_lens={1, 256, 28, 28},out_dyn_dims={}](main:@94) -> float_type, {1, 256, 28, 28}, {0, 1, 0, 0}: 0.00090456ms, 1%
main:@97 = gpu::code_object[code_object=13632,symbol_name=add_clip_kernel,global=100352,local=1024,](main:@92,main:@96,main:@95) -> float_type, {1, 256, 28, 28}, {200704, 784, 28, 1}: 0.0197338ms, 2%
main:@98 = load[offset=802816,end=1664000](main:@1) -> float_type, {1, 256, 29, 29}, {215296, 841, 29, 1}: 0.00072798ms, 1%
main:@99 = gpu::code_object[code_object=13624,symbol_name=pad_kernel,global=215296,local=1024,](main:@97,main:@98) -> float_type, {1, 256, 29, 29}, {215296, 841, 29, 1}: 0.0183555ms, 2%
main:@100 = load[offset=0,end=0](main:@1) -> int8_type, {0}, {1}: 0.00078346ms, 1%
main:@101 = load[offset=0,end=200704](main:@1) -> float_type, {1, 256, 14, 14}, {50176, 196, 14, 1}: 0.00060572ms, 1%
main:@102 = gpu::convolution[op={padding={0, 0, 0, 0},stride={2, 2},dilation={1, 1},group=256,padding_mode=0},algo=1,int8_x4_format=0,solution_id=11](main:@99,main:@93,main:@100,main:@101) -> float_type, {1, 256, 14, 14}, {50176, 196, 14, 1}: 0.0314913ms, 2%
main:@103 = hip::hip_copy_literal[id=main:@literal:10] -> float_type, {512, 256, 1, 1}, {256, 1, 1, 1}: 0.00079276ms, 1%
main:@104 = hip::hip_copy_literal[id=main:@literal:18] -> float_type, {256, 1, 1}, {1, 1, 1}: 0.00060102ms, 1%
main:@105 = load[offset=401408,end=602112](main:@1) -> float_type, {1, 256, 14, 14}, {50176, 196, 14, 1}: 0.00067344ms, 1%
main:@106 = multibroadcast[out_lens={1, 256, 14, 14},out_dyn_dims={}](main:@104) -> float_type, {1, 256, 14, 14}, {0, 1, 0, 0}: 0.00092526ms, 1%
main:@107 = gpu::code_object[code_object=13632,symbol_name=add_clip_kernel,global=25088,local=1024,](main:@102,main:@106,main:@105) -> float_type, {1, 256, 14, 14}, {50176, 196, 14, 1}: 0.0188123ms, 2%
main:@108 = load[offset=0,end=0](main:@1) -> int8_type, {0}, {1}: 0.00073378ms, 1%
main:@109 = load[offset=0,end=401408](main:@1) -> float_type, {1, 512, 14, 14}, {100352, 196, 14, 1}: 0.00059338ms, 1%
main:@110 = gpu::convolution[op={padding={0, 0, 0, 0},stride={1, 1},dilation={1, 1},group=1,padding_mode=0},algo=5,int8_x4_format=0,solution_id=81](main:@107,main:@103,main:@108,main:@109) -> float_type, {1, 512, 14, 14}, {100352, 196, 14, 1}: 0.0352229ms, 2%
main:@111 = hip::hip_copy_literal[id=main:@literal:16] -> float_type, {512, 1, 1}, {1, 1, 1}: 0.00080362ms, 1%
main:@112 = hip::hip_copy_literal[id=main:@literal:22] -> float_type, {512, 1, 3, 3}, {9, 9, 3, 1}: 0.00056218ms, 1%
main:@113 = load[offset=602112,end=1003520](main:@1) -> float_type, {1, 512, 14, 14}, {100352, 196, 14, 1}: 0.0006598ms, 1%
main:@114 = multibroadcast[out_lens={1, 512, 14, 14},out_dyn_dims={}](main:@111) -> float_type, {1, 512, 14, 14}, {0, 1, 0, 0}: 0.00091112ms, 1%
main:@115 = gpu::code_object[code_object=13632,symbol_name=add_clip_kernel,global=50176,local=1024,](main:@110,main:@114,main:@113) -> float_type, {1, 512, 14, 14}, {100352, 196, 14, 1}: 0.0185118ms, 2%
main:@116 = load[offset=0,end=401408](main:@1) -> float_type, {1, 512, 14, 14}, {100352, 196, 14, 1}: 0.00072086ms, 1%
main:@117 = load[offset=0,end=0](main:@1) -> int8_type, {0}, {1}: 0.00057224ms, 1%
main:@118 = gpu::convolution[op={padding={1, 1, 1, 1},stride={1, 1},dilation={1, 1},group=512,padding_mode=0},algo=1,int8_x4_format=0,solution_id=11](main:@115,main:@112,main:@117,main:@116) -> float_type, {1, 512, 14, 14}, {100352, 196, 14, 1}: 0.0292489ms, 2%
main:@119 = hip::hip_copy_literal[id=main:@literal:7] -> float_type, {512, 512, 1, 1}, {512, 1, 1, 1}: 0.00077448ms, 1%
main:@120 = hip::hip_copy_literal[id=main:@literal:40] -> float_type, {512, 1, 1}, {1, 1, 1}: 0.00055284ms, 1%
main:@121 = load[offset=802816,end=1204224](main:@1) -> float_type, {1, 512, 14, 14}, {100352, 196, 14, 1}: 0.00067328ms, 1%
main:@122 = multibroadcast[out_lens={1, 512, 14, 14},out_dyn_dims={}](main:@120) -> float_type, {1, 512, 14, 14}, {0, 1, 0, 0}: 0.000924ms, 1%
main:@123 = gpu::code_object[code_object=13632,symbol_name=add_clip_kernel,global=50176,local=1024,](main:@118,main:@122,main:@121) -> float_type, {1, 512, 14, 14}, {100352, 196, 14, 1}: 0.018418ms, 2%
main:@124 = load[offset=401408,end=802816](main:@1) -> float_type, {1, 512, 14, 14}, {100352, 196, 14, 1}: 0.00071994ms, 1%
main:@125 = load[offset=0,end=0](main:@1) -> int8_type, {0}, {1}: 0.00058674ms, 1%
main:@126 = gpu::convolution[op={padding={0, 0, 0, 0},stride={1, 1},dilation={1, 1},group=1,padding_mode=0},algo=5,int8_x4_format=0,solution_id=81](main:@123,main:@119,main:@125,main:@124) -> float_type, {1, 512, 14, 14}, {100352, 196, 14, 1}: 0.0424924ms, 3%
main:@127 = hip::hip_copy_literal[id=main:@literal:42] -> float_type, {512, 1, 1}, {1, 1, 1}: 0.00082082ms, 1%
main:@128 = hip::hip_copy_literal[id=main:@literal:27] -> float_type, {512, 1, 3, 3}, {9, 9, 3, 1}: 0.00058504ms, 1%
main:@129 = load[offset=0,end=401408](main:@1) -> float_type, {1, 512, 14, 14}, {100352, 196, 14, 1}: 0.00068616ms, 1%
main:@130 = multibroadcast[out_lens={1, 512, 14, 14},out_dyn_dims={}](main:@127) -> float_type, {1, 512, 14, 14}, {0, 1, 0, 0}: 0.0009153ms, 1%
main:@131 = gpu::code_object[code_object=13632,symbol_name=add_clip_kernel,global=50176,local=1024,](main:@126,main:@130,main:@129) -> float_type, {1, 512, 14, 14}, {100352, 196, 14, 1}: 0.0191633ms, 2%
main:@132 = load[offset=802816,end=1204224](main:@1) -> float_type, {1, 512, 14, 14}, {100352, 196, 14, 1}: 0.00072598ms, 1%
main:@133 = load[offset=0,end=0](main:@1) -> int8_type, {0}, {1}: 0.00058646ms, 1%
main:@134 = gpu::convolution[op={padding={1, 1, 1, 1},stride={1, 1},dilation={1, 1},group=512,padding_mode=0},algo=1,int8_x4_format=0,solution_id=11](main:@131,main:@128,main:@133,main:@132) -> float_type, {1, 512, 14, 14}, {100352, 196, 14, 1}: 0.0268052ms, 2%
main:@135 = hip::hip_copy_literal[id=main:@literal:5] -> float_type, {512, 512, 1, 1}, {512, 1, 1, 1}: 0.00079128ms, 1%
main:@136 = hip::hip_copy_literal[id=main:@literal:44] -> float_type, {512, 1, 1}, {1, 1, 1}: 0.00055734ms, 1%
main:@137 = load[offset=401408,end=802816](main:@1) -> float_type, {1, 512, 14, 14}, {100352, 196, 14, 1}: 0.00066988ms, 1%
main:@138 = multibroadcast[out_lens={1, 512, 14, 14},out_dyn_dims={}](main:@136) -> float_type, {1, 512, 14, 14}, {0, 1, 0, 0}: 0.00091066ms, 1%
main:@139 = gpu::code_object[code_object=13632,symbol_name=add_clip_kernel,global=50176,local=1024,](main:@134,main:@138,main:@137) -> float_type, {1, 512, 14, 14}, {100352, 196, 14, 1}: 0.0192178ms, 2%
main:@140 = load[offset=0,end=401408](main:@1) -> float_type, {1, 512, 14, 14}, {100352, 196, 14, 1}: 0.0007316ms, 1%
main:@141 = load[offset=0,end=0](main:@1) -> int8_type, {0}, {1}: 0.00058254ms, 1%
main:@142 = gpu::convolution[op={padding={0, 0, 0, 0},stride={1, 1},dilation={1, 1},group=1,padding_mode=0},algo=5,int8_x4_format=0,solution_id=81](main:@139,main:@135,main:@141,main:@140) -> float_type, {1, 512, 14, 14}, {100352, 196, 14, 1}: 0.0400617ms, 3%
main:@143 = hip::hip_copy_literal[id=main:@literal:17] -> float_type, {512, 1, 1}, {1, 1, 1}: 0.0008458ms, 1%
main:@144 = hip::hip_copy_literal[id=main:@literal:45] -> float_type, {512, 1, 3, 3}, {9, 9, 3, 1}: 0.00058814ms, 1%
main:@145 = load[offset=802816,end=1204224](main:@1) -> float_type, {1, 512, 14, 14}, {100352, 196, 14, 1}: 0.00066692ms, 1%
main:@146 = multibroadcast[out_lens={1, 512, 14, 14},out_dyn_dims={}](main:@143) -> float_type, {1, 512, 14, 14}, {0, 1, 0, 0}: 0.00092974ms, 1%
main:@147 = gpu::code_object[code_object=13632,symbol_name=add_clip_kernel,global=50176,local=1024,](main:@142,main:@146,main:@145) -> float_type, {1, 512, 14, 14}, {100352, 196, 14, 1}: 0.0190988ms, 2%
main:@148 = load[offset=401408,end=802816](main:@1) -> float_type, {1, 512, 14, 14}, {100352, 196, 14, 1}: 0.0007393ms, 1%
main:@149 = load[offset=0,end=0](main:@1) -> int8_type, {0}, {1}: 0.00059026ms, 1%
main:@150 = gpu::convolution[op={padding={1, 1, 1, 1},stride={1, 1},dilation={1, 1},group=512,padding_mode=0},algo=1,int8_x4_format=0,solution_id=11](main:@147,main:@144,main:@149,main:@148) -> float_type, {1, 512, 14, 14}, {100352, 196, 14, 1}: 0.0265304ms, 2%
main:@151 = hip::hip_copy_literal[id=main:@literal:2] -> float_type, {512, 512, 1, 1}, {512, 1, 1, 1}: 0.00075958ms, 1%
main:@152 = hip::hip_copy_literal[id=main:@literal:47] -> float_type, {512, 1, 1}, {1, 1, 1}: 0.00053468ms, 1%
main:@153 = load[offset=0,end=401408](main:@1) -> float_type, {1, 512, 14, 14}, {100352, 196, 14, 1}: 0.0006745ms, 1%
main:@154 = multibroadcast[out_lens={1, 512, 14, 14},out_dyn_dims={}](main:@152) -> float_type, {1, 512, 14, 14}, {0, 1, 0, 0}: 0.00090884ms, 1%
main:@155 = gpu::code_object[code_object=13632,symbol_name=add_clip_kernel,global=50176,local=1024,](main:@150,main:@154,main:@153) -> float_type, {1, 512, 14, 14}, {100352, 196, 14, 1}: 0.0190742ms, 2%
main:@156 = load[offset=802816,end=1204224](main:@1) -> float_type, {1, 512, 14, 14}, {100352, 196, 14, 1}: 0.00073124ms, 1%
main:@157 = load[offset=0,end=0](main:@1) -> int8_type, {0}, {1}: 0.00059148ms, 1%
main:@158 = gpu::convolution[op={padding={0, 0, 0, 0},stride={1, 1},dilation={1, 1},group=1,padding_mode=0},algo=5,int8_x4_format=0,solution_id=81](main:@155,main:@151,main:@157,main:@156) -> float_type, {1, 512, 14, 14}, {100352, 196, 14, 1}: 0.040044ms, 3%
main:@159 = hip::hip_copy_literal[id=main:@literal:49] -> float_type, {512, 1, 1}, {1, 1, 1}: 0.00087226ms, 1%
main:@160 = hip::hip_copy_literal[id=main:@literal:48] -> float_type, {512, 1, 3, 3}, {9, 9, 3, 1}: 0.00053646ms, 1%
main:@161 = load[offset=401408,end=802816](main:@1) -> float_type, {1, 512, 14, 14}, {100352, 196, 14, 1}: 0.00066998ms, 1%
main:@162 = multibroadcast[out_lens={1, 512, 14, 14},out_dyn_dims={}](main:@159) -> float_type, {1, 512, 14, 14}, {0, 1, 0, 0}: 0.00091488ms, 1%
main:@163 = gpu::code_object[code_object=13632,symbol_name=add_clip_kernel,global=50176,local=1024,](main:@158,main:@162,main:@161) -> float_type, {1, 512, 14, 14}, {100352, 196, 14, 1}: 0.0185757ms, 2%
main:@164 = load[offset=0,end=401408](main:@1) -> float_type, {1, 512, 14, 14}, {100352, 196, 14, 1}: 0.00071946ms, 1%
main:@165 = load[offset=0,end=0](main:@1) -> int8_type, {0}, {1}: 0.00056188ms, 1%
main:@166 = gpu::convolution[op={padding={1, 1, 1, 1},stride={1, 1},dilation={1, 1},group=512,padding_mode=0},algo=1,int8_x4_format=0,solution_id=11](main:@163,main:@160,main:@165,main:@164) -> float_type, {1, 512, 14, 14}, {100352, 196, 14, 1}: 0.0258335ms, 2%
main:@167 = hip::hip_copy_literal[id=main:@literal:9] -> float_type, {512, 512, 1, 1}, {512, 1, 1, 1}: 0.00083454ms, 1%
main:@168 = hip::hip_copy_literal[id=main:@literal:50] -> float_type, {512, 1, 1}, {1, 1, 1}: 0.0005413ms, 1%
main:@169 = load[offset=802816,end=1204224](main:@1) -> float_type, {1, 512, 14, 14}, {100352, 196, 14, 1}: 0.00067982ms, 1%
main:@170 = multibroadcast[out_lens={1, 512, 14, 14},out_dyn_dims={}](main:@168) -> float_type, {1, 512, 14, 14}, {0, 1, 0, 0}: 0.00090774ms, 1%
main:@171 = gpu::code_object[code_object=13632,symbol_name=add_clip_kernel,global=50176,local=1024,](main:@166,main:@170,main:@169) -> float_type, {1, 512, 14, 14}, {100352, 196, 14, 1}: 0.0184736ms, 2%
main:@172 = load[offset=401408,end=802816](main:@1) -> float_type, {1, 512, 14, 14}, {100352, 196, 14, 1}: 0.0007174ms, 1%
main:@173 = load[offset=0,end=0](main:@1) -> int8_type, {0}, {1}: 0.000592ms, 1%
main:@174 = gpu::convolution[op={padding={0, 0, 0, 0},stride={1, 1},dilation={1, 1},group=1,padding_mode=0},algo=5,int8_x4_format=0,solution_id=81](main:@171,main:@167,main:@173,main:@172) -> float_type, {1, 512, 14, 14}, {100352, 196, 14, 1}: 0.0396185ms, 3%
main:@175 = hip::hip_copy_literal[id=main:@literal:55] -> float_type, {1001}, {1}: 0.00083852ms, 1%
main:@176 = hip::hip_copy_literal[id=main:@literal:52] -> float_type, {512, 1, 3, 3}, {9, 9, 3, 1}: 0.00055244ms, 1%
main:@177 = hip::hip_copy_literal[id=main:@literal:46] -> float_type, {1024, 1, 3, 3}, {9, 9, 3, 1}: 0.0007445ms, 1%
main:@178 = hip::hip_copy_literal[id=main:@literal:31] -> float_type, {512, 1, 1}, {1, 1, 1}: 0.00052854ms, 1%
main:@179 = hip::hip_copy_literal[id=main:@literal:51] -> float_type, {512, 1, 1}, {1, 1, 1}: 0.00069772ms, 1%
main:@180 = hip::hip_copy_literal[id=main:@literal:4] -> float_type, {512, 512, 1, 1}, {512, 1, 1, 1}: 0.00068388ms, 1%
main:@181 = hip::hip_copy_literal[id=main:@literal:3] -> float_type, {1024, 1024, 1, 1}, {1024, 1, 1, 1}: 0.00065038ms, 1%
main:@182 = hip::hip_copy_literal[id=main:@literal:23] -> float_type, {512, 1, 1}, {1, 1, 1}: 0.00088424ms, 1%
main:@183 = hip::hip_copy_literal[id=main:@literal:54] -> float_type, {1024, 1, 1}, {1, 1, 1}: 0.00074298ms, 1%
main:@184 = hip::hip_copy_literal[id=main:@literal:14] -> float_type, {1001, 1024, 1, 1}, {1024, 1, 1, 1}: 0.00069842ms, 1%
main:@185 = hip::hip_copy_literal[id=main:@literal:0] -> float_type, {1024, 512, 1, 1}, {512, 1, 1, 1}: 0.0005489ms, 1%
main:@186 = hip::hip_copy_literal[id=main:@literal:43] -> float_type, {512, 1, 1}, {1, 1, 1}: 0.00058538ms, 1%
main:@187 = hip::hip_copy_literal[id=main:@literal:34] -> float_type, {1024, 1, 1}, {1, 1, 1}: 0.00059416ms, 1%
main:@188 = hip::hip_copy_literal[id=main:@literal:33] -> float_type, {1024, 1, 1}, {1, 1, 1}: 0.00054362ms, 1%
main:@189 = hip::hip_copy_literal[id=main:@literal:53] -> float_type, {512, 1, 3, 3}, {9, 9, 3, 1}: 0.00057704ms, 1%
main:@190 = load[offset=0,end=401408](main:@1) -> float_type, {1, 512, 14, 14}, {100352, 196, 14, 1}: 0.00067082ms, 1%
main:@191 = multibroadcast[out_lens={1, 512, 14, 14},out_dyn_dims={}](main:@179) -> float_type, {1, 512, 14, 14}, {0, 1, 0, 0}: 0.00100932ms, 1%
main:@192 = gpu::code_object[code_object=13632,symbol_name=add_clip_kernel,global=50176,local=1024,](main:@174,main:@191,main:@190) -> float_type, {1, 512, 14, 14}, {100352, 196, 14, 1}: 0.0205589ms, 2%
main:@193 = load[offset=0,end=0](main:@1) -> int8_type, {0}, {1}: 0.00074146ms, 1%
main:@194 = load[offset=802816,end=1204224](main:@1) -> float_type, {1, 512, 14, 14}, {100352, 196, 14, 1}: 0.00057882ms, 1%
main:@195 = gpu::convolution[op={padding={1, 1, 1, 1},stride={1, 1},dilation={1, 1},group=512,padding_mode=0},algo=1,int8_x4_format=0,solution_id=11](main:@192,main:@176,main:@193,main:@194) -> float_type, {1, 512, 14, 14}, {100352, 196, 14, 1}: 0.0270311ms, 2%
main:@196 = load[offset=401408,end=802816](main:@1) -> float_type, {1, 512, 14, 14}, {100352, 196, 14, 1}: 0.00080316ms, 1%
main:@197 = multibroadcast[out_lens={1, 512, 14, 14},out_dyn_dims={}](main:@178) -> float_type, {1, 512, 14, 14}, {0, 1, 0, 0}: 0.00093486ms, 1%
main:@198 = gpu::code_object[code_object=13632,symbol_name=add_clip_kernel,global=50176,local=1024,](main:@195,main:@197,main:@196) -> float_type, {1, 512, 14, 14}, {100352, 196, 14, 1}: 0.0189173ms, 2%
main:@199 = load[offset=0,end=401408](main:@1) -> float_type, {1, 512, 14, 14}, {100352, 196, 14, 1}: 0.00073328ms, 1%
main:@200 = load[offset=0,end=0](main:@1) -> int8_type, {0}, {1}: 0.0005745ms, 1%
main:@201 = gpu::convolution[op={padding={0, 0, 0, 0},stride={1, 1},dilation={1, 1},group=1,padding_mode=0},algo=5,int8_x4_format=0,solution_id=81](main:@198,main:@180,main:@200,main:@199) -> float_type, {1, 512, 14, 14}, {100352, 196, 14, 1}: 0.039844ms, 3%
main:@202 = load[offset=862208,end=1263616](main:@1) -> float_type, {1, 512, 14, 14}, {100352, 196, 14, 1}: 0.00080308ms, 1%
main:@203 = multibroadcast[out_lens={1, 512, 14, 14},out_dyn_dims={}](main:@182) -> float_type, {1, 512, 14, 14}, {0, 1, 0, 0}: 0.00093318ms, 1%
main:@204 = gpu::code_object[code_object=13632,symbol_name=add_clip_kernel,global=50176,local=1024,](main:@201,main:@203,main:@202) -> float_type, {1, 512, 14, 14}, {100352, 196, 14, 1}: 0.0187437ms, 2%
main:@205 = load[offset=401408,end=862208](main:@1) -> float_type, {1, 512, 15, 15}, {115200, 225, 15, 1}: 0.0007402ms, 1%
main:@206 = gpu::code_object[code_object=13624,symbol_name=pad_kernel,global=115200,local=1024,](main:@204,main:@205) -> float_type, {1, 512, 15, 15}, {115200, 225, 15, 1}: 0.0172976ms, 1%
main:@207 = load[offset=0,end=0](main:@1) -> int8_type, {0}, {1}: 0.00075248ms, 1%
main:@208 = load[offset=0,end=100352](main:@1) -> float_type, {1, 512, 7, 7}, {25088, 49, 7, 1}: 0.0005873ms, 1%
main:@209 = gpu::convolution[op={padding={0, 0, 0, 0},stride={2, 2},dilation={1, 1},group=512,padding_mode=0},algo=5,int8_x4_format=0,solution_id=81](main:@206,main:@189,main:@207,main:@208) -> float_type, {1, 512, 7, 7}, {25088, 49, 7, 1}: 0.0298687ms, 2%
main:@210 = load[offset=200704,end=301056](main:@1) -> float_type, {1, 512, 7, 7}, {25088, 49, 7, 1}: 0.00078852ms, 1%
main:@211 = multibroadcast[out_lens={1, 512, 7, 7},out_dyn_dims={}](main:@186) -> float_type, {1, 512, 7, 7}, {0, 1, 0, 0}: 0.00093328ms, 1%
main:@212 = gpu::code_object[code_object=13632,symbol_name=add_clip_kernel,global=25088,local=1024,](main:@209,main:@211,main:@210) -> float_type, {1, 512, 7, 7}, {25088, 49, 7, 1}: 0.0180714ms, 1%
main:@213 = load[offset=0,end=0](main:@1) -> int8_type, {0}, {1}: 0.00074434ms, 1%
main:@214 = load[offset=0,end=200704](main:@1) -> float_type, {1, 1024, 7, 7}, {50176, 49, 7, 1}: 0.0005818ms, 1%
main:@215 = gpu::convolution[op={padding={0, 0, 0, 0},stride={1, 1},dilation={1, 1},group=1,padding_mode=0},algo=5,int8_x4_format=0,solution_id=81](main:@212,main:@185,main:@213,main:@214) -> float_type, {1, 1024, 7, 7}, {50176, 49, 7, 1}: 0.044656ms, 3%
main:@216 = load[offset=301056,end=501760](main:@1) -> float_type, {1, 1024, 7, 7}, {50176, 49, 7, 1}: 0.00079054ms, 1%
main:@217 = multibroadcast[out_lens={1, 1024, 7, 7},out_dyn_dims={}](main:@187) -> float_type, {1, 1024, 7, 7}, {0, 1, 0, 0}: 0.00089716ms, 1%
main:@218 = gpu::code_object[code_object=13632,symbol_name=add_clip_kernel,global=50176,local=1024,](main:@215,main:@217,main:@216) -> float_type, {1, 1024, 7, 7}, {50176, 49, 7, 1}: 0.0184968ms, 2%
main:@219 = load[offset=0,end=200704](main:@1) -> float_type, {1, 1024, 7, 7}, {50176, 49, 7, 1}: 0.00072846ms, 1%
main:@220 = load[offset=0,end=0](main:@1) -> int8_type, {0}, {1}: 0.00058192ms, 1%
main:@221 = gpu::convolution[op={padding={1, 1, 1, 1},stride={1, 1},dilation={1, 1},group=1024,padding_mode=0},algo=1,int8_x4_format=0,solution_id=11](main:@218,main:@177,main:@220,main:@219) -> float_type, {1, 1024, 7, 7}, {50176, 49, 7, 1}: 0.0289254ms, 2%
main:@222 = load[offset=405504,end=606208](main:@1) -> float_type, {1, 1024, 7, 7}, {50176, 49, 7, 1}: 0.0007883ms, 1%
main:@223 = multibroadcast[out_lens={1, 1024, 7, 7},out_dyn_dims={}](main:@183) -> float_type, {1, 1024, 7, 7}, {0, 1, 0, 0}: 0.0008842ms, 1%
main:@224 = gpu::code_object[code_object=13632,symbol_name=add_clip_kernel,global=50176,local=1024,](main:@221,main:@223,main:@222) -> float_type, {1, 1024, 7, 7}, {50176, 49, 7, 1}: 0.0188854ms, 2%
main:@225 = load[offset=204800,end=405504](main:@1) -> float_type, {1, 1024, 7, 7}, {50176, 49, 7, 1}: 0.00074604ms, 1%
main:@226 = load[offset=0,end=0](main:@1) -> int8_type, {0}, {1}: 0.00057636ms, 1%
main:@227 = gpu::convolution[op={padding={0, 0, 0, 0},stride={1, 1},dilation={1, 1},group=1,padding_mode=0},algo=1,int8_x4_format=0,solution_id=2](main:@224,main:@181,main:@226,main:@225) -> float_type, {1, 1024, 7, 7}, {50176, 49, 7, 1}: 0.0590434ms, 4%
main:@228 = load[offset=4096,end=204800](main:@1) -> float_type, {1, 1024, 7, 7}, {50176, 49, 7, 1}: 0.00079426ms, 1%
main:@229 = multibroadcast[out_lens={1, 1024, 7, 7},out_dyn_dims={}](main:@188) -> float_type, {1, 1024, 7, 7}, {0, 1, 0, 0}: 0.00088772ms, 1%
main:@230 = gpu::code_object[code_object=13632,symbol_name=add_clip_kernel,global=50176,local=1024,](main:@227,main:@229,main:@228) -> float_type, {1, 1024, 7, 7}, {50176, 49, 7, 1}: 0.0185618ms, 2%
main:@231 = load[offset=204800,end=208896](main:@1) -> float_type, {1, 1024, 1, 1}, {1024, 1, 1, 1}: 0.00073982ms, 1%
main:@232 = gpu::pooling[mode=average,padding={0, 0, 0, 0},stride={2, 2},lengths={7, 7},ceil_mode=0,lp_order=2,dyn_global=0](main:@230,main:@231) -> float_type, {1, 1024, 1, 1}, {1024, 1, 1, 1}: 0.0401542ms, 3%
main:@233 = load[offset=4016,end=8020](main:@1) -> float_type, {1, 1001, 1, 1}, {1001, 1, 1, 1}: 0.00078956ms, 1%
main:@234 = load[offset=0,end=0](main:@1) -> int8_type, {0}, {1}: 0.00056876ms, 1%
main:@235 = gpu::convolution[op={padding={0, 0, 0, 0},stride={1, 1},dilation={1, 1},group=1,padding_mode=0},algo=5,int8_x4_format=0,solution_id=107](main:@232,main:@184,main:@234,main:@233) -> float_type, {1, 1001, 1, 1}, {1001, 1, 1, 1}: 0.0436859ms, 3%
main:@236 = load[offset=8032,end=12036](main:@1) -> float_type, {1, 1001, 1, 1}, {1001, 1, 1, 1}: 0.00082924ms, 1%
main:@237 = broadcast[axis=1,out_lens={1, 1001, 1, 1}](main:@175) -> float_type, {1, 1001, 1, 1}, {0, 1, 0, 0}: 0.00133664ms, 1%
main:@238 = gpu::code_object[code_object=13624,symbol_name=add_kernel,global=1001,local=1024,](main:@235,main:@237,main:@236) -> float_type, {1, 1001, 1, 1}, {1001, 1, 1, 1}: 0.0178496ms, 1%
main:#output_0 = @param:main:#output_0 -> float_type, {1, 1001}, {1001, 1}: 0.00089512ms, 1%
main:@240 = transpose[permutation={0, 2, 3, 1}](main:@238) -> float_type, {1, 1, 1, 1001}, {1001, 1, 1, 1}: 0.00117448ms, 1%
main:@241 = squeeze[axes={1, 2}](main:@240) -> float_type, {1, 1001}, {1001, 1}: 0.00111956ms, 1%
main:@242 = gpu::code_object[code_object=13632,symbol_name=softmax_kernel,global=256,local=256,](main:@241,main:#output_0) -> float_type, {1, 1001}, {1001, 1}: 0.019647ms, 2%
main:@243 = @return(main:@242)
Summary:
gpu::convolution: 0.978939ms / 28 = 0.0349621ms, 54%
gpu::code_object::add_clip_kernel: 0.531731ms / 27 = 0.0196937ms, 30%
gpu::code_object::pad_kernel: 0.0997968ms / 5 = 0.0199594ms, 6%
load: 0.0612299ms / 90 = 0.000680332ms, 4%
gpu::pooling: 0.0401542ms / 1 = 0.0401542ms, 3%
hip::hip_copy_literal: 0.0384741ms / 56 = 0.000687038ms, 3%
multibroadcast: 0.0250549ms / 27 = 0.000927959ms, 2%
gpu::code_object::softmax_kernel: 0.019647ms / 1 = 0.019647ms, 2%
gpu::code_object::add_kernel: 0.0178496ms / 1 = 0.0178496ms, 1%
broadcast: 0.00133664ms / 1 = 0.00133664ms, 1%
@param: 0.00133588ms / 2 = 0.00066794ms, 1%
transpose: 0.00117448ms / 1 = 0.00117448ms, 1%
squeeze: 0.00111956ms / 1 = 0.00111956ms, 1%
check_context::migraphx::version_1::gpu::context: 0.00103154ms / 1 = 0.00103154ms, 1%
hip::hip_allocate_memory: 0.00094672ms / 1 = 0.00094672ms, 1%

Batch size: 1
Rate: 1539.18/sec
Total time: 0.649696ms
Total instructions time: 1.81982ms
Overhead time: 0.0523139ms, -1.17013ms
Overhead: 8%, -180%
