Compiling ... 
Reading: /saved-models/slim/vgg16_i1.pb
module: "main"
main:@0 = check_context::migraphx::version_1::gpu::context -> float_type, {}, {}
main:@1 = hip::hip_allocate_memory[shape=float_type, {6422528}, {1},id=main:scratch] -> float_type, {6422528}, {1}
main:@2 = hip::hip_copy_literal[id=main:@literal:7] -> float_type, {64, 3, 3, 3}, {27, 9, 3, 1}
main:@3 = hip::hip_copy_literal[id=main:@literal:13] -> float_type, {64, 64, 3, 3}, {576, 9, 3, 1}
main:@4 = hip::hip_copy_literal[id=main:@literal:30] -> float_type, {64}, {1}
main:@5 = hip::hip_copy_literal[id=main:@literal:31] -> float_type, {64}, {1}
main:@6 = load[offset=0,end=12845056](main:@1) -> float_type, {1, 64, 224, 224}, {3211264, 50176, 224, 1}
main:@7 = broadcast[axis=1,out_lens={1, 64, 224, 224}](main:@5) -> float_type, {1, 64, 224, 224}, {0, 1, 0, 0}
input = @param:input -> float_type, {1, 3, 224, 224}, {150528, 50176, 224, 1}
main:@9 = gpu::miopen_fusion[ops={{op=convolution[padding={1, 1, 1, 1},stride={1, 1},dilation={1, 1},group=1,padding_mode=1,use_dynamic_same_auto_pad=0],alpha=1,beta=0}, {op=add,alpha=1,beta=0}, {op=relu,alpha=1,beta=0}}](input,main:@2,main:@7,main:@6) -> float_type, {1, 64, 224, 224}, {3211264, 50176, 224, 1}
main:@10 = load[offset=12845056,end=25690112](main:@1) -> float_type, {1, 64, 224, 224}, {3211264, 50176, 224, 1}
main:@11 = broadcast[axis=1,out_lens={1, 64, 224, 224}](main:@4) -> float_type, {1, 64, 224, 224}, {0, 1, 0, 0}
main:@12 = gpu::miopen_fusion[ops={{op=convolution[padding={1, 1, 1, 1},stride={1, 1},dilation={1, 1},group=1,padding_mode=1,use_dynamic_same_auto_pad=0],alpha=1,beta=0}, {op=add,alpha=1,beta=0}, {op=relu,alpha=1,beta=0}}](main:@9,main:@3,main:@11,main:@10) -> float_type, {1, 64, 224, 224}, {3211264, 50176, 224, 1}
main:@13 = load[offset=0,end=3211264](main:@1) -> float_type, {1, 64, 112, 112}, {802816, 12544, 112, 1}
main:@14 = gpu::pooling[mode=max,padding={0, 0, 0, 0},stride={2, 2},lengths={2, 2},ceil_mode=0,lp_order=2](main:@12,main:@13) -> float_type, {1, 64, 112, 112}, {802816, 12544, 112, 1}
main:@15 = hip::hip_copy_literal[id=main:@literal:12] -> float_type, {128, 64, 3, 3}, {576, 9, 3, 1}
main:@16 = hip::hip_copy_literal[id=main:@literal:11] -> float_type, {128, 128, 3, 3}, {1152, 9, 3, 1}
main:@17 = hip::hip_copy_literal[id=main:@literal:28] -> float_type, {128}, {1}
main:@18 = hip::hip_copy_literal[id=main:@literal:29] -> float_type, {128}, {1}
main:@19 = load[offset=3211264,end=9633792](main:@1) -> float_type, {1, 128, 112, 112}, {1605632, 12544, 112, 1}
main:@20 = broadcast[axis=1,out_lens={1, 128, 112, 112}](main:@18) -> float_type, {1, 128, 112, 112}, {0, 1, 0, 0}
main:@21 = gpu::miopen_fusion[ops={{op=convolution[padding={1, 1, 1, 1},stride={1, 1},dilation={1, 1},group=1,padding_mode=1,use_dynamic_same_auto_pad=0],alpha=1,beta=0}, {op=add,alpha=1,beta=0}, {op=relu,alpha=1,beta=0}}](main:@14,main:@15,main:@20,main:@19) -> float_type, {1, 128, 112, 112}, {1605632, 12544, 112, 1}
main:@22 = load[offset=9633792,end=16056320](main:@1) -> float_type, {1, 128, 112, 112}, {1605632, 12544, 112, 1}
main:@23 = broadcast[axis=1,out_lens={1, 128, 112, 112}](main:@17) -> float_type, {1, 128, 112, 112}, {0, 1, 0, 0}
main:@24 = gpu::miopen_fusion[ops={{op=convolution[padding={1, 1, 1, 1},stride={1, 1},dilation={1, 1},group=1,padding_mode=1,use_dynamic_same_auto_pad=0],alpha=1,beta=0}, {op=add,alpha=1,beta=0}, {op=relu,alpha=1,beta=0}}](main:@21,main:@16,main:@23,main:@22) -> float_type, {1, 128, 112, 112}, {1605632, 12544, 112, 1}
main:@25 = load[offset=0,end=1605632](main:@1) -> float_type, {1, 128, 56, 56}, {401408, 3136, 56, 1}
main:@26 = gpu::pooling[mode=max,padding={0, 0, 0, 0},stride={2, 2},lengths={2, 2},ceil_mode=0,lp_order=2](main:@24,main:@25) -> float_type, {1, 128, 56, 56}, {401408, 3136, 56, 1}
main:@27 = hip::hip_copy_literal[id=main:@literal:5] -> float_type, {256, 256, 3, 3}, {2304, 9, 3, 1}
main:@28 = hip::hip_copy_literal[id=main:@literal:6] -> float_type, {256, 128, 3, 3}, {1152, 9, 3, 1}
main:@29 = hip::hip_copy_literal[id=main:@literal:4] -> float_type, {256, 256, 3, 3}, {2304, 9, 3, 1}
main:@30 = hip::hip_copy_literal[id=main:@literal:25] -> float_type, {256}, {1}
main:@31 = hip::hip_copy_literal[id=main:@literal:26] -> float_type, {256}, {1}
main:@32 = hip::hip_copy_literal[id=main:@literal:27] -> float_type, {256}, {1}
main:@33 = load[offset=3211264,end=6422528](main:@1) -> float_type, {1, 256, 56, 56}, {802816, 3136, 56, 1}
main:@34 = broadcast[axis=1,out_lens={1, 256, 56, 56}](main:@32) -> float_type, {1, 256, 56, 56}, {0, 1, 0, 0}
main:@35 = gpu::miopen_fusion[ops={{op=convolution[padding={1, 1, 1, 1},stride={1, 1},dilation={1, 1},group=1,padding_mode=1,use_dynamic_same_auto_pad=0],alpha=1,beta=0}, {op=add,alpha=1,beta=0}, {op=relu,alpha=1,beta=0}}](main:@26,main:@28,main:@34,main:@33) -> float_type, {1, 256, 56, 56}, {802816, 3136, 56, 1}
main:@36 = load[offset=0,end=3211264](main:@1) -> float_type, {1, 256, 56, 56}, {802816, 3136, 56, 1}
main:@37 = broadcast[axis=1,out_lens={1, 256, 56, 56}](main:@31) -> float_type, {1, 256, 56, 56}, {0, 1, 0, 0}
main:@38 = gpu::miopen_fusion[ops={{op=convolution[padding={1, 1, 1, 1},stride={1, 1},dilation={1, 1},group=1,padding_mode=1,use_dynamic_same_auto_pad=0],alpha=1,beta=0}, {op=add,alpha=1,beta=0}, {op=relu,alpha=1,beta=0}}](main:@35,main:@27,main:@37,main:@36) -> float_type, {1, 256, 56, 56}, {802816, 3136, 56, 1}
main:@39 = load[offset=3211264,end=6422528](main:@1) -> float_type, {1, 256, 56, 56}, {802816, 3136, 56, 1}
main:@40 = broadcast[axis=1,out_lens={1, 256, 56, 56}](main:@30) -> float_type, {1, 256, 56, 56}, {0, 1, 0, 0}
main:@41 = gpu::miopen_fusion[ops={{op=convolution[padding={1, 1, 1, 1},stride={1, 1},dilation={1, 1},group=1,padding_mode=1,use_dynamic_same_auto_pad=0],alpha=1,beta=0}, {op=add,alpha=1,beta=0}, {op=relu,alpha=1,beta=0}}](main:@38,main:@29,main:@40,main:@39) -> float_type, {1, 256, 56, 56}, {802816, 3136, 56, 1}
main:@42 = load[offset=0,end=802816](main:@1) -> float_type, {1, 256, 28, 28}, {200704, 784, 28, 1}
main:@43 = gpu::pooling[mode=max,padding={0, 0, 0, 0},stride={2, 2},lengths={2, 2},ceil_mode=0,lp_order=2](main:@41,main:@42) -> float_type, {1, 256, 28, 28}, {200704, 784, 28, 1}
main:@44 = hip::hip_copy_literal[id=main:@literal:0] -> float_type, {512, 512, 3, 3}, {4608, 9, 3, 1}
main:@45 = hip::hip_copy_literal[id=main:@literal:16] -> float_type, {1000}, {1}
main:@46 = hip::hip_copy_literal[id=main:@literal:17] -> float_type, {4096}, {1}
main:@47 = hip::hip_copy_literal[id=main:@literal:18] -> float_type, {4096}, {1}
main:@48 = hip::hip_copy_literal[id=main:@literal:3] -> float_type, {512, 256, 3, 3}, {2304, 9, 3, 1}
main:@49 = hip::hip_copy_literal[id=main:@literal:19] -> float_type, {512}, {1}
main:@50 = hip::hip_copy_literal[id=main:@literal:1] -> float_type, {512, 512, 3, 3}, {4608, 9, 3, 1}
main:@51 = hip::hip_copy_literal[id=main:@literal:2] -> float_type, {512, 512, 3, 3}, {4608, 9, 3, 1}
main:@52 = hip::hip_copy_literal[id=main:@literal:20] -> float_type, {512}, {1}
main:@53 = hip::hip_copy_literal[id=main:@literal:21] -> float_type, {512}, {1}
main:@54 = hip::hip_copy_literal[id=main:@literal:15] -> float_type, {1000, 4096, 1, 1}, {4096, 1, 1, 1}
main:@55 = hip::hip_copy_literal[id=main:@literal:8] -> float_type, {512, 512, 3, 3}, {4608, 9, 3, 1}
main:@56 = hip::hip_copy_literal[id=main:@literal:22] -> float_type, {512}, {1}
main:@57 = hip::hip_copy_literal[id=main:@literal:14] -> float_type, {4096, 512, 7, 7}, {25088, 49, 7, 1}
main:@58 = hip::hip_copy_literal[id=main:@literal:10] -> float_type, {4096, 4096, 1, 1}, {4096, 1, 1, 1}
main:@59 = hip::hip_copy_literal[id=main:@literal:23] -> float_type, {512}, {1}
main:@60 = hip::hip_copy_literal[id=main:@literal:24] -> float_type, {512}, {1}
main:@61 = hip::hip_copy_literal[id=main:@literal:9] -> float_type, {512, 512, 3, 3}, {4608, 9, 3, 1}
main:@62 = load[offset=1605632,end=3211264](main:@1) -> float_type, {1, 512, 28, 28}, {401408, 784, 28, 1}
main:@63 = broadcast[axis=1,out_lens={1, 512, 28, 28}](main:@60) -> float_type, {1, 512, 28, 28}, {0, 1, 0, 0}
main:@64 = gpu::miopen_fusion[ops={{op=convolution[padding={1, 1, 1, 1},stride={1, 1},dilation={1, 1},group=1,padding_mode=1,use_dynamic_same_auto_pad=0],alpha=1,beta=0}, {op=add,alpha=1,beta=0}, {op=relu,alpha=1,beta=0}}](main:@43,main:@48,main:@63,main:@62) -> float_type, {1, 512, 28, 28}, {401408, 784, 28, 1}
main:@65 = load[offset=0,end=1605632](main:@1) -> float_type, {1, 512, 28, 28}, {401408, 784, 28, 1}
main:@66 = broadcast[axis=1,out_lens={1, 512, 28, 28}](main:@59) -> float_type, {1, 512, 28, 28}, {0, 1, 0, 0}
main:@67 = gpu::miopen_fusion[ops={{op=convolution[padding={1, 1, 1, 1},stride={1, 1},dilation={1, 1},group=1,padding_mode=1,use_dynamic_same_auto_pad=0],alpha=1,beta=0}, {op=add,alpha=1,beta=0}, {op=relu,alpha=1,beta=0}}](main:@64,main:@50,main:@66,main:@65) -> float_type, {1, 512, 28, 28}, {401408, 784, 28, 1}
main:@68 = load[offset=1605632,end=3211264](main:@1) -> float_type, {1, 512, 28, 28}, {401408, 784, 28, 1}
main:@69 = broadcast[axis=1,out_lens={1, 512, 28, 28}](main:@56) -> float_type, {1, 512, 28, 28}, {0, 1, 0, 0}
main:@70 = gpu::miopen_fusion[ops={{op=convolution[padding={1, 1, 1, 1},stride={1, 1},dilation={1, 1},group=1,padding_mode=1,use_dynamic_same_auto_pad=0],alpha=1,beta=0}, {op=add,alpha=1,beta=0}, {op=relu,alpha=1,beta=0}}](main:@67,main:@44,main:@69,main:@68) -> float_type, {1, 512, 28, 28}, {401408, 784, 28, 1}
main:@71 = load[offset=0,end=401408](main:@1) -> float_type, {1, 512, 14, 14}, {100352, 196, 14, 1}
main:@72 = gpu::pooling[mode=max,padding={0, 0, 0, 0},stride={2, 2},lengths={2, 2},ceil_mode=0,lp_order=2](main:@70,main:@71) -> float_type, {1, 512, 14, 14}, {100352, 196, 14, 1}
main:@73 = load[offset=401408,end=802816](main:@1) -> float_type, {1, 512, 14, 14}, {100352, 196, 14, 1}
main:@74 = broadcast[axis=1,out_lens={1, 512, 14, 14}](main:@53) -> float_type, {1, 512, 14, 14}, {0, 1, 0, 0}
main:@75 = gpu::miopen_fusion[ops={{op=convolution[padding={1, 1, 1, 1},stride={1, 1},dilation={1, 1},group=1,padding_mode=1,use_dynamic_same_auto_pad=0],alpha=1,beta=0}, {op=add,alpha=1,beta=0}, {op=relu,alpha=1,beta=0}}](main:@72,main:@61,main:@74,main:@73) -> float_type, {1, 512, 14, 14}, {100352, 196, 14, 1}
main:@76 = load[offset=0,end=401408](main:@1) -> float_type, {1, 512, 14, 14}, {100352, 196, 14, 1}
main:@77 = broadcast[axis=1,out_lens={1, 512, 14, 14}](main:@52) -> float_type, {1, 512, 14, 14}, {0, 1, 0, 0}
main:@78 = gpu::miopen_fusion[ops={{op=convolution[padding={1, 1, 1, 1},stride={1, 1},dilation={1, 1},group=1,padding_mode=1,use_dynamic_same_auto_pad=0],alpha=1,beta=0}, {op=add,alpha=1,beta=0}, {op=relu,alpha=1,beta=0}}](main:@75,main:@55,main:@77,main:@76) -> float_type, {1, 512, 14, 14}, {100352, 196, 14, 1}
main:@79 = load[offset=401408,end=802816](main:@1) -> float_type, {1, 512, 14, 14}, {100352, 196, 14, 1}
main:@80 = broadcast[axis=1,out_lens={1, 512, 14, 14}](main:@49) -> float_type, {1, 512, 14, 14}, {0, 1, 0, 0}
main:@81 = gpu::miopen_fusion[ops={{op=convolution[padding={1, 1, 1, 1},stride={1, 1},dilation={1, 1},group=1,padding_mode=1,use_dynamic_same_auto_pad=0],alpha=1,beta=0}, {op=add,alpha=1,beta=0}, {op=relu,alpha=1,beta=0}}](main:@78,main:@51,main:@80,main:@79) -> float_type, {1, 512, 14, 14}, {100352, 196, 14, 1}
main:@82 = load[offset=16384,end=116736](main:@1) -> float_type, {1, 512, 7, 7}, {25088, 49, 7, 1}
main:@83 = gpu::pooling[mode=max,padding={0, 0, 0, 0},stride={2, 2},lengths={2, 2},ceil_mode=0,lp_order=2](main:@81,main:@82) -> float_type, {1, 512, 7, 7}, {25088, 49, 7, 1}
main:@84 = load[offset=0,end=16384](main:@1) -> float_type, {1, 4096, 1, 1}, {4096, 1, 1, 1}
main:@85 = broadcast[axis=1,out_lens={1, 4096, 1, 1}](main:@47) -> float_type, {1, 4096, 1, 1}, {0, 1, 0, 0}
main:@86 = gpu::miopen_fusion[ops={{op=convolution[padding={0, 0, 0, 0},stride={1, 1},dilation={1, 1},group=1,padding_mode=2,use_dynamic_same_auto_pad=0],alpha=1,beta=0}, {op=add,alpha=1,beta=0}, {op=relu,alpha=1,beta=0}}](main:@83,main:@57,main:@85,main:@84) -> float_type, {1, 4096, 1, 1}, {4096, 1, 1, 1}
main:@87 = load[offset=0,end=0](main:@1) -> int8_type, {0}, {1}
main:@88 = load[offset=16384,end=32768](main:@1) -> float_type, {1, 4096, 1, 1}, {4096, 1, 1, 1}
main:@89 = gpu::convolution[padding={0, 0, 0, 0},stride={1, 1},dilation={1, 1},group=1,padding_mode=1,solution_id=88](main:@86,main:@58,main:@87,main:@88) -> float_type, {1, 4096, 1, 1}, {4096, 1, 1, 1}
main:@90 = load[offset=0,end=16384](main:@1) -> float_type, {1, 4096, 1, 1}, {4096, 1, 1, 1}
main:@91 = broadcast[axis=1,out_lens={1, 4096, 1, 1}](main:@46) -> float_type, {1, 4096, 1, 1}, {0, 1, 0, 0}
main:@92 = gpu::code_object[code_object=13632,symbol_name=add_relu_kernel,global=1024,local=1024,](main:@89,main:@91,main:@90) -> float_type, {1, 4096, 1, 1}, {4096, 1, 1, 1}
main:@93 = load[offset=16384,end=20384](main:@1) -> float_type, {1, 1000, 1, 1}, {1000, 1, 1, 1}
main:@94 = load[offset=0,end=0](main:@1) -> int8_type, {0}, {1}
main:@95 = gpu::convolution[padding={0, 0, 0, 0},stride={1, 1},dilation={1, 1},group=1,padding_mode=1,solution_id=88](main:@92,main:@54,main:@94,main:@93) -> float_type, {1, 1000, 1, 1}, {1000, 1, 1, 1}
main:@96 = broadcast[axis=1,out_lens={1, 1000, 1, 1}](main:@45) -> float_type, {1, 1000, 1, 1}, {0, 1, 0, 0}
main:#output_0 = @param:main:#output_0 -> float_type, {1, 1000, 1, 1}, {1000, 1, 1, 1}
main:@98 = gpu::code_object[code_object=13624,symbol_name=add_kernel,global=1024,local=1024,](main:@95,main:@96,main:#output_0) -> float_type, {1, 1000, 1, 1}, {1000, 1, 1, 1}
main:@99 = transpose[permutation={0, 2, 3, 1}](main:@98) -> float_type, {1, 1, 1, 1000}, {1000, 1, 1, 1}
main:@100 = squeeze[axes={1, 2}](main:@99) -> float_type, {1, 1000}, {1000, 1}
main:@101 = @return(main:@100)


Allocating params ... 
Running performance report ... 
main:@0 = check_context::migraphx::version_1::gpu::context -> float_type, {}, {}: 0.00048392ms, 1%
main:@1 = hip::hip_allocate_memory[shape=float_type, {6422528}, {1},id=main:scratch] -> float_type, {6422528}, {1}: 0.00054786ms, 1%
main:@2 = hip::hip_copy_literal[id=main:@literal:7] -> float_type, {64, 3, 3, 3}, {27, 9, 3, 1}: 0.00057612ms, 1%
main:@3 = hip::hip_copy_literal[id=main:@literal:13] -> float_type, {64, 64, 3, 3}, {576, 9, 3, 1}: 0.00038792ms, 1%
main:@4 = hip::hip_copy_literal[id=main:@literal:30] -> float_type, {64}, {1}: 0.00036342ms, 1%
main:@5 = hip::hip_copy_literal[id=main:@literal:31] -> float_type, {64}, {1}: 0.00035148ms, 1%
main:@6 = load[offset=0,end=12845056](main:@1) -> float_type, {1, 64, 224, 224}, {3211264, 50176, 224, 1}: 0.00044766ms, 1%
main:@7 = broadcast[axis=1,out_lens={1, 64, 224, 224}](main:@5) -> float_type, {1, 64, 224, 224}, {0, 1, 0, 0}: 0.00049602ms, 1%
input = @param:input -> float_type, {1, 3, 224, 224}, {150528, 50176, 224, 1}: 0.0004287ms, 1%
main:@9 = gpu::miopen_fusion[ops={{op=convolution[padding={1, 1, 1, 1},stride={1, 1},dilation={1, 1},group=1,padding_mode=1,use_dynamic_same_auto_pad=0],alpha=1,beta=0}, {op=add,alpha=1,beta=0}, {op=relu,alpha=1,beta=0}}](input,main:@2,main:@7,main:@6) -> float_type, {1, 64, 224, 224}, {3211264, 50176, 224, 1}: 0.0552691ms, 1%
main:@10 = load[offset=12845056,end=25690112](main:@1) -> float_type, {1, 64, 224, 224}, {3211264, 50176, 224, 1}: 0.00038878ms, 1%
main:@11 = broadcast[axis=1,out_lens={1, 64, 224, 224}](main:@4) -> float_type, {1, 64, 224, 224}, {0, 1, 0, 0}: 0.00046698ms, 1%
main:@12 = gpu::miopen_fusion[ops={{op=convolution[padding={1, 1, 1, 1},stride={1, 1},dilation={1, 1},group=1,padding_mode=1,use_dynamic_same_auto_pad=0],alpha=1,beta=0}, {op=add,alpha=1,beta=0}, {op=relu,alpha=1,beta=0}}](main:@9,main:@3,main:@11,main:@10) -> float_type, {1, 64, 224, 224}, {3211264, 50176, 224, 1}: 0.148051ms, 1%
main:@13 = load[offset=0,end=3211264](main:@1) -> float_type, {1, 64, 112, 112}, {802816, 12544, 112, 1}: 0.00038388ms, 1%
main:@14 = gpu::pooling[mode=max,padding={0, 0, 0, 0},stride={2, 2},lengths={2, 2},ceil_mode=0,lp_order=2](main:@12,main:@13) -> float_type, {1, 64, 112, 112}, {802816, 12544, 112, 1}: 0.0397164ms, 1%
main:@15 = hip::hip_copy_literal[id=main:@literal:12] -> float_type, {128, 64, 3, 3}, {576, 9, 3, 1}: 0.00048596ms, 1%
main:@16 = hip::hip_copy_literal[id=main:@literal:11] -> float_type, {128, 128, 3, 3}, {1152, 9, 3, 1}: 0.00035698ms, 1%
main:@17 = hip::hip_copy_literal[id=main:@literal:28] -> float_type, {128}, {1}: 0.0003685ms, 1%
main:@18 = hip::hip_copy_literal[id=main:@literal:29] -> float_type, {128}, {1}: 0.00034204ms, 1%
main:@19 = load[offset=3211264,end=9633792](main:@1) -> float_type, {1, 128, 112, 112}, {1605632, 12544, 112, 1}: 0.00041064ms, 1%
main:@20 = broadcast[axis=1,out_lens={1, 128, 112, 112}](main:@18) -> float_type, {1, 128, 112, 112}, {0, 1, 0, 0}: 0.0006327ms, 1%
main:@21 = gpu::miopen_fusion[ops={{op=convolution[padding={1, 1, 1, 1},stride={1, 1},dilation={1, 1},group=1,padding_mode=1,use_dynamic_same_auto_pad=0],alpha=1,beta=0}, {op=add,alpha=1,beta=0}, {op=relu,alpha=1,beta=0}}](main:@14,main:@15,main:@20,main:@19) -> float_type, {1, 128, 112, 112}, {1605632, 12544, 112, 1}: 0.0919738ms, 1%
main:@22 = load[offset=9633792,end=16056320](main:@1) -> float_type, {1, 128, 112, 112}, {1605632, 12544, 112, 1}: 0.00038412ms, 1%
main:@23 = broadcast[axis=1,out_lens={1, 128, 112, 112}](main:@17) -> float_type, {1, 128, 112, 112}, {0, 1, 0, 0}: 0.00046398ms, 1%
main:@24 = gpu::miopen_fusion[ops={{op=convolution[padding={1, 1, 1, 1},stride={1, 1},dilation={1, 1},group=1,padding_mode=1,use_dynamic_same_auto_pad=0],alpha=1,beta=0}, {op=add,alpha=1,beta=0}, {op=relu,alpha=1,beta=0}}](main:@21,main:@16,main:@23,main:@22) -> float_type, {1, 128, 112, 112}, {1605632, 12544, 112, 1}: 0.159037ms, 1%
main:@25 = load[offset=0,end=1605632](main:@1) -> float_type, {1, 128, 56, 56}, {401408, 3136, 56, 1}: 0.00036696ms, 1%
main:@26 = gpu::pooling[mode=max,padding={0, 0, 0, 0},stride={2, 2},lengths={2, 2},ceil_mode=0,lp_order=2](main:@24,main:@25) -> float_type, {1, 128, 56, 56}, {401408, 3136, 56, 1}: 0.0402168ms, 1%
main:@27 = hip::hip_copy_literal[id=main:@literal:5] -> float_type, {256, 256, 3, 3}, {2304, 9, 3, 1}: 0.00049536ms, 1%
main:@28 = hip::hip_copy_literal[id=main:@literal:6] -> float_type, {256, 128, 3, 3}, {1152, 9, 3, 1}: 0.00036374ms, 1%
main:@29 = hip::hip_copy_literal[id=main:@literal:4] -> float_type, {256, 256, 3, 3}, {2304, 9, 3, 1}: 0.00040982ms, 1%
main:@30 = hip::hip_copy_literal[id=main:@literal:25] -> float_type, {256}, {1}: 0.00037656ms, 1%
main:@31 = hip::hip_copy_literal[id=main:@literal:26] -> float_type, {256}, {1}: 0.00050798ms, 1%
main:@32 = hip::hip_copy_literal[id=main:@literal:27] -> float_type, {256}, {1}: 0.00039424ms, 1%
main:@33 = load[offset=3211264,end=6422528](main:@1) -> float_type, {1, 256, 56, 56}, {802816, 3136, 56, 1}: 0.00039986ms, 1%
main:@34 = broadcast[axis=1,out_lens={1, 256, 56, 56}](main:@32) -> float_type, {1, 256, 56, 56}, {0, 1, 0, 0}: 0.00048316ms, 1%
main:@35 = gpu::miopen_fusion[ops={{op=convolution[padding={1, 1, 1, 1},stride={1, 1},dilation={1, 1},group=1,padding_mode=1,use_dynamic_same_auto_pad=0],alpha=1,beta=0}, {op=add,alpha=1,beta=0}, {op=relu,alpha=1,beta=0}}](main:@26,main:@28,main:@34,main:@33) -> float_type, {1, 256, 56, 56}, {802816, 3136, 56, 1}: 0.0898385ms, 1%
main:@36 = load[offset=0,end=3211264](main:@1) -> float_type, {1, 256, 56, 56}, {802816, 3136, 56, 1}: 0.00036904ms, 1%
main:@37 = broadcast[axis=1,out_lens={1, 256, 56, 56}](main:@31) -> float_type, {1, 256, 56, 56}, {0, 1, 0, 0}: 0.00045328ms, 1%
main:@38 = gpu::miopen_fusion[ops={{op=convolution[padding={1, 1, 1, 1},stride={1, 1},dilation={1, 1},group=1,padding_mode=1,use_dynamic_same_auto_pad=0],alpha=1,beta=0}, {op=add,alpha=1,beta=0}, {op=relu,alpha=1,beta=0}}](main:@35,main:@27,main:@37,main:@36) -> float_type, {1, 256, 56, 56}, {802816, 3136, 56, 1}: 0.151197ms, 1%
main:@39 = load[offset=3211264,end=6422528](main:@1) -> float_type, {1, 256, 56, 56}, {802816, 3136, 56, 1}: 0.00036692ms, 1%
main:@40 = broadcast[axis=1,out_lens={1, 256, 56, 56}](main:@30) -> float_type, {1, 256, 56, 56}, {0, 1, 0, 0}: 0.00044128ms, 1%
main:@41 = gpu::miopen_fusion[ops={{op=convolution[padding={1, 1, 1, 1},stride={1, 1},dilation={1, 1},group=1,padding_mode=1,use_dynamic_same_auto_pad=0],alpha=1,beta=0}, {op=add,alpha=1,beta=0}, {op=relu,alpha=1,beta=0}}](main:@38,main:@29,main:@40,main:@39) -> float_type, {1, 256, 56, 56}, {802816, 3136, 56, 1}: 0.153841ms, 1%
main:@42 = load[offset=0,end=802816](main:@1) -> float_type, {1, 256, 28, 28}, {200704, 784, 28, 1}: 0.0003579ms, 1%
main:@43 = gpu::pooling[mode=max,padding={0, 0, 0, 0},stride={2, 2},lengths={2, 2},ceil_mode=0,lp_order=2](main:@41,main:@42) -> float_type, {1, 256, 28, 28}, {200704, 784, 28, 1}: 0.0314995ms, 1%
main:@44 = hip::hip_copy_literal[id=main:@literal:0] -> float_type, {512, 512, 3, 3}, {4608, 9, 3, 1}: 0.00048388ms, 1%
main:@45 = hip::hip_copy_literal[id=main:@literal:16] -> float_type, {1000}, {1}: 0.00036056ms, 1%
main:@46 = hip::hip_copy_literal[id=main:@literal:17] -> float_type, {4096}, {1}: 0.00035238ms, 1%
main:@47 = hip::hip_copy_literal[id=main:@literal:18] -> float_type, {4096}, {1}: 0.00033398ms, 1%
main:@48 = hip::hip_copy_literal[id=main:@literal:3] -> float_type, {512, 256, 3, 3}, {2304, 9, 3, 1}: 0.00049744ms, 1%
main:@49 = hip::hip_copy_literal[id=main:@literal:19] -> float_type, {512}, {1}: 0.0003476ms, 1%
main:@50 = hip::hip_copy_literal[id=main:@literal:1] -> float_type, {512, 512, 3, 3}, {4608, 9, 3, 1}: 0.00038242ms, 1%
main:@51 = hip::hip_copy_literal[id=main:@literal:2] -> float_type, {512, 512, 3, 3}, {4608, 9, 3, 1}: 0.0003672ms, 1%
main:@52 = hip::hip_copy_literal[id=main:@literal:20] -> float_type, {512}, {1}: 0.00033804ms, 1%
main:@53 = hip::hip_copy_literal[id=main:@literal:21] -> float_type, {512}, {1}: 0.00046248ms, 1%
main:@54 = hip::hip_copy_literal[id=main:@literal:15] -> float_type, {1000, 4096, 1, 1}, {4096, 1, 1, 1}: 0.0003694ms, 1%
main:@55 = hip::hip_copy_literal[id=main:@literal:8] -> float_type, {512, 512, 3, 3}, {4608, 9, 3, 1}: 0.00036202ms, 1%
main:@56 = hip::hip_copy_literal[id=main:@literal:22] -> float_type, {512}, {1}: 0.00034776ms, 1%
main:@57 = hip::hip_copy_literal[id=main:@literal:14] -> float_type, {4096, 512, 7, 7}, {25088, 49, 7, 1}: 0.0003529ms, 1%
main:@58 = hip::hip_copy_literal[id=main:@literal:10] -> float_type, {4096, 4096, 1, 1}, {4096, 1, 1, 1}: 0.00041584ms, 1%
main:@59 = hip::hip_copy_literal[id=main:@literal:23] -> float_type, {512}, {1}: 0.00042896ms, 1%
main:@60 = hip::hip_copy_literal[id=main:@literal:24] -> float_type, {512}, {1}: 0.00037892ms, 1%
main:@61 = hip::hip_copy_literal[id=main:@literal:9] -> float_type, {512, 512, 3, 3}, {4608, 9, 3, 1}: 0.00035358ms, 1%
main:@62 = load[offset=1605632,end=3211264](main:@1) -> float_type, {1, 512, 28, 28}, {401408, 784, 28, 1}: 0.00040266ms, 1%
main:@63 = broadcast[axis=1,out_lens={1, 512, 28, 28}](main:@60) -> float_type, {1, 512, 28, 28}, {0, 1, 0, 0}: 0.00047638ms, 1%
main:@64 = gpu::miopen_fusion[ops={{op=convolution[padding={1, 1, 1, 1},stride={1, 1},dilation={1, 1},group=1,padding_mode=1,use_dynamic_same_auto_pad=0],alpha=1,beta=0}, {op=add,alpha=1,beta=0}, {op=relu,alpha=1,beta=0}}](main:@43,main:@48,main:@63,main:@62) -> float_type, {1, 512, 28, 28}, {401408, 784, 28, 1}: 0.086124ms, 1%
main:@65 = load[offset=0,end=1605632](main:@1) -> float_type, {1, 512, 28, 28}, {401408, 784, 28, 1}: 0.00037102ms, 1%
main:@66 = broadcast[axis=1,out_lens={1, 512, 28, 28}](main:@59) -> float_type, {1, 512, 28, 28}, {0, 1, 0, 0}: 0.00045106ms, 1%
main:@67 = gpu::miopen_fusion[ops={{op=convolution[padding={1, 1, 1, 1},stride={1, 1},dilation={1, 1},group=1,padding_mode=1,use_dynamic_same_auto_pad=0],alpha=1,beta=0}, {op=add,alpha=1,beta=0}, {op=relu,alpha=1,beta=0}}](main:@64,main:@50,main:@66,main:@65) -> float_type, {1, 512, 28, 28}, {401408, 784, 28, 1}: 0.148416ms, 1%
main:@68 = load[offset=1605632,end=3211264](main:@1) -> float_type, {1, 512, 28, 28}, {401408, 784, 28, 1}: 0.0003622ms, 1%
main:@69 = broadcast[axis=1,out_lens={1, 512, 28, 28}](main:@56) -> float_type, {1, 512, 28, 28}, {0, 1, 0, 0}: 0.00044242ms, 1%
main:@70 = gpu::miopen_fusion[ops={{op=convolution[padding={1, 1, 1, 1},stride={1, 1},dilation={1, 1},group=1,padding_mode=1,use_dynamic_same_auto_pad=0],alpha=1,beta=0}, {op=add,alpha=1,beta=0}, {op=relu,alpha=1,beta=0}}](main:@67,main:@44,main:@69,main:@68) -> float_type, {1, 512, 28, 28}, {401408, 784, 28, 1}: 0.149518ms, 1%
main:@71 = load[offset=0,end=401408](main:@1) -> float_type, {1, 512, 14, 14}, {100352, 196, 14, 1}: 0.00034764ms, 1%
main:@72 = gpu::pooling[mode=max,padding={0, 0, 0, 0},stride={2, 2},lengths={2, 2},ceil_mode=0,lp_order=2](main:@70,main:@71) -> float_type, {1, 512, 14, 14}, {100352, 196, 14, 1}: 0.0258403ms, 1%
main:@73 = load[offset=401408,end=802816](main:@1) -> float_type, {1, 512, 14, 14}, {100352, 196, 14, 1}: 0.00040578ms, 1%
main:@74 = broadcast[axis=1,out_lens={1, 512, 14, 14}](main:@53) -> float_type, {1, 512, 14, 14}, {0, 1, 0, 0}: 0.00048414ms, 1%
main:@75 = gpu::miopen_fusion[ops={{op=convolution[padding={1, 1, 1, 1},stride={1, 1},dilation={1, 1},group=1,padding_mode=1,use_dynamic_same_auto_pad=0],alpha=1,beta=0}, {op=add,alpha=1,beta=0}, {op=relu,alpha=1,beta=0}}](main:@72,main:@61,main:@74,main:@73) -> float_type, {1, 512, 14, 14}, {100352, 196, 14, 1}: 0.134787ms, 1%
main:@76 = load[offset=0,end=401408](main:@1) -> float_type, {1, 512, 14, 14}, {100352, 196, 14, 1}: 0.00035418ms, 1%
main:@77 = broadcast[axis=1,out_lens={1, 512, 14, 14}](main:@52) -> float_type, {1, 512, 14, 14}, {0, 1, 0, 0}: 0.00046758ms, 1%
main:@78 = gpu::miopen_fusion[ops={{op=convolution[padding={1, 1, 1, 1},stride={1, 1},dilation={1, 1},group=1,padding_mode=1,use_dynamic_same_auto_pad=0],alpha=1,beta=0}, {op=add,alpha=1,beta=0}, {op=relu,alpha=1,beta=0}}](main:@75,main:@55,main:@77,main:@76) -> float_type, {1, 512, 14, 14}, {100352, 196, 14, 1}: 0.136322ms, 1%
main:@79 = load[offset=401408,end=802816](main:@1) -> float_type, {1, 512, 14, 14}, {100352, 196, 14, 1}: 0.00036562ms, 1%
main:@80 = broadcast[axis=1,out_lens={1, 512, 14, 14}](main:@49) -> float_type, {1, 512, 14, 14}, {0, 1, 0, 0}: 0.00045404ms, 1%
main:@81 = gpu::miopen_fusion[ops={{op=convolution[padding={1, 1, 1, 1},stride={1, 1},dilation={1, 1},group=1,padding_mode=1,use_dynamic_same_auto_pad=0],alpha=1,beta=0}, {op=add,alpha=1,beta=0}, {op=relu,alpha=1,beta=0}}](main:@78,main:@51,main:@80,main:@79) -> float_type, {1, 512, 14, 14}, {100352, 196, 14, 1}: 0.138695ms, 1%
main:@82 = load[offset=16384,end=116736](main:@1) -> float_type, {1, 512, 7, 7}, {25088, 49, 7, 1}: 0.0003639ms, 1%
main:@83 = gpu::pooling[mode=max,padding={0, 0, 0, 0},stride={2, 2},lengths={2, 2},ceil_mode=0,lp_order=2](main:@81,main:@82) -> float_type, {1, 512, 7, 7}, {25088, 49, 7, 1}: 0.0204422ms, 1%
main:@84 = load[offset=0,end=16384](main:@1) -> float_type, {1, 4096, 1, 1}, {4096, 1, 1, 1}: 0.00039934ms, 1%
main:@85 = broadcast[axis=1,out_lens={1, 4096, 1, 1}](main:@47) -> float_type, {1, 4096, 1, 1}, {0, 1, 0, 0}: 0.0004976ms, 1%
main:@86 = gpu::miopen_fusion[ops={{op=convolution[padding={0, 0, 0, 0},stride={1, 1},dilation={1, 1},group=1,padding_mode=2,use_dynamic_same_auto_pad=0],alpha=1,beta=0}, {op=add,alpha=1,beta=0}, {op=relu,alpha=1,beta=0}}](main:@83,main:@57,main:@85,main:@84) -> float_type, {1, 4096, 1, 1}, {4096, 1, 1, 1}: 13.8858ms, 88%
main:@87 = load[offset=0,end=0](main:@1) -> int8_type, {0}, {1}: 0.000426ms, 1%
main:@88 = load[offset=16384,end=32768](main:@1) -> float_type, {1, 4096, 1, 1}, {4096, 1, 1, 1}: 0.00032804ms, 1%
main:@89 = gpu::convolution[padding={0, 0, 0, 0},stride={1, 1},dilation={1, 1},group=1,padding_mode=1,solution_id=88](main:@86,main:@58,main:@87,main:@88) -> float_type, {1, 4096, 1, 1}, {4096, 1, 1, 1}: 0.13995ms, 1%
main:@90 = load[offset=0,end=16384](main:@1) -> float_type, {1, 4096, 1, 1}, {4096, 1, 1, 1}: 0.00047708ms, 1%
main:@91 = broadcast[axis=1,out_lens={1, 4096, 1, 1}](main:@46) -> float_type, {1, 4096, 1, 1}, {0, 1, 0, 0}: 0.00054334ms, 1%
main:@92 = gpu::code_object[code_object=13632,symbol_name=add_relu_kernel,global=1024,local=1024,](main:@89,main:@91,main:@90) -> float_type, {1, 4096, 1, 1}, {4096, 1, 1, 1}: 0.0148834ms, 1%
main:@93 = load[offset=16384,end=20384](main:@1) -> float_type, {1, 1000, 1, 1}, {1000, 1, 1, 1}: 0.0003653ms, 1%
main:@94 = load[offset=0,end=0](main:@1) -> int8_type, {0}, {1}: 0.00034076ms, 1%
main:@95 = gpu::convolution[padding={0, 0, 0, 0},stride={1, 1},dilation={1, 1},group=1,padding_mode=1,solution_id=88](main:@92,main:@54,main:@94,main:@93) -> float_type, {1, 1000, 1, 1}, {1000, 1, 1, 1}: 0.0617322ms, 1%
main:@96 = broadcast[axis=1,out_lens={1, 1000, 1, 1}](main:@45) -> float_type, {1, 1000, 1, 1}, {0, 1, 0, 0}: 0.00058322ms, 1%
main:#output_0 = @param:main:#output_0 -> float_type, {1, 1000, 1, 1}, {1000, 1, 1, 1}: 0.00052606ms, 1%
main:@98 = gpu::code_object[code_object=13624,symbol_name=add_kernel,global=1024,local=1024,](main:@95,main:@96,main:#output_0) -> float_type, {1, 1000, 1, 1}, {1000, 1, 1, 1}: 0.0154619ms, 1%
main:@99 = transpose[permutation={0, 2, 3, 1}](main:@98) -> float_type, {1, 1, 1, 1000}, {1000, 1, 1, 1}: 0.00062456ms, 1%
main:@100 = squeeze[axes={1, 2}](main:@99) -> float_type, {1, 1000}, {1000, 1}: 0.00057784ms, 1%
main:@101 = @return(main:@100)
Summary:
gpu::miopen_fusion: 15.5289ms / 14 = 1.10921ms, 98%
gpu::convolution: 0.201682ms / 2 = 0.100841ms, 2%
gpu::pooling: 0.157715ms / 5 = 0.031543ms, 1%
gpu::code_object::add_kernel: 0.0154619ms / 1 = 0.0154619ms, 1%
gpu::code_object::add_relu_kernel: 0.0148834ms / 1 = 0.0148834ms, 1%
hip::hip_copy_literal: 0.0127155ms / 32 = 0.000397359ms, 1%
load: 0.00918528ms / 24 = 0.00038272ms, 1%
broadcast: 0.00783718ms / 16 = 0.000489824ms, 1%
@param: 0.00095476ms / 2 = 0.00047738ms, 1%
transpose: 0.00062456ms / 1 = 0.00062456ms, 1%
squeeze: 0.00057784ms / 1 = 0.00057784ms, 1%
hip::hip_allocate_memory: 0.00054786ms / 1 = 0.00054786ms, 1%
check_context::migraphx::version_1::gpu::context: 0.00048392ms / 1 = 0.00048392ms, 1%

Batch size: 1
Rate: 63.9835/sec
Total time: 15.629ms
Total instructions time: 15.9515ms
Overhead time: 0.0214272ms, -0.322504ms
Overhead: 0%, -2%
