Running [ MIGraphX Version: 2.9.0.8d5001158 ]: /src/AMDMIGraphX/build/bin/driver perf --input-dim @input_features 1 80 3000 --gpu /new-saved-models/whisper-tiny/encoder_model.onnx
Compiling ... 
Reading: /new-saved-models/whisper-tiny/encoder_model.onnx
module: "main"
@0 = check_context::migraphx::gpu::context -> float_type, {}, {}, target_id=0
@1 = hip::hip_allocate_memory[shape=int8_type, {119520000}, {1},id=main:scratch] -> int8_type, {119520000}, {1}, target_id=0
@2 = hip::hip_copy_literal[id=main:@literal:46] -> float_type, {384, 80, 3}, {240, 3, 1}, target_id=0
@3 = load[offset=0,end=0](@1) -> int8_type, {0}, {1}, target_id=0
@4 = load[offset=0,end=4608000](@1) -> float_type, {1, 384, 3000}, {1152000, 3000, 1}, target_id=0
input_features = @param:input_features -> float_type, {1, 80, 3000}, {240000, 3000, 1}, target_id=0
@6 = gpu::convolution[op={padding={1, 1},stride={1},dilation={1},group=1,padding_mode=0},solution_object={binary_object: 502},algo=0,solution_id=0](input_features,@2,@3,@4) -> float_type, {1, 384, 3000}, {1152000, 3000, 1}, target_id=0
@7 = hip::hip_copy_literal[id=main:@literal:45] -> float_type, {384}, {1}, target_id=0
@8 = load[offset=8681472,end=13289472](@1) -> float_type, {1, 384, 3000}, {1152000, 3000, 1}, target_id=0
@9 = broadcast[axis=1,out_lens={1, 384, 3000}](@7) -> float_type, {1, 384, 3000}, {0, 1, 0}, target_id=0
@10 = gpu::code_object[code_object=4520,symbol_name=add_mul_erf_add_mul_mul_kernel,global=576000,local=1024,](@6,@9,@8) -> float_type, {1, 384, 3000}, {1152000, 3000, 1}, target_id=0
@11 = hip::hip_copy_literal[id=main:@literal:44] -> float_type, {384, 384, 3}, {1152, 3, 1}, target_id=0
@12 = load[offset=15593472,end=24274944](@1) -> int8_type, {8681472}, {1}, target_id=0
@13 = load[offset=13289472,end=15593472](@1) -> float_type, {1, 384, 1500}, {576000, 1500, 1}, target_id=0
@14 = gpu::convolution[op={padding={1, 1},stride={2},dilation={1},group=1,padding_mode=0},solution_object={binary_object: 569},algo=0,solution_id=0](@10,@11,@12,@13) -> float_type, {1, 384, 1500}, {576000, 1500, 1}, target_id=0
@15 = hip::hip_copy_literal[id=main:@literal:43] -> float_type, {384}, {1}, target_id=0
@16 = load[offset=117216000,end=119520000](@1) -> float_type, {1, 384, 1500}, {576000, 1500, 1}, target_id=0
@17 = broadcast[axis=1,out_lens={1, 384, 1500}](@15) -> float_type, {1, 384, 1500}, {0, 1, 0}, target_id=0
@18 = gpu::code_object[code_object=4520,symbol_name=add_mul_erf_add_mul_mul_kernel,global=288000,local=1024,](@14,@17,@16) -> float_type, {1, 384, 1500}, {576000, 1500, 1}, target_id=0
@19 = hip::hip_copy_literal[id=main:@literal:3] -> float_type, {1, 1500, 1152}, {1728000, 1152, 1}, target_id=0
@20 = hip::hip_copy_literal[id=main:@literal:10] -> float_type, {1, 384, 1152}, {442368, 1152, 1}, target_id=0
@21 = hip::hip_copy_literal[id=main:@literal:42] -> float_type, {1500, 384}, {384, 1}, target_id=0
@22 = multibroadcast[out_lens={1, 1500, 384},out_dyn_dims={}](@21) -> float_type, {1, 1500, 384}, {0, 384, 1}, target_id=0
@23 = transpose[permutation={0, 2, 1}](@18) -> float_type, {1, 1500, 384}, {576000, 1, 1500}, target_id=0
@24 = load[offset=6912000,end=9216000](@1) -> float_type, {1, 1500, 384}, {576000, 1, 1500}, target_id=0
@25 = gpu::code_object[code_object=4624,symbol_name=add_layernorm_kernel,global=384000,local=256,](@23,@22,@24) -> float_type, {1, 1500, 384}, {576000, 1, 1500}, target_id=0
@26 = load[offset=0,end=6912000](@1) -> float_type, {1, 1500, 1152}, {1728000, 1152, 1}, target_id=0
@27 = gpu::gemm[alpha=1,beta=1,compute_fp32=1,trans_batch=0,solution_idx=0](@25,@20,@19,@26) -> float_type, {1, 1500, 1152}, {1728000, 1152, 1}, target_id=0
@28 = hip::hip_copy_literal[id=main:@literal:22] -> float_type, {384}, {1}, target_id=0
@29 = load[offset=6912000,end=9216000](@1) -> float_type, {1, 1500, 384}, {576000, 384, 1}, target_id=0
@30 = multibroadcast[out_lens={1, 1500, 384},out_dyn_dims={}](@28) -> float_type, {1, 1500, 384}, {0, 0, 1}, target_id=0
@31 = slice[axes={2},starts={0},ends={384}](@27) -> float_type, {1, 1500, 384}, {1728000, 1152, 1}, target_id=0
@32 = gpu::code_object[code_object=3912,symbol_name=mul_add_kernel,global=288000,local=1024,](@31,@30,@29) -> float_type, {1, 1500, 384}, {576000, 384, 1}, target_id=0
@33 = load[offset=63216000,end=117216000](@1) -> float_type, {6, 1500, 1500}, {2250000, 1500, 1}, target_id=0
@34 = reshape_lazy[dims={1, 1500, 6, 64}](@32) -> float_type, {1, 1500, 6, 64}, {576000, 384, 64, 1}, target_id=0
@35 = transpose[permutation={0, 2, 1, 3}](@34) -> float_type, {1, 6, 1500, 64}, {576000, 64, 384, 1}, target_id=0
@36 = reshape_lazy[dims={6, -1, 64}](@35) -> float_type, {6, 1500, 64}, {64, 384, 1}, target_id=0
@37 = slice[axes={2},starts={384},ends={768}](@27) -> float_type, {1, 1500, 384}, {1728000, 1152, 1}, target_id=0
@38 = reshape_lazy[dims={1, -1, 6, 64}](@37) -> float_type, {1, 1500, 6, 64}, {1728000, 1152, 64, 1}, target_id=0
@39 = transpose[permutation={0, 2, 1, 3}](@38) -> float_type, {1, 6, 1500, 64}, {1728000, 64, 1152, 1}, target_id=0
@40 = reshape_lazy[dims={6, -1, 64}](@39) -> float_type, {6, 1500, 64}, {64, 1152, 1}, target_id=0
@41 = transpose[permutation={0, 2, 1}](@40) -> float_type, {6, 64, 1500}, {64, 1, 1152}, target_id=0
@42 = gpu::gemm[alpha=1,beta=0,compute_fp32=1,trans_batch=0,solution_idx=0](@36,@41,@33) -> float_type, {6, 1500, 1500}, {2250000, 1500, 1}, target_id=0
@43 = load[offset=9216000,end=63216000](@1) -> float_type, {6, 1500, 1500}, {2250000, 1500, 1}, target_id=0
@44 = gpu::code_object[code_object=5600,symbol_name=softmax_kernel,global=2304000,local=256,](@42,@43) -> float_type, {6, 1500, 1500}, {2250000, 1500, 1}, target_id=0
@45 = hip::hip_copy_literal[id=main:@literal:41] -> float_type, {384}, {1}, target_id=0
@46 = load[offset=63216000,end=65520000](@1) -> float_type, {1, 1500, 384}, {576000, 384, 1}, target_id=0
@47 = multibroadcast[out_lens={1, 1500, 384},out_dyn_dims={}](@45) -> float_type, {1, 1500, 384}, {0, 0, 1}, target_id=0
@48 = slice[axes={2},starts={768},ends={1152}](@27) -> float_type, {1, 1500, 384}, {1728000, 1152, 1}, target_id=0
@49 = gpu::code_object[code_object=3640,symbol_name=add_kernel,global=288000,local=1024,](@47,@48,@46) -> float_type, {1, 1500, 384}, {576000, 384, 1}, target_id=0
@50 = reshape_lazy[dims={1, -1, 6, 64}](@49) -> float_type, {1, 1500, 6, 64}, {576000, 384, 64, 1}, target_id=0
@51 = transpose[permutation={0, 2, 1, 3}](@50) -> float_type, {1, 6, 1500, 64}, {576000, 64, 384, 1}, target_id=0
@52 = reshape_lazy[dims={6, -1, 64}](@51) -> float_type, {6, 1500, 64}, {64, 384, 1}, target_id=0
@53 = load[offset=2304000,end=4608000](@1) -> float_type, {6, 1500, 64}, {96000, 64, 1}, target_id=0
@54 = gpu::gemm[alpha=1,beta=0,compute_fp32=1,trans_batch=0,solution_idx=0](@44,@52,@53) -> float_type, {6, 1500, 64}, {96000, 64, 1}, target_id=0
@55 = reshape_lazy[dims={1, 6, 1500, 64}](@54) -> float_type, {1, 6, 1500, 64}, {576000, 96000, 64, 1}, target_id=0
@56 = load[offset=6912000,end=9216000](@1) -> float_type, {1, 1500, 6, 64}, {576000, 384, 64, 1}, target_id=0
@57 = transpose[permutation={0, 2, 1, 3}](@55) -> float_type, {1, 1500, 6, 64}, {576000, 64, 96000, 1}, target_id=0
@58 = gpu::code_object[code_object=3624,symbol_name=contiguous_kernel,global=288000,local=1024,](@57,@56) -> float_type, {1, 1500, 6, 64}, {576000, 384, 64, 1}, target_id=0
@59 = hip::hip_copy_literal[id=main:@literal:35] -> float_type, {384, 384}, {384, 1}, target_id=0
@60 = load[offset=4608000,end=6912000](@1) -> float_type, {1, 1500, 384}, {576000, 384, 1}, target_id=0
@61 = multibroadcast[out_lens={1, 384, 384},out_dyn_dims={}](@59) -> float_type, {1, 384, 384}, {0, 384, 1}, target_id=0
@62 = reshape_lazy[dims={1, 1500, 384}](@58) -> float_type, {1, 1500, 384}, {576000, 384, 1}, target_id=0
@63 = gpu::gemm[alpha=1,beta=0,compute_fp32=1,trans_batch=0,solution_idx=0](@62,@61,@60) -> float_type, {1, 1500, 384}, {576000, 384, 1}, target_id=0
@64 = load[offset=2304000,end=4608000](@1) -> float_type, {1, 1500, 384}, {576000, 384, 1}, target_id=0
@65 = gpu::code_object[code_object=3616,symbol_name=add_kernel,global=576000,local=1024,](@23,@63,@64) -> float_type, {1, 1500, 384}, {576000, 384, 1}, target_id=0
@66 = hip::hip_copy_literal[id=main:@literal:15] -> float_type, {1500, 384}, {384, 1}, target_id=0
@67 = hip::hip_copy_literal[id=main:@literal:8] -> float_type, {1, 384, 1536}, {589824, 1536, 1}, target_id=0
@68 = load[offset=4608000,end=6912000](@1) -> float_type, {1, 1500, 384}, {576000, 384, 1}, target_id=0
@69 = multibroadcast[out_lens={1, 1500, 384},out_dyn_dims={}](@66) -> float_type, {1, 1500, 384}, {0, 384, 1}, target_id=0
@70 = gpu::code_object[code_object=4336,symbol_name=add_layernorm_kernel,global=288000,local=192,](@65,@69,@68) -> float_type, {1, 1500, 384}, {576000, 384, 1}, target_id=0
@71 = load[offset=13824000,end=23040000](@1) -> float_type, {1, 1500, 1536}, {2304000, 1536, 1}, target_id=0
@72 = gpu::gemm[alpha=1,beta=0,compute_fp32=1,trans_batch=0,solution_idx=0](@70,@67,@71) -> float_type, {1, 1500, 1536}, {2304000, 1536, 1}, target_id=0
@73 = hip::hip_copy_literal[id=main:@literal:26] -> float_type, {1536, 384}, {384, 1}, target_id=0
@74 = hip::hip_copy_literal[id=main:@literal:25] -> float_type, {1500, 1536}, {1536, 1}, target_id=0
@75 = load[offset=4608000,end=13824000](@1) -> float_type, {1, 1500, 1536}, {2304000, 1536, 1}, target_id=0
@76 = multibroadcast[out_lens={1, 1500, 1536},out_dyn_dims={}](@74) -> float_type, {1, 1500, 1536}, {0, 1536, 1}, target_id=0
@77 = gpu::code_object[code_object=5104,symbol_name=add_mul_erf_add_mul_kernel,global=576000,local=1024,](@72,@76,@75) -> float_type, {1, 1500, 1536}, {2304000, 1536, 1}, target_id=0
@78 = load[offset=0,end=2304000](@1) -> float_type, {1, 1500, 384}, {576000, 384, 1}, target_id=0
@79 = multibroadcast[out_lens={1, 1536, 384},out_dyn_dims={}](@73) -> float_type, {1, 1536, 384}, {0, 384, 1}, target_id=0
@80 = gpu::gemm[alpha=1,beta=1,compute_fp32=1,trans_batch=0,solution_idx=0](@77,@79,@65,@78) -> float_type, {1, 1500, 384}, {576000, 384, 1}, target_id=0
@81 = hip::hip_copy_literal[id=main:@literal:2] -> float_type, {1, 1500, 1152}, {1728000, 1152, 1}, target_id=0
@82 = hip::hip_copy_literal[id=main:@literal:27] -> float_type, {1500, 384}, {384, 1}, target_id=0
@83 = load[offset=2304000,end=4608000](@1) -> float_type, {1, 1500, 384}, {576000, 384, 1}, target_id=0
@84 = multibroadcast[out_lens={1, 1500, 384},out_dyn_dims={}](@82) -> float_type, {1, 1500, 384}, {0, 384, 1}, target_id=0
@85 = gpu::code_object[code_object=4336,symbol_name=add_layernorm_kernel,global=288000,local=192,](@80,@84,@83) -> float_type, {1, 1500, 384}, {576000, 384, 1}, target_id=0
@86 = hip::hip_copy_literal[id=main:@literal:5] -> float_type, {1, 384, 1152}, {442368, 1152, 1}, target_id=0
@87 = load[offset=56304000,end=63216000](@1) -> float_type, {1, 1500, 1152}, {1728000, 1152, 1}, target_id=0
@88 = gpu::gemm[alpha=1,beta=1,compute_fp32=1,trans_batch=0,solution_idx=0](@85,@86,@81,@87) -> float_type, {1, 1500, 1152}, {1728000, 1152, 1}, target_id=0
@89 = hip::hip_copy_literal[id=main:@literal:13] -> float_type, {384}, {1}, target_id=0
@90 = multibroadcast[out_lens={1, 1500, 384},out_dyn_dims={}](@89) -> float_type, {1, 1500, 384}, {0, 0, 1}, target_id=0
@91 = slice[axes={2},starts={0},ends={384}](@88) -> float_type, {1, 1500, 384}, {1728000, 1152, 1}, target_id=0
@92 = load[offset=63216000,end=65520000](@1) -> float_type, {1, 1500, 384}, {576000, 384, 1}, target_id=0
@93 = gpu::code_object[code_object=3912,symbol_name=mul_add_kernel,global=288000,local=1024,](@91,@90,@92) -> float_type, {1, 1500, 384}, {576000, 384, 1}, target_id=0
@94 = load[offset=2304000,end=56304000](@1) -> float_type, {6, 1500, 1500}, {2250000, 1500, 1}, target_id=0
@95 = slice[axes={2},starts={384},ends={768}](@88) -> float_type, {1, 1500, 384}, {1728000, 1152, 1}, target_id=0
@96 = reshape_lazy[dims={1, -1, 6, 64}](@95) -> float_type, {1, 1500, 6, 64}, {1728000, 1152, 64, 1}, target_id=0
@97 = transpose[permutation={0, 2, 1, 3}](@96) -> float_type, {1, 6, 1500, 64}, {1728000, 64, 1152, 1}, target_id=0
@98 = reshape_lazy[dims={6, -1, 64}](@97) -> float_type, {6, 1500, 64}, {64, 1152, 1}, target_id=0
@99 = transpose[permutation={0, 2, 1}](@98) -> float_type, {6, 64, 1500}, {64, 1, 1152}, target_id=0
@100 = reshape_lazy[dims={1, 1500, 6, 64}](@93) -> float_type, {1, 1500, 6, 64}, {576000, 384, 64, 1}, target_id=0
@101 = transpose[permutation={0, 2, 1, 3}](@100) -> float_type, {1, 6, 1500, 64}, {576000, 64, 384, 1}, target_id=0
@102 = reshape_lazy[dims={6, -1, 64}](@101) -> float_type, {6, 1500, 64}, {64, 384, 1}, target_id=0
@103 = gpu::gemm[alpha=1,beta=0,compute_fp32=1,trans_batch=0,solution_idx=0](@102,@99,@94) -> float_type, {6, 1500, 1500}, {2250000, 1500, 1}, target_id=0
@104 = hip::hip_copy_literal[id=main:@literal:40] -> float_type, {384}, {1}, target_id=0
@105 = load[offset=63216000,end=65520000](@1) -> float_type, {1, 1500, 384}, {576000, 384, 1}, target_id=0
@106 = multibroadcast[out_lens={1, 1500, 384},out_dyn_dims={}](@104) -> float_type, {1, 1500, 384}, {0, 0, 1}, target_id=0
@107 = slice[axes={2},starts={768},ends={1152}](@88) -> float_type, {1, 1500, 384}, {1728000, 1152, 1}, target_id=0
@108 = gpu::code_object[code_object=3640,symbol_name=add_kernel,global=288000,local=1024,](@106,@107,@105) -> float_type, {1, 1500, 384}, {576000, 384, 1}, target_id=0
@109 = load[offset=65520000,end=119520000](@1) -> float_type, {6, 1500, 1500}, {2250000, 1500, 1}, target_id=0
@110 = gpu::code_object[code_object=5600,symbol_name=softmax_kernel,global=2304000,local=256,](@103,@109) -> float_type, {6, 1500, 1500}, {2250000, 1500, 1}, target_id=0
@111 = reshape_lazy[dims={1, -1, 6, 64}](@108) -> float_type, {1, 1500, 6, 64}, {576000, 384, 64, 1}, target_id=0
@112 = transpose[permutation={0, 2, 1, 3}](@111) -> float_type, {1, 6, 1500, 64}, {576000, 64, 384, 1}, target_id=0
@113 = reshape_lazy[dims={6, -1, 64}](@112) -> float_type, {6, 1500, 64}, {64, 384, 1}, target_id=0
@114 = load[offset=2304000,end=4608000](@1) -> float_type, {6, 1500, 64}, {96000, 64, 1}, target_id=0
@115 = gpu::gemm[alpha=1,beta=0,compute_fp32=1,trans_batch=0,solution_idx=0](@110,@113,@114) -> float_type, {6, 1500, 64}, {96000, 64, 1}, target_id=0
@116 = hip::hip_copy_literal[id=main:@literal:34] -> float_type, {384, 384}, {384, 1}, target_id=0
@117 = load[offset=4608000,end=6912000](@1) -> float_type, {1, 1500, 6, 64}, {576000, 384, 64, 1}, target_id=0
@118 = reshape_lazy[dims={1, 6, 1500, 64}](@115) -> float_type, {1, 6, 1500, 64}, {576000, 96000, 64, 1}, target_id=0
@119 = transpose[permutation={0, 2, 1, 3}](@118) -> float_type, {1, 1500, 6, 64}, {576000, 64, 96000, 1}, target_id=0
@120 = gpu::code_object[code_object=3624,symbol_name=contiguous_kernel,global=288000,local=1024,](@119,@117) -> float_type, {1, 1500, 6, 64}, {576000, 384, 64, 1}, target_id=0
@121 = load[offset=2304000,end=4608000](@1) -> float_type, {1, 1500, 384}, {576000, 384, 1}, target_id=0
@122 = multibroadcast[out_lens={1, 384, 384},out_dyn_dims={}](@116) -> float_type, {1, 384, 384}, {0, 384, 1}, target_id=0
@123 = reshape_lazy[dims={1, 1500, 384}](@120) -> float_type, {1, 1500, 384}, {576000, 384, 1}, target_id=0
@124 = gpu::gemm[alpha=1,beta=1,compute_fp32=1,trans_batch=0,solution_idx=0](@123,@122,@80,@121) -> float_type, {1, 1500, 384}, {576000, 384, 1}, target_id=0
@125 = hip::hip_copy_literal[id=main:@literal:9] -> float_type, {1, 384, 1536}, {589824, 1536, 1}, target_id=0
@126 = hip::hip_copy_literal[id=main:@literal:20] -> float_type, {1500, 384}, {384, 1}, target_id=0
@127 = multibroadcast[out_lens={1, 1500, 384},out_dyn_dims={}](@126) -> float_type, {1, 1500, 384}, {0, 384, 1}, target_id=0
@128 = load[offset=4608000,end=6912000](@1) -> float_type, {1, 1500, 384}, {576000, 384, 1}, target_id=0
@129 = gpu::code_object[code_object=4336,symbol_name=add_layernorm_kernel,global=288000,local=192,](@124,@127,@128) -> float_type, {1, 1500, 384}, {576000, 384, 1}, target_id=0
@130 = load[offset=13824000,end=23040000](@1) -> float_type, {1, 1500, 1536}, {2304000, 1536, 1}, target_id=0
@131 = gpu::gemm[alpha=1,beta=0,compute_fp32=1,trans_batch=0,solution_idx=0](@129,@125,@130) -> float_type, {1, 1500, 1536}, {2304000, 1536, 1}, target_id=0
@132 = hip::hip_copy_literal[id=main:@literal:21] -> float_type, {1500, 1536}, {1536, 1}, target_id=0
@133 = hip::hip_copy_literal[id=main:@literal:28] -> float_type, {1536, 384}, {384, 1}, target_id=0
@134 = multibroadcast[out_lens={1, 1500, 1536},out_dyn_dims={}](@132) -> float_type, {1, 1500, 1536}, {0, 1536, 1}, target_id=0
@135 = load[offset=4608000,end=13824000](@1) -> float_type, {1, 1500, 1536}, {2304000, 1536, 1}, target_id=0
@136 = gpu::code_object[code_object=5104,symbol_name=add_mul_erf_add_mul_kernel,global=576000,local=1024,](@131,@134,@135) -> float_type, {1, 1500, 1536}, {2304000, 1536, 1}, target_id=0
@137 = multibroadcast[out_lens={1, 1536, 384},out_dyn_dims={}](@133) -> float_type, {1, 1536, 384}, {0, 384, 1}, target_id=0
@138 = load[offset=0,end=2304000](@1) -> float_type, {1, 1500, 384}, {576000, 384, 1}, target_id=0
@139 = gpu::gemm[alpha=1,beta=1,compute_fp32=1,trans_batch=0,solution_idx=0](@136,@137,@124,@138) -> float_type, {1, 1500, 384}, {576000, 384, 1}, target_id=0
@140 = hip::hip_copy_literal[id=main:@literal:1] -> float_type, {1, 1500, 1152}, {1728000, 1152, 1}, target_id=0
@141 = hip::hip_copy_literal[id=main:@literal:18] -> float_type, {1500, 384}, {384, 1}, target_id=0
@142 = hip::hip_copy_literal[id=main:@literal:4] -> float_type, {1, 384, 1152}, {442368, 1152, 1}, target_id=0
@143 = multibroadcast[out_lens={1, 1500, 384},out_dyn_dims={}](@141) -> float_type, {1, 1500, 384}, {0, 384, 1}, target_id=0
@144 = load[offset=2304000,end=4608000](@1) -> float_type, {1, 1500, 384}, {576000, 384, 1}, target_id=0
@145 = gpu::code_object[code_object=4336,symbol_name=add_layernorm_kernel,global=288000,local=192,](@139,@143,@144) -> float_type, {1, 1500, 384}, {576000, 384, 1}, target_id=0
@146 = load[offset=56304000,end=63216000](@1) -> float_type, {1, 1500, 1152}, {1728000, 1152, 1}, target_id=0
@147 = gpu::gemm[alpha=1,beta=1,compute_fp32=1,trans_batch=0,solution_idx=0](@145,@142,@140,@146) -> float_type, {1, 1500, 1152}, {1728000, 1152, 1}, target_id=0
@148 = hip::hip_copy_literal[id=main:@literal:16] -> float_type, {384}, {1}, target_id=0
@149 = slice[axes={2},starts={0},ends={384}](@147) -> float_type, {1, 1500, 384}, {1728000, 1152, 1}, target_id=0
@150 = multibroadcast[out_lens={1, 1500, 384},out_dyn_dims={}](@148) -> float_type, {1, 1500, 384}, {0, 0, 1}, target_id=0
@151 = load[offset=63216000,end=65520000](@1) -> float_type, {1, 1500, 384}, {576000, 384, 1}, target_id=0
@152 = gpu::code_object[code_object=3912,symbol_name=mul_add_kernel,global=288000,local=1024,](@149,@150,@151) -> float_type, {1, 1500, 384}, {576000, 384, 1}, target_id=0
@153 = slice[axes={2},starts={384},ends={768}](@147) -> float_type, {1, 1500, 384}, {1728000, 1152, 1}, target_id=0
@154 = reshape_lazy[dims={1, -1, 6, 64}](@153) -> float_type, {1, 1500, 6, 64}, {1728000, 1152, 64, 1}, target_id=0
@155 = transpose[permutation={0, 2, 1, 3}](@154) -> float_type, {1, 6, 1500, 64}, {1728000, 64, 1152, 1}, target_id=0
@156 = reshape_lazy[dims={6, -1, 64}](@155) -> float_type, {6, 1500, 64}, {64, 1152, 1}, target_id=0
@157 = transpose[permutation={0, 2, 1}](@156) -> float_type, {6, 64, 1500}, {64, 1, 1152}, target_id=0
@158 = reshape_lazy[dims={1, 1500, 6, 64}](@152) -> float_type, {1, 1500, 6, 64}, {576000, 384, 64, 1}, target_id=0
@159 = transpose[permutation={0, 2, 1, 3}](@158) -> float_type, {1, 6, 1500, 64}, {576000, 64, 384, 1}, target_id=0
@160 = reshape_lazy[dims={6, -1, 64}](@159) -> float_type, {6, 1500, 64}, {64, 384, 1}, target_id=0
@161 = load[offset=2304000,end=56304000](@1) -> float_type, {6, 1500, 1500}, {2250000, 1500, 1}, target_id=0
@162 = gpu::gemm[alpha=1,beta=0,compute_fp32=1,trans_batch=0,solution_idx=0](@160,@157,@161) -> float_type, {6, 1500, 1500}, {2250000, 1500, 1}, target_id=0
@163 = hip::hip_copy_literal[id=main:@literal:39] -> float_type, {384}, {1}, target_id=0
@164 = load[offset=63216000,end=65520000](@1) -> float_type, {1, 1500, 384}, {576000, 384, 1}, target_id=0
@165 = multibroadcast[out_lens={1, 1500, 384},out_dyn_dims={}](@163) -> float_type, {1, 1500, 384}, {0, 0, 1}, target_id=0
@166 = slice[axes={2},starts={768},ends={1152}](@147) -> float_type, {1, 1500, 384}, {1728000, 1152, 1}, target_id=0
@167 = gpu::code_object[code_object=3640,symbol_name=add_kernel,global=288000,local=1024,](@165,@166,@164) -> float_type, {1, 1500, 384}, {576000, 384, 1}, target_id=0
@168 = load[offset=65520000,end=119520000](@1) -> float_type, {6, 1500, 1500}, {2250000, 1500, 1}, target_id=0
@169 = gpu::code_object[code_object=5600,symbol_name=softmax_kernel,global=2304000,local=256,](@162,@168) -> float_type, {6, 1500, 1500}, {2250000, 1500, 1}, target_id=0
@170 = reshape_lazy[dims={1, -1, 6, 64}](@167) -> float_type, {1, 1500, 6, 64}, {576000, 384, 64, 1}, target_id=0
@171 = transpose[permutation={0, 2, 1, 3}](@170) -> float_type, {1, 6, 1500, 64}, {576000, 64, 384, 1}, target_id=0
@172 = reshape_lazy[dims={6, -1, 64}](@171) -> float_type, {6, 1500, 64}, {64, 384, 1}, target_id=0
@173 = load[offset=2304000,end=4608000](@1) -> float_type, {6, 1500, 64}, {96000, 64, 1}, target_id=0
@174 = gpu::gemm[alpha=1,beta=0,compute_fp32=1,trans_batch=0,solution_idx=0](@169,@172,@173) -> float_type, {6, 1500, 64}, {96000, 64, 1}, target_id=0
@175 = hip::hip_copy_literal[id=main:@literal:33] -> float_type, {384, 384}, {384, 1}, target_id=0
@176 = reshape_lazy[dims={1, 6, 1500, 64}](@174) -> float_type, {1, 6, 1500, 64}, {576000, 96000, 64, 1}, target_id=0
@177 = transpose[permutation={0, 2, 1, 3}](@176) -> float_type, {1, 1500, 6, 64}, {576000, 64, 96000, 1}, target_id=0
@178 = load[offset=4608000,end=6912000](@1) -> float_type, {1, 1500, 6, 64}, {576000, 384, 64, 1}, target_id=0
@179 = gpu::code_object[code_object=3624,symbol_name=contiguous_kernel,global=288000,local=1024,](@177,@178) -> float_type, {1, 1500, 6, 64}, {576000, 384, 64, 1}, target_id=0
@180 = multibroadcast[out_lens={1, 384, 384},out_dyn_dims={}](@175) -> float_type, {1, 384, 384}, {0, 384, 1}, target_id=0
@181 = reshape_lazy[dims={1, 1500, 384}](@179) -> float_type, {1, 1500, 384}, {576000, 384, 1}, target_id=0
@182 = load[offset=2304000,end=4608000](@1) -> float_type, {1, 1500, 384}, {576000, 384, 1}, target_id=0
@183 = gpu::gemm[alpha=1,beta=1,compute_fp32=1,trans_batch=0,solution_idx=0](@181,@180,@139,@182) -> float_type, {1, 1500, 384}, {576000, 384, 1}, target_id=0
@184 = hip::hip_copy_literal[id=main:@literal:6] -> float_type, {1, 384, 1536}, {589824, 1536, 1}, target_id=0
@185 = hip::hip_copy_literal[id=main:@literal:14] -> float_type, {1500, 384}, {384, 1}, target_id=0
@186 = multibroadcast[out_lens={1, 1500, 384},out_dyn_dims={}](@185) -> float_type, {1, 1500, 384}, {0, 384, 1}, target_id=0
@187 = load[offset=4608000,end=6912000](@1) -> float_type, {1, 1500, 384}, {576000, 384, 1}, target_id=0
@188 = gpu::code_object[code_object=4336,symbol_name=add_layernorm_kernel,global=288000,local=192,](@183,@186,@187) -> float_type, {1, 1500, 384}, {576000, 384, 1}, target_id=0
@189 = load[offset=13824000,end=23040000](@1) -> float_type, {1, 1500, 1536}, {2304000, 1536, 1}, target_id=0
@190 = gpu::gemm[alpha=1,beta=0,compute_fp32=1,trans_batch=0,solution_idx=0](@188,@184,@189) -> float_type, {1, 1500, 1536}, {2304000, 1536, 1}, target_id=0
@191 = hip::hip_copy_literal[id=main:@literal:23] -> float_type, {1500, 1536}, {1536, 1}, target_id=0
@192 = hip::hip_copy_literal[id=main:@literal:12] -> float_type, {1536, 384}, {384, 1}, target_id=0
@193 = load[offset=4608000,end=13824000](@1) -> float_type, {1, 1500, 1536}, {2304000, 1536, 1}, target_id=0
@194 = multibroadcast[out_lens={1, 1500, 1536},out_dyn_dims={}](@191) -> float_type, {1, 1500, 1536}, {0, 1536, 1}, target_id=0
@195 = gpu::code_object[code_object=5104,symbol_name=add_mul_erf_add_mul_kernel,global=576000,local=1024,](@190,@194,@193) -> float_type, {1, 1500, 1536}, {2304000, 1536, 1}, target_id=0
@196 = multibroadcast[out_lens={1, 1536, 384},out_dyn_dims={}](@192) -> float_type, {1, 1536, 384}, {0, 384, 1}, target_id=0
@197 = load[offset=0,end=2304000](@1) -> float_type, {1, 1500, 384}, {576000, 384, 1}, target_id=0
@198 = gpu::gemm[alpha=1,beta=1,compute_fp32=1,trans_batch=0,solution_idx=0](@195,@196,@183,@197) -> float_type, {1, 1500, 384}, {576000, 384, 1}, target_id=0
@199 = hip::hip_copy_literal[id=main:@literal:0] -> float_type, {1, 1500, 1152}, {1728000, 1152, 1}, target_id=0
@200 = hip::hip_copy_literal[id=main:@literal:24] -> float_type, {1500, 384}, {384, 1}, target_id=0
@201 = hip::hip_copy_literal[id=main:@literal:11] -> float_type, {1, 384, 1152}, {442368, 1152, 1}, target_id=0
@202 = load[offset=2304000,end=4608000](@1) -> float_type, {1, 1500, 384}, {576000, 384, 1}, target_id=0
@203 = multibroadcast[out_lens={1, 1500, 384},out_dyn_dims={}](@200) -> float_type, {1, 1500, 384}, {0, 384, 1}, target_id=0
@204 = gpu::code_object[code_object=4336,symbol_name=add_layernorm_kernel,global=288000,local=192,](@198,@203,@202) -> float_type, {1, 1500, 384}, {576000, 384, 1}, target_id=0
@205 = load[offset=56304000,end=63216000](@1) -> float_type, {1, 1500, 1152}, {1728000, 1152, 1}, target_id=0
@206 = gpu::gemm[alpha=1,beta=1,compute_fp32=1,trans_batch=0,solution_idx=0](@204,@201,@199,@205) -> float_type, {1, 1500, 1152}, {1728000, 1152, 1}, target_id=0
@207 = hip::hip_copy_literal[id=main:@literal:19] -> float_type, {384}, {1}, target_id=0
@208 = slice[axes={2},starts={0},ends={384}](@206) -> float_type, {1, 1500, 384}, {1728000, 1152, 1}, target_id=0
@209 = multibroadcast[out_lens={1, 1500, 384},out_dyn_dims={}](@207) -> float_type, {1, 1500, 384}, {0, 0, 1}, target_id=0
@210 = load[offset=63216000,end=65520000](@1) -> float_type, {1, 1500, 384}, {576000, 384, 1}, target_id=0
@211 = gpu::code_object[code_object=3912,symbol_name=mul_add_kernel,global=288000,local=1024,](@208,@209,@210) -> float_type, {1, 1500, 384}, {576000, 384, 1}, target_id=0
@212 = slice[axes={2},starts={384},ends={768}](@206) -> float_type, {1, 1500, 384}, {1728000, 1152, 1}, target_id=0
@213 = reshape_lazy[dims={1, -1, 6, 64}](@212) -> float_type, {1, 1500, 6, 64}, {1728000, 1152, 64, 1}, target_id=0
@214 = transpose[permutation={0, 2, 1, 3}](@213) -> float_type, {1, 6, 1500, 64}, {1728000, 64, 1152, 1}, target_id=0
@215 = reshape_lazy[dims={6, -1, 64}](@214) -> float_type, {6, 1500, 64}, {64, 1152, 1}, target_id=0
@216 = transpose[permutation={0, 2, 1}](@215) -> float_type, {6, 64, 1500}, {64, 1, 1152}, target_id=0
@217 = reshape_lazy[dims={1, 1500, 6, 64}](@211) -> float_type, {1, 1500, 6, 64}, {576000, 384, 64, 1}, target_id=0
@218 = transpose[permutation={0, 2, 1, 3}](@217) -> float_type, {1, 6, 1500, 64}, {576000, 64, 384, 1}, target_id=0
@219 = reshape_lazy[dims={6, -1, 64}](@218) -> float_type, {6, 1500, 64}, {64, 384, 1}, target_id=0
@220 = load[offset=2304000,end=56304000](@1) -> float_type, {6, 1500, 1500}, {2250000, 1500, 1}, target_id=0
@221 = gpu::gemm[alpha=1,beta=0,compute_fp32=1,trans_batch=0,solution_idx=0](@219,@216,@220) -> float_type, {6, 1500, 1500}, {2250000, 1500, 1}, target_id=0
@222 = hip::hip_copy_literal[id=main:@literal:38] -> float_type, {384}, {1}, target_id=0
@223 = multibroadcast[out_lens={1, 1500, 384},out_dyn_dims={}](@222) -> float_type, {1, 1500, 384}, {0, 0, 1}, target_id=0
@224 = slice[axes={2},starts={768},ends={1152}](@206) -> float_type, {1, 1500, 384}, {1728000, 1152, 1}, target_id=0
@225 = load[offset=63216000,end=65520000](@1) -> float_type, {1, 1500, 384}, {576000, 384, 1}, target_id=0
@226 = gpu::code_object[code_object=3640,symbol_name=add_kernel,global=288000,local=1024,](@223,@224,@225) -> float_type, {1, 1500, 384}, {576000, 384, 1}, target_id=0
@227 = load[offset=65520000,end=119520000](@1) -> float_type, {6, 1500, 1500}, {2250000, 1500, 1}, target_id=0
@228 = gpu::code_object[code_object=5600,symbol_name=softmax_kernel,global=2304000,local=256,](@221,@227) -> float_type, {6, 1500, 1500}, {2250000, 1500, 1}, target_id=0
@229 = load[offset=2304000,end=4608000](@1) -> float_type, {6, 1500, 64}, {96000, 64, 1}, target_id=0
@230 = reshape_lazy[dims={1, -1, 6, 64}](@226) -> float_type, {1, 1500, 6, 64}, {576000, 384, 64, 1}, target_id=0
@231 = transpose[permutation={0, 2, 1, 3}](@230) -> float_type, {1, 6, 1500, 64}, {576000, 64, 384, 1}, target_id=0
@232 = reshape_lazy[dims={6, -1, 64}](@231) -> float_type, {6, 1500, 64}, {64, 384, 1}, target_id=0
@233 = gpu::gemm[alpha=1,beta=0,compute_fp32=1,trans_batch=0,solution_idx=0](@228,@232,@229) -> float_type, {6, 1500, 64}, {96000, 64, 1}, target_id=0
@234 = hip::hip_copy_literal[id=main:@literal:32] -> float_type, {384, 384}, {384, 1}, target_id=0
@235 = reshape_lazy[dims={1, 6, 1500, 64}](@233) -> float_type, {1, 6, 1500, 64}, {576000, 96000, 64, 1}, target_id=0
@236 = transpose[permutation={0, 2, 1, 3}](@235) -> float_type, {1, 1500, 6, 64}, {576000, 64, 96000, 1}, target_id=0
@237 = load[offset=4608000,end=6912000](@1) -> float_type, {1, 1500, 6, 64}, {576000, 384, 64, 1}, target_id=0
@238 = gpu::code_object[code_object=3624,symbol_name=contiguous_kernel,global=288000,local=1024,](@236,@237) -> float_type, {1, 1500, 6, 64}, {576000, 384, 64, 1}, target_id=0
@239 = multibroadcast[out_lens={1, 384, 384},out_dyn_dims={}](@234) -> float_type, {1, 384, 384}, {0, 384, 1}, target_id=0
@240 = reshape_lazy[dims={1, 1500, 384}](@238) -> float_type, {1, 1500, 384}, {576000, 384, 1}, target_id=0
@241 = load[offset=2304000,end=4608000](@1) -> float_type, {1, 1500, 384}, {576000, 384, 1}, target_id=0
@242 = gpu::gemm[alpha=1,beta=1,compute_fp32=1,trans_batch=0,solution_idx=0](@240,@239,@198,@241) -> float_type, {1, 1500, 384}, {576000, 384, 1}, target_id=0
@243 = hip::hip_copy_literal[id=main:@literal:31] -> float_type, {1500, 384}, {384, 1}, target_id=0
@244 = hip::hip_copy_literal[id=main:@literal:29] -> float_type, {1500, 384}, {384, 1}, target_id=0
@245 = hip::hip_copy_literal[id=main:@literal:7] -> float_type, {1, 384, 1536}, {589824, 1536, 1}, target_id=0
@246 = multibroadcast[out_lens={1, 1500, 384},out_dyn_dims={}](@244) -> float_type, {1, 1500, 384}, {0, 384, 1}, target_id=0
@247 = load[offset=4608000,end=6912000](@1) -> float_type, {1, 1500, 384}, {576000, 384, 1}, target_id=0
@248 = gpu::code_object[code_object=4336,symbol_name=add_layernorm_kernel,global=288000,local=192,](@242,@246,@247) -> float_type, {1, 1500, 384}, {576000, 384, 1}, target_id=0
@249 = load[offset=13824000,end=23040000](@1) -> float_type, {1, 1500, 1536}, {2304000, 1536, 1}, target_id=0
@250 = gpu::gemm[alpha=1,beta=0,compute_fp32=1,trans_batch=0,solution_idx=0](@248,@245,@249) -> float_type, {1, 1500, 1536}, {2304000, 1536, 1}, target_id=0
@251 = hip::hip_copy_literal[id=main:@literal:30] -> float_type, {1500, 1536}, {1536, 1}, target_id=0
@252 = hip::hip_copy_literal[id=main:@literal:17] -> float_type, {1536, 384}, {384, 1}, target_id=0
@253 = hip::hip_copy_literal[id=main:@literal:36] -> float_type, {384}, {1}, target_id=0
@254 = hip::hip_copy_literal[id=main:@literal:37] -> float_type, {384}, {1}, target_id=0
@255 = multibroadcast[out_lens={1, 1500, 1536},out_dyn_dims={}](@251) -> float_type, {1, 1500, 1536}, {0, 1536, 1}, target_id=0
@256 = load[offset=4608000,end=13824000](@1) -> float_type, {1, 1500, 1536}, {2304000, 1536, 1}, target_id=0
@257 = gpu::code_object[code_object=5104,symbol_name=add_mul_erf_add_mul_kernel,global=576000,local=1024,](@250,@255,@256) -> float_type, {1, 1500, 1536}, {2304000, 1536, 1}, target_id=0
@258 = multibroadcast[out_lens={1, 1536, 384},out_dyn_dims={}](@252) -> float_type, {1, 1536, 384}, {0, 384, 1}, target_id=0
@259 = load[offset=13824000,end=16128000](@1) -> float_type, {1, 1500, 384}, {576000, 384, 1}, target_id=0
@260 = gpu::gemm[alpha=1,beta=1,compute_fp32=1,trans_batch=0,solution_idx=0](@257,@258,@242,@259) -> float_type, {1, 1500, 384}, {576000, 384, 1}, target_id=0
@261 = multibroadcast[out_lens={1, 1500, 384},out_dyn_dims={}](@253) -> float_type, {1, 1500, 384}, {0, 0, 1}, target_id=0
@262 = multibroadcast[out_lens={1, 1500, 384},out_dyn_dims={}](@254) -> float_type, {1, 1500, 384}, {0, 0, 1}, target_id=0
@263 = multibroadcast[out_lens={1, 1500, 384},out_dyn_dims={}](@243) -> float_type, {1, 1500, 384}, {0, 384, 1}, target_id=0
main:#output_0 = @param:main:#output_0 -> float_type, {1, 1500, 384}, {576000, 384, 1}, target_id=0
@265 = gpu::code_object[code_object=4400,symbol_name=add_layernorm_mul_add_kernel,global=288000,local=192,](@260,@263,@262,@261,main:#output_0) -> float_type, {1, 1500, 384}, {576000, 384, 1}, target_id=0
@266 = @return(@265), target_id=0


Allocating params ... 
Running performance report ... 
@0 = check_context::migraphx::gpu::context -> float_type, {}, {}, target_id=0: 0.00094146ms, 1%
@1 = hip::hip_allocate_memory[shape=int8_type, {119520000}, {1},id=main:scratch] -> int8_type, {119520000}, {1}, target_id=0: 0.00089214ms, 1%
@2 = hip::hip_copy_literal[id=main:@literal:46] -> float_type, {384, 80, 3}, {240, 3, 1}, target_id=0: 0.0007335ms, 1%
@3 = load[offset=0,end=0](@1) -> int8_type, {0}, {1}, target_id=0: 0.0007467ms, 1%
@4 = load[offset=0,end=4608000](@1) -> float_type, {1, 384, 3000}, {1152000, 3000, 1}, target_id=0: 0.00060544ms, 1%
input_features = @param:input_features -> float_type, {1, 80, 3000}, {240000, 3000, 1}, target_id=0: 0.0004521ms, 1%
@6 = gpu::convolution[op={padding={1, 1},stride={1},dilation={1},group=1,padding_mode=0},solution_object={binary_object: 502},algo=0,solution_id=0](input_features,@2,@3,@4) -> float_type, {1, 384, 3000}, {1152000, 3000, 1}, target_id=0: 0.0717011ms, 2%
@7 = hip::hip_copy_literal[id=main:@literal:45] -> float_type, {384}, {1}, target_id=0: 0.00089416ms, 1%
@8 = load[offset=8681472,end=13289472](@1) -> float_type, {1, 384, 3000}, {1152000, 3000, 1}, target_id=0: 0.00071904ms, 1%
@9 = broadcast[axis=1,out_lens={1, 384, 3000}](@7) -> float_type, {1, 384, 3000}, {0, 1, 0}, target_id=0: 0.00139062ms, 1%
@10 = gpu::code_object[code_object=4520,symbol_name=add_mul_erf_add_mul_mul_kernel,global=576000,local=1024,](@6,@9,@8) -> float_type, {1, 384, 3000}, {1152000, 3000, 1}, target_id=0: 0.028367ms, 1%
@11 = hip::hip_copy_literal[id=main:@literal:44] -> float_type, {384, 384, 3}, {1152, 3, 1}, target_id=0: 0.00075308ms, 1%
@12 = load[offset=15593472,end=24274944](@1) -> int8_type, {8681472}, {1}, target_id=0: 0.00064004ms, 1%
@13 = load[offset=13289472,end=15593472](@1) -> float_type, {1, 384, 1500}, {576000, 1500, 1}, target_id=0: 0.00060516ms, 1%
@14 = gpu::convolution[op={padding={1, 1},stride={2},dilation={1},group=1,padding_mode=0},solution_object={binary_object: 569},algo=0,solution_id=0](@10,@11,@12,@13) -> float_type, {1, 384, 1500}, {576000, 1500, 1}, target_id=0: 0.110296ms, 3%
@15 = hip::hip_copy_literal[id=main:@literal:43] -> float_type, {384}, {1}, target_id=0: 0.00087492ms, 1%
@16 = load[offset=117216000,end=119520000](@1) -> float_type, {1, 384, 1500}, {576000, 1500, 1}, target_id=0: 0.000748ms, 1%
@17 = broadcast[axis=1,out_lens={1, 384, 1500}](@15) -> float_type, {1, 384, 1500}, {0, 1, 0}, target_id=0: 0.00103834ms, 1%
@18 = gpu::code_object[code_object=4520,symbol_name=add_mul_erf_add_mul_mul_kernel,global=288000,local=1024,](@14,@17,@16) -> float_type, {1, 384, 1500}, {576000, 1500, 1}, target_id=0: 0.0245233ms, 1%
@19 = hip::hip_copy_literal[id=main:@literal:3] -> float_type, {1, 1500, 1152}, {1728000, 1152, 1}, target_id=0: 0.00069258ms, 1%
@20 = hip::hip_copy_literal[id=main:@literal:10] -> float_type, {1, 384, 1152}, {442368, 1152, 1}, target_id=0: 0.00058908ms, 1%
@21 = hip::hip_copy_literal[id=main:@literal:42] -> float_type, {1500, 384}, {384, 1}, target_id=0: 0.0007104ms, 1%
@22 = multibroadcast[out_lens={1, 1500, 384},out_dyn_dims={}](@21) -> float_type, {1, 1500, 384}, {0, 384, 1}, target_id=0: 0.00118844ms, 1%
@23 = transpose[permutation={0, 2, 1}](@18) -> float_type, {1, 1500, 384}, {576000, 1, 1500}, target_id=0: 0.0009212ms, 1%
@24 = load[offset=6912000,end=9216000](@1) -> float_type, {1, 1500, 384}, {576000, 1, 1500}, target_id=0: 0.00063194ms, 1%
@25 = gpu::code_object[code_object=4624,symbol_name=add_layernorm_kernel,global=384000,local=256,](@23,@22,@24) -> float_type, {1, 1500, 384}, {576000, 1, 1500}, target_id=0: 0.0540885ms, 2%
@26 = load[offset=0,end=6912000](@1) -> float_type, {1, 1500, 1152}, {1728000, 1152, 1}, target_id=0: 0.00075358ms, 1%
@27 = gpu::gemm[alpha=1,beta=1,compute_fp32=1,trans_batch=0,solution_idx=0](@25,@20,@19,@26) -> float_type, {1, 1500, 1152}, {1728000, 1152, 1}, target_id=0: 0.07804ms, 2%
@28 = hip::hip_copy_literal[id=main:@literal:22] -> float_type, {384}, {1}, target_id=0: 0.0007907ms, 1%
@29 = load[offset=6912000,end=9216000](@1) -> float_type, {1, 1500, 384}, {576000, 384, 1}, target_id=0: 0.00069078ms, 1%
@30 = multibroadcast[out_lens={1, 1500, 384},out_dyn_dims={}](@28) -> float_type, {1, 1500, 384}, {0, 0, 1}, target_id=0: 0.00109884ms, 1%
@31 = slice[axes={2},starts={0},ends={384}](@27) -> float_type, {1, 1500, 384}, {1728000, 1152, 1}, target_id=0: 0.00161494ms, 1%
@32 = gpu::code_object[code_object=3912,symbol_name=mul_add_kernel,global=288000,local=1024,](@31,@30,@29) -> float_type, {1, 1500, 384}, {576000, 384, 1}, target_id=0: 0.0216533ms, 1%
@33 = load[offset=63216000,end=117216000](@1) -> float_type, {6, 1500, 1500}, {2250000, 1500, 1}, target_id=0: 0.00075682ms, 1%
@34 = reshape_lazy[dims={1, 1500, 6, 64}](@32) -> float_type, {1, 1500, 6, 64}, {576000, 384, 64, 1}, target_id=0: 0.00100918ms, 1%
@35 = transpose[permutation={0, 2, 1, 3}](@34) -> float_type, {1, 6, 1500, 64}, {576000, 64, 384, 1}, target_id=0: 0.00076038ms, 1%
@36 = reshape_lazy[dims={6, -1, 64}](@35) -> float_type, {6, 1500, 64}, {64, 384, 1}, target_id=0: 0.0006474ms, 1%
@37 = slice[axes={2},starts={384},ends={768}](@27) -> float_type, {1, 1500, 384}, {1728000, 1152, 1}, target_id=0: 0.00100886ms, 1%
@38 = reshape_lazy[dims={1, -1, 6, 64}](@37) -> float_type, {1, 1500, 6, 64}, {1728000, 1152, 64, 1}, target_id=0: 0.00099534ms, 1%
@39 = transpose[permutation={0, 2, 1, 3}](@38) -> float_type, {1, 6, 1500, 64}, {1728000, 64, 1152, 1}, target_id=0: 0.00085964ms, 1%
@40 = reshape_lazy[dims={6, -1, 64}](@39) -> float_type, {6, 1500, 64}, {64, 1152, 1}, target_id=0: 0.00087284ms, 1%
@41 = transpose[permutation={0, 2, 1}](@40) -> float_type, {6, 64, 1500}, {64, 1, 1152}, target_id=0: 0.00078944ms, 1%
@42 = gpu::gemm[alpha=1,beta=0,compute_fp32=1,trans_batch=0,solution_idx=0](@36,@41,@33) -> float_type, {6, 1500, 1500}, {2250000, 1500, 1}, target_id=0: 0.125266ms, 4%
@43 = load[offset=9216000,end=63216000](@1) -> float_type, {6, 1500, 1500}, {2250000, 1500, 1}, target_id=0: 0.00083254ms, 1%
@44 = gpu::code_object[code_object=5600,symbol_name=softmax_kernel,global=2304000,local=256,](@42,@43) -> float_type, {6, 1500, 1500}, {2250000, 1500, 1}, target_id=0: 0.136685ms, 4%
@45 = hip::hip_copy_literal[id=main:@literal:41] -> float_type, {384}, {1}, target_id=0: 0.00080306ms, 1%
@46 = load[offset=63216000,end=65520000](@1) -> float_type, {1, 1500, 384}, {576000, 384, 1}, target_id=0: 0.00066022ms, 1%
@47 = multibroadcast[out_lens={1, 1500, 384},out_dyn_dims={}](@45) -> float_type, {1, 1500, 384}, {0, 0, 1}, target_id=0: 0.00109902ms, 1%
@48 = slice[axes={2},starts={768},ends={1152}](@27) -> float_type, {1, 1500, 384}, {1728000, 1152, 1}, target_id=0: 0.00112314ms, 1%
@49 = gpu::code_object[code_object=3640,symbol_name=add_kernel,global=288000,local=1024,](@47,@48,@46) -> float_type, {1, 1500, 384}, {576000, 384, 1}, target_id=0: 0.0214464ms, 1%
@50 = reshape_lazy[dims={1, -1, 6, 64}](@49) -> float_type, {1, 1500, 6, 64}, {576000, 384, 64, 1}, target_id=0: 0.00087334ms, 1%
@51 = transpose[permutation={0, 2, 1, 3}](@50) -> float_type, {1, 6, 1500, 64}, {576000, 64, 384, 1}, target_id=0: 0.00074634ms, 1%
@52 = reshape_lazy[dims={6, -1, 64}](@51) -> float_type, {6, 1500, 64}, {64, 384, 1}, target_id=0: 0.00061094ms, 1%
@53 = load[offset=2304000,end=4608000](@1) -> float_type, {6, 1500, 64}, {96000, 64, 1}, target_id=0: 0.00064918ms, 1%
@54 = gpu::gemm[alpha=1,beta=0,compute_fp32=1,trans_batch=0,solution_idx=0](@44,@52,@53) -> float_type, {6, 1500, 64}, {96000, 64, 1}, target_id=0: 0.115641ms, 3%
@55 = reshape_lazy[dims={1, 6, 1500, 64}](@54) -> float_type, {1, 6, 1500, 64}, {576000, 96000, 64, 1}, target_id=0: 0.0008345ms, 1%
@56 = load[offset=6912000,end=9216000](@1) -> float_type, {1, 1500, 6, 64}, {576000, 384, 64, 1}, target_id=0: 0.0006926ms, 1%
@57 = transpose[permutation={0, 2, 1, 3}](@55) -> float_type, {1, 1500, 6, 64}, {576000, 64, 96000, 1}, target_id=0: 0.00064056ms, 1%
@58 = gpu::code_object[code_object=3624,symbol_name=contiguous_kernel,global=288000,local=1024,](@57,@56) -> float_type, {1, 1500, 6, 64}, {576000, 384, 64, 1}, target_id=0: 0.0205709ms, 1%
@59 = hip::hip_copy_literal[id=main:@literal:35] -> float_type, {384, 384}, {384, 1}, target_id=0: 0.00078628ms, 1%
@60 = load[offset=4608000,end=6912000](@1) -> float_type, {1, 1500, 384}, {576000, 384, 1}, target_id=0: 0.00065742ms, 1%
@61 = multibroadcast[out_lens={1, 384, 384},out_dyn_dims={}](@59) -> float_type, {1, 384, 384}, {0, 384, 1}, target_id=0: 0.00101776ms, 1%
@62 = reshape_lazy[dims={1, 1500, 384}](@58) -> float_type, {1, 1500, 384}, {576000, 384, 1}, target_id=0: 0.00062526ms, 1%
@63 = gpu::gemm[alpha=1,beta=0,compute_fp32=1,trans_batch=0,solution_idx=0](@62,@61,@60) -> float_type, {1, 1500, 384}, {576000, 384, 1}, target_id=0: 0.0465842ms, 2%
@64 = load[offset=2304000,end=4608000](@1) -> float_type, {1, 1500, 384}, {576000, 384, 1}, target_id=0: 0.00083476ms, 1%
@65 = gpu::code_object[code_object=3616,symbol_name=add_kernel,global=576000,local=1024,](@23,@63,@64) -> float_type, {1, 1500, 384}, {576000, 384, 1}, target_id=0: 0.031937ms, 1%
@66 = hip::hip_copy_literal[id=main:@literal:15] -> float_type, {1500, 384}, {384, 1}, target_id=0: 0.0007443ms, 1%
@67 = hip::hip_copy_literal[id=main:@literal:8] -> float_type, {1, 384, 1536}, {589824, 1536, 1}, target_id=0: 0.00055622ms, 1%
@68 = load[offset=4608000,end=6912000](@1) -> float_type, {1, 1500, 384}, {576000, 384, 1}, target_id=0: 0.00077874ms, 1%
@69 = multibroadcast[out_lens={1, 1500, 384},out_dyn_dims={}](@66) -> float_type, {1, 1500, 384}, {0, 384, 1}, target_id=0: 0.00101876ms, 1%
@70 = gpu::code_object[code_object=4336,symbol_name=add_layernorm_kernel,global=288000,local=192,](@65,@69,@68) -> float_type, {1, 1500, 384}, {576000, 384, 1}, target_id=0: 0.02326ms, 1%
@71 = load[offset=13824000,end=23040000](@1) -> float_type, {1, 1500, 1536}, {2304000, 1536, 1}, target_id=0: 0.00077324ms, 1%
@72 = gpu::gemm[alpha=1,beta=0,compute_fp32=1,trans_batch=0,solution_idx=0](@70,@67,@71) -> float_type, {1, 1500, 1536}, {2304000, 1536, 1}, target_id=0: 0.0853596ms, 3%
@73 = hip::hip_copy_literal[id=main:@literal:26] -> float_type, {1536, 384}, {384, 1}, target_id=0: 0.00076948ms, 1%
@74 = hip::hip_copy_literal[id=main:@literal:25] -> float_type, {1500, 1536}, {1536, 1}, target_id=0: 0.0005673ms, 1%
@75 = load[offset=4608000,end=13824000](@1) -> float_type, {1, 1500, 1536}, {2304000, 1536, 1}, target_id=0: 0.00068168ms, 1%
@76 = multibroadcast[out_lens={1, 1500, 1536},out_dyn_dims={}](@74) -> float_type, {1, 1500, 1536}, {0, 1536, 1}, target_id=0: 0.00102596ms, 1%
@77 = gpu::code_object[code_object=5104,symbol_name=add_mul_erf_add_mul_kernel,global=576000,local=1024,](@72,@76,@75) -> float_type, {1, 1500, 1536}, {2304000, 1536, 1}, target_id=0: 0.0461683ms, 2%
@78 = load[offset=0,end=2304000](@1) -> float_type, {1, 1500, 384}, {576000, 384, 1}, target_id=0: 0.00074214ms, 1%
@79 = multibroadcast[out_lens={1, 1536, 384},out_dyn_dims={}](@73) -> float_type, {1, 1536, 384}, {0, 384, 1}, target_id=0: 0.0009698ms, 1%
@80 = gpu::gemm[alpha=1,beta=1,compute_fp32=1,trans_batch=0,solution_idx=0](@77,@79,@65,@78) -> float_type, {1, 1500, 384}, {576000, 384, 1}, target_id=0: 0.114929ms, 3%
@81 = hip::hip_copy_literal[id=main:@literal:2] -> float_type, {1, 1500, 1152}, {1728000, 1152, 1}, target_id=0: 0.00078888ms, 1%
@82 = hip::hip_copy_literal[id=main:@literal:27] -> float_type, {1500, 384}, {384, 1}, target_id=0: 0.00063542ms, 1%
@83 = load[offset=2304000,end=4608000](@1) -> float_type, {1, 1500, 384}, {576000, 384, 1}, target_id=0: 0.0006853ms, 1%
@84 = multibroadcast[out_lens={1, 1500, 384},out_dyn_dims={}](@82) -> float_type, {1, 1500, 384}, {0, 384, 1}, target_id=0: 0.00096316ms, 1%
@85 = gpu::code_object[code_object=4336,symbol_name=add_layernorm_kernel,global=288000,local=192,](@80,@84,@83) -> float_type, {1, 1500, 384}, {576000, 384, 1}, target_id=0: 0.0226745ms, 1%
@86 = hip::hip_copy_literal[id=main:@literal:5] -> float_type, {1, 384, 1152}, {442368, 1152, 1}, target_id=0: 0.00069968ms, 1%
@87 = load[offset=56304000,end=63216000](@1) -> float_type, {1, 1500, 1152}, {1728000, 1152, 1}, target_id=0: 0.00062632ms, 1%
@88 = gpu::gemm[alpha=1,beta=1,compute_fp32=1,trans_batch=0,solution_idx=0](@85,@86,@81,@87) -> float_type, {1, 1500, 1152}, {1728000, 1152, 1}, target_id=0: 0.0798107ms, 3%
@89 = hip::hip_copy_literal[id=main:@literal:13] -> float_type, {384}, {1}, target_id=0: 0.00075876ms, 1%
@90 = multibroadcast[out_lens={1, 1500, 384},out_dyn_dims={}](@89) -> float_type, {1, 1500, 384}, {0, 0, 1}, target_id=0: 0.00102932ms, 1%
@91 = slice[axes={2},starts={0},ends={384}](@88) -> float_type, {1, 1500, 384}, {1728000, 1152, 1}, target_id=0: 0.0011974ms, 1%
@92 = load[offset=63216000,end=65520000](@1) -> float_type, {1, 1500, 384}, {576000, 384, 1}, target_id=0: 0.00064154ms, 1%
@93 = gpu::code_object[code_object=3912,symbol_name=mul_add_kernel,global=288000,local=1024,](@91,@90,@92) -> float_type, {1, 1500, 384}, {576000, 384, 1}, target_id=0: 0.0220914ms, 1%
@94 = load[offset=2304000,end=56304000](@1) -> float_type, {6, 1500, 1500}, {2250000, 1500, 1}, target_id=0: 0.0007441ms, 1%
@95 = slice[axes={2},starts={384},ends={768}](@88) -> float_type, {1, 1500, 384}, {1728000, 1152, 1}, target_id=0: 0.0009863ms, 1%
@96 = reshape_lazy[dims={1, -1, 6, 64}](@95) -> float_type, {1, 1500, 6, 64}, {1728000, 1152, 64, 1}, target_id=0: 0.00113008ms, 1%
@97 = transpose[permutation={0, 2, 1, 3}](@96) -> float_type, {1, 6, 1500, 64}, {1728000, 64, 1152, 1}, target_id=0: 0.00093936ms, 1%
@98 = reshape_lazy[dims={6, -1, 64}](@97) -> float_type, {6, 1500, 64}, {64, 1152, 1}, target_id=0: 0.00088038ms, 1%
@99 = transpose[permutation={0, 2, 1}](@98) -> float_type, {6, 64, 1500}, {64, 1, 1152}, target_id=0: 0.00077852ms, 1%
@100 = reshape_lazy[dims={1, 1500, 6, 64}](@93) -> float_type, {1, 1500, 6, 64}, {576000, 384, 64, 1}, target_id=0: 0.00064708ms, 1%
@101 = transpose[permutation={0, 2, 1, 3}](@100) -> float_type, {1, 6, 1500, 64}, {576000, 64, 384, 1}, target_id=0: 0.00064058ms, 1%
@102 = reshape_lazy[dims={6, -1, 64}](@101) -> float_type, {6, 1500, 64}, {64, 384, 1}, target_id=0: 0.00062ms, 1%
@103 = gpu::gemm[alpha=1,beta=0,compute_fp32=1,trans_batch=0,solution_idx=0](@102,@99,@94) -> float_type, {6, 1500, 1500}, {2250000, 1500, 1}, target_id=0: 0.12092ms, 4%
@104 = hip::hip_copy_literal[id=main:@literal:40] -> float_type, {384}, {1}, target_id=0: 0.0008086ms, 1%
@105 = load[offset=63216000,end=65520000](@1) -> float_type, {1, 1500, 384}, {576000, 384, 1}, target_id=0: 0.00068866ms, 1%
@106 = multibroadcast[out_lens={1, 1500, 384},out_dyn_dims={}](@104) -> float_type, {1, 1500, 384}, {0, 0, 1}, target_id=0: 0.00103666ms, 1%
@107 = slice[axes={2},starts={768},ends={1152}](@88) -> float_type, {1, 1500, 384}, {1728000, 1152, 1}, target_id=0: 0.00104214ms, 1%
@108 = gpu::code_object[code_object=3640,symbol_name=add_kernel,global=288000,local=1024,](@106,@107,@105) -> float_type, {1, 1500, 384}, {576000, 384, 1}, target_id=0: 0.0217841ms, 1%
@109 = load[offset=65520000,end=119520000](@1) -> float_type, {6, 1500, 1500}, {2250000, 1500, 1}, target_id=0: 0.00075084ms, 1%
@110 = gpu::code_object[code_object=5600,symbol_name=softmax_kernel,global=2304000,local=256,](@103,@109) -> float_type, {6, 1500, 1500}, {2250000, 1500, 1}, target_id=0: 0.142387ms, 4%
@111 = reshape_lazy[dims={1, -1, 6, 64}](@108) -> float_type, {1, 1500, 6, 64}, {576000, 384, 64, 1}, target_id=0: 0.0008113ms, 1%
@112 = transpose[permutation={0, 2, 1, 3}](@111) -> float_type, {1, 6, 1500, 64}, {576000, 64, 384, 1}, target_id=0: 0.0007102ms, 1%
@113 = reshape_lazy[dims={6, -1, 64}](@112) -> float_type, {6, 1500, 64}, {64, 384, 1}, target_id=0: 0.00058446ms, 1%
@114 = load[offset=2304000,end=4608000](@1) -> float_type, {6, 1500, 64}, {96000, 64, 1}, target_id=0: 0.00061948ms, 1%
@115 = gpu::gemm[alpha=1,beta=0,compute_fp32=1,trans_batch=0,solution_idx=0](@110,@113,@114) -> float_type, {6, 1500, 64}, {96000, 64, 1}, target_id=0: 0.11312ms, 3%
@116 = hip::hip_copy_literal[id=main:@literal:34] -> float_type, {384, 384}, {384, 1}, target_id=0: 0.00080924ms, 1%
@117 = load[offset=4608000,end=6912000](@1) -> float_type, {1, 1500, 6, 64}, {576000, 384, 64, 1}, target_id=0: 0.00069474ms, 1%
@118 = reshape_lazy[dims={1, 6, 1500, 64}](@115) -> float_type, {1, 6, 1500, 64}, {576000, 96000, 64, 1}, target_id=0: 0.0006781ms, 1%
@119 = transpose[permutation={0, 2, 1, 3}](@118) -> float_type, {1, 1500, 6, 64}, {576000, 64, 96000, 1}, target_id=0: 0.0006608ms, 1%
@120 = gpu::code_object[code_object=3624,symbol_name=contiguous_kernel,global=288000,local=1024,](@119,@117) -> float_type, {1, 1500, 6, 64}, {576000, 384, 64, 1}, target_id=0: 0.0207971ms, 1%
@121 = load[offset=2304000,end=4608000](@1) -> float_type, {1, 1500, 384}, {576000, 384, 1}, target_id=0: 0.00076792ms, 1%
@122 = multibroadcast[out_lens={1, 384, 384},out_dyn_dims={}](@116) -> float_type, {1, 384, 384}, {0, 384, 1}, target_id=0: 0.00112786ms, 1%
@123 = reshape_lazy[dims={1, 1500, 384}](@120) -> float_type, {1, 1500, 384}, {576000, 384, 1}, target_id=0: 0.0006197ms, 1%
@124 = gpu::gemm[alpha=1,beta=1,compute_fp32=1,trans_batch=0,solution_idx=0](@123,@122,@80,@121) -> float_type, {1, 1500, 384}, {576000, 384, 1}, target_id=0: 0.0462534ms, 2%
@125 = hip::hip_copy_literal[id=main:@literal:9] -> float_type, {1, 384, 1536}, {589824, 1536, 1}, target_id=0: 0.00080182ms, 1%
@126 = hip::hip_copy_literal[id=main:@literal:20] -> float_type, {1500, 384}, {384, 1}, target_id=0: 0.00057736ms, 1%
@127 = multibroadcast[out_lens={1, 1500, 384},out_dyn_dims={}](@126) -> float_type, {1, 1500, 384}, {0, 384, 1}, target_id=0: 0.00100704ms, 1%
@128 = load[offset=4608000,end=6912000](@1) -> float_type, {1, 1500, 384}, {576000, 384, 1}, target_id=0: 0.00065544ms, 1%
@129 = gpu::code_object[code_object=4336,symbol_name=add_layernorm_kernel,global=288000,local=192,](@124,@127,@128) -> float_type, {1, 1500, 384}, {576000, 384, 1}, target_id=0: 0.023724ms, 1%
@130 = load[offset=13824000,end=23040000](@1) -> float_type, {1, 1500, 1536}, {2304000, 1536, 1}, target_id=0: 0.00074138ms, 1%
@131 = gpu::gemm[alpha=1,beta=0,compute_fp32=1,trans_batch=0,solution_idx=0](@129,@125,@130) -> float_type, {1, 1500, 1536}, {2304000, 1536, 1}, target_id=0: 0.0851107ms, 3%
@132 = hip::hip_copy_literal[id=main:@literal:21] -> float_type, {1500, 1536}, {1536, 1}, target_id=0: 0.0007851ms, 1%
@133 = hip::hip_copy_literal[id=main:@literal:28] -> float_type, {1536, 384}, {384, 1}, target_id=0: 0.00057146ms, 1%
@134 = multibroadcast[out_lens={1, 1500, 1536},out_dyn_dims={}](@132) -> float_type, {1, 1500, 1536}, {0, 1536, 1}, target_id=0: 0.00100812ms, 1%
@135 = load[offset=4608000,end=13824000](@1) -> float_type, {1, 1500, 1536}, {2304000, 1536, 1}, target_id=0: 0.00065378ms, 1%
@136 = gpu::code_object[code_object=5104,symbol_name=add_mul_erf_add_mul_kernel,global=576000,local=1024,](@131,@134,@135) -> float_type, {1, 1500, 1536}, {2304000, 1536, 1}, target_id=0: 0.0461585ms, 2%
@137 = multibroadcast[out_lens={1, 1536, 384},out_dyn_dims={}](@133) -> float_type, {1, 1536, 384}, {0, 384, 1}, target_id=0: 0.00106016ms, 1%
@138 = load[offset=0,end=2304000](@1) -> float_type, {1, 1500, 384}, {576000, 384, 1}, target_id=0: 0.00062018ms, 1%
@139 = gpu::gemm[alpha=1,beta=1,compute_fp32=1,trans_batch=0,solution_idx=0](@136,@137,@124,@138) -> float_type, {1, 1500, 384}, {576000, 384, 1}, target_id=0: 0.115141ms, 3%
@140 = hip::hip_copy_literal[id=main:@literal:1] -> float_type, {1, 1500, 1152}, {1728000, 1152, 1}, target_id=0: 0.0007822ms, 1%
@141 = hip::hip_copy_literal[id=main:@literal:18] -> float_type, {1500, 384}, {384, 1}, target_id=0: 0.0005996ms, 1%
@142 = hip::hip_copy_literal[id=main:@literal:4] -> float_type, {1, 384, 1152}, {442368, 1152, 1}, target_id=0: 0.00061316ms, 1%
@143 = multibroadcast[out_lens={1, 1500, 384},out_dyn_dims={}](@141) -> float_type, {1, 1500, 384}, {0, 384, 1}, target_id=0: 0.00103854ms, 1%
@144 = load[offset=2304000,end=4608000](@1) -> float_type, {1, 1500, 384}, {576000, 384, 1}, target_id=0: 0.00067462ms, 1%
@145 = gpu::code_object[code_object=4336,symbol_name=add_layernorm_kernel,global=288000,local=192,](@139,@143,@144) -> float_type, {1, 1500, 384}, {576000, 384, 1}, target_id=0: 0.0237315ms, 1%
@146 = load[offset=56304000,end=63216000](@1) -> float_type, {1, 1500, 1152}, {1728000, 1152, 1}, target_id=0: 0.00075264ms, 1%
@147 = gpu::gemm[alpha=1,beta=1,compute_fp32=1,trans_batch=0,solution_idx=0](@145,@142,@140,@146) -> float_type, {1, 1500, 1152}, {1728000, 1152, 1}, target_id=0: 0.0783285ms, 2%
@148 = hip::hip_copy_literal[id=main:@literal:16] -> float_type, {384}, {1}, target_id=0: 0.00077728ms, 1%
@149 = slice[axes={2},starts={0},ends={384}](@147) -> float_type, {1, 1500, 384}, {1728000, 1152, 1}, target_id=0: 0.0011831ms, 1%
@150 = multibroadcast[out_lens={1, 1500, 384},out_dyn_dims={}](@148) -> float_type, {1, 1500, 384}, {0, 0, 1}, target_id=0: 0.00100874ms, 1%
@151 = load[offset=63216000,end=65520000](@1) -> float_type, {1, 1500, 384}, {576000, 384, 1}, target_id=0: 0.00065436ms, 1%
@152 = gpu::code_object[code_object=3912,symbol_name=mul_add_kernel,global=288000,local=1024,](@149,@150,@151) -> float_type, {1, 1500, 384}, {576000, 384, 1}, target_id=0: 0.0219073ms, 1%
@153 = slice[axes={2},starts={384},ends={768}](@147) -> float_type, {1, 1500, 384}, {1728000, 1152, 1}, target_id=0: 0.0011644ms, 1%
@154 = reshape_lazy[dims={1, -1, 6, 64}](@153) -> float_type, {1, 1500, 6, 64}, {1728000, 1152, 64, 1}, target_id=0: 0.00113206ms, 1%
@155 = transpose[permutation={0, 2, 1, 3}](@154) -> float_type, {1, 6, 1500, 64}, {1728000, 64, 1152, 1}, target_id=0: 0.00093606ms, 1%
@156 = reshape_lazy[dims={6, -1, 64}](@155) -> float_type, {6, 1500, 64}, {64, 1152, 1}, target_id=0: 0.00089304ms, 1%
@157 = transpose[permutation={0, 2, 1}](@156) -> float_type, {6, 64, 1500}, {64, 1, 1152}, target_id=0: 0.00078304ms, 1%
@158 = reshape_lazy[dims={1, 1500, 6, 64}](@152) -> float_type, {1, 1500, 6, 64}, {576000, 384, 64, 1}, target_id=0: 0.0006329ms, 1%
@159 = transpose[permutation={0, 2, 1, 3}](@158) -> float_type, {1, 6, 1500, 64}, {576000, 64, 384, 1}, target_id=0: 0.00065738ms, 1%
@160 = reshape_lazy[dims={6, -1, 64}](@159) -> float_type, {6, 1500, 64}, {64, 384, 1}, target_id=0: 0.00060416ms, 1%
@161 = load[offset=2304000,end=56304000](@1) -> float_type, {6, 1500, 1500}, {2250000, 1500, 1}, target_id=0: 0.00063772ms, 1%
@162 = gpu::gemm[alpha=1,beta=0,compute_fp32=1,trans_batch=0,solution_idx=0](@160,@157,@161) -> float_type, {6, 1500, 1500}, {2250000, 1500, 1}, target_id=0: 0.121964ms, 4%
@163 = hip::hip_copy_literal[id=main:@literal:39] -> float_type, {384}, {1}, target_id=0: 0.0008259ms, 1%
@164 = load[offset=63216000,end=65520000](@1) -> float_type, {1, 1500, 384}, {576000, 384, 1}, target_id=0: 0.00068076ms, 1%
@165 = multibroadcast[out_lens={1, 1500, 384},out_dyn_dims={}](@163) -> float_type, {1, 1500, 384}, {0, 0, 1}, target_id=0: 0.0010277ms, 1%
@166 = slice[axes={2},starts={768},ends={1152}](@147) -> float_type, {1, 1500, 384}, {1728000, 1152, 1}, target_id=0: 0.0010474ms, 1%
@167 = gpu::code_object[code_object=3640,symbol_name=add_kernel,global=288000,local=1024,](@165,@166,@164) -> float_type, {1, 1500, 384}, {576000, 384, 1}, target_id=0: 0.0217542ms, 1%
@168 = load[offset=65520000,end=119520000](@1) -> float_type, {6, 1500, 1500}, {2250000, 1500, 1}, target_id=0: 0.00076272ms, 1%
@169 = gpu::code_object[code_object=5600,symbol_name=softmax_kernel,global=2304000,local=256,](@162,@168) -> float_type, {6, 1500, 1500}, {2250000, 1500, 1}, target_id=0: 0.140857ms, 4%
@170 = reshape_lazy[dims={1, -1, 6, 64}](@167) -> float_type, {1, 1500, 6, 64}, {576000, 384, 64, 1}, target_id=0: 0.00083624ms, 1%
@171 = transpose[permutation={0, 2, 1, 3}](@170) -> float_type, {1, 6, 1500, 64}, {576000, 64, 384, 1}, target_id=0: 0.00070268ms, 1%
@172 = reshape_lazy[dims={6, -1, 64}](@171) -> float_type, {6, 1500, 64}, {64, 384, 1}, target_id=0: 0.00059788ms, 1%
@173 = load[offset=2304000,end=4608000](@1) -> float_type, {6, 1500, 64}, {96000, 64, 1}, target_id=0: 0.0006714ms, 1%
@174 = gpu::gemm[alpha=1,beta=0,compute_fp32=1,trans_batch=0,solution_idx=0](@169,@172,@173) -> float_type, {6, 1500, 64}, {96000, 64, 1}, target_id=0: 0.112545ms, 3%
@175 = hip::hip_copy_literal[id=main:@literal:33] -> float_type, {384, 384}, {384, 1}, target_id=0: 0.00081308ms, 1%
@176 = reshape_lazy[dims={1, 6, 1500, 64}](@174) -> float_type, {1, 6, 1500, 64}, {576000, 96000, 64, 1}, target_id=0: 0.00071944ms, 1%
@177 = transpose[permutation={0, 2, 1, 3}](@176) -> float_type, {1, 1500, 6, 64}, {576000, 64, 96000, 1}, target_id=0: 0.00065112ms, 1%
@178 = load[offset=4608000,end=6912000](@1) -> float_type, {1, 1500, 6, 64}, {576000, 384, 64, 1}, target_id=0: 0.00068214ms, 1%
@179 = gpu::code_object[code_object=3624,symbol_name=contiguous_kernel,global=288000,local=1024,](@177,@178) -> float_type, {1, 1500, 6, 64}, {576000, 384, 64, 1}, target_id=0: 0.0207579ms, 1%
@180 = multibroadcast[out_lens={1, 384, 384},out_dyn_dims={}](@175) -> float_type, {1, 384, 384}, {0, 384, 1}, target_id=0: 0.00125228ms, 1%
@181 = reshape_lazy[dims={1, 1500, 384}](@179) -> float_type, {1, 1500, 384}, {576000, 384, 1}, target_id=0: 0.00062674ms, 1%
@182 = load[offset=2304000,end=4608000](@1) -> float_type, {1, 1500, 384}, {576000, 384, 1}, target_id=0: 0.00063784ms, 1%
@183 = gpu::gemm[alpha=1,beta=1,compute_fp32=1,trans_batch=0,solution_idx=0](@181,@180,@139,@182) -> float_type, {1, 1500, 384}, {576000, 384, 1}, target_id=0: 0.0458375ms, 2%
@184 = hip::hip_copy_literal[id=main:@literal:6] -> float_type, {1, 384, 1536}, {589824, 1536, 1}, target_id=0: 0.00080874ms, 1%
@185 = hip::hip_copy_literal[id=main:@literal:14] -> float_type, {1500, 384}, {384, 1}, target_id=0: 0.0005656ms, 1%
@186 = multibroadcast[out_lens={1, 1500, 384},out_dyn_dims={}](@185) -> float_type, {1, 1500, 384}, {0, 384, 1}, target_id=0: 0.00101266ms, 1%
@187 = load[offset=4608000,end=6912000](@1) -> float_type, {1, 1500, 384}, {576000, 384, 1}, target_id=0: 0.0006585ms, 1%
@188 = gpu::code_object[code_object=4336,symbol_name=add_layernorm_kernel,global=288000,local=192,](@183,@186,@187) -> float_type, {1, 1500, 384}, {576000, 384, 1}, target_id=0: 0.0236482ms, 1%
@189 = load[offset=13824000,end=23040000](@1) -> float_type, {1, 1500, 1536}, {2304000, 1536, 1}, target_id=0: 0.00073228ms, 1%
@190 = gpu::gemm[alpha=1,beta=0,compute_fp32=1,trans_batch=0,solution_idx=0](@188,@184,@189) -> float_type, {1, 1500, 1536}, {2304000, 1536, 1}, target_id=0: 0.0855678ms, 3%
@191 = hip::hip_copy_literal[id=main:@literal:23] -> float_type, {1500, 1536}, {1536, 1}, target_id=0: 0.00075926ms, 1%
@192 = hip::hip_copy_literal[id=main:@literal:12] -> float_type, {1536, 384}, {384, 1}, target_id=0: 0.0005551ms, 1%
@193 = load[offset=4608000,end=13824000](@1) -> float_type, {1, 1500, 1536}, {2304000, 1536, 1}, target_id=0: 0.0006905ms, 1%
@194 = multibroadcast[out_lens={1, 1500, 1536},out_dyn_dims={}](@191) -> float_type, {1, 1500, 1536}, {0, 1536, 1}, target_id=0: 0.0009556ms, 1%
@195 = gpu::code_object[code_object=5104,symbol_name=add_mul_erf_add_mul_kernel,global=576000,local=1024,](@190,@194,@193) -> float_type, {1, 1500, 1536}, {2304000, 1536, 1}, target_id=0: 0.045983ms, 2%
@196 = multibroadcast[out_lens={1, 1536, 384},out_dyn_dims={}](@192) -> float_type, {1, 1536, 384}, {0, 384, 1}, target_id=0: 0.00106378ms, 1%
@197 = load[offset=0,end=2304000](@1) -> float_type, {1, 1500, 384}, {576000, 384, 1}, target_id=0: 0.00064124ms, 1%
@198 = gpu::gemm[alpha=1,beta=1,compute_fp32=1,trans_batch=0,solution_idx=0](@195,@196,@183,@197) -> float_type, {1, 1500, 384}, {576000, 384, 1}, target_id=0: 0.11396ms, 3%
@199 = hip::hip_copy_literal[id=main:@literal:0] -> float_type, {1, 1500, 1152}, {1728000, 1152, 1}, target_id=0: 0.00075478ms, 1%
@200 = hip::hip_copy_literal[id=main:@literal:24] -> float_type, {1500, 384}, {384, 1}, target_id=0: 0.0005648ms, 1%
@201 = hip::hip_copy_literal[id=main:@literal:11] -> float_type, {1, 384, 1152}, {442368, 1152, 1}, target_id=0: 0.0007888ms, 1%
@202 = load[offset=2304000,end=4608000](@1) -> float_type, {1, 1500, 384}, {576000, 384, 1}, target_id=0: 0.00068514ms, 1%
@203 = multibroadcast[out_lens={1, 1500, 384},out_dyn_dims={}](@200) -> float_type, {1, 1500, 384}, {0, 384, 1}, target_id=0: 0.00096022ms, 1%
@204 = gpu::code_object[code_object=4336,symbol_name=add_layernorm_kernel,global=288000,local=192,](@198,@203,@202) -> float_type, {1, 1500, 384}, {576000, 384, 1}, target_id=0: 0.0237298ms, 1%
@205 = load[offset=56304000,end=63216000](@1) -> float_type, {1, 1500, 1152}, {1728000, 1152, 1}, target_id=0: 0.00073872ms, 1%
@206 = gpu::gemm[alpha=1,beta=1,compute_fp32=1,trans_batch=0,solution_idx=0](@204,@201,@199,@205) -> float_type, {1, 1500, 1152}, {1728000, 1152, 1}, target_id=0: 0.0800625ms, 3%
@207 = hip::hip_copy_literal[id=main:@literal:19] -> float_type, {384}, {1}, target_id=0: 0.00079528ms, 1%
@208 = slice[axes={2},starts={0},ends={384}](@206) -> float_type, {1, 1500, 384}, {1728000, 1152, 1}, target_id=0: 0.00115684ms, 1%
@209 = multibroadcast[out_lens={1, 1500, 384},out_dyn_dims={}](@207) -> float_type, {1, 1500, 384}, {0, 0, 1}, target_id=0: 0.00098878ms, 1%
@210 = load[offset=63216000,end=65520000](@1) -> float_type, {1, 1500, 384}, {576000, 384, 1}, target_id=0: 0.0006501ms, 1%
@211 = gpu::code_object[code_object=3912,symbol_name=mul_add_kernel,global=288000,local=1024,](@208,@209,@210) -> float_type, {1, 1500, 384}, {576000, 384, 1}, target_id=0: 0.0218707ms, 1%
@212 = slice[axes={2},starts={384},ends={768}](@206) -> float_type, {1, 1500, 384}, {1728000, 1152, 1}, target_id=0: 0.00115154ms, 1%
@213 = reshape_lazy[dims={1, -1, 6, 64}](@212) -> float_type, {1, 1500, 6, 64}, {1728000, 1152, 64, 1}, target_id=0: 0.00106168ms, 1%
@214 = transpose[permutation={0, 2, 1, 3}](@213) -> float_type, {1, 6, 1500, 64}, {1728000, 64, 1152, 1}, target_id=0: 0.0009273ms, 1%
@215 = reshape_lazy[dims={6, -1, 64}](@214) -> float_type, {6, 1500, 64}, {64, 1152, 1}, target_id=0: 0.00086586ms, 1%
@216 = transpose[permutation={0, 2, 1}](@215) -> float_type, {6, 64, 1500}, {64, 1, 1152}, target_id=0: 0.00079046ms, 1%
@217 = reshape_lazy[dims={1, 1500, 6, 64}](@211) -> float_type, {1, 1500, 6, 64}, {576000, 384, 64, 1}, target_id=0: 0.00065274ms, 1%
@218 = transpose[permutation={0, 2, 1, 3}](@217) -> float_type, {1, 6, 1500, 64}, {576000, 64, 384, 1}, target_id=0: 0.00064664ms, 1%
@219 = reshape_lazy[dims={6, -1, 64}](@218) -> float_type, {6, 1500, 64}, {64, 384, 1}, target_id=0: 0.00061568ms, 1%
@220 = load[offset=2304000,end=56304000](@1) -> float_type, {6, 1500, 1500}, {2250000, 1500, 1}, target_id=0: 0.00063522ms, 1%
@221 = gpu::gemm[alpha=1,beta=0,compute_fp32=1,trans_batch=0,solution_idx=0](@219,@216,@220) -> float_type, {6, 1500, 1500}, {2250000, 1500, 1}, target_id=0: 0.121552ms, 4%
@222 = hip::hip_copy_literal[id=main:@literal:38] -> float_type, {384}, {1}, target_id=0: 0.00087666ms, 1%
@223 = multibroadcast[out_lens={1, 1500, 384},out_dyn_dims={}](@222) -> float_type, {1, 1500, 384}, {0, 0, 1}, target_id=0: 0.00106608ms, 1%
@224 = slice[axes={2},starts={768},ends={1152}](@206) -> float_type, {1, 1500, 384}, {1728000, 1152, 1}, target_id=0: 0.00106008ms, 1%
@225 = load[offset=63216000,end=65520000](@1) -> float_type, {1, 1500, 384}, {576000, 384, 1}, target_id=0: 0.00066056ms, 1%
@226 = gpu::code_object[code_object=3640,symbol_name=add_kernel,global=288000,local=1024,](@223,@224,@225) -> float_type, {1, 1500, 384}, {576000, 384, 1}, target_id=0: 0.0217431ms, 1%
@227 = load[offset=65520000,end=119520000](@1) -> float_type, {6, 1500, 1500}, {2250000, 1500, 1}, target_id=0: 0.00074394ms, 1%
@228 = gpu::code_object[code_object=5600,symbol_name=softmax_kernel,global=2304000,local=256,](@221,@227) -> float_type, {6, 1500, 1500}, {2250000, 1500, 1}, target_id=0: 0.137354ms, 4%
@229 = load[offset=2304000,end=4608000](@1) -> float_type, {6, 1500, 64}, {96000, 64, 1}, target_id=0: 0.00073ms, 1%
@230 = reshape_lazy[dims={1, -1, 6, 64}](@226) -> float_type, {1, 1500, 6, 64}, {576000, 384, 64, 1}, target_id=0: 0.00070232ms, 1%
@231 = transpose[permutation={0, 2, 1, 3}](@230) -> float_type, {1, 6, 1500, 64}, {576000, 64, 384, 1}, target_id=0: 0.00071152ms, 1%
@232 = reshape_lazy[dims={6, -1, 64}](@231) -> float_type, {6, 1500, 64}, {64, 384, 1}, target_id=0: 0.00059754ms, 1%
@233 = gpu::gemm[alpha=1,beta=0,compute_fp32=1,trans_batch=0,solution_idx=0](@228,@232,@229) -> float_type, {6, 1500, 64}, {96000, 64, 1}, target_id=0: 0.11247ms, 3%
@234 = hip::hip_copy_literal[id=main:@literal:32] -> float_type, {384, 384}, {384, 1}, target_id=0: 0.00081918ms, 1%
@235 = reshape_lazy[dims={1, 6, 1500, 64}](@233) -> float_type, {1, 6, 1500, 64}, {576000, 96000, 64, 1}, target_id=0: 0.0006907ms, 1%
@236 = transpose[permutation={0, 2, 1, 3}](@235) -> float_type, {1, 1500, 6, 64}, {576000, 64, 96000, 1}, target_id=0: 0.0006574ms, 1%
@237 = load[offset=4608000,end=6912000](@1) -> float_type, {1, 1500, 6, 64}, {576000, 384, 64, 1}, target_id=0: 0.00069378ms, 1%
@238 = gpu::code_object[code_object=3624,symbol_name=contiguous_kernel,global=288000,local=1024,](@236,@237) -> float_type, {1, 1500, 6, 64}, {576000, 384, 64, 1}, target_id=0: 0.0207256ms, 1%
@239 = multibroadcast[out_lens={1, 384, 384},out_dyn_dims={}](@234) -> float_type, {1, 384, 384}, {0, 384, 1}, target_id=0: 0.0012312ms, 1%
@240 = reshape_lazy[dims={1, 1500, 384}](@238) -> float_type, {1, 1500, 384}, {576000, 384, 1}, target_id=0: 0.00063012ms, 1%
@241 = load[offset=2304000,end=4608000](@1) -> float_type, {1, 1500, 384}, {576000, 384, 1}, target_id=0: 0.0006464ms, 1%
@242 = gpu::gemm[alpha=1,beta=1,compute_fp32=1,trans_batch=0,solution_idx=0](@240,@239,@198,@241) -> float_type, {1, 1500, 384}, {576000, 384, 1}, target_id=0: 0.046027ms, 2%
@243 = hip::hip_copy_literal[id=main:@literal:31] -> float_type, {1500, 384}, {384, 1}, target_id=0: 0.00081094ms, 1%
@244 = hip::hip_copy_literal[id=main:@literal:29] -> float_type, {1500, 384}, {384, 1}, target_id=0: 0.00059098ms, 1%
@245 = hip::hip_copy_literal[id=main:@literal:7] -> float_type, {1, 384, 1536}, {589824, 1536, 1}, target_id=0: 0.00053336ms, 1%
@246 = multibroadcast[out_lens={1, 1500, 384},out_dyn_dims={}](@244) -> float_type, {1, 1500, 384}, {0, 384, 1}, target_id=0: 0.00105462ms, 1%
@247 = load[offset=4608000,end=6912000](@1) -> float_type, {1, 1500, 384}, {576000, 384, 1}, target_id=0: 0.0006658ms, 1%
@248 = gpu::code_object[code_object=4336,symbol_name=add_layernorm_kernel,global=288000,local=192,](@242,@246,@247) -> float_type, {1, 1500, 384}, {576000, 384, 1}, target_id=0: 0.0236173ms, 1%
@249 = load[offset=13824000,end=23040000](@1) -> float_type, {1, 1500, 1536}, {2304000, 1536, 1}, target_id=0: 0.00073118ms, 1%
@250 = gpu::gemm[alpha=1,beta=0,compute_fp32=1,trans_batch=0,solution_idx=0](@248,@245,@249) -> float_type, {1, 1500, 1536}, {2304000, 1536, 1}, target_id=0: 0.0851613ms, 3%
@251 = hip::hip_copy_literal[id=main:@literal:30] -> float_type, {1500, 1536}, {1536, 1}, target_id=0: 0.00072316ms, 1%
@252 = hip::hip_copy_literal[id=main:@literal:17] -> float_type, {1536, 384}, {384, 1}, target_id=0: 0.00059056ms, 1%
@253 = hip::hip_copy_literal[id=main:@literal:36] -> float_type, {384}, {1}, target_id=0: 0.0007248ms, 1%
@254 = hip::hip_copy_literal[id=main:@literal:37] -> float_type, {384}, {1}, target_id=0: 0.00055158ms, 1%
@255 = multibroadcast[out_lens={1, 1500, 1536},out_dyn_dims={}](@251) -> float_type, {1, 1500, 1536}, {0, 1536, 1}, target_id=0: 0.00103024ms, 1%
@256 = load[offset=4608000,end=13824000](@1) -> float_type, {1, 1500, 1536}, {2304000, 1536, 1}, target_id=0: 0.00066874ms, 1%
@257 = gpu::code_object[code_object=5104,symbol_name=add_mul_erf_add_mul_kernel,global=576000,local=1024,](@250,@255,@256) -> float_type, {1, 1500, 1536}, {2304000, 1536, 1}, target_id=0: 0.0462485ms, 2%
@258 = multibroadcast[out_lens={1, 1536, 384},out_dyn_dims={}](@252) -> float_type, {1, 1536, 384}, {0, 384, 1}, target_id=0: 0.00105186ms, 1%
@259 = load[offset=13824000,end=16128000](@1) -> float_type, {1, 1500, 384}, {576000, 384, 1}, target_id=0: 0.00064664ms, 1%
@260 = gpu::gemm[alpha=1,beta=1,compute_fp32=1,trans_batch=0,solution_idx=0](@257,@258,@242,@259) -> float_type, {1, 1500, 384}, {576000, 384, 1}, target_id=0: 0.113384ms, 3%
@261 = multibroadcast[out_lens={1, 1500, 384},out_dyn_dims={}](@253) -> float_type, {1, 1500, 384}, {0, 0, 1}, target_id=0: 0.00113596ms, 1%
@262 = multibroadcast[out_lens={1, 1500, 384},out_dyn_dims={}](@254) -> float_type, {1, 1500, 384}, {0, 0, 1}, target_id=0: 0.00087442ms, 1%
@263 = multibroadcast[out_lens={1, 1500, 384},out_dyn_dims={}](@243) -> float_type, {1, 1500, 384}, {0, 384, 1}, target_id=0: 0.00081646ms, 1%
main:#output_0 = @param:main:#output_0 -> float_type, {1, 1500, 384}, {576000, 384, 1}, target_id=0: 0.00085418ms, 1%
@265 = gpu::code_object[code_object=4400,symbol_name=add_layernorm_mul_add_kernel,global=288000,local=192,](@260,@263,@262,@261,main:#output_0) -> float_type, {1, 1500, 384}, {576000, 384, 1}, target_id=0: 0.0254708ms, 1%
@266 = @return(@265), target_id=0
Summary:
gpu::gemm: 2.24304ms / 24 = 0.0934598ms, 58%
gpu::code_object::softmax_kernel: 0.557283ms / 4 = 0.139321ms, 15%
gpu::code_object::add_layernorm_kernel: 0.218474ms / 8 = 0.0273092ms, 6%
gpu::code_object::add_mul_erf_add_mul_kernel: 0.184558ms / 4 = 0.0461396ms, 5%
gpu::convolution: 0.181997ms / 2 = 0.0909987ms, 5%
gpu::code_object::add_kernel: 0.118665ms / 5 = 0.0237329ms, 4%
gpu::code_object::mul_add_kernel: 0.0875228ms / 4 = 0.0218807ms, 3%
gpu::code_object::contiguous_kernel: 0.0828515ms / 4 = 0.0207129ms, 3%
gpu::code_object::add_mul_erf_add_mul_mul_kernel: 0.0528903ms / 2 = 0.0264451ms, 2%
load: 0.0408626ms / 59 = 0.000692587ms, 2%
hip::hip_copy_literal: 0.0337262ms / 47 = 0.000717578ms, 1%
multibroadcast: 0.03222ms / 31 = 0.00103936ms, 1%
gpu::code_object::add_layernorm_mul_add_kernel: 0.0254708ms / 1 = 0.0254708ms, 1%
reshape_lazy: 0.024299ms / 32 = 0.000759344ms, 1%
transpose: 0.0159106ms / 21 = 0.000757649ms, 1%
slice: 0.0137361ms / 12 = 0.00114468ms, 1%
broadcast: 0.00242896ms / 2 = 0.00121448ms, 1%
@param: 0.00130628ms / 2 = 0.00065314ms, 1%
check_context::migraphx::gpu::context: 0.00094146ms / 1 = 0.00094146ms, 1%
hip::hip_allocate_memory: 0.00089214ms / 1 = 0.00089214ms, 1%

Batch size: 1
Rate: 339.77 inferences/sec
Total time: 2.94317ms
Total instructions time: 3.91907ms
Overhead time: 0.0534703ms, -0.975904ms
Overhead: 2%, -33%
[ MIGraphX Version: 2.9.0.8d5001158 ] Complete: /src/AMDMIGraphX/build/bin/driver perf --input-dim @input_features 1 80 3000 --gpu /new-saved-models/whisper-tiny/encoder_model.onnx
