Running [ MIGraphX Version: 2.10.0.103b48c5e ]: /src/AMDMIGraphX/build/bin/driver perf --int8 --gpu /new-saved-models/resnet50/resnet50_v1.onnx
Compiling ... 
Reading: /new-saved-models/resnet50/resnet50_v1.onnx
module: "main"
@0 = check_context::migraphx::gpu::context -> float_type, {}, {}, target_id=0
@1 = hip::hip_allocate_memory[shape=int8_type, {9633792}, {1},id=main:scratch] -> int8_type, {9633792}, {1}, target_id=0
@2 = load[offset=0,end=150528](@1) -> int8_type, {1, 3, 224, 224}, {150528, 50176, 224, 1}, target_id=0
input_tensor:0 = @param:input_tensor:0 -> float_type, {1, 3, 224, 224}, {150528, 50176, 224, 1}, target_id=0
@4 = gpu::code_object[code_object=3984,symbol_name=quantizelinear_kernel,global=75264,local=1024,](input_tensor:0,@2) -> int8_type, {1, 3, 224, 224}, {150528, 50176, 224, 1}, target_id=0
@5 = hip::hip_copy_literal[id=main:@literal:25] -> int8_type, {64, 3, 7, 7}, {147, 49, 7, 1}, target_id=0
@6 = hip::hip_copy_literal[id=main:@literal:54] -> float_type, {64}, {1}, target_id=0
@7 = load[offset=3268864,end=6480128](@1) -> float_type, {1, 64, 112, 112}, {802816, 12544, 112, 1}, target_id=0
@8 = broadcast[axis=1,out_lens={1, 64, 112, 112}](@6) -> float_type, {1, 64, 112, 112}, {0, 1, 0, 0}, target_id=0
@9 = gpu::code_object[code_object=6432,symbol_name=mlir_quant_convolution_dequantizelinear_add_relu,global=50176,local=256,](@8,@4,@5,@7) -> float_type, {1, 64, 112, 112}, {802816, 12544, 112, 1}, target_id=0
@10 = load[offset=0,end=3268864](@1) -> float_type, {1, 64, 113, 113}, {817216, 12769, 113, 1}, target_id=0
@11 = gpu::code_object[code_object=4136,symbol_name=pad_kernel,global=307200,local=1024,](@9,@10) -> float_type, {1, 64, 113, 113}, {817216, 12769, 113, 1}, target_id=0
@12 = load[offset=3268864,end=4071680](@1) -> float_type, {1, 64, 56, 56}, {200704, 3136, 56, 1}, target_id=0
@13 = gpu::pooling[mode=max,padding={0, 0, 0, 0},padding_mode=0,stride={2, 2},lengths={3, 3},dilations={1, 1},ceil_mode=0,lp_order=2,dyn_global=0](@11,@12) -> float_type, {1, 64, 56, 56}, {200704, 3136, 56, 1}, target_id=0
@14 = hip::hip_copy_literal[id=main:@literal:4] -> int8_type, {256, 128, 1, 1}, {128, 1, 1, 1}, target_id=0
@15 = load[offset=200704,end=401408](@1) -> int8_type, {1, 64, 56, 56}, {200704, 3136, 56, 1}, target_id=0
@16 = gpu::code_object[code_object=3984,symbol_name=quantizelinear_kernel,global=100352,local=1024,](@13,@15) -> int8_type, {1, 64, 56, 56}, {200704, 3136, 56, 1}, target_id=0
@17 = hip::hip_copy_literal[id=main:@literal:23] -> int8_type, {64, 64, 3, 3}, {576, 9, 3, 1}, target_id=0
@18 = hip::hip_copy_literal[id=main:@literal:21] -> int8_type, {64, 64, 1, 1}, {64, 1, 1, 1}, target_id=0
@19 = hip::hip_copy_literal[id=main:@literal:63] -> float_type, {64}, {1}, target_id=0
@20 = load[offset=0,end=200704](@1) -> int8_type, {1, 64, 56, 56}, {200704, 3136, 56, 1}, target_id=0
@21 = broadcast[axis=1,out_lens={1, 64, 56, 56}](@19) -> float_type, {1, 64, 56, 56}, {0, 1, 0, 0}, target_id=0
@22 = gpu::code_object[code_object=4128,symbol_name=mlir_quant_convolution_dequantizelinear_add_relu_quantizelinear,global=50176,local=256,](@21,@16,@18,@20) -> int8_type, {1, 64, 56, 56}, {200704, 3136, 56, 1}, target_id=0
@23 = load[offset=401408,end=1204224](@1) -> int32_type, {1, 64, 56, 56}, {200704, 3136, 56, 1}, target_id=0
@24 = gpu::code_object[code_object=5440,symbol_name=mlir_quant_convolution,global=50176,local=256,](@22,@17,@23) -> int32_type, {1, 64, 56, 56}, {200704, 3136, 56, 1}, target_id=0
@25 = hip::hip_copy_literal[id=main:@literal:72] -> float_type, {64}, {1}, target_id=0
@26 = load[offset=1204224,end=1605632](@1) -> int8_type, {1, 128, 56, 56}, {401408, 3136, 56, 1}, target_id=0
@27 = broadcast[axis=1,out_lens={1, 64, 56, 56}](@25) -> float_type, {1, 64, 56, 56}, {0, 1, 0, 0}, target_id=0
@28 = gpu::code_object[code_object=4520,symbol_name=dequantizelinear_add_relu_concat_quantizelinear_kernel,global=100352,local=1024,](@24,@27,@13,@26) -> int8_type, {1, 128, 56, 56}, {401408, 3136, 56, 1}, target_id=0
@29 = hip::hip_copy_literal[id=main:@literal:50] -> float_type, {256}, {1}, target_id=0
@30 = load[offset=6422528,end=9633792](@1) -> float_type, {1, 256, 56, 56}, {802816, 3136, 56, 1}, target_id=0
@31 = broadcast[axis=1,out_lens={1, 256, 56, 56}](@29) -> float_type, {1, 256, 56, 56}, {0, 1, 0, 0}, target_id=0
@32 = gpu::code_object[code_object=5208,symbol_name=mlir_quant_convolution_dequantizelinear_add_relu,global=50176,local=256,](@31,@28,@14,@30) -> float_type, {1, 256, 56, 56}, {802816, 3136, 56, 1}, target_id=0
@33 = hip::hip_copy_literal[id=main:@literal:29] -> int8_type, {64, 256, 1, 1}, {256, 1, 1, 1}, target_id=0
@34 = hip::hip_copy_literal[id=main:@literal:91] -> float_type, {64}, {1}, target_id=0
@35 = load[offset=1003520,end=1806336](@1) -> int8_type, {1, 256, 56, 56}, {802816, 3136, 56, 1}, target_id=0
@36 = gpu::code_object[code_object=3984,symbol_name=quantizelinear_kernel,global=401408,local=1024,](@32,@35) -> int8_type, {1, 256, 56, 56}, {802816, 3136, 56, 1}, target_id=0
@37 = broadcast[axis=1,out_lens={1, 64, 56, 56}](@34) -> float_type, {1, 64, 56, 56}, {0, 1, 0, 0}, target_id=0
@38 = load[offset=802816,end=1003520](@1) -> int8_type, {1, 64, 56, 56}, {200704, 3136, 56, 1}, target_id=0
@39 = gpu::code_object[code_object=4600,symbol_name=mlir_quant_convolution_dequantizelinear_add_relu_quantizelinear,global=50176,local=256,](@37,@36,@33,@38) -> int8_type, {1, 64, 56, 56}, {200704, 3136, 56, 1}, target_id=0
@40 = hip::hip_copy_literal[id=main:@literal:11] -> int8_type, {64, 64, 3, 3}, {576, 9, 3, 1}, target_id=0
@41 = hip::hip_copy_literal[id=main:@literal:95] -> float_type, {64}, {1}, target_id=0
@42 = load[offset=0,end=200704](@1) -> int8_type, {1, 64, 56, 56}, {200704, 3136, 56, 1}, target_id=0
@43 = broadcast[axis=1,out_lens={1, 64, 56, 56}](@41) -> float_type, {1, 64, 56, 56}, {0, 1, 0, 0}, target_id=0
@44 = gpu::code_object[code_object=5944,symbol_name=mlir_quant_convolution_dequantizelinear_add_relu_quantizelinear,global=50176,local=256,](@43,@39,@40,@42) -> int8_type, {1, 64, 56, 56}, {200704, 3136, 56, 1}, target_id=0
@45 = hip::hip_copy_literal[id=main:@literal:16] -> int8_type, {256, 64, 1, 1}, {64, 1, 1, 1}, target_id=0
@46 = hip::hip_copy_literal[id=main:@literal:96] -> float_type, {256}, {1}, target_id=0
@47 = broadcast[axis=1,out_lens={1, 256, 56, 56}](@46) -> float_type, {1, 256, 56, 56}, {0, 1, 0, 0}, target_id=0
@48 = load[offset=3211264,end=6422528](@1) -> float_type, {1, 256, 56, 56}, {802816, 3136, 56, 1}, target_id=0
@49 = gpu::code_object[code_object=5488,symbol_name=mlir_quant_convolution_dequantizelinear_add_add_relu,global=50176,local=128,](@47,@32,@44,@45,@48) -> float_type, {1, 256, 56, 56}, {802816, 3136, 56, 1}, target_id=0
@50 = load[offset=200704,end=1003520](@1) -> int8_type, {1, 256, 56, 56}, {802816, 3136, 56, 1}, target_id=0
@51 = gpu::code_object[code_object=3984,symbol_name=quantizelinear_kernel,global=401408,local=1024,](@49,@50) -> int8_type, {1, 256, 56, 56}, {802816, 3136, 56, 1}, target_id=0
@52 = hip::hip_copy_literal[id=main:@literal:24] -> int8_type, {64, 256, 1, 1}, {256, 1, 1, 1}, target_id=0
@53 = hip::hip_copy_literal[id=main:@literal:97] -> float_type, {64}, {1}, target_id=0
@54 = load[offset=0,end=200704](@1) -> int8_type, {1, 64, 56, 56}, {200704, 3136, 56, 1}, target_id=0
@55 = broadcast[axis=1,out_lens={1, 64, 56, 56}](@53) -> float_type, {1, 64, 56, 56}, {0, 1, 0, 0}, target_id=0
@56 = gpu::code_object[code_object=4600,symbol_name=mlir_quant_convolution_dequantizelinear_add_relu_quantizelinear,global=50176,local=256,](@55,@51,@52,@54) -> int8_type, {1, 64, 56, 56}, {200704, 3136, 56, 1}, target_id=0
@57 = hip::hip_copy_literal[id=main:@literal:7] -> int8_type, {64, 64, 3, 3}, {576, 9, 3, 1}, target_id=0
@58 = hip::hip_copy_literal[id=main:@literal:98] -> float_type, {64}, {1}, target_id=0
@59 = broadcast[axis=1,out_lens={1, 64, 56, 56}](@58) -> float_type, {1, 64, 56, 56}, {0, 1, 0, 0}, target_id=0
@60 = load[offset=6422528,end=6623232](@1) -> int8_type, {1, 64, 56, 56}, {200704, 3136, 56, 1}, target_id=0
@61 = gpu::code_object[code_object=5944,symbol_name=mlir_quant_convolution_dequantizelinear_add_relu_quantizelinear,global=50176,local=256,](@59,@56,@57,@60) -> int8_type, {1, 64, 56, 56}, {200704, 3136, 56, 1}, target_id=0
@62 = hip::hip_copy_literal[id=main:@literal:32] -> int8_type, {128, 128, 3, 3}, {1152, 9, 3, 1}, target_id=0
@63 = hip::hip_copy_literal[id=main:@literal:8] -> int8_type, {128, 256, 1, 1}, {256, 1, 1, 1}, target_id=0
@64 = hip::hip_copy_literal[id=main:@literal:13] -> int8_type, {512, 128, 1, 1}, {128, 1, 1, 1}, target_id=0
@65 = hip::hip_copy_literal[id=main:@literal:30] -> int8_type, {256, 64, 1, 1}, {64, 1, 1, 1}, target_id=0
@66 = hip::hip_copy_literal[id=main:@literal:55] -> float_type, {256}, {1}, target_id=0
@67 = broadcast[axis=1,out_lens={1, 256, 56, 56}](@66) -> float_type, {1, 256, 56, 56}, {0, 1, 0, 0}, target_id=0
@68 = load[offset=0,end=3211264](@1) -> float_type, {1, 256, 56, 56}, {802816, 3136, 56, 1}, target_id=0
@69 = gpu::code_object[code_object=5488,symbol_name=mlir_quant_convolution_dequantizelinear_add_add_relu,global=50176,local=128,](@67,@49,@61,@65,@68) -> float_type, {1, 256, 56, 56}, {802816, 3136, 56, 1}, target_id=0
@70 = hip::hip_copy_literal[id=main:@literal:18] -> int8_type, {512, 384, 1, 1}, {384, 1, 1, 1}, target_id=0
@71 = load[offset=4014080,end=4816896](@1) -> int8_type, {1, 256, 56, 56}, {802816, 3136, 56, 1}, target_id=0
@72 = gpu::code_object[code_object=3984,symbol_name=quantizelinear_kernel,global=401408,local=1024,](@69,@71) -> int8_type, {1, 256, 56, 56}, {802816, 3136, 56, 1}, target_id=0
@73 = hip::hip_copy_literal[id=main:@literal:56] -> float_type, {128}, {1}, target_id=0
@74 = broadcast[axis=1,out_lens={1, 128, 56, 56}](@73) -> float_type, {1, 128, 56, 56}, {0, 1, 0, 0}, target_id=0
@75 = load[offset=3612672,end=4014080](@1) -> int8_type, {1, 128, 56, 56}, {401408, 3136, 56, 1}, target_id=0
@76 = gpu::code_object[code_object=5864,symbol_name=mlir_quant_convolution_dequantizelinear_add_relu_quantizelinear,global=25088,local=256,](@74,@72,@63,@75) -> int8_type, {1, 128, 56, 56}, {401408, 3136, 56, 1}, target_id=0
@77 = load[offset=3211264,end=3612672](@1) -> int32_type, {1, 128, 28, 28}, {100352, 784, 28, 1}, target_id=0
@78 = gpu::code_object[code_object=5520,symbol_name=mlir_quant_convolution,global=25600,local=256,](@76,@62,@77) -> int32_type, {1, 128, 28, 28}, {100352, 784, 28, 1}, target_id=0
@79 = hip::hip_copy_literal[id=main:@literal:57] -> float_type, {128}, {1}, target_id=0
@80 = load[offset=3612672,end=3913728](@1) -> int8_type, {1, 384, 28, 28}, {301056, 784, 28, 1}, target_id=0
@81 = step[axes={2, 3},steps={2, 2}](@69) -> float_type, {1, 256, 28, 28}, {802816, 3136, 112, 2}, target_id=0
@82 = broadcast[axis=1,out_lens={1, 128, 28, 28}](@79) -> float_type, {1, 128, 28, 28}, {0, 1, 0, 0}, target_id=0
@83 = gpu::code_object[code_object=4608,symbol_name=dequantizelinear_add_relu_concat_quantizelinear_kernel,global=150528,local=1024,](@78,@82,@81,@80) -> int8_type, {1, 384, 28, 28}, {301056, 784, 28, 1}, target_id=0
@84 = hip::hip_copy_literal[id=main:@literal:51] -> float_type, {512}, {1}, target_id=0
@85 = broadcast[axis=1,out_lens={1, 512, 28, 28}](@84) -> float_type, {1, 512, 28, 28}, {0, 1, 0, 0}, target_id=0
@86 = load[offset=5419008,end=7024640](@1) -> float_type, {1, 512, 28, 28}, {401408, 784, 28, 1}, target_id=0
@87 = gpu::code_object[code_object=6264,symbol_name=mlir_quant_convolution_dequantizelinear_add_relu,global=26624,local=256,](@85,@83,@70,@86) -> float_type, {1, 512, 28, 28}, {401408, 784, 28, 1}, target_id=0
@88 = hip::hip_copy_literal[id=main:@literal:34] -> int8_type, {128, 128, 3, 3}, {1152, 9, 3, 1}, target_id=0
@89 = load[offset=0,end=401408](@1) -> int8_type, {1, 512, 28, 28}, {401408, 784, 28, 1}, target_id=0
@90 = gpu::code_object[code_object=3984,symbol_name=quantizelinear_kernel,global=200704,local=1024,](@87,@89) -> int8_type, {1, 512, 28, 28}, {401408, 784, 28, 1}, target_id=0
@91 = hip::hip_copy_literal[id=main:@literal:27] -> int8_type, {128, 512, 1, 1}, {512, 1, 1, 1}, target_id=0
@92 = hip::hip_copy_literal[id=main:@literal:58] -> float_type, {128}, {1}, target_id=0
@93 = load[offset=501760,end=602112](@1) -> int8_type, {1, 128, 28, 28}, {100352, 784, 28, 1}, target_id=0
@94 = broadcast[axis=1,out_lens={1, 128, 28, 28}](@92) -> float_type, {1, 128, 28, 28}, {0, 1, 0, 0}, target_id=0
@95 = gpu::code_object[code_object=4672,symbol_name=mlir_quant_convolution_dequantizelinear_add_relu_quantizelinear,global=25600,local=256,](@94,@90,@91,@93) -> int8_type, {1, 128, 28, 28}, {100352, 784, 28, 1}, target_id=0
@96 = hip::hip_copy_literal[id=main:@literal:59] -> float_type, {128}, {1}, target_id=0
@97 = hip::hip_copy_literal[id=main:@literal:60] -> float_type, {512}, {1}, target_id=0
@98 = broadcast[axis=1,out_lens={1, 128, 28, 28}](@96) -> float_type, {1, 128, 28, 28}, {0, 1, 0, 0}, target_id=0
@99 = load[offset=100352,end=200704](@1) -> int8_type, {1, 128, 28, 28}, {100352, 784, 28, 1}, target_id=0
@100 = gpu::code_object[code_object=6144,symbol_name=mlir_quant_convolution_dequantizelinear_add_relu_quantizelinear,global=25600,local=256,](@98,@95,@88,@99) -> int8_type, {1, 128, 28, 28}, {100352, 784, 28, 1}, target_id=0
@101 = load[offset=3813376,end=5419008](@1) -> float_type, {1, 512, 28, 28}, {401408, 784, 28, 1}, target_id=0
@102 = broadcast[axis=1,out_lens={1, 512, 28, 28}](@97) -> float_type, {1, 512, 28, 28}, {0, 1, 0, 0}, target_id=0
@103 = gpu::code_object[code_object=6752,symbol_name=mlir_quant_convolution_dequantizelinear_add_add_relu,global=26624,local=256,](@102,@87,@100,@64,@101) -> float_type, {1, 512, 28, 28}, {401408, 784, 28, 1}, target_id=0
@104 = hip::hip_copy_literal[id=main:@literal:28] -> int8_type, {128, 512, 1, 1}, {512, 1, 1, 1}, target_id=0
@105 = hip::hip_copy_literal[id=main:@literal:10] -> int8_type, {128, 128, 3, 3}, {1152, 9, 3, 1}, target_id=0
@106 = hip::hip_copy_literal[id=main:@literal:15] -> int8_type, {128, 512, 1, 1}, {512, 1, 1, 1}, target_id=0
@107 = hip::hip_copy_literal[id=main:@literal:6] -> int8_type, {512, 128, 1, 1}, {128, 1, 1, 1}, target_id=0
@108 = hip::hip_copy_literal[id=main:@literal:5] -> int8_type, {128, 128, 3, 3}, {1152, 9, 3, 1}, target_id=0
@109 = load[offset=501760,end=903168](@1) -> int8_type, {1, 512, 28, 28}, {401408, 784, 28, 1}, target_id=0
@110 = gpu::code_object[code_object=3984,symbol_name=quantizelinear_kernel,global=200704,local=1024,](@103,@109) -> int8_type, {1, 512, 28, 28}, {401408, 784, 28, 1}, target_id=0
@111 = hip::hip_copy_literal[id=main:@literal:61] -> float_type, {128}, {1}, target_id=0
@112 = load[offset=401408,end=501760](@1) -> int8_type, {1, 128, 28, 28}, {100352, 784, 28, 1}, target_id=0
@113 = broadcast[axis=1,out_lens={1, 128, 28, 28}](@111) -> float_type, {1, 128, 28, 28}, {0, 1, 0, 0}, target_id=0
@114 = gpu::code_object[code_object=4672,symbol_name=mlir_quant_convolution_dequantizelinear_add_relu_quantizelinear,global=25600,local=256,](@113,@110,@106,@112) -> int8_type, {1, 128, 28, 28}, {100352, 784, 28, 1}, target_id=0
@115 = hip::hip_copy_literal[id=main:@literal:62] -> float_type, {128}, {1}, target_id=0
@116 = hip::hip_copy_literal[id=main:@literal:64] -> float_type, {512}, {1}, target_id=0
@117 = load[offset=0,end=100352](@1) -> int8_type, {1, 128, 28, 28}, {100352, 784, 28, 1}, target_id=0
@118 = broadcast[axis=1,out_lens={1, 128, 28, 28}](@115) -> float_type, {1, 128, 28, 28}, {0, 1, 0, 0}, target_id=0
@119 = gpu::code_object[code_object=6144,symbol_name=mlir_quant_convolution_dequantizelinear_add_relu_quantizelinear,global=25600,local=256,](@118,@114,@105,@117) -> int8_type, {1, 128, 28, 28}, {100352, 784, 28, 1}, target_id=0
@120 = load[offset=2207744,end=3813376](@1) -> float_type, {1, 512, 28, 28}, {401408, 784, 28, 1}, target_id=0
@121 = broadcast[axis=1,out_lens={1, 512, 28, 28}](@116) -> float_type, {1, 512, 28, 28}, {0, 1, 0, 0}, target_id=0
@122 = gpu::code_object[code_object=6752,symbol_name=mlir_quant_convolution_dequantizelinear_add_add_relu,global=26624,local=256,](@121,@103,@119,@107,@120) -> float_type, {1, 512, 28, 28}, {401408, 784, 28, 1}, target_id=0
@123 = load[offset=200704,end=602112](@1) -> int8_type, {1, 512, 28, 28}, {401408, 784, 28, 1}, target_id=0
@124 = gpu::code_object[code_object=3984,symbol_name=quantizelinear_kernel,global=200704,local=1024,](@122,@123) -> int8_type, {1, 512, 28, 28}, {401408, 784, 28, 1}, target_id=0
@125 = hip::hip_copy_literal[id=main:@literal:65] -> float_type, {128}, {1}, target_id=0
@126 = load[offset=100352,end=200704](@1) -> int8_type, {1, 128, 28, 28}, {100352, 784, 28, 1}, target_id=0
@127 = broadcast[axis=1,out_lens={1, 128, 28, 28}](@125) -> float_type, {1, 128, 28, 28}, {0, 1, 0, 0}, target_id=0
@128 = gpu::code_object[code_object=4672,symbol_name=mlir_quant_convolution_dequantizelinear_add_relu_quantizelinear,global=25600,local=256,](@127,@124,@104,@126) -> int8_type, {1, 128, 28, 28}, {100352, 784, 28, 1}, target_id=0
@129 = hip::hip_copy_literal[id=main:@literal:66] -> float_type, {128}, {1}, target_id=0
@130 = hip::hip_copy_literal[id=main:@literal:67] -> float_type, {512}, {1}, target_id=0
@131 = load[offset=0,end=100352](@1) -> int8_type, {1, 128, 28, 28}, {100352, 784, 28, 1}, target_id=0
@132 = broadcast[axis=1,out_lens={1, 128, 28, 28}](@129) -> float_type, {1, 128, 28, 28}, {0, 1, 0, 0}, target_id=0
@133 = gpu::code_object[code_object=6144,symbol_name=mlir_quant_convolution_dequantizelinear_add_relu_quantizelinear,global=25600,local=256,](@132,@128,@108,@131) -> int8_type, {1, 128, 28, 28}, {100352, 784, 28, 1}, target_id=0
@134 = hip::hip_copy_literal[id=main:@literal:20] -> int8_type, {512, 128, 1, 1}, {128, 1, 1, 1}, target_id=0
@135 = load[offset=602112,end=2207744](@1) -> float_type, {1, 512, 28, 28}, {401408, 784, 28, 1}, target_id=0
@136 = broadcast[axis=1,out_lens={1, 512, 28, 28}](@130) -> float_type, {1, 512, 28, 28}, {0, 1, 0, 0}, target_id=0
@137 = gpu::code_object[code_object=6752,symbol_name=mlir_quant_convolution_dequantizelinear_add_add_relu,global=26624,local=256,](@136,@122,@133,@134,@135) -> float_type, {1, 512, 28, 28}, {401408, 784, 28, 1}, target_id=0
@138 = load[offset=0,end=401408](@1) -> int8_type, {1, 512, 28, 28}, {401408, 784, 28, 1}, target_id=0
@139 = gpu::code_object[code_object=3984,symbol_name=quantizelinear_kernel,global=200704,local=1024,](@137,@138) -> int8_type, {1, 512, 28, 28}, {401408, 784, 28, 1}, target_id=0
@140 = hip::hip_copy_literal[id=main:@literal:19] -> int8_type, {256, 512, 1, 1}, {512, 1, 1, 1}, target_id=0
@141 = hip::hip_copy_literal[id=main:@literal:68] -> float_type, {256}, {1}, target_id=0
@142 = load[offset=2207744,end=2408448](@1) -> int8_type, {1, 256, 28, 28}, {200704, 784, 28, 1}, target_id=0
@143 = broadcast[axis=1,out_lens={1, 256, 28, 28}](@141) -> float_type, {1, 256, 28, 28}, {0, 1, 0, 0}, target_id=0
@144 = gpu::code_object[code_object=4672,symbol_name=mlir_quant_convolution_dequantizelinear_add_relu_quantizelinear,global=51200,local=256,](@143,@139,@140,@142) -> int8_type, {1, 256, 28, 28}, {200704, 784, 28, 1}, target_id=0
@145 = hip::hip_copy_literal[id=main:@literal:3] -> int8_type, {256, 256, 3, 3}, {2304, 9, 3, 1}, target_id=0
@146 = hip::hip_copy_literal[id=main:@literal:69] -> float_type, {256}, {1}, target_id=0
@147 = load[offset=200704,end=401408](@1) -> int32_type, {1, 256, 14, 14}, {50176, 196, 14, 1}, target_id=0
@148 = gpu::code_object[code_object=5536,symbol_name=mlir_quant_convolution,global=14336,local=256,](@144,@145,@147) -> int32_type, {1, 256, 14, 14}, {50176, 196, 14, 1}, target_id=0
@149 = load[offset=0,end=150528](@1) -> int8_type, {1, 768, 14, 14}, {150528, 196, 14, 1}, target_id=0
@150 = broadcast[axis=1,out_lens={1, 256, 14, 14}](@146) -> float_type, {1, 256, 14, 14}, {0, 1, 0, 0}, target_id=0
@151 = step[axes={2, 3},steps={2, 2}](@137) -> float_type, {1, 512, 14, 14}, {401408, 784, 56, 2}, target_id=0
@152 = gpu::code_object[code_object=4632,symbol_name=dequantizelinear_add_relu_concat_quantizelinear_kernel,global=75264,local=1024,](@148,@150,@151,@149) -> int8_type, {1, 768, 14, 14}, {150528, 196, 14, 1}, target_id=0
@153 = hip::hip_copy_literal[id=main:@literal:1] -> int8_type, {1024, 768, 1, 1}, {768, 1, 1, 1}, target_id=0
@154 = hip::hip_copy_literal[id=main:@literal:52] -> float_type, {1024}, {1}, target_id=0
@155 = load[offset=301056,end=1103872](@1) -> float_type, {1, 1024, 14, 14}, {200704, 196, 14, 1}, target_id=0
@156 = broadcast[axis=1,out_lens={1, 1024, 14, 14}](@154) -> float_type, {1, 1024, 14, 14}, {0, 1, 0, 0}, target_id=0
@157 = gpu::code_object[code_object=4496,symbol_name=mlir_quant_convolution_dequantizelinear_add_relu,global=57344,local=256,](@156,@152,@153,@155) -> float_type, {1, 1024, 14, 14}, {200704, 196, 14, 1}, target_id=0
@158 = hip::hip_copy_literal[id=main:@literal:9] -> int8_type, {256, 1024, 1, 1}, {1024, 1, 1, 1}, target_id=0
@159 = hip::hip_copy_literal[id=main:@literal:14] -> int8_type, {256, 256, 3, 3}, {2304, 9, 3, 1}, target_id=0
@160 = load[offset=1103872,end=1304576](@1) -> int8_type, {1, 1024, 14, 14}, {200704, 196, 14, 1}, target_id=0
@161 = gpu::code_object[code_object=3984,symbol_name=quantizelinear_kernel,global=100352,local=1024,](@157,@160) -> int8_type, {1, 1024, 14, 14}, {200704, 196, 14, 1}, target_id=0
@162 = hip::hip_copy_literal[id=main:@literal:70] -> float_type, {256}, {1}, target_id=0
@163 = load[offset=200704,end=250880](@1) -> int8_type, {1, 256, 14, 14}, {50176, 196, 14, 1}, target_id=0
@164 = broadcast[axis=1,out_lens={1, 256, 14, 14}](@162) -> float_type, {1, 256, 14, 14}, {0, 1, 0, 0}, target_id=0
@165 = gpu::code_object[code_object=4672,symbol_name=mlir_quant_convolution_dequantizelinear_add_relu_quantizelinear,global=14336,local=256,](@164,@161,@158,@163) -> int8_type, {1, 256, 14, 14}, {50176, 196, 14, 1}, target_id=0
@166 = hip::hip_copy_literal[id=main:@literal:71] -> float_type, {256}, {1}, target_id=0
@167 = load[offset=0,end=50176](@1) -> int8_type, {1, 256, 14, 14}, {50176, 196, 14, 1}, target_id=0
@168 = broadcast[axis=1,out_lens={1, 256, 14, 14}](@166) -> float_type, {1, 256, 14, 14}, {0, 1, 0, 0}, target_id=0
@169 = gpu::code_object[code_object=6160,symbol_name=mlir_quant_convolution_dequantizelinear_add_relu_quantizelinear,global=14336,local=256,](@168,@165,@159,@167) -> int8_type, {1, 256, 14, 14}, {50176, 196, 14, 1}, target_id=0
@170 = hip::hip_copy_literal[id=main:@literal:0] -> int8_type, {1024, 256, 1, 1}, {256, 1, 1, 1}, target_id=0
@171 = hip::hip_copy_literal[id=main:@literal:73] -> float_type, {1024}, {1}, target_id=0
@172 = load[offset=1154048,end=1956864](@1) -> float_type, {1, 1024, 14, 14}, {200704, 196, 14, 1}, target_id=0
@173 = broadcast[axis=1,out_lens={1, 1024, 14, 14}](@171) -> float_type, {1, 1024, 14, 14}, {0, 1, 0, 0}, target_id=0
@174 = gpu::code_object[code_object=4864,symbol_name=mlir_quant_convolution_dequantizelinear_add_add_relu,global=57344,local=256,](@173,@157,@169,@170,@172) -> float_type, {1, 1024, 14, 14}, {200704, 196, 14, 1}, target_id=0
@175 = hip::hip_copy_literal[id=main:@literal:12] -> int8_type, {256, 256, 3, 3}, {2304, 9, 3, 1}, target_id=0
@176 = hip::hip_copy_literal[id=main:@literal:35] -> int8_type, {1024, 256, 1, 1}, {256, 1, 1, 1}, target_id=0
@177 = hip::hip_copy_literal[id=main:@literal:17] -> int8_type, {256, 1024, 1, 1}, {1024, 1, 1, 1}, target_id=0
@178 = hip::hip_copy_literal[id=main:@literal:74] -> float_type, {256}, {1}, target_id=0
@179 = hip::hip_copy_literal[id=main:@literal:75] -> float_type, {256}, {1}, target_id=0
@180 = hip::hip_copy_literal[id=main:@literal:76] -> float_type, {1024}, {1}, target_id=0
@181 = load[offset=100352,end=301056](@1) -> int8_type, {1, 1024, 14, 14}, {200704, 196, 14, 1}, target_id=0
@182 = gpu::code_object[code_object=3984,symbol_name=quantizelinear_kernel,global=100352,local=1024,](@174,@181) -> int8_type, {1, 1024, 14, 14}, {200704, 196, 14, 1}, target_id=0
@183 = broadcast[axis=1,out_lens={1, 256, 14, 14}](@178) -> float_type, {1, 256, 14, 14}, {0, 1, 0, 0}, target_id=0
@184 = load[offset=50176,end=100352](@1) -> int8_type, {1, 256, 14, 14}, {50176, 196, 14, 1}, target_id=0
@185 = gpu::code_object[code_object=4672,symbol_name=mlir_quant_convolution_dequantizelinear_add_relu_quantizelinear,global=14336,local=256,](@183,@182,@177,@184) -> int8_type, {1, 256, 14, 14}, {50176, 196, 14, 1}, target_id=0
@186 = load[offset=0,end=50176](@1) -> int8_type, {1, 256, 14, 14}, {50176, 196, 14, 1}, target_id=0
@187 = broadcast[axis=1,out_lens={1, 256, 14, 14}](@179) -> float_type, {1, 256, 14, 14}, {0, 1, 0, 0}, target_id=0
@188 = gpu::code_object[code_object=6160,symbol_name=mlir_quant_convolution_dequantizelinear_add_relu_quantizelinear,global=14336,local=256,](@187,@185,@175,@186) -> int8_type, {1, 256, 14, 14}, {50176, 196, 14, 1}, target_id=0
@189 = load[offset=2709504,end=3512320](@1) -> float_type, {1, 1024, 14, 14}, {200704, 196, 14, 1}, target_id=0
@190 = broadcast[axis=1,out_lens={1, 1024, 14, 14}](@180) -> float_type, {1, 1024, 14, 14}, {0, 1, 0, 0}, target_id=0
@191 = gpu::code_object[code_object=4864,symbol_name=mlir_quant_convolution_dequantizelinear_add_add_relu,global=57344,local=256,](@190,@174,@188,@176,@189) -> float_type, {1, 1024, 14, 14}, {200704, 196, 14, 1}, target_id=0
@192 = hip::hip_copy_literal[id=main:@literal:22] -> int8_type, {1024, 256, 1, 1}, {256, 1, 1, 1}, target_id=0
@193 = hip::hip_copy_literal[id=main:@literal:36] -> int8_type, {256, 1024, 1, 1}, {1024, 1, 1, 1}, target_id=0
@194 = hip::hip_copy_literal[id=main:@literal:37] -> int8_type, {256, 256, 3, 3}, {2304, 9, 3, 1}, target_id=0
@195 = hip::hip_copy_literal[id=main:@literal:77] -> float_type, {256}, {1}, target_id=0
@196 = hip::hip_copy_literal[id=main:@literal:78] -> float_type, {256}, {1}, target_id=0
@197 = hip::hip_copy_literal[id=main:@literal:79] -> float_type, {1024}, {1}, target_id=0
@198 = load[offset=0,end=200704](@1) -> int8_type, {1, 1024, 14, 14}, {200704, 196, 14, 1}, target_id=0
@199 = gpu::code_object[code_object=3984,symbol_name=quantizelinear_kernel,global=100352,local=1024,](@191,@198) -> int8_type, {1, 1024, 14, 14}, {200704, 196, 14, 1}, target_id=0
@200 = load[offset=250880,end=301056](@1) -> int8_type, {1, 256, 14, 14}, {50176, 196, 14, 1}, target_id=0
@201 = broadcast[axis=1,out_lens={1, 256, 14, 14}](@195) -> float_type, {1, 256, 14, 14}, {0, 1, 0, 0}, target_id=0
@202 = gpu::code_object[code_object=4672,symbol_name=mlir_quant_convolution_dequantizelinear_add_relu_quantizelinear,global=14336,local=256,](@201,@199,@193,@200) -> int8_type, {1, 256, 14, 14}, {50176, 196, 14, 1}, target_id=0
@203 = broadcast[axis=1,out_lens={1, 256, 14, 14}](@196) -> float_type, {1, 256, 14, 14}, {0, 1, 0, 0}, target_id=0
@204 = load[offset=50176,end=100352](@1) -> int8_type, {1, 256, 14, 14}, {50176, 196, 14, 1}, target_id=0
@205 = gpu::code_object[code_object=6160,symbol_name=mlir_quant_convolution_dequantizelinear_add_relu_quantizelinear,global=14336,local=256,](@203,@202,@194,@204) -> int8_type, {1, 256, 14, 14}, {50176, 196, 14, 1}, target_id=0
@206 = load[offset=1906688,end=2709504](@1) -> float_type, {1, 1024, 14, 14}, {200704, 196, 14, 1}, target_id=0
@207 = broadcast[axis=1,out_lens={1, 1024, 14, 14}](@197) -> float_type, {1, 1024, 14, 14}, {0, 1, 0, 0}, target_id=0
@208 = gpu::code_object[code_object=4864,symbol_name=mlir_quant_convolution_dequantizelinear_add_add_relu,global=57344,local=256,](@207,@191,@205,@192,@206) -> float_type, {1, 1024, 14, 14}, {200704, 196, 14, 1}, target_id=0
@209 = hip::hip_copy_literal[id=main:@literal:40] -> int8_type, {1024, 256, 1, 1}, {256, 1, 1, 1}, target_id=0
@210 = hip::hip_copy_literal[id=main:@literal:38] -> int8_type, {256, 1024, 1, 1}, {1024, 1, 1, 1}, target_id=0
@211 = hip::hip_copy_literal[id=main:@literal:39] -> int8_type, {256, 256, 3, 3}, {2304, 9, 3, 1}, target_id=0
@212 = hip::hip_copy_literal[id=main:@literal:80] -> float_type, {256}, {1}, target_id=0
@213 = hip::hip_copy_literal[id=main:@literal:81] -> float_type, {256}, {1}, target_id=0
@214 = hip::hip_copy_literal[id=main:@literal:82] -> float_type, {1024}, {1}, target_id=0
@215 = load[offset=250880,end=451584](@1) -> int8_type, {1, 1024, 14, 14}, {200704, 196, 14, 1}, target_id=0
@216 = gpu::code_object[code_object=3984,symbol_name=quantizelinear_kernel,global=100352,local=1024,](@208,@215) -> int8_type, {1, 1024, 14, 14}, {200704, 196, 14, 1}, target_id=0
@217 = broadcast[axis=1,out_lens={1, 256, 14, 14}](@212) -> float_type, {1, 256, 14, 14}, {0, 1, 0, 0}, target_id=0
@218 = load[offset=200704,end=250880](@1) -> int8_type, {1, 256, 14, 14}, {50176, 196, 14, 1}, target_id=0
@219 = gpu::code_object[code_object=4672,symbol_name=mlir_quant_convolution_dequantizelinear_add_relu_quantizelinear,global=14336,local=256,](@217,@216,@210,@218) -> int8_type, {1, 256, 14, 14}, {50176, 196, 14, 1}, target_id=0
@220 = broadcast[axis=1,out_lens={1, 256, 14, 14}](@213) -> float_type, {1, 256, 14, 14}, {0, 1, 0, 0}, target_id=0
@221 = load[offset=0,end=50176](@1) -> int8_type, {1, 256, 14, 14}, {50176, 196, 14, 1}, target_id=0
@222 = gpu::code_object[code_object=6160,symbol_name=mlir_quant_convolution_dequantizelinear_add_relu_quantizelinear,global=14336,local=256,](@220,@219,@211,@221) -> int8_type, {1, 256, 14, 14}, {50176, 196, 14, 1}, target_id=0
@223 = load[offset=1103872,end=1906688](@1) -> float_type, {1, 1024, 14, 14}, {200704, 196, 14, 1}, target_id=0
@224 = broadcast[axis=1,out_lens={1, 1024, 14, 14}](@214) -> float_type, {1, 1024, 14, 14}, {0, 1, 0, 0}, target_id=0
@225 = gpu::code_object[code_object=4864,symbol_name=mlir_quant_convolution_dequantizelinear_add_add_relu,global=57344,local=256,](@224,@208,@222,@209,@223) -> float_type, {1, 1024, 14, 14}, {200704, 196, 14, 1}, target_id=0
@226 = hip::hip_copy_literal[id=main:@literal:2] -> int8_type, {1024, 256, 1, 1}, {256, 1, 1, 1}, target_id=0
@227 = hip::hip_copy_literal[id=main:@literal:41] -> int8_type, {256, 1024, 1, 1}, {1024, 1, 1, 1}, target_id=0
@228 = hip::hip_copy_literal[id=main:@literal:42] -> int8_type, {256, 256, 3, 3}, {2304, 9, 3, 1}, target_id=0
@229 = hip::hip_copy_literal[id=main:@literal:83] -> float_type, {256}, {1}, target_id=0
@230 = hip::hip_copy_literal[id=main:@literal:84] -> float_type, {256}, {1}, target_id=0
@231 = hip::hip_copy_literal[id=main:@literal:85] -> float_type, {1024}, {1}, target_id=0
@232 = load[offset=100352,end=301056](@1) -> int8_type, {1, 1024, 14, 14}, {200704, 196, 14, 1}, target_id=0
@233 = gpu::code_object[code_object=3984,symbol_name=quantizelinear_kernel,global=100352,local=1024,](@225,@232) -> int8_type, {1, 1024, 14, 14}, {200704, 196, 14, 1}, target_id=0
@234 = broadcast[axis=1,out_lens={1, 256, 14, 14}](@229) -> float_type, {1, 256, 14, 14}, {0, 1, 0, 0}, target_id=0
@235 = load[offset=50176,end=100352](@1) -> int8_type, {1, 256, 14, 14}, {50176, 196, 14, 1}, target_id=0
@236 = gpu::code_object[code_object=4672,symbol_name=mlir_quant_convolution_dequantizelinear_add_relu_quantizelinear,global=14336,local=256,](@234,@233,@227,@235) -> int8_type, {1, 256, 14, 14}, {50176, 196, 14, 1}, target_id=0
@237 = load[offset=0,end=50176](@1) -> int8_type, {1, 256, 14, 14}, {50176, 196, 14, 1}, target_id=0
@238 = broadcast[axis=1,out_lens={1, 256, 14, 14}](@230) -> float_type, {1, 256, 14, 14}, {0, 1, 0, 0}, target_id=0
@239 = gpu::code_object[code_object=6160,symbol_name=mlir_quant_convolution_dequantizelinear_add_relu_quantizelinear,global=14336,local=256,](@238,@236,@228,@237) -> int8_type, {1, 256, 14, 14}, {50176, 196, 14, 1}, target_id=0
@240 = load[offset=301056,end=1103872](@1) -> float_type, {1, 1024, 14, 14}, {200704, 196, 14, 1}, target_id=0
@241 = broadcast[axis=1,out_lens={1, 1024, 14, 14}](@231) -> float_type, {1, 1024, 14, 14}, {0, 1, 0, 0}, target_id=0
@242 = gpu::code_object[code_object=4864,symbol_name=mlir_quant_convolution_dequantizelinear_add_add_relu,global=57344,local=256,](@241,@225,@239,@226,@240) -> float_type, {1, 1024, 14, 14}, {200704, 196, 14, 1}, target_id=0
@243 = hip::hip_copy_literal[id=main:@literal:43] -> int8_type, {512, 512, 3, 3}, {4608, 9, 3, 1}, target_id=0
@244 = hip::hip_copy_literal[id=main:@literal:53] -> float_type, {2048}, {1}, target_id=0
@245 = hip::hip_copy_literal[id=main:@literal:86] -> float_type, {512}, {1}, target_id=0
@246 = hip::hip_copy_literal[id=main:@literal:87] -> float_type, {512}, {1}, target_id=0
@247 = hip::hip_copy_literal[id=main:@literal:26] -> int8_type, {512, 1024, 1, 1}, {1024, 1, 1, 1}, target_id=0
@248 = hip::hip_copy_literal[id=main:@literal:44] -> int8_type, {2048, 1536, 1, 1}, {1536, 1, 1, 1}, target_id=0
@249 = load[offset=0,end=200704](@1) -> int8_type, {1, 1024, 14, 14}, {200704, 196, 14, 1}, target_id=0
@250 = gpu::code_object[code_object=3984,symbol_name=quantizelinear_kernel,global=100352,local=1024,](@242,@249) -> int8_type, {1, 1024, 14, 14}, {200704, 196, 14, 1}, target_id=0
@251 = broadcast[axis=1,out_lens={1, 512, 14, 14}](@245) -> float_type, {1, 512, 14, 14}, {0, 1, 0, 0}, target_id=0
@252 = load[offset=1103872,end=1204224](@1) -> int8_type, {1, 512, 14, 14}, {100352, 196, 14, 1}, target_id=0
@253 = gpu::code_object[code_object=4672,symbol_name=mlir_quant_convolution_dequantizelinear_add_relu_quantizelinear,global=28672,local=256,](@251,@250,@247,@252) -> int8_type, {1, 512, 14, 14}, {100352, 196, 14, 1}, target_id=0
@254 = load[offset=100352,end=200704](@1) -> int32_type, {1, 512, 7, 7}, {25088, 49, 7, 1}, target_id=0
@255 = gpu::code_object[code_object=6816,symbol_name=mlir_quant_convolution,global=8192,local=256,](@253,@243,@254) -> int32_type, {1, 512, 7, 7}, {25088, 49, 7, 1}, target_id=0
@256 = load[offset=0,end=75264](@1) -> int8_type, {1, 1536, 7, 7}, {75264, 49, 7, 1}, target_id=0
@257 = broadcast[axis=1,out_lens={1, 512, 7, 7}](@246) -> float_type, {1, 512, 7, 7}, {0, 1, 0, 0}, target_id=0
@258 = step[axes={2, 3},steps={2, 2}](@242) -> float_type, {1, 1024, 7, 7}, {200704, 196, 28, 2}, target_id=0
@259 = gpu::code_object[code_object=4664,symbol_name=dequantizelinear_add_relu_concat_quantizelinear_kernel,global=37632,local=1024,](@255,@257,@258,@256) -> int8_type, {1, 1536, 7, 7}, {75264, 49, 7, 1}, target_id=0
@260 = load[offset=551936,end=953344](@1) -> float_type, {1, 2048, 7, 7}, {100352, 49, 7, 1}, target_id=0
@261 = broadcast[axis=1,out_lens={1, 2048, 7, 7}](@244) -> float_type, {1, 2048, 7, 7}, {0, 1, 0, 0}, target_id=0
@262 = gpu::code_object[code_object=4656,symbol_name=mlir_quant_convolution_dequantizelinear_add_relu,global=32768,local=256,](@261,@259,@248,@260) -> float_type, {1, 2048, 7, 7}, {100352, 49, 7, 1}, target_id=0
@263 = hip::hip_copy_literal[id=main:@literal:31] -> int8_type, {2048, 512, 1, 1}, {512, 1, 1, 1}, target_id=0
@264 = hip::hip_copy_literal[id=main:@literal:33] -> int8_type, {512, 2048, 1, 1}, {2048, 1, 1, 1}, target_id=0
@265 = hip::hip_copy_literal[id=main:@literal:45] -> int8_type, {512, 512, 3, 3}, {4608, 9, 3, 1}, target_id=0
@266 = hip::hip_copy_literal[id=main:@literal:88] -> float_type, {512}, {1}, target_id=0
@267 = hip::hip_copy_literal[id=main:@literal:89] -> float_type, {512}, {1}, target_id=0
@268 = hip::hip_copy_literal[id=main:@literal:90] -> float_type, {2048}, {1}, target_id=0
@269 = load[offset=50176,end=150528](@1) -> int8_type, {1, 2048, 7, 7}, {100352, 49, 7, 1}, target_id=0
@270 = gpu::code_object[code_object=3984,symbol_name=quantizelinear_kernel,global=50176,local=1024,](@262,@269) -> int8_type, {1, 2048, 7, 7}, {100352, 49, 7, 1}, target_id=0
@271 = broadcast[axis=1,out_lens={1, 512, 7, 7}](@266) -> float_type, {1, 512, 7, 7}, {0, 1, 0, 0}, target_id=0
@272 = load[offset=25088,end=50176](@1) -> int8_type, {1, 512, 7, 7}, {25088, 49, 7, 1}, target_id=0
@273 = gpu::code_object[code_object=5000,symbol_name=mlir_quant_convolution_dequantizelinear_add_relu_quantizelinear,global=8192,local=64,](@271,@270,@264,@272) -> int8_type, {1, 512, 7, 7}, {25088, 49, 7, 1}, target_id=0
@274 = broadcast[axis=1,out_lens={1, 512, 7, 7}](@267) -> float_type, {1, 512, 7, 7}, {0, 1, 0, 0}, target_id=0
@275 = load[offset=0,end=25088](@1) -> int8_type, {1, 512, 7, 7}, {25088, 49, 7, 1}, target_id=0
@276 = gpu::code_object[code_object=7416,symbol_name=mlir_quant_convolution_dequantizelinear_add_relu_quantizelinear,global=8192,local=256,](@274,@273,@265,@275) -> int8_type, {1, 512, 7, 7}, {25088, 49, 7, 1}, target_id=0
@277 = load[offset=150528,end=551936](@1) -> float_type, {1, 2048, 7, 7}, {100352, 49, 7, 1}, target_id=0
@278 = broadcast[axis=1,out_lens={1, 2048, 7, 7}](@268) -> float_type, {1, 2048, 7, 7}, {0, 1, 0, 0}, target_id=0
@279 = gpu::code_object[code_object=5024,symbol_name=mlir_quant_convolution_dequantizelinear_add_add_relu,global=32768,local=256,](@278,@262,@276,@263,@277) -> float_type, {1, 2048, 7, 7}, {100352, 49, 7, 1}, target_id=0
@280 = hip::hip_copy_literal[id=main:@literal:47] -> int8_type, {512, 512, 3, 3}, {4608, 9, 3, 1}, target_id=0
@281 = hip::hip_copy_literal[id=main:@literal:48] -> int8_type, {2048, 512, 1, 1}, {512, 1, 1, 1}, target_id=0
@282 = hip::hip_copy_literal[id=main:@literal:49] -> int8_type, {2048, 1001}, {1001, 1}, target_id=0
@283 = hip::hip_copy_literal[id=main:@literal:46] -> int8_type, {512, 2048, 1, 1}, {2048, 1, 1, 1}, target_id=0
@284 = hip::hip_copy_literal[id=main:@literal:92] -> float_type, {512}, {1}, target_id=0
@285 = hip::hip_copy_literal[id=main:@literal:93] -> float_type, {512}, {1}, target_id=0
@286 = hip::hip_copy_literal[id=main:@literal:94] -> float_type, {2048}, {1}, target_id=0
@287 = hip::hip_copy_literal[id=main:@literal:99] -> float_type, {1001}, {1}, target_id=0
@288 = load[offset=551936,end=652288](@1) -> int8_type, {1, 2048, 7, 7}, {100352, 49, 7, 1}, target_id=0
@289 = gpu::code_object[code_object=3984,symbol_name=quantizelinear_kernel,global=50176,local=1024,](@279,@288) -> int8_type, {1, 2048, 7, 7}, {100352, 49, 7, 1}, target_id=0
@290 = load[offset=100352,end=125440](@1) -> int8_type, {1, 512, 7, 7}, {25088, 49, 7, 1}, target_id=0
@291 = broadcast[axis=1,out_lens={1, 512, 7, 7}](@284) -> float_type, {1, 512, 7, 7}, {0, 1, 0, 0}, target_id=0
@292 = gpu::code_object[code_object=5000,symbol_name=mlir_quant_convolution_dequantizelinear_add_relu_quantizelinear,global=8192,local=64,](@291,@289,@283,@290) -> int8_type, {1, 512, 7, 7}, {25088, 49, 7, 1}, target_id=0
@293 = load[offset=0,end=25088](@1) -> int8_type, {1, 512, 7, 7}, {25088, 49, 7, 1}, target_id=0
@294 = broadcast[axis=1,out_lens={1, 512, 7, 7}](@285) -> float_type, {1, 512, 7, 7}, {0, 1, 0, 0}, target_id=0
@295 = gpu::code_object[code_object=7416,symbol_name=mlir_quant_convolution_dequantizelinear_add_relu_quantizelinear,global=8192,local=256,](@294,@292,@280,@293) -> int8_type, {1, 512, 7, 7}, {25088, 49, 7, 1}, target_id=0
@296 = load[offset=551936,end=953344](@1) -> int32_type, {1, 2048, 7, 7}, {100352, 49, 7, 1}, target_id=0
@297 = gpu::code_object[code_object=4192,symbol_name=mlir_quant_convolution,global=32768,local=256,](@295,@281,@296) -> int32_type, {1, 2048, 7, 7}, {100352, 49, 7, 1}, target_id=0
@298 = broadcast[axis=1,out_lens={1, 2048, 7, 7}](@286) -> float_type, {1, 2048, 7, 7}, {0, 1, 0, 0}, target_id=0
@299 = load[offset=6064,end=14256](@1) -> float_type, {1, 2048, 1, 1}, {2048, 1, 1, 1}, target_id=0
@300 = gpu::code_object[code_object=4456,symbol_name=dequantizelinear_add_add_relu_mul_reduce_sum_kernel,global=131072,local=64,](@297,@298,@279,@299) -> float_type, {1, 2048, 1, 1}, {2048, 1, 1, 1}, target_id=0
@301 = squeeze[axes={2, 3}](@300) -> float_type, {1, 2048}, {2048, 1}, target_id=0
@302 = load[offset=0,end=2048](@1) -> int8_type, {1, 2048}, {2048, 1}, target_id=0
@303 = gpu::code_object[code_object=3984,symbol_name=quantizelinear_kernel,global=1024,local=1024,](@301,@302) -> int8_type, {1, 2048}, {2048, 1}, target_id=0
@304 = load[offset=8032,end=12036](@1) -> int32_type, {1, 1001}, {1001, 1}, target_id=0
@305 = gpu::quant_gemm[alpha=1,beta=0,compute_fp32=1,trans_batch=0,solution_idx=0](@303,@282,@304) -> int32_type, {1, 1001}, {1001, 1}, target_id=0
@306 = multibroadcast[out_lens={1, 1001},out_dyn_dims={}](@287) -> float_type, {1, 1001}, {0, 1}, target_id=0
@307 = load[offset=4016,end=8020](@1) -> float_type, {1, 1001}, {1001, 1}, target_id=0
@308 = gpu::code_object[code_object=4208,symbol_name=dequantizelinear_add_kernel,global=1001,local=1024,](@305,@306,@307) -> float_type, {1, 1001}, {1001, 1}, target_id=0
@309 = load[offset=0,end=8](@1) -> int64_type, {1, 1}, {1, 1}, target_id=0
@310 = gpu::argmax[axis=1,select_last_index=0](@308,@309) -> int64_type, {1, 1}, {1, 1}, target_id=0
main:#output_0 = @param:main:#output_0 -> int64_type, {1}, {1}, target_id=0
@312 = reshape_lazy[dims={1}](@310) -> int64_type, {1}, {1}, target_id=0
@313 = gpu::code_object[code_object=3896,symbol_name=convert_convert_kernel,global=1,local=1024,](@312,main:#output_0) -> int64_type, {1}, {1}, target_id=0
main:#output_1 = @param:main:#output_1 -> float_type, {1, 1001}, {1001, 1}, target_id=0
@315 = gpu::code_object[code_object=5800,symbol_name=reduce_max_sub_exp_reduce_sum_div_kernel,global=256,local=256,](@308,main:#output_1) -> float_type, {1, 1001}, {1001, 1}, target_id=0
@316 = @return(@313,@315), target_id=0


Allocating params ... 
Running performance report ... 
@0 = check_context::migraphx::gpu::context -> float_type, {}, {}, target_id=0: 0.00097716ms, 1%
@1 = hip::hip_allocate_memory[shape=int8_type, {9633792}, {1},id=main:scratch] -> int8_type, {9633792}, {1}, target_id=0: 0.0011311ms, 1%
@2 = load[offset=0,end=150528](@1) -> int8_type, {1, 3, 224, 224}, {150528, 50176, 224, 1}, target_id=0: 0.00080162ms, 1%
input_tensor:0 = @param:input_tensor:0 -> float_type, {1, 3, 224, 224}, {150528, 50176, 224, 1}, target_id=0: 0.00040638ms, 1%
@4 = gpu::code_object[code_object=3984,symbol_name=quantizelinear_kernel,global=75264,local=1024,](input_tensor:0,@2) -> int8_type, {1, 3, 224, 224}, {150528, 50176, 224, 1}, target_id=0: 0.01927ms, 1%
@5 = hip::hip_copy_literal[id=main:@literal:25] -> int8_type, {64, 3, 7, 7}, {147, 49, 7, 1}, target_id=0: 0.00083124ms, 1%
@6 = hip::hip_copy_literal[id=main:@literal:54] -> float_type, {64}, {1}, target_id=0: 0.00057618ms, 1%
@7 = load[offset=3268864,end=6480128](@1) -> float_type, {1, 64, 112, 112}, {802816, 12544, 112, 1}, target_id=0: 0.00072792ms, 1%
@8 = broadcast[axis=1,out_lens={1, 64, 112, 112}](@6) -> float_type, {1, 64, 112, 112}, {0, 1, 0, 0}, target_id=0: 0.00107646ms, 1%
@9 = gpu::code_object[code_object=6432,symbol_name=mlir_quant_convolution_dequantizelinear_add_relu,global=50176,local=256,](@8,@4,@5,@7) -> float_type, {1, 64, 112, 112}, {802816, 12544, 112, 1}, target_id=0: 0.0325669ms, 2%
@10 = load[offset=0,end=3268864](@1) -> float_type, {1, 64, 113, 113}, {817216, 12769, 113, 1}, target_id=0: 0.00074256ms, 1%
@11 = gpu::code_object[code_object=4136,symbol_name=pad_kernel,global=307200,local=1024,](@9,@10) -> float_type, {1, 64, 113, 113}, {817216, 12769, 113, 1}, target_id=0: 0.0243628ms, 1%
@12 = load[offset=3268864,end=4071680](@1) -> float_type, {1, 64, 56, 56}, {200704, 3136, 56, 1}, target_id=0: 0.0007551ms, 1%
@13 = gpu::pooling[mode=max,padding={0, 0, 0, 0},padding_mode=0,stride={2, 2},lengths={3, 3},dilations={1, 1},ceil_mode=0,lp_order=2,dyn_global=0](@11,@12) -> float_type, {1, 64, 56, 56}, {200704, 3136, 56, 1}, target_id=0: 0.0639798ms, 3%
@14 = hip::hip_copy_literal[id=main:@literal:4] -> int8_type, {256, 128, 1, 1}, {128, 1, 1, 1}, target_id=0: 0.00077172ms, 1%
@15 = load[offset=200704,end=401408](@1) -> int8_type, {1, 64, 56, 56}, {200704, 3136, 56, 1}, target_id=0: 0.00103698ms, 1%
@16 = gpu::code_object[code_object=3984,symbol_name=quantizelinear_kernel,global=100352,local=1024,](@13,@15) -> int8_type, {1, 64, 56, 56}, {200704, 3136, 56, 1}, target_id=0: 0.0178215ms, 1%
@17 = hip::hip_copy_literal[id=main:@literal:23] -> int8_type, {64, 64, 3, 3}, {576, 9, 3, 1}, target_id=0: 0.0007195ms, 1%
@18 = hip::hip_copy_literal[id=main:@literal:21] -> int8_type, {64, 64, 1, 1}, {64, 1, 1, 1}, target_id=0: 0.0007031ms, 1%
@19 = hip::hip_copy_literal[id=main:@literal:63] -> float_type, {64}, {1}, target_id=0: 0.00079828ms, 1%
@20 = load[offset=0,end=200704](@1) -> int8_type, {1, 64, 56, 56}, {200704, 3136, 56, 1}, target_id=0: 0.00077138ms, 1%
@21 = broadcast[axis=1,out_lens={1, 64, 56, 56}](@19) -> float_type, {1, 64, 56, 56}, {0, 1, 0, 0}, target_id=0: 0.00105262ms, 1%
@22 = gpu::code_object[code_object=4128,symbol_name=mlir_quant_convolution_dequantizelinear_add_relu_quantizelinear,global=50176,local=256,](@21,@16,@18,@20) -> int8_type, {1, 64, 56, 56}, {200704, 3136, 56, 1}, target_id=0: 0.0186938ms, 1%
@23 = load[offset=401408,end=1204224](@1) -> int32_type, {1, 64, 56, 56}, {200704, 3136, 56, 1}, target_id=0: 0.00072656ms, 1%
@24 = gpu::code_object[code_object=5440,symbol_name=mlir_quant_convolution,global=50176,local=256,](@22,@17,@23) -> int32_type, {1, 64, 56, 56}, {200704, 3136, 56, 1}, target_id=0: 0.0354016ms, 2%
@25 = hip::hip_copy_literal[id=main:@literal:72] -> float_type, {64}, {1}, target_id=0: 0.0007028ms, 1%
@26 = load[offset=1204224,end=1605632](@1) -> int8_type, {1, 128, 56, 56}, {401408, 3136, 56, 1}, target_id=0: 0.00070796ms, 1%
@27 = broadcast[axis=1,out_lens={1, 64, 56, 56}](@25) -> float_type, {1, 64, 56, 56}, {0, 1, 0, 0}, target_id=0: 0.00093034ms, 1%
@28 = gpu::code_object[code_object=4520,symbol_name=dequantizelinear_add_relu_concat_quantizelinear_kernel,global=100352,local=1024,](@24,@27,@13,@26) -> int8_type, {1, 128, 56, 56}, {401408, 3136, 56, 1}, target_id=0: 0.0188582ms, 1%
@29 = hip::hip_copy_literal[id=main:@literal:50] -> float_type, {256}, {1}, target_id=0: 0.00069042ms, 1%
@30 = load[offset=6422528,end=9633792](@1) -> float_type, {1, 256, 56, 56}, {802816, 3136, 56, 1}, target_id=0: 0.0007002ms, 1%
@31 = broadcast[axis=1,out_lens={1, 256, 56, 56}](@29) -> float_type, {1, 256, 56, 56}, {0, 1, 0, 0}, target_id=0: 0.00099412ms, 1%
@32 = gpu::code_object[code_object=5208,symbol_name=mlir_quant_convolution_dequantizelinear_add_relu,global=50176,local=256,](@31,@28,@14,@30) -> float_type, {1, 256, 56, 56}, {802816, 3136, 56, 1}, target_id=0: 0.0252965ms, 1%
@33 = hip::hip_copy_literal[id=main:@literal:29] -> int8_type, {64, 256, 1, 1}, {256, 1, 1, 1}, target_id=0: 0.00070898ms, 1%
@34 = hip::hip_copy_literal[id=main:@literal:91] -> float_type, {64}, {1}, target_id=0: 0.00063128ms, 1%
@35 = load[offset=1003520,end=1806336](@1) -> int8_type, {1, 256, 56, 56}, {802816, 3136, 56, 1}, target_id=0: 0.00071686ms, 1%
@36 = gpu::code_object[code_object=3984,symbol_name=quantizelinear_kernel,global=401408,local=1024,](@32,@35) -> int8_type, {1, 256, 56, 56}, {802816, 3136, 56, 1}, target_id=0: 0.020296ms, 1%
@37 = broadcast[axis=1,out_lens={1, 64, 56, 56}](@34) -> float_type, {1, 64, 56, 56}, {0, 1, 0, 0}, target_id=0: 0.00123428ms, 1%
@38 = load[offset=802816,end=1003520](@1) -> int8_type, {1, 64, 56, 56}, {200704, 3136, 56, 1}, target_id=0: 0.00069934ms, 1%
@39 = gpu::code_object[code_object=4600,symbol_name=mlir_quant_convolution_dequantizelinear_add_relu_quantizelinear,global=50176,local=256,](@37,@36,@33,@38) -> int8_type, {1, 64, 56, 56}, {200704, 3136, 56, 1}, target_id=0: 0.0214937ms, 1%
@40 = hip::hip_copy_literal[id=main:@literal:11] -> int8_type, {64, 64, 3, 3}, {576, 9, 3, 1}, target_id=0: 0.0007026ms, 1%
@41 = hip::hip_copy_literal[id=main:@literal:95] -> float_type, {64}, {1}, target_id=0: 0.00062116ms, 1%
@42 = load[offset=0,end=200704](@1) -> int8_type, {1, 64, 56, 56}, {200704, 3136, 56, 1}, target_id=0: 0.00070124ms, 1%
@43 = broadcast[axis=1,out_lens={1, 64, 56, 56}](@41) -> float_type, {1, 64, 56, 56}, {0, 1, 0, 0}, target_id=0: 0.00088986ms, 1%
@44 = gpu::code_object[code_object=5944,symbol_name=mlir_quant_convolution_dequantizelinear_add_relu_quantizelinear,global=50176,local=256,](@43,@39,@40,@42) -> int8_type, {1, 64, 56, 56}, {200704, 3136, 56, 1}, target_id=0: 0.0345338ms, 2%
@45 = hip::hip_copy_literal[id=main:@literal:16] -> int8_type, {256, 64, 1, 1}, {64, 1, 1, 1}, target_id=0: 0.00068736ms, 1%
@46 = hip::hip_copy_literal[id=main:@literal:96] -> float_type, {256}, {1}, target_id=0: 0.00060422ms, 1%
@47 = broadcast[axis=1,out_lens={1, 256, 56, 56}](@46) -> float_type, {1, 256, 56, 56}, {0, 1, 0, 0}, target_id=0: 0.00088762ms, 1%
@48 = load[offset=3211264,end=6422528](@1) -> float_type, {1, 256, 56, 56}, {802816, 3136, 56, 1}, target_id=0: 0.00069852ms, 1%
@49 = gpu::code_object[code_object=5488,symbol_name=mlir_quant_convolution_dequantizelinear_add_add_relu,global=50176,local=128,](@47,@32,@44,@45,@48) -> float_type, {1, 256, 56, 56}, {802816, 3136, 56, 1}, target_id=0: 0.0261357ms, 2%
@50 = load[offset=200704,end=1003520](@1) -> int8_type, {1, 256, 56, 56}, {802816, 3136, 56, 1}, target_id=0: 0.0007271ms, 1%
@51 = gpu::code_object[code_object=3984,symbol_name=quantizelinear_kernel,global=401408,local=1024,](@49,@50) -> int8_type, {1, 256, 56, 56}, {802816, 3136, 56, 1}, target_id=0: 0.0207481ms, 1%
@52 = hip::hip_copy_literal[id=main:@literal:24] -> int8_type, {64, 256, 1, 1}, {256, 1, 1, 1}, target_id=0: 0.00068012ms, 1%
@53 = hip::hip_copy_literal[id=main:@literal:97] -> float_type, {64}, {1}, target_id=0: 0.00075328ms, 1%
@54 = load[offset=0,end=200704](@1) -> int8_type, {1, 64, 56, 56}, {200704, 3136, 56, 1}, target_id=0: 0.0006898ms, 1%
@55 = broadcast[axis=1,out_lens={1, 64, 56, 56}](@53) -> float_type, {1, 64, 56, 56}, {0, 1, 0, 0}, target_id=0: 0.00093236ms, 1%
@56 = gpu::code_object[code_object=4600,symbol_name=mlir_quant_convolution_dequantizelinear_add_relu_quantizelinear,global=50176,local=256,](@55,@51,@52,@54) -> int8_type, {1, 64, 56, 56}, {200704, 3136, 56, 1}, target_id=0: 0.0218072ms, 1%
@57 = hip::hip_copy_literal[id=main:@literal:7] -> int8_type, {64, 64, 3, 3}, {576, 9, 3, 1}, target_id=0: 0.0007185ms, 1%
@58 = hip::hip_copy_literal[id=main:@literal:98] -> float_type, {64}, {1}, target_id=0: 0.00061768ms, 1%
@59 = broadcast[axis=1,out_lens={1, 64, 56, 56}](@58) -> float_type, {1, 64, 56, 56}, {0, 1, 0, 0}, target_id=0: 0.0008846ms, 1%
@60 = load[offset=6422528,end=6623232](@1) -> int8_type, {1, 64, 56, 56}, {200704, 3136, 56, 1}, target_id=0: 0.0006961ms, 1%
@61 = gpu::code_object[code_object=5944,symbol_name=mlir_quant_convolution_dequantizelinear_add_relu_quantizelinear,global=50176,local=256,](@59,@56,@57,@60) -> int8_type, {1, 64, 56, 56}, {200704, 3136, 56, 1}, target_id=0: 0.0345315ms, 2%
@62 = hip::hip_copy_literal[id=main:@literal:32] -> int8_type, {128, 128, 3, 3}, {1152, 9, 3, 1}, target_id=0: 0.0006614ms, 1%
@63 = hip::hip_copy_literal[id=main:@literal:8] -> int8_type, {128, 256, 1, 1}, {256, 1, 1, 1}, target_id=0: 0.00056862ms, 1%
@64 = hip::hip_copy_literal[id=main:@literal:13] -> int8_type, {512, 128, 1, 1}, {128, 1, 1, 1}, target_id=0: 0.00075246ms, 1%
@65 = hip::hip_copy_literal[id=main:@literal:30] -> int8_type, {256, 64, 1, 1}, {64, 1, 1, 1}, target_id=0: 0.00062572ms, 1%
@66 = hip::hip_copy_literal[id=main:@literal:55] -> float_type, {256}, {1}, target_id=0: 0.00063844ms, 1%
@67 = broadcast[axis=1,out_lens={1, 256, 56, 56}](@66) -> float_type, {1, 256, 56, 56}, {0, 1, 0, 0}, target_id=0: 0.00086802ms, 1%
@68 = load[offset=0,end=3211264](@1) -> float_type, {1, 256, 56, 56}, {802816, 3136, 56, 1}, target_id=0: 0.00070216ms, 1%
@69 = gpu::code_object[code_object=5488,symbol_name=mlir_quant_convolution_dequantizelinear_add_add_relu,global=50176,local=128,](@67,@49,@61,@65,@68) -> float_type, {1, 256, 56, 56}, {802816, 3136, 56, 1}, target_id=0: 0.025993ms, 1%
@70 = hip::hip_copy_literal[id=main:@literal:18] -> int8_type, {512, 384, 1, 1}, {384, 1, 1, 1}, target_id=0: 0.00068634ms, 1%
@71 = load[offset=4014080,end=4816896](@1) -> int8_type, {1, 256, 56, 56}, {802816, 3136, 56, 1}, target_id=0: 0.0006955ms, 1%
@72 = gpu::code_object[code_object=3984,symbol_name=quantizelinear_kernel,global=401408,local=1024,](@69,@71) -> int8_type, {1, 256, 56, 56}, {802816, 3136, 56, 1}, target_id=0: 0.0200238ms, 1%
@73 = hip::hip_copy_literal[id=main:@literal:56] -> float_type, {128}, {1}, target_id=0: 0.00065428ms, 1%
@74 = broadcast[axis=1,out_lens={1, 128, 56, 56}](@73) -> float_type, {1, 128, 56, 56}, {0, 1, 0, 0}, target_id=0: 0.00106318ms, 1%
@75 = load[offset=3612672,end=4014080](@1) -> int8_type, {1, 128, 56, 56}, {401408, 3136, 56, 1}, target_id=0: 0.00069912ms, 1%
@76 = gpu::code_object[code_object=5864,symbol_name=mlir_quant_convolution_dequantizelinear_add_relu_quantizelinear,global=25088,local=256,](@74,@72,@63,@75) -> int8_type, {1, 128, 56, 56}, {401408, 3136, 56, 1}, target_id=0: 0.026048ms, 2%
@77 = load[offset=3211264,end=3612672](@1) -> int32_type, {1, 128, 28, 28}, {100352, 784, 28, 1}, target_id=0: 0.00073762ms, 1%
@78 = gpu::code_object[code_object=5520,symbol_name=mlir_quant_convolution,global=25600,local=256,](@76,@62,@77) -> int32_type, {1, 128, 28, 28}, {100352, 784, 28, 1}, target_id=0: 0.0397652ms, 2%
@79 = hip::hip_copy_literal[id=main:@literal:57] -> float_type, {128}, {1}, target_id=0: 0.00070394ms, 1%
@80 = load[offset=3612672,end=3913728](@1) -> int8_type, {1, 384, 28, 28}, {301056, 784, 28, 1}, target_id=0: 0.0007097ms, 1%
@81 = step[axes={2, 3},steps={2, 2}](@69) -> float_type, {1, 256, 28, 28}, {802816, 3136, 112, 2}, target_id=0: 0.00125746ms, 1%
@82 = broadcast[axis=1,out_lens={1, 128, 28, 28}](@79) -> float_type, {1, 128, 28, 28}, {0, 1, 0, 0}, target_id=0: 0.00080332ms, 1%
@83 = gpu::code_object[code_object=4608,symbol_name=dequantizelinear_add_relu_concat_quantizelinear_kernel,global=150528,local=1024,](@78,@82,@81,@80) -> int8_type, {1, 384, 28, 28}, {301056, 784, 28, 1}, target_id=0: 0.0195742ms, 1%
@84 = hip::hip_copy_literal[id=main:@literal:51] -> float_type, {512}, {1}, target_id=0: 0.0007398ms, 1%
@85 = broadcast[axis=1,out_lens={1, 512, 28, 28}](@84) -> float_type, {1, 512, 28, 28}, {0, 1, 0, 0}, target_id=0: 0.00096542ms, 1%
@86 = load[offset=5419008,end=7024640](@1) -> float_type, {1, 512, 28, 28}, {401408, 784, 28, 1}, target_id=0: 0.00073886ms, 1%
@87 = gpu::code_object[code_object=6264,symbol_name=mlir_quant_convolution_dequantizelinear_add_relu,global=26624,local=256,](@85,@83,@70,@86) -> float_type, {1, 512, 28, 28}, {401408, 784, 28, 1}, target_id=0: 0.0315245ms, 2%
@88 = hip::hip_copy_literal[id=main:@literal:34] -> int8_type, {128, 128, 3, 3}, {1152, 9, 3, 1}, target_id=0: 0.00069772ms, 1%
@89 = load[offset=0,end=401408](@1) -> int8_type, {1, 512, 28, 28}, {401408, 784, 28, 1}, target_id=0: 0.00069722ms, 1%
@90 = gpu::code_object[code_object=3984,symbol_name=quantizelinear_kernel,global=200704,local=1024,](@87,@89) -> int8_type, {1, 512, 28, 28}, {401408, 784, 28, 1}, target_id=0: 0.0181447ms, 1%
@91 = hip::hip_copy_literal[id=main:@literal:27] -> int8_type, {128, 512, 1, 1}, {512, 1, 1, 1}, target_id=0: 0.0006568ms, 1%
@92 = hip::hip_copy_literal[id=main:@literal:58] -> float_type, {128}, {1}, target_id=0: 0.00088664ms, 1%
@93 = load[offset=501760,end=602112](@1) -> int8_type, {1, 128, 28, 28}, {100352, 784, 28, 1}, target_id=0: 0.00069384ms, 1%
@94 = broadcast[axis=1,out_lens={1, 128, 28, 28}](@92) -> float_type, {1, 128, 28, 28}, {0, 1, 0, 0}, target_id=0: 0.00088454ms, 1%
@95 = gpu::code_object[code_object=4672,symbol_name=mlir_quant_convolution_dequantizelinear_add_relu_quantizelinear,global=25600,local=256,](@94,@90,@91,@93) -> int8_type, {1, 128, 28, 28}, {100352, 784, 28, 1}, target_id=0: 0.0243046ms, 1%
@96 = hip::hip_copy_literal[id=main:@literal:59] -> float_type, {128}, {1}, target_id=0: 0.00068116ms, 1%
@97 = hip::hip_copy_literal[id=main:@literal:60] -> float_type, {512}, {1}, target_id=0: 0.00058016ms, 1%
@98 = broadcast[axis=1,out_lens={1, 128, 28, 28}](@96) -> float_type, {1, 128, 28, 28}, {0, 1, 0, 0}, target_id=0: 0.00090474ms, 1%
@99 = load[offset=100352,end=200704](@1) -> int8_type, {1, 128, 28, 28}, {100352, 784, 28, 1}, target_id=0: 0.00070618ms, 1%
@100 = gpu::code_object[code_object=6144,symbol_name=mlir_quant_convolution_dequantizelinear_add_relu_quantizelinear,global=25600,local=256,](@98,@95,@88,@99) -> int8_type, {1, 128, 28, 28}, {100352, 784, 28, 1}, target_id=0: 0.0399669ms, 2%
@101 = load[offset=3813376,end=5419008](@1) -> float_type, {1, 512, 28, 28}, {401408, 784, 28, 1}, target_id=0: 0.0007355ms, 1%
@102 = broadcast[axis=1,out_lens={1, 512, 28, 28}](@97) -> float_type, {1, 512, 28, 28}, {0, 1, 0, 0}, target_id=0: 0.00075594ms, 1%
@103 = gpu::code_object[code_object=6752,symbol_name=mlir_quant_convolution_dequantizelinear_add_add_relu,global=26624,local=256,](@102,@87,@100,@64,@101) -> float_type, {1, 512, 28, 28}, {401408, 784, 28, 1}, target_id=0: 0.0264484ms, 2%
@104 = hip::hip_copy_literal[id=main:@literal:28] -> int8_type, {128, 512, 1, 1}, {512, 1, 1, 1}, target_id=0: 0.0006952ms, 1%
@105 = hip::hip_copy_literal[id=main:@literal:10] -> int8_type, {128, 128, 3, 3}, {1152, 9, 3, 1}, target_id=0: 0.00059622ms, 1%
@106 = hip::hip_copy_literal[id=main:@literal:15] -> int8_type, {128, 512, 1, 1}, {512, 1, 1, 1}, target_id=0: 0.00073042ms, 1%
@107 = hip::hip_copy_literal[id=main:@literal:6] -> int8_type, {512, 128, 1, 1}, {128, 1, 1, 1}, target_id=0: 0.00055806ms, 1%
@108 = hip::hip_copy_literal[id=main:@literal:5] -> int8_type, {128, 128, 3, 3}, {1152, 9, 3, 1}, target_id=0: 0.0005432ms, 1%
@109 = load[offset=501760,end=903168](@1) -> int8_type, {1, 512, 28, 28}, {401408, 784, 28, 1}, target_id=0: 0.00092806ms, 1%
@110 = gpu::code_object[code_object=3984,symbol_name=quantizelinear_kernel,global=200704,local=1024,](@103,@109) -> int8_type, {1, 512, 28, 28}, {401408, 784, 28, 1}, target_id=0: 0.0179042ms, 1%
@111 = hip::hip_copy_literal[id=main:@literal:61] -> float_type, {128}, {1}, target_id=0: 0.00073602ms, 1%
@112 = load[offset=401408,end=501760](@1) -> int8_type, {1, 128, 28, 28}, {100352, 784, 28, 1}, target_id=0: 0.0007594ms, 1%
@113 = broadcast[axis=1,out_lens={1, 128, 28, 28}](@111) -> float_type, {1, 128, 28, 28}, {0, 1, 0, 0}, target_id=0: 0.00117032ms, 1%
@114 = gpu::code_object[code_object=4672,symbol_name=mlir_quant_convolution_dequantizelinear_add_relu_quantizelinear,global=25600,local=256,](@113,@110,@106,@112) -> int8_type, {1, 128, 28, 28}, {100352, 784, 28, 1}, target_id=0: 0.0239286ms, 1%
@115 = hip::hip_copy_literal[id=main:@literal:62] -> float_type, {128}, {1}, target_id=0: 0.00066968ms, 1%
@116 = hip::hip_copy_literal[id=main:@literal:64] -> float_type, {512}, {1}, target_id=0: 0.00058342ms, 1%
@117 = load[offset=0,end=100352](@1) -> int8_type, {1, 128, 28, 28}, {100352, 784, 28, 1}, target_id=0: 0.00070538ms, 1%
@118 = broadcast[axis=1,out_lens={1, 128, 28, 28}](@115) -> float_type, {1, 128, 28, 28}, {0, 1, 0, 0}, target_id=0: 0.00080982ms, 1%
@119 = gpu::code_object[code_object=6144,symbol_name=mlir_quant_convolution_dequantizelinear_add_relu_quantizelinear,global=25600,local=256,](@118,@114,@105,@117) -> int8_type, {1, 128, 28, 28}, {100352, 784, 28, 1}, target_id=0: 0.039316ms, 2%
@120 = load[offset=2207744,end=3813376](@1) -> float_type, {1, 512, 28, 28}, {401408, 784, 28, 1}, target_id=0: 0.000751ms, 1%
@121 = broadcast[axis=1,out_lens={1, 512, 28, 28}](@116) -> float_type, {1, 512, 28, 28}, {0, 1, 0, 0}, target_id=0: 0.00075384ms, 1%
@122 = gpu::code_object[code_object=6752,symbol_name=mlir_quant_convolution_dequantizelinear_add_add_relu,global=26624,local=256,](@121,@103,@119,@107,@120) -> float_type, {1, 512, 28, 28}, {401408, 784, 28, 1}, target_id=0: 0.0265826ms, 2%
@123 = load[offset=200704,end=602112](@1) -> int8_type, {1, 512, 28, 28}, {401408, 784, 28, 1}, target_id=0: 0.00071402ms, 1%
@124 = gpu::code_object[code_object=3984,symbol_name=quantizelinear_kernel,global=200704,local=1024,](@122,@123) -> int8_type, {1, 512, 28, 28}, {401408, 784, 28, 1}, target_id=0: 0.0187099ms, 1%
@125 = hip::hip_copy_literal[id=main:@literal:65] -> float_type, {128}, {1}, target_id=0: 0.000653ms, 1%
@126 = load[offset=100352,end=200704](@1) -> int8_type, {1, 128, 28, 28}, {100352, 784, 28, 1}, target_id=0: 0.00070628ms, 1%
@127 = broadcast[axis=1,out_lens={1, 128, 28, 28}](@125) -> float_type, {1, 128, 28, 28}, {0, 1, 0, 0}, target_id=0: 0.00091908ms, 1%
@128 = gpu::code_object[code_object=4672,symbol_name=mlir_quant_convolution_dequantizelinear_add_relu_quantizelinear,global=25600,local=256,](@127,@124,@104,@126) -> int8_type, {1, 128, 28, 28}, {100352, 784, 28, 1}, target_id=0: 0.0240946ms, 1%
@129 = hip::hip_copy_literal[id=main:@literal:66] -> float_type, {128}, {1}, target_id=0: 0.00071066ms, 1%
@130 = hip::hip_copy_literal[id=main:@literal:67] -> float_type, {512}, {1}, target_id=0: 0.00058578ms, 1%
@131 = load[offset=0,end=100352](@1) -> int8_type, {1, 128, 28, 28}, {100352, 784, 28, 1}, target_id=0: 0.00072896ms, 1%
@132 = broadcast[axis=1,out_lens={1, 128, 28, 28}](@129) -> float_type, {1, 128, 28, 28}, {0, 1, 0, 0}, target_id=0: 0.00084622ms, 1%
@133 = gpu::code_object[code_object=6144,symbol_name=mlir_quant_convolution_dequantizelinear_add_relu_quantizelinear,global=25600,local=256,](@132,@128,@108,@131) -> int8_type, {1, 128, 28, 28}, {100352, 784, 28, 1}, target_id=0: 0.0394611ms, 2%
@134 = hip::hip_copy_literal[id=main:@literal:20] -> int8_type, {512, 128, 1, 1}, {128, 1, 1, 1}, target_id=0: 0.00067388ms, 1%
@135 = load[offset=602112,end=2207744](@1) -> float_type, {1, 512, 28, 28}, {401408, 784, 28, 1}, target_id=0: 0.00070992ms, 1%
@136 = broadcast[axis=1,out_lens={1, 512, 28, 28}](@130) -> float_type, {1, 512, 28, 28}, {0, 1, 0, 0}, target_id=0: 0.0008434ms, 1%
@137 = gpu::code_object[code_object=6752,symbol_name=mlir_quant_convolution_dequantizelinear_add_add_relu,global=26624,local=256,](@136,@122,@133,@134,@135) -> float_type, {1, 512, 28, 28}, {401408, 784, 28, 1}, target_id=0: 0.0267123ms, 2%
@138 = load[offset=0,end=401408](@1) -> int8_type, {1, 512, 28, 28}, {401408, 784, 28, 1}, target_id=0: 0.0007204ms, 1%
@139 = gpu::code_object[code_object=3984,symbol_name=quantizelinear_kernel,global=200704,local=1024,](@137,@138) -> int8_type, {1, 512, 28, 28}, {401408, 784, 28, 1}, target_id=0: 0.0189984ms, 1%
@140 = hip::hip_copy_literal[id=main:@literal:19] -> int8_type, {256, 512, 1, 1}, {512, 1, 1, 1}, target_id=0: 0.00065736ms, 1%
@141 = hip::hip_copy_literal[id=main:@literal:68] -> float_type, {256}, {1}, target_id=0: 0.00074088ms, 1%
@142 = load[offset=2207744,end=2408448](@1) -> int8_type, {1, 256, 28, 28}, {200704, 784, 28, 1}, target_id=0: 0.00069496ms, 1%
@143 = broadcast[axis=1,out_lens={1, 256, 28, 28}](@141) -> float_type, {1, 256, 28, 28}, {0, 1, 0, 0}, target_id=0: 0.00087026ms, 1%
@144 = gpu::code_object[code_object=4672,symbol_name=mlir_quant_convolution_dequantizelinear_add_relu_quantizelinear,global=51200,local=256,](@143,@139,@140,@142) -> int8_type, {1, 256, 28, 28}, {200704, 784, 28, 1}, target_id=0: 0.0247995ms, 1%
@145 = hip::hip_copy_literal[id=main:@literal:3] -> int8_type, {256, 256, 3, 3}, {2304, 9, 3, 1}, target_id=0: 0.00064452ms, 1%
@146 = hip::hip_copy_literal[id=main:@literal:69] -> float_type, {256}, {1}, target_id=0: 0.0006691ms, 1%
@147 = load[offset=200704,end=401408](@1) -> int32_type, {1, 256, 14, 14}, {50176, 196, 14, 1}, target_id=0: 0.00071844ms, 1%
@148 = gpu::code_object[code_object=5536,symbol_name=mlir_quant_convolution,global=14336,local=256,](@144,@145,@147) -> int32_type, {1, 256, 14, 14}, {50176, 196, 14, 1}, target_id=0: 0.0562435ms, 3%
@149 = load[offset=0,end=150528](@1) -> int8_type, {1, 768, 14, 14}, {150528, 196, 14, 1}, target_id=0: 0.0007203ms, 1%
@150 = broadcast[axis=1,out_lens={1, 256, 14, 14}](@146) -> float_type, {1, 256, 14, 14}, {0, 1, 0, 0}, target_id=0: 0.00090906ms, 1%
@151 = step[axes={2, 3},steps={2, 2}](@137) -> float_type, {1, 512, 14, 14}, {401408, 784, 56, 2}, target_id=0: 0.00090552ms, 1%
@152 = gpu::code_object[code_object=4632,symbol_name=dequantizelinear_add_relu_concat_quantizelinear_kernel,global=75264,local=1024,](@148,@150,@151,@149) -> int8_type, {1, 768, 14, 14}, {150528, 196, 14, 1}, target_id=0: 0.0189548ms, 1%
@153 = hip::hip_copy_literal[id=main:@literal:1] -> int8_type, {1024, 768, 1, 1}, {768, 1, 1, 1}, target_id=0: 0.00067142ms, 1%
@154 = hip::hip_copy_literal[id=main:@literal:52] -> float_type, {1024}, {1}, target_id=0: 0.00080848ms, 1%
@155 = load[offset=301056,end=1103872](@1) -> float_type, {1, 1024, 14, 14}, {200704, 196, 14, 1}, target_id=0: 0.00070872ms, 1%
@156 = broadcast[axis=1,out_lens={1, 1024, 14, 14}](@154) -> float_type, {1, 1024, 14, 14}, {0, 1, 0, 0}, target_id=0: 0.00093992ms, 1%
@157 = gpu::code_object[code_object=4496,symbol_name=mlir_quant_convolution_dequantizelinear_add_relu,global=57344,local=256,](@156,@152,@153,@155) -> float_type, {1, 1024, 14, 14}, {200704, 196, 14, 1}, target_id=0: 0.0289469ms, 2%
@158 = hip::hip_copy_literal[id=main:@literal:9] -> int8_type, {256, 1024, 1, 1}, {1024, 1, 1, 1}, target_id=0: 0.00061904ms, 1%
@159 = hip::hip_copy_literal[id=main:@literal:14] -> int8_type, {256, 256, 3, 3}, {2304, 9, 3, 1}, target_id=0: 0.00057294ms, 1%
@160 = load[offset=1103872,end=1304576](@1) -> int8_type, {1, 1024, 14, 14}, {200704, 196, 14, 1}, target_id=0: 0.00070272ms, 1%
@161 = gpu::code_object[code_object=3984,symbol_name=quantizelinear_kernel,global=100352,local=1024,](@157,@160) -> int8_type, {1, 1024, 14, 14}, {200704, 196, 14, 1}, target_id=0: 0.0171438ms, 1%
@162 = hip::hip_copy_literal[id=main:@literal:70] -> float_type, {256}, {1}, target_id=0: 0.00064314ms, 1%
@163 = load[offset=200704,end=250880](@1) -> int8_type, {1, 256, 14, 14}, {50176, 196, 14, 1}, target_id=0: 0.00071026ms, 1%
@164 = broadcast[axis=1,out_lens={1, 256, 14, 14}](@162) -> float_type, {1, 256, 14, 14}, {0, 1, 0, 0}, target_id=0: 0.00098486ms, 1%
@165 = gpu::code_object[code_object=4672,symbol_name=mlir_quant_convolution_dequantizelinear_add_relu_quantizelinear,global=14336,local=256,](@164,@161,@158,@163) -> int8_type, {1, 256, 14, 14}, {50176, 196, 14, 1}, target_id=0: 0.0290864ms, 2%
@166 = hip::hip_copy_literal[id=main:@literal:71] -> float_type, {256}, {1}, target_id=0: 0.00063648ms, 1%
@167 = load[offset=0,end=50176](@1) -> int8_type, {1, 256, 14, 14}, {50176, 196, 14, 1}, target_id=0: 0.00070576ms, 1%
@168 = broadcast[axis=1,out_lens={1, 256, 14, 14}](@166) -> float_type, {1, 256, 14, 14}, {0, 1, 0, 0}, target_id=0: 0.00087948ms, 1%
@169 = gpu::code_object[code_object=6160,symbol_name=mlir_quant_convolution_dequantizelinear_add_relu_quantizelinear,global=14336,local=256,](@168,@165,@159,@167) -> int8_type, {1, 256, 14, 14}, {50176, 196, 14, 1}, target_id=0: 0.0575556ms, 3%
@170 = hip::hip_copy_literal[id=main:@literal:0] -> int8_type, {1024, 256, 1, 1}, {256, 1, 1, 1}, target_id=0: 0.00068642ms, 1%
@171 = hip::hip_copy_literal[id=main:@literal:73] -> float_type, {1024}, {1}, target_id=0: 0.00058944ms, 1%
@172 = load[offset=1154048,end=1956864](@1) -> float_type, {1, 1024, 14, 14}, {200704, 196, 14, 1}, target_id=0: 0.00071618ms, 1%
@173 = broadcast[axis=1,out_lens={1, 1024, 14, 14}](@171) -> float_type, {1, 1024, 14, 14}, {0, 1, 0, 0}, target_id=0: 0.00083236ms, 1%
@174 = gpu::code_object[code_object=4864,symbol_name=mlir_quant_convolution_dequantizelinear_add_add_relu,global=57344,local=256,](@173,@157,@169,@170,@172) -> float_type, {1, 1024, 14, 14}, {200704, 196, 14, 1}, target_id=0: 0.023095ms, 1%
@175 = hip::hip_copy_literal[id=main:@literal:12] -> int8_type, {256, 256, 3, 3}, {2304, 9, 3, 1}, target_id=0: 0.00069024ms, 1%
@176 = hip::hip_copy_literal[id=main:@literal:35] -> int8_type, {1024, 256, 1, 1}, {256, 1, 1, 1}, target_id=0: 0.00060604ms, 1%
@177 = hip::hip_copy_literal[id=main:@literal:17] -> int8_type, {256, 1024, 1, 1}, {1024, 1, 1, 1}, target_id=0: 0.00074106ms, 1%
@178 = hip::hip_copy_literal[id=main:@literal:74] -> float_type, {256}, {1}, target_id=0: 0.00062456ms, 1%
@179 = hip::hip_copy_literal[id=main:@literal:75] -> float_type, {256}, {1}, target_id=0: 0.00062618ms, 1%
@180 = hip::hip_copy_literal[id=main:@literal:76] -> float_type, {1024}, {1}, target_id=0: 0.0007516ms, 1%
@181 = load[offset=100352,end=301056](@1) -> int8_type, {1, 1024, 14, 14}, {200704, 196, 14, 1}, target_id=0: 0.00070156ms, 1%
@182 = gpu::code_object[code_object=3984,symbol_name=quantizelinear_kernel,global=100352,local=1024,](@174,@181) -> int8_type, {1, 1024, 14, 14}, {200704, 196, 14, 1}, target_id=0: 0.0169901ms, 1%
@183 = broadcast[axis=1,out_lens={1, 256, 14, 14}](@178) -> float_type, {1, 256, 14, 14}, {0, 1, 0, 0}, target_id=0: 0.00104174ms, 1%
@184 = load[offset=50176,end=100352](@1) -> int8_type, {1, 256, 14, 14}, {50176, 196, 14, 1}, target_id=0: 0.0006804ms, 1%
@185 = gpu::code_object[code_object=4672,symbol_name=mlir_quant_convolution_dequantizelinear_add_relu_quantizelinear,global=14336,local=256,](@183,@182,@177,@184) -> int8_type, {1, 256, 14, 14}, {50176, 196, 14, 1}, target_id=0: 0.0293632ms, 2%
@186 = load[offset=0,end=50176](@1) -> int8_type, {1, 256, 14, 14}, {50176, 196, 14, 1}, target_id=0: 0.00073904ms, 1%
@187 = broadcast[axis=1,out_lens={1, 256, 14, 14}](@179) -> float_type, {1, 256, 14, 14}, {0, 1, 0, 0}, target_id=0: 0.00078244ms, 1%
@188 = gpu::code_object[code_object=6160,symbol_name=mlir_quant_convolution_dequantizelinear_add_relu_quantizelinear,global=14336,local=256,](@187,@185,@175,@186) -> int8_type, {1, 256, 14, 14}, {50176, 196, 14, 1}, target_id=0: 0.0578957ms, 3%
@189 = load[offset=2709504,end=3512320](@1) -> float_type, {1, 1024, 14, 14}, {200704, 196, 14, 1}, target_id=0: 0.00074442ms, 1%
@190 = broadcast[axis=1,out_lens={1, 1024, 14, 14}](@180) -> float_type, {1, 1024, 14, 14}, {0, 1, 0, 0}, target_id=0: 0.0007631ms, 1%
@191 = gpu::code_object[code_object=4864,symbol_name=mlir_quant_convolution_dequantizelinear_add_add_relu,global=57344,local=256,](@190,@174,@188,@176,@189) -> float_type, {1, 1024, 14, 14}, {200704, 196, 14, 1}, target_id=0: 0.0232479ms, 1%
@192 = hip::hip_copy_literal[id=main:@literal:22] -> int8_type, {1024, 256, 1, 1}, {256, 1, 1, 1}, target_id=0: 0.00070038ms, 1%
@193 = hip::hip_copy_literal[id=main:@literal:36] -> int8_type, {256, 1024, 1, 1}, {1024, 1, 1, 1}, target_id=0: 0.00063618ms, 1%
@194 = hip::hip_copy_literal[id=main:@literal:37] -> int8_type, {256, 256, 3, 3}, {2304, 9, 3, 1}, target_id=0: 0.00064836ms, 1%
@195 = hip::hip_copy_literal[id=main:@literal:77] -> float_type, {256}, {1}, target_id=0: 0.00059346ms, 1%
@196 = hip::hip_copy_literal[id=main:@literal:78] -> float_type, {256}, {1}, target_id=0: 0.0005666ms, 1%
@197 = hip::hip_copy_literal[id=main:@literal:79] -> float_type, {1024}, {1}, target_id=0: 0.00081128ms, 1%
@198 = load[offset=0,end=200704](@1) -> int8_type, {1, 1024, 14, 14}, {200704, 196, 14, 1}, target_id=0: 0.00072972ms, 1%
@199 = gpu::code_object[code_object=3984,symbol_name=quantizelinear_kernel,global=100352,local=1024,](@191,@198) -> int8_type, {1, 1024, 14, 14}, {200704, 196, 14, 1}, target_id=0: 0.01672ms, 1%
@200 = load[offset=250880,end=301056](@1) -> int8_type, {1, 256, 14, 14}, {50176, 196, 14, 1}, target_id=0: 0.00072472ms, 1%
@201 = broadcast[axis=1,out_lens={1, 256, 14, 14}](@195) -> float_type, {1, 256, 14, 14}, {0, 1, 0, 0}, target_id=0: 0.00112726ms, 1%
@202 = gpu::code_object[code_object=4672,symbol_name=mlir_quant_convolution_dequantizelinear_add_relu_quantizelinear,global=14336,local=256,](@201,@199,@193,@200) -> int8_type, {1, 256, 14, 14}, {50176, 196, 14, 1}, target_id=0: 0.0290338ms, 2%
@203 = broadcast[axis=1,out_lens={1, 256, 14, 14}](@196) -> float_type, {1, 256, 14, 14}, {0, 1, 0, 0}, target_id=0: 0.00077872ms, 1%
@204 = load[offset=50176,end=100352](@1) -> int8_type, {1, 256, 14, 14}, {50176, 196, 14, 1}, target_id=0: 0.00070242ms, 1%
@205 = gpu::code_object[code_object=6160,symbol_name=mlir_quant_convolution_dequantizelinear_add_relu_quantizelinear,global=14336,local=256,](@203,@202,@194,@204) -> int8_type, {1, 256, 14, 14}, {50176, 196, 14, 1}, target_id=0: 0.0576799ms, 3%
@206 = load[offset=1906688,end=2709504](@1) -> float_type, {1, 1024, 14, 14}, {200704, 196, 14, 1}, target_id=0: 0.00075974ms, 1%
@207 = broadcast[axis=1,out_lens={1, 1024, 14, 14}](@197) -> float_type, {1, 1024, 14, 14}, {0, 1, 0, 0}, target_id=0: 0.00076584ms, 1%
@208 = gpu::code_object[code_object=4864,symbol_name=mlir_quant_convolution_dequantizelinear_add_add_relu,global=57344,local=256,](@207,@191,@205,@192,@206) -> float_type, {1, 1024, 14, 14}, {200704, 196, 14, 1}, target_id=0: 0.0230064ms, 1%
@209 = hip::hip_copy_literal[id=main:@literal:40] -> int8_type, {1024, 256, 1, 1}, {256, 1, 1, 1}, target_id=0: 0.00065008ms, 1%
@210 = hip::hip_copy_literal[id=main:@literal:38] -> int8_type, {256, 1024, 1, 1}, {1024, 1, 1, 1}, target_id=0: 0.00060648ms, 1%
@211 = hip::hip_copy_literal[id=main:@literal:39] -> int8_type, {256, 256, 3, 3}, {2304, 9, 3, 1}, target_id=0: 0.00066836ms, 1%
@212 = hip::hip_copy_literal[id=main:@literal:80] -> float_type, {256}, {1}, target_id=0: 0.0005946ms, 1%
@213 = hip::hip_copy_literal[id=main:@literal:81] -> float_type, {256}, {1}, target_id=0: 0.00060374ms, 1%
@214 = hip::hip_copy_literal[id=main:@literal:82] -> float_type, {1024}, {1}, target_id=0: 0.00081606ms, 1%
@215 = load[offset=250880,end=451584](@1) -> int8_type, {1, 1024, 14, 14}, {200704, 196, 14, 1}, target_id=0: 0.00070946ms, 1%
@216 = gpu::code_object[code_object=3984,symbol_name=quantizelinear_kernel,global=100352,local=1024,](@208,@215) -> int8_type, {1, 1024, 14, 14}, {200704, 196, 14, 1}, target_id=0: 0.0168873ms, 1%
@217 = broadcast[axis=1,out_lens={1, 256, 14, 14}](@212) -> float_type, {1, 256, 14, 14}, {0, 1, 0, 0}, target_id=0: 0.00105042ms, 1%
@218 = load[offset=200704,end=250880](@1) -> int8_type, {1, 256, 14, 14}, {50176, 196, 14, 1}, target_id=0: 0.00070152ms, 1%
@219 = gpu::code_object[code_object=4672,symbol_name=mlir_quant_convolution_dequantizelinear_add_relu_quantizelinear,global=14336,local=256,](@217,@216,@210,@218) -> int8_type, {1, 256, 14, 14}, {50176, 196, 14, 1}, target_id=0: 0.0293168ms, 2%
@220 = broadcast[axis=1,out_lens={1, 256, 14, 14}](@213) -> float_type, {1, 256, 14, 14}, {0, 1, 0, 0}, target_id=0: 0.00078666ms, 1%
@221 = load[offset=0,end=50176](@1) -> int8_type, {1, 256, 14, 14}, {50176, 196, 14, 1}, target_id=0: 0.00069916ms, 1%
@222 = gpu::code_object[code_object=6160,symbol_name=mlir_quant_convolution_dequantizelinear_add_relu_quantizelinear,global=14336,local=256,](@220,@219,@211,@221) -> int8_type, {1, 256, 14, 14}, {50176, 196, 14, 1}, target_id=0: 0.057997ms, 3%
@223 = load[offset=1103872,end=1906688](@1) -> float_type, {1, 1024, 14, 14}, {200704, 196, 14, 1}, target_id=0: 0.00074682ms, 1%
@224 = broadcast[axis=1,out_lens={1, 1024, 14, 14}](@214) -> float_type, {1, 1024, 14, 14}, {0, 1, 0, 0}, target_id=0: 0.0007467ms, 1%
@225 = gpu::code_object[code_object=4864,symbol_name=mlir_quant_convolution_dequantizelinear_add_add_relu,global=57344,local=256,](@224,@208,@222,@209,@223) -> float_type, {1, 1024, 14, 14}, {200704, 196, 14, 1}, target_id=0: 0.0232535ms, 1%
@226 = hip::hip_copy_literal[id=main:@literal:2] -> int8_type, {1024, 256, 1, 1}, {256, 1, 1, 1}, target_id=0: 0.00065444ms, 1%
@227 = hip::hip_copy_literal[id=main:@literal:41] -> int8_type, {256, 1024, 1, 1}, {1024, 1, 1, 1}, target_id=0: 0.00058668ms, 1%
@228 = hip::hip_copy_literal[id=main:@literal:42] -> int8_type, {256, 256, 3, 3}, {2304, 9, 3, 1}, target_id=0: 0.00066166ms, 1%
@229 = hip::hip_copy_literal[id=main:@literal:83] -> float_type, {256}, {1}, target_id=0: 0.00056038ms, 1%
@230 = hip::hip_copy_literal[id=main:@literal:84] -> float_type, {256}, {1}, target_id=0: 0.00067486ms, 1%
@231 = hip::hip_copy_literal[id=main:@literal:85] -> float_type, {1024}, {1}, target_id=0: 0.0007912ms, 1%
@232 = load[offset=100352,end=301056](@1) -> int8_type, {1, 1024, 14, 14}, {200704, 196, 14, 1}, target_id=0: 0.00071216ms, 1%
@233 = gpu::code_object[code_object=3984,symbol_name=quantizelinear_kernel,global=100352,local=1024,](@225,@232) -> int8_type, {1, 1024, 14, 14}, {200704, 196, 14, 1}, target_id=0: 0.0167738ms, 1%
@234 = broadcast[axis=1,out_lens={1, 256, 14, 14}](@229) -> float_type, {1, 256, 14, 14}, {0, 1, 0, 0}, target_id=0: 0.00097064ms, 1%
@235 = load[offset=50176,end=100352](@1) -> int8_type, {1, 256, 14, 14}, {50176, 196, 14, 1}, target_id=0: 0.00070008ms, 1%
@236 = gpu::code_object[code_object=4672,symbol_name=mlir_quant_convolution_dequantizelinear_add_relu_quantizelinear,global=14336,local=256,](@234,@233,@227,@235) -> int8_type, {1, 256, 14, 14}, {50176, 196, 14, 1}, target_id=0: 0.0294418ms, 2%
@237 = load[offset=0,end=50176](@1) -> int8_type, {1, 256, 14, 14}, {50176, 196, 14, 1}, target_id=0: 0.0007319ms, 1%
@238 = broadcast[axis=1,out_lens={1, 256, 14, 14}](@230) -> float_type, {1, 256, 14, 14}, {0, 1, 0, 0}, target_id=0: 0.00076084ms, 1%
@239 = gpu::code_object[code_object=6160,symbol_name=mlir_quant_convolution_dequantizelinear_add_relu_quantizelinear,global=14336,local=256,](@238,@236,@228,@237) -> int8_type, {1, 256, 14, 14}, {50176, 196, 14, 1}, target_id=0: 0.057793ms, 3%
@240 = load[offset=301056,end=1103872](@1) -> float_type, {1, 1024, 14, 14}, {200704, 196, 14, 1}, target_id=0: 0.00073532ms, 1%
@241 = broadcast[axis=1,out_lens={1, 1024, 14, 14}](@231) -> float_type, {1, 1024, 14, 14}, {0, 1, 0, 0}, target_id=0: 0.00075336ms, 1%
@242 = gpu::code_object[code_object=4864,symbol_name=mlir_quant_convolution_dequantizelinear_add_add_relu,global=57344,local=256,](@241,@225,@239,@226,@240) -> float_type, {1, 1024, 14, 14}, {200704, 196, 14, 1}, target_id=0: 0.0232932ms, 1%
@243 = hip::hip_copy_literal[id=main:@literal:43] -> int8_type, {512, 512, 3, 3}, {4608, 9, 3, 1}, target_id=0: 0.00068238ms, 1%
@244 = hip::hip_copy_literal[id=main:@literal:53] -> float_type, {2048}, {1}, target_id=0: 0.000569ms, 1%
@245 = hip::hip_copy_literal[id=main:@literal:86] -> float_type, {512}, {1}, target_id=0: 0.00066502ms, 1%
@246 = hip::hip_copy_literal[id=main:@literal:87] -> float_type, {512}, {1}, target_id=0: 0.00061172ms, 1%
@247 = hip::hip_copy_literal[id=main:@literal:26] -> int8_type, {512, 1024, 1, 1}, {1024, 1, 1, 1}, target_id=0: 0.00061332ms, 1%
@248 = hip::hip_copy_literal[id=main:@literal:44] -> int8_type, {2048, 1536, 1, 1}, {1536, 1, 1, 1}, target_id=0: 0.00061346ms, 1%
@249 = load[offset=0,end=200704](@1) -> int8_type, {1, 1024, 14, 14}, {200704, 196, 14, 1}, target_id=0: 0.00070878ms, 1%
@250 = gpu::code_object[code_object=3984,symbol_name=quantizelinear_kernel,global=100352,local=1024,](@242,@249) -> int8_type, {1, 1024, 14, 14}, {200704, 196, 14, 1}, target_id=0: 0.0167298ms, 1%
@251 = broadcast[axis=1,out_lens={1, 512, 14, 14}](@245) -> float_type, {1, 512, 14, 14}, {0, 1, 0, 0}, target_id=0: 0.00124512ms, 1%
@252 = load[offset=1103872,end=1204224](@1) -> int8_type, {1, 512, 14, 14}, {100352, 196, 14, 1}, target_id=0: 0.00068876ms, 1%
@253 = gpu::code_object[code_object=4672,symbol_name=mlir_quant_convolution_dequantizelinear_add_relu_quantizelinear,global=28672,local=256,](@251,@250,@247,@252) -> int8_type, {1, 512, 14, 14}, {100352, 196, 14, 1}, target_id=0: 0.0296519ms, 2%
@254 = load[offset=100352,end=200704](@1) -> int32_type, {1, 512, 7, 7}, {25088, 49, 7, 1}, target_id=0: 0.00073646ms, 1%
@255 = gpu::code_object[code_object=6816,symbol_name=mlir_quant_convolution,global=8192,local=256,](@253,@243,@254) -> int32_type, {1, 512, 7, 7}, {25088, 49, 7, 1}, target_id=0: 0.0861164ms, 4%
@256 = load[offset=0,end=75264](@1) -> int8_type, {1, 1536, 7, 7}, {75264, 49, 7, 1}, target_id=0: 0.00073366ms, 1%
@257 = broadcast[axis=1,out_lens={1, 512, 7, 7}](@246) -> float_type, {1, 512, 7, 7}, {0, 1, 0, 0}, target_id=0: 0.00091898ms, 1%
@258 = step[axes={2, 3},steps={2, 2}](@242) -> float_type, {1, 1024, 7, 7}, {200704, 196, 28, 2}, target_id=0: 0.00086292ms, 1%
@259 = gpu::code_object[code_object=4664,symbol_name=dequantizelinear_add_relu_concat_quantizelinear_kernel,global=37632,local=1024,](@255,@257,@258,@256) -> int8_type, {1, 1536, 7, 7}, {75264, 49, 7, 1}, target_id=0: 0.0186144ms, 1%
@260 = load[offset=551936,end=953344](@1) -> float_type, {1, 2048, 7, 7}, {100352, 49, 7, 1}, target_id=0: 0.00073566ms, 1%
@261 = broadcast[axis=1,out_lens={1, 2048, 7, 7}](@244) -> float_type, {1, 2048, 7, 7}, {0, 1, 0, 0}, target_id=0: 0.00092662ms, 1%
@262 = gpu::code_object[code_object=4656,symbol_name=mlir_quant_convolution_dequantizelinear_add_relu,global=32768,local=256,](@261,@259,@248,@260) -> float_type, {1, 2048, 7, 7}, {100352, 49, 7, 1}, target_id=0: 0.0416056ms, 2%
@263 = hip::hip_copy_literal[id=main:@literal:31] -> int8_type, {2048, 512, 1, 1}, {512, 1, 1, 1}, target_id=0: 0.00068708ms, 1%
@264 = hip::hip_copy_literal[id=main:@literal:33] -> int8_type, {512, 2048, 1, 1}, {2048, 1, 1, 1}, target_id=0: 0.00060066ms, 1%
@265 = hip::hip_copy_literal[id=main:@literal:45] -> int8_type, {512, 512, 3, 3}, {4608, 9, 3, 1}, target_id=0: 0.00068054ms, 1%
@266 = hip::hip_copy_literal[id=main:@literal:88] -> float_type, {512}, {1}, target_id=0: 0.00064112ms, 1%
@267 = hip::hip_copy_literal[id=main:@literal:89] -> float_type, {512}, {1}, target_id=0: 0.00060958ms, 1%
@268 = hip::hip_copy_literal[id=main:@literal:90] -> float_type, {2048}, {1}, target_id=0: 0.00066106ms, 1%
@269 = load[offset=50176,end=150528](@1) -> int8_type, {1, 2048, 7, 7}, {100352, 49, 7, 1}, target_id=0: 0.0007168ms, 1%
@270 = gpu::code_object[code_object=3984,symbol_name=quantizelinear_kernel,global=50176,local=1024,](@262,@269) -> int8_type, {1, 2048, 7, 7}, {100352, 49, 7, 1}, target_id=0: 0.0165226ms, 1%
@271 = broadcast[axis=1,out_lens={1, 512, 7, 7}](@266) -> float_type, {1, 512, 7, 7}, {0, 1, 0, 0}, target_id=0: 0.0013147ms, 1%
@272 = load[offset=25088,end=50176](@1) -> int8_type, {1, 512, 7, 7}, {25088, 49, 7, 1}, target_id=0: 0.00071616ms, 1%
@273 = gpu::code_object[code_object=5000,symbol_name=mlir_quant_convolution_dequantizelinear_add_relu_quantizelinear,global=8192,local=64,](@271,@270,@264,@272) -> int8_type, {1, 512, 7, 7}, {25088, 49, 7, 1}, target_id=0: 0.0438293ms, 2%
@274 = broadcast[axis=1,out_lens={1, 512, 7, 7}](@267) -> float_type, {1, 512, 7, 7}, {0, 1, 0, 0}, target_id=0: 0.00078884ms, 1%
@275 = load[offset=0,end=25088](@1) -> int8_type, {1, 512, 7, 7}, {25088, 49, 7, 1}, target_id=0: 0.00073086ms, 1%
@276 = gpu::code_object[code_object=7416,symbol_name=mlir_quant_convolution_dequantizelinear_add_relu_quantizelinear,global=8192,local=256,](@274,@273,@265,@275) -> int8_type, {1, 512, 7, 7}, {25088, 49, 7, 1}, target_id=0: 0.0828777ms, 4%
@277 = load[offset=150528,end=551936](@1) -> float_type, {1, 2048, 7, 7}, {100352, 49, 7, 1}, target_id=0: 0.0007187ms, 1%
@278 = broadcast[axis=1,out_lens={1, 2048, 7, 7}](@268) -> float_type, {1, 2048, 7, 7}, {0, 1, 0, 0}, target_id=0: 0.00077164ms, 1%
@279 = gpu::code_object[code_object=5024,symbol_name=mlir_quant_convolution_dequantizelinear_add_add_relu,global=32768,local=256,](@278,@262,@276,@263,@277) -> float_type, {1, 2048, 7, 7}, {100352, 49, 7, 1}, target_id=0: 0.0261269ms, 2%
@280 = hip::hip_copy_literal[id=main:@literal:47] -> int8_type, {512, 512, 3, 3}, {4608, 9, 3, 1}, target_id=0: 0.00066742ms, 1%
@281 = hip::hip_copy_literal[id=main:@literal:48] -> int8_type, {2048, 512, 1, 1}, {512, 1, 1, 1}, target_id=0: 0.00057832ms, 1%
@282 = hip::hip_copy_literal[id=main:@literal:49] -> int8_type, {2048, 1001}, {1001, 1}, target_id=0: 0.00067102ms, 1%
@283 = hip::hip_copy_literal[id=main:@literal:46] -> int8_type, {512, 2048, 1, 1}, {2048, 1, 1, 1}, target_id=0: 0.00058264ms, 1%
@284 = hip::hip_copy_literal[id=main:@literal:92] -> float_type, {512}, {1}, target_id=0: 0.0005984ms, 1%
@285 = hip::hip_copy_literal[id=main:@literal:93] -> float_type, {512}, {1}, target_id=0: 0.00063556ms, 1%
@286 = hip::hip_copy_literal[id=main:@literal:94] -> float_type, {2048}, {1}, target_id=0: 0.00059678ms, 1%
@287 = hip::hip_copy_literal[id=main:@literal:99] -> float_type, {1001}, {1}, target_id=0: 0.00058408ms, 1%
@288 = load[offset=551936,end=652288](@1) -> int8_type, {1, 2048, 7, 7}, {100352, 49, 7, 1}, target_id=0: 0.00068496ms, 1%
@289 = gpu::code_object[code_object=3984,symbol_name=quantizelinear_kernel,global=50176,local=1024,](@279,@288) -> int8_type, {1, 2048, 7, 7}, {100352, 49, 7, 1}, target_id=0: 0.0163151ms, 1%
@290 = load[offset=100352,end=125440](@1) -> int8_type, {1, 512, 7, 7}, {25088, 49, 7, 1}, target_id=0: 0.00071848ms, 1%
@291 = broadcast[axis=1,out_lens={1, 512, 7, 7}](@284) -> float_type, {1, 512, 7, 7}, {0, 1, 0, 0}, target_id=0: 0.00110766ms, 1%
@292 = gpu::code_object[code_object=5000,symbol_name=mlir_quant_convolution_dequantizelinear_add_relu_quantizelinear,global=8192,local=64,](@291,@289,@283,@290) -> int8_type, {1, 512, 7, 7}, {25088, 49, 7, 1}, target_id=0: 0.0439767ms, 2%
@293 = load[offset=0,end=25088](@1) -> int8_type, {1, 512, 7, 7}, {25088, 49, 7, 1}, target_id=0: 0.00075792ms, 1%
@294 = broadcast[axis=1,out_lens={1, 512, 7, 7}](@285) -> float_type, {1, 512, 7, 7}, {0, 1, 0, 0}, target_id=0: 0.0007774ms, 1%
@295 = gpu::code_object[code_object=7416,symbol_name=mlir_quant_convolution_dequantizelinear_add_relu_quantizelinear,global=8192,local=256,](@294,@292,@280,@293) -> int8_type, {1, 512, 7, 7}, {25088, 49, 7, 1}, target_id=0: 0.082744ms, 4%
@296 = load[offset=551936,end=953344](@1) -> int32_type, {1, 2048, 7, 7}, {100352, 49, 7, 1}, target_id=0: 0.00072918ms, 1%
@297 = gpu::code_object[code_object=4192,symbol_name=mlir_quant_convolution,global=32768,local=256,](@295,@281,@296) -> int32_type, {1, 2048, 7, 7}, {100352, 49, 7, 1}, target_id=0: 0.0253838ms, 1%
@298 = broadcast[axis=1,out_lens={1, 2048, 7, 7}](@286) -> float_type, {1, 2048, 7, 7}, {0, 1, 0, 0}, target_id=0: 0.00136468ms, 1%
@299 = load[offset=6064,end=14256](@1) -> float_type, {1, 2048, 1, 1}, {2048, 1, 1, 1}, target_id=0: 0.00071172ms, 1%
@300 = gpu::code_object[code_object=4456,symbol_name=dequantizelinear_add_add_relu_mul_reduce_sum_kernel,global=131072,local=64,](@297,@298,@279,@299) -> float_type, {1, 2048, 1, 1}, {2048, 1, 1, 1}, target_id=0: 0.0177301ms, 1%
@301 = squeeze[axes={2, 3}](@300) -> float_type, {1, 2048}, {2048, 1}, target_id=0: 0.00121182ms, 1%
@302 = load[offset=0,end=2048](@1) -> int8_type, {1, 2048}, {2048, 1}, target_id=0: 0.00072798ms, 1%
@303 = gpu::code_object[code_object=3984,symbol_name=quantizelinear_kernel,global=1024,local=1024,](@301,@302) -> int8_type, {1, 2048}, {2048, 1}, target_id=0: 0.01573ms, 1%
@304 = load[offset=8032,end=12036](@1) -> int32_type, {1, 1001}, {1001, 1}, target_id=0: 0.00075654ms, 1%
@305 = gpu::quant_gemm[alpha=1,beta=0,compute_fp32=1,trans_batch=0,solution_idx=0](@303,@282,@304) -> int32_type, {1, 1001}, {1001, 1}, target_id=0: 0.0762067ms, 3%
@306 = multibroadcast[out_lens={1, 1001},out_dyn_dims={}](@287) -> float_type, {1, 1001}, {0, 1}, target_id=0: 0.00194822ms, 1%
@307 = load[offset=4016,end=8020](@1) -> float_type, {1, 1001}, {1001, 1}, target_id=0: 0.00074802ms, 1%
@308 = gpu::code_object[code_object=4208,symbol_name=dequantizelinear_add_kernel,global=1001,local=1024,](@305,@306,@307) -> float_type, {1, 1001}, {1001, 1}, target_id=0: 0.0164035ms, 1%
@309 = load[offset=0,end=8](@1) -> int64_type, {1, 1}, {1, 1}, target_id=0: 0.00073958ms, 1%
@310 = gpu::argmax[axis=1,select_last_index=0](@308,@309) -> int64_type, {1, 1}, {1, 1}, target_id=0: 0.0250963ms, 1%
main:#output_0 = @param:main:#output_0 -> int64_type, {1}, {1}, target_id=0: 0.00090612ms, 1%
@312 = reshape_lazy[dims={1}](@310) -> int64_type, {1}, {1}, target_id=0: 0.00140042ms, 1%
@313 = gpu::code_object[code_object=3896,symbol_name=convert_convert_kernel,global=1,local=1024,](@312,main:#output_0) -> int64_type, {1}, {1}, target_id=0: 0.0123503ms, 1%
main:#output_1 = @param:main:#output_1 -> float_type, {1, 1001}, {1001, 1}, target_id=0: 0.00048304ms, 1%
@315 = gpu::code_object[code_object=5800,symbol_name=reduce_max_sub_exp_reduce_sum_div_kernel,global=256,local=256,](@308,main:#output_1) -> float_type, {1, 1001}, {1001, 1}, target_id=0: 0.0191828ms, 1%
@316 = @return(@313,@315), target_id=0
Summary:
gpu::code_object::mlir_quant_convolution_dequantizelinear_add_relu_quantizelinear: 1.09122ms / 28 = 0.0389722ms, 42%
gpu::code_object::quantizelinear_kernel: 0.321729ms / 18 = 0.0178738ms, 13%
gpu::code_object::mlir_quant_convolution_dequantizelinear_add_add_relu: 0.273895ms / 11 = 0.0248995ms, 11%
gpu::code_object::mlir_quant_convolution: 0.242911ms / 5 = 0.0485821ms, 10%
gpu::code_object::mlir_quant_convolution_dequantizelinear_add_relu: 0.15994ms / 5 = 0.0319881ms, 7%
gpu::quant_gemm: 0.0762067ms / 1 = 0.0762067ms, 3%
gpu::code_object::dequantizelinear_add_relu_concat_quantizelinear_kernel: 0.0760015ms / 4 = 0.0190004ms, 3%
hip::hip_copy_literal: 0.0661403ms / 100 = 0.000661403ms, 3%
gpu::pooling: 0.0639798ms / 1 = 0.0639798ms, 3%
load: 0.0559944ms / 77 = 0.000727199ms, 3%
broadcast: 0.0454294ms / 49 = 0.000927131ms, 2%
gpu::argmax: 0.0250963ms / 1 = 0.0250963ms, 1%
gpu::code_object::pad_kernel: 0.0243628ms / 1 = 0.0243628ms, 1%
gpu::code_object::reduce_max_sub_exp_reduce_sum_div_kernel: 0.0191828ms / 1 = 0.0191828ms, 1%
gpu::code_object::dequantizelinear_add_add_relu_mul_reduce_sum_kernel: 0.0177301ms / 1 = 0.0177301ms, 1%
gpu::code_object::dequantizelinear_add_kernel: 0.0164035ms / 1 = 0.0164035ms, 1%
gpu::code_object::convert_convert_kernel: 0.0123503ms / 1 = 0.0123503ms, 1%
step: 0.0030259ms / 3 = 0.00100863ms, 1%
multibroadcast: 0.00194822ms / 1 = 0.00194822ms, 1%
@param: 0.00179554ms / 3 = 0.000598513ms, 1%
reshape_lazy: 0.00140042ms / 1 = 0.00140042ms, 1%
squeeze: 0.00121182ms / 1 = 0.00121182ms, 1%
hip::hip_allocate_memory: 0.0011311ms / 1 = 0.0011311ms, 1%
check_context::migraphx::gpu::context: 0.00097716ms / 1 = 0.00097716ms, 1%

Batch size: 1
Rate: 790.835 inferences/sec
Total time: 1.26449ms
Total instructions time: 2.60007ms
Overhead time: 0.0657079ms, -1.33558ms
Overhead: 5%, -106%
[ MIGraphX Version: 2.10.0.103b48c5e ] Complete: /src/AMDMIGraphX/build/bin/driver perf --int8 --gpu /new-saved-models/resnet50/resnet50_v1.onnx
