Running [ MIGraphX Version: 2.10.0.17ad55e08 ]: /src/AMDMIGraphX/build/bin/driver perf --gpu /new-saved-models/torchvision/resnet50i64.onnx
Compiling ... 
Reading: /new-saved-models/torchvision/resnet50i64.onnx
module: "main"
@0 = check_context::migraphx::gpu::context -> float_type, {}, {}, target_id=0
@1 = hip::hip_allocate_memory[shape=int8_type, {616562688}, {1},id=main:scratch] -> int8_type, {616562688}, {1}, target_id=0
@2 = hip::hip_copy_literal[id=main:@literal:98] -> float_type, {64}, {1}, target_id=0
@3 = hip::hip_copy_literal[id=main:@literal:99] -> float_type, {64, 3, 7, 7}, {147, 49, 7, 1}, target_id=0
@4 = load[offset=205520896,end=411041792](@1) -> float_type, {64, 64, 112, 112}, {802816, 12544, 112, 1}, target_id=0
@5 = broadcast[axis=1,out_lens={64, 64, 112, 112}](@2) -> float_type, {64, 64, 112, 112}, {0, 1, 0, 0}, target_id=0
input.1 = @param:input.1 -> float_type, {64, 3, 224, 224}, {150528, 50176, 224, 1}, target_id=0
@7 = gpu::code_object[code_object=7640,symbol_name=mlir_convolution_add_relu,global=1605632,local=256,](@5,input.1,@3,@4) -> float_type, {64, 64, 112, 112}, {802816, 12544, 112, 1}, target_id=0
@8 = load[offset=154140672,end=205520896](@1) -> float_type, {64, 64, 56, 56}, {200704, 3136, 56, 1}, target_id=0
@9 = gpu::pooling[mode=max,padding={1, 1, 1, 1},padding_mode=0,stride={2, 2},lengths={3, 3},dilations={1, 1},ceil_mode=0,lp_order=2,dyn_global=0](@7,@8) -> float_type, {64, 64, 56, 56}, {200704, 3136, 56, 1}, target_id=0
@10 = hip::hip_copy_literal[id=main:@literal:96] -> float_type, {64}, {1}, target_id=0
@11 = hip::hip_copy_literal[id=main:@literal:97] -> float_type, {64, 64, 1, 1}, {64, 1, 1, 1}, target_id=0
@12 = broadcast[axis=1,out_lens={64, 64, 56, 56}](@10) -> float_type, {64, 64, 56, 56}, {0, 1, 0, 0}, target_id=0
@13 = load[offset=51380224,end=102760448](@1) -> float_type, {64, 64, 56, 56}, {200704, 3136, 56, 1}, target_id=0
@14 = gpu::code_object[code_object=5504,symbol_name=mlir_convolution_add_relu,global=802816,local=256,](@12,@9,@11,@13) -> float_type, {64, 64, 56, 56}, {200704, 3136, 56, 1}, target_id=0
@15 = hip::hip_copy_literal[id=main:@literal:95] -> float_type, {64, 64, 3, 3}, {576, 9, 3, 1}, target_id=0
@16 = load[offset=0,end=0](@1) -> int8_type, {0}, {1}, target_id=0
@17 = load[offset=0,end=51380224](@1) -> float_type, {64, 64, 56, 56}, {200704, 3136, 56, 1}, target_id=0
@18 = gpu::convolution[op={padding={1, 1, 1, 1},stride={1, 1},dilation={1, 1},group=1,padding_mode=0},solution_object={binary_object: 430},algo=0,solution_id=0](@14,@15,@16,@17) -> float_type, {64, 64, 56, 56}, {200704, 3136, 56, 1}, target_id=0
@19 = hip::hip_copy_literal[id=main:@literal:2] -> float_type, {256}, {1}, target_id=0
@20 = hip::hip_copy_literal[id=main:@literal:94] -> float_type, {64}, {1}, target_id=0
@21 = load[offset=205520896,end=308281344](@1) -> float_type, {64, 128, 56, 56}, {401408, 3136, 56, 1}, target_id=0
@22 = broadcast[axis=1,out_lens={64, 64, 56, 56}](@20) -> float_type, {64, 64, 56, 56}, {0, 1, 0, 0}, target_id=0
@23 = gpu::code_object[code_object=4536,symbol_name=add_relu_noop_concat_noop_kernel,global=1605632,local=1024,](@18,@22,@9,@21) -> float_type, {64, 128, 56, 56}, {401408, 3136, 56, 1}, target_id=0
@24 = hip::hip_copy_literal[id=main:@literal:3] -> float_type, {256, 128, 1, 1}, {128, 1, 1, 1}, target_id=0
@25 = load[offset=411041792,end=616562688](@1) -> float_type, {64, 256, 56, 56}, {802816, 3136, 56, 1}, target_id=0
@26 = broadcast[axis=1,out_lens={64, 256, 56, 56}](@19) -> float_type, {64, 256, 56, 56}, {0, 1, 0, 0}, target_id=0
@27 = gpu::code_object[code_object=5008,symbol_name=mlir_convolution_add_relu,global=3211264,local=256,](@26,@23,@24,@25) -> float_type, {64, 256, 56, 56}, {802816, 3136, 56, 1}, target_id=0
@28 = hip::hip_copy_literal[id=main:@literal:92] -> float_type, {64}, {1}, target_id=0
@29 = hip::hip_copy_literal[id=main:@literal:93] -> float_type, {64, 256, 1, 1}, {256, 1, 1, 1}, target_id=0
@30 = load[offset=51380224,end=102760448](@1) -> float_type, {64, 64, 56, 56}, {200704, 3136, 56, 1}, target_id=0
@31 = broadcast[axis=1,out_lens={64, 64, 56, 56}](@28) -> float_type, {64, 64, 56, 56}, {0, 1, 0, 0}, target_id=0
@32 = gpu::code_object[code_object=8088,symbol_name=mlir_convolution_add_relu,global=200704,local=256,](@31,@27,@29,@30) -> float_type, {64, 64, 56, 56}, {200704, 3136, 56, 1}, target_id=0
@33 = hip::hip_copy_literal[id=main:@literal:90] -> float_type, {64}, {1}, target_id=0
@34 = hip::hip_copy_literal[id=main:@literal:91] -> float_type, {64, 64, 3, 3}, {576, 9, 3, 1}, target_id=0
@35 = load[offset=0,end=51380224](@1) -> float_type, {64, 64, 56, 56}, {200704, 3136, 56, 1}, target_id=0
@36 = broadcast[axis=1,out_lens={64, 64, 56, 56}](@33) -> float_type, {64, 64, 56, 56}, {0, 1, 0, 0}, target_id=0
@37 = gpu::miopen_fusion[ops={{op=convolution[padding={1, 1, 1, 1},stride={1, 1},dilation={1, 1},group=1,padding_mode=0],alpha=1,beta=0}, {op=add,alpha=1,beta=0}, {op=relu,alpha=1,beta=0}}](@32,@34,@36,@35) -> float_type, {64, 64, 56, 56}, {200704, 3136, 56, 1}, target_id=0
@38 = hip::hip_copy_literal[id=main:@literal:88] -> float_type, {256}, {1}, target_id=0
@39 = hip::hip_copy_literal[id=main:@literal:89] -> float_type, {256, 64, 1, 1}, {64, 1, 1, 1}, target_id=0
@40 = load[offset=205520896,end=411041792](@1) -> float_type, {64, 256, 56, 56}, {802816, 3136, 56, 1}, target_id=0
@41 = broadcast[axis=1,out_lens={64, 256, 56, 56}](@38) -> float_type, {64, 256, 56, 56}, {0, 1, 0, 0}, target_id=0
@42 = gpu::code_object[code_object=5872,symbol_name=mlir_convolution_add_add_relu,global=3211264,local=256,](@41,@27,@37,@39,@40) -> float_type, {64, 256, 56, 56}, {802816, 3136, 56, 1}, target_id=0
@43 = hip::hip_copy_literal[id=main:@literal:86] -> float_type, {64}, {1}, target_id=0
@44 = hip::hip_copy_literal[id=main:@literal:87] -> float_type, {64, 256, 1, 1}, {256, 1, 1, 1}, target_id=0
@45 = load[offset=0,end=51380224](@1) -> float_type, {64, 64, 56, 56}, {200704, 3136, 56, 1}, target_id=0
@46 = broadcast[axis=1,out_lens={64, 64, 56, 56}](@43) -> float_type, {64, 64, 56, 56}, {0, 1, 0, 0}, target_id=0
@47 = gpu::code_object[code_object=8088,symbol_name=mlir_convolution_add_relu,global=200704,local=256,](@46,@42,@44,@45) -> float_type, {64, 64, 56, 56}, {200704, 3136, 56, 1}, target_id=0
@48 = hip::hip_copy_literal[id=main:@literal:84] -> float_type, {64}, {1}, target_id=0
@49 = hip::hip_copy_literal[id=main:@literal:85] -> float_type, {64, 64, 3, 3}, {576, 9, 3, 1}, target_id=0
@50 = load[offset=411041792,end=462422016](@1) -> float_type, {64, 64, 56, 56}, {200704, 3136, 56, 1}, target_id=0
@51 = broadcast[axis=1,out_lens={64, 64, 56, 56}](@48) -> float_type, {64, 64, 56, 56}, {0, 1, 0, 0}, target_id=0
@52 = gpu::miopen_fusion[ops={{op=convolution[padding={1, 1, 1, 1},stride={1, 1},dilation={1, 1},group=1,padding_mode=0],alpha=1,beta=0}, {op=add,alpha=1,beta=0}, {op=relu,alpha=1,beta=0}}](@47,@49,@51,@50) -> float_type, {64, 64, 56, 56}, {200704, 3136, 56, 1}, target_id=0
@53 = hip::hip_copy_literal[id=main:@literal:82] -> float_type, {256}, {1}, target_id=0
@54 = hip::hip_copy_literal[id=main:@literal:83] -> float_type, {256, 64, 1, 1}, {64, 1, 1, 1}, target_id=0
@55 = load[offset=0,end=205520896](@1) -> float_type, {64, 256, 56, 56}, {802816, 3136, 56, 1}, target_id=0
@56 = broadcast[axis=1,out_lens={64, 256, 56, 56}](@53) -> float_type, {64, 256, 56, 56}, {0, 1, 0, 0}, target_id=0
@57 = gpu::code_object[code_object=5872,symbol_name=mlir_convolution_add_add_relu,global=3211264,local=256,](@56,@42,@52,@54,@55) -> float_type, {64, 256, 56, 56}, {802816, 3136, 56, 1}, target_id=0
@58 = hip::hip_copy_literal[id=main:@literal:80] -> float_type, {128}, {1}, target_id=0
@59 = hip::hip_copy_literal[id=main:@literal:81] -> float_type, {128, 256, 1, 1}, {256, 1, 1, 1}, target_id=0
@60 = load[offset=308281344,end=411041792](@1) -> float_type, {64, 128, 56, 56}, {401408, 3136, 56, 1}, target_id=0
@61 = broadcast[axis=1,out_lens={64, 128, 56, 56}](@58) -> float_type, {64, 128, 56, 56}, {0, 1, 0, 0}, target_id=0
@62 = gpu::code_object[code_object=8096,symbol_name=mlir_convolution_add_relu,global=401408,local=256,](@61,@57,@59,@60) -> float_type, {64, 128, 56, 56}, {401408, 3136, 56, 1}, target_id=0
@63 = hip::hip_copy_literal[id=main:@literal:79] -> float_type, {128, 128, 3, 3}, {1152, 9, 3, 1}, target_id=0
@64 = load[offset=0,end=0](@1) -> int8_type, {0}, {1}, target_id=0
@65 = load[offset=282591232,end=308281344](@1) -> float_type, {64, 128, 28, 28}, {100352, 784, 28, 1}, target_id=0
@66 = gpu::convolution[op={padding={1, 1, 1, 1},stride={2, 2},dilation={1, 1},group=1,padding_mode=0},solution_object={binary_object: 458},algo=0,solution_id=0](@62,@63,@64,@65) -> float_type, {64, 128, 28, 28}, {100352, 784, 28, 1}, target_id=0
@67 = hip::hip_copy_literal[id=main:@literal:78] -> float_type, {128}, {1}, target_id=0
@68 = load[offset=205520896,end=282591232](@1) -> float_type, {64, 384, 28, 28}, {301056, 784, 28, 1}, target_id=0
@69 = step[axes={2, 3},steps={2, 2}](@57) -> float_type, {64, 256, 28, 28}, {802816, 3136, 112, 2}, target_id=0
@70 = broadcast[axis=1,out_lens={64, 128, 28, 28}](@67) -> float_type, {64, 128, 28, 28}, {0, 1, 0, 0}, target_id=0
@71 = gpu::code_object[code_object=4776,symbol_name=add_relu_noop_concat_noop_kernel,global=9633792,local=1024,](@66,@70,@69,@68) -> float_type, {64, 384, 28, 28}, {301056, 784, 28, 1}, target_id=0
@72 = hip::hip_copy_literal[id=main:@literal:5] -> float_type, {512, 384, 1, 1}, {384, 1, 1, 1}, target_id=0
@73 = hip::hip_copy_literal[id=main:@literal:4] -> float_type, {512}, {1}, target_id=0
@74 = load[offset=282591232,end=385351680](@1) -> float_type, {64, 512, 28, 28}, {401408, 784, 28, 1}, target_id=0
@75 = broadcast[axis=1,out_lens={64, 512, 28, 28}](@73) -> float_type, {64, 512, 28, 28}, {0, 1, 0, 0}, target_id=0
@76 = gpu::code_object[code_object=5272,symbol_name=mlir_convolution_add_relu,global=1605632,local=256,](@75,@71,@72,@74) -> float_type, {64, 512, 28, 28}, {401408, 784, 28, 1}, target_id=0
@77 = hip::hip_copy_literal[id=main:@literal:76] -> float_type, {128}, {1}, target_id=0
@78 = hip::hip_copy_literal[id=main:@literal:77] -> float_type, {128, 512, 1, 1}, {512, 1, 1, 1}, target_id=0
@79 = load[offset=51380224,end=77070336](@1) -> float_type, {64, 128, 28, 28}, {100352, 784, 28, 1}, target_id=0
@80 = broadcast[axis=1,out_lens={64, 128, 28, 28}](@77) -> float_type, {64, 128, 28, 28}, {0, 1, 0, 0}, target_id=0
@81 = gpu::code_object[code_object=6384,symbol_name=mlir_convolution_add_relu,global=200704,local=256,](@80,@76,@78,@79) -> float_type, {64, 128, 28, 28}, {100352, 784, 28, 1}, target_id=0
@82 = hip::hip_copy_literal[id=main:@literal:74] -> float_type, {128}, {1}, target_id=0
@83 = hip::hip_copy_literal[id=main:@literal:75] -> float_type, {128, 128, 3, 3}, {1152, 9, 3, 1}, target_id=0
@84 = load[offset=25690112,end=51380224](@1) -> float_type, {64, 128, 28, 28}, {100352, 784, 28, 1}, target_id=0
@85 = broadcast[axis=1,out_lens={64, 128, 28, 28}](@82) -> float_type, {64, 128, 28, 28}, {0, 1, 0, 0}, target_id=0
@86 = gpu::miopen_fusion[ops={{op=convolution[padding={1, 1, 1, 1},stride={1, 1},dilation={1, 1},group=1,padding_mode=0],alpha=1,beta=0}, {op=add,alpha=1,beta=0}, {op=relu,alpha=1,beta=0}}](@81,@83,@85,@84) -> float_type, {64, 128, 28, 28}, {100352, 784, 28, 1}, target_id=0
@87 = hip::hip_copy_literal[id=main:@literal:72] -> float_type, {512}, {1}, target_id=0
@88 = hip::hip_copy_literal[id=main:@literal:73] -> float_type, {512, 128, 1, 1}, {128, 1, 1, 1}, target_id=0
@89 = load[offset=77070336,end=179830784](@1) -> float_type, {64, 512, 28, 28}, {401408, 784, 28, 1}, target_id=0
@90 = broadcast[axis=1,out_lens={64, 512, 28, 28}](@87) -> float_type, {64, 512, 28, 28}, {0, 1, 0, 0}, target_id=0
@91 = gpu::code_object[code_object=5536,symbol_name=mlir_convolution_add_add_relu,global=1605632,local=256,](@90,@76,@86,@88,@89) -> float_type, {64, 512, 28, 28}, {401408, 784, 28, 1}, target_id=0
@92 = hip::hip_copy_literal[id=main:@literal:70] -> float_type, {128}, {1}, target_id=0
@93 = hip::hip_copy_literal[id=main:@literal:71] -> float_type, {128, 512, 1, 1}, {512, 1, 1, 1}, target_id=0
@94 = load[offset=51380224,end=77070336](@1) -> float_type, {64, 128, 28, 28}, {100352, 784, 28, 1}, target_id=0
@95 = broadcast[axis=1,out_lens={64, 128, 28, 28}](@92) -> float_type, {64, 128, 28, 28}, {0, 1, 0, 0}, target_id=0
@96 = gpu::code_object[code_object=6384,symbol_name=mlir_convolution_add_relu,global=200704,local=256,](@95,@91,@93,@94) -> float_type, {64, 128, 28, 28}, {100352, 784, 28, 1}, target_id=0
@97 = hip::hip_copy_literal[id=main:@literal:68] -> float_type, {128}, {1}, target_id=0
@98 = hip::hip_copy_literal[id=main:@literal:69] -> float_type, {128, 128, 3, 3}, {1152, 9, 3, 1}, target_id=0
@99 = load[offset=25690112,end=51380224](@1) -> float_type, {64, 128, 28, 28}, {100352, 784, 28, 1}, target_id=0
@100 = broadcast[axis=1,out_lens={64, 128, 28, 28}](@97) -> float_type, {64, 128, 28, 28}, {0, 1, 0, 0}, target_id=0
@101 = gpu::miopen_fusion[ops={{op=convolution[padding={1, 1, 1, 1},stride={1, 1},dilation={1, 1},group=1,padding_mode=0],alpha=1,beta=0}, {op=add,alpha=1,beta=0}, {op=relu,alpha=1,beta=0}}](@96,@98,@100,@99) -> float_type, {64, 128, 28, 28}, {100352, 784, 28, 1}, target_id=0
@102 = hip::hip_copy_literal[id=main:@literal:66] -> float_type, {512}, {1}, target_id=0
@103 = hip::hip_copy_literal[id=main:@literal:67] -> float_type, {512, 128, 1, 1}, {128, 1, 1, 1}, target_id=0
@104 = load[offset=246415360,end=349175808](@1) -> float_type, {64, 512, 28, 28}, {401408, 784, 28, 1}, target_id=0
@105 = broadcast[axis=1,out_lens={64, 512, 28, 28}](@102) -> float_type, {64, 512, 28, 28}, {0, 1, 0, 0}, target_id=0
@106 = gpu::code_object[code_object=5536,symbol_name=mlir_convolution_add_add_relu,global=1605632,local=256,](@105,@91,@101,@103,@104) -> float_type, {64, 512, 28, 28}, {401408, 784, 28, 1}, target_id=0
@107 = hip::hip_copy_literal[id=main:@literal:64] -> float_type, {128}, {1}, target_id=0
@108 = hip::hip_copy_literal[id=main:@literal:65] -> float_type, {128, 512, 1, 1}, {512, 1, 1, 1}, target_id=0
@109 = load[offset=25690112,end=51380224](@1) -> float_type, {64, 128, 28, 28}, {100352, 784, 28, 1}, target_id=0
@110 = broadcast[axis=1,out_lens={64, 128, 28, 28}](@107) -> float_type, {64, 128, 28, 28}, {0, 1, 0, 0}, target_id=0
@111 = gpu::code_object[code_object=6384,symbol_name=mlir_convolution_add_relu,global=200704,local=256,](@110,@106,@108,@109) -> float_type, {64, 128, 28, 28}, {100352, 784, 28, 1}, target_id=0
@112 = hip::hip_copy_literal[id=main:@literal:62] -> float_type, {128}, {1}, target_id=0
@113 = hip::hip_copy_literal[id=main:@literal:63] -> float_type, {128, 128, 3, 3}, {1152, 9, 3, 1}, target_id=0
@114 = load[offset=0,end=25690112](@1) -> float_type, {64, 128, 28, 28}, {100352, 784, 28, 1}, target_id=0
@115 = broadcast[axis=1,out_lens={64, 128, 28, 28}](@112) -> float_type, {64, 128, 28, 28}, {0, 1, 0, 0}, target_id=0
@116 = gpu::miopen_fusion[ops={{op=convolution[padding={1, 1, 1, 1},stride={1, 1},dilation={1, 1},group=1,padding_mode=0],alpha=1,beta=0}, {op=add,alpha=1,beta=0}, {op=relu,alpha=1,beta=0}}](@111,@113,@115,@114) -> float_type, {64, 128, 28, 28}, {100352, 784, 28, 1}, target_id=0
@117 = hip::hip_copy_literal[id=main:@literal:60] -> float_type, {512}, {1}, target_id=0
@118 = hip::hip_copy_literal[id=main:@literal:61] -> float_type, {512, 128, 1, 1}, {128, 1, 1, 1}, target_id=0
@119 = load[offset=143654912,end=246415360](@1) -> float_type, {64, 512, 28, 28}, {401408, 784, 28, 1}, target_id=0
@120 = broadcast[axis=1,out_lens={64, 512, 28, 28}](@117) -> float_type, {64, 512, 28, 28}, {0, 1, 0, 0}, target_id=0
@121 = gpu::code_object[code_object=5536,symbol_name=mlir_convolution_add_add_relu,global=1605632,local=256,](@120,@106,@116,@118,@119) -> float_type, {64, 512, 28, 28}, {401408, 784, 28, 1}, target_id=0
@122 = hip::hip_copy_literal[id=main:@literal:58] -> float_type, {256}, {1}, target_id=0
@123 = hip::hip_copy_literal[id=main:@literal:59] -> float_type, {256, 512, 1, 1}, {512, 1, 1, 1}, target_id=0
@124 = load[offset=0,end=51380224](@1) -> float_type, {64, 256, 28, 28}, {200704, 784, 28, 1}, target_id=0
@125 = broadcast[axis=1,out_lens={64, 256, 28, 28}](@122) -> float_type, {64, 256, 28, 28}, {0, 1, 0, 0}, target_id=0
@126 = gpu::code_object[code_object=8024,symbol_name=mlir_convolution_add_relu,global=200704,local=256,](@125,@121,@123,@124) -> float_type, {64, 256, 28, 28}, {200704, 784, 28, 1}, target_id=0
@127 = hip::hip_copy_literal[id=main:@literal:57] -> float_type, {256, 256, 3, 3}, {2304, 9, 3, 1}, target_id=0
@128 = load[offset=246415360,end=312999936](@1) -> int8_type, {66584576}, {1}, target_id=0
@129 = load[offset=117964800,end=130809856](@1) -> float_type, {64, 256, 14, 14}, {50176, 196, 14, 1}, target_id=0
@130 = gpu::convolution[op={padding={1, 1, 1, 1},stride={2, 2},dilation={1, 1},group=1,padding_mode=0},solution_object={binary_object: 559},algo=0,solution_id=0](@126,@127,@128,@129) -> float_type, {64, 256, 14, 14}, {50176, 196, 14, 1}, target_id=0
@131 = hip::hip_copy_literal[id=main:@literal:8] -> float_type, {1024, 768, 1, 1}, {768, 1, 1, 1}, target_id=0
@132 = hip::hip_copy_literal[id=main:@literal:7] -> float_type, {1024}, {1}, target_id=0
@133 = hip::hip_copy_literal[id=main:@literal:50] -> float_type, {1024}, {1}, target_id=0
@134 = hip::hip_copy_literal[id=main:@literal:51] -> float_type, {1024, 256, 1, 1}, {256, 1, 1, 1}, target_id=0
@135 = hip::hip_copy_literal[id=main:@literal:52] -> float_type, {256}, {1}, target_id=0
@136 = hip::hip_copy_literal[id=main:@literal:53] -> float_type, {256, 256, 3, 3}, {2304, 9, 3, 1}, target_id=0
@137 = hip::hip_copy_literal[id=main:@literal:54] -> float_type, {256}, {1}, target_id=0
@138 = hip::hip_copy_literal[id=main:@literal:55] -> float_type, {256, 1024, 1, 1}, {1024, 1, 1, 1}, target_id=0
@139 = hip::hip_copy_literal[id=main:@literal:56] -> float_type, {256}, {1}, target_id=0
@140 = broadcast[axis=1,out_lens={64, 256, 14, 14}](@139) -> float_type, {64, 256, 14, 14}, {0, 1, 0, 0}, target_id=0
@141 = step[axes={2, 3},steps={2, 2}](@121) -> float_type, {64, 512, 14, 14}, {401408, 784, 56, 2}, target_id=0
@142 = load[offset=246415360,end=284950528](@1) -> float_type, {64, 768, 14, 14}, {150528, 196, 14, 1}, target_id=0
@143 = gpu::code_object[code_object=4800,symbol_name=add_relu_noop_concat_noop_kernel,global=4816896,local=1024,](@130,@140,@141,@142) -> float_type, {64, 768, 14, 14}, {150528, 196, 14, 1}, target_id=0
@144 = load[offset=38535168,end=89915392](@1) -> float_type, {64, 1024, 14, 14}, {200704, 196, 14, 1}, target_id=0
@145 = broadcast[axis=1,out_lens={64, 1024, 14, 14}](@132) -> float_type, {64, 1024, 14, 14}, {0, 1, 0, 0}, target_id=0
@146 = gpu::code_object[code_object=8632,symbol_name=mlir_convolution_add_relu,global=200704,local=256,](@145,@143,@131,@144) -> float_type, {64, 1024, 14, 14}, {200704, 196, 14, 1}, target_id=0
@147 = load[offset=25690112,end=38535168](@1) -> float_type, {64, 256, 14, 14}, {50176, 196, 14, 1}, target_id=0
@148 = broadcast[axis=1,out_lens={64, 256, 14, 14}](@137) -> float_type, {64, 256, 14, 14}, {0, 1, 0, 0}, target_id=0
@149 = gpu::code_object[code_object=5808,symbol_name=mlir_convolution_add_relu,global=200704,local=256,](@148,@146,@138,@147) -> float_type, {64, 256, 14, 14}, {50176, 196, 14, 1}, target_id=0
@150 = broadcast[axis=1,out_lens={64, 256, 14, 14}](@135) -> float_type, {64, 256, 14, 14}, {0, 1, 0, 0}, target_id=0
@151 = load[offset=12845056,end=25690112](@1) -> float_type, {64, 256, 14, 14}, {50176, 196, 14, 1}, target_id=0
@152 = gpu::miopen_fusion[ops={{op=convolution[padding={1, 1, 1, 1},stride={1, 1},dilation={1, 1},group=1,padding_mode=0],alpha=1,beta=0}, {op=add,alpha=1,beta=0}, {op=relu,alpha=1,beta=0}}](@149,@136,@150,@151) -> float_type, {64, 256, 14, 14}, {50176, 196, 14, 1}, target_id=0
@153 = load[offset=141295616,end=192675840](@1) -> float_type, {64, 1024, 14, 14}, {200704, 196, 14, 1}, target_id=0
@154 = broadcast[axis=1,out_lens={64, 1024, 14, 14}](@133) -> float_type, {64, 1024, 14, 14}, {0, 1, 0, 0}, target_id=0
@155 = gpu::code_object[code_object=6400,symbol_name=mlir_convolution_add_add_relu,global=802816,local=256,](@154,@146,@152,@134,@153) -> float_type, {64, 1024, 14, 14}, {200704, 196, 14, 1}, target_id=0
@156 = hip::hip_copy_literal[id=main:@literal:44] -> float_type, {1024}, {1}, target_id=0
@157 = hip::hip_copy_literal[id=main:@literal:45] -> float_type, {1024, 256, 1, 1}, {256, 1, 1, 1}, target_id=0
@158 = hip::hip_copy_literal[id=main:@literal:46] -> float_type, {256}, {1}, target_id=0
@159 = hip::hip_copy_literal[id=main:@literal:47] -> float_type, {256, 256, 3, 3}, {2304, 9, 3, 1}, target_id=0
@160 = hip::hip_copy_literal[id=main:@literal:48] -> float_type, {256}, {1}, target_id=0
@161 = hip::hip_copy_literal[id=main:@literal:49] -> float_type, {256, 1024, 1, 1}, {1024, 1, 1, 1}, target_id=0
@162 = broadcast[axis=1,out_lens={64, 256, 14, 14}](@160) -> float_type, {64, 256, 14, 14}, {0, 1, 0, 0}, target_id=0
@163 = load[offset=12845056,end=25690112](@1) -> float_type, {64, 256, 14, 14}, {50176, 196, 14, 1}, target_id=0
@164 = gpu::code_object[code_object=5808,symbol_name=mlir_convolution_add_relu,global=200704,local=256,](@162,@155,@161,@163) -> float_type, {64, 256, 14, 14}, {50176, 196, 14, 1}, target_id=0
@165 = broadcast[axis=1,out_lens={64, 256, 14, 14}](@158) -> float_type, {64, 256, 14, 14}, {0, 1, 0, 0}, target_id=0
@166 = load[offset=0,end=12845056](@1) -> float_type, {64, 256, 14, 14}, {50176, 196, 14, 1}, target_id=0
@167 = gpu::miopen_fusion[ops={{op=convolution[padding={1, 1, 1, 1},stride={1, 1},dilation={1, 1},group=1,padding_mode=0],alpha=1,beta=0}, {op=add,alpha=1,beta=0}, {op=relu,alpha=1,beta=0}}](@164,@159,@165,@166) -> float_type, {64, 256, 14, 14}, {50176, 196, 14, 1}, target_id=0
@168 = load[offset=89915392,end=141295616](@1) -> float_type, {64, 1024, 14, 14}, {200704, 196, 14, 1}, target_id=0
@169 = broadcast[axis=1,out_lens={64, 1024, 14, 14}](@156) -> float_type, {64, 1024, 14, 14}, {0, 1, 0, 0}, target_id=0
@170 = gpu::code_object[code_object=6400,symbol_name=mlir_convolution_add_add_relu,global=802816,local=256,](@169,@155,@167,@157,@168) -> float_type, {64, 1024, 14, 14}, {200704, 196, 14, 1}, target_id=0
@171 = hip::hip_copy_literal[id=main:@literal:38] -> float_type, {1024}, {1}, target_id=0
@172 = hip::hip_copy_literal[id=main:@literal:39] -> float_type, {1024, 256, 1, 1}, {256, 1, 1, 1}, target_id=0
@173 = hip::hip_copy_literal[id=main:@literal:40] -> float_type, {256}, {1}, target_id=0
@174 = hip::hip_copy_literal[id=main:@literal:41] -> float_type, {256, 256, 3, 3}, {2304, 9, 3, 1}, target_id=0
@175 = hip::hip_copy_literal[id=main:@literal:42] -> float_type, {256}, {1}, target_id=0
@176 = hip::hip_copy_literal[id=main:@literal:43] -> float_type, {256, 1024, 1, 1}, {1024, 1, 1, 1}, target_id=0
@177 = load[offset=25690112,end=38535168](@1) -> float_type, {64, 256, 14, 14}, {50176, 196, 14, 1}, target_id=0
@178 = broadcast[axis=1,out_lens={64, 256, 14, 14}](@175) -> float_type, {64, 256, 14, 14}, {0, 1, 0, 0}, target_id=0
@179 = gpu::code_object[code_object=5808,symbol_name=mlir_convolution_add_relu,global=200704,local=256,](@178,@170,@176,@177) -> float_type, {64, 256, 14, 14}, {50176, 196, 14, 1}, target_id=0
@180 = broadcast[axis=1,out_lens={64, 256, 14, 14}](@173) -> float_type, {64, 256, 14, 14}, {0, 1, 0, 0}, target_id=0
@181 = load[offset=12845056,end=25690112](@1) -> float_type, {64, 256, 14, 14}, {50176, 196, 14, 1}, target_id=0
@182 = gpu::miopen_fusion[ops={{op=convolution[padding={1, 1, 1, 1},stride={1, 1},dilation={1, 1},group=1,padding_mode=0],alpha=1,beta=0}, {op=add,alpha=1,beta=0}, {op=relu,alpha=1,beta=0}}](@179,@174,@180,@181) -> float_type, {64, 256, 14, 14}, {50176, 196, 14, 1}, target_id=0
@183 = load[offset=38535168,end=89915392](@1) -> float_type, {64, 1024, 14, 14}, {200704, 196, 14, 1}, target_id=0
@184 = broadcast[axis=1,out_lens={64, 1024, 14, 14}](@171) -> float_type, {64, 1024, 14, 14}, {0, 1, 0, 0}, target_id=0
@185 = gpu::code_object[code_object=6400,symbol_name=mlir_convolution_add_add_relu,global=802816,local=256,](@184,@170,@182,@172,@183) -> float_type, {64, 1024, 14, 14}, {200704, 196, 14, 1}, target_id=0
@186 = hip::hip_copy_literal[id=main:@literal:32] -> float_type, {1024}, {1}, target_id=0
@187 = hip::hip_copy_literal[id=main:@literal:33] -> float_type, {1024, 256, 1, 1}, {256, 1, 1, 1}, target_id=0
@188 = hip::hip_copy_literal[id=main:@literal:34] -> float_type, {256}, {1}, target_id=0
@189 = hip::hip_copy_literal[id=main:@literal:35] -> float_type, {256, 256, 3, 3}, {2304, 9, 3, 1}, target_id=0
@190 = hip::hip_copy_literal[id=main:@literal:36] -> float_type, {256}, {1}, target_id=0
@191 = hip::hip_copy_literal[id=main:@literal:37] -> float_type, {256, 1024, 1, 1}, {1024, 1, 1, 1}, target_id=0
@192 = load[offset=25690112,end=38535168](@1) -> float_type, {64, 256, 14, 14}, {50176, 196, 14, 1}, target_id=0
@193 = broadcast[axis=1,out_lens={64, 256, 14, 14}](@190) -> float_type, {64, 256, 14, 14}, {0, 1, 0, 0}, target_id=0
@194 = gpu::code_object[code_object=5808,symbol_name=mlir_convolution_add_relu,global=200704,local=256,](@193,@185,@191,@192) -> float_type, {64, 256, 14, 14}, {50176, 196, 14, 1}, target_id=0
@195 = broadcast[axis=1,out_lens={64, 256, 14, 14}](@188) -> float_type, {64, 256, 14, 14}, {0, 1, 0, 0}, target_id=0
@196 = load[offset=12845056,end=25690112](@1) -> float_type, {64, 256, 14, 14}, {50176, 196, 14, 1}, target_id=0
@197 = gpu::miopen_fusion[ops={{op=convolution[padding={1, 1, 1, 1},stride={1, 1},dilation={1, 1},group=1,padding_mode=0],alpha=1,beta=0}, {op=add,alpha=1,beta=0}, {op=relu,alpha=1,beta=0}}](@194,@189,@195,@196) -> float_type, {64, 256, 14, 14}, {50176, 196, 14, 1}, target_id=0
@198 = broadcast[axis=1,out_lens={64, 1024, 14, 14}](@186) -> float_type, {64, 1024, 14, 14}, {0, 1, 0, 0}, target_id=0
@199 = load[offset=186253312,end=237633536](@1) -> float_type, {64, 1024, 14, 14}, {200704, 196, 14, 1}, target_id=0
@200 = gpu::code_object[code_object=6400,symbol_name=mlir_convolution_add_add_relu,global=802816,local=256,](@198,@185,@197,@187,@199) -> float_type, {64, 1024, 14, 14}, {200704, 196, 14, 1}, target_id=0
@201 = hip::hip_copy_literal[id=main:@literal:26] -> float_type, {1024}, {1}, target_id=0
@202 = hip::hip_copy_literal[id=main:@literal:27] -> float_type, {1024, 256, 1, 1}, {256, 1, 1, 1}, target_id=0
@203 = hip::hip_copy_literal[id=main:@literal:28] -> float_type, {256}, {1}, target_id=0
@204 = hip::hip_copy_literal[id=main:@literal:29] -> float_type, {256, 256, 3, 3}, {2304, 9, 3, 1}, target_id=0
@205 = hip::hip_copy_literal[id=main:@literal:30] -> float_type, {256}, {1}, target_id=0
@206 = hip::hip_copy_literal[id=main:@literal:31] -> float_type, {256, 1024, 1, 1}, {1024, 1, 1, 1}, target_id=0
@207 = load[offset=12845056,end=25690112](@1) -> float_type, {64, 256, 14, 14}, {50176, 196, 14, 1}, target_id=0
@208 = broadcast[axis=1,out_lens={64, 256, 14, 14}](@205) -> float_type, {64, 256, 14, 14}, {0, 1, 0, 0}, target_id=0
@209 = gpu::code_object[code_object=5808,symbol_name=mlir_convolution_add_relu,global=200704,local=256,](@208,@200,@206,@207) -> float_type, {64, 256, 14, 14}, {50176, 196, 14, 1}, target_id=0
@210 = load[offset=0,end=12845056](@1) -> float_type, {64, 256, 14, 14}, {50176, 196, 14, 1}, target_id=0
@211 = broadcast[axis=1,out_lens={64, 256, 14, 14}](@203) -> float_type, {64, 256, 14, 14}, {0, 1, 0, 0}, target_id=0
@212 = gpu::miopen_fusion[ops={{op=convolution[padding={1, 1, 1, 1},stride={1, 1},dilation={1, 1},group=1,padding_mode=0],alpha=1,beta=0}, {op=add,alpha=1,beta=0}, {op=relu,alpha=1,beta=0}}](@209,@204,@211,@210) -> float_type, {64, 256, 14, 14}, {50176, 196, 14, 1}, target_id=0
@213 = load[offset=134873088,end=186253312](@1) -> float_type, {64, 1024, 14, 14}, {200704, 196, 14, 1}, target_id=0
@214 = broadcast[axis=1,out_lens={64, 1024, 14, 14}](@201) -> float_type, {64, 1024, 14, 14}, {0, 1, 0, 0}, target_id=0
@215 = gpu::code_object[code_object=6400,symbol_name=mlir_convolution_add_add_relu,global=802816,local=256,](@214,@200,@212,@202,@213) -> float_type, {64, 1024, 14, 14}, {200704, 196, 14, 1}, target_id=0
@216 = hip::hip_copy_literal[id=main:@literal:23] -> float_type, {512, 512, 3, 3}, {4608, 9, 3, 1}, target_id=0
@217 = hip::hip_copy_literal[id=main:@literal:24] -> float_type, {512}, {1}, target_id=0
@218 = hip::hip_copy_literal[id=main:@literal:25] -> float_type, {512, 1024, 1, 1}, {1024, 1, 1, 1}, target_id=0
@219 = load[offset=0,end=25690112](@1) -> float_type, {64, 512, 14, 14}, {100352, 196, 14, 1}, target_id=0
@220 = broadcast[axis=1,out_lens={64, 512, 14, 14}](@217) -> float_type, {64, 512, 14, 14}, {0, 1, 0, 0}, target_id=0
@221 = gpu::code_object[code_object=6424,symbol_name=mlir_convolution_add_relu,global=200704,local=256,](@220,@215,@218,@219) -> float_type, {64, 512, 14, 14}, {100352, 196, 14, 1}, target_id=0
@222 = load[offset=73662464,end=115212288](@1) -> int8_type, {41549824}, {1}, target_id=0
@223 = load[offset=67239936,end=73662464](@1) -> float_type, {64, 512, 7, 7}, {25088, 49, 7, 1}, target_id=0
@224 = gpu::convolution[op={padding={1, 1, 1, 1},stride={2, 2},dilation={1, 1},group=1,padding_mode=0},solution_object={binary_object: 557},algo=0,solution_id=0](@221,@216,@222,@223) -> float_type, {64, 512, 7, 7}, {25088, 49, 7, 1}, target_id=0
@225 = hip::hip_copy_literal[id=main:@literal:1] -> float_type, {2048, 1000}, {1000, 1}, target_id=0
@226 = hip::hip_copy_literal[id=main:@literal:9] -> float_type, {2048}, {1}, target_id=0
@227 = hip::hip_copy_literal[id=main:@literal:6] -> float_type, {2048, 1536, 1, 1}, {1536, 1, 1, 1}, target_id=0
@228 = hip::hip_copy_literal[id=main:@literal:0] -> float_type, {64, 1000}, {1000, 1}, target_id=0
@229 = hip::hip_copy_literal[id=main:@literal:10] -> float_type, {2048}, {1}, target_id=0
@230 = hip::hip_copy_literal[id=main:@literal:11] -> float_type, {2048, 512, 1, 1}, {512, 1, 1, 1}, target_id=0
@231 = hip::hip_copy_literal[id=main:@literal:12] -> float_type, {512}, {1}, target_id=0
@232 = hip::hip_copy_literal[id=main:@literal:13] -> float_type, {512, 512, 3, 3}, {4608, 9, 3, 1}, target_id=0
@233 = hip::hip_copy_literal[id=main:@literal:14] -> float_type, {512}, {1}, target_id=0
@234 = hip::hip_copy_literal[id=main:@literal:15] -> float_type, {512, 2048, 1, 1}, {2048, 1, 1, 1}, target_id=0
@235 = hip::hip_copy_literal[id=main:@literal:16] -> float_type, {2048}, {1}, target_id=0
@236 = hip::hip_copy_literal[id=main:@literal:17] -> float_type, {2048, 512, 1, 1}, {512, 1, 1, 1}, target_id=0
@237 = hip::hip_copy_literal[id=main:@literal:18] -> float_type, {512}, {1}, target_id=0
@238 = hip::hip_copy_literal[id=main:@literal:19] -> float_type, {512, 512, 3, 3}, {4608, 9, 3, 1}, target_id=0
@239 = hip::hip_copy_literal[id=main:@literal:20] -> float_type, {512}, {1}, target_id=0
@240 = hip::hip_copy_literal[id=main:@literal:21] -> float_type, {512, 2048, 1, 1}, {2048, 1, 1, 1}, target_id=0
@241 = hip::hip_copy_literal[id=main:@literal:22] -> float_type, {512}, {1}, target_id=0
@242 = load[offset=0,end=19267584](@1) -> float_type, {64, 1536, 7, 7}, {75264, 49, 7, 1}, target_id=0
@243 = broadcast[axis=1,out_lens={64, 512, 7, 7}](@241) -> float_type, {64, 512, 7, 7}, {0, 1, 0, 0}, target_id=0
@244 = step[axes={2, 3},steps={2, 2}](@215) -> float_type, {64, 1024, 7, 7}, {200704, 196, 28, 2}, target_id=0
@245 = gpu::code_object[code_object=4808,symbol_name=add_relu_noop_concat_noop_kernel,global=2408448,local=1024,](@224,@243,@244,@242) -> float_type, {64, 1536, 7, 7}, {75264, 49, 7, 1}, target_id=0
@246 = load[offset=57802752,end=83492864](@1) -> float_type, {64, 2048, 7, 7}, {100352, 49, 7, 1}, target_id=0
@247 = broadcast[axis=1,out_lens={64, 2048, 7, 7}](@226) -> float_type, {64, 2048, 7, 7}, {0, 1, 0, 0}, target_id=0
@248 = gpu::code_object[code_object=7096,symbol_name=mlir_convolution_add_relu,global=204800,local=256,](@247,@245,@227,@246) -> float_type, {64, 2048, 7, 7}, {100352, 49, 7, 1}, target_id=0
@249 = load[offset=6422528,end=12845056](@1) -> float_type, {64, 512, 7, 7}, {25088, 49, 7, 1}, target_id=0
@250 = broadcast[axis=1,out_lens={64, 512, 7, 7}](@239) -> float_type, {64, 512, 7, 7}, {0, 1, 0, 0}, target_id=0
@251 = gpu::code_object[code_object=6472,symbol_name=mlir_convolution_add_relu,global=51200,local=256,](@250,@248,@240,@249) -> float_type, {64, 512, 7, 7}, {25088, 49, 7, 1}, target_id=0
@252 = load[offset=0,end=6422528](@1) -> float_type, {64, 512, 7, 7}, {25088, 49, 7, 1}, target_id=0
@253 = broadcast[axis=1,out_lens={64, 512, 7, 7}](@237) -> float_type, {64, 512, 7, 7}, {0, 1, 0, 0}, target_id=0
@254 = gpu::miopen_fusion[ops={{op=convolution[padding={1, 1, 1, 1},stride={1, 1},dilation={1, 1},group=1,padding_mode=0],alpha=1,beta=0}, {op=add,alpha=1,beta=0}, {op=relu,alpha=1,beta=0}}](@251,@238,@253,@252) -> float_type, {64, 512, 7, 7}, {25088, 49, 7, 1}, target_id=0
@255 = load[offset=32112640,end=57802752](@1) -> float_type, {64, 2048, 7, 7}, {100352, 49, 7, 1}, target_id=0
@256 = broadcast[axis=1,out_lens={64, 2048, 7, 7}](@235) -> float_type, {64, 2048, 7, 7}, {0, 1, 0, 0}, target_id=0
@257 = gpu::code_object[code_object=7488,symbol_name=mlir_convolution_add_add_relu,global=204800,local=256,](@256,@248,@254,@236,@255) -> float_type, {64, 2048, 7, 7}, {100352, 49, 7, 1}, target_id=0
@258 = load[offset=6422528,end=12845056](@1) -> float_type, {64, 512, 7, 7}, {25088, 49, 7, 1}, target_id=0
@259 = broadcast[axis=1,out_lens={64, 512, 7, 7}](@233) -> float_type, {64, 512, 7, 7}, {0, 1, 0, 0}, target_id=0
@260 = gpu::code_object[code_object=6472,symbol_name=mlir_convolution_add_relu,global=51200,local=256,](@259,@257,@234,@258) -> float_type, {64, 512, 7, 7}, {25088, 49, 7, 1}, target_id=0
@261 = load[offset=0,end=6422528](@1) -> float_type, {64, 512, 7, 7}, {25088, 49, 7, 1}, target_id=0
@262 = broadcast[axis=1,out_lens={64, 512, 7, 7}](@231) -> float_type, {64, 512, 7, 7}, {0, 1, 0, 0}, target_id=0
@263 = gpu::miopen_fusion[ops={{op=convolution[padding={1, 1, 1, 1},stride={1, 1},dilation={1, 1},group=1,padding_mode=0],alpha=1,beta=0}, {op=add,alpha=1,beta=0}, {op=relu,alpha=1,beta=0}}](@260,@232,@262,@261) -> float_type, {64, 512, 7, 7}, {25088, 49, 7, 1}, target_id=0
@264 = load[offset=57802752,end=83492864](@1) -> float_type, {64, 2048, 7, 7}, {100352, 49, 7, 1}, target_id=0
@265 = gpu::code_object[code_object=5928,symbol_name=mlir_convolution,global=204800,local=256,](@263,@230,@264) -> float_type, {64, 2048, 7, 7}, {100352, 49, 7, 1}, target_id=0
@266 = load[offset=0,end=524288](@1) -> float_type, {64, 2048, 1, 1}, {2048, 1, 1, 1}, target_id=0
@267 = broadcast[axis=1,out_lens={64, 2048, 7, 7}](@229) -> float_type, {64, 2048, 7, 7}, {0, 1, 0, 0}, target_id=0
@268 = gpu::code_object[code_object=4440,symbol_name=add_add_relu_mul_reduce_sum_kernel,global=8388608,local=64,](@265,@267,@257,@266) -> float_type, {64, 2048, 1, 1}, {2048, 1, 1, 1}, target_id=0
main:#output_0 = @param:main:#output_0 -> float_type, {64, 1000}, {1000, 1}, target_id=0
@270 = flatten[axis=1](@268) -> float_type, {64, 2048}, {2048, 1}, target_id=0
@271 = gpu::gemm[alpha=1,beta=1,compute_fp32=1,trans_batch=0,solution_idx=0](@270,@225,@228,main:#output_0) -> float_type, {64, 1000}, {1000, 1}, target_id=0
@272 = @return(@271), target_id=0


Allocating params ... 
Running performance report ... 
@0 = check_context::migraphx::gpu::context -> float_type, {}, {}, target_id=0: 0.00105002ms, 1%
@1 = hip::hip_allocate_memory[shape=int8_type, {616562688}, {1},id=main:scratch] -> int8_type, {616562688}, {1}, target_id=0: 0.00104864ms, 1%
@2 = hip::hip_copy_literal[id=main:@literal:98] -> float_type, {64}, {1}, target_id=0: 0.00090942ms, 1%
@3 = hip::hip_copy_literal[id=main:@literal:99] -> float_type, {64, 3, 7, 7}, {147, 49, 7, 1}, target_id=0: 0.00063116ms, 1%
@4 = load[offset=205520896,end=411041792](@1) -> float_type, {64, 64, 112, 112}, {802816, 12544, 112, 1}, target_id=0: 0.00084076ms, 1%
@5 = broadcast[axis=1,out_lens={64, 64, 112, 112}](@2) -> float_type, {64, 64, 112, 112}, {0, 1, 0, 0}, target_id=0: 0.00098568ms, 1%
input.1 = @param:input.1 -> float_type, {64, 3, 224, 224}, {150528, 50176, 224, 1}, target_id=0: 0.00071068ms, 1%
@7 = gpu::code_object[code_object=7640,symbol_name=mlir_convolution_add_relu,global=1605632,local=256,](@5,input.1,@3,@4) -> float_type, {64, 64, 112, 112}, {802816, 12544, 112, 1}, target_id=0: 0.707282ms, 4%
@8 = load[offset=154140672,end=205520896](@1) -> float_type, {64, 64, 56, 56}, {200704, 3136, 56, 1}, target_id=0: 0.0007296ms, 1%
@9 = gpu::pooling[mode=max,padding={1, 1, 1, 1},padding_mode=0,stride={2, 2},lengths={3, 3},dilations={1, 1},ceil_mode=0,lp_order=2,dyn_global=0](@7,@8) -> float_type, {64, 64, 56, 56}, {200704, 3136, 56, 1}, target_id=0: 0.387ms, 2%
@10 = hip::hip_copy_literal[id=main:@literal:96] -> float_type, {64}, {1}, target_id=0: 0.00099748ms, 1%
@11 = hip::hip_copy_literal[id=main:@literal:97] -> float_type, {64, 64, 1, 1}, {64, 1, 1, 1}, target_id=0: 0.0006244ms, 1%
@12 = broadcast[axis=1,out_lens={64, 64, 56, 56}](@10) -> float_type, {64, 64, 56, 56}, {0, 1, 0, 0}, target_id=0: 0.00106972ms, 1%
@13 = load[offset=51380224,end=102760448](@1) -> float_type, {64, 64, 56, 56}, {200704, 3136, 56, 1}, target_id=0: 0.00069232ms, 1%
@14 = gpu::code_object[code_object=5504,symbol_name=mlir_convolution_add_relu,global=802816,local=256,](@12,@9,@11,@13) -> float_type, {64, 64, 56, 56}, {200704, 3136, 56, 1}, target_id=0: 0.129871ms, 1%
@15 = hip::hip_copy_literal[id=main:@literal:95] -> float_type, {64, 64, 3, 3}, {576, 9, 3, 1}, target_id=0: 0.00069088ms, 1%
@16 = load[offset=0,end=0](@1) -> int8_type, {0}, {1}, target_id=0: 0.00073116ms, 1%
@17 = load[offset=0,end=51380224](@1) -> float_type, {64, 64, 56, 56}, {200704, 3136, 56, 1}, target_id=0: 0.00064282ms, 1%
@18 = gpu::convolution[op={padding={1, 1, 1, 1},stride={1, 1},dilation={1, 1},group=1,padding_mode=0},solution_object={binary_object: 430},algo=0,solution_id=0](@14,@15,@16,@17) -> float_type, {64, 64, 56, 56}, {200704, 3136, 56, 1}, target_id=0: 0.534396ms, 3%
@19 = hip::hip_copy_literal[id=main:@literal:2] -> float_type, {256}, {1}, target_id=0: 0.00078578ms, 1%
@20 = hip::hip_copy_literal[id=main:@literal:94] -> float_type, {64}, {1}, target_id=0: 0.00078348ms, 1%
@21 = load[offset=205520896,end=308281344](@1) -> float_type, {64, 128, 56, 56}, {401408, 3136, 56, 1}, target_id=0: 0.00073064ms, 1%
@22 = broadcast[axis=1,out_lens={64, 64, 56, 56}](@20) -> float_type, {64, 64, 56, 56}, {0, 1, 0, 0}, target_id=0: 0.00102782ms, 1%
@23 = gpu::code_object[code_object=4536,symbol_name=add_relu_noop_concat_noop_kernel,global=1605632,local=1024,](@18,@22,@9,@21) -> float_type, {64, 128, 56, 56}, {401408, 3136, 56, 1}, target_id=0: 0.239966ms, 2%
@24 = hip::hip_copy_literal[id=main:@literal:3] -> float_type, {256, 128, 1, 1}, {128, 1, 1, 1}, target_id=0: 0.00065858ms, 1%
@25 = load[offset=411041792,end=616562688](@1) -> float_type, {64, 256, 56, 56}, {802816, 3136, 56, 1}, target_id=0: 0.00074628ms, 1%
@26 = broadcast[axis=1,out_lens={64, 256, 56, 56}](@19) -> float_type, {64, 256, 56, 56}, {0, 1, 0, 0}, target_id=0: 0.00092798ms, 1%
@27 = gpu::code_object[code_object=5008,symbol_name=mlir_convolution_add_relu,global=3211264,local=256,](@26,@23,@24,@25) -> float_type, {64, 256, 56, 56}, {802816, 3136, 56, 1}, target_id=0: 0.515885ms, 3%
@28 = hip::hip_copy_literal[id=main:@literal:92] -> float_type, {64}, {1}, target_id=0: 0.00074628ms, 1%
@29 = hip::hip_copy_literal[id=main:@literal:93] -> float_type, {64, 256, 1, 1}, {256, 1, 1, 1}, target_id=0: 0.00058654ms, 1%
@30 = load[offset=51380224,end=102760448](@1) -> float_type, {64, 64, 56, 56}, {200704, 3136, 56, 1}, target_id=0: 0.00069168ms, 1%
@31 = broadcast[axis=1,out_lens={64, 64, 56, 56}](@28) -> float_type, {64, 64, 56, 56}, {0, 1, 0, 0}, target_id=0: 0.0009482ms, 1%
@32 = gpu::code_object[code_object=8088,symbol_name=mlir_convolution_add_relu,global=200704,local=256,](@31,@27,@29,@30) -> float_type, {64, 64, 56, 56}, {200704, 3136, 56, 1}, target_id=0: 0.301675ms, 2%
@33 = hip::hip_copy_literal[id=main:@literal:90] -> float_type, {64}, {1}, target_id=0: 0.00067712ms, 1%
@34 = hip::hip_copy_literal[id=main:@literal:91] -> float_type, {64, 64, 3, 3}, {576, 9, 3, 1}, target_id=0: 0.00061022ms, 1%
@35 = load[offset=0,end=51380224](@1) -> float_type, {64, 64, 56, 56}, {200704, 3136, 56, 1}, target_id=0: 0.0007171ms, 1%
@36 = broadcast[axis=1,out_lens={64, 64, 56, 56}](@33) -> float_type, {64, 64, 56, 56}, {0, 1, 0, 0}, target_id=0: 0.00108842ms, 1%
@37 = gpu::miopen_fusion[ops={{op=convolution[padding={1, 1, 1, 1},stride={1, 1},dilation={1, 1},group=1,padding_mode=0],alpha=1,beta=0}, {op=add,alpha=1,beta=0}, {op=relu,alpha=1,beta=0}}](@32,@34,@36,@35) -> float_type, {64, 64, 56, 56}, {200704, 3136, 56, 1}, target_id=0: 0.537698ms, 3%
@38 = hip::hip_copy_literal[id=main:@literal:88] -> float_type, {256}, {1}, target_id=0: 0.00073226ms, 1%
@39 = hip::hip_copy_literal[id=main:@literal:89] -> float_type, {256, 64, 1, 1}, {64, 1, 1, 1}, target_id=0: 0.00061882ms, 1%
@40 = load[offset=205520896,end=411041792](@1) -> float_type, {64, 256, 56, 56}, {802816, 3136, 56, 1}, target_id=0: 0.00072176ms, 1%
@41 = broadcast[axis=1,out_lens={64, 256, 56, 56}](@38) -> float_type, {64, 256, 56, 56}, {0, 1, 0, 0}, target_id=0: 0.00092724ms, 1%
@42 = gpu::code_object[code_object=5872,symbol_name=mlir_convolution_add_add_relu,global=3211264,local=256,](@41,@27,@37,@39,@40) -> float_type, {64, 256, 56, 56}, {802816, 3136, 56, 1}, target_id=0: 0.541544ms, 3%
@43 = hip::hip_copy_literal[id=main:@literal:86] -> float_type, {64}, {1}, target_id=0: 0.00067986ms, 1%
@44 = hip::hip_copy_literal[id=main:@literal:87] -> float_type, {64, 256, 1, 1}, {256, 1, 1, 1}, target_id=0: 0.00062866ms, 1%
@45 = load[offset=0,end=51380224](@1) -> float_type, {64, 64, 56, 56}, {200704, 3136, 56, 1}, target_id=0: 0.00072844ms, 1%
@46 = broadcast[axis=1,out_lens={64, 64, 56, 56}](@43) -> float_type, {64, 64, 56, 56}, {0, 1, 0, 0}, target_id=0: 0.00090934ms, 1%
@47 = gpu::code_object[code_object=8088,symbol_name=mlir_convolution_add_relu,global=200704,local=256,](@46,@42,@44,@45) -> float_type, {64, 64, 56, 56}, {200704, 3136, 56, 1}, target_id=0: 0.303721ms, 2%
@48 = hip::hip_copy_literal[id=main:@literal:84] -> float_type, {64}, {1}, target_id=0: 0.00063568ms, 1%
@49 = hip::hip_copy_literal[id=main:@literal:85] -> float_type, {64, 64, 3, 3}, {576, 9, 3, 1}, target_id=0: 0.00064422ms, 1%
@50 = load[offset=411041792,end=462422016](@1) -> float_type, {64, 64, 56, 56}, {200704, 3136, 56, 1}, target_id=0: 0.00069892ms, 1%
@51 = broadcast[axis=1,out_lens={64, 64, 56, 56}](@48) -> float_type, {64, 64, 56, 56}, {0, 1, 0, 0}, target_id=0: 0.00090944ms, 1%
@52 = gpu::miopen_fusion[ops={{op=convolution[padding={1, 1, 1, 1},stride={1, 1},dilation={1, 1},group=1,padding_mode=0],alpha=1,beta=0}, {op=add,alpha=1,beta=0}, {op=relu,alpha=1,beta=0}}](@47,@49,@51,@50) -> float_type, {64, 64, 56, 56}, {200704, 3136, 56, 1}, target_id=0: 0.517744ms, 3%
@53 = hip::hip_copy_literal[id=main:@literal:82] -> float_type, {256}, {1}, target_id=0: 0.00073924ms, 1%
@54 = hip::hip_copy_literal[id=main:@literal:83] -> float_type, {256, 64, 1, 1}, {64, 1, 1, 1}, target_id=0: 0.00067482ms, 1%
@55 = load[offset=0,end=205520896](@1) -> float_type, {64, 256, 56, 56}, {802816, 3136, 56, 1}, target_id=0: 0.0007164ms, 1%
@56 = broadcast[axis=1,out_lens={64, 256, 56, 56}](@53) -> float_type, {64, 256, 56, 56}, {0, 1, 0, 0}, target_id=0: 0.00090424ms, 1%
@57 = gpu::code_object[code_object=5872,symbol_name=mlir_convolution_add_add_relu,global=3211264,local=256,](@56,@42,@52,@54,@55) -> float_type, {64, 256, 56, 56}, {802816, 3136, 56, 1}, target_id=0: 0.542359ms, 3%
@58 = hip::hip_copy_literal[id=main:@literal:80] -> float_type, {128}, {1}, target_id=0: 0.00067056ms, 1%
@59 = hip::hip_copy_literal[id=main:@literal:81] -> float_type, {128, 256, 1, 1}, {256, 1, 1, 1}, target_id=0: 0.00060368ms, 1%
@60 = load[offset=308281344,end=411041792](@1) -> float_type, {64, 128, 56, 56}, {401408, 3136, 56, 1}, target_id=0: 0.00069564ms, 1%
@61 = broadcast[axis=1,out_lens={64, 128, 56, 56}](@58) -> float_type, {64, 128, 56, 56}, {0, 1, 0, 0}, target_id=0: 0.00090188ms, 1%
@62 = gpu::code_object[code_object=8096,symbol_name=mlir_convolution_add_relu,global=401408,local=256,](@61,@57,@59,@60) -> float_type, {64, 128, 56, 56}, {401408, 3136, 56, 1}, target_id=0: 0.505673ms, 3%
@63 = hip::hip_copy_literal[id=main:@literal:79] -> float_type, {128, 128, 3, 3}, {1152, 9, 3, 1}, target_id=0: 0.00069304ms, 1%
@64 = load[offset=0,end=0](@1) -> int8_type, {0}, {1}, target_id=0: 0.00076074ms, 1%
@65 = load[offset=282591232,end=308281344](@1) -> float_type, {64, 128, 28, 28}, {100352, 784, 28, 1}, target_id=0: 0.00062788ms, 1%
@66 = gpu::convolution[op={padding={1, 1, 1, 1},stride={2, 2},dilation={1, 1},group=1,padding_mode=0},solution_object={binary_object: 458},algo=0,solution_id=0](@62,@63,@64,@65) -> float_type, {64, 128, 28, 28}, {100352, 784, 28, 1}, target_id=0: 0.604199ms, 3%
@67 = hip::hip_copy_literal[id=main:@literal:78] -> float_type, {128}, {1}, target_id=0: 0.00073846ms, 1%
@68 = load[offset=205520896,end=282591232](@1) -> float_type, {64, 384, 28, 28}, {301056, 784, 28, 1}, target_id=0: 0.00071426ms, 1%
@69 = step[axes={2, 3},steps={2, 2}](@57) -> float_type, {64, 256, 28, 28}, {802816, 3136, 112, 2}, target_id=0: 0.0014062ms, 1%
@70 = broadcast[axis=1,out_lens={64, 128, 28, 28}](@67) -> float_type, {64, 128, 28, 28}, {0, 1, 0, 0}, target_id=0: 0.0009891ms, 1%
@71 = gpu::code_object[code_object=4776,symbol_name=add_relu_noop_concat_noop_kernel,global=9633792,local=1024,](@66,@70,@69,@68) -> float_type, {64, 384, 28, 28}, {301056, 784, 28, 1}, target_id=0: 0.246124ms, 2%
@72 = hip::hip_copy_literal[id=main:@literal:5] -> float_type, {512, 384, 1, 1}, {384, 1, 1, 1}, target_id=0: 0.00067184ms, 1%
@73 = hip::hip_copy_literal[id=main:@literal:4] -> float_type, {512}, {1}, target_id=0: 0.00059906ms, 1%
@74 = load[offset=282591232,end=385351680](@1) -> float_type, {64, 512, 28, 28}, {401408, 784, 28, 1}, target_id=0: 0.0007225ms, 1%
@75 = broadcast[axis=1,out_lens={64, 512, 28, 28}](@73) -> float_type, {64, 512, 28, 28}, {0, 1, 0, 0}, target_id=0: 0.00091898ms, 1%
@76 = gpu::code_object[code_object=5272,symbol_name=mlir_convolution_add_relu,global=1605632,local=256,](@75,@71,@72,@74) -> float_type, {64, 512, 28, 28}, {401408, 784, 28, 1}, target_id=0: 0.689769ms, 3%
@77 = hip::hip_copy_literal[id=main:@literal:76] -> float_type, {128}, {1}, target_id=0: 0.00071428ms, 1%
@78 = hip::hip_copy_literal[id=main:@literal:77] -> float_type, {128, 512, 1, 1}, {512, 1, 1, 1}, target_id=0: 0.00061646ms, 1%
@79 = load[offset=51380224,end=77070336](@1) -> float_type, {64, 128, 28, 28}, {100352, 784, 28, 1}, target_id=0: 0.00071184ms, 1%
@80 = broadcast[axis=1,out_lens={64, 128, 28, 28}](@77) -> float_type, {64, 128, 28, 28}, {0, 1, 0, 0}, target_id=0: 0.000918ms, 1%
@81 = gpu::code_object[code_object=6384,symbol_name=mlir_convolution_add_relu,global=200704,local=256,](@80,@76,@78,@79) -> float_type, {64, 128, 28, 28}, {100352, 784, 28, 1}, target_id=0: 0.274179ms, 2%
@82 = hip::hip_copy_literal[id=main:@literal:74] -> float_type, {128}, {1}, target_id=0: 0.0007396ms, 1%
@83 = hip::hip_copy_literal[id=main:@literal:75] -> float_type, {128, 128, 3, 3}, {1152, 9, 3, 1}, target_id=0: 0.00065402ms, 1%
@84 = load[offset=25690112,end=51380224](@1) -> float_type, {64, 128, 28, 28}, {100352, 784, 28, 1}, target_id=0: 0.00068528ms, 1%
@85 = broadcast[axis=1,out_lens={64, 128, 28, 28}](@82) -> float_type, {64, 128, 28, 28}, {0, 1, 0, 0}, target_id=0: 0.00108786ms, 1%
@86 = gpu::miopen_fusion[ops={{op=convolution[padding={1, 1, 1, 1},stride={1, 1},dilation={1, 1},group=1,padding_mode=0],alpha=1,beta=0}, {op=add,alpha=1,beta=0}, {op=relu,alpha=1,beta=0}}](@81,@83,@85,@84) -> float_type, {64, 128, 28, 28}, {100352, 784, 28, 1}, target_id=0: 0.510726ms, 3%
@87 = hip::hip_copy_literal[id=main:@literal:72] -> float_type, {512}, {1}, target_id=0: 0.00072702ms, 1%
@88 = hip::hip_copy_literal[id=main:@literal:73] -> float_type, {512, 128, 1, 1}, {128, 1, 1, 1}, target_id=0: 0.0006333ms, 1%
@89 = load[offset=77070336,end=179830784](@1) -> float_type, {64, 512, 28, 28}, {401408, 784, 28, 1}, target_id=0: 0.0007692ms, 1%
@90 = broadcast[axis=1,out_lens={64, 512, 28, 28}](@87) -> float_type, {64, 512, 28, 28}, {0, 1, 0, 0}, target_id=0: 0.00096384ms, 1%
@91 = gpu::code_object[code_object=5536,symbol_name=mlir_convolution_add_add_relu,global=1605632,local=256,](@90,@76,@86,@88,@89) -> float_type, {64, 512, 28, 28}, {401408, 784, 28, 1}, target_id=0: 0.342255ms, 2%
@92 = hip::hip_copy_literal[id=main:@literal:70] -> float_type, {128}, {1}, target_id=0: 0.00067764ms, 1%
@93 = hip::hip_copy_literal[id=main:@literal:71] -> float_type, {128, 512, 1, 1}, {512, 1, 1, 1}, target_id=0: 0.00059568ms, 1%
@94 = load[offset=51380224,end=77070336](@1) -> float_type, {64, 128, 28, 28}, {100352, 784, 28, 1}, target_id=0: 0.00070946ms, 1%
@95 = broadcast[axis=1,out_lens={64, 128, 28, 28}](@92) -> float_type, {64, 128, 28, 28}, {0, 1, 0, 0}, target_id=0: 0.00091282ms, 1%
@96 = gpu::code_object[code_object=6384,symbol_name=mlir_convolution_add_relu,global=200704,local=256,](@95,@91,@93,@94) -> float_type, {64, 128, 28, 28}, {100352, 784, 28, 1}, target_id=0: 0.273896ms, 2%
@97 = hip::hip_copy_literal[id=main:@literal:68] -> float_type, {128}, {1}, target_id=0: 0.0006832ms, 1%
@98 = hip::hip_copy_literal[id=main:@literal:69] -> float_type, {128, 128, 3, 3}, {1152, 9, 3, 1}, target_id=0: 0.0007021ms, 1%
@99 = load[offset=25690112,end=51380224](@1) -> float_type, {64, 128, 28, 28}, {100352, 784, 28, 1}, target_id=0: 0.00067732ms, 1%
@100 = broadcast[axis=1,out_lens={64, 128, 28, 28}](@97) -> float_type, {64, 128, 28, 28}, {0, 1, 0, 0}, target_id=0: 0.00090366ms, 1%
@101 = gpu::miopen_fusion[ops={{op=convolution[padding={1, 1, 1, 1},stride={1, 1},dilation={1, 1},group=1,padding_mode=0],alpha=1,beta=0}, {op=add,alpha=1,beta=0}, {op=relu,alpha=1,beta=0}}](@96,@98,@100,@99) -> float_type, {64, 128, 28, 28}, {100352, 784, 28, 1}, target_id=0: 0.503767ms, 3%
@102 = hip::hip_copy_literal[id=main:@literal:66] -> float_type, {512}, {1}, target_id=0: 0.00077826ms, 1%
@103 = hip::hip_copy_literal[id=main:@literal:67] -> float_type, {512, 128, 1, 1}, {128, 1, 1, 1}, target_id=0: 0.000683ms, 1%
@104 = load[offset=246415360,end=349175808](@1) -> float_type, {64, 512, 28, 28}, {401408, 784, 28, 1}, target_id=0: 0.00072106ms, 1%
@105 = broadcast[axis=1,out_lens={64, 512, 28, 28}](@102) -> float_type, {64, 512, 28, 28}, {0, 1, 0, 0}, target_id=0: 0.00092796ms, 1%
@106 = gpu::code_object[code_object=5536,symbol_name=mlir_convolution_add_add_relu,global=1605632,local=256,](@105,@91,@101,@103,@104) -> float_type, {64, 512, 28, 28}, {401408, 784, 28, 1}, target_id=0: 0.345359ms, 2%
@107 = hip::hip_copy_literal[id=main:@literal:64] -> float_type, {128}, {1}, target_id=0: 0.00069566ms, 1%
@108 = hip::hip_copy_literal[id=main:@literal:65] -> float_type, {128, 512, 1, 1}, {512, 1, 1, 1}, target_id=0: 0.000671ms, 1%
@109 = load[offset=25690112,end=51380224](@1) -> float_type, {64, 128, 28, 28}, {100352, 784, 28, 1}, target_id=0: 0.00069232ms, 1%
@110 = broadcast[axis=1,out_lens={64, 128, 28, 28}](@107) -> float_type, {64, 128, 28, 28}, {0, 1, 0, 0}, target_id=0: 0.0009128ms, 1%
@111 = gpu::code_object[code_object=6384,symbol_name=mlir_convolution_add_relu,global=200704,local=256,](@110,@106,@108,@109) -> float_type, {64, 128, 28, 28}, {100352, 784, 28, 1}, target_id=0: 0.279905ms, 2%
@112 = hip::hip_copy_literal[id=main:@literal:62] -> float_type, {128}, {1}, target_id=0: 0.00067366ms, 1%
@113 = hip::hip_copy_literal[id=main:@literal:63] -> float_type, {128, 128, 3, 3}, {1152, 9, 3, 1}, target_id=0: 0.00065602ms, 1%
@114 = load[offset=0,end=25690112](@1) -> float_type, {64, 128, 28, 28}, {100352, 784, 28, 1}, target_id=0: 0.00067862ms, 1%
@115 = broadcast[axis=1,out_lens={64, 128, 28, 28}](@112) -> float_type, {64, 128, 28, 28}, {0, 1, 0, 0}, target_id=0: 0.00093988ms, 1%
@116 = gpu::miopen_fusion[ops={{op=convolution[padding={1, 1, 1, 1},stride={1, 1},dilation={1, 1},group=1,padding_mode=0],alpha=1,beta=0}, {op=add,alpha=1,beta=0}, {op=relu,alpha=1,beta=0}}](@111,@113,@115,@114) -> float_type, {64, 128, 28, 28}, {100352, 784, 28, 1}, target_id=0: 0.521633ms, 3%
@117 = hip::hip_copy_literal[id=main:@literal:60] -> float_type, {512}, {1}, target_id=0: 0.00067742ms, 1%
@118 = hip::hip_copy_literal[id=main:@literal:61] -> float_type, {512, 128, 1, 1}, {128, 1, 1, 1}, target_id=0: 0.00062492ms, 1%
@119 = load[offset=143654912,end=246415360](@1) -> float_type, {64, 512, 28, 28}, {401408, 784, 28, 1}, target_id=0: 0.00069114ms, 1%
@120 = broadcast[axis=1,out_lens={64, 512, 28, 28}](@117) -> float_type, {64, 512, 28, 28}, {0, 1, 0, 0}, target_id=0: 0.00093148ms, 1%
@121 = gpu::code_object[code_object=5536,symbol_name=mlir_convolution_add_add_relu,global=1605632,local=256,](@120,@106,@116,@118,@119) -> float_type, {64, 512, 28, 28}, {401408, 784, 28, 1}, target_id=0: 0.350072ms, 2%
@122 = hip::hip_copy_literal[id=main:@literal:58] -> float_type, {256}, {1}, target_id=0: 0.00071746ms, 1%
@123 = hip::hip_copy_literal[id=main:@literal:59] -> float_type, {256, 512, 1, 1}, {512, 1, 1, 1}, target_id=0: 0.0006309ms, 1%
@124 = load[offset=0,end=51380224](@1) -> float_type, {64, 256, 28, 28}, {200704, 784, 28, 1}, target_id=0: 0.000707ms, 1%
@125 = broadcast[axis=1,out_lens={64, 256, 28, 28}](@122) -> float_type, {64, 256, 28, 28}, {0, 1, 0, 0}, target_id=0: 0.00087538ms, 1%
@126 = gpu::code_object[code_object=8024,symbol_name=mlir_convolution_add_relu,global=200704,local=256,](@125,@121,@123,@124) -> float_type, {64, 256, 28, 28}, {200704, 784, 28, 1}, target_id=0: 0.487626ms, 3%
@127 = hip::hip_copy_literal[id=main:@literal:57] -> float_type, {256, 256, 3, 3}, {2304, 9, 3, 1}, target_id=0: 0.00067316ms, 1%
@128 = load[offset=246415360,end=312999936](@1) -> int8_type, {66584576}, {1}, target_id=0: 0.00074868ms, 1%
@129 = load[offset=117964800,end=130809856](@1) -> float_type, {64, 256, 14, 14}, {50176, 196, 14, 1}, target_id=0: 0.00066598ms, 1%
@130 = gpu::convolution[op={padding={1, 1, 1, 1},stride={2, 2},dilation={1, 1},group=1,padding_mode=0},solution_object={binary_object: 559},algo=0,solution_id=0](@126,@127,@128,@129) -> float_type, {64, 256, 14, 14}, {50176, 196, 14, 1}, target_id=0: 0.660169ms, 3%
@131 = hip::hip_copy_literal[id=main:@literal:8] -> float_type, {1024, 768, 1, 1}, {768, 1, 1, 1}, target_id=0: 0.00075016ms, 1%
@132 = hip::hip_copy_literal[id=main:@literal:7] -> float_type, {1024}, {1}, target_id=0: 0.00057854ms, 1%
@133 = hip::hip_copy_literal[id=main:@literal:50] -> float_type, {1024}, {1}, target_id=0: 0.0008305ms, 1%
@134 = hip::hip_copy_literal[id=main:@literal:51] -> float_type, {1024, 256, 1, 1}, {256, 1, 1, 1}, target_id=0: 0.0006775ms, 1%
@135 = hip::hip_copy_literal[id=main:@literal:52] -> float_type, {256}, {1}, target_id=0: 0.00071602ms, 1%
@136 = hip::hip_copy_literal[id=main:@literal:53] -> float_type, {256, 256, 3, 3}, {2304, 9, 3, 1}, target_id=0: 0.00065304ms, 1%
@137 = hip::hip_copy_literal[id=main:@literal:54] -> float_type, {256}, {1}, target_id=0: 0.00075746ms, 1%
@138 = hip::hip_copy_literal[id=main:@literal:55] -> float_type, {256, 1024, 1, 1}, {1024, 1, 1, 1}, target_id=0: 0.00060414ms, 1%
@139 = hip::hip_copy_literal[id=main:@literal:56] -> float_type, {256}, {1}, target_id=0: 0.0007138ms, 1%
@140 = broadcast[axis=1,out_lens={64, 256, 14, 14}](@139) -> float_type, {64, 256, 14, 14}, {0, 1, 0, 0}, target_id=0: 0.0011873ms, 1%
@141 = step[axes={2, 3},steps={2, 2}](@121) -> float_type, {64, 512, 14, 14}, {401408, 784, 56, 2}, target_id=0: 0.00125558ms, 1%
@142 = load[offset=246415360,end=284950528](@1) -> float_type, {64, 768, 14, 14}, {150528, 196, 14, 1}, target_id=0: 0.00077578ms, 1%
@143 = gpu::code_object[code_object=4800,symbol_name=add_relu_noop_concat_noop_kernel,global=4816896,local=1024,](@130,@140,@141,@142) -> float_type, {64, 768, 14, 14}, {150528, 196, 14, 1}, target_id=0: 0.148683ms, 1%
@144 = load[offset=38535168,end=89915392](@1) -> float_type, {64, 1024, 14, 14}, {200704, 196, 14, 1}, target_id=0: 0.00071026ms, 1%
@145 = broadcast[axis=1,out_lens={64, 1024, 14, 14}](@132) -> float_type, {64, 1024, 14, 14}, {0, 1, 0, 0}, target_id=0: 0.00100734ms, 1%
@146 = gpu::code_object[code_object=8632,symbol_name=mlir_convolution_add_relu,global=200704,local=256,](@145,@143,@131,@144) -> float_type, {64, 1024, 14, 14}, {200704, 196, 14, 1}, target_id=0: 0.75271ms, 4%
@147 = load[offset=25690112,end=38535168](@1) -> float_type, {64, 256, 14, 14}, {50176, 196, 14, 1}, target_id=0: 0.0007044ms, 1%
@148 = broadcast[axis=1,out_lens={64, 256, 14, 14}](@137) -> float_type, {64, 256, 14, 14}, {0, 1, 0, 0}, target_id=0: 0.0009351ms, 1%
@149 = gpu::code_object[code_object=5808,symbol_name=mlir_convolution_add_relu,global=200704,local=256,](@148,@146,@138,@147) -> float_type, {64, 256, 14, 14}, {50176, 196, 14, 1}, target_id=0: 0.283197ms, 2%
@150 = broadcast[axis=1,out_lens={64, 256, 14, 14}](@135) -> float_type, {64, 256, 14, 14}, {0, 1, 0, 0}, target_id=0: 0.00085612ms, 1%
@151 = load[offset=12845056,end=25690112](@1) -> float_type, {64, 256, 14, 14}, {50176, 196, 14, 1}, target_id=0: 0.000705ms, 1%
@152 = gpu::miopen_fusion[ops={{op=convolution[padding={1, 1, 1, 1},stride={1, 1},dilation={1, 1},group=1,padding_mode=0],alpha=1,beta=0}, {op=add,alpha=1,beta=0}, {op=relu,alpha=1,beta=0}}](@149,@136,@150,@151) -> float_type, {64, 256, 14, 14}, {50176, 196, 14, 1}, target_id=0: 0.502315ms, 3%
@153 = load[offset=141295616,end=192675840](@1) -> float_type, {64, 1024, 14, 14}, {200704, 196, 14, 1}, target_id=0: 0.00072736ms, 1%
@154 = broadcast[axis=1,out_lens={64, 1024, 14, 14}](@133) -> float_type, {64, 1024, 14, 14}, {0, 1, 0, 0}, target_id=0: 0.00094176ms, 1%
@155 = gpu::code_object[code_object=6400,symbol_name=mlir_convolution_add_add_relu,global=802816,local=256,](@154,@146,@152,@134,@153) -> float_type, {64, 1024, 14, 14}, {200704, 196, 14, 1}, target_id=0: 0.316484ms, 2%
@156 = hip::hip_copy_literal[id=main:@literal:44] -> float_type, {1024}, {1}, target_id=0: 0.00072208ms, 1%
@157 = hip::hip_copy_literal[id=main:@literal:45] -> float_type, {1024, 256, 1, 1}, {256, 1, 1, 1}, target_id=0: 0.00067362ms, 1%
@158 = hip::hip_copy_literal[id=main:@literal:46] -> float_type, {256}, {1}, target_id=0: 0.00071648ms, 1%
@159 = hip::hip_copy_literal[id=main:@literal:47] -> float_type, {256, 256, 3, 3}, {2304, 9, 3, 1}, target_id=0: 0.0005975ms, 1%
@160 = hip::hip_copy_literal[id=main:@literal:48] -> float_type, {256}, {1}, target_id=0: 0.0006578ms, 1%
@161 = hip::hip_copy_literal[id=main:@literal:49] -> float_type, {256, 1024, 1, 1}, {1024, 1, 1, 1}, target_id=0: 0.00064166ms, 1%
@162 = broadcast[axis=1,out_lens={64, 256, 14, 14}](@160) -> float_type, {64, 256, 14, 14}, {0, 1, 0, 0}, target_id=0: 0.00104158ms, 1%
@163 = load[offset=12845056,end=25690112](@1) -> float_type, {64, 256, 14, 14}, {50176, 196, 14, 1}, target_id=0: 0.00068302ms, 1%
@164 = gpu::code_object[code_object=5808,symbol_name=mlir_convolution_add_relu,global=200704,local=256,](@162,@155,@161,@163) -> float_type, {64, 256, 14, 14}, {50176, 196, 14, 1}, target_id=0: 0.282782ms, 2%
@165 = broadcast[axis=1,out_lens={64, 256, 14, 14}](@158) -> float_type, {64, 256, 14, 14}, {0, 1, 0, 0}, target_id=0: 0.00130604ms, 1%
@166 = load[offset=0,end=12845056](@1) -> float_type, {64, 256, 14, 14}, {50176, 196, 14, 1}, target_id=0: 0.00070692ms, 1%
@167 = gpu::miopen_fusion[ops={{op=convolution[padding={1, 1, 1, 1},stride={1, 1},dilation={1, 1},group=1,padding_mode=0],alpha=1,beta=0}, {op=add,alpha=1,beta=0}, {op=relu,alpha=1,beta=0}}](@164,@159,@165,@166) -> float_type, {64, 256, 14, 14}, {50176, 196, 14, 1}, target_id=0: 0.491379ms, 3%
@168 = load[offset=89915392,end=141295616](@1) -> float_type, {64, 1024, 14, 14}, {200704, 196, 14, 1}, target_id=0: 0.00074968ms, 1%
@169 = broadcast[axis=1,out_lens={64, 1024, 14, 14}](@156) -> float_type, {64, 1024, 14, 14}, {0, 1, 0, 0}, target_id=0: 0.00095028ms, 1%
@170 = gpu::code_object[code_object=6400,symbol_name=mlir_convolution_add_add_relu,global=802816,local=256,](@169,@155,@167,@157,@168) -> float_type, {64, 1024, 14, 14}, {200704, 196, 14, 1}, target_id=0: 0.316547ms, 2%
@171 = hip::hip_copy_literal[id=main:@literal:38] -> float_type, {1024}, {1}, target_id=0: 0.0007295ms, 1%
@172 = hip::hip_copy_literal[id=main:@literal:39] -> float_type, {1024, 256, 1, 1}, {256, 1, 1, 1}, target_id=0: 0.00061694ms, 1%
@173 = hip::hip_copy_literal[id=main:@literal:40] -> float_type, {256}, {1}, target_id=0: 0.00070904ms, 1%
@174 = hip::hip_copy_literal[id=main:@literal:41] -> float_type, {256, 256, 3, 3}, {2304, 9, 3, 1}, target_id=0: 0.00060108ms, 1%
@175 = hip::hip_copy_literal[id=main:@literal:42] -> float_type, {256}, {1}, target_id=0: 0.00062924ms, 1%
@176 = hip::hip_copy_literal[id=main:@literal:43] -> float_type, {256, 1024, 1, 1}, {1024, 1, 1, 1}, target_id=0: 0.0005827ms, 1%
@177 = load[offset=25690112,end=38535168](@1) -> float_type, {64, 256, 14, 14}, {50176, 196, 14, 1}, target_id=0: 0.0006878ms, 1%
@178 = broadcast[axis=1,out_lens={64, 256, 14, 14}](@175) -> float_type, {64, 256, 14, 14}, {0, 1, 0, 0}, target_id=0: 0.00096734ms, 1%
@179 = gpu::code_object[code_object=5808,symbol_name=mlir_convolution_add_relu,global=200704,local=256,](@178,@170,@176,@177) -> float_type, {64, 256, 14, 14}, {50176, 196, 14, 1}, target_id=0: 0.282829ms, 2%
@180 = broadcast[axis=1,out_lens={64, 256, 14, 14}](@173) -> float_type, {64, 256, 14, 14}, {0, 1, 0, 0}, target_id=0: 0.00121052ms, 1%
@181 = load[offset=12845056,end=25690112](@1) -> float_type, {64, 256, 14, 14}, {50176, 196, 14, 1}, target_id=0: 0.0006777ms, 1%
@182 = gpu::miopen_fusion[ops={{op=convolution[padding={1, 1, 1, 1},stride={1, 1},dilation={1, 1},group=1,padding_mode=0],alpha=1,beta=0}, {op=add,alpha=1,beta=0}, {op=relu,alpha=1,beta=0}}](@179,@174,@180,@181) -> float_type, {64, 256, 14, 14}, {50176, 196, 14, 1}, target_id=0: 0.491975ms, 3%
@183 = load[offset=38535168,end=89915392](@1) -> float_type, {64, 1024, 14, 14}, {200704, 196, 14, 1}, target_id=0: 0.00071834ms, 1%
@184 = broadcast[axis=1,out_lens={64, 1024, 14, 14}](@171) -> float_type, {64, 1024, 14, 14}, {0, 1, 0, 0}, target_id=0: 0.00093368ms, 1%
@185 = gpu::code_object[code_object=6400,symbol_name=mlir_convolution_add_add_relu,global=802816,local=256,](@184,@170,@182,@172,@183) -> float_type, {64, 1024, 14, 14}, {200704, 196, 14, 1}, target_id=0: 0.316809ms, 2%
@186 = hip::hip_copy_literal[id=main:@literal:32] -> float_type, {1024}, {1}, target_id=0: 0.00073766ms, 1%
@187 = hip::hip_copy_literal[id=main:@literal:33] -> float_type, {1024, 256, 1, 1}, {256, 1, 1, 1}, target_id=0: 0.000656ms, 1%
@188 = hip::hip_copy_literal[id=main:@literal:34] -> float_type, {256}, {1}, target_id=0: 0.00070202ms, 1%
@189 = hip::hip_copy_literal[id=main:@literal:35] -> float_type, {256, 256, 3, 3}, {2304, 9, 3, 1}, target_id=0: 0.00063208ms, 1%
@190 = hip::hip_copy_literal[id=main:@literal:36] -> float_type, {256}, {1}, target_id=0: 0.00069606ms, 1%
@191 = hip::hip_copy_literal[id=main:@literal:37] -> float_type, {256, 1024, 1, 1}, {1024, 1, 1, 1}, target_id=0: 0.0006012ms, 1%
@192 = load[offset=25690112,end=38535168](@1) -> float_type, {64, 256, 14, 14}, {50176, 196, 14, 1}, target_id=0: 0.00071768ms, 1%
@193 = broadcast[axis=1,out_lens={64, 256, 14, 14}](@190) -> float_type, {64, 256, 14, 14}, {0, 1, 0, 0}, target_id=0: 0.00096072ms, 1%
@194 = gpu::code_object[code_object=5808,symbol_name=mlir_convolution_add_relu,global=200704,local=256,](@193,@185,@191,@192) -> float_type, {64, 256, 14, 14}, {50176, 196, 14, 1}, target_id=0: 0.282755ms, 2%
@195 = broadcast[axis=1,out_lens={64, 256, 14, 14}](@188) -> float_type, {64, 256, 14, 14}, {0, 1, 0, 0}, target_id=0: 0.00113412ms, 1%
@196 = load[offset=12845056,end=25690112](@1) -> float_type, {64, 256, 14, 14}, {50176, 196, 14, 1}, target_id=0: 0.00066644ms, 1%
@197 = gpu::miopen_fusion[ops={{op=convolution[padding={1, 1, 1, 1},stride={1, 1},dilation={1, 1},group=1,padding_mode=0],alpha=1,beta=0}, {op=add,alpha=1,beta=0}, {op=relu,alpha=1,beta=0}}](@194,@189,@195,@196) -> float_type, {64, 256, 14, 14}, {50176, 196, 14, 1}, target_id=0: 0.490606ms, 3%
@198 = broadcast[axis=1,out_lens={64, 1024, 14, 14}](@186) -> float_type, {64, 1024, 14, 14}, {0, 1, 0, 0}, target_id=0: 0.00095894ms, 1%
@199 = load[offset=186253312,end=237633536](@1) -> float_type, {64, 1024, 14, 14}, {200704, 196, 14, 1}, target_id=0: 0.00067304ms, 1%
@200 = gpu::code_object[code_object=6400,symbol_name=mlir_convolution_add_add_relu,global=802816,local=256,](@198,@185,@197,@187,@199) -> float_type, {64, 1024, 14, 14}, {200704, 196, 14, 1}, target_id=0: 0.316707ms, 2%
@201 = hip::hip_copy_literal[id=main:@literal:26] -> float_type, {1024}, {1}, target_id=0: 0.000774ms, 1%
@202 = hip::hip_copy_literal[id=main:@literal:27] -> float_type, {1024, 256, 1, 1}, {256, 1, 1, 1}, target_id=0: 0.00061696ms, 1%
@203 = hip::hip_copy_literal[id=main:@literal:28] -> float_type, {256}, {1}, target_id=0: 0.00067416ms, 1%
@204 = hip::hip_copy_literal[id=main:@literal:29] -> float_type, {256, 256, 3, 3}, {2304, 9, 3, 1}, target_id=0: 0.00065752ms, 1%
@205 = hip::hip_copy_literal[id=main:@literal:30] -> float_type, {256}, {1}, target_id=0: 0.00065738ms, 1%
@206 = hip::hip_copy_literal[id=main:@literal:31] -> float_type, {256, 1024, 1, 1}, {1024, 1, 1, 1}, target_id=0: 0.00061962ms, 1%
@207 = load[offset=12845056,end=25690112](@1) -> float_type, {64, 256, 14, 14}, {50176, 196, 14, 1}, target_id=0: 0.00072824ms, 1%
@208 = broadcast[axis=1,out_lens={64, 256, 14, 14}](@205) -> float_type, {64, 256, 14, 14}, {0, 1, 0, 0}, target_id=0: 0.00086762ms, 1%
@209 = gpu::code_object[code_object=5808,symbol_name=mlir_convolution_add_relu,global=200704,local=256,](@208,@200,@206,@207) -> float_type, {64, 256, 14, 14}, {50176, 196, 14, 1}, target_id=0: 0.282741ms, 2%
@210 = load[offset=0,end=12845056](@1) -> float_type, {64, 256, 14, 14}, {50176, 196, 14, 1}, target_id=0: 0.00069438ms, 1%
@211 = broadcast[axis=1,out_lens={64, 256, 14, 14}](@203) -> float_type, {64, 256, 14, 14}, {0, 1, 0, 0}, target_id=0: 0.0008032ms, 1%
@212 = gpu::miopen_fusion[ops={{op=convolution[padding={1, 1, 1, 1},stride={1, 1},dilation={1, 1},group=1,padding_mode=0],alpha=1,beta=0}, {op=add,alpha=1,beta=0}, {op=relu,alpha=1,beta=0}}](@209,@204,@211,@210) -> float_type, {64, 256, 14, 14}, {50176, 196, 14, 1}, target_id=0: 0.488635ms, 3%
@213 = load[offset=134873088,end=186253312](@1) -> float_type, {64, 1024, 14, 14}, {200704, 196, 14, 1}, target_id=0: 0.00072332ms, 1%
@214 = broadcast[axis=1,out_lens={64, 1024, 14, 14}](@201) -> float_type, {64, 1024, 14, 14}, {0, 1, 0, 0}, target_id=0: 0.00092892ms, 1%
@215 = gpu::code_object[code_object=6400,symbol_name=mlir_convolution_add_add_relu,global=802816,local=256,](@214,@200,@212,@202,@213) -> float_type, {64, 1024, 14, 14}, {200704, 196, 14, 1}, target_id=0: 0.316452ms, 2%
@216 = hip::hip_copy_literal[id=main:@literal:23] -> float_type, {512, 512, 3, 3}, {4608, 9, 3, 1}, target_id=0: 0.000714ms, 1%
@217 = hip::hip_copy_literal[id=main:@literal:24] -> float_type, {512}, {1}, target_id=0: 0.00064256ms, 1%
@218 = hip::hip_copy_literal[id=main:@literal:25] -> float_type, {512, 1024, 1, 1}, {1024, 1, 1, 1}, target_id=0: 0.00069768ms, 1%
@219 = load[offset=0,end=25690112](@1) -> float_type, {64, 512, 14, 14}, {100352, 196, 14, 1}, target_id=0: 0.00070946ms, 1%
@220 = broadcast[axis=1,out_lens={64, 512, 14, 14}](@217) -> float_type, {64, 512, 14, 14}, {0, 1, 0, 0}, target_id=0: 0.00085646ms, 1%
@221 = gpu::code_object[code_object=6424,symbol_name=mlir_convolution_add_relu,global=200704,local=256,](@220,@215,@218,@219) -> float_type, {64, 512, 14, 14}, {100352, 196, 14, 1}, target_id=0: 0.481422ms, 3%
@222 = load[offset=73662464,end=115212288](@1) -> int8_type, {41549824}, {1}, target_id=0: 0.0006916ms, 1%
@223 = load[offset=67239936,end=73662464](@1) -> float_type, {64, 512, 7, 7}, {25088, 49, 7, 1}, target_id=0: 0.00067852ms, 1%
@224 = gpu::convolution[op={padding={1, 1, 1, 1},stride={2, 2},dilation={1, 1},group=1,padding_mode=0},solution_object={binary_object: 557},algo=0,solution_id=0](@221,@216,@222,@223) -> float_type, {64, 512, 7, 7}, {25088, 49, 7, 1}, target_id=0: 0.671141ms, 3%
@225 = hip::hip_copy_literal[id=main:@literal:1] -> float_type, {2048, 1000}, {1000, 1}, target_id=0: 0.00076012ms, 1%
@226 = hip::hip_copy_literal[id=main:@literal:9] -> float_type, {2048}, {1}, target_id=0: 0.00058934ms, 1%
@227 = hip::hip_copy_literal[id=main:@literal:6] -> float_type, {2048, 1536, 1, 1}, {1536, 1, 1, 1}, target_id=0: 0.00055196ms, 1%
@228 = hip::hip_copy_literal[id=main:@literal:0] -> float_type, {64, 1000}, {1000, 1}, target_id=0: 0.00061672ms, 1%
@229 = hip::hip_copy_literal[id=main:@literal:10] -> float_type, {2048}, {1}, target_id=0: 0.00075814ms, 1%
@230 = hip::hip_copy_literal[id=main:@literal:11] -> float_type, {2048, 512, 1, 1}, {512, 1, 1, 1}, target_id=0: 0.0006394ms, 1%
@231 = hip::hip_copy_literal[id=main:@literal:12] -> float_type, {512}, {1}, target_id=0: 0.0007756ms, 1%
@232 = hip::hip_copy_literal[id=main:@literal:13] -> float_type, {512, 512, 3, 3}, {4608, 9, 3, 1}, target_id=0: 0.00062694ms, 1%
@233 = hip::hip_copy_literal[id=main:@literal:14] -> float_type, {512}, {1}, target_id=0: 0.00074842ms, 1%
@234 = hip::hip_copy_literal[id=main:@literal:15] -> float_type, {512, 2048, 1, 1}, {2048, 1, 1, 1}, target_id=0: 0.00060026ms, 1%
@235 = hip::hip_copy_literal[id=main:@literal:16] -> float_type, {2048}, {1}, target_id=0: 0.0007222ms, 1%
@236 = hip::hip_copy_literal[id=main:@literal:17] -> float_type, {2048, 512, 1, 1}, {512, 1, 1, 1}, target_id=0: 0.00060154ms, 1%
@237 = hip::hip_copy_literal[id=main:@literal:18] -> float_type, {512}, {1}, target_id=0: 0.00072622ms, 1%
@238 = hip::hip_copy_literal[id=main:@literal:19] -> float_type, {512, 512, 3, 3}, {4608, 9, 3, 1}, target_id=0: 0.00064622ms, 1%
@239 = hip::hip_copy_literal[id=main:@literal:20] -> float_type, {512}, {1}, target_id=0: 0.00073068ms, 1%
@240 = hip::hip_copy_literal[id=main:@literal:21] -> float_type, {512, 2048, 1, 1}, {2048, 1, 1, 1}, target_id=0: 0.00059674ms, 1%
@241 = hip::hip_copy_literal[id=main:@literal:22] -> float_type, {512}, {1}, target_id=0: 0.00080084ms, 1%
@242 = load[offset=0,end=19267584](@1) -> float_type, {64, 1536, 7, 7}, {75264, 49, 7, 1}, target_id=0: 0.00089828ms, 1%
@243 = broadcast[axis=1,out_lens={64, 512, 7, 7}](@241) -> float_type, {64, 512, 7, 7}, {0, 1, 0, 0}, target_id=0: 0.00112686ms, 1%
@244 = step[axes={2, 3},steps={2, 2}](@215) -> float_type, {64, 1024, 7, 7}, {200704, 196, 28, 2}, target_id=0: 0.00120478ms, 1%
@245 = gpu::code_object[code_object=4808,symbol_name=add_relu_noop_concat_noop_kernel,global=2408448,local=1024,](@224,@243,@244,@242) -> float_type, {64, 1536, 7, 7}, {75264, 49, 7, 1}, target_id=0: 0.101133ms, 1%
@246 = load[offset=57802752,end=83492864](@1) -> float_type, {64, 2048, 7, 7}, {100352, 49, 7, 1}, target_id=0: 0.0007189ms, 1%
@247 = broadcast[axis=1,out_lens={64, 2048, 7, 7}](@226) -> float_type, {64, 2048, 7, 7}, {0, 1, 0, 0}, target_id=0: 0.0009927ms, 1%
@248 = gpu::code_object[code_object=7096,symbol_name=mlir_convolution_add_relu,global=204800,local=256,](@247,@245,@227,@246) -> float_type, {64, 2048, 7, 7}, {100352, 49, 7, 1}, target_id=0: 0.738287ms, 4%
@249 = load[offset=6422528,end=12845056](@1) -> float_type, {64, 512, 7, 7}, {25088, 49, 7, 1}, target_id=0: 0.00072744ms, 1%
@250 = broadcast[axis=1,out_lens={64, 512, 7, 7}](@239) -> float_type, {64, 512, 7, 7}, {0, 1, 0, 0}, target_id=0: 0.00083006ms, 1%
@251 = gpu::code_object[code_object=6472,symbol_name=mlir_convolution_add_relu,global=51200,local=256,](@250,@248,@240,@249) -> float_type, {64, 512, 7, 7}, {25088, 49, 7, 1}, target_id=0: 0.328932ms, 2%
@252 = load[offset=0,end=6422528](@1) -> float_type, {64, 512, 7, 7}, {25088, 49, 7, 1}, target_id=0: 0.00069268ms, 1%
@253 = broadcast[axis=1,out_lens={64, 512, 7, 7}](@237) -> float_type, {64, 512, 7, 7}, {0, 1, 0, 0}, target_id=0: 0.0008026ms, 1%
@254 = gpu::miopen_fusion[ops={{op=convolution[padding={1, 1, 1, 1},stride={1, 1},dilation={1, 1},group=1,padding_mode=0],alpha=1,beta=0}, {op=add,alpha=1,beta=0}, {op=relu,alpha=1,beta=0}}](@251,@238,@253,@252) -> float_type, {64, 512, 7, 7}, {25088, 49, 7, 1}, target_id=0: 0.670136ms, 3%
@255 = load[offset=32112640,end=57802752](@1) -> float_type, {64, 2048, 7, 7}, {100352, 49, 7, 1}, target_id=0: 0.00075872ms, 1%
@256 = broadcast[axis=1,out_lens={64, 2048, 7, 7}](@235) -> float_type, {64, 2048, 7, 7}, {0, 1, 0, 0}, target_id=0: 0.00098112ms, 1%
@257 = gpu::code_object[code_object=7488,symbol_name=mlir_convolution_add_add_relu,global=204800,local=256,](@256,@248,@254,@236,@255) -> float_type, {64, 2048, 7, 7}, {100352, 49, 7, 1}, target_id=0: 0.297263ms, 2%
@258 = load[offset=6422528,end=12845056](@1) -> float_type, {64, 512, 7, 7}, {25088, 49, 7, 1}, target_id=0: 0.0007216ms, 1%
@259 = broadcast[axis=1,out_lens={64, 512, 7, 7}](@233) -> float_type, {64, 512, 7, 7}, {0, 1, 0, 0}, target_id=0: 0.00080194ms, 1%
@260 = gpu::code_object[code_object=6472,symbol_name=mlir_convolution_add_relu,global=51200,local=256,](@259,@257,@234,@258) -> float_type, {64, 512, 7, 7}, {25088, 49, 7, 1}, target_id=0: 0.323025ms, 2%
@261 = load[offset=0,end=6422528](@1) -> float_type, {64, 512, 7, 7}, {25088, 49, 7, 1}, target_id=0: 0.00072234ms, 1%
@262 = broadcast[axis=1,out_lens={64, 512, 7, 7}](@231) -> float_type, {64, 512, 7, 7}, {0, 1, 0, 0}, target_id=0: 0.00078852ms, 1%
@263 = gpu::miopen_fusion[ops={{op=convolution[padding={1, 1, 1, 1},stride={1, 1},dilation={1, 1},group=1,padding_mode=0],alpha=1,beta=0}, {op=add,alpha=1,beta=0}, {op=relu,alpha=1,beta=0}}](@260,@232,@262,@261) -> float_type, {64, 512, 7, 7}, {25088, 49, 7, 1}, target_id=0: 0.65798ms, 3%
@264 = load[offset=57802752,end=83492864](@1) -> float_type, {64, 2048, 7, 7}, {100352, 49, 7, 1}, target_id=0: 0.00075036ms, 1%
@265 = gpu::code_object[code_object=5928,symbol_name=mlir_convolution,global=204800,local=256,](@263,@230,@264) -> float_type, {64, 2048, 7, 7}, {100352, 49, 7, 1}, target_id=0: 0.260037ms, 2%
@266 = load[offset=0,end=524288](@1) -> float_type, {64, 2048, 1, 1}, {2048, 1, 1, 1}, target_id=0: 0.00076404ms, 1%
@267 = broadcast[axis=1,out_lens={64, 2048, 7, 7}](@229) -> float_type, {64, 2048, 7, 7}, {0, 1, 0, 0}, target_id=0: 0.00099804ms, 1%
@268 = gpu::code_object[code_object=4440,symbol_name=add_add_relu_mul_reduce_sum_kernel,global=8388608,local=64,](@265,@267,@257,@266) -> float_type, {64, 2048, 1, 1}, {2048, 1, 1, 1}, target_id=0: 0.215763ms, 1%
main:#output_0 = @param:main:#output_0 -> float_type, {64, 1000}, {1000, 1}, target_id=0: 0.00101782ms, 1%
@270 = flatten[axis=1](@268) -> float_type, {64, 2048}, {2048, 1}, target_id=0: 0.00121026ms, 1%
@271 = gpu::gemm[alpha=1,beta=1,compute_fp32=1,trans_batch=0,solution_idx=0](@270,@225,@228,main:#output_0) -> float_type, {64, 1000}, {1000, 1}, target_id=0: 0.0785791ms, 1%
@272 = @return(@271), target_id=0
Summary:
gpu::code_object::mlir_convolution_add_relu: 8.50816ms / 21 = 0.405151ms, 37%
gpu::miopen_fusion: 6.38459ms / 12 = 0.53205ms, 28%
gpu::code_object::mlir_convolution_add_add_relu: 4.00185ms / 11 = 0.363805ms, 18%
gpu::convolution: 2.4699ms / 4 = 0.617476ms, 11%
gpu::code_object::add_relu_noop_concat_noop_kernel: 0.735905ms / 4 = 0.183976ms, 4%
gpu::pooling: 0.387ms / 1 = 0.387ms, 2%
gpu::code_object::mlir_convolution: 0.260037ms / 1 = 0.260037ms, 2%
gpu::code_object::add_add_relu_mul_reduce_sum_kernel: 0.215763ms / 1 = 0.215763ms, 1%
gpu::gemm: 0.0785791ms / 1 = 0.0785791ms, 1%
hip::hip_copy_literal: 0.0679853ms / 100 = 0.000679853ms, 1%
broadcast: 0.0470506ms / 49 = 0.000960216ms, 1%
load: 0.0422501ms / 59 = 0.000716103ms, 1%
step: 0.00386656ms / 3 = 0.00128885ms, 1%
@param: 0.0017285ms / 2 = 0.00086425ms, 1%
flatten: 0.00121026ms / 1 = 0.00121026ms, 1%
check_context::migraphx::gpu::context: 0.00105002ms / 1 = 0.00105002ms, 1%
hip::hip_allocate_memory: 0.00104864ms / 1 = 0.00104864ms, 1%

Batch size: 1
Rate: 44.697 inferences/sec
Total time: 22.3729ms
Total instructions time: 23.208ms
Overhead time: 0.0536167ms, -0.83513ms
Overhead: 0%, -4%
[ MIGraphX Version: 2.10.0.17ad55e08 ] Complete: /src/AMDMIGraphX/build/bin/driver perf --gpu /new-saved-models/torchvision/resnet50i64.onnx
