Running [ MIGraphX Version: 2.9.0.0a38c3e9e ]: /src/AMDMIGraphX/build/bin/driver perf --input-dim @input_features 1 80 3000 --gpu /new-saved-models/whisper-tiny/encoder_model.onnx
Compiling ... 
Reading: /new-saved-models/whisper-tiny/encoder_model.onnx
module: "main"
@0 = check_context::migraphx::gpu::context -> float_type, {}, {}, target_id=0
@1 = hip::hip_allocate_memory[shape=int8_type, {119520000}, {1},id=main:scratch] -> int8_type, {119520000}, {1}, target_id=0
@2 = hip::hip_copy_literal[id=main:@literal:46] -> float_type, {384, 80, 3}, {240, 3, 1}, target_id=0
@3 = load[offset=0,end=5936640](@1) -> int8_type, {5936640}, {1}, target_id=0
input_features = @param:input_features -> float_type, {1, 80, 3000}, {240000, 3000, 1}, target_id=0
@5 = load[offset=13289472,end=17897472](@1) -> float_type, {1, 384, 3000}, {1152000, 3000, 1}, target_id=0
@6 = gpu::convolution[op={padding={1, 1},stride={1},dilation={1},group=1,padding_mode=0},solution_object={binary_object: 560},algo=0,solution_id=0](input_features,@2,@3,@5) -> float_type, {1, 384, 3000}, {1152000, 3000, 1}, target_id=0
@7 = hip::hip_copy_literal[id=main:@literal:45] -> float_type, {384}, {1}, target_id=0
@8 = load[offset=8681472,end=13289472](@1) -> float_type, {1, 384, 3000}, {1152000, 3000, 1}, target_id=0
@9 = broadcast[axis=1,out_lens={1, 384, 3000}](@7) -> float_type, {1, 384, 3000}, {0, 1, 0}, target_id=0
@10 = gpu::code_object[code_object=4912,symbol_name=add_mul_erf_add_mul_mul_kernel,global=576000,local=1024,](@6,@9,@8) -> float_type, {1, 384, 3000}, {1152000, 3000, 1}, target_id=0
@11 = hip::hip_copy_literal[id=main:@literal:44] -> float_type, {384, 384, 3}, {1152, 3, 1}, target_id=0
@12 = load[offset=15593472,end=24274944](@1) -> int8_type, {8681472}, {1}, target_id=0
@13 = load[offset=13289472,end=15593472](@1) -> float_type, {1, 384, 1500}, {576000, 1500, 1}, target_id=0
@14 = gpu::convolution[op={padding={1, 1},stride={2},dilation={1},group=1,padding_mode=0},solution_object={binary_object: 567},algo=0,solution_id=0](@10,@11,@12,@13) -> float_type, {1, 384, 1500}, {576000, 1500, 1}, target_id=0
@15 = hip::hip_copy_literal[id=main:@literal:43] -> float_type, {384}, {1}, target_id=0
@16 = broadcast[axis=1,out_lens={1, 384, 1500}](@15) -> float_type, {1, 384, 1500}, {0, 1, 0}, target_id=0
@17 = load[offset=117216000,end=119520000](@1) -> float_type, {1, 384, 1500}, {576000, 1500, 1}, target_id=0
@18 = gpu::code_object[code_object=4912,symbol_name=add_mul_erf_add_mul_mul_kernel,global=288000,local=1024,](@14,@16,@17) -> float_type, {1, 384, 1500}, {576000, 1500, 1}, target_id=0
@19 = hip::hip_copy_literal[id=main:@literal:3] -> float_type, {1, 1500, 1152}, {1728000, 1152, 1}, target_id=0
@20 = hip::hip_copy_literal[id=main:@literal:9] -> float_type, {1, 384, 1152}, {442368, 1152, 1}, target_id=0
@21 = hip::hip_copy_literal[id=main:@literal:42] -> float_type, {1500, 384}, {384, 1}, target_id=0
@22 = load[offset=6912000,end=9216000](@1) -> float_type, {1, 1500, 384}, {576000, 1, 1500}, target_id=0
@23 = multibroadcast[out_lens={1, 1500, 384},out_dyn_dims={}](@21) -> float_type, {1, 1500, 384}, {0, 384, 1}, target_id=0
@24 = transpose[permutation={0, 2, 1}](@18) -> float_type, {1, 1500, 384}, {576000, 1, 1500}, target_id=0
@25 = gpu::code_object[code_object=5024,symbol_name=add_layernorm_kernel,global=384000,local=256,](@24,@23,@22) -> float_type, {1, 1500, 384}, {576000, 1, 1500}, target_id=0
@26 = load[offset=0,end=6912000](@1) -> float_type, {1, 1500, 1152}, {1728000, 1152, 1}, target_id=0
@27 = gpu::gemm[alpha=1,beta=1,compute_fp32=1,trans_batch=0,solution_idx=0](@25,@20,@19,@26) -> float_type, {1, 1500, 1152}, {1728000, 1152, 1}, target_id=0
@28 = hip::hip_copy_literal[id=main:@literal:24] -> float_type, {384}, {1}, target_id=0
@29 = load[offset=6912000,end=9216000](@1) -> float_type, {1, 1500, 384}, {576000, 384, 1}, target_id=0
@30 = multibroadcast[out_lens={1, 1500, 384},out_dyn_dims={}](@28) -> float_type, {1, 1500, 384}, {0, 0, 1}, target_id=0
@31 = slice[axes={2},starts={0},ends={384}](@27) -> float_type, {1, 1500, 384}, {1728000, 1152, 1}, target_id=0
@32 = gpu::code_object[code_object=4048,symbol_name=mul_add_kernel,global=288000,local=1024,](@31,@30,@29) -> float_type, {1, 1500, 384}, {576000, 384, 1}, target_id=0
@33 = reshape_lazy[dims={1, 1500, 6, 64}](@32) -> float_type, {1, 1500, 6, 64}, {576000, 384, 64, 1}, target_id=0
@34 = transpose[permutation={0, 2, 1, 3}](@33) -> float_type, {1, 6, 1500, 64}, {576000, 64, 384, 1}, target_id=0
@35 = reshape_lazy[dims={6, -1, 64}](@34) -> float_type, {6, 1500, 64}, {64, 384, 1}, target_id=0
@36 = load[offset=63216000,end=117216000](@1) -> float_type, {6, 1500, 1500}, {2250000, 1500, 1}, target_id=0
@37 = slice[axes={2},starts={384},ends={768}](@27) -> float_type, {1, 1500, 384}, {1728000, 1152, 1}, target_id=0
@38 = reshape_lazy[dims={1, -1, 6, 64}](@37) -> float_type, {1, 1500, 6, 64}, {1728000, 1152, 64, 1}, target_id=0
@39 = transpose[permutation={0, 2, 1, 3}](@38) -> float_type, {1, 6, 1500, 64}, {1728000, 64, 1152, 1}, target_id=0
@40 = reshape_lazy[dims={6, -1, 64}](@39) -> float_type, {6, 1500, 64}, {64, 1152, 1}, target_id=0
@41 = transpose[permutation={0, 2, 1}](@40) -> float_type, {6, 64, 1500}, {64, 1, 1152}, target_id=0
@42 = gpu::gemm[alpha=1,beta=0,compute_fp32=1,trans_batch=0,solution_idx=0](@35,@41,@36) -> float_type, {6, 1500, 1500}, {2250000, 1500, 1}, target_id=0
@43 = load[offset=9216000,end=63216000](@1) -> float_type, {6, 1500, 1500}, {2250000, 1500, 1}, target_id=0
@44 = gpu::code_object[code_object=6240,symbol_name=reduce_max_sub_exp_reduce_sum_div_kernel,global=2304000,local=256,](@42,@43) -> float_type, {6, 1500, 1500}, {2250000, 1500, 1}, target_id=0
@45 = hip::hip_copy_literal[id=main:@literal:41] -> float_type, {384}, {1}, target_id=0
@46 = load[offset=63216000,end=65520000](@1) -> float_type, {1, 1500, 384}, {576000, 384, 1}, target_id=0
@47 = multibroadcast[out_lens={1, 1500, 384},out_dyn_dims={}](@45) -> float_type, {1, 1500, 384}, {0, 0, 1}, target_id=0
@48 = slice[axes={2},starts={768},ends={1152}](@27) -> float_type, {1, 1500, 384}, {1728000, 1152, 1}, target_id=0
@49 = gpu::code_object[code_object=4032,symbol_name=add_kernel,global=288000,local=1024,](@47,@48,@46) -> float_type, {1, 1500, 384}, {576000, 384, 1}, target_id=0
@50 = reshape_lazy[dims={1, -1, 6, 64}](@49) -> float_type, {1, 1500, 6, 64}, {576000, 384, 64, 1}, target_id=0
@51 = transpose[permutation={0, 2, 1, 3}](@50) -> float_type, {1, 6, 1500, 64}, {576000, 64, 384, 1}, target_id=0
@52 = reshape_lazy[dims={6, -1, 64}](@51) -> float_type, {6, 1500, 64}, {64, 384, 1}, target_id=0
@53 = load[offset=2304000,end=4608000](@1) -> float_type, {6, 1500, 64}, {96000, 64, 1}, target_id=0
@54 = gpu::gemm[alpha=1,beta=0,compute_fp32=1,trans_batch=0,solution_idx=0](@44,@52,@53) -> float_type, {6, 1500, 64}, {96000, 64, 1}, target_id=0
@55 = hip::hip_copy_literal[id=main:@literal:35] -> float_type, {384, 384}, {384, 1}, target_id=0
@56 = reshape_lazy[dims={1, 6, 1500, 64}](@54) -> float_type, {1, 6, 1500, 64}, {576000, 96000, 64, 1}, target_id=0
@57 = load[offset=6912000,end=9216000](@1) -> float_type, {1, 1500, 6, 64}, {576000, 384, 64, 1}, target_id=0
@58 = transpose[permutation={0, 2, 1, 3}](@56) -> float_type, {1, 1500, 6, 64}, {576000, 64, 96000, 1}, target_id=0
@59 = gpu::code_object[code_object=4016,symbol_name=contiguous_kernel,global=288000,local=1024,](@58,@57) -> float_type, {1, 1500, 6, 64}, {576000, 384, 64, 1}, target_id=0
@60 = load[offset=4608000,end=6912000](@1) -> float_type, {1, 1500, 384}, {576000, 384, 1}, target_id=0
@61 = multibroadcast[out_lens={1, 384, 384},out_dyn_dims={}](@55) -> float_type, {1, 384, 384}, {0, 384, 1}, target_id=0
@62 = reshape_lazy[dims={1, 1500, 384}](@59) -> float_type, {1, 1500, 384}, {576000, 384, 1}, target_id=0
@63 = gpu::gemm[alpha=1,beta=0,compute_fp32=1,trans_batch=0,solution_idx=0](@62,@61,@60) -> float_type, {1, 1500, 384}, {576000, 384, 1}, target_id=0
@64 = load[offset=2304000,end=4608000](@1) -> float_type, {1, 1500, 384}, {576000, 384, 1}, target_id=0
@65 = gpu::code_object[code_object=4008,symbol_name=add_kernel,global=576000,local=1024,](@24,@63,@64) -> float_type, {1, 1500, 384}, {576000, 384, 1}, target_id=0
@66 = hip::hip_copy_literal[id=main:@literal:7] -> float_type, {1, 384, 1536}, {589824, 1536, 1}, target_id=0
@67 = hip::hip_copy_literal[id=main:@literal:14] -> float_type, {1500, 384}, {384, 1}, target_id=0
@68 = multibroadcast[out_lens={1, 1500, 384},out_dyn_dims={}](@67) -> float_type, {1, 1500, 384}, {0, 384, 1}, target_id=0
@69 = load[offset=4608000,end=6912000](@1) -> float_type, {1, 1500, 384}, {576000, 384, 1}, target_id=0
@70 = gpu::code_object[code_object=4736,symbol_name=add_layernorm_kernel,global=288000,local=192,](@65,@68,@69) -> float_type, {1, 1500, 384}, {576000, 384, 1}, target_id=0
@71 = load[offset=13824000,end=23040000](@1) -> float_type, {1, 1500, 1536}, {2304000, 1536, 1}, target_id=0
@72 = gpu::gemm[alpha=1,beta=0,compute_fp32=1,trans_batch=0,solution_idx=0](@70,@66,@71) -> float_type, {1, 1500, 1536}, {2304000, 1536, 1}, target_id=0
@73 = hip::hip_copy_literal[id=main:@literal:12] -> float_type, {1500, 1536}, {1536, 1}, target_id=0
@74 = multibroadcast[out_lens={1, 1500, 1536},out_dyn_dims={}](@73) -> float_type, {1, 1500, 1536}, {0, 1536, 1}, target_id=0
@75 = load[offset=4608000,end=13824000](@1) -> float_type, {1, 1500, 1536}, {2304000, 1536, 1}, target_id=0
@76 = gpu::code_object[code_object=5496,symbol_name=add_mul_erf_add_mul_kernel,global=576000,local=1024,](@72,@74,@75) -> float_type, {1, 1500, 1536}, {2304000, 1536, 1}, target_id=0
@77 = hip::hip_copy_literal[id=main:@literal:25] -> float_type, {1536, 384}, {384, 1}, target_id=0
@78 = multibroadcast[out_lens={1, 1536, 384},out_dyn_dims={}](@77) -> float_type, {1, 1536, 384}, {0, 384, 1}, target_id=0
@79 = load[offset=0,end=2304000](@1) -> float_type, {1, 1500, 384}, {576000, 384, 1}, target_id=0
@80 = gpu::gemm[alpha=1,beta=1,compute_fp32=1,trans_batch=0,solution_idx=0](@76,@78,@65,@79) -> float_type, {1, 1500, 384}, {576000, 384, 1}, target_id=0
@81 = hip::hip_copy_literal[id=main:@literal:2] -> float_type, {1, 1500, 1152}, {1728000, 1152, 1}, target_id=0
@82 = hip::hip_copy_literal[id=main:@literal:6] -> float_type, {1, 384, 1152}, {442368, 1152, 1}, target_id=0
@83 = hip::hip_copy_literal[id=main:@literal:21] -> float_type, {1500, 384}, {384, 1}, target_id=0
@84 = multibroadcast[out_lens={1, 1500, 384},out_dyn_dims={}](@83) -> float_type, {1, 1500, 384}, {0, 384, 1}, target_id=0
@85 = load[offset=2304000,end=4608000](@1) -> float_type, {1, 1500, 384}, {576000, 384, 1}, target_id=0
@86 = gpu::code_object[code_object=4736,symbol_name=add_layernorm_kernel,global=288000,local=192,](@80,@84,@85) -> float_type, {1, 1500, 384}, {576000, 384, 1}, target_id=0
@87 = load[offset=56304000,end=63216000](@1) -> float_type, {1, 1500, 1152}, {1728000, 1152, 1}, target_id=0
@88 = gpu::gemm[alpha=1,beta=1,compute_fp32=1,trans_batch=0,solution_idx=0](@86,@82,@81,@87) -> float_type, {1, 1500, 1152}, {1728000, 1152, 1}, target_id=0
@89 = hip::hip_copy_literal[id=main:@literal:18] -> float_type, {384}, {1}, target_id=0
@90 = multibroadcast[out_lens={1, 1500, 384},out_dyn_dims={}](@89) -> float_type, {1, 1500, 384}, {0, 0, 1}, target_id=0
@91 = load[offset=63216000,end=65520000](@1) -> float_type, {1, 1500, 384}, {576000, 384, 1}, target_id=0
@92 = slice[axes={2},starts={0},ends={384}](@88) -> float_type, {1, 1500, 384}, {1728000, 1152, 1}, target_id=0
@93 = gpu::code_object[code_object=4048,symbol_name=mul_add_kernel,global=288000,local=1024,](@92,@90,@91) -> float_type, {1, 1500, 384}, {576000, 384, 1}, target_id=0
@94 = slice[axes={2},starts={384},ends={768}](@88) -> float_type, {1, 1500, 384}, {1728000, 1152, 1}, target_id=0
@95 = reshape_lazy[dims={1, -1, 6, 64}](@94) -> float_type, {1, 1500, 6, 64}, {1728000, 1152, 64, 1}, target_id=0
@96 = transpose[permutation={0, 2, 1, 3}](@95) -> float_type, {1, 6, 1500, 64}, {1728000, 64, 1152, 1}, target_id=0
@97 = reshape_lazy[dims={6, -1, 64}](@96) -> float_type, {6, 1500, 64}, {64, 1152, 1}, target_id=0
@98 = transpose[permutation={0, 2, 1}](@97) -> float_type, {6, 64, 1500}, {64, 1, 1152}, target_id=0
@99 = reshape_lazy[dims={1, 1500, 6, 64}](@93) -> float_type, {1, 1500, 6, 64}, {576000, 384, 64, 1}, target_id=0
@100 = transpose[permutation={0, 2, 1, 3}](@99) -> float_type, {1, 6, 1500, 64}, {576000, 64, 384, 1}, target_id=0
@101 = load[offset=2304000,end=56304000](@1) -> float_type, {6, 1500, 1500}, {2250000, 1500, 1}, target_id=0
@102 = reshape_lazy[dims={6, -1, 64}](@100) -> float_type, {6, 1500, 64}, {64, 384, 1}, target_id=0
@103 = gpu::gemm[alpha=1,beta=0,compute_fp32=1,trans_batch=0,solution_idx=0](@102,@98,@101) -> float_type, {6, 1500, 1500}, {2250000, 1500, 1}, target_id=0
@104 = hip::hip_copy_literal[id=main:@literal:40] -> float_type, {384}, {1}, target_id=0
@105 = multibroadcast[out_lens={1, 1500, 384},out_dyn_dims={}](@104) -> float_type, {1, 1500, 384}, {0, 0, 1}, target_id=0
@106 = slice[axes={2},starts={768},ends={1152}](@88) -> float_type, {1, 1500, 384}, {1728000, 1152, 1}, target_id=0
@107 = load[offset=63216000,end=65520000](@1) -> float_type, {1, 1500, 384}, {576000, 384, 1}, target_id=0
@108 = gpu::code_object[code_object=4032,symbol_name=add_kernel,global=288000,local=1024,](@105,@106,@107) -> float_type, {1, 1500, 384}, {576000, 384, 1}, target_id=0
@109 = load[offset=65520000,end=119520000](@1) -> float_type, {6, 1500, 1500}, {2250000, 1500, 1}, target_id=0
@110 = gpu::code_object[code_object=6240,symbol_name=reduce_max_sub_exp_reduce_sum_div_kernel,global=2304000,local=256,](@103,@109) -> float_type, {6, 1500, 1500}, {2250000, 1500, 1}, target_id=0
@111 = reshape_lazy[dims={1, -1, 6, 64}](@108) -> float_type, {1, 1500, 6, 64}, {576000, 384, 64, 1}, target_id=0
@112 = transpose[permutation={0, 2, 1, 3}](@111) -> float_type, {1, 6, 1500, 64}, {576000, 64, 384, 1}, target_id=0
@113 = reshape_lazy[dims={6, -1, 64}](@112) -> float_type, {6, 1500, 64}, {64, 384, 1}, target_id=0
@114 = load[offset=2304000,end=4608000](@1) -> float_type, {6, 1500, 64}, {96000, 64, 1}, target_id=0
@115 = gpu::gemm[alpha=1,beta=0,compute_fp32=1,trans_batch=0,solution_idx=0](@110,@113,@114) -> float_type, {6, 1500, 64}, {96000, 64, 1}, target_id=0
@116 = hip::hip_copy_literal[id=main:@literal:34] -> float_type, {384, 384}, {384, 1}, target_id=0
@117 = load[offset=4608000,end=6912000](@1) -> float_type, {1, 1500, 6, 64}, {576000, 384, 64, 1}, target_id=0
@118 = reshape_lazy[dims={1, 6, 1500, 64}](@115) -> float_type, {1, 6, 1500, 64}, {576000, 96000, 64, 1}, target_id=0
@119 = transpose[permutation={0, 2, 1, 3}](@118) -> float_type, {1, 1500, 6, 64}, {576000, 64, 96000, 1}, target_id=0
@120 = gpu::code_object[code_object=4016,symbol_name=contiguous_kernel,global=288000,local=1024,](@119,@117) -> float_type, {1, 1500, 6, 64}, {576000, 384, 64, 1}, target_id=0
@121 = load[offset=2304000,end=4608000](@1) -> float_type, {1, 1500, 384}, {576000, 384, 1}, target_id=0
@122 = multibroadcast[out_lens={1, 384, 384},out_dyn_dims={}](@116) -> float_type, {1, 384, 384}, {0, 384, 1}, target_id=0
@123 = reshape_lazy[dims={1, 1500, 384}](@120) -> float_type, {1, 1500, 384}, {576000, 384, 1}, target_id=0
@124 = gpu::gemm[alpha=1,beta=1,compute_fp32=1,trans_batch=0,solution_idx=0](@123,@122,@80,@121) -> float_type, {1, 1500, 384}, {576000, 384, 1}, target_id=0
@125 = hip::hip_copy_literal[id=main:@literal:26] -> float_type, {1500, 384}, {384, 1}, target_id=0
@126 = hip::hip_copy_literal[id=main:@literal:8] -> float_type, {1, 384, 1536}, {589824, 1536, 1}, target_id=0
@127 = multibroadcast[out_lens={1, 1500, 384},out_dyn_dims={}](@125) -> float_type, {1, 1500, 384}, {0, 384, 1}, target_id=0
@128 = load[offset=4608000,end=6912000](@1) -> float_type, {1, 1500, 384}, {576000, 384, 1}, target_id=0
@129 = gpu::code_object[code_object=4736,symbol_name=add_layernorm_kernel,global=288000,local=192,](@124,@127,@128) -> float_type, {1, 1500, 384}, {576000, 384, 1}, target_id=0
@130 = load[offset=13824000,end=23040000](@1) -> float_type, {1, 1500, 1536}, {2304000, 1536, 1}, target_id=0
@131 = gpu::gemm[alpha=1,beta=0,compute_fp32=1,trans_batch=0,solution_idx=0](@129,@126,@130) -> float_type, {1, 1500, 1536}, {2304000, 1536, 1}, target_id=0
@132 = hip::hip_copy_literal[id=main:@literal:23] -> float_type, {1500, 1536}, {1536, 1}, target_id=0
@133 = hip::hip_copy_literal[id=main:@literal:16] -> float_type, {1536, 384}, {384, 1}, target_id=0
@134 = multibroadcast[out_lens={1, 1500, 1536},out_dyn_dims={}](@132) -> float_type, {1, 1500, 1536}, {0, 1536, 1}, target_id=0
@135 = load[offset=4608000,end=13824000](@1) -> float_type, {1, 1500, 1536}, {2304000, 1536, 1}, target_id=0
@136 = gpu::code_object[code_object=5496,symbol_name=add_mul_erf_add_mul_kernel,global=576000,local=1024,](@131,@134,@135) -> float_type, {1, 1500, 1536}, {2304000, 1536, 1}, target_id=0
@137 = multibroadcast[out_lens={1, 1536, 384},out_dyn_dims={}](@133) -> float_type, {1, 1536, 384}, {0, 384, 1}, target_id=0
@138 = load[offset=0,end=2304000](@1) -> float_type, {1, 1500, 384}, {576000, 384, 1}, target_id=0
@139 = gpu::gemm[alpha=1,beta=1,compute_fp32=1,trans_batch=0,solution_idx=0](@136,@137,@124,@138) -> float_type, {1, 1500, 384}, {576000, 384, 1}, target_id=0
@140 = hip::hip_copy_literal[id=main:@literal:1] -> float_type, {1, 1500, 1152}, {1728000, 1152, 1}, target_id=0
@141 = hip::hip_copy_literal[id=main:@literal:5] -> float_type, {1, 384, 1152}, {442368, 1152, 1}, target_id=0
@142 = hip::hip_copy_literal[id=main:@literal:29] -> float_type, {1500, 384}, {384, 1}, target_id=0
@143 = load[offset=2304000,end=4608000](@1) -> float_type, {1, 1500, 384}, {576000, 384, 1}, target_id=0
@144 = multibroadcast[out_lens={1, 1500, 384},out_dyn_dims={}](@142) -> float_type, {1, 1500, 384}, {0, 384, 1}, target_id=0
@145 = gpu::code_object[code_object=4736,symbol_name=add_layernorm_kernel,global=288000,local=192,](@139,@144,@143) -> float_type, {1, 1500, 384}, {576000, 384, 1}, target_id=0
@146 = load[offset=56304000,end=63216000](@1) -> float_type, {1, 1500, 1152}, {1728000, 1152, 1}, target_id=0
@147 = gpu::gemm[alpha=1,beta=1,compute_fp32=1,trans_batch=0,solution_idx=0](@145,@141,@140,@146) -> float_type, {1, 1500, 1152}, {1728000, 1152, 1}, target_id=0
@148 = hip::hip_copy_literal[id=main:@literal:28] -> float_type, {384}, {1}, target_id=0
@149 = load[offset=63216000,end=65520000](@1) -> float_type, {1, 1500, 384}, {576000, 384, 1}, target_id=0
@150 = slice[axes={2},starts={0},ends={384}](@147) -> float_type, {1, 1500, 384}, {1728000, 1152, 1}, target_id=0
@151 = multibroadcast[out_lens={1, 1500, 384},out_dyn_dims={}](@148) -> float_type, {1, 1500, 384}, {0, 0, 1}, target_id=0
@152 = gpu::code_object[code_object=4048,symbol_name=mul_add_kernel,global=288000,local=1024,](@150,@151,@149) -> float_type, {1, 1500, 384}, {576000, 384, 1}, target_id=0
@153 = slice[axes={2},starts={384},ends={768}](@147) -> float_type, {1, 1500, 384}, {1728000, 1152, 1}, target_id=0
@154 = reshape_lazy[dims={1, -1, 6, 64}](@153) -> float_type, {1, 1500, 6, 64}, {1728000, 1152, 64, 1}, target_id=0
@155 = transpose[permutation={0, 2, 1, 3}](@154) -> float_type, {1, 6, 1500, 64}, {1728000, 64, 1152, 1}, target_id=0
@156 = reshape_lazy[dims={6, -1, 64}](@155) -> float_type, {6, 1500, 64}, {64, 1152, 1}, target_id=0
@157 = transpose[permutation={0, 2, 1}](@156) -> float_type, {6, 64, 1500}, {64, 1, 1152}, target_id=0
@158 = reshape_lazy[dims={1, 1500, 6, 64}](@152) -> float_type, {1, 1500, 6, 64}, {576000, 384, 64, 1}, target_id=0
@159 = transpose[permutation={0, 2, 1, 3}](@158) -> float_type, {1, 6, 1500, 64}, {576000, 64, 384, 1}, target_id=0
@160 = load[offset=2304000,end=56304000](@1) -> float_type, {6, 1500, 1500}, {2250000, 1500, 1}, target_id=0
@161 = reshape_lazy[dims={6, -1, 64}](@159) -> float_type, {6, 1500, 64}, {64, 384, 1}, target_id=0
@162 = gpu::gemm[alpha=1,beta=0,compute_fp32=1,trans_batch=0,solution_idx=0](@161,@157,@160) -> float_type, {6, 1500, 1500}, {2250000, 1500, 1}, target_id=0
@163 = hip::hip_copy_literal[id=main:@literal:39] -> float_type, {384}, {1}, target_id=0
@164 = multibroadcast[out_lens={1, 1500, 384},out_dyn_dims={}](@163) -> float_type, {1, 1500, 384}, {0, 0, 1}, target_id=0
@165 = slice[axes={2},starts={768},ends={1152}](@147) -> float_type, {1, 1500, 384}, {1728000, 1152, 1}, target_id=0
@166 = load[offset=63216000,end=65520000](@1) -> float_type, {1, 1500, 384}, {576000, 384, 1}, target_id=0
@167 = gpu::code_object[code_object=4032,symbol_name=add_kernel,global=288000,local=1024,](@164,@165,@166) -> float_type, {1, 1500, 384}, {576000, 384, 1}, target_id=0
@168 = load[offset=65520000,end=119520000](@1) -> float_type, {6, 1500, 1500}, {2250000, 1500, 1}, target_id=0
@169 = gpu::code_object[code_object=6240,symbol_name=reduce_max_sub_exp_reduce_sum_div_kernel,global=2304000,local=256,](@162,@168) -> float_type, {6, 1500, 1500}, {2250000, 1500, 1}, target_id=0
@170 = reshape_lazy[dims={1, -1, 6, 64}](@167) -> float_type, {1, 1500, 6, 64}, {576000, 384, 64, 1}, target_id=0
@171 = transpose[permutation={0, 2, 1, 3}](@170) -> float_type, {1, 6, 1500, 64}, {576000, 64, 384, 1}, target_id=0
@172 = load[offset=2304000,end=4608000](@1) -> float_type, {6, 1500, 64}, {96000, 64, 1}, target_id=0
@173 = reshape_lazy[dims={6, -1, 64}](@171) -> float_type, {6, 1500, 64}, {64, 384, 1}, target_id=0
@174 = gpu::gemm[alpha=1,beta=0,compute_fp32=1,trans_batch=0,solution_idx=0](@169,@173,@172) -> float_type, {6, 1500, 64}, {96000, 64, 1}, target_id=0
@175 = hip::hip_copy_literal[id=main:@literal:33] -> float_type, {384, 384}, {384, 1}, target_id=0
@176 = reshape_lazy[dims={1, 6, 1500, 64}](@174) -> float_type, {1, 6, 1500, 64}, {576000, 96000, 64, 1}, target_id=0
@177 = transpose[permutation={0, 2, 1, 3}](@176) -> float_type, {1, 1500, 6, 64}, {576000, 64, 96000, 1}, target_id=0
@178 = load[offset=4608000,end=6912000](@1) -> float_type, {1, 1500, 6, 64}, {576000, 384, 64, 1}, target_id=0
@179 = gpu::code_object[code_object=4016,symbol_name=contiguous_kernel,global=288000,local=1024,](@177,@178) -> float_type, {1, 1500, 6, 64}, {576000, 384, 64, 1}, target_id=0
@180 = multibroadcast[out_lens={1, 384, 384},out_dyn_dims={}](@175) -> float_type, {1, 384, 384}, {0, 384, 1}, target_id=0
@181 = load[offset=2304000,end=4608000](@1) -> float_type, {1, 1500, 384}, {576000, 384, 1}, target_id=0
@182 = reshape_lazy[dims={1, 1500, 384}](@179) -> float_type, {1, 1500, 384}, {576000, 384, 1}, target_id=0
@183 = gpu::gemm[alpha=1,beta=1,compute_fp32=1,trans_batch=0,solution_idx=0](@182,@180,@139,@181) -> float_type, {1, 1500, 384}, {576000, 384, 1}, target_id=0
@184 = hip::hip_copy_literal[id=main:@literal:19] -> float_type, {1500, 384}, {384, 1}, target_id=0
@185 = hip::hip_copy_literal[id=main:@literal:4] -> float_type, {1, 384, 1536}, {589824, 1536, 1}, target_id=0
@186 = multibroadcast[out_lens={1, 1500, 384},out_dyn_dims={}](@184) -> float_type, {1, 1500, 384}, {0, 384, 1}, target_id=0
@187 = load[offset=4608000,end=6912000](@1) -> float_type, {1, 1500, 384}, {576000, 384, 1}, target_id=0
@188 = gpu::code_object[code_object=4736,symbol_name=add_layernorm_kernel,global=288000,local=192,](@183,@186,@187) -> float_type, {1, 1500, 384}, {576000, 384, 1}, target_id=0
@189 = load[offset=13824000,end=23040000](@1) -> float_type, {1, 1500, 1536}, {2304000, 1536, 1}, target_id=0
@190 = gpu::gemm[alpha=1,beta=0,compute_fp32=1,trans_batch=0,solution_idx=0](@188,@185,@189) -> float_type, {1, 1500, 1536}, {2304000, 1536, 1}, target_id=0
@191 = hip::hip_copy_literal[id=main:@literal:17] -> float_type, {1500, 1536}, {1536, 1}, target_id=0
@192 = hip::hip_copy_literal[id=main:@literal:13] -> float_type, {1536, 384}, {384, 1}, target_id=0
@193 = multibroadcast[out_lens={1, 1500, 1536},out_dyn_dims={}](@191) -> float_type, {1, 1500, 1536}, {0, 1536, 1}, target_id=0
@194 = load[offset=4608000,end=13824000](@1) -> float_type, {1, 1500, 1536}, {2304000, 1536, 1}, target_id=0
@195 = gpu::code_object[code_object=5496,symbol_name=add_mul_erf_add_mul_kernel,global=576000,local=1024,](@190,@193,@194) -> float_type, {1, 1500, 1536}, {2304000, 1536, 1}, target_id=0
@196 = multibroadcast[out_lens={1, 1536, 384},out_dyn_dims={}](@192) -> float_type, {1, 1536, 384}, {0, 384, 1}, target_id=0
@197 = load[offset=0,end=2304000](@1) -> float_type, {1, 1500, 384}, {576000, 384, 1}, target_id=0
@198 = gpu::gemm[alpha=1,beta=1,compute_fp32=1,trans_batch=0,solution_idx=0](@195,@196,@183,@197) -> float_type, {1, 1500, 384}, {576000, 384, 1}, target_id=0
@199 = hip::hip_copy_literal[id=main:@literal:0] -> float_type, {1, 1500, 1152}, {1728000, 1152, 1}, target_id=0
@200 = hip::hip_copy_literal[id=main:@literal:22] -> float_type, {1500, 384}, {384, 1}, target_id=0
@201 = hip::hip_copy_literal[id=main:@literal:10] -> float_type, {1, 384, 1152}, {442368, 1152, 1}, target_id=0
@202 = multibroadcast[out_lens={1, 1500, 384},out_dyn_dims={}](@200) -> float_type, {1, 1500, 384}, {0, 384, 1}, target_id=0
@203 = load[offset=2304000,end=4608000](@1) -> float_type, {1, 1500, 384}, {576000, 384, 1}, target_id=0
@204 = gpu::code_object[code_object=4736,symbol_name=add_layernorm_kernel,global=288000,local=192,](@198,@202,@203) -> float_type, {1, 1500, 384}, {576000, 384, 1}, target_id=0
@205 = load[offset=56304000,end=63216000](@1) -> float_type, {1, 1500, 1152}, {1728000, 1152, 1}, target_id=0
@206 = gpu::gemm[alpha=1,beta=1,compute_fp32=1,trans_batch=0,solution_idx=0](@204,@201,@199,@205) -> float_type, {1, 1500, 1152}, {1728000, 1152, 1}, target_id=0
@207 = hip::hip_copy_literal[id=main:@literal:27] -> float_type, {384}, {1}, target_id=0
@208 = load[offset=63216000,end=65520000](@1) -> float_type, {1, 1500, 384}, {576000, 384, 1}, target_id=0
@209 = slice[axes={2},starts={0},ends={384}](@206) -> float_type, {1, 1500, 384}, {1728000, 1152, 1}, target_id=0
@210 = multibroadcast[out_lens={1, 1500, 384},out_dyn_dims={}](@207) -> float_type, {1, 1500, 384}, {0, 0, 1}, target_id=0
@211 = gpu::code_object[code_object=4048,symbol_name=mul_add_kernel,global=288000,local=1024,](@209,@210,@208) -> float_type, {1, 1500, 384}, {576000, 384, 1}, target_id=0
@212 = load[offset=2304000,end=56304000](@1) -> float_type, {6, 1500, 1500}, {2250000, 1500, 1}, target_id=0
@213 = slice[axes={2},starts={384},ends={768}](@206) -> float_type, {1, 1500, 384}, {1728000, 1152, 1}, target_id=0
@214 = reshape_lazy[dims={1, -1, 6, 64}](@213) -> float_type, {1, 1500, 6, 64}, {1728000, 1152, 64, 1}, target_id=0
@215 = transpose[permutation={0, 2, 1, 3}](@214) -> float_type, {1, 6, 1500, 64}, {1728000, 64, 1152, 1}, target_id=0
@216 = reshape_lazy[dims={6, -1, 64}](@215) -> float_type, {6, 1500, 64}, {64, 1152, 1}, target_id=0
@217 = reshape_lazy[dims={1, 1500, 6, 64}](@211) -> float_type, {1, 1500, 6, 64}, {576000, 384, 64, 1}, target_id=0
@218 = transpose[permutation={0, 2, 1, 3}](@217) -> float_type, {1, 6, 1500, 64}, {576000, 64, 384, 1}, target_id=0
@219 = transpose[permutation={0, 2, 1}](@216) -> float_type, {6, 64, 1500}, {64, 1, 1152}, target_id=0
@220 = reshape_lazy[dims={6, -1, 64}](@218) -> float_type, {6, 1500, 64}, {64, 384, 1}, target_id=0
@221 = gpu::gemm[alpha=1,beta=0,compute_fp32=1,trans_batch=0,solution_idx=0](@220,@219,@212) -> float_type, {6, 1500, 1500}, {2250000, 1500, 1}, target_id=0
@222 = hip::hip_copy_literal[id=main:@literal:38] -> float_type, {384}, {1}, target_id=0
@223 = load[offset=63216000,end=65520000](@1) -> float_type, {1, 1500, 384}, {576000, 384, 1}, target_id=0
@224 = multibroadcast[out_lens={1, 1500, 384},out_dyn_dims={}](@222) -> float_type, {1, 1500, 384}, {0, 0, 1}, target_id=0
@225 = slice[axes={2},starts={768},ends={1152}](@206) -> float_type, {1, 1500, 384}, {1728000, 1152, 1}, target_id=0
@226 = gpu::code_object[code_object=4032,symbol_name=add_kernel,global=288000,local=1024,](@224,@225,@223) -> float_type, {1, 1500, 384}, {576000, 384, 1}, target_id=0
@227 = load[offset=65520000,end=119520000](@1) -> float_type, {6, 1500, 1500}, {2250000, 1500, 1}, target_id=0
@228 = gpu::code_object[code_object=6240,symbol_name=reduce_max_sub_exp_reduce_sum_div_kernel,global=2304000,local=256,](@221,@227) -> float_type, {6, 1500, 1500}, {2250000, 1500, 1}, target_id=0
@229 = load[offset=2304000,end=4608000](@1) -> float_type, {6, 1500, 64}, {96000, 64, 1}, target_id=0
@230 = reshape_lazy[dims={1, -1, 6, 64}](@226) -> float_type, {1, 1500, 6, 64}, {576000, 384, 64, 1}, target_id=0
@231 = transpose[permutation={0, 2, 1, 3}](@230) -> float_type, {1, 6, 1500, 64}, {576000, 64, 384, 1}, target_id=0
@232 = reshape_lazy[dims={6, -1, 64}](@231) -> float_type, {6, 1500, 64}, {64, 384, 1}, target_id=0
@233 = gpu::gemm[alpha=1,beta=0,compute_fp32=1,trans_batch=0,solution_idx=0](@228,@232,@229) -> float_type, {6, 1500, 64}, {96000, 64, 1}, target_id=0
@234 = hip::hip_copy_literal[id=main:@literal:32] -> float_type, {384, 384}, {384, 1}, target_id=0
@235 = reshape_lazy[dims={1, 6, 1500, 64}](@233) -> float_type, {1, 6, 1500, 64}, {576000, 96000, 64, 1}, target_id=0
@236 = transpose[permutation={0, 2, 1, 3}](@235) -> float_type, {1, 1500, 6, 64}, {576000, 64, 96000, 1}, target_id=0
@237 = load[offset=4608000,end=6912000](@1) -> float_type, {1, 1500, 6, 64}, {576000, 384, 64, 1}, target_id=0
@238 = gpu::code_object[code_object=4016,symbol_name=contiguous_kernel,global=288000,local=1024,](@236,@237) -> float_type, {1, 1500, 6, 64}, {576000, 384, 64, 1}, target_id=0
@239 = multibroadcast[out_lens={1, 384, 384},out_dyn_dims={}](@234) -> float_type, {1, 384, 384}, {0, 384, 1}, target_id=0
@240 = reshape_lazy[dims={1, 1500, 384}](@238) -> float_type, {1, 1500, 384}, {576000, 384, 1}, target_id=0
@241 = load[offset=2304000,end=4608000](@1) -> float_type, {1, 1500, 384}, {576000, 384, 1}, target_id=0
@242 = gpu::gemm[alpha=1,beta=1,compute_fp32=1,trans_batch=0,solution_idx=0](@240,@239,@198,@241) -> float_type, {1, 1500, 384}, {576000, 384, 1}, target_id=0
@243 = hip::hip_copy_literal[id=main:@literal:11] -> float_type, {1, 384, 1536}, {589824, 1536, 1}, target_id=0
@244 = hip::hip_copy_literal[id=main:@literal:15] -> float_type, {1500, 1536}, {1536, 1}, target_id=0
@245 = hip::hip_copy_literal[id=main:@literal:31] -> float_type, {1500, 384}, {384, 1}, target_id=0
@246 = hip::hip_copy_literal[id=main:@literal:30] -> float_type, {1500, 384}, {384, 1}, target_id=0
@247 = multibroadcast[out_lens={1, 1500, 384},out_dyn_dims={}](@246) -> float_type, {1, 1500, 384}, {0, 384, 1}, target_id=0
@248 = load[offset=4608000,end=6912000](@1) -> float_type, {1, 1500, 384}, {576000, 384, 1}, target_id=0
@249 = gpu::code_object[code_object=4736,symbol_name=add_layernorm_kernel,global=288000,local=192,](@242,@247,@248) -> float_type, {1, 1500, 384}, {576000, 384, 1}, target_id=0
@250 = load[offset=13824000,end=23040000](@1) -> float_type, {1, 1500, 1536}, {2304000, 1536, 1}, target_id=0
@251 = gpu::gemm[alpha=1,beta=0,compute_fp32=1,trans_batch=0,solution_idx=0](@249,@243,@250) -> float_type, {1, 1500, 1536}, {2304000, 1536, 1}, target_id=0
@252 = hip::hip_copy_literal[id=main:@literal:20] -> float_type, {1536, 384}, {384, 1}, target_id=0
@253 = hip::hip_copy_literal[id=main:@literal:36] -> float_type, {384}, {1}, target_id=0
@254 = hip::hip_copy_literal[id=main:@literal:37] -> float_type, {384}, {1}, target_id=0
@255 = multibroadcast[out_lens={1, 1500, 1536},out_dyn_dims={}](@244) -> float_type, {1, 1500, 1536}, {0, 1536, 1}, target_id=0
@256 = load[offset=4608000,end=13824000](@1) -> float_type, {1, 1500, 1536}, {2304000, 1536, 1}, target_id=0
@257 = gpu::code_object[code_object=5496,symbol_name=add_mul_erf_add_mul_kernel,global=576000,local=1024,](@251,@255,@256) -> float_type, {1, 1500, 1536}, {2304000, 1536, 1}, target_id=0
@258 = multibroadcast[out_lens={1, 1536, 384},out_dyn_dims={}](@252) -> float_type, {1, 1536, 384}, {0, 384, 1}, target_id=0
@259 = load[offset=13824000,end=16128000](@1) -> float_type, {1, 1500, 384}, {576000, 384, 1}, target_id=0
@260 = gpu::gemm[alpha=1,beta=1,compute_fp32=1,trans_batch=0,solution_idx=0](@257,@258,@242,@259) -> float_type, {1, 1500, 384}, {576000, 384, 1}, target_id=0
@261 = multibroadcast[out_lens={1, 1500, 384},out_dyn_dims={}](@253) -> float_type, {1, 1500, 384}, {0, 0, 1}, target_id=0
@262 = multibroadcast[out_lens={1, 1500, 384},out_dyn_dims={}](@254) -> float_type, {1, 1500, 384}, {0, 0, 1}, target_id=0
main:#output_0 = @param:main:#output_0 -> float_type, {1, 1500, 384}, {576000, 384, 1}, target_id=0
@264 = multibroadcast[out_lens={1, 1500, 384},out_dyn_dims={}](@245) -> float_type, {1, 1500, 384}, {0, 384, 1}, target_id=0
@265 = gpu::code_object[code_object=4800,symbol_name=add_layernorm_mul_add_kernel,global=288000,local=192,](@260,@264,@262,@261,main:#output_0) -> float_type, {1, 1500, 384}, {576000, 384, 1}, target_id=0
@266 = @return(@265), target_id=0


Allocating params ... 
Running performance report ... 
@0 = check_context::migraphx::gpu::context -> float_type, {}, {}, target_id=0: 0.00096412ms, 1%
@1 = hip::hip_allocate_memory[shape=int8_type, {119520000}, {1},id=main:scratch] -> int8_type, {119520000}, {1}, target_id=0: 0.00103024ms, 1%
@2 = hip::hip_copy_literal[id=main:@literal:46] -> float_type, {384, 80, 3}, {240, 3, 1}, target_id=0: 0.0008483ms, 1%
@3 = load[offset=0,end=5936640](@1) -> int8_type, {5936640}, {1}, target_id=0: 0.00084578ms, 1%
input_features = @param:input_features -> float_type, {1, 80, 3000}, {240000, 3000, 1}, target_id=0: 0.00049996ms, 1%
@5 = load[offset=13289472,end=17897472](@1) -> float_type, {1, 384, 3000}, {1152000, 3000, 1}, target_id=0: 0.00066952ms, 1%
@6 = gpu::convolution[op={padding={1, 1},stride={1},dilation={1},group=1,padding_mode=0},solution_object={binary_object: 560},algo=0,solution_id=0](input_features,@2,@3,@5) -> float_type, {1, 384, 3000}, {1152000, 3000, 1}, target_id=0: 0.0904152ms, 3%
@7 = hip::hip_copy_literal[id=main:@literal:45] -> float_type, {384}, {1}, target_id=0: 0.00091912ms, 1%
@8 = load[offset=8681472,end=13289472](@1) -> float_type, {1, 384, 3000}, {1152000, 3000, 1}, target_id=0: 0.00082466ms, 1%
@9 = broadcast[axis=1,out_lens={1, 384, 3000}](@7) -> float_type, {1, 384, 3000}, {0, 1, 0}, target_id=0: 0.00164964ms, 1%
@10 = gpu::code_object[code_object=4912,symbol_name=add_mul_erf_add_mul_mul_kernel,global=576000,local=1024,](@6,@9,@8) -> float_type, {1, 384, 3000}, {1152000, 3000, 1}, target_id=0: 0.0297774ms, 1%
@11 = hip::hip_copy_literal[id=main:@literal:44] -> float_type, {384, 384, 3}, {1152, 3, 1}, target_id=0: 0.00074448ms, 1%
@12 = load[offset=15593472,end=24274944](@1) -> int8_type, {8681472}, {1}, target_id=0: 0.00077988ms, 1%
@13 = load[offset=13289472,end=15593472](@1) -> float_type, {1, 384, 1500}, {576000, 1500, 1}, target_id=0: 0.0006258ms, 1%
@14 = gpu::convolution[op={padding={1, 1},stride={2},dilation={1},group=1,padding_mode=0},solution_object={binary_object: 567},algo=0,solution_id=0](@10,@11,@12,@13) -> float_type, {1, 384, 1500}, {576000, 1500, 1}, target_id=0: 0.141599ms, 4%
@15 = hip::hip_copy_literal[id=main:@literal:43] -> float_type, {384}, {1}, target_id=0: 0.00085006ms, 1%
@16 = broadcast[axis=1,out_lens={1, 384, 1500}](@15) -> float_type, {1, 384, 1500}, {0, 1, 0}, target_id=0: 0.00254716ms, 1%
@17 = load[offset=117216000,end=119520000](@1) -> float_type, {1, 384, 1500}, {576000, 1500, 1}, target_id=0: 0.00077102ms, 1%
@18 = gpu::code_object[code_object=4912,symbol_name=add_mul_erf_add_mul_mul_kernel,global=288000,local=1024,](@14,@16,@17) -> float_type, {1, 384, 1500}, {576000, 1500, 1}, target_id=0: 0.0254329ms, 1%
@19 = hip::hip_copy_literal[id=main:@literal:3] -> float_type, {1, 1500, 1152}, {1728000, 1152, 1}, target_id=0: 0.0007304ms, 1%
@20 = hip::hip_copy_literal[id=main:@literal:9] -> float_type, {1, 384, 1152}, {442368, 1152, 1}, target_id=0: 0.00064902ms, 1%
@21 = hip::hip_copy_literal[id=main:@literal:42] -> float_type, {1500, 384}, {384, 1}, target_id=0: 0.00081966ms, 1%
@22 = load[offset=6912000,end=9216000](@1) -> float_type, {1, 1500, 384}, {576000, 1, 1500}, target_id=0: 0.0007632ms, 1%
@23 = multibroadcast[out_lens={1, 1500, 384},out_dyn_dims={}](@21) -> float_type, {1, 1500, 384}, {0, 384, 1}, target_id=0: 0.00122168ms, 1%
@24 = transpose[permutation={0, 2, 1}](@18) -> float_type, {1, 1500, 384}, {576000, 1, 1500}, target_id=0: 0.0010811ms, 1%
@25 = gpu::code_object[code_object=5024,symbol_name=add_layernorm_kernel,global=384000,local=256,](@24,@23,@22) -> float_type, {1, 1500, 384}, {576000, 1, 1500}, target_id=0: 0.048804ms, 2%
@26 = load[offset=0,end=6912000](@1) -> float_type, {1, 1500, 1152}, {1728000, 1152, 1}, target_id=0: 0.00079974ms, 1%
@27 = gpu::gemm[alpha=1,beta=1,compute_fp32=1,trans_batch=0,solution_idx=0](@25,@20,@19,@26) -> float_type, {1, 1500, 1152}, {1728000, 1152, 1}, target_id=0: 0.0851372ms, 3%
@28 = hip::hip_copy_literal[id=main:@literal:24] -> float_type, {384}, {1}, target_id=0: 0.00086774ms, 1%
@29 = load[offset=6912000,end=9216000](@1) -> float_type, {1, 1500, 384}, {576000, 384, 1}, target_id=0: 0.00077466ms, 1%
@30 = multibroadcast[out_lens={1, 1500, 384},out_dyn_dims={}](@28) -> float_type, {1, 1500, 384}, {0, 0, 1}, target_id=0: 0.0011375ms, 1%
@31 = slice[axes={2},starts={0},ends={384}](@27) -> float_type, {1, 1500, 384}, {1728000, 1152, 1}, target_id=0: 0.00190974ms, 1%
@32 = gpu::code_object[code_object=4048,symbol_name=mul_add_kernel,global=288000,local=1024,](@31,@30,@29) -> float_type, {1, 1500, 384}, {576000, 384, 1}, target_id=0: 0.0221525ms, 1%
@33 = reshape_lazy[dims={1, 1500, 6, 64}](@32) -> float_type, {1, 1500, 6, 64}, {576000, 384, 64, 1}, target_id=0: 0.00112436ms, 1%
@34 = transpose[permutation={0, 2, 1, 3}](@33) -> float_type, {1, 6, 1500, 64}, {576000, 64, 384, 1}, target_id=0: 0.00090078ms, 1%
@35 = reshape_lazy[dims={6, -1, 64}](@34) -> float_type, {6, 1500, 64}, {64, 384, 1}, target_id=0: 0.00072846ms, 1%
@36 = load[offset=63216000,end=117216000](@1) -> float_type, {6, 1500, 1500}, {2250000, 1500, 1}, target_id=0: 0.00073858ms, 1%
@37 = slice[axes={2},starts={384},ends={768}](@27) -> float_type, {1, 1500, 384}, {1728000, 1152, 1}, target_id=0: 0.00127234ms, 1%
@38 = reshape_lazy[dims={1, -1, 6, 64}](@37) -> float_type, {1, 1500, 6, 64}, {1728000, 1152, 64, 1}, target_id=0: 0.00100922ms, 1%
@39 = transpose[permutation={0, 2, 1, 3}](@38) -> float_type, {1, 6, 1500, 64}, {1728000, 64, 1152, 1}, target_id=0: 0.00103742ms, 1%
@40 = reshape_lazy[dims={6, -1, 64}](@39) -> float_type, {6, 1500, 64}, {64, 1152, 1}, target_id=0: 0.00091926ms, 1%
@41 = transpose[permutation={0, 2, 1}](@40) -> float_type, {6, 64, 1500}, {64, 1, 1152}, target_id=0: 0.00092286ms, 1%
@42 = gpu::gemm[alpha=1,beta=0,compute_fp32=1,trans_batch=0,solution_idx=0](@35,@41,@36) -> float_type, {6, 1500, 1500}, {2250000, 1500, 1}, target_id=0: 0.127873ms, 4%
@43 = load[offset=9216000,end=63216000](@1) -> float_type, {6, 1500, 1500}, {2250000, 1500, 1}, target_id=0: 0.0008741ms, 1%
@44 = gpu::code_object[code_object=6240,symbol_name=reduce_max_sub_exp_reduce_sum_div_kernel,global=2304000,local=256,](@42,@43) -> float_type, {6, 1500, 1500}, {2250000, 1500, 1}, target_id=0: 0.146693ms, 4%
@45 = hip::hip_copy_literal[id=main:@literal:41] -> float_type, {384}, {1}, target_id=0: 0.00119604ms, 1%
@46 = load[offset=63216000,end=65520000](@1) -> float_type, {1, 1500, 384}, {576000, 384, 1}, target_id=0: 0.0007298ms, 1%
@47 = multibroadcast[out_lens={1, 1500, 384},out_dyn_dims={}](@45) -> float_type, {1, 1500, 384}, {0, 0, 1}, target_id=0: 0.00111986ms, 1%
@48 = slice[axes={2},starts={768},ends={1152}](@27) -> float_type, {1, 1500, 384}, {1728000, 1152, 1}, target_id=0: 0.00134494ms, 1%
@49 = gpu::code_object[code_object=4032,symbol_name=add_kernel,global=288000,local=1024,](@47,@48,@46) -> float_type, {1, 1500, 384}, {576000, 384, 1}, target_id=0: 0.0220593ms, 1%
@50 = reshape_lazy[dims={1, -1, 6, 64}](@49) -> float_type, {1, 1500, 6, 64}, {576000, 384, 64, 1}, target_id=0: 0.00090158ms, 1%
@51 = transpose[permutation={0, 2, 1, 3}](@50) -> float_type, {1, 6, 1500, 64}, {576000, 64, 384, 1}, target_id=0: 0.0008515ms, 1%
@52 = reshape_lazy[dims={6, -1, 64}](@51) -> float_type, {6, 1500, 64}, {64, 384, 1}, target_id=0: 0.0006821ms, 1%
@53 = load[offset=2304000,end=4608000](@1) -> float_type, {6, 1500, 64}, {96000, 64, 1}, target_id=0: 0.0007079ms, 1%
@54 = gpu::gemm[alpha=1,beta=0,compute_fp32=1,trans_batch=0,solution_idx=0](@44,@52,@53) -> float_type, {6, 1500, 64}, {96000, 64, 1}, target_id=0: 0.123368ms, 3%
@55 = hip::hip_copy_literal[id=main:@literal:35] -> float_type, {384, 384}, {384, 1}, target_id=0: 0.00127364ms, 1%
@56 = reshape_lazy[dims={1, 6, 1500, 64}](@54) -> float_type, {1, 6, 1500, 64}, {576000, 96000, 64, 1}, target_id=0: 0.00076108ms, 1%
@57 = load[offset=6912000,end=9216000](@1) -> float_type, {1, 1500, 6, 64}, {576000, 384, 64, 1}, target_id=0: 0.0007932ms, 1%
@58 = transpose[permutation={0, 2, 1, 3}](@56) -> float_type, {1, 1500, 6, 64}, {576000, 64, 96000, 1}, target_id=0: 0.000789ms, 1%
@59 = gpu::code_object[code_object=4016,symbol_name=contiguous_kernel,global=288000,local=1024,](@58,@57) -> float_type, {1, 1500, 6, 64}, {576000, 384, 64, 1}, target_id=0: 0.0213629ms, 1%
@60 = load[offset=4608000,end=6912000](@1) -> float_type, {1, 1500, 384}, {576000, 384, 1}, target_id=0: 0.00079522ms, 1%
@61 = multibroadcast[out_lens={1, 384, 384},out_dyn_dims={}](@55) -> float_type, {1, 384, 384}, {0, 384, 1}, target_id=0: 0.00116128ms, 1%
@62 = reshape_lazy[dims={1, 1500, 384}](@59) -> float_type, {1, 1500, 384}, {576000, 384, 1}, target_id=0: 0.00069022ms, 1%
@63 = gpu::gemm[alpha=1,beta=0,compute_fp32=1,trans_batch=0,solution_idx=0](@62,@61,@60) -> float_type, {1, 1500, 384}, {576000, 384, 1}, target_id=0: 0.0511562ms, 2%
@64 = load[offset=2304000,end=4608000](@1) -> float_type, {1, 1500, 384}, {576000, 384, 1}, target_id=0: 0.0008113ms, 1%
@65 = gpu::code_object[code_object=4008,symbol_name=add_kernel,global=576000,local=1024,](@24,@63,@64) -> float_type, {1, 1500, 384}, {576000, 384, 1}, target_id=0: 0.0326582ms, 1%
@66 = hip::hip_copy_literal[id=main:@literal:7] -> float_type, {1, 384, 1536}, {589824, 1536, 1}, target_id=0: 0.00083164ms, 1%
@67 = hip::hip_copy_literal[id=main:@literal:14] -> float_type, {1500, 384}, {384, 1}, target_id=0: 0.00077334ms, 1%
@68 = multibroadcast[out_lens={1, 1500, 384},out_dyn_dims={}](@67) -> float_type, {1, 1500, 384}, {0, 384, 1}, target_id=0: 0.00105818ms, 1%
@69 = load[offset=4608000,end=6912000](@1) -> float_type, {1, 1500, 384}, {576000, 384, 1}, target_id=0: 0.00074862ms, 1%
@70 = gpu::code_object[code_object=4736,symbol_name=add_layernorm_kernel,global=288000,local=192,](@65,@68,@69) -> float_type, {1, 1500, 384}, {576000, 384, 1}, target_id=0: 0.0239211ms, 1%
@71 = load[offset=13824000,end=23040000](@1) -> float_type, {1, 1500, 1536}, {2304000, 1536, 1}, target_id=0: 0.00077094ms, 1%
@72 = gpu::gemm[alpha=1,beta=0,compute_fp32=1,trans_batch=0,solution_idx=0](@70,@66,@71) -> float_type, {1, 1500, 1536}, {2304000, 1536, 1}, target_id=0: 0.0891955ms, 3%
@73 = hip::hip_copy_literal[id=main:@literal:12] -> float_type, {1500, 1536}, {1536, 1}, target_id=0: 0.0008698ms, 1%
@74 = multibroadcast[out_lens={1, 1500, 1536},out_dyn_dims={}](@73) -> float_type, {1, 1500, 1536}, {0, 1536, 1}, target_id=0: 0.00114654ms, 1%
@75 = load[offset=4608000,end=13824000](@1) -> float_type, {1, 1500, 1536}, {2304000, 1536, 1}, target_id=0: 0.000729ms, 1%
@76 = gpu::code_object[code_object=5496,symbol_name=add_mul_erf_add_mul_kernel,global=576000,local=1024,](@72,@74,@75) -> float_type, {1, 1500, 1536}, {2304000, 1536, 1}, target_id=0: 0.0468364ms, 2%
@77 = hip::hip_copy_literal[id=main:@literal:25] -> float_type, {1536, 384}, {384, 1}, target_id=0: 0.00073254ms, 1%
@78 = multibroadcast[out_lens={1, 1536, 384},out_dyn_dims={}](@77) -> float_type, {1, 1536, 384}, {0, 384, 1}, target_id=0: 0.00105798ms, 1%
@79 = load[offset=0,end=2304000](@1) -> float_type, {1, 1500, 384}, {576000, 384, 1}, target_id=0: 0.0006979ms, 1%
@80 = gpu::gemm[alpha=1,beta=1,compute_fp32=1,trans_batch=0,solution_idx=0](@76,@78,@65,@79) -> float_type, {1, 1500, 384}, {576000, 384, 1}, target_id=0: 0.118629ms, 3%
@81 = hip::hip_copy_literal[id=main:@literal:2] -> float_type, {1, 1500, 1152}, {1728000, 1152, 1}, target_id=0: 0.00086638ms, 1%
@82 = hip::hip_copy_literal[id=main:@literal:6] -> float_type, {1, 384, 1152}, {442368, 1152, 1}, target_id=0: 0.00060964ms, 1%
@83 = hip::hip_copy_literal[id=main:@literal:21] -> float_type, {1500, 384}, {384, 1}, target_id=0: 0.0008813ms, 1%
@84 = multibroadcast[out_lens={1, 1500, 384},out_dyn_dims={}](@83) -> float_type, {1, 1500, 384}, {0, 384, 1}, target_id=0: 0.00101658ms, 1%
@85 = load[offset=2304000,end=4608000](@1) -> float_type, {1, 1500, 384}, {576000, 384, 1}, target_id=0: 0.00072416ms, 1%
@86 = gpu::code_object[code_object=4736,symbol_name=add_layernorm_kernel,global=288000,local=192,](@80,@84,@85) -> float_type, {1, 1500, 384}, {576000, 384, 1}, target_id=0: 0.0242952ms, 1%
@87 = load[offset=56304000,end=63216000](@1) -> float_type, {1, 1500, 1152}, {1728000, 1152, 1}, target_id=0: 0.00077212ms, 1%
@88 = gpu::gemm[alpha=1,beta=1,compute_fp32=1,trans_batch=0,solution_idx=0](@86,@82,@81,@87) -> float_type, {1, 1500, 1152}, {1728000, 1152, 1}, target_id=0: 0.0835559ms, 3%
@89 = hip::hip_copy_literal[id=main:@literal:18] -> float_type, {384}, {1}, target_id=0: 0.00084934ms, 1%
@90 = multibroadcast[out_lens={1, 1500, 384},out_dyn_dims={}](@89) -> float_type, {1, 1500, 384}, {0, 0, 1}, target_id=0: 0.00110962ms, 1%
@91 = load[offset=63216000,end=65520000](@1) -> float_type, {1, 1500, 384}, {576000, 384, 1}, target_id=0: 0.00074658ms, 1%
@92 = slice[axes={2},starts={0},ends={384}](@88) -> float_type, {1, 1500, 384}, {1728000, 1152, 1}, target_id=0: 0.00146172ms, 1%
@93 = gpu::code_object[code_object=4048,symbol_name=mul_add_kernel,global=288000,local=1024,](@92,@90,@91) -> float_type, {1, 1500, 384}, {576000, 384, 1}, target_id=0: 0.0224459ms, 1%
@94 = slice[axes={2},starts={384},ends={768}](@88) -> float_type, {1, 1500, 384}, {1728000, 1152, 1}, target_id=0: 0.00139902ms, 1%
@95 = reshape_lazy[dims={1, -1, 6, 64}](@94) -> float_type, {1, 1500, 6, 64}, {1728000, 1152, 64, 1}, target_id=0: 0.00121698ms, 1%
@96 = transpose[permutation={0, 2, 1, 3}](@95) -> float_type, {1, 6, 1500, 64}, {1728000, 64, 1152, 1}, target_id=0: 0.00121896ms, 1%
@97 = reshape_lazy[dims={6, -1, 64}](@96) -> float_type, {6, 1500, 64}, {64, 1152, 1}, target_id=0: 0.0009069ms, 1%
@98 = transpose[permutation={0, 2, 1}](@97) -> float_type, {6, 64, 1500}, {64, 1, 1152}, target_id=0: 0.00094562ms, 1%
@99 = reshape_lazy[dims={1, 1500, 6, 64}](@93) -> float_type, {1, 1500, 6, 64}, {576000, 384, 64, 1}, target_id=0: 0.00070156ms, 1%
@100 = transpose[permutation={0, 2, 1, 3}](@99) -> float_type, {1, 6, 1500, 64}, {576000, 64, 384, 1}, target_id=0: 0.00070546ms, 1%
@101 = load[offset=2304000,end=56304000](@1) -> float_type, {6, 1500, 1500}, {2250000, 1500, 1}, target_id=0: 0.0007397ms, 1%
@102 = reshape_lazy[dims={6, -1, 64}](@100) -> float_type, {6, 1500, 64}, {64, 384, 1}, target_id=0: 0.000689ms, 1%
@103 = gpu::gemm[alpha=1,beta=0,compute_fp32=1,trans_batch=0,solution_idx=0](@102,@98,@101) -> float_type, {6, 1500, 1500}, {2250000, 1500, 1}, target_id=0: 0.123725ms, 3%
@104 = hip::hip_copy_literal[id=main:@literal:40] -> float_type, {384}, {1}, target_id=0: 0.00140454ms, 1%
@105 = multibroadcast[out_lens={1, 1500, 384},out_dyn_dims={}](@104) -> float_type, {1, 1500, 384}, {0, 0, 1}, target_id=0: 0.00110968ms, 1%
@106 = slice[axes={2},starts={768},ends={1152}](@88) -> float_type, {1, 1500, 384}, {1728000, 1152, 1}, target_id=0: 0.00129778ms, 1%
@107 = load[offset=63216000,end=65520000](@1) -> float_type, {1, 1500, 384}, {576000, 384, 1}, target_id=0: 0.00073596ms, 1%
@108 = gpu::code_object[code_object=4032,symbol_name=add_kernel,global=288000,local=1024,](@105,@106,@107) -> float_type, {1, 1500, 384}, {576000, 384, 1}, target_id=0: 0.0223459ms, 1%
@109 = load[offset=65520000,end=119520000](@1) -> float_type, {6, 1500, 1500}, {2250000, 1500, 1}, target_id=0: 0.0007825ms, 1%
@110 = gpu::code_object[code_object=6240,symbol_name=reduce_max_sub_exp_reduce_sum_div_kernel,global=2304000,local=256,](@103,@109) -> float_type, {6, 1500, 1500}, {2250000, 1500, 1}, target_id=0: 0.14263ms, 4%
@111 = reshape_lazy[dims={1, -1, 6, 64}](@108) -> float_type, {1, 1500, 6, 64}, {576000, 384, 64, 1}, target_id=0: 0.0008447ms, 1%
@112 = transpose[permutation={0, 2, 1, 3}](@111) -> float_type, {1, 6, 1500, 64}, {576000, 64, 384, 1}, target_id=0: 0.00082966ms, 1%
@113 = reshape_lazy[dims={6, -1, 64}](@112) -> float_type, {6, 1500, 64}, {64, 384, 1}, target_id=0: 0.00065956ms, 1%
@114 = load[offset=2304000,end=4608000](@1) -> float_type, {6, 1500, 64}, {96000, 64, 1}, target_id=0: 0.00072452ms, 1%
@115 = gpu::gemm[alpha=1,beta=0,compute_fp32=1,trans_batch=0,solution_idx=0](@110,@113,@114) -> float_type, {6, 1500, 64}, {96000, 64, 1}, target_id=0: 0.12142ms, 3%
@116 = hip::hip_copy_literal[id=main:@literal:34] -> float_type, {384, 384}, {384, 1}, target_id=0: 0.00130878ms, 1%
@117 = load[offset=4608000,end=6912000](@1) -> float_type, {1, 1500, 6, 64}, {576000, 384, 64, 1}, target_id=0: 0.00079342ms, 1%
@118 = reshape_lazy[dims={1, 6, 1500, 64}](@115) -> float_type, {1, 6, 1500, 64}, {576000, 96000, 64, 1}, target_id=0: 0.0007716ms, 1%
@119 = transpose[permutation={0, 2, 1, 3}](@118) -> float_type, {1, 1500, 6, 64}, {576000, 64, 96000, 1}, target_id=0: 0.00078472ms, 1%
@120 = gpu::code_object[code_object=4016,symbol_name=contiguous_kernel,global=288000,local=1024,](@119,@117) -> float_type, {1, 1500, 6, 64}, {576000, 384, 64, 1}, target_id=0: 0.0213884ms, 1%
@121 = load[offset=2304000,end=4608000](@1) -> float_type, {1, 1500, 384}, {576000, 384, 1}, target_id=0: 0.00079172ms, 1%
@122 = multibroadcast[out_lens={1, 384, 384},out_dyn_dims={}](@116) -> float_type, {1, 384, 384}, {0, 384, 1}, target_id=0: 0.00112824ms, 1%
@123 = reshape_lazy[dims={1, 1500, 384}](@120) -> float_type, {1, 1500, 384}, {576000, 384, 1}, target_id=0: 0.00070124ms, 1%
@124 = gpu::gemm[alpha=1,beta=1,compute_fp32=1,trans_batch=0,solution_idx=0](@123,@122,@80,@121) -> float_type, {1, 1500, 384}, {576000, 384, 1}, target_id=0: 0.0513038ms, 2%
@125 = hip::hip_copy_literal[id=main:@literal:26] -> float_type, {1500, 384}, {384, 1}, target_id=0: 0.0008863ms, 1%
@126 = hip::hip_copy_literal[id=main:@literal:8] -> float_type, {1, 384, 1536}, {589824, 1536, 1}, target_id=0: 0.00059498ms, 1%
@127 = multibroadcast[out_lens={1, 1500, 384},out_dyn_dims={}](@125) -> float_type, {1, 1500, 384}, {0, 384, 1}, target_id=0: 0.00110796ms, 1%
@128 = load[offset=4608000,end=6912000](@1) -> float_type, {1, 1500, 384}, {576000, 384, 1}, target_id=0: 0.00073732ms, 1%
@129 = gpu::code_object[code_object=4736,symbol_name=add_layernorm_kernel,global=288000,local=192,](@124,@127,@128) -> float_type, {1, 1500, 384}, {576000, 384, 1}, target_id=0: 0.0244126ms, 1%
@130 = load[offset=13824000,end=23040000](@1) -> float_type, {1, 1500, 1536}, {2304000, 1536, 1}, target_id=0: 0.00078994ms, 1%
@131 = gpu::gemm[alpha=1,beta=0,compute_fp32=1,trans_batch=0,solution_idx=0](@129,@126,@130) -> float_type, {1, 1500, 1536}, {2304000, 1536, 1}, target_id=0: 0.0883548ms, 3%
@132 = hip::hip_copy_literal[id=main:@literal:23] -> float_type, {1500, 1536}, {1536, 1}, target_id=0: 0.00085414ms, 1%
@133 = hip::hip_copy_literal[id=main:@literal:16] -> float_type, {1536, 384}, {384, 1}, target_id=0: 0.0008042ms, 1%
@134 = multibroadcast[out_lens={1, 1500, 1536},out_dyn_dims={}](@132) -> float_type, {1, 1500, 1536}, {0, 1536, 1}, target_id=0: 0.0010537ms, 1%
@135 = load[offset=4608000,end=13824000](@1) -> float_type, {1, 1500, 1536}, {2304000, 1536, 1}, target_id=0: 0.00072702ms, 1%
@136 = gpu::code_object[code_object=5496,symbol_name=add_mul_erf_add_mul_kernel,global=576000,local=1024,](@131,@134,@135) -> float_type, {1, 1500, 1536}, {2304000, 1536, 1}, target_id=0: 0.0469712ms, 2%
@137 = multibroadcast[out_lens={1, 1536, 384},out_dyn_dims={}](@133) -> float_type, {1, 1536, 384}, {0, 384, 1}, target_id=0: 0.00126464ms, 1%
@138 = load[offset=0,end=2304000](@1) -> float_type, {1, 1500, 384}, {576000, 384, 1}, target_id=0: 0.0007116ms, 1%
@139 = gpu::gemm[alpha=1,beta=1,compute_fp32=1,trans_batch=0,solution_idx=0](@136,@137,@124,@138) -> float_type, {1, 1500, 384}, {576000, 384, 1}, target_id=0: 0.120678ms, 3%
@140 = hip::hip_copy_literal[id=main:@literal:1] -> float_type, {1, 1500, 1152}, {1728000, 1152, 1}, target_id=0: 0.00087926ms, 1%
@141 = hip::hip_copy_literal[id=main:@literal:5] -> float_type, {1, 384, 1152}, {442368, 1152, 1}, target_id=0: 0.00065586ms, 1%
@142 = hip::hip_copy_literal[id=main:@literal:29] -> float_type, {1500, 384}, {384, 1}, target_id=0: 0.00085154ms, 1%
@143 = load[offset=2304000,end=4608000](@1) -> float_type, {1, 1500, 384}, {576000, 384, 1}, target_id=0: 0.00076398ms, 1%
@144 = multibroadcast[out_lens={1, 1500, 384},out_dyn_dims={}](@142) -> float_type, {1, 1500, 384}, {0, 384, 1}, target_id=0: 0.0009839ms, 1%
@145 = gpu::code_object[code_object=4736,symbol_name=add_layernorm_kernel,global=288000,local=192,](@139,@144,@143) -> float_type, {1, 1500, 384}, {576000, 384, 1}, target_id=0: 0.0244709ms, 1%
@146 = load[offset=56304000,end=63216000](@1) -> float_type, {1, 1500, 1152}, {1728000, 1152, 1}, target_id=0: 0.00081236ms, 1%
@147 = gpu::gemm[alpha=1,beta=1,compute_fp32=1,trans_batch=0,solution_idx=0](@145,@141,@140,@146) -> float_type, {1, 1500, 1152}, {1728000, 1152, 1}, target_id=0: 0.0817563ms, 2%
@148 = hip::hip_copy_literal[id=main:@literal:28] -> float_type, {384}, {1}, target_id=0: 0.00082122ms, 1%
@149 = load[offset=63216000,end=65520000](@1) -> float_type, {1, 1500, 384}, {576000, 384, 1}, target_id=0: 0.00076476ms, 1%
@150 = slice[axes={2},starts={0},ends={384}](@147) -> float_type, {1, 1500, 384}, {1728000, 1152, 1}, target_id=0: 0.00143684ms, 1%
@151 = multibroadcast[out_lens={1, 1500, 384},out_dyn_dims={}](@148) -> float_type, {1, 1500, 384}, {0, 0, 1}, target_id=0: 0.001025ms, 1%
@152 = gpu::code_object[code_object=4048,symbol_name=mul_add_kernel,global=288000,local=1024,](@150,@151,@149) -> float_type, {1, 1500, 384}, {576000, 384, 1}, target_id=0: 0.0226814ms, 1%
@153 = slice[axes={2},starts={384},ends={768}](@147) -> float_type, {1, 1500, 384}, {1728000, 1152, 1}, target_id=0: 0.00158216ms, 1%
@154 = reshape_lazy[dims={1, -1, 6, 64}](@153) -> float_type, {1, 1500, 6, 64}, {1728000, 1152, 64, 1}, target_id=0: 0.00113876ms, 1%
@155 = transpose[permutation={0, 2, 1, 3}](@154) -> float_type, {1, 6, 1500, 64}, {1728000, 64, 1152, 1}, target_id=0: 0.00128488ms, 1%
@156 = reshape_lazy[dims={6, -1, 64}](@155) -> float_type, {6, 1500, 64}, {64, 1152, 1}, target_id=0: 0.00087678ms, 1%
@157 = transpose[permutation={0, 2, 1}](@156) -> float_type, {6, 64, 1500}, {64, 1, 1152}, target_id=0: 0.00093152ms, 1%
@158 = reshape_lazy[dims={1, 1500, 6, 64}](@152) -> float_type, {1, 1500, 6, 64}, {576000, 384, 64, 1}, target_id=0: 0.00071364ms, 1%
@159 = transpose[permutation={0, 2, 1, 3}](@158) -> float_type, {1, 6, 1500, 64}, {576000, 64, 384, 1}, target_id=0: 0.00069458ms, 1%
@160 = load[offset=2304000,end=56304000](@1) -> float_type, {6, 1500, 1500}, {2250000, 1500, 1}, target_id=0: 0.00075952ms, 1%
@161 = reshape_lazy[dims={6, -1, 64}](@159) -> float_type, {6, 1500, 64}, {64, 384, 1}, target_id=0: 0.00069084ms, 1%
@162 = gpu::gemm[alpha=1,beta=0,compute_fp32=1,trans_batch=0,solution_idx=0](@161,@157,@160) -> float_type, {6, 1500, 1500}, {2250000, 1500, 1}, target_id=0: 0.1236ms, 3%
@163 = hip::hip_copy_literal[id=main:@literal:39] -> float_type, {384}, {1}, target_id=0: 0.00129566ms, 1%
@164 = multibroadcast[out_lens={1, 1500, 384},out_dyn_dims={}](@163) -> float_type, {1, 1500, 384}, {0, 0, 1}, target_id=0: 0.00108404ms, 1%
@165 = slice[axes={2},starts={768},ends={1152}](@147) -> float_type, {1, 1500, 384}, {1728000, 1152, 1}, target_id=0: 0.00129414ms, 1%
@166 = load[offset=63216000,end=65520000](@1) -> float_type, {1, 1500, 384}, {576000, 384, 1}, target_id=0: 0.000738ms, 1%
@167 = gpu::code_object[code_object=4032,symbol_name=add_kernel,global=288000,local=1024,](@164,@165,@166) -> float_type, {1, 1500, 384}, {576000, 384, 1}, target_id=0: 0.0223266ms, 1%
@168 = load[offset=65520000,end=119520000](@1) -> float_type, {6, 1500, 1500}, {2250000, 1500, 1}, target_id=0: 0.0007787ms, 1%
@169 = gpu::code_object[code_object=6240,symbol_name=reduce_max_sub_exp_reduce_sum_div_kernel,global=2304000,local=256,](@162,@168) -> float_type, {6, 1500, 1500}, {2250000, 1500, 1}, target_id=0: 0.139782ms, 4%
@170 = reshape_lazy[dims={1, -1, 6, 64}](@167) -> float_type, {1, 1500, 6, 64}, {576000, 384, 64, 1}, target_id=0: 0.00083618ms, 1%
@171 = transpose[permutation={0, 2, 1, 3}](@170) -> float_type, {1, 6, 1500, 64}, {576000, 64, 384, 1}, target_id=0: 0.00081734ms, 1%
@172 = load[offset=2304000,end=4608000](@1) -> float_type, {6, 1500, 64}, {96000, 64, 1}, target_id=0: 0.00070838ms, 1%
@173 = reshape_lazy[dims={6, -1, 64}](@171) -> float_type, {6, 1500, 64}, {64, 384, 1}, target_id=0: 0.00066618ms, 1%
@174 = gpu::gemm[alpha=1,beta=0,compute_fp32=1,trans_batch=0,solution_idx=0](@169,@173,@172) -> float_type, {6, 1500, 64}, {96000, 64, 1}, target_id=0: 0.122373ms, 3%
@175 = hip::hip_copy_literal[id=main:@literal:33] -> float_type, {384, 384}, {384, 1}, target_id=0: 0.0012965ms, 1%
@176 = reshape_lazy[dims={1, 6, 1500, 64}](@174) -> float_type, {1, 6, 1500, 64}, {576000, 96000, 64, 1}, target_id=0: 0.00077674ms, 1%
@177 = transpose[permutation={0, 2, 1, 3}](@176) -> float_type, {1, 1500, 6, 64}, {576000, 64, 96000, 1}, target_id=0: 0.00078128ms, 1%
@178 = load[offset=4608000,end=6912000](@1) -> float_type, {1, 1500, 6, 64}, {576000, 384, 64, 1}, target_id=0: 0.00077336ms, 1%
@179 = gpu::code_object[code_object=4016,symbol_name=contiguous_kernel,global=288000,local=1024,](@177,@178) -> float_type, {1, 1500, 6, 64}, {576000, 384, 64, 1}, target_id=0: 0.0212454ms, 1%
@180 = multibroadcast[out_lens={1, 384, 384},out_dyn_dims={}](@175) -> float_type, {1, 384, 384}, {0, 384, 1}, target_id=0: 0.00131772ms, 1%
@181 = load[offset=2304000,end=4608000](@1) -> float_type, {1, 1500, 384}, {576000, 384, 1}, target_id=0: 0.00073166ms, 1%
@182 = reshape_lazy[dims={1, 1500, 384}](@179) -> float_type, {1, 1500, 384}, {576000, 384, 1}, target_id=0: 0.00070734ms, 1%
@183 = gpu::gemm[alpha=1,beta=1,compute_fp32=1,trans_batch=0,solution_idx=0](@182,@180,@139,@181) -> float_type, {1, 1500, 384}, {576000, 384, 1}, target_id=0: 0.0519236ms, 2%
@184 = hip::hip_copy_literal[id=main:@literal:19] -> float_type, {1500, 384}, {384, 1}, target_id=0: 0.00084546ms, 1%
@185 = hip::hip_copy_literal[id=main:@literal:4] -> float_type, {1, 384, 1536}, {589824, 1536, 1}, target_id=0: 0.00059886ms, 1%
@186 = multibroadcast[out_lens={1, 1500, 384},out_dyn_dims={}](@184) -> float_type, {1, 1500, 384}, {0, 384, 1}, target_id=0: 0.00110318ms, 1%
@187 = load[offset=4608000,end=6912000](@1) -> float_type, {1, 1500, 384}, {576000, 384, 1}, target_id=0: 0.00073952ms, 1%
@188 = gpu::code_object[code_object=4736,symbol_name=add_layernorm_kernel,global=288000,local=192,](@183,@186,@187) -> float_type, {1, 1500, 384}, {576000, 384, 1}, target_id=0: 0.0241433ms, 1%
@189 = load[offset=13824000,end=23040000](@1) -> float_type, {1, 1500, 1536}, {2304000, 1536, 1}, target_id=0: 0.0007618ms, 1%
@190 = gpu::gemm[alpha=1,beta=0,compute_fp32=1,trans_batch=0,solution_idx=0](@188,@185,@189) -> float_type, {1, 1500, 1536}, {2304000, 1536, 1}, target_id=0: 0.0874135ms, 3%
@191 = hip::hip_copy_literal[id=main:@literal:17] -> float_type, {1500, 1536}, {1536, 1}, target_id=0: 0.0008354ms, 1%
@192 = hip::hip_copy_literal[id=main:@literal:13] -> float_type, {1536, 384}, {384, 1}, target_id=0: 0.0008277ms, 1%
@193 = multibroadcast[out_lens={1, 1500, 1536},out_dyn_dims={}](@191) -> float_type, {1, 1500, 1536}, {0, 1536, 1}, target_id=0: 0.0010381ms, 1%
@194 = load[offset=4608000,end=13824000](@1) -> float_type, {1, 1500, 1536}, {2304000, 1536, 1}, target_id=0: 0.000732ms, 1%
@195 = gpu::code_object[code_object=5496,symbol_name=add_mul_erf_add_mul_kernel,global=576000,local=1024,](@190,@193,@194) -> float_type, {1, 1500, 1536}, {2304000, 1536, 1}, target_id=0: 0.0469792ms, 2%
@196 = multibroadcast[out_lens={1, 1536, 384},out_dyn_dims={}](@192) -> float_type, {1, 1536, 384}, {0, 384, 1}, target_id=0: 0.00128652ms, 1%
@197 = load[offset=0,end=2304000](@1) -> float_type, {1, 1500, 384}, {576000, 384, 1}, target_id=0: 0.00071342ms, 1%
@198 = gpu::gemm[alpha=1,beta=1,compute_fp32=1,trans_batch=0,solution_idx=0](@195,@196,@183,@197) -> float_type, {1, 1500, 384}, {576000, 384, 1}, target_id=0: 0.12034ms, 3%
@199 = hip::hip_copy_literal[id=main:@literal:0] -> float_type, {1, 1500, 1152}, {1728000, 1152, 1}, target_id=0: 0.00080378ms, 1%
@200 = hip::hip_copy_literal[id=main:@literal:22] -> float_type, {1500, 384}, {384, 1}, target_id=0: 0.00081696ms, 1%
@201 = hip::hip_copy_literal[id=main:@literal:10] -> float_type, {1, 384, 1152}, {442368, 1152, 1}, target_id=0: 0.00063746ms, 1%
@202 = multibroadcast[out_lens={1, 1500, 384},out_dyn_dims={}](@200) -> float_type, {1, 1500, 384}, {0, 384, 1}, target_id=0: 0.00101752ms, 1%
@203 = load[offset=2304000,end=4608000](@1) -> float_type, {1, 1500, 384}, {576000, 384, 1}, target_id=0: 0.00073342ms, 1%
@204 = gpu::code_object[code_object=4736,symbol_name=add_layernorm_kernel,global=288000,local=192,](@198,@202,@203) -> float_type, {1, 1500, 384}, {576000, 384, 1}, target_id=0: 0.0242701ms, 1%
@205 = load[offset=56304000,end=63216000](@1) -> float_type, {1, 1500, 1152}, {1728000, 1152, 1}, target_id=0: 0.00078618ms, 1%
@206 = gpu::gemm[alpha=1,beta=1,compute_fp32=1,trans_batch=0,solution_idx=0](@204,@201,@199,@205) -> float_type, {1, 1500, 1152}, {1728000, 1152, 1}, target_id=0: 0.081835ms, 2%
@207 = hip::hip_copy_literal[id=main:@literal:27] -> float_type, {384}, {1}, target_id=0: 0.00090666ms, 1%
@208 = load[offset=63216000,end=65520000](@1) -> float_type, {1, 1500, 384}, {576000, 384, 1}, target_id=0: 0.00076598ms, 1%
@209 = slice[axes={2},starts={0},ends={384}](@206) -> float_type, {1, 1500, 384}, {1728000, 1152, 1}, target_id=0: 0.00147522ms, 1%
@210 = multibroadcast[out_lens={1, 1500, 384},out_dyn_dims={}](@207) -> float_type, {1, 1500, 384}, {0, 0, 1}, target_id=0: 0.00101728ms, 1%
@211 = gpu::code_object[code_object=4048,symbol_name=mul_add_kernel,global=288000,local=1024,](@209,@210,@208) -> float_type, {1, 1500, 384}, {576000, 384, 1}, target_id=0: 0.0224575ms, 1%
@212 = load[offset=2304000,end=56304000](@1) -> float_type, {6, 1500, 1500}, {2250000, 1500, 1}, target_id=0: 0.00080116ms, 1%
@213 = slice[axes={2},starts={384},ends={768}](@206) -> float_type, {1, 1500, 384}, {1728000, 1152, 1}, target_id=0: 0.0012318ms, 1%
@214 = reshape_lazy[dims={1, -1, 6, 64}](@213) -> float_type, {1, 1500, 6, 64}, {1728000, 1152, 64, 1}, target_id=0: 0.00145332ms, 1%
@215 = transpose[permutation={0, 2, 1, 3}](@214) -> float_type, {1, 6, 1500, 64}, {1728000, 64, 1152, 1}, target_id=0: 0.00122084ms, 1%
@216 = reshape_lazy[dims={6, -1, 64}](@215) -> float_type, {6, 1500, 64}, {64, 1152, 1}, target_id=0: 0.00101742ms, 1%
@217 = reshape_lazy[dims={1, 1500, 6, 64}](@211) -> float_type, {1, 1500, 6, 64}, {576000, 384, 64, 1}, target_id=0: 0.00068428ms, 1%
@218 = transpose[permutation={0, 2, 1, 3}](@217) -> float_type, {1, 6, 1500, 64}, {576000, 64, 384, 1}, target_id=0: 0.00071934ms, 1%
@219 = transpose[permutation={0, 2, 1}](@216) -> float_type, {6, 64, 1500}, {64, 1, 1152}, target_id=0: 0.00112026ms, 1%
@220 = reshape_lazy[dims={6, -1, 64}](@218) -> float_type, {6, 1500, 64}, {64, 384, 1}, target_id=0: 0.00069054ms, 1%
@221 = gpu::gemm[alpha=1,beta=0,compute_fp32=1,trans_batch=0,solution_idx=0](@220,@219,@212) -> float_type, {6, 1500, 1500}, {2250000, 1500, 1}, target_id=0: 0.124254ms, 4%
@222 = hip::hip_copy_literal[id=main:@literal:38] -> float_type, {384}, {1}, target_id=0: 0.001422ms, 1%
@223 = load[offset=63216000,end=65520000](@1) -> float_type, {1, 1500, 384}, {576000, 384, 1}, target_id=0: 0.00079174ms, 1%
@224 = multibroadcast[out_lens={1, 1500, 384},out_dyn_dims={}](@222) -> float_type, {1, 1500, 384}, {0, 0, 1}, target_id=0: 0.00106282ms, 1%
@225 = slice[axes={2},starts={768},ends={1152}](@206) -> float_type, {1, 1500, 384}, {1728000, 1152, 1}, target_id=0: 0.0012526ms, 1%
@226 = gpu::code_object[code_object=4032,symbol_name=add_kernel,global=288000,local=1024,](@224,@225,@223) -> float_type, {1, 1500, 384}, {576000, 384, 1}, target_id=0: 0.022214ms, 1%
@227 = load[offset=65520000,end=119520000](@1) -> float_type, {6, 1500, 1500}, {2250000, 1500, 1}, target_id=0: 0.00081572ms, 1%
@228 = gpu::code_object[code_object=6240,symbol_name=reduce_max_sub_exp_reduce_sum_div_kernel,global=2304000,local=256,](@221,@227) -> float_type, {6, 1500, 1500}, {2250000, 1500, 1}, target_id=0: 0.143934ms, 4%
@229 = load[offset=2304000,end=4608000](@1) -> float_type, {6, 1500, 64}, {96000, 64, 1}, target_id=0: 0.0007919ms, 1%
@230 = reshape_lazy[dims={1, -1, 6, 64}](@226) -> float_type, {1, 1500, 6, 64}, {576000, 384, 64, 1}, target_id=0: 0.00078006ms, 1%
@231 = transpose[permutation={0, 2, 1, 3}](@230) -> float_type, {1, 6, 1500, 64}, {576000, 64, 384, 1}, target_id=0: 0.00083992ms, 1%
@232 = reshape_lazy[dims={6, -1, 64}](@231) -> float_type, {6, 1500, 64}, {64, 384, 1}, target_id=0: 0.00066602ms, 1%
@233 = gpu::gemm[alpha=1,beta=0,compute_fp32=1,trans_batch=0,solution_idx=0](@228,@232,@229) -> float_type, {6, 1500, 64}, {96000, 64, 1}, target_id=0: 0.121179ms, 3%
@234 = hip::hip_copy_literal[id=main:@literal:32] -> float_type, {384, 384}, {384, 1}, target_id=0: 0.00131918ms, 1%
@235 = reshape_lazy[dims={1, 6, 1500, 64}](@233) -> float_type, {1, 6, 1500, 64}, {576000, 96000, 64, 1}, target_id=0: 0.00077656ms, 1%
@236 = transpose[permutation={0, 2, 1, 3}](@235) -> float_type, {1, 1500, 6, 64}, {576000, 64, 96000, 1}, target_id=0: 0.00078772ms, 1%
@237 = load[offset=4608000,end=6912000](@1) -> float_type, {1, 1500, 6, 64}, {576000, 384, 64, 1}, target_id=0: 0.00079838ms, 1%
@238 = gpu::code_object[code_object=4016,symbol_name=contiguous_kernel,global=288000,local=1024,](@236,@237) -> float_type, {1, 1500, 6, 64}, {576000, 384, 64, 1}, target_id=0: 0.0212014ms, 1%
@239 = multibroadcast[out_lens={1, 384, 384},out_dyn_dims={}](@234) -> float_type, {1, 384, 384}, {0, 384, 1}, target_id=0: 0.00129616ms, 1%
@240 = reshape_lazy[dims={1, 1500, 384}](@238) -> float_type, {1, 1500, 384}, {576000, 384, 1}, target_id=0: 0.00068944ms, 1%
@241 = load[offset=2304000,end=4608000](@1) -> float_type, {1, 1500, 384}, {576000, 384, 1}, target_id=0: 0.0007127ms, 1%
@242 = gpu::gemm[alpha=1,beta=1,compute_fp32=1,trans_batch=0,solution_idx=0](@240,@239,@198,@241) -> float_type, {1, 1500, 384}, {576000, 384, 1}, target_id=0: 0.0514382ms, 2%
@243 = hip::hip_copy_literal[id=main:@literal:11] -> float_type, {1, 384, 1536}, {589824, 1536, 1}, target_id=0: 0.00086988ms, 1%
@244 = hip::hip_copy_literal[id=main:@literal:15] -> float_type, {1500, 1536}, {1536, 1}, target_id=0: 0.0008117ms, 1%
@245 = hip::hip_copy_literal[id=main:@literal:31] -> float_type, {1500, 384}, {384, 1}, target_id=0: 0.0006575ms, 1%
@246 = hip::hip_copy_literal[id=main:@literal:30] -> float_type, {1500, 384}, {384, 1}, target_id=0: 0.0007291ms, 1%
@247 = multibroadcast[out_lens={1, 1500, 384},out_dyn_dims={}](@246) -> float_type, {1, 1500, 384}, {0, 384, 1}, target_id=0: 0.00101934ms, 1%
@248 = load[offset=4608000,end=6912000](@1) -> float_type, {1, 1500, 384}, {576000, 384, 1}, target_id=0: 0.00073574ms, 1%
@249 = gpu::code_object[code_object=4736,symbol_name=add_layernorm_kernel,global=288000,local=192,](@242,@247,@248) -> float_type, {1, 1500, 384}, {576000, 384, 1}, target_id=0: 0.0240583ms, 1%
@250 = load[offset=13824000,end=23040000](@1) -> float_type, {1, 1500, 1536}, {2304000, 1536, 1}, target_id=0: 0.00080948ms, 1%
@251 = gpu::gemm[alpha=1,beta=0,compute_fp32=1,trans_batch=0,solution_idx=0](@249,@243,@250) -> float_type, {1, 1500, 1536}, {2304000, 1536, 1}, target_id=0: 0.0882694ms, 3%
@252 = hip::hip_copy_literal[id=main:@literal:20] -> float_type, {1536, 384}, {384, 1}, target_id=0: 0.0008244ms, 1%
@253 = hip::hip_copy_literal[id=main:@literal:36] -> float_type, {384}, {1}, target_id=0: 0.00078006ms, 1%
@254 = hip::hip_copy_literal[id=main:@literal:37] -> float_type, {384}, {1}, target_id=0: 0.0006135ms, 1%
@255 = multibroadcast[out_lens={1, 1500, 1536},out_dyn_dims={}](@244) -> float_type, {1, 1500, 1536}, {0, 1536, 1}, target_id=0: 0.001068ms, 1%
@256 = load[offset=4608000,end=13824000](@1) -> float_type, {1, 1500, 1536}, {2304000, 1536, 1}, target_id=0: 0.00074424ms, 1%
@257 = gpu::code_object[code_object=5496,symbol_name=add_mul_erf_add_mul_kernel,global=576000,local=1024,](@251,@255,@256) -> float_type, {1, 1500, 1536}, {2304000, 1536, 1}, target_id=0: 0.0469099ms, 2%
@258 = multibroadcast[out_lens={1, 1536, 384},out_dyn_dims={}](@252) -> float_type, {1, 1536, 384}, {0, 384, 1}, target_id=0: 0.00128686ms, 1%
@259 = load[offset=13824000,end=16128000](@1) -> float_type, {1, 1500, 384}, {576000, 384, 1}, target_id=0: 0.00071146ms, 1%
@260 = gpu::gemm[alpha=1,beta=1,compute_fp32=1,trans_batch=0,solution_idx=0](@257,@258,@242,@259) -> float_type, {1, 1500, 384}, {576000, 384, 1}, target_id=0: 0.119141ms, 3%
@261 = multibroadcast[out_lens={1, 1500, 384},out_dyn_dims={}](@253) -> float_type, {1, 1500, 384}, {0, 0, 1}, target_id=0: 0.00133442ms, 1%
@262 = multibroadcast[out_lens={1, 1500, 384},out_dyn_dims={}](@254) -> float_type, {1, 1500, 384}, {0, 0, 1}, target_id=0: 0.0009358ms, 1%
main:#output_0 = @param:main:#output_0 -> float_type, {1, 1500, 384}, {576000, 384, 1}, target_id=0: 0.00097884ms, 1%
@264 = multibroadcast[out_lens={1, 1500, 384},out_dyn_dims={}](@245) -> float_type, {1, 1500, 384}, {0, 384, 1}, target_id=0: 0.0008607ms, 1%
@265 = gpu::code_object[code_object=4800,symbol_name=add_layernorm_mul_add_kernel,global=288000,local=192,](@260,@264,@262,@261,main:#output_0) -> float_type, {1, 1500, 384}, {576000, 384, 1}, target_id=0: 0.0255902ms, 1%
@266 = @return(@265), target_id=0
Summary:
gpu::gemm: 2.35792ms / 24 = 0.0982467ms, 57%
gpu::code_object::reduce_max_sub_exp_reduce_sum_div_kernel: 0.573038ms / 4 = 0.14326ms, 14%
gpu::convolution: 0.232014ms / 2 = 0.116007ms, 6%
gpu::code_object::add_layernorm_kernel: 0.218375ms / 8 = 0.0272969ms, 6%
gpu::code_object::add_mul_erf_add_mul_kernel: 0.187697ms / 4 = 0.0469242ms, 5%
gpu::code_object::add_kernel: 0.121604ms / 5 = 0.0243208ms, 3%
gpu::code_object::mul_add_kernel: 0.0897372ms / 4 = 0.0224343ms, 3%
gpu::code_object::contiguous_kernel: 0.0851982ms / 4 = 0.0212995ms, 3%
gpu::code_object::add_mul_erf_add_mul_mul_kernel: 0.0552103ms / 2 = 0.0276052ms, 2%
load: 0.0448029ms / 59 = 0.000759372ms, 2%
hip::hip_copy_literal: 0.041265ms / 47 = 0.000877979ms, 1%
multibroadcast: 0.0344308ms / 31 = 0.00111067ms, 1%
reshape_lazy: 0.0264719ms / 32 = 0.000827247ms, 1%
gpu::code_object::add_layernorm_mul_add_kernel: 0.0255902ms / 1 = 0.0255902ms, 1%
transpose: 0.0192648ms / 21 = 0.00091737ms, 1%
slice: 0.0169583ms / 12 = 0.00141319ms, 1%
broadcast: 0.0041968ms / 2 = 0.0020984ms, 1%
@param: 0.0014788ms / 2 = 0.0007394ms, 1%
hip::hip_allocate_memory: 0.00103024ms / 1 = 0.00103024ms, 1%
check_context::migraphx::gpu::context: 0.00096412ms / 1 = 0.00096412ms, 1%

Batch size: 1
Rate: 335.715 inferences/sec
Total time: 2.97872ms
Total instructions time: 4.13725ms
Overhead time: 0.0533149ms, -1.15853ms
Overhead: 2%, -39%
[ MIGraphX Version: 2.9.0.0a38c3e9e ] Complete: /src/AMDMIGraphX/build/bin/driver perf --input-dim @input_features 1 80 3000 --gpu /new-saved-models/whisper-tiny/encoder_model.onnx
