Compiling ... 
Reading: /saved-models/torchvision/vgg16i16.onnx
module: "main"
main:@0 = check_context::migraphx::version_1::gpu::context -> float_type, {}, {}
main:@1 = hip::hip_allocate_memory[shape=float_type, {102760448}, {1},id=main:scratch] -> float_type, {102760448}, {1}
main:@2 = hip::hip_copy_literal[id=main:@literal:18] -> float_type, {64, 64, 3, 3}, {576, 9, 3, 1}
main:@3 = hip::hip_copy_literal[id=main:@literal:19] -> float_type, {64}, {1}
main:@4 = hip::hip_copy_literal[id=main:@literal:30] -> float_type, {64, 3, 3, 3}, {27, 9, 3, 1}
main:@5 = hip::hip_copy_literal[id=main:@literal:31] -> float_type, {64}, {1}
main:@6 = load[offset=0,end=205520896](main:@1) -> float_type, {16, 64, 224, 224}, {3211264, 50176, 224, 1}
main:@7 = broadcast[axis=1,out_lens={16, 64, 224, 224}](main:@5) -> float_type, {16, 64, 224, 224}, {0, 1, 0, 0}
input.1 = @param:input.1 -> float_type, {16, 3, 224, 224}, {150528, 50176, 224, 1}
main:@9 = gpu::miopen_fusion[ops={{op=convolution[padding={1, 1, 1, 1},stride={1, 1},dilation={1, 1},group=1,padding_mode=0],alpha=1,beta=0}, {op=add,alpha=1,beta=0}, {op=relu,alpha=1,beta=0}}](input.1,main:@4,main:@7,main:@6) -> float_type, {16, 64, 224, 224}, {3211264, 50176, 224, 1}
main:@10 = load[offset=205520896,end=411041792](main:@1) -> float_type, {16, 64, 224, 224}, {3211264, 50176, 224, 1}
main:@11 = broadcast[axis=1,out_lens={16, 64, 224, 224}](main:@3) -> float_type, {16, 64, 224, 224}, {0, 1, 0, 0}
main:@12 = gpu::miopen_fusion[ops={{op=convolution[padding={1, 1, 1, 1},stride={1, 1},dilation={1, 1},group=1,padding_mode=0],alpha=1,beta=0}, {op=add,alpha=1,beta=0}, {op=relu,alpha=1,beta=0}}](main:@9,main:@2,main:@11,main:@10) -> float_type, {16, 64, 224, 224}, {3211264, 50176, 224, 1}
main:@13 = load[offset=0,end=51380224](main:@1) -> float_type, {16, 64, 112, 112}, {802816, 12544, 112, 1}
main:@14 = gpu::pooling[mode=max,padding={0, 0, 0, 0},stride={2, 2},lengths={2, 2},ceil_mode=0,lp_order=2](main:@12,main:@13) -> float_type, {16, 64, 112, 112}, {802816, 12544, 112, 1}
main:@15 = hip::hip_copy_literal[id=main:@literal:6] -> float_type, {128, 128, 3, 3}, {1152, 9, 3, 1}
main:@16 = hip::hip_copy_literal[id=main:@literal:7] -> float_type, {128}, {1}
main:@17 = hip::hip_copy_literal[id=main:@literal:8] -> float_type, {128, 64, 3, 3}, {576, 9, 3, 1}
main:@18 = hip::hip_copy_literal[id=main:@literal:9] -> float_type, {128}, {1}
main:@19 = load[offset=51380224,end=154140672](main:@1) -> float_type, {16, 128, 112, 112}, {1605632, 12544, 112, 1}
main:@20 = broadcast[axis=1,out_lens={16, 128, 112, 112}](main:@18) -> float_type, {16, 128, 112, 112}, {0, 1, 0, 0}
main:@21 = gpu::miopen_fusion[ops={{op=convolution[padding={1, 1, 1, 1},stride={1, 1},dilation={1, 1},group=1,padding_mode=0],alpha=1,beta=0}, {op=add,alpha=1,beta=0}, {op=relu,alpha=1,beta=0}}](main:@14,main:@17,main:@20,main:@19) -> float_type, {16, 128, 112, 112}, {1605632, 12544, 112, 1}
main:@22 = load[offset=154140672,end=256901120](main:@1) -> float_type, {16, 128, 112, 112}, {1605632, 12544, 112, 1}
main:@23 = broadcast[axis=1,out_lens={16, 128, 112, 112}](main:@16) -> float_type, {16, 128, 112, 112}, {0, 1, 0, 0}
main:@24 = gpu::miopen_fusion[ops={{op=convolution[padding={1, 1, 1, 1},stride={1, 1},dilation={1, 1},group=1,padding_mode=0],alpha=1,beta=0}, {op=add,alpha=1,beta=0}, {op=relu,alpha=1,beta=0}}](main:@21,main:@15,main:@23,main:@22) -> float_type, {16, 128, 112, 112}, {1605632, 12544, 112, 1}
main:@25 = load[offset=0,end=25690112](main:@1) -> float_type, {16, 128, 56, 56}, {401408, 3136, 56, 1}
main:@26 = gpu::pooling[mode=max,padding={0, 0, 0, 0},stride={2, 2},lengths={2, 2},ceil_mode=0,lp_order=2](main:@24,main:@25) -> float_type, {16, 128, 56, 56}, {401408, 3136, 56, 1}
main:@27 = hip::hip_copy_literal[id=main:@literal:24] -> float_type, {256, 256, 3, 3}, {2304, 9, 3, 1}
main:@28 = hip::hip_copy_literal[id=main:@literal:25] -> float_type, {256}, {1}
main:@29 = hip::hip_copy_literal[id=main:@literal:26] -> float_type, {256, 256, 3, 3}, {2304, 9, 3, 1}
main:@30 = hip::hip_copy_literal[id=main:@literal:27] -> float_type, {256}, {1}
main:@31 = hip::hip_copy_literal[id=main:@literal:28] -> float_type, {256, 128, 3, 3}, {1152, 9, 3, 1}
main:@32 = hip::hip_copy_literal[id=main:@literal:29] -> float_type, {256}, {1}
main:@33 = load[offset=51380224,end=102760448](main:@1) -> float_type, {16, 256, 56, 56}, {802816, 3136, 56, 1}
main:@34 = broadcast[axis=1,out_lens={16, 256, 56, 56}](main:@32) -> float_type, {16, 256, 56, 56}, {0, 1, 0, 0}
main:@35 = gpu::miopen_fusion[ops={{op=convolution[padding={1, 1, 1, 1},stride={1, 1},dilation={1, 1},group=1,padding_mode=0],alpha=1,beta=0}, {op=add,alpha=1,beta=0}, {op=relu,alpha=1,beta=0}}](main:@26,main:@31,main:@34,main:@33) -> float_type, {16, 256, 56, 56}, {802816, 3136, 56, 1}
main:@36 = load[offset=0,end=51380224](main:@1) -> float_type, {16, 256, 56, 56}, {802816, 3136, 56, 1}
main:@37 = broadcast[axis=1,out_lens={16, 256, 56, 56}](main:@30) -> float_type, {16, 256, 56, 56}, {0, 1, 0, 0}
main:@38 = gpu::miopen_fusion[ops={{op=convolution[padding={1, 1, 1, 1},stride={1, 1},dilation={1, 1},group=1,padding_mode=0],alpha=1,beta=0}, {op=add,alpha=1,beta=0}, {op=relu,alpha=1,beta=0}}](main:@35,main:@29,main:@37,main:@36) -> float_type, {16, 256, 56, 56}, {802816, 3136, 56, 1}
main:@39 = load[offset=51380224,end=102760448](main:@1) -> float_type, {16, 256, 56, 56}, {802816, 3136, 56, 1}
main:@40 = broadcast[axis=1,out_lens={16, 256, 56, 56}](main:@28) -> float_type, {16, 256, 56, 56}, {0, 1, 0, 0}
main:@41 = gpu::miopen_fusion[ops={{op=convolution[padding={1, 1, 1, 1},stride={1, 1},dilation={1, 1},group=1,padding_mode=0],alpha=1,beta=0}, {op=add,alpha=1,beta=0}, {op=relu,alpha=1,beta=0}}](main:@38,main:@27,main:@40,main:@39) -> float_type, {16, 256, 56, 56}, {802816, 3136, 56, 1}
main:@42 = load[offset=0,end=12845056](main:@1) -> float_type, {16, 256, 28, 28}, {200704, 784, 28, 1}
main:@43 = gpu::pooling[mode=max,padding={0, 0, 0, 0},stride={2, 2},lengths={2, 2},ceil_mode=0,lp_order=2](main:@41,main:@42) -> float_type, {16, 256, 28, 28}, {200704, 784, 28, 1}
main:@44 = hip::hip_copy_literal[id=main:@literal:0] -> float_type, {25088, 4096}, {4096, 1}
main:@45 = hip::hip_copy_literal[id=main:@literal:4] -> float_type, {16, 4096}, {4096, 1}
main:@46 = hip::hip_copy_literal[id=main:@literal:1] -> float_type, {16, 4096}, {4096, 1}
main:@47 = hip::hip_copy_literal[id=main:@literal:3] -> float_type, {4096, 1000}, {1000, 1}
main:@48 = hip::hip_copy_literal[id=main:@literal:2] -> float_type, {4096, 4096}, {4096, 1}
main:@49 = hip::hip_copy_literal[id=main:@literal:5] -> float_type, {16, 1000}, {1000, 1}
main:@50 = hip::hip_copy_literal[id=main:@literal:10] -> float_type, {512, 512, 3, 3}, {4608, 9, 3, 1}
main:@51 = hip::hip_copy_literal[id=main:@literal:11] -> float_type, {512}, {1}
main:@52 = hip::hip_copy_literal[id=main:@literal:12] -> float_type, {512, 512, 3, 3}, {4608, 9, 3, 1}
main:@53 = hip::hip_copy_literal[id=main:@literal:13] -> float_type, {512}, {1}
main:@54 = hip::hip_copy_literal[id=main:@literal:14] -> float_type, {512, 512, 3, 3}, {4608, 9, 3, 1}
main:@55 = hip::hip_copy_literal[id=main:@literal:15] -> float_type, {512}, {1}
main:@56 = hip::hip_copy_literal[id=main:@literal:16] -> float_type, {512, 512, 3, 3}, {4608, 9, 3, 1}
main:@57 = hip::hip_copy_literal[id=main:@literal:17] -> float_type, {512}, {1}
main:@58 = hip::hip_copy_literal[id=main:@literal:20] -> float_type, {512, 512, 3, 3}, {4608, 9, 3, 1}
main:@59 = hip::hip_copy_literal[id=main:@literal:21] -> float_type, {512}, {1}
main:@60 = hip::hip_copy_literal[id=main:@literal:22] -> float_type, {512, 256, 3, 3}, {2304, 9, 3, 1}
main:@61 = hip::hip_copy_literal[id=main:@literal:23] -> float_type, {512}, {1}
main:@62 = load[offset=25690112,end=51380224](main:@1) -> float_type, {16, 512, 28, 28}, {401408, 784, 28, 1}
main:@63 = broadcast[axis=1,out_lens={16, 512, 28, 28}](main:@61) -> float_type, {16, 512, 28, 28}, {0, 1, 0, 0}
main:@64 = gpu::miopen_fusion[ops={{op=convolution[padding={1, 1, 1, 1},stride={1, 1},dilation={1, 1},group=1,padding_mode=0],alpha=1,beta=0}, {op=add,alpha=1,beta=0}, {op=relu,alpha=1,beta=0}}](main:@43,main:@60,main:@63,main:@62) -> float_type, {16, 512, 28, 28}, {401408, 784, 28, 1}
main:@65 = load[offset=0,end=25690112](main:@1) -> float_type, {16, 512, 28, 28}, {401408, 784, 28, 1}
main:@66 = broadcast[axis=1,out_lens={16, 512, 28, 28}](main:@59) -> float_type, {16, 512, 28, 28}, {0, 1, 0, 0}
main:@67 = gpu::miopen_fusion[ops={{op=convolution[padding={1, 1, 1, 1},stride={1, 1},dilation={1, 1},group=1,padding_mode=0],alpha=1,beta=0}, {op=add,alpha=1,beta=0}, {op=relu,alpha=1,beta=0}}](main:@64,main:@58,main:@66,main:@65) -> float_type, {16, 512, 28, 28}, {401408, 784, 28, 1}
main:@68 = load[offset=25690112,end=51380224](main:@1) -> float_type, {16, 512, 28, 28}, {401408, 784, 28, 1}
main:@69 = broadcast[axis=1,out_lens={16, 512, 28, 28}](main:@57) -> float_type, {16, 512, 28, 28}, {0, 1, 0, 0}
main:@70 = gpu::miopen_fusion[ops={{op=convolution[padding={1, 1, 1, 1},stride={1, 1},dilation={1, 1},group=1,padding_mode=0],alpha=1,beta=0}, {op=add,alpha=1,beta=0}, {op=relu,alpha=1,beta=0}}](main:@67,main:@56,main:@69,main:@68) -> float_type, {16, 512, 28, 28}, {401408, 784, 28, 1}
main:@71 = load[offset=0,end=6422528](main:@1) -> float_type, {16, 512, 14, 14}, {100352, 196, 14, 1}
main:@72 = gpu::pooling[mode=max,padding={0, 0, 0, 0},stride={2, 2},lengths={2, 2},ceil_mode=0,lp_order=2](main:@70,main:@71) -> float_type, {16, 512, 14, 14}, {100352, 196, 14, 1}
main:@73 = load[offset=6422528,end=12845056](main:@1) -> float_type, {16, 512, 14, 14}, {100352, 196, 14, 1}
main:@74 = broadcast[axis=1,out_lens={16, 512, 14, 14}](main:@55) -> float_type, {16, 512, 14, 14}, {0, 1, 0, 0}
main:@75 = gpu::miopen_fusion[ops={{op=convolution[padding={1, 1, 1, 1},stride={1, 1},dilation={1, 1},group=1,padding_mode=0],alpha=1,beta=0}, {op=add,alpha=1,beta=0}, {op=relu,alpha=1,beta=0}}](main:@72,main:@54,main:@74,main:@73) -> float_type, {16, 512, 14, 14}, {100352, 196, 14, 1}
main:@76 = load[offset=0,end=6422528](main:@1) -> float_type, {16, 512, 14, 14}, {100352, 196, 14, 1}
main:@77 = broadcast[axis=1,out_lens={16, 512, 14, 14}](main:@53) -> float_type, {16, 512, 14, 14}, {0, 1, 0, 0}
main:@78 = gpu::miopen_fusion[ops={{op=convolution[padding={1, 1, 1, 1},stride={1, 1},dilation={1, 1},group=1,padding_mode=0],alpha=1,beta=0}, {op=add,alpha=1,beta=0}, {op=relu,alpha=1,beta=0}}](main:@75,main:@52,main:@77,main:@76) -> float_type, {16, 512, 14, 14}, {100352, 196, 14, 1}
main:@79 = load[offset=6422528,end=12845056](main:@1) -> float_type, {16, 512, 14, 14}, {100352, 196, 14, 1}
main:@80 = broadcast[axis=1,out_lens={16, 512, 14, 14}](main:@51) -> float_type, {16, 512, 14, 14}, {0, 1, 0, 0}
main:@81 = gpu::miopen_fusion[ops={{op=convolution[padding={1, 1, 1, 1},stride={1, 1},dilation={1, 1},group=1,padding_mode=0],alpha=1,beta=0}, {op=add,alpha=1,beta=0}, {op=relu,alpha=1,beta=0}}](main:@78,main:@50,main:@80,main:@79) -> float_type, {16, 512, 14, 14}, {100352, 196, 14, 1}
main:@82 = load[offset=1605632,end=3211264](main:@1) -> float_type, {16, 512, 7, 7}, {25088, 49, 7, 1}
main:@83 = gpu::pooling[mode=max,padding={0, 0, 0, 0},stride={2, 2},lengths={2, 2},ceil_mode=0,lp_order=2](main:@81,main:@82) -> float_type, {16, 512, 7, 7}, {25088, 49, 7, 1}
main:@84 = load[offset=0,end=1605632](main:@1) -> float_type, {16, 512, 7, 7}, {25088, 49, 7, 1}
main:@85 = gpu::pooling[mode=average,padding={0, 0, 0, 0},stride={1, 1},lengths={1, 1},ceil_mode=0,lp_order=2](main:@83,main:@84) -> float_type, {16, 512, 7, 7}, {25088, 49, 7, 1}
main:@86 = load[offset=1605632,end=1867776](main:@1) -> float_type, {16, 4096}, {4096, 1}
main:@87 = flatten[axis=1](main:@85) -> float_type, {16, 25088}, {25088, 1}
main:@88 = gpu::gemm[alpha=1,beta=0,int8_x4_format=0](main:@87,main:@44,main:@86) -> float_type, {16, 4096}, {4096, 1}
main:@89 = load[offset=0,end=262144](main:@1) -> float_type, {16, 4096}, {4096, 1}
main:@90 = gpu::code_object[code_object=13632,symbol_name=add_relu_kernel,global=16384,local=1024,](main:@88,main:@46,main:@89) -> float_type, {16, 4096}, {4096, 1}
main:@91 = load[offset=262144,end=524288](main:@1) -> float_type, {16, 4096}, {4096, 1}
main:@92 = gpu::gemm[alpha=1,beta=0,int8_x4_format=0](main:@90,main:@48,main:@91) -> float_type, {16, 4096}, {4096, 1}
main:@93 = load[offset=0,end=262144](main:@1) -> float_type, {16, 4096}, {4096, 1}
main:@94 = gpu::code_object[code_object=13632,symbol_name=add_relu_kernel,global=16384,local=1024,](main:@92,main:@45,main:@93) -> float_type, {16, 4096}, {4096, 1}
main:#output_0 = @param:main:#output_0 -> float_type, {16, 1000}, {1000, 1}
main:@96 = gpu::gemm[alpha=1,beta=1,int8_x4_format=0](main:@94,main:@47,main:@49,main:#output_0) -> float_type, {16, 1000}, {1000, 1}
main:@97 = @return(main:@96)


Allocating params ... 
Running performance report ... 
main:@0 = check_context::migraphx::version_1::gpu::context -> float_type, {}, {}: 0.00052122ms, 1%
main:@1 = hip::hip_allocate_memory[shape=float_type, {102760448}, {1},id=main:scratch] -> float_type, {102760448}, {1}: 0.0004958ms, 1%
main:@2 = hip::hip_copy_literal[id=main:@literal:18] -> float_type, {64, 64, 3, 3}, {576, 9, 3, 1}: 0.0005396ms, 1%
main:@3 = hip::hip_copy_literal[id=main:@literal:19] -> float_type, {64}, {1}: 0.00035824ms, 1%
main:@4 = hip::hip_copy_literal[id=main:@literal:30] -> float_type, {64, 3, 3, 3}, {27, 9, 3, 1}: 0.00034538ms, 1%
main:@5 = hip::hip_copy_literal[id=main:@literal:31] -> float_type, {64}, {1}: 0.00036458ms, 1%
main:@6 = load[offset=0,end=205520896](main:@1) -> float_type, {16, 64, 224, 224}, {3211264, 50176, 224, 1}: 0.0003981ms, 1%
main:@7 = broadcast[axis=1,out_lens={16, 64, 224, 224}](main:@5) -> float_type, {16, 64, 224, 224}, {0, 1, 0, 0}: 0.00058686ms, 1%
input.1 = @param:input.1 -> float_type, {16, 3, 224, 224}, {150528, 50176, 224, 1}: 0.00037376ms, 1%
main:@9 = gpu::miopen_fusion[ops={{op=convolution[padding={1, 1, 1, 1},stride={1, 1},dilation={1, 1},group=1,padding_mode=0],alpha=1,beta=0}, {op=add,alpha=1,beta=0}, {op=relu,alpha=1,beta=0}}](input.1,main:@4,main:@7,main:@6) -> float_type, {16, 64, 224, 224}, {3211264, 50176, 224, 1}: 0.446082ms, 3%
main:@10 = load[offset=205520896,end=411041792](main:@1) -> float_type, {16, 64, 224, 224}, {3211264, 50176, 224, 1}: 0.00040092ms, 1%
main:@11 = broadcast[axis=1,out_lens={16, 64, 224, 224}](main:@3) -> float_type, {16, 64, 224, 224}, {0, 1, 0, 0}: 0.0004848ms, 1%
main:@12 = gpu::miopen_fusion[ops={{op=convolution[padding={1, 1, 1, 1},stride={1, 1},dilation={1, 1},group=1,padding_mode=0],alpha=1,beta=0}, {op=add,alpha=1,beta=0}, {op=relu,alpha=1,beta=0}}](main:@9,main:@2,main:@11,main:@10) -> float_type, {16, 64, 224, 224}, {3211264, 50176, 224, 1}: 1.98142ms, 11%
main:@13 = load[offset=0,end=51380224](main:@1) -> float_type, {16, 64, 112, 112}, {802816, 12544, 112, 1}: 0.00042598ms, 1%
main:@14 = gpu::pooling[mode=max,padding={0, 0, 0, 0},stride={2, 2},lengths={2, 2},ceil_mode=0,lp_order=2](main:@12,main:@13) -> float_type, {16, 64, 112, 112}, {802816, 12544, 112, 1}: 0.304007ms, 2%
main:@15 = hip::hip_copy_literal[id=main:@literal:6] -> float_type, {128, 128, 3, 3}, {1152, 9, 3, 1}: 0.00049704ms, 1%
main:@16 = hip::hip_copy_literal[id=main:@literal:7] -> float_type, {128}, {1}: 0.00034618ms, 1%
main:@17 = hip::hip_copy_literal[id=main:@literal:8] -> float_type, {128, 64, 3, 3}, {576, 9, 3, 1}: 0.00034212ms, 1%
main:@18 = hip::hip_copy_literal[id=main:@literal:9] -> float_type, {128}, {1}: 0.00038164ms, 1%
main:@19 = load[offset=51380224,end=154140672](main:@1) -> float_type, {16, 128, 112, 112}, {1605632, 12544, 112, 1}: 0.00037062ms, 1%
main:@20 = broadcast[axis=1,out_lens={16, 128, 112, 112}](main:@18) -> float_type, {16, 128, 112, 112}, {0, 1, 0, 0}: 0.00065196ms, 1%
main:@21 = gpu::miopen_fusion[ops={{op=convolution[padding={1, 1, 1, 1},stride={1, 1},dilation={1, 1},group=1,padding_mode=0],alpha=1,beta=0}, {op=add,alpha=1,beta=0}, {op=relu,alpha=1,beta=0}}](main:@14,main:@17,main:@20,main:@19) -> float_type, {16, 128, 112, 112}, {1605632, 12544, 112, 1}: 1.00544ms, 6%
main:@22 = load[offset=154140672,end=256901120](main:@1) -> float_type, {16, 128, 112, 112}, {1605632, 12544, 112, 1}: 0.00041232ms, 1%
main:@23 = broadcast[axis=1,out_lens={16, 128, 112, 112}](main:@16) -> float_type, {16, 128, 112, 112}, {0, 1, 0, 0}: 0.00046546ms, 1%
main:@24 = gpu::miopen_fusion[ops={{op=convolution[padding={1, 1, 1, 1},stride={1, 1},dilation={1, 1},group=1,padding_mode=0],alpha=1,beta=0}, {op=add,alpha=1,beta=0}, {op=relu,alpha=1,beta=0}}](main:@21,main:@15,main:@23,main:@22) -> float_type, {16, 128, 112, 112}, {1605632, 12544, 112, 1}: 1.85815ms, 11%
main:@25 = load[offset=0,end=25690112](main:@1) -> float_type, {16, 128, 56, 56}, {401408, 3136, 56, 1}: 0.0004189ms, 1%
main:@26 = gpu::pooling[mode=max,padding={0, 0, 0, 0},stride={2, 2},lengths={2, 2},ceil_mode=0,lp_order=2](main:@24,main:@25) -> float_type, {16, 128, 56, 56}, {401408, 3136, 56, 1}: 0.190655ms, 2%
main:@27 = hip::hip_copy_literal[id=main:@literal:24] -> float_type, {256, 256, 3, 3}, {2304, 9, 3, 1}: 0.00047916ms, 1%
main:@28 = hip::hip_copy_literal[id=main:@literal:25] -> float_type, {256}, {1}: 0.00035572ms, 1%
main:@29 = hip::hip_copy_literal[id=main:@literal:26] -> float_type, {256, 256, 3, 3}, {2304, 9, 3, 1}: 0.00040886ms, 1%
main:@30 = hip::hip_copy_literal[id=main:@literal:27] -> float_type, {256}, {1}: 0.0003604ms, 1%
main:@31 = hip::hip_copy_literal[id=main:@literal:28] -> float_type, {256, 128, 3, 3}, {1152, 9, 3, 1}: 0.00047712ms, 1%
main:@32 = hip::hip_copy_literal[id=main:@literal:29] -> float_type, {256}, {1}: 0.00036362ms, 1%
main:@33 = load[offset=51380224,end=102760448](main:@1) -> float_type, {16, 256, 56, 56}, {802816, 3136, 56, 1}: 0.00036858ms, 1%
main:@34 = broadcast[axis=1,out_lens={16, 256, 56, 56}](main:@32) -> float_type, {16, 256, 56, 56}, {0, 1, 0, 0}: 0.00051294ms, 1%
main:@35 = gpu::miopen_fusion[ops={{op=convolution[padding={1, 1, 1, 1},stride={1, 1},dilation={1, 1},group=1,padding_mode=0],alpha=1,beta=0}, {op=add,alpha=1,beta=0}, {op=relu,alpha=1,beta=0}}](main:@26,main:@31,main:@34,main:@33) -> float_type, {16, 256, 56, 56}, {802816, 3136, 56, 1}: 0.995718ms, 6%
main:@36 = load[offset=0,end=51380224](main:@1) -> float_type, {16, 256, 56, 56}, {802816, 3136, 56, 1}: 0.00039778ms, 1%
main:@37 = broadcast[axis=1,out_lens={16, 256, 56, 56}](main:@30) -> float_type, {16, 256, 56, 56}, {0, 1, 0, 0}: 0.0004603ms, 1%
main:@38 = gpu::miopen_fusion[ops={{op=convolution[padding={1, 1, 1, 1},stride={1, 1},dilation={1, 1},group=1,padding_mode=0],alpha=1,beta=0}, {op=add,alpha=1,beta=0}, {op=relu,alpha=1,beta=0}}](main:@35,main:@29,main:@37,main:@36) -> float_type, {16, 256, 56, 56}, {802816, 3136, 56, 1}: 1.88635ms, 11%
main:@39 = load[offset=51380224,end=102760448](main:@1) -> float_type, {16, 256, 56, 56}, {802816, 3136, 56, 1}: 0.00041988ms, 1%
main:@40 = broadcast[axis=1,out_lens={16, 256, 56, 56}](main:@28) -> float_type, {16, 256, 56, 56}, {0, 1, 0, 0}: 0.00043744ms, 1%
main:@41 = gpu::miopen_fusion[ops={{op=convolution[padding={1, 1, 1, 1},stride={1, 1},dilation={1, 1},group=1,padding_mode=0],alpha=1,beta=0}, {op=add,alpha=1,beta=0}, {op=relu,alpha=1,beta=0}}](main:@38,main:@27,main:@40,main:@39) -> float_type, {16, 256, 56, 56}, {802816, 3136, 56, 1}: 1.90959ms, 11%
main:@42 = load[offset=0,end=12845056](main:@1) -> float_type, {16, 256, 28, 28}, {200704, 784, 28, 1}: 0.00042916ms, 1%
main:@43 = gpu::pooling[mode=max,padding={0, 0, 0, 0},stride={2, 2},lengths={2, 2},ceil_mode=0,lp_order=2](main:@41,main:@42) -> float_type, {16, 256, 28, 28}, {200704, 784, 28, 1}: 0.104569ms, 1%
main:@44 = hip::hip_copy_literal[id=main:@literal:0] -> float_type, {25088, 4096}, {4096, 1}: 0.00046952ms, 1%
main:@45 = hip::hip_copy_literal[id=main:@literal:4] -> float_type, {16, 4096}, {4096, 1}: 0.0003955ms, 1%
main:@46 = hip::hip_copy_literal[id=main:@literal:1] -> float_type, {16, 4096}, {4096, 1}: 0.00036974ms, 1%
main:@47 = hip::hip_copy_literal[id=main:@literal:3] -> float_type, {4096, 1000}, {1000, 1}: 0.00036078ms, 1%
main:@48 = hip::hip_copy_literal[id=main:@literal:2] -> float_type, {4096, 4096}, {4096, 1}: 0.0004896ms, 1%
main:@49 = hip::hip_copy_literal[id=main:@literal:5] -> float_type, {16, 1000}, {1000, 1}: 0.0003388ms, 1%
main:@50 = hip::hip_copy_literal[id=main:@literal:10] -> float_type, {512, 512, 3, 3}, {4608, 9, 3, 1}: 0.000363ms, 1%
main:@51 = hip::hip_copy_literal[id=main:@literal:11] -> float_type, {512}, {1}: 0.0003745ms, 1%
main:@52 = hip::hip_copy_literal[id=main:@literal:12] -> float_type, {512, 512, 3, 3}, {4608, 9, 3, 1}: 0.00034086ms, 1%
main:@53 = hip::hip_copy_literal[id=main:@literal:13] -> float_type, {512}, {1}: 0.00045864ms, 1%
main:@54 = hip::hip_copy_literal[id=main:@literal:14] -> float_type, {512, 512, 3, 3}, {4608, 9, 3, 1}: 0.00034492ms, 1%
main:@55 = hip::hip_copy_literal[id=main:@literal:15] -> float_type, {512}, {1}: 0.00033374ms, 1%
main:@56 = hip::hip_copy_literal[id=main:@literal:16] -> float_type, {512, 512, 3, 3}, {4608, 9, 3, 1}: 0.00033414ms, 1%
main:@57 = hip::hip_copy_literal[id=main:@literal:17] -> float_type, {512}, {1}: 0.00036552ms, 1%
main:@58 = hip::hip_copy_literal[id=main:@literal:20] -> float_type, {512, 512, 3, 3}, {4608, 9, 3, 1}: 0.00041546ms, 1%
main:@59 = hip::hip_copy_literal[id=main:@literal:21] -> float_type, {512}, {1}: 0.0004377ms, 1%
main:@60 = hip::hip_copy_literal[id=main:@literal:22] -> float_type, {512, 256, 3, 3}, {2304, 9, 3, 1}: 0.00035674ms, 1%
main:@61 = hip::hip_copy_literal[id=main:@literal:23] -> float_type, {512}, {1}: 0.00035026ms, 1%
main:@62 = load[offset=25690112,end=51380224](main:@1) -> float_type, {16, 512, 28, 28}, {401408, 784, 28, 1}: 0.00036778ms, 1%
main:@63 = broadcast[axis=1,out_lens={16, 512, 28, 28}](main:@61) -> float_type, {16, 512, 28, 28}, {0, 1, 0, 0}: 0.00051864ms, 1%
main:@64 = gpu::miopen_fusion[ops={{op=convolution[padding={1, 1, 1, 1},stride={1, 1},dilation={1, 1},group=1,padding_mode=0],alpha=1,beta=0}, {op=add,alpha=1,beta=0}, {op=relu,alpha=1,beta=0}}](main:@43,main:@60,main:@63,main:@62) -> float_type, {16, 512, 28, 28}, {401408, 784, 28, 1}: 1.02688ms, 6%
main:@65 = load[offset=0,end=25690112](main:@1) -> float_type, {16, 512, 28, 28}, {401408, 784, 28, 1}: 0.00039728ms, 1%
main:@66 = broadcast[axis=1,out_lens={16, 512, 28, 28}](main:@59) -> float_type, {16, 512, 28, 28}, {0, 1, 0, 0}: 0.00048244ms, 1%
main:@67 = gpu::miopen_fusion[ops={{op=convolution[padding={1, 1, 1, 1},stride={1, 1},dilation={1, 1},group=1,padding_mode=0],alpha=1,beta=0}, {op=add,alpha=1,beta=0}, {op=relu,alpha=1,beta=0}}](main:@64,main:@58,main:@66,main:@65) -> float_type, {16, 512, 28, 28}, {401408, 784, 28, 1}: 1.94516ms, 11%
main:@68 = load[offset=25690112,end=51380224](main:@1) -> float_type, {16, 512, 28, 28}, {401408, 784, 28, 1}: 0.00042328ms, 1%
main:@69 = broadcast[axis=1,out_lens={16, 512, 28, 28}](main:@57) -> float_type, {16, 512, 28, 28}, {0, 1, 0, 0}: 0.00044708ms, 1%
main:@70 = gpu::miopen_fusion[ops={{op=convolution[padding={1, 1, 1, 1},stride={1, 1},dilation={1, 1},group=1,padding_mode=0],alpha=1,beta=0}, {op=add,alpha=1,beta=0}, {op=relu,alpha=1,beta=0}}](main:@67,main:@56,main:@69,main:@68) -> float_type, {16, 512, 28, 28}, {401408, 784, 28, 1}: 1.96815ms, 11%
main:@71 = load[offset=0,end=6422528](main:@1) -> float_type, {16, 512, 14, 14}, {100352, 196, 14, 1}: 0.0004247ms, 1%
main:@72 = gpu::pooling[mode=max,padding={0, 0, 0, 0},stride={2, 2},lengths={2, 2},ceil_mode=0,lp_order=2](main:@70,main:@71) -> float_type, {16, 512, 14, 14}, {100352, 196, 14, 1}: 0.0596817ms, 1%
main:@73 = load[offset=6422528,end=12845056](main:@1) -> float_type, {16, 512, 14, 14}, {100352, 196, 14, 1}: 0.0004002ms, 1%
main:@74 = broadcast[axis=1,out_lens={16, 512, 14, 14}](main:@55) -> float_type, {16, 512, 14, 14}, {0, 1, 0, 0}: 0.00049672ms, 1%
main:@75 = gpu::miopen_fusion[ops={{op=convolution[padding={1, 1, 1, 1},stride={1, 1},dilation={1, 1},group=1,padding_mode=0],alpha=1,beta=0}, {op=add,alpha=1,beta=0}, {op=relu,alpha=1,beta=0}}](main:@72,main:@54,main:@74,main:@73) -> float_type, {16, 512, 14, 14}, {100352, 196, 14, 1}: 0.584464ms, 4%
main:@76 = load[offset=0,end=6422528](main:@1) -> float_type, {16, 512, 14, 14}, {100352, 196, 14, 1}: 0.0004238ms, 1%
main:@77 = broadcast[axis=1,out_lens={16, 512, 14, 14}](main:@53) -> float_type, {16, 512, 14, 14}, {0, 1, 0, 0}: 0.00045628ms, 1%
main:@78 = gpu::miopen_fusion[ops={{op=convolution[padding={1, 1, 1, 1},stride={1, 1},dilation={1, 1},group=1,padding_mode=0],alpha=1,beta=0}, {op=add,alpha=1,beta=0}, {op=relu,alpha=1,beta=0}}](main:@75,main:@52,main:@77,main:@76) -> float_type, {16, 512, 14, 14}, {100352, 196, 14, 1}: 0.571359ms, 4%
main:@79 = load[offset=6422528,end=12845056](main:@1) -> float_type, {16, 512, 14, 14}, {100352, 196, 14, 1}: 0.0003904ms, 1%
main:@80 = broadcast[axis=1,out_lens={16, 512, 14, 14}](main:@51) -> float_type, {16, 512, 14, 14}, {0, 1, 0, 0}: 0.00046702ms, 1%
main:@81 = gpu::miopen_fusion[ops={{op=convolution[padding={1, 1, 1, 1},stride={1, 1},dilation={1, 1},group=1,padding_mode=0],alpha=1,beta=0}, {op=add,alpha=1,beta=0}, {op=relu,alpha=1,beta=0}}](main:@78,main:@50,main:@80,main:@79) -> float_type, {16, 512, 14, 14}, {100352, 196, 14, 1}: 0.568937ms, 4%
main:@82 = load[offset=1605632,end=3211264](main:@1) -> float_type, {16, 512, 7, 7}, {25088, 49, 7, 1}: 0.00039482ms, 1%
main:@83 = gpu::pooling[mode=max,padding={0, 0, 0, 0},stride={2, 2},lengths={2, 2},ceil_mode=0,lp_order=2](main:@81,main:@82) -> float_type, {16, 512, 7, 7}, {25088, 49, 7, 1}: 0.0328176ms, 1%
main:@84 = load[offset=0,end=1605632](main:@1) -> float_type, {16, 512, 7, 7}, {25088, 49, 7, 1}: 0.00040488ms, 1%
main:@85 = gpu::pooling[mode=average,padding={0, 0, 0, 0},stride={1, 1},lengths={1, 1},ceil_mode=0,lp_order=2](main:@83,main:@84) -> float_type, {16, 512, 7, 7}, {25088, 49, 7, 1}: 0.0320928ms, 1%
main:@86 = load[offset=1605632,end=1867776](main:@1) -> float_type, {16, 4096}, {4096, 1}: 0.00040854ms, 1%
main:@87 = flatten[axis=1](main:@85) -> float_type, {16, 25088}, {25088, 1}: 0.0005403ms, 1%
main:@88 = gpu::gemm[alpha=1,beta=0,int8_x4_format=0](main:@87,main:@44,main:@86) -> float_type, {16, 4096}, {4096, 1}: 0.456107ms, 3%
main:@89 = load[offset=0,end=262144](main:@1) -> float_type, {16, 4096}, {4096, 1}: 0.00044822ms, 1%
main:@90 = gpu::code_object[code_object=13632,symbol_name=add_relu_kernel,global=16384,local=1024,](main:@88,main:@46,main:@89) -> float_type, {16, 4096}, {4096, 1}: 0.017802ms, 1%
main:@91 = load[offset=262144,end=524288](main:@1) -> float_type, {16, 4096}, {4096, 1}: 0.00038424ms, 1%
main:@92 = gpu::gemm[alpha=1,beta=0,int8_x4_format=0](main:@90,main:@48,main:@91) -> float_type, {16, 4096}, {4096, 1}: 0.102693ms, 1%
main:@93 = load[offset=0,end=262144](main:@1) -> float_type, {16, 4096}, {4096, 1}: 0.00041468ms, 1%
main:@94 = gpu::code_object[code_object=13632,symbol_name=add_relu_kernel,global=16384,local=1024,](main:@92,main:@45,main:@93) -> float_type, {16, 4096}, {4096, 1}: 0.0176438ms, 1%
main:#output_0 = @param:main:#output_0 -> float_type, {16, 1000}, {1000, 1}: 0.00049136ms, 1%
main:@96 = gpu::gemm[alpha=1,beta=1,int8_x4_format=0](main:@94,main:@47,main:@49,main:#output_0) -> float_type, {16, 1000}, {1000, 1}: 0.0958505ms, 1%
main:@97 = @return(main:@96)
Summary:
gpu::miopen_fusion: 16.7477ms, 93%
gpu::pooling: 0.723823ms, 4%
gpu::gemm: 0.65465ms, 4%
gpu::code_object::add_relu_kernel: 0.0354458ms, 1%
hip::hip_copy_literal: 0.0125191ms, 1%
load: 0.00932506ms, 1%
broadcast: 0.00646794ms, 1%
@param: 0.00086512ms, 1%
flatten: 0.0005403ms, 1%
check_context::migraphx::version_1::gpu::context: 0.00052122ms, 1%
hip::hip_allocate_memory: 0.0004958ms, 1%

Batch size: 1
Rate: 55.8671/sec
Total time: 17.8996ms
Total instructions time: 18.1924ms
Overhead time: 0.0207393ms, -0.292767ms
Overhead: 0%, -2%
