Compiling ... 
Reading: /new-saved-models/torchvision/resnet50i1.onnx
Benchmarking gpu::mlir_op: 36 configs
Fastest solution: 64,64,2,32,32,8,1,1
Benchmarking gpu::mlir_op: 36 configs
Fastest solution: 32,32,4,16,16,8,1,1
Benchmarking gpu::mlir_op: 36 configs
Fastest solution: 64,64,4,32,32,4,1,1
Benchmarking gpu::mlir_op: 36 configs
Fastest solution: 32,32,4,16,16,8,1,1
Benchmarking gpu::mlir_op: 36 configs
Fastest solution: 32,32,4,16,16,8,1,1
Benchmarking gpu::mlir_op: 36 configs
Fastest solution: 32,64,2,32,32,8,1,1
Benchmarking gpu::mlir_op: 36 configs
Fastest solution: 64,64,8,32,32,4,1,1
Benchmarking gpu::mlir_op: 36 configs
Fastest solution: 32,32,8,16,16,4,1,1
Benchmarking gpu::mlir_op: 36 configs
Fastest solution: 32,32,8,16,16,4,1,1
Benchmarking gpu::mlir_op: 36 configs
Fastest solution: 32,32,4,16,16,8,1,1
Benchmarking gpu::mlir_op: 36 configs
Fastest solution: 32,32,8,16,16,4,1,1
Benchmarking gpu::mlir_op: 36 configs
Fastest solution: 32,32,8,16,16,8,1,1
Benchmarking gpu::mlir_op: 36 configs
Fastest solution: 32,32,8,16,16,4,1,1
Benchmarking gpu::mlir_op: 36 configs
Fastest solution: 32,32,8,16,16,8,1,1
Benchmarking gpu::mlir_op: 36 configs
Fastest solution: 32,32,8,16,16,4,1,1
Benchmarking gpu::mlir_op: 36 configs
Fastest solution: 32,32,8,16,16,4,1,1
Benchmarking gpu::mlir_op: 36 configs
Fastest solution: 32,32,4,16,16,8,1,1
module: "main"
@0 = check_context::migraphx::gpu::context -> float_type, {}, {}, target_id=0
@1 = hip::hip_allocate_memory[shape=int8_type, {11243520}, {1},id=main:scratch] -> int8_type, {11243520}, {1}, target_id=0
@2 = hip::hip_copy_literal[id=main:@literal:98] -> float_type, {64}, {1}, target_id=0
@3 = hip::hip_copy_literal[id=main:@literal:99] -> float_type, {64, 3, 7, 7}, {147, 49, 7, 1}, target_id=0
@4 = load[offset=3211264,end=6422528](@1) -> float_type, {1, 64, 112, 112}, {802816, 12544, 112, 1}, target_id=0
@5 = broadcast[axis=1,out_lens={1, 64, 112, 112}](@2) -> float_type, {1, 64, 112, 112}, {0, 1, 0, 0}, target_id=0
input.1 = @param:input.1 -> float_type, {1, 3, 224, 224}, {150528, 50176, 224, 1}, target_id=0
@7 = gpu::code_object[code_object=5648,symbol_name=mlir_convolution_add_relu,global=50176,local=256,](@5,input.1,@3,@4) -> float_type, {1, 64, 112, 112}, {802816, 12544, 112, 1}, target_id=0
@8 = load[offset=2408448,end=3211264](@1) -> float_type, {1, 64, 56, 56}, {200704, 3136, 56, 1}, target_id=0
@9 = gpu::pooling[mode=max,padding={1, 1, 1, 1},padding_mode=0,stride={2, 2},lengths={3, 3},ceil_mode=0,lp_order=2,dyn_global=0](@7,@8) -> float_type, {1, 64, 56, 56}, {200704, 3136, 56, 1}, target_id=0
@10 = hip::hip_copy_literal[id=main:@literal:96] -> float_type, {64}, {1}, target_id=0
@11 = hip::hip_copy_literal[id=main:@literal:97] -> float_type, {64, 64, 1, 1}, {64, 1, 1, 1}, target_id=0
@12 = broadcast[axis=1,out_lens={1, 64, 56, 56}](@10) -> float_type, {1, 64, 56, 56}, {0, 1, 0, 0}, target_id=0
@13 = load[offset=802816,end=1605632](@1) -> float_type, {1, 64, 56, 56}, {200704, 3136, 56, 1}, target_id=0
@14 = gpu::code_object[code_object=4152,symbol_name=mlir_convolution_add_relu,global=50176,local=256,](@12,@9,@11,@13) -> float_type, {1, 64, 56, 56}, {200704, 3136, 56, 1}, target_id=0
@15 = hip::hip_copy_literal[id=main:@literal:94] -> float_type, {64}, {1}, target_id=0
@16 = hip::hip_copy_literal[id=main:@literal:95] -> float_type, {64, 64, 3, 3}, {576, 9, 3, 1}, target_id=0
@17 = load[offset=0,end=802816](@1) -> float_type, {1, 64, 56, 56}, {200704, 3136, 56, 1}, target_id=0
@18 = broadcast[axis=1,out_lens={1, 64, 56, 56}](@15) -> float_type, {1, 64, 56, 56}, {0, 1, 0, 0}, target_id=0
@19 = gpu::miopen_fusion[ops={{op=convolution[padding={1, 1, 1, 1},stride={1, 1},dilation={1, 1},group=1,padding_mode=0],alpha=1,beta=0}, {op=add,alpha=1,beta=0}, {op=relu,alpha=1,beta=0}}](@14,@16,@18,@17) -> float_type, {1, 64, 56, 56}, {200704, 3136, 56, 1}, target_id=0
@20 = load[offset=4014080,end=5619712](@1) -> float_type, {1, 128, 56, 56}, {401408, 3136, 56, 1}, target_id=0
@21 = gpu::code_object[code_object=3800,symbol_name=concat_kernel,global=100352,local=1024,](@19,@9,@20) -> float_type, {1, 128, 56, 56}, {401408, 3136, 56, 1}, target_id=0
@22 = hip::hip_copy_literal[id=main:@literal:3] -> float_type, {256, 128, 1, 1}, {128, 1, 1, 1}, target_id=0
@23 = hip::hip_copy_literal[id=main:@literal:2] -> float_type, {256}, {1}, target_id=0
@24 = load[offset=802816,end=4014080](@1) -> float_type, {1, 256, 56, 56}, {802816, 3136, 56, 1}, target_id=0
@25 = broadcast[axis=1,out_lens={1, 256, 56, 56}](@23) -> float_type, {1, 256, 56, 56}, {0, 1, 0, 0}, target_id=0
@26 = gpu::code_object[code_object=6736,symbol_name=mlir_convolution_add_relu,global=50176,local=256,](@25,@21,@22,@24) -> float_type, {1, 256, 56, 56}, {802816, 3136, 56, 1}, target_id=0
@27 = hip::hip_copy_literal[id=main:@literal:92] -> float_type, {64}, {1}, target_id=0
@28 = hip::hip_copy_literal[id=main:@literal:93] -> float_type, {64, 256, 1, 1}, {256, 1, 1, 1}, target_id=0
@29 = load[offset=4816896,end=5619712](@1) -> float_type, {1, 64, 56, 56}, {200704, 3136, 56, 1}, target_id=0
@30 = broadcast[axis=1,out_lens={1, 64, 56, 56}](@27) -> float_type, {1, 64, 56, 56}, {0, 1, 0, 0}, target_id=0
@31 = gpu::code_object[code_object=5960,symbol_name=mlir_convolution_add_relu,global=50176,local=256,](@30,@26,@28,@29) -> float_type, {1, 64, 56, 56}, {200704, 3136, 56, 1}, target_id=0
@32 = hip::hip_copy_literal[id=main:@literal:90] -> float_type, {64}, {1}, target_id=0
@33 = hip::hip_copy_literal[id=main:@literal:91] -> float_type, {64, 64, 3, 3}, {576, 9, 3, 1}, target_id=0
@34 = load[offset=4014080,end=4816896](@1) -> float_type, {1, 64, 56, 56}, {200704, 3136, 56, 1}, target_id=0
@35 = broadcast[axis=1,out_lens={1, 64, 56, 56}](@32) -> float_type, {1, 64, 56, 56}, {0, 1, 0, 0}, target_id=0
@36 = gpu::miopen_fusion[ops={{op=convolution[padding={1, 1, 1, 1},stride={1, 1},dilation={1, 1},group=1,padding_mode=0],alpha=1,beta=0}, {op=add,alpha=1,beta=0}, {op=relu,alpha=1,beta=0}}](@31,@33,@35,@34) -> float_type, {1, 64, 56, 56}, {200704, 3136, 56, 1}, target_id=0
@37 = hip::hip_copy_literal[id=main:@literal:88] -> float_type, {256}, {1}, target_id=0
@38 = hip::hip_copy_literal[id=main:@literal:89] -> float_type, {256, 64, 1, 1}, {64, 1, 1, 1}, target_id=0
@39 = load[offset=7225344,end=10436608](@1) -> float_type, {1, 256, 56, 56}, {802816, 3136, 56, 1}, target_id=0
@40 = broadcast[axis=1,out_lens={1, 256, 56, 56}](@37) -> float_type, {1, 256, 56, 56}, {0, 1, 0, 0}, target_id=0
@41 = gpu::code_object[code_object=4264,symbol_name=mlir_convolution_add_add_relu,global=200704,local=256,](@40,@26,@36,@38,@39) -> float_type, {1, 256, 56, 56}, {802816, 3136, 56, 1}, target_id=0
@42 = hip::hip_copy_literal[id=main:@literal:86] -> float_type, {64}, {1}, target_id=0
@43 = hip::hip_copy_literal[id=main:@literal:87] -> float_type, {64, 256, 1, 1}, {256, 1, 1, 1}, target_id=0
@44 = load[offset=802816,end=1605632](@1) -> float_type, {1, 64, 56, 56}, {200704, 3136, 56, 1}, target_id=0
@45 = broadcast[axis=1,out_lens={1, 64, 56, 56}](@42) -> float_type, {1, 64, 56, 56}, {0, 1, 0, 0}, target_id=0
@46 = gpu::code_object[code_object=5960,symbol_name=mlir_convolution_add_relu,global=50176,local=256,](@45,@41,@43,@44) -> float_type, {1, 64, 56, 56}, {200704, 3136, 56, 1}, target_id=0
@47 = hip::hip_copy_literal[id=main:@literal:84] -> float_type, {64}, {1}, target_id=0
@48 = hip::hip_copy_literal[id=main:@literal:85] -> float_type, {64, 64, 3, 3}, {576, 9, 3, 1}, target_id=0
@49 = load[offset=0,end=802816](@1) -> float_type, {1, 64, 56, 56}, {200704, 3136, 56, 1}, target_id=0
@50 = broadcast[axis=1,out_lens={1, 64, 56, 56}](@47) -> float_type, {1, 64, 56, 56}, {0, 1, 0, 0}, target_id=0
@51 = gpu::miopen_fusion[ops={{op=convolution[padding={1, 1, 1, 1},stride={1, 1},dilation={1, 1},group=1,padding_mode=0],alpha=1,beta=0}, {op=add,alpha=1,beta=0}, {op=relu,alpha=1,beta=0}}](@46,@48,@50,@49) -> float_type, {1, 64, 56, 56}, {200704, 3136, 56, 1}, target_id=0
@52 = hip::hip_copy_literal[id=main:@literal:82] -> float_type, {256}, {1}, target_id=0
@53 = hip::hip_copy_literal[id=main:@literal:83] -> float_type, {256, 64, 1, 1}, {64, 1, 1, 1}, target_id=0
@54 = load[offset=4014080,end=7225344](@1) -> float_type, {1, 256, 56, 56}, {802816, 3136, 56, 1}, target_id=0
@55 = broadcast[axis=1,out_lens={1, 256, 56, 56}](@52) -> float_type, {1, 256, 56, 56}, {0, 1, 0, 0}, target_id=0
@56 = gpu::code_object[code_object=4264,symbol_name=mlir_convolution_add_add_relu,global=200704,local=256,](@55,@41,@51,@53,@54) -> float_type, {1, 256, 56, 56}, {802816, 3136, 56, 1}, target_id=0
@57 = hip::hip_copy_literal[id=main:@literal:79] -> float_type, {128, 128, 3, 3}, {1152, 9, 3, 1}, target_id=0
@58 = hip::hip_copy_literal[id=main:@literal:80] -> float_type, {128}, {1}, target_id=0
@59 = hip::hip_copy_literal[id=main:@literal:81] -> float_type, {128, 256, 1, 1}, {256, 1, 1, 1}, target_id=0
@60 = load[offset=2007040,end=3612672](@1) -> float_type, {1, 128, 56, 56}, {401408, 3136, 56, 1}, target_id=0
@61 = broadcast[axis=1,out_lens={1, 128, 56, 56}](@58) -> float_type, {1, 128, 56, 56}, {0, 1, 0, 0}, target_id=0
@62 = gpu::code_object[code_object=5648,symbol_name=mlir_convolution_add_relu,global=25088,local=128,](@61,@56,@59,@60) -> float_type, {1, 128, 56, 56}, {401408, 3136, 56, 1}, target_id=0
@63 = load[offset=0,end=0](@1) -> int8_type, {0}, {1}, target_id=0
@64 = load[offset=1605632,end=2007040](@1) -> float_type, {1, 128, 28, 28}, {100352, 784, 28, 1}, target_id=0
@65 = gpu::convolution[op={padding={1, 1, 1, 1},stride={2, 2},dilation={1, 1},group=1,padding_mode=0},solution_object={binary_object: 457},algo=0,int8_x4_format=0,solution_id=0](@62,@57,@63,@64) -> float_type, {1, 128, 28, 28}, {100352, 784, 28, 1}, target_id=0
@66 = hip::hip_copy_literal[id=main:@literal:6] -> float_type, {512, 384, 1, 1}, {384, 1, 1, 1}, target_id=0
@67 = hip::hip_copy_literal[id=main:@literal:78] -> float_type, {128}, {1}, target_id=0
@68 = load[offset=0,end=401408](@1) -> float_type, {1, 128, 28, 28}, {100352, 784, 28, 1}, target_id=0
@69 = broadcast[axis=1,out_lens={1, 128, 28, 28}](@67) -> float_type, {1, 128, 28, 28}, {0, 1, 0, 0}, target_id=0
@70 = gpu::code_object[code_object=3832,symbol_name=add_relu_kernel,global=50176,local=1024,](@65,@69,@68) -> float_type, {1, 128, 28, 28}, {100352, 784, 28, 1}, target_id=0
@71 = step[axes={2, 3},steps={2, 2}](@56) -> float_type, {1, 256, 28, 28}, {802816, 3136, 112, 2}, target_id=0
@72 = load[offset=802816,end=2007040](@1) -> float_type, {1, 384, 28, 28}, {301056, 784, 28, 1}, target_id=0
@73 = gpu::code_object[code_object=4048,symbol_name=concat_kernel,global=150528,local=1024,](@70,@71,@72) -> float_type, {1, 384, 28, 28}, {301056, 784, 28, 1}, target_id=0
@74 = hip::hip_copy_literal[id=main:@literal:5] -> float_type, {512}, {1}, target_id=0
@75 = broadcast[axis=1,out_lens={1, 512, 28, 28}](@74) -> float_type, {1, 512, 28, 28}, {0, 1, 0, 0}, target_id=0
@76 = load[offset=2809856,end=4415488](@1) -> float_type, {1, 512, 28, 28}, {401408, 784, 28, 1}, target_id=0
@77 = gpu::code_object[code_object=5752,symbol_name=mlir_convolution_add_relu,global=26624,local=256,](@75,@73,@66,@76) -> float_type, {1, 512, 28, 28}, {401408, 784, 28, 1}, target_id=0
@78 = hip::hip_copy_literal[id=main:@literal:76] -> float_type, {128}, {1}, target_id=0
@79 = hip::hip_copy_literal[id=main:@literal:77] -> float_type, {128, 512, 1, 1}, {512, 1, 1, 1}, target_id=0
@80 = broadcast[axis=1,out_lens={1, 128, 28, 28}](@78) -> float_type, {1, 128, 28, 28}, {0, 1, 0, 0}, target_id=0
@81 = load[offset=802816,end=1204224](@1) -> float_type, {1, 128, 28, 28}, {100352, 784, 28, 1}, target_id=0
@82 = gpu::code_object[code_object=8168,symbol_name=mlir_convolution_add_relu,global=25600,local=256,](@80,@77,@79,@81) -> float_type, {1, 128, 28, 28}, {100352, 784, 28, 1}, target_id=0
@83 = hip::hip_copy_literal[id=main:@literal:74] -> float_type, {128}, {1}, target_id=0
@84 = hip::hip_copy_literal[id=main:@literal:75] -> float_type, {128, 128, 3, 3}, {1152, 9, 3, 1}, target_id=0
@85 = load[offset=401408,end=802816](@1) -> float_type, {1, 128, 28, 28}, {100352, 784, 28, 1}, target_id=0
@86 = broadcast[axis=1,out_lens={1, 128, 28, 28}](@83) -> float_type, {1, 128, 28, 28}, {0, 1, 0, 0}, target_id=0
@87 = gpu::miopen_fusion[ops={{op=convolution[padding={1, 1, 1, 1},stride={1, 1},dilation={1, 1},group=1,padding_mode=0],alpha=1,beta=0}, {op=add,alpha=1,beta=0}, {op=relu,alpha=1,beta=0}}](@82,@84,@86,@85) -> float_type, {1, 128, 28, 28}, {100352, 784, 28, 1}, target_id=0
@88 = hip::hip_copy_literal[id=main:@literal:72] -> float_type, {512}, {1}, target_id=0
@89 = hip::hip_copy_literal[id=main:@literal:73] -> float_type, {512, 128, 1, 1}, {128, 1, 1, 1}, target_id=0
@90 = broadcast[axis=1,out_lens={1, 512, 28, 28}](@88) -> float_type, {1, 512, 28, 28}, {0, 1, 0, 0}, target_id=0
@91 = load[offset=1204224,end=2809856](@1) -> float_type, {1, 512, 28, 28}, {401408, 784, 28, 1}, target_id=0
@92 = gpu::code_object[code_object=5096,symbol_name=mlir_convolution_add_add_relu,global=102400,local=256,](@90,@77,@87,@89,@91) -> float_type, {1, 512, 28, 28}, {401408, 784, 28, 1}, target_id=0
@93 = hip::hip_copy_literal[id=main:@literal:70] -> float_type, {128}, {1}, target_id=0
@94 = hip::hip_copy_literal[id=main:@literal:71] -> float_type, {128, 512, 1, 1}, {512, 1, 1, 1}, target_id=0
@95 = broadcast[axis=1,out_lens={1, 128, 28, 28}](@93) -> float_type, {1, 128, 28, 28}, {0, 1, 0, 0}, target_id=0
@96 = load[offset=802816,end=1204224](@1) -> float_type, {1, 128, 28, 28}, {100352, 784, 28, 1}, target_id=0
@97 = gpu::code_object[code_object=8168,symbol_name=mlir_convolution_add_relu,global=25600,local=256,](@95,@92,@94,@96) -> float_type, {1, 128, 28, 28}, {100352, 784, 28, 1}, target_id=0
@98 = hip::hip_copy_literal[id=main:@literal:68] -> float_type, {128}, {1}, target_id=0
@99 = hip::hip_copy_literal[id=main:@literal:69] -> float_type, {128, 128, 3, 3}, {1152, 9, 3, 1}, target_id=0
@100 = broadcast[axis=1,out_lens={1, 128, 28, 28}](@98) -> float_type, {1, 128, 28, 28}, {0, 1, 0, 0}, target_id=0
@101 = load[offset=401408,end=802816](@1) -> float_type, {1, 128, 28, 28}, {100352, 784, 28, 1}, target_id=0
@102 = gpu::miopen_fusion[ops={{op=convolution[padding={1, 1, 1, 1},stride={1, 1},dilation={1, 1},group=1,padding_mode=0],alpha=1,beta=0}, {op=add,alpha=1,beta=0}, {op=relu,alpha=1,beta=0}}](@97,@99,@100,@101) -> float_type, {1, 128, 28, 28}, {100352, 784, 28, 1}, target_id=0
@103 = hip::hip_copy_literal[id=main:@literal:66] -> float_type, {512}, {1}, target_id=0
@104 = hip::hip_copy_literal[id=main:@literal:67] -> float_type, {512, 128, 1, 1}, {128, 1, 1, 1}, target_id=0
@105 = broadcast[axis=1,out_lens={1, 512, 28, 28}](@103) -> float_type, {1, 512, 28, 28}, {0, 1, 0, 0}, target_id=0
@106 = load[offset=5771264,end=7376896](@1) -> float_type, {1, 512, 28, 28}, {401408, 784, 28, 1}, target_id=0
@107 = gpu::code_object[code_object=5096,symbol_name=mlir_convolution_add_add_relu,global=102400,local=256,](@105,@92,@102,@104,@106) -> float_type, {1, 512, 28, 28}, {401408, 784, 28, 1}, target_id=0
@108 = hip::hip_copy_literal[id=main:@literal:62] -> float_type, {128}, {1}, target_id=0
@109 = hip::hip_copy_literal[id=main:@literal:63] -> float_type, {128, 128, 3, 3}, {1152, 9, 3, 1}, target_id=0
@110 = hip::hip_copy_literal[id=main:@literal:64] -> float_type, {128}, {1}, target_id=0
@111 = hip::hip_copy_literal[id=main:@literal:65] -> float_type, {128, 512, 1, 1}, {512, 1, 1, 1}, target_id=0
@112 = broadcast[axis=1,out_lens={1, 128, 28, 28}](@110) -> float_type, {1, 128, 28, 28}, {0, 1, 0, 0}, target_id=0
@113 = load[offset=401408,end=802816](@1) -> float_type, {1, 128, 28, 28}, {100352, 784, 28, 1}, target_id=0
@114 = gpu::code_object[code_object=8168,symbol_name=mlir_convolution_add_relu,global=25600,local=256,](@112,@107,@111,@113) -> float_type, {1, 128, 28, 28}, {100352, 784, 28, 1}, target_id=0
@115 = broadcast[axis=1,out_lens={1, 128, 28, 28}](@108) -> float_type, {1, 128, 28, 28}, {0, 1, 0, 0}, target_id=0
@116 = load[offset=0,end=401408](@1) -> float_type, {1, 128, 28, 28}, {100352, 784, 28, 1}, target_id=0
@117 = gpu::miopen_fusion[ops={{op=convolution[padding={1, 1, 1, 1},stride={1, 1},dilation={1, 1},group=1,padding_mode=0],alpha=1,beta=0}, {op=add,alpha=1,beta=0}, {op=relu,alpha=1,beta=0}}](@114,@109,@115,@116) -> float_type, {1, 128, 28, 28}, {100352, 784, 28, 1}, target_id=0
@118 = hip::hip_copy_literal[id=main:@literal:60] -> float_type, {512}, {1}, target_id=0
@119 = hip::hip_copy_literal[id=main:@literal:61] -> float_type, {512, 128, 1, 1}, {128, 1, 1, 1}, target_id=0
@120 = broadcast[axis=1,out_lens={1, 512, 28, 28}](@118) -> float_type, {1, 512, 28, 28}, {0, 1, 0, 0}, target_id=0
@121 = load[offset=4165632,end=5771264](@1) -> float_type, {1, 512, 28, 28}, {401408, 784, 28, 1}, target_id=0
@122 = gpu::code_object[code_object=5096,symbol_name=mlir_convolution_add_add_relu,global=102400,local=256,](@120,@107,@117,@119,@121) -> float_type, {1, 512, 28, 28}, {401408, 784, 28, 1}, target_id=0
@123 = hip::hip_copy_literal[id=main:@literal:58] -> float_type, {256}, {1}, target_id=0
@124 = hip::hip_copy_literal[id=main:@literal:59] -> float_type, {256, 512, 1, 1}, {512, 1, 1, 1}, target_id=0
@125 = broadcast[axis=1,out_lens={1, 256, 28, 28}](@123) -> float_type, {1, 256, 28, 28}, {0, 1, 0, 0}, target_id=0
@126 = load[offset=0,end=802816](@1) -> float_type, {1, 256, 28, 28}, {200704, 784, 28, 1}, target_id=0
@127 = gpu::code_object[code_object=4984,symbol_name=mlir_convolution_add_relu,global=51200,local=256,](@125,@122,@124,@126) -> float_type, {1, 256, 28, 28}, {200704, 784, 28, 1}, target_id=0
@128 = hip::hip_copy_literal[id=main:@literal:57] -> float_type, {256, 256, 3, 3}, {2304, 9, 3, 1}, target_id=0
@129 = load[offset=5971968,end=9334784](@1) -> int8_type, {3362816}, {1}, target_id=0
@130 = load[offset=5771264,end=5971968](@1) -> float_type, {1, 256, 14, 14}, {50176, 196, 14, 1}, target_id=0
@131 = gpu::convolution[op={padding={1, 1, 1, 1},stride={2, 2},dilation={1, 1},group=1,padding_mode=0},solution_object={binary_object: 556},algo=0,int8_x4_format=0,solution_id=0](@127,@128,@129,@130) -> float_type, {1, 256, 14, 14}, {50176, 196, 14, 1}, target_id=0
@132 = hip::hip_copy_literal[id=main:@literal:8] -> float_type, {1024}, {1}, target_id=0
@133 = hip::hip_copy_literal[id=main:@literal:7] -> float_type, {1024, 768, 1, 1}, {768, 1, 1, 1}, target_id=0
@134 = hip::hip_copy_literal[id=main:@literal:56] -> float_type, {256}, {1}, target_id=0
@135 = broadcast[axis=1,out_lens={1, 256, 14, 14}](@134) -> float_type, {1, 256, 14, 14}, {0, 1, 0, 0}, target_id=0
@136 = load[offset=0,end=200704](@1) -> float_type, {1, 256, 14, 14}, {50176, 196, 14, 1}, target_id=0
@137 = gpu::code_object[code_object=3824,symbol_name=add_relu_kernel,global=25600,local=1024,](@131,@135,@136) -> float_type, {1, 256, 14, 14}, {50176, 196, 14, 1}, target_id=0
@138 = hip::hip_copy_literal[id=main:@literal:44] -> float_type, {1024}, {1}, target_id=0
@139 = hip::hip_copy_literal[id=main:@literal:45] -> float_type, {1024, 256, 1, 1}, {256, 1, 1, 1}, target_id=0
@140 = hip::hip_copy_literal[id=main:@literal:46] -> float_type, {256}, {1}, target_id=0
@141 = hip::hip_copy_literal[id=main:@literal:47] -> float_type, {256, 256, 3, 3}, {2304, 9, 3, 1}, target_id=0
@142 = hip::hip_copy_literal[id=main:@literal:48] -> float_type, {256}, {1}, target_id=0
@143 = hip::hip_copy_literal[id=main:@literal:49] -> float_type, {256, 1024, 1, 1}, {1024, 1, 1, 1}, target_id=0
@144 = hip::hip_copy_literal[id=main:@literal:50] -> float_type, {1024}, {1}, target_id=0
@145 = hip::hip_copy_literal[id=main:@literal:51] -> float_type, {1024, 256, 1, 1}, {256, 1, 1, 1}, target_id=0
@146 = hip::hip_copy_literal[id=main:@literal:52] -> float_type, {256}, {1}, target_id=0
@147 = hip::hip_copy_literal[id=main:@literal:53] -> float_type, {256, 256, 3, 3}, {2304, 9, 3, 1}, target_id=0
@148 = hip::hip_copy_literal[id=main:@literal:54] -> float_type, {256}, {1}, target_id=0
@149 = hip::hip_copy_literal[id=main:@literal:55] -> float_type, {256, 1024, 1, 1}, {1024, 1, 1, 1}, target_id=0
@150 = step[axes={2, 3},steps={2, 2}](@122) -> float_type, {1, 512, 14, 14}, {401408, 784, 56, 2}, target_id=0
@151 = load[offset=1003520,end=1605632](@1) -> float_type, {1, 768, 14, 14}, {150528, 196, 14, 1}, target_id=0
@152 = gpu::code_object[code_object=4048,symbol_name=concat_kernel,global=75776,local=1024,](@137,@150,@151) -> float_type, {1, 768, 14, 14}, {150528, 196, 14, 1}, target_id=0
@153 = load[offset=200704,end=1003520](@1) -> float_type, {1, 1024, 14, 14}, {200704, 196, 14, 1}, target_id=0
@154 = broadcast[axis=1,out_lens={1, 1024, 14, 14}](@132) -> float_type, {1, 1024, 14, 14}, {0, 1, 0, 0}, target_id=0
@155 = gpu::code_object[code_object=4512,symbol_name=mlir_convolution_add_relu,global=57344,local=256,](@154,@152,@133,@153) -> float_type, {1, 1024, 14, 14}, {200704, 196, 14, 1}, target_id=0
@156 = broadcast[axis=1,out_lens={1, 256, 14, 14}](@148) -> float_type, {1, 256, 14, 14}, {0, 1, 0, 0}, target_id=0
@157 = load[offset=1204224,end=1404928](@1) -> float_type, {1, 256, 14, 14}, {50176, 196, 14, 1}, target_id=0
@158 = gpu::code_object[code_object=4840,symbol_name=mlir_convolution_add_relu,global=14336,local=256,](@156,@155,@149,@157) -> float_type, {1, 256, 14, 14}, {50176, 196, 14, 1}, target_id=0
@159 = broadcast[axis=1,out_lens={1, 256, 14, 14}](@146) -> float_type, {1, 256, 14, 14}, {0, 1, 0, 0}, target_id=0
@160 = load[offset=1003520,end=1204224](@1) -> float_type, {1, 256, 14, 14}, {50176, 196, 14, 1}, target_id=0
@161 = gpu::miopen_fusion[ops={{op=convolution[padding={1, 1, 1, 1},stride={1, 1},dilation={1, 1},group=1,padding_mode=0],alpha=1,beta=0}, {op=add,alpha=1,beta=0}, {op=relu,alpha=1,beta=0}}](@158,@147,@159,@160) -> float_type, {1, 256, 14, 14}, {50176, 196, 14, 1}, target_id=0
@162 = broadcast[axis=1,out_lens={1, 1024, 14, 14}](@144) -> float_type, {1, 1024, 14, 14}, {0, 1, 0, 0}, target_id=0
@163 = load[offset=2207744,end=3010560](@1) -> float_type, {1, 1024, 14, 14}, {200704, 196, 14, 1}, target_id=0
@164 = gpu::code_object[code_object=6200,symbol_name=mlir_convolution_add_add_relu,global=57344,local=256,](@162,@155,@161,@145,@163) -> float_type, {1, 1024, 14, 14}, {200704, 196, 14, 1}, target_id=0
@165 = broadcast[axis=1,out_lens={1, 256, 14, 14}](@142) -> float_type, {1, 256, 14, 14}, {0, 1, 0, 0}, target_id=0
@166 = load[offset=200704,end=401408](@1) -> float_type, {1, 256, 14, 14}, {50176, 196, 14, 1}, target_id=0
@167 = gpu::code_object[code_object=4840,symbol_name=mlir_convolution_add_relu,global=14336,local=256,](@165,@164,@143,@166) -> float_type, {1, 256, 14, 14}, {50176, 196, 14, 1}, target_id=0
@168 = broadcast[axis=1,out_lens={1, 256, 14, 14}](@140) -> float_type, {1, 256, 14, 14}, {0, 1, 0, 0}, target_id=0
@169 = load[offset=0,end=200704](@1) -> float_type, {1, 256, 14, 14}, {50176, 196, 14, 1}, target_id=0
@170 = gpu::miopen_fusion[ops={{op=convolution[padding={1, 1, 1, 1},stride={1, 1},dilation={1, 1},group=1,padding_mode=0],alpha=1,beta=0}, {op=add,alpha=1,beta=0}, {op=relu,alpha=1,beta=0}}](@167,@141,@168,@169) -> float_type, {1, 256, 14, 14}, {50176, 196, 14, 1}, target_id=0
@171 = broadcast[axis=1,out_lens={1, 1024, 14, 14}](@138) -> float_type, {1, 1024, 14, 14}, {0, 1, 0, 0}, target_id=0
@172 = load[offset=1404928,end=2207744](@1) -> float_type, {1, 1024, 14, 14}, {200704, 196, 14, 1}, target_id=0
@173 = gpu::code_object[code_object=6200,symbol_name=mlir_convolution_add_add_relu,global=57344,local=256,](@171,@164,@170,@139,@172) -> float_type, {1, 1024, 14, 14}, {200704, 196, 14, 1}, target_id=0
@174 = hip::hip_copy_literal[id=main:@literal:26] -> float_type, {1024}, {1}, target_id=0
@175 = hip::hip_copy_literal[id=main:@literal:27] -> float_type, {1024, 256, 1, 1}, {256, 1, 1, 1}, target_id=0
@176 = hip::hip_copy_literal[id=main:@literal:28] -> float_type, {256}, {1}, target_id=0
@177 = hip::hip_copy_literal[id=main:@literal:29] -> float_type, {256, 256, 3, 3}, {2304, 9, 3, 1}, target_id=0
@178 = hip::hip_copy_literal[id=main:@literal:30] -> float_type, {256}, {1}, target_id=0
@179 = hip::hip_copy_literal[id=main:@literal:31] -> float_type, {256, 1024, 1, 1}, {1024, 1, 1, 1}, target_id=0
@180 = hip::hip_copy_literal[id=main:@literal:32] -> float_type, {1024}, {1}, target_id=0
@181 = hip::hip_copy_literal[id=main:@literal:33] -> float_type, {1024, 256, 1, 1}, {256, 1, 1, 1}, target_id=0
@182 = hip::hip_copy_literal[id=main:@literal:34] -> float_type, {256}, {1}, target_id=0
@183 = hip::hip_copy_literal[id=main:@literal:35] -> float_type, {256, 256, 3, 3}, {2304, 9, 3, 1}, target_id=0
@184 = hip::hip_copy_literal[id=main:@literal:36] -> float_type, {256}, {1}, target_id=0
@185 = hip::hip_copy_literal[id=main:@literal:37] -> float_type, {256, 1024, 1, 1}, {1024, 1, 1, 1}, target_id=0
@186 = hip::hip_copy_literal[id=main:@literal:38] -> float_type, {1024}, {1}, target_id=0
@187 = hip::hip_copy_literal[id=main:@literal:39] -> float_type, {1024, 256, 1, 1}, {256, 1, 1, 1}, target_id=0
@188 = hip::hip_copy_literal[id=main:@literal:40] -> float_type, {256}, {1}, target_id=0
@189 = hip::hip_copy_literal[id=main:@literal:41] -> float_type, {256, 256, 3, 3}, {2304, 9, 3, 1}, target_id=0
@190 = hip::hip_copy_literal[id=main:@literal:42] -> float_type, {256}, {1}, target_id=0
@191 = hip::hip_copy_literal[id=main:@literal:43] -> float_type, {256, 1024, 1, 1}, {1024, 1, 1, 1}, target_id=0
@192 = broadcast[axis=1,out_lens={1, 256, 14, 14}](@190) -> float_type, {1, 256, 14, 14}, {0, 1, 0, 0}, target_id=0
@193 = load[offset=401408,end=602112](@1) -> float_type, {1, 256, 14, 14}, {50176, 196, 14, 1}, target_id=0
@194 = gpu::code_object[code_object=4840,symbol_name=mlir_convolution_add_relu,global=14336,local=256,](@192,@173,@191,@193) -> float_type, {1, 256, 14, 14}, {50176, 196, 14, 1}, target_id=0
@195 = broadcast[axis=1,out_lens={1, 256, 14, 14}](@188) -> float_type, {1, 256, 14, 14}, {0, 1, 0, 0}, target_id=0
@196 = load[offset=200704,end=401408](@1) -> float_type, {1, 256, 14, 14}, {50176, 196, 14, 1}, target_id=0
@197 = gpu::miopen_fusion[ops={{op=convolution[padding={1, 1, 1, 1},stride={1, 1},dilation={1, 1},group=1,padding_mode=0],alpha=1,beta=0}, {op=add,alpha=1,beta=0}, {op=relu,alpha=1,beta=0}}](@194,@189,@195,@196) -> float_type, {1, 256, 14, 14}, {50176, 196, 14, 1}, target_id=0
@198 = broadcast[axis=1,out_lens={1, 1024, 14, 14}](@186) -> float_type, {1, 1024, 14, 14}, {0, 1, 0, 0}, target_id=0
@199 = load[offset=602112,end=1404928](@1) -> float_type, {1, 1024, 14, 14}, {200704, 196, 14, 1}, target_id=0
@200 = gpu::code_object[code_object=6200,symbol_name=mlir_convolution_add_add_relu,global=57344,local=256,](@198,@173,@197,@187,@199) -> float_type, {1, 1024, 14, 14}, {200704, 196, 14, 1}, target_id=0
@201 = broadcast[axis=1,out_lens={1, 256, 14, 14}](@184) -> float_type, {1, 256, 14, 14}, {0, 1, 0, 0}, target_id=0
@202 = load[offset=200704,end=401408](@1) -> float_type, {1, 256, 14, 14}, {50176, 196, 14, 1}, target_id=0
@203 = gpu::code_object[code_object=4840,symbol_name=mlir_convolution_add_relu,global=14336,local=256,](@201,@200,@185,@202) -> float_type, {1, 256, 14, 14}, {50176, 196, 14, 1}, target_id=0
@204 = broadcast[axis=1,out_lens={1, 256, 14, 14}](@182) -> float_type, {1, 256, 14, 14}, {0, 1, 0, 0}, target_id=0
@205 = load[offset=0,end=200704](@1) -> float_type, {1, 256, 14, 14}, {50176, 196, 14, 1}, target_id=0
@206 = gpu::miopen_fusion[ops={{op=convolution[padding={1, 1, 1, 1},stride={1, 1},dilation={1, 1},group=1,padding_mode=0],alpha=1,beta=0}, {op=add,alpha=1,beta=0}, {op=relu,alpha=1,beta=0}}](@203,@183,@204,@205) -> float_type, {1, 256, 14, 14}, {50176, 196, 14, 1}, target_id=0
@207 = broadcast[axis=1,out_lens={1, 1024, 14, 14}](@180) -> float_type, {1, 1024, 14, 14}, {0, 1, 0, 0}, target_id=0
@208 = load[offset=1404928,end=2207744](@1) -> float_type, {1, 1024, 14, 14}, {200704, 196, 14, 1}, target_id=0
@209 = gpu::code_object[code_object=6200,symbol_name=mlir_convolution_add_add_relu,global=57344,local=256,](@207,@200,@206,@181,@208) -> float_type, {1, 1024, 14, 14}, {200704, 196, 14, 1}, target_id=0
@210 = broadcast[axis=1,out_lens={1, 256, 14, 14}](@178) -> float_type, {1, 256, 14, 14}, {0, 1, 0, 0}, target_id=0
@211 = load[offset=0,end=200704](@1) -> float_type, {1, 256, 14, 14}, {50176, 196, 14, 1}, target_id=0
@212 = gpu::code_object[code_object=4840,symbol_name=mlir_convolution_add_relu,global=14336,local=256,](@210,@209,@179,@211) -> float_type, {1, 256, 14, 14}, {50176, 196, 14, 1}, target_id=0
@213 = broadcast[axis=1,out_lens={1, 256, 14, 14}](@176) -> float_type, {1, 256, 14, 14}, {0, 1, 0, 0}, target_id=0
@214 = load[offset=802816,end=1003520](@1) -> float_type, {1, 256, 14, 14}, {50176, 196, 14, 1}, target_id=0
@215 = gpu::miopen_fusion[ops={{op=convolution[padding={1, 1, 1, 1},stride={1, 1},dilation={1, 1},group=1,padding_mode=0],alpha=1,beta=0}, {op=add,alpha=1,beta=0}, {op=relu,alpha=1,beta=0}}](@212,@177,@213,@214) -> float_type, {1, 256, 14, 14}, {50176, 196, 14, 1}, target_id=0
@216 = broadcast[axis=1,out_lens={1, 1024, 14, 14}](@174) -> float_type, {1, 1024, 14, 14}, {0, 1, 0, 0}, target_id=0
@217 = load[offset=0,end=802816](@1) -> float_type, {1, 1024, 14, 14}, {200704, 196, 14, 1}, target_id=0
@218 = gpu::code_object[code_object=6200,symbol_name=mlir_convolution_add_add_relu,global=57344,local=256,](@216,@209,@215,@175,@217) -> float_type, {1, 1024, 14, 14}, {200704, 196, 14, 1}, target_id=0
@219 = hip::hip_copy_literal[id=main:@literal:23] -> float_type, {512, 512, 3, 3}, {4608, 9, 3, 1}, target_id=0
@220 = hip::hip_copy_literal[id=main:@literal:24] -> float_type, {512}, {1}, target_id=0
@221 = hip::hip_copy_literal[id=main:@literal:25] -> float_type, {512, 1024, 1, 1}, {1024, 1, 1, 1}, target_id=0
@222 = broadcast[axis=1,out_lens={1, 512, 14, 14}](@220) -> float_type, {1, 512, 14, 14}, {0, 1, 0, 0}, target_id=0
@223 = load[offset=10842112,end=11243520](@1) -> float_type, {1, 512, 14, 14}, {100352, 196, 14, 1}, target_id=0
@224 = gpu::code_object[code_object=5008,symbol_name=mlir_convolution_add_relu,global=28672,local=256,](@222,@218,@221,@223) -> float_type, {1, 512, 14, 14}, {100352, 196, 14, 1}, target_id=0
@225 = load[offset=903168,end=10842112](@1) -> int8_type, {9938944}, {1}, target_id=0
@226 = load[offset=802816,end=903168](@1) -> float_type, {1, 512, 7, 7}, {25088, 49, 7, 1}, target_id=0
@227 = gpu::convolution[op={padding={1, 1, 1, 1},stride={2, 2},dilation={1, 1},group=1,padding_mode=0},solution_object={binary_object: 555},algo=0,int8_x4_format=0,solution_id=0](@224,@219,@225,@226) -> float_type, {1, 512, 7, 7}, {25088, 49, 7, 1}, target_id=0
@228 = hip::hip_copy_literal[id=main:@literal:9] -> float_type, {2048, 1536, 1, 1}, {1536, 1, 1, 1}, target_id=0
@229 = hip::hip_copy_literal[id=main:@literal:4] -> float_type, {2048}, {1}, target_id=0
@230 = hip::hip_copy_literal[id=main:@literal:16] -> float_type, {2048}, {1}, target_id=0
@231 = hip::hip_copy_literal[id=main:@literal:17] -> float_type, {2048, 512, 1, 1}, {512, 1, 1, 1}, target_id=0
@232 = hip::hip_copy_literal[id=main:@literal:18] -> float_type, {512}, {1}, target_id=0
@233 = hip::hip_copy_literal[id=main:@literal:19] -> float_type, {512, 512, 3, 3}, {4608, 9, 3, 1}, target_id=0
@234 = hip::hip_copy_literal[id=main:@literal:20] -> float_type, {512}, {1}, target_id=0
@235 = hip::hip_copy_literal[id=main:@literal:21] -> float_type, {512, 2048, 1, 1}, {2048, 1, 1, 1}, target_id=0
@236 = hip::hip_copy_literal[id=main:@literal:22] -> float_type, {512}, {1}, target_id=0
@237 = broadcast[axis=1,out_lens={1, 512, 7, 7}](@236) -> float_type, {1, 512, 7, 7}, {0, 1, 0, 0}, target_id=0
@238 = load[offset=903168,end=1003520](@1) -> float_type, {1, 512, 7, 7}, {25088, 49, 7, 1}, target_id=0
@239 = gpu::code_object[code_object=3848,symbol_name=add_relu_kernel,global=25600,local=1024,](@227,@237,@238) -> float_type, {1, 512, 7, 7}, {25088, 49, 7, 1}, target_id=0
@240 = step[axes={2, 3},steps={2, 2}](@218) -> float_type, {1, 1024, 7, 7}, {200704, 196, 28, 2}, target_id=0
@241 = load[offset=1003520,end=1304576](@1) -> float_type, {1, 1536, 7, 7}, {75264, 49, 7, 1}, target_id=0
@242 = gpu::code_object[code_object=4072,symbol_name=concat_kernel,global=37888,local=1024,](@239,@240,@241) -> float_type, {1, 1536, 7, 7}, {75264, 49, 7, 1}, target_id=0
@243 = broadcast[axis=1,out_lens={1, 2048, 7, 7}](@229) -> float_type, {1, 2048, 7, 7}, {0, 1, 0, 0}, target_id=0
@244 = load[offset=1304576,end=1705984](@1) -> float_type, {1, 2048, 7, 7}, {100352, 49, 7, 1}, target_id=0
@245 = gpu::code_object[code_object=4520,symbol_name=mlir_convolution_add_relu,global=32768,local=256,](@243,@242,@228,@244) -> float_type, {1, 2048, 7, 7}, {100352, 49, 7, 1}, target_id=0
@246 = broadcast[axis=1,out_lens={1, 512, 7, 7}](@234) -> float_type, {1, 512, 7, 7}, {0, 1, 0, 0}, target_id=0
@247 = load[offset=100352,end=200704](@1) -> float_type, {1, 512, 7, 7}, {25088, 49, 7, 1}, target_id=0
@248 = gpu::code_object[code_object=5144,symbol_name=mlir_convolution_add_relu,global=8192,local=256,](@246,@245,@235,@247) -> float_type, {1, 512, 7, 7}, {25088, 49, 7, 1}, target_id=0
@249 = broadcast[axis=1,out_lens={1, 512, 7, 7}](@232) -> float_type, {1, 512, 7, 7}, {0, 1, 0, 0}, target_id=0
@250 = load[offset=0,end=100352](@1) -> float_type, {1, 512, 7, 7}, {25088, 49, 7, 1}, target_id=0
@251 = gpu::miopen_fusion[ops={{op=convolution[padding={1, 1, 1, 1},stride={1, 1},dilation={1, 1},group=1,padding_mode=0],alpha=1,beta=0}, {op=add,alpha=1,beta=0}, {op=relu,alpha=1,beta=0}}](@248,@233,@249,@250) -> float_type, {1, 512, 7, 7}, {25088, 49, 7, 1}, target_id=0
@252 = broadcast[axis=1,out_lens={1, 2048, 7, 7}](@230) -> float_type, {1, 2048, 7, 7}, {0, 1, 0, 0}, target_id=0
@253 = load[offset=501760,end=903168](@1) -> float_type, {1, 2048, 7, 7}, {100352, 49, 7, 1}, target_id=0
@254 = gpu::code_object[code_object=5224,symbol_name=mlir_convolution_add_add_relu,global=32768,local=256,](@252,@245,@251,@231,@253) -> float_type, {1, 2048, 7, 7}, {100352, 49, 7, 1}, target_id=0
@255 = hip::hip_copy_literal[id=main:@literal:11] -> float_type, {2048, 512, 1, 1}, {512, 1, 1, 1}, target_id=0
@256 = hip::hip_copy_literal[id=main:@literal:12] -> float_type, {512}, {1}, target_id=0
@257 = hip::hip_copy_literal[id=main:@literal:13] -> float_type, {512, 512, 3, 3}, {4608, 9, 3, 1}, target_id=0
@258 = hip::hip_copy_literal[id=main:@literal:14] -> float_type, {512}, {1}, target_id=0
@259 = hip::hip_copy_literal[id=main:@literal:15] -> float_type, {512, 2048, 1, 1}, {2048, 1, 1, 1}, target_id=0
@260 = broadcast[axis=1,out_lens={1, 512, 7, 7}](@258) -> float_type, {1, 512, 7, 7}, {0, 1, 0, 0}, target_id=0
@261 = load[offset=100352,end=200704](@1) -> float_type, {1, 512, 7, 7}, {25088, 49, 7, 1}, target_id=0
@262 = gpu::code_object[code_object=5144,symbol_name=mlir_convolution_add_relu,global=8192,local=256,](@260,@254,@259,@261) -> float_type, {1, 512, 7, 7}, {25088, 49, 7, 1}, target_id=0
@263 = broadcast[axis=1,out_lens={1, 512, 7, 7}](@256) -> float_type, {1, 512, 7, 7}, {0, 1, 0, 0}, target_id=0
@264 = load[offset=0,end=100352](@1) -> float_type, {1, 512, 7, 7}, {25088, 49, 7, 1}, target_id=0
@265 = gpu::miopen_fusion[ops={{op=convolution[padding={1, 1, 1, 1},stride={1, 1},dilation={1, 1},group=1,padding_mode=0],alpha=1,beta=0}, {op=add,alpha=1,beta=0}, {op=relu,alpha=1,beta=0}}](@262,@257,@263,@264) -> float_type, {1, 512, 7, 7}, {25088, 49, 7, 1}, target_id=0
@266 = load[offset=0,end=0](@1) -> int8_type, {0}, {1}, target_id=0
@267 = load[offset=903168,end=1304576](@1) -> float_type, {1, 2048, 7, 7}, {100352, 49, 7, 1}, target_id=0
@268 = gpu::convolution[op={padding={0, 0, 0, 0},stride={1, 1},dilation={1, 1},group=1,padding_mode=0},solution_object={binary_object: 455},algo=0,int8_x4_format=0,solution_id=0](@265,@255,@266,@267) -> float_type, {1, 2048, 7, 7}, {100352, 49, 7, 1}, target_id=0
@269 = hip::hip_copy_literal[id=main:@literal:0] -> float_type, {1, 1000}, {1000, 1}, target_id=0
@270 = hip::hip_copy_literal[id=main:@literal:10] -> float_type, {2048}, {1}, target_id=0
@271 = hip::hip_copy_literal[id=main:@literal:1] -> float_type, {2048, 1000}, {1000, 1}, target_id=0
@272 = broadcast[axis=1,out_lens={1, 2048, 7, 7}](@270) -> float_type, {1, 2048, 7, 7}, {0, 1, 0, 0}, target_id=0
@273 = load[offset=0,end=8192](@1) -> float_type, {1, 2048, 1, 1}, {2048, 1, 1, 1}, target_id=0
@274 = gpu::code_object[code_object=4024,symbol_name=add_add_relu_reduce_mean_kernel,global=131072,local=64,](@268,@272,@254,@273) -> float_type, {1, 2048, 1, 1}, {2048, 1, 1, 1}, target_id=0
main:#output_0 = @param:main:#output_0 -> float_type, {1, 1000}, {1000, 1}, target_id=0
@276 = flatten[axis=1](@274) -> float_type, {1, 2048}, {2048, 1}, target_id=0
@277 = gpu::gemm[alpha=1,beta=1,int8_x4_format=0,compute_fp32=1,trans_batch=0](@276,@271,@269,main:#output_0) -> float_type, {1, 1000}, {1000, 1}, target_id=0
@278 = @return(@277), target_id=0


Allocating params ... 
Running performance report ... 
@0 = check_context::migraphx::gpu::context -> float_type, {}, {}, target_id=0: 0.00114234ms, 1%
@1 = hip::hip_allocate_memory[shape=int8_type, {11243520}, {1},id=main:scratch] -> int8_type, {11243520}, {1}, target_id=0: 0.00101972ms, 1%
@2 = hip::hip_copy_literal[id=main:@literal:98] -> float_type, {64}, {1}, target_id=0: 0.00080478ms, 1%
@3 = hip::hip_copy_literal[id=main:@literal:99] -> float_type, {64, 3, 7, 7}, {147, 49, 7, 1}, target_id=0: 0.00059338ms, 1%
@4 = load[offset=3211264,end=6422528](@1) -> float_type, {1, 64, 112, 112}, {802816, 12544, 112, 1}, target_id=0: 0.00078046ms, 1%
@5 = broadcast[axis=1,out_lens={1, 64, 112, 112}](@2) -> float_type, {1, 64, 112, 112}, {0, 1, 0, 0}, target_id=0: 0.0010153ms, 1%
input.1 = @param:input.1 -> float_type, {1, 3, 224, 224}, {150528, 50176, 224, 1}, target_id=0: 0.0006096ms, 1%
@7 = gpu::code_object[code_object=5648,symbol_name=mlir_convolution_add_relu,global=50176,local=256,](@5,input.1,@3,@4) -> float_type, {1, 64, 112, 112}, {802816, 12544, 112, 1}, target_id=0: 0.0407796ms, 2%
@8 = load[offset=2408448,end=3211264](@1) -> float_type, {1, 64, 56, 56}, {200704, 3136, 56, 1}, target_id=0: 0.00086966ms, 1%
@9 = gpu::pooling[mode=max,padding={1, 1, 1, 1},padding_mode=0,stride={2, 2},lengths={3, 3},ceil_mode=0,lp_order=2,dyn_global=0](@7,@8) -> float_type, {1, 64, 56, 56}, {200704, 3136, 56, 1}, target_id=0: 0.0619438ms, 3%
@10 = hip::hip_copy_literal[id=main:@literal:96] -> float_type, {64}, {1}, target_id=0: 0.00089602ms, 1%
@11 = hip::hip_copy_literal[id=main:@literal:97] -> float_type, {64, 64, 1, 1}, {64, 1, 1, 1}, target_id=0: 0.00084552ms, 1%
@12 = broadcast[axis=1,out_lens={1, 64, 56, 56}](@10) -> float_type, {1, 64, 56, 56}, {0, 1, 0, 0}, target_id=0: 0.00104544ms, 1%
@13 = load[offset=802816,end=1605632](@1) -> float_type, {1, 64, 56, 56}, {200704, 3136, 56, 1}, target_id=0: 0.00070914ms, 1%
@14 = gpu::code_object[code_object=4152,symbol_name=mlir_convolution_add_relu,global=50176,local=256,](@12,@9,@11,@13) -> float_type, {1, 64, 56, 56}, {200704, 3136, 56, 1}, target_id=0: 0.0201251ms, 1%
@15 = hip::hip_copy_literal[id=main:@literal:94] -> float_type, {64}, {1}, target_id=0: 0.00082348ms, 1%
@16 = hip::hip_copy_literal[id=main:@literal:95] -> float_type, {64, 64, 3, 3}, {576, 9, 3, 1}, target_id=0: 0.00064988ms, 1%
@17 = load[offset=0,end=802816](@1) -> float_type, {1, 64, 56, 56}, {200704, 3136, 56, 1}, target_id=0: 0.00066634ms, 1%
@18 = broadcast[axis=1,out_lens={1, 64, 56, 56}](@15) -> float_type, {1, 64, 56, 56}, {0, 1, 0, 0}, target_id=0: 0.00098742ms, 1%
@19 = gpu::miopen_fusion[ops={{op=convolution[padding={1, 1, 1, 1},stride={1, 1},dilation={1, 1},group=1,padding_mode=0],alpha=1,beta=0}, {op=add,alpha=1,beta=0}, {op=relu,alpha=1,beta=0}}](@14,@16,@18,@17) -> float_type, {1, 64, 56, 56}, {200704, 3136, 56, 1}, target_id=0: 0.0488495ms, 2%
@20 = load[offset=4014080,end=5619712](@1) -> float_type, {1, 128, 56, 56}, {401408, 3136, 56, 1}, target_id=0: 0.00087736ms, 1%
@21 = gpu::code_object[code_object=3800,symbol_name=concat_kernel,global=100352,local=1024,](@19,@9,@20) -> float_type, {1, 128, 56, 56}, {401408, 3136, 56, 1}, target_id=0: 0.0198545ms, 1%
@22 = hip::hip_copy_literal[id=main:@literal:3] -> float_type, {256, 128, 1, 1}, {128, 1, 1, 1}, target_id=0: 0.00080178ms, 1%
@23 = hip::hip_copy_literal[id=main:@literal:2] -> float_type, {256}, {1}, target_id=0: 0.00058962ms, 1%
@24 = load[offset=802816,end=4014080](@1) -> float_type, {1, 256, 56, 56}, {802816, 3136, 56, 1}, target_id=0: 0.0008341ms, 1%
@25 = broadcast[axis=1,out_lens={1, 256, 56, 56}](@23) -> float_type, {1, 256, 56, 56}, {0, 1, 0, 0}, target_id=0: 0.00088724ms, 1%
@26 = gpu::code_object[code_object=6736,symbol_name=mlir_convolution_add_relu,global=50176,local=256,](@25,@21,@22,@24) -> float_type, {1, 256, 56, 56}, {802816, 3136, 56, 1}, target_id=0: 0.0294295ms, 2%
@27 = hip::hip_copy_literal[id=main:@literal:92] -> float_type, {64}, {1}, target_id=0: 0.00080986ms, 1%
@28 = hip::hip_copy_literal[id=main:@literal:93] -> float_type, {64, 256, 1, 1}, {256, 1, 1, 1}, target_id=0: 0.00063224ms, 1%
@29 = load[offset=4816896,end=5619712](@1) -> float_type, {1, 64, 56, 56}, {200704, 3136, 56, 1}, target_id=0: 0.00071848ms, 1%
@30 = broadcast[axis=1,out_lens={1, 64, 56, 56}](@27) -> float_type, {1, 64, 56, 56}, {0, 1, 0, 0}, target_id=0: 0.00095778ms, 1%
@31 = gpu::code_object[code_object=5960,symbol_name=mlir_convolution_add_relu,global=50176,local=256,](@30,@26,@28,@29) -> float_type, {1, 64, 56, 56}, {200704, 3136, 56, 1}, target_id=0: 0.0257366ms, 1%
@32 = hip::hip_copy_literal[id=main:@literal:90] -> float_type, {64}, {1}, target_id=0: 0.00080344ms, 1%
@33 = hip::hip_copy_literal[id=main:@literal:91] -> float_type, {64, 64, 3, 3}, {576, 9, 3, 1}, target_id=0: 0.00063506ms, 1%
@34 = load[offset=4014080,end=4816896](@1) -> float_type, {1, 64, 56, 56}, {200704, 3136, 56, 1}, target_id=0: 0.00066404ms, 1%
@35 = broadcast[axis=1,out_lens={1, 64, 56, 56}](@32) -> float_type, {1, 64, 56, 56}, {0, 1, 0, 0}, target_id=0: 0.00091706ms, 1%
@36 = gpu::miopen_fusion[ops={{op=convolution[padding={1, 1, 1, 1},stride={1, 1},dilation={1, 1},group=1,padding_mode=0],alpha=1,beta=0}, {op=add,alpha=1,beta=0}, {op=relu,alpha=1,beta=0}}](@31,@33,@35,@34) -> float_type, {1, 64, 56, 56}, {200704, 3136, 56, 1}, target_id=0: 0.0472808ms, 2%
@37 = hip::hip_copy_literal[id=main:@literal:88] -> float_type, {256}, {1}, target_id=0: 0.00087162ms, 1%
@38 = hip::hip_copy_literal[id=main:@literal:89] -> float_type, {256, 64, 1, 1}, {64, 1, 1, 1}, target_id=0: 0.00062608ms, 1%
@39 = load[offset=7225344,end=10436608](@1) -> float_type, {1, 256, 56, 56}, {802816, 3136, 56, 1}, target_id=0: 0.0007058ms, 1%
@40 = broadcast[axis=1,out_lens={1, 256, 56, 56}](@37) -> float_type, {1, 256, 56, 56}, {0, 1, 0, 0}, target_id=0: 0.0009253ms, 1%
@41 = gpu::code_object[code_object=4264,symbol_name=mlir_convolution_add_add_relu,global=200704,local=256,](@40,@26,@36,@38,@39) -> float_type, {1, 256, 56, 56}, {802816, 3136, 56, 1}, target_id=0: 0.0271828ms, 1%
@42 = hip::hip_copy_literal[id=main:@literal:86] -> float_type, {64}, {1}, target_id=0: 0.0007945ms, 1%
@43 = hip::hip_copy_literal[id=main:@literal:87] -> float_type, {64, 256, 1, 1}, {256, 1, 1, 1}, target_id=0: 0.00062948ms, 1%
@44 = load[offset=802816,end=1605632](@1) -> float_type, {1, 64, 56, 56}, {200704, 3136, 56, 1}, target_id=0: 0.00066396ms, 1%
@45 = broadcast[axis=1,out_lens={1, 64, 56, 56}](@42) -> float_type, {1, 64, 56, 56}, {0, 1, 0, 0}, target_id=0: 0.00089796ms, 1%
@46 = gpu::code_object[code_object=5960,symbol_name=mlir_convolution_add_relu,global=50176,local=256,](@45,@41,@43,@44) -> float_type, {1, 64, 56, 56}, {200704, 3136, 56, 1}, target_id=0: 0.0254932ms, 1%
@47 = hip::hip_copy_literal[id=main:@literal:84] -> float_type, {64}, {1}, target_id=0: 0.00075816ms, 1%
@48 = hip::hip_copy_literal[id=main:@literal:85] -> float_type, {64, 64, 3, 3}, {576, 9, 3, 1}, target_id=0: 0.00060654ms, 1%
@49 = load[offset=0,end=802816](@1) -> float_type, {1, 64, 56, 56}, {200704, 3136, 56, 1}, target_id=0: 0.00068056ms, 1%
@50 = broadcast[axis=1,out_lens={1, 64, 56, 56}](@47) -> float_type, {1, 64, 56, 56}, {0, 1, 0, 0}, target_id=0: 0.0008944ms, 1%
@51 = gpu::miopen_fusion[ops={{op=convolution[padding={1, 1, 1, 1},stride={1, 1},dilation={1, 1},group=1,padding_mode=0],alpha=1,beta=0}, {op=add,alpha=1,beta=0}, {op=relu,alpha=1,beta=0}}](@46,@48,@50,@49) -> float_type, {1, 64, 56, 56}, {200704, 3136, 56, 1}, target_id=0: 0.0450634ms, 2%
@52 = hip::hip_copy_literal[id=main:@literal:82] -> float_type, {256}, {1}, target_id=0: 0.00082724ms, 1%
@53 = hip::hip_copy_literal[id=main:@literal:83] -> float_type, {256, 64, 1, 1}, {64, 1, 1, 1}, target_id=0: 0.0006573ms, 1%
@54 = load[offset=4014080,end=7225344](@1) -> float_type, {1, 256, 56, 56}, {802816, 3136, 56, 1}, target_id=0: 0.00069668ms, 1%
@55 = broadcast[axis=1,out_lens={1, 256, 56, 56}](@52) -> float_type, {1, 256, 56, 56}, {0, 1, 0, 0}, target_id=0: 0.00090972ms, 1%
@56 = gpu::code_object[code_object=4264,symbol_name=mlir_convolution_add_add_relu,global=200704,local=256,](@55,@41,@51,@53,@54) -> float_type, {1, 256, 56, 56}, {802816, 3136, 56, 1}, target_id=0: 0.0274852ms, 1%
@57 = hip::hip_copy_literal[id=main:@literal:79] -> float_type, {128, 128, 3, 3}, {1152, 9, 3, 1}, target_id=0: 0.00085632ms, 1%
@58 = hip::hip_copy_literal[id=main:@literal:80] -> float_type, {128}, {1}, target_id=0: 0.00057354ms, 1%
@59 = hip::hip_copy_literal[id=main:@literal:81] -> float_type, {128, 256, 1, 1}, {256, 1, 1, 1}, target_id=0: 0.00073554ms, 1%
@60 = load[offset=2007040,end=3612672](@1) -> float_type, {1, 128, 56, 56}, {401408, 3136, 56, 1}, target_id=0: 0.00068206ms, 1%
@61 = broadcast[axis=1,out_lens={1, 128, 56, 56}](@58) -> float_type, {1, 128, 56, 56}, {0, 1, 0, 0}, target_id=0: 0.00091956ms, 1%
@62 = gpu::code_object[code_object=5648,symbol_name=mlir_convolution_add_relu,global=25088,local=128,](@61,@56,@59,@60) -> float_type, {1, 128, 56, 56}, {401408, 3136, 56, 1}, target_id=0: 0.0346462ms, 2%
@63 = load[offset=0,end=0](@1) -> int8_type, {0}, {1}, target_id=0: 0.00084124ms, 1%
@64 = load[offset=1605632,end=2007040](@1) -> float_type, {1, 128, 28, 28}, {100352, 784, 28, 1}, target_id=0: 0.00063412ms, 1%
@65 = gpu::convolution[op={padding={1, 1, 1, 1},stride={2, 2},dilation={1, 1},group=1,padding_mode=0},solution_object={binary_object: 457},algo=0,int8_x4_format=0,solution_id=0](@62,@57,@63,@64) -> float_type, {1, 128, 28, 28}, {100352, 784, 28, 1}, target_id=0: 0.0625123ms, 3%
@66 = hip::hip_copy_literal[id=main:@literal:6] -> float_type, {512, 384, 1, 1}, {384, 1, 1, 1}, target_id=0: 0.00089322ms, 1%
@67 = hip::hip_copy_literal[id=main:@literal:78] -> float_type, {128}, {1}, target_id=0: 0.00067486ms, 1%
@68 = load[offset=0,end=401408](@1) -> float_type, {1, 128, 28, 28}, {100352, 784, 28, 1}, target_id=0: 0.00070602ms, 1%
@69 = broadcast[axis=1,out_lens={1, 128, 28, 28}](@67) -> float_type, {1, 128, 28, 28}, {0, 1, 0, 0}, target_id=0: 0.00097808ms, 1%
@70 = gpu::code_object[code_object=3832,symbol_name=add_relu_kernel,global=50176,local=1024,](@65,@69,@68) -> float_type, {1, 128, 28, 28}, {100352, 784, 28, 1}, target_id=0: 0.0185105ms, 1%
@71 = step[axes={2, 3},steps={2, 2}](@56) -> float_type, {1, 256, 28, 28}, {802816, 3136, 112, 2}, target_id=0: 0.00135074ms, 1%
@72 = load[offset=802816,end=2007040](@1) -> float_type, {1, 384, 28, 28}, {301056, 784, 28, 1}, target_id=0: 0.00065406ms, 1%
@73 = gpu::code_object[code_object=4048,symbol_name=concat_kernel,global=150528,local=1024,](@70,@71,@72) -> float_type, {1, 384, 28, 28}, {301056, 784, 28, 1}, target_id=0: 0.0199589ms, 1%
@74 = hip::hip_copy_literal[id=main:@literal:5] -> float_type, {512}, {1}, target_id=0: 0.00077804ms, 1%
@75 = broadcast[axis=1,out_lens={1, 512, 28, 28}](@74) -> float_type, {1, 512, 28, 28}, {0, 1, 0, 0}, target_id=0: 0.00089384ms, 1%
@76 = load[offset=2809856,end=4415488](@1) -> float_type, {1, 512, 28, 28}, {401408, 784, 28, 1}, target_id=0: 0.0006684ms, 1%
@77 = gpu::code_object[code_object=5752,symbol_name=mlir_convolution_add_relu,global=26624,local=256,](@75,@73,@66,@76) -> float_type, {1, 512, 28, 28}, {401408, 784, 28, 1}, target_id=0: 0.0372987ms, 2%
@78 = hip::hip_copy_literal[id=main:@literal:76] -> float_type, {128}, {1}, target_id=0: 0.0008186ms, 1%
@79 = hip::hip_copy_literal[id=main:@literal:77] -> float_type, {128, 512, 1, 1}, {512, 1, 1, 1}, target_id=0: 0.00060948ms, 1%
@80 = broadcast[axis=1,out_lens={1, 128, 28, 28}](@78) -> float_type, {1, 128, 28, 28}, {0, 1, 0, 0}, target_id=0: 0.00092174ms, 1%
@81 = load[offset=802816,end=1204224](@1) -> float_type, {1, 128, 28, 28}, {100352, 784, 28, 1}, target_id=0: 0.0006591ms, 1%
@82 = gpu::code_object[code_object=8168,symbol_name=mlir_convolution_add_relu,global=25600,local=256,](@80,@77,@79,@81) -> float_type, {1, 128, 28, 28}, {100352, 784, 28, 1}, target_id=0: 0.0306846ms, 2%
@83 = hip::hip_copy_literal[id=main:@literal:74] -> float_type, {128}, {1}, target_id=0: 0.00082638ms, 1%
@84 = hip::hip_copy_literal[id=main:@literal:75] -> float_type, {128, 128, 3, 3}, {1152, 9, 3, 1}, target_id=0: 0.00062416ms, 1%
@85 = load[offset=401408,end=802816](@1) -> float_type, {1, 128, 28, 28}, {100352, 784, 28, 1}, target_id=0: 0.00065326ms, 1%
@86 = broadcast[axis=1,out_lens={1, 128, 28, 28}](@83) -> float_type, {1, 128, 28, 28}, {0, 1, 0, 0}, target_id=0: 0.00088432ms, 1%
@87 = gpu::miopen_fusion[ops={{op=convolution[padding={1, 1, 1, 1},stride={1, 1},dilation={1, 1},group=1,padding_mode=0],alpha=1,beta=0}, {op=add,alpha=1,beta=0}, {op=relu,alpha=1,beta=0}}](@82,@84,@86,@85) -> float_type, {1, 128, 28, 28}, {100352, 784, 28, 1}, target_id=0: 0.06265ms, 3%
@88 = hip::hip_copy_literal[id=main:@literal:72] -> float_type, {512}, {1}, target_id=0: 0.00083962ms, 1%
@89 = hip::hip_copy_literal[id=main:@literal:73] -> float_type, {512, 128, 1, 1}, {128, 1, 1, 1}, target_id=0: 0.0006414ms, 1%
@90 = broadcast[axis=1,out_lens={1, 512, 28, 28}](@88) -> float_type, {1, 512, 28, 28}, {0, 1, 0, 0}, target_id=0: 0.00097108ms, 1%
@91 = load[offset=1204224,end=2809856](@1) -> float_type, {1, 512, 28, 28}, {401408, 784, 28, 1}, target_id=0: 0.00069106ms, 1%
@92 = gpu::code_object[code_object=5096,symbol_name=mlir_convolution_add_add_relu,global=102400,local=256,](@90,@77,@87,@89,@91) -> float_type, {1, 512, 28, 28}, {401408, 784, 28, 1}, target_id=0: 0.0264645ms, 1%
@93 = hip::hip_copy_literal[id=main:@literal:70] -> float_type, {128}, {1}, target_id=0: 0.00081138ms, 1%
@94 = hip::hip_copy_literal[id=main:@literal:71] -> float_type, {128, 512, 1, 1}, {512, 1, 1, 1}, target_id=0: 0.00059298ms, 1%
@95 = broadcast[axis=1,out_lens={1, 128, 28, 28}](@93) -> float_type, {1, 128, 28, 28}, {0, 1, 0, 0}, target_id=0: 0.00086498ms, 1%
@96 = load[offset=802816,end=1204224](@1) -> float_type, {1, 128, 28, 28}, {100352, 784, 28, 1}, target_id=0: 0.00069022ms, 1%
@97 = gpu::code_object[code_object=8168,symbol_name=mlir_convolution_add_relu,global=25600,local=256,](@95,@92,@94,@96) -> float_type, {1, 128, 28, 28}, {100352, 784, 28, 1}, target_id=0: 0.0300897ms, 2%
@98 = hip::hip_copy_literal[id=main:@literal:68] -> float_type, {128}, {1}, target_id=0: 0.00079106ms, 1%
@99 = hip::hip_copy_literal[id=main:@literal:69] -> float_type, {128, 128, 3, 3}, {1152, 9, 3, 1}, target_id=0: 0.00068054ms, 1%
@100 = broadcast[axis=1,out_lens={1, 128, 28, 28}](@98) -> float_type, {1, 128, 28, 28}, {0, 1, 0, 0}, target_id=0: 0.00090958ms, 1%
@101 = load[offset=401408,end=802816](@1) -> float_type, {1, 128, 28, 28}, {100352, 784, 28, 1}, target_id=0: 0.0006495ms, 1%
@102 = gpu::miopen_fusion[ops={{op=convolution[padding={1, 1, 1, 1},stride={1, 1},dilation={1, 1},group=1,padding_mode=0],alpha=1,beta=0}, {op=add,alpha=1,beta=0}, {op=relu,alpha=1,beta=0}}](@97,@99,@100,@101) -> float_type, {1, 128, 28, 28}, {100352, 784, 28, 1}, target_id=0: 0.0576126ms, 3%
@103 = hip::hip_copy_literal[id=main:@literal:66] -> float_type, {512}, {1}, target_id=0: 0.00086946ms, 1%
@104 = hip::hip_copy_literal[id=main:@literal:67] -> float_type, {512, 128, 1, 1}, {128, 1, 1, 1}, target_id=0: 0.00060974ms, 1%
@105 = broadcast[axis=1,out_lens={1, 512, 28, 28}](@103) -> float_type, {1, 512, 28, 28}, {0, 1, 0, 0}, target_id=0: 0.00096622ms, 1%
@106 = load[offset=5771264,end=7376896](@1) -> float_type, {1, 512, 28, 28}, {401408, 784, 28, 1}, target_id=0: 0.00069066ms, 1%
@107 = gpu::code_object[code_object=5096,symbol_name=mlir_convolution_add_add_relu,global=102400,local=256,](@105,@92,@102,@104,@106) -> float_type, {1, 512, 28, 28}, {401408, 784, 28, 1}, target_id=0: 0.0266298ms, 1%
@108 = hip::hip_copy_literal[id=main:@literal:62] -> float_type, {128}, {1}, target_id=0: 0.00078834ms, 1%
@109 = hip::hip_copy_literal[id=main:@literal:63] -> float_type, {128, 128, 3, 3}, {1152, 9, 3, 1}, target_id=0: 0.0006501ms, 1%
@110 = hip::hip_copy_literal[id=main:@literal:64] -> float_type, {128}, {1}, target_id=0: 0.00062734ms, 1%
@111 = hip::hip_copy_literal[id=main:@literal:65] -> float_type, {128, 512, 1, 1}, {512, 1, 1, 1}, target_id=0: 0.00058814ms, 1%
@112 = broadcast[axis=1,out_lens={1, 128, 28, 28}](@110) -> float_type, {1, 128, 28, 28}, {0, 1, 0, 0}, target_id=0: 0.0009109ms, 1%
@113 = load[offset=401408,end=802816](@1) -> float_type, {1, 128, 28, 28}, {100352, 784, 28, 1}, target_id=0: 0.00065822ms, 1%
@114 = gpu::code_object[code_object=8168,symbol_name=mlir_convolution_add_relu,global=25600,local=256,](@112,@107,@111,@113) -> float_type, {1, 128, 28, 28}, {100352, 784, 28, 1}, target_id=0: 0.0300467ms, 2%
@115 = broadcast[axis=1,out_lens={1, 128, 28, 28}](@108) -> float_type, {1, 128, 28, 28}, {0, 1, 0, 0}, target_id=0: 0.00099456ms, 1%
@116 = load[offset=0,end=401408](@1) -> float_type, {1, 128, 28, 28}, {100352, 784, 28, 1}, target_id=0: 0.00067068ms, 1%
@117 = gpu::miopen_fusion[ops={{op=convolution[padding={1, 1, 1, 1},stride={1, 1},dilation={1, 1},group=1,padding_mode=0],alpha=1,beta=0}, {op=add,alpha=1,beta=0}, {op=relu,alpha=1,beta=0}}](@114,@109,@115,@116) -> float_type, {1, 128, 28, 28}, {100352, 784, 28, 1}, target_id=0: 0.0562177ms, 3%
@118 = hip::hip_copy_literal[id=main:@literal:60] -> float_type, {512}, {1}, target_id=0: 0.00083876ms, 1%
@119 = hip::hip_copy_literal[id=main:@literal:61] -> float_type, {512, 128, 1, 1}, {128, 1, 1, 1}, target_id=0: 0.00060076ms, 1%
@120 = broadcast[axis=1,out_lens={1, 512, 28, 28}](@118) -> float_type, {1, 512, 28, 28}, {0, 1, 0, 0}, target_id=0: 0.00099846ms, 1%
@121 = load[offset=4165632,end=5771264](@1) -> float_type, {1, 512, 28, 28}, {401408, 784, 28, 1}, target_id=0: 0.000701ms, 1%
@122 = gpu::code_object[code_object=5096,symbol_name=mlir_convolution_add_add_relu,global=102400,local=256,](@120,@107,@117,@119,@121) -> float_type, {1, 512, 28, 28}, {401408, 784, 28, 1}, target_id=0: 0.0266124ms, 1%
@123 = hip::hip_copy_literal[id=main:@literal:58] -> float_type, {256}, {1}, target_id=0: 0.00081086ms, 1%
@124 = hip::hip_copy_literal[id=main:@literal:59] -> float_type, {256, 512, 1, 1}, {512, 1, 1, 1}, target_id=0: 0.0006337ms, 1%
@125 = broadcast[axis=1,out_lens={1, 256, 28, 28}](@123) -> float_type, {1, 256, 28, 28}, {0, 1, 0, 0}, target_id=0: 0.00089758ms, 1%
@126 = load[offset=0,end=802816](@1) -> float_type, {1, 256, 28, 28}, {200704, 784, 28, 1}, target_id=0: 0.00067738ms, 1%
@127 = gpu::code_object[code_object=4984,symbol_name=mlir_convolution_add_relu,global=51200,local=256,](@125,@122,@124,@126) -> float_type, {1, 256, 28, 28}, {200704, 784, 28, 1}, target_id=0: 0.0324579ms, 2%
@128 = hip::hip_copy_literal[id=main:@literal:57] -> float_type, {256, 256, 3, 3}, {2304, 9, 3, 1}, target_id=0: 0.00078504ms, 1%
@129 = load[offset=5971968,end=9334784](@1) -> int8_type, {3362816}, {1}, target_id=0: 0.0006793ms, 1%
@130 = load[offset=5771264,end=5971968](@1) -> float_type, {1, 256, 14, 14}, {50176, 196, 14, 1}, target_id=0: 0.00067066ms, 1%
@131 = gpu::convolution[op={padding={1, 1, 1, 1},stride={2, 2},dilation={1, 1},group=1,padding_mode=0},solution_object={binary_object: 556},algo=0,int8_x4_format=0,solution_id=0](@127,@128,@129,@130) -> float_type, {1, 256, 14, 14}, {50176, 196, 14, 1}, target_id=0: 0.0770055ms, 3%
@132 = hip::hip_copy_literal[id=main:@literal:8] -> float_type, {1024}, {1}, target_id=0: 0.00088406ms, 1%
@133 = hip::hip_copy_literal[id=main:@literal:7] -> float_type, {1024, 768, 1, 1}, {768, 1, 1, 1}, target_id=0: 0.00055078ms, 1%
@134 = hip::hip_copy_literal[id=main:@literal:56] -> float_type, {256}, {1}, target_id=0: 0.00077388ms, 1%
@135 = broadcast[axis=1,out_lens={1, 256, 14, 14}](@134) -> float_type, {1, 256, 14, 14}, {0, 1, 0, 0}, target_id=0: 0.00105902ms, 1%
@136 = load[offset=0,end=200704](@1) -> float_type, {1, 256, 14, 14}, {50176, 196, 14, 1}, target_id=0: 0.00070188ms, 1%
@137 = gpu::code_object[code_object=3824,symbol_name=add_relu_kernel,global=25600,local=1024,](@131,@135,@136) -> float_type, {1, 256, 14, 14}, {50176, 196, 14, 1}, target_id=0: 0.0176125ms, 1%
@138 = hip::hip_copy_literal[id=main:@literal:44] -> float_type, {1024}, {1}, target_id=0: 0.00080768ms, 1%
@139 = hip::hip_copy_literal[id=main:@literal:45] -> float_type, {1024, 256, 1, 1}, {256, 1, 1, 1}, target_id=0: 0.00062754ms, 1%
@140 = hip::hip_copy_literal[id=main:@literal:46] -> float_type, {256}, {1}, target_id=0: 0.00070088ms, 1%
@141 = hip::hip_copy_literal[id=main:@literal:47] -> float_type, {256, 256, 3, 3}, {2304, 9, 3, 1}, target_id=0: 0.00054186ms, 1%
@142 = hip::hip_copy_literal[id=main:@literal:48] -> float_type, {256}, {1}, target_id=0: 0.00069294ms, 1%
@143 = hip::hip_copy_literal[id=main:@literal:49] -> float_type, {256, 1024, 1, 1}, {1024, 1, 1, 1}, target_id=0: 0.0005824ms, 1%
@144 = hip::hip_copy_literal[id=main:@literal:50] -> float_type, {1024}, {1}, target_id=0: 0.00065534ms, 1%
@145 = hip::hip_copy_literal[id=main:@literal:51] -> float_type, {1024, 256, 1, 1}, {256, 1, 1, 1}, target_id=0: 0.00067988ms, 1%
@146 = hip::hip_copy_literal[id=main:@literal:52] -> float_type, {256}, {1}, target_id=0: 0.00062998ms, 1%
@147 = hip::hip_copy_literal[id=main:@literal:53] -> float_type, {256, 256, 3, 3}, {2304, 9, 3, 1}, target_id=0: 0.00066074ms, 1%
@148 = hip::hip_copy_literal[id=main:@literal:54] -> float_type, {256}, {1}, target_id=0: 0.00064048ms, 1%
@149 = hip::hip_copy_literal[id=main:@literal:55] -> float_type, {256, 1024, 1, 1}, {1024, 1, 1, 1}, target_id=0: 0.00059798ms, 1%
@150 = step[axes={2, 3},steps={2, 2}](@122) -> float_type, {1, 512, 14, 14}, {401408, 784, 56, 2}, target_id=0: 0.00113706ms, 1%
@151 = load[offset=1003520,end=1605632](@1) -> float_type, {1, 768, 14, 14}, {150528, 196, 14, 1}, target_id=0: 0.00064686ms, 1%
@152 = gpu::code_object[code_object=4048,symbol_name=concat_kernel,global=75776,local=1024,](@137,@150,@151) -> float_type, {1, 768, 14, 14}, {150528, 196, 14, 1}, target_id=0: 0.0208815ms, 1%
@153 = load[offset=200704,end=1003520](@1) -> float_type, {1, 1024, 14, 14}, {200704, 196, 14, 1}, target_id=0: 0.0008353ms, 1%
@154 = broadcast[axis=1,out_lens={1, 1024, 14, 14}](@132) -> float_type, {1, 1024, 14, 14}, {0, 1, 0, 0}, target_id=0: 0.00090534ms, 1%
@155 = gpu::code_object[code_object=4512,symbol_name=mlir_convolution_add_relu,global=57344,local=256,](@154,@152,@133,@153) -> float_type, {1, 1024, 14, 14}, {200704, 196, 14, 1}, target_id=0: 0.0393589ms, 2%
@156 = broadcast[axis=1,out_lens={1, 256, 14, 14}](@148) -> float_type, {1, 256, 14, 14}, {0, 1, 0, 0}, target_id=0: 0.00094088ms, 1%
@157 = load[offset=1204224,end=1404928](@1) -> float_type, {1, 256, 14, 14}, {50176, 196, 14, 1}, target_id=0: 0.0006916ms, 1%
@158 = gpu::code_object[code_object=4840,symbol_name=mlir_convolution_add_relu,global=14336,local=256,](@156,@155,@149,@157) -> float_type, {1, 256, 14, 14}, {50176, 196, 14, 1}, target_id=0: 0.0353902ms, 2%
@159 = broadcast[axis=1,out_lens={1, 256, 14, 14}](@146) -> float_type, {1, 256, 14, 14}, {0, 1, 0, 0}, target_id=0: 0.00092222ms, 1%
@160 = load[offset=1003520,end=1204224](@1) -> float_type, {1, 256, 14, 14}, {50176, 196, 14, 1}, target_id=0: 0.00067098ms, 1%
@161 = gpu::miopen_fusion[ops={{op=convolution[padding={1, 1, 1, 1},stride={1, 1},dilation={1, 1},group=1,padding_mode=0],alpha=1,beta=0}, {op=add,alpha=1,beta=0}, {op=relu,alpha=1,beta=0}}](@158,@147,@159,@160) -> float_type, {1, 256, 14, 14}, {50176, 196, 14, 1}, target_id=0: 0.0899909ms, 4%
@162 = broadcast[axis=1,out_lens={1, 1024, 14, 14}](@144) -> float_type, {1, 1024, 14, 14}, {0, 1, 0, 0}, target_id=0: 0.0011483ms, 1%
@163 = load[offset=2207744,end=3010560](@1) -> float_type, {1, 1024, 14, 14}, {200704, 196, 14, 1}, target_id=0: 0.00069308ms, 1%
@164 = gpu::code_object[code_object=6200,symbol_name=mlir_convolution_add_add_relu,global=57344,local=256,](@162,@155,@161,@145,@163) -> float_type, {1, 1024, 14, 14}, {200704, 196, 14, 1}, target_id=0: 0.0268687ms, 1%
@165 = broadcast[axis=1,out_lens={1, 256, 14, 14}](@142) -> float_type, {1, 256, 14, 14}, {0, 1, 0, 0}, target_id=0: 0.00090864ms, 1%
@166 = load[offset=200704,end=401408](@1) -> float_type, {1, 256, 14, 14}, {50176, 196, 14, 1}, target_id=0: 0.00072738ms, 1%
@167 = gpu::code_object[code_object=4840,symbol_name=mlir_convolution_add_relu,global=14336,local=256,](@165,@164,@143,@166) -> float_type, {1, 256, 14, 14}, {50176, 196, 14, 1}, target_id=0: 0.0351068ms, 2%
@168 = broadcast[axis=1,out_lens={1, 256, 14, 14}](@140) -> float_type, {1, 256, 14, 14}, {0, 1, 0, 0}, target_id=0: 0.00092206ms, 1%
@169 = load[offset=0,end=200704](@1) -> float_type, {1, 256, 14, 14}, {50176, 196, 14, 1}, target_id=0: 0.00067958ms, 1%
@170 = gpu::miopen_fusion[ops={{op=convolution[padding={1, 1, 1, 1},stride={1, 1},dilation={1, 1},group=1,padding_mode=0],alpha=1,beta=0}, {op=add,alpha=1,beta=0}, {op=relu,alpha=1,beta=0}}](@167,@141,@168,@169) -> float_type, {1, 256, 14, 14}, {50176, 196, 14, 1}, target_id=0: 0.0821224ms, 3%
@171 = broadcast[axis=1,out_lens={1, 1024, 14, 14}](@138) -> float_type, {1, 1024, 14, 14}, {0, 1, 0, 0}, target_id=0: 0.00113374ms, 1%
@172 = load[offset=1404928,end=2207744](@1) -> float_type, {1, 1024, 14, 14}, {200704, 196, 14, 1}, target_id=0: 0.00067044ms, 1%
@173 = gpu::code_object[code_object=6200,symbol_name=mlir_convolution_add_add_relu,global=57344,local=256,](@171,@164,@170,@139,@172) -> float_type, {1, 1024, 14, 14}, {200704, 196, 14, 1}, target_id=0: 0.0265663ms, 1%
@174 = hip::hip_copy_literal[id=main:@literal:26] -> float_type, {1024}, {1}, target_id=0: 0.0008612ms, 1%
@175 = hip::hip_copy_literal[id=main:@literal:27] -> float_type, {1024, 256, 1, 1}, {256, 1, 1, 1}, target_id=0: 0.0006214ms, 1%
@176 = hip::hip_copy_literal[id=main:@literal:28] -> float_type, {256}, {1}, target_id=0: 0.00059806ms, 1%
@177 = hip::hip_copy_literal[id=main:@literal:29] -> float_type, {256, 256, 3, 3}, {2304, 9, 3, 1}, target_id=0: 0.00057856ms, 1%
@178 = hip::hip_copy_literal[id=main:@literal:30] -> float_type, {256}, {1}, target_id=0: 0.00059428ms, 1%
@179 = hip::hip_copy_literal[id=main:@literal:31] -> float_type, {256, 1024, 1, 1}, {1024, 1, 1, 1}, target_id=0: 0.00058846ms, 1%
@180 = hip::hip_copy_literal[id=main:@literal:32] -> float_type, {1024}, {1}, target_id=0: 0.000629ms, 1%
@181 = hip::hip_copy_literal[id=main:@literal:33] -> float_type, {1024, 256, 1, 1}, {256, 1, 1, 1}, target_id=0: 0.00060418ms, 1%
@182 = hip::hip_copy_literal[id=main:@literal:34] -> float_type, {256}, {1}, target_id=0: 0.00060042ms, 1%
@183 = hip::hip_copy_literal[id=main:@literal:35] -> float_type, {256, 256, 3, 3}, {2304, 9, 3, 1}, target_id=0: 0.00059604ms, 1%
@184 = hip::hip_copy_literal[id=main:@literal:36] -> float_type, {256}, {1}, target_id=0: 0.00060872ms, 1%
@185 = hip::hip_copy_literal[id=main:@literal:37] -> float_type, {256, 1024, 1, 1}, {1024, 1, 1, 1}, target_id=0: 0.00060636ms, 1%
@186 = hip::hip_copy_literal[id=main:@literal:38] -> float_type, {1024}, {1}, target_id=0: 0.00060974ms, 1%
@187 = hip::hip_copy_literal[id=main:@literal:39] -> float_type, {1024, 256, 1, 1}, {256, 1, 1, 1}, target_id=0: 0.00060686ms, 1%
@188 = hip::hip_copy_literal[id=main:@literal:40] -> float_type, {256}, {1}, target_id=0: 0.00058362ms, 1%
@189 = hip::hip_copy_literal[id=main:@literal:41] -> float_type, {256, 256, 3, 3}, {2304, 9, 3, 1}, target_id=0: 0.00063092ms, 1%
@190 = hip::hip_copy_literal[id=main:@literal:42] -> float_type, {256}, {1}, target_id=0: 0.00060174ms, 1%
@191 = hip::hip_copy_literal[id=main:@literal:43] -> float_type, {256, 1024, 1, 1}, {1024, 1, 1, 1}, target_id=0: 0.00060084ms, 1%
@192 = broadcast[axis=1,out_lens={1, 256, 14, 14}](@190) -> float_type, {1, 256, 14, 14}, {0, 1, 0, 0}, target_id=0: 0.0008813ms, 1%
@193 = load[offset=401408,end=602112](@1) -> float_type, {1, 256, 14, 14}, {50176, 196, 14, 1}, target_id=0: 0.00068028ms, 1%
@194 = gpu::code_object[code_object=4840,symbol_name=mlir_convolution_add_relu,global=14336,local=256,](@192,@173,@191,@193) -> float_type, {1, 256, 14, 14}, {50176, 196, 14, 1}, target_id=0: 0.0380475ms, 2%
@195 = broadcast[axis=1,out_lens={1, 256, 14, 14}](@188) -> float_type, {1, 256, 14, 14}, {0, 1, 0, 0}, target_id=0: 0.00094074ms, 1%
@196 = load[offset=200704,end=401408](@1) -> float_type, {1, 256, 14, 14}, {50176, 196, 14, 1}, target_id=0: 0.0006664ms, 1%
@197 = gpu::miopen_fusion[ops={{op=convolution[padding={1, 1, 1, 1},stride={1, 1},dilation={1, 1},group=1,padding_mode=0],alpha=1,beta=0}, {op=add,alpha=1,beta=0}, {op=relu,alpha=1,beta=0}}](@194,@189,@195,@196) -> float_type, {1, 256, 14, 14}, {50176, 196, 14, 1}, target_id=0: 0.0845333ms, 4%
@198 = broadcast[axis=1,out_lens={1, 1024, 14, 14}](@186) -> float_type, {1, 1024, 14, 14}, {0, 1, 0, 0}, target_id=0: 0.00112458ms, 1%
@199 = load[offset=602112,end=1404928](@1) -> float_type, {1, 1024, 14, 14}, {200704, 196, 14, 1}, target_id=0: 0.00066906ms, 1%
@200 = gpu::code_object[code_object=6200,symbol_name=mlir_convolution_add_add_relu,global=57344,local=256,](@198,@173,@197,@187,@199) -> float_type, {1, 1024, 14, 14}, {200704, 196, 14, 1}, target_id=0: 0.0268136ms, 1%
@201 = broadcast[axis=1,out_lens={1, 256, 14, 14}](@184) -> float_type, {1, 256, 14, 14}, {0, 1, 0, 0}, target_id=0: 0.00091608ms, 1%
@202 = load[offset=200704,end=401408](@1) -> float_type, {1, 256, 14, 14}, {50176, 196, 14, 1}, target_id=0: 0.00065586ms, 1%
@203 = gpu::code_object[code_object=4840,symbol_name=mlir_convolution_add_relu,global=14336,local=256,](@201,@200,@185,@202) -> float_type, {1, 256, 14, 14}, {50176, 196, 14, 1}, target_id=0: 0.0352952ms, 2%
@204 = broadcast[axis=1,out_lens={1, 256, 14, 14}](@182) -> float_type, {1, 256, 14, 14}, {0, 1, 0, 0}, target_id=0: 0.0009694ms, 1%
@205 = load[offset=0,end=200704](@1) -> float_type, {1, 256, 14, 14}, {50176, 196, 14, 1}, target_id=0: 0.00066566ms, 1%
@206 = gpu::miopen_fusion[ops={{op=convolution[padding={1, 1, 1, 1},stride={1, 1},dilation={1, 1},group=1,padding_mode=0],alpha=1,beta=0}, {op=add,alpha=1,beta=0}, {op=relu,alpha=1,beta=0}}](@203,@183,@204,@205) -> float_type, {1, 256, 14, 14}, {50176, 196, 14, 1}, target_id=0: 0.0831357ms, 3%
@207 = broadcast[axis=1,out_lens={1, 1024, 14, 14}](@180) -> float_type, {1, 1024, 14, 14}, {0, 1, 0, 0}, target_id=0: 0.00112428ms, 1%
@208 = load[offset=1404928,end=2207744](@1) -> float_type, {1, 1024, 14, 14}, {200704, 196, 14, 1}, target_id=0: 0.00072576ms, 1%
@209 = gpu::code_object[code_object=6200,symbol_name=mlir_convolution_add_add_relu,global=57344,local=256,](@207,@200,@206,@181,@208) -> float_type, {1, 1024, 14, 14}, {200704, 196, 14, 1}, target_id=0: 0.0266106ms, 1%
@210 = broadcast[axis=1,out_lens={1, 256, 14, 14}](@178) -> float_type, {1, 256, 14, 14}, {0, 1, 0, 0}, target_id=0: 0.00092588ms, 1%
@211 = load[offset=0,end=200704](@1) -> float_type, {1, 256, 14, 14}, {50176, 196, 14, 1}, target_id=0: 0.0006422ms, 1%
@212 = gpu::code_object[code_object=4840,symbol_name=mlir_convolution_add_relu,global=14336,local=256,](@210,@209,@179,@211) -> float_type, {1, 256, 14, 14}, {50176, 196, 14, 1}, target_id=0: 0.0358649ms, 2%
@213 = broadcast[axis=1,out_lens={1, 256, 14, 14}](@176) -> float_type, {1, 256, 14, 14}, {0, 1, 0, 0}, target_id=0: 0.00091106ms, 1%
@214 = load[offset=802816,end=1003520](@1) -> float_type, {1, 256, 14, 14}, {50176, 196, 14, 1}, target_id=0: 0.0006634ms, 1%
@215 = gpu::miopen_fusion[ops={{op=convolution[padding={1, 1, 1, 1},stride={1, 1},dilation={1, 1},group=1,padding_mode=0],alpha=1,beta=0}, {op=add,alpha=1,beta=0}, {op=relu,alpha=1,beta=0}}](@212,@177,@213,@214) -> float_type, {1, 256, 14, 14}, {50176, 196, 14, 1}, target_id=0: 0.0836046ms, 3%
@216 = broadcast[axis=1,out_lens={1, 1024, 14, 14}](@174) -> float_type, {1, 1024, 14, 14}, {0, 1, 0, 0}, target_id=0: 0.00112676ms, 1%
@217 = load[offset=0,end=802816](@1) -> float_type, {1, 1024, 14, 14}, {200704, 196, 14, 1}, target_id=0: 0.00070192ms, 1%
@218 = gpu::code_object[code_object=6200,symbol_name=mlir_convolution_add_add_relu,global=57344,local=256,](@216,@209,@215,@175,@217) -> float_type, {1, 1024, 14, 14}, {200704, 196, 14, 1}, target_id=0: 0.0267273ms, 1%
@219 = hip::hip_copy_literal[id=main:@literal:23] -> float_type, {512, 512, 3, 3}, {4608, 9, 3, 1}, target_id=0: 0.0008394ms, 1%
@220 = hip::hip_copy_literal[id=main:@literal:24] -> float_type, {512}, {1}, target_id=0: 0.00064482ms, 1%
@221 = hip::hip_copy_literal[id=main:@literal:25] -> float_type, {512, 1024, 1, 1}, {1024, 1, 1, 1}, target_id=0: 0.00066988ms, 1%
@222 = broadcast[axis=1,out_lens={1, 512, 14, 14}](@220) -> float_type, {1, 512, 14, 14}, {0, 1, 0, 0}, target_id=0: 0.00088832ms, 1%
@223 = load[offset=10842112,end=11243520](@1) -> float_type, {1, 512, 14, 14}, {100352, 196, 14, 1}, target_id=0: 0.00067236ms, 1%
@224 = gpu::code_object[code_object=5008,symbol_name=mlir_convolution_add_relu,global=28672,local=256,](@222,@218,@221,@223) -> float_type, {1, 512, 14, 14}, {100352, 196, 14, 1}, target_id=0: 0.0353697ms, 2%
@225 = load[offset=903168,end=10842112](@1) -> int8_type, {9938944}, {1}, target_id=0: 0.00081036ms, 1%
@226 = load[offset=802816,end=903168](@1) -> float_type, {1, 512, 7, 7}, {25088, 49, 7, 1}, target_id=0: 0.00062436ms, 1%
@227 = gpu::convolution[op={padding={1, 1, 1, 1},stride={2, 2},dilation={1, 1},group=1,padding_mode=0},solution_object={binary_object: 555},algo=0,int8_x4_format=0,solution_id=0](@224,@219,@225,@226) -> float_type, {1, 512, 7, 7}, {25088, 49, 7, 1}, target_id=0: 0.0854395ms, 4%
@228 = hip::hip_copy_literal[id=main:@literal:9] -> float_type, {2048, 1536, 1, 1}, {1536, 1, 1, 1}, target_id=0: 0.00087148ms, 1%
@229 = hip::hip_copy_literal[id=main:@literal:4] -> float_type, {2048}, {1}, target_id=0: 0.00055008ms, 1%
@230 = hip::hip_copy_literal[id=main:@literal:16] -> float_type, {2048}, {1}, target_id=0: 0.0007862ms, 1%
@231 = hip::hip_copy_literal[id=main:@literal:17] -> float_type, {2048, 512, 1, 1}, {512, 1, 1, 1}, target_id=0: 0.0006196ms, 1%
@232 = hip::hip_copy_literal[id=main:@literal:18] -> float_type, {512}, {1}, target_id=0: 0.00070466ms, 1%
@233 = hip::hip_copy_literal[id=main:@literal:19] -> float_type, {512, 512, 3, 3}, {4608, 9, 3, 1}, target_id=0: 0.00060864ms, 1%
@234 = hip::hip_copy_literal[id=main:@literal:20] -> float_type, {512}, {1}, target_id=0: 0.00073602ms, 1%
@235 = hip::hip_copy_literal[id=main:@literal:21] -> float_type, {512, 2048, 1, 1}, {2048, 1, 1, 1}, target_id=0: 0.00060258ms, 1%
@236 = hip::hip_copy_literal[id=main:@literal:22] -> float_type, {512}, {1}, target_id=0: 0.00070318ms, 1%
@237 = broadcast[axis=1,out_lens={1, 512, 7, 7}](@236) -> float_type, {1, 512, 7, 7}, {0, 1, 0, 0}, target_id=0: 0.00102628ms, 1%
@238 = load[offset=903168,end=1003520](@1) -> float_type, {1, 512, 7, 7}, {25088, 49, 7, 1}, target_id=0: 0.0007168ms, 1%
@239 = gpu::code_object[code_object=3848,symbol_name=add_relu_kernel,global=25600,local=1024,](@227,@237,@238) -> float_type, {1, 512, 7, 7}, {25088, 49, 7, 1}, target_id=0: 0.019631ms, 1%
@240 = step[axes={2, 3},steps={2, 2}](@218) -> float_type, {1, 1024, 7, 7}, {200704, 196, 28, 2}, target_id=0: 0.0012238ms, 1%
@241 = load[offset=1003520,end=1304576](@1) -> float_type, {1, 1536, 7, 7}, {75264, 49, 7, 1}, target_id=0: 0.00065486ms, 1%
@242 = gpu::code_object[code_object=4072,symbol_name=concat_kernel,global=37888,local=1024,](@239,@240,@241) -> float_type, {1, 1536, 7, 7}, {75264, 49, 7, 1}, target_id=0: 0.0181573ms, 1%
@243 = broadcast[axis=1,out_lens={1, 2048, 7, 7}](@229) -> float_type, {1, 2048, 7, 7}, {0, 1, 0, 0}, target_id=0: 0.00104118ms, 1%
@244 = load[offset=1304576,end=1705984](@1) -> float_type, {1, 2048, 7, 7}, {100352, 49, 7, 1}, target_id=0: 0.00067282ms, 1%
@245 = gpu::code_object[code_object=4520,symbol_name=mlir_convolution_add_relu,global=32768,local=256,](@243,@242,@228,@244) -> float_type, {1, 2048, 7, 7}, {100352, 49, 7, 1}, target_id=0: 0.055911ms, 2%
@246 = broadcast[axis=1,out_lens={1, 512, 7, 7}](@234) -> float_type, {1, 512, 7, 7}, {0, 1, 0, 0}, target_id=0: 0.0009723ms, 1%
@247 = load[offset=100352,end=200704](@1) -> float_type, {1, 512, 7, 7}, {25088, 49, 7, 1}, target_id=0: 0.0006858ms, 1%
@248 = gpu::code_object[code_object=5144,symbol_name=mlir_convolution_add_relu,global=8192,local=256,](@246,@245,@235,@247) -> float_type, {1, 512, 7, 7}, {25088, 49, 7, 1}, target_id=0: 0.06006ms, 3%
@249 = broadcast[axis=1,out_lens={1, 512, 7, 7}](@232) -> float_type, {1, 512, 7, 7}, {0, 1, 0, 0}, target_id=0: 0.00095532ms, 1%
@250 = load[offset=0,end=100352](@1) -> float_type, {1, 512, 7, 7}, {25088, 49, 7, 1}, target_id=0: 0.00068588ms, 1%
@251 = gpu::miopen_fusion[ops={{op=convolution[padding={1, 1, 1, 1},stride={1, 1},dilation={1, 1},group=1,padding_mode=0],alpha=1,beta=0}, {op=add,alpha=1,beta=0}, {op=relu,alpha=1,beta=0}}](@248,@233,@249,@250) -> float_type, {1, 512, 7, 7}, {25088, 49, 7, 1}, target_id=0: 0.14192ms, 6%
@252 = broadcast[axis=1,out_lens={1, 2048, 7, 7}](@230) -> float_type, {1, 2048, 7, 7}, {0, 1, 0, 0}, target_id=0: 0.0011308ms, 1%
@253 = load[offset=501760,end=903168](@1) -> float_type, {1, 2048, 7, 7}, {100352, 49, 7, 1}, target_id=0: 0.0006762ms, 1%
@254 = gpu::code_object[code_object=5224,symbol_name=mlir_convolution_add_add_relu,global=32768,local=256,](@252,@245,@251,@231,@253) -> float_type, {1, 2048, 7, 7}, {100352, 49, 7, 1}, target_id=0: 0.033002ms, 2%
@255 = hip::hip_copy_literal[id=main:@literal:11] -> float_type, {2048, 512, 1, 1}, {512, 1, 1, 1}, target_id=0: 0.00083558ms, 1%
@256 = hip::hip_copy_literal[id=main:@literal:12] -> float_type, {512}, {1}, target_id=0: 0.00064ms, 1%
@257 = hip::hip_copy_literal[id=main:@literal:13] -> float_type, {512, 512, 3, 3}, {4608, 9, 3, 1}, target_id=0: 0.00067914ms, 1%
@258 = hip::hip_copy_literal[id=main:@literal:14] -> float_type, {512}, {1}, target_id=0: 0.00062906ms, 1%
@259 = hip::hip_copy_literal[id=main:@literal:15] -> float_type, {512, 2048, 1, 1}, {2048, 1, 1, 1}, target_id=0: 0.00063876ms, 1%
@260 = broadcast[axis=1,out_lens={1, 512, 7, 7}](@258) -> float_type, {1, 512, 7, 7}, {0, 1, 0, 0}, target_id=0: 0.00086974ms, 1%
@261 = load[offset=100352,end=200704](@1) -> float_type, {1, 512, 7, 7}, {25088, 49, 7, 1}, target_id=0: 0.00067138ms, 1%
@262 = gpu::code_object[code_object=5144,symbol_name=mlir_convolution_add_relu,global=8192,local=256,](@260,@254,@259,@261) -> float_type, {1, 512, 7, 7}, {25088, 49, 7, 1}, target_id=0: 0.0599251ms, 3%
@263 = broadcast[axis=1,out_lens={1, 512, 7, 7}](@256) -> float_type, {1, 512, 7, 7}, {0, 1, 0, 0}, target_id=0: 0.00098248ms, 1%
@264 = load[offset=0,end=100352](@1) -> float_type, {1, 512, 7, 7}, {25088, 49, 7, 1}, target_id=0: 0.00067864ms, 1%
@265 = gpu::miopen_fusion[ops={{op=convolution[padding={1, 1, 1, 1},stride={1, 1},dilation={1, 1},group=1,padding_mode=0],alpha=1,beta=0}, {op=add,alpha=1,beta=0}, {op=relu,alpha=1,beta=0}}](@262,@257,@263,@264) -> float_type, {1, 512, 7, 7}, {25088, 49, 7, 1}, target_id=0: 0.134941ms, 5%
@266 = load[offset=0,end=0](@1) -> int8_type, {0}, {1}, target_id=0: 0.0008959ms, 1%
@267 = load[offset=903168,end=1304576](@1) -> float_type, {1, 2048, 7, 7}, {100352, 49, 7, 1}, target_id=0: 0.00064758ms, 1%
@268 = gpu::convolution[op={padding={0, 0, 0, 0},stride={1, 1},dilation={1, 1},group=1,padding_mode=0},solution_object={binary_object: 455},algo=0,int8_x4_format=0,solution_id=0](@265,@255,@266,@267) -> float_type, {1, 2048, 7, 7}, {100352, 49, 7, 1}, target_id=0: 0.0487999ms, 2%
@269 = hip::hip_copy_literal[id=main:@literal:0] -> float_type, {1, 1000}, {1000, 1}, target_id=0: 0.00089752ms, 1%
@270 = hip::hip_copy_literal[id=main:@literal:10] -> float_type, {2048}, {1}, target_id=0: 0.00062686ms, 1%
@271 = hip::hip_copy_literal[id=main:@literal:1] -> float_type, {2048, 1000}, {1000, 1}, target_id=0: 0.00055956ms, 1%
@272 = broadcast[axis=1,out_lens={1, 2048, 7, 7}](@270) -> float_type, {1, 2048, 7, 7}, {0, 1, 0, 0}, target_id=0: 0.00106476ms, 1%
@273 = load[offset=0,end=8192](@1) -> float_type, {1, 2048, 1, 1}, {2048, 1, 1, 1}, target_id=0: 0.0006748ms, 1%
@274 = gpu::code_object[code_object=4024,symbol_name=add_add_relu_reduce_mean_kernel,global=131072,local=64,](@268,@272,@254,@273) -> float_type, {1, 2048, 1, 1}, {2048, 1, 1, 1}, target_id=0: 0.0186195ms, 1%
main:#output_0 = @param:main:#output_0 -> float_type, {1, 1000}, {1000, 1}, target_id=0: 0.00094924ms, 1%
@276 = flatten[axis=1](@274) -> float_type, {1, 2048}, {2048, 1}, target_id=0: 0.00123868ms, 1%
@277 = gpu::gemm[alpha=1,beta=1,int8_x4_format=0,compute_fp32=1,trans_batch=0](@276,@271,@269,main:#output_0) -> float_type, {1, 1000}, {1000, 1}, target_id=0: 0.0638381ms, 3%
@278 = @return(@277), target_id=0
Summary:
gpu::miopen_fusion: 1.01792ms / 13 = 0.0783017ms, 37%
gpu::code_object::mlir_convolution_add_relu: 0.767117ms / 21 = 0.0365294ms, 28%
gpu::code_object::mlir_convolution_add_add_relu: 0.300963ms / 11 = 0.0273603ms, 11%
gpu::convolution: 0.273757ms / 4 = 0.0684393ms, 10%
gpu::code_object::concat_kernel: 0.0788522ms / 4 = 0.0197131ms, 3%
hip::hip_copy_literal: 0.0691952ms / 100 = 0.000691952ms, 3%
gpu::gemm: 0.0638381ms / 1 = 0.0638381ms, 3%
gpu::pooling: 0.0619438ms / 1 = 0.0619438ms, 3%
gpu::code_object::add_relu_kernel: 0.0557541ms / 3 = 0.0185847ms, 2%
broadcast: 0.04734ms / 49 = 0.000966122ms, 2%
load: 0.0432989ms / 62 = 0.000698369ms, 2%
gpu::code_object::add_add_relu_reduce_mean_kernel: 0.0186195ms / 1 = 0.0186195ms, 1%
step: 0.0037116ms / 3 = 0.0012372ms, 1%
@param: 0.00155884ms / 2 = 0.00077942ms, 1%
flatten: 0.00123868ms / 1 = 0.00123868ms, 1%
check_context::migraphx::gpu::context: 0.00114234ms / 1 = 0.00114234ms, 1%
hip::hip_allocate_memory: 0.00101972ms / 1 = 0.00101972ms, 1%

Batch size: 1
Rate: 599.604/sec
Total time: 1.66777ms
Total instructions time: 2.80727ms
Overhead time: 0.0573675ms, -1.1395ms
Overhead: 3%, -68%
