Compiling ... 
Reading: /new-saved-models/torchvision/resnet50i1.onnx
module: "main"
main:@0 = check_context::migraphx::gpu::context  -> float_type, {}, {}
main:@1 = hip::hip_allocate_memory[shape=int8_type, {11239424}, {1},id=main:scratch] -> int8_type, {11239424}, {1}
main:@2 = hip::hip_copy_literal[id=main:@literal:99] -> float_type, {64, 3, 7, 7}, {147, 49, 7, 1}
main:@3 = load[offset=0,end=0](main:@1) -> int8_type, {0}, {1}
main:@4 = load[offset=6422528,end=9633792](main:@1) -> float_type, {1, 64, 112, 112}, {802816, 12544, 112, 1}
input.1 = @param:input.1 -> float_type, {1, 3, 224, 224}, {150528, 50176, 224, 1}
main:@6 = gpu::convolution[op={padding={3, 3, 3, 3},stride={2, 2},dilation={1, 1},group=1,padding_mode=0},solution_object={binary_object: 493},algo=0,int8_x4_format=0,solution_id=0](input.1,main:@2,main:@3,main:@4) -> float_type, {1, 64, 112, 112}, {802816, 12544, 112, 1}
main:@7 = hip::hip_copy_literal[id=main:@literal:98] -> float_type, {64}, {1}
main:@8 = load[offset=3211264,end=6422528](main:@1) -> float_type, {1, 64, 112, 112}, {802816, 12544, 112, 1}
main:@9 = broadcast[axis=1,out_lens={1, 64, 112, 112}](main:@7) -> float_type, {1, 64, 112, 112}, {0, 1, 0, 0}
main:@10 = gpu::code_object[code_object=13632,symbol_name=add_relu_kernel,global=401408,local=1024,](main:@6,main:@9,main:@8) -> float_type, {1, 64, 112, 112}, {802816, 12544, 112, 1}
main:@11 = load[offset=2408448,end=3211264](main:@1) -> float_type, {1, 64, 56, 56}, {200704, 3136, 56, 1}
main:@12 = gpu::pooling[mode=max,padding={1, 1, 1, 1},stride={2, 2},lengths={3, 3},ceil_mode=0,lp_order=2,dyn_global=0](main:@10,main:@11) -> float_type, {1, 64, 56, 56}, {200704, 3136, 56, 1}
main:@13 = hip::hip_copy_literal[id=main:@literal:96] -> float_type, {64}, {1}
main:@14 = hip::hip_copy_literal[id=main:@literal:97] -> float_type, {64, 64, 1, 1}, {64, 1, 1, 1}
main:@15 = broadcast[axis=1,out_lens={1, 64, 56, 56}](main:@13) -> float_type, {1, 64, 56, 56}, {0, 1, 0, 0}
main:@16 = load[offset=802816,end=1605632](main:@1) -> float_type, {1, 64, 56, 56}, {200704, 3136, 56, 1}
main:@17 = gpu::miopen_fusion[ops={{op=convolution[padding={0, 0, 0, 0},stride={1, 1},dilation={1, 1},group=1,padding_mode=0],alpha=1,beta=0}, {op=add,alpha=1,beta=0}, {op=relu,alpha=1,beta=0}}](main:@12,main:@14,main:@15,main:@16) -> float_type, {1, 64, 56, 56}, {200704, 3136, 56, 1}
main:@18 = hip::hip_copy_literal[id=main:@literal:94] -> float_type, {64}, {1}
main:@19 = hip::hip_copy_literal[id=main:@literal:95] -> float_type, {64, 64, 3, 3}, {576, 9, 3, 1}
main:@20 = load[offset=0,end=802816](main:@1) -> float_type, {1, 64, 56, 56}, {200704, 3136, 56, 1}
main:@21 = broadcast[axis=1,out_lens={1, 64, 56, 56}](main:@18) -> float_type, {1, 64, 56, 56}, {0, 1, 0, 0}
main:@22 = gpu::miopen_fusion[ops={{op=convolution[padding={1, 1, 1, 1},stride={1, 1},dilation={1, 1},group=1,padding_mode=0],alpha=1,beta=0}, {op=add,alpha=1,beta=0}, {op=relu,alpha=1,beta=0}}](main:@17,main:@19,main:@21,main:@20) -> float_type, {1, 64, 56, 56}, {200704, 3136, 56, 1}
main:@23 = load[offset=3211264,end=4816896](main:@1) -> float_type, {1, 128, 56, 56}, {401408, 3136, 56, 1}
main:@24 = gpu::code_object[code_object=13632,symbol_name=concat_kernel,global=100352,local=1024,](main:@22,main:@12,main:@23) -> float_type, {1, 128, 56, 56}, {401408, 3136, 56, 1}
main:@25 = hip::hip_copy_literal[id=main:@literal:4] -> float_type, {256, 128, 1, 1}, {128, 1, 1, 1}
main:@26 = hip::hip_copy_literal[id=main:@literal:2] -> float_type, {256}, {1}
main:@27 = load[offset=4816896,end=8028160](main:@1) -> float_type, {1, 256, 56, 56}, {802816, 3136, 56, 1}
main:@28 = broadcast[axis=1,out_lens={1, 256, 56, 56}](main:@26) -> float_type, {1, 256, 56, 56}, {0, 1, 0, 0}
main:@29 = gpu::miopen_fusion[ops={{op=convolution[padding={0, 0, 0, 0},stride={1, 1},dilation={1, 1},group=1,padding_mode=0],alpha=1,beta=0}, {op=add,alpha=1,beta=0}, {op=relu,alpha=1,beta=0}}](main:@24,main:@25,main:@28,main:@27) -> float_type, {1, 256, 56, 56}, {802816, 3136, 56, 1}
main:@30 = hip::hip_copy_literal[id=main:@literal:92] -> float_type, {64}, {1}
main:@31 = hip::hip_copy_literal[id=main:@literal:93] -> float_type, {64, 256, 1, 1}, {256, 1, 1, 1}
main:@32 = load[offset=802816,end=1605632](main:@1) -> float_type, {1, 64, 56, 56}, {200704, 3136, 56, 1}
main:@33 = broadcast[axis=1,out_lens={1, 64, 56, 56}](main:@30) -> float_type, {1, 64, 56, 56}, {0, 1, 0, 0}
main:@34 = gpu::miopen_fusion[ops={{op=convolution[padding={0, 0, 0, 0},stride={1, 1},dilation={1, 1},group=1,padding_mode=0],alpha=1,beta=0}, {op=add,alpha=1,beta=0}, {op=relu,alpha=1,beta=0}}](main:@29,main:@31,main:@33,main:@32) -> float_type, {1, 64, 56, 56}, {200704, 3136, 56, 1}
main:@35 = hip::hip_copy_literal[id=main:@literal:90] -> float_type, {64}, {1}
main:@36 = hip::hip_copy_literal[id=main:@literal:91] -> float_type, {64, 64, 3, 3}, {576, 9, 3, 1}
main:@37 = load[offset=0,end=802816](main:@1) -> float_type, {1, 64, 56, 56}, {200704, 3136, 56, 1}
main:@38 = broadcast[axis=1,out_lens={1, 64, 56, 56}](main:@35) -> float_type, {1, 64, 56, 56}, {0, 1, 0, 0}
main:@39 = gpu::miopen_fusion[ops={{op=convolution[padding={1, 1, 1, 1},stride={1, 1},dilation={1, 1},group=1,padding_mode=0],alpha=1,beta=0}, {op=add,alpha=1,beta=0}, {op=relu,alpha=1,beta=0}}](main:@34,main:@36,main:@38,main:@37) -> float_type, {1, 64, 56, 56}, {200704, 3136, 56, 1}
main:@40 = hip::hip_copy_literal[id=main:@literal:89] -> float_type, {256, 64, 1, 1}, {64, 1, 1, 1}
main:@41 = load[offset=0,end=0](main:@1) -> int8_type, {0}, {1}
main:@42 = load[offset=8028160,end=11239424](main:@1) -> float_type, {1, 256, 56, 56}, {802816, 3136, 56, 1}
main:@43 = gpu::convolution[op={padding={0, 0, 0, 0},stride={1, 1},dilation={1, 1},group=1,padding_mode=0},solution_object={binary_object: 472},algo=0,int8_x4_format=0,solution_id=0](main:@39,main:@40,main:@41,main:@42) -> float_type, {1, 256, 56, 56}, {802816, 3136, 56, 1}
main:@44 = hip::hip_copy_literal[id=main:@literal:88] -> float_type, {256}, {1}
main:@45 = load[offset=0,end=3211264](main:@1) -> float_type, {1, 256, 56, 56}, {802816, 3136, 56, 1}
main:@46 = broadcast[axis=1,out_lens={1, 256, 56, 56}](main:@44) -> float_type, {1, 256, 56, 56}, {0, 1, 0, 0}
main:@47 = gpu::code_object[code_object=13640,symbol_name=add_add_relu_kernel,global=401408,local=1024,](main:@43,main:@46,main:@29,main:@45) -> float_type, {1, 256, 56, 56}, {802816, 3136, 56, 1}
main:@48 = hip::hip_copy_literal[id=main:@literal:86] -> float_type, {64}, {1}
main:@49 = hip::hip_copy_literal[id=main:@literal:87] -> float_type, {64, 256, 1, 1}, {256, 1, 1, 1}
main:@50 = load[offset=3211264,end=4014080](main:@1) -> float_type, {1, 64, 56, 56}, {200704, 3136, 56, 1}
main:@51 = broadcast[axis=1,out_lens={1, 64, 56, 56}](main:@48) -> float_type, {1, 64, 56, 56}, {0, 1, 0, 0}
main:@52 = gpu::miopen_fusion[ops={{op=convolution[padding={0, 0, 0, 0},stride={1, 1},dilation={1, 1},group=1,padding_mode=0],alpha=1,beta=0}, {op=add,alpha=1,beta=0}, {op=relu,alpha=1,beta=0}}](main:@47,main:@49,main:@51,main:@50) -> float_type, {1, 64, 56, 56}, {200704, 3136, 56, 1}
main:@53 = hip::hip_copy_literal[id=main:@literal:84] -> float_type, {64}, {1}
main:@54 = hip::hip_copy_literal[id=main:@literal:85] -> float_type, {64, 64, 3, 3}, {576, 9, 3, 1}
main:@55 = broadcast[axis=1,out_lens={1, 64, 56, 56}](main:@53) -> float_type, {1, 64, 56, 56}, {0, 1, 0, 0}
main:@56 = load[offset=6422528,end=7225344](main:@1) -> float_type, {1, 64, 56, 56}, {200704, 3136, 56, 1}
main:@57 = gpu::miopen_fusion[ops={{op=convolution[padding={1, 1, 1, 1},stride={1, 1},dilation={1, 1},group=1,padding_mode=0],alpha=1,beta=0}, {op=add,alpha=1,beta=0}, {op=relu,alpha=1,beta=0}}](main:@52,main:@54,main:@55,main:@56) -> float_type, {1, 64, 56, 56}, {200704, 3136, 56, 1}
main:@58 = hip::hip_copy_literal[id=main:@literal:83] -> float_type, {256, 64, 1, 1}, {64, 1, 1, 1}
main:@59 = load[offset=0,end=0](main:@1) -> int8_type, {0}, {1}
main:@60 = load[offset=3211264,end=6422528](main:@1) -> float_type, {1, 256, 56, 56}, {802816, 3136, 56, 1}
main:@61 = gpu::convolution[op={padding={0, 0, 0, 0},stride={1, 1},dilation={1, 1},group=1,padding_mode=0},solution_object={binary_object: 472},algo=0,int8_x4_format=0,solution_id=0](main:@57,main:@58,main:@59,main:@60) -> float_type, {1, 256, 56, 56}, {802816, 3136, 56, 1}
main:@62 = hip::hip_copy_literal[id=main:@literal:82] -> float_type, {256}, {1}
main:@63 = load[offset=7225344,end=10436608](main:@1) -> float_type, {1, 256, 56, 56}, {802816, 3136, 56, 1}
main:@64 = broadcast[axis=1,out_lens={1, 256, 56, 56}](main:@62) -> float_type, {1, 256, 56, 56}, {0, 1, 0, 0}
main:@65 = gpu::code_object[code_object=13640,symbol_name=add_add_relu_kernel,global=401408,local=1024,](main:@61,main:@64,main:@47,main:@63) -> float_type, {1, 256, 56, 56}, {802816, 3136, 56, 1}
main:@66 = hip::hip_copy_literal[id=main:@literal:80] -> float_type, {128}, {1}
main:@67 = hip::hip_copy_literal[id=main:@literal:81] -> float_type, {128, 256, 1, 1}, {256, 1, 1, 1}
main:@68 = load[offset=2007040,end=3612672](main:@1) -> float_type, {1, 128, 56, 56}, {401408, 3136, 56, 1}
main:@69 = broadcast[axis=1,out_lens={1, 128, 56, 56}](main:@66) -> float_type, {1, 128, 56, 56}, {0, 1, 0, 0}
main:@70 = gpu::miopen_fusion[ops={{op=convolution[padding={0, 0, 0, 0},stride={1, 1},dilation={1, 1},group=1,padding_mode=0],alpha=1,beta=0}, {op=add,alpha=1,beta=0}, {op=relu,alpha=1,beta=0}}](main:@65,main:@67,main:@69,main:@68) -> float_type, {1, 128, 56, 56}, {401408, 3136, 56, 1}
main:@71 = hip::hip_copy_literal[id=main:@literal:79] -> float_type, {128, 128, 3, 3}, {1152, 9, 3, 1}
main:@72 = load[offset=0,end=0](main:@1) -> int8_type, {0}, {1}
main:@73 = load[offset=1605632,end=2007040](main:@1) -> float_type, {1, 128, 28, 28}, {100352, 784, 28, 1}
main:@74 = gpu::convolution[op={padding={1, 1, 1, 1},stride={2, 2},dilation={1, 1},group=1,padding_mode=0},solution_object={binary_object: 474},algo=0,int8_x4_format=0,solution_id=0](main:@70,main:@71,main:@72,main:@73) -> float_type, {1, 128, 28, 28}, {100352, 784, 28, 1}
main:@75 = hip::hip_copy_literal[id=main:@literal:6] -> float_type, {512, 384, 1, 1}, {384, 1, 1, 1}
main:@76 = hip::hip_copy_literal[id=main:@literal:5] -> float_type, {512}, {1}
main:@77 = hip::hip_copy_literal[id=main:@literal:78] -> float_type, {128}, {1}
main:@78 = load[offset=0,end=401408](main:@1) -> float_type, {1, 128, 28, 28}, {100352, 784, 28, 1}
main:@79 = broadcast[axis=1,out_lens={1, 128, 28, 28}](main:@77) -> float_type, {1, 128, 28, 28}, {0, 1, 0, 0}
main:@80 = gpu::code_object[code_object=13632,symbol_name=add_relu_kernel,global=50176,local=1024,](main:@74,main:@79,main:@78) -> float_type, {1, 128, 28, 28}, {100352, 784, 28, 1}
main:@81 = load[offset=802816,end=2007040](main:@1) -> float_type, {1, 384, 28, 28}, {301056, 784, 28, 1}
main:@82 = step[axes={2, 3},steps={2, 2}](main:@65) -> float_type, {1, 256, 28, 28}, {802816, 3136, 112, 2}
main:@83 = gpu::code_object[code_object=13632,symbol_name=concat_kernel,global=150528,local=1024,](main:@80,main:@82,main:@81) -> float_type, {1, 384, 28, 28}, {301056, 784, 28, 1}
main:@84 = load[offset=2007040,end=3612672](main:@1) -> float_type, {1, 512, 28, 28}, {401408, 784, 28, 1}
main:@85 = broadcast[axis=1,out_lens={1, 512, 28, 28}](main:@76) -> float_type, {1, 512, 28, 28}, {0, 1, 0, 0}
main:@86 = gpu::miopen_fusion[ops={{op=convolution[padding={0, 0, 0, 0},stride={1, 1},dilation={1, 1},group=1,padding_mode=0],alpha=1,beta=0}, {op=add,alpha=1,beta=0}, {op=relu,alpha=1,beta=0}}](main:@83,main:@75,main:@85,main:@84) -> float_type, {1, 512, 28, 28}, {401408, 784, 28, 1}
main:@87 = hip::hip_copy_literal[id=main:@literal:76] -> float_type, {128}, {1}
main:@88 = hip::hip_copy_literal[id=main:@literal:77] -> float_type, {128, 512, 1, 1}, {512, 1, 1, 1}
main:@89 = load[offset=802816,end=1204224](main:@1) -> float_type, {1, 128, 28, 28}, {100352, 784, 28, 1}
main:@90 = broadcast[axis=1,out_lens={1, 128, 28, 28}](main:@87) -> float_type, {1, 128, 28, 28}, {0, 1, 0, 0}
main:@91 = gpu::miopen_fusion[ops={{op=convolution[padding={0, 0, 0, 0},stride={1, 1},dilation={1, 1},group=1,padding_mode=0],alpha=1,beta=0}, {op=add,alpha=1,beta=0}, {op=relu,alpha=1,beta=0}}](main:@86,main:@88,main:@90,main:@89) -> float_type, {1, 128, 28, 28}, {100352, 784, 28, 1}
main:@92 = hip::hip_copy_literal[id=main:@literal:74] -> float_type, {128}, {1}
main:@93 = hip::hip_copy_literal[id=main:@literal:75] -> float_type, {128, 128, 3, 3}, {1152, 9, 3, 1}
main:@94 = load[offset=401408,end=802816](main:@1) -> float_type, {1, 128, 28, 28}, {100352, 784, 28, 1}
main:@95 = broadcast[axis=1,out_lens={1, 128, 28, 28}](main:@92) -> float_type, {1, 128, 28, 28}, {0, 1, 0, 0}
main:@96 = gpu::miopen_fusion[ops={{op=convolution[padding={1, 1, 1, 1},stride={1, 1},dilation={1, 1},group=1,padding_mode=0],alpha=1,beta=0}, {op=add,alpha=1,beta=0}, {op=relu,alpha=1,beta=0}}](main:@91,main:@93,main:@95,main:@94) -> float_type, {1, 128, 28, 28}, {100352, 784, 28, 1}
main:@97 = hip::hip_copy_literal[id=main:@literal:73] -> float_type, {512, 128, 1, 1}, {128, 1, 1, 1}
main:@98 = load[offset=0,end=0](main:@1) -> int8_type, {0}, {1}
main:@99 = load[offset=5619712,end=7225344](main:@1) -> float_type, {1, 512, 28, 28}, {401408, 784, 28, 1}
main:@100 = gpu::convolution[op={padding={0, 0, 0, 0},stride={1, 1},dilation={1, 1},group=1,padding_mode=0},solution_object={binary_object: 475},algo=0,int8_x4_format=0,solution_id=0](main:@96,main:@97,main:@98,main:@99) -> float_type, {1, 512, 28, 28}, {401408, 784, 28, 1}
main:@101 = hip::hip_copy_literal[id=main:@literal:72] -> float_type, {512}, {1}
main:@102 = load[offset=4014080,end=5619712](main:@1) -> float_type, {1, 512, 28, 28}, {401408, 784, 28, 1}
main:@103 = broadcast[axis=1,out_lens={1, 512, 28, 28}](main:@101) -> float_type, {1, 512, 28, 28}, {0, 1, 0, 0}
main:@104 = gpu::code_object[code_object=13640,symbol_name=add_add_relu_kernel,global=200704,local=1024,](main:@100,main:@103,main:@86,main:@102) -> float_type, {1, 512, 28, 28}, {401408, 784, 28, 1}
main:@105 = hip::hip_copy_literal[id=main:@literal:70] -> float_type, {128}, {1}
main:@106 = hip::hip_copy_literal[id=main:@literal:71] -> float_type, {128, 512, 1, 1}, {512, 1, 1, 1}
main:@107 = load[offset=401408,end=802816](main:@1) -> float_type, {1, 128, 28, 28}, {100352, 784, 28, 1}
main:@108 = broadcast[axis=1,out_lens={1, 128, 28, 28}](main:@105) -> float_type, {1, 128, 28, 28}, {0, 1, 0, 0}
main:@109 = gpu::miopen_fusion[ops={{op=convolution[padding={0, 0, 0, 0},stride={1, 1},dilation={1, 1},group=1,padding_mode=0],alpha=1,beta=0}, {op=add,alpha=1,beta=0}, {op=relu,alpha=1,beta=0}}](main:@104,main:@106,main:@108,main:@107) -> float_type, {1, 128, 28, 28}, {100352, 784, 28, 1}
main:@110 = hip::hip_copy_literal[id=main:@literal:68] -> float_type, {128}, {1}
main:@111 = hip::hip_copy_literal[id=main:@literal:69] -> float_type, {128, 128, 3, 3}, {1152, 9, 3, 1}
main:@112 = load[offset=0,end=401408](main:@1) -> float_type, {1, 128, 28, 28}, {100352, 784, 28, 1}
main:@113 = broadcast[axis=1,out_lens={1, 128, 28, 28}](main:@110) -> float_type, {1, 128, 28, 28}, {0, 1, 0, 0}
main:@114 = gpu::miopen_fusion[ops={{op=convolution[padding={1, 1, 1, 1},stride={1, 1},dilation={1, 1},group=1,padding_mode=0],alpha=1,beta=0}, {op=add,alpha=1,beta=0}, {op=relu,alpha=1,beta=0}}](main:@109,main:@111,main:@113,main:@112) -> float_type, {1, 128, 28, 28}, {100352, 784, 28, 1}
main:@115 = hip::hip_copy_literal[id=main:@literal:67] -> float_type, {512, 128, 1, 1}, {128, 1, 1, 1}
main:@116 = load[offset=0,end=0](main:@1) -> int8_type, {0}, {1}
main:@117 = load[offset=5619712,end=7225344](main:@1) -> float_type, {1, 512, 28, 28}, {401408, 784, 28, 1}
main:@118 = gpu::convolution[op={padding={0, 0, 0, 0},stride={1, 1},dilation={1, 1},group=1,padding_mode=0},solution_object={binary_object: 475},algo=0,int8_x4_format=0,solution_id=0](main:@114,main:@115,main:@116,main:@117) -> float_type, {1, 512, 28, 28}, {401408, 784, 28, 1}
main:@119 = hip::hip_copy_literal[id=main:@literal:66] -> float_type, {512}, {1}
main:@120 = load[offset=0,end=1605632](main:@1) -> float_type, {1, 512, 28, 28}, {401408, 784, 28, 1}
main:@121 = broadcast[axis=1,out_lens={1, 512, 28, 28}](main:@119) -> float_type, {1, 512, 28, 28}, {0, 1, 0, 0}
main:@122 = gpu::code_object[code_object=13640,symbol_name=add_add_relu_kernel,global=200704,local=1024,](main:@118,main:@121,main:@104,main:@120) -> float_type, {1, 512, 28, 28}, {401408, 784, 28, 1}
main:@123 = hip::hip_copy_literal[id=main:@literal:64] -> float_type, {128}, {1}
main:@124 = hip::hip_copy_literal[id=main:@literal:65] -> float_type, {128, 512, 1, 1}, {512, 1, 1, 1}
main:@125 = load[offset=1605632,end=2007040](main:@1) -> float_type, {1, 128, 28, 28}, {100352, 784, 28, 1}
main:@126 = broadcast[axis=1,out_lens={1, 128, 28, 28}](main:@123) -> float_type, {1, 128, 28, 28}, {0, 1, 0, 0}
main:@127 = gpu::miopen_fusion[ops={{op=convolution[padding={0, 0, 0, 0},stride={1, 1},dilation={1, 1},group=1,padding_mode=0],alpha=1,beta=0}, {op=add,alpha=1,beta=0}, {op=relu,alpha=1,beta=0}}](main:@122,main:@124,main:@126,main:@125) -> float_type, {1, 128, 28, 28}, {100352, 784, 28, 1}
main:@128 = hip::hip_copy_literal[id=main:@literal:62] -> float_type, {128}, {1}
main:@129 = hip::hip_copy_literal[id=main:@literal:63] -> float_type, {128, 128, 3, 3}, {1152, 9, 3, 1}
main:@130 = load[offset=3211264,end=3612672](main:@1) -> float_type, {1, 128, 28, 28}, {100352, 784, 28, 1}
main:@131 = broadcast[axis=1,out_lens={1, 128, 28, 28}](main:@128) -> float_type, {1, 128, 28, 28}, {0, 1, 0, 0}
main:@132 = gpu::miopen_fusion[ops={{op=convolution[padding={1, 1, 1, 1},stride={1, 1},dilation={1, 1},group=1,padding_mode=0],alpha=1,beta=0}, {op=add,alpha=1,beta=0}, {op=relu,alpha=1,beta=0}}](main:@127,main:@129,main:@131,main:@130) -> float_type, {1, 128, 28, 28}, {100352, 784, 28, 1}
main:@133 = hip::hip_copy_literal[id=main:@literal:61] -> float_type, {512, 128, 1, 1}, {128, 1, 1, 1}
main:@134 = load[offset=0,end=0](main:@1) -> int8_type, {0}, {1}
main:@135 = load[offset=1605632,end=3211264](main:@1) -> float_type, {1, 512, 28, 28}, {401408, 784, 28, 1}
main:@136 = gpu::convolution[op={padding={0, 0, 0, 0},stride={1, 1},dilation={1, 1},group=1,padding_mode=0},solution_object={binary_object: 475},algo=0,int8_x4_format=0,solution_id=0](main:@132,main:@133,main:@134,main:@135) -> float_type, {1, 512, 28, 28}, {401408, 784, 28, 1}
main:@137 = hip::hip_copy_literal[id=main:@literal:60] -> float_type, {512}, {1}
main:@138 = load[offset=4165632,end=5771264](main:@1) -> float_type, {1, 512, 28, 28}, {401408, 784, 28, 1}
main:@139 = broadcast[axis=1,out_lens={1, 512, 28, 28}](main:@137) -> float_type, {1, 512, 28, 28}, {0, 1, 0, 0}
main:@140 = gpu::code_object[code_object=13640,symbol_name=add_add_relu_kernel,global=200704,local=1024,](main:@136,main:@139,main:@122,main:@138) -> float_type, {1, 512, 28, 28}, {401408, 784, 28, 1}
main:@141 = hip::hip_copy_literal[id=main:@literal:58] -> float_type, {256}, {1}
main:@142 = hip::hip_copy_literal[id=main:@literal:59] -> float_type, {256, 512, 1, 1}, {512, 1, 1, 1}
main:@143 = load[offset=0,end=802816](main:@1) -> float_type, {1, 256, 28, 28}, {200704, 784, 28, 1}
main:@144 = broadcast[axis=1,out_lens={1, 256, 28, 28}](main:@141) -> float_type, {1, 256, 28, 28}, {0, 1, 0, 0}
main:@145 = gpu::miopen_fusion[ops={{op=convolution[padding={0, 0, 0, 0},stride={1, 1},dilation={1, 1},group=1,padding_mode=0],alpha=1,beta=0}, {op=add,alpha=1,beta=0}, {op=relu,alpha=1,beta=0}}](main:@140,main:@142,main:@144,main:@143) -> float_type, {1, 256, 28, 28}, {200704, 784, 28, 1}
main:@146 = hip::hip_copy_literal[id=main:@literal:57] -> float_type, {256, 256, 3, 3}, {2304, 9, 3, 1}
main:@147 = load[offset=5971968,end=9334784](main:@1) -> int8_type, {3362816}, {1}
main:@148 = load[offset=5771264,end=5971968](main:@1) -> float_type, {1, 256, 14, 14}, {50176, 196, 14, 1}
main:@149 = gpu::convolution[op={padding={1, 1, 1, 1},stride={2, 2},dilation={1, 1},group=1,padding_mode=0},solution_object={binary_object: 557},algo=0,int8_x4_format=0,solution_id=0](main:@145,main:@146,main:@147,main:@148) -> float_type, {1, 256, 14, 14}, {50176, 196, 14, 1}
main:@150 = hip::hip_copy_literal[id=main:@literal:8] -> float_type, {1024, 768, 1, 1}, {768, 1, 1, 1}
main:@151 = hip::hip_copy_literal[id=main:@literal:56] -> float_type, {256}, {1}
main:@152 = load[offset=802816,end=1003520](main:@1) -> float_type, {1, 256, 14, 14}, {50176, 196, 14, 1}
main:@153 = broadcast[axis=1,out_lens={1, 256, 14, 14}](main:@151) -> float_type, {1, 256, 14, 14}, {0, 1, 0, 0}
main:@154 = gpu::code_object[code_object=13632,symbol_name=add_relu_kernel,global=25088,local=1024,](main:@149,main:@153,main:@152) -> float_type, {1, 256, 14, 14}, {50176, 196, 14, 1}
main:@155 = load[offset=200704,end=802816](main:@1) -> float_type, {1, 768, 14, 14}, {150528, 196, 14, 1}
main:@156 = step[axes={2, 3},steps={2, 2}](main:@140) -> float_type, {1, 512, 14, 14}, {401408, 784, 56, 2}
main:@157 = gpu::code_object[code_object=13632,symbol_name=concat_kernel,global=75264,local=1024,](main:@154,main:@156,main:@155) -> float_type, {1, 768, 14, 14}, {150528, 196, 14, 1}
main:@158 = load[offset=0,end=0](main:@1) -> int8_type, {0}, {1}
main:@159 = load[offset=2207744,end=3010560](main:@1) -> float_type, {1, 1024, 14, 14}, {200704, 196, 14, 1}
main:@160 = gpu::convolution[op={padding={0, 0, 0, 0},stride={1, 1},dilation={1, 1},group=1,padding_mode=0},solution_object={binary_object: 497},algo=0,int8_x4_format=0,solution_id=0](main:@157,main:@150,main:@158,main:@159) -> float_type, {1, 1024, 14, 14}, {200704, 196, 14, 1}
main:@161 = hip::hip_copy_literal[id=main:@literal:7] -> float_type, {1024}, {1}
main:@162 = load[offset=1404928,end=2207744](main:@1) -> float_type, {1, 1024, 14, 14}, {200704, 196, 14, 1}
main:@163 = broadcast[axis=1,out_lens={1, 1024, 14, 14}](main:@161) -> float_type, {1, 1024, 14, 14}, {0, 1, 0, 0}
main:@164 = gpu::code_object[code_object=13632,symbol_name=add_relu_kernel,global=100352,local=1024,](main:@160,main:@163,main:@162) -> float_type, {1, 1024, 14, 14}, {200704, 196, 14, 1}
main:@165 = hip::hip_copy_literal[id=main:@literal:55] -> float_type, {256, 1024, 1, 1}, {1024, 1, 1, 1}
main:@166 = load[offset=401408,end=602112](main:@1) -> float_type, {1, 256, 14, 14}, {50176, 196, 14, 1}
main:@167 = load[offset=0,end=0](main:@1) -> int8_type, {0}, {1}
main:@168 = gpu::convolution[op={padding={0, 0, 0, 0},stride={1, 1},dilation={1, 1},group=1,padding_mode=0},solution_object={binary_object: 495},algo=0,int8_x4_format=0,solution_id=0](main:@164,main:@165,main:@167,main:@166) -> float_type, {1, 256, 14, 14}, {50176, 196, 14, 1}
main:@169 = hip::hip_copy_literal[id=main:@literal:51] -> float_type, {1024, 256, 1, 1}, {256, 1, 1, 1}
main:@170 = hip::hip_copy_literal[id=main:@literal:52] -> float_type, {256}, {1}
main:@171 = hip::hip_copy_literal[id=main:@literal:53] -> float_type, {256, 256, 3, 3}, {2304, 9, 3, 1}
main:@172 = hip::hip_copy_literal[id=main:@literal:54] -> float_type, {256}, {1}
main:@173 = load[offset=200704,end=401408](main:@1) -> float_type, {1, 256, 14, 14}, {50176, 196, 14, 1}
main:@174 = broadcast[axis=1,out_lens={1, 256, 14, 14}](main:@172) -> float_type, {1, 256, 14, 14}, {0, 1, 0, 0}
main:@175 = gpu::code_object[code_object=13632,symbol_name=add_relu_kernel,global=25088,local=1024,](main:@168,main:@174,main:@173) -> float_type, {1, 256, 14, 14}, {50176, 196, 14, 1}
main:@176 = load[offset=0,end=200704](main:@1) -> float_type, {1, 256, 14, 14}, {50176, 196, 14, 1}
main:@177 = broadcast[axis=1,out_lens={1, 256, 14, 14}](main:@170) -> float_type, {1, 256, 14, 14}, {0, 1, 0, 0}
main:@178 = gpu::miopen_fusion[ops={{op=convolution[padding={1, 1, 1, 1},stride={1, 1},dilation={1, 1},group=1,padding_mode=0],alpha=1,beta=0}, {op=add,alpha=1,beta=0}, {op=relu,alpha=1,beta=0}}](main:@175,main:@171,main:@177,main:@176) -> float_type, {1, 256, 14, 14}, {50176, 196, 14, 1}
main:@179 = load[offset=0,end=0](main:@1) -> int8_type, {0}, {1}
main:@180 = load[offset=2207744,end=3010560](main:@1) -> float_type, {1, 1024, 14, 14}, {200704, 196, 14, 1}
main:@181 = gpu::convolution[op={padding={0, 0, 0, 0},stride={1, 1},dilation={1, 1},group=1,padding_mode=0},solution_object={binary_object: 495},algo=0,int8_x4_format=0,solution_id=0](main:@178,main:@169,main:@179,main:@180) -> float_type, {1, 1024, 14, 14}, {200704, 196, 14, 1}
main:@182 = hip::hip_copy_literal[id=main:@literal:50] -> float_type, {1024}, {1}
main:@183 = load[offset=602112,end=1404928](main:@1) -> float_type, {1, 1024, 14, 14}, {200704, 196, 14, 1}
main:@184 = broadcast[axis=1,out_lens={1, 1024, 14, 14}](main:@182) -> float_type, {1, 1024, 14, 14}, {0, 1, 0, 0}
main:@185 = gpu::code_object[code_object=13640,symbol_name=add_add_relu_kernel,global=100352,local=1024,](main:@181,main:@184,main:@164,main:@183) -> float_type, {1, 1024, 14, 14}, {200704, 196, 14, 1}
main:@186 = hip::hip_copy_literal[id=main:@literal:49] -> float_type, {256, 1024, 1, 1}, {1024, 1, 1, 1}
main:@187 = load[offset=0,end=0](main:@1) -> int8_type, {0}, {1}
main:@188 = load[offset=401408,end=602112](main:@1) -> float_type, {1, 256, 14, 14}, {50176, 196, 14, 1}
main:@189 = gpu::convolution[op={padding={0, 0, 0, 0},stride={1, 1},dilation={1, 1},group=1,padding_mode=0},solution_object={binary_object: 495},algo=0,int8_x4_format=0,solution_id=0](main:@185,main:@186,main:@187,main:@188) -> float_type, {1, 256, 14, 14}, {50176, 196, 14, 1}
main:@190 = hip::hip_copy_literal[id=main:@literal:45] -> float_type, {1024, 256, 1, 1}, {256, 1, 1, 1}
main:@191 = hip::hip_copy_literal[id=main:@literal:46] -> float_type, {256}, {1}
main:@192 = hip::hip_copy_literal[id=main:@literal:47] -> float_type, {256, 256, 3, 3}, {2304, 9, 3, 1}
main:@193 = hip::hip_copy_literal[id=main:@literal:48] -> float_type, {256}, {1}
main:@194 = load[offset=200704,end=401408](main:@1) -> float_type, {1, 256, 14, 14}, {50176, 196, 14, 1}
main:@195 = broadcast[axis=1,out_lens={1, 256, 14, 14}](main:@193) -> float_type, {1, 256, 14, 14}, {0, 1, 0, 0}
main:@196 = gpu::code_object[code_object=13632,symbol_name=add_relu_kernel,global=25088,local=1024,](main:@189,main:@195,main:@194) -> float_type, {1, 256, 14, 14}, {50176, 196, 14, 1}
main:@197 = broadcast[axis=1,out_lens={1, 256, 14, 14}](main:@191) -> float_type, {1, 256, 14, 14}, {0, 1, 0, 0}
main:@198 = load[offset=0,end=200704](main:@1) -> float_type, {1, 256, 14, 14}, {50176, 196, 14, 1}
main:@199 = gpu::miopen_fusion[ops={{op=convolution[padding={1, 1, 1, 1},stride={1, 1},dilation={1, 1},group=1,padding_mode=0],alpha=1,beta=0}, {op=add,alpha=1,beta=0}, {op=relu,alpha=1,beta=0}}](main:@196,main:@192,main:@197,main:@198) -> float_type, {1, 256, 14, 14}, {50176, 196, 14, 1}
main:@200 = load[offset=1404928,end=2207744](main:@1) -> float_type, {1, 1024, 14, 14}, {200704, 196, 14, 1}
main:@201 = load[offset=0,end=0](main:@1) -> int8_type, {0}, {1}
main:@202 = gpu::convolution[op={padding={0, 0, 0, 0},stride={1, 1},dilation={1, 1},group=1,padding_mode=0},solution_object={binary_object: 495},algo=0,int8_x4_format=0,solution_id=0](main:@199,main:@190,main:@201,main:@200) -> float_type, {1, 1024, 14, 14}, {200704, 196, 14, 1}
main:@203 = hip::hip_copy_literal[id=main:@literal:44] -> float_type, {1024}, {1}
main:@204 = load[offset=2207744,end=3010560](main:@1) -> float_type, {1, 1024, 14, 14}, {200704, 196, 14, 1}
main:@205 = broadcast[axis=1,out_lens={1, 1024, 14, 14}](main:@203) -> float_type, {1, 1024, 14, 14}, {0, 1, 0, 0}
main:@206 = gpu::code_object[code_object=13640,symbol_name=add_add_relu_kernel,global=100352,local=1024,](main:@202,main:@205,main:@185,main:@204) -> float_type, {1, 1024, 14, 14}, {200704, 196, 14, 1}
main:@207 = hip::hip_copy_literal[id=main:@literal:38] -> float_type, {1024}, {1}
main:@208 = hip::hip_copy_literal[id=main:@literal:43] -> float_type, {256, 1024, 1, 1}, {1024, 1, 1, 1}
main:@209 = load[offset=401408,end=602112](main:@1) -> float_type, {1, 256, 14, 14}, {50176, 196, 14, 1}
main:@210 = load[offset=0,end=0](main:@1) -> int8_type, {0}, {1}
main:@211 = gpu::convolution[op={padding={0, 0, 0, 0},stride={1, 1},dilation={1, 1},group=1,padding_mode=0},solution_object={binary_object: 495},algo=0,int8_x4_format=0,solution_id=0](main:@206,main:@208,main:@210,main:@209) -> float_type, {1, 256, 14, 14}, {50176, 196, 14, 1}
main:@212 = hip::hip_copy_literal[id=main:@literal:39] -> float_type, {1024, 256, 1, 1}, {256, 1, 1, 1}
main:@213 = hip::hip_copy_literal[id=main:@literal:40] -> float_type, {256}, {1}
main:@214 = hip::hip_copy_literal[id=main:@literal:41] -> float_type, {256, 256, 3, 3}, {2304, 9, 3, 1}
main:@215 = hip::hip_copy_literal[id=main:@literal:42] -> float_type, {256}, {1}
main:@216 = broadcast[axis=1,out_lens={1, 256, 14, 14}](main:@215) -> float_type, {1, 256, 14, 14}, {0, 1, 0, 0}
main:@217 = load[offset=200704,end=401408](main:@1) -> float_type, {1, 256, 14, 14}, {50176, 196, 14, 1}
main:@218 = gpu::code_object[code_object=13632,symbol_name=add_relu_kernel,global=25088,local=1024,](main:@211,main:@216,main:@217) -> float_type, {1, 256, 14, 14}, {50176, 196, 14, 1}
main:@219 = load[offset=0,end=200704](main:@1) -> float_type, {1, 256, 14, 14}, {50176, 196, 14, 1}
main:@220 = broadcast[axis=1,out_lens={1, 256, 14, 14}](main:@213) -> float_type, {1, 256, 14, 14}, {0, 1, 0, 0}
main:@221 = gpu::miopen_fusion[ops={{op=convolution[padding={1, 1, 1, 1},stride={1, 1},dilation={1, 1},group=1,padding_mode=0],alpha=1,beta=0}, {op=add,alpha=1,beta=0}, {op=relu,alpha=1,beta=0}}](main:@218,main:@214,main:@220,main:@219) -> float_type, {1, 256, 14, 14}, {50176, 196, 14, 1}
main:@222 = load[offset=0,end=0](main:@1) -> int8_type, {0}, {1}
main:@223 = load[offset=3010560,end=3813376](main:@1) -> float_type, {1, 1024, 14, 14}, {200704, 196, 14, 1}
main:@224 = gpu::convolution[op={padding={0, 0, 0, 0},stride={1, 1},dilation={1, 1},group=1,padding_mode=0},solution_object={binary_object: 495},algo=0,int8_x4_format=0,solution_id=0](main:@221,main:@212,main:@222,main:@223) -> float_type, {1, 1024, 14, 14}, {200704, 196, 14, 1}
main:@225 = load[offset=1404928,end=2207744](main:@1) -> float_type, {1, 1024, 14, 14}, {200704, 196, 14, 1}
main:@226 = broadcast[axis=1,out_lens={1, 1024, 14, 14}](main:@207) -> float_type, {1, 1024, 14, 14}, {0, 1, 0, 0}
main:@227 = gpu::code_object[code_object=13640,symbol_name=add_add_relu_kernel,global=100352,local=1024,](main:@224,main:@226,main:@206,main:@225) -> float_type, {1, 1024, 14, 14}, {200704, 196, 14, 1}
main:@228 = hip::hip_copy_literal[id=main:@literal:37] -> float_type, {256, 1024, 1, 1}, {1024, 1, 1, 1}
main:@229 = load[offset=401408,end=602112](main:@1) -> float_type, {1, 256, 14, 14}, {50176, 196, 14, 1}
main:@230 = load[offset=0,end=0](main:@1) -> int8_type, {0}, {1}
main:@231 = gpu::convolution[op={padding={0, 0, 0, 0},stride={1, 1},dilation={1, 1},group=1,padding_mode=0},solution_object={binary_object: 495},algo=0,int8_x4_format=0,solution_id=0](main:@227,main:@228,main:@230,main:@229) -> float_type, {1, 256, 14, 14}, {50176, 196, 14, 1}
main:@232 = hip::hip_copy_literal[id=main:@literal:33] -> float_type, {1024, 256, 1, 1}, {256, 1, 1, 1}
main:@233 = hip::hip_copy_literal[id=main:@literal:34] -> float_type, {256}, {1}
main:@234 = hip::hip_copy_literal[id=main:@literal:35] -> float_type, {256, 256, 3, 3}, {2304, 9, 3, 1}
main:@235 = hip::hip_copy_literal[id=main:@literal:36] -> float_type, {256}, {1}
main:@236 = load[offset=200704,end=401408](main:@1) -> float_type, {1, 256, 14, 14}, {50176, 196, 14, 1}
main:@237 = broadcast[axis=1,out_lens={1, 256, 14, 14}](main:@235) -> float_type, {1, 256, 14, 14}, {0, 1, 0, 0}
main:@238 = gpu::code_object[code_object=13632,symbol_name=add_relu_kernel,global=25088,local=1024,](main:@231,main:@237,main:@236) -> float_type, {1, 256, 14, 14}, {50176, 196, 14, 1}
main:@239 = broadcast[axis=1,out_lens={1, 256, 14, 14}](main:@233) -> float_type, {1, 256, 14, 14}, {0, 1, 0, 0}
main:@240 = load[offset=0,end=200704](main:@1) -> float_type, {1, 256, 14, 14}, {50176, 196, 14, 1}
main:@241 = gpu::miopen_fusion[ops={{op=convolution[padding={1, 1, 1, 1},stride={1, 1},dilation={1, 1},group=1,padding_mode=0],alpha=1,beta=0}, {op=add,alpha=1,beta=0}, {op=relu,alpha=1,beta=0}}](main:@238,main:@234,main:@239,main:@240) -> float_type, {1, 256, 14, 14}, {50176, 196, 14, 1}
main:@242 = load[offset=2207744,end=3010560](main:@1) -> float_type, {1, 1024, 14, 14}, {200704, 196, 14, 1}
main:@243 = load[offset=0,end=0](main:@1) -> int8_type, {0}, {1}
main:@244 = gpu::convolution[op={padding={0, 0, 0, 0},stride={1, 1},dilation={1, 1},group=1,padding_mode=0},solution_object={binary_object: 495},algo=0,int8_x4_format=0,solution_id=0](main:@241,main:@232,main:@243,main:@242) -> float_type, {1, 1024, 14, 14}, {200704, 196, 14, 1}
main:@245 = hip::hip_copy_literal[id=main:@literal:32] -> float_type, {1024}, {1}
main:@246 = broadcast[axis=1,out_lens={1, 1024, 14, 14}](main:@245) -> float_type, {1, 1024, 14, 14}, {0, 1, 0, 0}
main:@247 = load[offset=602112,end=1404928](main:@1) -> float_type, {1, 1024, 14, 14}, {200704, 196, 14, 1}
main:@248 = gpu::code_object[code_object=13640,symbol_name=add_add_relu_kernel,global=100352,local=1024,](main:@244,main:@246,main:@227,main:@247) -> float_type, {1, 1024, 14, 14}, {200704, 196, 14, 1}
main:@249 = hip::hip_copy_literal[id=main:@literal:31] -> float_type, {256, 1024, 1, 1}, {1024, 1, 1, 1}
main:@250 = load[offset=0,end=0](main:@1) -> int8_type, {0}, {1}
main:@251 = load[offset=401408,end=602112](main:@1) -> float_type, {1, 256, 14, 14}, {50176, 196, 14, 1}
main:@252 = gpu::convolution[op={padding={0, 0, 0, 0},stride={1, 1},dilation={1, 1},group=1,padding_mode=0},solution_object={binary_object: 495},algo=0,int8_x4_format=0,solution_id=0](main:@248,main:@249,main:@250,main:@251) -> float_type, {1, 256, 14, 14}, {50176, 196, 14, 1}
main:@253 = hip::hip_copy_literal[id=main:@literal:27] -> float_type, {1024, 256, 1, 1}, {256, 1, 1, 1}
main:@254 = hip::hip_copy_literal[id=main:@literal:28] -> float_type, {256}, {1}
main:@255 = hip::hip_copy_literal[id=main:@literal:29] -> float_type, {256, 256, 3, 3}, {2304, 9, 3, 1}
main:@256 = hip::hip_copy_literal[id=main:@literal:30] -> float_type, {256}, {1}
main:@257 = broadcast[axis=1,out_lens={1, 256, 14, 14}](main:@256) -> float_type, {1, 256, 14, 14}, {0, 1, 0, 0}
main:@258 = load[offset=200704,end=401408](main:@1) -> float_type, {1, 256, 14, 14}, {50176, 196, 14, 1}
main:@259 = gpu::code_object[code_object=13632,symbol_name=add_relu_kernel,global=25088,local=1024,](main:@252,main:@257,main:@258) -> float_type, {1, 256, 14, 14}, {50176, 196, 14, 1}
main:@260 = load[offset=0,end=200704](main:@1) -> float_type, {1, 256, 14, 14}, {50176, 196, 14, 1}
main:@261 = broadcast[axis=1,out_lens={1, 256, 14, 14}](main:@254) -> float_type, {1, 256, 14, 14}, {0, 1, 0, 0}
main:@262 = gpu::miopen_fusion[ops={{op=convolution[padding={1, 1, 1, 1},stride={1, 1},dilation={1, 1},group=1,padding_mode=0],alpha=1,beta=0}, {op=add,alpha=1,beta=0}, {op=relu,alpha=1,beta=0}}](main:@259,main:@255,main:@261,main:@260) -> float_type, {1, 256, 14, 14}, {50176, 196, 14, 1}
main:@263 = load[offset=1404928,end=2207744](main:@1) -> float_type, {1, 1024, 14, 14}, {200704, 196, 14, 1}
main:@264 = load[offset=0,end=0](main:@1) -> int8_type, {0}, {1}
main:@265 = gpu::convolution[op={padding={0, 0, 0, 0},stride={1, 1},dilation={1, 1},group=1,padding_mode=0},solution_object={binary_object: 495},algo=0,int8_x4_format=0,solution_id=0](main:@262,main:@253,main:@264,main:@263) -> float_type, {1, 1024, 14, 14}, {200704, 196, 14, 1}
main:@266 = hip::hip_copy_literal[id=main:@literal:26] -> float_type, {1024}, {1}
main:@267 = load[offset=2207744,end=3010560](main:@1) -> float_type, {1, 1024, 14, 14}, {200704, 196, 14, 1}
main:@268 = broadcast[axis=1,out_lens={1, 1024, 14, 14}](main:@266) -> float_type, {1, 1024, 14, 14}, {0, 1, 0, 0}
main:@269 = gpu::code_object[code_object=13640,symbol_name=add_add_relu_kernel,global=100352,local=1024,](main:@265,main:@268,main:@248,main:@267) -> float_type, {1, 1024, 14, 14}, {200704, 196, 14, 1}
main:@270 = hip::hip_copy_literal[id=main:@literal:25] -> float_type, {512, 1024, 1, 1}, {1024, 1, 1, 1}
main:@271 = load[offset=0,end=0](main:@1) -> int8_type, {0}, {1}
main:@272 = load[offset=0,end=401408](main:@1) -> float_type, {1, 512, 14, 14}, {100352, 196, 14, 1}
main:@273 = gpu::convolution[op={padding={0, 0, 0, 0},stride={1, 1},dilation={1, 1},group=1,padding_mode=0},solution_object={binary_object: 497},algo=0,int8_x4_format=0,solution_id=0](main:@269,main:@270,main:@271,main:@272) -> float_type, {1, 512, 14, 14}, {100352, 196, 14, 1}
main:@274 = hip::hip_copy_literal[id=main:@literal:23] -> float_type, {512, 512, 3, 3}, {4608, 9, 3, 1}
main:@275 = hip::hip_copy_literal[id=main:@literal:24] -> float_type, {512}, {1}
main:@276 = load[offset=1003520,end=1404928](main:@1) -> float_type, {1, 512, 14, 14}, {100352, 196, 14, 1}
main:@277 = broadcast[axis=1,out_lens={1, 512, 14, 14}](main:@275) -> float_type, {1, 512, 14, 14}, {0, 1, 0, 0}
main:@278 = gpu::code_object[code_object=13632,symbol_name=add_relu_kernel,global=50176,local=1024,](main:@273,main:@277,main:@276) -> float_type, {1, 512, 14, 14}, {100352, 196, 14, 1}
main:@279 = load[offset=0,end=903168](main:@1) -> int8_type, {903168}, {1}
main:@280 = load[offset=1404928,end=1505280](main:@1) -> float_type, {1, 512, 7, 7}, {25088, 49, 7, 1}
main:@281 = gpu::convolution[op={padding={1, 1, 1, 1},stride={2, 2},dilation={1, 1},group=1,padding_mode=0},solution_object={binary_object: 430},algo=0,int8_x4_format=0,solution_id=0](main:@278,main:@274,main:@279,main:@280) -> float_type, {1, 512, 7, 7}, {25088, 49, 7, 1}
main:@282 = hip::hip_copy_literal[id=main:@literal:22] -> float_type, {512}, {1}
main:@283 = hip::hip_copy_literal[id=main:@literal:3] -> float_type, {2048, 1536, 1, 1}, {1536, 1, 1, 1}
main:@284 = load[offset=0,end=100352](main:@1) -> float_type, {1, 512, 7, 7}, {25088, 49, 7, 1}
main:@285 = broadcast[axis=1,out_lens={1, 512, 7, 7}](main:@282) -> float_type, {1, 512, 7, 7}, {0, 1, 0, 0}
main:@286 = gpu::code_object[code_object=13632,symbol_name=add_relu_kernel,global=25088,local=1024,](main:@281,main:@285,main:@284) -> float_type, {1, 512, 7, 7}, {25088, 49, 7, 1}
main:@287 = load[offset=200704,end=501760](main:@1) -> float_type, {1, 1536, 7, 7}, {75264, 49, 7, 1}
main:@288 = step[axes={2, 3},steps={2, 2}](main:@269) -> float_type, {1, 1024, 7, 7}, {200704, 196, 28, 2}
main:@289 = gpu::code_object[code_object=13632,symbol_name=concat_kernel,global=37632,local=1024,](main:@286,main:@288,main:@287) -> float_type, {1, 1536, 7, 7}, {75264, 49, 7, 1}
main:@290 = load[offset=0,end=0](main:@1) -> int8_type, {0}, {1}
main:@291 = load[offset=702464,end=1103872](main:@1) -> float_type, {1, 2048, 7, 7}, {100352, 49, 7, 1}
main:@292 = gpu::convolution[op={padding={0, 0, 0, 0},stride={1, 1},dilation={1, 1},group=1,padding_mode=0},solution_object={binary_object: 430},algo=0,int8_x4_format=0,solution_id=0](main:@289,main:@283,main:@290,main:@291) -> float_type, {1, 2048, 7, 7}, {100352, 49, 7, 1}
main:@293 = hip::hip_copy_literal[id=main:@literal:9] -> float_type, {2048}, {1}
main:@294 = load[offset=301056,end=702464](main:@1) -> float_type, {1, 2048, 7, 7}, {100352, 49, 7, 1}
main:@295 = broadcast[axis=1,out_lens={1, 2048, 7, 7}](main:@293) -> float_type, {1, 2048, 7, 7}, {0, 1, 0, 0}
main:@296 = gpu::code_object[code_object=13632,symbol_name=add_relu_kernel,global=100352,local=1024,](main:@292,main:@295,main:@294) -> float_type, {1, 2048, 7, 7}, {100352, 49, 7, 1}
main:@297 = hip::hip_copy_literal[id=main:@literal:21] -> float_type, {512, 2048, 1, 1}, {2048, 1, 1, 1}
main:@298 = load[offset=702464,end=1204224](main:@1) -> int8_type, {501760}, {1}
main:@299 = load[offset=200704,end=301056](main:@1) -> float_type, {1, 512, 7, 7}, {25088, 49, 7, 1}
main:@300 = gpu::convolution[op={padding={0, 0, 0, 0},stride={1, 1},dilation={1, 1},group=1,padding_mode=0},solution_object={binary_object: 555},algo=0,int8_x4_format=0,solution_id=0](main:@296,main:@297,main:@298,main:@299) -> float_type, {1, 512, 7, 7}, {25088, 49, 7, 1}
main:@301 = hip::hip_copy_literal[id=main:@literal:17] -> float_type, {2048, 512, 1, 1}, {512, 1, 1, 1}
main:@302 = hip::hip_copy_literal[id=main:@literal:18] -> float_type, {512}, {1}
main:@303 = hip::hip_copy_literal[id=main:@literal:19] -> float_type, {512, 512, 3, 3}, {4608, 9, 3, 1}
main:@304 = hip::hip_copy_literal[id=main:@literal:20] -> float_type, {512}, {1}
main:@305 = load[offset=100352,end=200704](main:@1) -> float_type, {1, 512, 7, 7}, {25088, 49, 7, 1}
main:@306 = broadcast[axis=1,out_lens={1, 512, 7, 7}](main:@304) -> float_type, {1, 512, 7, 7}, {0, 1, 0, 0}
main:@307 = gpu::code_object[code_object=13632,symbol_name=add_relu_kernel,global=25088,local=1024,](main:@300,main:@306,main:@305) -> float_type, {1, 512, 7, 7}, {25088, 49, 7, 1}
main:@308 = broadcast[axis=1,out_lens={1, 512, 7, 7}](main:@302) -> float_type, {1, 512, 7, 7}, {0, 1, 0, 0}
main:@309 = load[offset=0,end=100352](main:@1) -> float_type, {1, 512, 7, 7}, {25088, 49, 7, 1}
main:@310 = gpu::miopen_fusion[ops={{op=convolution[padding={1, 1, 1, 1},stride={1, 1},dilation={1, 1},group=1,padding_mode=0],alpha=1,beta=0}, {op=add,alpha=1,beta=0}, {op=relu,alpha=1,beta=0}}](main:@307,main:@303,main:@308,main:@309) -> float_type, {1, 512, 7, 7}, {25088, 49, 7, 1}
main:@311 = load[offset=0,end=0](main:@1) -> int8_type, {0}, {1}
main:@312 = load[offset=702464,end=1103872](main:@1) -> float_type, {1, 2048, 7, 7}, {100352, 49, 7, 1}
main:@313 = gpu::convolution[op={padding={0, 0, 0, 0},stride={1, 1},dilation={1, 1},group=1,padding_mode=0},solution_object={binary_object: 493},algo=0,int8_x4_format=0,solution_id=0](main:@310,main:@301,main:@311,main:@312) -> float_type, {1, 2048, 7, 7}, {100352, 49, 7, 1}
main:@314 = hip::hip_copy_literal[id=main:@literal:16] -> float_type, {2048}, {1}
main:@315 = load[offset=1103872,end=1505280](main:@1) -> float_type, {1, 2048, 7, 7}, {100352, 49, 7, 1}
main:@316 = broadcast[axis=1,out_lens={1, 2048, 7, 7}](main:@314) -> float_type, {1, 2048, 7, 7}, {0, 1, 0, 0}
main:@317 = gpu::code_object[code_object=13640,symbol_name=add_add_relu_kernel,global=100352,local=1024,](main:@313,main:@316,main:@296,main:@315) -> float_type, {1, 2048, 7, 7}, {100352, 49, 7, 1}
main:@318 = hip::hip_copy_literal[id=main:@literal:15] -> float_type, {512, 2048, 1, 1}, {2048, 1, 1, 1}
main:@319 = load[offset=100352,end=602112](main:@1) -> int8_type, {501760}, {1}
main:@320 = load[offset=0,end=100352](main:@1) -> float_type, {1, 512, 7, 7}, {25088, 49, 7, 1}
main:@321 = gpu::convolution[op={padding={0, 0, 0, 0},stride={1, 1},dilation={1, 1},group=1,padding_mode=0},solution_object={binary_object: 555},algo=0,int8_x4_format=0,solution_id=0](main:@317,main:@318,main:@319,main:@320) -> float_type, {1, 512, 7, 7}, {25088, 49, 7, 1}
main:@322 = hip::hip_copy_literal[id=main:@literal:11] -> float_type, {2048, 512, 1, 1}, {512, 1, 1, 1}
main:@323 = hip::hip_copy_literal[id=main:@literal:12] -> float_type, {512}, {1}
main:@324 = hip::hip_copy_literal[id=main:@literal:13] -> float_type, {512, 512, 3, 3}, {4608, 9, 3, 1}
main:@325 = hip::hip_copy_literal[id=main:@literal:14] -> float_type, {512}, {1}
main:@326 = load[offset=200704,end=301056](main:@1) -> float_type, {1, 512, 7, 7}, {25088, 49, 7, 1}
main:@327 = broadcast[axis=1,out_lens={1, 512, 7, 7}](main:@325) -> float_type, {1, 512, 7, 7}, {0, 1, 0, 0}
main:@328 = gpu::code_object[code_object=13632,symbol_name=add_relu_kernel,global=25088,local=1024,](main:@321,main:@327,main:@326) -> float_type, {1, 512, 7, 7}, {25088, 49, 7, 1}
main:@329 = load[offset=100352,end=200704](main:@1) -> float_type, {1, 512, 7, 7}, {25088, 49, 7, 1}
main:@330 = broadcast[axis=1,out_lens={1, 512, 7, 7}](main:@323) -> float_type, {1, 512, 7, 7}, {0, 1, 0, 0}
main:@331 = gpu::miopen_fusion[ops={{op=convolution[padding={1, 1, 1, 1},stride={1, 1},dilation={1, 1},group=1,padding_mode=0],alpha=1,beta=0}, {op=add,alpha=1,beta=0}, {op=relu,alpha=1,beta=0}}](main:@328,main:@324,main:@330,main:@329) -> float_type, {1, 512, 7, 7}, {25088, 49, 7, 1}
main:@332 = load[offset=0,end=0](main:@1) -> int8_type, {0}, {1}
main:@333 = load[offset=301056,end=702464](main:@1) -> float_type, {1, 2048, 7, 7}, {100352, 49, 7, 1}
main:@334 = gpu::convolution[op={padding={0, 0, 0, 0},stride={1, 1},dilation={1, 1},group=1,padding_mode=0},solution_object={binary_object: 493},algo=0,int8_x4_format=0,solution_id=0](main:@331,main:@322,main:@332,main:@333) -> float_type, {1, 2048, 7, 7}, {100352, 49, 7, 1}
main:@335 = hip::hip_copy_literal[id=main:@literal:10] -> float_type, {2048}, {1}
main:@336 = hip::hip_copy_literal[id=main:@literal:1] -> float_type, {2048, 1000}, {1000, 1}
main:@337 = hip::hip_copy_literal[id=main:@literal:0] -> float_type, {1, 1000}, {1000, 1}
main:@338 = load[offset=1505280,end=1906688](main:@1) -> float_type, {1, 2048, 7, 7}, {100352, 49, 7, 1}
main:@339 = broadcast[axis=1,out_lens={1, 2048, 7, 7}](main:@335) -> float_type, {1, 2048, 7, 7}, {0, 1, 0, 0}
main:@340 = gpu::code_object[code_object=13640,symbol_name=add_add_relu_kernel,global=100352,local=1024,](main:@334,main:@339,main:@317,main:@338) -> float_type, {1, 2048, 7, 7}, {100352, 49, 7, 1}
main:@341 = load[offset=0,end=8192](main:@1) -> float_type, {2048, 1}, {1, 1}
main:@342 = reshape[dims={2048, -1}](main:@340) -> float_type, {2048, 49}, {49, 1}
main:@343 = gpu::code_object[code_object=13640,symbol_name=reduce_mean_kernel,global=131072,local=64,](main:@342,main:@341) -> float_type, {2048, 1}, {1, 1}
main:#output_0 = @param:main:#output_0 -> float_type, {1, 1000}, {1000, 1}
main:@345 = reshape[dims={1, 2048, 1, 1}](main:@343) -> float_type, {1, 2048, 1, 1}, {2048, 1, 1, 1}
main:@346 = flatten[axis=1](main:@345) -> float_type, {1, 2048}, {2048, 1}
main:@347 = gpu::gemm[alpha=1,beta=1,int8_x4_format=0,compute_fp32=1,trans_batch=0](main:@346,main:@336,main:@337,main:#output_0) -> float_type, {1, 1000}, {1000, 1}
main:@348 = @return(main:@347)


Allocating params ... 
Running performance report ... 
main:@0 = check_context::migraphx::gpu::context  -> float_type, {}, {}: 0.00104936ms, 1%
main:@1 = hip::hip_allocate_memory[shape=int8_type, {11239424}, {1},id=main:scratch] -> int8_type, {11239424}, {1}: 0.00107148ms, 1%
main:@2 = hip::hip_copy_literal[id=main:@literal:99] -> float_type, {64, 3, 7, 7}, {147, 49, 7, 1}: 0.00079388ms, 1%
main:@3 = load[offset=0,end=0](main:@1) -> int8_type, {0}, {1}: 0.00081172ms, 1%
main:@4 = load[offset=6422528,end=9633792](main:@1) -> float_type, {1, 64, 112, 112}, {802816, 12544, 112, 1}: 0.00059562ms, 1%
input.1 = @param:input.1 -> float_type, {1, 3, 224, 224}, {150528, 50176, 224, 1}: 0.00058042ms, 1%
main:@6 = gpu::convolution[op={padding={3, 3, 3, 3},stride={2, 2},dilation={1, 1},group=1,padding_mode=0},solution_object={binary_object: 493},algo=0,int8_x4_format=0,solution_id=0](input.1,main:@2,main:@3,main:@4) -> float_type, {1, 64, 112, 112}, {802816, 12544, 112, 1}: 0.0501596ms, 2%
main:@7 = hip::hip_copy_literal[id=main:@literal:98] -> float_type, {64}, {1}: 0.00080162ms, 1%
main:@8 = load[offset=3211264,end=6422528](main:@1) -> float_type, {1, 64, 112, 112}, {802816, 12544, 112, 1}: 0.00067308ms, 1%
main:@9 = broadcast[axis=1,out_lens={1, 64, 112, 112}](main:@7) -> float_type, {1, 64, 112, 112}, {0, 1, 0, 0}: 0.00115166ms, 1%
main:@10 = gpu::code_object[code_object=13632,symbol_name=add_relu_kernel,global=401408,local=1024,](main:@6,main:@9,main:@8) -> float_type, {1, 64, 112, 112}, {802816, 12544, 112, 1}: 0.0249779ms, 1%
main:@11 = load[offset=2408448,end=3211264](main:@1) -> float_type, {1, 64, 56, 56}, {200704, 3136, 56, 1}: 0.00074822ms, 1%
main:@12 = gpu::pooling[mode=max,padding={1, 1, 1, 1},stride={2, 2},lengths={3, 3},ceil_mode=0,lp_order=2,dyn_global=0](main:@10,main:@11) -> float_type, {1, 64, 56, 56}, {200704, 3136, 56, 1}: 0.06069ms, 2%
main:@13 = hip::hip_copy_literal[id=main:@literal:96] -> float_type, {64}, {1}: 0.0007856ms, 1%
main:@14 = hip::hip_copy_literal[id=main:@literal:97] -> float_type, {64, 64, 1, 1}, {64, 1, 1, 1}: 0.000765ms, 1%
main:@15 = broadcast[axis=1,out_lens={1, 64, 56, 56}](main:@13) -> float_type, {1, 64, 56, 56}, {0, 1, 0, 0}: 0.00093946ms, 1%
main:@16 = load[offset=802816,end=1605632](main:@1) -> float_type, {1, 64, 56, 56}, {200704, 3136, 56, 1}: 0.00068232ms, 1%
main:@17 = gpu::miopen_fusion[ops={{op=convolution[padding={0, 0, 0, 0},stride={1, 1},dilation={1, 1},group=1,padding_mode=0],alpha=1,beta=0}, {op=add,alpha=1,beta=0}, {op=relu,alpha=1,beta=0}}](main:@12,main:@14,main:@15,main:@16) -> float_type, {1, 64, 56, 56}, {200704, 3136, 56, 1}: 0.0329294ms, 1%
main:@18 = hip::hip_copy_literal[id=main:@literal:94] -> float_type, {64}, {1}: 0.00086088ms, 1%
main:@19 = hip::hip_copy_literal[id=main:@literal:95] -> float_type, {64, 64, 3, 3}, {576, 9, 3, 1}: 0.00060832ms, 1%
main:@20 = load[offset=0,end=802816](main:@1) -> float_type, {1, 64, 56, 56}, {200704, 3136, 56, 1}: 0.00063088ms, 1%
main:@21 = broadcast[axis=1,out_lens={1, 64, 56, 56}](main:@18) -> float_type, {1, 64, 56, 56}, {0, 1, 0, 0}: 0.0009375ms, 1%
main:@22 = gpu::miopen_fusion[ops={{op=convolution[padding={1, 1, 1, 1},stride={1, 1},dilation={1, 1},group=1,padding_mode=0],alpha=1,beta=0}, {op=add,alpha=1,beta=0}, {op=relu,alpha=1,beta=0}}](main:@17,main:@19,main:@21,main:@20) -> float_type, {1, 64, 56, 56}, {200704, 3136, 56, 1}: 0.0631607ms, 2%
main:@23 = load[offset=3211264,end=4816896](main:@1) -> float_type, {1, 128, 56, 56}, {401408, 3136, 56, 1}: 0.00075616ms, 1%
main:@24 = gpu::code_object[code_object=13632,symbol_name=concat_kernel,global=100352,local=1024,](main:@22,main:@12,main:@23) -> float_type, {1, 128, 56, 56}, {401408, 3136, 56, 1}: 0.0204794ms, 1%
main:@25 = hip::hip_copy_literal[id=main:@literal:4] -> float_type, {256, 128, 1, 1}, {128, 1, 1, 1}: 0.00084214ms, 1%
main:@26 = hip::hip_copy_literal[id=main:@literal:2] -> float_type, {256}, {1}: 0.00059924ms, 1%
main:@27 = load[offset=4816896,end=8028160](main:@1) -> float_type, {1, 256, 56, 56}, {802816, 3136, 56, 1}: 0.0008352ms, 1%
main:@28 = broadcast[axis=1,out_lens={1, 256, 56, 56}](main:@26) -> float_type, {1, 256, 56, 56}, {0, 1, 0, 0}: 0.00084118ms, 1%
main:@29 = gpu::miopen_fusion[ops={{op=convolution[padding={0, 0, 0, 0},stride={1, 1},dilation={1, 1},group=1,padding_mode=0],alpha=1,beta=0}, {op=add,alpha=1,beta=0}, {op=relu,alpha=1,beta=0}}](main:@24,main:@25,main:@28,main:@27) -> float_type, {1, 256, 56, 56}, {802816, 3136, 56, 1}: 0.0430193ms, 2%
main:@30 = hip::hip_copy_literal[id=main:@literal:92] -> float_type, {64}, {1}: 0.0007751ms, 1%
main:@31 = hip::hip_copy_literal[id=main:@literal:93] -> float_type, {64, 256, 1, 1}, {256, 1, 1, 1}: 0.00059738ms, 1%
main:@32 = load[offset=802816,end=1605632](main:@1) -> float_type, {1, 64, 56, 56}, {200704, 3136, 56, 1}: 0.00067226ms, 1%
main:@33 = broadcast[axis=1,out_lens={1, 64, 56, 56}](main:@30) -> float_type, {1, 64, 56, 56}, {0, 1, 0, 0}: 0.00091556ms, 1%
main:@34 = gpu::miopen_fusion[ops={{op=convolution[padding={0, 0, 0, 0},stride={1, 1},dilation={1, 1},group=1,padding_mode=0],alpha=1,beta=0}, {op=add,alpha=1,beta=0}, {op=relu,alpha=1,beta=0}}](main:@29,main:@31,main:@33,main:@32) -> float_type, {1, 64, 56, 56}, {200704, 3136, 56, 1}: 0.0346339ms, 1%
main:@35 = hip::hip_copy_literal[id=main:@literal:90] -> float_type, {64}, {1}: 0.00076328ms, 1%
main:@36 = hip::hip_copy_literal[id=main:@literal:91] -> float_type, {64, 64, 3, 3}, {576, 9, 3, 1}: 0.0005952ms, 1%
main:@37 = load[offset=0,end=802816](main:@1) -> float_type, {1, 64, 56, 56}, {200704, 3136, 56, 1}: 0.00064188ms, 1%
main:@38 = broadcast[axis=1,out_lens={1, 64, 56, 56}](main:@35) -> float_type, {1, 64, 56, 56}, {0, 1, 0, 0}: 0.00089594ms, 1%
main:@39 = gpu::miopen_fusion[ops={{op=convolution[padding={1, 1, 1, 1},stride={1, 1},dilation={1, 1},group=1,padding_mode=0],alpha=1,beta=0}, {op=add,alpha=1,beta=0}, {op=relu,alpha=1,beta=0}}](main:@34,main:@36,main:@38,main:@37) -> float_type, {1, 64, 56, 56}, {200704, 3136, 56, 1}: 0.0485884ms, 2%
main:@40 = hip::hip_copy_literal[id=main:@literal:89] -> float_type, {256, 64, 1, 1}, {64, 1, 1, 1}: 0.00079572ms, 1%
main:@41 = load[offset=0,end=0](main:@1) -> int8_type, {0}, {1}: 0.0006399ms, 1%
main:@42 = load[offset=8028160,end=11239424](main:@1) -> float_type, {1, 256, 56, 56}, {802816, 3136, 56, 1}: 0.00059528ms, 1%
main:@43 = gpu::convolution[op={padding={0, 0, 0, 0},stride={1, 1},dilation={1, 1},group=1,padding_mode=0},solution_object={binary_object: 472},algo=0,int8_x4_format=0,solution_id=0](main:@39,main:@40,main:@41,main:@42) -> float_type, {1, 256, 56, 56}, {802816, 3136, 56, 1}: 0.0375325ms, 2%
main:@44 = hip::hip_copy_literal[id=main:@literal:88] -> float_type, {256}, {1}: 0.00082528ms, 1%
main:@45 = load[offset=0,end=3211264](main:@1) -> float_type, {1, 256, 56, 56}, {802816, 3136, 56, 1}: 0.00065048ms, 1%
main:@46 = broadcast[axis=1,out_lens={1, 256, 56, 56}](main:@44) -> float_type, {1, 256, 56, 56}, {0, 1, 0, 0}: 0.00096904ms, 1%
main:@47 = gpu::code_object[code_object=13640,symbol_name=add_add_relu_kernel,global=401408,local=1024,](main:@43,main:@46,main:@29,main:@45) -> float_type, {1, 256, 56, 56}, {802816, 3136, 56, 1}: 0.027588ms, 1%
main:@48 = hip::hip_copy_literal[id=main:@literal:86] -> float_type, {64}, {1}: 0.00077202ms, 1%
main:@49 = hip::hip_copy_literal[id=main:@literal:87] -> float_type, {64, 256, 1, 1}, {256, 1, 1, 1}: 0.0005922ms, 1%
main:@50 = load[offset=3211264,end=4014080](main:@1) -> float_type, {1, 64, 56, 56}, {200704, 3136, 56, 1}: 0.00063858ms, 1%
main:@51 = broadcast[axis=1,out_lens={1, 64, 56, 56}](main:@48) -> float_type, {1, 64, 56, 56}, {0, 1, 0, 0}: 0.00091136ms, 1%
main:@52 = gpu::miopen_fusion[ops={{op=convolution[padding={0, 0, 0, 0},stride={1, 1},dilation={1, 1},group=1,padding_mode=0],alpha=1,beta=0}, {op=add,alpha=1,beta=0}, {op=relu,alpha=1,beta=0}}](main:@47,main:@49,main:@51,main:@50) -> float_type, {1, 64, 56, 56}, {200704, 3136, 56, 1}: 0.0341025ms, 1%
main:@53 = hip::hip_copy_literal[id=main:@literal:84] -> float_type, {64}, {1}: 0.00071326ms, 1%
main:@54 = hip::hip_copy_literal[id=main:@literal:85] -> float_type, {64, 64, 3, 3}, {576, 9, 3, 1}: 0.00063602ms, 1%
main:@55 = broadcast[axis=1,out_lens={1, 64, 56, 56}](main:@53) -> float_type, {1, 64, 56, 56}, {0, 1, 0, 0}: 0.00091432ms, 1%
main:@56 = load[offset=6422528,end=7225344](main:@1) -> float_type, {1, 64, 56, 56}, {200704, 3136, 56, 1}: 0.00066814ms, 1%
main:@57 = gpu::miopen_fusion[ops={{op=convolution[padding={1, 1, 1, 1},stride={1, 1},dilation={1, 1},group=1,padding_mode=0],alpha=1,beta=0}, {op=add,alpha=1,beta=0}, {op=relu,alpha=1,beta=0}}](main:@52,main:@54,main:@55,main:@56) -> float_type, {1, 64, 56, 56}, {200704, 3136, 56, 1}: 0.0515837ms, 2%
main:@58 = hip::hip_copy_literal[id=main:@literal:83] -> float_type, {256, 64, 1, 1}, {64, 1, 1, 1}: 0.00084306ms, 1%
main:@59 = load[offset=0,end=0](main:@1) -> int8_type, {0}, {1}: 0.00063902ms, 1%
main:@60 = load[offset=3211264,end=6422528](main:@1) -> float_type, {1, 256, 56, 56}, {802816, 3136, 56, 1}: 0.00061842ms, 1%
main:@61 = gpu::convolution[op={padding={0, 0, 0, 0},stride={1, 1},dilation={1, 1},group=1,padding_mode=0},solution_object={binary_object: 472},algo=0,int8_x4_format=0,solution_id=0](main:@57,main:@58,main:@59,main:@60) -> float_type, {1, 256, 56, 56}, {802816, 3136, 56, 1}: 0.0358416ms, 1%
main:@62 = hip::hip_copy_literal[id=main:@literal:82] -> float_type, {256}, {1}: 0.00077554ms, 1%
main:@63 = load[offset=7225344,end=10436608](main:@1) -> float_type, {1, 256, 56, 56}, {802816, 3136, 56, 1}: 0.00065614ms, 1%
main:@64 = broadcast[axis=1,out_lens={1, 256, 56, 56}](main:@62) -> float_type, {1, 256, 56, 56}, {0, 1, 0, 0}: 0.00094292ms, 1%
main:@65 = gpu::code_object[code_object=13640,symbol_name=add_add_relu_kernel,global=401408,local=1024,](main:@61,main:@64,main:@47,main:@63) -> float_type, {1, 256, 56, 56}, {802816, 3136, 56, 1}: 0.027564ms, 1%
main:@66 = hip::hip_copy_literal[id=main:@literal:80] -> float_type, {128}, {1}: 0.00073252ms, 1%
main:@67 = hip::hip_copy_literal[id=main:@literal:81] -> float_type, {128, 256, 1, 1}, {256, 1, 1, 1}: 0.00061046ms, 1%
main:@68 = load[offset=2007040,end=3612672](main:@1) -> float_type, {1, 128, 56, 56}, {401408, 3136, 56, 1}: 0.00064886ms, 1%
main:@69 = broadcast[axis=1,out_lens={1, 128, 56, 56}](main:@66) -> float_type, {1, 128, 56, 56}, {0, 1, 0, 0}: 0.00090592ms, 1%
main:@70 = gpu::miopen_fusion[ops={{op=convolution[padding={0, 0, 0, 0},stride={1, 1},dilation={1, 1},group=1,padding_mode=0],alpha=1,beta=0}, {op=add,alpha=1,beta=0}, {op=relu,alpha=1,beta=0}}](main:@65,main:@67,main:@69,main:@68) -> float_type, {1, 128, 56, 56}, {401408, 3136, 56, 1}: 0.0445976ms, 2%
main:@71 = hip::hip_copy_literal[id=main:@literal:79] -> float_type, {128, 128, 3, 3}, {1152, 9, 3, 1}: 0.00077508ms, 1%
main:@72 = load[offset=0,end=0](main:@1) -> int8_type, {0}, {1}: 0.0006635ms, 1%
main:@73 = load[offset=1605632,end=2007040](main:@1) -> float_type, {1, 128, 28, 28}, {100352, 784, 28, 1}: 0.00061398ms, 1%
main:@74 = gpu::convolution[op={padding={1, 1, 1, 1},stride={2, 2},dilation={1, 1},group=1,padding_mode=0},solution_object={binary_object: 474},algo=0,int8_x4_format=0,solution_id=0](main:@70,main:@71,main:@72,main:@73) -> float_type, {1, 128, 28, 28}, {100352, 784, 28, 1}: 0.0605816ms, 2%
main:@75 = hip::hip_copy_literal[id=main:@literal:6] -> float_type, {512, 384, 1, 1}, {384, 1, 1, 1}: 0.00083738ms, 1%
main:@76 = hip::hip_copy_literal[id=main:@literal:5] -> float_type, {512}, {1}: 0.00061878ms, 1%
main:@77 = hip::hip_copy_literal[id=main:@literal:78] -> float_type, {128}, {1}: 0.00082568ms, 1%
main:@78 = load[offset=0,end=401408](main:@1) -> float_type, {1, 128, 28, 28}, {100352, 784, 28, 1}: 0.00064964ms, 1%
main:@79 = broadcast[axis=1,out_lens={1, 128, 28, 28}](main:@77) -> float_type, {1, 128, 28, 28}, {0, 1, 0, 0}: 0.00095374ms, 1%
main:@80 = gpu::code_object[code_object=13632,symbol_name=add_relu_kernel,global=50176,local=1024,](main:@74,main:@79,main:@78) -> float_type, {1, 128, 28, 28}, {100352, 784, 28, 1}: 0.0188358ms, 1%
main:@81 = load[offset=802816,end=2007040](main:@1) -> float_type, {1, 384, 28, 28}, {301056, 784, 28, 1}: 0.00076042ms, 1%
main:@82 = step[axes={2, 3},steps={2, 2}](main:@65) -> float_type, {1, 256, 28, 28}, {802816, 3136, 112, 2}: 0.00125872ms, 1%
main:@83 = gpu::code_object[code_object=13632,symbol_name=concat_kernel,global=150528,local=1024,](main:@80,main:@82,main:@81) -> float_type, {1, 384, 28, 28}, {301056, 784, 28, 1}: 0.0209793ms, 1%
main:@84 = load[offset=2007040,end=3612672](main:@1) -> float_type, {1, 512, 28, 28}, {401408, 784, 28, 1}: 0.00077312ms, 1%
main:@85 = broadcast[axis=1,out_lens={1, 512, 28, 28}](main:@76) -> float_type, {1, 512, 28, 28}, {0, 1, 0, 0}: 0.00089398ms, 1%
main:@86 = gpu::miopen_fusion[ops={{op=convolution[padding={0, 0, 0, 0},stride={1, 1},dilation={1, 1},group=1,padding_mode=0],alpha=1,beta=0}, {op=add,alpha=1,beta=0}, {op=relu,alpha=1,beta=0}}](main:@83,main:@75,main:@85,main:@84) -> float_type, {1, 512, 28, 28}, {401408, 784, 28, 1}: 0.0559277ms, 2%
main:@87 = hip::hip_copy_literal[id=main:@literal:76] -> float_type, {128}, {1}: 0.00094414ms, 1%
main:@88 = hip::hip_copy_literal[id=main:@literal:77] -> float_type, {128, 512, 1, 1}, {512, 1, 1, 1}: 0.00058576ms, 1%
main:@89 = load[offset=802816,end=1204224](main:@1) -> float_type, {1, 128, 28, 28}, {100352, 784, 28, 1}: 0.00067062ms, 1%
main:@90 = broadcast[axis=1,out_lens={1, 128, 28, 28}](main:@87) -> float_type, {1, 128, 28, 28}, {0, 1, 0, 0}: 0.00095418ms, 1%
main:@91 = gpu::miopen_fusion[ops={{op=convolution[padding={0, 0, 0, 0},stride={1, 1},dilation={1, 1},group=1,padding_mode=0],alpha=1,beta=0}, {op=add,alpha=1,beta=0}, {op=relu,alpha=1,beta=0}}](main:@86,main:@88,main:@90,main:@89) -> float_type, {1, 128, 28, 28}, {100352, 784, 28, 1}: 0.0433771ms, 2%
main:@92 = hip::hip_copy_literal[id=main:@literal:74] -> float_type, {128}, {1}: 0.00082112ms, 1%
main:@93 = hip::hip_copy_literal[id=main:@literal:75] -> float_type, {128, 128, 3, 3}, {1152, 9, 3, 1}: 0.00063556ms, 1%
main:@94 = load[offset=401408,end=802816](main:@1) -> float_type, {1, 128, 28, 28}, {100352, 784, 28, 1}: 0.00063372ms, 1%
main:@95 = broadcast[axis=1,out_lens={1, 128, 28, 28}](main:@92) -> float_type, {1, 128, 28, 28}, {0, 1, 0, 0}: 0.0008932ms, 1%
main:@96 = gpu::miopen_fusion[ops={{op=convolution[padding={1, 1, 1, 1},stride={1, 1},dilation={1, 1},group=1,padding_mode=0],alpha=1,beta=0}, {op=add,alpha=1,beta=0}, {op=relu,alpha=1,beta=0}}](main:@91,main:@93,main:@95,main:@94) -> float_type, {1, 128, 28, 28}, {100352, 784, 28, 1}: 0.0705415ms, 2%
main:@97 = hip::hip_copy_literal[id=main:@literal:73] -> float_type, {512, 128, 1, 1}, {128, 1, 1, 1}: 0.00074062ms, 1%
main:@98 = load[offset=0,end=0](main:@1) -> int8_type, {0}, {1}: 0.00066198ms, 1%
main:@99 = load[offset=5619712,end=7225344](main:@1) -> float_type, {1, 512, 28, 28}, {401408, 784, 28, 1}: 0.00059632ms, 1%
main:@100 = gpu::convolution[op={padding={0, 0, 0, 0},stride={1, 1},dilation={1, 1},group=1,padding_mode=0},solution_object={binary_object: 475},algo=0,int8_x4_format=0,solution_id=0](main:@96,main:@97,main:@98,main:@99) -> float_type, {1, 512, 28, 28}, {401408, 784, 28, 1}: 0.035141ms, 1%
main:@101 = hip::hip_copy_literal[id=main:@literal:72] -> float_type, {512}, {1}: 0.00077012ms, 1%
main:@102 = load[offset=4014080,end=5619712](main:@1) -> float_type, {1, 512, 28, 28}, {401408, 784, 28, 1}: 0.00065548ms, 1%
main:@103 = broadcast[axis=1,out_lens={1, 512, 28, 28}](main:@101) -> float_type, {1, 512, 28, 28}, {0, 1, 0, 0}: 0.00093794ms, 1%
main:@104 = gpu::code_object[code_object=13640,symbol_name=add_add_relu_kernel,global=200704,local=1024,](main:@100,main:@103,main:@86,main:@102) -> float_type, {1, 512, 28, 28}, {401408, 784, 28, 1}: 0.0231406ms, 1%
main:@105 = hip::hip_copy_literal[id=main:@literal:70] -> float_type, {128}, {1}: 0.00075982ms, 1%
main:@106 = hip::hip_copy_literal[id=main:@literal:71] -> float_type, {128, 512, 1, 1}, {512, 1, 1, 1}: 0.00057366ms, 1%
main:@107 = load[offset=401408,end=802816](main:@1) -> float_type, {1, 128, 28, 28}, {100352, 784, 28, 1}: 0.00063526ms, 1%
main:@108 = broadcast[axis=1,out_lens={1, 128, 28, 28}](main:@105) -> float_type, {1, 128, 28, 28}, {0, 1, 0, 0}: 0.00086368ms, 1%
main:@109 = gpu::miopen_fusion[ops={{op=convolution[padding={0, 0, 0, 0},stride={1, 1},dilation={1, 1},group=1,padding_mode=0],alpha=1,beta=0}, {op=add,alpha=1,beta=0}, {op=relu,alpha=1,beta=0}}](main:@104,main:@106,main:@108,main:@107) -> float_type, {1, 128, 28, 28}, {100352, 784, 28, 1}: 0.040048ms, 2%
main:@110 = hip::hip_copy_literal[id=main:@literal:68] -> float_type, {128}, {1}: 0.00075504ms, 1%
main:@111 = hip::hip_copy_literal[id=main:@literal:69] -> float_type, {128, 128, 3, 3}, {1152, 9, 3, 1}: 0.00055944ms, 1%
main:@112 = load[offset=0,end=401408](main:@1) -> float_type, {1, 128, 28, 28}, {100352, 784, 28, 1}: 0.0006466ms, 1%
main:@113 = broadcast[axis=1,out_lens={1, 128, 28, 28}](main:@110) -> float_type, {1, 128, 28, 28}, {0, 1, 0, 0}: 0.00090544ms, 1%
main:@114 = gpu::miopen_fusion[ops={{op=convolution[padding={1, 1, 1, 1},stride={1, 1},dilation={1, 1},group=1,padding_mode=0],alpha=1,beta=0}, {op=add,alpha=1,beta=0}, {op=relu,alpha=1,beta=0}}](main:@109,main:@111,main:@113,main:@112) -> float_type, {1, 128, 28, 28}, {100352, 784, 28, 1}: 0.0609218ms, 2%
main:@115 = hip::hip_copy_literal[id=main:@literal:67] -> float_type, {512, 128, 1, 1}, {128, 1, 1, 1}: 0.00075622ms, 1%
main:@116 = load[offset=0,end=0](main:@1) -> int8_type, {0}, {1}: 0.0006273ms, 1%
main:@117 = load[offset=5619712,end=7225344](main:@1) -> float_type, {1, 512, 28, 28}, {401408, 784, 28, 1}: 0.0006154ms, 1%
main:@118 = gpu::convolution[op={padding={0, 0, 0, 0},stride={1, 1},dilation={1, 1},group=1,padding_mode=0},solution_object={binary_object: 475},algo=0,int8_x4_format=0,solution_id=0](main:@114,main:@115,main:@116,main:@117) -> float_type, {1, 512, 28, 28}, {401408, 784, 28, 1}: 0.0344351ms, 1%
main:@119 = hip::hip_copy_literal[id=main:@literal:66] -> float_type, {512}, {1}: 0.00079738ms, 1%
main:@120 = load[offset=0,end=1605632](main:@1) -> float_type, {1, 512, 28, 28}, {401408, 784, 28, 1}: 0.00064176ms, 1%
main:@121 = broadcast[axis=1,out_lens={1, 512, 28, 28}](main:@119) -> float_type, {1, 512, 28, 28}, {0, 1, 0, 0}: 0.00093756ms, 1%
main:@122 = gpu::code_object[code_object=13640,symbol_name=add_add_relu_kernel,global=200704,local=1024,](main:@118,main:@121,main:@104,main:@120) -> float_type, {1, 512, 28, 28}, {401408, 784, 28, 1}: 0.0230001ms, 1%
main:@123 = hip::hip_copy_literal[id=main:@literal:64] -> float_type, {128}, {1}: 0.00073186ms, 1%
main:@124 = hip::hip_copy_literal[id=main:@literal:65] -> float_type, {128, 512, 1, 1}, {512, 1, 1, 1}: 0.0006092ms, 1%
main:@125 = load[offset=1605632,end=2007040](main:@1) -> float_type, {1, 128, 28, 28}, {100352, 784, 28, 1}: 0.00065098ms, 1%
main:@126 = broadcast[axis=1,out_lens={1, 128, 28, 28}](main:@123) -> float_type, {1, 128, 28, 28}, {0, 1, 0, 0}: 0.00089078ms, 1%
main:@127 = gpu::miopen_fusion[ops={{op=convolution[padding={0, 0, 0, 0},stride={1, 1},dilation={1, 1},group=1,padding_mode=0],alpha=1,beta=0}, {op=add,alpha=1,beta=0}, {op=relu,alpha=1,beta=0}}](main:@122,main:@124,main:@126,main:@125) -> float_type, {1, 128, 28, 28}, {100352, 784, 28, 1}: 0.040006ms, 2%
main:@128 = hip::hip_copy_literal[id=main:@literal:62] -> float_type, {128}, {1}: 0.00075568ms, 1%
main:@129 = hip::hip_copy_literal[id=main:@literal:63] -> float_type, {128, 128, 3, 3}, {1152, 9, 3, 1}: 0.0006695ms, 1%
main:@130 = load[offset=3211264,end=3612672](main:@1) -> float_type, {1, 128, 28, 28}, {100352, 784, 28, 1}: 0.00065222ms, 1%
main:@131 = broadcast[axis=1,out_lens={1, 128, 28, 28}](main:@128) -> float_type, {1, 128, 28, 28}, {0, 1, 0, 0}: 0.00090552ms, 1%
main:@132 = gpu::miopen_fusion[ops={{op=convolution[padding={1, 1, 1, 1},stride={1, 1},dilation={1, 1},group=1,padding_mode=0],alpha=1,beta=0}, {op=add,alpha=1,beta=0}, {op=relu,alpha=1,beta=0}}](main:@127,main:@129,main:@131,main:@130) -> float_type, {1, 128, 28, 28}, {100352, 784, 28, 1}: 0.0607916ms, 2%
main:@133 = hip::hip_copy_literal[id=main:@literal:61] -> float_type, {512, 128, 1, 1}, {128, 1, 1, 1}: 0.00079474ms, 1%
main:@134 = load[offset=0,end=0](main:@1) -> int8_type, {0}, {1}: 0.00065602ms, 1%
main:@135 = load[offset=1605632,end=3211264](main:@1) -> float_type, {1, 512, 28, 28}, {401408, 784, 28, 1}: 0.00063694ms, 1%
main:@136 = gpu::convolution[op={padding={0, 0, 0, 0},stride={1, 1},dilation={1, 1},group=1,padding_mode=0},solution_object={binary_object: 475},algo=0,int8_x4_format=0,solution_id=0](main:@132,main:@133,main:@134,main:@135) -> float_type, {1, 512, 28, 28}, {401408, 784, 28, 1}: 0.0342922ms, 1%
main:@137 = hip::hip_copy_literal[id=main:@literal:60] -> float_type, {512}, {1}: 0.00076804ms, 1%
main:@138 = load[offset=4165632,end=5771264](main:@1) -> float_type, {1, 512, 28, 28}, {401408, 784, 28, 1}: 0.00064894ms, 1%
main:@139 = broadcast[axis=1,out_lens={1, 512, 28, 28}](main:@137) -> float_type, {1, 512, 28, 28}, {0, 1, 0, 0}: 0.00093338ms, 1%
main:@140 = gpu::code_object[code_object=13640,symbol_name=add_add_relu_kernel,global=200704,local=1024,](main:@136,main:@139,main:@122,main:@138) -> float_type, {1, 512, 28, 28}, {401408, 784, 28, 1}: 0.0232496ms, 1%
main:@141 = hip::hip_copy_literal[id=main:@literal:58] -> float_type, {256}, {1}: 0.00079068ms, 1%
main:@142 = hip::hip_copy_literal[id=main:@literal:59] -> float_type, {256, 512, 1, 1}, {512, 1, 1, 1}: 0.00060322ms, 1%
main:@143 = load[offset=0,end=802816](main:@1) -> float_type, {1, 256, 28, 28}, {200704, 784, 28, 1}: 0.00064926ms, 1%
main:@144 = broadcast[axis=1,out_lens={1, 256, 28, 28}](main:@141) -> float_type, {1, 256, 28, 28}, {0, 1, 0, 0}: 0.00085486ms, 1%
main:@145 = gpu::miopen_fusion[ops={{op=convolution[padding={0, 0, 0, 0},stride={1, 1},dilation={1, 1},group=1,padding_mode=0],alpha=1,beta=0}, {op=add,alpha=1,beta=0}, {op=relu,alpha=1,beta=0}}](main:@140,main:@142,main:@144,main:@143) -> float_type, {1, 256, 28, 28}, {200704, 784, 28, 1}: 0.0510278ms, 2%
main:@146 = hip::hip_copy_literal[id=main:@literal:57] -> float_type, {256, 256, 3, 3}, {2304, 9, 3, 1}: 0.00077008ms, 1%
main:@147 = load[offset=5971968,end=9334784](main:@1) -> int8_type, {3362816}, {1}: 0.00062618ms, 1%
main:@148 = load[offset=5771264,end=5971968](main:@1) -> float_type, {1, 256, 14, 14}, {50176, 196, 14, 1}: 0.00060522ms, 1%
main:@149 = gpu::convolution[op={padding={1, 1, 1, 1},stride={2, 2},dilation={1, 1},group=1,padding_mode=0},solution_object={binary_object: 557},algo=0,int8_x4_format=0,solution_id=0](main:@145,main:@146,main:@147,main:@148) -> float_type, {1, 256, 14, 14}, {50176, 196, 14, 1}: 0.0698611ms, 2%
main:@150 = hip::hip_copy_literal[id=main:@literal:8] -> float_type, {1024, 768, 1, 1}, {768, 1, 1, 1}: 0.00083174ms, 1%
main:@151 = hip::hip_copy_literal[id=main:@literal:56] -> float_type, {256}, {1}: 0.00061356ms, 1%
main:@152 = load[offset=802816,end=1003520](main:@1) -> float_type, {1, 256, 14, 14}, {50176, 196, 14, 1}: 0.00066532ms, 1%
main:@153 = broadcast[axis=1,out_lens={1, 256, 14, 14}](main:@151) -> float_type, {1, 256, 14, 14}, {0, 1, 0, 0}: 0.00098982ms, 1%
main:@154 = gpu::code_object[code_object=13632,symbol_name=add_relu_kernel,global=25088,local=1024,](main:@149,main:@153,main:@152) -> float_type, {1, 256, 14, 14}, {50176, 196, 14, 1}: 0.0186419ms, 1%
main:@155 = load[offset=200704,end=802816](main:@1) -> float_type, {1, 768, 14, 14}, {150528, 196, 14, 1}: 0.00075148ms, 1%
main:@156 = step[axes={2, 3},steps={2, 2}](main:@140) -> float_type, {1, 512, 14, 14}, {401408, 784, 56, 2}: 0.00107616ms, 1%
main:@157 = gpu::code_object[code_object=13632,symbol_name=concat_kernel,global=75264,local=1024,](main:@154,main:@156,main:@155) -> float_type, {1, 768, 14, 14}, {150528, 196, 14, 1}: 0.019591ms, 1%
main:@158 = load[offset=0,end=0](main:@1) -> int8_type, {0}, {1}: 0.00074574ms, 1%
main:@159 = load[offset=2207744,end=3010560](main:@1) -> float_type, {1, 1024, 14, 14}, {200704, 196, 14, 1}: 0.00059958ms, 1%
main:@160 = gpu::convolution[op={padding={0, 0, 0, 0},stride={1, 1},dilation={1, 1},group=1,padding_mode=0},solution_object={binary_object: 497},algo=0,int8_x4_format=0,solution_id=0](main:@157,main:@150,main:@158,main:@159) -> float_type, {1, 1024, 14, 14}, {200704, 196, 14, 1}: 0.0593937ms, 2%
main:@161 = hip::hip_copy_literal[id=main:@literal:7] -> float_type, {1024}, {1}: 0.00080316ms, 1%
main:@162 = load[offset=1404928,end=2207744](main:@1) -> float_type, {1, 1024, 14, 14}, {200704, 196, 14, 1}: 0.0006517ms, 1%
main:@163 = broadcast[axis=1,out_lens={1, 1024, 14, 14}](main:@161) -> float_type, {1, 1024, 14, 14}, {0, 1, 0, 0}: 0.00092874ms, 1%
main:@164 = gpu::code_object[code_object=13632,symbol_name=add_relu_kernel,global=100352,local=1024,](main:@160,main:@163,main:@162) -> float_type, {1, 1024, 14, 14}, {200704, 196, 14, 1}: 0.0198875ms, 1%
main:@165 = hip::hip_copy_literal[id=main:@literal:55] -> float_type, {256, 1024, 1, 1}, {1024, 1, 1, 1}: 0.00080256ms, 1%
main:@166 = load[offset=401408,end=602112](main:@1) -> float_type, {1, 256, 14, 14}, {50176, 196, 14, 1}: 0.00063788ms, 1%
main:@167 = load[offset=0,end=0](main:@1) -> int8_type, {0}, {1}: 0.0005971ms, 1%
main:@168 = gpu::convolution[op={padding={0, 0, 0, 0},stride={1, 1},dilation={1, 1},group=1,padding_mode=0},solution_object={binary_object: 495},algo=0,int8_x4_format=0,solution_id=0](main:@164,main:@165,main:@167,main:@166) -> float_type, {1, 256, 14, 14}, {50176, 196, 14, 1}: 0.0491677ms, 2%
main:@169 = hip::hip_copy_literal[id=main:@literal:51] -> float_type, {1024, 256, 1, 1}, {256, 1, 1, 1}: 0.00082288ms, 1%
main:@170 = hip::hip_copy_literal[id=main:@literal:52] -> float_type, {256}, {1}: 0.00062922ms, 1%
main:@171 = hip::hip_copy_literal[id=main:@literal:53] -> float_type, {256, 256, 3, 3}, {2304, 9, 3, 1}: 0.00076776ms, 1%
main:@172 = hip::hip_copy_literal[id=main:@literal:54] -> float_type, {256}, {1}: 0.00057452ms, 1%
main:@173 = load[offset=200704,end=401408](main:@1) -> float_type, {1, 256, 14, 14}, {50176, 196, 14, 1}: 0.00067354ms, 1%
main:@174 = broadcast[axis=1,out_lens={1, 256, 14, 14}](main:@172) -> float_type, {1, 256, 14, 14}, {0, 1, 0, 0}: 0.00091692ms, 1%
main:@175 = gpu::code_object[code_object=13632,symbol_name=add_relu_kernel,global=25088,local=1024,](main:@168,main:@174,main:@173) -> float_type, {1, 256, 14, 14}, {50176, 196, 14, 1}: 0.0182759ms, 1%
main:@176 = load[offset=0,end=200704](main:@1) -> float_type, {1, 256, 14, 14}, {50176, 196, 14, 1}: 0.00075928ms, 1%
main:@177 = broadcast[axis=1,out_lens={1, 256, 14, 14}](main:@170) -> float_type, {1, 256, 14, 14}, {0, 1, 0, 0}: 0.00081984ms, 1%
main:@178 = gpu::miopen_fusion[ops={{op=convolution[padding={1, 1, 1, 1},stride={1, 1},dilation={1, 1},group=1,padding_mode=0],alpha=1,beta=0}, {op=add,alpha=1,beta=0}, {op=relu,alpha=1,beta=0}}](main:@175,main:@171,main:@177,main:@176) -> float_type, {1, 256, 14, 14}, {50176, 196, 14, 1}: 0.0868897ms, 3%
main:@179 = load[offset=0,end=0](main:@1) -> int8_type, {0}, {1}: 0.00076008ms, 1%
main:@180 = load[offset=2207744,end=3010560](main:@1) -> float_type, {1, 1024, 14, 14}, {200704, 196, 14, 1}: 0.00059752ms, 1%
main:@181 = gpu::convolution[op={padding={0, 0, 0, 0},stride={1, 1},dilation={1, 1},group=1,padding_mode=0},solution_object={binary_object: 495},algo=0,int8_x4_format=0,solution_id=0](main:@178,main:@169,main:@179,main:@180) -> float_type, {1, 1024, 14, 14}, {200704, 196, 14, 1}: 0.0384529ms, 2%
main:@182 = hip::hip_copy_literal[id=main:@literal:50] -> float_type, {1024}, {1}: 0.00081476ms, 1%
main:@183 = load[offset=602112,end=1404928](main:@1) -> float_type, {1, 1024, 14, 14}, {200704, 196, 14, 1}: 0.00065254ms, 1%
main:@184 = broadcast[axis=1,out_lens={1, 1024, 14, 14}](main:@182) -> float_type, {1, 1024, 14, 14}, {0, 1, 0, 0}: 0.00094456ms, 1%
main:@185 = gpu::code_object[code_object=13640,symbol_name=add_add_relu_kernel,global=100352,local=1024,](main:@181,main:@184,main:@164,main:@183) -> float_type, {1, 1024, 14, 14}, {200704, 196, 14, 1}: 0.0204817ms, 1%
main:@186 = hip::hip_copy_literal[id=main:@literal:49] -> float_type, {256, 1024, 1, 1}, {1024, 1, 1, 1}: 0.00071822ms, 1%
main:@187 = load[offset=0,end=0](main:@1) -> int8_type, {0}, {1}: 0.00065278ms, 1%
main:@188 = load[offset=401408,end=602112](main:@1) -> float_type, {1, 256, 14, 14}, {50176, 196, 14, 1}: 0.00059822ms, 1%
main:@189 = gpu::convolution[op={padding={0, 0, 0, 0},stride={1, 1},dilation={1, 1},group=1,padding_mode=0},solution_object={binary_object: 495},algo=0,int8_x4_format=0,solution_id=0](main:@185,main:@186,main:@187,main:@188) -> float_type, {1, 256, 14, 14}, {50176, 196, 14, 1}: 0.0444049ms, 2%
main:@190 = hip::hip_copy_literal[id=main:@literal:45] -> float_type, {1024, 256, 1, 1}, {256, 1, 1, 1}: 0.00077454ms, 1%
main:@191 = hip::hip_copy_literal[id=main:@literal:46] -> float_type, {256}, {1}: 0.00059642ms, 1%
main:@192 = hip::hip_copy_literal[id=main:@literal:47] -> float_type, {256, 256, 3, 3}, {2304, 9, 3, 1}: 0.0007238ms, 1%
main:@193 = hip::hip_copy_literal[id=main:@literal:48] -> float_type, {256}, {1}: 0.00060778ms, 1%
main:@194 = load[offset=200704,end=401408](main:@1) -> float_type, {1, 256, 14, 14}, {50176, 196, 14, 1}: 0.00064652ms, 1%
main:@195 = broadcast[axis=1,out_lens={1, 256, 14, 14}](main:@193) -> float_type, {1, 256, 14, 14}, {0, 1, 0, 0}: 0.00090746ms, 1%
main:@196 = gpu::code_object[code_object=13632,symbol_name=add_relu_kernel,global=25088,local=1024,](main:@189,main:@195,main:@194) -> float_type, {1, 256, 14, 14}, {50176, 196, 14, 1}: 0.0182714ms, 1%
main:@197 = broadcast[axis=1,out_lens={1, 256, 14, 14}](main:@191) -> float_type, {1, 256, 14, 14}, {0, 1, 0, 0}: 0.00091632ms, 1%
main:@198 = load[offset=0,end=200704](main:@1) -> float_type, {1, 256, 14, 14}, {50176, 196, 14, 1}: 0.00063638ms, 1%
main:@199 = gpu::miopen_fusion[ops={{op=convolution[padding={1, 1, 1, 1},stride={1, 1},dilation={1, 1},group=1,padding_mode=0],alpha=1,beta=0}, {op=add,alpha=1,beta=0}, {op=relu,alpha=1,beta=0}}](main:@196,main:@192,main:@197,main:@198) -> float_type, {1, 256, 14, 14}, {50176, 196, 14, 1}: 0.0863588ms, 3%
main:@200 = load[offset=1404928,end=2207744](main:@1) -> float_type, {1, 1024, 14, 14}, {200704, 196, 14, 1}: 0.00073128ms, 1%
main:@201 = load[offset=0,end=0](main:@1) -> int8_type, {0}, {1}: 0.00062994ms, 1%
main:@202 = gpu::convolution[op={padding={0, 0, 0, 0},stride={1, 1},dilation={1, 1},group=1,padding_mode=0},solution_object={binary_object: 495},algo=0,int8_x4_format=0,solution_id=0](main:@199,main:@190,main:@201,main:@200) -> float_type, {1, 1024, 14, 14}, {200704, 196, 14, 1}: 0.0355121ms, 1%
main:@203 = hip::hip_copy_literal[id=main:@literal:44] -> float_type, {1024}, {1}: 0.0008067ms, 1%
main:@204 = load[offset=2207744,end=3010560](main:@1) -> float_type, {1, 1024, 14, 14}, {200704, 196, 14, 1}: 0.0007021ms, 1%
main:@205 = broadcast[axis=1,out_lens={1, 1024, 14, 14}](main:@203) -> float_type, {1, 1024, 14, 14}, {0, 1, 0, 0}: 0.0009357ms, 1%
main:@206 = gpu::code_object[code_object=13640,symbol_name=add_add_relu_kernel,global=100352,local=1024,](main:@202,main:@205,main:@185,main:@204) -> float_type, {1, 1024, 14, 14}, {200704, 196, 14, 1}: 0.0202824ms, 1%
main:@207 = hip::hip_copy_literal[id=main:@literal:38] -> float_type, {1024}, {1}: 0.00076524ms, 1%
main:@208 = hip::hip_copy_literal[id=main:@literal:43] -> float_type, {256, 1024, 1, 1}, {1024, 1, 1, 1}: 0.0006464ms, 1%
main:@209 = load[offset=401408,end=602112](main:@1) -> float_type, {1, 256, 14, 14}, {50176, 196, 14, 1}: 0.0006434ms, 1%
main:@210 = load[offset=0,end=0](main:@1) -> int8_type, {0}, {1}: 0.00060566ms, 1%
main:@211 = gpu::convolution[op={padding={0, 0, 0, 0},stride={1, 1},dilation={1, 1},group=1,padding_mode=0},solution_object={binary_object: 495},algo=0,int8_x4_format=0,solution_id=0](main:@206,main:@208,main:@210,main:@209) -> float_type, {1, 256, 14, 14}, {50176, 196, 14, 1}: 0.0470608ms, 2%
main:@212 = hip::hip_copy_literal[id=main:@literal:39] -> float_type, {1024, 256, 1, 1}, {256, 1, 1, 1}: 0.00077682ms, 1%
main:@213 = hip::hip_copy_literal[id=main:@literal:40] -> float_type, {256}, {1}: 0.00059996ms, 1%
main:@214 = hip::hip_copy_literal[id=main:@literal:41] -> float_type, {256, 256, 3, 3}, {2304, 9, 3, 1}: 0.00073654ms, 1%
main:@215 = hip::hip_copy_literal[id=main:@literal:42] -> float_type, {256}, {1}: 0.00059042ms, 1%
main:@216 = broadcast[axis=1,out_lens={1, 256, 14, 14}](main:@215) -> float_type, {1, 256, 14, 14}, {0, 1, 0, 0}: 0.00090514ms, 1%
main:@217 = load[offset=200704,end=401408](main:@1) -> float_type, {1, 256, 14, 14}, {50176, 196, 14, 1}: 0.00065572ms, 1%
main:@218 = gpu::code_object[code_object=13632,symbol_name=add_relu_kernel,global=25088,local=1024,](main:@211,main:@216,main:@217) -> float_type, {1, 256, 14, 14}, {50176, 196, 14, 1}: 0.0182676ms, 1%
main:@219 = load[offset=0,end=200704](main:@1) -> float_type, {1, 256, 14, 14}, {50176, 196, 14, 1}: 0.00073424ms, 1%
main:@220 = broadcast[axis=1,out_lens={1, 256, 14, 14}](main:@213) -> float_type, {1, 256, 14, 14}, {0, 1, 0, 0}: 0.00079292ms, 1%
main:@221 = gpu::miopen_fusion[ops={{op=convolution[padding={1, 1, 1, 1},stride={1, 1},dilation={1, 1},group=1,padding_mode=0],alpha=1,beta=0}, {op=add,alpha=1,beta=0}, {op=relu,alpha=1,beta=0}}](main:@218,main:@214,main:@220,main:@219) -> float_type, {1, 256, 14, 14}, {50176, 196, 14, 1}: 0.0850433ms, 3%
main:@222 = load[offset=0,end=0](main:@1) -> int8_type, {0}, {1}: 0.00074636ms, 1%
main:@223 = load[offset=3010560,end=3813376](main:@1) -> float_type, {1, 1024, 14, 14}, {200704, 196, 14, 1}: 0.00059682ms, 1%
main:@224 = gpu::convolution[op={padding={0, 0, 0, 0},stride={1, 1},dilation={1, 1},group=1,padding_mode=0},solution_object={binary_object: 495},algo=0,int8_x4_format=0,solution_id=0](main:@221,main:@212,main:@222,main:@223) -> float_type, {1, 1024, 14, 14}, {200704, 196, 14, 1}: 0.0354326ms, 1%
main:@225 = load[offset=1404928,end=2207744](main:@1) -> float_type, {1, 1024, 14, 14}, {200704, 196, 14, 1}: 0.00076908ms, 1%
main:@226 = broadcast[axis=1,out_lens={1, 1024, 14, 14}](main:@207) -> float_type, {1, 1024, 14, 14}, {0, 1, 0, 0}: 0.0009397ms, 1%
main:@227 = gpu::code_object[code_object=13640,symbol_name=add_add_relu_kernel,global=100352,local=1024,](main:@224,main:@226,main:@206,main:@225) -> float_type, {1, 1024, 14, 14}, {200704, 196, 14, 1}: 0.0201375ms, 1%
main:@228 = hip::hip_copy_literal[id=main:@literal:37] -> float_type, {256, 1024, 1, 1}, {1024, 1, 1, 1}: 0.0007993ms, 1%
main:@229 = load[offset=401408,end=602112](main:@1) -> float_type, {1, 256, 14, 14}, {50176, 196, 14, 1}: 0.00064198ms, 1%
main:@230 = load[offset=0,end=0](main:@1) -> int8_type, {0}, {1}: 0.00062428ms, 1%
main:@231 = gpu::convolution[op={padding={0, 0, 0, 0},stride={1, 1},dilation={1, 1},group=1,padding_mode=0},solution_object={binary_object: 495},algo=0,int8_x4_format=0,solution_id=0](main:@227,main:@228,main:@230,main:@229) -> float_type, {1, 256, 14, 14}, {50176, 196, 14, 1}: 0.0442467ms, 2%
main:@232 = hip::hip_copy_literal[id=main:@literal:33] -> float_type, {1024, 256, 1, 1}, {256, 1, 1, 1}: 0.00080316ms, 1%
main:@233 = hip::hip_copy_literal[id=main:@literal:34] -> float_type, {256}, {1}: 0.0006168ms, 1%
main:@234 = hip::hip_copy_literal[id=main:@literal:35] -> float_type, {256, 256, 3, 3}, {2304, 9, 3, 1}: 0.00076152ms, 1%
main:@235 = hip::hip_copy_literal[id=main:@literal:36] -> float_type, {256}, {1}: 0.00059808ms, 1%
main:@236 = load[offset=200704,end=401408](main:@1) -> float_type, {1, 256, 14, 14}, {50176, 196, 14, 1}: 0.0006909ms, 1%
main:@237 = broadcast[axis=1,out_lens={1, 256, 14, 14}](main:@235) -> float_type, {1, 256, 14, 14}, {0, 1, 0, 0}: 0.00091888ms, 1%
main:@238 = gpu::code_object[code_object=13632,symbol_name=add_relu_kernel,global=25088,local=1024,](main:@231,main:@237,main:@236) -> float_type, {1, 256, 14, 14}, {50176, 196, 14, 1}: 0.0181145ms, 1%
main:@239 = broadcast[axis=1,out_lens={1, 256, 14, 14}](main:@233) -> float_type, {1, 256, 14, 14}, {0, 1, 0, 0}: 0.00090626ms, 1%
main:@240 = load[offset=0,end=200704](main:@1) -> float_type, {1, 256, 14, 14}, {50176, 196, 14, 1}: 0.00064718ms, 1%
main:@241 = gpu::miopen_fusion[ops={{op=convolution[padding={1, 1, 1, 1},stride={1, 1},dilation={1, 1},group=1,padding_mode=0],alpha=1,beta=0}, {op=add,alpha=1,beta=0}, {op=relu,alpha=1,beta=0}}](main:@238,main:@234,main:@239,main:@240) -> float_type, {1, 256, 14, 14}, {50176, 196, 14, 1}: 0.0848366ms, 3%
main:@242 = load[offset=2207744,end=3010560](main:@1) -> float_type, {1, 1024, 14, 14}, {200704, 196, 14, 1}: 0.00074118ms, 1%
main:@243 = load[offset=0,end=0](main:@1) -> int8_type, {0}, {1}: 0.00060574ms, 1%
main:@244 = gpu::convolution[op={padding={0, 0, 0, 0},stride={1, 1},dilation={1, 1},group=1,padding_mode=0},solution_object={binary_object: 495},algo=0,int8_x4_format=0,solution_id=0](main:@241,main:@232,main:@243,main:@242) -> float_type, {1, 1024, 14, 14}, {200704, 196, 14, 1}: 0.0353408ms, 1%
main:@245 = hip::hip_copy_literal[id=main:@literal:32] -> float_type, {1024}, {1}: 0.0008113ms, 1%
main:@246 = broadcast[axis=1,out_lens={1, 1024, 14, 14}](main:@245) -> float_type, {1, 1024, 14, 14}, {0, 1, 0, 0}: 0.0009563ms, 1%
main:@247 = load[offset=602112,end=1404928](main:@1) -> float_type, {1, 1024, 14, 14}, {200704, 196, 14, 1}: 0.0006823ms, 1%
main:@248 = gpu::code_object[code_object=13640,symbol_name=add_add_relu_kernel,global=100352,local=1024,](main:@244,main:@246,main:@227,main:@247) -> float_type, {1, 1024, 14, 14}, {200704, 196, 14, 1}: 0.0201887ms, 1%
main:@249 = hip::hip_copy_literal[id=main:@literal:31] -> float_type, {256, 1024, 1, 1}, {1024, 1, 1, 1}: 0.00073646ms, 1%
main:@250 = load[offset=0,end=0](main:@1) -> int8_type, {0}, {1}: 0.00068284ms, 1%
main:@251 = load[offset=401408,end=602112](main:@1) -> float_type, {1, 256, 14, 14}, {50176, 196, 14, 1}: 0.00061678ms, 1%
main:@252 = gpu::convolution[op={padding={0, 0, 0, 0},stride={1, 1},dilation={1, 1},group=1,padding_mode=0},solution_object={binary_object: 495},algo=0,int8_x4_format=0,solution_id=0](main:@248,main:@249,main:@250,main:@251) -> float_type, {1, 256, 14, 14}, {50176, 196, 14, 1}: 0.0440633ms, 2%
main:@253 = hip::hip_copy_literal[id=main:@literal:27] -> float_type, {1024, 256, 1, 1}, {256, 1, 1, 1}: 0.00076332ms, 1%
main:@254 = hip::hip_copy_literal[id=main:@literal:28] -> float_type, {256}, {1}: 0.00059554ms, 1%
main:@255 = hip::hip_copy_literal[id=main:@literal:29] -> float_type, {256, 256, 3, 3}, {2304, 9, 3, 1}: 0.00073984ms, 1%
main:@256 = hip::hip_copy_literal[id=main:@literal:30] -> float_type, {256}, {1}: 0.00057274ms, 1%
main:@257 = broadcast[axis=1,out_lens={1, 256, 14, 14}](main:@256) -> float_type, {1, 256, 14, 14}, {0, 1, 0, 0}: 0.00090208ms, 1%
main:@258 = load[offset=200704,end=401408](main:@1) -> float_type, {1, 256, 14, 14}, {50176, 196, 14, 1}: 0.00070016ms, 1%
main:@259 = gpu::code_object[code_object=13632,symbol_name=add_relu_kernel,global=25088,local=1024,](main:@252,main:@257,main:@258) -> float_type, {1, 256, 14, 14}, {50176, 196, 14, 1}: 0.0181656ms, 1%
main:@260 = load[offset=0,end=200704](main:@1) -> float_type, {1, 256, 14, 14}, {50176, 196, 14, 1}: 0.00075792ms, 1%
main:@261 = broadcast[axis=1,out_lens={1, 256, 14, 14}](main:@254) -> float_type, {1, 256, 14, 14}, {0, 1, 0, 0}: 0.00078566ms, 1%
main:@262 = gpu::miopen_fusion[ops={{op=convolution[padding={1, 1, 1, 1},stride={1, 1},dilation={1, 1},group=1,padding_mode=0],alpha=1,beta=0}, {op=add,alpha=1,beta=0}, {op=relu,alpha=1,beta=0}}](main:@259,main:@255,main:@261,main:@260) -> float_type, {1, 256, 14, 14}, {50176, 196, 14, 1}: 0.084861ms, 3%
main:@263 = load[offset=1404928,end=2207744](main:@1) -> float_type, {1, 1024, 14, 14}, {200704, 196, 14, 1}: 0.00074456ms, 1%
main:@264 = load[offset=0,end=0](main:@1) -> int8_type, {0}, {1}: 0.0006512ms, 1%
main:@265 = gpu::convolution[op={padding={0, 0, 0, 0},stride={1, 1},dilation={1, 1},group=1,padding_mode=0},solution_object={binary_object: 495},algo=0,int8_x4_format=0,solution_id=0](main:@262,main:@253,main:@264,main:@263) -> float_type, {1, 1024, 14, 14}, {200704, 196, 14, 1}: 0.035498ms, 1%
main:@266 = hip::hip_copy_literal[id=main:@literal:26] -> float_type, {1024}, {1}: 0.0008091ms, 1%
main:@267 = load[offset=2207744,end=3010560](main:@1) -> float_type, {1, 1024, 14, 14}, {200704, 196, 14, 1}: 0.00067024ms, 1%
main:@268 = broadcast[axis=1,out_lens={1, 1024, 14, 14}](main:@266) -> float_type, {1, 1024, 14, 14}, {0, 1, 0, 0}: 0.00093844ms, 1%
main:@269 = gpu::code_object[code_object=13640,symbol_name=add_add_relu_kernel,global=100352,local=1024,](main:@265,main:@268,main:@248,main:@267) -> float_type, {1, 1024, 14, 14}, {200704, 196, 14, 1}: 0.0202357ms, 1%
main:@270 = hip::hip_copy_literal[id=main:@literal:25] -> float_type, {512, 1024, 1, 1}, {1024, 1, 1, 1}: 0.00075914ms, 1%
main:@271 = load[offset=0,end=0](main:@1) -> int8_type, {0}, {1}: 0.00063106ms, 1%
main:@272 = load[offset=0,end=401408](main:@1) -> float_type, {1, 512, 14, 14}, {100352, 196, 14, 1}: 0.00061812ms, 1%
main:@273 = gpu::convolution[op={padding={0, 0, 0, 0},stride={1, 1},dilation={1, 1},group=1,padding_mode=0},solution_object={binary_object: 497},algo=0,int8_x4_format=0,solution_id=0](main:@269,main:@270,main:@271,main:@272) -> float_type, {1, 512, 14, 14}, {100352, 196, 14, 1}: 0.0567355ms, 2%
main:@274 = hip::hip_copy_literal[id=main:@literal:23] -> float_type, {512, 512, 3, 3}, {4608, 9, 3, 1}: 0.00075138ms, 1%
main:@275 = hip::hip_copy_literal[id=main:@literal:24] -> float_type, {512}, {1}: 0.00059762ms, 1%
main:@276 = load[offset=1003520,end=1404928](main:@1) -> float_type, {1, 512, 14, 14}, {100352, 196, 14, 1}: 0.0006609ms, 1%
main:@277 = broadcast[axis=1,out_lens={1, 512, 14, 14}](main:@275) -> float_type, {1, 512, 14, 14}, {0, 1, 0, 0}: 0.0009278ms, 1%
main:@278 = gpu::code_object[code_object=13632,symbol_name=add_relu_kernel,global=50176,local=1024,](main:@273,main:@277,main:@276) -> float_type, {1, 512, 14, 14}, {100352, 196, 14, 1}: 0.0185526ms, 1%
main:@279 = load[offset=0,end=903168](main:@1) -> int8_type, {903168}, {1}: 0.0007709ms, 1%
main:@280 = load[offset=1404928,end=1505280](main:@1) -> float_type, {1, 512, 7, 7}, {25088, 49, 7, 1}: 0.0006259ms, 1%
main:@281 = gpu::convolution[op={padding={1, 1, 1, 1},stride={2, 2},dilation={1, 1},group=1,padding_mode=0},solution_object={binary_object: 430},algo=0,int8_x4_format=0,solution_id=0](main:@278,main:@274,main:@279,main:@280) -> float_type, {1, 512, 7, 7}, {25088, 49, 7, 1}: 0.0878048ms, 3%
main:@282 = hip::hip_copy_literal[id=main:@literal:22] -> float_type, {512}, {1}: 0.0009687ms, 1%
main:@283 = hip::hip_copy_literal[id=main:@literal:3] -> float_type, {2048, 1536, 1, 1}, {1536, 1, 1, 1}: 0.0006741ms, 1%
main:@284 = load[offset=0,end=100352](main:@1) -> float_type, {1, 512, 7, 7}, {25088, 49, 7, 1}: 0.00081182ms, 1%
main:@285 = broadcast[axis=1,out_lens={1, 512, 7, 7}](main:@282) -> float_type, {1, 512, 7, 7}, {0, 1, 0, 0}: 0.00114024ms, 1%
main:@286 = gpu::code_object[code_object=13632,symbol_name=add_relu_kernel,global=25088,local=1024,](main:@281,main:@285,main:@284) -> float_type, {1, 512, 7, 7}, {25088, 49, 7, 1}: 0.0185819ms, 1%
main:@287 = load[offset=200704,end=501760](main:@1) -> float_type, {1, 1536, 7, 7}, {75264, 49, 7, 1}: 0.00075208ms, 1%
main:@288 = step[axes={2, 3},steps={2, 2}](main:@269) -> float_type, {1, 1024, 7, 7}, {200704, 196, 28, 2}: 0.00115482ms, 1%
main:@289 = gpu::code_object[code_object=13632,symbol_name=concat_kernel,global=37632,local=1024,](main:@286,main:@288,main:@287) -> float_type, {1, 1536, 7, 7}, {75264, 49, 7, 1}: 0.0189213ms, 1%
main:@290 = load[offset=0,end=0](main:@1) -> int8_type, {0}, {1}: 0.00078628ms, 1%
main:@291 = load[offset=702464,end=1103872](main:@1) -> float_type, {1, 2048, 7, 7}, {100352, 49, 7, 1}: 0.0006059ms, 1%
main:@292 = gpu::convolution[op={padding={0, 0, 0, 0},stride={1, 1},dilation={1, 1},group=1,padding_mode=0},solution_object={binary_object: 430},algo=0,int8_x4_format=0,solution_id=0](main:@289,main:@283,main:@290,main:@291) -> float_type, {1, 2048, 7, 7}, {100352, 49, 7, 1}: 0.0669748ms, 2%
main:@293 = hip::hip_copy_literal[id=main:@literal:9] -> float_type, {2048}, {1}: 0.00089968ms, 1%
main:@294 = load[offset=301056,end=702464](main:@1) -> float_type, {1, 2048, 7, 7}, {100352, 49, 7, 1}: 0.00071138ms, 1%
main:@295 = broadcast[axis=1,out_lens={1, 2048, 7, 7}](main:@293) -> float_type, {1, 2048, 7, 7}, {0, 1, 0, 0}: 0.001043ms, 1%
main:@296 = gpu::code_object[code_object=13632,symbol_name=add_relu_kernel,global=100352,local=1024,](main:@292,main:@295,main:@294) -> float_type, {1, 2048, 7, 7}, {100352, 49, 7, 1}: 0.0187701ms, 1%
main:@297 = hip::hip_copy_literal[id=main:@literal:21] -> float_type, {512, 2048, 1, 1}, {2048, 1, 1, 1}: 0.000767ms, 1%
main:@298 = load[offset=702464,end=1204224](main:@1) -> int8_type, {501760}, {1}: 0.0006619ms, 1%
main:@299 = load[offset=200704,end=301056](main:@1) -> float_type, {1, 512, 7, 7}, {25088, 49, 7, 1}: 0.00061422ms, 1%
main:@300 = gpu::convolution[op={padding={0, 0, 0, 0},stride={1, 1},dilation={1, 1},group=1,padding_mode=0},solution_object={binary_object: 555},algo=0,int8_x4_format=0,solution_id=0](main:@296,main:@297,main:@298,main:@299) -> float_type, {1, 512, 7, 7}, {25088, 49, 7, 1}: 0.05585ms, 2%
main:@301 = hip::hip_copy_literal[id=main:@literal:17] -> float_type, {2048, 512, 1, 1}, {512, 1, 1, 1}: 0.00079476ms, 1%
main:@302 = hip::hip_copy_literal[id=main:@literal:18] -> float_type, {512}, {1}: 0.00063026ms, 1%
main:@303 = hip::hip_copy_literal[id=main:@literal:19] -> float_type, {512, 512, 3, 3}, {4608, 9, 3, 1}: 0.00075126ms, 1%
main:@304 = hip::hip_copy_literal[id=main:@literal:20] -> float_type, {512}, {1}: 0.00059056ms, 1%
main:@305 = load[offset=100352,end=200704](main:@1) -> float_type, {1, 512, 7, 7}, {25088, 49, 7, 1}: 0.00067684ms, 1%
main:@306 = broadcast[axis=1,out_lens={1, 512, 7, 7}](main:@304) -> float_type, {1, 512, 7, 7}, {0, 1, 0, 0}: 0.00093596ms, 1%
main:@307 = gpu::code_object[code_object=13632,symbol_name=add_relu_kernel,global=25088,local=1024,](main:@300,main:@306,main:@305) -> float_type, {1, 512, 7, 7}, {25088, 49, 7, 1}: 0.0182525ms, 1%
main:@308 = broadcast[axis=1,out_lens={1, 512, 7, 7}](main:@302) -> float_type, {1, 512, 7, 7}, {0, 1, 0, 0}: 0.00092476ms, 1%
main:@309 = load[offset=0,end=100352](main:@1) -> float_type, {1, 512, 7, 7}, {25088, 49, 7, 1}: 0.00064112ms, 1%
main:@310 = gpu::miopen_fusion[ops={{op=convolution[padding={1, 1, 1, 1},stride={1, 1},dilation={1, 1},group=1,padding_mode=0],alpha=1,beta=0}, {op=add,alpha=1,beta=0}, {op=relu,alpha=1,beta=0}}](main:@307,main:@303,main:@308,main:@309) -> float_type, {1, 512, 7, 7}, {25088, 49, 7, 1}: 0.147101ms, 5%
main:@311 = load[offset=0,end=0](main:@1) -> int8_type, {0}, {1}: 0.00078968ms, 1%
main:@312 = load[offset=702464,end=1103872](main:@1) -> float_type, {1, 2048, 7, 7}, {100352, 49, 7, 1}: 0.00061874ms, 1%
main:@313 = gpu::convolution[op={padding={0, 0, 0, 0},stride={1, 1},dilation={1, 1},group=1,padding_mode=0},solution_object={binary_object: 493},algo=0,int8_x4_format=0,solution_id=0](main:@310,main:@301,main:@311,main:@312) -> float_type, {1, 2048, 7, 7}, {100352, 49, 7, 1}: 0.0442827ms, 2%
main:@314 = hip::hip_copy_literal[id=main:@literal:16] -> float_type, {2048}, {1}: 0.00086706ms, 1%
main:@315 = load[offset=1103872,end=1505280](main:@1) -> float_type, {1, 2048, 7, 7}, {100352, 49, 7, 1}: 0.00065148ms, 1%
main:@316 = broadcast[axis=1,out_lens={1, 2048, 7, 7}](main:@314) -> float_type, {1, 2048, 7, 7}, {0, 1, 0, 0}: 0.00098852ms, 1%
main:@317 = gpu::code_object[code_object=13640,symbol_name=add_add_relu_kernel,global=100352,local=1024,](main:@313,main:@316,main:@296,main:@315) -> float_type, {1, 2048, 7, 7}, {100352, 49, 7, 1}: 0.0196954ms, 1%
main:@318 = hip::hip_copy_literal[id=main:@literal:15] -> float_type, {512, 2048, 1, 1}, {2048, 1, 1, 1}: 0.0007456ms, 1%
main:@319 = load[offset=100352,end=602112](main:@1) -> int8_type, {501760}, {1}: 0.00063526ms, 1%
main:@320 = load[offset=0,end=100352](main:@1) -> float_type, {1, 512, 7, 7}, {25088, 49, 7, 1}: 0.00060836ms, 1%
main:@321 = gpu::convolution[op={padding={0, 0, 0, 0},stride={1, 1},dilation={1, 1},group=1,padding_mode=0},solution_object={binary_object: 555},algo=0,int8_x4_format=0,solution_id=0](main:@317,main:@318,main:@319,main:@320) -> float_type, {1, 512, 7, 7}, {25088, 49, 7, 1}: 0.0489039ms, 2%
main:@322 = hip::hip_copy_literal[id=main:@literal:11] -> float_type, {2048, 512, 1, 1}, {512, 1, 1, 1}: 0.00082682ms, 1%
main:@323 = hip::hip_copy_literal[id=main:@literal:12] -> float_type, {512}, {1}: 0.00061254ms, 1%
main:@324 = hip::hip_copy_literal[id=main:@literal:13] -> float_type, {512, 512, 3, 3}, {4608, 9, 3, 1}: 0.00079472ms, 1%
main:@325 = hip::hip_copy_literal[id=main:@literal:14] -> float_type, {512}, {1}: 0.00062754ms, 1%
main:@326 = load[offset=200704,end=301056](main:@1) -> float_type, {1, 512, 7, 7}, {25088, 49, 7, 1}: 0.00067726ms, 1%
main:@327 = broadcast[axis=1,out_lens={1, 512, 7, 7}](main:@325) -> float_type, {1, 512, 7, 7}, {0, 1, 0, 0}: 0.00092004ms, 1%
main:@328 = gpu::code_object[code_object=13632,symbol_name=add_relu_kernel,global=25088,local=1024,](main:@321,main:@327,main:@326) -> float_type, {1, 512, 7, 7}, {25088, 49, 7, 1}: 0.0182681ms, 1%
main:@329 = load[offset=100352,end=200704](main:@1) -> float_type, {1, 512, 7, 7}, {25088, 49, 7, 1}: 0.00073274ms, 1%
main:@330 = broadcast[axis=1,out_lens={1, 512, 7, 7}](main:@323) -> float_type, {1, 512, 7, 7}, {0, 1, 0, 0}: 0.00080232ms, 1%
main:@331 = gpu::miopen_fusion[ops={{op=convolution[padding={1, 1, 1, 1},stride={1, 1},dilation={1, 1},group=1,padding_mode=0],alpha=1,beta=0}, {op=add,alpha=1,beta=0}, {op=relu,alpha=1,beta=0}}](main:@328,main:@324,main:@330,main:@329) -> float_type, {1, 512, 7, 7}, {25088, 49, 7, 1}: 0.140774ms, 4%
main:@332 = load[offset=0,end=0](main:@1) -> int8_type, {0}, {1}: 0.00076284ms, 1%
main:@333 = load[offset=301056,end=702464](main:@1) -> float_type, {1, 2048, 7, 7}, {100352, 49, 7, 1}: 0.00060668ms, 1%
main:@334 = gpu::convolution[op={padding={0, 0, 0, 0},stride={1, 1},dilation={1, 1},group=1,padding_mode=0},solution_object={binary_object: 493},algo=0,int8_x4_format=0,solution_id=0](main:@331,main:@322,main:@332,main:@333) -> float_type, {1, 2048, 7, 7}, {100352, 49, 7, 1}: 0.0420293ms, 2%
main:@335 = hip::hip_copy_literal[id=main:@literal:10] -> float_type, {2048}, {1}: 0.00083174ms, 1%
main:@336 = hip::hip_copy_literal[id=main:@literal:1] -> float_type, {2048, 1000}, {1000, 1}: 0.0006624ms, 1%
main:@337 = hip::hip_copy_literal[id=main:@literal:0] -> float_type, {1, 1000}, {1000, 1}: 0.00056762ms, 1%
main:@338 = load[offset=1505280,end=1906688](main:@1) -> float_type, {1, 2048, 7, 7}, {100352, 49, 7, 1}: 0.00090208ms, 1%
main:@339 = broadcast[axis=1,out_lens={1, 2048, 7, 7}](main:@335) -> float_type, {1, 2048, 7, 7}, {0, 1, 0, 0}: 0.00084808ms, 1%
main:@340 = gpu::code_object[code_object=13640,symbol_name=add_add_relu_kernel,global=100352,local=1024,](main:@334,main:@339,main:@317,main:@338) -> float_type, {1, 2048, 7, 7}, {100352, 49, 7, 1}: 0.0196845ms, 1%
main:@341 = load[offset=0,end=8192](main:@1) -> float_type, {2048, 1}, {1, 1}: 0.00078328ms, 1%
main:@342 = reshape[dims={2048, -1}](main:@340) -> float_type, {2048, 49}, {49, 1}: 0.00130078ms, 1%
main:@343 = gpu::code_object[code_object=13640,symbol_name=reduce_mean_kernel,global=131072,local=64,](main:@342,main:@341) -> float_type, {2048, 1}, {1, 1}: 0.0174776ms, 1%
main:#output_0 = @param:main:#output_0 -> float_type, {1, 1000}, {1000, 1}: 0.00097592ms, 1%
main:@345 = reshape[dims={1, 2048, 1, 1}](main:@343) -> float_type, {1, 2048, 1, 1}, {2048, 1, 1, 1}: 0.00078804ms, 1%
main:@346 = flatten[axis=1](main:@345) -> float_type, {1, 2048}, {2048, 1}: 0.00106398ms, 1%
main:@347 = gpu::gemm[alpha=1,beta=1,int8_x4_format=0,compute_fp32=1,trans_batch=0](main:@346,main:@336,main:@337,main:#output_0) -> float_type, {1, 1000}, {1000, 1}: 0.0572033ms, 2%
main:@348 = @return(main:@347)
Summary:
gpu::miopen_fusion: 1.49112ms / 23 = 0.0648314ms, 41%
gpu::convolution: 1.229ms / 26 = 0.0472692ms, 34%
gpu::code_object::add_relu_kernel: 0.265863ms / 14 = 0.0189902ms, 8%
gpu::code_object::add_add_relu_kernel: 0.265248ms / 12 = 0.022104ms, 8%
gpu::code_object::concat_kernel: 0.0799709ms / 4 = 0.0199927ms, 3%
hip::hip_copy_literal: 0.0726632ms / 100 = 0.000726632ms, 2%
load: 0.0720074ms / 107 = 0.000672966ms, 2%
gpu::pooling: 0.06069ms / 1 = 0.06069ms, 2%
gpu::gemm: 0.0572033ms / 1 = 0.0572033ms, 2%
broadcast: 0.0451846ms / 49 = 0.000922134ms, 2%
gpu::code_object::reduce_mean_kernel: 0.0174776ms / 1 = 0.0174776ms, 1%
step: 0.0034897ms / 3 = 0.00116323ms, 1%
reshape: 0.00208882ms / 2 = 0.00104441ms, 1%
@param: 0.00155634ms / 2 = 0.00077817ms, 1%
hip::hip_allocate_memory: 0.00107148ms / 1 = 0.00107148ms, 1%
flatten: 0.00106398ms / 1 = 0.00106398ms, 1%
check_context::migraphx::gpu::context : 0.00104936ms / 1 = 0.00104936ms, 1%

Batch size: 1
Rate: 535.952/sec
Total time: 1.86584ms
Total instructions time: 3.66675ms
Overhead time: 0.0768101ms, -1.80091ms
Overhead: 4%, -97%
