Running [ MIGraphX Version: 2.9.0.13403ab26 ]: /src/AMDMIGraphX/build/bin/driver perf --gpu /new-saved-models/slim/mobilenet_i64.pb
Compiling ... 
Reading: /new-saved-models/slim/mobilenet_i64.pb
module: "main"
@0 = check_context::migraphx::gpu::context -> float_type, {}, {}, target_id=0
@1 = hip::hip_allocate_memory[shape=int8_type, {414728192}, {1},id=main:scratch] -> int8_type, {414728192}, {1}, target_id=0
@2 = hip::hip_copy_literal[id=main:@literal:14] -> float_type, {32, 3, 3, 3}, {27, 9, 3, 1}, target_id=0
@3 = load[offset=102760448,end=141640448](@1) -> float_type, {64, 3, 225, 225}, {151875, 50625, 225, 1}, target_id=0
input = @param:input -> float_type, {64, 3, 224, 224}, {150528, 50176, 224, 1}, target_id=0
@5 = gpu::code_object[code_object=3800,symbol_name=pad_kernel,global=307200,local=1024,](input,@3) -> float_type, {64, 3, 225, 225}, {151875, 50625, 225, 1}, target_id=0
@6 = load[offset=0,end=0](@1) -> int8_type, {0}, {1}, target_id=0
@7 = load[offset=0,end=102760448](@1) -> float_type, {64, 32, 112, 112}, {401408, 12544, 112, 1}, target_id=0
@8 = gpu::convolution[op={padding={0, 0, 0, 0},stride={2, 2},dilation={1, 1},group=1,padding_mode=0},solution_object={binary_object: 453},algo=0,solution_id=0](@5,@2,@6,@7) -> float_type, {64, 32, 112, 112}, {401408, 12544, 112, 1}, target_id=0
@9 = hip::hip_copy_literal[id=main:@literal:41] -> float_type, {32, 1, 1}, {1, 1, 1}, target_id=0
@10 = hip::hip_copy_literal[id=main:@literal:38] -> float_type, {32, 1, 3, 3}, {9, 9, 3, 1}, target_id=0
@11 = load[offset=205520896,end=308281344](@1) -> float_type, {64, 32, 112, 112}, {401408, 12544, 112, 1}, target_id=0
@12 = multibroadcast[out_lens={64, 32, 112, 112},out_dyn_dims={}](@9) -> float_type, {64, 32, 112, 112}, {0, 1, 0, 0}, target_id=0
@13 = gpu::code_object[code_object=3944,symbol_name=add_clip_kernel,global=3211264,local=1024,](@8,@12,@11) -> float_type, {64, 32, 112, 112}, {401408, 12544, 112, 1}, target_id=0
@14 = load[offset=0,end=0](@1) -> int8_type, {0}, {1}, target_id=0
@15 = load[offset=102760448,end=205520896](@1) -> float_type, {64, 32, 112, 112}, {401408, 12544, 112, 1}, target_id=0
@16 = gpu::convolution[op={padding={1, 1, 1, 1},stride={1, 1},dilation={1, 1},group=32,padding_mode=0},solution_object={binary_object: 446},algo=0,solution_id=0](@13,@10,@14,@15) -> float_type, {64, 32, 112, 112}, {401408, 12544, 112, 1}, target_id=0
@17 = hip::hip_copy_literal[id=main:@literal:11] -> float_type, {64, 32, 1, 1}, {32, 1, 1, 1}, target_id=0
@18 = hip::hip_copy_literal[id=main:@literal:32] -> float_type, {64, 1, 3, 3}, {9, 9, 3, 1}, target_id=0
@19 = hip::hip_copy_literal[id=main:@literal:33] -> float_type, {32, 1, 1}, {1, 1, 1}, target_id=0
@20 = hip::hip_copy_literal[id=main:@literal:31] -> float_type, {64, 1, 1}, {1, 1, 1}, target_id=0
@21 = load[offset=0,end=102760448](@1) -> float_type, {64, 32, 112, 112}, {401408, 12544, 112, 1}, target_id=0
@22 = multibroadcast[out_lens={64, 32, 112, 112},out_dyn_dims={}](@19) -> float_type, {64, 32, 112, 112}, {0, 1, 0, 0}, target_id=0
@23 = gpu::code_object[code_object=3944,symbol_name=add_clip_kernel,global=3211264,local=1024,](@16,@22,@21) -> float_type, {64, 32, 112, 112}, {401408, 12544, 112, 1}, target_id=0
@24 = load[offset=209207296,end=414728192](@1) -> float_type, {64, 64, 112, 112}, {802816, 12544, 112, 1}, target_id=0
@25 = multibroadcast[out_lens={64, 64, 112, 112},out_dyn_dims={}](@20) -> float_type, {64, 64, 112, 112}, {0, 1, 0, 0}, target_id=0
@26 = gpu::code_object[code_object=4952,symbol_name=mlir_convolution_add_clip,global=6422528,local=256,](@25,@23,@17,@24) -> float_type, {64, 64, 112, 112}, {802816, 12544, 112, 1}, target_id=0
@27 = load[offset=0,end=209207296](@1) -> float_type, {64, 64, 113, 113}, {817216, 12769, 113, 1}, target_id=0
@28 = gpu::code_object[code_object=3800,symbol_name=pad_kernel,global=307200,local=1024,](@26,@27) -> float_type, {64, 64, 113, 113}, {817216, 12769, 113, 1}, target_id=0
@29 = load[offset=0,end=0](@1) -> int8_type, {0}, {1}, target_id=0
@30 = load[offset=209207296,end=260587520](@1) -> float_type, {64, 64, 56, 56}, {200704, 3136, 56, 1}, target_id=0
@31 = gpu::convolution[op={padding={0, 0, 0, 0},stride={2, 2},dilation={1, 1},group=64,padding_mode=0},solution_object={binary_object: 490},algo=0,solution_id=0](@28,@18,@29,@30) -> float_type, {64, 64, 56, 56}, {200704, 3136, 56, 1}, target_id=0
@32 = hip::hip_copy_literal[id=main:@literal:42] -> float_type, {128, 1, 3, 3}, {9, 9, 3, 1}, target_id=0
@33 = hip::hip_copy_literal[id=main:@literal:36] -> float_type, {64, 1, 1}, {1, 1, 1}, target_id=0
@34 = hip::hip_copy_literal[id=main:@literal:43] -> float_type, {128, 1, 1}, {1, 1, 1}, target_id=0
@35 = hip::hip_copy_literal[id=main:@literal:10] -> float_type, {128, 64, 1, 1}, {64, 1, 1, 1}, target_id=0
@36 = multibroadcast[out_lens={64, 64, 56, 56},out_dyn_dims={}](@33) -> float_type, {64, 64, 56, 56}, {0, 1, 0, 0}, target_id=0
@37 = load[offset=102760448,end=154140672](@1) -> float_type, {64, 64, 56, 56}, {200704, 3136, 56, 1}, target_id=0
@38 = gpu::code_object[code_object=3936,symbol_name=add_clip_kernel,global=1605632,local=1024,](@31,@36,@37) -> float_type, {64, 64, 56, 56}, {200704, 3136, 56, 1}, target_id=0
@39 = load[offset=0,end=102760448](@1) -> float_type, {64, 128, 56, 56}, {401408, 3136, 56, 1}, target_id=0
@40 = multibroadcast[out_lens={64, 128, 56, 56},out_dyn_dims={}](@34) -> float_type, {64, 128, 56, 56}, {0, 1, 0, 0}, target_id=0
@41 = gpu::code_object[code_object=5616,symbol_name=mlir_convolution_add_clip,global=1605632,local=256,](@40,@38,@35,@39) -> float_type, {64, 128, 56, 56}, {401408, 3136, 56, 1}, target_id=0
@42 = load[offset=0,end=0](@1) -> int8_type, {0}, {1}, target_id=0
@43 = load[offset=154140672,end=256901120](@1) -> float_type, {64, 128, 56, 56}, {401408, 3136, 56, 1}, target_id=0
@44 = gpu::convolution[op={padding={1, 1, 1, 1},stride={1, 1},dilation={1, 1},group=128,padding_mode=0},solution_object={binary_object: 451},algo=0,solution_id=0](@41,@32,@42,@43) -> float_type, {64, 128, 56, 56}, {401408, 3136, 56, 1}, target_id=0
@45 = hip::hip_copy_literal[id=main:@literal:37] -> float_type, {128, 1, 1}, {1, 1, 1}, target_id=0
@46 = hip::hip_copy_literal[id=main:@literal:9] -> float_type, {128, 128, 1, 1}, {128, 1, 1, 1}, target_id=0
@47 = hip::hip_copy_literal[id=main:@literal:40] -> float_type, {128, 1, 1}, {1, 1, 1}, target_id=0
@48 = hip::hip_copy_literal[id=main:@literal:44] -> float_type, {128, 1, 3, 3}, {9, 9, 3, 1}, target_id=0
@49 = load[offset=0,end=102760448](@1) -> float_type, {64, 128, 56, 56}, {401408, 3136, 56, 1}, target_id=0
@50 = multibroadcast[out_lens={64, 128, 56, 56},out_dyn_dims={}](@47) -> float_type, {64, 128, 56, 56}, {0, 1, 0, 0}, target_id=0
@51 = gpu::code_object[code_object=3944,symbol_name=add_clip_kernel,global=3211264,local=1024,](@44,@50,@49) -> float_type, {64, 128, 56, 56}, {401408, 3136, 56, 1}, target_id=0
@52 = multibroadcast[out_lens={64, 128, 56, 56},out_dyn_dims={}](@45) -> float_type, {64, 128, 56, 56}, {0, 1, 0, 0}, target_id=0
@53 = load[offset=209223680,end=311984128](@1) -> float_type, {64, 128, 56, 56}, {401408, 3136, 56, 1}, target_id=0
@54 = gpu::code_object[code_object=5176,symbol_name=mlir_convolution_add_clip,global=1605632,local=256,](@52,@51,@46,@53) -> float_type, {64, 128, 56, 56}, {401408, 3136, 56, 1}, target_id=0
@55 = load[offset=102760448,end=209223680](@1) -> float_type, {64, 128, 57, 57}, {415872, 3249, 57, 1}, target_id=0
@56 = gpu::code_object[code_object=3792,symbol_name=pad_kernel,global=307200,local=1024,](@54,@55) -> float_type, {64, 128, 57, 57}, {415872, 3249, 57, 1}, target_id=0
@57 = load[offset=0,end=0](@1) -> int8_type, {0}, {1}, target_id=0
@58 = load[offset=0,end=25690112](@1) -> float_type, {64, 128, 28, 28}, {100352, 784, 28, 1}, target_id=0
@59 = gpu::convolution[op={padding={0, 0, 0, 0},stride={2, 2},dilation={1, 1},group=128,padding_mode=0},solution_object={binary_object: 450},algo=0,solution_id=0](@56,@48,@57,@58) -> float_type, {64, 128, 28, 28}, {100352, 784, 28, 1}, target_id=0
@60 = hip::hip_copy_literal[id=main:@literal:39] -> float_type, {256, 1, 1}, {1, 1, 1}, target_id=0
@61 = hip::hip_copy_literal[id=main:@literal:25] -> float_type, {256, 1, 3, 3}, {9, 9, 3, 1}, target_id=0
@62 = hip::hip_copy_literal[id=main:@literal:45] -> float_type, {128, 1, 1}, {1, 1, 1}, target_id=0
@63 = hip::hip_copy_literal[id=main:@literal:5] -> float_type, {256, 128, 1, 1}, {128, 1, 1, 1}, target_id=0
@64 = multibroadcast[out_lens={64, 128, 28, 28},out_dyn_dims={}](@62) -> float_type, {64, 128, 28, 28}, {0, 1, 0, 0}, target_id=0
@65 = load[offset=51380224,end=77070336](@1) -> float_type, {64, 128, 28, 28}, {100352, 784, 28, 1}, target_id=0
@66 = gpu::code_object[code_object=3944,symbol_name=add_clip_kernel,global=802816,local=1024,](@59,@64,@65) -> float_type, {64, 128, 28, 28}, {100352, 784, 28, 1}, target_id=0
@67 = load[offset=0,end=51380224](@1) -> float_type, {64, 256, 28, 28}, {200704, 784, 28, 1}, target_id=0
@68 = multibroadcast[out_lens={64, 256, 28, 28},out_dyn_dims={}](@60) -> float_type, {64, 256, 28, 28}, {0, 1, 0, 0}, target_id=0
@69 = gpu::code_object[code_object=5344,symbol_name=mlir_convolution_add_clip,global=802816,local=256,](@68,@66,@63,@67) -> float_type, {64, 256, 28, 28}, {200704, 784, 28, 1}, target_id=0
@70 = load[offset=0,end=0](@1) -> int8_type, {0}, {1}, target_id=0
@71 = load[offset=77070336,end=128450560](@1) -> float_type, {64, 256, 28, 28}, {200704, 784, 28, 1}, target_id=0
@72 = gpu::convolution[op={padding={1, 1, 1, 1},stride={1, 1},dilation={1, 1},group=256,padding_mode=0},solution_object={binary_object: 455},algo=0,solution_id=0](@69,@61,@70,@71) -> float_type, {64, 256, 28, 28}, {200704, 784, 28, 1}, target_id=0
@73 = hip::hip_copy_literal[id=main:@literal:0] -> float_type, {256, 256, 1, 1}, {256, 1, 1, 1}, target_id=0
@74 = hip::hip_copy_literal[id=main:@literal:24] -> float_type, {256, 1, 3, 3}, {9, 9, 3, 1}, target_id=0
@75 = hip::hip_copy_literal[id=main:@literal:26] -> float_type, {256, 1, 1}, {1, 1, 1}, target_id=0
@76 = hip::hip_copy_literal[id=main:@literal:29] -> float_type, {256, 1, 1}, {1, 1, 1}, target_id=0
@77 = load[offset=0,end=51380224](@1) -> float_type, {64, 256, 28, 28}, {200704, 784, 28, 1}, target_id=0
@78 = multibroadcast[out_lens={64, 256, 28, 28},out_dyn_dims={}](@76) -> float_type, {64, 256, 28, 28}, {0, 1, 0, 0}, target_id=0
@79 = gpu::code_object[code_object=3944,symbol_name=add_clip_kernel,global=1605632,local=1024,](@72,@78,@77) -> float_type, {64, 256, 28, 28}, {200704, 784, 28, 1}, target_id=0
@80 = multibroadcast[out_lens={64, 256, 28, 28},out_dyn_dims={}](@75) -> float_type, {64, 256, 28, 28}, {0, 1, 0, 0}, target_id=0
@81 = load[offset=106496000,end=157876224](@1) -> float_type, {64, 256, 28, 28}, {200704, 784, 28, 1}, target_id=0
@82 = gpu::code_object[code_object=5344,symbol_name=mlir_convolution_add_clip,global=802816,local=256,](@80,@79,@73,@81) -> float_type, {64, 256, 28, 28}, {200704, 784, 28, 1}, target_id=0
@83 = load[offset=51380224,end=106496000](@1) -> float_type, {64, 256, 29, 29}, {215296, 841, 29, 1}, target_id=0
@84 = gpu::code_object[code_object=3784,symbol_name=pad_kernel,global=307200,local=1024,](@82,@83) -> float_type, {64, 256, 29, 29}, {215296, 841, 29, 1}, target_id=0
@85 = load[offset=0,end=0](@1) -> int8_type, {0}, {1}, target_id=0
@86 = load[offset=0,end=12845056](@1) -> float_type, {64, 256, 14, 14}, {50176, 196, 14, 1}, target_id=0
@87 = gpu::convolution[op={padding={0, 0, 0, 0},stride={2, 2},dilation={1, 1},group=256,padding_mode=0},solution_object={binary_object: 449},algo=0,solution_id=0](@84,@74,@85,@86) -> float_type, {64, 256, 14, 14}, {50176, 196, 14, 1}, target_id=0
@88 = hip::hip_copy_literal[id=main:@literal:3] -> float_type, {512, 256, 1, 1}, {256, 1, 1, 1}, target_id=0
@89 = hip::hip_copy_literal[id=main:@literal:20] -> float_type, {512, 1, 1}, {1, 1, 1}, target_id=0
@90 = hip::hip_copy_literal[id=main:@literal:22] -> float_type, {256, 1, 1}, {1, 1, 1}, target_id=0
@91 = hip::hip_copy_literal[id=main:@literal:27] -> float_type, {512, 1, 3, 3}, {9, 9, 3, 1}, target_id=0
@92 = load[offset=25690112,end=38535168](@1) -> float_type, {64, 256, 14, 14}, {50176, 196, 14, 1}, target_id=0
@93 = multibroadcast[out_lens={64, 256, 14, 14},out_dyn_dims={}](@90) -> float_type, {64, 256, 14, 14}, {0, 1, 0, 0}, target_id=0
@94 = gpu::code_object[code_object=3872,symbol_name=add_clip_kernel,global=802816,local=1024,](@87,@93,@92) -> float_type, {64, 256, 14, 14}, {50176, 196, 14, 1}, target_id=0
@95 = load[offset=0,end=25690112](@1) -> float_type, {64, 512, 14, 14}, {100352, 196, 14, 1}, target_id=0
@96 = multibroadcast[out_lens={64, 512, 14, 14},out_dyn_dims={}](@89) -> float_type, {64, 512, 14, 14}, {0, 1, 0, 0}, target_id=0
@97 = gpu::code_object[code_object=5896,symbol_name=mlir_convolution_add_clip,global=401408,local=256,](@96,@94,@88,@95) -> float_type, {64, 512, 14, 14}, {100352, 196, 14, 1}, target_id=0
@98 = load[offset=0,end=0](@1) -> int8_type, {0}, {1}, target_id=0
@99 = load[offset=38535168,end=64225280](@1) -> float_type, {64, 512, 14, 14}, {100352, 196, 14, 1}, target_id=0
@100 = gpu::convolution[op={padding={1, 1, 1, 1},stride={1, 1},dilation={1, 1},group=512,padding_mode=0},solution_object={binary_object: 451},algo=0,solution_id=0](@97,@91,@98,@99) -> float_type, {64, 512, 14, 14}, {100352, 196, 14, 1}, target_id=0
@101 = hip::hip_copy_literal[id=main:@literal:19] -> float_type, {512, 1, 1}, {1, 1, 1}, target_id=0
@102 = hip::hip_copy_literal[id=main:@literal:35] -> float_type, {512, 1, 1}, {1, 1, 1}, target_id=0
@103 = hip::hip_copy_literal[id=main:@literal:4] -> float_type, {512, 512, 1, 1}, {512, 1, 1, 1}, target_id=0
@104 = hip::hip_copy_literal[id=main:@literal:16] -> float_type, {512, 1, 3, 3}, {9, 9, 3, 1}, target_id=0
@105 = load[offset=0,end=25690112](@1) -> float_type, {64, 512, 14, 14}, {100352, 196, 14, 1}, target_id=0
@106 = multibroadcast[out_lens={64, 512, 14, 14},out_dyn_dims={}](@102) -> float_type, {64, 512, 14, 14}, {0, 1, 0, 0}, target_id=0
@107 = gpu::code_object[code_object=3872,symbol_name=add_clip_kernel,global=1605632,local=1024,](@100,@106,@105) -> float_type, {64, 512, 14, 14}, {100352, 196, 14, 1}, target_id=0
@108 = load[offset=51380224,end=77070336](@1) -> float_type, {64, 512, 14, 14}, {100352, 196, 14, 1}, target_id=0
@109 = multibroadcast[out_lens={64, 512, 14, 14},out_dyn_dims={}](@101) -> float_type, {64, 512, 14, 14}, {0, 1, 0, 0}, target_id=0
@110 = gpu::code_object[code_object=6560,symbol_name=mlir_convolution_add_clip,global=200704,local=256,](@109,@107,@103,@108) -> float_type, {64, 512, 14, 14}, {100352, 196, 14, 1}, target_id=0
@111 = load[offset=0,end=0](@1) -> int8_type, {0}, {1}, target_id=0
@112 = load[offset=25690112,end=51380224](@1) -> float_type, {64, 512, 14, 14}, {100352, 196, 14, 1}, target_id=0
@113 = gpu::convolution[op={padding={1, 1, 1, 1},stride={1, 1},dilation={1, 1},group=512,padding_mode=0},solution_object={binary_object: 451},algo=0,solution_id=0](@110,@104,@111,@112) -> float_type, {64, 512, 14, 14}, {100352, 196, 14, 1}, target_id=0
@114 = hip::hip_copy_literal[id=main:@literal:15] -> float_type, {512, 1, 1}, {1, 1, 1}, target_id=0
@115 = hip::hip_copy_literal[id=main:@literal:2] -> float_type, {512, 512, 1, 1}, {512, 1, 1, 1}, target_id=0
@116 = hip::hip_copy_literal[id=main:@literal:34] -> float_type, {512, 1, 1}, {1, 1, 1}, target_id=0
@117 = hip::hip_copy_literal[id=main:@literal:30] -> float_type, {512, 1, 3, 3}, {9, 9, 3, 1}, target_id=0
@118 = load[offset=0,end=25690112](@1) -> float_type, {64, 512, 14, 14}, {100352, 196, 14, 1}, target_id=0
@119 = multibroadcast[out_lens={64, 512, 14, 14},out_dyn_dims={}](@114) -> float_type, {64, 512, 14, 14}, {0, 1, 0, 0}, target_id=0
@120 = gpu::code_object[code_object=3872,symbol_name=add_clip_kernel,global=1605632,local=1024,](@113,@119,@118) -> float_type, {64, 512, 14, 14}, {100352, 196, 14, 1}, target_id=0
@121 = multibroadcast[out_lens={64, 512, 14, 14},out_dyn_dims={}](@116) -> float_type, {64, 512, 14, 14}, {0, 1, 0, 0}, target_id=0
@122 = load[offset=51380224,end=77070336](@1) -> float_type, {64, 512, 14, 14}, {100352, 196, 14, 1}, target_id=0
@123 = gpu::code_object[code_object=6560,symbol_name=mlir_convolution_add_clip,global=200704,local=256,](@121,@120,@115,@122) -> float_type, {64, 512, 14, 14}, {100352, 196, 14, 1}, target_id=0
@124 = load[offset=0,end=0](@1) -> int8_type, {0}, {1}, target_id=0
@125 = load[offset=25690112,end=51380224](@1) -> float_type, {64, 512, 14, 14}, {100352, 196, 14, 1}, target_id=0
@126 = gpu::convolution[op={padding={1, 1, 1, 1},stride={1, 1},dilation={1, 1},group=512,padding_mode=0},solution_object={binary_object: 451},algo=0,solution_id=0](@123,@117,@124,@125) -> float_type, {64, 512, 14, 14}, {100352, 196, 14, 1}, target_id=0
@127 = hip::hip_copy_literal[id=main:@literal:7] -> float_type, {512, 512, 1, 1}, {512, 1, 1, 1}, target_id=0
@128 = hip::hip_copy_literal[id=main:@literal:17] -> float_type, {512, 1, 1}, {1, 1, 1}, target_id=0
@129 = hip::hip_copy_literal[id=main:@literal:21] -> float_type, {512, 1, 3, 3}, {9, 9, 3, 1}, target_id=0
@130 = hip::hip_copy_literal[id=main:@literal:28] -> float_type, {512, 1, 1}, {1, 1, 1}, target_id=0
@131 = load[offset=0,end=25690112](@1) -> float_type, {64, 512, 14, 14}, {100352, 196, 14, 1}, target_id=0
@132 = multibroadcast[out_lens={64, 512, 14, 14},out_dyn_dims={}](@128) -> float_type, {64, 512, 14, 14}, {0, 1, 0, 0}, target_id=0
@133 = gpu::code_object[code_object=3872,symbol_name=add_clip_kernel,global=1605632,local=1024,](@126,@132,@131) -> float_type, {64, 512, 14, 14}, {100352, 196, 14, 1}, target_id=0
@134 = load[offset=51380224,end=77070336](@1) -> float_type, {64, 512, 14, 14}, {100352, 196, 14, 1}, target_id=0
@135 = multibroadcast[out_lens={64, 512, 14, 14},out_dyn_dims={}](@130) -> float_type, {64, 512, 14, 14}, {0, 1, 0, 0}, target_id=0
@136 = gpu::code_object[code_object=6560,symbol_name=mlir_convolution_add_clip,global=200704,local=256,](@135,@133,@127,@134) -> float_type, {64, 512, 14, 14}, {100352, 196, 14, 1}, target_id=0
@137 = load[offset=0,end=0](@1) -> int8_type, {0}, {1}, target_id=0
@138 = load[offset=25690112,end=51380224](@1) -> float_type, {64, 512, 14, 14}, {100352, 196, 14, 1}, target_id=0
@139 = gpu::convolution[op={padding={1, 1, 1, 1},stride={1, 1},dilation={1, 1},group=512,padding_mode=0},solution_object={binary_object: 451},algo=0,solution_id=0](@136,@129,@137,@138) -> float_type, {64, 512, 14, 14}, {100352, 196, 14, 1}, target_id=0
@140 = hip::hip_copy_literal[id=main:@literal:53] -> float_type, {1024, 1, 3, 3}, {9, 9, 3, 1}, target_id=0
@141 = hip::hip_copy_literal[id=main:@literal:55] -> float_type, {1001}, {1}, target_id=0
@142 = hip::hip_copy_literal[id=main:@literal:8] -> float_type, {1024, 1024, 1, 1}, {1024, 1, 1, 1}, target_id=0
@143 = hip::hip_copy_literal[id=main:@literal:50] -> float_type, {512, 1, 3, 3}, {9, 9, 3, 1}, target_id=0
@144 = hip::hip_copy_literal[id=main:@literal:48] -> float_type, {512, 1, 1}, {1, 1, 1}, target_id=0
@145 = hip::hip_copy_literal[id=main:@literal:46] -> float_type, {512, 1, 1}, {1, 1, 1}, target_id=0
@146 = hip::hip_copy_literal[id=main:@literal:49] -> float_type, {512, 1, 3, 3}, {9, 9, 3, 1}, target_id=0
@147 = hip::hip_copy_literal[id=main:@literal:47] -> float_type, {512, 1, 1}, {1, 1, 1}, target_id=0
@148 = hip::hip_copy_literal[id=main:@literal:23] -> float_type, {512, 1, 1}, {1, 1, 1}, target_id=0
@149 = hip::hip_copy_literal[id=main:@literal:1] -> float_type, {512, 512, 1, 1}, {512, 1, 1, 1}, target_id=0
@150 = hip::hip_copy_literal[id=main:@literal:18] -> float_type, {512, 1, 1}, {1, 1, 1}, target_id=0
@151 = hip::hip_copy_literal[id=main:@literal:6] -> float_type, {512, 512, 1, 1}, {512, 1, 1, 1}, target_id=0
@152 = hip::hip_copy_literal[id=main:@literal:52] -> float_type, {1024, 1, 1}, {1, 1, 1}, target_id=0
@153 = hip::hip_copy_literal[id=main:@literal:54] -> float_type, {1024, 1, 1}, {1, 1, 1}, target_id=0
@154 = hip::hip_copy_literal[id=main:@literal:13] -> float_type, {1001, 1024, 1, 1}, {1024, 1, 1, 1}, target_id=0
@155 = hip::hip_copy_literal[id=main:@literal:51] -> float_type, {1024, 1, 1}, {1, 1, 1}, target_id=0
@156 = hip::hip_copy_literal[id=main:@literal:12] -> float_type, {1024, 512, 1, 1}, {512, 1, 1, 1}, target_id=0
@157 = multibroadcast[out_lens={64, 512, 14, 14},out_dyn_dims={}](@147) -> float_type, {64, 512, 14, 14}, {0, 1, 0, 0}, target_id=0
@158 = load[offset=0,end=25690112](@1) -> float_type, {64, 512, 14, 14}, {100352, 196, 14, 1}, target_id=0
@159 = gpu::code_object[code_object=3872,symbol_name=add_clip_kernel,global=1605632,local=1024,](@139,@157,@158) -> float_type, {64, 512, 14, 14}, {100352, 196, 14, 1}, target_id=0
@160 = multibroadcast[out_lens={64, 512, 14, 14},out_dyn_dims={}](@144) -> float_type, {64, 512, 14, 14}, {0, 1, 0, 0}, target_id=0
@161 = load[offset=51380224,end=77070336](@1) -> float_type, {64, 512, 14, 14}, {100352, 196, 14, 1}, target_id=0
@162 = gpu::code_object[code_object=6560,symbol_name=mlir_convolution_add_clip,global=200704,local=256,](@160,@159,@149,@161) -> float_type, {64, 512, 14, 14}, {100352, 196, 14, 1}, target_id=0
@163 = load[offset=0,end=0](@1) -> int8_type, {0}, {1}, target_id=0
@164 = load[offset=25690112,end=51380224](@1) -> float_type, {64, 512, 14, 14}, {100352, 196, 14, 1}, target_id=0
@165 = gpu::convolution[op={padding={1, 1, 1, 1},stride={1, 1},dilation={1, 1},group=512,padding_mode=0},solution_object={binary_object: 451},algo=0,solution_id=0](@162,@146,@163,@164) -> float_type, {64, 512, 14, 14}, {100352, 196, 14, 1}, target_id=0
@166 = multibroadcast[out_lens={64, 512, 14, 14},out_dyn_dims={}](@145) -> float_type, {64, 512, 14, 14}, {0, 1, 0, 0}, target_id=0
@167 = load[offset=0,end=25690112](@1) -> float_type, {64, 512, 14, 14}, {100352, 196, 14, 1}, target_id=0
@168 = gpu::code_object[code_object=3872,symbol_name=add_clip_kernel,global=1605632,local=1024,](@165,@166,@167) -> float_type, {64, 512, 14, 14}, {100352, 196, 14, 1}, target_id=0
@169 = multibroadcast[out_lens={64, 512, 14, 14},out_dyn_dims={}](@150) -> float_type, {64, 512, 14, 14}, {0, 1, 0, 0}, target_id=0
@170 = load[offset=55181312,end=80871424](@1) -> float_type, {64, 512, 14, 14}, {100352, 196, 14, 1}, target_id=0
@171 = gpu::code_object[code_object=6560,symbol_name=mlir_convolution_add_clip,global=200704,local=256,](@169,@168,@151,@170) -> float_type, {64, 512, 14, 14}, {100352, 196, 14, 1}, target_id=0
@172 = load[offset=25690112,end=55181312](@1) -> float_type, {64, 512, 15, 15}, {115200, 225, 15, 1}, target_id=0
@173 = gpu::code_object[code_object=3784,symbol_name=pad_kernel,global=307200,local=1024,](@171,@172) -> float_type, {64, 512, 15, 15}, {115200, 225, 15, 1}, target_id=0
@174 = load[offset=0,end=0](@1) -> int8_type, {0}, {1}, target_id=0
@175 = load[offset=0,end=6422528](@1) -> float_type, {64, 512, 7, 7}, {25088, 49, 7, 1}, target_id=0
@176 = gpu::convolution[op={padding={0, 0, 0, 0},stride={2, 2},dilation={1, 1},group=512,padding_mode=0},solution_object={binary_object: 446},algo=0,solution_id=0](@173,@143,@174,@175) -> float_type, {64, 512, 7, 7}, {25088, 49, 7, 1}, target_id=0
@177 = load[offset=12845056,end=19267584](@1) -> float_type, {64, 512, 7, 7}, {25088, 49, 7, 1}, target_id=0
@178 = multibroadcast[out_lens={64, 512, 7, 7},out_dyn_dims={}](@148) -> float_type, {64, 512, 7, 7}, {0, 1, 0, 0}, target_id=0
@179 = gpu::code_object[code_object=3832,symbol_name=add_clip_kernel,global=1605632,local=1024,](@176,@178,@177) -> float_type, {64, 512, 7, 7}, {25088, 49, 7, 1}, target_id=0
@180 = multibroadcast[out_lens={64, 1024, 7, 7},out_dyn_dims={}](@155) -> float_type, {64, 1024, 7, 7}, {0, 1, 0, 0}, target_id=0
@181 = load[offset=0,end=12845056](@1) -> float_type, {64, 1024, 7, 7}, {50176, 49, 7, 1}, target_id=0
@182 = gpu::code_object[code_object=5424,symbol_name=mlir_convolution_add_clip,global=200704,local=256,](@180,@179,@156,@181) -> float_type, {64, 1024, 7, 7}, {50176, 49, 7, 1}, target_id=0
@183 = load[offset=0,end=0](@1) -> int8_type, {0}, {1}, target_id=0
@184 = load[offset=25952256,end=38797312](@1) -> float_type, {64, 1024, 7, 7}, {50176, 49, 7, 1}, target_id=0
@185 = gpu::convolution[op={padding={1, 1, 1, 1},stride={1, 1},dilation={1, 1},group=1024,padding_mode=0},solution_object={binary_object: 443},algo=0,solution_id=0](@182,@140,@183,@184) -> float_type, {64, 1024, 7, 7}, {50176, 49, 7, 1}, target_id=0
@186 = load[offset=13107200,end=25952256](@1) -> float_type, {64, 1024, 7, 7}, {50176, 49, 7, 1}, target_id=0
@187 = multibroadcast[out_lens={64, 1024, 7, 7},out_dyn_dims={}](@153) -> float_type, {64, 1024, 7, 7}, {0, 1, 0, 0}, target_id=0
@188 = gpu::code_object[code_object=3864,symbol_name=add_clip_kernel,global=3211264,local=1024,](@185,@187,@186) -> float_type, {64, 1024, 7, 7}, {50176, 49, 7, 1}, target_id=0
@189 = load[offset=262144,end=13107200](@1) -> float_type, {64, 1024, 7, 7}, {50176, 49, 7, 1}, target_id=0
@190 = multibroadcast[out_lens={64, 1024, 7, 7},out_dyn_dims={}](@152) -> float_type, {64, 1024, 7, 7}, {0, 1, 0, 0}, target_id=0
@191 = gpu::code_object[code_object=6080,symbol_name=mlir_convolution_add_clip,global=200704,local=256,](@190,@188,@142,@189) -> float_type, {64, 1024, 7, 7}, {50176, 49, 7, 1}, target_id=0
@192 = load[offset=13107200,end=13369344](@1) -> float_type, {64, 1024, 1, 1}, {1024, 1, 1, 1}, target_id=0
@193 = gpu::pooling[mode=average,padding={0, 0, 0, 0},padding_mode=0,stride={2, 2},lengths={7, 7},ceil_mode=0,lp_order=2,dyn_global=0](@191,@192) -> float_type, {64, 1024, 1, 1}, {1024, 1, 1, 1}, target_id=0
@194 = broadcast[axis=1,out_lens={64, 1001, 1, 1}](@141) -> float_type, {64, 1001, 1, 1}, {0, 1, 0, 0}, target_id=0
@195 = load[offset=0,end=256256](@1) -> float_type, {64, 1001, 1, 1}, {1001, 1, 1, 1}, target_id=0
@196 = gpu::code_object[code_object=5568,symbol_name=mlir_convolution_add,global=16384,local=256,](@194,@193,@154,@195) -> float_type, {64, 1001, 1, 1}, {1001, 1, 1, 1}, target_id=0
main:#output_0 = @param:main:#output_0 -> float_type, {64, 1001}, {1001, 1}, target_id=0
@198 = transpose[permutation={0, 2, 3, 1}](@196) -> float_type, {64, 1, 1, 1001}, {1001, 1, 1, 1}, target_id=0
@199 = squeeze[axes={1, 2}](@198) -> float_type, {64, 1001}, {1001, 1}, target_id=0
@200 = gpu::code_object[code_object=5096,symbol_name=softmax_kernel,global=16384,local=256,](@199,main:#output_0) -> float_type, {64, 1001}, {1001, 1}, target_id=0
@201 = @return(@200), target_id=0


Allocating params ... 
Running performance report ... 
@0 = check_context::migraphx::gpu::context -> float_type, {}, {}, target_id=0: 0.00086512ms, 1%
@1 = hip::hip_allocate_memory[shape=int8_type, {414728192}, {1},id=main:scratch] -> int8_type, {414728192}, {1}, target_id=0: 0.00082444ms, 1%
@2 = hip::hip_copy_literal[id=main:@literal:14] -> float_type, {32, 3, 3, 3}, {27, 9, 3, 1}, target_id=0: 0.00079974ms, 1%
@3 = load[offset=102760448,end=141640448](@1) -> float_type, {64, 3, 225, 225}, {151875, 50625, 225, 1}, target_id=0: 0.00068826ms, 1%
input = @param:input -> float_type, {64, 3, 224, 224}, {150528, 50176, 224, 1}, target_id=0: 0.00044514ms, 1%
@5 = gpu::code_object[code_object=3800,symbol_name=pad_kernel,global=307200,local=1024,](input,@3) -> float_type, {64, 3, 225, 225}, {151875, 50625, 225, 1}, target_id=0: 0.121278ms, 2%
@6 = load[offset=0,end=0](@1) -> int8_type, {0}, {1}, target_id=0: 0.00080084ms, 1%
@7 = load[offset=0,end=102760448](@1) -> float_type, {64, 32, 112, 112}, {401408, 12544, 112, 1}, target_id=0: 0.00060674ms, 1%
@8 = gpu::convolution[op={padding={0, 0, 0, 0},stride={2, 2},dilation={1, 1},group=1,padding_mode=0},solution_object={binary_object: 453},algo=0,solution_id=0](@5,@2,@6,@7) -> float_type, {64, 32, 112, 112}, {401408, 12544, 112, 1}, target_id=0: 0.192357ms, 3%
@9 = hip::hip_copy_literal[id=main:@literal:41] -> float_type, {32, 1, 1}, {1, 1, 1}, target_id=0: 0.00087636ms, 1%
@10 = hip::hip_copy_literal[id=main:@literal:38] -> float_type, {32, 1, 3, 3}, {9, 9, 3, 1}, target_id=0: 0.00061872ms, 1%
@11 = load[offset=205520896,end=308281344](@1) -> float_type, {64, 32, 112, 112}, {401408, 12544, 112, 1}, target_id=0: 0.00068476ms, 1%
@12 = multibroadcast[out_lens={64, 32, 112, 112},out_dyn_dims={}](@9) -> float_type, {64, 32, 112, 112}, {0, 1, 0, 0}, target_id=0: 0.00117352ms, 1%
@13 = gpu::code_object[code_object=3944,symbol_name=add_clip_kernel,global=3211264,local=1024,](@8,@12,@11) -> float_type, {64, 32, 112, 112}, {401408, 12544, 112, 1}, target_id=0: 0.224308ms, 3%
@14 = load[offset=0,end=0](@1) -> int8_type, {0}, {1}, target_id=0: 0.00081466ms, 1%
@15 = load[offset=102760448,end=205520896](@1) -> float_type, {64, 32, 112, 112}, {401408, 12544, 112, 1}, target_id=0: 0.00064754ms, 1%
@16 = gpu::convolution[op={padding={1, 1, 1, 1},stride={1, 1},dilation={1, 1},group=32,padding_mode=0},solution_object={binary_object: 446},algo=0,solution_id=0](@13,@10,@14,@15) -> float_type, {64, 32, 112, 112}, {401408, 12544, 112, 1}, target_id=0: 0.271066ms, 4%
@17 = hip::hip_copy_literal[id=main:@literal:11] -> float_type, {64, 32, 1, 1}, {32, 1, 1, 1}, target_id=0: 0.00084906ms, 1%
@18 = hip::hip_copy_literal[id=main:@literal:32] -> float_type, {64, 1, 3, 3}, {9, 9, 3, 1}, target_id=0: 0.00059676ms, 1%
@19 = hip::hip_copy_literal[id=main:@literal:33] -> float_type, {32, 1, 1}, {1, 1, 1}, target_id=0: 0.00072148ms, 1%
@20 = hip::hip_copy_literal[id=main:@literal:31] -> float_type, {64, 1, 1}, {1, 1, 1}, target_id=0: 0.00062672ms, 1%
@21 = load[offset=0,end=102760448](@1) -> float_type, {64, 32, 112, 112}, {401408, 12544, 112, 1}, target_id=0: 0.0006917ms, 1%
@22 = multibroadcast[out_lens={64, 32, 112, 112},out_dyn_dims={}](@19) -> float_type, {64, 32, 112, 112}, {0, 1, 0, 0}, target_id=0: 0.00098702ms, 1%
@23 = gpu::code_object[code_object=3944,symbol_name=add_clip_kernel,global=3211264,local=1024,](@16,@22,@21) -> float_type, {64, 32, 112, 112}, {401408, 12544, 112, 1}, target_id=0: 0.22478ms, 3%
@24 = load[offset=209207296,end=414728192](@1) -> float_type, {64, 64, 112, 112}, {802816, 12544, 112, 1}, target_id=0: 0.00078498ms, 1%
@25 = multibroadcast[out_lens={64, 64, 112, 112},out_dyn_dims={}](@20) -> float_type, {64, 64, 112, 112}, {0, 1, 0, 0}, target_id=0: 0.0007841ms, 1%
@26 = gpu::code_object[code_object=4952,symbol_name=mlir_convolution_add_clip,global=6422528,local=256,](@25,@23,@17,@24) -> float_type, {64, 64, 112, 112}, {802816, 12544, 112, 1}, target_id=0: 0.348801ms, 5%
@27 = load[offset=0,end=209207296](@1) -> float_type, {64, 64, 113, 113}, {817216, 12769, 113, 1}, target_id=0: 0.0007899ms, 1%
@28 = gpu::code_object[code_object=3800,symbol_name=pad_kernel,global=307200,local=1024,](@26,@27) -> float_type, {64, 64, 113, 113}, {817216, 12769, 113, 1}, target_id=0: 0.543151ms, 7%
@29 = load[offset=0,end=0](@1) -> int8_type, {0}, {1}, target_id=0: 0.00079352ms, 1%
@30 = load[offset=209207296,end=260587520](@1) -> float_type, {64, 64, 56, 56}, {200704, 3136, 56, 1}, target_id=0: 0.00062224ms, 1%
@31 = gpu::convolution[op={padding={0, 0, 0, 0},stride={2, 2},dilation={1, 1},group=64,padding_mode=0},solution_object={binary_object: 490},algo=0,solution_id=0](@28,@18,@29,@30) -> float_type, {64, 64, 56, 56}, {200704, 3136, 56, 1}, target_id=0: 0.364383ms, 5%
@32 = hip::hip_copy_literal[id=main:@literal:42] -> float_type, {128, 1, 3, 3}, {9, 9, 3, 1}, target_id=0: 0.00079614ms, 1%
@33 = hip::hip_copy_literal[id=main:@literal:36] -> float_type, {64, 1, 1}, {1, 1, 1}, target_id=0: 0.0005886ms, 1%
@34 = hip::hip_copy_literal[id=main:@literal:43] -> float_type, {128, 1, 1}, {1, 1, 1}, target_id=0: 0.000765ms, 1%
@35 = hip::hip_copy_literal[id=main:@literal:10] -> float_type, {128, 64, 1, 1}, {64, 1, 1, 1}, target_id=0: 0.00055952ms, 1%
@36 = multibroadcast[out_lens={64, 64, 56, 56},out_dyn_dims={}](@33) -> float_type, {64, 64, 56, 56}, {0, 1, 0, 0}, target_id=0: 0.0010081ms, 1%
@37 = load[offset=102760448,end=154140672](@1) -> float_type, {64, 64, 56, 56}, {200704, 3136, 56, 1}, target_id=0: 0.0006775ms, 1%
@38 = gpu::code_object[code_object=3936,symbol_name=add_clip_kernel,global=1605632,local=1024,](@31,@36,@37) -> float_type, {64, 64, 56, 56}, {200704, 3136, 56, 1}, target_id=0: 0.122874ms, 2%
@39 = load[offset=0,end=102760448](@1) -> float_type, {64, 128, 56, 56}, {401408, 3136, 56, 1}, target_id=0: 0.0007765ms, 1%
@40 = multibroadcast[out_lens={64, 128, 56, 56},out_dyn_dims={}](@34) -> float_type, {64, 128, 56, 56}, {0, 1, 0, 0}, target_id=0: 0.00079222ms, 1%
@41 = gpu::code_object[code_object=5616,symbol_name=mlir_convolution_add_clip,global=1605632,local=256,](@40,@38,@35,@39) -> float_type, {64, 128, 56, 56}, {401408, 3136, 56, 1}, target_id=0: 0.1925ms, 3%
@42 = load[offset=0,end=0](@1) -> int8_type, {0}, {1}, target_id=0: 0.00079894ms, 1%
@43 = load[offset=154140672,end=256901120](@1) -> float_type, {64, 128, 56, 56}, {401408, 3136, 56, 1}, target_id=0: 0.0006143ms, 1%
@44 = gpu::convolution[op={padding={1, 1, 1, 1},stride={1, 1},dilation={1, 1},group=128,padding_mode=0},solution_object={binary_object: 451},algo=0,solution_id=0](@41,@32,@42,@43) -> float_type, {64, 128, 56, 56}, {401408, 3136, 56, 1}, target_id=0: 0.287626ms, 4%
@45 = hip::hip_copy_literal[id=main:@literal:37] -> float_type, {128, 1, 1}, {1, 1, 1}, target_id=0: 0.00079912ms, 1%
@46 = hip::hip_copy_literal[id=main:@literal:9] -> float_type, {128, 128, 1, 1}, {128, 1, 1, 1}, target_id=0: 0.00057696ms, 1%
@47 = hip::hip_copy_literal[id=main:@literal:40] -> float_type, {128, 1, 1}, {1, 1, 1}, target_id=0: 0.0007201ms, 1%
@48 = hip::hip_copy_literal[id=main:@literal:44] -> float_type, {128, 1, 3, 3}, {9, 9, 3, 1}, target_id=0: 0.00056918ms, 1%
@49 = load[offset=0,end=102760448](@1) -> float_type, {64, 128, 56, 56}, {401408, 3136, 56, 1}, target_id=0: 0.00067824ms, 1%
@50 = multibroadcast[out_lens={64, 128, 56, 56},out_dyn_dims={}](@47) -> float_type, {64, 128, 56, 56}, {0, 1, 0, 0}, target_id=0: 0.00096362ms, 1%
@51 = gpu::code_object[code_object=3944,symbol_name=add_clip_kernel,global=3211264,local=1024,](@44,@50,@49) -> float_type, {64, 128, 56, 56}, {401408, 3136, 56, 1}, target_id=0: 0.224333ms, 3%
@52 = multibroadcast[out_lens={64, 128, 56, 56},out_dyn_dims={}](@45) -> float_type, {64, 128, 56, 56}, {0, 1, 0, 0}, target_id=0: 0.00089346ms, 1%
@53 = load[offset=209223680,end=311984128](@1) -> float_type, {64, 128, 56, 56}, {401408, 3136, 56, 1}, target_id=0: 0.00063888ms, 1%
@54 = gpu::code_object[code_object=5176,symbol_name=mlir_convolution_add_clip,global=1605632,local=256,](@52,@51,@46,@53) -> float_type, {64, 128, 56, 56}, {401408, 3136, 56, 1}, target_id=0: 0.281037ms, 4%
@55 = load[offset=102760448,end=209223680](@1) -> float_type, {64, 128, 57, 57}, {415872, 3249, 57, 1}, target_id=0: 0.00076708ms, 1%
@56 = gpu::code_object[code_object=3792,symbol_name=pad_kernel,global=307200,local=1024,](@54,@55) -> float_type, {64, 128, 57, 57}, {415872, 3249, 57, 1}, target_id=0: 0.279091ms, 4%
@57 = load[offset=0,end=0](@1) -> int8_type, {0}, {1}, target_id=0: 0.00078682ms, 1%
@58 = load[offset=0,end=25690112](@1) -> float_type, {64, 128, 28, 28}, {100352, 784, 28, 1}, target_id=0: 0.00063878ms, 1%
@59 = gpu::convolution[op={padding={0, 0, 0, 0},stride={2, 2},dilation={1, 1},group=128,padding_mode=0},solution_object={binary_object: 450},algo=0,solution_id=0](@56,@48,@57,@58) -> float_type, {64, 128, 28, 28}, {100352, 784, 28, 1}, target_id=0: 0.203032ms, 3%
@60 = hip::hip_copy_literal[id=main:@literal:39] -> float_type, {256, 1, 1}, {1, 1, 1}, target_id=0: 0.00081996ms, 1%
@61 = hip::hip_copy_literal[id=main:@literal:25] -> float_type, {256, 1, 3, 3}, {9, 9, 3, 1}, target_id=0: 0.0005922ms, 1%
@62 = hip::hip_copy_literal[id=main:@literal:45] -> float_type, {128, 1, 1}, {1, 1, 1}, target_id=0: 0.00075872ms, 1%
@63 = hip::hip_copy_literal[id=main:@literal:5] -> float_type, {256, 128, 1, 1}, {128, 1, 1, 1}, target_id=0: 0.00055216ms, 1%
@64 = multibroadcast[out_lens={64, 128, 28, 28},out_dyn_dims={}](@62) -> float_type, {64, 128, 28, 28}, {0, 1, 0, 0}, target_id=0: 0.00098712ms, 1%
@65 = load[offset=51380224,end=77070336](@1) -> float_type, {64, 128, 28, 28}, {100352, 784, 28, 1}, target_id=0: 0.00066992ms, 1%
@66 = gpu::code_object[code_object=3944,symbol_name=add_clip_kernel,global=802816,local=1024,](@59,@64,@65) -> float_type, {64, 128, 28, 28}, {100352, 784, 28, 1}, target_id=0: 0.0711833ms, 1%
@67 = load[offset=0,end=51380224](@1) -> float_type, {64, 256, 28, 28}, {200704, 784, 28, 1}, target_id=0: 0.00078718ms, 1%
@68 = multibroadcast[out_lens={64, 256, 28, 28},out_dyn_dims={}](@60) -> float_type, {64, 256, 28, 28}, {0, 1, 0, 0}, target_id=0: 0.00075112ms, 1%
@69 = gpu::code_object[code_object=5344,symbol_name=mlir_convolution_add_clip,global=802816,local=256,](@68,@66,@63,@67) -> float_type, {64, 256, 28, 28}, {200704, 784, 28, 1}, target_id=0: 0.142508ms, 2%
@70 = load[offset=0,end=0](@1) -> int8_type, {0}, {1}, target_id=0: 0.00081556ms, 1%
@71 = load[offset=77070336,end=128450560](@1) -> float_type, {64, 256, 28, 28}, {200704, 784, 28, 1}, target_id=0: 0.00062148ms, 1%
@72 = gpu::convolution[op={padding={1, 1, 1, 1},stride={1, 1},dilation={1, 1},group=256,padding_mode=0},solution_object={binary_object: 455},algo=0,solution_id=0](@69,@61,@70,@71) -> float_type, {64, 256, 28, 28}, {200704, 784, 28, 1}, target_id=0: 0.163686ms, 2%
@73 = hip::hip_copy_literal[id=main:@literal:0] -> float_type, {256, 256, 1, 1}, {256, 1, 1, 1}, target_id=0: 0.00080184ms, 1%
@74 = hip::hip_copy_literal[id=main:@literal:24] -> float_type, {256, 1, 3, 3}, {9, 9, 3, 1}, target_id=0: 0.00059776ms, 1%
@75 = hip::hip_copy_literal[id=main:@literal:26] -> float_type, {256, 1, 1}, {1, 1, 1}, target_id=0: 0.0007255ms, 1%
@76 = hip::hip_copy_literal[id=main:@literal:29] -> float_type, {256, 1, 1}, {1, 1, 1}, target_id=0: 0.00057344ms, 1%
@77 = load[offset=0,end=51380224](@1) -> float_type, {64, 256, 28, 28}, {200704, 784, 28, 1}, target_id=0: 0.00069064ms, 1%
@78 = multibroadcast[out_lens={64, 256, 28, 28},out_dyn_dims={}](@76) -> float_type, {64, 256, 28, 28}, {0, 1, 0, 0}, target_id=0: 0.0009647ms, 1%
@79 = gpu::code_object[code_object=3944,symbol_name=add_clip_kernel,global=1605632,local=1024,](@72,@78,@77) -> float_type, {64, 256, 28, 28}, {200704, 784, 28, 1}, target_id=0: 0.123008ms, 2%
@80 = multibroadcast[out_lens={64, 256, 28, 28},out_dyn_dims={}](@75) -> float_type, {64, 256, 28, 28}, {0, 1, 0, 0}, target_id=0: 0.00091068ms, 1%
@81 = load[offset=106496000,end=157876224](@1) -> float_type, {64, 256, 28, 28}, {200704, 784, 28, 1}, target_id=0: 0.0006413ms, 1%
@82 = gpu::code_object[code_object=5344,symbol_name=mlir_convolution_add_clip,global=802816,local=256,](@80,@79,@73,@81) -> float_type, {64, 256, 28, 28}, {200704, 784, 28, 1}, target_id=0: 0.237227ms, 3%
@83 = load[offset=51380224,end=106496000](@1) -> float_type, {64, 256, 29, 29}, {215296, 841, 29, 1}, target_id=0: 0.00080314ms, 1%
@84 = gpu::code_object[code_object=3784,symbol_name=pad_kernel,global=307200,local=1024,](@82,@83) -> float_type, {64, 256, 29, 29}, {215296, 841, 29, 1}, target_id=0: 0.147483ms, 2%
@85 = load[offset=0,end=0](@1) -> int8_type, {0}, {1}, target_id=0: 0.00080392ms, 1%
@86 = load[offset=0,end=12845056](@1) -> float_type, {64, 256, 14, 14}, {50176, 196, 14, 1}, target_id=0: 0.00062958ms, 1%
@87 = gpu::convolution[op={padding={0, 0, 0, 0},stride={2, 2},dilation={1, 1},group=256,padding_mode=0},solution_object={binary_object: 449},algo=0,solution_id=0](@84,@74,@85,@86) -> float_type, {64, 256, 14, 14}, {50176, 196, 14, 1}, target_id=0: 0.120072ms, 2%
@88 = hip::hip_copy_literal[id=main:@literal:3] -> float_type, {512, 256, 1, 1}, {256, 1, 1, 1}, target_id=0: 0.00079936ms, 1%
@89 = hip::hip_copy_literal[id=main:@literal:20] -> float_type, {512, 1, 1}, {1, 1, 1}, target_id=0: 0.00063034ms, 1%
@90 = hip::hip_copy_literal[id=main:@literal:22] -> float_type, {256, 1, 1}, {1, 1, 1}, target_id=0: 0.0006903ms, 1%
@91 = hip::hip_copy_literal[id=main:@literal:27] -> float_type, {512, 1, 3, 3}, {9, 9, 3, 1}, target_id=0: 0.0006391ms, 1%
@92 = load[offset=25690112,end=38535168](@1) -> float_type, {64, 256, 14, 14}, {50176, 196, 14, 1}, target_id=0: 0.00067624ms, 1%
@93 = multibroadcast[out_lens={64, 256, 14, 14},out_dyn_dims={}](@90) -> float_type, {64, 256, 14, 14}, {0, 1, 0, 0}, target_id=0: 0.00095178ms, 1%
@94 = gpu::code_object[code_object=3872,symbol_name=add_clip_kernel,global=802816,local=1024,](@87,@93,@92) -> float_type, {64, 256, 14, 14}, {50176, 196, 14, 1}, target_id=0: 0.0424808ms, 1%
@95 = load[offset=0,end=25690112](@1) -> float_type, {64, 512, 14, 14}, {100352, 196, 14, 1}, target_id=0: 0.00077978ms, 1%
@96 = multibroadcast[out_lens={64, 512, 14, 14},out_dyn_dims={}](@89) -> float_type, {64, 512, 14, 14}, {0, 1, 0, 0}, target_id=0: 0.00077206ms, 1%
@97 = gpu::code_object[code_object=5896,symbol_name=mlir_convolution_add_clip,global=401408,local=256,](@96,@94,@88,@95) -> float_type, {64, 512, 14, 14}, {100352, 196, 14, 1}, target_id=0: 0.14323ms, 2%
@98 = load[offset=0,end=0](@1) -> int8_type, {0}, {1}, target_id=0: 0.0007954ms, 1%
@99 = load[offset=38535168,end=64225280](@1) -> float_type, {64, 512, 14, 14}, {100352, 196, 14, 1}, target_id=0: 0.00062364ms, 1%
@100 = gpu::convolution[op={padding={1, 1, 1, 1},stride={1, 1},dilation={1, 1},group=512,padding_mode=0},solution_object={binary_object: 451},algo=0,solution_id=0](@97,@91,@98,@99) -> float_type, {64, 512, 14, 14}, {100352, 196, 14, 1}, target_id=0: 0.100225ms, 2%
@101 = hip::hip_copy_literal[id=main:@literal:19] -> float_type, {512, 1, 1}, {1, 1, 1}, target_id=0: 0.00081578ms, 1%
@102 = hip::hip_copy_literal[id=main:@literal:35] -> float_type, {512, 1, 1}, {1, 1, 1}, target_id=0: 0.00058018ms, 1%
@103 = hip::hip_copy_literal[id=main:@literal:4] -> float_type, {512, 512, 1, 1}, {512, 1, 1, 1}, target_id=0: 0.00051664ms, 1%
@104 = hip::hip_copy_literal[id=main:@literal:16] -> float_type, {512, 1, 3, 3}, {9, 9, 3, 1}, target_id=0: 0.00072436ms, 1%
@105 = load[offset=0,end=25690112](@1) -> float_type, {64, 512, 14, 14}, {100352, 196, 14, 1}, target_id=0: 0.00068008ms, 1%
@106 = multibroadcast[out_lens={64, 512, 14, 14},out_dyn_dims={}](@102) -> float_type, {64, 512, 14, 14}, {0, 1, 0, 0}, target_id=0: 0.0009534ms, 1%
@107 = gpu::code_object[code_object=3872,symbol_name=add_clip_kernel,global=1605632,local=1024,](@100,@106,@105) -> float_type, {64, 512, 14, 14}, {100352, 196, 14, 1}, target_id=0: 0.0679051ms, 1%
@108 = load[offset=51380224,end=77070336](@1) -> float_type, {64, 512, 14, 14}, {100352, 196, 14, 1}, target_id=0: 0.00078748ms, 1%
@109 = multibroadcast[out_lens={64, 512, 14, 14},out_dyn_dims={}](@101) -> float_type, {64, 512, 14, 14}, {0, 1, 0, 0}, target_id=0: 0.00076472ms, 1%
@110 = gpu::code_object[code_object=6560,symbol_name=mlir_convolution_add_clip,global=200704,local=256,](@109,@107,@103,@108) -> float_type, {64, 512, 14, 14}, {100352, 196, 14, 1}, target_id=0: 0.248571ms, 3%
@111 = load[offset=0,end=0](@1) -> int8_type, {0}, {1}, target_id=0: 0.00079594ms, 1%
@112 = load[offset=25690112,end=51380224](@1) -> float_type, {64, 512, 14, 14}, {100352, 196, 14, 1}, target_id=0: 0.00064022ms, 1%
@113 = gpu::convolution[op={padding={1, 1, 1, 1},stride={1, 1},dilation={1, 1},group=512,padding_mode=0},solution_object={binary_object: 451},algo=0,solution_id=0](@110,@104,@111,@112) -> float_type, {64, 512, 14, 14}, {100352, 196, 14, 1}, target_id=0: 0.0983022ms, 2%
@114 = hip::hip_copy_literal[id=main:@literal:15] -> float_type, {512, 1, 1}, {1, 1, 1}, target_id=0: 0.0007955ms, 1%
@115 = hip::hip_copy_literal[id=main:@literal:2] -> float_type, {512, 512, 1, 1}, {512, 1, 1, 1}, target_id=0: 0.00058546ms, 1%
@116 = hip::hip_copy_literal[id=main:@literal:34] -> float_type, {512, 1, 1}, {1, 1, 1}, target_id=0: 0.00068854ms, 1%
@117 = hip::hip_copy_literal[id=main:@literal:30] -> float_type, {512, 1, 3, 3}, {9, 9, 3, 1}, target_id=0: 0.00055762ms, 1%
@118 = load[offset=0,end=25690112](@1) -> float_type, {64, 512, 14, 14}, {100352, 196, 14, 1}, target_id=0: 0.00067634ms, 1%
@119 = multibroadcast[out_lens={64, 512, 14, 14},out_dyn_dims={}](@114) -> float_type, {64, 512, 14, 14}, {0, 1, 0, 0}, target_id=0: 0.00094746ms, 1%
@120 = gpu::code_object[code_object=3872,symbol_name=add_clip_kernel,global=1605632,local=1024,](@113,@119,@118) -> float_type, {64, 512, 14, 14}, {100352, 196, 14, 1}, target_id=0: 0.0680465ms, 1%
@121 = multibroadcast[out_lens={64, 512, 14, 14},out_dyn_dims={}](@116) -> float_type, {64, 512, 14, 14}, {0, 1, 0, 0}, target_id=0: 0.00092892ms, 1%
@122 = load[offset=51380224,end=77070336](@1) -> float_type, {64, 512, 14, 14}, {100352, 196, 14, 1}, target_id=0: 0.0006263ms, 1%
@123 = gpu::code_object[code_object=6560,symbol_name=mlir_convolution_add_clip,global=200704,local=256,](@121,@120,@115,@122) -> float_type, {64, 512, 14, 14}, {100352, 196, 14, 1}, target_id=0: 0.25034ms, 3%
@124 = load[offset=0,end=0](@1) -> int8_type, {0}, {1}, target_id=0: 0.00081278ms, 1%
@125 = load[offset=25690112,end=51380224](@1) -> float_type, {64, 512, 14, 14}, {100352, 196, 14, 1}, target_id=0: 0.0006334ms, 1%
@126 = gpu::convolution[op={padding={1, 1, 1, 1},stride={1, 1},dilation={1, 1},group=512,padding_mode=0},solution_object={binary_object: 451},algo=0,solution_id=0](@123,@117,@124,@125) -> float_type, {64, 512, 14, 14}, {100352, 196, 14, 1}, target_id=0: 0.0987042ms, 2%
@127 = hip::hip_copy_literal[id=main:@literal:7] -> float_type, {512, 512, 1, 1}, {512, 1, 1, 1}, target_id=0: 0.00075784ms, 1%
@128 = hip::hip_copy_literal[id=main:@literal:17] -> float_type, {512, 1, 1}, {1, 1, 1}, target_id=0: 0.00058314ms, 1%
@129 = hip::hip_copy_literal[id=main:@literal:21] -> float_type, {512, 1, 3, 3}, {9, 9, 3, 1}, target_id=0: 0.00068206ms, 1%
@130 = hip::hip_copy_literal[id=main:@literal:28] -> float_type, {512, 1, 1}, {1, 1, 1}, target_id=0: 0.0005796ms, 1%
@131 = load[offset=0,end=25690112](@1) -> float_type, {64, 512, 14, 14}, {100352, 196, 14, 1}, target_id=0: 0.00068496ms, 1%
@132 = multibroadcast[out_lens={64, 512, 14, 14},out_dyn_dims={}](@128) -> float_type, {64, 512, 14, 14}, {0, 1, 0, 0}, target_id=0: 0.00095272ms, 1%
@133 = gpu::code_object[code_object=3872,symbol_name=add_clip_kernel,global=1605632,local=1024,](@126,@132,@131) -> float_type, {64, 512, 14, 14}, {100352, 196, 14, 1}, target_id=0: 0.0681168ms, 1%
@134 = load[offset=51380224,end=77070336](@1) -> float_type, {64, 512, 14, 14}, {100352, 196, 14, 1}, target_id=0: 0.00077794ms, 1%
@135 = multibroadcast[out_lens={64, 512, 14, 14},out_dyn_dims={}](@130) -> float_type, {64, 512, 14, 14}, {0, 1, 0, 0}, target_id=0: 0.00077308ms, 1%
@136 = gpu::code_object[code_object=6560,symbol_name=mlir_convolution_add_clip,global=200704,local=256,](@135,@133,@127,@134) -> float_type, {64, 512, 14, 14}, {100352, 196, 14, 1}, target_id=0: 0.249034ms, 3%
@137 = load[offset=0,end=0](@1) -> int8_type, {0}, {1}, target_id=0: 0.00080858ms, 1%
@138 = load[offset=25690112,end=51380224](@1) -> float_type, {64, 512, 14, 14}, {100352, 196, 14, 1}, target_id=0: 0.00062706ms, 1%
@139 = gpu::convolution[op={padding={1, 1, 1, 1},stride={1, 1},dilation={1, 1},group=512,padding_mode=0},solution_object={binary_object: 451},algo=0,solution_id=0](@136,@129,@137,@138) -> float_type, {64, 512, 14, 14}, {100352, 196, 14, 1}, target_id=0: 0.0990549ms, 2%
@140 = hip::hip_copy_literal[id=main:@literal:53] -> float_type, {1024, 1, 3, 3}, {9, 9, 3, 1}, target_id=0: 0.00083604ms, 1%
@141 = hip::hip_copy_literal[id=main:@literal:55] -> float_type, {1001}, {1}, target_id=0: 0.00058228ms, 1%
@142 = hip::hip_copy_literal[id=main:@literal:8] -> float_type, {1024, 1024, 1, 1}, {1024, 1, 1, 1}, target_id=0: 0.00053694ms, 1%
@143 = hip::hip_copy_literal[id=main:@literal:50] -> float_type, {512, 1, 3, 3}, {9, 9, 3, 1}, target_id=0: 0.00067528ms, 1%
@144 = hip::hip_copy_literal[id=main:@literal:48] -> float_type, {512, 1, 1}, {1, 1, 1}, target_id=0: 0.0005761ms, 1%
@145 = hip::hip_copy_literal[id=main:@literal:46] -> float_type, {512, 1, 1}, {1, 1, 1}, target_id=0: 0.00067856ms, 1%
@146 = hip::hip_copy_literal[id=main:@literal:49] -> float_type, {512, 1, 3, 3}, {9, 9, 3, 1}, target_id=0: 0.00056736ms, 1%
@147 = hip::hip_copy_literal[id=main:@literal:47] -> float_type, {512, 1, 1}, {1, 1, 1}, target_id=0: 0.000671ms, 1%
@148 = hip::hip_copy_literal[id=main:@literal:23] -> float_type, {512, 1, 1}, {1, 1, 1}, target_id=0: 0.00058554ms, 1%
@149 = hip::hip_copy_literal[id=main:@literal:1] -> float_type, {512, 512, 1, 1}, {512, 1, 1, 1}, target_id=0: 0.00053142ms, 1%
@150 = hip::hip_copy_literal[id=main:@literal:18] -> float_type, {512, 1, 1}, {1, 1, 1}, target_id=0: 0.00072694ms, 1%
@151 = hip::hip_copy_literal[id=main:@literal:6] -> float_type, {512, 512, 1, 1}, {512, 1, 1, 1}, target_id=0: 0.00053694ms, 1%
@152 = hip::hip_copy_literal[id=main:@literal:52] -> float_type, {1024, 1, 1}, {1, 1, 1}, target_id=0: 0.00069212ms, 1%
@153 = hip::hip_copy_literal[id=main:@literal:54] -> float_type, {1024, 1, 1}, {1, 1, 1}, target_id=0: 0.00056302ms, 1%
@154 = hip::hip_copy_literal[id=main:@literal:13] -> float_type, {1001, 1024, 1, 1}, {1024, 1, 1, 1}, target_id=0: 0.00062886ms, 1%
@155 = hip::hip_copy_literal[id=main:@literal:51] -> float_type, {1024, 1, 1}, {1, 1, 1}, target_id=0: 0.0005387ms, 1%
@156 = hip::hip_copy_literal[id=main:@literal:12] -> float_type, {1024, 512, 1, 1}, {512, 1, 1, 1}, target_id=0: 0.00060512ms, 1%
@157 = multibroadcast[out_lens={64, 512, 14, 14},out_dyn_dims={}](@147) -> float_type, {64, 512, 14, 14}, {0, 1, 0, 0}, target_id=0: 0.0009214ms, 1%
@158 = load[offset=0,end=25690112](@1) -> float_type, {64, 512, 14, 14}, {100352, 196, 14, 1}, target_id=0: 0.00068082ms, 1%
@159 = gpu::code_object[code_object=3872,symbol_name=add_clip_kernel,global=1605632,local=1024,](@139,@157,@158) -> float_type, {64, 512, 14, 14}, {100352, 196, 14, 1}, target_id=0: 0.0705945ms, 1%
@160 = multibroadcast[out_lens={64, 512, 14, 14},out_dyn_dims={}](@144) -> float_type, {64, 512, 14, 14}, {0, 1, 0, 0}, target_id=0: 0.00098936ms, 1%
@161 = load[offset=51380224,end=77070336](@1) -> float_type, {64, 512, 14, 14}, {100352, 196, 14, 1}, target_id=0: 0.00064286ms, 1%
@162 = gpu::code_object[code_object=6560,symbol_name=mlir_convolution_add_clip,global=200704,local=256,](@160,@159,@149,@161) -> float_type, {64, 512, 14, 14}, {100352, 196, 14, 1}, target_id=0: 0.248925ms, 3%
@163 = load[offset=0,end=0](@1) -> int8_type, {0}, {1}, target_id=0: 0.00080084ms, 1%
@164 = load[offset=25690112,end=51380224](@1) -> float_type, {64, 512, 14, 14}, {100352, 196, 14, 1}, target_id=0: 0.0006675ms, 1%
@165 = gpu::convolution[op={padding={1, 1, 1, 1},stride={1, 1},dilation={1, 1},group=512,padding_mode=0},solution_object={binary_object: 451},algo=0,solution_id=0](@162,@146,@163,@164) -> float_type, {64, 512, 14, 14}, {100352, 196, 14, 1}, target_id=0: 0.0992837ms, 2%
@166 = multibroadcast[out_lens={64, 512, 14, 14},out_dyn_dims={}](@145) -> float_type, {64, 512, 14, 14}, {0, 1, 0, 0}, target_id=0: 0.00112984ms, 1%
@167 = load[offset=0,end=25690112](@1) -> float_type, {64, 512, 14, 14}, {100352, 196, 14, 1}, target_id=0: 0.00068426ms, 1%
@168 = gpu::code_object[code_object=3872,symbol_name=add_clip_kernel,global=1605632,local=1024,](@165,@166,@167) -> float_type, {64, 512, 14, 14}, {100352, 196, 14, 1}, target_id=0: 0.0675651ms, 1%
@169 = multibroadcast[out_lens={64, 512, 14, 14},out_dyn_dims={}](@150) -> float_type, {64, 512, 14, 14}, {0, 1, 0, 0}, target_id=0: 0.00090774ms, 1%
@170 = load[offset=55181312,end=80871424](@1) -> float_type, {64, 512, 14, 14}, {100352, 196, 14, 1}, target_id=0: 0.00063318ms, 1%
@171 = gpu::code_object[code_object=6560,symbol_name=mlir_convolution_add_clip,global=200704,local=256,](@169,@168,@151,@170) -> float_type, {64, 512, 14, 14}, {100352, 196, 14, 1}, target_id=0: 0.248247ms, 3%
@172 = load[offset=25690112,end=55181312](@1) -> float_type, {64, 512, 15, 15}, {115200, 225, 15, 1}, target_id=0: 0.00080344ms, 1%
@173 = gpu::code_object[code_object=3784,symbol_name=pad_kernel,global=307200,local=1024,](@171,@172) -> float_type, {64, 512, 15, 15}, {115200, 225, 15, 1}, target_id=0: 0.0842695ms, 2%
@174 = load[offset=0,end=0](@1) -> int8_type, {0}, {1}, target_id=0: 0.00078522ms, 1%
@175 = load[offset=0,end=6422528](@1) -> float_type, {64, 512, 7, 7}, {25088, 49, 7, 1}, target_id=0: 0.00063284ms, 1%
@176 = gpu::convolution[op={padding={0, 0, 0, 0},stride={2, 2},dilation={1, 1},group=512,padding_mode=0},solution_object={binary_object: 446},algo=0,solution_id=0](@173,@143,@174,@175) -> float_type, {64, 512, 7, 7}, {25088, 49, 7, 1}, target_id=0: 0.0748847ms, 1%
@177 = load[offset=12845056,end=19267584](@1) -> float_type, {64, 512, 7, 7}, {25088, 49, 7, 1}, target_id=0: 0.0008394ms, 1%
@178 = multibroadcast[out_lens={64, 512, 7, 7},out_dyn_dims={}](@148) -> float_type, {64, 512, 7, 7}, {0, 1, 0, 0}, target_id=0: 0.0009601ms, 1%
@179 = gpu::code_object[code_object=3832,symbol_name=add_clip_kernel,global=1605632,local=1024,](@176,@178,@177) -> float_type, {64, 512, 7, 7}, {25088, 49, 7, 1}, target_id=0: 0.0321311ms, 1%
@180 = multibroadcast[out_lens={64, 1024, 7, 7},out_dyn_dims={}](@155) -> float_type, {64, 1024, 7, 7}, {0, 1, 0, 0}, target_id=0: 0.00093052ms, 1%
@181 = load[offset=0,end=12845056](@1) -> float_type, {64, 1024, 7, 7}, {50176, 49, 7, 1}, target_id=0: 0.00064806ms, 1%
@182 = gpu::code_object[code_object=5424,symbol_name=mlir_convolution_add_clip,global=200704,local=256,](@180,@179,@156,@181) -> float_type, {64, 1024, 7, 7}, {50176, 49, 7, 1}, target_id=0: 0.153916ms, 2%
@183 = load[offset=0,end=0](@1) -> int8_type, {0}, {1}, target_id=0: 0.00078192ms, 1%
@184 = load[offset=25952256,end=38797312](@1) -> float_type, {64, 1024, 7, 7}, {50176, 49, 7, 1}, target_id=0: 0.00063666ms, 1%
@185 = gpu::convolution[op={padding={1, 1, 1, 1},stride={1, 1},dilation={1, 1},group=1024,padding_mode=0},solution_object={binary_object: 443},algo=0,solution_id=0](@182,@140,@183,@184) -> float_type, {64, 1024, 7, 7}, {50176, 49, 7, 1}, target_id=0: 0.118801ms, 2%
@186 = load[offset=13107200,end=25952256](@1) -> float_type, {64, 1024, 7, 7}, {50176, 49, 7, 1}, target_id=0: 0.0008348ms, 1%
@187 = multibroadcast[out_lens={64, 1024, 7, 7},out_dyn_dims={}](@153) -> float_type, {64, 1024, 7, 7}, {0, 1, 0, 0}, target_id=0: 0.0009666ms, 1%
@188 = gpu::code_object[code_object=3864,symbol_name=add_clip_kernel,global=3211264,local=1024,](@185,@187,@186) -> float_type, {64, 1024, 7, 7}, {50176, 49, 7, 1}, target_id=0: 0.0435084ms, 1%
@189 = load[offset=262144,end=13107200](@1) -> float_type, {64, 1024, 7, 7}, {50176, 49, 7, 1}, target_id=0: 0.00077332ms, 1%
@190 = multibroadcast[out_lens={64, 1024, 7, 7},out_dyn_dims={}](@152) -> float_type, {64, 1024, 7, 7}, {0, 1, 0, 0}, target_id=0: 0.00079486ms, 1%
@191 = gpu::code_object[code_object=6080,symbol_name=mlir_convolution_add_clip,global=200704,local=256,](@190,@188,@142,@189) -> float_type, {64, 1024, 7, 7}, {50176, 49, 7, 1}, target_id=0: 0.274632ms, 4%
@192 = load[offset=13107200,end=13369344](@1) -> float_type, {64, 1024, 1, 1}, {1024, 1, 1, 1}, target_id=0: 0.00075672ms, 1%
@193 = gpu::pooling[mode=average,padding={0, 0, 0, 0},padding_mode=0,stride={2, 2},lengths={7, 7},ceil_mode=0,lp_order=2,dyn_global=0](@191,@192) -> float_type, {64, 1024, 1, 1}, {1024, 1, 1, 1}, target_id=0: 0.317594ms, 4%
@194 = broadcast[axis=1,out_lens={64, 1001, 1, 1}](@141) -> float_type, {64, 1001, 1, 1}, {0, 1, 0, 0}, target_id=0: 0.00148242ms, 1%
@195 = load[offset=0,end=256256](@1) -> float_type, {64, 1001, 1, 1}, {1001, 1, 1, 1}, target_id=0: 0.00068598ms, 1%
@196 = gpu::code_object[code_object=5568,symbol_name=mlir_convolution_add,global=16384,local=256,](@194,@193,@154,@195) -> float_type, {64, 1001, 1, 1}, {1001, 1, 1, 1}, target_id=0: 0.0379254ms, 1%
main:#output_0 = @param:main:#output_0 -> float_type, {64, 1001}, {1001, 1}, target_id=0: 0.0007979ms, 1%
@198 = transpose[permutation={0, 2, 3, 1}](@196) -> float_type, {64, 1, 1, 1001}, {1001, 1, 1, 1}, target_id=0: 0.00109958ms, 1%
@199 = squeeze[axes={1, 2}](@198) -> float_type, {64, 1001}, {1001, 1}, target_id=0: 0.00100818ms, 1%
@200 = gpu::code_object[code_object=5096,symbol_name=softmax_kernel,global=16384,local=256,](@199,main:#output_0) -> float_type, {64, 1001}, {1001, 1}, target_id=0: 0.0204459ms, 1%
@201 = @return(@200), target_id=0
Summary:
gpu::code_object::mlir_convolution_add_clip: 3.01897ms / 13 = 0.232228ms, 36%
gpu::convolution: 2.29148ms / 14 = 0.163677ms, 28%
gpu::code_object::add_clip_kernel: 1.45083ms / 14 = 0.103631ms, 18%
gpu::code_object::pad_kernel: 1.17527ms / 5 = 0.235054ms, 14%
gpu::pooling: 0.317594ms / 1 = 0.317594ms, 4%
load: 0.0444789ms / 62 = 0.000717401ms, 1%
gpu::code_object::mlir_convolution_add: 0.0379254ms / 1 = 0.0379254ms, 1%
hip::hip_copy_literal: 0.0370431ms / 56 = 0.000661484ms, 1%
multibroadcast: 0.0248602ms / 27 = 0.000920749ms, 1%
gpu::code_object::softmax_kernel: 0.0204459ms / 1 = 0.0204459ms, 1%
broadcast: 0.00148242ms / 1 = 0.00148242ms, 1%
@param: 0.00124304ms / 2 = 0.00062152ms, 1%
transpose: 0.00109958ms / 1 = 0.00109958ms, 1%
squeeze: 0.00100818ms / 1 = 0.00100818ms, 1%
check_context::migraphx::gpu::context: 0.00086512ms / 1 = 0.00086512ms, 1%
hip::hip_allocate_memory: 0.00082444ms / 1 = 0.00082444ms, 1%

Batch size: 1
Rate: 130.017 inferences/sec
Total time: 7.69129ms
Total instructions time: 8.42542ms
Overhead time: 0.0447019ms, -0.734135ms
Overhead: 1%, -10%
[ MIGraphX Version: 2.9.0.13403ab26 ] Complete: /src/AMDMIGraphX/build/bin/driver perf --gpu /new-saved-models/slim/mobilenet_i64.pb
