Compiling ... 
Reading: /new-saved-models/dlrm/pt_dlrm_criteoterabyte_13_26_20k_1.1_M2.4/float/pt_dlrm_fp32_onnx/pt_dlrm_fp32.onnx
module: "main"
main:@0 = check_context::migraphx::version_2_6_0::gpu::context -> float_type, {}, {}
main:@1 = hip::hip_allocate_memory[shape=int8_type, {4325376000}, {1},id=main:scratch] -> int8_type, {4325376000}, {1}
main:@2 = hip::hip_copy_literal[id=main:@literal:0] -> float_type, {13, 512}, {512, 1}
main:@3 = load[offset=0,end=15974400](main:@1) -> float_type, {307200, 13}, {13, 1}
input = @param:input -> float_type, {307200, 13}, {13, 1}
main:@5 = hip::copy_to_gpu(input,main:@3) -> float_type, {307200, 13}, {13, 1}
main:@6 = load[offset=1415577600,end=2044723200](main:@1) -> float_type, {307200, 512}, {512, 1}
main:@7 = gpu::gemm[alpha=1,beta=0,int8_x4_format=0,compute_fp32=1,trans_batch=0](main:@5,main:@2,main:@6) -> float_type, {307200, 512}, {512, 1}
main:@8 = hip::hip_copy_literal[id=main:@literal:14] -> float_type, {512}, {1}
main:@9 = hip::hip_copy_literal[id=main:@literal:1] -> float_type, {512, 256}, {256, 1}
main:@10 = load[offset=786432000,end=1415577600](main:@1) -> float_type, {307200, 512}, {512, 1}
main:@11 = multibroadcast[out_lens={307200, 512},out_dyn_dims={}](main:@8) -> float_type, {307200, 512}, {0, 1}
main:@12 = gpu::code_object[code_object=13632,symbol_name=add_relu_kernel,global=19660800,local=1024,](main:@7,main:@11,main:@10) -> float_type, {307200, 512}, {512, 1}
main:@13 = load[offset=471859200,end=786432000](main:@1) -> float_type, {307200, 256}, {256, 1}
main:@14 = gpu::gemm[alpha=1,beta=0,int8_x4_format=0,compute_fp32=1,trans_batch=0](main:@12,main:@9,main:@13) -> float_type, {307200, 256}, {256, 1}
main:@15 = hip::hip_copy_literal[id=main:@literal:2] -> float_type, {256, 64}, {64, 1}
main:@16 = hip::hip_copy_literal[id=main:@literal:13] -> float_type, {256}, {1}
main:@17 = load[offset=157286400,end=471859200](main:@1) -> float_type, {307200, 256}, {256, 1}
main:@18 = multibroadcast[out_lens={307200, 256},out_dyn_dims={}](main:@16) -> float_type, {307200, 256}, {0, 1}
main:@19 = gpu::code_object[code_object=13632,symbol_name=add_relu_kernel,global=9830400,local=1024,](main:@14,main:@18,main:@17) -> float_type, {307200, 256}, {256, 1}
main:@20 = load[offset=78643200,end=157286400](main:@1) -> float_type, {307200, 64}, {64, 1}
main:@21 = gpu::gemm[alpha=1,beta=0,int8_x4_format=0,compute_fp32=1,trans_batch=0](main:@19,main:@15,main:@20) -> float_type, {307200, 64}, {64, 1}
main:@22 = hip::hip_copy_literal[id=main:@literal:3] -> float_type, {415, 512}, {512, 1}
main:@23 = hip::hip_copy_literal[id=main:@literal:6] -> float_type, {256, 1}, {1, 1}
main:@24 = hip::hip_copy_literal[id=main:@literal:5] -> float_type, {512, 256}, {256, 1}
main:@25 = load[offset=157286400,end=221184000](main:@1) -> int64_type, {26, 307200}, {307200, 1}
lS_i = @param:lS_i -> int64_type, {26, 307200}, {307200, 1}
main:@27 = hip::copy_to_gpu(lS_i,main:@25) -> int64_type, {26, 307200}, {307200, 1}
main:@28 = hip::hip_copy_literal[id=main:@literal:15] -> float_type, {36, 64}, {64, 1}
main:@29 = hip::hip_copy_literal[id=main:@literal:17] -> float_type, {12420, 64}, {64, 1}
main:@30 = hip::hip_copy_literal[id=main:@literal:18] -> float_type, {415421, 64}, {64, 1}
main:@31 = hip::hip_copy_literal[id=main:@literal:19] -> float_type, {9946608, 64}, {64, 1}
main:@32 = hip::hip_copy_literal[id=main:@literal:20] -> float_type, {7267859, 64}, {64, 1}
main:@33 = hip::hip_copy_literal[id=main:@literal:21] -> float_type, {9994222, 64}, {64, 1}
main:@34 = hip::hip_copy_literal[id=main:@literal:22] -> float_type, {14, 64}, {64, 1}
main:@35 = hip::hip_copy_literal[id=main:@literal:23] -> float_type, {970, 64}, {64, 1}
main:@36 = hip::hip_copy_literal[id=main:@literal:24] -> float_type, {4, 64}, {64, 1}
main:@37 = hip::hip_copy_literal[id=main:@literal:25] -> float_type, {122, 64}, {64, 1}
main:@38 = hip::hip_copy_literal[id=main:@literal:12] -> float_type, {64}, {1}
main:@39 = hip::hip_copy_literal[id=main:@literal:16] -> float_type, {101, 64}, {64, 1}
main:@40 = hip::hip_copy_literal[id=main:@literal:9] -> float_type, {256}, {1}
main:@41 = hip::hip_copy_literal[id=main:@literal:10] -> float_type, {512}, {1}
main:@42 = hip::hip_copy_literal[id=main:@literal:11] -> float_type, {512}, {1}
main:@43 = hip::hip_copy_literal[id=main:@literal:8] -> float_type, {1}, {1}
main:@44 = hip::hip_copy_literal[id=main:@literal:26] -> float_type, {11156, 64}, {64, 1}
main:@45 = hip::hip_copy_literal[id=main:@literal:27] -> float_type, {2208, 64}, {64, 1}
main:@46 = hip::hip_copy_literal[id=main:@literal:28] -> float_type, {10, 64}, {64, 1}
main:@47 = hip::hip_copy_literal[id=main:@literal:4] -> float_type, {512, 512}, {512, 1}
main:@48 = hip::hip_copy_literal[id=main:@literal:7] -> float_type, {351}, {1}
main:@49 = hip::hip_copy_literal[id=main:@literal:29] -> float_type, {313829, 64}, {64, 1}
main:@50 = hip::hip_copy_literal[id=main:@literal:30] -> float_type, {1333352, 64}, {64, 1}
main:@51 = hip::hip_copy_literal[id=main:@literal:31] -> float_type, {9758201, 64}, {64, 1}
main:@52 = hip::hip_copy_literal[id=main:@literal:32] -> float_type, {61, 64}, {64, 1}
main:@53 = hip::hip_copy_literal[id=main:@literal:33] -> float_type, {1442, 64}, {64, 1}
main:@54 = hip::hip_copy_literal[id=main:@literal:34] -> float_type, {7112, 64}, {64, 1}
main:@55 = hip::hip_copy_literal[id=main:@literal:35] -> float_type, {3, 64}, {64, 1}
main:@56 = hip::hip_copy_literal[id=main:@literal:36] -> float_type, {20134, 64}, {64, 1}
main:@57 = hip::hip_copy_literal[id=main:@literal:37] -> float_type, {7378, 64}, {64, 1}
main:@58 = hip::hip_copy_literal[id=main:@literal:38] -> float_type, {17217, 64}, {64, 1}
main:@59 = hip::hip_copy_literal[id=main:@literal:39] -> float_type, {36084, 64}, {64, 1}
main:@60 = hip::hip_copy_literal[id=main:@literal:40] -> float_type, {9980333, 64}, {64, 1}
main:@61 = load[offset=0,end=31948800](main:@1) -> float_type, {26, 307200}, {307200, 1}
main:@62 = gpu::code_object[code_object=13632,symbol_name=convert_kernel,global=1996800,local=1024,](main:@27,main:@61) -> float_type, {26, 307200}, {307200, 1}
main:@63 = load[offset=2123366400,end=2202009600](main:@1) -> float_type, {307200, 64}, {64, 1}
main:@64 = slice[axes={0},starts={25},ends={26}](main:@62) -> float_type, {1, 307200}, {307200, 1}
main:@65 = squeeze[axes={0}](main:@64) -> float_type, {307200}, {1}
main:@66 = gpu::code_object[code_object=13632,symbol_name=gather_kernel,global=307200,local=1024,](main:@28,main:@65,main:@63) -> float_type, {307200, 64}, {64, 1}
main:@67 = slice[axes={0},starts={24},ends={25}](main:@62) -> float_type, {1, 307200}, {307200, 1}
main:@68 = squeeze[axes={0}](main:@67) -> float_type, {307200}, {1}
main:@69 = load[offset=2044723200,end=2123366400](main:@1) -> float_type, {307200, 64}, {64, 1}
main:@70 = gpu::code_object[code_object=13632,symbol_name=gather_kernel,global=307200,local=1024,](main:@39,main:@68,main:@69) -> float_type, {307200, 64}, {64, 1}
main:@71 = slice[axes={0},starts={23},ends={24}](main:@62) -> float_type, {1, 307200}, {307200, 1}
main:@72 = squeeze[axes={0}](main:@71) -> float_type, {307200}, {1}
main:@73 = load[offset=1966080000,end=2044723200](main:@1) -> float_type, {307200, 64}, {64, 1}
main:@74 = gpu::code_object[code_object=13632,symbol_name=gather_kernel,global=307200,local=1024,](main:@29,main:@72,main:@73) -> float_type, {307200, 64}, {64, 1}
main:@75 = slice[axes={0},starts={22},ends={23}](main:@62) -> float_type, {1, 307200}, {307200, 1}
main:@76 = squeeze[axes={0}](main:@75) -> float_type, {307200}, {1}
main:@77 = load[offset=1887436800,end=1966080000](main:@1) -> float_type, {307200, 64}, {64, 1}
main:@78 = gpu::code_object[code_object=13632,symbol_name=gather_kernel,global=307200,local=1024,](main:@30,main:@76,main:@77) -> float_type, {307200, 64}, {64, 1}
main:@79 = slice[axes={0},starts={21},ends={22}](main:@62) -> float_type, {1, 307200}, {307200, 1}
main:@80 = squeeze[axes={0}](main:@79) -> float_type, {307200}, {1}
main:@81 = load[offset=1808793600,end=1887436800](main:@1) -> float_type, {307200, 64}, {64, 1}
main:@82 = gpu::code_object[code_object=13632,symbol_name=gather_kernel,global=307200,local=1024,](main:@31,main:@80,main:@81) -> float_type, {307200, 64}, {64, 1}
main:@83 = slice[axes={0},starts={20},ends={21}](main:@62) -> float_type, {1, 307200}, {307200, 1}
main:@84 = squeeze[axes={0}](main:@83) -> float_type, {307200}, {1}
main:@85 = load[offset=1730150400,end=1808793600](main:@1) -> float_type, {307200, 64}, {64, 1}
main:@86 = gpu::code_object[code_object=13632,symbol_name=gather_kernel,global=307200,local=1024,](main:@32,main:@84,main:@85) -> float_type, {307200, 64}, {64, 1}
main:@87 = slice[axes={0},starts={19},ends={20}](main:@62) -> float_type, {1, 307200}, {307200, 1}
main:@88 = squeeze[axes={0}](main:@87) -> float_type, {307200}, {1}
main:@89 = load[offset=1651507200,end=1730150400](main:@1) -> float_type, {307200, 64}, {64, 1}
main:@90 = gpu::code_object[code_object=13632,symbol_name=gather_kernel,global=307200,local=1024,](main:@33,main:@88,main:@89) -> float_type, {307200, 64}, {64, 1}
main:@91 = load[offset=1572864000,end=1651507200](main:@1) -> float_type, {307200, 64}, {64, 1}
main:@92 = slice[axes={0},starts={18},ends={19}](main:@62) -> float_type, {1, 307200}, {307200, 1}
main:@93 = squeeze[axes={0}](main:@92) -> float_type, {307200}, {1}
main:@94 = gpu::code_object[code_object=13632,symbol_name=gather_kernel,global=307200,local=1024,](main:@34,main:@93,main:@91) -> float_type, {307200, 64}, {64, 1}
main:@95 = load[offset=1494220800,end=1572864000](main:@1) -> float_type, {307200, 64}, {64, 1}
main:@96 = slice[axes={0},starts={17},ends={18}](main:@62) -> float_type, {1, 307200}, {307200, 1}
main:@97 = squeeze[axes={0}](main:@96) -> float_type, {307200}, {1}
main:@98 = gpu::code_object[code_object=13632,symbol_name=gather_kernel,global=307200,local=1024,](main:@35,main:@97,main:@95) -> float_type, {307200, 64}, {64, 1}
main:@99 = load[offset=1415577600,end=1494220800](main:@1) -> float_type, {307200, 64}, {64, 1}
main:@100 = slice[axes={0},starts={16},ends={17}](main:@62) -> float_type, {1, 307200}, {307200, 1}
main:@101 = squeeze[axes={0}](main:@100) -> float_type, {307200}, {1}
main:@102 = gpu::code_object[code_object=13632,symbol_name=gather_kernel,global=307200,local=1024,](main:@36,main:@101,main:@99) -> float_type, {307200, 64}, {64, 1}
main:@103 = load[offset=1336934400,end=1415577600](main:@1) -> float_type, {307200, 64}, {64, 1}
main:@104 = slice[axes={0},starts={15},ends={16}](main:@62) -> float_type, {1, 307200}, {307200, 1}
main:@105 = squeeze[axes={0}](main:@104) -> float_type, {307200}, {1}
main:@106 = gpu::code_object[code_object=13632,symbol_name=gather_kernel,global=307200,local=1024,](main:@37,main:@105,main:@103) -> float_type, {307200, 64}, {64, 1}
main:@107 = slice[axes={0},starts={14},ends={15}](main:@62) -> float_type, {1, 307200}, {307200, 1}
main:@108 = squeeze[axes={0}](main:@107) -> float_type, {307200}, {1}
main:@109 = load[offset=1258291200,end=1336934400](main:@1) -> float_type, {307200, 64}, {64, 1}
main:@110 = gpu::code_object[code_object=13632,symbol_name=gather_kernel,global=307200,local=1024,](main:@44,main:@108,main:@109) -> float_type, {307200, 64}, {64, 1}
main:@111 = slice[axes={0},starts={13},ends={14}](main:@62) -> float_type, {1, 307200}, {307200, 1}
main:@112 = squeeze[axes={0}](main:@111) -> float_type, {307200}, {1}
main:@113 = load[offset=1179648000,end=1258291200](main:@1) -> float_type, {307200, 64}, {64, 1}
main:@114 = gpu::code_object[code_object=13632,symbol_name=gather_kernel,global=307200,local=1024,](main:@45,main:@112,main:@113) -> float_type, {307200, 64}, {64, 1}
main:@115 = slice[axes={0},starts={12},ends={13}](main:@62) -> float_type, {1, 307200}, {307200, 1}
main:@116 = squeeze[axes={0}](main:@115) -> float_type, {307200}, {1}
main:@117 = load[offset=1101004800,end=1179648000](main:@1) -> float_type, {307200, 64}, {64, 1}
main:@118 = gpu::code_object[code_object=13632,symbol_name=gather_kernel,global=307200,local=1024,](main:@46,main:@116,main:@117) -> float_type, {307200, 64}, {64, 1}
main:@119 = load[offset=1022361600,end=1101004800](main:@1) -> float_type, {307200, 64}, {64, 1}
main:@120 = slice[axes={0},starts={11},ends={12}](main:@62) -> float_type, {1, 307200}, {307200, 1}
main:@121 = squeeze[axes={0}](main:@120) -> float_type, {307200}, {1}
main:@122 = gpu::code_object[code_object=13632,symbol_name=gather_kernel,global=307200,local=1024,](main:@49,main:@121,main:@119) -> float_type, {307200, 64}, {64, 1}
main:@123 = load[offset=943718400,end=1022361600](main:@1) -> float_type, {307200, 64}, {64, 1}
main:@124 = slice[axes={0},starts={10},ends={11}](main:@62) -> float_type, {1, 307200}, {307200, 1}
main:@125 = squeeze[axes={0}](main:@124) -> float_type, {307200}, {1}
main:@126 = gpu::code_object[code_object=13632,symbol_name=gather_kernel,global=307200,local=1024,](main:@50,main:@125,main:@123) -> float_type, {307200, 64}, {64, 1}
main:@127 = load[offset=865075200,end=943718400](main:@1) -> float_type, {307200, 64}, {64, 1}
main:@128 = slice[axes={0},starts={9},ends={10}](main:@62) -> float_type, {1, 307200}, {307200, 1}
main:@129 = squeeze[axes={0}](main:@128) -> float_type, {307200}, {1}
main:@130 = gpu::code_object[code_object=13632,symbol_name=gather_kernel,global=307200,local=1024,](main:@51,main:@129,main:@127) -> float_type, {307200, 64}, {64, 1}
main:@131 = load[offset=786432000,end=865075200](main:@1) -> float_type, {307200, 64}, {64, 1}
main:@132 = slice[axes={0},starts={8},ends={9}](main:@62) -> float_type, {1, 307200}, {307200, 1}
main:@133 = squeeze[axes={0}](main:@132) -> float_type, {307200}, {1}
main:@134 = gpu::code_object[code_object=13632,symbol_name=gather_kernel,global=307200,local=1024,](main:@52,main:@133,main:@131) -> float_type, {307200, 64}, {64, 1}
main:@135 = load[offset=707788800,end=786432000](main:@1) -> float_type, {307200, 64}, {64, 1}
main:@136 = slice[axes={0},starts={7},ends={8}](main:@62) -> float_type, {1, 307200}, {307200, 1}
main:@137 = squeeze[axes={0}](main:@136) -> float_type, {307200}, {1}
main:@138 = gpu::code_object[code_object=13632,symbol_name=gather_kernel,global=307200,local=1024,](main:@53,main:@137,main:@135) -> float_type, {307200, 64}, {64, 1}
main:@139 = load[offset=629145600,end=707788800](main:@1) -> float_type, {307200, 64}, {64, 1}
main:@140 = slice[axes={0},starts={6},ends={7}](main:@62) -> float_type, {1, 307200}, {307200, 1}
main:@141 = squeeze[axes={0}](main:@140) -> float_type, {307200}, {1}
main:@142 = gpu::code_object[code_object=13632,symbol_name=gather_kernel,global=307200,local=1024,](main:@54,main:@141,main:@139) -> float_type, {307200, 64}, {64, 1}
main:@143 = load[offset=550502400,end=629145600](main:@1) -> float_type, {307200, 64}, {64, 1}
main:@144 = slice[axes={0},starts={5},ends={6}](main:@62) -> float_type, {1, 307200}, {307200, 1}
main:@145 = squeeze[axes={0}](main:@144) -> float_type, {307200}, {1}
main:@146 = gpu::code_object[code_object=13632,symbol_name=gather_kernel,global=307200,local=1024,](main:@55,main:@145,main:@143) -> float_type, {307200, 64}, {64, 1}
main:@147 = load[offset=471859200,end=550502400](main:@1) -> float_type, {307200, 64}, {64, 1}
main:@148 = slice[axes={0},starts={4},ends={5}](main:@62) -> float_type, {1, 307200}, {307200, 1}
main:@149 = squeeze[axes={0}](main:@148) -> float_type, {307200}, {1}
main:@150 = gpu::code_object[code_object=13632,symbol_name=gather_kernel,global=307200,local=1024,](main:@56,main:@149,main:@147) -> float_type, {307200, 64}, {64, 1}
main:@151 = load[offset=393216000,end=471859200](main:@1) -> float_type, {307200, 64}, {64, 1}
main:@152 = slice[axes={0},starts={3},ends={4}](main:@62) -> float_type, {1, 307200}, {307200, 1}
main:@153 = squeeze[axes={0}](main:@152) -> float_type, {307200}, {1}
main:@154 = gpu::code_object[code_object=13632,symbol_name=gather_kernel,global=307200,local=1024,](main:@57,main:@153,main:@151) -> float_type, {307200, 64}, {64, 1}
main:@155 = load[offset=314572800,end=393216000](main:@1) -> float_type, {307200, 64}, {64, 1}
main:@156 = slice[axes={0},starts={2},ends={3}](main:@62) -> float_type, {1, 307200}, {307200, 1}
main:@157 = squeeze[axes={0}](main:@156) -> float_type, {307200}, {1}
main:@158 = gpu::code_object[code_object=13632,symbol_name=gather_kernel,global=307200,local=1024,](main:@58,main:@157,main:@155) -> float_type, {307200, 64}, {64, 1}
main:@159 = load[offset=235929600,end=314572800](main:@1) -> float_type, {307200, 64}, {64, 1}
main:@160 = slice[axes={0},starts={1},ends={2}](main:@62) -> float_type, {1, 307200}, {307200, 1}
main:@161 = squeeze[axes={0}](main:@160) -> float_type, {307200}, {1}
main:@162 = gpu::code_object[code_object=13632,symbol_name=gather_kernel,global=307200,local=1024,](main:@59,main:@161,main:@159) -> float_type, {307200, 64}, {64, 1}
main:@163 = load[offset=157286400,end=235929600](main:@1) -> float_type, {307200, 64}, {64, 1}
main:@164 = slice[axes={0},starts={0},ends={1}](main:@62) -> float_type, {1, 307200}, {307200, 1}
main:@165 = squeeze[axes={0}](main:@164) -> float_type, {307200}, {1}
main:@166 = gpu::code_object[code_object=13632,symbol_name=gather_kernel,global=307200,local=1024,](main:@60,main:@165,main:@163) -> float_type, {307200, 64}, {64, 1}
main:@167 = load[offset=0,end=78643200](main:@1) -> float_type, {307200, 64}, {64, 1}
main:@168 = multibroadcast[out_lens={307200, 64},out_dyn_dims={}](main:@38) -> float_type, {307200, 64}, {0, 1}
main:@169 = gpu::code_object[code_object=13632,symbol_name=add_relu_kernel,global=2457600,local=1024,](main:@21,main:@168,main:@167) -> float_type, {307200, 64}, {64, 1}
main:@170 = load[offset=2202009600,end=4325376000](main:@1) -> float_type, {307200, 1728}, {1728, 1}
main:@171 = gpu::code_object[code_object=13632,symbol_name=concat_kernel,global=4915200,local=1024,](main:@169,main:@166,main:@162,main:@158,main:@154,main:@150,main:@146,main:@142,main:@138,main:@134,main:@130,main:@126,main:@122,main:@118,main:@114,main:@110,main:@106,main:@102,main:@98,main:@94,main:@90,main:@86,main:@82,main:@78,main:@74,main:@70,main:@66,main:@170) -> float_type, {307200, 1728}, {1728, 1}
main:@172 = reshape[dims={307200, -1, 64}](main:@171) -> float_type, {307200, 27, 64}, {1728, 64, 1}
main:@173 = transpose[permutation={0, 2, 1}](main:@172) -> float_type, {307200, 64, 27}, {1728, 1, 64}
main:@174 = load[offset=78643200,end=974438400](main:@1) -> float_type, {307200, 27, 27}, {729, 27, 1}
main:@175 = gpu::gemm[alpha=1,beta=0,int8_x4_format=0,compute_fp32=1,trans_batch=0](main:@172,main:@173,main:@174) -> float_type, {307200, 27, 27}, {729, 27, 1}
main:@176 = reshape[dims={307200, 729}](main:@175) -> float_type, {307200, 729}, {729, 1}
main:@177 = load[offset=974438400,end=1405747200](main:@1) -> float_type, {307200, 351}, {351, 1}
main:@178 = gpu::code_object[code_object=13632,symbol_name=gather_kernel,global=307200,local=1024,](main:@176,main:@48,main:@177) -> float_type, {307200, 351}, {351, 1}
main:@179 = load[offset=78643200,end=588595200](main:@1) -> float_type, {307200, 415}, {415, 1}
main:@180 = gpu::code_object[code_object=13632,symbol_name=concat_kernel,global=63744000,local=1024,](main:@169,main:@178,main:@179) -> float_type, {307200, 415}, {415, 1}
main:@181 = load[offset=588595200,end=1217740800](main:@1) -> float_type, {307200, 512}, {512, 1}
main:@182 = gpu::gemm[alpha=1,beta=0,int8_x4_format=0,compute_fp32=1,trans_batch=0](main:@180,main:@22,main:@181) -> float_type, {307200, 512}, {512, 1}
main:@183 = multibroadcast[out_lens={307200, 512},out_dyn_dims={}](main:@42) -> float_type, {307200, 512}, {0, 1}
main:@184 = load[offset=1217740800,end=1846886400](main:@1) -> float_type, {307200, 512}, {512, 1}
main:@185 = gpu::code_object[code_object=13632,symbol_name=add_relu_kernel,global=19660800,local=1024,](main:@182,main:@183,main:@184) -> float_type, {307200, 512}, {512, 1}
main:@186 = load[offset=1846886400,end=2476032000](main:@1) -> float_type, {307200, 512}, {512, 1}
main:@187 = gpu::gemm[alpha=1,beta=0,int8_x4_format=0,compute_fp32=1,trans_batch=0](main:@185,main:@47,main:@186) -> float_type, {307200, 512}, {512, 1}
main:@188 = load[offset=0,end=629145600](main:@1) -> float_type, {307200, 512}, {512, 1}
main:@189 = multibroadcast[out_lens={307200, 512},out_dyn_dims={}](main:@41) -> float_type, {307200, 512}, {0, 1}
main:@190 = gpu::code_object[code_object=13632,symbol_name=add_relu_kernel,global=19660800,local=1024,](main:@187,main:@189,main:@188) -> float_type, {307200, 512}, {512, 1}
main:@191 = load[offset=629145600,end=943718400](main:@1) -> float_type, {307200, 256}, {256, 1}
main:@192 = gpu::gemm[alpha=1,beta=0,int8_x4_format=0,compute_fp32=1,trans_batch=0](main:@190,main:@24,main:@191) -> float_type, {307200, 256}, {256, 1}
main:@193 = load[offset=1228800,end=315801600](main:@1) -> float_type, {307200, 256}, {256, 1}
main:@194 = multibroadcast[out_lens={307200, 256},out_dyn_dims={}](main:@40) -> float_type, {307200, 256}, {0, 1}
main:@195 = gpu::code_object[code_object=13632,symbol_name=add_relu_kernel,global=9830400,local=1024,](main:@192,main:@194,main:@193) -> float_type, {307200, 256}, {256, 1}
main:@196 = load[offset=315801600,end=317030400](main:@1) -> float_type, {307200, 1}, {1, 1}
main:@197 = gpu::gemm[alpha=1,beta=0,int8_x4_format=0,compute_fp32=1,trans_batch=0](main:@195,main:@23,main:@196) -> float_type, {307200, 1}, {1, 1}
main:@198 = multibroadcast[out_lens={307200, 1},out_dyn_dims={}](main:@43) -> float_type, {307200, 1}, {0, 1}
main:@199 = load[offset=0,end=1228800](main:@1) -> float_type, {307200, 1}, {1, 1}
main:@200 = gpu::code_object[code_object=13640,symbol_name=add_sigmoid_kernel,global=153600,local=1024,](main:@197,main:@198,main:@199) -> float_type, {307200, 1}, {1, 1}
main:@201 = hip::copy_from_gpu(main:@200) -> float_type, {307200, 1}, {1, 1}
main:@202 = hip::sync_stream(main:@201) -> float_type, {307200, 1}, {1, 1}
main:@203 = @return(main:@202)


Allocating params ... 
Running performance report ... 
main:@0 = check_context::migraphx::version_2_6_0::gpu::context -> float_type, {}, {}: 0.00186286ms, 1%
main:@1 = hip::hip_allocate_memory[shape=int8_type, {4325376000}, {1},id=main:scratch] -> int8_type, {4325376000}, {1}: 0.00146672ms, 1%
main:@2 = hip::hip_copy_literal[id=main:@literal:0] -> float_type, {13, 512}, {512, 1}: 0.00118304ms, 1%
main:@3 = load[offset=0,end=15974400](main:@1) -> float_type, {307200, 13}, {13, 1}: 0.00140048ms, 1%
input = @param:input -> float_type, {307200, 13}, {13, 1}: 0.00087272ms, 1%
main:@5 = hip::copy_to_gpu(input,main:@3) -> float_type, {307200, 13}, {13, 1}: 1.52265ms, 4%
main:@6 = load[offset=1415577600,end=2044723200](main:@1) -> float_type, {307200, 512}, {512, 1}: 0.00625502ms, 1%
main:@7 = gpu::gemm[alpha=1,beta=0,int8_x4_format=0,compute_fp32=1,trans_batch=0](main:@5,main:@2,main:@6) -> float_type, {307200, 512}, {512, 1}: 0.822689ms, 2%
main:@8 = hip::hip_copy_literal[id=main:@literal:14] -> float_type, {512}, {1}: 0.00484788ms, 1%
main:@9 = hip::hip_copy_literal[id=main:@literal:1] -> float_type, {512, 256}, {256, 1}: 0.00070692ms, 1%
main:@10 = load[offset=786432000,end=1415577600](main:@1) -> float_type, {307200, 512}, {512, 1}: 0.00078532ms, 1%
main:@11 = multibroadcast[out_lens={307200, 512},out_dyn_dims={}](main:@8) -> float_type, {307200, 512}, {0, 1}: 0.0016122ms, 1%
main:@12 = gpu::code_object[code_object=13632,symbol_name=add_relu_kernel,global=19660800,local=1024,](main:@7,main:@11,main:@10) -> float_type, {307200, 512}, {512, 1}: 1.29839ms, 3%
main:@13 = load[offset=471859200,end=786432000](main:@1) -> float_type, {307200, 256}, {256, 1}: 0.00076156ms, 1%
main:@14 = gpu::gemm[alpha=1,beta=0,int8_x4_format=0,compute_fp32=1,trans_batch=0](main:@12,main:@9,main:@13) -> float_type, {307200, 256}, {256, 1}: 2.74649ms, 6%
main:@15 = hip::hip_copy_literal[id=main:@literal:2] -> float_type, {256, 64}, {64, 1}: 0.00313698ms, 1%
main:@16 = hip::hip_copy_literal[id=main:@literal:13] -> float_type, {256}, {1}: 0.00069398ms, 1%
main:@17 = load[offset=157286400,end=471859200](main:@1) -> float_type, {307200, 256}, {256, 1}: 0.00069066ms, 1%
main:@18 = multibroadcast[out_lens={307200, 256},out_dyn_dims={}](main:@16) -> float_type, {307200, 256}, {0, 1}: 0.00105606ms, 1%
main:@19 = gpu::code_object[code_object=13632,symbol_name=add_relu_kernel,global=9830400,local=1024,](main:@14,main:@18,main:@17) -> float_type, {307200, 256}, {256, 1}: 0.659184ms, 2%
main:@20 = load[offset=78643200,end=157286400](main:@1) -> float_type, {307200, 64}, {64, 1}: 0.00075096ms, 1%
main:@21 = gpu::gemm[alpha=1,beta=0,int8_x4_format=0,compute_fp32=1,trans_batch=0](main:@19,main:@15,main:@20) -> float_type, {307200, 64}, {64, 1}: 0.470599ms, 1%
main:@22 = hip::hip_copy_literal[id=main:@literal:3] -> float_type, {415, 512}, {512, 1}: 0.000827ms, 1%
main:@23 = hip::hip_copy_literal[id=main:@literal:6] -> float_type, {256, 1}, {1, 1}: 0.0029342ms, 1%
main:@24 = hip::hip_copy_literal[id=main:@literal:5] -> float_type, {512, 256}, {256, 1}: 0.00052066ms, 1%
main:@25 = load[offset=157286400,end=221184000](main:@1) -> int64_type, {26, 307200}, {307200, 1}: 0.00092428ms, 1%
lS_i = @param:lS_i -> int64_type, {26, 307200}, {307200, 1}: 0.00082204ms, 1%
main:@27 = hip::copy_to_gpu(lS_i,main:@25) -> int64_type, {26, 307200}, {307200, 1}: 6.58331ms, 14%
main:@28 = hip::hip_copy_literal[id=main:@literal:15] -> float_type, {36, 64}, {64, 1}: 0.00592728ms, 1%
main:@29 = hip::hip_copy_literal[id=main:@literal:17] -> float_type, {12420, 64}, {64, 1}: 0.00075446ms, 1%
main:@30 = hip::hip_copy_literal[id=main:@literal:18] -> float_type, {415421, 64}, {64, 1}: 0.0009465ms, 1%
main:@31 = hip::hip_copy_literal[id=main:@literal:19] -> float_type, {9946608, 64}, {64, 1}: 0.00059348ms, 1%
main:@32 = hip::hip_copy_literal[id=main:@literal:20] -> float_type, {7267859, 64}, {64, 1}: 0.00077672ms, 1%
main:@33 = hip::hip_copy_literal[id=main:@literal:21] -> float_type, {9994222, 64}, {64, 1}: 0.00065706ms, 1%
main:@34 = hip::hip_copy_literal[id=main:@literal:22] -> float_type, {14, 64}, {64, 1}: 0.00071762ms, 1%
main:@35 = hip::hip_copy_literal[id=main:@literal:23] -> float_type, {970, 64}, {64, 1}: 0.00065612ms, 1%
main:@36 = hip::hip_copy_literal[id=main:@literal:24] -> float_type, {4, 64}, {64, 1}: 0.00072988ms, 1%
main:@37 = hip::hip_copy_literal[id=main:@literal:25] -> float_type, {122, 64}, {64, 1}: 0.00061344ms, 1%
main:@38 = hip::hip_copy_literal[id=main:@literal:12] -> float_type, {64}, {1}: 0.00065938ms, 1%
main:@39 = hip::hip_copy_literal[id=main:@literal:16] -> float_type, {101, 64}, {64, 1}: 0.00057666ms, 1%
main:@40 = hip::hip_copy_literal[id=main:@literal:9] -> float_type, {256}, {1}: 0.0006201ms, 1%
main:@41 = hip::hip_copy_literal[id=main:@literal:10] -> float_type, {512}, {1}: 0.00064866ms, 1%
main:@42 = hip::hip_copy_literal[id=main:@literal:11] -> float_type, {512}, {1}: 0.00065824ms, 1%
main:@43 = hip::hip_copy_literal[id=main:@literal:8] -> float_type, {1}, {1}: 0.0005679ms, 1%
main:@44 = hip::hip_copy_literal[id=main:@literal:26] -> float_type, {11156, 64}, {64, 1}: 0.00074772ms, 1%
main:@45 = hip::hip_copy_literal[id=main:@literal:27] -> float_type, {2208, 64}, {64, 1}: 0.00066368ms, 1%
main:@46 = hip::hip_copy_literal[id=main:@literal:28] -> float_type, {10, 64}, {64, 1}: 0.00063272ms, 1%
main:@47 = hip::hip_copy_literal[id=main:@literal:4] -> float_type, {512, 512}, {512, 1}: 0.00052604ms, 1%
main:@48 = hip::hip_copy_literal[id=main:@literal:7] -> float_type, {351}, {1}: 0.00058344ms, 1%
main:@49 = hip::hip_copy_literal[id=main:@literal:29] -> float_type, {313829, 64}, {64, 1}: 0.0007567ms, 1%
main:@50 = hip::hip_copy_literal[id=main:@literal:30] -> float_type, {1333352, 64}, {64, 1}: 0.00071704ms, 1%
main:@51 = hip::hip_copy_literal[id=main:@literal:31] -> float_type, {9758201, 64}, {64, 1}: 0.00061104ms, 1%
main:@52 = hip::hip_copy_literal[id=main:@literal:32] -> float_type, {61, 64}, {64, 1}: 0.00059092ms, 1%
main:@53 = hip::hip_copy_literal[id=main:@literal:33] -> float_type, {1442, 64}, {64, 1}: 0.0005966ms, 1%
main:@54 = hip::hip_copy_literal[id=main:@literal:34] -> float_type, {7112, 64}, {64, 1}: 0.00062192ms, 1%
main:@55 = hip::hip_copy_literal[id=main:@literal:35] -> float_type, {3, 64}, {64, 1}: 0.00054454ms, 1%
main:@56 = hip::hip_copy_literal[id=main:@literal:36] -> float_type, {20134, 64}, {64, 1}: 0.00056008ms, 1%
main:@57 = hip::hip_copy_literal[id=main:@literal:37] -> float_type, {7378, 64}, {64, 1}: 0.00058876ms, 1%
main:@58 = hip::hip_copy_literal[id=main:@literal:38] -> float_type, {17217, 64}, {64, 1}: 0.00053944ms, 1%
main:@59 = hip::hip_copy_literal[id=main:@literal:39] -> float_type, {36084, 64}, {64, 1}: 0.00059564ms, 1%
main:@60 = hip::hip_copy_literal[id=main:@literal:40] -> float_type, {9980333, 64}, {64, 1}: 0.00057724ms, 1%
main:@61 = load[offset=0,end=31948800](main:@1) -> float_type, {26, 307200}, {307200, 1}: 0.00113898ms, 1%
main:@62 = gpu::code_object[code_object=13632,symbol_name=convert_kernel,global=1996800,local=1024,](main:@27,main:@61) -> float_type, {26, 307200}, {307200, 1}: 0.120458ms, 1%
main:@63 = load[offset=2123366400,end=2202009600](main:@1) -> float_type, {307200, 64}, {64, 1}: 0.0007855ms, 1%
main:@64 = slice[axes={0},starts={25},ends={26}](main:@62) -> float_type, {1, 307200}, {307200, 1}: 0.00228356ms, 1%
main:@65 = squeeze[axes={0}](main:@64) -> float_type, {307200}, {1}: 0.00181362ms, 1%
main:@66 = gpu::code_object[code_object=13632,symbol_name=gather_kernel,global=307200,local=1024,](main:@28,main:@65,main:@63) -> float_type, {307200, 64}, {64, 1}: 0.160236ms, 1%
main:@67 = slice[axes={0},starts={24},ends={25}](main:@62) -> float_type, {1, 307200}, {307200, 1}: 0.00442028ms, 1%
main:@68 = squeeze[axes={0}](main:@67) -> float_type, {307200}, {1}: 0.0011993ms, 1%
main:@69 = load[offset=2044723200,end=2123366400](main:@1) -> float_type, {307200, 64}, {64, 1}: 0.000626ms, 1%
main:@70 = gpu::code_object[code_object=13632,symbol_name=gather_kernel,global=307200,local=1024,](main:@39,main:@68,main:@69) -> float_type, {307200, 64}, {64, 1}: 0.157774ms, 1%
main:@71 = slice[axes={0},starts={23},ends={24}](main:@62) -> float_type, {1, 307200}, {307200, 1}: 0.0033031ms, 1%
main:@72 = squeeze[axes={0}](main:@71) -> float_type, {307200}, {1}: 0.00111736ms, 1%
main:@73 = load[offset=1966080000,end=2044723200](main:@1) -> float_type, {307200, 64}, {64, 1}: 0.00061154ms, 1%
main:@74 = gpu::code_object[code_object=13632,symbol_name=gather_kernel,global=307200,local=1024,](main:@29,main:@72,main:@73) -> float_type, {307200, 64}, {64, 1}: 0.158587ms, 1%
main:@75 = slice[axes={0},starts={22},ends={23}](main:@62) -> float_type, {1, 307200}, {307200, 1}: 0.00331792ms, 1%
main:@76 = squeeze[axes={0}](main:@75) -> float_type, {307200}, {1}: 0.0010601ms, 1%
main:@77 = load[offset=1887436800,end=1966080000](main:@1) -> float_type, {307200, 64}, {64, 1}: 0.00063864ms, 1%
main:@78 = gpu::code_object[code_object=13632,symbol_name=gather_kernel,global=307200,local=1024,](main:@30,main:@76,main:@77) -> float_type, {307200, 64}, {64, 1}: 0.157892ms, 1%
main:@79 = slice[axes={0},starts={21},ends={22}](main:@62) -> float_type, {1, 307200}, {307200, 1}: 0.00245472ms, 1%
main:@80 = squeeze[axes={0}](main:@79) -> float_type, {307200}, {1}: 0.00104504ms, 1%
main:@81 = load[offset=1808793600,end=1887436800](main:@1) -> float_type, {307200, 64}, {64, 1}: 0.00059148ms, 1%
main:@82 = gpu::code_object[code_object=13632,symbol_name=gather_kernel,global=307200,local=1024,](main:@31,main:@80,main:@81) -> float_type, {307200, 64}, {64, 1}: 0.158484ms, 1%
main:@83 = slice[axes={0},starts={20},ends={21}](main:@62) -> float_type, {1, 307200}, {307200, 1}: 0.00209844ms, 1%
main:@84 = squeeze[axes={0}](main:@83) -> float_type, {307200}, {1}: 0.00103504ms, 1%
main:@85 = load[offset=1730150400,end=1808793600](main:@1) -> float_type, {307200, 64}, {64, 1}: 0.00061464ms, 1%
main:@86 = gpu::code_object[code_object=13632,symbol_name=gather_kernel,global=307200,local=1024,](main:@32,main:@84,main:@85) -> float_type, {307200, 64}, {64, 1}: 0.158268ms, 1%
main:@87 = slice[axes={0},starts={19},ends={20}](main:@62) -> float_type, {1, 307200}, {307200, 1}: 0.00213556ms, 1%
main:@88 = squeeze[axes={0}](main:@87) -> float_type, {307200}, {1}: 0.00103506ms, 1%
main:@89 = load[offset=1651507200,end=1730150400](main:@1) -> float_type, {307200, 64}, {64, 1}: 0.00059294ms, 1%
main:@90 = gpu::code_object[code_object=13632,symbol_name=gather_kernel,global=307200,local=1024,](main:@33,main:@88,main:@89) -> float_type, {307200, 64}, {64, 1}: 0.157177ms, 1%
main:@91 = load[offset=1572864000,end=1651507200](main:@1) -> float_type, {307200, 64}, {64, 1}: 0.00074664ms, 1%
main:@92 = slice[axes={0},starts={18},ends={19}](main:@62) -> float_type, {1, 307200}, {307200, 1}: 0.00145258ms, 1%
main:@93 = squeeze[axes={0}](main:@92) -> float_type, {307200}, {1}: 0.0010476ms, 1%
main:@94 = gpu::code_object[code_object=13632,symbol_name=gather_kernel,global=307200,local=1024,](main:@34,main:@93,main:@91) -> float_type, {307200, 64}, {64, 1}: 0.157733ms, 1%
main:@95 = load[offset=1494220800,end=1572864000](main:@1) -> float_type, {307200, 64}, {64, 1}: 0.00074402ms, 1%
main:@96 = slice[axes={0},starts={17},ends={18}](main:@62) -> float_type, {1, 307200}, {307200, 1}: 0.00292302ms, 1%
main:@97 = squeeze[axes={0}](main:@96) -> float_type, {307200}, {1}: 0.00100262ms, 1%
main:@98 = gpu::code_object[code_object=13632,symbol_name=gather_kernel,global=307200,local=1024,](main:@35,main:@97,main:@95) -> float_type, {307200, 64}, {64, 1}: 0.158026ms, 1%
main:@99 = load[offset=1415577600,end=1494220800](main:@1) -> float_type, {307200, 64}, {64, 1}: 0.00074952ms, 1%
main:@100 = slice[axes={0},starts={16},ends={17}](main:@62) -> float_type, {1, 307200}, {307200, 1}: 0.00260696ms, 1%
main:@101 = squeeze[axes={0}](main:@100) -> float_type, {307200}, {1}: 0.00099224ms, 1%
main:@102 = gpu::code_object[code_object=13632,symbol_name=gather_kernel,global=307200,local=1024,](main:@36,main:@101,main:@99) -> float_type, {307200, 64}, {64, 1}: 0.157611ms, 1%
main:@103 = load[offset=1336934400,end=1415577600](main:@1) -> float_type, {307200, 64}, {64, 1}: 0.00073736ms, 1%
main:@104 = slice[axes={0},starts={15},ends={16}](main:@62) -> float_type, {1, 307200}, {307200, 1}: 0.00262484ms, 1%
main:@105 = squeeze[axes={0}](main:@104) -> float_type, {307200}, {1}: 0.00097774ms, 1%
main:@106 = gpu::code_object[code_object=13632,symbol_name=gather_kernel,global=307200,local=1024,](main:@37,main:@105,main:@103) -> float_type, {307200, 64}, {64, 1}: 0.157784ms, 1%
main:@107 = slice[axes={0},starts={14},ends={15}](main:@62) -> float_type, {1, 307200}, {307200, 1}: 0.00216968ms, 1%
main:@108 = squeeze[axes={0}](main:@107) -> float_type, {307200}, {1}: 0.00103954ms, 1%
main:@109 = load[offset=1258291200,end=1336934400](main:@1) -> float_type, {307200, 64}, {64, 1}: 0.00060024ms, 1%
main:@110 = gpu::code_object[code_object=13632,symbol_name=gather_kernel,global=307200,local=1024,](main:@44,main:@108,main:@109) -> float_type, {307200, 64}, {64, 1}: 0.157704ms, 1%
main:@111 = slice[axes={0},starts={13},ends={14}](main:@62) -> float_type, {1, 307200}, {307200, 1}: 0.00315822ms, 1%
main:@112 = squeeze[axes={0}](main:@111) -> float_type, {307200}, {1}: 0.00098208ms, 1%
main:@113 = load[offset=1179648000,end=1258291200](main:@1) -> float_type, {307200, 64}, {64, 1}: 0.00061128ms, 1%
main:@114 = gpu::code_object[code_object=13632,symbol_name=gather_kernel,global=307200,local=1024,](main:@45,main:@112,main:@113) -> float_type, {307200, 64}, {64, 1}: 0.157662ms, 1%
main:@115 = slice[axes={0},starts={12},ends={13}](main:@62) -> float_type, {1, 307200}, {307200, 1}: 0.00282742ms, 1%
main:@116 = squeeze[axes={0}](main:@115) -> float_type, {307200}, {1}: 0.00094256ms, 1%
main:@117 = load[offset=1101004800,end=1179648000](main:@1) -> float_type, {307200, 64}, {64, 1}: 0.0006067ms, 1%
main:@118 = gpu::code_object[code_object=13632,symbol_name=gather_kernel,global=307200,local=1024,](main:@46,main:@116,main:@117) -> float_type, {307200, 64}, {64, 1}: 0.157124ms, 1%
main:@119 = load[offset=1022361600,end=1101004800](main:@1) -> float_type, {307200, 64}, {64, 1}: 0.0007706ms, 1%
main:@120 = slice[axes={0},starts={11},ends={12}](main:@62) -> float_type, {1, 307200}, {307200, 1}: 0.00187956ms, 1%
main:@121 = squeeze[axes={0}](main:@120) -> float_type, {307200}, {1}: 0.00087738ms, 1%
main:@122 = gpu::code_object[code_object=13632,symbol_name=gather_kernel,global=307200,local=1024,](main:@49,main:@121,main:@119) -> float_type, {307200, 64}, {64, 1}: 0.157092ms, 1%
main:@123 = load[offset=943718400,end=1022361600](main:@1) -> float_type, {307200, 64}, {64, 1}: 0.0007861ms, 1%
main:@124 = slice[axes={0},starts={10},ends={11}](main:@62) -> float_type, {1, 307200}, {307200, 1}: 0.00149844ms, 1%
main:@125 = squeeze[axes={0}](main:@124) -> float_type, {307200}, {1}: 0.00085258ms, 1%
main:@126 = gpu::code_object[code_object=13632,symbol_name=gather_kernel,global=307200,local=1024,](main:@50,main:@125,main:@123) -> float_type, {307200, 64}, {64, 1}: 0.157025ms, 1%
main:@127 = load[offset=865075200,end=943718400](main:@1) -> float_type, {307200, 64}, {64, 1}: 0.00073362ms, 1%
main:@128 = slice[axes={0},starts={9},ends={10}](main:@62) -> float_type, {1, 307200}, {307200, 1}: 0.00203044ms, 1%
main:@129 = squeeze[axes={0}](main:@128) -> float_type, {307200}, {1}: 0.00084192ms, 1%
main:@130 = gpu::code_object[code_object=13632,symbol_name=gather_kernel,global=307200,local=1024,](main:@51,main:@129,main:@127) -> float_type, {307200, 64}, {64, 1}: 0.156957ms, 1%
main:@131 = load[offset=786432000,end=865075200](main:@1) -> float_type, {307200, 64}, {64, 1}: 0.0007349ms, 1%
main:@132 = slice[axes={0},starts={8},ends={9}](main:@62) -> float_type, {1, 307200}, {307200, 1}: 0.00164206ms, 1%
main:@133 = squeeze[axes={0}](main:@132) -> float_type, {307200}, {1}: 0.00083646ms, 1%
main:@134 = gpu::code_object[code_object=13632,symbol_name=gather_kernel,global=307200,local=1024,](main:@52,main:@133,main:@131) -> float_type, {307200, 64}, {64, 1}: 0.156898ms, 1%
main:@135 = load[offset=707788800,end=786432000](main:@1) -> float_type, {307200, 64}, {64, 1}: 0.0007717ms, 1%
main:@136 = slice[axes={0},starts={7},ends={8}](main:@62) -> float_type, {1, 307200}, {307200, 1}: 0.00160018ms, 1%
main:@137 = squeeze[axes={0}](main:@136) -> float_type, {307200}, {1}: 0.00086556ms, 1%
main:@138 = gpu::code_object[code_object=13632,symbol_name=gather_kernel,global=307200,local=1024,](main:@53,main:@137,main:@135) -> float_type, {307200, 64}, {64, 1}: 0.156917ms, 1%
main:@139 = load[offset=629145600,end=707788800](main:@1) -> float_type, {307200, 64}, {64, 1}: 0.00073566ms, 1%
main:@140 = slice[axes={0},starts={6},ends={7}](main:@62) -> float_type, {1, 307200}, {307200, 1}: 0.00163418ms, 1%
main:@141 = squeeze[axes={0}](main:@140) -> float_type, {307200}, {1}: 0.00099082ms, 1%
main:@142 = gpu::code_object[code_object=13632,symbol_name=gather_kernel,global=307200,local=1024,](main:@54,main:@141,main:@139) -> float_type, {307200, 64}, {64, 1}: 0.157358ms, 1%
main:@143 = load[offset=550502400,end=629145600](main:@1) -> float_type, {307200, 64}, {64, 1}: 0.00074378ms, 1%
main:@144 = slice[axes={0},starts={5},ends={6}](main:@62) -> float_type, {1, 307200}, {307200, 1}: 0.00141062ms, 1%
main:@145 = squeeze[axes={0}](main:@144) -> float_type, {307200}, {1}: 0.00109544ms, 1%
main:@146 = gpu::code_object[code_object=13632,symbol_name=gather_kernel,global=307200,local=1024,](main:@55,main:@145,main:@143) -> float_type, {307200, 64}, {64, 1}: 0.1573ms, 1%
main:@147 = load[offset=471859200,end=550502400](main:@1) -> float_type, {307200, 64}, {64, 1}: 0.00078708ms, 1%
main:@148 = slice[axes={0},starts={4},ends={5}](main:@62) -> float_type, {1, 307200}, {307200, 1}: 0.00094754ms, 1%
main:@149 = squeeze[axes={0}](main:@148) -> float_type, {307200}, {1}: 0.00104558ms, 1%
main:@150 = gpu::code_object[code_object=13632,symbol_name=gather_kernel,global=307200,local=1024,](main:@56,main:@149,main:@147) -> float_type, {307200, 64}, {64, 1}: 0.156727ms, 1%
main:@151 = load[offset=393216000,end=471859200](main:@1) -> float_type, {307200, 64}, {64, 1}: 0.00074918ms, 1%
main:@152 = slice[axes={0},starts={3},ends={4}](main:@62) -> float_type, {1, 307200}, {307200, 1}: 0.00133852ms, 1%
main:@153 = squeeze[axes={0}](main:@152) -> float_type, {307200}, {1}: 0.00099854ms, 1%
main:@154 = gpu::code_object[code_object=13632,symbol_name=gather_kernel,global=307200,local=1024,](main:@57,main:@153,main:@151) -> float_type, {307200, 64}, {64, 1}: 0.15749ms, 1%
main:@155 = load[offset=314572800,end=393216000](main:@1) -> float_type, {307200, 64}, {64, 1}: 0.00075436ms, 1%
main:@156 = slice[axes={0},starts={2},ends={3}](main:@62) -> float_type, {1, 307200}, {307200, 1}: 0.00096012ms, 1%
main:@157 = squeeze[axes={0}](main:@156) -> float_type, {307200}, {1}: 0.001025ms, 1%
main:@158 = gpu::code_object[code_object=13632,symbol_name=gather_kernel,global=307200,local=1024,](main:@58,main:@157,main:@155) -> float_type, {307200, 64}, {64, 1}: 0.157331ms, 1%
main:@159 = load[offset=235929600,end=314572800](main:@1) -> float_type, {307200, 64}, {64, 1}: 0.00075364ms, 1%
main:@160 = slice[axes={0},starts={1},ends={2}](main:@62) -> float_type, {1, 307200}, {307200, 1}: 0.0009579ms, 1%
main:@161 = squeeze[axes={0}](main:@160) -> float_type, {307200}, {1}: 0.00107568ms, 1%
main:@162 = gpu::code_object[code_object=13632,symbol_name=gather_kernel,global=307200,local=1024,](main:@59,main:@161,main:@159) -> float_type, {307200, 64}, {64, 1}: 0.157576ms, 1%
main:@163 = load[offset=157286400,end=235929600](main:@1) -> float_type, {307200, 64}, {64, 1}: 0.0007591ms, 1%
main:@164 = slice[axes={0},starts={0},ends={1}](main:@62) -> float_type, {1, 307200}, {307200, 1}: 0.00093076ms, 1%
main:@165 = squeeze[axes={0}](main:@164) -> float_type, {307200}, {1}: 0.00104792ms, 1%
main:@166 = gpu::code_object[code_object=13632,symbol_name=gather_kernel,global=307200,local=1024,](main:@60,main:@165,main:@163) -> float_type, {307200, 64}, {64, 1}: 0.155709ms, 1%
main:@167 = load[offset=0,end=78643200](main:@1) -> float_type, {307200, 64}, {64, 1}: 0.00075438ms, 1%
main:@168 = multibroadcast[out_lens={307200, 64},out_dyn_dims={}](main:@38) -> float_type, {307200, 64}, {0, 1}: 0.00146832ms, 1%
main:@169 = gpu::code_object[code_object=13632,symbol_name=add_relu_kernel,global=2457600,local=1024,](main:@21,main:@168,main:@167) -> float_type, {307200, 64}, {64, 1}: 0.18006ms, 1%
main:@170 = load[offset=2202009600,end=4325376000](main:@1) -> float_type, {307200, 1728}, {1728, 1}: 0.000752ms, 1%
main:@171 = gpu::code_object[code_object=13632,symbol_name=concat_kernel,global=4915200,local=1024,](main:@169,main:@166,main:@162,main:@158,main:@154,main:@150,main:@146,main:@142,main:@138,main:@134,main:@130,main:@126,main:@122,main:@118,main:@114,main:@110,main:@106,main:@102,main:@98,main:@94,main:@90,main:@86,main:@82,main:@78,main:@74,main:@70,main:@66,main:@170) -> float_type, {307200, 1728}, {1728, 1}: 4.77937ms, 10%
main:@172 = reshape[dims={307200, -1, 64}](main:@171) -> float_type, {307200, 27, 64}, {1728, 64, 1}: 0.00280638ms, 1%
main:@173 = transpose[permutation={0, 2, 1}](main:@172) -> float_type, {307200, 64, 27}, {1728, 1, 64}: 0.00120848ms, 1%
main:@174 = load[offset=78643200,end=974438400](main:@1) -> float_type, {307200, 27, 27}, {729, 27, 1}: 0.0006874ms, 1%
main:@175 = gpu::gemm[alpha=1,beta=0,int8_x4_format=0,compute_fp32=1,trans_batch=0](main:@172,main:@173,main:@174) -> float_type, {307200, 27, 27}, {729, 27, 1}: 4.60357ms, 10%
main:@176 = reshape[dims={307200, 729}](main:@175) -> float_type, {307200, 729}, {729, 1}: 0.0036146ms, 1%
main:@177 = load[offset=974438400,end=1405747200](main:@1) -> float_type, {307200, 351}, {351, 1}: 0.00067622ms, 1%
main:@178 = gpu::code_object[code_object=13632,symbol_name=gather_kernel,global=307200,local=1024,](main:@176,main:@48,main:@177) -> float_type, {307200, 351}, {351, 1}: 1.64446ms, 4%
main:@179 = load[offset=78643200,end=588595200](main:@1) -> float_type, {307200, 415}, {415, 1}: 0.00072452ms, 1%
main:@180 = gpu::code_object[code_object=13632,symbol_name=concat_kernel,global=63744000,local=1024,](main:@169,main:@178,main:@179) -> float_type, {307200, 415}, {415, 1}: 1.21757ms, 3%
main:@181 = load[offset=588595200,end=1217740800](main:@1) -> float_type, {307200, 512}, {512, 1}: 0.0007148ms, 1%
main:@182 = gpu::gemm[alpha=1,beta=0,int8_x4_format=0,compute_fp32=1,trans_batch=0](main:@180,main:@22,main:@181) -> float_type, {307200, 512}, {512, 1}: 5.76712ms, 12%
main:@183 = multibroadcast[out_lens={307200, 512},out_dyn_dims={}](main:@42) -> float_type, {307200, 512}, {0, 1}: 0.0040874ms, 1%
main:@184 = load[offset=1217740800,end=1846886400](main:@1) -> float_type, {307200, 512}, {512, 1}: 0.0006521ms, 1%
main:@185 = gpu::code_object[code_object=13632,symbol_name=add_relu_kernel,global=19660800,local=1024,](main:@182,main:@183,main:@184) -> float_type, {307200, 512}, {512, 1}: 1.30587ms, 3%
main:@186 = load[offset=1846886400,end=2476032000](main:@1) -> float_type, {307200, 512}, {512, 1}: 0.00071468ms, 1%
main:@187 = gpu::gemm[alpha=1,beta=0,int8_x4_format=0,compute_fp32=1,trans_batch=0](main:@185,main:@47,main:@186) -> float_type, {307200, 512}, {512, 1}: 6.0024ms, 13%
main:@188 = load[offset=0,end=629145600](main:@1) -> float_type, {307200, 512}, {512, 1}: 0.0032824ms, 1%
main:@189 = multibroadcast[out_lens={307200, 512},out_dyn_dims={}](main:@41) -> float_type, {307200, 512}, {0, 1}: 0.0009964ms, 1%
main:@190 = gpu::code_object[code_object=13632,symbol_name=add_relu_kernel,global=19660800,local=1024,](main:@187,main:@189,main:@188) -> float_type, {307200, 512}, {512, 1}: 1.30043ms, 3%
main:@191 = load[offset=629145600,end=943718400](main:@1) -> float_type, {307200, 256}, {256, 1}: 0.00073496ms, 1%
main:@192 = gpu::gemm[alpha=1,beta=0,int8_x4_format=0,compute_fp32=1,trans_batch=0](main:@190,main:@24,main:@191) -> float_type, {307200, 256}, {256, 1}: 2.91996ms, 6%
main:@193 = load[offset=1228800,end=315801600](main:@1) -> float_type, {307200, 256}, {256, 1}: 0.00261458ms, 1%
main:@194 = multibroadcast[out_lens={307200, 256},out_dyn_dims={}](main:@40) -> float_type, {307200, 256}, {0, 1}: 0.00095584ms, 1%
main:@195 = gpu::code_object[code_object=13632,symbol_name=add_relu_kernel,global=9830400,local=1024,](main:@192,main:@194,main:@193) -> float_type, {307200, 256}, {256, 1}: 0.659881ms, 2%
main:@196 = load[offset=315801600,end=317030400](main:@1) -> float_type, {307200, 1}, {1, 1}: 0.00072052ms, 1%
main:@197 = gpu::gemm[alpha=1,beta=0,int8_x4_format=0,compute_fp32=1,trans_batch=0](main:@195,main:@23,main:@196) -> float_type, {307200, 1}, {1, 1}: 0.420705ms, 1%
main:@198 = multibroadcast[out_lens={307200, 1},out_dyn_dims={}](main:@43) -> float_type, {307200, 1}, {0, 1}: 0.00419564ms, 1%
main:@199 = load[offset=0,end=1228800](main:@1) -> float_type, {307200, 1}, {1, 1}: 0.00065684ms, 1%
main:@200 = gpu::code_object[code_object=13640,symbol_name=add_sigmoid_kernel,global=153600,local=1024,](main:@197,main:@198,main:@199) -> float_type, {307200, 1}, {1, 1}: 0.0210376ms, 1%
main:@201 = hip::copy_from_gpu(main:@200) -> float_type, {307200, 1}, {1, 1}: 0.339563ms, 1%
main:@202 = hip::sync_stream(main:@201) -> float_type, {307200, 1}, {1, 1}: 0.00535284ms, 1%
main:@203 = @return(main:@202)
Summary:
gpu::gemm: 23.7535ms / 8 = 2.96919ms, 48%
hip::copy_to_gpu: 8.10596ms / 2 = 4.05298ms, 17%
gpu::code_object::concat_kernel: 5.99694ms / 2 = 2.99847ms, 13%
gpu::code_object::gather_kernel: 5.7409ms / 27 = 0.212626ms, 12%
gpu::code_object::add_relu_kernel: 5.40381ms / 6 = 0.900636ms, 11%
hip::copy_from_gpu: 0.339563ms / 1 = 0.339563ms, 1%
gpu::code_object::convert_kernel: 0.120458ms / 1 = 0.120458ms, 1%
slice: 0.0546066ms / 26 = 0.00210025ms, 1%
load: 0.0447289ms / 47 = 0.000951678ms, 1%
hip::hip_copy_literal: 0.0414077ms / 41 = 0.00100994ms, 1%
squeeze: 0.0268428ms / 26 = 0.00103241ms, 1%
gpu::code_object::add_sigmoid_kernel: 0.0210376ms / 1 = 0.0210376ms, 1%
multibroadcast: 0.0143719ms / 7 = 0.00205312ms, 1%
reshape: 0.00642098ms / 2 = 0.00321049ms, 1%
hip::sync_stream: 0.00535284ms / 1 = 0.00535284ms, 1%
check_context::migraphx::version_2_6_0::gpu::context: 0.00186286ms / 1 = 0.00186286ms, 1%
@param: 0.00169476ms / 2 = 0.00084738ms, 1%
hip::hip_allocate_memory: 0.00146672ms / 1 = 0.00146672ms, 1%
transpose: 0.00120848ms / 1 = 0.00120848ms, 1%

Batch size: 1
Rate: 20.8464/sec
Total time: 47.9698ms
Total instructions time: 49.6822ms
Overhead time: 0.0429467ms, -1.71235ms
Overhead: 0%, -4%
