Compiling ... 
Reading: /new-saved-models/slim/vgg16_i1.pb
module: "main"
@0 = check_context::migraphx::gpu::context  -> float_type, {}, {}, target_id=0
@1 = hip::hip_allocate_memory[shape=int8_type, {25690112}, {1},id=main:scratch] -> int8_type, {25690112}, {1}, target_id=0
@2 = hip::hip_copy_literal[id=main:@literal:8] -> float_type, {64, 3, 3, 3}, {27, 9, 3, 1}, target_id=0
@3 = hip::hip_copy_literal[id=main:@literal:30] -> float_type, {64}, {1}, target_id=0
@4 = hip::hip_copy_literal[id=main:@literal:31] -> float_type, {64}, {1}, target_id=0
@5 = hip::hip_copy_literal[id=main:@literal:12] -> float_type, {64, 64, 3, 3}, {576, 9, 3, 1}, target_id=0
@6 = load[offset=12845056,end=25690112](@1) -> float_type, {1, 64, 224, 224}, {3211264, 50176, 224, 1}, target_id=0
@7 = broadcast[axis=1,out_lens={1, 64, 224, 224}](@4) -> float_type, {1, 64, 224, 224}, {0, 1, 0, 0}, target_id=0
input = @param:input -> float_type, {1, 3, 224, 224}, {150528, 50176, 224, 1}, target_id=0
@9 = gpu::miopen_fusion[ops={{op=convolution[padding={1, 1, 1, 1},stride={1, 1},dilation={1, 1},group=1,padding_mode=0],alpha=1,beta=0}, {op=add,alpha=1,beta=0}, {op=relu,alpha=1,beta=0}}](input,@2,@7,@6) -> float_type, {1, 64, 224, 224}, {3211264, 50176, 224, 1}, target_id=0
@10 = load[offset=0,end=12845056](@1) -> float_type, {1, 64, 224, 224}, {3211264, 50176, 224, 1}, target_id=0
@11 = broadcast[axis=1,out_lens={1, 64, 224, 224}](@3) -> float_type, {1, 64, 224, 224}, {0, 1, 0, 0}, target_id=0
@12 = gpu::miopen_fusion[ops={{op=convolution[padding={1, 1, 1, 1},stride={1, 1},dilation={1, 1},group=1,padding_mode=0],alpha=1,beta=0}, {op=add,alpha=1,beta=0}, {op=relu,alpha=1,beta=0}}](@9,@5,@11,@10) -> float_type, {1, 64, 224, 224}, {3211264, 50176, 224, 1}, target_id=0
@13 = load[offset=12845056,end=16056320](@1) -> float_type, {1, 64, 112, 112}, {802816, 12544, 112, 1}, target_id=0
@14 = gpu::pooling[mode=max,padding={0, 0, 0, 0},stride={2, 2},lengths={2, 2},ceil_mode=0,lp_order=2,dyn_global=0](@12,@13) -> float_type, {1, 64, 112, 112}, {802816, 12544, 112, 1}, target_id=0
@15 = hip::hip_copy_literal[id=main:@literal:9] -> float_type, {128, 128, 3, 3}, {1152, 9, 3, 1}, target_id=0
@16 = hip::hip_copy_literal[id=main:@literal:11] -> float_type, {128, 64, 3, 3}, {576, 9, 3, 1}, target_id=0
@17 = hip::hip_copy_literal[id=main:@literal:28] -> float_type, {128}, {1}, target_id=0
@18 = hip::hip_copy_literal[id=main:@literal:29] -> float_type, {128}, {1}, target_id=0
@19 = load[offset=16056320,end=22478848](@1) -> float_type, {1, 128, 112, 112}, {1605632, 12544, 112, 1}, target_id=0
@20 = broadcast[axis=1,out_lens={1, 128, 112, 112}](@18) -> float_type, {1, 128, 112, 112}, {0, 1, 0, 0}, target_id=0
@21 = gpu::miopen_fusion[ops={{op=convolution[padding={1, 1, 1, 1},stride={1, 1},dilation={1, 1},group=1,padding_mode=0],alpha=1,beta=0}, {op=add,alpha=1,beta=0}, {op=relu,alpha=1,beta=0}}](@14,@16,@20,@19) -> float_type, {1, 128, 112, 112}, {1605632, 12544, 112, 1}, target_id=0
@22 = load[offset=6422528,end=12845056](@1) -> float_type, {1, 128, 112, 112}, {1605632, 12544, 112, 1}, target_id=0
@23 = broadcast[axis=1,out_lens={1, 128, 112, 112}](@17) -> float_type, {1, 128, 112, 112}, {0, 1, 0, 0}, target_id=0
@24 = gpu::miopen_fusion[ops={{op=convolution[padding={1, 1, 1, 1},stride={1, 1},dilation={1, 1},group=1,padding_mode=0],alpha=1,beta=0}, {op=add,alpha=1,beta=0}, {op=relu,alpha=1,beta=0}}](@21,@15,@23,@22) -> float_type, {1, 128, 112, 112}, {1605632, 12544, 112, 1}, target_id=0
@25 = load[offset=3211264,end=4816896](@1) -> float_type, {1, 128, 56, 56}, {401408, 3136, 56, 1}, target_id=0
@26 = gpu::pooling[mode=max,padding={0, 0, 0, 0},stride={2, 2},lengths={2, 2},ceil_mode=0,lp_order=2,dyn_global=0](@24,@25) -> float_type, {1, 128, 56, 56}, {401408, 3136, 56, 1}, target_id=0
@27 = hip::hip_copy_literal[id=main:@literal:6] -> float_type, {256, 256, 3, 3}, {2304, 9, 3, 1}, target_id=0
@28 = hip::hip_copy_literal[id=main:@literal:2] -> float_type, {256, 256, 3, 3}, {2304, 9, 3, 1}, target_id=0
@29 = hip::hip_copy_literal[id=main:@literal:25] -> float_type, {256}, {1}, target_id=0
@30 = hip::hip_copy_literal[id=main:@literal:26] -> float_type, {256}, {1}, target_id=0
@31 = hip::hip_copy_literal[id=main:@literal:27] -> float_type, {256}, {1}, target_id=0
@32 = hip::hip_copy_literal[id=main:@literal:3] -> float_type, {256, 128, 3, 3}, {1152, 9, 3, 1}, target_id=0
@33 = load[offset=0,end=3211264](@1) -> float_type, {1, 256, 56, 56}, {802816, 3136, 56, 1}, target_id=0
@34 = broadcast[axis=1,out_lens={1, 256, 56, 56}](@31) -> float_type, {1, 256, 56, 56}, {0, 1, 0, 0}, target_id=0
@35 = gpu::miopen_fusion[ops={{op=convolution[padding={1, 1, 1, 1},stride={1, 1},dilation={1, 1},group=1,padding_mode=0],alpha=1,beta=0}, {op=add,alpha=1,beta=0}, {op=relu,alpha=1,beta=0}}](@26,@32,@34,@33) -> float_type, {1, 256, 56, 56}, {802816, 3136, 56, 1}, target_id=0
@36 = load[offset=6422528,end=9633792](@1) -> float_type, {1, 256, 56, 56}, {802816, 3136, 56, 1}, target_id=0
@37 = broadcast[axis=1,out_lens={1, 256, 56, 56}](@30) -> float_type, {1, 256, 56, 56}, {0, 1, 0, 0}, target_id=0
@38 = gpu::miopen_fusion[ops={{op=convolution[padding={1, 1, 1, 1},stride={1, 1},dilation={1, 1},group=1,padding_mode=0],alpha=1,beta=0}, {op=add,alpha=1,beta=0}, {op=relu,alpha=1,beta=0}}](@35,@27,@37,@36) -> float_type, {1, 256, 56, 56}, {802816, 3136, 56, 1}, target_id=0
@39 = load[offset=3211264,end=6422528](@1) -> float_type, {1, 256, 56, 56}, {802816, 3136, 56, 1}, target_id=0
@40 = broadcast[axis=1,out_lens={1, 256, 56, 56}](@29) -> float_type, {1, 256, 56, 56}, {0, 1, 0, 0}, target_id=0
@41 = gpu::miopen_fusion[ops={{op=convolution[padding={1, 1, 1, 1},stride={1, 1},dilation={1, 1},group=1,padding_mode=0],alpha=1,beta=0}, {op=add,alpha=1,beta=0}, {op=relu,alpha=1,beta=0}}](@38,@28,@40,@39) -> float_type, {1, 256, 56, 56}, {802816, 3136, 56, 1}, target_id=0
@42 = load[offset=1605632,end=2408448](@1) -> float_type, {1, 256, 28, 28}, {200704, 784, 28, 1}, target_id=0
@43 = gpu::pooling[mode=max,padding={0, 0, 0, 0},stride={2, 2},lengths={2, 2},ceil_mode=0,lp_order=2,dyn_global=0](@41,@42) -> float_type, {1, 256, 28, 28}, {200704, 784, 28, 1}, target_id=0
@44 = hip::hip_copy_literal[id=main:@literal:0] -> float_type, {512, 512, 3, 3}, {4608, 9, 3, 1}, target_id=0
@45 = hip::hip_copy_literal[id=main:@literal:18] -> float_type, {4096}, {1}, target_id=0
@46 = hip::hip_copy_literal[id=main:@literal:17] -> float_type, {4096}, {1}, target_id=0
@47 = hip::hip_copy_literal[id=main:@literal:16] -> float_type, {1000}, {1}, target_id=0
@48 = hip::hip_copy_literal[id=main:@literal:15] -> float_type, {1000, 4096, 1, 1}, {4096, 1, 1, 1}, target_id=0
@49 = hip::hip_copy_literal[id=main:@literal:10] -> float_type, {512, 512, 3, 3}, {4608, 9, 3, 1}, target_id=0
@50 = hip::hip_copy_literal[id=main:@literal:19] -> float_type, {512}, {1}, target_id=0
@51 = hip::hip_copy_literal[id=main:@literal:1] -> float_type, {512, 512, 3, 3}, {4608, 9, 3, 1}, target_id=0
@52 = hip::hip_copy_literal[id=main:@literal:20] -> float_type, {512}, {1}, target_id=0
@53 = hip::hip_copy_literal[id=main:@literal:14] -> float_type, {4096, 4096, 1, 1}, {4096, 1, 1, 1}, target_id=0
@54 = hip::hip_copy_literal[id=main:@literal:21] -> float_type, {512}, {1}, target_id=0
@55 = hip::hip_copy_literal[id=main:@literal:4] -> float_type, {512, 512, 3, 3}, {4608, 9, 3, 1}, target_id=0
@56 = hip::hip_copy_literal[id=main:@literal:22] -> float_type, {512}, {1}, target_id=0
@57 = hip::hip_copy_literal[id=main:@literal:23] -> float_type, {512}, {1}, target_id=0
@58 = hip::hip_copy_literal[id=main:@literal:24] -> float_type, {512}, {1}, target_id=0
@59 = hip::hip_copy_literal[id=main:@literal:5] -> float_type, {512, 256, 3, 3}, {2304, 9, 3, 1}, target_id=0
@60 = hip::hip_copy_literal[id=main:@literal:7] -> float_type, {512, 512, 3, 3}, {4608, 9, 3, 1}, target_id=0
@61 = hip::hip_copy_literal[id=main:@literal:13] -> float_type, {4096, 512, 7, 7}, {25088, 49, 7, 1}, target_id=0
@62 = broadcast[axis=1,out_lens={1, 512, 28, 28}](@58) -> float_type, {1, 512, 28, 28}, {0, 1, 0, 0}, target_id=0
@63 = load[offset=0,end=1605632](@1) -> float_type, {1, 512, 28, 28}, {401408, 784, 28, 1}, target_id=0
@64 = gpu::miopen_fusion[ops={{op=convolution[padding={1, 1, 1, 1},stride={1, 1},dilation={1, 1},group=1,padding_mode=0],alpha=1,beta=0}, {op=add,alpha=1,beta=0}, {op=relu,alpha=1,beta=0}}](@43,@59,@62,@63) -> float_type, {1, 512, 28, 28}, {401408, 784, 28, 1}, target_id=0
@65 = load[offset=2408448,end=4014080](@1) -> float_type, {1, 512, 28, 28}, {401408, 784, 28, 1}, target_id=0
@66 = broadcast[axis=1,out_lens={1, 512, 28, 28}](@57) -> float_type, {1, 512, 28, 28}, {0, 1, 0, 0}, target_id=0
@67 = gpu::miopen_fusion[ops={{op=convolution[padding={1, 1, 1, 1},stride={1, 1},dilation={1, 1},group=1,padding_mode=0],alpha=1,beta=0}, {op=add,alpha=1,beta=0}, {op=relu,alpha=1,beta=0}}](@64,@60,@66,@65) -> float_type, {1, 512, 28, 28}, {401408, 784, 28, 1}, target_id=0
@68 = load[offset=802816,end=2408448](@1) -> float_type, {1, 512, 28, 28}, {401408, 784, 28, 1}, target_id=0
@69 = broadcast[axis=1,out_lens={1, 512, 28, 28}](@56) -> float_type, {1, 512, 28, 28}, {0, 1, 0, 0}, target_id=0
@70 = gpu::miopen_fusion[ops={{op=convolution[padding={1, 1, 1, 1},stride={1, 1},dilation={1, 1},group=1,padding_mode=0],alpha=1,beta=0}, {op=add,alpha=1,beta=0}, {op=relu,alpha=1,beta=0}}](@67,@49,@69,@68) -> float_type, {1, 512, 28, 28}, {401408, 784, 28, 1}, target_id=0
@71 = load[offset=0,end=401408](@1) -> float_type, {1, 512, 14, 14}, {100352, 196, 14, 1}, target_id=0
@72 = gpu::pooling[mode=max,padding={0, 0, 0, 0},stride={2, 2},lengths={2, 2},ceil_mode=0,lp_order=2,dyn_global=0](@70,@71) -> float_type, {1, 512, 14, 14}, {100352, 196, 14, 1}, target_id=0
@73 = load[offset=935936,end=1337344](@1) -> float_type, {1, 512, 14, 14}, {100352, 196, 14, 1}, target_id=0
@74 = broadcast[axis=1,out_lens={1, 512, 14, 14}](@54) -> float_type, {1, 512, 14, 14}, {0, 1, 0, 0}, target_id=0
@75 = gpu::miopen_fusion[ops={{op=convolution[padding={1, 1, 1, 1},stride={1, 1},dilation={1, 1},group=1,padding_mode=0],alpha=1,beta=0}, {op=add,alpha=1,beta=0}, {op=relu,alpha=1,beta=0}}](@72,@55,@74,@73) -> float_type, {1, 512, 14, 14}, {100352, 196, 14, 1}, target_id=0
@76 = load[offset=534528,end=935936](@1) -> float_type, {1, 512, 14, 14}, {100352, 196, 14, 1}, target_id=0
@77 = broadcast[axis=1,out_lens={1, 512, 14, 14}](@52) -> float_type, {1, 512, 14, 14}, {0, 1, 0, 0}, target_id=0
@78 = gpu::miopen_fusion[ops={{op=convolution[padding={1, 1, 1, 1},stride={1, 1},dilation={1, 1},group=1,padding_mode=0],alpha=1,beta=0}, {op=add,alpha=1,beta=0}, {op=relu,alpha=1,beta=0}}](@75,@51,@77,@76) -> float_type, {1, 512, 14, 14}, {100352, 196, 14, 1}, target_id=0
@79 = load[offset=133120,end=534528](@1) -> float_type, {1, 512, 14, 14}, {100352, 196, 14, 1}, target_id=0
@80 = broadcast[axis=1,out_lens={1, 512, 14, 14}](@50) -> float_type, {1, 512, 14, 14}, {0, 1, 0, 0}, target_id=0
@81 = gpu::miopen_fusion[ops={{op=convolution[padding={1, 1, 1, 1},stride={1, 1},dilation={1, 1},group=1,padding_mode=0],alpha=1,beta=0}, {op=add,alpha=1,beta=0}, {op=relu,alpha=1,beta=0}}](@78,@44,@80,@79) -> float_type, {1, 512, 14, 14}, {100352, 196, 14, 1}, target_id=0
@82 = load[offset=16384,end=116736](@1) -> float_type, {1, 512, 7, 7}, {25088, 49, 7, 1}, target_id=0
@83 = gpu::pooling[mode=max,padding={0, 0, 0, 0},stride={2, 2},lengths={2, 2},ceil_mode=0,lp_order=2,dyn_global=0](@81,@82) -> float_type, {1, 512, 7, 7}, {25088, 49, 7, 1}, target_id=0
@84 = load[offset=116736,end=133120](@1) -> float_type, {1, 4096, 1, 1}, {4096, 1, 1, 1}, target_id=0
@85 = broadcast[axis=1,out_lens={1, 4096, 1, 1}](@45) -> float_type, {1, 4096, 1, 1}, {0, 1, 0, 0}, target_id=0
@86 = gpu::miopen_fusion[ops={{op=convolution[padding={0, 0, 0, 0},stride={1, 1},dilation={1, 1},group=1,padding_mode=0],alpha=1,beta=0}, {op=add,alpha=1,beta=0}, {op=relu,alpha=1,beta=0}}](@83,@61,@85,@84) -> float_type, {1, 4096, 1, 1}, {4096, 1, 1, 1}, target_id=0
@87 = load[offset=0,end=0](@1) -> int8_type, {0}, {1}, target_id=0
@88 = load[offset=20384,end=36768](@1) -> float_type, {1, 4096, 1, 1}, {4096, 1, 1, 1}, target_id=0
@89 = gpu::convolution[op={padding={0, 0, 0, 0},stride={1, 1},dilation={1, 1},group=1,padding_mode=0},solution_object={binary_object: 548},algo=0,int8_x4_format=0,solution_id=0](@86,@53,@87,@88) -> float_type, {1, 4096, 1, 1}, {4096, 1, 1, 1}, target_id=0
@90 = broadcast[axis=1,out_lens={1, 4096, 1, 1}](@46) -> float_type, {1, 4096, 1, 1}, {0, 1, 0, 0}, target_id=0
@91 = load[offset=4000,end=20384](@1) -> float_type, {1, 4096, 1, 1}, {4096, 1, 1, 1}, target_id=0
@92 = gpu::code_object[code_object=13632,symbol_name=add_relu_kernel,global=2048,local=1024,](@89,@90,@91) -> float_type, {1, 4096, 1, 1}, {4096, 1, 1, 1}, target_id=0
@93 = load[offset=0,end=0](@1) -> int8_type, {0}, {1}, target_id=0
@94 = load[offset=20384,end=24384](@1) -> float_type, {1, 1000, 1, 1}, {1000, 1, 1, 1}, target_id=0
@95 = gpu::convolution[op={padding={0, 0, 0, 0},stride={1, 1},dilation={1, 1},group=1,padding_mode=0},solution_object={binary_object: 548},algo=0,int8_x4_format=0,solution_id=0](@92,@48,@93,@94) -> float_type, {1, 1000, 1, 1}, {1000, 1, 1, 1}, target_id=0
@96 = broadcast[axis=1,out_lens={1, 1000, 1, 1}](@47) -> float_type, {1, 1000, 1, 1}, {0, 1, 0, 0}, target_id=0
main:#output_0 = @param:main:#output_0 -> float_type, {1, 1000, 1, 1}, {1000, 1, 1, 1}, target_id=0
@98 = gpu::code_object[code_object=13624,symbol_name=add_kernel,global=500,local=1024,](@95,@96,main:#output_0) -> float_type, {1, 1000, 1, 1}, {1000, 1, 1, 1}, target_id=0
@99 = transpose[permutation={0, 2, 3, 1}](@98) -> float_type, {1, 1, 1, 1000}, {1000, 1, 1, 1}, target_id=0
@100 = squeeze[axes={1, 2}](@99) -> float_type, {1, 1000}, {1000, 1}, target_id=0
@101 = @return(@100), target_id=0


Allocating params ... 
Running performance report ... 
@0 = check_context::migraphx::gpu::context  -> float_type, {}, {}, target_id=0: 0.0007ms, 1%
@1 = hip::hip_allocate_memory[shape=int8_type, {25690112}, {1},id=main:scratch] -> int8_type, {25690112}, {1}, target_id=0: 0.0008097ms, 1%
@2 = hip::hip_copy_literal[id=main:@literal:8] -> float_type, {64, 3, 3, 3}, {27, 9, 3, 1}, target_id=0: 0.00073638ms, 1%
@3 = hip::hip_copy_literal[id=main:@literal:30] -> float_type, {64}, {1}, target_id=0: 0.00060726ms, 1%
@4 = hip::hip_copy_literal[id=main:@literal:31] -> float_type, {64}, {1}, target_id=0: 0.00058504ms, 1%
@5 = hip::hip_copy_literal[id=main:@literal:12] -> float_type, {64, 64, 3, 3}, {576, 9, 3, 1}, target_id=0: 0.00059048ms, 1%
@6 = load[offset=12845056,end=25690112](@1) -> float_type, {1, 64, 224, 224}, {3211264, 50176, 224, 1}, target_id=0: 0.00076046ms, 1%
@7 = broadcast[axis=1,out_lens={1, 64, 224, 224}](@4) -> float_type, {1, 64, 224, 224}, {0, 1, 0, 0}, target_id=0: 0.00084504ms, 1%
input = @param:input -> float_type, {1, 3, 224, 224}, {150528, 50176, 224, 1}, target_id=0: 0.00046036ms, 1%
@9 = gpu::miopen_fusion[ops={{op=convolution[padding={1, 1, 1, 1},stride={1, 1},dilation={1, 1},group=1,padding_mode=0],alpha=1,beta=0}, {op=add,alpha=1,beta=0}, {op=relu,alpha=1,beta=0}}](input,@2,@7,@6) -> float_type, {1, 64, 224, 224}, {3211264, 50176, 224, 1}, target_id=0: 0.0715664ms, 1%
@10 = load[offset=0,end=12845056](@1) -> float_type, {1, 64, 224, 224}, {3211264, 50176, 224, 1}, target_id=0: 0.00083652ms, 1%
@11 = broadcast[axis=1,out_lens={1, 64, 224, 224}](@3) -> float_type, {1, 64, 224, 224}, {0, 1, 0, 0}, target_id=0: 0.00076346ms, 1%
@12 = gpu::miopen_fusion[ops={{op=convolution[padding={1, 1, 1, 1},stride={1, 1},dilation={1, 1},group=1,padding_mode=0],alpha=1,beta=0}, {op=add,alpha=1,beta=0}, {op=relu,alpha=1,beta=0}}](@9,@5,@11,@10) -> float_type, {1, 64, 224, 224}, {3211264, 50176, 224, 1}, target_id=0: 0.69833ms, 4%
@13 = load[offset=12845056,end=16056320](@1) -> float_type, {1, 64, 112, 112}, {802816, 12544, 112, 1}, target_id=0: 0.00081808ms, 1%
@14 = gpu::pooling[mode=max,padding={0, 0, 0, 0},stride={2, 2},lengths={2, 2},ceil_mode=0,lp_order=2,dyn_global=0](@12,@13) -> float_type, {1, 64, 112, 112}, {802816, 12544, 112, 1}, target_id=0: 0.0418092ms, 1%
@15 = hip::hip_copy_literal[id=main:@literal:9] -> float_type, {128, 128, 3, 3}, {1152, 9, 3, 1}, target_id=0: 0.00077404ms, 1%
@16 = hip::hip_copy_literal[id=main:@literal:11] -> float_type, {128, 64, 3, 3}, {576, 9, 3, 1}, target_id=0: 0.00069934ms, 1%
@17 = hip::hip_copy_literal[id=main:@literal:28] -> float_type, {128}, {1}, target_id=0: 0.0005803ms, 1%
@18 = hip::hip_copy_literal[id=main:@literal:29] -> float_type, {128}, {1}, target_id=0: 0.0006859ms, 1%
@19 = load[offset=16056320,end=22478848](@1) -> float_type, {1, 128, 112, 112}, {1605632, 12544, 112, 1}, target_id=0: 0.00070516ms, 1%
@20 = broadcast[axis=1,out_lens={1, 128, 112, 112}](@18) -> float_type, {1, 128, 112, 112}, {0, 1, 0, 0}, target_id=0: 0.00089116ms, 1%
@21 = gpu::miopen_fusion[ops={{op=convolution[padding={1, 1, 1, 1},stride={1, 1},dilation={1, 1},group=1,padding_mode=0],alpha=1,beta=0}, {op=add,alpha=1,beta=0}, {op=relu,alpha=1,beta=0}}](@14,@16,@20,@19) -> float_type, {1, 128, 112, 112}, {1605632, 12544, 112, 1}, target_id=0: 0.454919ms, 3%
@22 = load[offset=6422528,end=12845056](@1) -> float_type, {1, 128, 112, 112}, {1605632, 12544, 112, 1}, target_id=0: 0.00083324ms, 1%
@23 = broadcast[axis=1,out_lens={1, 128, 112, 112}](@17) -> float_type, {1, 128, 112, 112}, {0, 1, 0, 0}, target_id=0: 0.00088128ms, 1%
@24 = gpu::miopen_fusion[ops={{op=convolution[padding={1, 1, 1, 1},stride={1, 1},dilation={1, 1},group=1,padding_mode=0],alpha=1,beta=0}, {op=add,alpha=1,beta=0}, {op=relu,alpha=1,beta=0}}](@21,@15,@23,@22) -> float_type, {1, 128, 112, 112}, {1605632, 12544, 112, 1}, target_id=0: 0.861735ms, 5%
@25 = load[offset=3211264,end=4816896](@1) -> float_type, {1, 128, 56, 56}, {401408, 3136, 56, 1}, target_id=0: 0.0008074ms, 1%
@26 = gpu::pooling[mode=max,padding={0, 0, 0, 0},stride={2, 2},lengths={2, 2},ceil_mode=0,lp_order=2,dyn_global=0](@24,@25) -> float_type, {1, 128, 56, 56}, {401408, 3136, 56, 1}, target_id=0: 0.0448209ms, 1%
@27 = hip::hip_copy_literal[id=main:@literal:6] -> float_type, {256, 256, 3, 3}, {2304, 9, 3, 1}, target_id=0: 0.00074534ms, 1%
@28 = hip::hip_copy_literal[id=main:@literal:2] -> float_type, {256, 256, 3, 3}, {2304, 9, 3, 1}, target_id=0: 0.00054938ms, 1%
@29 = hip::hip_copy_literal[id=main:@literal:25] -> float_type, {256}, {1}, target_id=0: 0.00071016ms, 1%
@30 = hip::hip_copy_literal[id=main:@literal:26] -> float_type, {256}, {1}, target_id=0: 0.00057186ms, 1%
@31 = hip::hip_copy_literal[id=main:@literal:27] -> float_type, {256}, {1}, target_id=0: 0.00073924ms, 1%
@32 = hip::hip_copy_literal[id=main:@literal:3] -> float_type, {256, 128, 3, 3}, {1152, 9, 3, 1}, target_id=0: 0.00052658ms, 1%
@33 = load[offset=0,end=3211264](@1) -> float_type, {1, 256, 56, 56}, {802816, 3136, 56, 1}, target_id=0: 0.00068702ms, 1%
@34 = broadcast[axis=1,out_lens={1, 256, 56, 56}](@31) -> float_type, {1, 256, 56, 56}, {0, 1, 0, 0}, target_id=0: 0.00089544ms, 1%
@35 = gpu::miopen_fusion[ops={{op=convolution[padding={1, 1, 1, 1},stride={1, 1},dilation={1, 1},group=1,padding_mode=0],alpha=1,beta=0}, {op=add,alpha=1,beta=0}, {op=relu,alpha=1,beta=0}}](@26,@32,@34,@33) -> float_type, {1, 256, 56, 56}, {802816, 3136, 56, 1}, target_id=0: 0.650261ms, 4%
@36 = load[offset=6422528,end=9633792](@1) -> float_type, {1, 256, 56, 56}, {802816, 3136, 56, 1}, target_id=0: 0.00082148ms, 1%
@37 = broadcast[axis=1,out_lens={1, 256, 56, 56}](@30) -> float_type, {1, 256, 56, 56}, {0, 1, 0, 0}, target_id=0: 0.0008737ms, 1%
@38 = gpu::miopen_fusion[ops={{op=convolution[padding={1, 1, 1, 1},stride={1, 1},dilation={1, 1},group=1,padding_mode=0],alpha=1,beta=0}, {op=add,alpha=1,beta=0}, {op=relu,alpha=1,beta=0}}](@35,@27,@37,@36) -> float_type, {1, 256, 56, 56}, {802816, 3136, 56, 1}, target_id=0: 1.25298ms, 7%
@39 = load[offset=3211264,end=6422528](@1) -> float_type, {1, 256, 56, 56}, {802816, 3136, 56, 1}, target_id=0: 0.00081696ms, 1%
@40 = broadcast[axis=1,out_lens={1, 256, 56, 56}](@29) -> float_type, {1, 256, 56, 56}, {0, 1, 0, 0}, target_id=0: 0.00088524ms, 1%
@41 = gpu::miopen_fusion[ops={{op=convolution[padding={1, 1, 1, 1},stride={1, 1},dilation={1, 1},group=1,padding_mode=0],alpha=1,beta=0}, {op=add,alpha=1,beta=0}, {op=relu,alpha=1,beta=0}}](@38,@28,@40,@39) -> float_type, {1, 256, 56, 56}, {802816, 3136, 56, 1}, target_id=0: 1.25505ms, 7%
@42 = load[offset=1605632,end=2408448](@1) -> float_type, {1, 256, 28, 28}, {200704, 784, 28, 1}, target_id=0: 0.00081474ms, 1%
@43 = gpu::pooling[mode=max,padding={0, 0, 0, 0},stride={2, 2},lengths={2, 2},ceil_mode=0,lp_order=2,dyn_global=0](@41,@42) -> float_type, {1, 256, 28, 28}, {200704, 784, 28, 1}, target_id=0: 0.0328119ms, 1%
@44 = hip::hip_copy_literal[id=main:@literal:0] -> float_type, {512, 512, 3, 3}, {4608, 9, 3, 1}, target_id=0: 0.00076704ms, 1%
@45 = hip::hip_copy_literal[id=main:@literal:18] -> float_type, {4096}, {1}, target_id=0: 0.00070184ms, 1%
@46 = hip::hip_copy_literal[id=main:@literal:17] -> float_type, {4096}, {1}, target_id=0: 0.00057816ms, 1%
@47 = hip::hip_copy_literal[id=main:@literal:16] -> float_type, {1000}, {1}, target_id=0: 0.00071042ms, 1%
@48 = hip::hip_copy_literal[id=main:@literal:15] -> float_type, {1000, 4096, 1, 1}, {4096, 1, 1, 1}, target_id=0: 0.000555ms, 1%
@49 = hip::hip_copy_literal[id=main:@literal:10] -> float_type, {512, 512, 3, 3}, {4608, 9, 3, 1}, target_id=0: 0.0006804ms, 1%
@50 = hip::hip_copy_literal[id=main:@literal:19] -> float_type, {512}, {1}, target_id=0: 0.00054746ms, 1%
@51 = hip::hip_copy_literal[id=main:@literal:1] -> float_type, {512, 512, 3, 3}, {4608, 9, 3, 1}, target_id=0: 0.00057078ms, 1%
@52 = hip::hip_copy_literal[id=main:@literal:20] -> float_type, {512}, {1}, target_id=0: 0.00065402ms, 1%
@53 = hip::hip_copy_literal[id=main:@literal:14] -> float_type, {4096, 4096, 1, 1}, {4096, 1, 1, 1}, target_id=0: 0.00054584ms, 1%
@54 = hip::hip_copy_literal[id=main:@literal:21] -> float_type, {512}, {1}, target_id=0: 0.00071494ms, 1%
@55 = hip::hip_copy_literal[id=main:@literal:4] -> float_type, {512, 512, 3, 3}, {4608, 9, 3, 1}, target_id=0: 0.00055812ms, 1%
@56 = hip::hip_copy_literal[id=main:@literal:22] -> float_type, {512}, {1}, target_id=0: 0.00067994ms, 1%
@57 = hip::hip_copy_literal[id=main:@literal:23] -> float_type, {512}, {1}, target_id=0: 0.00056074ms, 1%
@58 = hip::hip_copy_literal[id=main:@literal:24] -> float_type, {512}, {1}, target_id=0: 0.00067442ms, 1%
@59 = hip::hip_copy_literal[id=main:@literal:5] -> float_type, {512, 256, 3, 3}, {2304, 9, 3, 1}, target_id=0: 0.0005062ms, 1%
@60 = hip::hip_copy_literal[id=main:@literal:7] -> float_type, {512, 512, 3, 3}, {4608, 9, 3, 1}, target_id=0: 0.00052834ms, 1%
@61 = hip::hip_copy_literal[id=main:@literal:13] -> float_type, {4096, 512, 7, 7}, {25088, 49, 7, 1}, target_id=0: 0.00067622ms, 1%
@62 = broadcast[axis=1,out_lens={1, 512, 28, 28}](@58) -> float_type, {1, 512, 28, 28}, {0, 1, 0, 0}, target_id=0: 0.00085718ms, 1%
@63 = load[offset=0,end=1605632](@1) -> float_type, {1, 512, 28, 28}, {401408, 784, 28, 1}, target_id=0: 0.00067218ms, 1%
@64 = gpu::miopen_fusion[ops={{op=convolution[padding={1, 1, 1, 1},stride={1, 1},dilation={1, 1},group=1,padding_mode=0],alpha=1,beta=0}, {op=add,alpha=1,beta=0}, {op=relu,alpha=1,beta=0}}](@43,@59,@62,@63) -> float_type, {1, 512, 28, 28}, {401408, 784, 28, 1}, target_id=0: 1.1118ms, 6%
@65 = load[offset=2408448,end=4014080](@1) -> float_type, {1, 512, 28, 28}, {401408, 784, 28, 1}, target_id=0: 0.00082468ms, 1%
@66 = broadcast[axis=1,out_lens={1, 512, 28, 28}](@57) -> float_type, {1, 512, 28, 28}, {0, 1, 0, 0}, target_id=0: 0.00091324ms, 1%
@67 = gpu::miopen_fusion[ops={{op=convolution[padding={1, 1, 1, 1},stride={1, 1},dilation={1, 1},group=1,padding_mode=0],alpha=1,beta=0}, {op=add,alpha=1,beta=0}, {op=relu,alpha=1,beta=0}}](@64,@60,@66,@65) -> float_type, {1, 512, 28, 28}, {401408, 784, 28, 1}, target_id=0: 2.18792ms, 11%
@68 = load[offset=802816,end=2408448](@1) -> float_type, {1, 512, 28, 28}, {401408, 784, 28, 1}, target_id=0: 0.00084992ms, 1%
@69 = broadcast[axis=1,out_lens={1, 512, 28, 28}](@56) -> float_type, {1, 512, 28, 28}, {0, 1, 0, 0}, target_id=0: 0.00088646ms, 1%
@70 = gpu::miopen_fusion[ops={{op=convolution[padding={1, 1, 1, 1},stride={1, 1},dilation={1, 1},group=1,padding_mode=0],alpha=1,beta=0}, {op=add,alpha=1,beta=0}, {op=relu,alpha=1,beta=0}}](@67,@49,@69,@68) -> float_type, {1, 512, 28, 28}, {401408, 784, 28, 1}, target_id=0: 2.1773ms, 11%
@71 = load[offset=0,end=401408](@1) -> float_type, {1, 512, 14, 14}, {100352, 196, 14, 1}, target_id=0: 0.00082904ms, 1%
@72 = gpu::pooling[mode=max,padding={0, 0, 0, 0},stride={2, 2},lengths={2, 2},ceil_mode=0,lp_order=2,dyn_global=0](@70,@71) -> float_type, {1, 512, 14, 14}, {100352, 196, 14, 1}, target_id=0: 0.0273553ms, 1%
@73 = load[offset=935936,end=1337344](@1) -> float_type, {1, 512, 14, 14}, {100352, 196, 14, 1}, target_id=0: 0.00080772ms, 1%
@74 = broadcast[axis=1,out_lens={1, 512, 14, 14}](@54) -> float_type, {1, 512, 14, 14}, {0, 1, 0, 0}, target_id=0: 0.00091302ms, 1%
@75 = gpu::miopen_fusion[ops={{op=convolution[padding={1, 1, 1, 1},stride={1, 1},dilation={1, 1},group=1,padding_mode=0],alpha=1,beta=0}, {op=add,alpha=1,beta=0}, {op=relu,alpha=1,beta=0}}](@72,@55,@74,@73) -> float_type, {1, 512, 14, 14}, {100352, 196, 14, 1}, target_id=0: 2.25846ms, 11%
@76 = load[offset=534528,end=935936](@1) -> float_type, {1, 512, 14, 14}, {100352, 196, 14, 1}, target_id=0: 0.00080236ms, 1%
@77 = broadcast[axis=1,out_lens={1, 512, 14, 14}](@52) -> float_type, {1, 512, 14, 14}, {0, 1, 0, 0}, target_id=0: 0.0008818ms, 1%
@78 = gpu::miopen_fusion[ops={{op=convolution[padding={1, 1, 1, 1},stride={1, 1},dilation={1, 1},group=1,padding_mode=0],alpha=1,beta=0}, {op=add,alpha=1,beta=0}, {op=relu,alpha=1,beta=0}}](@75,@51,@77,@76) -> float_type, {1, 512, 14, 14}, {100352, 196, 14, 1}, target_id=0: 2.24995ms, 11%
@79 = load[offset=133120,end=534528](@1) -> float_type, {1, 512, 14, 14}, {100352, 196, 14, 1}, target_id=0: 0.00086648ms, 1%
@80 = broadcast[axis=1,out_lens={1, 512, 14, 14}](@50) -> float_type, {1, 512, 14, 14}, {0, 1, 0, 0}, target_id=0: 0.000886ms, 1%
@81 = gpu::miopen_fusion[ops={{op=convolution[padding={1, 1, 1, 1},stride={1, 1},dilation={1, 1},group=1,padding_mode=0],alpha=1,beta=0}, {op=add,alpha=1,beta=0}, {op=relu,alpha=1,beta=0}}](@78,@44,@80,@79) -> float_type, {1, 512, 14, 14}, {100352, 196, 14, 1}, target_id=0: 2.24755ms, 11%
@82 = load[offset=16384,end=116736](@1) -> float_type, {1, 512, 7, 7}, {25088, 49, 7, 1}, target_id=0: 0.00083916ms, 1%
@83 = gpu::pooling[mode=max,padding={0, 0, 0, 0},stride={2, 2},lengths={2, 2},ceil_mode=0,lp_order=2,dyn_global=0](@81,@82) -> float_type, {1, 512, 7, 7}, {25088, 49, 7, 1}, target_id=0: 0.0227659ms, 1%
@84 = load[offset=116736,end=133120](@1) -> float_type, {1, 4096, 1, 1}, {4096, 1, 1, 1}, target_id=0: 0.0007917ms, 1%
@85 = broadcast[axis=1,out_lens={1, 4096, 1, 1}](@45) -> float_type, {1, 4096, 1, 1}, {0, 1, 0, 0}, target_id=0: 0.00092278ms, 1%
@86 = gpu::miopen_fusion[ops={{op=convolution[padding={0, 0, 0, 0},stride={1, 1},dilation={1, 1},group=1,padding_mode=0],alpha=1,beta=0}, {op=add,alpha=1,beta=0}, {op=relu,alpha=1,beta=0}}](@83,@61,@85,@84) -> float_type, {1, 4096, 1, 1}, {4096, 1, 1, 1}, target_id=0: 2.92591ms, 15%
@87 = load[offset=0,end=0](@1) -> int8_type, {0}, {1}, target_id=0: 0.00083482ms, 1%
@88 = load[offset=20384,end=36768](@1) -> float_type, {1, 4096, 1, 1}, {4096, 1, 1, 1}, target_id=0: 0.00060216ms, 1%
@89 = gpu::convolution[op={padding={0, 0, 0, 0},stride={1, 1},dilation={1, 1},group=1,padding_mode=0},solution_object={binary_object: 548},algo=0,int8_x4_format=0,solution_id=0](@86,@53,@87,@88) -> float_type, {1, 4096, 1, 1}, {4096, 1, 1, 1}, target_id=0: 0.112767ms, 1%
@90 = broadcast[axis=1,out_lens={1, 4096, 1, 1}](@46) -> float_type, {1, 4096, 1, 1}, {0, 1, 0, 0}, target_id=0: 0.0010995ms, 1%
@91 = load[offset=4000,end=20384](@1) -> float_type, {1, 4096, 1, 1}, {4096, 1, 1, 1}, target_id=0: 0.00069148ms, 1%
@92 = gpu::code_object[code_object=13632,symbol_name=add_relu_kernel,global=2048,local=1024,](@89,@90,@91) -> float_type, {1, 4096, 1, 1}, {4096, 1, 1, 1}, target_id=0: 0.018649ms, 1%
@93 = load[offset=0,end=0](@1) -> int8_type, {0}, {1}, target_id=0: 0.00077108ms, 1%
@94 = load[offset=20384,end=24384](@1) -> float_type, {1, 1000, 1, 1}, {1000, 1, 1, 1}, target_id=0: 0.00061936ms, 1%
@95 = gpu::convolution[op={padding={0, 0, 0, 0},stride={1, 1},dilation={1, 1},group=1,padding_mode=0},solution_object={binary_object: 548},algo=0,int8_x4_format=0,solution_id=0](@92,@48,@93,@94) -> float_type, {1, 1000, 1, 1}, {1000, 1, 1, 1}, target_id=0: 0.0516309ms, 1%
@96 = broadcast[axis=1,out_lens={1, 1000, 1, 1}](@47) -> float_type, {1, 1000, 1, 1}, {0, 1, 0, 0}, target_id=0: 0.00105878ms, 1%
main:#output_0 = @param:main:#output_0 -> float_type, {1, 1000, 1, 1}, {1000, 1, 1, 1}, target_id=0: 0.00055582ms, 1%
@98 = gpu::code_object[code_object=13624,symbol_name=add_kernel,global=500,local=1024,](@95,@96,main:#output_0) -> float_type, {1, 1000, 1, 1}, {1000, 1, 1, 1}, target_id=0: 0.0180946ms, 1%
@99 = transpose[permutation={0, 2, 3, 1}](@98) -> float_type, {1, 1, 1, 1000}, {1000, 1, 1, 1}, target_id=0: 0.0013361ms, 1%
@100 = squeeze[axes={1, 2}](@99) -> float_type, {1, 1000}, {1000, 1}, target_id=0: 0.00114964ms, 1%
@101 = @return(@100), target_id=0
Summary:
gpu::miopen_fusion: 20.4037ms / 14 = 1.45741ms, 98%
gpu::pooling: 0.169563ms / 5 = 0.0339126ms, 1%
gpu::convolution: 0.164398ms / 2 = 0.0821992ms, 1%
hip::hip_copy_literal: 0.0203112ms / 32 = 0.000634724ms, 1%
load: 0.0187032ms / 24 = 0.0007793ms, 1%
gpu::code_object::add_relu_kernel: 0.018649ms / 1 = 0.018649ms, 1%
gpu::code_object::add_kernel: 0.0180946ms / 1 = 0.0180946ms, 1%
broadcast: 0.0144541ms / 16 = 0.00090338ms, 1%
transpose: 0.0013361ms / 1 = 0.0013361ms, 1%
squeeze: 0.00114964ms / 1 = 0.00114964ms, 1%
@param: 0.00101618ms / 2 = 0.00050809ms, 1%
hip::hip_allocate_memory: 0.0008097ms / 1 = 0.0008097ms, 1%
check_context::migraphx::gpu::context : 0.0007ms / 1 = 0.0007ms, 1%

Batch size: 1
Rate: 53.3739/sec
Total time: 18.7358ms
Total instructions time: 20.8329ms
Overhead time: 0.0210184ms, -2.09717ms
Overhead: 0%, -11%
