Running [ MIGraphX Version: 2.9.0.da208ddff ]: /src/AMDMIGraphX/build/bin/driver perf --gpu /new-saved-models/slim/vgg16_i1.pb
Compiling ... 
Reading: /new-saved-models/slim/vgg16_i1.pb
module: "main"
@0 = check_context::migraphx::gpu::context -> float_type, {}, {}, target_id=0
@1 = hip::hip_allocate_memory[shape=int8_type, {25690112}, {1},id=main:scratch] -> int8_type, {25690112}, {1}, target_id=0
@2 = hip::hip_copy_literal[id=main:@literal:12] -> float_type, {64, 3, 3, 3}, {27, 9, 3, 1}, target_id=0
@3 = hip::hip_copy_literal[id=main:@literal:7] -> float_type, {64, 64, 3, 3}, {576, 9, 3, 1}, target_id=0
@4 = hip::hip_copy_literal[id=main:@literal:30] -> float_type, {64}, {1}, target_id=0
@5 = hip::hip_copy_literal[id=main:@literal:31] -> float_type, {64}, {1}, target_id=0
@6 = load[offset=12845056,end=25690112](@1) -> float_type, {1, 64, 224, 224}, {3211264, 50176, 224, 1}, target_id=0
@7 = broadcast[axis=1,out_lens={1, 64, 224, 224}](@5) -> float_type, {1, 64, 224, 224}, {0, 1, 0, 0}, target_id=0
input = @param:input -> float_type, {1, 3, 224, 224}, {150528, 50176, 224, 1}, target_id=0
@9 = gpu::miopen_fusion[ops={{op=convolution[padding={1, 1, 1, 1},stride={1, 1},dilation={1, 1},group=1,padding_mode=0],alpha=1,beta=0}, {op=add,alpha=1,beta=0}, {op=relu,alpha=1,beta=0}}](input,@2,@7,@6) -> float_type, {1, 64, 224, 224}, {3211264, 50176, 224, 1}, target_id=0
@10 = load[offset=0,end=12845056](@1) -> float_type, {1, 64, 224, 224}, {3211264, 50176, 224, 1}, target_id=0
@11 = broadcast[axis=1,out_lens={1, 64, 224, 224}](@4) -> float_type, {1, 64, 224, 224}, {0, 1, 0, 0}, target_id=0
@12 = gpu::miopen_fusion[ops={{op=convolution[padding={1, 1, 1, 1},stride={1, 1},dilation={1, 1},group=1,padding_mode=0],alpha=1,beta=0}, {op=add,alpha=1,beta=0}, {op=relu,alpha=1,beta=0}}](@9,@3,@11,@10) -> float_type, {1, 64, 224, 224}, {3211264, 50176, 224, 1}, target_id=0
@13 = load[offset=12845056,end=16056320](@1) -> float_type, {1, 64, 112, 112}, {802816, 12544, 112, 1}, target_id=0
@14 = gpu::pooling[mode=max,padding={0, 0, 0, 0},padding_mode=0,stride={2, 2},lengths={2, 2},dilations={1, 1},ceil_mode=0,lp_order=2,dyn_global=0](@12,@13) -> float_type, {1, 64, 112, 112}, {802816, 12544, 112, 1}, target_id=0
@15 = hip::hip_copy_literal[id=main:@literal:11] -> float_type, {128, 64, 3, 3}, {576, 9, 3, 1}, target_id=0
@16 = hip::hip_copy_literal[id=main:@literal:10] -> float_type, {128, 128, 3, 3}, {1152, 9, 3, 1}, target_id=0
@17 = hip::hip_copy_literal[id=main:@literal:29] -> float_type, {128}, {1}, target_id=0
@18 = hip::hip_copy_literal[id=main:@literal:28] -> float_type, {128}, {1}, target_id=0
@19 = load[offset=16056320,end=22478848](@1) -> float_type, {1, 128, 112, 112}, {1605632, 12544, 112, 1}, target_id=0
@20 = broadcast[axis=1,out_lens={1, 128, 112, 112}](@17) -> float_type, {1, 128, 112, 112}, {0, 1, 0, 0}, target_id=0
@21 = gpu::miopen_fusion[ops={{op=convolution[padding={1, 1, 1, 1},stride={1, 1},dilation={1, 1},group=1,padding_mode=0],alpha=1,beta=0}, {op=add,alpha=1,beta=0}, {op=relu,alpha=1,beta=0}}](@14,@15,@20,@19) -> float_type, {1, 128, 112, 112}, {1605632, 12544, 112, 1}, target_id=0
@22 = broadcast[axis=1,out_lens={1, 128, 112, 112}](@18) -> float_type, {1, 128, 112, 112}, {0, 1, 0, 0}, target_id=0
@23 = load[offset=6422528,end=12845056](@1) -> float_type, {1, 128, 112, 112}, {1605632, 12544, 112, 1}, target_id=0
@24 = gpu::miopen_fusion[ops={{op=convolution[padding={1, 1, 1, 1},stride={1, 1},dilation={1, 1},group=1,padding_mode=0],alpha=1,beta=0}, {op=add,alpha=1,beta=0}, {op=relu,alpha=1,beta=0}}](@21,@16,@22,@23) -> float_type, {1, 128, 112, 112}, {1605632, 12544, 112, 1}, target_id=0
@25 = load[offset=3211264,end=4816896](@1) -> float_type, {1, 128, 56, 56}, {401408, 3136, 56, 1}, target_id=0
@26 = gpu::pooling[mode=max,padding={0, 0, 0, 0},padding_mode=0,stride={2, 2},lengths={2, 2},dilations={1, 1},ceil_mode=0,lp_order=2,dyn_global=0](@24,@25) -> float_type, {1, 128, 56, 56}, {401408, 3136, 56, 1}, target_id=0
@27 = hip::hip_copy_literal[id=main:@literal:8] -> float_type, {256, 128, 3, 3}, {1152, 9, 3, 1}, target_id=0
@28 = hip::hip_copy_literal[id=main:@literal:6] -> float_type, {256, 256, 3, 3}, {2304, 9, 3, 1}, target_id=0
@29 = hip::hip_copy_literal[id=main:@literal:25] -> float_type, {256}, {1}, target_id=0
@30 = hip::hip_copy_literal[id=main:@literal:26] -> float_type, {256}, {1}, target_id=0
@31 = hip::hip_copy_literal[id=main:@literal:2] -> float_type, {256, 256, 3, 3}, {2304, 9, 3, 1}, target_id=0
@32 = hip::hip_copy_literal[id=main:@literal:27] -> float_type, {256}, {1}, target_id=0
@33 = load[offset=0,end=3211264](@1) -> float_type, {1, 256, 56, 56}, {802816, 3136, 56, 1}, target_id=0
@34 = broadcast[axis=1,out_lens={1, 256, 56, 56}](@32) -> float_type, {1, 256, 56, 56}, {0, 1, 0, 0}, target_id=0
@35 = gpu::miopen_fusion[ops={{op=convolution[padding={1, 1, 1, 1},stride={1, 1},dilation={1, 1},group=1,padding_mode=0],alpha=1,beta=0}, {op=add,alpha=1,beta=0}, {op=relu,alpha=1,beta=0}}](@26,@27,@34,@33) -> float_type, {1, 256, 56, 56}, {802816, 3136, 56, 1}, target_id=0
@36 = broadcast[axis=1,out_lens={1, 256, 56, 56}](@30) -> float_type, {1, 256, 56, 56}, {0, 1, 0, 0}, target_id=0
@37 = load[offset=6422528,end=9633792](@1) -> float_type, {1, 256, 56, 56}, {802816, 3136, 56, 1}, target_id=0
@38 = gpu::miopen_fusion[ops={{op=convolution[padding={1, 1, 1, 1},stride={1, 1},dilation={1, 1},group=1,padding_mode=0],alpha=1,beta=0}, {op=add,alpha=1,beta=0}, {op=relu,alpha=1,beta=0}}](@35,@28,@36,@37) -> float_type, {1, 256, 56, 56}, {802816, 3136, 56, 1}, target_id=0
@39 = broadcast[axis=1,out_lens={1, 256, 56, 56}](@29) -> float_type, {1, 256, 56, 56}, {0, 1, 0, 0}, target_id=0
@40 = load[offset=3211264,end=6422528](@1) -> float_type, {1, 256, 56, 56}, {802816, 3136, 56, 1}, target_id=0
@41 = gpu::miopen_fusion[ops={{op=convolution[padding={1, 1, 1, 1},stride={1, 1},dilation={1, 1},group=1,padding_mode=0],alpha=1,beta=0}, {op=add,alpha=1,beta=0}, {op=relu,alpha=1,beta=0}}](@38,@31,@39,@40) -> float_type, {1, 256, 56, 56}, {802816, 3136, 56, 1}, target_id=0
@42 = load[offset=1605632,end=2408448](@1) -> float_type, {1, 256, 28, 28}, {200704, 784, 28, 1}, target_id=0
@43 = gpu::pooling[mode=max,padding={0, 0, 0, 0},padding_mode=0,stride={2, 2},lengths={2, 2},dilations={1, 1},ceil_mode=0,lp_order=2,dyn_global=0](@41,@42) -> float_type, {1, 256, 28, 28}, {200704, 784, 28, 1}, target_id=0
@44 = hip::hip_copy_literal[id=main:@literal:16] -> float_type, {1000}, {1}, target_id=0
@45 = hip::hip_copy_literal[id=main:@literal:17] -> float_type, {4096}, {1}, target_id=0
@46 = hip::hip_copy_literal[id=main:@literal:14] -> float_type, {4096, 4096, 1, 1}, {4096, 1, 1, 1}, target_id=0
@47 = hip::hip_copy_literal[id=main:@literal:18] -> float_type, {4096}, {1}, target_id=0
@48 = hip::hip_copy_literal[id=main:@literal:19] -> float_type, {512}, {1}, target_id=0
@49 = hip::hip_copy_literal[id=main:@literal:20] -> float_type, {512}, {1}, target_id=0
@50 = hip::hip_copy_literal[id=main:@literal:15] -> float_type, {1000, 4096, 1, 1}, {4096, 1, 1, 1}, target_id=0
@51 = hip::hip_copy_literal[id=main:@literal:21] -> float_type, {512}, {1}, target_id=0
@52 = hip::hip_copy_literal[id=main:@literal:9] -> float_type, {512, 512, 3, 3}, {4608, 9, 3, 1}, target_id=0
@53 = hip::hip_copy_literal[id=main:@literal:22] -> float_type, {512}, {1}, target_id=0
@54 = hip::hip_copy_literal[id=main:@literal:13] -> float_type, {4096, 512, 7, 7}, {25088, 49, 7, 1}, target_id=0
@55 = hip::hip_copy_literal[id=main:@literal:4] -> float_type, {512, 512, 3, 3}, {4608, 9, 3, 1}, target_id=0
@56 = hip::hip_copy_literal[id=main:@literal:23] -> float_type, {512}, {1}, target_id=0
@57 = hip::hip_copy_literal[id=main:@literal:1] -> float_type, {512, 256, 3, 3}, {2304, 9, 3, 1}, target_id=0
@58 = hip::hip_copy_literal[id=main:@literal:24] -> float_type, {512}, {1}, target_id=0
@59 = hip::hip_copy_literal[id=main:@literal:0] -> float_type, {512, 512, 3, 3}, {4608, 9, 3, 1}, target_id=0
@60 = hip::hip_copy_literal[id=main:@literal:5] -> float_type, {512, 512, 3, 3}, {4608, 9, 3, 1}, target_id=0
@61 = hip::hip_copy_literal[id=main:@literal:3] -> float_type, {512, 512, 3, 3}, {4608, 9, 3, 1}, target_id=0
@62 = load[offset=0,end=1605632](@1) -> float_type, {1, 512, 28, 28}, {401408, 784, 28, 1}, target_id=0
@63 = broadcast[axis=1,out_lens={1, 512, 28, 28}](@58) -> float_type, {1, 512, 28, 28}, {0, 1, 0, 0}, target_id=0
@64 = gpu::miopen_fusion[ops={{op=convolution[padding={1, 1, 1, 1},stride={1, 1},dilation={1, 1},group=1,padding_mode=0],alpha=1,beta=0}, {op=add,alpha=1,beta=0}, {op=relu,alpha=1,beta=0}}](@43,@57,@63,@62) -> float_type, {1, 512, 28, 28}, {401408, 784, 28, 1}, target_id=0
@65 = load[offset=2408448,end=4014080](@1) -> float_type, {1, 512, 28, 28}, {401408, 784, 28, 1}, target_id=0
@66 = broadcast[axis=1,out_lens={1, 512, 28, 28}](@56) -> float_type, {1, 512, 28, 28}, {0, 1, 0, 0}, target_id=0
@67 = gpu::miopen_fusion[ops={{op=convolution[padding={1, 1, 1, 1},stride={1, 1},dilation={1, 1},group=1,padding_mode=0],alpha=1,beta=0}, {op=add,alpha=1,beta=0}, {op=relu,alpha=1,beta=0}}](@64,@60,@66,@65) -> float_type, {1, 512, 28, 28}, {401408, 784, 28, 1}, target_id=0
@68 = broadcast[axis=1,out_lens={1, 512, 28, 28}](@53) -> float_type, {1, 512, 28, 28}, {0, 1, 0, 0}, target_id=0
@69 = load[offset=802816,end=2408448](@1) -> float_type, {1, 512, 28, 28}, {401408, 784, 28, 1}, target_id=0
@70 = gpu::miopen_fusion[ops={{op=convolution[padding={1, 1, 1, 1},stride={1, 1},dilation={1, 1},group=1,padding_mode=0],alpha=1,beta=0}, {op=add,alpha=1,beta=0}, {op=relu,alpha=1,beta=0}}](@67,@59,@68,@69) -> float_type, {1, 512, 28, 28}, {401408, 784, 28, 1}, target_id=0
@71 = load[offset=0,end=401408](@1) -> float_type, {1, 512, 14, 14}, {100352, 196, 14, 1}, target_id=0
@72 = gpu::pooling[mode=max,padding={0, 0, 0, 0},padding_mode=0,stride={2, 2},lengths={2, 2},dilations={1, 1},ceil_mode=0,lp_order=2,dyn_global=0](@70,@71) -> float_type, {1, 512, 14, 14}, {100352, 196, 14, 1}, target_id=0
@73 = broadcast[axis=1,out_lens={1, 512, 14, 14}](@51) -> float_type, {1, 512, 14, 14}, {0, 1, 0, 0}, target_id=0
@74 = load[offset=903168,end=1304576](@1) -> float_type, {1, 512, 14, 14}, {100352, 196, 14, 1}, target_id=0
@75 = gpu::miopen_fusion[ops={{op=convolution[padding={1, 1, 1, 1},stride={1, 1},dilation={1, 1},group=1,padding_mode=0],alpha=1,beta=0}, {op=add,alpha=1,beta=0}, {op=relu,alpha=1,beta=0}}](@72,@55,@73,@74) -> float_type, {1, 512, 14, 14}, {100352, 196, 14, 1}, target_id=0
@76 = broadcast[axis=1,out_lens={1, 512, 14, 14}](@49) -> float_type, {1, 512, 14, 14}, {0, 1, 0, 0}, target_id=0
@77 = load[offset=501760,end=903168](@1) -> float_type, {1, 512, 14, 14}, {100352, 196, 14, 1}, target_id=0
@78 = gpu::miopen_fusion[ops={{op=convolution[padding={1, 1, 1, 1},stride={1, 1},dilation={1, 1},group=1,padding_mode=0],alpha=1,beta=0}, {op=add,alpha=1,beta=0}, {op=relu,alpha=1,beta=0}}](@75,@52,@76,@77) -> float_type, {1, 512, 14, 14}, {100352, 196, 14, 1}, target_id=0
@79 = broadcast[axis=1,out_lens={1, 512, 14, 14}](@48) -> float_type, {1, 512, 14, 14}, {0, 1, 0, 0}, target_id=0
@80 = load[offset=100352,end=501760](@1) -> float_type, {1, 512, 14, 14}, {100352, 196, 14, 1}, target_id=0
@81 = gpu::miopen_fusion[ops={{op=convolution[padding={1, 1, 1, 1},stride={1, 1},dilation={1, 1},group=1,padding_mode=0],alpha=1,beta=0}, {op=add,alpha=1,beta=0}, {op=relu,alpha=1,beta=0}}](@78,@61,@79,@80) -> float_type, {1, 512, 14, 14}, {100352, 196, 14, 1}, target_id=0
@82 = load[offset=501760,end=602112](@1) -> float_type, {1, 512, 7, 7}, {25088, 49, 7, 1}, target_id=0
@83 = gpu::pooling[mode=max,padding={0, 0, 0, 0},padding_mode=0,stride={2, 2},lengths={2, 2},dilations={1, 1},ceil_mode=0,lp_order=2,dyn_global=0](@81,@82) -> float_type, {1, 512, 7, 7}, {25088, 49, 7, 1}, target_id=0
@84 = broadcast[axis=1,out_lens={1, 4096, 1, 1}](@47) -> float_type, {1, 4096, 1, 1}, {0, 1, 0, 0}, target_id=0
@85 = load[offset=16384,end=32768](@1) -> float_type, {1, 4096, 1, 1}, {4096, 1, 1, 1}, target_id=0
@86 = gpu::code_object[code_object=5616,symbol_name=mlir_convolution_add_relu,global=16384,local=64,](@84,@83,@54,@85) -> float_type, {1, 4096, 1, 1}, {4096, 1, 1, 1}, target_id=0
@87 = broadcast[axis=1,out_lens={1, 4096, 1, 1}](@45) -> float_type, {1, 4096, 1, 1}, {0, 1, 0, 0}, target_id=0
@88 = load[offset=32768,end=49152](@1) -> float_type, {1, 4096, 1, 1}, {4096, 1, 1, 1}, target_id=0
@89 = gpu::code_object[code_object=4784,symbol_name=mlir_convolution_add_relu,global=16384,local=64,](@87,@86,@46,@88) -> float_type, {1, 4096, 1, 1}, {4096, 1, 1, 1}, target_id=0
@90 = broadcast[axis=1,out_lens={1, 1000, 1, 1}](@44) -> float_type, {1, 1000, 1, 1}, {0, 1, 0, 0}, target_id=0
main:#output_0 = @param:main:#output_0 -> float_type, {1, 1000, 1, 1}, {1000, 1, 1, 1}, target_id=0
@92 = gpu::code_object[code_object=5512,symbol_name=mlir_convolution_add,global=4032,local=64,](@90,@89,@50,main:#output_0) -> float_type, {1, 1000, 1, 1}, {1000, 1, 1, 1}, target_id=0
@93 = transpose[permutation={0, 2, 3, 1}](@92) -> float_type, {1, 1, 1, 1000}, {1000, 1, 1, 1}, target_id=0
@94 = squeeze[axes={1, 2}](@93) -> float_type, {1, 1000}, {1000, 1}, target_id=0
@95 = @return(@94), target_id=0


Allocating params ... 
Running performance report ... 
@0 = check_context::migraphx::gpu::context -> float_type, {}, {}, target_id=0: 0.00060228ms, 1%
@1 = hip::hip_allocate_memory[shape=int8_type, {25690112}, {1},id=main:scratch] -> int8_type, {25690112}, {1}, target_id=0: 0.0006536ms, 1%
@2 = hip::hip_copy_literal[id=main:@literal:12] -> float_type, {64, 3, 3, 3}, {27, 9, 3, 1}, target_id=0: 0.00070678ms, 1%
@3 = hip::hip_copy_literal[id=main:@literal:7] -> float_type, {64, 64, 3, 3}, {576, 9, 3, 1}, target_id=0: 0.00050684ms, 1%
@4 = hip::hip_copy_literal[id=main:@literal:30] -> float_type, {64}, {1}, target_id=0: 0.0005689ms, 1%
@5 = hip::hip_copy_literal[id=main:@literal:31] -> float_type, {64}, {1}, target_id=0: 0.00050036ms, 1%
@6 = load[offset=12845056,end=25690112](@1) -> float_type, {1, 64, 224, 224}, {3211264, 50176, 224, 1}, target_id=0: 0.0006409ms, 1%
@7 = broadcast[axis=1,out_lens={1, 64, 224, 224}](@5) -> float_type, {1, 64, 224, 224}, {0, 1, 0, 0}, target_id=0: 0.00079148ms, 1%
input = @param:input -> float_type, {1, 3, 224, 224}, {150528, 50176, 224, 1}, target_id=0: 0.00040218ms, 1%
@9 = gpu::miopen_fusion[ops={{op=convolution[padding={1, 1, 1, 1},stride={1, 1},dilation={1, 1},group=1,padding_mode=0],alpha=1,beta=0}, {op=add,alpha=1,beta=0}, {op=relu,alpha=1,beta=0}}](input,@2,@7,@6) -> float_type, {1, 64, 224, 224}, {3211264, 50176, 224, 1}, target_id=0: 0.0570396ms, 3%
@10 = load[offset=0,end=12845056](@1) -> float_type, {1, 64, 224, 224}, {3211264, 50176, 224, 1}, target_id=0: 0.00075642ms, 1%
@11 = broadcast[axis=1,out_lens={1, 64, 224, 224}](@4) -> float_type, {1, 64, 224, 224}, {0, 1, 0, 0}, target_id=0: 0.0007317ms, 1%
@12 = gpu::miopen_fusion[ops={{op=convolution[padding={1, 1, 1, 1},stride={1, 1},dilation={1, 1},group=1,padding_mode=0],alpha=1,beta=0}, {op=add,alpha=1,beta=0}, {op=relu,alpha=1,beta=0}}](@9,@3,@11,@10) -> float_type, {1, 64, 224, 224}, {3211264, 50176, 224, 1}, target_id=0: 0.146274ms, 6%
@13 = load[offset=12845056,end=16056320](@1) -> float_type, {1, 64, 112, 112}, {802816, 12544, 112, 1}, target_id=0: 0.00076398ms, 1%
@14 = gpu::pooling[mode=max,padding={0, 0, 0, 0},padding_mode=0,stride={2, 2},lengths={2, 2},dilations={1, 1},ceil_mode=0,lp_order=2,dyn_global=0](@12,@13) -> float_type, {1, 64, 112, 112}, {802816, 12544, 112, 1}, target_id=0: 0.0399785ms, 2%
@15 = hip::hip_copy_literal[id=main:@literal:11] -> float_type, {128, 64, 3, 3}, {576, 9, 3, 1}, target_id=0: 0.00078622ms, 1%
@16 = hip::hip_copy_literal[id=main:@literal:10] -> float_type, {128, 128, 3, 3}, {1152, 9, 3, 1}, target_id=0: 0.00065568ms, 1%
@17 = hip::hip_copy_literal[id=main:@literal:29] -> float_type, {128}, {1}, target_id=0: 0.00053448ms, 1%
@18 = hip::hip_copy_literal[id=main:@literal:28] -> float_type, {128}, {1}, target_id=0: 0.0006603ms, 1%
@19 = load[offset=16056320,end=22478848](@1) -> float_type, {1, 128, 112, 112}, {1605632, 12544, 112, 1}, target_id=0: 0.0006882ms, 1%
@20 = broadcast[axis=1,out_lens={1, 128, 112, 112}](@17) -> float_type, {1, 128, 112, 112}, {0, 1, 0, 0}, target_id=0: 0.00089762ms, 1%
@21 = gpu::miopen_fusion[ops={{op=convolution[padding={1, 1, 1, 1},stride={1, 1},dilation={1, 1},group=1,padding_mode=0],alpha=1,beta=0}, {op=add,alpha=1,beta=0}, {op=relu,alpha=1,beta=0}}](@14,@15,@20,@19) -> float_type, {1, 128, 112, 112}, {1605632, 12544, 112, 1}, target_id=0: 0.0935503ms, 4%
@22 = broadcast[axis=1,out_lens={1, 128, 112, 112}](@18) -> float_type, {1, 128, 112, 112}, {0, 1, 0, 0}, target_id=0: 0.00096288ms, 1%
@23 = load[offset=6422528,end=12845056](@1) -> float_type, {1, 128, 112, 112}, {1605632, 12544, 112, 1}, target_id=0: 0.00065832ms, 1%
@24 = gpu::miopen_fusion[ops={{op=convolution[padding={1, 1, 1, 1},stride={1, 1},dilation={1, 1},group=1,padding_mode=0],alpha=1,beta=0}, {op=add,alpha=1,beta=0}, {op=relu,alpha=1,beta=0}}](@21,@16,@22,@23) -> float_type, {1, 128, 112, 112}, {1605632, 12544, 112, 1}, target_id=0: 0.149758ms, 7%
@25 = load[offset=3211264,end=4816896](@1) -> float_type, {1, 128, 56, 56}, {401408, 3136, 56, 1}, target_id=0: 0.00073812ms, 1%
@26 = gpu::pooling[mode=max,padding={0, 0, 0, 0},padding_mode=0,stride={2, 2},lengths={2, 2},dilations={1, 1},ceil_mode=0,lp_order=2,dyn_global=0](@24,@25) -> float_type, {1, 128, 56, 56}, {401408, 3136, 56, 1}, target_id=0: 0.0388818ms, 2%
@27 = hip::hip_copy_literal[id=main:@literal:8] -> float_type, {256, 128, 3, 3}, {1152, 9, 3, 1}, target_id=0: 0.00074646ms, 1%
@28 = hip::hip_copy_literal[id=main:@literal:6] -> float_type, {256, 256, 3, 3}, {2304, 9, 3, 1}, target_id=0: 0.00047224ms, 1%
@29 = hip::hip_copy_literal[id=main:@literal:25] -> float_type, {256}, {1}, target_id=0: 0.00065692ms, 1%
@30 = hip::hip_copy_literal[id=main:@literal:26] -> float_type, {256}, {1}, target_id=0: 0.00052334ms, 1%
@31 = hip::hip_copy_literal[id=main:@literal:2] -> float_type, {256, 256, 3, 3}, {2304, 9, 3, 1}, target_id=0: 0.00046488ms, 1%
@32 = hip::hip_copy_literal[id=main:@literal:27] -> float_type, {256}, {1}, target_id=0: 0.0006478ms, 1%
@33 = load[offset=0,end=3211264](@1) -> float_type, {1, 256, 56, 56}, {802816, 3136, 56, 1}, target_id=0: 0.000681ms, 1%
@34 = broadcast[axis=1,out_lens={1, 256, 56, 56}](@32) -> float_type, {1, 256, 56, 56}, {0, 1, 0, 0}, target_id=0: 0.00088888ms, 1%
@35 = gpu::miopen_fusion[ops={{op=convolution[padding={1, 1, 1, 1},stride={1, 1},dilation={1, 1},group=1,padding_mode=0],alpha=1,beta=0}, {op=add,alpha=1,beta=0}, {op=relu,alpha=1,beta=0}}](@26,@27,@34,@33) -> float_type, {1, 256, 56, 56}, {802816, 3136, 56, 1}, target_id=0: 0.0904163ms, 4%
@36 = broadcast[axis=1,out_lens={1, 256, 56, 56}](@30) -> float_type, {1, 256, 56, 56}, {0, 1, 0, 0}, target_id=0: 0.00098842ms, 1%
@37 = load[offset=6422528,end=9633792](@1) -> float_type, {1, 256, 56, 56}, {802816, 3136, 56, 1}, target_id=0: 0.00063356ms, 1%
@38 = gpu::miopen_fusion[ops={{op=convolution[padding={1, 1, 1, 1},stride={1, 1},dilation={1, 1},group=1,padding_mode=0],alpha=1,beta=0}, {op=add,alpha=1,beta=0}, {op=relu,alpha=1,beta=0}}](@35,@28,@36,@37) -> float_type, {1, 256, 56, 56}, {802816, 3136, 56, 1}, target_id=0: 0.147072ms, 6%
@39 = broadcast[axis=1,out_lens={1, 256, 56, 56}](@29) -> float_type, {1, 256, 56, 56}, {0, 1, 0, 0}, target_id=0: 0.0009842ms, 1%
@40 = load[offset=3211264,end=6422528](@1) -> float_type, {1, 256, 56, 56}, {802816, 3136, 56, 1}, target_id=0: 0.00064046ms, 1%
@41 = gpu::miopen_fusion[ops={{op=convolution[padding={1, 1, 1, 1},stride={1, 1},dilation={1, 1},group=1,padding_mode=0],alpha=1,beta=0}, {op=add,alpha=1,beta=0}, {op=relu,alpha=1,beta=0}}](@38,@31,@39,@40) -> float_type, {1, 256, 56, 56}, {802816, 3136, 56, 1}, target_id=0: 0.146956ms, 6%
@42 = load[offset=1605632,end=2408448](@1) -> float_type, {1, 256, 28, 28}, {200704, 784, 28, 1}, target_id=0: 0.0007307ms, 1%
@43 = gpu::pooling[mode=max,padding={0, 0, 0, 0},padding_mode=0,stride={2, 2},lengths={2, 2},dilations={1, 1},ceil_mode=0,lp_order=2,dyn_global=0](@41,@42) -> float_type, {1, 256, 28, 28}, {200704, 784, 28, 1}, target_id=0: 0.0313057ms, 2%
@44 = hip::hip_copy_literal[id=main:@literal:16] -> float_type, {1000}, {1}, target_id=0: 0.00077888ms, 1%
@45 = hip::hip_copy_literal[id=main:@literal:17] -> float_type, {4096}, {1}, target_id=0: 0.00067306ms, 1%
@46 = hip::hip_copy_literal[id=main:@literal:14] -> float_type, {4096, 4096, 1, 1}, {4096, 1, 1, 1}, target_id=0: 0.00051128ms, 1%
@47 = hip::hip_copy_literal[id=main:@literal:18] -> float_type, {4096}, {1}, target_id=0: 0.0006326ms, 1%
@48 = hip::hip_copy_literal[id=main:@literal:19] -> float_type, {512}, {1}, target_id=0: 0.00050958ms, 1%
@49 = hip::hip_copy_literal[id=main:@literal:20] -> float_type, {512}, {1}, target_id=0: 0.0006246ms, 1%
@50 = hip::hip_copy_literal[id=main:@literal:15] -> float_type, {1000, 4096, 1, 1}, {4096, 1, 1, 1}, target_id=0: 0.00051492ms, 1%
@51 = hip::hip_copy_literal[id=main:@literal:21] -> float_type, {512}, {1}, target_id=0: 0.00065578ms, 1%
@52 = hip::hip_copy_literal[id=main:@literal:9] -> float_type, {512, 512, 3, 3}, {4608, 9, 3, 1}, target_id=0: 0.00050876ms, 1%
@53 = hip::hip_copy_literal[id=main:@literal:22] -> float_type, {512}, {1}, target_id=0: 0.00062558ms, 1%
@54 = hip::hip_copy_literal[id=main:@literal:13] -> float_type, {4096, 512, 7, 7}, {25088, 49, 7, 1}, target_id=0: 0.0005098ms, 1%
@55 = hip::hip_copy_literal[id=main:@literal:4] -> float_type, {512, 512, 3, 3}, {4608, 9, 3, 1}, target_id=0: 0.00047458ms, 1%
@56 = hip::hip_copy_literal[id=main:@literal:23] -> float_type, {512}, {1}, target_id=0: 0.0006321ms, 1%
@57 = hip::hip_copy_literal[id=main:@literal:1] -> float_type, {512, 256, 3, 3}, {2304, 9, 3, 1}, target_id=0: 0.00046092ms, 1%
@58 = hip::hip_copy_literal[id=main:@literal:24] -> float_type, {512}, {1}, target_id=0: 0.00063954ms, 1%
@59 = hip::hip_copy_literal[id=main:@literal:0] -> float_type, {512, 512, 3, 3}, {4608, 9, 3, 1}, target_id=0: 0.00048208ms, 1%
@60 = hip::hip_copy_literal[id=main:@literal:5] -> float_type, {512, 512, 3, 3}, {4608, 9, 3, 1}, target_id=0: 0.00046456ms, 1%
@61 = hip::hip_copy_literal[id=main:@literal:3] -> float_type, {512, 512, 3, 3}, {4608, 9, 3, 1}, target_id=0: 0.00045608ms, 1%
@62 = load[offset=0,end=1605632](@1) -> float_type, {1, 512, 28, 28}, {401408, 784, 28, 1}, target_id=0: 0.00078504ms, 1%
@63 = broadcast[axis=1,out_lens={1, 512, 28, 28}](@58) -> float_type, {1, 512, 28, 28}, {0, 1, 0, 0}, target_id=0: 0.00079116ms, 1%
@64 = gpu::miopen_fusion[ops={{op=convolution[padding={1, 1, 1, 1},stride={1, 1},dilation={1, 1},group=1,padding_mode=0],alpha=1,beta=0}, {op=add,alpha=1,beta=0}, {op=relu,alpha=1,beta=0}}](@43,@57,@63,@62) -> float_type, {1, 512, 28, 28}, {401408, 784, 28, 1}, target_id=0: 0.0900811ms, 4%
@65 = load[offset=2408448,end=4014080](@1) -> float_type, {1, 512, 28, 28}, {401408, 784, 28, 1}, target_id=0: 0.00076486ms, 1%
@66 = broadcast[axis=1,out_lens={1, 512, 28, 28}](@56) -> float_type, {1, 512, 28, 28}, {0, 1, 0, 0}, target_id=0: 0.00084798ms, 1%
@67 = gpu::miopen_fusion[ops={{op=convolution[padding={1, 1, 1, 1},stride={1, 1},dilation={1, 1},group=1,padding_mode=0],alpha=1,beta=0}, {op=add,alpha=1,beta=0}, {op=relu,alpha=1,beta=0}}](@64,@60,@66,@65) -> float_type, {1, 512, 28, 28}, {401408, 784, 28, 1}, target_id=0: 0.1448ms, 6%
@68 = broadcast[axis=1,out_lens={1, 512, 28, 28}](@53) -> float_type, {1, 512, 28, 28}, {0, 1, 0, 0}, target_id=0: 0.00097828ms, 1%
@69 = load[offset=802816,end=2408448](@1) -> float_type, {1, 512, 28, 28}, {401408, 784, 28, 1}, target_id=0: 0.0006375ms, 1%
@70 = gpu::miopen_fusion[ops={{op=convolution[padding={1, 1, 1, 1},stride={1, 1},dilation={1, 1},group=1,padding_mode=0],alpha=1,beta=0}, {op=add,alpha=1,beta=0}, {op=relu,alpha=1,beta=0}}](@67,@59,@68,@69) -> float_type, {1, 512, 28, 28}, {401408, 784, 28, 1}, target_id=0: 0.144775ms, 6%
@71 = load[offset=0,end=401408](@1) -> float_type, {1, 512, 14, 14}, {100352, 196, 14, 1}, target_id=0: 0.0007212ms, 1%
@72 = gpu::pooling[mode=max,padding={0, 0, 0, 0},padding_mode=0,stride={2, 2},lengths={2, 2},dilations={1, 1},ceil_mode=0,lp_order=2,dyn_global=0](@70,@71) -> float_type, {1, 512, 14, 14}, {100352, 196, 14, 1}, target_id=0: 0.0258748ms, 2%
@73 = broadcast[axis=1,out_lens={1, 512, 14, 14}](@51) -> float_type, {1, 512, 14, 14}, {0, 1, 0, 0}, target_id=0: 0.0010473ms, 1%
@74 = load[offset=903168,end=1304576](@1) -> float_type, {1, 512, 14, 14}, {100352, 196, 14, 1}, target_id=0: 0.00065224ms, 1%
@75 = gpu::miopen_fusion[ops={{op=convolution[padding={1, 1, 1, 1},stride={1, 1},dilation={1, 1},group=1,padding_mode=0],alpha=1,beta=0}, {op=add,alpha=1,beta=0}, {op=relu,alpha=1,beta=0}}](@72,@55,@73,@74) -> float_type, {1, 512, 14, 14}, {100352, 196, 14, 1}, target_id=0: 0.143412ms, 6%
@76 = broadcast[axis=1,out_lens={1, 512, 14, 14}](@49) -> float_type, {1, 512, 14, 14}, {0, 1, 0, 0}, target_id=0: 0.00096768ms, 1%
@77 = load[offset=501760,end=903168](@1) -> float_type, {1, 512, 14, 14}, {100352, 196, 14, 1}, target_id=0: 0.00062222ms, 1%
@78 = gpu::miopen_fusion[ops={{op=convolution[padding={1, 1, 1, 1},stride={1, 1},dilation={1, 1},group=1,padding_mode=0],alpha=1,beta=0}, {op=add,alpha=1,beta=0}, {op=relu,alpha=1,beta=0}}](@75,@52,@76,@77) -> float_type, {1, 512, 14, 14}, {100352, 196, 14, 1}, target_id=0: 0.143169ms, 6%
@79 = broadcast[axis=1,out_lens={1, 512, 14, 14}](@48) -> float_type, {1, 512, 14, 14}, {0, 1, 0, 0}, target_id=0: 0.00096966ms, 1%
@80 = load[offset=100352,end=501760](@1) -> float_type, {1, 512, 14, 14}, {100352, 196, 14, 1}, target_id=0: 0.00063272ms, 1%
@81 = gpu::miopen_fusion[ops={{op=convolution[padding={1, 1, 1, 1},stride={1, 1},dilation={1, 1},group=1,padding_mode=0],alpha=1,beta=0}, {op=add,alpha=1,beta=0}, {op=relu,alpha=1,beta=0}}](@78,@61,@79,@80) -> float_type, {1, 512, 14, 14}, {100352, 196, 14, 1}, target_id=0: 0.143114ms, 6%
@82 = load[offset=501760,end=602112](@1) -> float_type, {1, 512, 7, 7}, {25088, 49, 7, 1}, target_id=0: 0.00073228ms, 1%
@83 = gpu::pooling[mode=max,padding={0, 0, 0, 0},padding_mode=0,stride={2, 2},lengths={2, 2},dilations={1, 1},ceil_mode=0,lp_order=2,dyn_global=0](@81,@82) -> float_type, {1, 512, 7, 7}, {25088, 49, 7, 1}, target_id=0: 0.0228764ms, 1%
@84 = broadcast[axis=1,out_lens={1, 4096, 1, 1}](@47) -> float_type, {1, 4096, 1, 1}, {0, 1, 0, 0}, target_id=0: 0.00104262ms, 1%
@85 = load[offset=16384,end=32768](@1) -> float_type, {1, 4096, 1, 1}, {4096, 1, 1, 1}, target_id=0: 0.00064882ms, 1%
@86 = gpu::code_object[code_object=5616,symbol_name=mlir_convolution_add_relu,global=16384,local=64,](@84,@83,@54,@85) -> float_type, {1, 4096, 1, 1}, {4096, 1, 1, 1}, target_id=0: 0.45224ms, 19%
@87 = broadcast[axis=1,out_lens={1, 4096, 1, 1}](@45) -> float_type, {1, 4096, 1, 1}, {0, 1, 0, 0}, target_id=0: 0.00086098ms, 1%
@88 = load[offset=32768,end=49152](@1) -> float_type, {1, 4096, 1, 1}, {4096, 1, 1, 1}, target_id=0: 0.00060226ms, 1%
@89 = gpu::code_object[code_object=4784,symbol_name=mlir_convolution_add_relu,global=16384,local=64,](@87,@86,@46,@88) -> float_type, {1, 4096, 1, 1}, {4096, 1, 1, 1}, target_id=0: 0.0916269ms, 4%
@90 = broadcast[axis=1,out_lens={1, 1000, 1, 1}](@44) -> float_type, {1, 1000, 1, 1}, {0, 1, 0, 0}, target_id=0: 0.00082878ms, 1%
main:#output_0 = @param:main:#output_0 -> float_type, {1, 1000, 1, 1}, {1000, 1, 1, 1}, target_id=0: 0.00052004ms, 1%
@92 = gpu::code_object[code_object=5512,symbol_name=mlir_convolution_add,global=4032,local=64,](@90,@89,@50,main:#output_0) -> float_type, {1, 1000, 1, 1}, {1000, 1, 1, 1}, target_id=0: 0.0625591ms, 3%
@93 = transpose[permutation={0, 2, 3, 1}](@92) -> float_type, {1, 1, 1, 1000}, {1000, 1, 1, 1}, target_id=0: 0.0010267ms, 1%
@94 = squeeze[axes={1, 2}](@93) -> float_type, {1, 1000}, {1000, 1}, target_id=0: 0.00102816ms, 1%
@95 = @return(@94), target_id=0
Summary:
gpu::miopen_fusion: 1.64042ms / 13 = 0.126186ms, 67%
gpu::code_object::mlir_convolution_add_relu: 0.543867ms / 2 = 0.271934ms, 23%
gpu::pooling: 0.158917ms / 5 = 0.0317835ms, 7%
gpu::code_object::mlir_convolution_add: 0.0625591ms / 1 = 0.0625591ms, 3%
hip::hip_copy_literal: 0.0185859ms / 32 = 0.000580809ms, 1%
broadcast: 0.0145796ms / 16 = 0.000911226ms, 1%
load: 0.0137308ms / 20 = 0.00068654ms, 1%
squeeze: 0.00102816ms / 1 = 0.00102816ms, 1%
transpose: 0.0010267ms / 1 = 0.0010267ms, 1%
@param: 0.00092222ms / 2 = 0.00046111ms, 1%
hip::hip_allocate_memory: 0.0006536ms / 1 = 0.0006536ms, 1%
check_context::migraphx::gpu::context: 0.00060228ms / 1 = 0.00060228ms, 1%

Batch size: 1
Rate: 458.685 inferences/sec
Total time: 2.18015ms
Total instructions time: 2.45689ms
Overhead time: 0.0194266ms, -0.276746ms
Overhead: 1%, -13%
[ MIGraphX Version: 2.9.0.da208ddff ] Complete: /src/AMDMIGraphX/build/bin/driver perf --gpu /new-saved-models/slim/vgg16_i1.pb
