Running [ MIGraphX Version: 2.9.0.431e714ae ]: /src/AMDMIGraphX/build/bin/driver perf --int8 --gpu /new-saved-models/resnet50/resnet50_v1.onnx
Compiling ... 
Reading: /new-saved-models/resnet50/resnet50_v1.onnx
module: "main"
@0 = check_context::migraphx::gpu::context -> float_type, {}, {}, target_id=0
@1 = hip::hip_allocate_memory[shape=int8_type, {9633792}, {1},id=main:scratch] -> int8_type, {9633792}, {1}, target_id=0
@2 = hip::hip_copy_literal[id=main:@literal:24] -> int8_type, {64, 3, 7, 7}, {147, 49, 7, 1}, target_id=0
@3 = load[offset=0,end=150528](@1) -> int8_type, {1, 3, 224, 224}, {150528, 50176, 224, 1}, target_id=0
input_tensor:0 = @param:input_tensor:0 -> float_type, {1, 3, 224, 224}, {150528, 50176, 224, 1}, target_id=0
@5 = gpu::code_object[code_object=3984,symbol_name=quantizelinear_kernel,global=75264,local=1024,](input_tensor:0,@3) -> int8_type, {1, 3, 224, 224}, {150528, 50176, 224, 1}, target_id=0
@6 = hip::hip_copy_literal[id=main:@literal:54] -> float_type, {64}, {1}, target_id=0
@7 = load[offset=3268864,end=6480128](@1) -> float_type, {1, 64, 112, 112}, {802816, 12544, 112, 1}, target_id=0
@8 = broadcast[axis=1,out_lens={1, 64, 112, 112}](@6) -> float_type, {1, 64, 112, 112}, {0, 1, 0, 0}, target_id=0
@9 = gpu::code_object[code_object=6432,symbol_name=mlir_quant_convolution_dequantizelinear_add_relu,global=50176,local=256,](@8,@5,@2,@7) -> float_type, {1, 64, 112, 112}, {802816, 12544, 112, 1}, target_id=0
@10 = load[offset=0,end=3268864](@1) -> float_type, {1, 64, 113, 113}, {817216, 12769, 113, 1}, target_id=0
@11 = gpu::code_object[code_object=4136,symbol_name=pad_kernel,global=307200,local=1024,](@9,@10) -> float_type, {1, 64, 113, 113}, {817216, 12769, 113, 1}, target_id=0
@12 = load[offset=3268864,end=4071680](@1) -> float_type, {1, 64, 56, 56}, {200704, 3136, 56, 1}, target_id=0
@13 = gpu::pooling[mode=max,padding={0, 0, 0, 0},padding_mode=0,stride={2, 2},lengths={3, 3},dilations={1, 1},ceil_mode=0,lp_order=2,dyn_global=0](@11,@12) -> float_type, {1, 64, 56, 56}, {200704, 3136, 56, 1}, target_id=0
@14 = load[offset=200704,end=401408](@1) -> int8_type, {1, 64, 56, 56}, {200704, 3136, 56, 1}, target_id=0
@15 = gpu::code_object[code_object=3984,symbol_name=quantizelinear_kernel,global=100352,local=1024,](@13,@14) -> int8_type, {1, 64, 56, 56}, {200704, 3136, 56, 1}, target_id=0
@16 = hip::hip_copy_literal[id=main:@literal:20] -> int8_type, {64, 64, 3, 3}, {576, 9, 3, 1}, target_id=0
@17 = hip::hip_copy_literal[id=main:@literal:18] -> int8_type, {64, 64, 1, 1}, {64, 1, 1, 1}, target_id=0
@18 = hip::hip_copy_literal[id=main:@literal:63] -> float_type, {64}, {1}, target_id=0
@19 = load[offset=0,end=200704](@1) -> int8_type, {1, 64, 56, 56}, {200704, 3136, 56, 1}, target_id=0
@20 = broadcast[axis=1,out_lens={1, 64, 56, 56}](@18) -> float_type, {1, 64, 56, 56}, {0, 1, 0, 0}, target_id=0
@21 = gpu::code_object[code_object=4136,symbol_name=mlir_quant_convolution_dequantizelinear_add_relu_quantizelinear,global=50176,local=256,](@20,@15,@17,@19) -> int8_type, {1, 64, 56, 56}, {200704, 3136, 56, 1}, target_id=0
@22 = load[offset=401408,end=1204224](@1) -> int32_type, {1, 64, 56, 56}, {200704, 3136, 56, 1}, target_id=0
@23 = gpu::code_object[code_object=5440,symbol_name=mlir_quant_convolution,global=50176,local=256,](@21,@16,@22) -> int32_type, {1, 64, 56, 56}, {200704, 3136, 56, 1}, target_id=0
@24 = hip::hip_copy_literal[id=main:@literal:17] -> int8_type, {256, 128, 1, 1}, {128, 1, 1, 1}, target_id=0
@25 = hip::hip_copy_literal[id=main:@literal:72] -> float_type, {64}, {1}, target_id=0
@26 = load[offset=1204224,end=1605632](@1) -> int8_type, {1, 128, 56, 56}, {401408, 3136, 56, 1}, target_id=0
@27 = broadcast[axis=1,out_lens={1, 64, 56, 56}](@25) -> float_type, {1, 64, 56, 56}, {0, 1, 0, 0}, target_id=0
@28 = gpu::code_object[code_object=4520,symbol_name=dequantizelinear_add_relu_concat_quantizelinear_kernel,global=100352,local=1024,](@23,@27,@13,@26) -> int8_type, {1, 128, 56, 56}, {401408, 3136, 56, 1}, target_id=0
@29 = hip::hip_copy_literal[id=main:@literal:50] -> float_type, {256}, {1}, target_id=0
@30 = load[offset=6422528,end=9633792](@1) -> float_type, {1, 256, 56, 56}, {802816, 3136, 56, 1}, target_id=0
@31 = broadcast[axis=1,out_lens={1, 256, 56, 56}](@29) -> float_type, {1, 256, 56, 56}, {0, 1, 0, 0}, target_id=0
@32 = gpu::code_object[code_object=5208,symbol_name=mlir_quant_convolution_dequantizelinear_add_relu,global=50176,local=256,](@31,@28,@24,@30) -> float_type, {1, 256, 56, 56}, {802816, 3136, 56, 1}, target_id=0
@33 = hip::hip_copy_literal[id=main:@literal:19] -> int8_type, {64, 64, 3, 3}, {576, 9, 3, 1}, target_id=0
@34 = hip::hip_copy_literal[id=main:@literal:14] -> int8_type, {64, 256, 1, 1}, {256, 1, 1, 1}, target_id=0
@35 = load[offset=1003520,end=1806336](@1) -> int8_type, {1, 256, 56, 56}, {802816, 3136, 56, 1}, target_id=0
@36 = gpu::code_object[code_object=3984,symbol_name=quantizelinear_kernel,global=401408,local=1024,](@32,@35) -> int8_type, {1, 256, 56, 56}, {802816, 3136, 56, 1}, target_id=0
@37 = hip::hip_copy_literal[id=main:@literal:91] -> float_type, {64}, {1}, target_id=0
@38 = load[offset=802816,end=1003520](@1) -> int8_type, {1, 64, 56, 56}, {200704, 3136, 56, 1}, target_id=0
@39 = broadcast[axis=1,out_lens={1, 64, 56, 56}](@37) -> float_type, {1, 64, 56, 56}, {0, 1, 0, 0}, target_id=0
@40 = gpu::code_object[code_object=4640,symbol_name=mlir_quant_convolution_dequantizelinear_add_relu_quantizelinear,global=50176,local=256,](@39,@36,@34,@38) -> int8_type, {1, 64, 56, 56}, {200704, 3136, 56, 1}, target_id=0
@41 = hip::hip_copy_literal[id=main:@literal:95] -> float_type, {64}, {1}, target_id=0
@42 = load[offset=0,end=200704](@1) -> int8_type, {1, 64, 56, 56}, {200704, 3136, 56, 1}, target_id=0
@43 = broadcast[axis=1,out_lens={1, 64, 56, 56}](@41) -> float_type, {1, 64, 56, 56}, {0, 1, 0, 0}, target_id=0
@44 = gpu::code_object[code_object=5992,symbol_name=mlir_quant_convolution_dequantizelinear_add_relu_quantizelinear,global=50176,local=256,](@43,@40,@33,@42) -> int8_type, {1, 64, 56, 56}, {200704, 3136, 56, 1}, target_id=0
@45 = hip::hip_copy_literal[id=main:@literal:22] -> int8_type, {256, 64, 1, 1}, {64, 1, 1, 1}, target_id=0
@46 = hip::hip_copy_literal[id=main:@literal:96] -> float_type, {256}, {1}, target_id=0
@47 = load[offset=3211264,end=6422528](@1) -> float_type, {1, 256, 56, 56}, {802816, 3136, 56, 1}, target_id=0
@48 = broadcast[axis=1,out_lens={1, 256, 56, 56}](@46) -> float_type, {1, 256, 56, 56}, {0, 1, 0, 0}, target_id=0
@49 = gpu::code_object[code_object=4400,symbol_name=mlir_quant_convolution_dequantizelinear_add_add_relu,global=200704,local=256,](@48,@32,@44,@45,@47) -> float_type, {1, 256, 56, 56}, {802816, 3136, 56, 1}, target_id=0
@50 = hip::hip_copy_literal[id=main:@literal:6] -> int8_type, {64, 256, 1, 1}, {256, 1, 1, 1}, target_id=0
@51 = load[offset=200704,end=1003520](@1) -> int8_type, {1, 256, 56, 56}, {802816, 3136, 56, 1}, target_id=0
@52 = gpu::code_object[code_object=3984,symbol_name=quantizelinear_kernel,global=401408,local=1024,](@49,@51) -> int8_type, {1, 256, 56, 56}, {802816, 3136, 56, 1}, target_id=0
@53 = hip::hip_copy_literal[id=main:@literal:97] -> float_type, {64}, {1}, target_id=0
@54 = broadcast[axis=1,out_lens={1, 64, 56, 56}](@53) -> float_type, {1, 64, 56, 56}, {0, 1, 0, 0}, target_id=0
@55 = load[offset=0,end=200704](@1) -> int8_type, {1, 64, 56, 56}, {200704, 3136, 56, 1}, target_id=0
@56 = gpu::code_object[code_object=4640,symbol_name=mlir_quant_convolution_dequantizelinear_add_relu_quantizelinear,global=50176,local=256,](@54,@52,@50,@55) -> int8_type, {1, 64, 56, 56}, {200704, 3136, 56, 1}, target_id=0
@57 = hip::hip_copy_literal[id=main:@literal:13] -> int8_type, {64, 64, 3, 3}, {576, 9, 3, 1}, target_id=0
@58 = hip::hip_copy_literal[id=main:@literal:98] -> float_type, {64}, {1}, target_id=0
@59 = broadcast[axis=1,out_lens={1, 64, 56, 56}](@58) -> float_type, {1, 64, 56, 56}, {0, 1, 0, 0}, target_id=0
@60 = load[offset=6422528,end=6623232](@1) -> int8_type, {1, 64, 56, 56}, {200704, 3136, 56, 1}, target_id=0
@61 = gpu::code_object[code_object=5992,symbol_name=mlir_quant_convolution_dequantizelinear_add_relu_quantizelinear,global=50176,local=256,](@59,@56,@57,@60) -> int8_type, {1, 64, 56, 56}, {200704, 3136, 56, 1}, target_id=0
@62 = hip::hip_copy_literal[id=main:@literal:27] -> int8_type, {256, 64, 1, 1}, {64, 1, 1, 1}, target_id=0
@63 = hip::hip_copy_literal[id=main:@literal:55] -> float_type, {256}, {1}, target_id=0
@64 = load[offset=0,end=3211264](@1) -> float_type, {1, 256, 56, 56}, {802816, 3136, 56, 1}, target_id=0
@65 = broadcast[axis=1,out_lens={1, 256, 56, 56}](@63) -> float_type, {1, 256, 56, 56}, {0, 1, 0, 0}, target_id=0
@66 = gpu::code_object[code_object=4400,symbol_name=mlir_quant_convolution_dequantizelinear_add_add_relu,global=200704,local=256,](@65,@49,@61,@62,@64) -> float_type, {1, 256, 56, 56}, {802816, 3136, 56, 1}, target_id=0
@67 = load[offset=4014080,end=4816896](@1) -> int8_type, {1, 256, 56, 56}, {802816, 3136, 56, 1}, target_id=0
@68 = gpu::code_object[code_object=3984,symbol_name=quantizelinear_kernel,global=401408,local=1024,](@66,@67) -> int8_type, {1, 256, 56, 56}, {802816, 3136, 56, 1}, target_id=0
@69 = hip::hip_copy_literal[id=main:@literal:29] -> int8_type, {128, 128, 3, 3}, {1152, 9, 3, 1}, target_id=0
@70 = hip::hip_copy_literal[id=main:@literal:15] -> int8_type, {128, 256, 1, 1}, {256, 1, 1, 1}, target_id=0
@71 = hip::hip_copy_literal[id=main:@literal:56] -> float_type, {128}, {1}, target_id=0
@72 = load[offset=3612672,end=4014080](@1) -> int8_type, {1, 128, 56, 56}, {401408, 3136, 56, 1}, target_id=0
@73 = broadcast[axis=1,out_lens={1, 128, 56, 56}](@71) -> float_type, {1, 128, 56, 56}, {0, 1, 0, 0}, target_id=0
@74 = gpu::code_object[code_object=6000,symbol_name=mlir_quant_convolution_dequantizelinear_add_relu_quantizelinear,global=25088,local=256,](@73,@68,@70,@72) -> int8_type, {1, 128, 56, 56}, {401408, 3136, 56, 1}, target_id=0
@75 = hip::hip_copy_literal[id=main:@literal:57] -> float_type, {128}, {1}, target_id=0
@76 = load[offset=3211264,end=3612672](@1) -> int32_type, {1, 128, 28, 28}, {100352, 784, 28, 1}, target_id=0
@77 = gpu::code_object[code_object=5520,symbol_name=mlir_quant_convolution,global=25600,local=256,](@74,@69,@76) -> int32_type, {1, 128, 28, 28}, {100352, 784, 28, 1}, target_id=0
@78 = load[offset=3612672,end=3913728](@1) -> int8_type, {1, 384, 28, 28}, {301056, 784, 28, 1}, target_id=0
@79 = step[axes={2, 3},steps={2, 2}](@66) -> float_type, {1, 256, 28, 28}, {802816, 3136, 112, 2}, target_id=0
@80 = broadcast[axis=1,out_lens={1, 128, 28, 28}](@75) -> float_type, {1, 128, 28, 28}, {0, 1, 0, 0}, target_id=0
@81 = gpu::code_object[code_object=4608,symbol_name=dequantizelinear_add_relu_concat_quantizelinear_kernel,global=150528,local=1024,](@77,@80,@79,@78) -> int8_type, {1, 384, 28, 28}, {301056, 784, 28, 1}, target_id=0
@82 = hip::hip_copy_literal[id=main:@literal:30] -> int8_type, {512, 384, 1, 1}, {384, 1, 1, 1}, target_id=0
@83 = hip::hip_copy_literal[id=main:@literal:51] -> float_type, {512}, {1}, target_id=0
@84 = load[offset=5419008,end=7024640](@1) -> float_type, {1, 512, 28, 28}, {401408, 784, 28, 1}, target_id=0
@85 = broadcast[axis=1,out_lens={1, 512, 28, 28}](@83) -> float_type, {1, 512, 28, 28}, {0, 1, 0, 0}, target_id=0
@86 = gpu::code_object[code_object=6264,symbol_name=mlir_quant_convolution_dequantizelinear_add_relu,global=26624,local=256,](@85,@81,@82,@84) -> float_type, {1, 512, 28, 28}, {401408, 784, 28, 1}, target_id=0
@87 = load[offset=0,end=401408](@1) -> int8_type, {1, 512, 28, 28}, {401408, 784, 28, 1}, target_id=0
@88 = gpu::code_object[code_object=3984,symbol_name=quantizelinear_kernel,global=200704,local=1024,](@86,@87) -> int8_type, {1, 512, 28, 28}, {401408, 784, 28, 1}, target_id=0
@89 = hip::hip_copy_literal[id=main:@literal:36] -> int8_type, {128, 128, 3, 3}, {1152, 9, 3, 1}, target_id=0
@90 = hip::hip_copy_literal[id=main:@literal:1] -> int8_type, {128, 512, 1, 1}, {512, 1, 1, 1}, target_id=0
@91 = hip::hip_copy_literal[id=main:@literal:58] -> float_type, {128}, {1}, target_id=0
@92 = load[offset=501760,end=602112](@1) -> int8_type, {1, 128, 28, 28}, {100352, 784, 28, 1}, target_id=0
@93 = broadcast[axis=1,out_lens={1, 128, 28, 28}](@91) -> float_type, {1, 128, 28, 28}, {0, 1, 0, 0}, target_id=0
@94 = gpu::code_object[code_object=4712,symbol_name=mlir_quant_convolution_dequantizelinear_add_relu_quantizelinear,global=25600,local=256,](@93,@88,@90,@92) -> int8_type, {1, 128, 28, 28}, {100352, 784, 28, 1}, target_id=0
@95 = hip::hip_copy_literal[id=main:@literal:59] -> float_type, {128}, {1}, target_id=0
@96 = load[offset=100352,end=200704](@1) -> int8_type, {1, 128, 28, 28}, {100352, 784, 28, 1}, target_id=0
@97 = broadcast[axis=1,out_lens={1, 128, 28, 28}](@95) -> float_type, {1, 128, 28, 28}, {0, 1, 0, 0}, target_id=0
@98 = gpu::code_object[code_object=6184,symbol_name=mlir_quant_convolution_dequantizelinear_add_relu_quantizelinear,global=25600,local=256,](@97,@94,@89,@96) -> int8_type, {1, 128, 28, 28}, {100352, 784, 28, 1}, target_id=0
@99 = hip::hip_copy_literal[id=main:@literal:12] -> int8_type, {512, 128, 1, 1}, {128, 1, 1, 1}, target_id=0
@100 = hip::hip_copy_literal[id=main:@literal:60] -> float_type, {512}, {1}, target_id=0
@101 = load[offset=3813376,end=5419008](@1) -> float_type, {1, 512, 28, 28}, {401408, 784, 28, 1}, target_id=0
@102 = broadcast[axis=1,out_lens={1, 512, 28, 28}](@100) -> float_type, {1, 512, 28, 28}, {0, 1, 0, 0}, target_id=0
@103 = gpu::code_object[code_object=4600,symbol_name=mlir_quant_convolution_dequantizelinear_add_add_relu,global=102400,local=256,](@102,@86,@98,@99,@101) -> float_type, {1, 512, 28, 28}, {401408, 784, 28, 1}, target_id=0
@104 = hip::hip_copy_literal[id=main:@literal:9] -> int8_type, {512, 128, 1, 1}, {128, 1, 1, 1}, target_id=0
@105 = hip::hip_copy_literal[id=main:@literal:10] -> int8_type, {128, 128, 3, 3}, {1152, 9, 3, 1}, target_id=0
@106 = load[offset=501760,end=903168](@1) -> int8_type, {1, 512, 28, 28}, {401408, 784, 28, 1}, target_id=0
@107 = gpu::code_object[code_object=3984,symbol_name=quantizelinear_kernel,global=200704,local=1024,](@103,@106) -> int8_type, {1, 512, 28, 28}, {401408, 784, 28, 1}, target_id=0
@108 = hip::hip_copy_literal[id=main:@literal:28] -> int8_type, {128, 512, 1, 1}, {512, 1, 1, 1}, target_id=0
@109 = hip::hip_copy_literal[id=main:@literal:61] -> float_type, {128}, {1}, target_id=0
@110 = load[offset=401408,end=501760](@1) -> int8_type, {1, 128, 28, 28}, {100352, 784, 28, 1}, target_id=0
@111 = broadcast[axis=1,out_lens={1, 128, 28, 28}](@109) -> float_type, {1, 128, 28, 28}, {0, 1, 0, 0}, target_id=0
@112 = gpu::code_object[code_object=4712,symbol_name=mlir_quant_convolution_dequantizelinear_add_relu_quantizelinear,global=25600,local=256,](@111,@107,@108,@110) -> int8_type, {1, 128, 28, 28}, {100352, 784, 28, 1}, target_id=0
@113 = hip::hip_copy_literal[id=main:@literal:62] -> float_type, {128}, {1}, target_id=0
@114 = load[offset=0,end=100352](@1) -> int8_type, {1, 128, 28, 28}, {100352, 784, 28, 1}, target_id=0
@115 = broadcast[axis=1,out_lens={1, 128, 28, 28}](@113) -> float_type, {1, 128, 28, 28}, {0, 1, 0, 0}, target_id=0
@116 = gpu::code_object[code_object=6184,symbol_name=mlir_quant_convolution_dequantizelinear_add_relu_quantizelinear,global=25600,local=256,](@115,@112,@105,@114) -> int8_type, {1, 128, 28, 28}, {100352, 784, 28, 1}, target_id=0
@117 = hip::hip_copy_literal[id=main:@literal:64] -> float_type, {512}, {1}, target_id=0
@118 = load[offset=2207744,end=3813376](@1) -> float_type, {1, 512, 28, 28}, {401408, 784, 28, 1}, target_id=0
@119 = broadcast[axis=1,out_lens={1, 512, 28, 28}](@117) -> float_type, {1, 512, 28, 28}, {0, 1, 0, 0}, target_id=0
@120 = gpu::code_object[code_object=4600,symbol_name=mlir_quant_convolution_dequantizelinear_add_add_relu,global=102400,local=256,](@119,@103,@116,@104,@118) -> float_type, {1, 512, 28, 28}, {401408, 784, 28, 1}, target_id=0
@121 = hip::hip_copy_literal[id=main:@literal:8] -> int8_type, {128, 512, 1, 1}, {512, 1, 1, 1}, target_id=0
@122 = load[offset=200704,end=602112](@1) -> int8_type, {1, 512, 28, 28}, {401408, 784, 28, 1}, target_id=0
@123 = gpu::code_object[code_object=3984,symbol_name=quantizelinear_kernel,global=200704,local=1024,](@120,@122) -> int8_type, {1, 512, 28, 28}, {401408, 784, 28, 1}, target_id=0
@124 = hip::hip_copy_literal[id=main:@literal:65] -> float_type, {128}, {1}, target_id=0
@125 = load[offset=100352,end=200704](@1) -> int8_type, {1, 128, 28, 28}, {100352, 784, 28, 1}, target_id=0
@126 = broadcast[axis=1,out_lens={1, 128, 28, 28}](@124) -> float_type, {1, 128, 28, 28}, {0, 1, 0, 0}, target_id=0
@127 = gpu::code_object[code_object=4712,symbol_name=mlir_quant_convolution_dequantizelinear_add_relu_quantizelinear,global=25600,local=256,](@126,@123,@121,@125) -> int8_type, {1, 128, 28, 28}, {100352, 784, 28, 1}, target_id=0
@128 = hip::hip_copy_literal[id=main:@literal:7] -> int8_type, {128, 128, 3, 3}, {1152, 9, 3, 1}, target_id=0
@129 = hip::hip_copy_literal[id=main:@literal:35] -> int8_type, {512, 128, 1, 1}, {128, 1, 1, 1}, target_id=0
@130 = hip::hip_copy_literal[id=main:@literal:66] -> float_type, {128}, {1}, target_id=0
@131 = hip::hip_copy_literal[id=main:@literal:67] -> float_type, {512}, {1}, target_id=0
@132 = load[offset=0,end=100352](@1) -> int8_type, {1, 128, 28, 28}, {100352, 784, 28, 1}, target_id=0
@133 = broadcast[axis=1,out_lens={1, 128, 28, 28}](@130) -> float_type, {1, 128, 28, 28}, {0, 1, 0, 0}, target_id=0
@134 = gpu::code_object[code_object=6184,symbol_name=mlir_quant_convolution_dequantizelinear_add_relu_quantizelinear,global=25600,local=256,](@133,@127,@128,@132) -> int8_type, {1, 128, 28, 28}, {100352, 784, 28, 1}, target_id=0
@135 = load[offset=602112,end=2207744](@1) -> float_type, {1, 512, 28, 28}, {401408, 784, 28, 1}, target_id=0
@136 = broadcast[axis=1,out_lens={1, 512, 28, 28}](@131) -> float_type, {1, 512, 28, 28}, {0, 1, 0, 0}, target_id=0
@137 = gpu::code_object[code_object=4600,symbol_name=mlir_quant_convolution_dequantizelinear_add_add_relu,global=102400,local=256,](@136,@120,@134,@129,@135) -> float_type, {1, 512, 28, 28}, {401408, 784, 28, 1}, target_id=0
@138 = hip::hip_copy_literal[id=main:@literal:21] -> int8_type, {256, 512, 1, 1}, {512, 1, 1, 1}, target_id=0
@139 = load[offset=0,end=401408](@1) -> int8_type, {1, 512, 28, 28}, {401408, 784, 28, 1}, target_id=0
@140 = gpu::code_object[code_object=3984,symbol_name=quantizelinear_kernel,global=200704,local=1024,](@137,@139) -> int8_type, {1, 512, 28, 28}, {401408, 784, 28, 1}, target_id=0
@141 = hip::hip_copy_literal[id=main:@literal:4] -> int8_type, {256, 256, 3, 3}, {2304, 9, 3, 1}, target_id=0
@142 = hip::hip_copy_literal[id=main:@literal:68] -> float_type, {256}, {1}, target_id=0
@143 = load[offset=2207744,end=2408448](@1) -> int8_type, {1, 256, 28, 28}, {200704, 784, 28, 1}, target_id=0
@144 = broadcast[axis=1,out_lens={1, 256, 28, 28}](@142) -> float_type, {1, 256, 28, 28}, {0, 1, 0, 0}, target_id=0
@145 = gpu::code_object[code_object=4712,symbol_name=mlir_quant_convolution_dequantizelinear_add_relu_quantizelinear,global=51200,local=256,](@144,@140,@138,@143) -> int8_type, {1, 256, 28, 28}, {200704, 784, 28, 1}, target_id=0
@146 = load[offset=200704,end=401408](@1) -> int32_type, {1, 256, 14, 14}, {50176, 196, 14, 1}, target_id=0
@147 = gpu::code_object[code_object=5536,symbol_name=mlir_quant_convolution,global=14336,local=256,](@145,@141,@146) -> int32_type, {1, 256, 14, 14}, {50176, 196, 14, 1}, target_id=0
@148 = hip::hip_copy_literal[id=main:@literal:69] -> float_type, {256}, {1}, target_id=0
@149 = broadcast[axis=1,out_lens={1, 256, 14, 14}](@148) -> float_type, {1, 256, 14, 14}, {0, 1, 0, 0}, target_id=0
@150 = load[offset=0,end=150528](@1) -> int8_type, {1, 768, 14, 14}, {150528, 196, 14, 1}, target_id=0
@151 = step[axes={2, 3},steps={2, 2}](@137) -> float_type, {1, 512, 14, 14}, {401408, 784, 56, 2}, target_id=0
@152 = gpu::code_object[code_object=4632,symbol_name=dequantizelinear_add_relu_concat_quantizelinear_kernel,global=75264,local=1024,](@147,@149,@151,@150) -> int8_type, {1, 768, 14, 14}, {150528, 196, 14, 1}, target_id=0
@153 = hip::hip_copy_literal[id=main:@literal:3] -> int8_type, {1024, 768, 1, 1}, {768, 1, 1, 1}, target_id=0
@154 = hip::hip_copy_literal[id=main:@literal:52] -> float_type, {1024}, {1}, target_id=0
@155 = load[offset=301056,end=1103872](@1) -> float_type, {1, 1024, 14, 14}, {200704, 196, 14, 1}, target_id=0
@156 = broadcast[axis=1,out_lens={1, 1024, 14, 14}](@154) -> float_type, {1, 1024, 14, 14}, {0, 1, 0, 0}, target_id=0
@157 = gpu::code_object[code_object=4496,symbol_name=mlir_quant_convolution_dequantizelinear_add_relu,global=57344,local=256,](@156,@152,@153,@155) -> float_type, {1, 1024, 14, 14}, {200704, 196, 14, 1}, target_id=0
@158 = hip::hip_copy_literal[id=main:@literal:23] -> int8_type, {256, 1024, 1, 1}, {1024, 1, 1, 1}, target_id=0
@159 = load[offset=1103872,end=1304576](@1) -> int8_type, {1, 1024, 14, 14}, {200704, 196, 14, 1}, target_id=0
@160 = gpu::code_object[code_object=3984,symbol_name=quantizelinear_kernel,global=100352,local=1024,](@157,@159) -> int8_type, {1, 1024, 14, 14}, {200704, 196, 14, 1}, target_id=0
@161 = hip::hip_copy_literal[id=main:@literal:70] -> float_type, {256}, {1}, target_id=0
@162 = load[offset=200704,end=250880](@1) -> int8_type, {1, 256, 14, 14}, {50176, 196, 14, 1}, target_id=0
@163 = broadcast[axis=1,out_lens={1, 256, 14, 14}](@161) -> float_type, {1, 256, 14, 14}, {0, 1, 0, 0}, target_id=0
@164 = gpu::code_object[code_object=4712,symbol_name=mlir_quant_convolution_dequantizelinear_add_relu_quantizelinear,global=14336,local=256,](@163,@160,@158,@162) -> int8_type, {1, 256, 14, 14}, {50176, 196, 14, 1}, target_id=0
@165 = hip::hip_copy_literal[id=main:@literal:2] -> int8_type, {1024, 256, 1, 1}, {256, 1, 1, 1}, target_id=0
@166 = hip::hip_copy_literal[id=main:@literal:33] -> int8_type, {256, 256, 3, 3}, {2304, 9, 3, 1}, target_id=0
@167 = hip::hip_copy_literal[id=main:@literal:71] -> float_type, {256}, {1}, target_id=0
@168 = broadcast[axis=1,out_lens={1, 256, 14, 14}](@167) -> float_type, {1, 256, 14, 14}, {0, 1, 0, 0}, target_id=0
@169 = load[offset=0,end=50176](@1) -> int8_type, {1, 256, 14, 14}, {50176, 196, 14, 1}, target_id=0
@170 = gpu::code_object[code_object=6200,symbol_name=mlir_quant_convolution_dequantizelinear_add_relu_quantizelinear,global=14336,local=256,](@168,@164,@166,@169) -> int8_type, {1, 256, 14, 14}, {50176, 196, 14, 1}, target_id=0
@171 = hip::hip_copy_literal[id=main:@literal:73] -> float_type, {1024}, {1}, target_id=0
@172 = broadcast[axis=1,out_lens={1, 1024, 14, 14}](@171) -> float_type, {1, 1024, 14, 14}, {0, 1, 0, 0}, target_id=0
@173 = load[offset=1154048,end=1956864](@1) -> float_type, {1, 1024, 14, 14}, {200704, 196, 14, 1}, target_id=0
@174 = gpu::code_object[code_object=4864,symbol_name=mlir_quant_convolution_dequantizelinear_add_add_relu,global=57344,local=256,](@172,@157,@170,@165,@173) -> float_type, {1, 1024, 14, 14}, {200704, 196, 14, 1}, target_id=0
@175 = hip::hip_copy_literal[id=main:@literal:37] -> int8_type, {256, 1024, 1, 1}, {1024, 1, 1, 1}, target_id=0
@176 = hip::hip_copy_literal[id=main:@literal:26] -> int8_type, {1024, 256, 1, 1}, {256, 1, 1, 1}, target_id=0
@177 = hip::hip_copy_literal[id=main:@literal:11] -> int8_type, {1024, 256, 1, 1}, {256, 1, 1, 1}, target_id=0
@178 = hip::hip_copy_literal[id=main:@literal:5] -> int8_type, {256, 1024, 1, 1}, {1024, 1, 1, 1}, target_id=0
@179 = hip::hip_copy_literal[id=main:@literal:0] -> int8_type, {256, 256, 3, 3}, {2304, 9, 3, 1}, target_id=0
@180 = hip::hip_copy_literal[id=main:@literal:38] -> int8_type, {256, 256, 3, 3}, {2304, 9, 3, 1}, target_id=0
@181 = hip::hip_copy_literal[id=main:@literal:74] -> float_type, {256}, {1}, target_id=0
@182 = hip::hip_copy_literal[id=main:@literal:75] -> float_type, {256}, {1}, target_id=0
@183 = hip::hip_copy_literal[id=main:@literal:76] -> float_type, {1024}, {1}, target_id=0
@184 = hip::hip_copy_literal[id=main:@literal:77] -> float_type, {256}, {1}, target_id=0
@185 = hip::hip_copy_literal[id=main:@literal:78] -> float_type, {256}, {1}, target_id=0
@186 = hip::hip_copy_literal[id=main:@literal:79] -> float_type, {1024}, {1}, target_id=0
@187 = load[offset=100352,end=301056](@1) -> int8_type, {1, 1024, 14, 14}, {200704, 196, 14, 1}, target_id=0
@188 = gpu::code_object[code_object=3984,symbol_name=quantizelinear_kernel,global=100352,local=1024,](@174,@187) -> int8_type, {1, 1024, 14, 14}, {200704, 196, 14, 1}, target_id=0
@189 = load[offset=50176,end=100352](@1) -> int8_type, {1, 256, 14, 14}, {50176, 196, 14, 1}, target_id=0
@190 = broadcast[axis=1,out_lens={1, 256, 14, 14}](@181) -> float_type, {1, 256, 14, 14}, {0, 1, 0, 0}, target_id=0
@191 = gpu::code_object[code_object=4712,symbol_name=mlir_quant_convolution_dequantizelinear_add_relu_quantizelinear,global=14336,local=256,](@190,@188,@178,@189) -> int8_type, {1, 256, 14, 14}, {50176, 196, 14, 1}, target_id=0
@192 = load[offset=0,end=50176](@1) -> int8_type, {1, 256, 14, 14}, {50176, 196, 14, 1}, target_id=0
@193 = broadcast[axis=1,out_lens={1, 256, 14, 14}](@182) -> float_type, {1, 256, 14, 14}, {0, 1, 0, 0}, target_id=0
@194 = gpu::code_object[code_object=6200,symbol_name=mlir_quant_convolution_dequantizelinear_add_relu_quantizelinear,global=14336,local=256,](@193,@191,@179,@192) -> int8_type, {1, 256, 14, 14}, {50176, 196, 14, 1}, target_id=0
@195 = broadcast[axis=1,out_lens={1, 1024, 14, 14}](@183) -> float_type, {1, 1024, 14, 14}, {0, 1, 0, 0}, target_id=0
@196 = load[offset=2709504,end=3512320](@1) -> float_type, {1, 1024, 14, 14}, {200704, 196, 14, 1}, target_id=0
@197 = gpu::code_object[code_object=4864,symbol_name=mlir_quant_convolution_dequantizelinear_add_add_relu,global=57344,local=256,](@195,@174,@194,@177,@196) -> float_type, {1, 1024, 14, 14}, {200704, 196, 14, 1}, target_id=0
@198 = load[offset=0,end=200704](@1) -> int8_type, {1, 1024, 14, 14}, {200704, 196, 14, 1}, target_id=0
@199 = gpu::code_object[code_object=3984,symbol_name=quantizelinear_kernel,global=100352,local=1024,](@197,@198) -> int8_type, {1, 1024, 14, 14}, {200704, 196, 14, 1}, target_id=0
@200 = load[offset=250880,end=301056](@1) -> int8_type, {1, 256, 14, 14}, {50176, 196, 14, 1}, target_id=0
@201 = broadcast[axis=1,out_lens={1, 256, 14, 14}](@184) -> float_type, {1, 256, 14, 14}, {0, 1, 0, 0}, target_id=0
@202 = gpu::code_object[code_object=4712,symbol_name=mlir_quant_convolution_dequantizelinear_add_relu_quantizelinear,global=14336,local=256,](@201,@199,@175,@200) -> int8_type, {1, 256, 14, 14}, {50176, 196, 14, 1}, target_id=0
@203 = load[offset=50176,end=100352](@1) -> int8_type, {1, 256, 14, 14}, {50176, 196, 14, 1}, target_id=0
@204 = broadcast[axis=1,out_lens={1, 256, 14, 14}](@185) -> float_type, {1, 256, 14, 14}, {0, 1, 0, 0}, target_id=0
@205 = gpu::code_object[code_object=6200,symbol_name=mlir_quant_convolution_dequantizelinear_add_relu_quantizelinear,global=14336,local=256,](@204,@202,@180,@203) -> int8_type, {1, 256, 14, 14}, {50176, 196, 14, 1}, target_id=0
@206 = load[offset=1906688,end=2709504](@1) -> float_type, {1, 1024, 14, 14}, {200704, 196, 14, 1}, target_id=0
@207 = broadcast[axis=1,out_lens={1, 1024, 14, 14}](@186) -> float_type, {1, 1024, 14, 14}, {0, 1, 0, 0}, target_id=0
@208 = gpu::code_object[code_object=4864,symbol_name=mlir_quant_convolution_dequantizelinear_add_add_relu,global=57344,local=256,](@207,@197,@205,@176,@206) -> float_type, {1, 1024, 14, 14}, {200704, 196, 14, 1}, target_id=0
@209 = hip::hip_copy_literal[id=main:@literal:40] -> int8_type, {1024, 256, 1, 1}, {256, 1, 1, 1}, target_id=0
@210 = hip::hip_copy_literal[id=main:@literal:16] -> int8_type, {256, 256, 3, 3}, {2304, 9, 3, 1}, target_id=0
@211 = hip::hip_copy_literal[id=main:@literal:39] -> int8_type, {256, 1024, 1, 1}, {1024, 1, 1, 1}, target_id=0
@212 = hip::hip_copy_literal[id=main:@literal:80] -> float_type, {256}, {1}, target_id=0
@213 = hip::hip_copy_literal[id=main:@literal:81] -> float_type, {256}, {1}, target_id=0
@214 = hip::hip_copy_literal[id=main:@literal:82] -> float_type, {1024}, {1}, target_id=0
@215 = load[offset=250880,end=451584](@1) -> int8_type, {1, 1024, 14, 14}, {200704, 196, 14, 1}, target_id=0
@216 = gpu::code_object[code_object=3984,symbol_name=quantizelinear_kernel,global=100352,local=1024,](@208,@215) -> int8_type, {1, 1024, 14, 14}, {200704, 196, 14, 1}, target_id=0
@217 = load[offset=200704,end=250880](@1) -> int8_type, {1, 256, 14, 14}, {50176, 196, 14, 1}, target_id=0
@218 = broadcast[axis=1,out_lens={1, 256, 14, 14}](@212) -> float_type, {1, 256, 14, 14}, {0, 1, 0, 0}, target_id=0
@219 = gpu::code_object[code_object=4712,symbol_name=mlir_quant_convolution_dequantizelinear_add_relu_quantizelinear,global=14336,local=256,](@218,@216,@211,@217) -> int8_type, {1, 256, 14, 14}, {50176, 196, 14, 1}, target_id=0
@220 = broadcast[axis=1,out_lens={1, 256, 14, 14}](@213) -> float_type, {1, 256, 14, 14}, {0, 1, 0, 0}, target_id=0
@221 = load[offset=0,end=50176](@1) -> int8_type, {1, 256, 14, 14}, {50176, 196, 14, 1}, target_id=0
@222 = gpu::code_object[code_object=6200,symbol_name=mlir_quant_convolution_dequantizelinear_add_relu_quantizelinear,global=14336,local=256,](@220,@219,@210,@221) -> int8_type, {1, 256, 14, 14}, {50176, 196, 14, 1}, target_id=0
@223 = load[offset=1103872,end=1906688](@1) -> float_type, {1, 1024, 14, 14}, {200704, 196, 14, 1}, target_id=0
@224 = broadcast[axis=1,out_lens={1, 1024, 14, 14}](@214) -> float_type, {1, 1024, 14, 14}, {0, 1, 0, 0}, target_id=0
@225 = gpu::code_object[code_object=4864,symbol_name=mlir_quant_convolution_dequantizelinear_add_add_relu,global=57344,local=256,](@224,@208,@222,@209,@223) -> float_type, {1, 1024, 14, 14}, {200704, 196, 14, 1}, target_id=0
@226 = hip::hip_copy_literal[id=main:@literal:41] -> int8_type, {256, 1024, 1, 1}, {1024, 1, 1, 1}, target_id=0
@227 = hip::hip_copy_literal[id=main:@literal:25] -> int8_type, {512, 1024, 1, 1}, {1024, 1, 1, 1}, target_id=0
@228 = hip::hip_copy_literal[id=main:@literal:42] -> int8_type, {256, 256, 3, 3}, {2304, 9, 3, 1}, target_id=0
@229 = hip::hip_copy_literal[id=main:@literal:43] -> int8_type, {1024, 256, 1, 1}, {256, 1, 1, 1}, target_id=0
@230 = hip::hip_copy_literal[id=main:@literal:44] -> int8_type, {512, 512, 3, 3}, {4608, 9, 3, 1}, target_id=0
@231 = hip::hip_copy_literal[id=main:@literal:34] -> int8_type, {2048, 1536, 1, 1}, {1536, 1, 1, 1}, target_id=0
@232 = hip::hip_copy_literal[id=main:@literal:53] -> float_type, {2048}, {1}, target_id=0
@233 = hip::hip_copy_literal[id=main:@literal:83] -> float_type, {256}, {1}, target_id=0
@234 = hip::hip_copy_literal[id=main:@literal:84] -> float_type, {256}, {1}, target_id=0
@235 = hip::hip_copy_literal[id=main:@literal:85] -> float_type, {1024}, {1}, target_id=0
@236 = hip::hip_copy_literal[id=main:@literal:86] -> float_type, {512}, {1}, target_id=0
@237 = hip::hip_copy_literal[id=main:@literal:87] -> float_type, {512}, {1}, target_id=0
@238 = load[offset=100352,end=301056](@1) -> int8_type, {1, 1024, 14, 14}, {200704, 196, 14, 1}, target_id=0
@239 = gpu::code_object[code_object=3984,symbol_name=quantizelinear_kernel,global=100352,local=1024,](@225,@238) -> int8_type, {1, 1024, 14, 14}, {200704, 196, 14, 1}, target_id=0
@240 = load[offset=50176,end=100352](@1) -> int8_type, {1, 256, 14, 14}, {50176, 196, 14, 1}, target_id=0
@241 = broadcast[axis=1,out_lens={1, 256, 14, 14}](@233) -> float_type, {1, 256, 14, 14}, {0, 1, 0, 0}, target_id=0
@242 = gpu::code_object[code_object=4712,symbol_name=mlir_quant_convolution_dequantizelinear_add_relu_quantizelinear,global=14336,local=256,](@241,@239,@226,@240) -> int8_type, {1, 256, 14, 14}, {50176, 196, 14, 1}, target_id=0
@243 = load[offset=0,end=50176](@1) -> int8_type, {1, 256, 14, 14}, {50176, 196, 14, 1}, target_id=0
@244 = broadcast[axis=1,out_lens={1, 256, 14, 14}](@234) -> float_type, {1, 256, 14, 14}, {0, 1, 0, 0}, target_id=0
@245 = gpu::code_object[code_object=6200,symbol_name=mlir_quant_convolution_dequantizelinear_add_relu_quantizelinear,global=14336,local=256,](@244,@242,@228,@243) -> int8_type, {1, 256, 14, 14}, {50176, 196, 14, 1}, target_id=0
@246 = load[offset=301056,end=1103872](@1) -> float_type, {1, 1024, 14, 14}, {200704, 196, 14, 1}, target_id=0
@247 = broadcast[axis=1,out_lens={1, 1024, 14, 14}](@235) -> float_type, {1, 1024, 14, 14}, {0, 1, 0, 0}, target_id=0
@248 = gpu::code_object[code_object=4864,symbol_name=mlir_quant_convolution_dequantizelinear_add_add_relu,global=57344,local=256,](@247,@225,@245,@229,@246) -> float_type, {1, 1024, 14, 14}, {200704, 196, 14, 1}, target_id=0
@249 = load[offset=0,end=200704](@1) -> int8_type, {1, 1024, 14, 14}, {200704, 196, 14, 1}, target_id=0
@250 = gpu::code_object[code_object=3984,symbol_name=quantizelinear_kernel,global=100352,local=1024,](@248,@249) -> int8_type, {1, 1024, 14, 14}, {200704, 196, 14, 1}, target_id=0
@251 = load[offset=1103872,end=1204224](@1) -> int8_type, {1, 512, 14, 14}, {100352, 196, 14, 1}, target_id=0
@252 = broadcast[axis=1,out_lens={1, 512, 14, 14}](@236) -> float_type, {1, 512, 14, 14}, {0, 1, 0, 0}, target_id=0
@253 = gpu::code_object[code_object=4712,symbol_name=mlir_quant_convolution_dequantizelinear_add_relu_quantizelinear,global=28672,local=256,](@252,@250,@227,@251) -> int8_type, {1, 512, 14, 14}, {100352, 196, 14, 1}, target_id=0
@254 = load[offset=100352,end=200704](@1) -> int32_type, {1, 512, 7, 7}, {25088, 49, 7, 1}, target_id=0
@255 = gpu::code_object[code_object=6816,symbol_name=mlir_quant_convolution,global=8192,local=256,](@253,@230,@254) -> int32_type, {1, 512, 7, 7}, {25088, 49, 7, 1}, target_id=0
@256 = step[axes={2, 3},steps={2, 2}](@248) -> float_type, {1, 1024, 7, 7}, {200704, 196, 28, 2}, target_id=0
@257 = broadcast[axis=1,out_lens={1, 512, 7, 7}](@237) -> float_type, {1, 512, 7, 7}, {0, 1, 0, 0}, target_id=0
@258 = load[offset=0,end=75264](@1) -> int8_type, {1, 1536, 7, 7}, {75264, 49, 7, 1}, target_id=0
@259 = gpu::code_object[code_object=4664,symbol_name=dequantizelinear_add_relu_concat_quantizelinear_kernel,global=37632,local=1024,](@255,@257,@256,@258) -> int8_type, {1, 1536, 7, 7}, {75264, 49, 7, 1}, target_id=0
@260 = load[offset=551936,end=953344](@1) -> float_type, {1, 2048, 7, 7}, {100352, 49, 7, 1}, target_id=0
@261 = broadcast[axis=1,out_lens={1, 2048, 7, 7}](@232) -> float_type, {1, 2048, 7, 7}, {0, 1, 0, 0}, target_id=0
@262 = gpu::code_object[code_object=4656,symbol_name=mlir_quant_convolution_dequantizelinear_add_relu,global=32768,local=256,](@261,@259,@231,@260) -> float_type, {1, 2048, 7, 7}, {100352, 49, 7, 1}, target_id=0
@263 = hip::hip_copy_literal[id=main:@literal:46] -> int8_type, {512, 512, 3, 3}, {4608, 9, 3, 1}, target_id=0
@264 = hip::hip_copy_literal[id=main:@literal:45] -> int8_type, {512, 2048, 1, 1}, {2048, 1, 1, 1}, target_id=0
@265 = hip::hip_copy_literal[id=main:@literal:47] -> int8_type, {2048, 512, 1, 1}, {512, 1, 1, 1}, target_id=0
@266 = hip::hip_copy_literal[id=main:@literal:88] -> float_type, {512}, {1}, target_id=0
@267 = hip::hip_copy_literal[id=main:@literal:89] -> float_type, {512}, {1}, target_id=0
@268 = hip::hip_copy_literal[id=main:@literal:90] -> float_type, {2048}, {1}, target_id=0
@269 = load[offset=50176,end=150528](@1) -> int8_type, {1, 2048, 7, 7}, {100352, 49, 7, 1}, target_id=0
@270 = gpu::code_object[code_object=3984,symbol_name=quantizelinear_kernel,global=50176,local=1024,](@262,@269) -> int8_type, {1, 2048, 7, 7}, {100352, 49, 7, 1}, target_id=0
@271 = load[offset=25088,end=50176](@1) -> int8_type, {1, 512, 7, 7}, {25088, 49, 7, 1}, target_id=0
@272 = broadcast[axis=1,out_lens={1, 512, 7, 7}](@266) -> float_type, {1, 512, 7, 7}, {0, 1, 0, 0}, target_id=0
@273 = gpu::code_object[code_object=5048,symbol_name=mlir_quant_convolution_dequantizelinear_add_relu_quantizelinear,global=8192,local=64,](@272,@270,@264,@271) -> int8_type, {1, 512, 7, 7}, {25088, 49, 7, 1}, target_id=0
@274 = load[offset=0,end=25088](@1) -> int8_type, {1, 512, 7, 7}, {25088, 49, 7, 1}, target_id=0
@275 = broadcast[axis=1,out_lens={1, 512, 7, 7}](@267) -> float_type, {1, 512, 7, 7}, {0, 1, 0, 0}, target_id=0
@276 = gpu::code_object[code_object=7464,symbol_name=mlir_quant_convolution_dequantizelinear_add_relu_quantizelinear,global=8192,local=256,](@275,@273,@263,@274) -> int8_type, {1, 512, 7, 7}, {25088, 49, 7, 1}, target_id=0
@277 = load[offset=150528,end=551936](@1) -> float_type, {1, 2048, 7, 7}, {100352, 49, 7, 1}, target_id=0
@278 = broadcast[axis=1,out_lens={1, 2048, 7, 7}](@268) -> float_type, {1, 2048, 7, 7}, {0, 1, 0, 0}, target_id=0
@279 = gpu::code_object[code_object=5024,symbol_name=mlir_quant_convolution_dequantizelinear_add_add_relu,global=32768,local=256,](@278,@262,@276,@265,@277) -> float_type, {1, 2048, 7, 7}, {100352, 49, 7, 1}, target_id=0
@280 = hip::hip_copy_literal[id=main:@literal:32] -> int8_type, {2048, 1001}, {1001, 1}, target_id=0
@281 = hip::hip_copy_literal[id=main:@literal:31] -> int8_type, {2048, 512, 1, 1}, {512, 1, 1, 1}, target_id=0
@282 = hip::hip_copy_literal[id=main:@literal:49] -> int8_type, {512, 512, 3, 3}, {4608, 9, 3, 1}, target_id=0
@283 = hip::hip_copy_literal[id=main:@literal:48] -> int8_type, {512, 2048, 1, 1}, {2048, 1, 1, 1}, target_id=0
@284 = hip::hip_copy_literal[id=main:@literal:92] -> float_type, {512}, {1}, target_id=0
@285 = hip::hip_copy_literal[id=main:@literal:93] -> float_type, {512}, {1}, target_id=0
@286 = hip::hip_copy_literal[id=main:@literal:94] -> float_type, {2048}, {1}, target_id=0
@287 = hip::hip_copy_literal[id=main:@literal:99] -> float_type, {1001}, {1}, target_id=0
@288 = load[offset=551936,end=652288](@1) -> int8_type, {1, 2048, 7, 7}, {100352, 49, 7, 1}, target_id=0
@289 = gpu::code_object[code_object=3984,symbol_name=quantizelinear_kernel,global=50176,local=1024,](@279,@288) -> int8_type, {1, 2048, 7, 7}, {100352, 49, 7, 1}, target_id=0
@290 = broadcast[axis=1,out_lens={1, 512, 7, 7}](@284) -> float_type, {1, 512, 7, 7}, {0, 1, 0, 0}, target_id=0
@291 = load[offset=100352,end=125440](@1) -> int8_type, {1, 512, 7, 7}, {25088, 49, 7, 1}, target_id=0
@292 = gpu::code_object[code_object=5048,symbol_name=mlir_quant_convolution_dequantizelinear_add_relu_quantizelinear,global=8192,local=64,](@290,@289,@283,@291) -> int8_type, {1, 512, 7, 7}, {25088, 49, 7, 1}, target_id=0
@293 = load[offset=0,end=25088](@1) -> int8_type, {1, 512, 7, 7}, {25088, 49, 7, 1}, target_id=0
@294 = broadcast[axis=1,out_lens={1, 512, 7, 7}](@285) -> float_type, {1, 512, 7, 7}, {0, 1, 0, 0}, target_id=0
@295 = gpu::code_object[code_object=7464,symbol_name=mlir_quant_convolution_dequantizelinear_add_relu_quantizelinear,global=8192,local=256,](@294,@292,@282,@293) -> int8_type, {1, 512, 7, 7}, {25088, 49, 7, 1}, target_id=0
@296 = load[offset=551936,end=953344](@1) -> int32_type, {1, 2048, 7, 7}, {100352, 49, 7, 1}, target_id=0
@297 = gpu::code_object[code_object=4192,symbol_name=mlir_quant_convolution,global=32768,local=256,](@295,@281,@296) -> int32_type, {1, 2048, 7, 7}, {100352, 49, 7, 1}, target_id=0
@298 = broadcast[axis=1,out_lens={1, 2048, 7, 7}](@286) -> float_type, {1, 2048, 7, 7}, {0, 1, 0, 0}, target_id=0
@299 = load[offset=6064,end=14256](@1) -> float_type, {1, 2048, 1, 1}, {2048, 1, 1, 1}, target_id=0
@300 = gpu::code_object[code_object=4472,symbol_name=dequantizelinear_add_add_relu_reduce_mean_kernel,global=131072,local=64,](@297,@298,@279,@299) -> float_type, {1, 2048, 1, 1}, {2048, 1, 1, 1}, target_id=0
@301 = load[offset=0,end=2048](@1) -> int8_type, {1, 2048}, {2048, 1}, target_id=0
@302 = squeeze[axes={2, 3}](@300) -> float_type, {1, 2048}, {2048, 1}, target_id=0
@303 = gpu::code_object[code_object=3984,symbol_name=quantizelinear_kernel,global=1024,local=1024,](@302,@301) -> int8_type, {1, 2048}, {2048, 1}, target_id=0
@304 = load[offset=8032,end=12036](@1) -> int32_type, {1, 1001}, {1001, 1}, target_id=0
@305 = gpu::quant_gemm[alpha=1,beta=0,compute_fp32=1,trans_batch=0,solution_idx=0](@303,@280,@304) -> int32_type, {1, 1001}, {1001, 1}, target_id=0
@306 = load[offset=4016,end=8020](@1) -> float_type, {1, 1001}, {1001, 1}, target_id=0
@307 = multibroadcast[out_lens={1, 1001},out_dyn_dims={}](@287) -> float_type, {1, 1001}, {0, 1}, target_id=0
@308 = gpu::code_object[code_object=4208,symbol_name=dequantizelinear_add_kernel,global=1001,local=1024,](@305,@307,@306) -> float_type, {1, 1001}, {1001, 1}, target_id=0
@309 = load[offset=0,end=8](@1) -> int64_type, {1, 1}, {1, 1}, target_id=0
@310 = gpu::argmax[axis=1,select_last_index=0](@308,@309) -> int64_type, {1, 1}, {1, 1}, target_id=0
@311 = reshape_lazy[dims={1}](@310) -> int64_type, {1}, {1}, target_id=0
main:#output_0 = @param:main:#output_0 -> int64_type, {1}, {1}, target_id=0
@313 = gpu::code_object[code_object=3896,symbol_name=convert_convert_kernel,global=1,local=1024,](@311,main:#output_0) -> int64_type, {1}, {1}, target_id=0
main:#output_1 = @param:main:#output_1 -> float_type, {1, 1001}, {1001, 1}, target_id=0
@315 = gpu::code_object[code_object=5488,symbol_name=softmax_kernel,global=256,local=256,](@308,main:#output_1) -> float_type, {1, 1001}, {1001, 1}, target_id=0
@316 = @return(@313,@315), target_id=0


Allocating params ... 
Running performance report ... 
@0 = check_context::migraphx::gpu::context -> float_type, {}, {}, target_id=0: 0.00100242ms, 1%
@1 = hip::hip_allocate_memory[shape=int8_type, {9633792}, {1},id=main:scratch] -> int8_type, {9633792}, {1}, target_id=0: 0.00098702ms, 1%
@2 = hip::hip_copy_literal[id=main:@literal:24] -> int8_type, {64, 3, 7, 7}, {147, 49, 7, 1}, target_id=0: 0.00082864ms, 1%
@3 = load[offset=0,end=150528](@1) -> int8_type, {1, 3, 224, 224}, {150528, 50176, 224, 1}, target_id=0: 0.0008008ms, 1%
input_tensor:0 = @param:input_tensor:0 -> float_type, {1, 3, 224, 224}, {150528, 50176, 224, 1}, target_id=0: 0.00040528ms, 1%
@5 = gpu::code_object[code_object=3984,symbol_name=quantizelinear_kernel,global=75264,local=1024,](input_tensor:0,@3) -> int8_type, {1, 3, 224, 224}, {150528, 50176, 224, 1}, target_id=0: 0.0192609ms, 1%
@6 = hip::hip_copy_literal[id=main:@literal:54] -> float_type, {64}, {1}, target_id=0: 0.00068642ms, 1%
@7 = load[offset=3268864,end=6480128](@1) -> float_type, {1, 64, 112, 112}, {802816, 12544, 112, 1}, target_id=0: 0.00068982ms, 1%
@8 = broadcast[axis=1,out_lens={1, 64, 112, 112}](@6) -> float_type, {1, 64, 112, 112}, {0, 1, 0, 0}, target_id=0: 0.00108422ms, 1%
@9 = gpu::code_object[code_object=6432,symbol_name=mlir_quant_convolution_dequantizelinear_add_relu,global=50176,local=256,](@8,@5,@2,@7) -> float_type, {1, 64, 112, 112}, {802816, 12544, 112, 1}, target_id=0: 0.0328865ms, 2%
@10 = load[offset=0,end=3268864](@1) -> float_type, {1, 64, 113, 113}, {817216, 12769, 113, 1}, target_id=0: 0.000737ms, 1%
@11 = gpu::code_object[code_object=4136,symbol_name=pad_kernel,global=307200,local=1024,](@9,@10) -> float_type, {1, 64, 113, 113}, {817216, 12769, 113, 1}, target_id=0: 0.0244069ms, 1%
@12 = load[offset=3268864,end=4071680](@1) -> float_type, {1, 64, 56, 56}, {200704, 3136, 56, 1}, target_id=0: 0.0007383ms, 1%
@13 = gpu::pooling[mode=max,padding={0, 0, 0, 0},padding_mode=0,stride={2, 2},lengths={3, 3},dilations={1, 1},ceil_mode=0,lp_order=2,dyn_global=0](@11,@12) -> float_type, {1, 64, 56, 56}, {200704, 3136, 56, 1}, target_id=0: 0.064527ms, 3%
@14 = load[offset=200704,end=401408](@1) -> int8_type, {1, 64, 56, 56}, {200704, 3136, 56, 1}, target_id=0: 0.000843ms, 1%
@15 = gpu::code_object[code_object=3984,symbol_name=quantizelinear_kernel,global=100352,local=1024,](@13,@14) -> int8_type, {1, 64, 56, 56}, {200704, 3136, 56, 1}, target_id=0: 0.0183606ms, 1%
@16 = hip::hip_copy_literal[id=main:@literal:20] -> int8_type, {64, 64, 3, 3}, {576, 9, 3, 1}, target_id=0: 0.00079656ms, 1%
@17 = hip::hip_copy_literal[id=main:@literal:18] -> int8_type, {64, 64, 1, 1}, {64, 1, 1, 1}, target_id=0: 0.0007545ms, 1%
@18 = hip::hip_copy_literal[id=main:@literal:63] -> float_type, {64}, {1}, target_id=0: 0.000666ms, 1%
@19 = load[offset=0,end=200704](@1) -> int8_type, {1, 64, 56, 56}, {200704, 3136, 56, 1}, target_id=0: 0.0007054ms, 1%
@20 = broadcast[axis=1,out_lens={1, 64, 56, 56}](@18) -> float_type, {1, 64, 56, 56}, {0, 1, 0, 0}, target_id=0: 0.0011402ms, 1%
@21 = gpu::code_object[code_object=4136,symbol_name=mlir_quant_convolution_dequantizelinear_add_relu_quantizelinear,global=50176,local=256,](@20,@15,@17,@19) -> int8_type, {1, 64, 56, 56}, {200704, 3136, 56, 1}, target_id=0: 0.0190836ms, 1%
@22 = load[offset=401408,end=1204224](@1) -> int32_type, {1, 64, 56, 56}, {200704, 3136, 56, 1}, target_id=0: 0.00073598ms, 1%
@23 = gpu::code_object[code_object=5440,symbol_name=mlir_quant_convolution,global=50176,local=256,](@21,@16,@22) -> int32_type, {1, 64, 56, 56}, {200704, 3136, 56, 1}, target_id=0: 0.0352526ms, 2%
@24 = hip::hip_copy_literal[id=main:@literal:17] -> int8_type, {256, 128, 1, 1}, {128, 1, 1, 1}, target_id=0: 0.00071402ms, 1%
@25 = hip::hip_copy_literal[id=main:@literal:72] -> float_type, {64}, {1}, target_id=0: 0.00061412ms, 1%
@26 = load[offset=1204224,end=1605632](@1) -> int8_type, {1, 128, 56, 56}, {401408, 3136, 56, 1}, target_id=0: 0.00068602ms, 1%
@27 = broadcast[axis=1,out_lens={1, 64, 56, 56}](@25) -> float_type, {1, 64, 56, 56}, {0, 1, 0, 0}, target_id=0: 0.00096356ms, 1%
@28 = gpu::code_object[code_object=4520,symbol_name=dequantizelinear_add_relu_concat_quantizelinear_kernel,global=100352,local=1024,](@23,@27,@13,@26) -> int8_type, {1, 128, 56, 56}, {401408, 3136, 56, 1}, target_id=0: 0.01884ms, 1%
@29 = hip::hip_copy_literal[id=main:@literal:50] -> float_type, {256}, {1}, target_id=0: 0.00069452ms, 1%
@30 = load[offset=6422528,end=9633792](@1) -> float_type, {1, 256, 56, 56}, {802816, 3136, 56, 1}, target_id=0: 0.0007293ms, 1%
@31 = broadcast[axis=1,out_lens={1, 256, 56, 56}](@29) -> float_type, {1, 256, 56, 56}, {0, 1, 0, 0}, target_id=0: 0.00098434ms, 1%
@32 = gpu::code_object[code_object=5208,symbol_name=mlir_quant_convolution_dequantizelinear_add_relu,global=50176,local=256,](@31,@28,@24,@30) -> float_type, {1, 256, 56, 56}, {802816, 3136, 56, 1}, target_id=0: 0.0256944ms, 1%
@33 = hip::hip_copy_literal[id=main:@literal:19] -> int8_type, {64, 64, 3, 3}, {576, 9, 3, 1}, target_id=0: 0.00077208ms, 1%
@34 = hip::hip_copy_literal[id=main:@literal:14] -> int8_type, {64, 256, 1, 1}, {256, 1, 1, 1}, target_id=0: 0.00062844ms, 1%
@35 = load[offset=1003520,end=1806336](@1) -> int8_type, {1, 256, 56, 56}, {802816, 3136, 56, 1}, target_id=0: 0.00070876ms, 1%
@36 = gpu::code_object[code_object=3984,symbol_name=quantizelinear_kernel,global=401408,local=1024,](@32,@35) -> int8_type, {1, 256, 56, 56}, {802816, 3136, 56, 1}, target_id=0: 0.0204036ms, 1%
@37 = hip::hip_copy_literal[id=main:@literal:91] -> float_type, {64}, {1}, target_id=0: 0.00069378ms, 1%
@38 = load[offset=802816,end=1003520](@1) -> int8_type, {1, 64, 56, 56}, {200704, 3136, 56, 1}, target_id=0: 0.00070482ms, 1%
@39 = broadcast[axis=1,out_lens={1, 64, 56, 56}](@37) -> float_type, {1, 64, 56, 56}, {0, 1, 0, 0}, target_id=0: 0.00090498ms, 1%
@40 = gpu::code_object[code_object=4640,symbol_name=mlir_quant_convolution_dequantizelinear_add_relu_quantizelinear,global=50176,local=256,](@39,@36,@34,@38) -> int8_type, {1, 64, 56, 56}, {200704, 3136, 56, 1}, target_id=0: 0.021746ms, 1%
@41 = hip::hip_copy_literal[id=main:@literal:95] -> float_type, {64}, {1}, target_id=0: 0.00069742ms, 1%
@42 = load[offset=0,end=200704](@1) -> int8_type, {1, 64, 56, 56}, {200704, 3136, 56, 1}, target_id=0: 0.0006992ms, 1%
@43 = broadcast[axis=1,out_lens={1, 64, 56, 56}](@41) -> float_type, {1, 64, 56, 56}, {0, 1, 0, 0}, target_id=0: 0.00094594ms, 1%
@44 = gpu::code_object[code_object=5992,symbol_name=mlir_quant_convolution_dequantizelinear_add_relu_quantizelinear,global=50176,local=256,](@43,@40,@33,@42) -> int8_type, {1, 64, 56, 56}, {200704, 3136, 56, 1}, target_id=0: 0.0347786ms, 2%
@45 = hip::hip_copy_literal[id=main:@literal:22] -> int8_type, {256, 64, 1, 1}, {64, 1, 1, 1}, target_id=0: 0.00077546ms, 1%
@46 = hip::hip_copy_literal[id=main:@literal:96] -> float_type, {256}, {1}, target_id=0: 0.0006298ms, 1%
@47 = load[offset=3211264,end=6422528](@1) -> float_type, {1, 256, 56, 56}, {802816, 3136, 56, 1}, target_id=0: 0.00070668ms, 1%
@48 = broadcast[axis=1,out_lens={1, 256, 56, 56}](@46) -> float_type, {1, 256, 56, 56}, {0, 1, 0, 0}, target_id=0: 0.00086768ms, 1%
@49 = gpu::code_object[code_object=4400,symbol_name=mlir_quant_convolution_dequantizelinear_add_add_relu,global=200704,local=256,](@48,@32,@44,@45,@47) -> float_type, {1, 256, 56, 56}, {802816, 3136, 56, 1}, target_id=0: 0.0249363ms, 1%
@50 = hip::hip_copy_literal[id=main:@literal:6] -> int8_type, {64, 256, 1, 1}, {256, 1, 1, 1}, target_id=0: 0.00072076ms, 1%
@51 = load[offset=200704,end=1003520](@1) -> int8_type, {1, 256, 56, 56}, {802816, 3136, 56, 1}, target_id=0: 0.00068924ms, 1%
@52 = gpu::code_object[code_object=3984,symbol_name=quantizelinear_kernel,global=401408,local=1024,](@49,@51) -> int8_type, {1, 256, 56, 56}, {802816, 3136, 56, 1}, target_id=0: 0.0202827ms, 1%
@53 = hip::hip_copy_literal[id=main:@literal:97] -> float_type, {64}, {1}, target_id=0: 0.00075564ms, 1%
@54 = broadcast[axis=1,out_lens={1, 64, 56, 56}](@53) -> float_type, {1, 64, 56, 56}, {0, 1, 0, 0}, target_id=0: 0.00101724ms, 1%
@55 = load[offset=0,end=200704](@1) -> int8_type, {1, 64, 56, 56}, {200704, 3136, 56, 1}, target_id=0: 0.00068114ms, 1%
@56 = gpu::code_object[code_object=4640,symbol_name=mlir_quant_convolution_dequantizelinear_add_relu_quantizelinear,global=50176,local=256,](@54,@52,@50,@55) -> int8_type, {1, 64, 56, 56}, {200704, 3136, 56, 1}, target_id=0: 0.021946ms, 1%
@57 = hip::hip_copy_literal[id=main:@literal:13] -> int8_type, {64, 64, 3, 3}, {576, 9, 3, 1}, target_id=0: 0.0007119ms, 1%
@58 = hip::hip_copy_literal[id=main:@literal:98] -> float_type, {64}, {1}, target_id=0: 0.0006504ms, 1%
@59 = broadcast[axis=1,out_lens={1, 64, 56, 56}](@58) -> float_type, {1, 64, 56, 56}, {0, 1, 0, 0}, target_id=0: 0.00091576ms, 1%
@60 = load[offset=6422528,end=6623232](@1) -> int8_type, {1, 64, 56, 56}, {200704, 3136, 56, 1}, target_id=0: 0.00067414ms, 1%
@61 = gpu::code_object[code_object=5992,symbol_name=mlir_quant_convolution_dequantizelinear_add_relu_quantizelinear,global=50176,local=256,](@59,@56,@57,@60) -> int8_type, {1, 64, 56, 56}, {200704, 3136, 56, 1}, target_id=0: 0.0344958ms, 2%
@62 = hip::hip_copy_literal[id=main:@literal:27] -> int8_type, {256, 64, 1, 1}, {64, 1, 1, 1}, target_id=0: 0.00067034ms, 1%
@63 = hip::hip_copy_literal[id=main:@literal:55] -> float_type, {256}, {1}, target_id=0: 0.00061672ms, 1%
@64 = load[offset=0,end=3211264](@1) -> float_type, {1, 256, 56, 56}, {802816, 3136, 56, 1}, target_id=0: 0.00069544ms, 1%
@65 = broadcast[axis=1,out_lens={1, 256, 56, 56}](@63) -> float_type, {1, 256, 56, 56}, {0, 1, 0, 0}, target_id=0: 0.00087734ms, 1%
@66 = gpu::code_object[code_object=4400,symbol_name=mlir_quant_convolution_dequantizelinear_add_add_relu,global=200704,local=256,](@65,@49,@61,@62,@64) -> float_type, {1, 256, 56, 56}, {802816, 3136, 56, 1}, target_id=0: 0.0248044ms, 1%
@67 = load[offset=4014080,end=4816896](@1) -> int8_type, {1, 256, 56, 56}, {802816, 3136, 56, 1}, target_id=0: 0.00072806ms, 1%
@68 = gpu::code_object[code_object=3984,symbol_name=quantizelinear_kernel,global=401408,local=1024,](@66,@67) -> int8_type, {1, 256, 56, 56}, {802816, 3136, 56, 1}, target_id=0: 0.0204637ms, 1%
@69 = hip::hip_copy_literal[id=main:@literal:29] -> int8_type, {128, 128, 3, 3}, {1152, 9, 3, 1}, target_id=0: 0.0007324ms, 1%
@70 = hip::hip_copy_literal[id=main:@literal:15] -> int8_type, {128, 256, 1, 1}, {256, 1, 1, 1}, target_id=0: 0.0006812ms, 1%
@71 = hip::hip_copy_literal[id=main:@literal:56] -> float_type, {128}, {1}, target_id=0: 0.00076214ms, 1%
@72 = load[offset=3612672,end=4014080](@1) -> int8_type, {1, 128, 56, 56}, {401408, 3136, 56, 1}, target_id=0: 0.0007042ms, 1%
@73 = broadcast[axis=1,out_lens={1, 128, 56, 56}](@71) -> float_type, {1, 128, 56, 56}, {0, 1, 0, 0}, target_id=0: 0.00091378ms, 1%
@74 = gpu::code_object[code_object=6000,symbol_name=mlir_quant_convolution_dequantizelinear_add_relu_quantizelinear,global=25088,local=256,](@73,@68,@70,@72) -> int8_type, {1, 128, 56, 56}, {401408, 3136, 56, 1}, target_id=0: 0.026191ms, 2%
@75 = hip::hip_copy_literal[id=main:@literal:57] -> float_type, {128}, {1}, target_id=0: 0.00068794ms, 1%
@76 = load[offset=3211264,end=3612672](@1) -> int32_type, {1, 128, 28, 28}, {100352, 784, 28, 1}, target_id=0: 0.00068486ms, 1%
@77 = gpu::code_object[code_object=5520,symbol_name=mlir_quant_convolution,global=25600,local=256,](@74,@69,@76) -> int32_type, {1, 128, 28, 28}, {100352, 784, 28, 1}, target_id=0: 0.0392381ms, 2%
@78 = load[offset=3612672,end=3913728](@1) -> int8_type, {1, 384, 28, 28}, {301056, 784, 28, 1}, target_id=0: 0.00071998ms, 1%
@79 = step[axes={2, 3},steps={2, 2}](@66) -> float_type, {1, 256, 28, 28}, {802816, 3136, 112, 2}, target_id=0: 0.00133084ms, 1%
@80 = broadcast[axis=1,out_lens={1, 128, 28, 28}](@75) -> float_type, {1, 128, 28, 28}, {0, 1, 0, 0}, target_id=0: 0.00092424ms, 1%
@81 = gpu::code_object[code_object=4608,symbol_name=dequantizelinear_add_relu_concat_quantizelinear_kernel,global=150528,local=1024,](@77,@80,@79,@78) -> int8_type, {1, 384, 28, 28}, {301056, 784, 28, 1}, target_id=0: 0.0197658ms, 1%
@82 = hip::hip_copy_literal[id=main:@literal:30] -> int8_type, {512, 384, 1, 1}, {384, 1, 1, 1}, target_id=0: 0.00078764ms, 1%
@83 = hip::hip_copy_literal[id=main:@literal:51] -> float_type, {512}, {1}, target_id=0: 0.00059462ms, 1%
@84 = load[offset=5419008,end=7024640](@1) -> float_type, {1, 512, 28, 28}, {401408, 784, 28, 1}, target_id=0: 0.00069358ms, 1%
@85 = broadcast[axis=1,out_lens={1, 512, 28, 28}](@83) -> float_type, {1, 512, 28, 28}, {0, 1, 0, 0}, target_id=0: 0.00095988ms, 1%
@86 = gpu::code_object[code_object=6264,symbol_name=mlir_quant_convolution_dequantizelinear_add_relu,global=26624,local=256,](@85,@81,@82,@84) -> float_type, {1, 512, 28, 28}, {401408, 784, 28, 1}, target_id=0: 0.0311063ms, 2%
@87 = load[offset=0,end=401408](@1) -> int8_type, {1, 512, 28, 28}, {401408, 784, 28, 1}, target_id=0: 0.00072276ms, 1%
@88 = gpu::code_object[code_object=3984,symbol_name=quantizelinear_kernel,global=200704,local=1024,](@86,@87) -> int8_type, {1, 512, 28, 28}, {401408, 784, 28, 1}, target_id=0: 0.0184565ms, 1%
@89 = hip::hip_copy_literal[id=main:@literal:36] -> int8_type, {128, 128, 3, 3}, {1152, 9, 3, 1}, target_id=0: 0.00070108ms, 1%
@90 = hip::hip_copy_literal[id=main:@literal:1] -> int8_type, {128, 512, 1, 1}, {512, 1, 1, 1}, target_id=0: 0.00062588ms, 1%
@91 = hip::hip_copy_literal[id=main:@literal:58] -> float_type, {128}, {1}, target_id=0: 0.0007561ms, 1%
@92 = load[offset=501760,end=602112](@1) -> int8_type, {1, 128, 28, 28}, {100352, 784, 28, 1}, target_id=0: 0.00069428ms, 1%
@93 = broadcast[axis=1,out_lens={1, 128, 28, 28}](@91) -> float_type, {1, 128, 28, 28}, {0, 1, 0, 0}, target_id=0: 0.00099652ms, 1%
@94 = gpu::code_object[code_object=4712,symbol_name=mlir_quant_convolution_dequantizelinear_add_relu_quantizelinear,global=25600,local=256,](@93,@88,@90,@92) -> int8_type, {1, 128, 28, 28}, {100352, 784, 28, 1}, target_id=0: 0.0243158ms, 1%
@95 = hip::hip_copy_literal[id=main:@literal:59] -> float_type, {128}, {1}, target_id=0: 0.00068816ms, 1%
@96 = load[offset=100352,end=200704](@1) -> int8_type, {1, 128, 28, 28}, {100352, 784, 28, 1}, target_id=0: 0.00069132ms, 1%
@97 = broadcast[axis=1,out_lens={1, 128, 28, 28}](@95) -> float_type, {1, 128, 28, 28}, {0, 1, 0, 0}, target_id=0: 0.0008596ms, 1%
@98 = gpu::code_object[code_object=6184,symbol_name=mlir_quant_convolution_dequantizelinear_add_relu_quantizelinear,global=25600,local=256,](@97,@94,@89,@96) -> int8_type, {1, 128, 28, 28}, {100352, 784, 28, 1}, target_id=0: 0.0398807ms, 2%
@99 = hip::hip_copy_literal[id=main:@literal:12] -> int8_type, {512, 128, 1, 1}, {128, 1, 1, 1}, target_id=0: 0.00072248ms, 1%
@100 = hip::hip_copy_literal[id=main:@literal:60] -> float_type, {512}, {1}, target_id=0: 0.00057288ms, 1%
@101 = load[offset=3813376,end=5419008](@1) -> float_type, {1, 512, 28, 28}, {401408, 784, 28, 1}, target_id=0: 0.00069446ms, 1%
@102 = broadcast[axis=1,out_lens={1, 512, 28, 28}](@100) -> float_type, {1, 512, 28, 28}, {0, 1, 0, 0}, target_id=0: 0.00090778ms, 1%
@103 = gpu::code_object[code_object=4600,symbol_name=mlir_quant_convolution_dequantizelinear_add_add_relu,global=102400,local=256,](@102,@86,@98,@99,@101) -> float_type, {1, 512, 28, 28}, {401408, 784, 28, 1}, target_id=0: 0.0234707ms, 1%
@104 = hip::hip_copy_literal[id=main:@literal:9] -> int8_type, {512, 128, 1, 1}, {128, 1, 1, 1}, target_id=0: 0.00069442ms, 1%
@105 = hip::hip_copy_literal[id=main:@literal:10] -> int8_type, {128, 128, 3, 3}, {1152, 9, 3, 1}, target_id=0: 0.0005996ms, 1%
@106 = load[offset=501760,end=903168](@1) -> int8_type, {1, 512, 28, 28}, {401408, 784, 28, 1}, target_id=0: 0.00072044ms, 1%
@107 = gpu::code_object[code_object=3984,symbol_name=quantizelinear_kernel,global=200704,local=1024,](@103,@106) -> int8_type, {1, 512, 28, 28}, {401408, 784, 28, 1}, target_id=0: 0.0182283ms, 1%
@108 = hip::hip_copy_literal[id=main:@literal:28] -> int8_type, {128, 512, 1, 1}, {512, 1, 1, 1}, target_id=0: 0.0006755ms, 1%
@109 = hip::hip_copy_literal[id=main:@literal:61] -> float_type, {128}, {1}, target_id=0: 0.0007956ms, 1%
@110 = load[offset=401408,end=501760](@1) -> int8_type, {1, 128, 28, 28}, {100352, 784, 28, 1}, target_id=0: 0.00070446ms, 1%
@111 = broadcast[axis=1,out_lens={1, 128, 28, 28}](@109) -> float_type, {1, 128, 28, 28}, {0, 1, 0, 0}, target_id=0: 0.00111536ms, 1%
@112 = gpu::code_object[code_object=4712,symbol_name=mlir_quant_convolution_dequantizelinear_add_relu_quantizelinear,global=25600,local=256,](@111,@107,@108,@110) -> int8_type, {1, 128, 28, 28}, {100352, 784, 28, 1}, target_id=0: 0.0243716ms, 1%
@113 = hip::hip_copy_literal[id=main:@literal:62] -> float_type, {128}, {1}, target_id=0: 0.0006954ms, 1%
@114 = load[offset=0,end=100352](@1) -> int8_type, {1, 128, 28, 28}, {100352, 784, 28, 1}, target_id=0: 0.0007191ms, 1%
@115 = broadcast[axis=1,out_lens={1, 128, 28, 28}](@113) -> float_type, {1, 128, 28, 28}, {0, 1, 0, 0}, target_id=0: 0.00089138ms, 1%
@116 = gpu::code_object[code_object=6184,symbol_name=mlir_quant_convolution_dequantizelinear_add_relu_quantizelinear,global=25600,local=256,](@115,@112,@105,@114) -> int8_type, {1, 128, 28, 28}, {100352, 784, 28, 1}, target_id=0: 0.0394288ms, 2%
@117 = hip::hip_copy_literal[id=main:@literal:64] -> float_type, {512}, {1}, target_id=0: 0.00068802ms, 1%
@118 = load[offset=2207744,end=3813376](@1) -> float_type, {1, 512, 28, 28}, {401408, 784, 28, 1}, target_id=0: 0.00069422ms, 1%
@119 = broadcast[axis=1,out_lens={1, 512, 28, 28}](@117) -> float_type, {1, 512, 28, 28}, {0, 1, 0, 0}, target_id=0: 0.00086528ms, 1%
@120 = gpu::code_object[code_object=4600,symbol_name=mlir_quant_convolution_dequantizelinear_add_add_relu,global=102400,local=256,](@119,@103,@116,@104,@118) -> float_type, {1, 512, 28, 28}, {401408, 784, 28, 1}, target_id=0: 0.0232233ms, 1%
@121 = hip::hip_copy_literal[id=main:@literal:8] -> int8_type, {128, 512, 1, 1}, {512, 1, 1, 1}, target_id=0: 0.0006581ms, 1%
@122 = load[offset=200704,end=602112](@1) -> int8_type, {1, 512, 28, 28}, {401408, 784, 28, 1}, target_id=0: 0.00070114ms, 1%
@123 = gpu::code_object[code_object=3984,symbol_name=quantizelinear_kernel,global=200704,local=1024,](@120,@122) -> int8_type, {1, 512, 28, 28}, {401408, 784, 28, 1}, target_id=0: 0.0182309ms, 1%
@124 = hip::hip_copy_literal[id=main:@literal:65] -> float_type, {128}, {1}, target_id=0: 0.00072894ms, 1%
@125 = load[offset=100352,end=200704](@1) -> int8_type, {1, 128, 28, 28}, {100352, 784, 28, 1}, target_id=0: 0.0007003ms, 1%
@126 = broadcast[axis=1,out_lens={1, 128, 28, 28}](@124) -> float_type, {1, 128, 28, 28}, {0, 1, 0, 0}, target_id=0: 0.0009969ms, 1%
@127 = gpu::code_object[code_object=4712,symbol_name=mlir_quant_convolution_dequantizelinear_add_relu_quantizelinear,global=25600,local=256,](@126,@123,@121,@125) -> int8_type, {1, 128, 28, 28}, {100352, 784, 28, 1}, target_id=0: 0.0244551ms, 1%
@128 = hip::hip_copy_literal[id=main:@literal:7] -> int8_type, {128, 128, 3, 3}, {1152, 9, 3, 1}, target_id=0: 0.0006635ms, 1%
@129 = hip::hip_copy_literal[id=main:@literal:35] -> int8_type, {512, 128, 1, 1}, {128, 1, 1, 1}, target_id=0: 0.00065164ms, 1%
@130 = hip::hip_copy_literal[id=main:@literal:66] -> float_type, {128}, {1}, target_id=0: 0.0006587ms, 1%
@131 = hip::hip_copy_literal[id=main:@literal:67] -> float_type, {512}, {1}, target_id=0: 0.00059806ms, 1%
@132 = load[offset=0,end=100352](@1) -> int8_type, {1, 128, 28, 28}, {100352, 784, 28, 1}, target_id=0: 0.0007028ms, 1%
@133 = broadcast[axis=1,out_lens={1, 128, 28, 28}](@130) -> float_type, {1, 128, 28, 28}, {0, 1, 0, 0}, target_id=0: 0.00112622ms, 1%
@134 = gpu::code_object[code_object=6184,symbol_name=mlir_quant_convolution_dequantizelinear_add_relu_quantizelinear,global=25600,local=256,](@133,@127,@128,@132) -> int8_type, {1, 128, 28, 28}, {100352, 784, 28, 1}, target_id=0: 0.0394358ms, 2%
@135 = load[offset=602112,end=2207744](@1) -> float_type, {1, 512, 28, 28}, {401408, 784, 28, 1}, target_id=0: 0.00071252ms, 1%
@136 = broadcast[axis=1,out_lens={1, 512, 28, 28}](@131) -> float_type, {1, 512, 28, 28}, {0, 1, 0, 0}, target_id=0: 0.00079148ms, 1%
@137 = gpu::code_object[code_object=4600,symbol_name=mlir_quant_convolution_dequantizelinear_add_add_relu,global=102400,local=256,](@136,@120,@134,@129,@135) -> float_type, {1, 512, 28, 28}, {401408, 784, 28, 1}, target_id=0: 0.0233989ms, 1%
@138 = hip::hip_copy_literal[id=main:@literal:21] -> int8_type, {256, 512, 1, 1}, {512, 1, 1, 1}, target_id=0: 0.00068882ms, 1%
@139 = load[offset=0,end=401408](@1) -> int8_type, {1, 512, 28, 28}, {401408, 784, 28, 1}, target_id=0: 0.00068848ms, 1%
@140 = gpu::code_object[code_object=3984,symbol_name=quantizelinear_kernel,global=200704,local=1024,](@137,@139) -> int8_type, {1, 512, 28, 28}, {401408, 784, 28, 1}, target_id=0: 0.0181578ms, 1%
@141 = hip::hip_copy_literal[id=main:@literal:4] -> int8_type, {256, 256, 3, 3}, {2304, 9, 3, 1}, target_id=0: 0.00070366ms, 1%
@142 = hip::hip_copy_literal[id=main:@literal:68] -> float_type, {256}, {1}, target_id=0: 0.00071316ms, 1%
@143 = load[offset=2207744,end=2408448](@1) -> int8_type, {1, 256, 28, 28}, {200704, 784, 28, 1}, target_id=0: 0.0006942ms, 1%
@144 = broadcast[axis=1,out_lens={1, 256, 28, 28}](@142) -> float_type, {1, 256, 28, 28}, {0, 1, 0, 0}, target_id=0: 0.0010446ms, 1%
@145 = gpu::code_object[code_object=4712,symbol_name=mlir_quant_convolution_dequantizelinear_add_relu_quantizelinear,global=51200,local=256,](@144,@140,@138,@143) -> int8_type, {1, 256, 28, 28}, {200704, 784, 28, 1}, target_id=0: 0.0247987ms, 1%
@146 = load[offset=200704,end=401408](@1) -> int32_type, {1, 256, 14, 14}, {50176, 196, 14, 1}, target_id=0: 0.00076012ms, 1%
@147 = gpu::code_object[code_object=5536,symbol_name=mlir_quant_convolution,global=14336,local=256,](@145,@141,@146) -> int32_type, {1, 256, 14, 14}, {50176, 196, 14, 1}, target_id=0: 0.0558111ms, 3%
@148 = hip::hip_copy_literal[id=main:@literal:69] -> float_type, {256}, {1}, target_id=0: 0.00073124ms, 1%
@149 = broadcast[axis=1,out_lens={1, 256, 14, 14}](@148) -> float_type, {1, 256, 14, 14}, {0, 1, 0, 0}, target_id=0: 0.00094722ms, 1%
@150 = load[offset=0,end=150528](@1) -> int8_type, {1, 768, 14, 14}, {150528, 196, 14, 1}, target_id=0: 0.00068232ms, 1%
@151 = step[axes={2, 3},steps={2, 2}](@137) -> float_type, {1, 512, 14, 14}, {401408, 784, 56, 2}, target_id=0: 0.00094778ms, 1%
@152 = gpu::code_object[code_object=4632,symbol_name=dequantizelinear_add_relu_concat_quantizelinear_kernel,global=75264,local=1024,](@147,@149,@151,@150) -> int8_type, {1, 768, 14, 14}, {150528, 196, 14, 1}, target_id=0: 0.0189805ms, 1%
@153 = hip::hip_copy_literal[id=main:@literal:3] -> int8_type, {1024, 768, 1, 1}, {768, 1, 1, 1}, target_id=0: 0.00066854ms, 1%
@154 = hip::hip_copy_literal[id=main:@literal:52] -> float_type, {1024}, {1}, target_id=0: 0.00071804ms, 1%
@155 = load[offset=301056,end=1103872](@1) -> float_type, {1, 1024, 14, 14}, {200704, 196, 14, 1}, target_id=0: 0.00068286ms, 1%
@156 = broadcast[axis=1,out_lens={1, 1024, 14, 14}](@154) -> float_type, {1, 1024, 14, 14}, {0, 1, 0, 0}, target_id=0: 0.0012239ms, 1%
@157 = gpu::code_object[code_object=4496,symbol_name=mlir_quant_convolution_dequantizelinear_add_relu,global=57344,local=256,](@156,@152,@153,@155) -> float_type, {1, 1024, 14, 14}, {200704, 196, 14, 1}, target_id=0: 0.028715ms, 2%
@158 = hip::hip_copy_literal[id=main:@literal:23] -> int8_type, {256, 1024, 1, 1}, {1024, 1, 1, 1}, target_id=0: 0.00070926ms, 1%
@159 = load[offset=1103872,end=1304576](@1) -> int8_type, {1, 1024, 14, 14}, {200704, 196, 14, 1}, target_id=0: 0.00070478ms, 1%
@160 = gpu::code_object[code_object=3984,symbol_name=quantizelinear_kernel,global=100352,local=1024,](@157,@159) -> int8_type, {1, 1024, 14, 14}, {200704, 196, 14, 1}, target_id=0: 0.0172555ms, 1%
@161 = hip::hip_copy_literal[id=main:@literal:70] -> float_type, {256}, {1}, target_id=0: 0.00073344ms, 1%
@162 = load[offset=200704,end=250880](@1) -> int8_type, {1, 256, 14, 14}, {50176, 196, 14, 1}, target_id=0: 0.00068444ms, 1%
@163 = broadcast[axis=1,out_lens={1, 256, 14, 14}](@161) -> float_type, {1, 256, 14, 14}, {0, 1, 0, 0}, target_id=0: 0.00088308ms, 1%
@164 = gpu::code_object[code_object=4712,symbol_name=mlir_quant_convolution_dequantizelinear_add_relu_quantizelinear,global=14336,local=256,](@163,@160,@158,@162) -> int8_type, {1, 256, 14, 14}, {50176, 196, 14, 1}, target_id=0: 0.0292472ms, 2%
@165 = hip::hip_copy_literal[id=main:@literal:2] -> int8_type, {1024, 256, 1, 1}, {256, 1, 1, 1}, target_id=0: 0.00069286ms, 1%
@166 = hip::hip_copy_literal[id=main:@literal:33] -> int8_type, {256, 256, 3, 3}, {2304, 9, 3, 1}, target_id=0: 0.00063264ms, 1%
@167 = hip::hip_copy_literal[id=main:@literal:71] -> float_type, {256}, {1}, target_id=0: 0.0006648ms, 1%
@168 = broadcast[axis=1,out_lens={1, 256, 14, 14}](@167) -> float_type, {1, 256, 14, 14}, {0, 1, 0, 0}, target_id=0: 0.00084772ms, 1%
@169 = load[offset=0,end=50176](@1) -> int8_type, {1, 256, 14, 14}, {50176, 196, 14, 1}, target_id=0: 0.00068714ms, 1%
@170 = gpu::code_object[code_object=6200,symbol_name=mlir_quant_convolution_dequantizelinear_add_relu_quantizelinear,global=14336,local=256,](@168,@164,@166,@169) -> int8_type, {1, 256, 14, 14}, {50176, 196, 14, 1}, target_id=0: 0.0578844ms, 3%
@171 = hip::hip_copy_literal[id=main:@literal:73] -> float_type, {1024}, {1}, target_id=0: 0.00068906ms, 1%
@172 = broadcast[axis=1,out_lens={1, 1024, 14, 14}](@171) -> float_type, {1, 1024, 14, 14}, {0, 1, 0, 0}, target_id=0: 0.00093394ms, 1%
@173 = load[offset=1154048,end=1956864](@1) -> float_type, {1, 1024, 14, 14}, {200704, 196, 14, 1}, target_id=0: 0.00074518ms, 1%
@174 = gpu::code_object[code_object=4864,symbol_name=mlir_quant_convolution_dequantizelinear_add_add_relu,global=57344,local=256,](@172,@157,@170,@165,@173) -> float_type, {1, 1024, 14, 14}, {200704, 196, 14, 1}, target_id=0: 0.0231076ms, 1%
@175 = hip::hip_copy_literal[id=main:@literal:37] -> int8_type, {256, 1024, 1, 1}, {1024, 1, 1, 1}, target_id=0: 0.00073174ms, 1%
@176 = hip::hip_copy_literal[id=main:@literal:26] -> int8_type, {1024, 256, 1, 1}, {256, 1, 1, 1}, target_id=0: 0.00060726ms, 1%
@177 = hip::hip_copy_literal[id=main:@literal:11] -> int8_type, {1024, 256, 1, 1}, {256, 1, 1, 1}, target_id=0: 0.00067942ms, 1%
@178 = hip::hip_copy_literal[id=main:@literal:5] -> int8_type, {256, 1024, 1, 1}, {1024, 1, 1, 1}, target_id=0: 0.00054038ms, 1%
@179 = hip::hip_copy_literal[id=main:@literal:0] -> int8_type, {256, 256, 3, 3}, {2304, 9, 3, 1}, target_id=0: 0.00051598ms, 1%
@180 = hip::hip_copy_literal[id=main:@literal:38] -> int8_type, {256, 256, 3, 3}, {2304, 9, 3, 1}, target_id=0: 0.00096388ms, 1%
@181 = hip::hip_copy_literal[id=main:@literal:74] -> float_type, {256}, {1}, target_id=0: 0.00068056ms, 1%
@182 = hip::hip_copy_literal[id=main:@literal:75] -> float_type, {256}, {1}, target_id=0: 0.00060784ms, 1%
@183 = hip::hip_copy_literal[id=main:@literal:76] -> float_type, {1024}, {1}, target_id=0: 0.00061166ms, 1%
@184 = hip::hip_copy_literal[id=main:@literal:77] -> float_type, {256}, {1}, target_id=0: 0.00066814ms, 1%
@185 = hip::hip_copy_literal[id=main:@literal:78] -> float_type, {256}, {1}, target_id=0: 0.00058352ms, 1%
@186 = hip::hip_copy_literal[id=main:@literal:79] -> float_type, {1024}, {1}, target_id=0: 0.00061802ms, 1%
@187 = load[offset=100352,end=301056](@1) -> int8_type, {1, 1024, 14, 14}, {200704, 196, 14, 1}, target_id=0: 0.00068264ms, 1%
@188 = gpu::code_object[code_object=3984,symbol_name=quantizelinear_kernel,global=100352,local=1024,](@174,@187) -> int8_type, {1, 1024, 14, 14}, {200704, 196, 14, 1}, target_id=0: 0.0190825ms, 1%
@189 = load[offset=50176,end=100352](@1) -> int8_type, {1, 256, 14, 14}, {50176, 196, 14, 1}, target_id=0: 0.00071806ms, 1%
@190 = broadcast[axis=1,out_lens={1, 256, 14, 14}](@181) -> float_type, {1, 256, 14, 14}, {0, 1, 0, 0}, target_id=0: 0.00115772ms, 1%
@191 = gpu::code_object[code_object=4712,symbol_name=mlir_quant_convolution_dequantizelinear_add_relu_quantizelinear,global=14336,local=256,](@190,@188,@178,@189) -> int8_type, {1, 256, 14, 14}, {50176, 196, 14, 1}, target_id=0: 0.0291619ms, 2%
@192 = load[offset=0,end=50176](@1) -> int8_type, {1, 256, 14, 14}, {50176, 196, 14, 1}, target_id=0: 0.00072476ms, 1%
@193 = broadcast[axis=1,out_lens={1, 256, 14, 14}](@182) -> float_type, {1, 256, 14, 14}, {0, 1, 0, 0}, target_id=0: 0.00074986ms, 1%
@194 = gpu::code_object[code_object=6200,symbol_name=mlir_quant_convolution_dequantizelinear_add_relu_quantizelinear,global=14336,local=256,](@193,@191,@179,@192) -> int8_type, {1, 256, 14, 14}, {50176, 196, 14, 1}, target_id=0: 0.0575855ms, 3%
@195 = broadcast[axis=1,out_lens={1, 1024, 14, 14}](@183) -> float_type, {1, 1024, 14, 14}, {0, 1, 0, 0}, target_id=0: 0.00082158ms, 1%
@196 = load[offset=2709504,end=3512320](@1) -> float_type, {1, 1024, 14, 14}, {200704, 196, 14, 1}, target_id=0: 0.00068862ms, 1%
@197 = gpu::code_object[code_object=4864,symbol_name=mlir_quant_convolution_dequantizelinear_add_add_relu,global=57344,local=256,](@195,@174,@194,@177,@196) -> float_type, {1, 1024, 14, 14}, {200704, 196, 14, 1}, target_id=0: 0.0232117ms, 1%
@198 = load[offset=0,end=200704](@1) -> int8_type, {1, 1024, 14, 14}, {200704, 196, 14, 1}, target_id=0: 0.0007155ms, 1%
@199 = gpu::code_object[code_object=3984,symbol_name=quantizelinear_kernel,global=100352,local=1024,](@197,@198) -> int8_type, {1, 1024, 14, 14}, {200704, 196, 14, 1}, target_id=0: 0.0176111ms, 1%
@200 = load[offset=250880,end=301056](@1) -> int8_type, {1, 256, 14, 14}, {50176, 196, 14, 1}, target_id=0: 0.00071828ms, 1%
@201 = broadcast[axis=1,out_lens={1, 256, 14, 14}](@184) -> float_type, {1, 256, 14, 14}, {0, 1, 0, 0}, target_id=0: 0.00084992ms, 1%
@202 = gpu::code_object[code_object=4712,symbol_name=mlir_quant_convolution_dequantizelinear_add_relu_quantizelinear,global=14336,local=256,](@201,@199,@175,@200) -> int8_type, {1, 256, 14, 14}, {50176, 196, 14, 1}, target_id=0: 0.0292478ms, 2%
@203 = load[offset=50176,end=100352](@1) -> int8_type, {1, 256, 14, 14}, {50176, 196, 14, 1}, target_id=0: 0.00072262ms, 1%
@204 = broadcast[axis=1,out_lens={1, 256, 14, 14}](@185) -> float_type, {1, 256, 14, 14}, {0, 1, 0, 0}, target_id=0: 0.00075948ms, 1%
@205 = gpu::code_object[code_object=6200,symbol_name=mlir_quant_convolution_dequantizelinear_add_relu_quantizelinear,global=14336,local=256,](@204,@202,@180,@203) -> int8_type, {1, 256, 14, 14}, {50176, 196, 14, 1}, target_id=0: 0.0578045ms, 3%
@206 = load[offset=1906688,end=2709504](@1) -> float_type, {1, 1024, 14, 14}, {200704, 196, 14, 1}, target_id=0: 0.00074648ms, 1%
@207 = broadcast[axis=1,out_lens={1, 1024, 14, 14}](@186) -> float_type, {1, 1024, 14, 14}, {0, 1, 0, 0}, target_id=0: 0.00076922ms, 1%
@208 = gpu::code_object[code_object=4864,symbol_name=mlir_quant_convolution_dequantizelinear_add_add_relu,global=57344,local=256,](@207,@197,@205,@176,@206) -> float_type, {1, 1024, 14, 14}, {200704, 196, 14, 1}, target_id=0: 0.023021ms, 1%
@209 = hip::hip_copy_literal[id=main:@literal:40] -> int8_type, {1024, 256, 1, 1}, {256, 1, 1, 1}, target_id=0: 0.00071876ms, 1%
@210 = hip::hip_copy_literal[id=main:@literal:16] -> int8_type, {256, 256, 3, 3}, {2304, 9, 3, 1}, target_id=0: 0.00063764ms, 1%
@211 = hip::hip_copy_literal[id=main:@literal:39] -> int8_type, {256, 1024, 1, 1}, {1024, 1, 1, 1}, target_id=0: 0.00065056ms, 1%
@212 = hip::hip_copy_literal[id=main:@literal:80] -> float_type, {256}, {1}, target_id=0: 0.00058888ms, 1%
@213 = hip::hip_copy_literal[id=main:@literal:81] -> float_type, {256}, {1}, target_id=0: 0.00061364ms, 1%
@214 = hip::hip_copy_literal[id=main:@literal:82] -> float_type, {1024}, {1}, target_id=0: 0.00089212ms, 1%
@215 = load[offset=250880,end=451584](@1) -> int8_type, {1, 1024, 14, 14}, {200704, 196, 14, 1}, target_id=0: 0.0006688ms, 1%
@216 = gpu::code_object[code_object=3984,symbol_name=quantizelinear_kernel,global=100352,local=1024,](@208,@215) -> int8_type, {1, 1024, 14, 14}, {200704, 196, 14, 1}, target_id=0: 0.0168095ms, 1%
@217 = load[offset=200704,end=250880](@1) -> int8_type, {1, 256, 14, 14}, {50176, 196, 14, 1}, target_id=0: 0.0007116ms, 1%
@218 = broadcast[axis=1,out_lens={1, 256, 14, 14}](@212) -> float_type, {1, 256, 14, 14}, {0, 1, 0, 0}, target_id=0: 0.00115148ms, 1%
@219 = gpu::code_object[code_object=4712,symbol_name=mlir_quant_convolution_dequantizelinear_add_relu_quantizelinear,global=14336,local=256,](@218,@216,@211,@217) -> int8_type, {1, 256, 14, 14}, {50176, 196, 14, 1}, target_id=0: 0.0291753ms, 2%
@220 = broadcast[axis=1,out_lens={1, 256, 14, 14}](@213) -> float_type, {1, 256, 14, 14}, {0, 1, 0, 0}, target_id=0: 0.0007928ms, 1%
@221 = load[offset=0,end=50176](@1) -> int8_type, {1, 256, 14, 14}, {50176, 196, 14, 1}, target_id=0: 0.0007041ms, 1%
@222 = gpu::code_object[code_object=6200,symbol_name=mlir_quant_convolution_dequantizelinear_add_relu_quantizelinear,global=14336,local=256,](@220,@219,@210,@221) -> int8_type, {1, 256, 14, 14}, {50176, 196, 14, 1}, target_id=0: 0.0579768ms, 3%
@223 = load[offset=1103872,end=1906688](@1) -> float_type, {1, 1024, 14, 14}, {200704, 196, 14, 1}, target_id=0: 0.00073608ms, 1%
@224 = broadcast[axis=1,out_lens={1, 1024, 14, 14}](@214) -> float_type, {1, 1024, 14, 14}, {0, 1, 0, 0}, target_id=0: 0.00075964ms, 1%
@225 = gpu::code_object[code_object=4864,symbol_name=mlir_quant_convolution_dequantizelinear_add_add_relu,global=57344,local=256,](@224,@208,@222,@209,@223) -> float_type, {1, 1024, 14, 14}, {200704, 196, 14, 1}, target_id=0: 0.0230217ms, 1%
@226 = hip::hip_copy_literal[id=main:@literal:41] -> int8_type, {256, 1024, 1, 1}, {1024, 1, 1, 1}, target_id=0: 0.00068772ms, 1%
@227 = hip::hip_copy_literal[id=main:@literal:25] -> int8_type, {512, 1024, 1, 1}, {1024, 1, 1, 1}, target_id=0: 0.00065634ms, 1%
@228 = hip::hip_copy_literal[id=main:@literal:42] -> int8_type, {256, 256, 3, 3}, {2304, 9, 3, 1}, target_id=0: 0.0006681ms, 1%
@229 = hip::hip_copy_literal[id=main:@literal:43] -> int8_type, {1024, 256, 1, 1}, {256, 1, 1, 1}, target_id=0: 0.00064842ms, 1%
@230 = hip::hip_copy_literal[id=main:@literal:44] -> int8_type, {512, 512, 3, 3}, {4608, 9, 3, 1}, target_id=0: 0.00062042ms, 1%
@231 = hip::hip_copy_literal[id=main:@literal:34] -> int8_type, {2048, 1536, 1, 1}, {1536, 1, 1, 1}, target_id=0: 0.00096486ms, 1%
@232 = hip::hip_copy_literal[id=main:@literal:53] -> float_type, {2048}, {1}, target_id=0: 0.00063916ms, 1%
@233 = hip::hip_copy_literal[id=main:@literal:83] -> float_type, {256}, {1}, target_id=0: 0.00060124ms, 1%
@234 = hip::hip_copy_literal[id=main:@literal:84] -> float_type, {256}, {1}, target_id=0: 0.0006405ms, 1%
@235 = hip::hip_copy_literal[id=main:@literal:85] -> float_type, {1024}, {1}, target_id=0: 0.00062428ms, 1%
@236 = hip::hip_copy_literal[id=main:@literal:86] -> float_type, {512}, {1}, target_id=0: 0.0006293ms, 1%
@237 = hip::hip_copy_literal[id=main:@literal:87] -> float_type, {512}, {1}, target_id=0: 0.00066932ms, 1%
@238 = load[offset=100352,end=301056](@1) -> int8_type, {1, 1024, 14, 14}, {200704, 196, 14, 1}, target_id=0: 0.00069934ms, 1%
@239 = gpu::code_object[code_object=3984,symbol_name=quantizelinear_kernel,global=100352,local=1024,](@225,@238) -> int8_type, {1, 1024, 14, 14}, {200704, 196, 14, 1}, target_id=0: 0.0190168ms, 1%
@240 = load[offset=50176,end=100352](@1) -> int8_type, {1, 256, 14, 14}, {50176, 196, 14, 1}, target_id=0: 0.00072214ms, 1%
@241 = broadcast[axis=1,out_lens={1, 256, 14, 14}](@233) -> float_type, {1, 256, 14, 14}, {0, 1, 0, 0}, target_id=0: 0.00107178ms, 1%
@242 = gpu::code_object[code_object=4712,symbol_name=mlir_quant_convolution_dequantizelinear_add_relu_quantizelinear,global=14336,local=256,](@241,@239,@226,@240) -> int8_type, {1, 256, 14, 14}, {50176, 196, 14, 1}, target_id=0: 0.0291548ms, 2%
@243 = load[offset=0,end=50176](@1) -> int8_type, {1, 256, 14, 14}, {50176, 196, 14, 1}, target_id=0: 0.00071548ms, 1%
@244 = broadcast[axis=1,out_lens={1, 256, 14, 14}](@234) -> float_type, {1, 256, 14, 14}, {0, 1, 0, 0}, target_id=0: 0.00077202ms, 1%
@245 = gpu::code_object[code_object=6200,symbol_name=mlir_quant_convolution_dequantizelinear_add_relu_quantizelinear,global=14336,local=256,](@244,@242,@228,@243) -> int8_type, {1, 256, 14, 14}, {50176, 196, 14, 1}, target_id=0: 0.057498ms, 3%
@246 = load[offset=301056,end=1103872](@1) -> float_type, {1, 1024, 14, 14}, {200704, 196, 14, 1}, target_id=0: 0.00074994ms, 1%
@247 = broadcast[axis=1,out_lens={1, 1024, 14, 14}](@235) -> float_type, {1, 1024, 14, 14}, {0, 1, 0, 0}, target_id=0: 0.00073742ms, 1%
@248 = gpu::code_object[code_object=4864,symbol_name=mlir_quant_convolution_dequantizelinear_add_add_relu,global=57344,local=256,](@247,@225,@245,@229,@246) -> float_type, {1, 1024, 14, 14}, {200704, 196, 14, 1}, target_id=0: 0.0231801ms, 1%
@249 = load[offset=0,end=200704](@1) -> int8_type, {1, 1024, 14, 14}, {200704, 196, 14, 1}, target_id=0: 0.00074302ms, 1%
@250 = gpu::code_object[code_object=3984,symbol_name=quantizelinear_kernel,global=100352,local=1024,](@248,@249) -> int8_type, {1, 1024, 14, 14}, {200704, 196, 14, 1}, target_id=0: 0.0175349ms, 1%
@251 = load[offset=1103872,end=1204224](@1) -> int8_type, {1, 512, 14, 14}, {100352, 196, 14, 1}, target_id=0: 0.0007128ms, 1%
@252 = broadcast[axis=1,out_lens={1, 512, 14, 14}](@236) -> float_type, {1, 512, 14, 14}, {0, 1, 0, 0}, target_id=0: 0.00085298ms, 1%
@253 = gpu::code_object[code_object=4712,symbol_name=mlir_quant_convolution_dequantizelinear_add_relu_quantizelinear,global=28672,local=256,](@252,@250,@227,@251) -> int8_type, {1, 512, 14, 14}, {100352, 196, 14, 1}, target_id=0: 0.0296545ms, 2%
@254 = load[offset=100352,end=200704](@1) -> int32_type, {1, 512, 7, 7}, {25088, 49, 7, 1}, target_id=0: 0.00069578ms, 1%
@255 = gpu::code_object[code_object=6816,symbol_name=mlir_quant_convolution,global=8192,local=256,](@253,@230,@254) -> int32_type, {1, 512, 7, 7}, {25088, 49, 7, 1}, target_id=0: 0.0855087ms, 4%
@256 = step[axes={2, 3},steps={2, 2}](@248) -> float_type, {1, 1024, 7, 7}, {200704, 196, 28, 2}, target_id=0: 0.00125994ms, 1%
@257 = broadcast[axis=1,out_lens={1, 512, 7, 7}](@237) -> float_type, {1, 512, 7, 7}, {0, 1, 0, 0}, target_id=0: 0.00093504ms, 1%
@258 = load[offset=0,end=75264](@1) -> int8_type, {1, 1536, 7, 7}, {75264, 49, 7, 1}, target_id=0: 0.00069342ms, 1%
@259 = gpu::code_object[code_object=4664,symbol_name=dequantizelinear_add_relu_concat_quantizelinear_kernel,global=37632,local=1024,](@255,@257,@256,@258) -> int8_type, {1, 1536, 7, 7}, {75264, 49, 7, 1}, target_id=0: 0.0183783ms, 1%
@260 = load[offset=551936,end=953344](@1) -> float_type, {1, 2048, 7, 7}, {100352, 49, 7, 1}, target_id=0: 0.00073794ms, 1%
@261 = broadcast[axis=1,out_lens={1, 2048, 7, 7}](@232) -> float_type, {1, 2048, 7, 7}, {0, 1, 0, 0}, target_id=0: 0.00090518ms, 1%
@262 = gpu::code_object[code_object=4656,symbol_name=mlir_quant_convolution_dequantizelinear_add_relu,global=32768,local=256,](@261,@259,@231,@260) -> float_type, {1, 2048, 7, 7}, {100352, 49, 7, 1}, target_id=0: 0.0413973ms, 2%
@263 = hip::hip_copy_literal[id=main:@literal:46] -> int8_type, {512, 512, 3, 3}, {4608, 9, 3, 1}, target_id=0: 0.00070466ms, 1%
@264 = hip::hip_copy_literal[id=main:@literal:45] -> int8_type, {512, 2048, 1, 1}, {2048, 1, 1, 1}, target_id=0: 0.0006428ms, 1%
@265 = hip::hip_copy_literal[id=main:@literal:47] -> int8_type, {2048, 512, 1, 1}, {512, 1, 1, 1}, target_id=0: 0.0006878ms, 1%
@266 = hip::hip_copy_literal[id=main:@literal:88] -> float_type, {512}, {1}, target_id=0: 0.00062252ms, 1%
@267 = hip::hip_copy_literal[id=main:@literal:89] -> float_type, {512}, {1}, target_id=0: 0.00069274ms, 1%
@268 = hip::hip_copy_literal[id=main:@literal:90] -> float_type, {2048}, {1}, target_id=0: 0.00060644ms, 1%
@269 = load[offset=50176,end=150528](@1) -> int8_type, {1, 2048, 7, 7}, {100352, 49, 7, 1}, target_id=0: 0.00069954ms, 1%
@270 = gpu::code_object[code_object=3984,symbol_name=quantizelinear_kernel,global=50176,local=1024,](@262,@269) -> int8_type, {1, 2048, 7, 7}, {100352, 49, 7, 1}, target_id=0: 0.0164863ms, 1%
@271 = load[offset=25088,end=50176](@1) -> int8_type, {1, 512, 7, 7}, {25088, 49, 7, 1}, target_id=0: 0.00073678ms, 1%
@272 = broadcast[axis=1,out_lens={1, 512, 7, 7}](@266) -> float_type, {1, 512, 7, 7}, {0, 1, 0, 0}, target_id=0: 0.0010965ms, 1%
@273 = gpu::code_object[code_object=5048,symbol_name=mlir_quant_convolution_dequantizelinear_add_relu_quantizelinear,global=8192,local=64,](@272,@270,@264,@271) -> int8_type, {1, 512, 7, 7}, {25088, 49, 7, 1}, target_id=0: 0.0436246ms, 2%
@274 = load[offset=0,end=25088](@1) -> int8_type, {1, 512, 7, 7}, {25088, 49, 7, 1}, target_id=0: 0.00073682ms, 1%
@275 = broadcast[axis=1,out_lens={1, 512, 7, 7}](@267) -> float_type, {1, 512, 7, 7}, {0, 1, 0, 0}, target_id=0: 0.0008412ms, 1%
@276 = gpu::code_object[code_object=7464,symbol_name=mlir_quant_convolution_dequantizelinear_add_relu_quantizelinear,global=8192,local=256,](@275,@273,@263,@274) -> int8_type, {1, 512, 7, 7}, {25088, 49, 7, 1}, target_id=0: 0.0826582ms, 4%
@277 = load[offset=150528,end=551936](@1) -> float_type, {1, 2048, 7, 7}, {100352, 49, 7, 1}, target_id=0: 0.00073148ms, 1%
@278 = broadcast[axis=1,out_lens={1, 2048, 7, 7}](@268) -> float_type, {1, 2048, 7, 7}, {0, 1, 0, 0}, target_id=0: 0.0007954ms, 1%
@279 = gpu::code_object[code_object=5024,symbol_name=mlir_quant_convolution_dequantizelinear_add_add_relu,global=32768,local=256,](@278,@262,@276,@265,@277) -> float_type, {1, 2048, 7, 7}, {100352, 49, 7, 1}, target_id=0: 0.0263647ms, 2%
@280 = hip::hip_copy_literal[id=main:@literal:32] -> int8_type, {2048, 1001}, {1001, 1}, target_id=0: 0.0007064ms, 1%
@281 = hip::hip_copy_literal[id=main:@literal:31] -> int8_type, {2048, 512, 1, 1}, {512, 1, 1, 1}, target_id=0: 0.00062286ms, 1%
@282 = hip::hip_copy_literal[id=main:@literal:49] -> int8_type, {512, 512, 3, 3}, {4608, 9, 3, 1}, target_id=0: 0.0006725ms, 1%
@283 = hip::hip_copy_literal[id=main:@literal:48] -> int8_type, {512, 2048, 1, 1}, {2048, 1, 1, 1}, target_id=0: 0.00060756ms, 1%
@284 = hip::hip_copy_literal[id=main:@literal:92] -> float_type, {512}, {1}, target_id=0: 0.00062056ms, 1%
@285 = hip::hip_copy_literal[id=main:@literal:93] -> float_type, {512}, {1}, target_id=0: 0.00062562ms, 1%
@286 = hip::hip_copy_literal[id=main:@literal:94] -> float_type, {2048}, {1}, target_id=0: 0.00063768ms, 1%
@287 = hip::hip_copy_literal[id=main:@literal:99] -> float_type, {1001}, {1}, target_id=0: 0.00065546ms, 1%
@288 = load[offset=551936,end=652288](@1) -> int8_type, {1, 2048, 7, 7}, {100352, 49, 7, 1}, target_id=0: 0.00069988ms, 1%
@289 = gpu::code_object[code_object=3984,symbol_name=quantizelinear_kernel,global=50176,local=1024,](@279,@288) -> int8_type, {1, 2048, 7, 7}, {100352, 49, 7, 1}, target_id=0: 0.0163505ms, 1%
@290 = broadcast[axis=1,out_lens={1, 512, 7, 7}](@284) -> float_type, {1, 512, 7, 7}, {0, 1, 0, 0}, target_id=0: 0.0014019ms, 1%
@291 = load[offset=100352,end=125440](@1) -> int8_type, {1, 512, 7, 7}, {25088, 49, 7, 1}, target_id=0: 0.00068808ms, 1%
@292 = gpu::code_object[code_object=5048,symbol_name=mlir_quant_convolution_dequantizelinear_add_relu_quantizelinear,global=8192,local=64,](@290,@289,@283,@291) -> int8_type, {1, 512, 7, 7}, {25088, 49, 7, 1}, target_id=0: 0.0435649ms, 2%
@293 = load[offset=0,end=25088](@1) -> int8_type, {1, 512, 7, 7}, {25088, 49, 7, 1}, target_id=0: 0.00073ms, 1%
@294 = broadcast[axis=1,out_lens={1, 512, 7, 7}](@285) -> float_type, {1, 512, 7, 7}, {0, 1, 0, 0}, target_id=0: 0.00081428ms, 1%
@295 = gpu::code_object[code_object=7464,symbol_name=mlir_quant_convolution_dequantizelinear_add_relu_quantizelinear,global=8192,local=256,](@294,@292,@282,@293) -> int8_type, {1, 512, 7, 7}, {25088, 49, 7, 1}, target_id=0: 0.0824911ms, 4%
@296 = load[offset=551936,end=953344](@1) -> int32_type, {1, 2048, 7, 7}, {100352, 49, 7, 1}, target_id=0: 0.0007301ms, 1%
@297 = gpu::code_object[code_object=4192,symbol_name=mlir_quant_convolution,global=32768,local=256,](@295,@281,@296) -> int32_type, {1, 2048, 7, 7}, {100352, 49, 7, 1}, target_id=0: 0.0250571ms, 1%
@298 = broadcast[axis=1,out_lens={1, 2048, 7, 7}](@286) -> float_type, {1, 2048, 7, 7}, {0, 1, 0, 0}, target_id=0: 0.00108262ms, 1%
@299 = load[offset=6064,end=14256](@1) -> float_type, {1, 2048, 1, 1}, {2048, 1, 1, 1}, target_id=0: 0.00071974ms, 1%
@300 = gpu::code_object[code_object=4472,symbol_name=dequantizelinear_add_add_relu_reduce_mean_kernel,global=131072,local=64,](@297,@298,@279,@299) -> float_type, {1, 2048, 1, 1}, {2048, 1, 1, 1}, target_id=0: 0.0175704ms, 1%
@301 = load[offset=0,end=2048](@1) -> int8_type, {1, 2048}, {2048, 1}, target_id=0: 0.000716ms, 1%
@302 = squeeze[axes={2, 3}](@300) -> float_type, {1, 2048}, {2048, 1}, target_id=0: 0.00111336ms, 1%
@303 = gpu::code_object[code_object=3984,symbol_name=quantizelinear_kernel,global=1024,local=1024,](@302,@301) -> int8_type, {1, 2048}, {2048, 1}, target_id=0: 0.0157532ms, 1%
@304 = load[offset=8032,end=12036](@1) -> int32_type, {1, 1001}, {1001, 1}, target_id=0: 0.00073094ms, 1%
@305 = gpu::quant_gemm[alpha=1,beta=0,compute_fp32=1,trans_batch=0,solution_idx=0](@303,@280,@304) -> int32_type, {1, 1001}, {1001, 1}, target_id=0: 0.0757459ms, 3%
@306 = load[offset=4016,end=8020](@1) -> float_type, {1, 1001}, {1001, 1}, target_id=0: 0.00079136ms, 1%
@307 = multibroadcast[out_lens={1, 1001},out_dyn_dims={}](@287) -> float_type, {1, 1001}, {0, 1}, target_id=0: 0.00185078ms, 1%
@308 = gpu::code_object[code_object=4208,symbol_name=dequantizelinear_add_kernel,global=1001,local=1024,](@305,@307,@306) -> float_type, {1, 1001}, {1001, 1}, target_id=0: 0.0162919ms, 1%
@309 = load[offset=0,end=8](@1) -> int64_type, {1, 1}, {1, 1}, target_id=0: 0.00074988ms, 1%
@310 = gpu::argmax[axis=1,select_last_index=0](@308,@309) -> int64_type, {1, 1}, {1, 1}, target_id=0: 0.0250276ms, 1%
@311 = reshape_lazy[dims={1}](@310) -> int64_type, {1}, {1}, target_id=0: 0.0013368ms, 1%
main:#output_0 = @param:main:#output_0 -> int64_type, {1}, {1}, target_id=0: 0.0008562ms, 1%
@313 = gpu::code_object[code_object=3896,symbol_name=convert_convert_kernel,global=1,local=1024,](@311,main:#output_0) -> int64_type, {1}, {1}, target_id=0: 0.0124363ms, 1%
main:#output_1 = @param:main:#output_1 -> float_type, {1, 1001}, {1001, 1}, target_id=0: 0.00047104ms, 1%
@315 = gpu::code_object[code_object=5488,symbol_name=softmax_kernel,global=256,local=256,](@308,main:#output_1) -> float_type, {1, 1001}, {1001, 1}, target_id=0: 0.0199529ms, 1%
@316 = @return(@313,@315), target_id=0
Summary:
gpu::code_object::mlir_quant_convolution_dequantizelinear_add_relu_quantizelinear: 1.09166ms / 28 = 0.0389877ms, 43%
gpu::code_object::quantizelinear_kernel: 0.327746ms / 18 = 0.0182081ms, 13%
gpu::code_object::mlir_quant_convolution_dequantizelinear_add_add_relu: 0.26174ms / 11 = 0.0237946ms, 11%
gpu::code_object::mlir_quant_convolution: 0.240868ms / 5 = 0.0481735ms, 10%
gpu::code_object::mlir_quant_convolution_dequantizelinear_add_relu: 0.159799ms / 5 = 0.0319599ms, 7%
gpu::code_object::dequantizelinear_add_relu_concat_quantizelinear_kernel: 0.0759645ms / 4 = 0.0189911ms, 3%
gpu::quant_gemm: 0.0757459ms / 1 = 0.0757459ms, 3%
hip::hip_copy_literal: 0.0679083ms / 100 = 0.000679083ms, 3%
gpu::pooling: 0.064527ms / 1 = 0.064527ms, 3%
load: 0.055011ms / 77 = 0.000714429ms, 3%
broadcast: 0.0460482ms / 49 = 0.000939758ms, 2%
gpu::argmax: 0.0250276ms / 1 = 0.0250276ms, 1%
gpu::code_object::pad_kernel: 0.0244069ms / 1 = 0.0244069ms, 1%
gpu::code_object::softmax_kernel: 0.0199529ms / 1 = 0.0199529ms, 1%
gpu::code_object::dequantizelinear_add_add_relu_reduce_mean_kernel: 0.0175704ms / 1 = 0.0175704ms, 1%
gpu::code_object::dequantizelinear_add_kernel: 0.0162919ms / 1 = 0.0162919ms, 1%
gpu::code_object::convert_convert_kernel: 0.0124363ms / 1 = 0.0124363ms, 1%
step: 0.00353856ms / 3 = 0.00117952ms, 1%
multibroadcast: 0.00185078ms / 1 = 0.00185078ms, 1%
@param: 0.00173252ms / 3 = 0.000577507ms, 1%
reshape_lazy: 0.0013368ms / 1 = 0.0013368ms, 1%
squeeze: 0.00111336ms / 1 = 0.00111336ms, 1%
check_context::migraphx::gpu::context: 0.00100242ms / 1 = 0.00100242ms, 1%
hip::hip_allocate_memory: 0.00098702ms / 1 = 0.00098702ms, 1%

Batch size: 1
Rate: 796.47 inferences/sec
Total time: 1.25554ms
Total instructions time: 2.59426ms
Overhead time: 0.0635701ms, -1.33872ms
Overhead: 5%, -107%
[ MIGraphX Version: 2.9.0.431e714ae ] Complete: /src/AMDMIGraphX/build/bin/driver perf --int8 --gpu /new-saved-models/resnet50/resnet50_v1.onnx
