Running [ MIGraphX Version: 2.9.0.538ffcce3 ]: /src/AMDMIGraphX/build/bin/driver perf --gpu /new-saved-models/slim/mobilenet_i64.pb
Compiling ... 
Reading: /new-saved-models/slim/mobilenet_i64.pb
module: "main"
@0 = check_context::migraphx::gpu::context -> float_type, {}, {}, target_id=0
@1 = hip::hip_allocate_memory[shape=int8_type, {414728192}, {1},id=main:scratch] -> int8_type, {414728192}, {1}, target_id=0
@2 = hip::hip_copy_literal[id=main:@literal:13] -> float_type, {32, 3, 3, 3}, {27, 9, 3, 1}, target_id=0
@3 = load[offset=0,end=38880000](@1) -> float_type, {64, 3, 225, 225}, {151875, 50625, 225, 1}, target_id=0
input = @param:input -> float_type, {64, 3, 224, 224}, {150528, 50176, 224, 1}, target_id=0
@5 = gpu::code_object[code_object=3800,symbol_name=pad_kernel,global=307200,local=1024,](input,@3) -> float_type, {64, 3, 225, 225}, {151875, 50625, 225, 1}, target_id=0
@6 = load[offset=0,end=0](@1) -> int8_type, {0}, {1}, target_id=0
@7 = load[offset=205520896,end=308281344](@1) -> float_type, {64, 32, 112, 112}, {401408, 12544, 112, 1}, target_id=0
@8 = gpu::convolution[op={padding={0, 0, 0, 0},stride={2, 2},dilation={1, 1},group=1,padding_mode=0},solution_object={binary_object: 453},algo=0,solution_id=0](@5,@2,@6,@7) -> float_type, {64, 32, 112, 112}, {401408, 12544, 112, 1}, target_id=0
@9 = hip::hip_copy_literal[id=main:@literal:55] -> float_type, {1001}, {1}, target_id=0
@10 = hip::hip_copy_literal[id=main:@literal:27] -> float_type, {128, 1, 1}, {1, 1, 1}, target_id=0
@11 = hip::hip_copy_literal[id=main:@literal:44] -> float_type, {128, 1, 3, 3}, {9, 9, 3, 1}, target_id=0
@12 = hip::hip_copy_literal[id=main:@literal:28] -> float_type, {256, 1, 1}, {1, 1, 1}, target_id=0
@13 = hip::hip_copy_literal[id=main:@literal:14] -> float_type, {1001, 1024, 1, 1}, {1024, 1, 1, 1}, target_id=0
@14 = hip::hip_copy_literal[id=main:@literal:8] -> float_type, {128, 64, 1, 1}, {64, 1, 1, 1}, target_id=0
@15 = hip::hip_copy_literal[id=main:@literal:22] -> float_type, {512, 1, 1}, {1, 1, 1}, target_id=0
@16 = hip::hip_copy_literal[id=main:@literal:18] -> float_type, {512, 1, 1}, {1, 1, 1}, target_id=0
@17 = hip::hip_copy_literal[id=main:@literal:24] -> float_type, {512, 1, 1}, {1, 1, 1}, target_id=0
@18 = hip::hip_copy_literal[id=main:@literal:7] -> float_type, {128, 128, 1, 1}, {128, 1, 1, 1}, target_id=0
@19 = hip::hip_copy_literal[id=main:@literal:42] -> float_type, {512, 1, 3, 3}, {9, 9, 3, 1}, target_id=0
@20 = hip::hip_copy_literal[id=main:@literal:39] -> float_type, {512, 1, 1}, {1, 1, 1}, target_id=0
@21 = hip::hip_copy_literal[id=main:@literal:2] -> float_type, {512, 512, 1, 1}, {512, 1, 1, 1}, target_id=0
@22 = hip::hip_copy_literal[id=main:@literal:53] -> float_type, {512, 1, 1}, {1, 1, 1}, target_id=0
@23 = hip::hip_copy_literal[id=main:@literal:10] -> float_type, {512, 512, 1, 1}, {512, 1, 1, 1}, target_id=0
@24 = hip::hip_copy_literal[id=main:@literal:35] -> float_type, {512, 1, 1}, {1, 1, 1}, target_id=0
@25 = hip::hip_copy_literal[id=main:@literal:4] -> float_type, {512, 512, 1, 1}, {512, 1, 1, 1}, target_id=0
@26 = hip::hip_copy_literal[id=main:@literal:36] -> float_type, {128, 1, 3, 3}, {9, 9, 3, 1}, target_id=0
@27 = hip::hip_copy_literal[id=main:@literal:51] -> float_type, {512, 1, 1}, {1, 1, 1}, target_id=0
@28 = hip::hip_copy_literal[id=main:@literal:49] -> float_type, {512, 1, 1}, {1, 1, 1}, target_id=0
@29 = hip::hip_copy_literal[id=main:@literal:19] -> float_type, {512, 1, 1}, {1, 1, 1}, target_id=0
@30 = hip::hip_copy_literal[id=main:@literal:37] -> float_type, {64, 1, 1}, {1, 1, 1}, target_id=0
@31 = hip::hip_copy_literal[id=main:@literal:1] -> float_type, {512, 512, 1, 1}, {512, 1, 1, 1}, target_id=0
@32 = hip::hip_copy_literal[id=main:@literal:33] -> float_type, {32, 1, 3, 3}, {9, 9, 3, 1}, target_id=0
@33 = hip::hip_copy_literal[id=main:@literal:5] -> float_type, {512, 256, 1, 1}, {256, 1, 1, 1}, target_id=0
@34 = hip::hip_copy_literal[id=main:@literal:15] -> float_type, {512, 1, 3, 3}, {9, 9, 3, 1}, target_id=0
@35 = hip::hip_copy_literal[id=main:@literal:9] -> float_type, {256, 256, 1, 1}, {256, 1, 1, 1}, target_id=0
@36 = hip::hip_copy_literal[id=main:@literal:11] -> float_type, {256, 128, 1, 1}, {128, 1, 1, 1}, target_id=0
@37 = hip::hip_copy_literal[id=main:@literal:38] -> float_type, {512, 1, 1}, {1, 1, 1}, target_id=0
@38 = hip::hip_copy_literal[id=main:@literal:50] -> float_type, {512, 1, 3, 3}, {9, 9, 3, 1}, target_id=0
@39 = hip::hip_copy_literal[id=main:@literal:34] -> float_type, {64, 1, 1}, {1, 1, 1}, target_id=0
@40 = hip::hip_copy_literal[id=main:@literal:3] -> float_type, {1024, 1024, 1, 1}, {1024, 1, 1, 1}, target_id=0
@41 = hip::hip_copy_literal[id=main:@literal:12] -> float_type, {64, 32, 1, 1}, {32, 1, 1, 1}, target_id=0
@42 = hip::hip_copy_literal[id=main:@literal:45] -> float_type, {1024, 1, 1}, {1, 1, 1}, target_id=0
@43 = hip::hip_copy_literal[id=main:@literal:16] -> float_type, {512, 1, 3, 3}, {9, 9, 3, 1}, target_id=0
@44 = hip::hip_copy_literal[id=main:@literal:41] -> float_type, {32, 1, 1}, {1, 1, 1}, target_id=0
@45 = hip::hip_copy_literal[id=main:@literal:54] -> float_type, {1024, 1, 1}, {1, 1, 1}, target_id=0
@46 = hip::hip_copy_literal[id=main:@literal:52] -> float_type, {512, 1, 1}, {1, 1, 1}, target_id=0
@47 = hip::hip_copy_literal[id=main:@literal:20] -> float_type, {512, 1, 3, 3}, {9, 9, 3, 1}, target_id=0
@48 = hip::hip_copy_literal[id=main:@literal:40] -> float_type, {32, 1, 1}, {1, 1, 1}, target_id=0
@49 = hip::hip_copy_literal[id=main:@literal:48] -> float_type, {1024, 1, 3, 3}, {9, 9, 3, 1}, target_id=0
@50 = hip::hip_copy_literal[id=main:@literal:43] -> float_type, {128, 1, 1}, {1, 1, 1}, target_id=0
@51 = hip::hip_copy_literal[id=main:@literal:46] -> float_type, {128, 1, 1}, {1, 1, 1}, target_id=0
@52 = hip::hip_copy_literal[id=main:@literal:0] -> float_type, {1024, 512, 1, 1}, {512, 1, 1, 1}, target_id=0
@53 = hip::hip_copy_literal[id=main:@literal:47] -> float_type, {256, 1, 1}, {1, 1, 1}, target_id=0
@54 = hip::hip_copy_literal[id=main:@literal:29] -> float_type, {128, 1, 1}, {1, 1, 1}, target_id=0
@55 = hip::hip_copy_literal[id=main:@literal:6] -> float_type, {512, 512, 1, 1}, {512, 1, 1, 1}, target_id=0
@56 = hip::hip_copy_literal[id=main:@literal:26] -> float_type, {256, 1, 1}, {1, 1, 1}, target_id=0
@57 = hip::hip_copy_literal[id=main:@literal:31] -> float_type, {256, 1, 3, 3}, {9, 9, 3, 1}, target_id=0
@58 = hip::hip_copy_literal[id=main:@literal:23] -> float_type, {512, 1, 3, 3}, {9, 9, 3, 1}, target_id=0
@59 = hip::hip_copy_literal[id=main:@literal:30] -> float_type, {512, 1, 1}, {1, 1, 1}, target_id=0
@60 = hip::hip_copy_literal[id=main:@literal:32] -> float_type, {64, 1, 3, 3}, {9, 9, 3, 1}, target_id=0
@61 = hip::hip_copy_literal[id=main:@literal:25] -> float_type, {256, 1, 1}, {1, 1, 1}, target_id=0
@62 = hip::hip_copy_literal[id=main:@literal:17] -> float_type, {1024, 1, 1}, {1, 1, 1}, target_id=0
@63 = hip::hip_copy_literal[id=main:@literal:21] -> float_type, {256, 1, 3, 3}, {9, 9, 3, 1}, target_id=0
@64 = load[offset=102760448,end=205520896](@1) -> float_type, {64, 32, 112, 112}, {401408, 12544, 112, 1}, target_id=0
@65 = multibroadcast[out_lens={64, 32, 112, 112},out_dyn_dims={}](@48) -> float_type, {64, 32, 112, 112}, {0, 1, 0, 0}, target_id=0
@66 = gpu::code_object[code_object=3944,symbol_name=add_clip_kernel,global=3211264,local=1024,](@8,@65,@64) -> float_type, {64, 32, 112, 112}, {401408, 12544, 112, 1}, target_id=0
@67 = load[offset=0,end=102760448](@1) -> float_type, {64, 32, 112, 112}, {401408, 12544, 112, 1}, target_id=0
@68 = multibroadcast[out_lens={64, 32, 112, 112},out_dyn_dims={}](@44) -> float_type, {64, 32, 112, 112}, {0, 1, 0, 0}, target_id=0
@69 = gpu::code_object[code_object=4720,symbol_name=mlir_convolution_add_clip,global=25690112,local=64,](@68,@66,@32,@67) -> float_type, {64, 32, 112, 112}, {401408, 12544, 112, 1}, target_id=0
@70 = load[offset=209207296,end=414728192](@1) -> float_type, {64, 64, 112, 112}, {802816, 12544, 112, 1}, target_id=0
@71 = multibroadcast[out_lens={64, 64, 112, 112},out_dyn_dims={}](@39) -> float_type, {64, 64, 112, 112}, {0, 1, 0, 0}, target_id=0
@72 = gpu::code_object[code_object=4952,symbol_name=mlir_convolution_add_clip,global=6422528,local=256,](@71,@69,@41,@70) -> float_type, {64, 64, 112, 112}, {802816, 12544, 112, 1}, target_id=0
@73 = load[offset=0,end=209207296](@1) -> float_type, {64, 64, 113, 113}, {817216, 12769, 113, 1}, target_id=0
@74 = gpu::code_object[code_object=3800,symbol_name=pad_kernel,global=307200,local=1024,](@72,@73) -> float_type, {64, 64, 113, 113}, {817216, 12769, 113, 1}, target_id=0
@75 = multibroadcast[out_lens={64, 64, 56, 56},out_dyn_dims={}](@30) -> float_type, {64, 64, 56, 56}, {0, 1, 0, 0}, target_id=0
@76 = load[offset=209207296,end=260587520](@1) -> float_type, {64, 64, 56, 56}, {200704, 3136, 56, 1}, target_id=0
@77 = gpu::code_object[code_object=4504,symbol_name=mlir_convolution_add_clip,global=12845056,local=64,](@75,@74,@60,@76) -> float_type, {64, 64, 56, 56}, {200704, 3136, 56, 1}, target_id=0
@78 = multibroadcast[out_lens={64, 128, 56, 56},out_dyn_dims={}](@10) -> float_type, {64, 128, 56, 56}, {0, 1, 0, 0}, target_id=0
@79 = load[offset=102760448,end=205520896](@1) -> float_type, {64, 128, 56, 56}, {401408, 3136, 56, 1}, target_id=0
@80 = gpu::code_object[code_object=5616,symbol_name=mlir_convolution_add_clip,global=1605632,local=256,](@78,@77,@14,@79) -> float_type, {64, 128, 56, 56}, {401408, 3136, 56, 1}, target_id=0
@81 = multibroadcast[out_lens={64, 128, 56, 56},out_dyn_dims={}](@50) -> float_type, {64, 128, 56, 56}, {0, 1, 0, 0}, target_id=0
@82 = load[offset=0,end=102760448](@1) -> float_type, {64, 128, 56, 56}, {401408, 3136, 56, 1}, target_id=0
@83 = gpu::code_object[code_object=4720,symbol_name=mlir_convolution_add_clip,global=25690112,local=64,](@81,@80,@26,@82) -> float_type, {64, 128, 56, 56}, {401408, 3136, 56, 1}, target_id=0
@84 = multibroadcast[out_lens={64, 128, 56, 56},out_dyn_dims={}](@51) -> float_type, {64, 128, 56, 56}, {0, 1, 0, 0}, target_id=0
@85 = load[offset=209223680,end=311984128](@1) -> float_type, {64, 128, 56, 56}, {401408, 3136, 56, 1}, target_id=0
@86 = gpu::code_object[code_object=5176,symbol_name=mlir_convolution_add_clip,global=1605632,local=256,](@84,@83,@18,@85) -> float_type, {64, 128, 56, 56}, {401408, 3136, 56, 1}, target_id=0
@87 = load[offset=102760448,end=209223680](@1) -> float_type, {64, 128, 57, 57}, {415872, 3249, 57, 1}, target_id=0
@88 = gpu::code_object[code_object=3792,symbol_name=pad_kernel,global=307200,local=1024,](@86,@87) -> float_type, {64, 128, 57, 57}, {415872, 3249, 57, 1}, target_id=0
@89 = load[offset=0,end=25690112](@1) -> float_type, {64, 128, 28, 28}, {100352, 784, 28, 1}, target_id=0
@90 = multibroadcast[out_lens={64, 128, 28, 28},out_dyn_dims={}](@54) -> float_type, {64, 128, 28, 28}, {0, 1, 0, 0}, target_id=0
@91 = gpu::code_object[code_object=4336,symbol_name=mlir_convolution_add_clip,global=6422528,local=64,](@90,@88,@11,@89) -> float_type, {64, 128, 28, 28}, {100352, 784, 28, 1}, target_id=0
@92 = load[offset=51380224,end=102760448](@1) -> float_type, {64, 256, 28, 28}, {200704, 784, 28, 1}, target_id=0
@93 = multibroadcast[out_lens={64, 256, 28, 28},out_dyn_dims={}](@53) -> float_type, {64, 256, 28, 28}, {0, 1, 0, 0}, target_id=0
@94 = gpu::code_object[code_object=5344,symbol_name=mlir_convolution_add_clip,global=802816,local=256,](@93,@91,@36,@92) -> float_type, {64, 256, 28, 28}, {200704, 784, 28, 1}, target_id=0
@95 = multibroadcast[out_lens={64, 256, 28, 28},out_dyn_dims={}](@12) -> float_type, {64, 256, 28, 28}, {0, 1, 0, 0}, target_id=0
@96 = load[offset=0,end=51380224](@1) -> float_type, {64, 256, 28, 28}, {200704, 784, 28, 1}, target_id=0
@97 = gpu::code_object[code_object=4688,symbol_name=mlir_convolution_add_clip,global=12845056,local=64,](@95,@94,@57,@96) -> float_type, {64, 256, 28, 28}, {200704, 784, 28, 1}, target_id=0
@98 = load[offset=106496000,end=157876224](@1) -> float_type, {64, 256, 28, 28}, {200704, 784, 28, 1}, target_id=0
@99 = multibroadcast[out_lens={64, 256, 28, 28},out_dyn_dims={}](@61) -> float_type, {64, 256, 28, 28}, {0, 1, 0, 0}, target_id=0
@100 = gpu::code_object[code_object=5864,symbol_name=mlir_convolution_add_clip,global=802816,local=256,](@99,@97,@35,@98) -> float_type, {64, 256, 28, 28}, {200704, 784, 28, 1}, target_id=0
@101 = load[offset=51380224,end=106496000](@1) -> float_type, {64, 256, 29, 29}, {215296, 841, 29, 1}, target_id=0
@102 = gpu::code_object[code_object=3784,symbol_name=pad_kernel,global=307200,local=1024,](@100,@101) -> float_type, {64, 256, 29, 29}, {215296, 841, 29, 1}, target_id=0
@103 = load[offset=38535168,end=51380224](@1) -> float_type, {64, 256, 14, 14}, {50176, 196, 14, 1}, target_id=0
@104 = multibroadcast[out_lens={64, 256, 14, 14},out_dyn_dims={}](@56) -> float_type, {64, 256, 14, 14}, {0, 1, 0, 0}, target_id=0
@105 = gpu::code_object[code_object=5048,symbol_name=mlir_convolution_add_clip,global=3211264,local=64,](@104,@102,@63,@103) -> float_type, {64, 256, 14, 14}, {50176, 196, 14, 1}, target_id=0
@106 = load[offset=12845056,end=38535168](@1) -> float_type, {64, 512, 14, 14}, {100352, 196, 14, 1}, target_id=0
@107 = multibroadcast[out_lens={64, 512, 14, 14},out_dyn_dims={}](@15) -> float_type, {64, 512, 14, 14}, {0, 1, 0, 0}, target_id=0
@108 = gpu::code_object[code_object=5880,symbol_name=mlir_convolution_add_clip,global=401408,local=256,](@107,@105,@33,@106) -> float_type, {64, 512, 14, 14}, {100352, 196, 14, 1}, target_id=0
@109 = load[offset=51380224,end=77070336](@1) -> float_type, {64, 512, 14, 14}, {100352, 196, 14, 1}, target_id=0
@110 = multibroadcast[out_lens={64, 512, 14, 14},out_dyn_dims={}](@29) -> float_type, {64, 512, 14, 14}, {0, 1, 0, 0}, target_id=0
@111 = gpu::code_object[code_object=4944,symbol_name=mlir_convolution_add_clip,global=6422528,local=64,](@110,@108,@47,@109) -> float_type, {64, 512, 14, 14}, {100352, 196, 14, 1}, target_id=0
@112 = load[offset=25690112,end=51380224](@1) -> float_type, {64, 512, 14, 14}, {100352, 196, 14, 1}, target_id=0
@113 = multibroadcast[out_lens={64, 512, 14, 14},out_dyn_dims={}](@24) -> float_type, {64, 512, 14, 14}, {0, 1, 0, 0}, target_id=0
@114 = gpu::code_object[code_object=6560,symbol_name=mlir_convolution_add_clip,global=200704,local=256,](@113,@111,@25,@112) -> float_type, {64, 512, 14, 14}, {100352, 196, 14, 1}, target_id=0
@115 = load[offset=0,end=25690112](@1) -> float_type, {64, 512, 14, 14}, {100352, 196, 14, 1}, target_id=0
@116 = multibroadcast[out_lens={64, 512, 14, 14},out_dyn_dims={}](@16) -> float_type, {64, 512, 14, 14}, {0, 1, 0, 0}, target_id=0
@117 = gpu::code_object[code_object=4944,symbol_name=mlir_convolution_add_clip,global=6422528,local=64,](@116,@114,@58,@115) -> float_type, {64, 512, 14, 14}, {100352, 196, 14, 1}, target_id=0
@118 = multibroadcast[out_lens={64, 512, 14, 14},out_dyn_dims={}](@17) -> float_type, {64, 512, 14, 14}, {0, 1, 0, 0}, target_id=0
@119 = load[offset=51380224,end=77070336](@1) -> float_type, {64, 512, 14, 14}, {100352, 196, 14, 1}, target_id=0
@120 = gpu::code_object[code_object=6560,symbol_name=mlir_convolution_add_clip,global=200704,local=256,](@118,@117,@21,@119) -> float_type, {64, 512, 14, 14}, {100352, 196, 14, 1}, target_id=0
@121 = load[offset=25690112,end=51380224](@1) -> float_type, {64, 512, 14, 14}, {100352, 196, 14, 1}, target_id=0
@122 = multibroadcast[out_lens={64, 512, 14, 14},out_dyn_dims={}](@59) -> float_type, {64, 512, 14, 14}, {0, 1, 0, 0}, target_id=0
@123 = gpu::code_object[code_object=4944,symbol_name=mlir_convolution_add_clip,global=6422528,local=64,](@122,@120,@34,@121) -> float_type, {64, 512, 14, 14}, {100352, 196, 14, 1}, target_id=0
@124 = load[offset=0,end=25690112](@1) -> float_type, {64, 512, 14, 14}, {100352, 196, 14, 1}, target_id=0
@125 = multibroadcast[out_lens={64, 512, 14, 14},out_dyn_dims={}](@20) -> float_type, {64, 512, 14, 14}, {0, 1, 0, 0}, target_id=0
@126 = gpu::code_object[code_object=6560,symbol_name=mlir_convolution_add_clip,global=200704,local=256,](@125,@123,@55,@124) -> float_type, {64, 512, 14, 14}, {100352, 196, 14, 1}, target_id=0
@127 = load[offset=51380224,end=77070336](@1) -> float_type, {64, 512, 14, 14}, {100352, 196, 14, 1}, target_id=0
@128 = multibroadcast[out_lens={64, 512, 14, 14},out_dyn_dims={}](@37) -> float_type, {64, 512, 14, 14}, {0, 1, 0, 0}, target_id=0
@129 = gpu::code_object[code_object=4944,symbol_name=mlir_convolution_add_clip,global=6422528,local=64,](@128,@126,@43,@127) -> float_type, {64, 512, 14, 14}, {100352, 196, 14, 1}, target_id=0
@130 = multibroadcast[out_lens={64, 512, 14, 14},out_dyn_dims={}](@28) -> float_type, {64, 512, 14, 14}, {0, 1, 0, 0}, target_id=0
@131 = load[offset=25690112,end=51380224](@1) -> float_type, {64, 512, 14, 14}, {100352, 196, 14, 1}, target_id=0
@132 = gpu::code_object[code_object=6560,symbol_name=mlir_convolution_add_clip,global=200704,local=256,](@130,@129,@31,@131) -> float_type, {64, 512, 14, 14}, {100352, 196, 14, 1}, target_id=0
@133 = load[offset=0,end=25690112](@1) -> float_type, {64, 512, 14, 14}, {100352, 196, 14, 1}, target_id=0
@134 = multibroadcast[out_lens={64, 512, 14, 14},out_dyn_dims={}](@27) -> float_type, {64, 512, 14, 14}, {0, 1, 0, 0}, target_id=0
@135 = gpu::code_object[code_object=4944,symbol_name=mlir_convolution_add_clip,global=6422528,local=64,](@134,@132,@38,@133) -> float_type, {64, 512, 14, 14}, {100352, 196, 14, 1}, target_id=0
@136 = multibroadcast[out_lens={64, 512, 14, 14},out_dyn_dims={}](@46) -> float_type, {64, 512, 14, 14}, {0, 1, 0, 0}, target_id=0
@137 = load[offset=55181312,end=80871424](@1) -> float_type, {64, 512, 14, 14}, {100352, 196, 14, 1}, target_id=0
@138 = gpu::code_object[code_object=6560,symbol_name=mlir_convolution_add_clip,global=200704,local=256,](@136,@135,@23,@137) -> float_type, {64, 512, 14, 14}, {100352, 196, 14, 1}, target_id=0
@139 = load[offset=25690112,end=55181312](@1) -> float_type, {64, 512, 15, 15}, {115200, 225, 15, 1}, target_id=0
@140 = gpu::code_object[code_object=3784,symbol_name=pad_kernel,global=307200,local=1024,](@138,@139) -> float_type, {64, 512, 15, 15}, {115200, 225, 15, 1}, target_id=0
@141 = multibroadcast[out_lens={64, 512, 7, 7},out_dyn_dims={}](@22) -> float_type, {64, 512, 7, 7}, {0, 1, 0, 0}, target_id=0
@142 = load[offset=12845056,end=19267584](@1) -> float_type, {64, 512, 7, 7}, {25088, 49, 7, 1}, target_id=0
@143 = gpu::code_object[code_object=5256,symbol_name=mlir_convolution_add_clip,global=1605632,local=64,](@141,@140,@19,@142) -> float_type, {64, 512, 7, 7}, {25088, 49, 7, 1}, target_id=0
@144 = multibroadcast[out_lens={64, 1024, 7, 7},out_dyn_dims={}](@42) -> float_type, {64, 1024, 7, 7}, {0, 1, 0, 0}, target_id=0
@145 = load[offset=0,end=12845056](@1) -> float_type, {64, 1024, 7, 7}, {50176, 49, 7, 1}, target_id=0
@146 = gpu::code_object[code_object=5424,symbol_name=mlir_convolution_add_clip,global=200704,local=256,](@144,@143,@52,@145) -> float_type, {64, 1024, 7, 7}, {50176, 49, 7, 1}, target_id=0
@147 = multibroadcast[out_lens={64, 1024, 7, 7},out_dyn_dims={}](@45) -> float_type, {64, 1024, 7, 7}, {0, 1, 0, 0}, target_id=0
@148 = load[offset=19267584,end=32112640](@1) -> float_type, {64, 1024, 7, 7}, {50176, 49, 7, 1}, target_id=0
@149 = gpu::code_object[code_object=5160,symbol_name=mlir_convolution_add_clip,global=3211264,local=64,](@147,@146,@49,@148) -> float_type, {64, 1024, 7, 7}, {50176, 49, 7, 1}, target_id=0
@150 = load[offset=262144,end=13107200](@1) -> float_type, {64, 1024, 7, 7}, {50176, 49, 7, 1}, target_id=0
@151 = multibroadcast[out_lens={64, 1024, 7, 7},out_dyn_dims={}](@62) -> float_type, {64, 1024, 7, 7}, {0, 1, 0, 0}, target_id=0
@152 = gpu::code_object[code_object=6080,symbol_name=mlir_convolution_add_clip,global=200704,local=256,](@151,@149,@40,@150) -> float_type, {64, 1024, 7, 7}, {50176, 49, 7, 1}, target_id=0
@153 = load[offset=13107200,end=13369344](@1) -> float_type, {64, 1024, 1, 1}, {1024, 1, 1, 1}, target_id=0
@154 = gpu::pooling[mode=average,padding={0, 0, 0, 0},padding_mode=0,stride={2, 2},lengths={7, 7},dilations={1, 1},ceil_mode=0,lp_order=2,dyn_global=0](@152,@153) -> float_type, {64, 1024, 1, 1}, {1024, 1, 1, 1}, target_id=0
@155 = broadcast[axis=1,out_lens={64, 1001, 1, 1}](@9) -> float_type, {64, 1001, 1, 1}, {0, 1, 0, 0}, target_id=0
@156 = load[offset=0,end=256256](@1) -> float_type, {64, 1001, 1, 1}, {1001, 1, 1, 1}, target_id=0
@157 = gpu::code_object[code_object=5520,symbol_name=mlir_convolution_add,global=16384,local=256,](@155,@154,@13,@156) -> float_type, {64, 1001, 1, 1}, {1001, 1, 1, 1}, target_id=0
main:#output_0 = @param:main:#output_0 -> float_type, {64, 1001}, {1001, 1}, target_id=0
@159 = transpose[permutation={0, 2, 3, 1}](@157) -> float_type, {64, 1, 1, 1001}, {1001, 1, 1, 1}, target_id=0
@160 = squeeze[axes={1, 2}](@159) -> float_type, {64, 1001}, {1001, 1}, target_id=0
@161 = gpu::code_object[code_object=5096,symbol_name=softmax_kernel,global=16384,local=256,](@160,main:#output_0) -> float_type, {64, 1001}, {1001, 1}, target_id=0
@162 = @return(@161), target_id=0


Allocating params ... 
Running performance report ... 
@0 = check_context::migraphx::gpu::context -> float_type, {}, {}, target_id=0: 0.00078988ms, 1%
@1 = hip::hip_allocate_memory[shape=int8_type, {414728192}, {1},id=main:scratch] -> int8_type, {414728192}, {1}, target_id=0: 0.00073576ms, 1%
@2 = hip::hip_copy_literal[id=main:@literal:13] -> float_type, {32, 3, 3, 3}, {27, 9, 3, 1}, target_id=0: 0.00077254ms, 1%
@3 = load[offset=0,end=38880000](@1) -> float_type, {64, 3, 225, 225}, {151875, 50625, 225, 1}, target_id=0: 0.00067752ms, 1%
input = @param:input -> float_type, {64, 3, 224, 224}, {150528, 50176, 224, 1}, target_id=0: 0.0004071ms, 1%
@5 = gpu::code_object[code_object=3800,symbol_name=pad_kernel,global=307200,local=1024,](input,@3) -> float_type, {64, 3, 225, 225}, {151875, 50625, 225, 1}, target_id=0: 0.118425ms, 2%
@6 = load[offset=0,end=0](@1) -> int8_type, {0}, {1}, target_id=0: 0.00076736ms, 1%
@7 = load[offset=205520896,end=308281344](@1) -> float_type, {64, 32, 112, 112}, {401408, 12544, 112, 1}, target_id=0: 0.0005911ms, 1%
@8 = gpu::convolution[op={padding={0, 0, 0, 0},stride={2, 2},dilation={1, 1},group=1,padding_mode=0},solution_object={binary_object: 453},algo=0,solution_id=0](@5,@2,@6,@7) -> float_type, {64, 32, 112, 112}, {401408, 12544, 112, 1}, target_id=0: 0.193114ms, 2%
@9 = hip::hip_copy_literal[id=main:@literal:55] -> float_type, {1001}, {1}, target_id=0: 0.0009269ms, 1%
@10 = hip::hip_copy_literal[id=main:@literal:27] -> float_type, {128, 1, 1}, {1, 1, 1}, target_id=0: 0.00061734ms, 1%
@11 = hip::hip_copy_literal[id=main:@literal:44] -> float_type, {128, 1, 3, 3}, {9, 9, 3, 1}, target_id=0: 0.0007398ms, 1%
@12 = hip::hip_copy_literal[id=main:@literal:28] -> float_type, {256, 1, 1}, {1, 1, 1}, target_id=0: 0.00055082ms, 1%
@13 = hip::hip_copy_literal[id=main:@literal:14] -> float_type, {1001, 1024, 1, 1}, {1024, 1, 1, 1}, target_id=0: 0.0006993ms, 1%
@14 = hip::hip_copy_literal[id=main:@literal:8] -> float_type, {128, 64, 1, 1}, {64, 1, 1, 1}, target_id=0: 0.00054038ms, 1%
@15 = hip::hip_copy_literal[id=main:@literal:22] -> float_type, {512, 1, 1}, {1, 1, 1}, target_id=0: 0.00070292ms, 1%
@16 = hip::hip_copy_literal[id=main:@literal:18] -> float_type, {512, 1, 1}, {1, 1, 1}, target_id=0: 0.00052388ms, 1%
@17 = hip::hip_copy_literal[id=main:@literal:24] -> float_type, {512, 1, 1}, {1, 1, 1}, target_id=0: 0.00065572ms, 1%
@18 = hip::hip_copy_literal[id=main:@literal:7] -> float_type, {128, 128, 1, 1}, {128, 1, 1, 1}, target_id=0: 0.00051018ms, 1%
@19 = hip::hip_copy_literal[id=main:@literal:42] -> float_type, {512, 1, 3, 3}, {9, 9, 3, 1}, target_id=0: 0.00066236ms, 1%
@20 = hip::hip_copy_literal[id=main:@literal:39] -> float_type, {512, 1, 1}, {1, 1, 1}, target_id=0: 0.00057436ms, 1%
@21 = hip::hip_copy_literal[id=main:@literal:2] -> float_type, {512, 512, 1, 1}, {512, 1, 1, 1}, target_id=0: 0.00052514ms, 1%
@22 = hip::hip_copy_literal[id=main:@literal:53] -> float_type, {512, 1, 1}, {1, 1, 1}, target_id=0: 0.00068562ms, 1%
@23 = hip::hip_copy_literal[id=main:@literal:10] -> float_type, {512, 512, 1, 1}, {512, 1, 1, 1}, target_id=0: 0.00054378ms, 1%
@24 = hip::hip_copy_literal[id=main:@literal:35] -> float_type, {512, 1, 1}, {1, 1, 1}, target_id=0: 0.00067708ms, 1%
@25 = hip::hip_copy_literal[id=main:@literal:4] -> float_type, {512, 512, 1, 1}, {512, 1, 1, 1}, target_id=0: 0.00053606ms, 1%
@26 = hip::hip_copy_literal[id=main:@literal:36] -> float_type, {128, 1, 3, 3}, {9, 9, 3, 1}, target_id=0: 0.00070278ms, 1%
@27 = hip::hip_copy_literal[id=main:@literal:51] -> float_type, {512, 1, 1}, {1, 1, 1}, target_id=0: 0.00053968ms, 1%
@28 = hip::hip_copy_literal[id=main:@literal:49] -> float_type, {512, 1, 1}, {1, 1, 1}, target_id=0: 0.0006263ms, 1%
@29 = hip::hip_copy_literal[id=main:@literal:19] -> float_type, {512, 1, 1}, {1, 1, 1}, target_id=0: 0.00054526ms, 1%
@30 = hip::hip_copy_literal[id=main:@literal:37] -> float_type, {64, 1, 1}, {1, 1, 1}, target_id=0: 0.0006112ms, 1%
@31 = hip::hip_copy_literal[id=main:@literal:1] -> float_type, {512, 512, 1, 1}, {512, 1, 1, 1}, target_id=0: 0.00056376ms, 1%
@32 = hip::hip_copy_literal[id=main:@literal:33] -> float_type, {32, 1, 3, 3}, {9, 9, 3, 1}, target_id=0: 0.0006037ms, 1%
@33 = hip::hip_copy_literal[id=main:@literal:5] -> float_type, {512, 256, 1, 1}, {256, 1, 1, 1}, target_id=0: 0.00050052ms, 1%
@34 = hip::hip_copy_literal[id=main:@literal:15] -> float_type, {512, 1, 3, 3}, {9, 9, 3, 1}, target_id=0: 0.00065554ms, 1%
@35 = hip::hip_copy_literal[id=main:@literal:9] -> float_type, {256, 256, 1, 1}, {256, 1, 1, 1}, target_id=0: 0.00048532ms, 1%
@36 = hip::hip_copy_literal[id=main:@literal:11] -> float_type, {256, 128, 1, 1}, {128, 1, 1, 1}, target_id=0: 0.0006307ms, 1%
@37 = hip::hip_copy_literal[id=main:@literal:38] -> float_type, {512, 1, 1}, {1, 1, 1}, target_id=0: 0.00058958ms, 1%
@38 = hip::hip_copy_literal[id=main:@literal:50] -> float_type, {512, 1, 3, 3}, {9, 9, 3, 1}, target_id=0: 0.00061108ms, 1%
@39 = hip::hip_copy_literal[id=main:@literal:34] -> float_type, {64, 1, 1}, {1, 1, 1}, target_id=0: 0.00054212ms, 1%
@40 = hip::hip_copy_literal[id=main:@literal:3] -> float_type, {1024, 1024, 1, 1}, {1024, 1, 1, 1}, target_id=0: 0.0005059ms, 1%
@41 = hip::hip_copy_literal[id=main:@literal:12] -> float_type, {64, 32, 1, 1}, {32, 1, 1, 1}, target_id=0: 0.00069008ms, 1%
@42 = hip::hip_copy_literal[id=main:@literal:45] -> float_type, {1024, 1, 1}, {1, 1, 1}, target_id=0: 0.00053942ms, 1%
@43 = hip::hip_copy_literal[id=main:@literal:16] -> float_type, {512, 1, 3, 3}, {9, 9, 3, 1}, target_id=0: 0.0006273ms, 1%
@44 = hip::hip_copy_literal[id=main:@literal:41] -> float_type, {32, 1, 1}, {1, 1, 1}, target_id=0: 0.00054756ms, 1%
@45 = hip::hip_copy_literal[id=main:@literal:54] -> float_type, {1024, 1, 1}, {1, 1, 1}, target_id=0: 0.00059758ms, 1%
@46 = hip::hip_copy_literal[id=main:@literal:52] -> float_type, {512, 1, 1}, {1, 1, 1}, target_id=0: 0.00053266ms, 1%
@47 = hip::hip_copy_literal[id=main:@literal:20] -> float_type, {512, 1, 3, 3}, {9, 9, 3, 1}, target_id=0: 0.00059108ms, 1%
@48 = hip::hip_copy_literal[id=main:@literal:40] -> float_type, {32, 1, 1}, {1, 1, 1}, target_id=0: 0.00054812ms, 1%
@49 = hip::hip_copy_literal[id=main:@literal:48] -> float_type, {1024, 1, 3, 3}, {9, 9, 3, 1}, target_id=0: 0.00064078ms, 1%
@50 = hip::hip_copy_literal[id=main:@literal:43] -> float_type, {128, 1, 1}, {1, 1, 1}, target_id=0: 0.00056542ms, 1%
@51 = hip::hip_copy_literal[id=main:@literal:46] -> float_type, {128, 1, 1}, {1, 1, 1}, target_id=0: 0.00065064ms, 1%
@52 = hip::hip_copy_literal[id=main:@literal:0] -> float_type, {1024, 512, 1, 1}, {512, 1, 1, 1}, target_id=0: 0.00049982ms, 1%
@53 = hip::hip_copy_literal[id=main:@literal:47] -> float_type, {256, 1, 1}, {1, 1, 1}, target_id=0: 0.0006001ms, 1%
@54 = hip::hip_copy_literal[id=main:@literal:29] -> float_type, {128, 1, 1}, {1, 1, 1}, target_id=0: 0.00053238ms, 1%
@55 = hip::hip_copy_literal[id=main:@literal:6] -> float_type, {512, 512, 1, 1}, {512, 1, 1, 1}, target_id=0: 0.00049432ms, 1%
@56 = hip::hip_copy_literal[id=main:@literal:26] -> float_type, {256, 1, 1}, {1, 1, 1}, target_id=0: 0.00061602ms, 1%
@57 = hip::hip_copy_literal[id=main:@literal:31] -> float_type, {256, 1, 3, 3}, {9, 9, 3, 1}, target_id=0: 0.00056716ms, 1%
@58 = hip::hip_copy_literal[id=main:@literal:23] -> float_type, {512, 1, 3, 3}, {9, 9, 3, 1}, target_id=0: 0.00055268ms, 1%
@59 = hip::hip_copy_literal[id=main:@literal:30] -> float_type, {512, 1, 1}, {1, 1, 1}, target_id=0: 0.0005932ms, 1%
@60 = hip::hip_copy_literal[id=main:@literal:32] -> float_type, {64, 1, 3, 3}, {9, 9, 3, 1}, target_id=0: 0.00058354ms, 1%
@61 = hip::hip_copy_literal[id=main:@literal:25] -> float_type, {256, 1, 1}, {1, 1, 1}, target_id=0: 0.0005546ms, 1%
@62 = hip::hip_copy_literal[id=main:@literal:17] -> float_type, {1024, 1, 1}, {1, 1, 1}, target_id=0: 0.00057266ms, 1%
@63 = hip::hip_copy_literal[id=main:@literal:21] -> float_type, {256, 1, 3, 3}, {9, 9, 3, 1}, target_id=0: 0.00056742ms, 1%
@64 = load[offset=102760448,end=205520896](@1) -> float_type, {64, 32, 112, 112}, {401408, 12544, 112, 1}, target_id=0: 0.00068358ms, 1%
@65 = multibroadcast[out_lens={64, 32, 112, 112},out_dyn_dims={}](@48) -> float_type, {64, 32, 112, 112}, {0, 1, 0, 0}, target_id=0: 0.00111544ms, 1%
@66 = gpu::code_object[code_object=3944,symbol_name=add_clip_kernel,global=3211264,local=1024,](@8,@65,@64) -> float_type, {64, 32, 112, 112}, {401408, 12544, 112, 1}, target_id=0: 0.227439ms, 3%
@67 = load[offset=0,end=102760448](@1) -> float_type, {64, 32, 112, 112}, {401408, 12544, 112, 1}, target_id=0: 0.00078664ms, 1%
@68 = multibroadcast[out_lens={64, 32, 112, 112},out_dyn_dims={}](@44) -> float_type, {64, 32, 112, 112}, {0, 1, 0, 0}, target_id=0: 0.00086614ms, 1%
@69 = gpu::code_object[code_object=4720,symbol_name=mlir_convolution_add_clip,global=25690112,local=64,](@68,@66,@32,@67) -> float_type, {64, 32, 112, 112}, {401408, 12544, 112, 1}, target_id=0: 0.87807ms, 9%
@70 = load[offset=209207296,end=414728192](@1) -> float_type, {64, 64, 112, 112}, {802816, 12544, 112, 1}, target_id=0: 0.00077252ms, 1%
@71 = multibroadcast[out_lens={64, 64, 112, 112},out_dyn_dims={}](@39) -> float_type, {64, 64, 112, 112}, {0, 1, 0, 0}, target_id=0: 0.00088258ms, 1%
@72 = gpu::code_object[code_object=4952,symbol_name=mlir_convolution_add_clip,global=6422528,local=256,](@71,@69,@41,@70) -> float_type, {64, 64, 112, 112}, {802816, 12544, 112, 1}, target_id=0: 0.34896ms, 4%
@73 = load[offset=0,end=209207296](@1) -> float_type, {64, 64, 113, 113}, {817216, 12769, 113, 1}, target_id=0: 0.000774ms, 1%
@74 = gpu::code_object[code_object=3800,symbol_name=pad_kernel,global=307200,local=1024,](@72,@73) -> float_type, {64, 64, 113, 113}, {817216, 12769, 113, 1}, target_id=0: 0.543773ms, 6%
@75 = multibroadcast[out_lens={64, 64, 56, 56},out_dyn_dims={}](@30) -> float_type, {64, 64, 56, 56}, {0, 1, 0, 0}, target_id=0: 0.00096398ms, 1%
@76 = load[offset=209207296,end=260587520](@1) -> float_type, {64, 64, 56, 56}, {200704, 3136, 56, 1}, target_id=0: 0.00065172ms, 1%
@77 = gpu::code_object[code_object=4504,symbol_name=mlir_convolution_add_clip,global=12845056,local=64,](@75,@74,@60,@76) -> float_type, {64, 64, 56, 56}, {200704, 3136, 56, 1}, target_id=0: 0.545071ms, 6%
@78 = multibroadcast[out_lens={64, 128, 56, 56},out_dyn_dims={}](@10) -> float_type, {64, 128, 56, 56}, {0, 1, 0, 0}, target_id=0: 0.00097716ms, 1%
@79 = load[offset=102760448,end=205520896](@1) -> float_type, {64, 128, 56, 56}, {401408, 3136, 56, 1}, target_id=0: 0.00063694ms, 1%
@80 = gpu::code_object[code_object=5616,symbol_name=mlir_convolution_add_clip,global=1605632,local=256,](@78,@77,@14,@79) -> float_type, {64, 128, 56, 56}, {401408, 3136, 56, 1}, target_id=0: 0.19313ms, 2%
@81 = multibroadcast[out_lens={64, 128, 56, 56},out_dyn_dims={}](@50) -> float_type, {64, 128, 56, 56}, {0, 1, 0, 0}, target_id=0: 0.00083464ms, 1%
@82 = load[offset=0,end=102760448](@1) -> float_type, {64, 128, 56, 56}, {401408, 3136, 56, 1}, target_id=0: 0.00065146ms, 1%
@83 = gpu::code_object[code_object=4720,symbol_name=mlir_convolution_add_clip,global=25690112,local=64,](@81,@80,@26,@82) -> float_type, {64, 128, 56, 56}, {401408, 3136, 56, 1}, target_id=0: 0.979599ms, 11%
@84 = multibroadcast[out_lens={64, 128, 56, 56},out_dyn_dims={}](@51) -> float_type, {64, 128, 56, 56}, {0, 1, 0, 0}, target_id=0: 0.00087772ms, 1%
@85 = load[offset=209223680,end=311984128](@1) -> float_type, {64, 128, 56, 56}, {401408, 3136, 56, 1}, target_id=0: 0.0006533ms, 1%
@86 = gpu::code_object[code_object=5176,symbol_name=mlir_convolution_add_clip,global=1605632,local=256,](@84,@83,@18,@85) -> float_type, {64, 128, 56, 56}, {401408, 3136, 56, 1}, target_id=0: 0.280081ms, 3%
@87 = load[offset=102760448,end=209223680](@1) -> float_type, {64, 128, 57, 57}, {415872, 3249, 57, 1}, target_id=0: 0.00076418ms, 1%
@88 = gpu::code_object[code_object=3792,symbol_name=pad_kernel,global=307200,local=1024,](@86,@87) -> float_type, {64, 128, 57, 57}, {415872, 3249, 57, 1}, target_id=0: 0.279297ms, 3%
@89 = load[offset=0,end=25690112](@1) -> float_type, {64, 128, 28, 28}, {100352, 784, 28, 1}, target_id=0: 0.0007369ms, 1%
@90 = multibroadcast[out_lens={64, 128, 28, 28},out_dyn_dims={}](@54) -> float_type, {64, 128, 28, 28}, {0, 1, 0, 0}, target_id=0: 0.0008319ms, 1%
@91 = gpu::code_object[code_object=4336,symbol_name=mlir_convolution_add_clip,global=6422528,local=64,](@90,@88,@11,@89) -> float_type, {64, 128, 28, 28}, {100352, 784, 28, 1}, target_id=0: 0.257901ms, 3%
@92 = load[offset=51380224,end=102760448](@1) -> float_type, {64, 256, 28, 28}, {200704, 784, 28, 1}, target_id=0: 0.00074652ms, 1%
@93 = multibroadcast[out_lens={64, 256, 28, 28},out_dyn_dims={}](@53) -> float_type, {64, 256, 28, 28}, {0, 1, 0, 0}, target_id=0: 0.0008724ms, 1%
@94 = gpu::code_object[code_object=5344,symbol_name=mlir_convolution_add_clip,global=802816,local=256,](@93,@91,@36,@92) -> float_type, {64, 256, 28, 28}, {200704, 784, 28, 1}, target_id=0: 0.143771ms, 2%
@95 = multibroadcast[out_lens={64, 256, 28, 28},out_dyn_dims={}](@12) -> float_type, {64, 256, 28, 28}, {0, 1, 0, 0}, target_id=0: 0.00091062ms, 1%
@96 = load[offset=0,end=51380224](@1) -> float_type, {64, 256, 28, 28}, {200704, 784, 28, 1}, target_id=0: 0.00065934ms, 1%
@97 = gpu::code_object[code_object=4688,symbol_name=mlir_convolution_add_clip,global=12845056,local=64,](@95,@94,@57,@96) -> float_type, {64, 256, 28, 28}, {200704, 784, 28, 1}, target_id=0: 0.455052ms, 5%
@98 = load[offset=106496000,end=157876224](@1) -> float_type, {64, 256, 28, 28}, {200704, 784, 28, 1}, target_id=0: 0.00077376ms, 1%
@99 = multibroadcast[out_lens={64, 256, 28, 28},out_dyn_dims={}](@61) -> float_type, {64, 256, 28, 28}, {0, 1, 0, 0}, target_id=0: 0.00085752ms, 1%
@100 = gpu::code_object[code_object=5864,symbol_name=mlir_convolution_add_clip,global=802816,local=256,](@99,@97,@35,@98) -> float_type, {64, 256, 28, 28}, {200704, 784, 28, 1}, target_id=0: 0.236318ms, 3%
@101 = load[offset=51380224,end=106496000](@1) -> float_type, {64, 256, 29, 29}, {215296, 841, 29, 1}, target_id=0: 0.0007723ms, 1%
@102 = gpu::code_object[code_object=3784,symbol_name=pad_kernel,global=307200,local=1024,](@100,@101) -> float_type, {64, 256, 29, 29}, {215296, 841, 29, 1}, target_id=0: 0.147762ms, 2%
@103 = load[offset=38535168,end=51380224](@1) -> float_type, {64, 256, 14, 14}, {50176, 196, 14, 1}, target_id=0: 0.00074954ms, 1%
@104 = multibroadcast[out_lens={64, 256, 14, 14},out_dyn_dims={}](@56) -> float_type, {64, 256, 14, 14}, {0, 1, 0, 0}, target_id=0: 0.00075652ms, 1%
@105 = gpu::code_object[code_object=5048,symbol_name=mlir_convolution_add_clip,global=3211264,local=64,](@104,@102,@63,@103) -> float_type, {64, 256, 14, 14}, {50176, 196, 14, 1}, target_id=0: 0.143449ms, 2%
@106 = load[offset=12845056,end=38535168](@1) -> float_type, {64, 512, 14, 14}, {100352, 196, 14, 1}, target_id=0: 0.00075786ms, 1%
@107 = multibroadcast[out_lens={64, 512, 14, 14},out_dyn_dims={}](@15) -> float_type, {64, 512, 14, 14}, {0, 1, 0, 0}, target_id=0: 0.00078242ms, 1%
@108 = gpu::code_object[code_object=5880,symbol_name=mlir_convolution_add_clip,global=401408,local=256,](@107,@105,@33,@106) -> float_type, {64, 512, 14, 14}, {100352, 196, 14, 1}, target_id=0: 0.147505ms, 2%
@109 = load[offset=51380224,end=77070336](@1) -> float_type, {64, 512, 14, 14}, {100352, 196, 14, 1}, target_id=0: 0.00076286ms, 1%
@110 = multibroadcast[out_lens={64, 512, 14, 14},out_dyn_dims={}](@29) -> float_type, {64, 512, 14, 14}, {0, 1, 0, 0}, target_id=0: 0.00081432ms, 1%
@111 = gpu::code_object[code_object=4944,symbol_name=mlir_convolution_add_clip,global=6422528,local=64,](@110,@108,@47,@109) -> float_type, {64, 512, 14, 14}, {100352, 196, 14, 1}, target_id=0: 0.230066ms, 3%
@112 = load[offset=25690112,end=51380224](@1) -> float_type, {64, 512, 14, 14}, {100352, 196, 14, 1}, target_id=0: 0.00077404ms, 1%
@113 = multibroadcast[out_lens={64, 512, 14, 14},out_dyn_dims={}](@24) -> float_type, {64, 512, 14, 14}, {0, 1, 0, 0}, target_id=0: 0.00079782ms, 1%
@114 = gpu::code_object[code_object=6560,symbol_name=mlir_convolution_add_clip,global=200704,local=256,](@113,@111,@25,@112) -> float_type, {64, 512, 14, 14}, {100352, 196, 14, 1}, target_id=0: 0.254935ms, 3%
@115 = load[offset=0,end=25690112](@1) -> float_type, {64, 512, 14, 14}, {100352, 196, 14, 1}, target_id=0: 0.00080536ms, 1%
@116 = multibroadcast[out_lens={64, 512, 14, 14},out_dyn_dims={}](@16) -> float_type, {64, 512, 14, 14}, {0, 1, 0, 0}, target_id=0: 0.00077294ms, 1%
@117 = gpu::code_object[code_object=4944,symbol_name=mlir_convolution_add_clip,global=6422528,local=64,](@116,@114,@58,@115) -> float_type, {64, 512, 14, 14}, {100352, 196, 14, 1}, target_id=0: 0.231554ms, 3%
@118 = multibroadcast[out_lens={64, 512, 14, 14},out_dyn_dims={}](@17) -> float_type, {64, 512, 14, 14}, {0, 1, 0, 0}, target_id=0: 0.00089752ms, 1%
@119 = load[offset=51380224,end=77070336](@1) -> float_type, {64, 512, 14, 14}, {100352, 196, 14, 1}, target_id=0: 0.00064378ms, 1%
@120 = gpu::code_object[code_object=6560,symbol_name=mlir_convolution_add_clip,global=200704,local=256,](@118,@117,@21,@119) -> float_type, {64, 512, 14, 14}, {100352, 196, 14, 1}, target_id=0: 0.255239ms, 3%
@121 = load[offset=25690112,end=51380224](@1) -> float_type, {64, 512, 14, 14}, {100352, 196, 14, 1}, target_id=0: 0.00077054ms, 1%
@122 = multibroadcast[out_lens={64, 512, 14, 14},out_dyn_dims={}](@59) -> float_type, {64, 512, 14, 14}, {0, 1, 0, 0}, target_id=0: 0.00081074ms, 1%
@123 = gpu::code_object[code_object=4944,symbol_name=mlir_convolution_add_clip,global=6422528,local=64,](@122,@120,@34,@121) -> float_type, {64, 512, 14, 14}, {100352, 196, 14, 1}, target_id=0: 0.231746ms, 3%
@124 = load[offset=0,end=25690112](@1) -> float_type, {64, 512, 14, 14}, {100352, 196, 14, 1}, target_id=0: 0.00076218ms, 1%
@125 = multibroadcast[out_lens={64, 512, 14, 14},out_dyn_dims={}](@20) -> float_type, {64, 512, 14, 14}, {0, 1, 0, 0}, target_id=0: 0.0007852ms, 1%
@126 = gpu::code_object[code_object=6560,symbol_name=mlir_convolution_add_clip,global=200704,local=256,](@125,@123,@55,@124) -> float_type, {64, 512, 14, 14}, {100352, 196, 14, 1}, target_id=0: 0.2556ms, 3%
@127 = load[offset=51380224,end=77070336](@1) -> float_type, {64, 512, 14, 14}, {100352, 196, 14, 1}, target_id=0: 0.00075594ms, 1%
@128 = multibroadcast[out_lens={64, 512, 14, 14},out_dyn_dims={}](@37) -> float_type, {64, 512, 14, 14}, {0, 1, 0, 0}, target_id=0: 0.0007831ms, 1%
@129 = gpu::code_object[code_object=4944,symbol_name=mlir_convolution_add_clip,global=6422528,local=64,](@128,@126,@43,@127) -> float_type, {64, 512, 14, 14}, {100352, 196, 14, 1}, target_id=0: 0.231758ms, 3%
@130 = multibroadcast[out_lens={64, 512, 14, 14},out_dyn_dims={}](@28) -> float_type, {64, 512, 14, 14}, {0, 1, 0, 0}, target_id=0: 0.00089046ms, 1%
@131 = load[offset=25690112,end=51380224](@1) -> float_type, {64, 512, 14, 14}, {100352, 196, 14, 1}, target_id=0: 0.00066072ms, 1%
@132 = gpu::code_object[code_object=6560,symbol_name=mlir_convolution_add_clip,global=200704,local=256,](@130,@129,@31,@131) -> float_type, {64, 512, 14, 14}, {100352, 196, 14, 1}, target_id=0: 0.25526ms, 3%
@133 = load[offset=0,end=25690112](@1) -> float_type, {64, 512, 14, 14}, {100352, 196, 14, 1}, target_id=0: 0.000762ms, 1%
@134 = multibroadcast[out_lens={64, 512, 14, 14},out_dyn_dims={}](@27) -> float_type, {64, 512, 14, 14}, {0, 1, 0, 0}, target_id=0: 0.00078288ms, 1%
@135 = gpu::code_object[code_object=4944,symbol_name=mlir_convolution_add_clip,global=6422528,local=64,](@134,@132,@38,@133) -> float_type, {64, 512, 14, 14}, {100352, 196, 14, 1}, target_id=0: 0.23138ms, 3%
@136 = multibroadcast[out_lens={64, 512, 14, 14},out_dyn_dims={}](@46) -> float_type, {64, 512, 14, 14}, {0, 1, 0, 0}, target_id=0: 0.00087942ms, 1%
@137 = load[offset=55181312,end=80871424](@1) -> float_type, {64, 512, 14, 14}, {100352, 196, 14, 1}, target_id=0: 0.0006545ms, 1%
@138 = gpu::code_object[code_object=6560,symbol_name=mlir_convolution_add_clip,global=200704,local=256,](@136,@135,@23,@137) -> float_type, {64, 512, 14, 14}, {100352, 196, 14, 1}, target_id=0: 0.255253ms, 3%
@139 = load[offset=25690112,end=55181312](@1) -> float_type, {64, 512, 15, 15}, {115200, 225, 15, 1}, target_id=0: 0.00078026ms, 1%
@140 = gpu::code_object[code_object=3784,symbol_name=pad_kernel,global=307200,local=1024,](@138,@139) -> float_type, {64, 512, 15, 15}, {115200, 225, 15, 1}, target_id=0: 0.0847974ms, 1%
@141 = multibroadcast[out_lens={64, 512, 7, 7},out_dyn_dims={}](@22) -> float_type, {64, 512, 7, 7}, {0, 1, 0, 0}, target_id=0: 0.000883ms, 1%
@142 = load[offset=12845056,end=19267584](@1) -> float_type, {64, 512, 7, 7}, {25088, 49, 7, 1}, target_id=0: 0.0006479ms, 1%
@143 = gpu::code_object[code_object=5256,symbol_name=mlir_convolution_add_clip,global=1605632,local=64,](@141,@140,@19,@142) -> float_type, {64, 512, 7, 7}, {25088, 49, 7, 1}, target_id=0: 0.0886976ms, 1%
@144 = multibroadcast[out_lens={64, 1024, 7, 7},out_dyn_dims={}](@42) -> float_type, {64, 1024, 7, 7}, {0, 1, 0, 0}, target_id=0: 0.00082728ms, 1%
@145 = load[offset=0,end=12845056](@1) -> float_type, {64, 1024, 7, 7}, {50176, 49, 7, 1}, target_id=0: 0.00065892ms, 1%
@146 = gpu::code_object[code_object=5424,symbol_name=mlir_convolution_add_clip,global=200704,local=256,](@144,@143,@52,@145) -> float_type, {64, 1024, 7, 7}, {50176, 49, 7, 1}, target_id=0: 0.159763ms, 2%
@147 = multibroadcast[out_lens={64, 1024, 7, 7},out_dyn_dims={}](@45) -> float_type, {64, 1024, 7, 7}, {0, 1, 0, 0}, target_id=0: 0.00084644ms, 1%
@148 = load[offset=19267584,end=32112640](@1) -> float_type, {64, 1024, 7, 7}, {50176, 49, 7, 1}, target_id=0: 0.0006432ms, 1%
@149 = gpu::code_object[code_object=5160,symbol_name=mlir_convolution_add_clip,global=3211264,local=64,](@147,@146,@49,@148) -> float_type, {64, 1024, 7, 7}, {50176, 49, 7, 1}, target_id=0: 0.13338ms, 2%
@150 = load[offset=262144,end=13107200](@1) -> float_type, {64, 1024, 7, 7}, {50176, 49, 7, 1}, target_id=0: 0.0007627ms, 1%
@151 = multibroadcast[out_lens={64, 1024, 7, 7},out_dyn_dims={}](@62) -> float_type, {64, 1024, 7, 7}, {0, 1, 0, 0}, target_id=0: 0.00073318ms, 1%
@152 = gpu::code_object[code_object=6080,symbol_name=mlir_convolution_add_clip,global=200704,local=256,](@151,@149,@40,@150) -> float_type, {64, 1024, 7, 7}, {50176, 49, 7, 1}, target_id=0: 0.286429ms, 3%
@153 = load[offset=13107200,end=13369344](@1) -> float_type, {64, 1024, 1, 1}, {1024, 1, 1, 1}, target_id=0: 0.00076158ms, 1%
@154 = gpu::pooling[mode=average,padding={0, 0, 0, 0},padding_mode=0,stride={2, 2},lengths={7, 7},dilations={1, 1},ceil_mode=0,lp_order=2,dyn_global=0](@152,@153) -> float_type, {64, 1024, 1, 1}, {1024, 1, 1, 1}, target_id=0: 0.331847ms, 4%
@155 = broadcast[axis=1,out_lens={64, 1001, 1, 1}](@9) -> float_type, {64, 1001, 1, 1}, {0, 1, 0, 0}, target_id=0: 0.00137674ms, 1%
@156 = load[offset=0,end=256256](@1) -> float_type, {64, 1001, 1, 1}, {1001, 1, 1, 1}, target_id=0: 0.00066764ms, 1%
@157 = gpu::code_object[code_object=5520,symbol_name=mlir_convolution_add,global=16384,local=256,](@155,@154,@13,@156) -> float_type, {64, 1001, 1, 1}, {1001, 1, 1, 1}, target_id=0: 0.0393841ms, 1%
main:#output_0 = @param:main:#output_0 -> float_type, {64, 1001}, {1001, 1}, target_id=0: 0.00066662ms, 1%
@159 = transpose[permutation={0, 2, 3, 1}](@157) -> float_type, {64, 1, 1, 1001}, {1001, 1, 1, 1}, target_id=0: 0.000947ms, 1%
@160 = squeeze[axes={1, 2}](@159) -> float_type, {64, 1001}, {1001, 1}, target_id=0: 0.00090698ms, 1%
@161 = gpu::code_object[code_object=5096,symbol_name=softmax_kernel,global=16384,local=256,](@160,main:#output_0) -> float_type, {64, 1001}, {1001, 1}, target_id=0: 0.0201641ms, 1%
@162 = @return(@161), target_id=0
Summary:
gpu::code_object::mlir_convolution_add_clip: 7.70997ms / 26 = 0.296537ms, 79%
gpu::code_object::pad_kernel: 1.17405ms / 5 = 0.234811ms, 12%
gpu::pooling: 0.331847ms / 1 = 0.331847ms, 4%
gpu::code_object::add_clip_kernel: 0.227439ms / 1 = 0.227439ms, 3%
gpu::convolution: 0.193114ms / 1 = 0.193114ms, 2%
gpu::code_object::mlir_convolution_add: 0.0393841ms / 1 = 0.0393841ms, 1%
hip::hip_copy_literal: 0.0334222ms / 56 = 0.000596824ms, 1%
load: 0.0258807ms / 36 = 0.000718907ms, 1%
multibroadcast: 0.0230333ms / 27 = 0.000853087ms, 1%
gpu::code_object::softmax_kernel: 0.0201641ms / 1 = 0.0201641ms, 1%
broadcast: 0.00137674ms / 1 = 0.00137674ms, 1%
@param: 0.00107372ms / 2 = 0.00053686ms, 1%
transpose: 0.000947ms / 1 = 0.000947ms, 1%
squeeze: 0.00090698ms / 1 = 0.00090698ms, 1%
check_context::migraphx::gpu::context: 0.00078988ms / 1 = 0.00078988ms, 1%
hip::hip_allocate_memory: 0.00073576ms / 1 = 0.00073576ms, 1%

Batch size: 1
Rate: 107.495 inferences/sec
Total time: 9.30274ms
Total instructions time: 9.78413ms
Overhead time: 0.0321539ms, -0.481397ms
Overhead: 0%, -5%
[ MIGraphX Version: 2.9.0.538ffcce3 ] Complete: /src/AMDMIGraphX/build/bin/driver perf --gpu /new-saved-models/slim/mobilenet_i64.pb
