Compiling ... 
Reading: /new-saved-models/dlrm/pt_dlrm_criteoterabyte_13_26_20k_1.1_M2.4/float/pt_dlrm_fp32_onnx/pt_dlrm_fp32.onnx
module: "main"
main:@0 = check_context::migraphx::version_2_6_0::gpu::context -> float_type, {}, {}
main:@1 = hip::hip_allocate_memory[shape=int8_type, {4325376000}, {1},id=main:scratch] -> int8_type, {4325376000}, {1}
main:@2 = load[offset=0,end=15974400](main:@1) -> float_type, {307200, 13}, {13, 1}
input = @param:input -> float_type, {307200, 13}, {13, 1}
main:@4 = hip::copy_to_gpu(input,main:@2) -> float_type, {307200, 13}, {13, 1}
main:@5 = hip::hip_copy_literal[id=main:@literal:0] -> float_type, {13, 512}, {512, 1}
main:@6 = load[offset=1415577600,end=2044723200](main:@1) -> float_type, {307200, 512}, {512, 1}
main:@7 = gpu::gemm[alpha=1,beta=0,int8_x4_format=0,compute_fp32=1,trans_batch=0](main:@4,main:@5,main:@6) -> float_type, {307200, 512}, {512, 1}
main:@8 = hip::hip_copy_literal[id=main:@literal:14] -> float_type, {512}, {1}
main:@9 = hip::hip_copy_literal[id=main:@literal:1] -> float_type, {512, 256}, {256, 1}
main:@10 = load[offset=786432000,end=1415577600](main:@1) -> float_type, {307200, 512}, {512, 1}
main:@11 = multibroadcast[out_lens={307200, 512},out_dyn_dims={}](main:@8) -> float_type, {307200, 512}, {0, 1}
main:@12 = gpu::code_object[code_object=13632,symbol_name=add_relu_kernel,global=19660800,local=1024,](main:@7,main:@11,main:@10) -> float_type, {307200, 512}, {512, 1}
main:@13 = load[offset=471859200,end=786432000](main:@1) -> float_type, {307200, 256}, {256, 1}
main:@14 = gpu::gemm[alpha=1,beta=0,int8_x4_format=0,compute_fp32=1,trans_batch=0](main:@12,main:@9,main:@13) -> float_type, {307200, 256}, {256, 1}
main:@15 = hip::hip_copy_literal[id=main:@literal:13] -> float_type, {256}, {1}
main:@16 = hip::hip_copy_literal[id=main:@literal:2] -> float_type, {256, 64}, {64, 1}
main:@17 = load[offset=157286400,end=471859200](main:@1) -> float_type, {307200, 256}, {256, 1}
main:@18 = multibroadcast[out_lens={307200, 256},out_dyn_dims={}](main:@15) -> float_type, {307200, 256}, {0, 1}
main:@19 = gpu::code_object[code_object=13632,symbol_name=add_relu_kernel,global=9830400,local=1024,](main:@14,main:@18,main:@17) -> float_type, {307200, 256}, {256, 1}
main:@20 = load[offset=78643200,end=157286400](main:@1) -> float_type, {307200, 64}, {64, 1}
main:@21 = gpu::gemm[alpha=1,beta=0,int8_x4_format=0,compute_fp32=1,trans_batch=0](main:@19,main:@16,main:@20) -> float_type, {307200, 64}, {64, 1}
main:@22 = load[offset=157286400,end=221184000](main:@1) -> int64_type, {26, 307200}, {307200, 1}
lS_i = @param:lS_i -> int64_type, {26, 307200}, {307200, 1}
main:@24 = hip::copy_to_gpu(lS_i,main:@22) -> int64_type, {26, 307200}, {307200, 1}
main:@25 = hip::hip_copy_literal[id=main:@literal:15] -> float_type, {36, 64}, {64, 1}
main:@26 = hip::hip_copy_literal[id=main:@literal:3] -> float_type, {512, 256}, {256, 1}
main:@27 = hip::hip_copy_literal[id=main:@literal:17] -> float_type, {12420, 64}, {64, 1}
main:@28 = hip::hip_copy_literal[id=main:@literal:18] -> float_type, {415421, 64}, {64, 1}
main:@29 = hip::hip_copy_literal[id=main:@literal:19] -> float_type, {9946608, 64}, {64, 1}
main:@30 = hip::hip_copy_literal[id=main:@literal:20] -> float_type, {7267859, 64}, {64, 1}
main:@31 = hip::hip_copy_literal[id=main:@literal:21] -> float_type, {9994222, 64}, {64, 1}
main:@32 = hip::hip_copy_literal[id=main:@literal:22] -> float_type, {14, 64}, {64, 1}
main:@33 = hip::hip_copy_literal[id=main:@literal:23] -> float_type, {970, 64}, {64, 1}
main:@34 = hip::hip_copy_literal[id=main:@literal:24] -> float_type, {4, 64}, {64, 1}
main:@35 = hip::hip_copy_literal[id=main:@literal:25] -> float_type, {122, 64}, {64, 1}
main:@36 = hip::hip_copy_literal[id=main:@literal:12] -> float_type, {64}, {1}
main:@37 = hip::hip_copy_literal[id=main:@literal:16] -> float_type, {101, 64}, {64, 1}
main:@38 = hip::hip_copy_literal[id=main:@literal:9] -> float_type, {256}, {1}
main:@39 = hip::hip_copy_literal[id=main:@literal:10] -> float_type, {512}, {1}
main:@40 = hip::hip_copy_literal[id=main:@literal:11] -> float_type, {512}, {1}
main:@41 = hip::hip_copy_literal[id=main:@literal:8] -> float_type, {1}, {1}
main:@42 = hip::hip_copy_literal[id=main:@literal:26] -> float_type, {11156, 64}, {64, 1}
main:@43 = hip::hip_copy_literal[id=main:@literal:27] -> float_type, {2208, 64}, {64, 1}
main:@44 = hip::hip_copy_literal[id=main:@literal:28] -> float_type, {10, 64}, {64, 1}
main:@45 = hip::hip_copy_literal[id=main:@literal:4] -> float_type, {415, 512}, {512, 1}
main:@46 = hip::hip_copy_literal[id=main:@literal:5] -> float_type, {512, 512}, {512, 1}
main:@47 = hip::hip_copy_literal[id=main:@literal:7] -> float_type, {351}, {1}
main:@48 = hip::hip_copy_literal[id=main:@literal:6] -> float_type, {256, 1}, {1, 1}
main:@49 = hip::hip_copy_literal[id=main:@literal:29] -> float_type, {313829, 64}, {64, 1}
main:@50 = hip::hip_copy_literal[id=main:@literal:30] -> float_type, {1333352, 64}, {64, 1}
main:@51 = hip::hip_copy_literal[id=main:@literal:31] -> float_type, {9758201, 64}, {64, 1}
main:@52 = hip::hip_copy_literal[id=main:@literal:32] -> float_type, {61, 64}, {64, 1}
main:@53 = hip::hip_copy_literal[id=main:@literal:33] -> float_type, {1442, 64}, {64, 1}
main:@54 = hip::hip_copy_literal[id=main:@literal:34] -> float_type, {7112, 64}, {64, 1}
main:@55 = hip::hip_copy_literal[id=main:@literal:35] -> float_type, {3, 64}, {64, 1}
main:@56 = hip::hip_copy_literal[id=main:@literal:36] -> float_type, {20134, 64}, {64, 1}
main:@57 = hip::hip_copy_literal[id=main:@literal:37] -> float_type, {7378, 64}, {64, 1}
main:@58 = hip::hip_copy_literal[id=main:@literal:38] -> float_type, {17217, 64}, {64, 1}
main:@59 = hip::hip_copy_literal[id=main:@literal:39] -> float_type, {36084, 64}, {64, 1}
main:@60 = hip::hip_copy_literal[id=main:@literal:40] -> float_type, {9980333, 64}, {64, 1}
main:@61 = load[offset=0,end=31948800](main:@1) -> float_type, {26, 307200}, {307200, 1}
main:@62 = gpu::code_object[code_object=13632,symbol_name=convert_kernel,global=1996800,local=1024,](main:@24,main:@61) -> float_type, {26, 307200}, {307200, 1}
main:@63 = load[offset=2123366400,end=2202009600](main:@1) -> float_type, {307200, 64}, {64, 1}
main:@64 = slice[axes={0},starts={25},ends={26}](main:@62) -> float_type, {1, 307200}, {307200, 1}
main:@65 = squeeze[axes={0}](main:@64) -> float_type, {307200}, {1}
main:@66 = gpu::code_object[code_object=13632,symbol_name=gather_kernel,global=307200,local=1024,](main:@25,main:@65,main:@63) -> float_type, {307200, 64}, {64, 1}
main:@67 = slice[axes={0},starts={24},ends={25}](main:@62) -> float_type, {1, 307200}, {307200, 1}
main:@68 = squeeze[axes={0}](main:@67) -> float_type, {307200}, {1}
main:@69 = load[offset=2044723200,end=2123366400](main:@1) -> float_type, {307200, 64}, {64, 1}
main:@70 = gpu::code_object[code_object=13632,symbol_name=gather_kernel,global=307200,local=1024,](main:@37,main:@68,main:@69) -> float_type, {307200, 64}, {64, 1}
main:@71 = slice[axes={0},starts={23},ends={24}](main:@62) -> float_type, {1, 307200}, {307200, 1}
main:@72 = squeeze[axes={0}](main:@71) -> float_type, {307200}, {1}
main:@73 = load[offset=1966080000,end=2044723200](main:@1) -> float_type, {307200, 64}, {64, 1}
main:@74 = gpu::code_object[code_object=13632,symbol_name=gather_kernel,global=307200,local=1024,](main:@27,main:@72,main:@73) -> float_type, {307200, 64}, {64, 1}
main:@75 = slice[axes={0},starts={22},ends={23}](main:@62) -> float_type, {1, 307200}, {307200, 1}
main:@76 = squeeze[axes={0}](main:@75) -> float_type, {307200}, {1}
main:@77 = load[offset=1887436800,end=1966080000](main:@1) -> float_type, {307200, 64}, {64, 1}
main:@78 = gpu::code_object[code_object=13632,symbol_name=gather_kernel,global=307200,local=1024,](main:@28,main:@76,main:@77) -> float_type, {307200, 64}, {64, 1}
main:@79 = slice[axes={0},starts={21},ends={22}](main:@62) -> float_type, {1, 307200}, {307200, 1}
main:@80 = squeeze[axes={0}](main:@79) -> float_type, {307200}, {1}
main:@81 = load[offset=1808793600,end=1887436800](main:@1) -> float_type, {307200, 64}, {64, 1}
main:@82 = gpu::code_object[code_object=13632,symbol_name=gather_kernel,global=307200,local=1024,](main:@29,main:@80,main:@81) -> float_type, {307200, 64}, {64, 1}
main:@83 = slice[axes={0},starts={20},ends={21}](main:@62) -> float_type, {1, 307200}, {307200, 1}
main:@84 = squeeze[axes={0}](main:@83) -> float_type, {307200}, {1}
main:@85 = load[offset=1730150400,end=1808793600](main:@1) -> float_type, {307200, 64}, {64, 1}
main:@86 = gpu::code_object[code_object=13632,symbol_name=gather_kernel,global=307200,local=1024,](main:@30,main:@84,main:@85) -> float_type, {307200, 64}, {64, 1}
main:@87 = load[offset=1651507200,end=1730150400](main:@1) -> float_type, {307200, 64}, {64, 1}
main:@88 = slice[axes={0},starts={19},ends={20}](main:@62) -> float_type, {1, 307200}, {307200, 1}
main:@89 = squeeze[axes={0}](main:@88) -> float_type, {307200}, {1}
main:@90 = gpu::code_object[code_object=13632,symbol_name=gather_kernel,global=307200,local=1024,](main:@31,main:@89,main:@87) -> float_type, {307200, 64}, {64, 1}
main:@91 = load[offset=1572864000,end=1651507200](main:@1) -> float_type, {307200, 64}, {64, 1}
main:@92 = slice[axes={0},starts={18},ends={19}](main:@62) -> float_type, {1, 307200}, {307200, 1}
main:@93 = squeeze[axes={0}](main:@92) -> float_type, {307200}, {1}
main:@94 = gpu::code_object[code_object=13632,symbol_name=gather_kernel,global=307200,local=1024,](main:@32,main:@93,main:@91) -> float_type, {307200, 64}, {64, 1}
main:@95 = slice[axes={0},starts={17},ends={18}](main:@62) -> float_type, {1, 307200}, {307200, 1}
main:@96 = squeeze[axes={0}](main:@95) -> float_type, {307200}, {1}
main:@97 = load[offset=1494220800,end=1572864000](main:@1) -> float_type, {307200, 64}, {64, 1}
main:@98 = gpu::code_object[code_object=13632,symbol_name=gather_kernel,global=307200,local=1024,](main:@33,main:@96,main:@97) -> float_type, {307200, 64}, {64, 1}
main:@99 = slice[axes={0},starts={16},ends={17}](main:@62) -> float_type, {1, 307200}, {307200, 1}
main:@100 = squeeze[axes={0}](main:@99) -> float_type, {307200}, {1}
main:@101 = load[offset=1415577600,end=1494220800](main:@1) -> float_type, {307200, 64}, {64, 1}
main:@102 = gpu::code_object[code_object=13632,symbol_name=gather_kernel,global=307200,local=1024,](main:@34,main:@100,main:@101) -> float_type, {307200, 64}, {64, 1}
main:@103 = slice[axes={0},starts={15},ends={16}](main:@62) -> float_type, {1, 307200}, {307200, 1}
main:@104 = squeeze[axes={0}](main:@103) -> float_type, {307200}, {1}
main:@105 = load[offset=1336934400,end=1415577600](main:@1) -> float_type, {307200, 64}, {64, 1}
main:@106 = gpu::code_object[code_object=13632,symbol_name=gather_kernel,global=307200,local=1024,](main:@35,main:@104,main:@105) -> float_type, {307200, 64}, {64, 1}
main:@107 = slice[axes={0},starts={14},ends={15}](main:@62) -> float_type, {1, 307200}, {307200, 1}
main:@108 = squeeze[axes={0}](main:@107) -> float_type, {307200}, {1}
main:@109 = load[offset=1258291200,end=1336934400](main:@1) -> float_type, {307200, 64}, {64, 1}
main:@110 = gpu::code_object[code_object=13632,symbol_name=gather_kernel,global=307200,local=1024,](main:@42,main:@108,main:@109) -> float_type, {307200, 64}, {64, 1}
main:@111 = slice[axes={0},starts={13},ends={14}](main:@62) -> float_type, {1, 307200}, {307200, 1}
main:@112 = squeeze[axes={0}](main:@111) -> float_type, {307200}, {1}
main:@113 = load[offset=1179648000,end=1258291200](main:@1) -> float_type, {307200, 64}, {64, 1}
main:@114 = gpu::code_object[code_object=13632,symbol_name=gather_kernel,global=307200,local=1024,](main:@43,main:@112,main:@113) -> float_type, {307200, 64}, {64, 1}
main:@115 = load[offset=1101004800,end=1179648000](main:@1) -> float_type, {307200, 64}, {64, 1}
main:@116 = slice[axes={0},starts={12},ends={13}](main:@62) -> float_type, {1, 307200}, {307200, 1}
main:@117 = squeeze[axes={0}](main:@116) -> float_type, {307200}, {1}
main:@118 = gpu::code_object[code_object=13632,symbol_name=gather_kernel,global=307200,local=1024,](main:@44,main:@117,main:@115) -> float_type, {307200, 64}, {64, 1}
main:@119 = load[offset=1022361600,end=1101004800](main:@1) -> float_type, {307200, 64}, {64, 1}
main:@120 = slice[axes={0},starts={11},ends={12}](main:@62) -> float_type, {1, 307200}, {307200, 1}
main:@121 = squeeze[axes={0}](main:@120) -> float_type, {307200}, {1}
main:@122 = gpu::code_object[code_object=13632,symbol_name=gather_kernel,global=307200,local=1024,](main:@49,main:@121,main:@119) -> float_type, {307200, 64}, {64, 1}
main:@123 = load[offset=943718400,end=1022361600](main:@1) -> float_type, {307200, 64}, {64, 1}
main:@124 = slice[axes={0},starts={10},ends={11}](main:@62) -> float_type, {1, 307200}, {307200, 1}
main:@125 = squeeze[axes={0}](main:@124) -> float_type, {307200}, {1}
main:@126 = gpu::code_object[code_object=13632,symbol_name=gather_kernel,global=307200,local=1024,](main:@50,main:@125,main:@123) -> float_type, {307200, 64}, {64, 1}
main:@127 = load[offset=865075200,end=943718400](main:@1) -> float_type, {307200, 64}, {64, 1}
main:@128 = slice[axes={0},starts={9},ends={10}](main:@62) -> float_type, {1, 307200}, {307200, 1}
main:@129 = squeeze[axes={0}](main:@128) -> float_type, {307200}, {1}
main:@130 = gpu::code_object[code_object=13632,symbol_name=gather_kernel,global=307200,local=1024,](main:@51,main:@129,main:@127) -> float_type, {307200, 64}, {64, 1}
main:@131 = load[offset=786432000,end=865075200](main:@1) -> float_type, {307200, 64}, {64, 1}
main:@132 = slice[axes={0},starts={8},ends={9}](main:@62) -> float_type, {1, 307200}, {307200, 1}
main:@133 = squeeze[axes={0}](main:@132) -> float_type, {307200}, {1}
main:@134 = gpu::code_object[code_object=13632,symbol_name=gather_kernel,global=307200,local=1024,](main:@52,main:@133,main:@131) -> float_type, {307200, 64}, {64, 1}
main:@135 = load[offset=707788800,end=786432000](main:@1) -> float_type, {307200, 64}, {64, 1}
main:@136 = slice[axes={0},starts={7},ends={8}](main:@62) -> float_type, {1, 307200}, {307200, 1}
main:@137 = squeeze[axes={0}](main:@136) -> float_type, {307200}, {1}
main:@138 = gpu::code_object[code_object=13632,symbol_name=gather_kernel,global=307200,local=1024,](main:@53,main:@137,main:@135) -> float_type, {307200, 64}, {64, 1}
main:@139 = slice[axes={0},starts={6},ends={7}](main:@62) -> float_type, {1, 307200}, {307200, 1}
main:@140 = squeeze[axes={0}](main:@139) -> float_type, {307200}, {1}
main:@141 = load[offset=629145600,end=707788800](main:@1) -> float_type, {307200, 64}, {64, 1}
main:@142 = gpu::code_object[code_object=13632,symbol_name=gather_kernel,global=307200,local=1024,](main:@54,main:@140,main:@141) -> float_type, {307200, 64}, {64, 1}
main:@143 = slice[axes={0},starts={5},ends={6}](main:@62) -> float_type, {1, 307200}, {307200, 1}
main:@144 = squeeze[axes={0}](main:@143) -> float_type, {307200}, {1}
main:@145 = load[offset=550502400,end=629145600](main:@1) -> float_type, {307200, 64}, {64, 1}
main:@146 = gpu::code_object[code_object=13632,symbol_name=gather_kernel,global=307200,local=1024,](main:@55,main:@144,main:@145) -> float_type, {307200, 64}, {64, 1}
main:@147 = slice[axes={0},starts={4},ends={5}](main:@62) -> float_type, {1, 307200}, {307200, 1}
main:@148 = squeeze[axes={0}](main:@147) -> float_type, {307200}, {1}
main:@149 = load[offset=471859200,end=550502400](main:@1) -> float_type, {307200, 64}, {64, 1}
main:@150 = gpu::code_object[code_object=13632,symbol_name=gather_kernel,global=307200,local=1024,](main:@56,main:@148,main:@149) -> float_type, {307200, 64}, {64, 1}
main:@151 = slice[axes={0},starts={3},ends={4}](main:@62) -> float_type, {1, 307200}, {307200, 1}
main:@152 = squeeze[axes={0}](main:@151) -> float_type, {307200}, {1}
main:@153 = load[offset=393216000,end=471859200](main:@1) -> float_type, {307200, 64}, {64, 1}
main:@154 = gpu::code_object[code_object=13632,symbol_name=gather_kernel,global=307200,local=1024,](main:@57,main:@152,main:@153) -> float_type, {307200, 64}, {64, 1}
main:@155 = load[offset=314572800,end=393216000](main:@1) -> float_type, {307200, 64}, {64, 1}
main:@156 = slice[axes={0},starts={2},ends={3}](main:@62) -> float_type, {1, 307200}, {307200, 1}
main:@157 = squeeze[axes={0}](main:@156) -> float_type, {307200}, {1}
main:@158 = gpu::code_object[code_object=13632,symbol_name=gather_kernel,global=307200,local=1024,](main:@58,main:@157,main:@155) -> float_type, {307200, 64}, {64, 1}
main:@159 = load[offset=235929600,end=314572800](main:@1) -> float_type, {307200, 64}, {64, 1}
main:@160 = slice[axes={0},starts={1},ends={2}](main:@62) -> float_type, {1, 307200}, {307200, 1}
main:@161 = squeeze[axes={0}](main:@160) -> float_type, {307200}, {1}
main:@162 = gpu::code_object[code_object=13632,symbol_name=gather_kernel,global=307200,local=1024,](main:@59,main:@161,main:@159) -> float_type, {307200, 64}, {64, 1}
main:@163 = load[offset=157286400,end=235929600](main:@1) -> float_type, {307200, 64}, {64, 1}
main:@164 = slice[axes={0},starts={0},ends={1}](main:@62) -> float_type, {1, 307200}, {307200, 1}
main:@165 = squeeze[axes={0}](main:@164) -> float_type, {307200}, {1}
main:@166 = gpu::code_object[code_object=13632,symbol_name=gather_kernel,global=307200,local=1024,](main:@60,main:@165,main:@163) -> float_type, {307200, 64}, {64, 1}
main:@167 = load[offset=0,end=78643200](main:@1) -> float_type, {307200, 64}, {64, 1}
main:@168 = multibroadcast[out_lens={307200, 64},out_dyn_dims={}](main:@36) -> float_type, {307200, 64}, {0, 1}
main:@169 = gpu::code_object[code_object=13632,symbol_name=add_relu_kernel,global=2457600,local=1024,](main:@21,main:@168,main:@167) -> float_type, {307200, 64}, {64, 1}
main:@170 = load[offset=2202009600,end=4325376000](main:@1) -> float_type, {307200, 1728}, {1728, 1}
main:@171 = gpu::code_object[code_object=13632,symbol_name=concat_kernel,global=4915200,local=1024,](main:@169,main:@166,main:@162,main:@158,main:@154,main:@150,main:@146,main:@142,main:@138,main:@134,main:@130,main:@126,main:@122,main:@118,main:@114,main:@110,main:@106,main:@102,main:@98,main:@94,main:@90,main:@86,main:@82,main:@78,main:@74,main:@70,main:@66,main:@170) -> float_type, {307200, 1728}, {1728, 1}
main:@172 = load[offset=78643200,end=974438400](main:@1) -> float_type, {307200, 27, 27}, {729, 27, 1}
main:@173 = reshape[dims={307200, -1, 64}](main:@171) -> float_type, {307200, 27, 64}, {1728, 64, 1}
main:@174 = transpose[permutation={0, 2, 1}](main:@173) -> float_type, {307200, 64, 27}, {1728, 1, 64}
main:@175 = gpu::gemm[alpha=1,beta=0,int8_x4_format=0,compute_fp32=1,trans_batch=0](main:@173,main:@174,main:@172) -> float_type, {307200, 27, 27}, {729, 27, 1}
main:@176 = load[offset=974438400,end=1405747200](main:@1) -> float_type, {307200, 351}, {351, 1}
main:@177 = reshape[dims={307200, 729}](main:@175) -> float_type, {307200, 729}, {729, 1}
main:@178 = gpu::code_object[code_object=13632,symbol_name=gather_kernel,global=307200,local=1024,](main:@177,main:@47,main:@176) -> float_type, {307200, 351}, {351, 1}
main:@179 = load[offset=78643200,end=588595200](main:@1) -> float_type, {307200, 415}, {415, 1}
main:@180 = gpu::code_object[code_object=13632,symbol_name=concat_kernel,global=63744000,local=1024,](main:@169,main:@178,main:@179) -> float_type, {307200, 415}, {415, 1}
main:@181 = load[offset=588595200,end=1217740800](main:@1) -> float_type, {307200, 512}, {512, 1}
main:@182 = gpu::gemm[alpha=1,beta=0,int8_x4_format=0,compute_fp32=1,trans_batch=0](main:@180,main:@45,main:@181) -> float_type, {307200, 512}, {512, 1}
main:@183 = multibroadcast[out_lens={307200, 512},out_dyn_dims={}](main:@40) -> float_type, {307200, 512}, {0, 1}
main:@184 = load[offset=1217740800,end=1846886400](main:@1) -> float_type, {307200, 512}, {512, 1}
main:@185 = gpu::code_object[code_object=13632,symbol_name=add_relu_kernel,global=19660800,local=1024,](main:@182,main:@183,main:@184) -> float_type, {307200, 512}, {512, 1}
main:@186 = load[offset=1846886400,end=2476032000](main:@1) -> float_type, {307200, 512}, {512, 1}
main:@187 = gpu::gemm[alpha=1,beta=0,int8_x4_format=0,compute_fp32=1,trans_batch=0](main:@185,main:@46,main:@186) -> float_type, {307200, 512}, {512, 1}
main:@188 = load[offset=0,end=629145600](main:@1) -> float_type, {307200, 512}, {512, 1}
main:@189 = multibroadcast[out_lens={307200, 512},out_dyn_dims={}](main:@39) -> float_type, {307200, 512}, {0, 1}
main:@190 = gpu::code_object[code_object=13632,symbol_name=add_relu_kernel,global=19660800,local=1024,](main:@187,main:@189,main:@188) -> float_type, {307200, 512}, {512, 1}
main:@191 = load[offset=629145600,end=943718400](main:@1) -> float_type, {307200, 256}, {256, 1}
main:@192 = gpu::gemm[alpha=1,beta=0,int8_x4_format=0,compute_fp32=1,trans_batch=0](main:@190,main:@26,main:@191) -> float_type, {307200, 256}, {256, 1}
main:@193 = multibroadcast[out_lens={307200, 256},out_dyn_dims={}](main:@38) -> float_type, {307200, 256}, {0, 1}
main:@194 = load[offset=1228800,end=315801600](main:@1) -> float_type, {307200, 256}, {256, 1}
main:@195 = gpu::code_object[code_object=13632,symbol_name=add_relu_kernel,global=9830400,local=1024,](main:@192,main:@193,main:@194) -> float_type, {307200, 256}, {256, 1}
main:@196 = load[offset=315801600,end=317030400](main:@1) -> float_type, {307200, 1}, {1, 1}
main:@197 = gpu::gemm[alpha=1,beta=0,int8_x4_format=0,compute_fp32=1,trans_batch=0](main:@195,main:@48,main:@196) -> float_type, {307200, 1}, {1, 1}
main:@198 = load[offset=0,end=1228800](main:@1) -> float_type, {307200, 1}, {1, 1}
main:@199 = multibroadcast[out_lens={307200, 1},out_dyn_dims={}](main:@41) -> float_type, {307200, 1}, {0, 1}
main:@200 = gpu::code_object[code_object=13640,symbol_name=add_sigmoid_kernel,global=153600,local=1024,](main:@197,main:@199,main:@198) -> float_type, {307200, 1}, {1, 1}
main:@201 = hip::copy_from_gpu(main:@200) -> float_type, {307200, 1}, {1, 1}
main:@202 = hip::sync_stream(main:@201) -> float_type, {307200, 1}, {1, 1}
main:@203 = @return(main:@202)


Allocating params ... 
Running performance report ... 
main:@0 = check_context::migraphx::version_2_6_0::gpu::context -> float_type, {}, {}: 0.00195122ms, 1%
main:@1 = hip::hip_allocate_memory[shape=int8_type, {4325376000}, {1},id=main:scratch] -> int8_type, {4325376000}, {1}: 0.00137222ms, 1%
main:@2 = load[offset=0,end=15974400](main:@1) -> float_type, {307200, 13}, {13, 1}: 0.00146676ms, 1%
input = @param:input -> float_type, {307200, 13}, {13, 1}: 0.00084088ms, 1%
main:@4 = hip::copy_to_gpu(input,main:@2) -> float_type, {307200, 13}, {13, 1}: 1.62861ms, 4%
main:@5 = hip::hip_copy_literal[id=main:@literal:0] -> float_type, {13, 512}, {512, 1}: 0.00153966ms, 1%
main:@6 = load[offset=1415577600,end=2044723200](main:@1) -> float_type, {307200, 512}, {512, 1}: 0.00100504ms, 1%
main:@7 = gpu::gemm[alpha=1,beta=0,int8_x4_format=0,compute_fp32=1,trans_batch=0](main:@4,main:@5,main:@6) -> float_type, {307200, 512}, {512, 1}: 0.805407ms, 2%
main:@8 = hip::hip_copy_literal[id=main:@literal:14] -> float_type, {512}, {1}: 0.00111832ms, 1%
main:@9 = hip::hip_copy_literal[id=main:@literal:1] -> float_type, {512, 256}, {256, 1}: 0.00072634ms, 1%
main:@10 = load[offset=786432000,end=1415577600](main:@1) -> float_type, {307200, 512}, {512, 1}: 0.00074366ms, 1%
main:@11 = multibroadcast[out_lens={307200, 512},out_dyn_dims={}](main:@8) -> float_type, {307200, 512}, {0, 1}: 0.00173236ms, 1%
main:@12 = gpu::code_object[code_object=13632,symbol_name=add_relu_kernel,global=19660800,local=1024,](main:@7,main:@11,main:@10) -> float_type, {307200, 512}, {512, 1}: 1.2971ms, 3%
main:@13 = load[offset=471859200,end=786432000](main:@1) -> float_type, {307200, 256}, {256, 1}: 0.00077626ms, 1%
main:@14 = gpu::gemm[alpha=1,beta=0,int8_x4_format=0,compute_fp32=1,trans_batch=0](main:@12,main:@9,main:@13) -> float_type, {307200, 256}, {256, 1}: 2.75015ms, 6%
main:@15 = hip::hip_copy_literal[id=main:@literal:13] -> float_type, {256}, {1}: 0.0009721ms, 1%
main:@16 = hip::hip_copy_literal[id=main:@literal:2] -> float_type, {256, 64}, {64, 1}: 0.00060938ms, 1%
main:@17 = load[offset=157286400,end=471859200](main:@1) -> float_type, {307200, 256}, {256, 1}: 0.00063934ms, 1%
main:@18 = multibroadcast[out_lens={307200, 256},out_dyn_dims={}](main:@15) -> float_type, {307200, 256}, {0, 1}: 0.00105142ms, 1%
main:@19 = gpu::code_object[code_object=13632,symbol_name=add_relu_kernel,global=9830400,local=1024,](main:@14,main:@18,main:@17) -> float_type, {307200, 256}, {256, 1}: 0.658784ms, 2%
main:@20 = load[offset=78643200,end=157286400](main:@1) -> float_type, {307200, 64}, {64, 1}: 0.00078658ms, 1%
main:@21 = gpu::gemm[alpha=1,beta=0,int8_x4_format=0,compute_fp32=1,trans_batch=0](main:@19,main:@16,main:@20) -> float_type, {307200, 64}, {64, 1}: 0.470308ms, 1%
main:@22 = load[offset=157286400,end=221184000](main:@1) -> int64_type, {26, 307200}, {307200, 1}: 0.00078248ms, 1%
lS_i = @param:lS_i -> int64_type, {26, 307200}, {307200, 1}: 0.00078282ms, 1%
main:@24 = hip::copy_to_gpu(lS_i,main:@22) -> int64_type, {26, 307200}, {307200, 1}: 6.7027ms, 14%
main:@25 = hip::hip_copy_literal[id=main:@literal:15] -> float_type, {36, 64}, {64, 1}: 0.00154158ms, 1%
main:@26 = hip::hip_copy_literal[id=main:@literal:3] -> float_type, {512, 256}, {256, 1}: 0.0007033ms, 1%
main:@27 = hip::hip_copy_literal[id=main:@literal:17] -> float_type, {12420, 64}, {64, 1}: 0.00112558ms, 1%
main:@28 = hip::hip_copy_literal[id=main:@literal:18] -> float_type, {415421, 64}, {64, 1}: 0.00070628ms, 1%
main:@29 = hip::hip_copy_literal[id=main:@literal:19] -> float_type, {9946608, 64}, {64, 1}: 0.00082792ms, 1%
main:@30 = hip::hip_copy_literal[id=main:@literal:20] -> float_type, {7267859, 64}, {64, 1}: 0.00059432ms, 1%
main:@31 = hip::hip_copy_literal[id=main:@literal:21] -> float_type, {9994222, 64}, {64, 1}: 0.00078324ms, 1%
main:@32 = hip::hip_copy_literal[id=main:@literal:22] -> float_type, {14, 64}, {64, 1}: 0.00062022ms, 1%
main:@33 = hip::hip_copy_literal[id=main:@literal:23] -> float_type, {970, 64}, {64, 1}: 0.00082114ms, 1%
main:@34 = hip::hip_copy_literal[id=main:@literal:24] -> float_type, {4, 64}, {64, 1}: 0.00058826ms, 1%
main:@35 = hip::hip_copy_literal[id=main:@literal:25] -> float_type, {122, 64}, {64, 1}: 0.00075968ms, 1%
main:@36 = hip::hip_copy_literal[id=main:@literal:12] -> float_type, {64}, {1}: 0.00058946ms, 1%
main:@37 = hip::hip_copy_literal[id=main:@literal:16] -> float_type, {101, 64}, {64, 1}: 0.00069302ms, 1%
main:@38 = hip::hip_copy_literal[id=main:@literal:9] -> float_type, {256}, {1}: 0.00064224ms, 1%
main:@39 = hip::hip_copy_literal[id=main:@literal:10] -> float_type, {512}, {1}: 0.00066434ms, 1%
main:@40 = hip::hip_copy_literal[id=main:@literal:11] -> float_type, {512}, {1}: 0.0007528ms, 1%
main:@41 = hip::hip_copy_literal[id=main:@literal:8] -> float_type, {1}, {1}: 0.00056872ms, 1%
main:@42 = hip::hip_copy_literal[id=main:@literal:26] -> float_type, {11156, 64}, {64, 1}: 0.00074888ms, 1%
main:@43 = hip::hip_copy_literal[id=main:@literal:27] -> float_type, {2208, 64}, {64, 1}: 0.0006685ms, 1%
main:@44 = hip::hip_copy_literal[id=main:@literal:28] -> float_type, {10, 64}, {64, 1}: 0.00066552ms, 1%
main:@45 = hip::hip_copy_literal[id=main:@literal:4] -> float_type, {415, 512}, {512, 1}: 0.00051678ms, 1%
main:@46 = hip::hip_copy_literal[id=main:@literal:5] -> float_type, {512, 512}, {512, 1}: 0.00056526ms, 1%
main:@47 = hip::hip_copy_literal[id=main:@literal:7] -> float_type, {351}, {1}: 0.00052262ms, 1%
main:@48 = hip::hip_copy_literal[id=main:@literal:6] -> float_type, {256, 1}, {1, 1}: 0.00058414ms, 1%
main:@49 = hip::hip_copy_literal[id=main:@literal:29] -> float_type, {313829, 64}, {64, 1}: 0.00087578ms, 1%
main:@50 = hip::hip_copy_literal[id=main:@literal:30] -> float_type, {1333352, 64}, {64, 1}: 0.00065784ms, 1%
main:@51 = hip::hip_copy_literal[id=main:@literal:31] -> float_type, {9758201, 64}, {64, 1}: 0.00064424ms, 1%
main:@52 = hip::hip_copy_literal[id=main:@literal:32] -> float_type, {61, 64}, {64, 1}: 0.00060698ms, 1%
main:@53 = hip::hip_copy_literal[id=main:@literal:33] -> float_type, {1442, 64}, {64, 1}: 0.00061246ms, 1%
main:@54 = hip::hip_copy_literal[id=main:@literal:34] -> float_type, {7112, 64}, {64, 1}: 0.00060148ms, 1%
main:@55 = hip::hip_copy_literal[id=main:@literal:35] -> float_type, {3, 64}, {64, 1}: 0.00059496ms, 1%
main:@56 = hip::hip_copy_literal[id=main:@literal:36] -> float_type, {20134, 64}, {64, 1}: 0.00054522ms, 1%
main:@57 = hip::hip_copy_literal[id=main:@literal:37] -> float_type, {7378, 64}, {64, 1}: 0.00062862ms, 1%
main:@58 = hip::hip_copy_literal[id=main:@literal:38] -> float_type, {17217, 64}, {64, 1}: 0.00056772ms, 1%
main:@59 = hip::hip_copy_literal[id=main:@literal:39] -> float_type, {36084, 64}, {64, 1}: 0.00060812ms, 1%
main:@60 = hip::hip_copy_literal[id=main:@literal:40] -> float_type, {9980333, 64}, {64, 1}: 0.00057494ms, 1%
main:@61 = load[offset=0,end=31948800](main:@1) -> float_type, {26, 307200}, {307200, 1}: 0.00108558ms, 1%
main:@62 = gpu::code_object[code_object=13632,symbol_name=convert_kernel,global=1996800,local=1024,](main:@24,main:@61) -> float_type, {26, 307200}, {307200, 1}: 0.120716ms, 1%
main:@63 = load[offset=2123366400,end=2202009600](main:@1) -> float_type, {307200, 64}, {64, 1}: 0.0007917ms, 1%
main:@64 = slice[axes={0},starts={25},ends={26}](main:@62) -> float_type, {1, 307200}, {307200, 1}: 0.00258146ms, 1%
main:@65 = squeeze[axes={0}](main:@64) -> float_type, {307200}, {1}: 0.00187428ms, 1%
main:@66 = gpu::code_object[code_object=13632,symbol_name=gather_kernel,global=307200,local=1024,](main:@25,main:@65,main:@63) -> float_type, {307200, 64}, {64, 1}: 0.158161ms, 1%
main:@67 = slice[axes={0},starts={24},ends={25}](main:@62) -> float_type, {1, 307200}, {307200, 1}: 0.00143366ms, 1%
main:@68 = squeeze[axes={0}](main:@67) -> float_type, {307200}, {1}: 0.0012058ms, 1%
main:@69 = load[offset=2044723200,end=2123366400](main:@1) -> float_type, {307200, 64}, {64, 1}: 0.00065204ms, 1%
main:@70 = gpu::code_object[code_object=13632,symbol_name=gather_kernel,global=307200,local=1024,](main:@37,main:@68,main:@69) -> float_type, {307200, 64}, {64, 1}: 0.158919ms, 1%
main:@71 = slice[axes={0},starts={23},ends={24}](main:@62) -> float_type, {1, 307200}, {307200, 1}: 0.00129706ms, 1%
main:@72 = squeeze[axes={0}](main:@71) -> float_type, {307200}, {1}: 0.00112494ms, 1%
main:@73 = load[offset=1966080000,end=2044723200](main:@1) -> float_type, {307200, 64}, {64, 1}: 0.0006254ms, 1%
main:@74 = gpu::code_object[code_object=13632,symbol_name=gather_kernel,global=307200,local=1024,](main:@27,main:@72,main:@73) -> float_type, {307200, 64}, {64, 1}: 0.158595ms, 1%
main:@75 = slice[axes={0},starts={22},ends={23}](main:@62) -> float_type, {1, 307200}, {307200, 1}: 0.00126552ms, 1%
main:@76 = squeeze[axes={0}](main:@75) -> float_type, {307200}, {1}: 0.00106834ms, 1%
main:@77 = load[offset=1887436800,end=1966080000](main:@1) -> float_type, {307200, 64}, {64, 1}: 0.00061464ms, 1%
main:@78 = gpu::code_object[code_object=13632,symbol_name=gather_kernel,global=307200,local=1024,](main:@28,main:@76,main:@77) -> float_type, {307200, 64}, {64, 1}: 0.157548ms, 1%
main:@79 = slice[axes={0},starts={21},ends={22}](main:@62) -> float_type, {1, 307200}, {307200, 1}: 0.00125764ms, 1%
main:@80 = squeeze[axes={0}](main:@79) -> float_type, {307200}, {1}: 0.00107954ms, 1%
main:@81 = load[offset=1808793600,end=1887436800](main:@1) -> float_type, {307200, 64}, {64, 1}: 0.00064836ms, 1%
main:@82 = gpu::code_object[code_object=13632,symbol_name=gather_kernel,global=307200,local=1024,](main:@29,main:@80,main:@81) -> float_type, {307200, 64}, {64, 1}: 0.15727ms, 1%
main:@83 = slice[axes={0},starts={20},ends={21}](main:@62) -> float_type, {1, 307200}, {307200, 1}: 0.00119628ms, 1%
main:@84 = squeeze[axes={0}](main:@83) -> float_type, {307200}, {1}: 0.00104708ms, 1%
main:@85 = load[offset=1730150400,end=1808793600](main:@1) -> float_type, {307200, 64}, {64, 1}: 0.00060212ms, 1%
main:@86 = gpu::code_object[code_object=13632,symbol_name=gather_kernel,global=307200,local=1024,](main:@30,main:@84,main:@85) -> float_type, {307200, 64}, {64, 1}: 0.157273ms, 1%
main:@87 = load[offset=1651507200,end=1730150400](main:@1) -> float_type, {307200, 64}, {64, 1}: 0.00075338ms, 1%
main:@88 = slice[axes={0},starts={19},ends={20}](main:@62) -> float_type, {1, 307200}, {307200, 1}: 0.00107896ms, 1%
main:@89 = squeeze[axes={0}](main:@88) -> float_type, {307200}, {1}: 0.0011107ms, 1%
main:@90 = gpu::code_object[code_object=13632,symbol_name=gather_kernel,global=307200,local=1024,](main:@31,main:@89,main:@87) -> float_type, {307200, 64}, {64, 1}: 0.157968ms, 1%
main:@91 = load[offset=1572864000,end=1651507200](main:@1) -> float_type, {307200, 64}, {64, 1}: 0.00075582ms, 1%
main:@92 = slice[axes={0},starts={18},ends={19}](main:@62) -> float_type, {1, 307200}, {307200, 1}: 0.00105876ms, 1%
main:@93 = squeeze[axes={0}](main:@92) -> float_type, {307200}, {1}: 0.00105136ms, 1%
main:@94 = gpu::code_object[code_object=13632,symbol_name=gather_kernel,global=307200,local=1024,](main:@32,main:@93,main:@91) -> float_type, {307200, 64}, {64, 1}: 0.157952ms, 1%
main:@95 = slice[axes={0},starts={17},ends={18}](main:@62) -> float_type, {1, 307200}, {307200, 1}: 0.00119106ms, 1%
main:@96 = squeeze[axes={0}](main:@95) -> float_type, {307200}, {1}: 0.00107788ms, 1%
main:@97 = load[offset=1494220800,end=1572864000](main:@1) -> float_type, {307200, 64}, {64, 1}: 0.00061622ms, 1%
main:@98 = gpu::code_object[code_object=13632,symbol_name=gather_kernel,global=307200,local=1024,](main:@33,main:@96,main:@97) -> float_type, {307200, 64}, {64, 1}: 0.157992ms, 1%
main:@99 = slice[axes={0},starts={16},ends={17}](main:@62) -> float_type, {1, 307200}, {307200, 1}: 0.00119118ms, 1%
main:@100 = squeeze[axes={0}](main:@99) -> float_type, {307200}, {1}: 0.00105812ms, 1%
main:@101 = load[offset=1415577600,end=1494220800](main:@1) -> float_type, {307200, 64}, {64, 1}: 0.00060542ms, 1%
main:@102 = gpu::code_object[code_object=13632,symbol_name=gather_kernel,global=307200,local=1024,](main:@34,main:@100,main:@101) -> float_type, {307200, 64}, {64, 1}: 0.157853ms, 1%
main:@103 = slice[axes={0},starts={15},ends={16}](main:@62) -> float_type, {1, 307200}, {307200, 1}: 0.00119234ms, 1%
main:@104 = squeeze[axes={0}](main:@103) -> float_type, {307200}, {1}: 0.00104012ms, 1%
main:@105 = load[offset=1336934400,end=1415577600](main:@1) -> float_type, {307200, 64}, {64, 1}: 0.00061932ms, 1%
main:@106 = gpu::code_object[code_object=13632,symbol_name=gather_kernel,global=307200,local=1024,](main:@35,main:@104,main:@105) -> float_type, {307200, 64}, {64, 1}: 0.157646ms, 1%
main:@107 = slice[axes={0},starts={14},ends={15}](main:@62) -> float_type, {1, 307200}, {307200, 1}: 0.00117308ms, 1%
main:@108 = squeeze[axes={0}](main:@107) -> float_type, {307200}, {1}: 0.0009944ms, 1%
main:@109 = load[offset=1258291200,end=1336934400](main:@1) -> float_type, {307200, 64}, {64, 1}: 0.00061264ms, 1%
main:@110 = gpu::code_object[code_object=13632,symbol_name=gather_kernel,global=307200,local=1024,](main:@42,main:@108,main:@109) -> float_type, {307200, 64}, {64, 1}: 0.157779ms, 1%
main:@111 = slice[axes={0},starts={13},ends={14}](main:@62) -> float_type, {1, 307200}, {307200, 1}: 0.00117868ms, 1%
main:@112 = squeeze[axes={0}](main:@111) -> float_type, {307200}, {1}: 0.0009814ms, 1%
main:@113 = load[offset=1179648000,end=1258291200](main:@1) -> float_type, {307200, 64}, {64, 1}: 0.00059736ms, 1%
main:@114 = gpu::code_object[code_object=13632,symbol_name=gather_kernel,global=307200,local=1024,](main:@43,main:@112,main:@113) -> float_type, {307200, 64}, {64, 1}: 0.157131ms, 1%
main:@115 = load[offset=1101004800,end=1179648000](main:@1) -> float_type, {307200, 64}, {64, 1}: 0.00075648ms, 1%
main:@116 = slice[axes={0},starts={12},ends={13}](main:@62) -> float_type, {1, 307200}, {307200, 1}: 0.00105386ms, 1%
main:@117 = squeeze[axes={0}](main:@116) -> float_type, {307200}, {1}: 0.00097244ms, 1%
main:@118 = gpu::code_object[code_object=13632,symbol_name=gather_kernel,global=307200,local=1024,](main:@44,main:@117,main:@115) -> float_type, {307200, 64}, {64, 1}: 0.157637ms, 1%
main:@119 = load[offset=1022361600,end=1101004800](main:@1) -> float_type, {307200, 64}, {64, 1}: 0.0007469ms, 1%
main:@120 = slice[axes={0},starts={11},ends={12}](main:@62) -> float_type, {1, 307200}, {307200, 1}: 0.00105158ms, 1%
main:@121 = squeeze[axes={0}](main:@120) -> float_type, {307200}, {1}: 0.00092196ms, 1%
main:@122 = gpu::code_object[code_object=13632,symbol_name=gather_kernel,global=307200,local=1024,](main:@49,main:@121,main:@119) -> float_type, {307200, 64}, {64, 1}: 0.157501ms, 1%
main:@123 = load[offset=943718400,end=1022361600](main:@1) -> float_type, {307200, 64}, {64, 1}: 0.00073658ms, 1%
main:@124 = slice[axes={0},starts={10},ends={11}](main:@62) -> float_type, {1, 307200}, {307200, 1}: 0.0010551ms, 1%
main:@125 = squeeze[axes={0}](main:@124) -> float_type, {307200}, {1}: 0.00089536ms, 1%
main:@126 = gpu::code_object[code_object=13632,symbol_name=gather_kernel,global=307200,local=1024,](main:@50,main:@125,main:@123) -> float_type, {307200, 64}, {64, 1}: 0.157113ms, 1%
main:@127 = load[offset=865075200,end=943718400](main:@1) -> float_type, {307200, 64}, {64, 1}: 0.00074624ms, 1%
main:@128 = slice[axes={0},starts={9},ends={10}](main:@62) -> float_type, {1, 307200}, {307200, 1}: 0.0010512ms, 1%
main:@129 = squeeze[axes={0}](main:@128) -> float_type, {307200}, {1}: 0.0008861ms, 1%
main:@130 = gpu::code_object[code_object=13632,symbol_name=gather_kernel,global=307200,local=1024,](main:@51,main:@129,main:@127) -> float_type, {307200, 64}, {64, 1}: 0.157546ms, 1%
main:@131 = load[offset=786432000,end=865075200](main:@1) -> float_type, {307200, 64}, {64, 1}: 0.00075976ms, 1%
main:@132 = slice[axes={0},starts={8},ends={9}](main:@62) -> float_type, {1, 307200}, {307200, 1}: 0.00103894ms, 1%
main:@133 = squeeze[axes={0}](main:@132) -> float_type, {307200}, {1}: 0.00090682ms, 1%
main:@134 = gpu::code_object[code_object=13632,symbol_name=gather_kernel,global=307200,local=1024,](main:@52,main:@133,main:@131) -> float_type, {307200, 64}, {64, 1}: 0.156887ms, 1%
main:@135 = load[offset=707788800,end=786432000](main:@1) -> float_type, {307200, 64}, {64, 1}: 0.00074458ms, 1%
main:@136 = slice[axes={0},starts={7},ends={8}](main:@62) -> float_type, {1, 307200}, {307200, 1}: 0.00104102ms, 1%
main:@137 = squeeze[axes={0}](main:@136) -> float_type, {307200}, {1}: 0.0009193ms, 1%
main:@138 = gpu::code_object[code_object=13632,symbol_name=gather_kernel,global=307200,local=1024,](main:@53,main:@137,main:@135) -> float_type, {307200, 64}, {64, 1}: 0.156984ms, 1%
main:@139 = slice[axes={0},starts={6},ends={7}](main:@62) -> float_type, {1, 307200}, {307200, 1}: 0.00119136ms, 1%
main:@140 = squeeze[axes={0}](main:@139) -> float_type, {307200}, {1}: 0.0009629ms, 1%
main:@141 = load[offset=629145600,end=707788800](main:@1) -> float_type, {307200, 64}, {64, 1}: 0.00065014ms, 1%
main:@142 = gpu::code_object[code_object=13632,symbol_name=gather_kernel,global=307200,local=1024,](main:@54,main:@140,main:@141) -> float_type, {307200, 64}, {64, 1}: 0.157286ms, 1%
main:@143 = slice[axes={0},starts={5},ends={6}](main:@62) -> float_type, {1, 307200}, {307200, 1}: 0.00120186ms, 1%
main:@144 = squeeze[axes={0}](main:@143) -> float_type, {307200}, {1}: 0.001176ms, 1%
main:@145 = load[offset=550502400,end=629145600](main:@1) -> float_type, {307200, 64}, {64, 1}: 0.0006487ms, 1%
main:@146 = gpu::code_object[code_object=13632,symbol_name=gather_kernel,global=307200,local=1024,](main:@55,main:@144,main:@145) -> float_type, {307200, 64}, {64, 1}: 0.15744ms, 1%
main:@147 = slice[axes={0},starts={4},ends={5}](main:@62) -> float_type, {1, 307200}, {307200, 1}: 0.0011939ms, 1%
main:@148 = squeeze[axes={0}](main:@147) -> float_type, {307200}, {1}: 0.00120274ms, 1%
main:@149 = load[offset=471859200,end=550502400](main:@1) -> float_type, {307200, 64}, {64, 1}: 0.00061558ms, 1%
main:@150 = gpu::code_object[code_object=13632,symbol_name=gather_kernel,global=307200,local=1024,](main:@56,main:@148,main:@149) -> float_type, {307200, 64}, {64, 1}: 0.157026ms, 1%
main:@151 = slice[axes={0},starts={3},ends={4}](main:@62) -> float_type, {1, 307200}, {307200, 1}: 0.00115188ms, 1%
main:@152 = squeeze[axes={0}](main:@151) -> float_type, {307200}, {1}: 0.00115074ms, 1%
main:@153 = load[offset=393216000,end=471859200](main:@1) -> float_type, {307200, 64}, {64, 1}: 0.00062806ms, 1%
main:@154 = gpu::code_object[code_object=13632,symbol_name=gather_kernel,global=307200,local=1024,](main:@57,main:@152,main:@153) -> float_type, {307200, 64}, {64, 1}: 0.157337ms, 1%
main:@155 = load[offset=314572800,end=393216000](main:@1) -> float_type, {307200, 64}, {64, 1}: 0.0007459ms, 1%
main:@156 = slice[axes={0},starts={2},ends={3}](main:@62) -> float_type, {1, 307200}, {307200, 1}: 0.00102448ms, 1%
main:@157 = squeeze[axes={0}](main:@156) -> float_type, {307200}, {1}: 0.00105796ms, 1%
main:@158 = gpu::code_object[code_object=13632,symbol_name=gather_kernel,global=307200,local=1024,](main:@58,main:@157,main:@155) -> float_type, {307200, 64}, {64, 1}: 0.157566ms, 1%
main:@159 = load[offset=235929600,end=314572800](main:@1) -> float_type, {307200, 64}, {64, 1}: 0.00074558ms, 1%
main:@160 = slice[axes={0},starts={1},ends={2}](main:@62) -> float_type, {1, 307200}, {307200, 1}: 0.00102328ms, 1%
main:@161 = squeeze[axes={0}](main:@160) -> float_type, {307200}, {1}: 0.00110766ms, 1%
main:@162 = gpu::code_object[code_object=13632,symbol_name=gather_kernel,global=307200,local=1024,](main:@59,main:@161,main:@159) -> float_type, {307200, 64}, {64, 1}: 0.157258ms, 1%
main:@163 = load[offset=157286400,end=235929600](main:@1) -> float_type, {307200, 64}, {64, 1}: 0.0007586ms, 1%
main:@164 = slice[axes={0},starts={0},ends={1}](main:@62) -> float_type, {1, 307200}, {307200, 1}: 0.00101878ms, 1%
main:@165 = squeeze[axes={0}](main:@164) -> float_type, {307200}, {1}: 0.00113062ms, 1%
main:@166 = gpu::code_object[code_object=13632,symbol_name=gather_kernel,global=307200,local=1024,](main:@60,main:@165,main:@163) -> float_type, {307200, 64}, {64, 1}: 0.156052ms, 1%
main:@167 = load[offset=0,end=78643200](main:@1) -> float_type, {307200, 64}, {64, 1}: 0.00075488ms, 1%
main:@168 = multibroadcast[out_lens={307200, 64},out_dyn_dims={}](main:@36) -> float_type, {307200, 64}, {0, 1}: 0.00157412ms, 1%
main:@169 = gpu::code_object[code_object=13632,symbol_name=add_relu_kernel,global=2457600,local=1024,](main:@21,main:@168,main:@167) -> float_type, {307200, 64}, {64, 1}: 0.180778ms, 1%
main:@170 = load[offset=2202009600,end=4325376000](main:@1) -> float_type, {307200, 1728}, {1728, 1}: 0.00075158ms, 1%
main:@171 = gpu::code_object[code_object=13632,symbol_name=concat_kernel,global=4915200,local=1024,](main:@169,main:@166,main:@162,main:@158,main:@154,main:@150,main:@146,main:@142,main:@138,main:@134,main:@130,main:@126,main:@122,main:@118,main:@114,main:@110,main:@106,main:@102,main:@98,main:@94,main:@90,main:@86,main:@82,main:@78,main:@74,main:@70,main:@66,main:@170) -> float_type, {307200, 1728}, {1728, 1}: 4.77474ms, 10%
main:@172 = load[offset=78643200,end=974438400](main:@1) -> float_type, {307200, 27, 27}, {729, 27, 1}: 0.00078124ms, 1%
main:@173 = reshape[dims={307200, -1, 64}](main:@171) -> float_type, {307200, 27, 64}, {1728, 64, 1}: 0.00125408ms, 1%
main:@174 = transpose[permutation={0, 2, 1}](main:@173) -> float_type, {307200, 64, 27}, {1728, 1, 64}: 0.00111858ms, 1%
main:@175 = gpu::gemm[alpha=1,beta=0,int8_x4_format=0,compute_fp32=1,trans_batch=0](main:@173,main:@174,main:@172) -> float_type, {307200, 27, 27}, {729, 27, 1}: 4.60156ms, 10%
main:@176 = load[offset=974438400,end=1405747200](main:@1) -> float_type, {307200, 351}, {351, 1}: 0.00085356ms, 1%
main:@177 = reshape[dims={307200, 729}](main:@175) -> float_type, {307200, 729}, {729, 1}: 0.00075012ms, 1%
main:@178 = gpu::code_object[code_object=13632,symbol_name=gather_kernel,global=307200,local=1024,](main:@177,main:@47,main:@176) -> float_type, {307200, 351}, {351, 1}: 1.6447ms, 4%
main:@179 = load[offset=78643200,end=588595200](main:@1) -> float_type, {307200, 415}, {415, 1}: 0.00072204ms, 1%
main:@180 = gpu::code_object[code_object=13632,symbol_name=concat_kernel,global=63744000,local=1024,](main:@169,main:@178,main:@179) -> float_type, {307200, 415}, {415, 1}: 1.21767ms, 3%
main:@181 = load[offset=588595200,end=1217740800](main:@1) -> float_type, {307200, 512}, {512, 1}: 0.00074768ms, 1%
main:@182 = gpu::gemm[alpha=1,beta=0,int8_x4_format=0,compute_fp32=1,trans_batch=0](main:@180,main:@45,main:@181) -> float_type, {307200, 512}, {512, 1}: 5.78379ms, 12%
main:@183 = multibroadcast[out_lens={307200, 512},out_dyn_dims={}](main:@40) -> float_type, {307200, 512}, {0, 1}: 0.00149666ms, 1%
main:@184 = load[offset=1217740800,end=1846886400](main:@1) -> float_type, {307200, 512}, {512, 1}: 0.00062696ms, 1%
main:@185 = gpu::code_object[code_object=13632,symbol_name=add_relu_kernel,global=19660800,local=1024,](main:@182,main:@183,main:@184) -> float_type, {307200, 512}, {512, 1}: 1.304ms, 3%
main:@186 = load[offset=1846886400,end=2476032000](main:@1) -> float_type, {307200, 512}, {512, 1}: 0.00072238ms, 1%
main:@187 = gpu::gemm[alpha=1,beta=0,int8_x4_format=0,compute_fp32=1,trans_batch=0](main:@185,main:@46,main:@186) -> float_type, {307200, 512}, {512, 1}: 6.05718ms, 13%
main:@188 = load[offset=0,end=629145600](main:@1) -> float_type, {307200, 512}, {512, 1}: 0.00077824ms, 1%
main:@189 = multibroadcast[out_lens={307200, 512},out_dyn_dims={}](main:@39) -> float_type, {307200, 512}, {0, 1}: 0.00101068ms, 1%
main:@190 = gpu::code_object[code_object=13632,symbol_name=add_relu_kernel,global=19660800,local=1024,](main:@187,main:@189,main:@188) -> float_type, {307200, 512}, {512, 1}: 1.29947ms, 3%
main:@191 = load[offset=629145600,end=943718400](main:@1) -> float_type, {307200, 256}, {256, 1}: 0.00074474ms, 1%
main:@192 = gpu::gemm[alpha=1,beta=0,int8_x4_format=0,compute_fp32=1,trans_batch=0](main:@190,main:@26,main:@191) -> float_type, {307200, 256}, {256, 1}: 2.91817ms, 6%
main:@193 = multibroadcast[out_lens={307200, 256},out_dyn_dims={}](main:@38) -> float_type, {307200, 256}, {0, 1}: 0.00114834ms, 1%
main:@194 = load[offset=1228800,end=315801600](main:@1) -> float_type, {307200, 256}, {256, 1}: 0.00061444ms, 1%
main:@195 = gpu::code_object[code_object=13632,symbol_name=add_relu_kernel,global=9830400,local=1024,](main:@192,main:@193,main:@194) -> float_type, {307200, 256}, {256, 1}: 0.65999ms, 2%
main:@196 = load[offset=315801600,end=317030400](main:@1) -> float_type, {307200, 1}, {1, 1}: 0.0007269ms, 1%
main:@197 = gpu::gemm[alpha=1,beta=0,int8_x4_format=0,compute_fp32=1,trans_batch=0](main:@195,main:@48,main:@196) -> float_type, {307200, 1}, {1, 1}: 0.421064ms, 1%
main:@198 = load[offset=0,end=1228800](main:@1) -> float_type, {307200, 1}, {1, 1}: 0.0007619ms, 1%
main:@199 = multibroadcast[out_lens={307200, 1},out_dyn_dims={}](main:@41) -> float_type, {307200, 1}, {0, 1}: 0.00096734ms, 1%
main:@200 = gpu::code_object[code_object=13640,symbol_name=add_sigmoid_kernel,global=153600,local=1024,](main:@197,main:@199,main:@198) -> float_type, {307200, 1}, {1, 1}: 0.0215609ms, 1%
main:@201 = hip::copy_from_gpu(main:@200) -> float_type, {307200, 1}, {1, 1}: 0.345122ms, 1%
main:@202 = hip::sync_stream(main:@201) -> float_type, {307200, 1}, {1, 1}: 0.00162862ms, 1%
main:@203 = @return(main:@202)
Summary:
gpu::gemm: 23.8076ms / 8 = 2.97596ms, 48%
hip::copy_to_gpu: 8.33131ms / 2 = 4.16565ms, 17%
gpu::code_object::concat_kernel: 5.9924ms / 2 = 2.9962ms, 13%
gpu::code_object::gather_kernel: 5.74042ms / 27 = 0.212608ms, 12%
gpu::code_object::add_relu_kernel: 5.40012ms / 6 = 0.90002ms, 11%
hip::copy_from_gpu: 0.345122ms / 1 = 0.345122ms, 1%
gpu::code_object::convert_kernel: 0.120716ms / 1 = 0.120716ms, 1%
load: 0.0346498ms / 47 = 0.000737229ms, 1%
slice: 0.0311929ms / 26 = 0.00119973ms, 1%
hip::hip_copy_literal: 0.029738ms / 41 = 0.000725316ms, 1%
squeeze: 0.0280046ms / 26 = 0.0010771ms, 1%
gpu::code_object::add_sigmoid_kernel: 0.0215609ms / 1 = 0.0215609ms, 1%
multibroadcast: 0.00898092ms / 7 = 0.00128299ms, 1%
reshape: 0.0020042ms / 2 = 0.0010021ms, 1%
check_context::migraphx::version_2_6_0::gpu::context: 0.00195122ms / 1 = 0.00195122ms, 1%
hip::sync_stream: 0.00162862ms / 1 = 0.00162862ms, 1%
@param: 0.0016237ms / 2 = 0.00081185ms, 1%
hip::hip_allocate_memory: 0.00137222ms / 1 = 0.00137222ms, 1%
transpose: 0.00111858ms / 1 = 0.00111858ms, 1%

Batch size: 1
Rate: 20.7909/sec
Total time: 48.0979ms
Total instructions time: 49.9016ms
Overhead time: 0.0432244ms, -1.80363ms
Overhead: 0%, -4%
