Running [ MIGraphX Version: 2.9.0.b6a436fe6 ]: /src/AMDMIGraphX/build/bin/driver perf --gpu /new-saved-models/slim/mobilenet_i64.pb
Compiling ... 
Reading: /new-saved-models/slim/mobilenet_i64.pb
module: "main"
@0 = check_context::migraphx::gpu::context -> float_type, {}, {}, target_id=0
@1 = hip::hip_allocate_memory[shape=int8_type, {414728192}, {1},id=main:scratch] -> int8_type, {414728192}, {1}, target_id=0
@2 = hip::hip_copy_literal[id=main:@literal:12] -> float_type, {32, 3, 3, 3}, {27, 9, 3, 1}, target_id=0
@3 = load[offset=102760448,end=141640448](@1) -> float_type, {64, 3, 225, 225}, {151875, 50625, 225, 1}, target_id=0
input = @param:input -> float_type, {64, 3, 224, 224}, {150528, 50176, 224, 1}, target_id=0
@5 = gpu::code_object[code_object=3800,symbol_name=pad_kernel,global=307200,local=1024,](input,@3) -> float_type, {64, 3, 225, 225}, {151875, 50625, 225, 1}, target_id=0
@6 = load[offset=0,end=0](@1) -> int8_type, {0}, {1}, target_id=0
@7 = load[offset=0,end=102760448](@1) -> float_type, {64, 32, 112, 112}, {401408, 12544, 112, 1}, target_id=0
@8 = gpu::convolution[op={padding={0, 0, 0, 0},stride={2, 2},dilation={1, 1},group=1,padding_mode=0},solution_object={binary_object: 453},algo=0,solution_id=0](@5,@2,@6,@7) -> float_type, {64, 32, 112, 112}, {401408, 12544, 112, 1}, target_id=0
@9 = hip::hip_copy_literal[id=main:@literal:28] -> float_type, {32, 1, 3, 3}, {9, 9, 3, 1}, target_id=0
@10 = hip::hip_copy_literal[id=main:@literal:40] -> float_type, {32, 1, 1}, {1, 1, 1}, target_id=0
@11 = multibroadcast[out_lens={64, 32, 112, 112},out_dyn_dims={}](@10) -> float_type, {64, 32, 112, 112}, {0, 1, 0, 0}, target_id=0
@12 = load[offset=205520896,end=308281344](@1) -> float_type, {64, 32, 112, 112}, {401408, 12544, 112, 1}, target_id=0
@13 = gpu::code_object[code_object=3944,symbol_name=add_clip_kernel,global=3211264,local=1024,](@8,@11,@12) -> float_type, {64, 32, 112, 112}, {401408, 12544, 112, 1}, target_id=0
@14 = load[offset=0,end=0](@1) -> int8_type, {0}, {1}, target_id=0
@15 = load[offset=102760448,end=205520896](@1) -> float_type, {64, 32, 112, 112}, {401408, 12544, 112, 1}, target_id=0
@16 = gpu::convolution[op={padding={1, 1, 1, 1},stride={1, 1},dilation={1, 1},group=32,padding_mode=0},solution_object={binary_object: 446},algo=0,solution_id=0](@13,@9,@14,@15) -> float_type, {64, 32, 112, 112}, {401408, 12544, 112, 1}, target_id=0
@17 = hip::hip_copy_literal[id=main:@literal:27] -> float_type, {64, 1, 3, 3}, {9, 9, 3, 1}, target_id=0
@18 = hip::hip_copy_literal[id=main:@literal:29] -> float_type, {64, 1, 1}, {1, 1, 1}, target_id=0
@19 = hip::hip_copy_literal[id=main:@literal:4] -> float_type, {64, 32, 1, 1}, {32, 1, 1, 1}, target_id=0
@20 = hip::hip_copy_literal[id=main:@literal:48] -> float_type, {32, 1, 1}, {1, 1, 1}, target_id=0
@21 = multibroadcast[out_lens={64, 32, 112, 112},out_dyn_dims={}](@20) -> float_type, {64, 32, 112, 112}, {0, 1, 0, 0}, target_id=0
@22 = load[offset=0,end=102760448](@1) -> float_type, {64, 32, 112, 112}, {401408, 12544, 112, 1}, target_id=0
@23 = gpu::code_object[code_object=3944,symbol_name=add_clip_kernel,global=3211264,local=1024,](@16,@21,@22) -> float_type, {64, 32, 112, 112}, {401408, 12544, 112, 1}, target_id=0
@24 = load[offset=209207296,end=414728192](@1) -> float_type, {64, 64, 112, 112}, {802816, 12544, 112, 1}, target_id=0
@25 = multibroadcast[out_lens={64, 64, 112, 112},out_dyn_dims={}](@18) -> float_type, {64, 64, 112, 112}, {0, 1, 0, 0}, target_id=0
@26 = gpu::code_object[code_object=4952,symbol_name=mlir_convolution_add_clip,global=6422528,local=256,](@25,@23,@19,@24) -> float_type, {64, 64, 112, 112}, {802816, 12544, 112, 1}, target_id=0
@27 = load[offset=0,end=209207296](@1) -> float_type, {64, 64, 113, 113}, {817216, 12769, 113, 1}, target_id=0
@28 = gpu::code_object[code_object=3800,symbol_name=pad_kernel,global=307200,local=1024,](@26,@27) -> float_type, {64, 64, 113, 113}, {817216, 12769, 113, 1}, target_id=0
@29 = load[offset=0,end=0](@1) -> int8_type, {0}, {1}, target_id=0
@30 = load[offset=209207296,end=260587520](@1) -> float_type, {64, 64, 56, 56}, {200704, 3136, 56, 1}, target_id=0
@31 = gpu::convolution[op={padding={0, 0, 0, 0},stride={2, 2},dilation={1, 1},group=64,padding_mode=0},solution_object={binary_object: 490},algo=0,solution_id=0](@28,@17,@29,@30) -> float_type, {64, 64, 56, 56}, {200704, 3136, 56, 1}, target_id=0
@32 = hip::hip_copy_literal[id=main:@literal:31] -> float_type, {128, 1, 3, 3}, {9, 9, 3, 1}, target_id=0
@33 = hip::hip_copy_literal[id=main:@literal:33] -> float_type, {64, 1, 1}, {1, 1, 1}, target_id=0
@34 = hip::hip_copy_literal[id=main:@literal:41] -> float_type, {128, 1, 1}, {1, 1, 1}, target_id=0
@35 = hip::hip_copy_literal[id=main:@literal:3] -> float_type, {128, 64, 1, 1}, {64, 1, 1, 1}, target_id=0
@36 = load[offset=102760448,end=154140672](@1) -> float_type, {64, 64, 56, 56}, {200704, 3136, 56, 1}, target_id=0
@37 = multibroadcast[out_lens={64, 64, 56, 56},out_dyn_dims={}](@33) -> float_type, {64, 64, 56, 56}, {0, 1, 0, 0}, target_id=0
@38 = gpu::code_object[code_object=3936,symbol_name=add_clip_kernel,global=1605632,local=1024,](@31,@37,@36) -> float_type, {64, 64, 56, 56}, {200704, 3136, 56, 1}, target_id=0
@39 = multibroadcast[out_lens={64, 128, 56, 56},out_dyn_dims={}](@34) -> float_type, {64, 128, 56, 56}, {0, 1, 0, 0}, target_id=0
@40 = load[offset=0,end=102760448](@1) -> float_type, {64, 128, 56, 56}, {401408, 3136, 56, 1}, target_id=0
@41 = gpu::code_object[code_object=5616,symbol_name=mlir_convolution_add_clip,global=1605632,local=256,](@39,@38,@35,@40) -> float_type, {64, 128, 56, 56}, {401408, 3136, 56, 1}, target_id=0
@42 = load[offset=0,end=0](@1) -> int8_type, {0}, {1}, target_id=0
@43 = load[offset=154140672,end=256901120](@1) -> float_type, {64, 128, 56, 56}, {401408, 3136, 56, 1}, target_id=0
@44 = gpu::convolution[op={padding={1, 1, 1, 1},stride={1, 1},dilation={1, 1},group=128,padding_mode=0},solution_object={binary_object: 451},algo=0,solution_id=0](@41,@32,@42,@43) -> float_type, {64, 128, 56, 56}, {401408, 3136, 56, 1}, target_id=0
@45 = hip::hip_copy_literal[id=main:@literal:6] -> float_type, {128, 128, 1, 1}, {128, 1, 1, 1}, target_id=0
@46 = hip::hip_copy_literal[id=main:@literal:43] -> float_type, {128, 1, 3, 3}, {9, 9, 3, 1}, target_id=0
@47 = hip::hip_copy_literal[id=main:@literal:25] -> float_type, {128, 1, 1}, {1, 1, 1}, target_id=0
@48 = hip::hip_copy_literal[id=main:@literal:46] -> float_type, {128, 1, 1}, {1, 1, 1}, target_id=0
@49 = load[offset=0,end=102760448](@1) -> float_type, {64, 128, 56, 56}, {401408, 3136, 56, 1}, target_id=0
@50 = multibroadcast[out_lens={64, 128, 56, 56},out_dyn_dims={}](@47) -> float_type, {64, 128, 56, 56}, {0, 1, 0, 0}, target_id=0
@51 = gpu::code_object[code_object=3944,symbol_name=add_clip_kernel,global=3211264,local=1024,](@44,@50,@49) -> float_type, {64, 128, 56, 56}, {401408, 3136, 56, 1}, target_id=0
@52 = multibroadcast[out_lens={64, 128, 56, 56},out_dyn_dims={}](@48) -> float_type, {64, 128, 56, 56}, {0, 1, 0, 0}, target_id=0
@53 = load[offset=209223680,end=311984128](@1) -> float_type, {64, 128, 56, 56}, {401408, 3136, 56, 1}, target_id=0
@54 = gpu::code_object[code_object=5176,symbol_name=mlir_convolution_add_clip,global=1605632,local=256,](@52,@51,@45,@53) -> float_type, {64, 128, 56, 56}, {401408, 3136, 56, 1}, target_id=0
@55 = load[offset=102760448,end=209223680](@1) -> float_type, {64, 128, 57, 57}, {415872, 3249, 57, 1}, target_id=0
@56 = gpu::code_object[code_object=3792,symbol_name=pad_kernel,global=307200,local=1024,](@54,@55) -> float_type, {64, 128, 57, 57}, {415872, 3249, 57, 1}, target_id=0
@57 = load[offset=0,end=0](@1) -> int8_type, {0}, {1}, target_id=0
@58 = load[offset=0,end=25690112](@1) -> float_type, {64, 128, 28, 28}, {100352, 784, 28, 1}, target_id=0
@59 = gpu::convolution[op={padding={0, 0, 0, 0},stride={2, 2},dilation={1, 1},group=128,padding_mode=0},solution_object={binary_object: 450},algo=0,solution_id=0](@56,@46,@57,@58) -> float_type, {64, 128, 28, 28}, {100352, 784, 28, 1}, target_id=0
@60 = hip::hip_copy_literal[id=main:@literal:22] -> float_type, {256, 1, 3, 3}, {9, 9, 3, 1}, target_id=0
@61 = hip::hip_copy_literal[id=main:@literal:9] -> float_type, {256, 128, 1, 1}, {128, 1, 1, 1}, target_id=0
@62 = hip::hip_copy_literal[id=main:@literal:20] -> float_type, {128, 1, 1}, {1, 1, 1}, target_id=0
@63 = hip::hip_copy_literal[id=main:@literal:19] -> float_type, {256, 1, 1}, {1, 1, 1}, target_id=0
@64 = multibroadcast[out_lens={64, 128, 28, 28},out_dyn_dims={}](@62) -> float_type, {64, 128, 28, 28}, {0, 1, 0, 0}, target_id=0
@65 = load[offset=51380224,end=77070336](@1) -> float_type, {64, 128, 28, 28}, {100352, 784, 28, 1}, target_id=0
@66 = gpu::code_object[code_object=3944,symbol_name=add_clip_kernel,global=802816,local=1024,](@59,@64,@65) -> float_type, {64, 128, 28, 28}, {100352, 784, 28, 1}, target_id=0
@67 = load[offset=0,end=51380224](@1) -> float_type, {64, 256, 28, 28}, {200704, 784, 28, 1}, target_id=0
@68 = multibroadcast[out_lens={64, 256, 28, 28},out_dyn_dims={}](@63) -> float_type, {64, 256, 28, 28}, {0, 1, 0, 0}, target_id=0
@69 = gpu::code_object[code_object=5344,symbol_name=mlir_convolution_add_clip,global=802816,local=256,](@68,@66,@61,@67) -> float_type, {64, 256, 28, 28}, {200704, 784, 28, 1}, target_id=0
@70 = load[offset=0,end=0](@1) -> int8_type, {0}, {1}, target_id=0
@71 = load[offset=77070336,end=128450560](@1) -> float_type, {64, 256, 28, 28}, {200704, 784, 28, 1}, target_id=0
@72 = gpu::convolution[op={padding={1, 1, 1, 1},stride={1, 1},dilation={1, 1},group=256,padding_mode=0},solution_object={binary_object: 455},algo=0,solution_id=0](@69,@60,@70,@71) -> float_type, {64, 256, 28, 28}, {200704, 784, 28, 1}, target_id=0
@73 = hip::hip_copy_literal[id=main:@literal:35] -> float_type, {256, 1, 1}, {1, 1, 1}, target_id=0
@74 = hip::hip_copy_literal[id=main:@literal:42] -> float_type, {256, 1, 1}, {1, 1, 1}, target_id=0
@75 = hip::hip_copy_literal[id=main:@literal:8] -> float_type, {256, 256, 1, 1}, {256, 1, 1, 1}, target_id=0
@76 = hip::hip_copy_literal[id=main:@literal:24] -> float_type, {256, 1, 3, 3}, {9, 9, 3, 1}, target_id=0
@77 = load[offset=0,end=51380224](@1) -> float_type, {64, 256, 28, 28}, {200704, 784, 28, 1}, target_id=0
@78 = multibroadcast[out_lens={64, 256, 28, 28},out_dyn_dims={}](@73) -> float_type, {64, 256, 28, 28}, {0, 1, 0, 0}, target_id=0
@79 = gpu::code_object[code_object=3944,symbol_name=add_clip_kernel,global=1605632,local=1024,](@72,@78,@77) -> float_type, {64, 256, 28, 28}, {200704, 784, 28, 1}, target_id=0
@80 = load[offset=106496000,end=157876224](@1) -> float_type, {64, 256, 28, 28}, {200704, 784, 28, 1}, target_id=0
@81 = multibroadcast[out_lens={64, 256, 28, 28},out_dyn_dims={}](@74) -> float_type, {64, 256, 28, 28}, {0, 1, 0, 0}, target_id=0
@82 = gpu::code_object[code_object=5344,symbol_name=mlir_convolution_add_clip,global=802816,local=256,](@81,@79,@75,@80) -> float_type, {64, 256, 28, 28}, {200704, 784, 28, 1}, target_id=0
@83 = load[offset=51380224,end=106496000](@1) -> float_type, {64, 256, 29, 29}, {215296, 841, 29, 1}, target_id=0
@84 = gpu::code_object[code_object=3784,symbol_name=pad_kernel,global=307200,local=1024,](@82,@83) -> float_type, {64, 256, 29, 29}, {215296, 841, 29, 1}, target_id=0
@85 = load[offset=0,end=0](@1) -> int8_type, {0}, {1}, target_id=0
@86 = load[offset=0,end=12845056](@1) -> float_type, {64, 256, 14, 14}, {50176, 196, 14, 1}, target_id=0
@87 = gpu::convolution[op={padding={0, 0, 0, 0},stride={2, 2},dilation={1, 1},group=256,padding_mode=0},solution_object={binary_object: 495},algo=0,solution_id=0](@84,@76,@85,@86) -> float_type, {64, 256, 14, 14}, {50176, 196, 14, 1}, target_id=0
@88 = hip::hip_copy_literal[id=main:@literal:45] -> float_type, {512, 1, 3, 3}, {9, 9, 3, 1}, target_id=0
@89 = hip::hip_copy_literal[id=main:@literal:5] -> float_type, {512, 256, 1, 1}, {256, 1, 1, 1}, target_id=0
@90 = hip::hip_copy_literal[id=main:@literal:37] -> float_type, {512, 1, 1}, {1, 1, 1}, target_id=0
@91 = hip::hip_copy_literal[id=main:@literal:26] -> float_type, {256, 1, 1}, {1, 1, 1}, target_id=0
@92 = multibroadcast[out_lens={64, 256, 14, 14},out_dyn_dims={}](@91) -> float_type, {64, 256, 14, 14}, {0, 1, 0, 0}, target_id=0
@93 = load[offset=25690112,end=38535168](@1) -> float_type, {64, 256, 14, 14}, {50176, 196, 14, 1}, target_id=0
@94 = gpu::code_object[code_object=3872,symbol_name=add_clip_kernel,global=802816,local=1024,](@87,@92,@93) -> float_type, {64, 256, 14, 14}, {50176, 196, 14, 1}, target_id=0
@95 = multibroadcast[out_lens={64, 512, 14, 14},out_dyn_dims={}](@90) -> float_type, {64, 512, 14, 14}, {0, 1, 0, 0}, target_id=0
@96 = load[offset=0,end=25690112](@1) -> float_type, {64, 512, 14, 14}, {100352, 196, 14, 1}, target_id=0
@97 = gpu::code_object[code_object=5896,symbol_name=mlir_convolution_add_clip,global=401408,local=256,](@95,@94,@89,@96) -> float_type, {64, 512, 14, 14}, {100352, 196, 14, 1}, target_id=0
@98 = load[offset=0,end=0](@1) -> int8_type, {0}, {1}, target_id=0
@99 = load[offset=38535168,end=64225280](@1) -> float_type, {64, 512, 14, 14}, {100352, 196, 14, 1}, target_id=0
@100 = gpu::convolution[op={padding={1, 1, 1, 1},stride={1, 1},dilation={1, 1},group=512,padding_mode=0},solution_object={binary_object: 451},algo=0,solution_id=0](@97,@88,@98,@99) -> float_type, {64, 512, 14, 14}, {100352, 196, 14, 1}, target_id=0
@101 = hip::hip_copy_literal[id=main:@literal:21] -> float_type, {512, 1, 1}, {1, 1, 1}, target_id=0
@102 = hip::hip_copy_literal[id=main:@literal:10] -> float_type, {512, 512, 1, 1}, {512, 1, 1, 1}, target_id=0
@103 = hip::hip_copy_literal[id=main:@literal:18] -> float_type, {512, 1, 3, 3}, {9, 9, 3, 1}, target_id=0
@104 = hip::hip_copy_literal[id=main:@literal:32] -> float_type, {512, 1, 1}, {1, 1, 1}, target_id=0
@105 = multibroadcast[out_lens={64, 512, 14, 14},out_dyn_dims={}](@101) -> float_type, {64, 512, 14, 14}, {0, 1, 0, 0}, target_id=0
@106 = load[offset=0,end=25690112](@1) -> float_type, {64, 512, 14, 14}, {100352, 196, 14, 1}, target_id=0
@107 = gpu::code_object[code_object=3872,symbol_name=add_clip_kernel,global=1605632,local=1024,](@100,@105,@106) -> float_type, {64, 512, 14, 14}, {100352, 196, 14, 1}, target_id=0
@108 = load[offset=51380224,end=77070336](@1) -> float_type, {64, 512, 14, 14}, {100352, 196, 14, 1}, target_id=0
@109 = multibroadcast[out_lens={64, 512, 14, 14},out_dyn_dims={}](@104) -> float_type, {64, 512, 14, 14}, {0, 1, 0, 0}, target_id=0
@110 = gpu::code_object[code_object=6560,symbol_name=mlir_convolution_add_clip,global=200704,local=256,](@109,@107,@102,@108) -> float_type, {64, 512, 14, 14}, {100352, 196, 14, 1}, target_id=0
@111 = load[offset=0,end=0](@1) -> int8_type, {0}, {1}, target_id=0
@112 = load[offset=25690112,end=51380224](@1) -> float_type, {64, 512, 14, 14}, {100352, 196, 14, 1}, target_id=0
@113 = gpu::convolution[op={padding={1, 1, 1, 1},stride={1, 1},dilation={1, 1},group=512,padding_mode=0},solution_object={binary_object: 451},algo=0,solution_id=0](@110,@103,@111,@112) -> float_type, {64, 512, 14, 14}, {100352, 196, 14, 1}, target_id=0
@114 = hip::hip_copy_literal[id=main:@literal:39] -> float_type, {512, 1, 1}, {1, 1, 1}, target_id=0
@115 = hip::hip_copy_literal[id=main:@literal:30] -> float_type, {512, 1, 3, 3}, {9, 9, 3, 1}, target_id=0
@116 = hip::hip_copy_literal[id=main:@literal:7] -> float_type, {512, 512, 1, 1}, {512, 1, 1, 1}, target_id=0
@117 = hip::hip_copy_literal[id=main:@literal:47] -> float_type, {512, 1, 1}, {1, 1, 1}, target_id=0
@118 = multibroadcast[out_lens={64, 512, 14, 14},out_dyn_dims={}](@117) -> float_type, {64, 512, 14, 14}, {0, 1, 0, 0}, target_id=0
@119 = load[offset=0,end=25690112](@1) -> float_type, {64, 512, 14, 14}, {100352, 196, 14, 1}, target_id=0
@120 = gpu::code_object[code_object=3872,symbol_name=add_clip_kernel,global=1605632,local=1024,](@113,@118,@119) -> float_type, {64, 512, 14, 14}, {100352, 196, 14, 1}, target_id=0
@121 = load[offset=51380224,end=77070336](@1) -> float_type, {64, 512, 14, 14}, {100352, 196, 14, 1}, target_id=0
@122 = multibroadcast[out_lens={64, 512, 14, 14},out_dyn_dims={}](@114) -> float_type, {64, 512, 14, 14}, {0, 1, 0, 0}, target_id=0
@123 = gpu::code_object[code_object=6560,symbol_name=mlir_convolution_add_clip,global=200704,local=256,](@122,@120,@116,@121) -> float_type, {64, 512, 14, 14}, {100352, 196, 14, 1}, target_id=0
@124 = load[offset=25690112,end=51380224](@1) -> float_type, {64, 512, 14, 14}, {100352, 196, 14, 1}, target_id=0
@125 = load[offset=0,end=0](@1) -> int8_type, {0}, {1}, target_id=0
@126 = gpu::convolution[op={padding={1, 1, 1, 1},stride={1, 1},dilation={1, 1},group=512,padding_mode=0},solution_object={binary_object: 451},algo=0,solution_id=0](@123,@115,@125,@124) -> float_type, {64, 512, 14, 14}, {100352, 196, 14, 1}, target_id=0
@127 = hip::hip_copy_literal[id=main:@literal:34] -> float_type, {512, 1, 1}, {1, 1, 1}, target_id=0
@128 = hip::hip_copy_literal[id=main:@literal:11] -> float_type, {512, 512, 1, 1}, {512, 1, 1, 1}, target_id=0
@129 = hip::hip_copy_literal[id=main:@literal:17] -> float_type, {512, 1, 1}, {1, 1, 1}, target_id=0
@130 = hip::hip_copy_literal[id=main:@literal:15] -> float_type, {512, 1, 3, 3}, {9, 9, 3, 1}, target_id=0
@131 = multibroadcast[out_lens={64, 512, 14, 14},out_dyn_dims={}](@129) -> float_type, {64, 512, 14, 14}, {0, 1, 0, 0}, target_id=0
@132 = load[offset=0,end=25690112](@1) -> float_type, {64, 512, 14, 14}, {100352, 196, 14, 1}, target_id=0
@133 = gpu::code_object[code_object=3872,symbol_name=add_clip_kernel,global=1605632,local=1024,](@126,@131,@132) -> float_type, {64, 512, 14, 14}, {100352, 196, 14, 1}, target_id=0
@134 = multibroadcast[out_lens={64, 512, 14, 14},out_dyn_dims={}](@127) -> float_type, {64, 512, 14, 14}, {0, 1, 0, 0}, target_id=0
@135 = load[offset=51380224,end=77070336](@1) -> float_type, {64, 512, 14, 14}, {100352, 196, 14, 1}, target_id=0
@136 = gpu::code_object[code_object=6560,symbol_name=mlir_convolution_add_clip,global=200704,local=256,](@134,@133,@128,@135) -> float_type, {64, 512, 14, 14}, {100352, 196, 14, 1}, target_id=0
@137 = load[offset=0,end=0](@1) -> int8_type, {0}, {1}, target_id=0
@138 = load[offset=25690112,end=51380224](@1) -> float_type, {64, 512, 14, 14}, {100352, 196, 14, 1}, target_id=0
@139 = gpu::convolution[op={padding={1, 1, 1, 1},stride={1, 1},dilation={1, 1},group=512,padding_mode=0},solution_object={binary_object: 451},algo=0,solution_id=0](@136,@130,@137,@138) -> float_type, {64, 512, 14, 14}, {100352, 196, 14, 1}, target_id=0
@140 = hip::hip_copy_literal[id=main:@literal:53] -> float_type, {1024, 1, 1}, {1, 1, 1}, target_id=0
@141 = hip::hip_copy_literal[id=main:@literal:55] -> float_type, {1001}, {1}, target_id=0
@142 = hip::hip_copy_literal[id=main:@literal:13] -> float_type, {1024, 1024, 1, 1}, {1024, 1, 1, 1}, target_id=0
@143 = hip::hip_copy_literal[id=main:@literal:14] -> float_type, {1001, 1024, 1, 1}, {1024, 1, 1, 1}, target_id=0
@144 = hip::hip_copy_literal[id=main:@literal:2] -> float_type, {512, 512, 1, 1}, {512, 1, 1, 1}, target_id=0
@145 = hip::hip_copy_literal[id=main:@literal:36] -> float_type, {1024, 1, 1}, {1, 1, 1}, target_id=0
@146 = hip::hip_copy_literal[id=main:@literal:38] -> float_type, {512, 1, 1}, {1, 1, 1}, target_id=0
@147 = hip::hip_copy_literal[id=main:@literal:0] -> float_type, {1024, 512, 1, 1}, {512, 1, 1, 1}, target_id=0
@148 = hip::hip_copy_literal[id=main:@literal:52] -> float_type, {512, 1, 3, 3}, {9, 9, 3, 1}, target_id=0
@149 = hip::hip_copy_literal[id=main:@literal:50] -> float_type, {512, 1, 1}, {1, 1, 1}, target_id=0
@150 = hip::hip_copy_literal[id=main:@literal:54] -> float_type, {1024, 1, 3, 3}, {9, 9, 3, 1}, target_id=0
@151 = hip::hip_copy_literal[id=main:@literal:16] -> float_type, {512, 1, 1}, {1, 1, 1}, target_id=0
@152 = hip::hip_copy_literal[id=main:@literal:51] -> float_type, {512, 1, 1}, {1, 1, 1}, target_id=0
@153 = hip::hip_copy_literal[id=main:@literal:1] -> float_type, {512, 512, 1, 1}, {512, 1, 1, 1}, target_id=0
@154 = hip::hip_copy_literal[id=main:@literal:49] -> float_type, {512, 1, 3, 3}, {9, 9, 3, 1}, target_id=0
@155 = hip::hip_copy_literal[id=main:@literal:44] -> float_type, {1024, 1, 1}, {1, 1, 1}, target_id=0
@156 = hip::hip_copy_literal[id=main:@literal:23] -> float_type, {512, 1, 1}, {1, 1, 1}, target_id=0
@157 = multibroadcast[out_lens={64, 512, 14, 14},out_dyn_dims={}](@146) -> float_type, {64, 512, 14, 14}, {0, 1, 0, 0}, target_id=0
@158 = load[offset=0,end=25690112](@1) -> float_type, {64, 512, 14, 14}, {100352, 196, 14, 1}, target_id=0
@159 = gpu::code_object[code_object=3872,symbol_name=add_clip_kernel,global=1605632,local=1024,](@139,@157,@158) -> float_type, {64, 512, 14, 14}, {100352, 196, 14, 1}, target_id=0
@160 = load[offset=51380224,end=77070336](@1) -> float_type, {64, 512, 14, 14}, {100352, 196, 14, 1}, target_id=0
@161 = multibroadcast[out_lens={64, 512, 14, 14},out_dyn_dims={}](@149) -> float_type, {64, 512, 14, 14}, {0, 1, 0, 0}, target_id=0
@162 = gpu::code_object[code_object=6560,symbol_name=mlir_convolution_add_clip,global=200704,local=256,](@161,@159,@144,@160) -> float_type, {64, 512, 14, 14}, {100352, 196, 14, 1}, target_id=0
@163 = load[offset=0,end=0](@1) -> int8_type, {0}, {1}, target_id=0
@164 = load[offset=25690112,end=51380224](@1) -> float_type, {64, 512, 14, 14}, {100352, 196, 14, 1}, target_id=0
@165 = gpu::convolution[op={padding={1, 1, 1, 1},stride={1, 1},dilation={1, 1},group=512,padding_mode=0},solution_object={binary_object: 451},algo=0,solution_id=0](@162,@154,@163,@164) -> float_type, {64, 512, 14, 14}, {100352, 196, 14, 1}, target_id=0
@166 = load[offset=0,end=25690112](@1) -> float_type, {64, 512, 14, 14}, {100352, 196, 14, 1}, target_id=0
@167 = multibroadcast[out_lens={64, 512, 14, 14},out_dyn_dims={}](@152) -> float_type, {64, 512, 14, 14}, {0, 1, 0, 0}, target_id=0
@168 = gpu::code_object[code_object=3872,symbol_name=add_clip_kernel,global=1605632,local=1024,](@165,@167,@166) -> float_type, {64, 512, 14, 14}, {100352, 196, 14, 1}, target_id=0
@169 = load[offset=55181312,end=80871424](@1) -> float_type, {64, 512, 14, 14}, {100352, 196, 14, 1}, target_id=0
@170 = multibroadcast[out_lens={64, 512, 14, 14},out_dyn_dims={}](@156) -> float_type, {64, 512, 14, 14}, {0, 1, 0, 0}, target_id=0
@171 = gpu::code_object[code_object=6560,symbol_name=mlir_convolution_add_clip,global=200704,local=256,](@170,@168,@153,@169) -> float_type, {64, 512, 14, 14}, {100352, 196, 14, 1}, target_id=0
@172 = load[offset=25690112,end=55181312](@1) -> float_type, {64, 512, 15, 15}, {115200, 225, 15, 1}, target_id=0
@173 = gpu::code_object[code_object=3784,symbol_name=pad_kernel,global=307200,local=1024,](@171,@172) -> float_type, {64, 512, 15, 15}, {115200, 225, 15, 1}, target_id=0
@174 = load[offset=0,end=0](@1) -> int8_type, {0}, {1}, target_id=0
@175 = load[offset=0,end=6422528](@1) -> float_type, {64, 512, 7, 7}, {25088, 49, 7, 1}, target_id=0
@176 = gpu::convolution[op={padding={0, 0, 0, 0},stride={2, 2},dilation={1, 1},group=512,padding_mode=0},solution_object={binary_object: 446},algo=0,solution_id=0](@173,@148,@174,@175) -> float_type, {64, 512, 7, 7}, {25088, 49, 7, 1}, target_id=0
@177 = load[offset=12845056,end=19267584](@1) -> float_type, {64, 512, 7, 7}, {25088, 49, 7, 1}, target_id=0
@178 = multibroadcast[out_lens={64, 512, 7, 7},out_dyn_dims={}](@151) -> float_type, {64, 512, 7, 7}, {0, 1, 0, 0}, target_id=0
@179 = gpu::code_object[code_object=3832,symbol_name=add_clip_kernel,global=1605632,local=1024,](@176,@178,@177) -> float_type, {64, 512, 7, 7}, {25088, 49, 7, 1}, target_id=0
@180 = load[offset=0,end=12845056](@1) -> float_type, {64, 1024, 7, 7}, {50176, 49, 7, 1}, target_id=0
@181 = multibroadcast[out_lens={64, 1024, 7, 7},out_dyn_dims={}](@140) -> float_type, {64, 1024, 7, 7}, {0, 1, 0, 0}, target_id=0
@182 = gpu::code_object[code_object=5424,symbol_name=mlir_convolution_add_clip,global=200704,local=256,](@181,@179,@147,@180) -> float_type, {64, 1024, 7, 7}, {50176, 49, 7, 1}, target_id=0
@183 = load[offset=0,end=0](@1) -> int8_type, {0}, {1}, target_id=0
@184 = load[offset=25952256,end=38797312](@1) -> float_type, {64, 1024, 7, 7}, {50176, 49, 7, 1}, target_id=0
@185 = gpu::convolution[op={padding={1, 1, 1, 1},stride={1, 1},dilation={1, 1},group=1024,padding_mode=0},solution_object={binary_object: 443},algo=0,solution_id=0](@182,@150,@183,@184) -> float_type, {64, 1024, 7, 7}, {50176, 49, 7, 1}, target_id=0
@186 = load[offset=13107200,end=25952256](@1) -> float_type, {64, 1024, 7, 7}, {50176, 49, 7, 1}, target_id=0
@187 = multibroadcast[out_lens={64, 1024, 7, 7},out_dyn_dims={}](@145) -> float_type, {64, 1024, 7, 7}, {0, 1, 0, 0}, target_id=0
@188 = gpu::code_object[code_object=3864,symbol_name=add_clip_kernel,global=3211264,local=1024,](@185,@187,@186) -> float_type, {64, 1024, 7, 7}, {50176, 49, 7, 1}, target_id=0
@189 = load[offset=262144,end=13107200](@1) -> float_type, {64, 1024, 7, 7}, {50176, 49, 7, 1}, target_id=0
@190 = multibroadcast[out_lens={64, 1024, 7, 7},out_dyn_dims={}](@155) -> float_type, {64, 1024, 7, 7}, {0, 1, 0, 0}, target_id=0
@191 = gpu::code_object[code_object=6080,symbol_name=mlir_convolution_add_clip,global=200704,local=256,](@190,@188,@142,@189) -> float_type, {64, 1024, 7, 7}, {50176, 49, 7, 1}, target_id=0
@192 = load[offset=13107200,end=13369344](@1) -> float_type, {64, 1024, 1, 1}, {1024, 1, 1, 1}, target_id=0
@193 = gpu::pooling[mode=average,padding={0, 0, 0, 0},padding_mode=0,stride={2, 2},lengths={7, 7},dilations={1, 1},ceil_mode=0,lp_order=2,dyn_global=0](@191,@192) -> float_type, {64, 1024, 1, 1}, {1024, 1, 1, 1}, target_id=0
@194 = broadcast[axis=1,out_lens={64, 1001, 1, 1}](@141) -> float_type, {64, 1001, 1, 1}, {0, 1, 0, 0}, target_id=0
@195 = load[offset=0,end=256256](@1) -> float_type, {64, 1001, 1, 1}, {1001, 1, 1, 1}, target_id=0
@196 = gpu::code_object[code_object=5568,symbol_name=mlir_convolution_add,global=16384,local=256,](@194,@193,@143,@195) -> float_type, {64, 1001, 1, 1}, {1001, 1, 1, 1}, target_id=0
main:#output_0 = @param:main:#output_0 -> float_type, {64, 1001}, {1001, 1}, target_id=0
@198 = transpose[permutation={0, 2, 3, 1}](@196) -> float_type, {64, 1, 1, 1001}, {1001, 1, 1, 1}, target_id=0
@199 = squeeze[axes={1, 2}](@198) -> float_type, {64, 1001}, {1001, 1}, target_id=0
@200 = gpu::code_object[code_object=5096,symbol_name=softmax_kernel,global=16384,local=256,](@199,main:#output_0) -> float_type, {64, 1001}, {1001, 1}, target_id=0
@201 = @return(@200), target_id=0


Allocating params ... 
Running performance report ... 
@0 = check_context::migraphx::gpu::context -> float_type, {}, {}, target_id=0: 0.00098622ms, 1%
@1 = hip::hip_allocate_memory[shape=int8_type, {414728192}, {1},id=main:scratch] -> int8_type, {414728192}, {1}, target_id=0: 0.00088482ms, 1%
@2 = hip::hip_copy_literal[id=main:@literal:12] -> float_type, {32, 3, 3, 3}, {27, 9, 3, 1}, target_id=0: 0.00083482ms, 1%
@3 = load[offset=102760448,end=141640448](@1) -> float_type, {64, 3, 225, 225}, {151875, 50625, 225, 1}, target_id=0: 0.00066168ms, 1%
input = @param:input -> float_type, {64, 3, 224, 224}, {150528, 50176, 224, 1}, target_id=0: 0.00044352ms, 1%
@5 = gpu::code_object[code_object=3800,symbol_name=pad_kernel,global=307200,local=1024,](input,@3) -> float_type, {64, 3, 225, 225}, {151875, 50625, 225, 1}, target_id=0: 0.114117ms, 2%
@6 = load[offset=0,end=0](@1) -> int8_type, {0}, {1}, target_id=0: 0.0007426ms, 1%
@7 = load[offset=0,end=102760448](@1) -> float_type, {64, 32, 112, 112}, {401408, 12544, 112, 1}, target_id=0: 0.00056842ms, 1%
@8 = gpu::convolution[op={padding={0, 0, 0, 0},stride={2, 2},dilation={1, 1},group=1,padding_mode=0},solution_object={binary_object: 453},algo=0,solution_id=0](@5,@2,@6,@7) -> float_type, {64, 32, 112, 112}, {401408, 12544, 112, 1}, target_id=0: 0.191673ms, 3%
@9 = hip::hip_copy_literal[id=main:@literal:28] -> float_type, {32, 1, 3, 3}, {9, 9, 3, 1}, target_id=0: 0.00086574ms, 1%
@10 = hip::hip_copy_literal[id=main:@literal:40] -> float_type, {32, 1, 1}, {1, 1, 1}, target_id=0: 0.00058994ms, 1%
@11 = multibroadcast[out_lens={64, 32, 112, 112},out_dyn_dims={}](@10) -> float_type, {64, 32, 112, 112}, {0, 1, 0, 0}, target_id=0: 0.00114642ms, 1%
@12 = load[offset=205520896,end=308281344](@1) -> float_type, {64, 32, 112, 112}, {401408, 12544, 112, 1}, target_id=0: 0.00064478ms, 1%
@13 = gpu::code_object[code_object=3944,symbol_name=add_clip_kernel,global=3211264,local=1024,](@8,@11,@12) -> float_type, {64, 32, 112, 112}, {401408, 12544, 112, 1}, target_id=0: 0.224765ms, 3%
@14 = load[offset=0,end=0](@1) -> int8_type, {0}, {1}, target_id=0: 0.00072798ms, 1%
@15 = load[offset=102760448,end=205520896](@1) -> float_type, {64, 32, 112, 112}, {401408, 12544, 112, 1}, target_id=0: 0.00057542ms, 1%
@16 = gpu::convolution[op={padding={1, 1, 1, 1},stride={1, 1},dilation={1, 1},group=32,padding_mode=0},solution_object={binary_object: 446},algo=0,solution_id=0](@13,@9,@14,@15) -> float_type, {64, 32, 112, 112}, {401408, 12544, 112, 1}, target_id=0: 0.271302ms, 4%
@17 = hip::hip_copy_literal[id=main:@literal:27] -> float_type, {64, 1, 3, 3}, {9, 9, 3, 1}, target_id=0: 0.00088258ms, 1%
@18 = hip::hip_copy_literal[id=main:@literal:29] -> float_type, {64, 1, 1}, {1, 1, 1}, target_id=0: 0.00065214ms, 1%
@19 = hip::hip_copy_literal[id=main:@literal:4] -> float_type, {64, 32, 1, 1}, {32, 1, 1, 1}, target_id=0: 0.00054398ms, 1%
@20 = hip::hip_copy_literal[id=main:@literal:48] -> float_type, {32, 1, 1}, {1, 1, 1}, target_id=0: 0.00071534ms, 1%
@21 = multibroadcast[out_lens={64, 32, 112, 112},out_dyn_dims={}](@20) -> float_type, {64, 32, 112, 112}, {0, 1, 0, 0}, target_id=0: 0.00102906ms, 1%
@22 = load[offset=0,end=102760448](@1) -> float_type, {64, 32, 112, 112}, {401408, 12544, 112, 1}, target_id=0: 0.00063854ms, 1%
@23 = gpu::code_object[code_object=3944,symbol_name=add_clip_kernel,global=3211264,local=1024,](@16,@21,@22) -> float_type, {64, 32, 112, 112}, {401408, 12544, 112, 1}, target_id=0: 0.224653ms, 3%
@24 = load[offset=209207296,end=414728192](@1) -> float_type, {64, 64, 112, 112}, {802816, 12544, 112, 1}, target_id=0: 0.00073022ms, 1%
@25 = multibroadcast[out_lens={64, 64, 112, 112},out_dyn_dims={}](@18) -> float_type, {64, 64, 112, 112}, {0, 1, 0, 0}, target_id=0: 0.0008771ms, 1%
@26 = gpu::code_object[code_object=4952,symbol_name=mlir_convolution_add_clip,global=6422528,local=256,](@25,@23,@19,@24) -> float_type, {64, 64, 112, 112}, {802816, 12544, 112, 1}, target_id=0: 0.348932ms, 5%
@27 = load[offset=0,end=209207296](@1) -> float_type, {64, 64, 113, 113}, {817216, 12769, 113, 1}, target_id=0: 0.00073214ms, 1%
@28 = gpu::code_object[code_object=3800,symbol_name=pad_kernel,global=307200,local=1024,](@26,@27) -> float_type, {64, 64, 113, 113}, {817216, 12769, 113, 1}, target_id=0: 0.543493ms, 7%
@29 = load[offset=0,end=0](@1) -> int8_type, {0}, {1}, target_id=0: 0.0007355ms, 1%
@30 = load[offset=209207296,end=260587520](@1) -> float_type, {64, 64, 56, 56}, {200704, 3136, 56, 1}, target_id=0: 0.00056882ms, 1%
@31 = gpu::convolution[op={padding={0, 0, 0, 0},stride={2, 2},dilation={1, 1},group=64,padding_mode=0},solution_object={binary_object: 490},algo=0,solution_id=0](@28,@17,@29,@30) -> float_type, {64, 64, 56, 56}, {200704, 3136, 56, 1}, target_id=0: 0.364598ms, 5%
@32 = hip::hip_copy_literal[id=main:@literal:31] -> float_type, {128, 1, 3, 3}, {9, 9, 3, 1}, target_id=0: 0.00089776ms, 1%
@33 = hip::hip_copy_literal[id=main:@literal:33] -> float_type, {64, 1, 1}, {1, 1, 1}, target_id=0: 0.00061276ms, 1%
@34 = hip::hip_copy_literal[id=main:@literal:41] -> float_type, {128, 1, 1}, {1, 1, 1}, target_id=0: 0.00071804ms, 1%
@35 = hip::hip_copy_literal[id=main:@literal:3] -> float_type, {128, 64, 1, 1}, {64, 1, 1, 1}, target_id=0: 0.00051198ms, 1%
@36 = load[offset=102760448,end=154140672](@1) -> float_type, {64, 64, 56, 56}, {200704, 3136, 56, 1}, target_id=0: 0.00064548ms, 1%
@37 = multibroadcast[out_lens={64, 64, 56, 56},out_dyn_dims={}](@33) -> float_type, {64, 64, 56, 56}, {0, 1, 0, 0}, target_id=0: 0.0010138ms, 1%
@38 = gpu::code_object[code_object=3936,symbol_name=add_clip_kernel,global=1605632,local=1024,](@31,@37,@36) -> float_type, {64, 64, 56, 56}, {200704, 3136, 56, 1}, target_id=0: 0.122307ms, 2%
@39 = multibroadcast[out_lens={64, 128, 56, 56},out_dyn_dims={}](@34) -> float_type, {64, 128, 56, 56}, {0, 1, 0, 0}, target_id=0: 0.00098646ms, 1%
@40 = load[offset=0,end=102760448](@1) -> float_type, {64, 128, 56, 56}, {401408, 3136, 56, 1}, target_id=0: 0.00061134ms, 1%
@41 = gpu::code_object[code_object=5616,symbol_name=mlir_convolution_add_clip,global=1605632,local=256,](@39,@38,@35,@40) -> float_type, {64, 128, 56, 56}, {401408, 3136, 56, 1}, target_id=0: 0.192363ms, 3%
@42 = load[offset=0,end=0](@1) -> int8_type, {0}, {1}, target_id=0: 0.0007351ms, 1%
@43 = load[offset=154140672,end=256901120](@1) -> float_type, {64, 128, 56, 56}, {401408, 3136, 56, 1}, target_id=0: 0.00059672ms, 1%
@44 = gpu::convolution[op={padding={1, 1, 1, 1},stride={1, 1},dilation={1, 1},group=128,padding_mode=0},solution_object={binary_object: 451},algo=0,solution_id=0](@41,@32,@42,@43) -> float_type, {64, 128, 56, 56}, {401408, 3136, 56, 1}, target_id=0: 0.287969ms, 4%
@45 = hip::hip_copy_literal[id=main:@literal:6] -> float_type, {128, 128, 1, 1}, {128, 1, 1, 1}, target_id=0: 0.00076138ms, 1%
@46 = hip::hip_copy_literal[id=main:@literal:43] -> float_type, {128, 1, 3, 3}, {9, 9, 3, 1}, target_id=0: 0.00064588ms, 1%
@47 = hip::hip_copy_literal[id=main:@literal:25] -> float_type, {128, 1, 1}, {1, 1, 1}, target_id=0: 0.00072438ms, 1%
@48 = hip::hip_copy_literal[id=main:@literal:46] -> float_type, {128, 1, 1}, {1, 1, 1}, target_id=0: 0.00059496ms, 1%
@49 = load[offset=0,end=102760448](@1) -> float_type, {64, 128, 56, 56}, {401408, 3136, 56, 1}, target_id=0: 0.00065074ms, 1%
@50 = multibroadcast[out_lens={64, 128, 56, 56},out_dyn_dims={}](@47) -> float_type, {64, 128, 56, 56}, {0, 1, 0, 0}, target_id=0: 0.00100266ms, 1%
@51 = gpu::code_object[code_object=3944,symbol_name=add_clip_kernel,global=3211264,local=1024,](@44,@50,@49) -> float_type, {64, 128, 56, 56}, {401408, 3136, 56, 1}, target_id=0: 0.224466ms, 3%
@52 = multibroadcast[out_lens={64, 128, 56, 56},out_dyn_dims={}](@48) -> float_type, {64, 128, 56, 56}, {0, 1, 0, 0}, target_id=0: 0.00097118ms, 1%
@53 = load[offset=209223680,end=311984128](@1) -> float_type, {64, 128, 56, 56}, {401408, 3136, 56, 1}, target_id=0: 0.0005972ms, 1%
@54 = gpu::code_object[code_object=5176,symbol_name=mlir_convolution_add_clip,global=1605632,local=256,](@52,@51,@45,@53) -> float_type, {64, 128, 56, 56}, {401408, 3136, 56, 1}, target_id=0: 0.280955ms, 4%
@55 = load[offset=102760448,end=209223680](@1) -> float_type, {64, 128, 57, 57}, {415872, 3249, 57, 1}, target_id=0: 0.00074082ms, 1%
@56 = gpu::code_object[code_object=3792,symbol_name=pad_kernel,global=307200,local=1024,](@54,@55) -> float_type, {64, 128, 57, 57}, {415872, 3249, 57, 1}, target_id=0: 0.278562ms, 4%
@57 = load[offset=0,end=0](@1) -> int8_type, {0}, {1}, target_id=0: 0.00074402ms, 1%
@58 = load[offset=0,end=25690112](@1) -> float_type, {64, 128, 28, 28}, {100352, 784, 28, 1}, target_id=0: 0.00056946ms, 1%
@59 = gpu::convolution[op={padding={0, 0, 0, 0},stride={2, 2},dilation={1, 1},group=128,padding_mode=0},solution_object={binary_object: 450},algo=0,solution_id=0](@56,@46,@57,@58) -> float_type, {64, 128, 28, 28}, {100352, 784, 28, 1}, target_id=0: 0.202044ms, 3%
@60 = hip::hip_copy_literal[id=main:@literal:22] -> float_type, {256, 1, 3, 3}, {9, 9, 3, 1}, target_id=0: 0.00081752ms, 1%
@61 = hip::hip_copy_literal[id=main:@literal:9] -> float_type, {256, 128, 1, 1}, {128, 1, 1, 1}, target_id=0: 0.00058208ms, 1%
@62 = hip::hip_copy_literal[id=main:@literal:20] -> float_type, {128, 1, 1}, {1, 1, 1}, target_id=0: 0.00069016ms, 1%
@63 = hip::hip_copy_literal[id=main:@literal:19] -> float_type, {256, 1, 1}, {1, 1, 1}, target_id=0: 0.00058352ms, 1%
@64 = multibroadcast[out_lens={64, 128, 28, 28},out_dyn_dims={}](@62) -> float_type, {64, 128, 28, 28}, {0, 1, 0, 0}, target_id=0: 0.00103448ms, 1%
@65 = load[offset=51380224,end=77070336](@1) -> float_type, {64, 128, 28, 28}, {100352, 784, 28, 1}, target_id=0: 0.00062132ms, 1%
@66 = gpu::code_object[code_object=3944,symbol_name=add_clip_kernel,global=802816,local=1024,](@59,@64,@65) -> float_type, {64, 128, 28, 28}, {100352, 784, 28, 1}, target_id=0: 0.0712666ms, 1%
@67 = load[offset=0,end=51380224](@1) -> float_type, {64, 256, 28, 28}, {200704, 784, 28, 1}, target_id=0: 0.00072878ms, 1%
@68 = multibroadcast[out_lens={64, 256, 28, 28},out_dyn_dims={}](@63) -> float_type, {64, 256, 28, 28}, {0, 1, 0, 0}, target_id=0: 0.00084568ms, 1%
@69 = gpu::code_object[code_object=5344,symbol_name=mlir_convolution_add_clip,global=802816,local=256,](@68,@66,@61,@67) -> float_type, {64, 256, 28, 28}, {200704, 784, 28, 1}, target_id=0: 0.142562ms, 2%
@70 = load[offset=0,end=0](@1) -> int8_type, {0}, {1}, target_id=0: 0.00074226ms, 1%
@71 = load[offset=77070336,end=128450560](@1) -> float_type, {64, 256, 28, 28}, {200704, 784, 28, 1}, target_id=0: 0.0005558ms, 1%
@72 = gpu::convolution[op={padding={1, 1, 1, 1},stride={1, 1},dilation={1, 1},group=256,padding_mode=0},solution_object={binary_object: 455},algo=0,solution_id=0](@69,@60,@70,@71) -> float_type, {64, 256, 28, 28}, {200704, 784, 28, 1}, target_id=0: 0.163017ms, 2%
@73 = hip::hip_copy_literal[id=main:@literal:35] -> float_type, {256, 1, 1}, {1, 1, 1}, target_id=0: 0.00080254ms, 1%
@74 = hip::hip_copy_literal[id=main:@literal:42] -> float_type, {256, 1, 1}, {1, 1, 1}, target_id=0: 0.00058426ms, 1%
@75 = hip::hip_copy_literal[id=main:@literal:8] -> float_type, {256, 256, 1, 1}, {256, 1, 1, 1}, target_id=0: 0.0005601ms, 1%
@76 = hip::hip_copy_literal[id=main:@literal:24] -> float_type, {256, 1, 3, 3}, {9, 9, 3, 1}, target_id=0: 0.0006841ms, 1%
@77 = load[offset=0,end=51380224](@1) -> float_type, {64, 256, 28, 28}, {200704, 784, 28, 1}, target_id=0: 0.00063318ms, 1%
@78 = multibroadcast[out_lens={64, 256, 28, 28},out_dyn_dims={}](@73) -> float_type, {64, 256, 28, 28}, {0, 1, 0, 0}, target_id=0: 0.00100854ms, 1%
@79 = gpu::code_object[code_object=3944,symbol_name=add_clip_kernel,global=1605632,local=1024,](@72,@78,@77) -> float_type, {64, 256, 28, 28}, {200704, 784, 28, 1}, target_id=0: 0.122274ms, 2%
@80 = load[offset=106496000,end=157876224](@1) -> float_type, {64, 256, 28, 28}, {200704, 784, 28, 1}, target_id=0: 0.0007689ms, 1%
@81 = multibroadcast[out_lens={64, 256, 28, 28},out_dyn_dims={}](@74) -> float_type, {64, 256, 28, 28}, {0, 1, 0, 0}, target_id=0: 0.00083824ms, 1%
@82 = gpu::code_object[code_object=5344,symbol_name=mlir_convolution_add_clip,global=802816,local=256,](@81,@79,@75,@80) -> float_type, {64, 256, 28, 28}, {200704, 784, 28, 1}, target_id=0: 0.237674ms, 3%
@83 = load[offset=51380224,end=106496000](@1) -> float_type, {64, 256, 29, 29}, {215296, 841, 29, 1}, target_id=0: 0.00072578ms, 1%
@84 = gpu::code_object[code_object=3784,symbol_name=pad_kernel,global=307200,local=1024,](@82,@83) -> float_type, {64, 256, 29, 29}, {215296, 841, 29, 1}, target_id=0: 0.14764ms, 2%
@85 = load[offset=0,end=0](@1) -> int8_type, {0}, {1}, target_id=0: 0.00072296ms, 1%
@86 = load[offset=0,end=12845056](@1) -> float_type, {64, 256, 14, 14}, {50176, 196, 14, 1}, target_id=0: 0.0005827ms, 1%
@87 = gpu::convolution[op={padding={0, 0, 0, 0},stride={2, 2},dilation={1, 1},group=256,padding_mode=0},solution_object={binary_object: 495},algo=0,solution_id=0](@84,@76,@85,@86) -> float_type, {64, 256, 14, 14}, {50176, 196, 14, 1}, target_id=0: 0.117234ms, 2%
@88 = hip::hip_copy_literal[id=main:@literal:45] -> float_type, {512, 1, 3, 3}, {9, 9, 3, 1}, target_id=0: 0.00085858ms, 1%
@89 = hip::hip_copy_literal[id=main:@literal:5] -> float_type, {512, 256, 1, 1}, {256, 1, 1, 1}, target_id=0: 0.00056596ms, 1%
@90 = hip::hip_copy_literal[id=main:@literal:37] -> float_type, {512, 1, 1}, {1, 1, 1}, target_id=0: 0.00073132ms, 1%
@91 = hip::hip_copy_literal[id=main:@literal:26] -> float_type, {256, 1, 1}, {1, 1, 1}, target_id=0: 0.0005873ms, 1%
@92 = multibroadcast[out_lens={64, 256, 14, 14},out_dyn_dims={}](@91) -> float_type, {64, 256, 14, 14}, {0, 1, 0, 0}, target_id=0: 0.00103238ms, 1%
@93 = load[offset=25690112,end=38535168](@1) -> float_type, {64, 256, 14, 14}, {50176, 196, 14, 1}, target_id=0: 0.00063486ms, 1%
@94 = gpu::code_object[code_object=3872,symbol_name=add_clip_kernel,global=802816,local=1024,](@87,@92,@93) -> float_type, {64, 256, 14, 14}, {50176, 196, 14, 1}, target_id=0: 0.0425439ms, 1%
@95 = multibroadcast[out_lens={64, 512, 14, 14},out_dyn_dims={}](@90) -> float_type, {64, 512, 14, 14}, {0, 1, 0, 0}, target_id=0: 0.00097046ms, 1%
@96 = load[offset=0,end=25690112](@1) -> float_type, {64, 512, 14, 14}, {100352, 196, 14, 1}, target_id=0: 0.00061786ms, 1%
@97 = gpu::code_object[code_object=5896,symbol_name=mlir_convolution_add_clip,global=401408,local=256,](@95,@94,@89,@96) -> float_type, {64, 512, 14, 14}, {100352, 196, 14, 1}, target_id=0: 0.14144ms, 2%
@98 = load[offset=0,end=0](@1) -> int8_type, {0}, {1}, target_id=0: 0.0007509ms, 1%
@99 = load[offset=38535168,end=64225280](@1) -> float_type, {64, 512, 14, 14}, {100352, 196, 14, 1}, target_id=0: 0.00059716ms, 1%
@100 = gpu::convolution[op={padding={1, 1, 1, 1},stride={1, 1},dilation={1, 1},group=512,padding_mode=0},solution_object={binary_object: 451},algo=0,solution_id=0](@97,@88,@98,@99) -> float_type, {64, 512, 14, 14}, {100352, 196, 14, 1}, target_id=0: 0.10006ms, 2%
@101 = hip::hip_copy_literal[id=main:@literal:21] -> float_type, {512, 1, 1}, {1, 1, 1}, target_id=0: 0.00079394ms, 1%
@102 = hip::hip_copy_literal[id=main:@literal:10] -> float_type, {512, 512, 1, 1}, {512, 1, 1, 1}, target_id=0: 0.00063754ms, 1%
@103 = hip::hip_copy_literal[id=main:@literal:18] -> float_type, {512, 1, 3, 3}, {9, 9, 3, 1}, target_id=0: 0.00067418ms, 1%
@104 = hip::hip_copy_literal[id=main:@literal:32] -> float_type, {512, 1, 1}, {1, 1, 1}, target_id=0: 0.00058942ms, 1%
@105 = multibroadcast[out_lens={64, 512, 14, 14},out_dyn_dims={}](@101) -> float_type, {64, 512, 14, 14}, {0, 1, 0, 0}, target_id=0: 0.00100704ms, 1%
@106 = load[offset=0,end=25690112](@1) -> float_type, {64, 512, 14, 14}, {100352, 196, 14, 1}, target_id=0: 0.00062244ms, 1%
@107 = gpu::code_object[code_object=3872,symbol_name=add_clip_kernel,global=1605632,local=1024,](@100,@105,@106) -> float_type, {64, 512, 14, 14}, {100352, 196, 14, 1}, target_id=0: 0.0679827ms, 1%
@108 = load[offset=51380224,end=77070336](@1) -> float_type, {64, 512, 14, 14}, {100352, 196, 14, 1}, target_id=0: 0.00075208ms, 1%
@109 = multibroadcast[out_lens={64, 512, 14, 14},out_dyn_dims={}](@104) -> float_type, {64, 512, 14, 14}, {0, 1, 0, 0}, target_id=0: 0.0008358ms, 1%
@110 = gpu::code_object[code_object=6560,symbol_name=mlir_convolution_add_clip,global=200704,local=256,](@109,@107,@102,@108) -> float_type, {64, 512, 14, 14}, {100352, 196, 14, 1}, target_id=0: 0.248711ms, 3%
@111 = load[offset=0,end=0](@1) -> int8_type, {0}, {1}, target_id=0: 0.00074248ms, 1%
@112 = load[offset=25690112,end=51380224](@1) -> float_type, {64, 512, 14, 14}, {100352, 196, 14, 1}, target_id=0: 0.000624ms, 1%
@113 = gpu::convolution[op={padding={1, 1, 1, 1},stride={1, 1},dilation={1, 1},group=512,padding_mode=0},solution_object={binary_object: 451},algo=0,solution_id=0](@110,@103,@111,@112) -> float_type, {64, 512, 14, 14}, {100352, 196, 14, 1}, target_id=0: 0.0986554ms, 2%
@114 = hip::hip_copy_literal[id=main:@literal:39] -> float_type, {512, 1, 1}, {1, 1, 1}, target_id=0: 0.00086014ms, 1%
@115 = hip::hip_copy_literal[id=main:@literal:30] -> float_type, {512, 1, 3, 3}, {9, 9, 3, 1}, target_id=0: 0.0005829ms, 1%
@116 = hip::hip_copy_literal[id=main:@literal:7] -> float_type, {512, 512, 1, 1}, {512, 1, 1, 1}, target_id=0: 0.0005548ms, 1%
@117 = hip::hip_copy_literal[id=main:@literal:47] -> float_type, {512, 1, 1}, {1, 1, 1}, target_id=0: 0.00068862ms, 1%
@118 = multibroadcast[out_lens={64, 512, 14, 14},out_dyn_dims={}](@117) -> float_type, {64, 512, 14, 14}, {0, 1, 0, 0}, target_id=0: 0.001017ms, 1%
@119 = load[offset=0,end=25690112](@1) -> float_type, {64, 512, 14, 14}, {100352, 196, 14, 1}, target_id=0: 0.0006422ms, 1%
@120 = gpu::code_object[code_object=3872,symbol_name=add_clip_kernel,global=1605632,local=1024,](@113,@118,@119) -> float_type, {64, 512, 14, 14}, {100352, 196, 14, 1}, target_id=0: 0.0682149ms, 1%
@121 = load[offset=51380224,end=77070336](@1) -> float_type, {64, 512, 14, 14}, {100352, 196, 14, 1}, target_id=0: 0.00072452ms, 1%
@122 = multibroadcast[out_lens={64, 512, 14, 14},out_dyn_dims={}](@114) -> float_type, {64, 512, 14, 14}, {0, 1, 0, 0}, target_id=0: 0.00083206ms, 1%
@123 = gpu::code_object[code_object=6560,symbol_name=mlir_convolution_add_clip,global=200704,local=256,](@122,@120,@116,@121) -> float_type, {64, 512, 14, 14}, {100352, 196, 14, 1}, target_id=0: 0.249306ms, 3%
@124 = load[offset=25690112,end=51380224](@1) -> float_type, {64, 512, 14, 14}, {100352, 196, 14, 1}, target_id=0: 0.00074494ms, 1%
@125 = load[offset=0,end=0](@1) -> int8_type, {0}, {1}, target_id=0: 0.00059188ms, 1%
@126 = gpu::convolution[op={padding={1, 1, 1, 1},stride={1, 1},dilation={1, 1},group=512,padding_mode=0},solution_object={binary_object: 451},algo=0,solution_id=0](@123,@115,@125,@124) -> float_type, {64, 512, 14, 14}, {100352, 196, 14, 1}, target_id=0: 0.0990355ms, 2%
@127 = hip::hip_copy_literal[id=main:@literal:34] -> float_type, {512, 1, 1}, {1, 1, 1}, target_id=0: 0.00084514ms, 1%
@128 = hip::hip_copy_literal[id=main:@literal:11] -> float_type, {512, 512, 1, 1}, {512, 1, 1, 1}, target_id=0: 0.00062878ms, 1%
@129 = hip::hip_copy_literal[id=main:@literal:17] -> float_type, {512, 1, 1}, {1, 1, 1}, target_id=0: 0.0007196ms, 1%
@130 = hip::hip_copy_literal[id=main:@literal:15] -> float_type, {512, 1, 3, 3}, {9, 9, 3, 1}, target_id=0: 0.00059638ms, 1%
@131 = multibroadcast[out_lens={64, 512, 14, 14},out_dyn_dims={}](@129) -> float_type, {64, 512, 14, 14}, {0, 1, 0, 0}, target_id=0: 0.00100736ms, 1%
@132 = load[offset=0,end=25690112](@1) -> float_type, {64, 512, 14, 14}, {100352, 196, 14, 1}, target_id=0: 0.00063162ms, 1%
@133 = gpu::code_object[code_object=3872,symbol_name=add_clip_kernel,global=1605632,local=1024,](@126,@131,@132) -> float_type, {64, 512, 14, 14}, {100352, 196, 14, 1}, target_id=0: 0.0682704ms, 1%
@134 = multibroadcast[out_lens={64, 512, 14, 14},out_dyn_dims={}](@127) -> float_type, {64, 512, 14, 14}, {0, 1, 0, 0}, target_id=0: 0.00097178ms, 1%
@135 = load[offset=51380224,end=77070336](@1) -> float_type, {64, 512, 14, 14}, {100352, 196, 14, 1}, target_id=0: 0.00060902ms, 1%
@136 = gpu::code_object[code_object=6560,symbol_name=mlir_convolution_add_clip,global=200704,local=256,](@134,@133,@128,@135) -> float_type, {64, 512, 14, 14}, {100352, 196, 14, 1}, target_id=0: 0.248698ms, 3%
@137 = load[offset=0,end=0](@1) -> int8_type, {0}, {1}, target_id=0: 0.0007746ms, 1%
@138 = load[offset=25690112,end=51380224](@1) -> float_type, {64, 512, 14, 14}, {100352, 196, 14, 1}, target_id=0: 0.00059706ms, 1%
@139 = gpu::convolution[op={padding={1, 1, 1, 1},stride={1, 1},dilation={1, 1},group=512,padding_mode=0},solution_object={binary_object: 451},algo=0,solution_id=0](@136,@130,@137,@138) -> float_type, {64, 512, 14, 14}, {100352, 196, 14, 1}, target_id=0: 0.0990936ms, 2%
@140 = hip::hip_copy_literal[id=main:@literal:53] -> float_type, {1024, 1, 1}, {1, 1, 1}, target_id=0: 0.00084782ms, 1%
@141 = hip::hip_copy_literal[id=main:@literal:55] -> float_type, {1001}, {1}, target_id=0: 0.0005955ms, 1%
@142 = hip::hip_copy_literal[id=main:@literal:13] -> float_type, {1024, 1024, 1, 1}, {1024, 1, 1, 1}, target_id=0: 0.0007135ms, 1%
@143 = hip::hip_copy_literal[id=main:@literal:14] -> float_type, {1001, 1024, 1, 1}, {1024, 1, 1, 1}, target_id=0: 0.00056488ms, 1%
@144 = hip::hip_copy_literal[id=main:@literal:2] -> float_type, {512, 512, 1, 1}, {512, 1, 1, 1}, target_id=0: 0.00050362ms, 1%
@145 = hip::hip_copy_literal[id=main:@literal:36] -> float_type, {1024, 1, 1}, {1, 1, 1}, target_id=0: 0.0006867ms, 1%
@146 = hip::hip_copy_literal[id=main:@literal:38] -> float_type, {512, 1, 1}, {1, 1, 1}, target_id=0: 0.00055252ms, 1%
@147 = hip::hip_copy_literal[id=main:@literal:0] -> float_type, {1024, 512, 1, 1}, {512, 1, 1, 1}, target_id=0: 0.00052468ms, 1%
@148 = hip::hip_copy_literal[id=main:@literal:52] -> float_type, {512, 1, 3, 3}, {9, 9, 3, 1}, target_id=0: 0.00069216ms, 1%
@149 = hip::hip_copy_literal[id=main:@literal:50] -> float_type, {512, 1, 1}, {1, 1, 1}, target_id=0: 0.00057038ms, 1%
@150 = hip::hip_copy_literal[id=main:@literal:54] -> float_type, {1024, 1, 3, 3}, {9, 9, 3, 1}, target_id=0: 0.0006994ms, 1%
@151 = hip::hip_copy_literal[id=main:@literal:16] -> float_type, {512, 1, 1}, {1, 1, 1}, target_id=0: 0.00054894ms, 1%
@152 = hip::hip_copy_literal[id=main:@literal:51] -> float_type, {512, 1, 1}, {1, 1, 1}, target_id=0: 0.00064658ms, 1%
@153 = hip::hip_copy_literal[id=main:@literal:1] -> float_type, {512, 512, 1, 1}, {512, 1, 1, 1}, target_id=0: 0.00055174ms, 1%
@154 = hip::hip_copy_literal[id=main:@literal:49] -> float_type, {512, 1, 3, 3}, {9, 9, 3, 1}, target_id=0: 0.0006224ms, 1%
@155 = hip::hip_copy_literal[id=main:@literal:44] -> float_type, {1024, 1, 1}, {1, 1, 1}, target_id=0: 0.0005282ms, 1%
@156 = hip::hip_copy_literal[id=main:@literal:23] -> float_type, {512, 1, 1}, {1, 1, 1}, target_id=0: 0.0005655ms, 1%
@157 = multibroadcast[out_lens={64, 512, 14, 14},out_dyn_dims={}](@146) -> float_type, {64, 512, 14, 14}, {0, 1, 0, 0}, target_id=0: 0.00101594ms, 1%
@158 = load[offset=0,end=25690112](@1) -> float_type, {64, 512, 14, 14}, {100352, 196, 14, 1}, target_id=0: 0.00064222ms, 1%
@159 = gpu::code_object[code_object=3872,symbol_name=add_clip_kernel,global=1605632,local=1024,](@139,@157,@158) -> float_type, {64, 512, 14, 14}, {100352, 196, 14, 1}, target_id=0: 0.0699492ms, 1%
@160 = load[offset=51380224,end=77070336](@1) -> float_type, {64, 512, 14, 14}, {100352, 196, 14, 1}, target_id=0: 0.00073662ms, 1%
@161 = multibroadcast[out_lens={64, 512, 14, 14},out_dyn_dims={}](@149) -> float_type, {64, 512, 14, 14}, {0, 1, 0, 0}, target_id=0: 0.00084604ms, 1%
@162 = gpu::code_object[code_object=6560,symbol_name=mlir_convolution_add_clip,global=200704,local=256,](@161,@159,@144,@160) -> float_type, {64, 512, 14, 14}, {100352, 196, 14, 1}, target_id=0: 0.248947ms, 3%
@163 = load[offset=0,end=0](@1) -> int8_type, {0}, {1}, target_id=0: 0.00072486ms, 1%
@164 = load[offset=25690112,end=51380224](@1) -> float_type, {64, 512, 14, 14}, {100352, 196, 14, 1}, target_id=0: 0.00061108ms, 1%
@165 = gpu::convolution[op={padding={1, 1, 1, 1},stride={1, 1},dilation={1, 1},group=512,padding_mode=0},solution_object={binary_object: 451},algo=0,solution_id=0](@162,@154,@163,@164) -> float_type, {64, 512, 14, 14}, {100352, 196, 14, 1}, target_id=0: 0.0992852ms, 2%
@166 = load[offset=0,end=25690112](@1) -> float_type, {64, 512, 14, 14}, {100352, 196, 14, 1}, target_id=0: 0.00073886ms, 1%
@167 = multibroadcast[out_lens={64, 512, 14, 14},out_dyn_dims={}](@152) -> float_type, {64, 512, 14, 14}, {0, 1, 0, 0}, target_id=0: 0.00101608ms, 1%
@168 = gpu::code_object[code_object=3872,symbol_name=add_clip_kernel,global=1605632,local=1024,](@165,@167,@166) -> float_type, {64, 512, 14, 14}, {100352, 196, 14, 1}, target_id=0: 0.0678782ms, 1%
@169 = load[offset=55181312,end=80871424](@1) -> float_type, {64, 512, 14, 14}, {100352, 196, 14, 1}, target_id=0: 0.000727ms, 1%
@170 = multibroadcast[out_lens={64, 512, 14, 14},out_dyn_dims={}](@156) -> float_type, {64, 512, 14, 14}, {0, 1, 0, 0}, target_id=0: 0.0008494ms, 1%
@171 = gpu::code_object[code_object=6560,symbol_name=mlir_convolution_add_clip,global=200704,local=256,](@170,@168,@153,@169) -> float_type, {64, 512, 14, 14}, {100352, 196, 14, 1}, target_id=0: 0.247903ms, 3%
@172 = load[offset=25690112,end=55181312](@1) -> float_type, {64, 512, 15, 15}, {115200, 225, 15, 1}, target_id=0: 0.00073592ms, 1%
@173 = gpu::code_object[code_object=3784,symbol_name=pad_kernel,global=307200,local=1024,](@171,@172) -> float_type, {64, 512, 15, 15}, {115200, 225, 15, 1}, target_id=0: 0.0859782ms, 2%
@174 = load[offset=0,end=0](@1) -> int8_type, {0}, {1}, target_id=0: 0.00074448ms, 1%
@175 = load[offset=0,end=6422528](@1) -> float_type, {64, 512, 7, 7}, {25088, 49, 7, 1}, target_id=0: 0.00056984ms, 1%
@176 = gpu::convolution[op={padding={0, 0, 0, 0},stride={2, 2},dilation={1, 1},group=512,padding_mode=0},solution_object={binary_object: 446},algo=0,solution_id=0](@173,@148,@174,@175) -> float_type, {64, 512, 7, 7}, {25088, 49, 7, 1}, target_id=0: 0.0751246ms, 1%
@177 = load[offset=12845056,end=19267584](@1) -> float_type, {64, 512, 7, 7}, {25088, 49, 7, 1}, target_id=0: 0.00074124ms, 1%
@178 = multibroadcast[out_lens={64, 512, 7, 7},out_dyn_dims={}](@151) -> float_type, {64, 512, 7, 7}, {0, 1, 0, 0}, target_id=0: 0.00103122ms, 1%
@179 = gpu::code_object[code_object=3832,symbol_name=add_clip_kernel,global=1605632,local=1024,](@176,@178,@177) -> float_type, {64, 512, 7, 7}, {25088, 49, 7, 1}, target_id=0: 0.0312971ms, 1%
@180 = load[offset=0,end=12845056](@1) -> float_type, {64, 1024, 7, 7}, {50176, 49, 7, 1}, target_id=0: 0.00073356ms, 1%
@181 = multibroadcast[out_lens={64, 1024, 7, 7},out_dyn_dims={}](@140) -> float_type, {64, 1024, 7, 7}, {0, 1, 0, 0}, target_id=0: 0.00084258ms, 1%
@182 = gpu::code_object[code_object=5424,symbol_name=mlir_convolution_add_clip,global=200704,local=256,](@181,@179,@147,@180) -> float_type, {64, 1024, 7, 7}, {50176, 49, 7, 1}, target_id=0: 0.154311ms, 2%
@183 = load[offset=0,end=0](@1) -> int8_type, {0}, {1}, target_id=0: 0.0007577ms, 1%
@184 = load[offset=25952256,end=38797312](@1) -> float_type, {64, 1024, 7, 7}, {50176, 49, 7, 1}, target_id=0: 0.0006269ms, 1%
@185 = gpu::convolution[op={padding={1, 1, 1, 1},stride={1, 1},dilation={1, 1},group=1024,padding_mode=0},solution_object={binary_object: 443},algo=0,solution_id=0](@182,@150,@183,@184) -> float_type, {64, 1024, 7, 7}, {50176, 49, 7, 1}, target_id=0: 0.118141ms, 2%
@186 = load[offset=13107200,end=25952256](@1) -> float_type, {64, 1024, 7, 7}, {50176, 49, 7, 1}, target_id=0: 0.00074824ms, 1%
@187 = multibroadcast[out_lens={64, 1024, 7, 7},out_dyn_dims={}](@145) -> float_type, {64, 1024, 7, 7}, {0, 1, 0, 0}, target_id=0: 0.00099256ms, 1%
@188 = gpu::code_object[code_object=3864,symbol_name=add_clip_kernel,global=3211264,local=1024,](@185,@187,@186) -> float_type, {64, 1024, 7, 7}, {50176, 49, 7, 1}, target_id=0: 0.043554ms, 1%
@189 = load[offset=262144,end=13107200](@1) -> float_type, {64, 1024, 7, 7}, {50176, 49, 7, 1}, target_id=0: 0.00070998ms, 1%
@190 = multibroadcast[out_lens={64, 1024, 7, 7},out_dyn_dims={}](@155) -> float_type, {64, 1024, 7, 7}, {0, 1, 0, 0}, target_id=0: 0.00084692ms, 1%
@191 = gpu::code_object[code_object=6080,symbol_name=mlir_convolution_add_clip,global=200704,local=256,](@190,@188,@142,@189) -> float_type, {64, 1024, 7, 7}, {50176, 49, 7, 1}, target_id=0: 0.274779ms, 4%
@192 = load[offset=13107200,end=13369344](@1) -> float_type, {64, 1024, 1, 1}, {1024, 1, 1, 1}, target_id=0: 0.00072446ms, 1%
@193 = gpu::pooling[mode=average,padding={0, 0, 0, 0},padding_mode=0,stride={2, 2},lengths={7, 7},dilations={1, 1},ceil_mode=0,lp_order=2,dyn_global=0](@191,@192) -> float_type, {64, 1024, 1, 1}, {1024, 1, 1, 1}, target_id=0: 0.319071ms, 4%
@194 = broadcast[axis=1,out_lens={64, 1001, 1, 1}](@141) -> float_type, {64, 1001, 1, 1}, {0, 1, 0, 0}, target_id=0: 0.00146494ms, 1%
@195 = load[offset=0,end=256256](@1) -> float_type, {64, 1001, 1, 1}, {1001, 1, 1, 1}, target_id=0: 0.00063642ms, 1%
@196 = gpu::code_object[code_object=5568,symbol_name=mlir_convolution_add,global=16384,local=256,](@194,@193,@143,@195) -> float_type, {64, 1001, 1, 1}, {1001, 1, 1, 1}, target_id=0: 0.0383499ms, 1%
main:#output_0 = @param:main:#output_0 -> float_type, {64, 1001}, {1001, 1}, target_id=0: 0.00089114ms, 1%
@198 = transpose[permutation={0, 2, 3, 1}](@196) -> float_type, {64, 1, 1, 1001}, {1001, 1, 1, 1}, target_id=0: 0.00111872ms, 1%
@199 = squeeze[axes={1, 2}](@198) -> float_type, {64, 1001}, {1001, 1}, target_id=0: 0.00106774ms, 1%
@200 = gpu::code_object[code_object=5096,symbol_name=softmax_kernel,global=16384,local=256,](@199,main:#output_0) -> float_type, {64, 1001}, {1001, 1}, target_id=0: 0.0208984ms, 1%
@201 = @return(@200), target_id=0
Summary:
gpu::code_object::mlir_convolution_add_clip: 3.01658ms / 13 = 0.232045ms, 36%
gpu::convolution: 2.28723ms / 14 = 0.163374ms, 28%
gpu::code_object::add_clip_kernel: 1.44942ms / 14 = 0.10353ms, 18%
gpu::code_object::pad_kernel: 1.16979ms / 5 = 0.233958ms, 14%
gpu::pooling: 0.319071ms / 1 = 0.319071ms, 4%
load: 0.0418657ms / 62 = 0.000675253ms, 1%
gpu::code_object::mlir_convolution_add: 0.0383499ms / 1 = 0.0383499ms, 1%
hip::hip_copy_literal: 0.0371851ms / 56 = 0.000664019ms, 1%
multibroadcast: 0.0258682ms / 27 = 0.000958083ms, 1%
gpu::code_object::softmax_kernel: 0.0208984ms / 1 = 0.0208984ms, 1%
broadcast: 0.00146494ms / 1 = 0.00146494ms, 1%
@param: 0.00133466ms / 2 = 0.00066733ms, 1%
transpose: 0.00111872ms / 1 = 0.00111872ms, 1%
squeeze: 0.00106774ms / 1 = 0.00106774ms, 1%
check_context::migraphx::gpu::context: 0.00098622ms / 1 = 0.00098622ms, 1%
hip::hip_allocate_memory: 0.00088482ms / 1 = 0.00088482ms, 1%

Batch size: 1
Rate: 130.287 inferences/sec
Total time: 7.67534ms
Total instructions time: 8.41312ms
Overhead time: 0.0445575ms, -0.737783ms
Overhead: 1%, -10%
[ MIGraphX Version: 2.9.0.b6a436fe6 ] Complete: /src/AMDMIGraphX/build/bin/driver perf --gpu /new-saved-models/slim/mobilenet_i64.pb
