Compiling ... 
Reading: /data/source/saved-models/torchvision/alexneti64.onnx
module: "main"
main:@0 = check_context::migraphx::version_1::gpu::context -> float_type, {}, {}
main:@1 = hip::hip_allocate_memory[shape=float_type, {12390400}, {1},id=main:scratch] -> float_type, {12390400}, {1}
main:@2 = hip::hip_copy_literal[id=main:@literal:4] -> half_type, {64, 3, 11, 11}, {363, 121, 11, 1}
main:@3 = load[offset=24780800,end=44048384](main:@1) -> half_type, {64, 3, 224, 224}, {150528, 50176, 224, 1}
input.1 = @param:input.1 -> float_type, {64, 3, 224, 224}, {150528, 50176, 224, 1}
main:@5 = gpu::code_object[code_object=13616,symbol_name=kernel,global=2408448,local=1024,](input.1,main:@3) -> half_type, {64, 3, 224, 224}, {150528, 50176, 224, 1}
main:@6 = load[offset=0,end=24780800](main:@1) -> half_type, {64, 64, 55, 55}, {193600, 3025, 55, 1}
main:@7 = load[offset=0,end=0](main:@1) -> int8_type, {0}, {1}
main:@8 = gpu::convolution[padding={2, 2, 2, 2},stride={4, 4},dilation={1, 1},group=1,padding_mode=0,solution_id=81](main:@5,main:@2,main:@7,main:@6) -> half_type, {64, 64, 55, 55}, {193600, 3025, 55, 1}
main:@9 = hip::hip_copy_literal[id=main:@literal:3] -> half_type, {64}, {1}
main:@10 = load[offset=24780800,end=49561600](main:@1) -> half_type, {64, 64, 55, 55}, {193600, 3025, 55, 1}
main:@11 = broadcast[axis=1,out_lens={64, 64, 55, 55}](main:@9) -> half_type, {64, 64, 55, 55}, {0, 1, 0, 0}
main:@12 = gpu::code_object[code_object=13616,symbol_name=kernel,global=307200,local=1024,](main:@8,main:@11,main:@10) -> half_type, {64, 64, 55, 55}, {193600, 3025, 55, 1}
main:@13 = load[offset=17915904,end=23887872](main:@1) -> half_type, {64, 64, 27, 27}, {46656, 729, 27, 1}
main:@14 = gpu::pooling[mode=max,padding={0, 0, 0, 0},stride={2, 2},lengths={3, 3},ceil_mode=0,lp_order=2](main:@12,main:@13) -> half_type, {64, 64, 27, 27}, {46656, 729, 27, 1}
main:@15 = hip::hip_copy_literal[id=main:@literal:8] -> half_type, {192, 64, 5, 5}, {1600, 25, 5, 1}
main:@16 = load[offset=0,end=0](main:@1) -> int8_type, {0}, {1}
main:@17 = load[offset=0,end=17915904](main:@1) -> half_type, {64, 192, 27, 27}, {139968, 729, 27, 1}
main:@18 = gpu::convolution[padding={2, 2, 2, 2},stride={1, 1},dilation={1, 1},group=1,padding_mode=0,solution_id=74](main:@14,main:@15,main:@16,main:@17) -> half_type, {64, 192, 27, 27}, {139968, 729, 27, 1}
main:@19 = hip::hip_copy_literal[id=main:@literal:7] -> half_type, {192}, {1}
main:@20 = load[offset=17915904,end=35831808](main:@1) -> half_type, {64, 192, 27, 27}, {139968, 729, 27, 1}
main:@21 = broadcast[axis=1,out_lens={64, 192, 27, 27}](main:@19) -> half_type, {64, 192, 27, 27}, {0, 1, 0, 0}
main:@22 = gpu::code_object[code_object=13616,symbol_name=kernel,global=307200,local=1024,](main:@18,main:@21,main:@20) -> half_type, {64, 192, 27, 27}, {139968, 729, 27, 1}
main:@23 = load[offset=8306688,end=12460032](main:@1) -> half_type, {64, 192, 13, 13}, {32448, 169, 13, 1}
main:@24 = gpu::pooling[mode=max,padding={0, 0, 0, 0},stride={2, 2},lengths={3, 3},ceil_mode=0,lp_order=2](main:@22,main:@23) -> half_type, {64, 192, 13, 13}, {32448, 169, 13, 1}
main:@25 = hip::hip_copy_literal[id=main:@literal:10] -> half_type, {384, 192, 3, 3}, {1728, 9, 3, 1}
main:@26 = load[offset=0,end=8306688](main:@1) -> half_type, {64, 384, 13, 13}, {64896, 169, 13, 1}
main:@27 = load[offset=0,end=0](main:@1) -> int8_type, {0}, {1}
main:@28 = gpu::convolution[padding={1, 1, 1, 1},stride={1, 1},dilation={1, 1},group=1,padding_mode=0,solution_id=80](main:@24,main:@25,main:@27,main:@26) -> half_type, {64, 384, 13, 13}, {64896, 169, 13, 1}
main:@29 = hip::hip_copy_literal[id=main:@literal:12] -> half_type, {256, 384, 3, 3}, {3456, 9, 3, 1}
main:@30 = hip::hip_copy_literal[id=main:@literal:9] -> half_type, {384}, {1}
main:@31 = load[offset=8306688,end=16613376](main:@1) -> half_type, {64, 384, 13, 13}, {64896, 169, 13, 1}
main:@32 = broadcast[axis=1,out_lens={64, 384, 13, 13}](main:@30) -> half_type, {64, 384, 13, 13}, {0, 1, 0, 0}
main:@33 = gpu::code_object[code_object=13616,symbol_name=kernel,global=307200,local=1024,](main:@28,main:@32,main:@31) -> half_type, {64, 384, 13, 13}, {64896, 169, 13, 1}
main:@34 = load[offset=0,end=5537792](main:@1) -> half_type, {64, 256, 13, 13}, {43264, 169, 13, 1}
main:@35 = load[offset=0,end=0](main:@1) -> int8_type, {0}, {1}
main:@36 = gpu::convolution[padding={1, 1, 1, 1},stride={1, 1},dilation={1, 1},group=1,padding_mode=0,solution_id=80](main:@33,main:@29,main:@35,main:@34) -> half_type, {64, 256, 13, 13}, {43264, 169, 13, 1}
main:@37 = hip::hip_copy_literal[id=main:@literal:6] -> half_type, {256, 256, 3, 3}, {2304, 9, 3, 1}
main:@38 = hip::hip_copy_literal[id=main:@literal:11] -> half_type, {256}, {1}
main:@39 = load[offset=5537792,end=11075584](main:@1) -> half_type, {64, 256, 13, 13}, {43264, 169, 13, 1}
main:@40 = broadcast[axis=1,out_lens={64, 256, 13, 13}](main:@38) -> half_type, {64, 256, 13, 13}, {0, 1, 0, 0}
main:@41 = gpu::code_object[code_object=13616,symbol_name=kernel,global=307200,local=1024,](main:@36,main:@40,main:@39) -> half_type, {64, 256, 13, 13}, {43264, 169, 13, 1}
main:@42 = load[offset=0,end=0](main:@1) -> int8_type, {0}, {1}
main:@43 = load[offset=0,end=5537792](main:@1) -> half_type, {64, 256, 13, 13}, {43264, 169, 13, 1}
main:@44 = gpu::convolution[padding={1, 1, 1, 1},stride={1, 1},dilation={1, 1},group=1,padding_mode=0,solution_id=80](main:@41,main:@37,main:@42,main:@43) -> half_type, {64, 256, 13, 13}, {43264, 169, 13, 1}
main:@45 = hip::hip_copy_literal[id=main:@literal:0] -> half_type, {9216, 4096}, {4096, 1}
main:@46 = hip::hip_copy_literal[id=main:@literal:1] -> half_type, {4096, 4096}, {4096, 1}
main:@47 = hip::hip_copy_literal[id=main:@literal:2] -> half_type, {4096, 1000}, {1000, 1}
main:@48 = hip::hip_copy_literal[id=main:@literal:5] -> half_type, {256}, {1}
main:@49 = hip::hip_copy_literal[id=main:@literal:13] -> half_type, {64, 4096}, {4096, 1}
main:@50 = hip::hip_copy_literal[id=main:@literal:14] -> half_type, {64, 4096}, {4096, 1}
main:@51 = hip::hip_copy_literal[id=main:@literal:15] -> half_type, {64, 1000}, {1000, 1}
main:@52 = load[offset=5537792,end=11075584](main:@1) -> half_type, {64, 256, 13, 13}, {43264, 169, 13, 1}
main:@53 = broadcast[axis=1,out_lens={64, 256, 13, 13}](main:@48) -> half_type, {64, 256, 13, 13}, {0, 1, 0, 0}
main:@54 = gpu::code_object[code_object=13616,symbol_name=kernel,global=307200,local=1024,](main:@44,main:@53,main:@52) -> half_type, {64, 256, 13, 13}, {43264, 169, 13, 1}
main:@55 = load[offset=1179648,end=2359296](main:@1) -> half_type, {64, 256, 6, 6}, {9216, 36, 6, 1}
main:@56 = gpu::pooling[mode=max,padding={0, 0, 0, 0},stride={2, 2},lengths={3, 3},ceil_mode=0,lp_order=2](main:@54,main:@55) -> half_type, {64, 256, 6, 6}, {9216, 36, 6, 1}
main:@57 = load[offset=0,end=1179648](main:@1) -> half_type, {64, 256, 6, 6}, {9216, 36, 6, 1}
main:@58 = gpu::pooling[mode=average,padding={0, 0, 0, 0},stride={1, 1},lengths={1, 1},ceil_mode=0,lp_order=2](main:@56,main:@57) -> half_type, {64, 256, 6, 6}, {9216, 36, 6, 1}
main:@59 = load[offset=1179648,end=1703936](main:@1) -> half_type, {64, 4096}, {4096, 1}
main:@60 = flatten[axis=1](main:@58) -> half_type, {64, 9216}, {9216, 1}
main:@61 = gpu::gemm[alpha=1,beta=0,int8_x4_format=0](main:@60,main:@45,main:@59) -> half_type, {64, 4096}, {4096, 1}
main:@62 = load[offset=0,end=524288](main:@1) -> half_type, {64, 4096}, {4096, 1}
main:@63 = gpu::code_object[code_object=13616,symbol_name=kernel,global=65536,local=1024,](main:@61,main:@49,main:@62) -> half_type, {64, 4096}, {4096, 1}
main:@64 = load[offset=524288,end=1048576](main:@1) -> half_type, {64, 4096}, {4096, 1}
main:@65 = gpu::gemm[alpha=1,beta=0,int8_x4_format=0](main:@63,main:@46,main:@64) -> half_type, {64, 4096}, {4096, 1}
main:@66 = load[offset=0,end=524288](main:@1) -> half_type, {64, 4096}, {4096, 1}
main:@67 = gpu::code_object[code_object=13616,symbol_name=kernel,global=65536,local=1024,](main:@65,main:@50,main:@66) -> half_type, {64, 4096}, {4096, 1}
main:@68 = load[offset=524288,end=652288](main:@1) -> half_type, {64, 1000}, {1000, 1}
main:@69 = gpu::gemm[alpha=1,beta=0,int8_x4_format=0](main:@67,main:@47,main:@68) -> half_type, {64, 1000}, {1000, 1}
main:#output_0 = @param:main:#output_0 -> float_type, {64, 1000}, {1000, 1}
main:@71 = gpu::code_object[code_object=13616,symbol_name=kernel,global=16384,local=1024,](main:@69,main:@51,main:#output_0) -> float_type, {64, 1000}, {1000, 1}
main:@72 = @return(main:@71)


Allocating params ... 
Running performance report ... 
main:@0 = check_context::migraphx::version_1::gpu::context -> float_type, {}, {}: 0.00056518ms, 1%
main:@1 = hip::hip_allocate_memory[shape=float_type, {12390400}, {1},id=main:scratch] -> float_type, {12390400}, {1}: 0.00049732ms, 1%
main:@2 = hip::hip_copy_literal[id=main:@literal:4] -> half_type, {64, 3, 11, 11}, {363, 121, 11, 1}: 0.0004187ms, 1%
main:@3 = load[offset=24780800,end=44048384](main:@1) -> half_type, {64, 3, 224, 224}, {150528, 50176, 224, 1}: 0.00042312ms, 1%
input.1 = @param:input.1 -> float_type, {64, 3, 224, 224}, {150528, 50176, 224, 1}: 0.00036204ms, 1%
main:@5 = gpu::code_object[code_object=13616,symbol_name=kernel,global=2408448,local=1024,](input.1,main:@3) -> half_type, {64, 3, 224, 224}, {150528, 50176, 224, 1}: 0.0751077ms, 3%
main:@6 = load[offset=0,end=24780800](main:@1) -> half_type, {64, 64, 55, 55}, {193600, 3025, 55, 1}: 0.00033554ms, 1%
main:@7 = load[offset=0,end=0](main:@1) -> int8_type, {0}, {1}: 0.00032856ms, 1%
main:@8 = gpu::convolution[padding={2, 2, 2, 2},stride={4, 4},dilation={1, 1},group=1,padding_mode=0,solution_id=81](main:@5,main:@2,main:@7,main:@6) -> half_type, {64, 64, 55, 55}, {193600, 3025, 55, 1}: 0.300861ms, 11%
main:@9 = hip::hip_copy_literal[id=main:@literal:3] -> half_type, {64}, {1}: 0.00044516ms, 1%
main:@10 = load[offset=24780800,end=49561600](main:@1) -> half_type, {64, 64, 55, 55}, {193600, 3025, 55, 1}: 0.00036684ms, 1%
main:@11 = broadcast[axis=1,out_lens={64, 64, 55, 55}](main:@9) -> half_type, {64, 64, 55, 55}, {0, 1, 0, 0}: 0.00050024ms, 1%
main:@12 = gpu::code_object[code_object=13616,symbol_name=kernel,global=307200,local=1024,](main:@8,main:@11,main:@10) -> half_type, {64, 64, 55, 55}, {193600, 3025, 55, 1}: 0.0874035ms, 3%
main:@13 = load[offset=17915904,end=23887872](main:@1) -> half_type, {64, 64, 27, 27}, {46656, 729, 27, 1}: 0.00034564ms, 1%
main:@14 = gpu::pooling[mode=max,padding={0, 0, 0, 0},stride={2, 2},lengths={3, 3},ceil_mode=0,lp_order=2](main:@12,main:@13) -> half_type, {64, 64, 27, 27}, {46656, 729, 27, 1}: 0.0915708ms, 4%
main:@15 = hip::hip_copy_literal[id=main:@literal:8] -> half_type, {192, 64, 5, 5}, {1600, 25, 5, 1}: 0.00044052ms, 1%
main:@16 = load[offset=0,end=0](main:@1) -> int8_type, {0}, {1}: 0.00037846ms, 1%
main:@17 = load[offset=0,end=17915904](main:@1) -> half_type, {64, 192, 27, 27}, {139968, 729, 27, 1}: 0.00031988ms, 1%
main:@18 = gpu::convolution[padding={2, 2, 2, 2},stride={1, 1},dilation={1, 1},group=1,padding_mode=0,solution_id=74](main:@14,main:@15,main:@16,main:@17) -> half_type, {64, 192, 27, 27}, {139968, 729, 27, 1}: 0.476745ms, 17%
main:@19 = hip::hip_copy_literal[id=main:@literal:7] -> half_type, {192}, {1}: 0.00044012ms, 1%
main:@20 = load[offset=17915904,end=35831808](main:@1) -> half_type, {64, 192, 27, 27}, {139968, 729, 27, 1}: 0.00042378ms, 1%
main:@21 = broadcast[axis=1,out_lens={64, 192, 27, 27}](main:@19) -> half_type, {64, 192, 27, 27}, {0, 1, 0, 0}: 0.00049296ms, 1%
main:@22 = gpu::code_object[code_object=13616,symbol_name=kernel,global=307200,local=1024,](main:@18,main:@21,main:@20) -> half_type, {64, 192, 27, 27}, {139968, 729, 27, 1}: 0.0662511ms, 3%
main:@23 = load[offset=8306688,end=12460032](main:@1) -> half_type, {64, 192, 13, 13}, {32448, 169, 13, 1}: 0.00034486ms, 1%
main:@24 = gpu::pooling[mode=max,padding={0, 0, 0, 0},stride={2, 2},lengths={3, 3},ceil_mode=0,lp_order=2](main:@22,main:@23) -> half_type, {64, 192, 13, 13}, {32448, 169, 13, 1}: 0.0663901ms, 3%
main:@25 = hip::hip_copy_literal[id=main:@literal:10] -> half_type, {384, 192, 3, 3}, {1728, 9, 3, 1}: 0.00045972ms, 1%
main:@26 = load[offset=0,end=8306688](main:@1) -> half_type, {64, 384, 13, 13}, {64896, 169, 13, 1}: 0.00037252ms, 1%
main:@27 = load[offset=0,end=0](main:@1) -> int8_type, {0}, {1}: 0.000313ms, 1%
main:@28 = gpu::convolution[padding={1, 1, 1, 1},stride={1, 1},dilation={1, 1},group=1,padding_mode=0,solution_id=80](main:@24,main:@25,main:@27,main:@26) -> half_type, {64, 384, 13, 13}, {64896, 169, 13, 1}: 0.290035ms, 10%
main:@29 = hip::hip_copy_literal[id=main:@literal:12] -> half_type, {256, 384, 3, 3}, {3456, 9, 3, 1}: 0.00045068ms, 1%
main:@30 = hip::hip_copy_literal[id=main:@literal:9] -> half_type, {384}, {1}: 0.00036796ms, 1%
main:@31 = load[offset=8306688,end=16613376](main:@1) -> half_type, {64, 384, 13, 13}, {64896, 169, 13, 1}: 0.00038756ms, 1%
main:@32 = broadcast[axis=1,out_lens={64, 384, 13, 13}](main:@30) -> half_type, {64, 384, 13, 13}, {0, 1, 0, 0}: 0.00047468ms, 1%
main:@33 = gpu::code_object[code_object=13616,symbol_name=kernel,global=307200,local=1024,](main:@28,main:@32,main:@31) -> half_type, {64, 384, 13, 13}, {64896, 169, 13, 1}: 0.0404931ms, 2%
main:@34 = load[offset=0,end=5537792](main:@1) -> half_type, {64, 256, 13, 13}, {43264, 169, 13, 1}: 0.00033824ms, 1%
main:@35 = load[offset=0,end=0](main:@1) -> int8_type, {0}, {1}: 0.00032304ms, 1%
main:@36 = gpu::convolution[padding={1, 1, 1, 1},stride={1, 1},dilation={1, 1},group=1,padding_mode=0,solution_id=80](main:@33,main:@29,main:@35,main:@34) -> half_type, {64, 256, 13, 13}, {43264, 169, 13, 1}: 0.380571ms, 13%
main:@37 = hip::hip_copy_literal[id=main:@literal:6] -> half_type, {256, 256, 3, 3}, {2304, 9, 3, 1}: 0.00046106ms, 1%
main:@38 = hip::hip_copy_literal[id=main:@literal:11] -> half_type, {256}, {1}: 0.00035732ms, 1%
main:@39 = load[offset=5537792,end=11075584](main:@1) -> half_type, {64, 256, 13, 13}, {43264, 169, 13, 1}: 0.00038918ms, 1%
main:@40 = broadcast[axis=1,out_lens={64, 256, 13, 13}](main:@38) -> half_type, {64, 256, 13, 13}, {0, 1, 0, 0}: 0.00043674ms, 1%
main:@41 = gpu::code_object[code_object=13616,symbol_name=kernel,global=307200,local=1024,](main:@36,main:@40,main:@39) -> half_type, {64, 256, 13, 13}, {43264, 169, 13, 1}: 0.0332743ms, 2%
main:@42 = load[offset=0,end=0](main:@1) -> int8_type, {0}, {1}: 0.00034268ms, 1%
main:@43 = load[offset=0,end=5537792](main:@1) -> half_type, {64, 256, 13, 13}, {43264, 169, 13, 1}: 0.00032258ms, 1%
main:@44 = gpu::convolution[padding={1, 1, 1, 1},stride={1, 1},dilation={1, 1},group=1,padding_mode=0,solution_id=80](main:@41,main:@37,main:@42,main:@43) -> half_type, {64, 256, 13, 13}, {43264, 169, 13, 1}: 0.256319ms, 9%
main:@45 = hip::hip_copy_literal[id=main:@literal:0] -> half_type, {9216, 4096}, {4096, 1}: 0.0004452ms, 1%
main:@46 = hip::hip_copy_literal[id=main:@literal:1] -> half_type, {4096, 4096}, {4096, 1}: 0.00034904ms, 1%
main:@47 = hip::hip_copy_literal[id=main:@literal:2] -> half_type, {4096, 1000}, {1000, 1}: 0.00033496ms, 1%
main:@48 = hip::hip_copy_literal[id=main:@literal:5] -> half_type, {256}, {1}: 0.00034302ms, 1%
main:@49 = hip::hip_copy_literal[id=main:@literal:13] -> half_type, {64, 4096}, {4096, 1}: 0.0003632ms, 1%
main:@50 = hip::hip_copy_literal[id=main:@literal:14] -> half_type, {64, 4096}, {4096, 1}: 0.00042434ms, 1%
main:@51 = hip::hip_copy_literal[id=main:@literal:15] -> half_type, {64, 1000}, {1000, 1}: 0.00033038ms, 1%
main:@52 = load[offset=5537792,end=11075584](main:@1) -> half_type, {64, 256, 13, 13}, {43264, 169, 13, 1}: 0.00038872ms, 1%
main:@53 = broadcast[axis=1,out_lens={64, 256, 13, 13}](main:@48) -> half_type, {64, 256, 13, 13}, {0, 1, 0, 0}: 0.00043096ms, 1%
main:@54 = gpu::code_object[code_object=13616,symbol_name=kernel,global=307200,local=1024,](main:@44,main:@53,main:@52) -> half_type, {64, 256, 13, 13}, {43264, 169, 13, 1}: 0.0332856ms, 2%
main:@55 = load[offset=1179648,end=2359296](main:@1) -> half_type, {64, 256, 6, 6}, {9216, 36, 6, 1}: 0.00035656ms, 1%
main:@56 = gpu::pooling[mode=max,padding={0, 0, 0, 0},stride={2, 2},lengths={3, 3},ceil_mode=0,lp_order=2](main:@54,main:@55) -> half_type, {64, 256, 6, 6}, {9216, 36, 6, 1}: 0.046335ms, 2%
main:@57 = load[offset=0,end=1179648](main:@1) -> half_type, {64, 256, 6, 6}, {9216, 36, 6, 1}: 0.00040096ms, 1%
main:@58 = gpu::pooling[mode=average,padding={0, 0, 0, 0},stride={1, 1},lengths={1, 1},ceil_mode=0,lp_order=2](main:@56,main:@57) -> half_type, {64, 256, 6, 6}, {9216, 36, 6, 1}: 0.0413822ms, 2%
main:@59 = load[offset=1179648,end=1703936](main:@1) -> half_type, {64, 4096}, {4096, 1}: 0.00037962ms, 1%
main:@60 = flatten[axis=1](main:@58) -> half_type, {64, 9216}, {9216, 1}: 0.00048344ms, 1%
main:@61 = gpu::gemm[alpha=1,beta=0,int8_x4_format=0](main:@60,main:@45,main:@59) -> half_type, {64, 4096}, {4096, 1}: 0.408372ms, 14%
main:@62 = load[offset=0,end=524288](main:@1) -> half_type, {64, 4096}, {4096, 1}: 0.00039344ms, 1%
main:@63 = gpu::code_object[code_object=13616,symbol_name=kernel,global=65536,local=1024,](main:@61,main:@49,main:@62) -> half_type, {64, 4096}, {4096, 1}: 0.0190795ms, 1%
main:@64 = load[offset=524288,end=1048576](main:@1) -> half_type, {64, 4096}, {4096, 1}: 0.0003353ms, 1%
main:@65 = gpu::gemm[alpha=1,beta=0,int8_x4_format=0](main:@63,main:@46,main:@64) -> half_type, {64, 4096}, {4096, 1}: 0.131829ms, 5%
main:@66 = load[offset=0,end=524288](main:@1) -> half_type, {64, 4096}, {4096, 1}: 0.00039756ms, 1%
main:@67 = gpu::code_object[code_object=13616,symbol_name=kernel,global=65536,local=1024,](main:@65,main:@50,main:@66) -> half_type, {64, 4096}, {4096, 1}: 0.019634ms, 1%
main:@68 = load[offset=524288,end=652288](main:@1) -> half_type, {64, 1000}, {1000, 1}: 0.0003411ms, 1%
main:@69 = gpu::gemm[alpha=1,beta=0,int8_x4_format=0](main:@67,main:@47,main:@68) -> half_type, {64, 1000}, {1000, 1}: 0.064751ms, 3%
main:#output_0 = @param:main:#output_0 -> float_type, {64, 1000}, {1000, 1}: 0.00051004ms, 1%
main:@71 = gpu::code_object[code_object=13616,symbol_name=kernel,global=16384,local=1024,](main:@69,main:@51,main:#output_0) -> float_type, {64, 1000}, {1000, 1}: 0.0177346ms, 1%
main:@72 = @return(main:@71)
Summary:
gpu::convolution: 1.70453ms, 58%
gpu::gemm: 0.604951ms, 21%
gpu::code_object: 0.392263ms, 14%
gpu::pooling: 0.245678ms, 9%
load: 0.00904874ms, 1%
hip::hip_copy_literal: 0.00643138ms, 1%
broadcast: 0.00233558ms, 1%
@param: 0.00087208ms, 1%
check_context::migraphx::version_1::gpu::context: 0.00056518ms, 1%
hip::hip_allocate_memory: 0.00049732ms, 1%
flatten: 0.00048344ms, 1%

Batch size: 1
Rate: 385.375/sec
Total time: 2.59487ms
Total instructions time: 2.96766ms
Overhead time: 0.0140207ms, -0.372787ms
Overhead: 1%, -14%
