Running [ MIGraphX Version: 2.10.0.fe8a075e6 ]: /src/AMDMIGraphX/build/bin/driver perf --gpu /new-saved-models/slim/mobilenet_i64.pb
Compiling ... 
Reading: /new-saved-models/slim/mobilenet_i64.pb
module: "main"
@0 = check_context::migraphx::gpu::context -> float_type, {}, {}, target_id=0
@1 = hip::hip_allocate_memory[shape=int8_type, {414728192}, {1},id=main:scratch] -> int8_type, {414728192}, {1}, target_id=0
@2 = hip::hip_copy_literal[id=main:@literal:8] -> float_type, {32, 3, 3, 3}, {27, 9, 3, 1}, target_id=0
@3 = load[offset=0,end=38880000](@1) -> float_type, {64, 3, 225, 225}, {151875, 50625, 225, 1}, target_id=0
input = @param:input -> float_type, {64, 3, 224, 224}, {150528, 50176, 224, 1}, target_id=0
@5 = gpu::code_object[code_object=5248,symbol_name=pad_kernel,global=212992,local=1024,](input,@3) -> float_type, {64, 3, 225, 225}, {151875, 50625, 225, 1}, target_id=0
@6 = load[offset=0,end=0](@1) -> int8_type, {0}, {1}, target_id=0
@7 = load[offset=205520896,end=308281344](@1) -> float_type, {64, 32, 112, 112}, {401408, 12544, 112, 1}, target_id=0
@8 = gpu::convolution[op={padding={0, 0, 0, 0},stride={2, 2},dilation={1, 1},group=1,padding_mode=0},solution_object={binary_object: 493},algo=0,solution_id=0](@5,@2,@6,@7) -> float_type, {64, 32, 112, 112}, {401408, 12544, 112, 1}, target_id=0
@9 = hip::hip_copy_literal[id=main:@literal:32] -> float_type, {512, 1, 1}, {1, 1, 1}, target_id=0
@10 = hip::hip_copy_literal[id=main:@literal:26] -> float_type, {512, 1, 1}, {1, 1, 1}, target_id=0
@11 = hip::hip_copy_literal[id=main:@literal:27] -> float_type, {64, 1, 3, 3}, {9, 9, 3, 1}, target_id=0
@12 = hip::hip_copy_literal[id=main:@literal:17] -> float_type, {512, 1, 3, 3}, {9, 9, 3, 1}, target_id=0
@13 = hip::hip_copy_literal[id=main:@literal:12] -> float_type, {128, 64, 1, 1}, {64, 1, 1, 1}, target_id=0
@14 = hip::hip_copy_literal[id=main:@literal:54] -> float_type, {1024, 1, 1}, {1, 1, 1}, target_id=0
@15 = hip::hip_copy_literal[id=main:@literal:49] -> float_type, {512, 1, 3, 3}, {9, 9, 3, 1}, target_id=0
@16 = hip::hip_copy_literal[id=main:@literal:55] -> float_type, {1001}, {1}, target_id=0
@17 = hip::hip_copy_literal[id=main:@literal:14] -> float_type, {512, 512, 1, 1}, {512, 1, 1, 1}, target_id=0
@18 = hip::hip_copy_literal[id=main:@literal:28] -> float_type, {32, 1, 3, 3}, {9, 9, 3, 1}, target_id=0
@19 = hip::hip_copy_literal[id=main:@literal:33] -> float_type, {128, 1, 3, 3}, {9, 9, 3, 1}, target_id=0
@20 = hip::hip_copy_literal[id=main:@literal:51] -> float_type, {512, 1, 1}, {1, 1, 1}, target_id=0
@21 = hip::hip_copy_literal[id=main:@literal:31] -> float_type, {1024, 1, 1}, {1, 1, 1}, target_id=0
@22 = hip::hip_copy_literal[id=main:@literal:11] -> float_type, {128, 128, 1, 1}, {128, 1, 1, 1}, target_id=0
@23 = hip::hip_copy_literal[id=main:@literal:38] -> float_type, {32, 1, 1}, {1, 1, 1}, target_id=0
@24 = hip::hip_copy_literal[id=main:@literal:39] -> float_type, {32, 1, 1}, {1, 1, 1}, target_id=0
@25 = hip::hip_copy_literal[id=main:@literal:22] -> float_type, {512, 1, 3, 3}, {9, 9, 3, 1}, target_id=0
@26 = hip::hip_copy_literal[id=main:@literal:30] -> float_type, {512, 1, 1}, {1, 1, 1}, target_id=0
@27 = hip::hip_copy_literal[id=main:@literal:40] -> float_type, {128, 1, 1}, {1, 1, 1}, target_id=0
@28 = hip::hip_copy_literal[id=main:@literal:36] -> float_type, {64, 1, 1}, {1, 1, 1}, target_id=0
@29 = hip::hip_copy_literal[id=main:@literal:19] -> float_type, {512, 1, 1}, {1, 1, 1}, target_id=0
@30 = hip::hip_copy_literal[id=main:@literal:29] -> float_type, {64, 1, 1}, {1, 1, 1}, target_id=0
@31 = hip::hip_copy_literal[id=main:@literal:41] -> float_type, {512, 1, 1}, {1, 1, 1}, target_id=0
@32 = hip::hip_copy_literal[id=main:@literal:52] -> float_type, {512, 1, 1}, {1, 1, 1}, target_id=0
@33 = hip::hip_copy_literal[id=main:@literal:1] -> float_type, {1024, 1024, 1, 1}, {1024, 1, 1, 1}, target_id=0
@34 = hip::hip_copy_literal[id=main:@literal:10] -> float_type, {512, 512, 1, 1}, {512, 1, 1, 1}, target_id=0
@35 = hip::hip_copy_literal[id=main:@literal:4] -> float_type, {512, 512, 1, 1}, {512, 1, 1, 1}, target_id=0
@36 = hip::hip_copy_literal[id=main:@literal:18] -> float_type, {512, 1, 3, 3}, {9, 9, 3, 1}, target_id=0
@37 = hip::hip_copy_literal[id=main:@literal:2] -> float_type, {512, 512, 1, 1}, {512, 1, 1, 1}, target_id=0
@38 = hip::hip_copy_literal[id=main:@literal:45] -> float_type, {512, 1, 1}, {1, 1, 1}, target_id=0
@39 = hip::hip_copy_literal[id=main:@literal:9] -> float_type, {256, 128, 1, 1}, {128, 1, 1, 1}, target_id=0
@40 = hip::hip_copy_literal[id=main:@literal:35] -> float_type, {1024, 1, 3, 3}, {9, 9, 3, 1}, target_id=0
@41 = hip::hip_copy_literal[id=main:@literal:21] -> float_type, {512, 1, 1}, {1, 1, 1}, target_id=0
@42 = hip::hip_copy_literal[id=main:@literal:53] -> float_type, {512, 1, 3, 3}, {9, 9, 3, 1}, target_id=0
@43 = hip::hip_copy_literal[id=main:@literal:0] -> float_type, {1024, 512, 1, 1}, {512, 1, 1, 1}, target_id=0
@44 = hip::hip_copy_literal[id=main:@literal:20] -> float_type, {256, 1, 3, 3}, {9, 9, 3, 1}, target_id=0
@45 = hip::hip_copy_literal[id=main:@literal:24] -> float_type, {256, 1, 1}, {1, 1, 1}, target_id=0
@46 = hip::hip_copy_literal[id=main:@literal:15] -> float_type, {512, 1, 3, 3}, {9, 9, 3, 1}, target_id=0
@47 = hip::hip_copy_literal[id=main:@literal:16] -> float_type, {512, 1, 1}, {1, 1, 1}, target_id=0
@48 = hip::hip_copy_literal[id=main:@literal:42] -> float_type, {512, 1, 1}, {1, 1, 1}, target_id=0
@49 = hip::hip_copy_literal[id=main:@literal:13] -> float_type, {64, 32, 1, 1}, {32, 1, 1, 1}, target_id=0
@50 = hip::hip_copy_literal[id=main:@literal:34] -> float_type, {256, 1, 1}, {1, 1, 1}, target_id=0
@51 = hip::hip_copy_literal[id=main:@literal:6] -> float_type, {512, 256, 1, 1}, {256, 1, 1, 1}, target_id=0
@52 = hip::hip_copy_literal[id=main:@literal:5] -> float_type, {1001, 1024, 1, 1}, {1024, 1, 1, 1}, target_id=0
@53 = hip::hip_copy_literal[id=main:@literal:48] -> float_type, {256, 1, 3, 3}, {9, 9, 3, 1}, target_id=0
@54 = hip::hip_copy_literal[id=main:@literal:25] -> float_type, {1024, 1, 1}, {1, 1, 1}, target_id=0
@55 = hip::hip_copy_literal[id=main:@literal:37] -> float_type, {512, 1, 1}, {1, 1, 1}, target_id=0
@56 = hip::hip_copy_literal[id=main:@literal:50] -> float_type, {256, 1, 1}, {1, 1, 1}, target_id=0
@57 = hip::hip_copy_literal[id=main:@literal:43] -> float_type, {128, 1, 1}, {1, 1, 1}, target_id=0
@58 = hip::hip_copy_literal[id=main:@literal:44] -> float_type, {128, 1, 3, 3}, {9, 9, 3, 1}, target_id=0
@59 = hip::hip_copy_literal[id=main:@literal:23] -> float_type, {256, 1, 1}, {1, 1, 1}, target_id=0
@60 = hip::hip_copy_literal[id=main:@literal:7] -> float_type, {256, 256, 1, 1}, {256, 1, 1, 1}, target_id=0
@61 = hip::hip_copy_literal[id=main:@literal:3] -> float_type, {512, 512, 1, 1}, {512, 1, 1, 1}, target_id=0
@62 = hip::hip_copy_literal[id=main:@literal:46] -> float_type, {128, 1, 1}, {1, 1, 1}, target_id=0
@63 = hip::hip_copy_literal[id=main:@literal:47] -> float_type, {128, 1, 1}, {1, 1, 1}, target_id=0
@64 = multibroadcast[out_lens={64, 32, 112, 112},out_dyn_dims={}](@23) -> float_type, {64, 32, 112, 112}, {0, 1, 0, 0}, target_id=0
@65 = load[offset=102760448,end=205520896](@1) -> float_type, {64, 32, 112, 112}, {401408, 12544, 112, 1}, target_id=0
@66 = gpu::code_object[code_object=5384,symbol_name=add_clip_kernel,global=3211264,local=1024,](@8,@64,@65) -> float_type, {64, 32, 112, 112}, {401408, 12544, 112, 1}, target_id=0
@67 = multibroadcast[out_lens={64, 32, 112, 112},out_dyn_dims={}](@24) -> float_type, {64, 32, 112, 112}, {0, 1, 0, 0}, target_id=0
@68 = load[offset=0,end=102760448](@1) -> float_type, {64, 32, 112, 112}, {401408, 12544, 112, 1}, target_id=0
@69 = gpu::code_object[code_object=5856,symbol_name=mlir_convolution_add_clip,global=51380224,local=256,](@67,@66,@18,@68) -> float_type, {64, 32, 112, 112}, {401408, 12544, 112, 1}, target_id=0
@70 = multibroadcast[out_lens={64, 64, 112, 112},out_dyn_dims={}](@30) -> float_type, {64, 64, 112, 112}, {0, 1, 0, 0}, target_id=0
@71 = load[offset=209207296,end=414728192](@1) -> float_type, {64, 64, 112, 112}, {802816, 12544, 112, 1}, target_id=0
@72 = gpu::code_object[code_object=7200,symbol_name=mlir_convolution_add_clip,global=3211264,local=256,](@70,@69,@49,@71) -> float_type, {64, 64, 112, 112}, {802816, 12544, 112, 1}, target_id=0
@73 = load[offset=0,end=209207296](@1) -> float_type, {64, 64, 113, 113}, {817216, 12769, 113, 1}, target_id=0
@74 = gpu::code_object[code_object=5248,symbol_name=pad_kernel,global=212992,local=1024,](@72,@73) -> float_type, {64, 64, 113, 113}, {817216, 12769, 113, 1}, target_id=0
@75 = multibroadcast[out_lens={64, 64, 56, 56},out_dyn_dims={}](@28) -> float_type, {64, 64, 56, 56}, {0, 1, 0, 0}, target_id=0
@76 = load[offset=209207296,end=260587520](@1) -> float_type, {64, 64, 56, 56}, {200704, 3136, 56, 1}, target_id=0
@77 = gpu::code_object[code_object=5728,symbol_name=mlir_convolution_add_clip,global=25690112,local=256,](@75,@74,@11,@76) -> float_type, {64, 64, 56, 56}, {200704, 3136, 56, 1}, target_id=0
@78 = multibroadcast[out_lens={64, 128, 56, 56},out_dyn_dims={}](@27) -> float_type, {64, 128, 56, 56}, {0, 1, 0, 0}, target_id=0
@79 = load[offset=102760448,end=205520896](@1) -> float_type, {64, 128, 56, 56}, {401408, 3136, 56, 1}, target_id=0
@80 = gpu::code_object[code_object=7712,symbol_name=mlir_convolution_add_clip,global=1605632,local=256,](@78,@77,@13,@79) -> float_type, {64, 128, 56, 56}, {401408, 3136, 56, 1}, target_id=0
@81 = multibroadcast[out_lens={64, 128, 56, 56},out_dyn_dims={}](@57) -> float_type, {64, 128, 56, 56}, {0, 1, 0, 0}, target_id=0
@82 = load[offset=0,end=102760448](@1) -> float_type, {64, 128, 56, 56}, {401408, 3136, 56, 1}, target_id=0
@83 = gpu::code_object[code_object=5856,symbol_name=mlir_convolution_add_clip,global=51380224,local=256,](@81,@80,@19,@82) -> float_type, {64, 128, 56, 56}, {401408, 3136, 56, 1}, target_id=0
@84 = load[offset=209223680,end=311984128](@1) -> float_type, {64, 128, 56, 56}, {401408, 3136, 56, 1}, target_id=0
@85 = multibroadcast[out_lens={64, 128, 56, 56},out_dyn_dims={}](@62) -> float_type, {64, 128, 56, 56}, {0, 1, 0, 0}, target_id=0
@86 = gpu::code_object[code_object=8800,symbol_name=mlir_convolution_add_clip,global=1605632,local=256,](@85,@83,@22,@84) -> float_type, {64, 128, 56, 56}, {401408, 3136, 56, 1}, target_id=0
@87 = load[offset=102760448,end=209223680](@1) -> float_type, {64, 128, 57, 57}, {415872, 3249, 57, 1}, target_id=0
@88 = gpu::code_object[code_object=5248,symbol_name=pad_kernel,global=212992,local=1024,](@86,@87) -> float_type, {64, 128, 57, 57}, {415872, 3249, 57, 1}, target_id=0
@89 = multibroadcast[out_lens={64, 128, 28, 28},out_dyn_dims={}](@63) -> float_type, {64, 128, 28, 28}, {0, 1, 0, 0}, target_id=0
@90 = load[offset=0,end=25690112](@1) -> float_type, {64, 128, 28, 28}, {100352, 784, 28, 1}, target_id=0
@91 = gpu::code_object[code_object=5856,symbol_name=mlir_convolution_add_clip,global=6422528,local=256,](@89,@88,@58,@90) -> float_type, {64, 128, 28, 28}, {100352, 784, 28, 1}, target_id=0
@92 = multibroadcast[out_lens={64, 256, 28, 28},out_dyn_dims={}](@56) -> float_type, {64, 256, 28, 28}, {0, 1, 0, 0}, target_id=0
@93 = load[offset=51380224,end=102760448](@1) -> float_type, {64, 256, 28, 28}, {200704, 784, 28, 1}, target_id=0
@94 = gpu::code_object[code_object=8928,symbol_name=mlir_convolution_add_clip,global=802816,local=256,](@92,@91,@39,@93) -> float_type, {64, 256, 28, 28}, {200704, 784, 28, 1}, target_id=0
@95 = load[offset=0,end=51380224](@1) -> float_type, {64, 256, 28, 28}, {200704, 784, 28, 1}, target_id=0
@96 = multibroadcast[out_lens={64, 256, 28, 28},out_dyn_dims={}](@59) -> float_type, {64, 256, 28, 28}, {0, 1, 0, 0}, target_id=0
@97 = gpu::code_object[code_object=5792,symbol_name=mlir_convolution_add_clip,global=25690112,local=256,](@96,@94,@53,@95) -> float_type, {64, 256, 28, 28}, {200704, 784, 28, 1}, target_id=0
@98 = multibroadcast[out_lens={64, 256, 28, 28},out_dyn_dims={}](@45) -> float_type, {64, 256, 28, 28}, {0, 1, 0, 0}, target_id=0
@99 = load[offset=106496000,end=157876224](@1) -> float_type, {64, 256, 28, 28}, {200704, 784, 28, 1}, target_id=0
@100 = gpu::code_object[code_object=8096,symbol_name=mlir_convolution_add_clip,global=802816,local=256,](@98,@97,@60,@99) -> float_type, {64, 256, 28, 28}, {200704, 784, 28, 1}, target_id=0
@101 = load[offset=51380224,end=106496000](@1) -> float_type, {64, 256, 29, 29}, {215296, 841, 29, 1}, target_id=0
@102 = gpu::code_object[code_object=5248,symbol_name=pad_kernel,global=212992,local=1024,](@100,@101) -> float_type, {64, 256, 29, 29}, {215296, 841, 29, 1}, target_id=0
@103 = load[offset=38535168,end=51380224](@1) -> float_type, {64, 256, 14, 14}, {50176, 196, 14, 1}, target_id=0
@104 = multibroadcast[out_lens={64, 256, 14, 14},out_dyn_dims={}](@50) -> float_type, {64, 256, 14, 14}, {0, 1, 0, 0}, target_id=0
@105 = gpu::code_object[code_object=5792,symbol_name=mlir_convolution_add_clip,global=6422528,local=256,](@104,@102,@44,@103) -> float_type, {64, 256, 14, 14}, {50176, 196, 14, 1}, target_id=0
@106 = load[offset=12845056,end=38535168](@1) -> float_type, {64, 512, 14, 14}, {100352, 196, 14, 1}, target_id=0
@107 = multibroadcast[out_lens={64, 512, 14, 14},out_dyn_dims={}](@55) -> float_type, {64, 512, 14, 14}, {0, 1, 0, 0}, target_id=0
@108 = gpu::code_object[code_object=8032,symbol_name=mlir_convolution_add_clip,global=401408,local=256,](@107,@105,@51,@106) -> float_type, {64, 512, 14, 14}, {100352, 196, 14, 1}, target_id=0
@109 = load[offset=51380224,end=77070336](@1) -> float_type, {64, 512, 14, 14}, {100352, 196, 14, 1}, target_id=0
@110 = multibroadcast[out_lens={64, 512, 14, 14},out_dyn_dims={}](@31) -> float_type, {64, 512, 14, 14}, {0, 1, 0, 0}, target_id=0
@111 = gpu::code_object[code_object=5856,symbol_name=mlir_convolution_add_clip,global=12845056,local=256,](@110,@108,@36,@109) -> float_type, {64, 512, 14, 14}, {100352, 196, 14, 1}, target_id=0
@112 = load[offset=25690112,end=51380224](@1) -> float_type, {64, 512, 14, 14}, {100352, 196, 14, 1}, target_id=0
@113 = multibroadcast[out_lens={64, 512, 14, 14},out_dyn_dims={}](@10) -> float_type, {64, 512, 14, 14}, {0, 1, 0, 0}, target_id=0
@114 = gpu::code_object[code_object=7392,symbol_name=mlir_convolution_add_clip,global=401408,local=256,](@113,@111,@35,@112) -> float_type, {64, 512, 14, 14}, {100352, 196, 14, 1}, target_id=0
@115 = load[offset=0,end=25690112](@1) -> float_type, {64, 512, 14, 14}, {100352, 196, 14, 1}, target_id=0
@116 = multibroadcast[out_lens={64, 512, 14, 14},out_dyn_dims={}](@9) -> float_type, {64, 512, 14, 14}, {0, 1, 0, 0}, target_id=0
@117 = gpu::code_object[code_object=5856,symbol_name=mlir_convolution_add_clip,global=12845056,local=256,](@116,@114,@25,@115) -> float_type, {64, 512, 14, 14}, {100352, 196, 14, 1}, target_id=0
@118 = multibroadcast[out_lens={64, 512, 14, 14},out_dyn_dims={}](@29) -> float_type, {64, 512, 14, 14}, {0, 1, 0, 0}, target_id=0
@119 = load[offset=51380224,end=77070336](@1) -> float_type, {64, 512, 14, 14}, {100352, 196, 14, 1}, target_id=0
@120 = gpu::code_object[code_object=7392,symbol_name=mlir_convolution_add_clip,global=401408,local=256,](@118,@117,@61,@119) -> float_type, {64, 512, 14, 14}, {100352, 196, 14, 1}, target_id=0
@121 = multibroadcast[out_lens={64, 512, 14, 14},out_dyn_dims={}](@47) -> float_type, {64, 512, 14, 14}, {0, 1, 0, 0}, target_id=0
@122 = load[offset=25690112,end=51380224](@1) -> float_type, {64, 512, 14, 14}, {100352, 196, 14, 1}, target_id=0
@123 = gpu::code_object[code_object=5856,symbol_name=mlir_convolution_add_clip,global=12845056,local=256,](@121,@120,@12,@122) -> float_type, {64, 512, 14, 14}, {100352, 196, 14, 1}, target_id=0
@124 = multibroadcast[out_lens={64, 512, 14, 14},out_dyn_dims={}](@48) -> float_type, {64, 512, 14, 14}, {0, 1, 0, 0}, target_id=0
@125 = load[offset=0,end=25690112](@1) -> float_type, {64, 512, 14, 14}, {100352, 196, 14, 1}, target_id=0
@126 = gpu::code_object[code_object=7392,symbol_name=mlir_convolution_add_clip,global=401408,local=256,](@124,@123,@37,@125) -> float_type, {64, 512, 14, 14}, {100352, 196, 14, 1}, target_id=0
@127 = multibroadcast[out_lens={64, 512, 14, 14},out_dyn_dims={}](@20) -> float_type, {64, 512, 14, 14}, {0, 1, 0, 0}, target_id=0
@128 = load[offset=51380224,end=77070336](@1) -> float_type, {64, 512, 14, 14}, {100352, 196, 14, 1}, target_id=0
@129 = gpu::code_object[code_object=5856,symbol_name=mlir_convolution_add_clip,global=12845056,local=256,](@127,@126,@46,@128) -> float_type, {64, 512, 14, 14}, {100352, 196, 14, 1}, target_id=0
@130 = load[offset=25690112,end=51380224](@1) -> float_type, {64, 512, 14, 14}, {100352, 196, 14, 1}, target_id=0
@131 = multibroadcast[out_lens={64, 512, 14, 14},out_dyn_dims={}](@32) -> float_type, {64, 512, 14, 14}, {0, 1, 0, 0}, target_id=0
@132 = gpu::code_object[code_object=7392,symbol_name=mlir_convolution_add_clip,global=401408,local=256,](@131,@129,@17,@130) -> float_type, {64, 512, 14, 14}, {100352, 196, 14, 1}, target_id=0
@133 = multibroadcast[out_lens={64, 512, 14, 14},out_dyn_dims={}](@38) -> float_type, {64, 512, 14, 14}, {0, 1, 0, 0}, target_id=0
@134 = load[offset=0,end=25690112](@1) -> float_type, {64, 512, 14, 14}, {100352, 196, 14, 1}, target_id=0
@135 = gpu::code_object[code_object=5856,symbol_name=mlir_convolution_add_clip,global=12845056,local=256,](@133,@132,@42,@134) -> float_type, {64, 512, 14, 14}, {100352, 196, 14, 1}, target_id=0
@136 = load[offset=55181312,end=80871424](@1) -> float_type, {64, 512, 14, 14}, {100352, 196, 14, 1}, target_id=0
@137 = multibroadcast[out_lens={64, 512, 14, 14},out_dyn_dims={}](@41) -> float_type, {64, 512, 14, 14}, {0, 1, 0, 0}, target_id=0
@138 = gpu::code_object[code_object=7392,symbol_name=mlir_convolution_add_clip,global=401408,local=256,](@137,@135,@34,@136) -> float_type, {64, 512, 14, 14}, {100352, 196, 14, 1}, target_id=0
@139 = load[offset=25690112,end=55181312](@1) -> float_type, {64, 512, 15, 15}, {115200, 225, 15, 1}, target_id=0
@140 = gpu::code_object[code_object=5248,symbol_name=pad_kernel,global=212992,local=1024,](@138,@139) -> float_type, {64, 512, 15, 15}, {115200, 225, 15, 1}, target_id=0
@141 = multibroadcast[out_lens={64, 512, 7, 7},out_dyn_dims={}](@26) -> float_type, {64, 512, 7, 7}, {0, 1, 0, 0}, target_id=0
@142 = load[offset=12845056,end=19267584](@1) -> float_type, {64, 512, 7, 7}, {25088, 49, 7, 1}, target_id=0
@143 = gpu::code_object[code_object=5920,symbol_name=mlir_convolution_add_clip,global=3276800,local=256,](@141,@140,@15,@142) -> float_type, {64, 512, 7, 7}, {25088, 49, 7, 1}, target_id=0
@144 = multibroadcast[out_lens={64, 1024, 7, 7},out_dyn_dims={}](@14) -> float_type, {64, 1024, 7, 7}, {0, 1, 0, 0}, target_id=0
@145 = load[offset=0,end=12845056](@1) -> float_type, {64, 1024, 7, 7}, {50176, 49, 7, 1}, target_id=0
@146 = gpu::code_object[code_object=16544,symbol_name=mlir_convolution_add_clip,global=51200,local=256,](@144,@143,@43,@145) -> float_type, {64, 1024, 7, 7}, {50176, 49, 7, 1}, target_id=0
@147 = load[offset=19267584,end=32112640](@1) -> float_type, {64, 1024, 7, 7}, {50176, 49, 7, 1}, target_id=0
@148 = multibroadcast[out_lens={64, 1024, 7, 7},out_dyn_dims={}](@54) -> float_type, {64, 1024, 7, 7}, {0, 1, 0, 0}, target_id=0
@149 = gpu::code_object[code_object=6688,symbol_name=mlir_convolution_add_clip,global=3407872,local=256,](@148,@146,@40,@147) -> float_type, {64, 1024, 7, 7}, {50176, 49, 7, 1}, target_id=0
@150 = load[offset=262144,end=13107200](@1) -> float_type, {64, 1024, 7, 7}, {50176, 49, 7, 1}, target_id=0
@151 = multibroadcast[out_lens={64, 1024, 7, 7},out_dyn_dims={}](@21) -> float_type, {64, 1024, 7, 7}, {0, 1, 0, 0}, target_id=0
@152 = gpu::code_object[code_object=16544,symbol_name=mlir_convolution_add_clip,global=51200,local=256,](@151,@149,@33,@150) -> float_type, {64, 1024, 7, 7}, {50176, 49, 7, 1}, target_id=0
@153 = load[offset=13107200,end=13369344](@1) -> float_type, {64, 1024, 1, 1}, {1024, 1, 1, 1}, target_id=0
@154 = gpu::pooling[mode=average,padding={0, 0, 0, 0},padding_mode=0,stride={2, 2},lengths={7, 7},dilations={1, 1},ceil_mode=0,lp_order=2,dyn_global=0](@152,@153) -> float_type, {64, 1024, 1, 1}, {1024, 1, 1, 1}, target_id=0
@155 = load[offset=0,end=256256](@1) -> float_type, {64, 1001, 1, 1}, {1001, 1, 1, 1}, target_id=0
@156 = broadcast[axis=1,out_lens={64, 1001, 1, 1}](@16) -> float_type, {64, 1001, 1, 1}, {0, 1, 0, 0}, target_id=0
@157 = gpu::code_object[code_object=6864,symbol_name=mlir_convolution_add,global=16384,local=256,](@156,@154,@52,@155) -> float_type, {64, 1001, 1, 1}, {1001, 1, 1, 1}, target_id=0
main:#output_0 = @param:main:#output_0 -> float_type, {64, 1001}, {1001, 1}, target_id=0
@159 = transpose[permutation={0, 2, 3, 1}](@157) -> float_type, {64, 1, 1, 1001}, {1001, 1, 1, 1}, target_id=0
@160 = squeeze[axes={1, 2}](@159) -> float_type, {64, 1001}, {1001, 1}, target_id=0
@161 = gpu::code_object[code_object=6848,symbol_name=reduce_max_sub_exp_reduce_sum_div_kernel,global=16384,local=256,](@160,main:#output_0) -> float_type, {64, 1001}, {1001, 1}, target_id=0
@162 = @return(@161), target_id=0


Allocating params ... 
Running performance report ... 
@0 = check_context::migraphx::gpu::context -> float_type, {}, {}, target_id=0: 0.00072854ms, 1%
@1 = hip::hip_allocate_memory[shape=int8_type, {414728192}, {1},id=main:scratch] -> int8_type, {414728192}, {1}, target_id=0: 0.00075496ms, 1%
@2 = hip::hip_copy_literal[id=main:@literal:8] -> float_type, {32, 3, 3, 3}, {27, 9, 3, 1}, target_id=0: 0.00062918ms, 1%
@3 = load[offset=0,end=38880000](@1) -> float_type, {64, 3, 225, 225}, {151875, 50625, 225, 1}, target_id=0: 0.00057594ms, 1%
input = @param:input -> float_type, {64, 3, 224, 224}, {150528, 50176, 224, 1}, target_id=0: 0.00033152ms, 1%
@5 = gpu::code_object[code_object=5248,symbol_name=pad_kernel,global=212992,local=1024,](input,@3) -> float_type, {64, 3, 225, 225}, {151875, 50625, 225, 1}, target_id=0: 0.116613ms, 1%
@6 = load[offset=0,end=0](@1) -> int8_type, {0}, {1}, target_id=0: 0.00058478ms, 1%
@7 = load[offset=205520896,end=308281344](@1) -> float_type, {64, 32, 112, 112}, {401408, 12544, 112, 1}, target_id=0: 0.0004653ms, 1%
@8 = gpu::convolution[op={padding={0, 0, 0, 0},stride={2, 2},dilation={1, 1},group=1,padding_mode=0},solution_object={binary_object: 493},algo=0,solution_id=0](@5,@2,@6,@7) -> float_type, {64, 32, 112, 112}, {401408, 12544, 112, 1}, target_id=0: 0.199676ms, 2%
@9 = hip::hip_copy_literal[id=main:@literal:32] -> float_type, {512, 1, 1}, {1, 1, 1}, target_id=0: 0.00077138ms, 1%
@10 = hip::hip_copy_literal[id=main:@literal:26] -> float_type, {512, 1, 1}, {1, 1, 1}, target_id=0: 0.00070348ms, 1%
@11 = hip::hip_copy_literal[id=main:@literal:27] -> float_type, {64, 1, 3, 3}, {9, 9, 3, 1}, target_id=0: 0.00043888ms, 1%
@12 = hip::hip_copy_literal[id=main:@literal:17] -> float_type, {512, 1, 3, 3}, {9, 9, 3, 1}, target_id=0: 0.00062298ms, 1%
@13 = hip::hip_copy_literal[id=main:@literal:12] -> float_type, {128, 64, 1, 1}, {64, 1, 1, 1}, target_id=0: 0.000427ms, 1%
@14 = hip::hip_copy_literal[id=main:@literal:54] -> float_type, {1024, 1, 1}, {1, 1, 1}, target_id=0: 0.00046414ms, 1%
@15 = hip::hip_copy_literal[id=main:@literal:49] -> float_type, {512, 1, 3, 3}, {9, 9, 3, 1}, target_id=0: 0.00041704ms, 1%
@16 = hip::hip_copy_literal[id=main:@literal:55] -> float_type, {1001}, {1}, target_id=0: 0.0004863ms, 1%
@17 = hip::hip_copy_literal[id=main:@literal:14] -> float_type, {512, 512, 1, 1}, {512, 1, 1, 1}, target_id=0: 0.00042726ms, 1%
@18 = hip::hip_copy_literal[id=main:@literal:28] -> float_type, {32, 1, 3, 3}, {9, 9, 3, 1}, target_id=0: 0.0004739ms, 1%
@19 = hip::hip_copy_literal[id=main:@literal:33] -> float_type, {128, 1, 3, 3}, {9, 9, 3, 1}, target_id=0: 0.00042546ms, 1%
@20 = hip::hip_copy_literal[id=main:@literal:51] -> float_type, {512, 1, 1}, {1, 1, 1}, target_id=0: 0.00052382ms, 1%
@21 = hip::hip_copy_literal[id=main:@literal:31] -> float_type, {1024, 1, 1}, {1, 1, 1}, target_id=0: 0.00042924ms, 1%
@22 = hip::hip_copy_literal[id=main:@literal:11] -> float_type, {128, 128, 1, 1}, {128, 1, 1, 1}, target_id=0: 0.00049278ms, 1%
@23 = hip::hip_copy_literal[id=main:@literal:38] -> float_type, {32, 1, 1}, {1, 1, 1}, target_id=0: 0.00059268ms, 1%
@24 = hip::hip_copy_literal[id=main:@literal:39] -> float_type, {32, 1, 1}, {1, 1, 1}, target_id=0: 0.00048066ms, 1%
@25 = hip::hip_copy_literal[id=main:@literal:22] -> float_type, {512, 1, 3, 3}, {9, 9, 3, 1}, target_id=0: 0.00042498ms, 1%
@26 = hip::hip_copy_literal[id=main:@literal:30] -> float_type, {512, 1, 1}, {1, 1, 1}, target_id=0: 0.0004767ms, 1%
@27 = hip::hip_copy_literal[id=main:@literal:40] -> float_type, {128, 1, 1}, {1, 1, 1}, target_id=0: 0.00052618ms, 1%
@28 = hip::hip_copy_literal[id=main:@literal:36] -> float_type, {64, 1, 1}, {1, 1, 1}, target_id=0: 0.00048472ms, 1%
@29 = hip::hip_copy_literal[id=main:@literal:19] -> float_type, {512, 1, 1}, {1, 1, 1}, target_id=0: 0.00040396ms, 1%
@30 = hip::hip_copy_literal[id=main:@literal:29] -> float_type, {64, 1, 1}, {1, 1, 1}, target_id=0: 0.00046538ms, 1%
@31 = hip::hip_copy_literal[id=main:@literal:41] -> float_type, {512, 1, 1}, {1, 1, 1}, target_id=0: 0.00043262ms, 1%
@32 = hip::hip_copy_literal[id=main:@literal:52] -> float_type, {512, 1, 1}, {1, 1, 1}, target_id=0: 0.00041984ms, 1%
@33 = hip::hip_copy_literal[id=main:@literal:1] -> float_type, {1024, 1024, 1, 1}, {1024, 1, 1, 1}, target_id=0: 0.000554ms, 1%
@34 = hip::hip_copy_literal[id=main:@literal:10] -> float_type, {512, 512, 1, 1}, {512, 1, 1, 1}, target_id=0: 0.0006472ms, 1%
@35 = hip::hip_copy_literal[id=main:@literal:4] -> float_type, {512, 512, 1, 1}, {512, 1, 1, 1}, target_id=0: 0.00039914ms, 1%
@36 = hip::hip_copy_literal[id=main:@literal:18] -> float_type, {512, 1, 3, 3}, {9, 9, 3, 1}, target_id=0: 0.00048572ms, 1%
@37 = hip::hip_copy_literal[id=main:@literal:2] -> float_type, {512, 512, 1, 1}, {512, 1, 1, 1}, target_id=0: 0.00037514ms, 1%
@38 = hip::hip_copy_literal[id=main:@literal:45] -> float_type, {512, 1, 1}, {1, 1, 1}, target_id=0: 0.0004497ms, 1%
@39 = hip::hip_copy_literal[id=main:@literal:9] -> float_type, {256, 128, 1, 1}, {128, 1, 1, 1}, target_id=0: 0.00037256ms, 1%
@40 = hip::hip_copy_literal[id=main:@literal:35] -> float_type, {1024, 1, 3, 3}, {9, 9, 3, 1}, target_id=0: 0.00044496ms, 1%
@41 = hip::hip_copy_literal[id=main:@literal:21] -> float_type, {512, 1, 1}, {1, 1, 1}, target_id=0: 0.00048098ms, 1%
@42 = hip::hip_copy_literal[id=main:@literal:53] -> float_type, {512, 1, 3, 3}, {9, 9, 3, 1}, target_id=0: 0.00040042ms, 1%
@43 = hip::hip_copy_literal[id=main:@literal:0] -> float_type, {1024, 512, 1, 1}, {512, 1, 1, 1}, target_id=0: 0.00036918ms, 1%
@44 = hip::hip_copy_literal[id=main:@literal:20] -> float_type, {256, 1, 3, 3}, {9, 9, 3, 1}, target_id=0: 0.0004789ms, 1%
@45 = hip::hip_copy_literal[id=main:@literal:24] -> float_type, {256, 1, 1}, {1, 1, 1}, target_id=0: 0.00041516ms, 1%
@46 = hip::hip_copy_literal[id=main:@literal:15] -> float_type, {512, 1, 3, 3}, {9, 9, 3, 1}, target_id=0: 0.0004459ms, 1%
@47 = hip::hip_copy_literal[id=main:@literal:16] -> float_type, {512, 1, 1}, {1, 1, 1}, target_id=0: 0.00041428ms, 1%
@48 = hip::hip_copy_literal[id=main:@literal:42] -> float_type, {512, 1, 1}, {1, 1, 1}, target_id=0: 0.0004227ms, 1%
@49 = hip::hip_copy_literal[id=main:@literal:13] -> float_type, {64, 32, 1, 1}, {32, 1, 1, 1}, target_id=0: 0.0004608ms, 1%
@50 = hip::hip_copy_literal[id=main:@literal:34] -> float_type, {256, 1, 1}, {1, 1, 1}, target_id=0: 0.00039478ms, 1%
@51 = hip::hip_copy_literal[id=main:@literal:6] -> float_type, {512, 256, 1, 1}, {256, 1, 1, 1}, target_id=0: 0.00039082ms, 1%
@52 = hip::hip_copy_literal[id=main:@literal:5] -> float_type, {1001, 1024, 1, 1}, {1024, 1, 1, 1}, target_id=0: 0.00037858ms, 1%
@53 = hip::hip_copy_literal[id=main:@literal:48] -> float_type, {256, 1, 3, 3}, {9, 9, 3, 1}, target_id=0: 0.0004755ms, 1%
@54 = hip::hip_copy_literal[id=main:@literal:25] -> float_type, {1024, 1, 1}, {1, 1, 1}, target_id=0: 0.00042554ms, 1%
@55 = hip::hip_copy_literal[id=main:@literal:37] -> float_type, {512, 1, 1}, {1, 1, 1}, target_id=0: 0.00046426ms, 1%
@56 = hip::hip_copy_literal[id=main:@literal:50] -> float_type, {256, 1, 1}, {1, 1, 1}, target_id=0: 0.00043588ms, 1%
@57 = hip::hip_copy_literal[id=main:@literal:43] -> float_type, {128, 1, 1}, {1, 1, 1}, target_id=0: 0.00064446ms, 1%
@58 = hip::hip_copy_literal[id=main:@literal:44] -> float_type, {128, 1, 3, 3}, {9, 9, 3, 1}, target_id=0: 0.00046252ms, 1%
@59 = hip::hip_copy_literal[id=main:@literal:23] -> float_type, {256, 1, 1}, {1, 1, 1}, target_id=0: 0.00043284ms, 1%
@60 = hip::hip_copy_literal[id=main:@literal:7] -> float_type, {256, 256, 1, 1}, {256, 1, 1, 1}, target_id=0: 0.00037958ms, 1%
@61 = hip::hip_copy_literal[id=main:@literal:3] -> float_type, {512, 512, 1, 1}, {512, 1, 1, 1}, target_id=0: 0.00037906ms, 1%
@62 = hip::hip_copy_literal[id=main:@literal:46] -> float_type, {128, 1, 1}, {1, 1, 1}, target_id=0: 0.0005079ms, 1%
@63 = hip::hip_copy_literal[id=main:@literal:47] -> float_type, {128, 1, 1}, {1, 1, 1}, target_id=0: 0.0004494ms, 1%
@64 = multibroadcast[out_lens={64, 32, 112, 112},out_dyn_dims={}](@23) -> float_type, {64, 32, 112, 112}, {0, 1, 0, 0}, target_id=0: 0.00149814ms, 1%
@65 = load[offset=102760448,end=205520896](@1) -> float_type, {64, 32, 112, 112}, {401408, 12544, 112, 1}, target_id=0: 0.0006281ms, 1%
@66 = gpu::code_object[code_object=5384,symbol_name=add_clip_kernel,global=3211264,local=1024,](@8,@64,@65) -> float_type, {64, 32, 112, 112}, {401408, 12544, 112, 1}, target_id=0: 0.243827ms, 2%
@67 = multibroadcast[out_lens={64, 32, 112, 112},out_dyn_dims={}](@24) -> float_type, {64, 32, 112, 112}, {0, 1, 0, 0}, target_id=0: 0.0007776ms, 1%
@68 = load[offset=0,end=102760448](@1) -> float_type, {64, 32, 112, 112}, {401408, 12544, 112, 1}, target_id=0: 0.00051778ms, 1%
@69 = gpu::code_object[code_object=5856,symbol_name=mlir_convolution_add_clip,global=51380224,local=256,](@67,@66,@18,@68) -> float_type, {64, 32, 112, 112}, {401408, 12544, 112, 1}, target_id=0: 2.06655ms, 12%
@70 = multibroadcast[out_lens={64, 64, 112, 112},out_dyn_dims={}](@30) -> float_type, {64, 64, 112, 112}, {0, 1, 0, 0}, target_id=0: 0.0014295ms, 1%
@71 = load[offset=209207296,end=414728192](@1) -> float_type, {64, 64, 112, 112}, {802816, 12544, 112, 1}, target_id=0: 0.00051216ms, 1%
@72 = gpu::code_object[code_object=7200,symbol_name=mlir_convolution_add_clip,global=3211264,local=256,](@70,@69,@49,@71) -> float_type, {64, 64, 112, 112}, {802816, 12544, 112, 1}, target_id=0: 0.369529ms, 3%
@73 = load[offset=0,end=209207296](@1) -> float_type, {64, 64, 113, 113}, {817216, 12769, 113, 1}, target_id=0: 0.00063084ms, 1%
@74 = gpu::code_object[code_object=5248,symbol_name=pad_kernel,global=212992,local=1024,](@72,@73) -> float_type, {64, 64, 113, 113}, {817216, 12769, 113, 1}, target_id=0: 0.573474ms, 4%
@75 = multibroadcast[out_lens={64, 64, 56, 56},out_dyn_dims={}](@28) -> float_type, {64, 64, 56, 56}, {0, 1, 0, 0}, target_id=0: 0.00141644ms, 1%
@76 = load[offset=209207296,end=260587520](@1) -> float_type, {64, 64, 56, 56}, {200704, 3136, 56, 1}, target_id=0: 0.00050438ms, 1%
@77 = gpu::code_object[code_object=5728,symbol_name=mlir_convolution_add_clip,global=25690112,local=256,](@75,@74,@11,@76) -> float_type, {64, 64, 56, 56}, {200704, 3136, 56, 1}, target_id=0: 1.09627ms, 7%
@78 = multibroadcast[out_lens={64, 128, 56, 56},out_dyn_dims={}](@27) -> float_type, {64, 128, 56, 56}, {0, 1, 0, 0}, target_id=0: 0.00153148ms, 1%
@79 = load[offset=102760448,end=205520896](@1) -> float_type, {64, 128, 56, 56}, {401408, 3136, 56, 1}, target_id=0: 0.00048718ms, 1%
@80 = gpu::code_object[code_object=7712,symbol_name=mlir_convolution_add_clip,global=1605632,local=256,](@78,@77,@13,@79) -> float_type, {64, 128, 56, 56}, {401408, 3136, 56, 1}, target_id=0: 0.282544ms, 2%
@81 = multibroadcast[out_lens={64, 128, 56, 56},out_dyn_dims={}](@57) -> float_type, {64, 128, 56, 56}, {0, 1, 0, 0}, target_id=0: 0.00144052ms, 1%
@82 = load[offset=0,end=102760448](@1) -> float_type, {64, 128, 56, 56}, {401408, 3136, 56, 1}, target_id=0: 0.00049312ms, 1%
@83 = gpu::code_object[code_object=5856,symbol_name=mlir_convolution_add_clip,global=51380224,local=256,](@81,@80,@19,@82) -> float_type, {64, 128, 56, 56}, {401408, 3136, 56, 1}, target_id=0: 2.1916ms, 13%
@84 = load[offset=209223680,end=311984128](@1) -> float_type, {64, 128, 56, 56}, {401408, 3136, 56, 1}, target_id=0: 0.00063534ms, 1%
@85 = multibroadcast[out_lens={64, 128, 56, 56},out_dyn_dims={}](@62) -> float_type, {64, 128, 56, 56}, {0, 1, 0, 0}, target_id=0: 0.0016401ms, 1%
@86 = gpu::code_object[code_object=8800,symbol_name=mlir_convolution_add_clip,global=1605632,local=256,](@85,@83,@22,@84) -> float_type, {64, 128, 56, 56}, {401408, 3136, 56, 1}, target_id=0: 0.462625ms, 3%
@87 = load[offset=102760448,end=209223680](@1) -> float_type, {64, 128, 57, 57}, {415872, 3249, 57, 1}, target_id=0: 0.00056988ms, 1%
@88 = gpu::code_object[code_object=5248,symbol_name=pad_kernel,global=212992,local=1024,](@86,@87) -> float_type, {64, 128, 57, 57}, {415872, 3249, 57, 1}, target_id=0: 0.284888ms, 2%
@89 = multibroadcast[out_lens={64, 128, 28, 28},out_dyn_dims={}](@63) -> float_type, {64, 128, 28, 28}, {0, 1, 0, 0}, target_id=0: 0.0016764ms, 1%
@90 = load[offset=0,end=25690112](@1) -> float_type, {64, 128, 28, 28}, {100352, 784, 28, 1}, target_id=0: 0.00049138ms, 1%
@91 = gpu::code_object[code_object=5856,symbol_name=mlir_convolution_add_clip,global=6422528,local=256,](@89,@88,@58,@90) -> float_type, {64, 128, 28, 28}, {100352, 784, 28, 1}, target_id=0: 0.472415ms, 3%
@92 = multibroadcast[out_lens={64, 256, 28, 28},out_dyn_dims={}](@56) -> float_type, {64, 256, 28, 28}, {0, 1, 0, 0}, target_id=0: 0.00132906ms, 1%
@93 = load[offset=51380224,end=102760448](@1) -> float_type, {64, 256, 28, 28}, {200704, 784, 28, 1}, target_id=0: 0.0004905ms, 1%
@94 = gpu::code_object[code_object=8928,symbol_name=mlir_convolution_add_clip,global=802816,local=256,](@92,@91,@39,@93) -> float_type, {64, 256, 28, 28}, {200704, 784, 28, 1}, target_id=0: 0.247868ms, 2%
@95 = load[offset=0,end=51380224](@1) -> float_type, {64, 256, 28, 28}, {200704, 784, 28, 1}, target_id=0: 0.00058978ms, 1%
@96 = multibroadcast[out_lens={64, 256, 28, 28},out_dyn_dims={}](@59) -> float_type, {64, 256, 28, 28}, {0, 1, 0, 0}, target_id=0: 0.00154764ms, 1%
@97 = gpu::code_object[code_object=5792,symbol_name=mlir_convolution_add_clip,global=25690112,local=256,](@96,@94,@53,@95) -> float_type, {64, 256, 28, 28}, {200704, 784, 28, 1}, target_id=0: 1.02168ms, 6%
@98 = multibroadcast[out_lens={64, 256, 28, 28},out_dyn_dims={}](@45) -> float_type, {64, 256, 28, 28}, {0, 1, 0, 0}, target_id=0: 0.00141388ms, 1%
@99 = load[offset=106496000,end=157876224](@1) -> float_type, {64, 256, 28, 28}, {200704, 784, 28, 1}, target_id=0: 0.000499ms, 1%
@100 = gpu::code_object[code_object=8096,symbol_name=mlir_convolution_add_clip,global=802816,local=256,](@98,@97,@60,@99) -> float_type, {64, 256, 28, 28}, {200704, 784, 28, 1}, target_id=0: 0.432984ms, 3%
@101 = load[offset=51380224,end=106496000](@1) -> float_type, {64, 256, 29, 29}, {215296, 841, 29, 1}, target_id=0: 0.00062324ms, 1%
@102 = gpu::code_object[code_object=5248,symbol_name=pad_kernel,global=212992,local=1024,](@100,@101) -> float_type, {64, 256, 29, 29}, {215296, 841, 29, 1}, target_id=0: 0.150399ms, 1%
@103 = load[offset=38535168,end=51380224](@1) -> float_type, {64, 256, 14, 14}, {50176, 196, 14, 1}, target_id=0: 0.00058094ms, 1%
@104 = multibroadcast[out_lens={64, 256, 14, 14},out_dyn_dims={}](@50) -> float_type, {64, 256, 14, 14}, {0, 1, 0, 0}, target_id=0: 0.0025428ms, 1%
@105 = gpu::code_object[code_object=5792,symbol_name=mlir_convolution_add_clip,global=6422528,local=256,](@104,@102,@44,@103) -> float_type, {64, 256, 14, 14}, {50176, 196, 14, 1}, target_id=0: 0.273316ms, 2%
@106 = load[offset=12845056,end=38535168](@1) -> float_type, {64, 512, 14, 14}, {100352, 196, 14, 1}, target_id=0: 0.00054828ms, 1%
@107 = multibroadcast[out_lens={64, 512, 14, 14},out_dyn_dims={}](@55) -> float_type, {64, 512, 14, 14}, {0, 1, 0, 0}, target_id=0: 0.00081436ms, 1%
@108 = gpu::code_object[code_object=8032,symbol_name=mlir_convolution_add_clip,global=401408,local=256,](@107,@105,@51,@106) -> float_type, {64, 512, 14, 14}, {100352, 196, 14, 1}, target_id=0: 0.250035ms, 2%
@109 = load[offset=51380224,end=77070336](@1) -> float_type, {64, 512, 14, 14}, {100352, 196, 14, 1}, target_id=0: 0.00056346ms, 1%
@110 = multibroadcast[out_lens={64, 512, 14, 14},out_dyn_dims={}](@31) -> float_type, {64, 512, 14, 14}, {0, 1, 0, 0}, target_id=0: 0.0013798ms, 1%
@111 = gpu::code_object[code_object=5856,symbol_name=mlir_convolution_add_clip,global=12845056,local=256,](@110,@108,@36,@109) -> float_type, {64, 512, 14, 14}, {100352, 196, 14, 1}, target_id=0: 0.520075ms, 3%
@112 = load[offset=25690112,end=51380224](@1) -> float_type, {64, 512, 14, 14}, {100352, 196, 14, 1}, target_id=0: 0.00055504ms, 1%
@113 = multibroadcast[out_lens={64, 512, 14, 14},out_dyn_dims={}](@10) -> float_type, {64, 512, 14, 14}, {0, 1, 0, 0}, target_id=0: 0.00142934ms, 1%
@114 = gpu::code_object[code_object=7392,symbol_name=mlir_convolution_add_clip,global=401408,local=256,](@113,@111,@35,@112) -> float_type, {64, 512, 14, 14}, {100352, 196, 14, 1}, target_id=0: 0.449501ms, 3%
@115 = load[offset=0,end=25690112](@1) -> float_type, {64, 512, 14, 14}, {100352, 196, 14, 1}, target_id=0: 0.00055404ms, 1%
@116 = multibroadcast[out_lens={64, 512, 14, 14},out_dyn_dims={}](@9) -> float_type, {64, 512, 14, 14}, {0, 1, 0, 0}, target_id=0: 0.00128258ms, 1%
@117 = gpu::code_object[code_object=5856,symbol_name=mlir_convolution_add_clip,global=12845056,local=256,](@116,@114,@25,@115) -> float_type, {64, 512, 14, 14}, {100352, 196, 14, 1}, target_id=0: 0.519046ms, 3%
@118 = multibroadcast[out_lens={64, 512, 14, 14},out_dyn_dims={}](@29) -> float_type, {64, 512, 14, 14}, {0, 1, 0, 0}, target_id=0: 0.00161228ms, 1%
@119 = load[offset=51380224,end=77070336](@1) -> float_type, {64, 512, 14, 14}, {100352, 196, 14, 1}, target_id=0: 0.0006286ms, 1%
@120 = gpu::code_object[code_object=7392,symbol_name=mlir_convolution_add_clip,global=401408,local=256,](@118,@117,@61,@119) -> float_type, {64, 512, 14, 14}, {100352, 196, 14, 1}, target_id=0: 0.449552ms, 3%
@121 = multibroadcast[out_lens={64, 512, 14, 14},out_dyn_dims={}](@47) -> float_type, {64, 512, 14, 14}, {0, 1, 0, 0}, target_id=0: 0.0014317ms, 1%
@122 = load[offset=25690112,end=51380224](@1) -> float_type, {64, 512, 14, 14}, {100352, 196, 14, 1}, target_id=0: 0.00051178ms, 1%
@123 = gpu::code_object[code_object=5856,symbol_name=mlir_convolution_add_clip,global=12845056,local=256,](@121,@120,@12,@122) -> float_type, {64, 512, 14, 14}, {100352, 196, 14, 1}, target_id=0: 0.518408ms, 3%
@124 = multibroadcast[out_lens={64, 512, 14, 14},out_dyn_dims={}](@48) -> float_type, {64, 512, 14, 14}, {0, 1, 0, 0}, target_id=0: 0.0013402ms, 1%
@125 = load[offset=0,end=25690112](@1) -> float_type, {64, 512, 14, 14}, {100352, 196, 14, 1}, target_id=0: 0.00050358ms, 1%
@126 = gpu::code_object[code_object=7392,symbol_name=mlir_convolution_add_clip,global=401408,local=256,](@124,@123,@37,@125) -> float_type, {64, 512, 14, 14}, {100352, 196, 14, 1}, target_id=0: 0.448303ms, 3%
@127 = multibroadcast[out_lens={64, 512, 14, 14},out_dyn_dims={}](@20) -> float_type, {64, 512, 14, 14}, {0, 1, 0, 0}, target_id=0: 0.0011126ms, 1%
@128 = load[offset=51380224,end=77070336](@1) -> float_type, {64, 512, 14, 14}, {100352, 196, 14, 1}, target_id=0: 0.00049702ms, 1%
@129 = gpu::code_object[code_object=5856,symbol_name=mlir_convolution_add_clip,global=12845056,local=256,](@127,@126,@46,@128) -> float_type, {64, 512, 14, 14}, {100352, 196, 14, 1}, target_id=0: 0.518717ms, 3%
@130 = load[offset=25690112,end=51380224](@1) -> float_type, {64, 512, 14, 14}, {100352, 196, 14, 1}, target_id=0: 0.00058768ms, 1%
@131 = multibroadcast[out_lens={64, 512, 14, 14},out_dyn_dims={}](@32) -> float_type, {64, 512, 14, 14}, {0, 1, 0, 0}, target_id=0: 0.00091768ms, 1%
@132 = gpu::code_object[code_object=7392,symbol_name=mlir_convolution_add_clip,global=401408,local=256,](@131,@129,@17,@130) -> float_type, {64, 512, 14, 14}, {100352, 196, 14, 1}, target_id=0: 0.44905ms, 3%
@133 = multibroadcast[out_lens={64, 512, 14, 14},out_dyn_dims={}](@38) -> float_type, {64, 512, 14, 14}, {0, 1, 0, 0}, target_id=0: 0.00103076ms, 1%
@134 = load[offset=0,end=25690112](@1) -> float_type, {64, 512, 14, 14}, {100352, 196, 14, 1}, target_id=0: 0.00065706ms, 1%
@135 = gpu::code_object[code_object=5856,symbol_name=mlir_convolution_add_clip,global=12845056,local=256,](@133,@132,@42,@134) -> float_type, {64, 512, 14, 14}, {100352, 196, 14, 1}, target_id=0: 0.517696ms, 3%
@136 = load[offset=55181312,end=80871424](@1) -> float_type, {64, 512, 14, 14}, {100352, 196, 14, 1}, target_id=0: 0.00061664ms, 1%
@137 = multibroadcast[out_lens={64, 512, 14, 14},out_dyn_dims={}](@41) -> float_type, {64, 512, 14, 14}, {0, 1, 0, 0}, target_id=0: 0.00094478ms, 1%
@138 = gpu::code_object[code_object=7392,symbol_name=mlir_convolution_add_clip,global=401408,local=256,](@137,@135,@34,@136) -> float_type, {64, 512, 14, 14}, {100352, 196, 14, 1}, target_id=0: 0.447781ms, 3%
@139 = load[offset=25690112,end=55181312](@1) -> float_type, {64, 512, 15, 15}, {115200, 225, 15, 1}, target_id=0: 0.00057272ms, 1%
@140 = gpu::code_object[code_object=5248,symbol_name=pad_kernel,global=212992,local=1024,](@138,@139) -> float_type, {64, 512, 15, 15}, {115200, 225, 15, 1}, target_id=0: 0.0884596ms, 1%
@141 = multibroadcast[out_lens={64, 512, 7, 7},out_dyn_dims={}](@26) -> float_type, {64, 512, 7, 7}, {0, 1, 0, 0}, target_id=0: 0.00263786ms, 1%
@142 = load[offset=12845056,end=19267584](@1) -> float_type, {64, 512, 7, 7}, {25088, 49, 7, 1}, target_id=0: 0.0005156ms, 1%
@143 = gpu::code_object[code_object=5920,symbol_name=mlir_convolution_add_clip,global=3276800,local=256,](@141,@140,@15,@142) -> float_type, {64, 512, 7, 7}, {25088, 49, 7, 1}, target_id=0: 0.166993ms, 1%
@144 = multibroadcast[out_lens={64, 1024, 7, 7},out_dyn_dims={}](@14) -> float_type, {64, 1024, 7, 7}, {0, 1, 0, 0}, target_id=0: 0.00110782ms, 1%
@145 = load[offset=0,end=12845056](@1) -> float_type, {64, 1024, 7, 7}, {50176, 49, 7, 1}, target_id=0: 0.0005168ms, 1%
@146 = gpu::code_object[code_object=16544,symbol_name=mlir_convolution_add_clip,global=51200,local=256,](@144,@143,@43,@145) -> float_type, {64, 1024, 7, 7}, {50176, 49, 7, 1}, target_id=0: 0.284528ms, 2%
@147 = load[offset=19267584,end=32112640](@1) -> float_type, {64, 1024, 7, 7}, {50176, 49, 7, 1}, target_id=0: 0.00059226ms, 1%
@148 = multibroadcast[out_lens={64, 1024, 7, 7},out_dyn_dims={}](@54) -> float_type, {64, 1024, 7, 7}, {0, 1, 0, 0}, target_id=0: 0.00065932ms, 1%
@149 = gpu::code_object[code_object=6688,symbol_name=mlir_convolution_add_clip,global=3407872,local=256,](@148,@146,@40,@147) -> float_type, {64, 1024, 7, 7}, {50176, 49, 7, 1}, target_id=0: 0.294672ms, 2%
@150 = load[offset=262144,end=13107200](@1) -> float_type, {64, 1024, 7, 7}, {50176, 49, 7, 1}, target_id=0: 0.0005649ms, 1%
@151 = multibroadcast[out_lens={64, 1024, 7, 7},out_dyn_dims={}](@21) -> float_type, {64, 1024, 7, 7}, {0, 1, 0, 0}, target_id=0: 0.0006866ms, 1%
@152 = gpu::code_object[code_object=16544,symbol_name=mlir_convolution_add_clip,global=51200,local=256,](@151,@149,@33,@150) -> float_type, {64, 1024, 7, 7}, {50176, 49, 7, 1}, target_id=0: 0.512334ms, 3%
@153 = load[offset=13107200,end=13369344](@1) -> float_type, {64, 1024, 1, 1}, {1024, 1, 1, 1}, target_id=0: 0.00057336ms, 1%
@154 = gpu::pooling[mode=average,padding={0, 0, 0, 0},padding_mode=0,stride={2, 2},lengths={7, 7},dilations={1, 1},ceil_mode=0,lp_order=2,dyn_global=0](@152,@153) -> float_type, {64, 1024, 1, 1}, {1024, 1, 1, 1}, target_id=0: 0.552453ms, 4%
@155 = load[offset=0,end=256256](@1) -> float_type, {64, 1001, 1, 1}, {1001, 1, 1, 1}, target_id=0: 0.00063418ms, 1%
@156 = broadcast[axis=1,out_lens={64, 1001, 1, 1}](@16) -> float_type, {64, 1001, 1, 1}, {0, 1, 0, 0}, target_id=0: 0.0012992ms, 1%
@157 = gpu::code_object[code_object=6864,symbol_name=mlir_convolution_add,global=16384,local=256,](@156,@154,@52,@155) -> float_type, {64, 1001, 1, 1}, {1001, 1, 1, 1}, target_id=0: 0.0520713ms, 1%
main:#output_0 = @param:main:#output_0 -> float_type, {64, 1001}, {1001, 1}, target_id=0: 0.00077264ms, 1%
@159 = transpose[permutation={0, 2, 3, 1}](@157) -> float_type, {64, 1, 1, 1001}, {1001, 1, 1, 1}, target_id=0: 0.00119066ms, 1%
@160 = squeeze[axes={1, 2}](@159) -> float_type, {64, 1001}, {1001, 1}, target_id=0: 0.00079476ms, 1%
@161 = gpu::code_object[code_object=6848,symbol_name=reduce_max_sub_exp_reduce_sum_div_kernel,global=16384,local=256,](@160,main:#output_0) -> float_type, {64, 1001}, {1001, 1}, target_id=0: 0.028615ms, 1%
@162 = @return(@161), target_id=0
Summary:
gpu::code_object::mlir_convolution_add_clip: 15.2641ms / 26 = 0.58708ms, 87%
gpu::code_object::pad_kernel: 1.21383ms / 5 = 0.242767ms, 7%
gpu::pooling: 0.552453ms / 1 = 0.552453ms, 4%
gpu::code_object::add_clip_kernel: 0.243827ms / 1 = 0.243827ms, 2%
gpu::convolution: 0.199676ms / 1 = 0.199676ms, 2%
gpu::code_object::mlir_convolution_add: 0.0520713ms / 1 = 0.0520713ms, 1%
multibroadcast: 0.0366312ms / 27 = 0.00135671ms, 1%
gpu::code_object::reduce_max_sub_exp_reduce_sum_div_kernel: 0.028615ms / 1 = 0.028615ms, 1%
hip::hip_copy_literal: 0.0262784ms / 56 = 0.000469257ms, 1%
load: 0.0200726ms / 36 = 0.000557573ms, 1%
broadcast: 0.0012992ms / 1 = 0.0012992ms, 1%
transpose: 0.00119066ms / 1 = 0.00119066ms, 1%
@param: 0.00110416ms / 2 = 0.00055208ms, 1%
squeeze: 0.00079476ms / 1 = 0.00079476ms, 1%
hip::hip_allocate_memory: 0.00075496ms / 1 = 0.00075496ms, 1%
check_context::migraphx::gpu::context: 0.00072854ms / 1 = 0.00072854ms, 1%

Batch size: 1
Rate: 59.353 inferences/sec
Total time: 16.8483ms
Total instructions time: 17.6434ms
Overhead time: 0.0226268ms, -0.795051ms
Overhead: 0%, -5%
[ MIGraphX Version: 2.10.0.fe8a075e6 ] Complete: /src/AMDMIGraphX/build/bin/driver perf --gpu /new-saved-models/slim/mobilenet_i64.pb
