Running [ MIGraphX Version: 2.9.0.c84f0af3f ]: /src/AMDMIGraphX/build/bin/driver perf --fill1 input lS_i --input-dim @input 307200 13 @lS_i 26 307200 --gpu --enable-offload-copy --gpu /new-saved-models/dlrm/pt_dlrm_criteoterabyte_13_26_20k_1.1_M2.4/float/pt_dlrm_fp32_onnx/pt_dlrm_fp32.onnx
Compiling ... 
Reading: /new-saved-models/dlrm/pt_dlrm_criteoterabyte_13_26_20k_1.1_M2.4/float/pt_dlrm_fp32_onnx/pt_dlrm_fp32.onnx
module: "main"
@0 = check_context::migraphx::gpu::context -> float_type, {}, {}, target_id=0
@1 = hip::hip_allocate_memory[shape=int8_type, {4246732800}, {1},id=main:scratch] -> int8_type, {4246732800}, {1}, target_id=0
@2 = load[offset=2752512000,end=2768486400](@1) -> float_type, {307200, 13}, {13, 1}, target_id=0
input = @param:input -> float_type, {307200, 13}, {13, 1}, target_id=0
@4 = hip::copy_to_gpu(input,@2) -> float_type, {307200, 13}, {13, 1}, target_id=0
@5 = load[offset=0,end=63897600](@1) -> int64_type, {26, 307200}, {307200, 1}, target_id=0
lS_i = @param:lS_i -> int64_type, {26, 307200}, {307200, 1}, target_id=0
@7 = hip::copy_to_gpu(lS_i,@5) -> int64_type, {26, 307200}, {307200, 1}, target_id=0
@8 = hip::hip_copy_literal[id=main:@literal:0] -> float_type, {13, 512}, {512, 1}, target_id=0
@9 = hip::hip_copy_literal[id=main:@literal:3] -> float_type, {256, 64}, {64, 1}, target_id=0
@10 = hip::hip_copy_literal[id=main:@literal:6] -> float_type, {256, 1}, {1, 1}, target_id=0
@11 = hip::hip_copy_literal[id=main:@literal:13] -> float_type, {256}, {1}, target_id=0
@12 = hip::hip_copy_literal[id=main:@literal:14] -> float_type, {512}, {1}, target_id=0
@13 = hip::hip_copy_literal[id=main:@literal:15] -> float_type, {36, 64}, {64, 1}, target_id=0
@14 = hip::hip_copy_literal[id=main:@literal:5] -> float_type, {512, 512}, {512, 1}, target_id=0
@15 = hip::hip_copy_literal[id=main:@literal:17] -> float_type, {12420, 64}, {64, 1}, target_id=0
@16 = hip::hip_copy_literal[id=main:@literal:18] -> float_type, {415421, 64}, {64, 1}, target_id=0
@17 = hip::hip_copy_literal[id=main:@literal:19] -> float_type, {9946608, 64}, {64, 1}, target_id=0
@18 = hip::hip_copy_literal[id=main:@literal:20] -> float_type, {7267859, 64}, {64, 1}, target_id=0
@19 = hip::hip_copy_literal[id=main:@literal:21] -> float_type, {9994222, 64}, {64, 1}, target_id=0
@20 = hip::hip_copy_literal[id=main:@literal:22] -> float_type, {14, 64}, {64, 1}, target_id=0
@21 = hip::hip_copy_literal[id=main:@literal:23] -> float_type, {970, 64}, {64, 1}, target_id=0
@22 = hip::hip_copy_literal[id=main:@literal:24] -> float_type, {4, 64}, {64, 1}, target_id=0
@23 = hip::hip_copy_literal[id=main:@literal:25] -> float_type, {122, 64}, {64, 1}, target_id=0
@24 = hip::hip_copy_literal[id=main:@literal:12] -> float_type, {64}, {1}, target_id=0
@25 = hip::hip_copy_literal[id=main:@literal:16] -> float_type, {101, 64}, {64, 1}, target_id=0
@26 = hip::hip_copy_literal[id=main:@literal:9] -> float_type, {256}, {1}, target_id=0
@27 = hip::hip_copy_literal[id=main:@literal:10] -> float_type, {512}, {1}, target_id=0
@28 = hip::hip_copy_literal[id=main:@literal:11] -> float_type, {512}, {1}, target_id=0
@29 = hip::hip_copy_literal[id=main:@literal:8] -> float_type, {1}, {1}, target_id=0
@30 = hip::hip_copy_literal[id=main:@literal:1] -> float_type, {512, 256}, {256, 1}, target_id=0
@31 = hip::hip_copy_literal[id=main:@literal:2] -> float_type, {512, 256}, {256, 1}, target_id=0
@32 = hip::hip_copy_literal[id=main:@literal:26] -> float_type, {11156, 64}, {64, 1}, target_id=0
@33 = hip::hip_copy_literal[id=main:@literal:27] -> float_type, {2208, 64}, {64, 1}, target_id=0
@34 = hip::hip_copy_literal[id=main:@literal:28] -> float_type, {10, 64}, {64, 1}, target_id=0
@35 = hip::hip_copy_literal[id=main:@literal:4] -> float_type, {415, 512}, {512, 1}, target_id=0
@36 = hip::hip_copy_literal[id=main:@literal:7] -> float_type, {351}, {1}, target_id=0
@37 = hip::hip_copy_literal[id=main:@literal:29] -> float_type, {313829, 64}, {64, 1}, target_id=0
@38 = hip::hip_copy_literal[id=main:@literal:30] -> float_type, {1333352, 64}, {64, 1}, target_id=0
@39 = hip::hip_copy_literal[id=main:@literal:31] -> float_type, {9758201, 64}, {64, 1}, target_id=0
@40 = hip::hip_copy_literal[id=main:@literal:32] -> float_type, {61, 64}, {64, 1}, target_id=0
@41 = hip::hip_copy_literal[id=main:@literal:33] -> float_type, {1442, 64}, {64, 1}, target_id=0
@42 = hip::hip_copy_literal[id=main:@literal:34] -> float_type, {7112, 64}, {64, 1}, target_id=0
@43 = hip::hip_copy_literal[id=main:@literal:35] -> float_type, {3, 64}, {64, 1}, target_id=0
@44 = hip::hip_copy_literal[id=main:@literal:36] -> float_type, {20134, 64}, {64, 1}, target_id=0
@45 = hip::hip_copy_literal[id=main:@literal:37] -> float_type, {7378, 64}, {64, 1}, target_id=0
@46 = hip::hip_copy_literal[id=main:@literal:38] -> float_type, {17217, 64}, {64, 1}, target_id=0
@47 = hip::hip_copy_literal[id=main:@literal:39] -> float_type, {36084, 64}, {64, 1}, target_id=0
@48 = hip::hip_copy_literal[id=main:@literal:40] -> float_type, {9980333, 64}, {64, 1}, target_id=0
@49 = load[offset=2123366400,end=2155315200](@1) -> float_type, {26, 307200}, {307200, 1}, target_id=0
@50 = gpu::code_object[code_object=4128,symbol_name=convert_kernel,global=1996800,local=1024,](@7,@49) -> float_type, {26, 307200}, {307200, 1}, target_id=0
@51 = slice[axes={0},starts={25},ends={26}](@50) -> float_type, {1, 307200}, {307200, 1}, target_id=0
@52 = squeeze[axes={0}](@51) -> float_type, {307200}, {1}, target_id=0
@53 = load[offset=2044723200,end=2123366400](@1) -> float_type, {307200, 64}, {64, 1}, target_id=0
@54 = gpu::code_object[code_object=4064,symbol_name=gather_kernel,global=307200,local=1024,](@13,@52,@53) -> float_type, {307200, 64}, {64, 1}, target_id=0
@55 = slice[axes={0},starts={24},ends={25}](@50) -> float_type, {1, 307200}, {307200, 1}, target_id=0
@56 = squeeze[axes={0}](@55) -> float_type, {307200}, {1}, target_id=0
@57 = load[offset=1966080000,end=2044723200](@1) -> float_type, {307200, 64}, {64, 1}, target_id=0
@58 = gpu::code_object[code_object=4064,symbol_name=gather_kernel,global=307200,local=1024,](@25,@56,@57) -> float_type, {307200, 64}, {64, 1}, target_id=0
@59 = slice[axes={0},starts={23},ends={24}](@50) -> float_type, {1, 307200}, {307200, 1}, target_id=0
@60 = squeeze[axes={0}](@59) -> float_type, {307200}, {1}, target_id=0
@61 = load[offset=1887436800,end=1966080000](@1) -> float_type, {307200, 64}, {64, 1}, target_id=0
@62 = gpu::code_object[code_object=4064,symbol_name=gather_kernel,global=307200,local=1024,](@15,@60,@61) -> float_type, {307200, 64}, {64, 1}, target_id=0
@63 = slice[axes={0},starts={22},ends={23}](@50) -> float_type, {1, 307200}, {307200, 1}, target_id=0
@64 = squeeze[axes={0}](@63) -> float_type, {307200}, {1}, target_id=0
@65 = load[offset=1808793600,end=1887436800](@1) -> float_type, {307200, 64}, {64, 1}, target_id=0
@66 = gpu::code_object[code_object=4064,symbol_name=gather_kernel,global=307200,local=1024,](@16,@64,@65) -> float_type, {307200, 64}, {64, 1}, target_id=0
@67 = load[offset=1730150400,end=1808793600](@1) -> float_type, {307200, 64}, {64, 1}, target_id=0
@68 = slice[axes={0},starts={21},ends={22}](@50) -> float_type, {1, 307200}, {307200, 1}, target_id=0
@69 = squeeze[axes={0}](@68) -> float_type, {307200}, {1}, target_id=0
@70 = gpu::code_object[code_object=4064,symbol_name=gather_kernel,global=307200,local=1024,](@17,@69,@67) -> float_type, {307200, 64}, {64, 1}, target_id=0
@71 = load[offset=1651507200,end=1730150400](@1) -> float_type, {307200, 64}, {64, 1}, target_id=0
@72 = slice[axes={0},starts={20},ends={21}](@50) -> float_type, {1, 307200}, {307200, 1}, target_id=0
@73 = squeeze[axes={0}](@72) -> float_type, {307200}, {1}, target_id=0
@74 = gpu::code_object[code_object=4064,symbol_name=gather_kernel,global=307200,local=1024,](@18,@73,@71) -> float_type, {307200, 64}, {64, 1}, target_id=0
@75 = load[offset=1572864000,end=1651507200](@1) -> float_type, {307200, 64}, {64, 1}, target_id=0
@76 = slice[axes={0},starts={19},ends={20}](@50) -> float_type, {1, 307200}, {307200, 1}, target_id=0
@77 = squeeze[axes={0}](@76) -> float_type, {307200}, {1}, target_id=0
@78 = gpu::code_object[code_object=4064,symbol_name=gather_kernel,global=307200,local=1024,](@19,@77,@75) -> float_type, {307200, 64}, {64, 1}, target_id=0
@79 = slice[axes={0},starts={18},ends={19}](@50) -> float_type, {1, 307200}, {307200, 1}, target_id=0
@80 = squeeze[axes={0}](@79) -> float_type, {307200}, {1}, target_id=0
@81 = load[offset=1494220800,end=1572864000](@1) -> float_type, {307200, 64}, {64, 1}, target_id=0
@82 = gpu::code_object[code_object=4064,symbol_name=gather_kernel,global=307200,local=1024,](@20,@80,@81) -> float_type, {307200, 64}, {64, 1}, target_id=0
@83 = load[offset=1415577600,end=1494220800](@1) -> float_type, {307200, 64}, {64, 1}, target_id=0
@84 = slice[axes={0},starts={17},ends={18}](@50) -> float_type, {1, 307200}, {307200, 1}, target_id=0
@85 = squeeze[axes={0}](@84) -> float_type, {307200}, {1}, target_id=0
@86 = gpu::code_object[code_object=4064,symbol_name=gather_kernel,global=307200,local=1024,](@21,@85,@83) -> float_type, {307200, 64}, {64, 1}, target_id=0
@87 = load[offset=1336934400,end=1415577600](@1) -> float_type, {307200, 64}, {64, 1}, target_id=0
@88 = slice[axes={0},starts={16},ends={17}](@50) -> float_type, {1, 307200}, {307200, 1}, target_id=0
@89 = squeeze[axes={0}](@88) -> float_type, {307200}, {1}, target_id=0
@90 = gpu::code_object[code_object=4064,symbol_name=gather_kernel,global=307200,local=1024,](@22,@89,@87) -> float_type, {307200, 64}, {64, 1}, target_id=0
@91 = load[offset=1258291200,end=1336934400](@1) -> float_type, {307200, 64}, {64, 1}, target_id=0
@92 = slice[axes={0},starts={15},ends={16}](@50) -> float_type, {1, 307200}, {307200, 1}, target_id=0
@93 = squeeze[axes={0}](@92) -> float_type, {307200}, {1}, target_id=0
@94 = gpu::code_object[code_object=4064,symbol_name=gather_kernel,global=307200,local=1024,](@23,@93,@91) -> float_type, {307200, 64}, {64, 1}, target_id=0
@95 = load[offset=1179648000,end=1258291200](@1) -> float_type, {307200, 64}, {64, 1}, target_id=0
@96 = slice[axes={0},starts={14},ends={15}](@50) -> float_type, {1, 307200}, {307200, 1}, target_id=0
@97 = squeeze[axes={0}](@96) -> float_type, {307200}, {1}, target_id=0
@98 = gpu::code_object[code_object=4064,symbol_name=gather_kernel,global=307200,local=1024,](@32,@97,@95) -> float_type, {307200, 64}, {64, 1}, target_id=0
@99 = slice[axes={0},starts={13},ends={14}](@50) -> float_type, {1, 307200}, {307200, 1}, target_id=0
@100 = squeeze[axes={0}](@99) -> float_type, {307200}, {1}, target_id=0
@101 = load[offset=1101004800,end=1179648000](@1) -> float_type, {307200, 64}, {64, 1}, target_id=0
@102 = gpu::code_object[code_object=4064,symbol_name=gather_kernel,global=307200,local=1024,](@33,@100,@101) -> float_type, {307200, 64}, {64, 1}, target_id=0
@103 = slice[axes={0},starts={12},ends={13}](@50) -> float_type, {1, 307200}, {307200, 1}, target_id=0
@104 = squeeze[axes={0}](@103) -> float_type, {307200}, {1}, target_id=0
@105 = load[offset=1022361600,end=1101004800](@1) -> float_type, {307200, 64}, {64, 1}, target_id=0
@106 = gpu::code_object[code_object=4064,symbol_name=gather_kernel,global=307200,local=1024,](@34,@104,@105) -> float_type, {307200, 64}, {64, 1}, target_id=0
@107 = load[offset=943718400,end=1022361600](@1) -> float_type, {307200, 64}, {64, 1}, target_id=0
@108 = slice[axes={0},starts={11},ends={12}](@50) -> float_type, {1, 307200}, {307200, 1}, target_id=0
@109 = squeeze[axes={0}](@108) -> float_type, {307200}, {1}, target_id=0
@110 = gpu::code_object[code_object=4064,symbol_name=gather_kernel,global=307200,local=1024,](@37,@109,@107) -> float_type, {307200, 64}, {64, 1}, target_id=0
@111 = slice[axes={0},starts={10},ends={11}](@50) -> float_type, {1, 307200}, {307200, 1}, target_id=0
@112 = squeeze[axes={0}](@111) -> float_type, {307200}, {1}, target_id=0
@113 = load[offset=865075200,end=943718400](@1) -> float_type, {307200, 64}, {64, 1}, target_id=0
@114 = gpu::code_object[code_object=4064,symbol_name=gather_kernel,global=307200,local=1024,](@38,@112,@113) -> float_type, {307200, 64}, {64, 1}, target_id=0
@115 = slice[axes={0},starts={9},ends={10}](@50) -> float_type, {1, 307200}, {307200, 1}, target_id=0
@116 = squeeze[axes={0}](@115) -> float_type, {307200}, {1}, target_id=0
@117 = load[offset=786432000,end=865075200](@1) -> float_type, {307200, 64}, {64, 1}, target_id=0
@118 = gpu::code_object[code_object=4064,symbol_name=gather_kernel,global=307200,local=1024,](@39,@116,@117) -> float_type, {307200, 64}, {64, 1}, target_id=0
@119 = slice[axes={0},starts={8},ends={9}](@50) -> float_type, {1, 307200}, {307200, 1}, target_id=0
@120 = squeeze[axes={0}](@119) -> float_type, {307200}, {1}, target_id=0
@121 = load[offset=707788800,end=786432000](@1) -> float_type, {307200, 64}, {64, 1}, target_id=0
@122 = gpu::code_object[code_object=4064,symbol_name=gather_kernel,global=307200,local=1024,](@40,@120,@121) -> float_type, {307200, 64}, {64, 1}, target_id=0
@123 = load[offset=629145600,end=707788800](@1) -> float_type, {307200, 64}, {64, 1}, target_id=0
@124 = slice[axes={0},starts={7},ends={8}](@50) -> float_type, {1, 307200}, {307200, 1}, target_id=0
@125 = squeeze[axes={0}](@124) -> float_type, {307200}, {1}, target_id=0
@126 = gpu::code_object[code_object=4064,symbol_name=gather_kernel,global=307200,local=1024,](@41,@125,@123) -> float_type, {307200, 64}, {64, 1}, target_id=0
@127 = load[offset=550502400,end=629145600](@1) -> float_type, {307200, 64}, {64, 1}, target_id=0
@128 = slice[axes={0},starts={6},ends={7}](@50) -> float_type, {1, 307200}, {307200, 1}, target_id=0
@129 = squeeze[axes={0}](@128) -> float_type, {307200}, {1}, target_id=0
@130 = gpu::code_object[code_object=4064,symbol_name=gather_kernel,global=307200,local=1024,](@42,@129,@127) -> float_type, {307200, 64}, {64, 1}, target_id=0
@131 = load[offset=471859200,end=550502400](@1) -> float_type, {307200, 64}, {64, 1}, target_id=0
@132 = slice[axes={0},starts={5},ends={6}](@50) -> float_type, {1, 307200}, {307200, 1}, target_id=0
@133 = squeeze[axes={0}](@132) -> float_type, {307200}, {1}, target_id=0
@134 = gpu::code_object[code_object=4064,symbol_name=gather_kernel,global=307200,local=1024,](@43,@133,@131) -> float_type, {307200, 64}, {64, 1}, target_id=0
@135 = load[offset=393216000,end=471859200](@1) -> float_type, {307200, 64}, {64, 1}, target_id=0
@136 = slice[axes={0},starts={4},ends={5}](@50) -> float_type, {1, 307200}, {307200, 1}, target_id=0
@137 = squeeze[axes={0}](@136) -> float_type, {307200}, {1}, target_id=0
@138 = gpu::code_object[code_object=4064,symbol_name=gather_kernel,global=307200,local=1024,](@44,@137,@135) -> float_type, {307200, 64}, {64, 1}, target_id=0
@139 = slice[axes={0},starts={3},ends={4}](@50) -> float_type, {1, 307200}, {307200, 1}, target_id=0
@140 = squeeze[axes={0}](@139) -> float_type, {307200}, {1}, target_id=0
@141 = load[offset=314572800,end=393216000](@1) -> float_type, {307200, 64}, {64, 1}, target_id=0
@142 = gpu::code_object[code_object=4064,symbol_name=gather_kernel,global=307200,local=1024,](@45,@140,@141) -> float_type, {307200, 64}, {64, 1}, target_id=0
@143 = slice[axes={0},starts={2},ends={3}](@50) -> float_type, {1, 307200}, {307200, 1}, target_id=0
@144 = squeeze[axes={0}](@143) -> float_type, {307200}, {1}, target_id=0
@145 = load[offset=235929600,end=314572800](@1) -> float_type, {307200, 64}, {64, 1}, target_id=0
@146 = gpu::code_object[code_object=4064,symbol_name=gather_kernel,global=307200,local=1024,](@46,@144,@145) -> float_type, {307200, 64}, {64, 1}, target_id=0
@147 = load[offset=157286400,end=235929600](@1) -> float_type, {307200, 64}, {64, 1}, target_id=0
@148 = slice[axes={0},starts={1},ends={2}](@50) -> float_type, {1, 307200}, {307200, 1}, target_id=0
@149 = squeeze[axes={0}](@148) -> float_type, {307200}, {1}, target_id=0
@150 = gpu::code_object[code_object=4064,symbol_name=gather_kernel,global=307200,local=1024,](@47,@149,@147) -> float_type, {307200, 64}, {64, 1}, target_id=0
@151 = load[offset=78643200,end=157286400](@1) -> float_type, {307200, 64}, {64, 1}, target_id=0
@152 = slice[axes={0},starts={0},ends={1}](@50) -> float_type, {1, 307200}, {307200, 1}, target_id=0
@153 = squeeze[axes={0}](@152) -> float_type, {307200}, {1}, target_id=0
@154 = gpu::code_object[code_object=4064,symbol_name=gather_kernel,global=307200,local=1024,](@48,@153,@151) -> float_type, {307200, 64}, {64, 1}, target_id=0
@155 = load[offset=2123366400,end=2752512000](@1) -> float_type, {307200, 512}, {512, 1}, target_id=0
@156 = multibroadcast[out_lens={307200, 512},out_dyn_dims={}](@12) -> float_type, {307200, 512}, {0, 1}, target_id=0
@157 = gpu::code_object[code_object=4424,symbol_name=mlir_dot_add_relu,global=19660800,local=256,](@156,@4,@8,@155) -> float_type, {307200, 512}, {512, 1}, target_id=0
@158 = multibroadcast[out_lens={307200, 256},out_dyn_dims={}](@11) -> float_type, {307200, 256}, {0, 1}, target_id=0
@159 = load[offset=2752512000,end=3067084800](@1) -> float_type, {307200, 256}, {256, 1}, target_id=0
@160 = gpu::code_object[code_object=7296,symbol_name=mlir_dot_add_relu,global=1228800,local=256,](@158,@157,@30,@159) -> float_type, {307200, 256}, {256, 1}, target_id=0
@161 = multibroadcast[out_lens={307200, 64},out_dyn_dims={}](@24) -> float_type, {307200, 64}, {0, 1}, target_id=0
@162 = load[offset=0,end=78643200](@1) -> float_type, {307200, 64}, {64, 1}, target_id=0
@163 = gpu::code_object[code_object=5400,symbol_name=mlir_dot_add_relu,global=1228800,local=256,](@161,@160,@9,@162) -> float_type, {307200, 64}, {64, 1}, target_id=0
@164 = load[offset=2123366400,end=4246732800](@1) -> float_type, {307200, 1728}, {1728, 1}, target_id=0
@165 = gpu::code_object[code_object=6616,symbol_name=concat_kernel,global=19660800,local=1024,](@163,@154,@150,@146,@142,@138,@134,@130,@126,@122,@118,@114,@110,@106,@102,@98,@94,@90,@86,@82,@78,@74,@70,@66,@62,@58,@54,@164) -> float_type, {307200, 1728}, {1728, 1}, target_id=0
@166 = load[offset=78643200,end=974438400](@1) -> float_type, {307200, 27, 27}, {729, 27, 1}, target_id=0
@167 = gpu::code_object[code_object=4120,symbol_name=mlir_reshape_reshape_transpose_dot,global=78643200,local=128,](@165,@165,@166) -> float_type, {307200, 27, 27}, {729, 27, 1}, target_id=0
@168 = reshape_lazy[dims={307200, 729}](@167) -> float_type, {307200, 729}, {729, 1}, target_id=0
@169 = load[offset=974438400,end=1405747200](@1) -> float_type, {307200, 351}, {351, 1}, target_id=0
@170 = gpu::code_object[code_object=4096,symbol_name=gather_kernel,global=307200,local=1024,](@168,@36,@169) -> float_type, {307200, 351}, {351, 1}, target_id=0
@171 = load[offset=78643200,end=588595200](@1) -> float_type, {307200, 415}, {415, 1}, target_id=0
@172 = gpu::code_object[code_object=4160,symbol_name=concat_kernel,global=63744000,local=1024,](@163,@170,@171) -> float_type, {307200, 415}, {415, 1}, target_id=0
@173 = load[offset=588595200,end=1217740800](@1) -> float_type, {307200, 512}, {512, 1}, target_id=0
@174 = multibroadcast[out_lens={307200, 512},out_dyn_dims={}](@28) -> float_type, {307200, 512}, {0, 1}, target_id=0
@175 = gpu::code_object[code_object=8008,symbol_name=mlir_dot_add_relu,global=2457600,local=256,](@174,@172,@35,@173) -> float_type, {307200, 512}, {512, 1}, target_id=0
@176 = load[offset=1217740800,end=1846886400](@1) -> float_type, {307200, 512}, {512, 1}, target_id=0
@177 = multibroadcast[out_lens={307200, 512},out_dyn_dims={}](@27) -> float_type, {307200, 512}, {0, 1}, target_id=0
@178 = gpu::code_object[code_object=8008,symbol_name=mlir_dot_add_relu,global=2457600,local=256,](@177,@175,@14,@176) -> float_type, {307200, 512}, {512, 1}, target_id=0
@179 = load[offset=315801600,end=630374400](@1) -> float_type, {307200, 256}, {256, 1}, target_id=0
@180 = multibroadcast[out_lens={307200, 256},out_dyn_dims={}](@26) -> float_type, {307200, 256}, {0, 1}, target_id=0
@181 = gpu::code_object[code_object=7296,symbol_name=mlir_dot_add_relu,global=1228800,local=256,](@180,@178,@31,@179) -> float_type, {307200, 256}, {256, 1}, target_id=0
@182 = load[offset=0,end=1228800](@1) -> float_type, {307200, 1}, {1, 1}, target_id=0
@183 = multibroadcast[out_lens={307200, 1},out_dyn_dims={}](@29) -> float_type, {307200, 1}, {0, 1}, target_id=0
@184 = gpu::code_object[code_object=6088,symbol_name=mlir_dot_add_sigmoid,global=2457600,local=128,](@183,@181,@10,@182) -> float_type, {307200, 1}, {1, 1}, target_id=0
@185 = hip::copy_from_gpu(@184) -> float_type, {307200, 1}, {1, 1}, target_id=0
@186 = hip::sync_stream(@185) -> float_type, {307200, 1}, {1, 1}, target_id=0
@187 = @return(@186), target_id=0


Allocating params ... 
Running performance report ... 
@0 = check_context::migraphx::gpu::context -> float_type, {}, {}, target_id=0: 0.00155054ms, 1%
@1 = hip::hip_allocate_memory[shape=int8_type, {4246732800}, {1},id=main:scratch] -> int8_type, {4246732800}, {1}, target_id=0: 0.00151686ms, 1%
@2 = load[offset=2752512000,end=2768486400](@1) -> float_type, {307200, 13}, {13, 1}, target_id=0: 0.00117612ms, 1%
input = @param:input -> float_type, {307200, 13}, {13, 1}, target_id=0: 0.00094446ms, 1%
@4 = hip::copy_to_gpu(input,@2) -> float_type, {307200, 13}, {13, 1}, target_id=0: 1.21416ms, 4%
@5 = load[offset=0,end=63897600](@1) -> int64_type, {26, 307200}, {307200, 1}, target_id=0: 0.00081488ms, 1%
lS_i = @param:lS_i -> int64_type, {26, 307200}, {307200, 1}, target_id=0: 0.00053664ms, 1%
@7 = hip::copy_to_gpu(lS_i,@5) -> int64_type, {26, 307200}, {307200, 1}, target_id=0: 5.05339ms, 15%
@8 = hip::hip_copy_literal[id=main:@literal:0] -> float_type, {13, 512}, {512, 1}, target_id=0: 0.0011834ms, 1%
@9 = hip::hip_copy_literal[id=main:@literal:3] -> float_type, {256, 64}, {64, 1}, target_id=0: 0.00060916ms, 1%
@10 = hip::hip_copy_literal[id=main:@literal:6] -> float_type, {256, 1}, {1, 1}, target_id=0: 0.00056744ms, 1%
@11 = hip::hip_copy_literal[id=main:@literal:13] -> float_type, {256}, {1}, target_id=0: 0.00084348ms, 1%
@12 = hip::hip_copy_literal[id=main:@literal:14] -> float_type, {512}, {1}, target_id=0: 0.00067362ms, 1%
@13 = hip::hip_copy_literal[id=main:@literal:15] -> float_type, {36, 64}, {64, 1}, target_id=0: 0.00070828ms, 1%
@14 = hip::hip_copy_literal[id=main:@literal:5] -> float_type, {512, 512}, {512, 1}, target_id=0: 0.00057484ms, 1%
@15 = hip::hip_copy_literal[id=main:@literal:17] -> float_type, {12420, 64}, {64, 1}, target_id=0: 0.00068186ms, 1%
@16 = hip::hip_copy_literal[id=main:@literal:18] -> float_type, {415421, 64}, {64, 1}, target_id=0: 0.00067226ms, 1%
@17 = hip::hip_copy_literal[id=main:@literal:19] -> float_type, {9946608, 64}, {64, 1}, target_id=0: 0.00069678ms, 1%
@18 = hip::hip_copy_literal[id=main:@literal:20] -> float_type, {7267859, 64}, {64, 1}, target_id=0: 0.00069432ms, 1%
@19 = hip::hip_copy_literal[id=main:@literal:21] -> float_type, {9994222, 64}, {64, 1}, target_id=0: 0.00058064ms, 1%
@20 = hip::hip_copy_literal[id=main:@literal:22] -> float_type, {14, 64}, {64, 1}, target_id=0: 0.0006846ms, 1%
@21 = hip::hip_copy_literal[id=main:@literal:23] -> float_type, {970, 64}, {64, 1}, target_id=0: 0.00065068ms, 1%
@22 = hip::hip_copy_literal[id=main:@literal:24] -> float_type, {4, 64}, {64, 1}, target_id=0: 0.0006374ms, 1%
@23 = hip::hip_copy_literal[id=main:@literal:25] -> float_type, {122, 64}, {64, 1}, target_id=0: 0.00057584ms, 1%
@24 = hip::hip_copy_literal[id=main:@literal:12] -> float_type, {64}, {1}, target_id=0: 0.00063158ms, 1%
@25 = hip::hip_copy_literal[id=main:@literal:16] -> float_type, {101, 64}, {64, 1}, target_id=0: 0.0005548ms, 1%
@26 = hip::hip_copy_literal[id=main:@literal:9] -> float_type, {256}, {1}, target_id=0: 0.00060514ms, 1%
@27 = hip::hip_copy_literal[id=main:@literal:10] -> float_type, {512}, {1}, target_id=0: 0.00064924ms, 1%
@28 = hip::hip_copy_literal[id=main:@literal:11] -> float_type, {512}, {1}, target_id=0: 0.00067136ms, 1%
@29 = hip::hip_copy_literal[id=main:@literal:8] -> float_type, {1}, {1}, target_id=0: 0.00053306ms, 1%
@30 = hip::hip_copy_literal[id=main:@literal:1] -> float_type, {512, 256}, {256, 1}, target_id=0: 0.00050264ms, 1%
@31 = hip::hip_copy_literal[id=main:@literal:2] -> float_type, {512, 256}, {256, 1}, target_id=0: 0.00053612ms, 1%
@32 = hip::hip_copy_literal[id=main:@literal:26] -> float_type, {11156, 64}, {64, 1}, target_id=0: 0.00069088ms, 1%
@33 = hip::hip_copy_literal[id=main:@literal:27] -> float_type, {2208, 64}, {64, 1}, target_id=0: 0.00060858ms, 1%
@34 = hip::hip_copy_literal[id=main:@literal:28] -> float_type, {10, 64}, {64, 1}, target_id=0: 0.00061472ms, 1%
@35 = hip::hip_copy_literal[id=main:@literal:4] -> float_type, {415, 512}, {512, 1}, target_id=0: 0.00050242ms, 1%
@36 = hip::hip_copy_literal[id=main:@literal:7] -> float_type, {351}, {1}, target_id=0: 0.0005462ms, 1%
@37 = hip::hip_copy_literal[id=main:@literal:29] -> float_type, {313829, 64}, {64, 1}, target_id=0: 0.00072022ms, 1%
@38 = hip::hip_copy_literal[id=main:@literal:30] -> float_type, {1333352, 64}, {64, 1}, target_id=0: 0.0006661ms, 1%
@39 = hip::hip_copy_literal[id=main:@literal:31] -> float_type, {9758201, 64}, {64, 1}, target_id=0: 0.00065122ms, 1%
@40 = hip::hip_copy_literal[id=main:@literal:32] -> float_type, {61, 64}, {64, 1}, target_id=0: 0.00059396ms, 1%
@41 = hip::hip_copy_literal[id=main:@literal:33] -> float_type, {1442, 64}, {64, 1}, target_id=0: 0.0005818ms, 1%
@42 = hip::hip_copy_literal[id=main:@literal:34] -> float_type, {7112, 64}, {64, 1}, target_id=0: 0.0006005ms, 1%
@43 = hip::hip_copy_literal[id=main:@literal:35] -> float_type, {3, 64}, {64, 1}, target_id=0: 0.00058372ms, 1%
@44 = hip::hip_copy_literal[id=main:@literal:36] -> float_type, {20134, 64}, {64, 1}, target_id=0: 0.0005618ms, 1%
@45 = hip::hip_copy_literal[id=main:@literal:37] -> float_type, {7378, 64}, {64, 1}, target_id=0: 0.00058414ms, 1%
@46 = hip::hip_copy_literal[id=main:@literal:38] -> float_type, {17217, 64}, {64, 1}, target_id=0: 0.00055742ms, 1%
@47 = hip::hip_copy_literal[id=main:@literal:39] -> float_type, {36084, 64}, {64, 1}, target_id=0: 0.00057784ms, 1%
@48 = hip::hip_copy_literal[id=main:@literal:40] -> float_type, {9980333, 64}, {64, 1}, target_id=0: 0.00058536ms, 1%
@49 = load[offset=2123366400,end=2155315200](@1) -> float_type, {26, 307200}, {307200, 1}, target_id=0: 0.00073024ms, 1%
@50 = gpu::code_object[code_object=4128,symbol_name=convert_kernel,global=1996800,local=1024,](@7,@49) -> float_type, {26, 307200}, {307200, 1}, target_id=0: 0.118685ms, 1%
@51 = slice[axes={0},starts={25},ends={26}](@50) -> float_type, {1, 307200}, {307200, 1}, target_id=0: 0.0031779ms, 1%
@52 = squeeze[axes={0}](@51) -> float_type, {307200}, {1}, target_id=0: 0.00182414ms, 1%
@53 = load[offset=2044723200,end=2123366400](@1) -> float_type, {307200, 64}, {64, 1}, target_id=0: 0.00070282ms, 1%
@54 = gpu::code_object[code_object=4064,symbol_name=gather_kernel,global=307200,local=1024,](@13,@52,@53) -> float_type, {307200, 64}, {64, 1}, target_id=0: 0.157156ms, 1%
@55 = slice[axes={0},starts={24},ends={25}](@50) -> float_type, {1, 307200}, {307200, 1}, target_id=0: 0.00155156ms, 1%
@56 = squeeze[axes={0}](@55) -> float_type, {307200}, {1}, target_id=0: 0.00171054ms, 1%
@57 = load[offset=1966080000,end=2044723200](@1) -> float_type, {307200, 64}, {64, 1}, target_id=0: 0.00065928ms, 1%
@58 = gpu::code_object[code_object=4064,symbol_name=gather_kernel,global=307200,local=1024,](@25,@56,@57) -> float_type, {307200, 64}, {64, 1}, target_id=0: 0.156774ms, 1%
@59 = slice[axes={0},starts={23},ends={24}](@50) -> float_type, {1, 307200}, {307200, 1}, target_id=0: 0.00131304ms, 1%
@60 = squeeze[axes={0}](@59) -> float_type, {307200}, {1}, target_id=0: 0.00164974ms, 1%
@61 = load[offset=1887436800,end=1966080000](@1) -> float_type, {307200, 64}, {64, 1}, target_id=0: 0.00067316ms, 1%
@62 = gpu::code_object[code_object=4064,symbol_name=gather_kernel,global=307200,local=1024,](@15,@60,@61) -> float_type, {307200, 64}, {64, 1}, target_id=0: 0.156831ms, 1%
@63 = slice[axes={0},starts={22},ends={23}](@50) -> float_type, {1, 307200}, {307200, 1}, target_id=0: 0.00135666ms, 1%
@64 = squeeze[axes={0}](@63) -> float_type, {307200}, {1}, target_id=0: 0.00161482ms, 1%
@65 = load[offset=1808793600,end=1887436800](@1) -> float_type, {307200, 64}, {64, 1}, target_id=0: 0.00071064ms, 1%
@66 = gpu::code_object[code_object=4064,symbol_name=gather_kernel,global=307200,local=1024,](@16,@64,@65) -> float_type, {307200, 64}, {64, 1}, target_id=0: 0.157169ms, 1%
@67 = load[offset=1730150400,end=1808793600](@1) -> float_type, {307200, 64}, {64, 1}, target_id=0: 0.0007451ms, 1%
@68 = slice[axes={0},starts={21},ends={22}](@50) -> float_type, {1, 307200}, {307200, 1}, target_id=0: 0.0016151ms, 1%
@69 = squeeze[axes={0}](@68) -> float_type, {307200}, {1}, target_id=0: 0.00131418ms, 1%
@70 = gpu::code_object[code_object=4064,symbol_name=gather_kernel,global=307200,local=1024,](@17,@69,@67) -> float_type, {307200, 64}, {64, 1}, target_id=0: 0.156876ms, 1%
@71 = load[offset=1651507200,end=1730150400](@1) -> float_type, {307200, 64}, {64, 1}, target_id=0: 0.00075536ms, 1%
@72 = slice[axes={0},starts={20},ends={21}](@50) -> float_type, {1, 307200}, {307200, 1}, target_id=0: 0.00162038ms, 1%
@73 = squeeze[axes={0}](@72) -> float_type, {307200}, {1}, target_id=0: 0.00128284ms, 1%
@74 = gpu::code_object[code_object=4064,symbol_name=gather_kernel,global=307200,local=1024,](@18,@73,@71) -> float_type, {307200, 64}, {64, 1}, target_id=0: 0.15584ms, 1%
@75 = load[offset=1572864000,end=1651507200](@1) -> float_type, {307200, 64}, {64, 1}, target_id=0: 0.00073846ms, 1%
@76 = slice[axes={0},starts={19},ends={20}](@50) -> float_type, {1, 307200}, {307200, 1}, target_id=0: 0.00158162ms, 1%
@77 = squeeze[axes={0}](@76) -> float_type, {307200}, {1}, target_id=0: 0.00128106ms, 1%
@78 = gpu::code_object[code_object=4064,symbol_name=gather_kernel,global=307200,local=1024,](@19,@77,@75) -> float_type, {307200, 64}, {64, 1}, target_id=0: 0.156488ms, 1%
@79 = slice[axes={0},starts={18},ends={19}](@50) -> float_type, {1, 307200}, {307200, 1}, target_id=0: 0.00144622ms, 1%
@80 = squeeze[axes={0}](@79) -> float_type, {307200}, {1}, target_id=0: 0.00172692ms, 1%
@81 = load[offset=1494220800,end=1572864000](@1) -> float_type, {307200, 64}, {64, 1}, target_id=0: 0.00065732ms, 1%
@82 = gpu::code_object[code_object=4064,symbol_name=gather_kernel,global=307200,local=1024,](@20,@80,@81) -> float_type, {307200, 64}, {64, 1}, target_id=0: 0.156095ms, 1%
@83 = load[offset=1415577600,end=1494220800](@1) -> float_type, {307200, 64}, {64, 1}, target_id=0: 0.0007363ms, 1%
@84 = slice[axes={0},starts={17},ends={18}](@50) -> float_type, {1, 307200}, {307200, 1}, target_id=0: 0.00157118ms, 1%
@85 = squeeze[axes={0}](@84) -> float_type, {307200}, {1}, target_id=0: 0.0012789ms, 1%
@86 = gpu::code_object[code_object=4064,symbol_name=gather_kernel,global=307200,local=1024,](@21,@85,@83) -> float_type, {307200, 64}, {64, 1}, target_id=0: 0.156179ms, 1%
@87 = load[offset=1336934400,end=1415577600](@1) -> float_type, {307200, 64}, {64, 1}, target_id=0: 0.0007777ms, 1%
@88 = slice[axes={0},starts={16},ends={17}](@50) -> float_type, {1, 307200}, {307200, 1}, target_id=0: 0.00162794ms, 1%
@89 = squeeze[axes={0}](@88) -> float_type, {307200}, {1}, target_id=0: 0.00125098ms, 1%
@90 = gpu::code_object[code_object=4064,symbol_name=gather_kernel,global=307200,local=1024,](@22,@89,@87) -> float_type, {307200, 64}, {64, 1}, target_id=0: 0.156435ms, 1%
@91 = load[offset=1258291200,end=1336934400](@1) -> float_type, {307200, 64}, {64, 1}, target_id=0: 0.00075668ms, 1%
@92 = slice[axes={0},starts={15},ends={16}](@50) -> float_type, {1, 307200}, {307200, 1}, target_id=0: 0.00155272ms, 1%
@93 = squeeze[axes={0}](@92) -> float_type, {307200}, {1}, target_id=0: 0.00123254ms, 1%
@94 = gpu::code_object[code_object=4064,symbol_name=gather_kernel,global=307200,local=1024,](@23,@93,@91) -> float_type, {307200, 64}, {64, 1}, target_id=0: 0.156289ms, 1%
@95 = load[offset=1179648000,end=1258291200](@1) -> float_type, {307200, 64}, {64, 1}, target_id=0: 0.00076218ms, 1%
@96 = slice[axes={0},starts={14},ends={15}](@50) -> float_type, {1, 307200}, {307200, 1}, target_id=0: 0.00161238ms, 1%
@97 = squeeze[axes={0}](@96) -> float_type, {307200}, {1}, target_id=0: 0.00125554ms, 1%
@98 = gpu::code_object[code_object=4064,symbol_name=gather_kernel,global=307200,local=1024,](@32,@97,@95) -> float_type, {307200, 64}, {64, 1}, target_id=0: 0.156467ms, 1%
@99 = slice[axes={0},starts={13},ends={14}](@50) -> float_type, {1, 307200}, {307200, 1}, target_id=0: 0.00148034ms, 1%
@100 = squeeze[axes={0}](@99) -> float_type, {307200}, {1}, target_id=0: 0.00173108ms, 1%
@101 = load[offset=1101004800,end=1179648000](@1) -> float_type, {307200, 64}, {64, 1}, target_id=0: 0.00066758ms, 1%
@102 = gpu::code_object[code_object=4064,symbol_name=gather_kernel,global=307200,local=1024,](@33,@100,@101) -> float_type, {307200, 64}, {64, 1}, target_id=0: 0.15617ms, 1%
@103 = slice[axes={0},starts={12},ends={13}](@50) -> float_type, {1, 307200}, {307200, 1}, target_id=0: 0.0014749ms, 1%
@104 = squeeze[axes={0}](@103) -> float_type, {307200}, {1}, target_id=0: 0.00164618ms, 1%
@105 = load[offset=1022361600,end=1101004800](@1) -> float_type, {307200, 64}, {64, 1}, target_id=0: 0.00067572ms, 1%
@106 = gpu::code_object[code_object=4064,symbol_name=gather_kernel,global=307200,local=1024,](@34,@104,@105) -> float_type, {307200, 64}, {64, 1}, target_id=0: 0.156581ms, 1%
@107 = load[offset=943718400,end=1022361600](@1) -> float_type, {307200, 64}, {64, 1}, target_id=0: 0.00074504ms, 1%
@108 = slice[axes={0},starts={11},ends={12}](@50) -> float_type, {1, 307200}, {307200, 1}, target_id=0: 0.0015598ms, 1%
@109 = squeeze[axes={0}](@108) -> float_type, {307200}, {1}, target_id=0: 0.00128634ms, 1%
@110 = gpu::code_object[code_object=4064,symbol_name=gather_kernel,global=307200,local=1024,](@37,@109,@107) -> float_type, {307200, 64}, {64, 1}, target_id=0: 0.155917ms, 1%
@111 = slice[axes={0},starts={10},ends={11}](@50) -> float_type, {1, 307200}, {307200, 1}, target_id=0: 0.00145116ms, 1%
@112 = squeeze[axes={0}](@111) -> float_type, {307200}, {1}, target_id=0: 0.00172782ms, 1%
@113 = load[offset=865075200,end=943718400](@1) -> float_type, {307200, 64}, {64, 1}, target_id=0: 0.0006552ms, 1%
@114 = gpu::code_object[code_object=4064,symbol_name=gather_kernel,global=307200,local=1024,](@38,@112,@113) -> float_type, {307200, 64}, {64, 1}, target_id=0: 0.157308ms, 1%
@115 = slice[axes={0},starts={9},ends={10}](@50) -> float_type, {1, 307200}, {307200, 1}, target_id=0: 0.0014724ms, 1%
@116 = squeeze[axes={0}](@115) -> float_type, {307200}, {1}, target_id=0: 0.00160986ms, 1%
@117 = load[offset=786432000,end=865075200](@1) -> float_type, {307200, 64}, {64, 1}, target_id=0: 0.00066756ms, 1%
@118 = gpu::code_object[code_object=4064,symbol_name=gather_kernel,global=307200,local=1024,](@39,@116,@117) -> float_type, {307200, 64}, {64, 1}, target_id=0: 0.156924ms, 1%
@119 = slice[axes={0},starts={8},ends={9}](@50) -> float_type, {1, 307200}, {307200, 1}, target_id=0: 0.00149556ms, 1%
@120 = squeeze[axes={0}](@119) -> float_type, {307200}, {1}, target_id=0: 0.00213692ms, 1%
@121 = load[offset=707788800,end=786432000](@1) -> float_type, {307200, 64}, {64, 1}, target_id=0: 0.00065474ms, 1%
@122 = gpu::code_object[code_object=4064,symbol_name=gather_kernel,global=307200,local=1024,](@40,@120,@121) -> float_type, {307200, 64}, {64, 1}, target_id=0: 0.155551ms, 1%
@123 = load[offset=629145600,end=707788800](@1) -> float_type, {307200, 64}, {64, 1}, target_id=0: 0.00072022ms, 1%
@124 = slice[axes={0},starts={7},ends={8}](@50) -> float_type, {1, 307200}, {307200, 1}, target_id=0: 0.00141986ms, 1%
@125 = squeeze[axes={0}](@124) -> float_type, {307200}, {1}, target_id=0: 0.001177ms, 1%
@126 = gpu::code_object[code_object=4064,symbol_name=gather_kernel,global=307200,local=1024,](@41,@125,@123) -> float_type, {307200, 64}, {64, 1}, target_id=0: 0.155513ms, 1%
@127 = load[offset=550502400,end=629145600](@1) -> float_type, {307200, 64}, {64, 1}, target_id=0: 0.0007638ms, 1%
@128 = slice[axes={0},starts={6},ends={7}](@50) -> float_type, {1, 307200}, {307200, 1}, target_id=0: 0.0014182ms, 1%
@129 = squeeze[axes={0}](@128) -> float_type, {307200}, {1}, target_id=0: 0.00123072ms, 1%
@130 = gpu::code_object[code_object=4064,symbol_name=gather_kernel,global=307200,local=1024,](@42,@129,@127) -> float_type, {307200, 64}, {64, 1}, target_id=0: 0.155703ms, 1%
@131 = load[offset=471859200,end=550502400](@1) -> float_type, {307200, 64}, {64, 1}, target_id=0: 0.00076578ms, 1%
@132 = slice[axes={0},starts={5},ends={6}](@50) -> float_type, {1, 307200}, {307200, 1}, target_id=0: 0.00135554ms, 1%
@133 = squeeze[axes={0}](@132) -> float_type, {307200}, {1}, target_id=0: 0.00123486ms, 1%
@134 = gpu::code_object[code_object=4064,symbol_name=gather_kernel,global=307200,local=1024,](@43,@133,@131) -> float_type, {307200, 64}, {64, 1}, target_id=0: 0.156251ms, 1%
@135 = load[offset=393216000,end=471859200](@1) -> float_type, {307200, 64}, {64, 1}, target_id=0: 0.0007603ms, 1%
@136 = slice[axes={0},starts={4},ends={5}](@50) -> float_type, {1, 307200}, {307200, 1}, target_id=0: 0.0013212ms, 1%
@137 = squeeze[axes={0}](@136) -> float_type, {307200}, {1}, target_id=0: 0.00117924ms, 1%
@138 = gpu::code_object[code_object=4064,symbol_name=gather_kernel,global=307200,local=1024,](@44,@137,@135) -> float_type, {307200, 64}, {64, 1}, target_id=0: 0.155481ms, 1%
@139 = slice[axes={0},starts={3},ends={4}](@50) -> float_type, {1, 307200}, {307200, 1}, target_id=0: 0.0013331ms, 1%
@140 = squeeze[axes={0}](@139) -> float_type, {307200}, {1}, target_id=0: 0.00216972ms, 1%
@141 = load[offset=314572800,end=393216000](@1) -> float_type, {307200, 64}, {64, 1}, target_id=0: 0.00066294ms, 1%
@142 = gpu::code_object[code_object=4064,symbol_name=gather_kernel,global=307200,local=1024,](@45,@140,@141) -> float_type, {307200, 64}, {64, 1}, target_id=0: 0.155275ms, 1%
@143 = slice[axes={0},starts={2},ends={3}](@50) -> float_type, {1, 307200}, {307200, 1}, target_id=0: 0.00143014ms, 1%
@144 = squeeze[axes={0}](@143) -> float_type, {307200}, {1}, target_id=0: 0.0021941ms, 1%
@145 = load[offset=235929600,end=314572800](@1) -> float_type, {307200, 64}, {64, 1}, target_id=0: 0.00068058ms, 1%
@146 = gpu::code_object[code_object=4064,symbol_name=gather_kernel,global=307200,local=1024,](@46,@144,@145) -> float_type, {307200, 64}, {64, 1}, target_id=0: 0.155263ms, 1%
@147 = load[offset=157286400,end=235929600](@1) -> float_type, {307200, 64}, {64, 1}, target_id=0: 0.00072628ms, 1%
@148 = slice[axes={0},starts={1},ends={2}](@50) -> float_type, {1, 307200}, {307200, 1}, target_id=0: 0.00121516ms, 1%
@149 = squeeze[axes={0}](@148) -> float_type, {307200}, {1}, target_id=0: 0.0011452ms, 1%
@150 = gpu::code_object[code_object=4064,symbol_name=gather_kernel,global=307200,local=1024,](@47,@149,@147) -> float_type, {307200, 64}, {64, 1}, target_id=0: 0.155449ms, 1%
@151 = load[offset=78643200,end=157286400](@1) -> float_type, {307200, 64}, {64, 1}, target_id=0: 0.00076082ms, 1%
@152 = slice[axes={0},starts={0},ends={1}](@50) -> float_type, {1, 307200}, {307200, 1}, target_id=0: 0.00121084ms, 1%
@153 = squeeze[axes={0}](@152) -> float_type, {307200}, {1}, target_id=0: 0.0011569ms, 1%
@154 = gpu::code_object[code_object=4064,symbol_name=gather_kernel,global=307200,local=1024,](@48,@153,@151) -> float_type, {307200, 64}, {64, 1}, target_id=0: 0.15547ms, 1%
@155 = load[offset=2123366400,end=2752512000](@1) -> float_type, {307200, 512}, {512, 1}, target_id=0: 0.00076334ms, 1%
@156 = multibroadcast[out_lens={307200, 512},out_dyn_dims={}](@12) -> float_type, {307200, 512}, {0, 1}, target_id=0: 0.0019587ms, 1%
@157 = gpu::code_object[code_object=4424,symbol_name=mlir_dot_add_relu,global=19660800,local=256,](@156,@4,@8,@155) -> float_type, {307200, 512}, {512, 1}, target_id=0: 0.678361ms, 2%
@158 = multibroadcast[out_lens={307200, 256},out_dyn_dims={}](@11) -> float_type, {307200, 256}, {0, 1}, target_id=0: 0.00132376ms, 1%
@159 = load[offset=2752512000,end=3067084800](@1) -> float_type, {307200, 256}, {256, 1}, target_id=0: 0.00067768ms, 1%
@160 = gpu::code_object[code_object=7296,symbol_name=mlir_dot_add_relu,global=1228800,local=256,](@158,@157,@30,@159) -> float_type, {307200, 256}, {256, 1}, target_id=0: 2.15073ms, 7%
@161 = multibroadcast[out_lens={307200, 64},out_dyn_dims={}](@24) -> float_type, {307200, 64}, {0, 1}, target_id=0: 0.00116062ms, 1%
@162 = load[offset=0,end=78643200](@1) -> float_type, {307200, 64}, {64, 1}, target_id=0: 0.0006329ms, 1%
@163 = gpu::code_object[code_object=5400,symbol_name=mlir_dot_add_relu,global=1228800,local=256,](@161,@160,@9,@162) -> float_type, {307200, 64}, {64, 1}, target_id=0: 0.486329ms, 2%
@164 = load[offset=2123366400,end=4246732800](@1) -> float_type, {307200, 1728}, {1728, 1}, target_id=0: 0.0007668ms, 1%
@165 = gpu::code_object[code_object=6616,symbol_name=concat_kernel,global=19660800,local=1024,](@163,@154,@150,@146,@142,@138,@134,@130,@126,@122,@118,@114,@110,@106,@102,@98,@94,@90,@86,@82,@78,@74,@70,@66,@62,@58,@54,@164) -> float_type, {307200, 1728}, {1728, 1}, target_id=0: 4.43744ms, 13%
@166 = load[offset=78643200,end=974438400](@1) -> float_type, {307200, 27, 27}, {729, 27, 1}, target_id=0: 0.00076002ms, 1%
@167 = gpu::code_object[code_object=4120,symbol_name=mlir_reshape_reshape_transpose_dot,global=78643200,local=128,](@165,@165,@166) -> float_type, {307200, 27, 27}, {729, 27, 1}, target_id=0: 3.09067ms, 9%
@168 = reshape_lazy[dims={307200, 729}](@167) -> float_type, {307200, 729}, {729, 1}, target_id=0: 0.00142186ms, 1%
@169 = load[offset=974438400,end=1405747200](@1) -> float_type, {307200, 351}, {351, 1}, target_id=0: 0.00067168ms, 1%
@170 = gpu::code_object[code_object=4096,symbol_name=gather_kernel,global=307200,local=1024,](@168,@36,@169) -> float_type, {307200, 351}, {351, 1}, target_id=0: 1.6352ms, 5%
@171 = load[offset=78643200,end=588595200](@1) -> float_type, {307200, 415}, {415, 1}, target_id=0: 0.00071112ms, 1%
@172 = gpu::code_object[code_object=4160,symbol_name=concat_kernel,global=63744000,local=1024,](@163,@170,@171) -> float_type, {307200, 415}, {415, 1}, target_id=0: 1.20325ms, 4%
@173 = load[offset=588595200,end=1217740800](@1) -> float_type, {307200, 512}, {512, 1}, target_id=0: 0.00075422ms, 1%
@174 = multibroadcast[out_lens={307200, 512},out_dyn_dims={}](@28) -> float_type, {307200, 512}, {0, 1}, target_id=0: 0.00106376ms, 1%
@175 = gpu::code_object[code_object=8008,symbol_name=mlir_dot_add_relu,global=2457600,local=256,](@174,@172,@35,@173) -> float_type, {307200, 512}, {512, 1}, target_id=0: 3.81243ms, 11%
@176 = load[offset=1217740800,end=1846886400](@1) -> float_type, {307200, 512}, {512, 1}, target_id=0: 0.00075016ms, 1%
@177 = multibroadcast[out_lens={307200, 512},out_dyn_dims={}](@27) -> float_type, {307200, 512}, {0, 1}, target_id=0: 0.00097732ms, 1%
@178 = gpu::code_object[code_object=8008,symbol_name=mlir_dot_add_relu,global=2457600,local=256,](@177,@175,@14,@176) -> float_type, {307200, 512}, {512, 1}, target_id=0: 4.47967ms, 13%
@179 = load[offset=315801600,end=630374400](@1) -> float_type, {307200, 256}, {256, 1}, target_id=0: 0.00074726ms, 1%
@180 = multibroadcast[out_lens={307200, 256},out_dyn_dims={}](@26) -> float_type, {307200, 256}, {0, 1}, target_id=0: 0.00093128ms, 1%
@181 = gpu::code_object[code_object=7296,symbol_name=mlir_dot_add_relu,global=1228800,local=256,](@180,@178,@31,@179) -> float_type, {307200, 256}, {256, 1}, target_id=0: 2.30456ms, 7%
@182 = load[offset=0,end=1228800](@1) -> float_type, {307200, 1}, {1, 1}, target_id=0: 0.00071974ms, 1%
@183 = multibroadcast[out_lens={307200, 1},out_dyn_dims={}](@29) -> float_type, {307200, 1}, {0, 1}, target_id=0: 0.00093322ms, 1%
@184 = gpu::code_object[code_object=6088,symbol_name=mlir_dot_add_sigmoid,global=2457600,local=128,](@183,@181,@10,@182) -> float_type, {307200, 1}, {1, 1}, target_id=0: 0.320503ms, 1%
@185 = hip::copy_from_gpu(@184) -> float_type, {307200, 1}, {1, 1}, target_id=0: 0.311051ms, 1%
@186 = hip::sync_stream(@185) -> float_type, {307200, 1}, {1, 1}, target_id=0: 0.00171272ms, 1%
@187 = @return(@186), target_id=0
Summary:
gpu::code_object::mlir_dot_add_relu: 13.9121ms / 6 = 2.31868ms, 40%
hip::copy_to_gpu: 6.26755ms / 2 = 3.13377ms, 18%
gpu::code_object::gather_kernel: 5.69665ms / 27 = 0.210987ms, 17%
gpu::code_object::concat_kernel: 5.64069ms / 2 = 2.82035ms, 16%
gpu::code_object::mlir_reshape_reshape_transpose_dot: 3.09067ms / 1 = 3.09067ms, 9%
gpu::code_object::mlir_dot_add_sigmoid: 0.320503ms / 1 = 0.320503ms, 1%
hip::copy_from_gpu: 0.311051ms / 1 = 0.311051ms, 1%
gpu::code_object::convert_kernel: 0.118685ms / 1 = 0.118685ms, 1%
slice: 0.0396649ms / 26 = 0.00152557ms, 1%
squeeze: 0.0390481ms / 26 = 0.00150185ms, 1%
load: 0.0292577ms / 40 = 0.000731443ms, 1%
hip::hip_copy_literal: 0.0259454ms / 41 = 0.000632815ms, 1%
multibroadcast: 0.00834866ms / 7 = 0.00119267ms, 1%
hip::sync_stream: 0.00171272ms / 1 = 0.00171272ms, 1%
check_context::migraphx::gpu::context: 0.00155054ms / 1 = 0.00155054ms, 1%
hip::hip_allocate_memory: 0.00151686ms / 1 = 0.00151686ms, 1%
@param: 0.0014811ms / 2 = 0.00074055ms, 1%
reshape_lazy: 0.00142186ms / 1 = 0.00142186ms, 1%

Batch size: 1
Rate: 28.853 inferences/sec
Total time: 34.6584ms
Total instructions time: 35.5078ms
Overhead time: 0.036134ms, -0.849397ms
Overhead: 0%, -2%
[ MIGraphX Version: 2.9.0.c84f0af3f ] Complete: /src/AMDMIGraphX/build/bin/driver perf --fill1 input lS_i --input-dim @input 307200 13 @lS_i 26 307200 --gpu --enable-offload-copy --gpu /new-saved-models/dlrm/pt_dlrm_criteoterabyte_13_26_20k_1.1_M2.4/float/pt_dlrm_fp32_onnx/pt_dlrm_fp32.onnx
