Running [ MIGraphX Version: 2.10.0.a7d295086 ]: /src/AMDMIGraphX/build/bin/driver perf --gpu /new-saved-models/torchvision/resnet50i1.onnx
Compiling ... 
Reading: /new-saved-models/torchvision/resnet50i1.onnx
module: "main"
@0 = check_context::migraphx::gpu::context -> float_type, {}, {}, target_id=0
@1 = hip::hip_allocate_memory[shape=int8_type, {9633792}, {1},id=main:scratch] -> int8_type, {9633792}, {1}, target_id=0
@2 = hip::hip_copy_literal[id=main:@literal:98] -> float_type, {64}, {1}, target_id=0
@3 = hip::hip_copy_literal[id=main:@literal:99] -> float_type, {64, 3, 7, 7}, {147, 49, 7, 1}, target_id=0
@4 = load[offset=3211264,end=6422528](@1) -> float_type, {1, 64, 112, 112}, {802816, 12544, 112, 1}, target_id=0
@5 = broadcast[axis=1,out_lens={1, 64, 112, 112}](@2) -> float_type, {1, 64, 112, 112}, {0, 1, 0, 0}, target_id=0
input.1 = @param:input.1 -> float_type, {1, 3, 224, 224}, {150528, 50176, 224, 1}, target_id=0
@7 = gpu::code_object[code_object=6480,symbol_name=mlir_convolution_add_relu,global=50176,local=256,](@5,input.1,@3,@4) -> float_type, {1, 64, 112, 112}, {802816, 12544, 112, 1}, target_id=0
@8 = load[offset=2408448,end=3211264](@1) -> float_type, {1, 64, 56, 56}, {200704, 3136, 56, 1}, target_id=0
@9 = gpu::pooling[mode=max,padding={1, 1, 1, 1},padding_mode=0,stride={2, 2},lengths={3, 3},dilations={1, 1},ceil_mode=0,lp_order=2,dyn_global=0](@7,@8) -> float_type, {1, 64, 56, 56}, {200704, 3136, 56, 1}, target_id=0
@10 = hip::hip_copy_literal[id=main:@literal:96] -> float_type, {64}, {1}, target_id=0
@11 = hip::hip_copy_literal[id=main:@literal:97] -> float_type, {64, 64, 1, 1}, {64, 1, 1, 1}, target_id=0
@12 = broadcast[axis=1,out_lens={1, 64, 56, 56}](@10) -> float_type, {1, 64, 56, 56}, {0, 1, 0, 0}, target_id=0
@13 = load[offset=802816,end=1605632](@1) -> float_type, {1, 64, 56, 56}, {200704, 3136, 56, 1}, target_id=0
@14 = gpu::code_object[code_object=5136,symbol_name=mlir_convolution_add_relu,global=50176,local=256,](@12,@9,@11,@13) -> float_type, {1, 64, 56, 56}, {200704, 3136, 56, 1}, target_id=0
@15 = hip::hip_copy_literal[id=main:@literal:95] -> float_type, {64, 64, 3, 3}, {576, 9, 3, 1}, target_id=0
@16 = load[offset=0,end=0](@1) -> int8_type, {0}, {1}, target_id=0
@17 = load[offset=0,end=802816](@1) -> float_type, {1, 64, 56, 56}, {200704, 3136, 56, 1}, target_id=0
@18 = gpu::convolution[op={padding={1, 1, 1, 1},stride={1, 1},dilation={1, 1},group=1,padding_mode=0},solution_object={binary_object: 453},algo=0,solution_id=0](@14,@15,@16,@17) -> float_type, {1, 64, 56, 56}, {200704, 3136, 56, 1}, target_id=0
@19 = hip::hip_copy_literal[id=main:@literal:2] -> float_type, {256}, {1}, target_id=0
@20 = hip::hip_copy_literal[id=main:@literal:94] -> float_type, {64}, {1}, target_id=0
@21 = load[offset=3211264,end=4816896](@1) -> float_type, {1, 128, 56, 56}, {401408, 3136, 56, 1}, target_id=0
@22 = broadcast[axis=1,out_lens={1, 64, 56, 56}](@20) -> float_type, {1, 64, 56, 56}, {0, 1, 0, 0}, target_id=0
@23 = gpu::code_object[code_object=5360,symbol_name=add_relu_noop_concat_noop_kernel,global=100352,local=1024,](@18,@22,@9,@21) -> float_type, {1, 128, 56, 56}, {401408, 3136, 56, 1}, target_id=0
@24 = hip::hip_copy_literal[id=main:@literal:3] -> float_type, {256, 128, 1, 1}, {128, 1, 1, 1}, target_id=0
@25 = broadcast[axis=1,out_lens={1, 256, 56, 56}](@19) -> float_type, {1, 256, 56, 56}, {0, 1, 0, 0}, target_id=0
@26 = load[offset=6422528,end=9633792](@1) -> float_type, {1, 256, 56, 56}, {802816, 3136, 56, 1}, target_id=0
@27 = gpu::code_object[code_object=7504,symbol_name=mlir_convolution_add_relu,global=50176,local=256,](@25,@23,@24,@26) -> float_type, {1, 256, 56, 56}, {802816, 3136, 56, 1}, target_id=0
@28 = hip::hip_copy_literal[id=main:@literal:92] -> float_type, {64}, {1}, target_id=0
@29 = hip::hip_copy_literal[id=main:@literal:93] -> float_type, {64, 256, 1, 1}, {256, 1, 1, 1}, target_id=0
@30 = load[offset=1605632,end=2408448](@1) -> float_type, {1, 64, 56, 56}, {200704, 3136, 56, 1}, target_id=0
@31 = broadcast[axis=1,out_lens={1, 64, 56, 56}](@28) -> float_type, {1, 64, 56, 56}, {0, 1, 0, 0}, target_id=0
@32 = gpu::code_object[code_object=6864,symbol_name=mlir_convolution_add_relu,global=50176,local=256,](@31,@27,@29,@30) -> float_type, {1, 64, 56, 56}, {200704, 3136, 56, 1}, target_id=0
@33 = hip::hip_copy_literal[id=main:@literal:91] -> float_type, {64, 64, 3, 3}, {576, 9, 3, 1}, target_id=0
@34 = load[offset=0,end=0](@1) -> int8_type, {0}, {1}, target_id=0
@35 = load[offset=802816,end=1605632](@1) -> float_type, {1, 64, 56, 56}, {200704, 3136, 56, 1}, target_id=0
@36 = gpu::convolution[op={padding={1, 1, 1, 1},stride={1, 1},dilation={1, 1},group=1,padding_mode=0},solution_object={binary_object: 453},algo=0,solution_id=0](@32,@33,@34,@35) -> float_type, {1, 64, 56, 56}, {200704, 3136, 56, 1}, target_id=0
@37 = hip::hip_copy_literal[id=main:@literal:90] -> float_type, {64}, {1}, target_id=0
@38 = load[offset=0,end=802816](@1) -> float_type, {1, 64, 56, 56}, {200704, 3136, 56, 1}, target_id=0
@39 = broadcast[axis=1,out_lens={1, 64, 56, 56}](@37) -> float_type, {1, 64, 56, 56}, {0, 1, 0, 0}, target_id=0
@40 = gpu::code_object[code_object=5256,symbol_name=add_relu_kernel,global=100352,local=1024,](@36,@39,@38) -> float_type, {1, 64, 56, 56}, {200704, 3136, 56, 1}, target_id=0
@41 = hip::hip_copy_literal[id=main:@literal:88] -> float_type, {256}, {1}, target_id=0
@42 = hip::hip_copy_literal[id=main:@literal:89] -> float_type, {256, 64, 1, 1}, {64, 1, 1, 1}, target_id=0
@43 = load[offset=3211264,end=6422528](@1) -> float_type, {1, 256, 56, 56}, {802816, 3136, 56, 1}, target_id=0
@44 = broadcast[axis=1,out_lens={1, 256, 56, 56}](@41) -> float_type, {1, 256, 56, 56}, {0, 1, 0, 0}, target_id=0
@45 = gpu::code_object[code_object=5208,symbol_name=mlir_convolution_add_add_relu,global=200704,local=256,](@44,@27,@40,@42,@43) -> float_type, {1, 256, 56, 56}, {802816, 3136, 56, 1}, target_id=0
@46 = hip::hip_copy_literal[id=main:@literal:86] -> float_type, {64}, {1}, target_id=0
@47 = hip::hip_copy_literal[id=main:@literal:87] -> float_type, {64, 256, 1, 1}, {256, 1, 1, 1}, target_id=0
@48 = load[offset=802816,end=1605632](@1) -> float_type, {1, 64, 56, 56}, {200704, 3136, 56, 1}, target_id=0
@49 = broadcast[axis=1,out_lens={1, 64, 56, 56}](@46) -> float_type, {1, 64, 56, 56}, {0, 1, 0, 0}, target_id=0
@50 = gpu::code_object[code_object=6864,symbol_name=mlir_convolution_add_relu,global=50176,local=256,](@49,@45,@47,@48) -> float_type, {1, 64, 56, 56}, {200704, 3136, 56, 1}, target_id=0
@51 = hip::hip_copy_literal[id=main:@literal:85] -> float_type, {64, 64, 3, 3}, {576, 9, 3, 1}, target_id=0
@52 = load[offset=0,end=0](@1) -> int8_type, {0}, {1}, target_id=0
@53 = load[offset=0,end=802816](@1) -> float_type, {1, 64, 56, 56}, {200704, 3136, 56, 1}, target_id=0
@54 = gpu::convolution[op={padding={1, 1, 1, 1},stride={1, 1},dilation={1, 1},group=1,padding_mode=0},solution_object={binary_object: 453},algo=0,solution_id=0](@50,@51,@52,@53) -> float_type, {1, 64, 56, 56}, {200704, 3136, 56, 1}, target_id=0
@55 = hip::hip_copy_literal[id=main:@literal:84] -> float_type, {64}, {1}, target_id=0
@56 = broadcast[axis=1,out_lens={1, 64, 56, 56}](@55) -> float_type, {1, 64, 56, 56}, {0, 1, 0, 0}, target_id=0
@57 = load[offset=6422528,end=7225344](@1) -> float_type, {1, 64, 56, 56}, {200704, 3136, 56, 1}, target_id=0
@58 = gpu::code_object[code_object=5256,symbol_name=add_relu_kernel,global=100352,local=1024,](@54,@56,@57) -> float_type, {1, 64, 56, 56}, {200704, 3136, 56, 1}, target_id=0
@59 = hip::hip_copy_literal[id=main:@literal:82] -> float_type, {256}, {1}, target_id=0
@60 = hip::hip_copy_literal[id=main:@literal:83] -> float_type, {256, 64, 1, 1}, {64, 1, 1, 1}, target_id=0
@61 = load[offset=0,end=3211264](@1) -> float_type, {1, 256, 56, 56}, {802816, 3136, 56, 1}, target_id=0
@62 = broadcast[axis=1,out_lens={1, 256, 56, 56}](@59) -> float_type, {1, 256, 56, 56}, {0, 1, 0, 0}, target_id=0
@63 = gpu::code_object[code_object=5208,symbol_name=mlir_convolution_add_add_relu,global=200704,local=256,](@62,@45,@58,@60,@61) -> float_type, {1, 256, 56, 56}, {802816, 3136, 56, 1}, target_id=0
@64 = hip::hip_copy_literal[id=main:@literal:80] -> float_type, {128}, {1}, target_id=0
@65 = hip::hip_copy_literal[id=main:@literal:81] -> float_type, {128, 256, 1, 1}, {256, 1, 1, 1}, target_id=0
@66 = broadcast[axis=1,out_lens={1, 128, 56, 56}](@64) -> float_type, {1, 128, 56, 56}, {0, 1, 0, 0}, target_id=0
@67 = load[offset=6209536,end=7815168](@1) -> float_type, {1, 128, 56, 56}, {401408, 3136, 56, 1}, target_id=0
@68 = gpu::code_object[code_object=6864,symbol_name=mlir_convolution_add_relu,global=100352,local=256,](@66,@63,@65,@67) -> float_type, {1, 128, 56, 56}, {401408, 3136, 56, 1}, target_id=0
@69 = hip::hip_copy_literal[id=main:@literal:79] -> float_type, {128, 128, 3, 3}, {1152, 9, 3, 1}, target_id=0
@70 = load[offset=3612672,end=6209536](@1) -> int8_type, {2596864}, {1}, target_id=0
@71 = load[offset=3211264,end=3612672](@1) -> float_type, {1, 128, 28, 28}, {100352, 784, 28, 1}, target_id=0
@72 = gpu::convolution[op={padding={1, 1, 1, 1},stride={2, 2},dilation={1, 1},group=1,padding_mode=0},solution_object={binary_object: 556},algo=0,solution_id=0](@68,@69,@70,@71) -> float_type, {1, 128, 28, 28}, {100352, 784, 28, 1}, target_id=0
@73 = hip::hip_copy_literal[id=main:@literal:78] -> float_type, {128}, {1}, target_id=0
@74 = load[offset=3612672,end=4816896](@1) -> float_type, {1, 384, 28, 28}, {301056, 784, 28, 1}, target_id=0
@75 = step[axes={2, 3},steps={2, 2}](@63) -> float_type, {1, 256, 28, 28}, {802816, 3136, 112, 2}, target_id=0
@76 = broadcast[axis=1,out_lens={1, 128, 28, 28}](@73) -> float_type, {1, 128, 28, 28}, {0, 1, 0, 0}, target_id=0
@77 = gpu::code_object[code_object=5552,symbol_name=add_relu_noop_concat_noop_kernel,global=150528,local=1024,](@72,@76,@75,@74) -> float_type, {1, 384, 28, 28}, {301056, 784, 28, 1}, target_id=0
@78 = hip::hip_copy_literal[id=main:@literal:5] -> float_type, {512, 384, 1, 1}, {384, 1, 1, 1}, target_id=0
@79 = hip::hip_copy_literal[id=main:@literal:4] -> float_type, {512}, {1}, target_id=0
@80 = load[offset=4816896,end=6422528](@1) -> float_type, {1, 512, 28, 28}, {401408, 784, 28, 1}, target_id=0
@81 = broadcast[axis=1,out_lens={1, 512, 28, 28}](@79) -> float_type, {1, 512, 28, 28}, {0, 1, 0, 0}, target_id=0
@82 = gpu::code_object[code_object=5520,symbol_name=mlir_convolution_add_relu,global=102400,local=256,](@81,@77,@78,@80) -> float_type, {1, 512, 28, 28}, {401408, 784, 28, 1}, target_id=0
@83 = hip::hip_copy_literal[id=main:@literal:76] -> float_type, {128}, {1}, target_id=0
@84 = hip::hip_copy_literal[id=main:@literal:77] -> float_type, {128, 512, 1, 1}, {512, 1, 1, 1}, target_id=0
@85 = broadcast[axis=1,out_lens={1, 128, 28, 28}](@83) -> float_type, {1, 128, 28, 28}, {0, 1, 0, 0}, target_id=0
@86 = load[offset=0,end=401408](@1) -> float_type, {1, 128, 28, 28}, {100352, 784, 28, 1}, target_id=0
@87 = gpu::code_object[code_object=5840,symbol_name=mlir_convolution_add_relu,global=25600,local=256,](@85,@82,@84,@86) -> float_type, {1, 128, 28, 28}, {100352, 784, 28, 1}, target_id=0
@88 = hip::hip_copy_literal[id=main:@literal:75] -> float_type, {128, 128, 3, 3}, {1152, 9, 3, 1}, target_id=0
@89 = load[offset=0,end=0](@1) -> int8_type, {0}, {1}, target_id=0
@90 = load[offset=802816,end=1204224](@1) -> float_type, {1, 128, 28, 28}, {100352, 784, 28, 1}, target_id=0
@91 = gpu::convolution[op={padding={1, 1, 1, 1},stride={1, 1},dilation={1, 1},group=1,padding_mode=0},solution_object={binary_object: 457},algo=0,solution_id=0](@87,@88,@89,@90) -> float_type, {1, 128, 28, 28}, {100352, 784, 28, 1}, target_id=0
@92 = hip::hip_copy_literal[id=main:@literal:74] -> float_type, {128}, {1}, target_id=0
@93 = broadcast[axis=1,out_lens={1, 128, 28, 28}](@92) -> float_type, {1, 128, 28, 28}, {0, 1, 0, 0}, target_id=0
@94 = load[offset=401408,end=802816](@1) -> float_type, {1, 128, 28, 28}, {100352, 784, 28, 1}, target_id=0
@95 = gpu::code_object[code_object=5256,symbol_name=add_relu_kernel,global=50176,local=1024,](@91,@93,@94) -> float_type, {1, 128, 28, 28}, {100352, 784, 28, 1}, target_id=0
@96 = hip::hip_copy_literal[id=main:@literal:72] -> float_type, {512}, {1}, target_id=0
@97 = hip::hip_copy_literal[id=main:@literal:73] -> float_type, {512, 128, 1, 1}, {128, 1, 1, 1}, target_id=0
@98 = broadcast[axis=1,out_lens={1, 512, 28, 28}](@96) -> float_type, {1, 512, 28, 28}, {0, 1, 0, 0}, target_id=0
@99 = load[offset=2408448,end=4014080](@1) -> float_type, {1, 512, 28, 28}, {401408, 784, 28, 1}, target_id=0
@100 = gpu::code_object[code_object=6040,symbol_name=mlir_convolution_add_add_relu,global=102400,local=256,](@98,@82,@95,@97,@99) -> float_type, {1, 512, 28, 28}, {401408, 784, 28, 1}, target_id=0
@101 = hip::hip_copy_literal[id=main:@literal:70] -> float_type, {128}, {1}, target_id=0
@102 = hip::hip_copy_literal[id=main:@literal:71] -> float_type, {128, 512, 1, 1}, {512, 1, 1, 1}, target_id=0
@103 = broadcast[axis=1,out_lens={1, 128, 28, 28}](@101) -> float_type, {1, 128, 28, 28}, {0, 1, 0, 0}, target_id=0
@104 = load[offset=802816,end=1204224](@1) -> float_type, {1, 128, 28, 28}, {100352, 784, 28, 1}, target_id=0
@105 = gpu::code_object[code_object=5840,symbol_name=mlir_convolution_add_relu,global=25600,local=256,](@103,@100,@102,@104) -> float_type, {1, 128, 28, 28}, {100352, 784, 28, 1}, target_id=0
@106 = hip::hip_copy_literal[id=main:@literal:69] -> float_type, {128, 128, 3, 3}, {1152, 9, 3, 1}, target_id=0
@107 = load[offset=0,end=0](@1) -> int8_type, {0}, {1}, target_id=0
@108 = load[offset=401408,end=802816](@1) -> float_type, {1, 128, 28, 28}, {100352, 784, 28, 1}, target_id=0
@109 = gpu::convolution[op={padding={1, 1, 1, 1},stride={1, 1},dilation={1, 1},group=1,padding_mode=0},solution_object={binary_object: 457},algo=0,solution_id=0](@105,@106,@107,@108) -> float_type, {1, 128, 28, 28}, {100352, 784, 28, 1}, target_id=0
@110 = hip::hip_copy_literal[id=main:@literal:68] -> float_type, {128}, {1}, target_id=0
@111 = broadcast[axis=1,out_lens={1, 128, 28, 28}](@110) -> float_type, {1, 128, 28, 28}, {0, 1, 0, 0}, target_id=0
@112 = load[offset=0,end=401408](@1) -> float_type, {1, 128, 28, 28}, {100352, 784, 28, 1}, target_id=0
@113 = gpu::code_object[code_object=5256,symbol_name=add_relu_kernel,global=50176,local=1024,](@109,@111,@112) -> float_type, {1, 128, 28, 28}, {100352, 784, 28, 1}, target_id=0
@114 = hip::hip_copy_literal[id=main:@literal:66] -> float_type, {512}, {1}, target_id=0
@115 = hip::hip_copy_literal[id=main:@literal:67] -> float_type, {512, 128, 1, 1}, {128, 1, 1, 1}, target_id=0
@116 = broadcast[axis=1,out_lens={1, 512, 28, 28}](@114) -> float_type, {1, 512, 28, 28}, {0, 1, 0, 0}, target_id=0
@117 = load[offset=802816,end=2408448](@1) -> float_type, {1, 512, 28, 28}, {401408, 784, 28, 1}, target_id=0
@118 = gpu::code_object[code_object=6040,symbol_name=mlir_convolution_add_add_relu,global=102400,local=256,](@116,@100,@113,@115,@117) -> float_type, {1, 512, 28, 28}, {401408, 784, 28, 1}, target_id=0
@119 = hip::hip_copy_literal[id=main:@literal:63] -> float_type, {128, 128, 3, 3}, {1152, 9, 3, 1}, target_id=0
@120 = hip::hip_copy_literal[id=main:@literal:64] -> float_type, {128}, {1}, target_id=0
@121 = hip::hip_copy_literal[id=main:@literal:65] -> float_type, {128, 512, 1, 1}, {512, 1, 1, 1}, target_id=0
@122 = broadcast[axis=1,out_lens={1, 128, 28, 28}](@120) -> float_type, {1, 128, 28, 28}, {0, 1, 0, 0}, target_id=0
@123 = load[offset=401408,end=802816](@1) -> float_type, {1, 128, 28, 28}, {100352, 784, 28, 1}, target_id=0
@124 = gpu::code_object[code_object=5840,symbol_name=mlir_convolution_add_relu,global=25600,local=256,](@122,@118,@121,@123) -> float_type, {1, 128, 28, 28}, {100352, 784, 28, 1}, target_id=0
@125 = load[offset=0,end=0](@1) -> int8_type, {0}, {1}, target_id=0
@126 = load[offset=0,end=401408](@1) -> float_type, {1, 128, 28, 28}, {100352, 784, 28, 1}, target_id=0
@127 = gpu::convolution[op={padding={1, 1, 1, 1},stride={1, 1},dilation={1, 1},group=1,padding_mode=0},solution_object={binary_object: 457},algo=0,solution_id=0](@124,@119,@125,@126) -> float_type, {1, 128, 28, 28}, {100352, 784, 28, 1}, target_id=0
@128 = hip::hip_copy_literal[id=main:@literal:62] -> float_type, {128}, {1}, target_id=0
@129 = broadcast[axis=1,out_lens={1, 128, 28, 28}](@128) -> float_type, {1, 128, 28, 28}, {0, 1, 0, 0}, target_id=0
@130 = load[offset=2408448,end=2809856](@1) -> float_type, {1, 128, 28, 28}, {100352, 784, 28, 1}, target_id=0
@131 = gpu::code_object[code_object=5256,symbol_name=add_relu_kernel,global=50176,local=1024,](@127,@129,@130) -> float_type, {1, 128, 28, 28}, {100352, 784, 28, 1}, target_id=0
@132 = hip::hip_copy_literal[id=main:@literal:60] -> float_type, {512}, {1}, target_id=0
@133 = hip::hip_copy_literal[id=main:@literal:61] -> float_type, {512, 128, 1, 1}, {128, 1, 1, 1}, target_id=0
@134 = broadcast[axis=1,out_lens={1, 512, 28, 28}](@132) -> float_type, {1, 512, 28, 28}, {0, 1, 0, 0}, target_id=0
@135 = load[offset=4165632,end=5771264](@1) -> float_type, {1, 512, 28, 28}, {401408, 784, 28, 1}, target_id=0
@136 = gpu::code_object[code_object=6040,symbol_name=mlir_convolution_add_add_relu,global=102400,local=256,](@134,@118,@131,@133,@135) -> float_type, {1, 512, 28, 28}, {401408, 784, 28, 1}, target_id=0
@137 = hip::hip_copy_literal[id=main:@literal:58] -> float_type, {256}, {1}, target_id=0
@138 = hip::hip_copy_literal[id=main:@literal:59] -> float_type, {256, 512, 1, 1}, {512, 1, 1, 1}, target_id=0
@139 = broadcast[axis=1,out_lens={1, 256, 28, 28}](@137) -> float_type, {1, 256, 28, 28}, {0, 1, 0, 0}, target_id=0
@140 = load[offset=0,end=802816](@1) -> float_type, {1, 256, 28, 28}, {200704, 784, 28, 1}, target_id=0
@141 = gpu::code_object[code_object=5968,symbol_name=mlir_convolution_add_relu,global=51200,local=256,](@139,@136,@138,@140) -> float_type, {1, 256, 28, 28}, {200704, 784, 28, 1}, target_id=0
@142 = hip::hip_copy_literal[id=main:@literal:57] -> float_type, {256, 256, 3, 3}, {2304, 9, 3, 1}, target_id=0
@143 = load[offset=5971968,end=9334784](@1) -> int8_type, {3362816}, {1}, target_id=0
@144 = load[offset=5771264,end=5971968](@1) -> float_type, {1, 256, 14, 14}, {50176, 196, 14, 1}, target_id=0
@145 = gpu::convolution[op={padding={1, 1, 1, 1},stride={2, 2},dilation={1, 1},group=1,padding_mode=0},solution_object={binary_object: 558},algo=0,solution_id=0](@141,@142,@143,@144) -> float_type, {1, 256, 14, 14}, {50176, 196, 14, 1}, target_id=0
@146 = hip::hip_copy_literal[id=main:@literal:7] -> float_type, {1024, 768, 1, 1}, {768, 1, 1, 1}, target_id=0
@147 = hip::hip_copy_literal[id=main:@literal:6] -> float_type, {1024}, {1}, target_id=0
@148 = hip::hip_copy_literal[id=main:@literal:56] -> float_type, {256}, {1}, target_id=0
@149 = broadcast[axis=1,out_lens={1, 256, 14, 14}](@148) -> float_type, {1, 256, 14, 14}, {0, 1, 0, 0}, target_id=0
@150 = step[axes={2, 3},steps={2, 2}](@136) -> float_type, {1, 512, 14, 14}, {401408, 784, 56, 2}, target_id=0
@151 = load[offset=802816,end=1404928](@1) -> float_type, {1, 768, 14, 14}, {150528, 196, 14, 1}, target_id=0
@152 = gpu::code_object[code_object=5552,symbol_name=add_relu_noop_concat_noop_kernel,global=75264,local=1024,](@145,@149,@150,@151) -> float_type, {1, 768, 14, 14}, {150528, 196, 14, 1}, target_id=0
@153 = load[offset=0,end=802816](@1) -> float_type, {1, 1024, 14, 14}, {200704, 196, 14, 1}, target_id=0
@154 = broadcast[axis=1,out_lens={1, 1024, 14, 14}](@147) -> float_type, {1, 1024, 14, 14}, {0, 1, 0, 0}, target_id=0
@155 = gpu::code_object[code_object=5520,symbol_name=mlir_convolution_add_relu,global=57344,local=256,](@154,@152,@146,@153) -> float_type, {1, 1024, 14, 14}, {200704, 196, 14, 1}, target_id=0
@156 = hip::hip_copy_literal[id=main:@literal:53] -> float_type, {256, 256, 3, 3}, {2304, 9, 3, 1}, target_id=0
@157 = hip::hip_copy_literal[id=main:@literal:54] -> float_type, {256}, {1}, target_id=0
@158 = hip::hip_copy_literal[id=main:@literal:55] -> float_type, {256, 1024, 1, 1}, {1024, 1, 1, 1}, target_id=0
@159 = load[offset=3764224,end=3964928](@1) -> float_type, {1, 256, 14, 14}, {50176, 196, 14, 1}, target_id=0
@160 = broadcast[axis=1,out_lens={1, 256, 14, 14}](@157) -> float_type, {1, 256, 14, 14}, {0, 1, 0, 0}, target_id=0
@161 = gpu::code_object[code_object=6416,symbol_name=mlir_convolution_add_relu,global=13312,local=64,](@160,@155,@158,@159) -> float_type, {1, 256, 14, 14}, {50176, 196, 14, 1}, target_id=0
@162 = load[offset=1003520,end=3764224](@1) -> int8_type, {2760704}, {1}, target_id=0
@163 = load[offset=802816,end=1003520](@1) -> float_type, {1, 256, 14, 14}, {50176, 196, 14, 1}, target_id=0
@164 = gpu::convolution[op={padding={1, 1, 1, 1},stride={1, 1},dilation={1, 1},group=1,padding_mode=0},solution_object={binary_object: 555},algo=0,solution_id=0](@161,@156,@162,@163) -> float_type, {1, 256, 14, 14}, {50176, 196, 14, 1}, target_id=0
@165 = hip::hip_copy_literal[id=main:@literal:50] -> float_type, {1024}, {1}, target_id=0
@166 = hip::hip_copy_literal[id=main:@literal:51] -> float_type, {1024, 256, 1, 1}, {256, 1, 1, 1}, target_id=0
@167 = hip::hip_copy_literal[id=main:@literal:52] -> float_type, {256}, {1}, target_id=0
@168 = load[offset=1003520,end=1204224](@1) -> float_type, {1, 256, 14, 14}, {50176, 196, 14, 1}, target_id=0
@169 = broadcast[axis=1,out_lens={1, 256, 14, 14}](@167) -> float_type, {1, 256, 14, 14}, {0, 1, 0, 0}, target_id=0
@170 = gpu::code_object[code_object=5000,symbol_name=add_relu_kernel,global=25088,local=1024,](@164,@169,@168) -> float_type, {1, 256, 14, 14}, {50176, 196, 14, 1}, target_id=0
@171 = broadcast[axis=1,out_lens={1, 1024, 14, 14}](@165) -> float_type, {1, 1024, 14, 14}, {0, 1, 0, 0}, target_id=0
@172 = load[offset=2961408,end=3764224](@1) -> float_type, {1, 1024, 14, 14}, {200704, 196, 14, 1}, target_id=0
@173 = gpu::code_object[code_object=7128,symbol_name=mlir_convolution_add_add_relu,global=57344,local=256,](@171,@155,@170,@166,@172) -> float_type, {1, 1024, 14, 14}, {200704, 196, 14, 1}, target_id=0
@174 = hip::hip_copy_literal[id=main:@literal:47] -> float_type, {256, 256, 3, 3}, {2304, 9, 3, 1}, target_id=0
@175 = hip::hip_copy_literal[id=main:@literal:48] -> float_type, {256}, {1}, target_id=0
@176 = hip::hip_copy_literal[id=main:@literal:49] -> float_type, {256, 1024, 1, 1}, {1024, 1, 1, 1}, target_id=0
@177 = broadcast[axis=1,out_lens={1, 256, 14, 14}](@175) -> float_type, {1, 256, 14, 14}, {0, 1, 0, 0}, target_id=0
@178 = load[offset=0,end=200704](@1) -> float_type, {1, 256, 14, 14}, {50176, 196, 14, 1}, target_id=0
@179 = gpu::code_object[code_object=6416,symbol_name=mlir_convolution_add_relu,global=13312,local=64,](@177,@173,@176,@178) -> float_type, {1, 256, 14, 14}, {50176, 196, 14, 1}, target_id=0
@180 = load[offset=3964928,end=6725632](@1) -> int8_type, {2760704}, {1}, target_id=0
@181 = load[offset=3764224,end=3964928](@1) -> float_type, {1, 256, 14, 14}, {50176, 196, 14, 1}, target_id=0
@182 = gpu::convolution[op={padding={1, 1, 1, 1},stride={1, 1},dilation={1, 1},group=1,padding_mode=0},solution_object={binary_object: 555},algo=0,solution_id=0](@179,@174,@180,@181) -> float_type, {1, 256, 14, 14}, {50176, 196, 14, 1}, target_id=0
@183 = hip::hip_copy_literal[id=main:@literal:44] -> float_type, {1024}, {1}, target_id=0
@184 = hip::hip_copy_literal[id=main:@literal:45] -> float_type, {1024, 256, 1, 1}, {256, 1, 1, 1}, target_id=0
@185 = hip::hip_copy_literal[id=main:@literal:46] -> float_type, {256}, {1}, target_id=0
@186 = broadcast[axis=1,out_lens={1, 256, 14, 14}](@185) -> float_type, {1, 256, 14, 14}, {0, 1, 0, 0}, target_id=0
@187 = load[offset=0,end=200704](@1) -> float_type, {1, 256, 14, 14}, {50176, 196, 14, 1}, target_id=0
@188 = gpu::code_object[code_object=5000,symbol_name=add_relu_kernel,global=25088,local=1024,](@182,@186,@187) -> float_type, {1, 256, 14, 14}, {50176, 196, 14, 1}, target_id=0
@189 = load[offset=3964928,end=4767744](@1) -> float_type, {1, 1024, 14, 14}, {200704, 196, 14, 1}, target_id=0
@190 = broadcast[axis=1,out_lens={1, 1024, 14, 14}](@183) -> float_type, {1, 1024, 14, 14}, {0, 1, 0, 0}, target_id=0
@191 = gpu::code_object[code_object=7128,symbol_name=mlir_convolution_add_add_relu,global=57344,local=256,](@190,@173,@188,@184,@189) -> float_type, {1, 1024, 14, 14}, {200704, 196, 14, 1}, target_id=0
@192 = hip::hip_copy_literal[id=main:@literal:41] -> float_type, {256, 256, 3, 3}, {2304, 9, 3, 1}, target_id=0
@193 = hip::hip_copy_literal[id=main:@literal:42] -> float_type, {256}, {1}, target_id=0
@194 = hip::hip_copy_literal[id=main:@literal:43] -> float_type, {256, 1024, 1, 1}, {1024, 1, 1, 1}, target_id=0
@195 = load[offset=2961408,end=3162112](@1) -> float_type, {1, 256, 14, 14}, {50176, 196, 14, 1}, target_id=0
@196 = broadcast[axis=1,out_lens={1, 256, 14, 14}](@193) -> float_type, {1, 256, 14, 14}, {0, 1, 0, 0}, target_id=0
@197 = gpu::code_object[code_object=6416,symbol_name=mlir_convolution_add_relu,global=13312,local=64,](@196,@191,@194,@195) -> float_type, {1, 256, 14, 14}, {50176, 196, 14, 1}, target_id=0
@198 = load[offset=200704,end=2961408](@1) -> int8_type, {2760704}, {1}, target_id=0
@199 = load[offset=0,end=200704](@1) -> float_type, {1, 256, 14, 14}, {50176, 196, 14, 1}, target_id=0
@200 = gpu::convolution[op={padding={1, 1, 1, 1},stride={1, 1},dilation={1, 1},group=1,padding_mode=0},solution_object={binary_object: 555},algo=0,solution_id=0](@197,@192,@198,@199) -> float_type, {1, 256, 14, 14}, {50176, 196, 14, 1}, target_id=0
@201 = hip::hip_copy_literal[id=main:@literal:38] -> float_type, {1024}, {1}, target_id=0
@202 = hip::hip_copy_literal[id=main:@literal:39] -> float_type, {1024, 256, 1, 1}, {256, 1, 1, 1}, target_id=0
@203 = hip::hip_copy_literal[id=main:@literal:40] -> float_type, {256}, {1}, target_id=0
@204 = load[offset=802816,end=1003520](@1) -> float_type, {1, 256, 14, 14}, {50176, 196, 14, 1}, target_id=0
@205 = broadcast[axis=1,out_lens={1, 256, 14, 14}](@203) -> float_type, {1, 256, 14, 14}, {0, 1, 0, 0}, target_id=0
@206 = gpu::code_object[code_object=5000,symbol_name=add_relu_kernel,global=25088,local=1024,](@200,@205,@204) -> float_type, {1, 256, 14, 14}, {50176, 196, 14, 1}, target_id=0
@207 = broadcast[axis=1,out_lens={1, 1024, 14, 14}](@201) -> float_type, {1, 1024, 14, 14}, {0, 1, 0, 0}, target_id=0
@208 = load[offset=0,end=802816](@1) -> float_type, {1, 1024, 14, 14}, {200704, 196, 14, 1}, target_id=0
@209 = gpu::code_object[code_object=7128,symbol_name=mlir_convolution_add_add_relu,global=57344,local=256,](@207,@191,@206,@202,@208) -> float_type, {1, 1024, 14, 14}, {200704, 196, 14, 1}, target_id=0
@210 = hip::hip_copy_literal[id=main:@literal:35] -> float_type, {256, 256, 3, 3}, {2304, 9, 3, 1}, target_id=0
@211 = hip::hip_copy_literal[id=main:@literal:36] -> float_type, {256}, {1}, target_id=0
@212 = hip::hip_copy_literal[id=main:@literal:37] -> float_type, {256, 1024, 1, 1}, {1024, 1, 1, 1}, target_id=0
@213 = broadcast[axis=1,out_lens={1, 256, 14, 14}](@211) -> float_type, {1, 256, 14, 14}, {0, 1, 0, 0}, target_id=0
@214 = load[offset=3764224,end=3964928](@1) -> float_type, {1, 256, 14, 14}, {50176, 196, 14, 1}, target_id=0
@215 = gpu::code_object[code_object=6416,symbol_name=mlir_convolution_add_relu,global=13312,local=64,](@213,@209,@212,@214) -> float_type, {1, 256, 14, 14}, {50176, 196, 14, 1}, target_id=0
@216 = load[offset=1003520,end=3764224](@1) -> int8_type, {2760704}, {1}, target_id=0
@217 = load[offset=802816,end=1003520](@1) -> float_type, {1, 256, 14, 14}, {50176, 196, 14, 1}, target_id=0
@218 = gpu::convolution[op={padding={1, 1, 1, 1},stride={1, 1},dilation={1, 1},group=1,padding_mode=0},solution_object={binary_object: 555},algo=0,solution_id=0](@215,@210,@216,@217) -> float_type, {1, 256, 14, 14}, {50176, 196, 14, 1}, target_id=0
@219 = hip::hip_copy_literal[id=main:@literal:32] -> float_type, {1024}, {1}, target_id=0
@220 = hip::hip_copy_literal[id=main:@literal:33] -> float_type, {1024, 256, 1, 1}, {256, 1, 1, 1}, target_id=0
@221 = hip::hip_copy_literal[id=main:@literal:34] -> float_type, {256}, {1}, target_id=0
@222 = load[offset=1003520,end=1204224](@1) -> float_type, {1, 256, 14, 14}, {50176, 196, 14, 1}, target_id=0
@223 = broadcast[axis=1,out_lens={1, 256, 14, 14}](@221) -> float_type, {1, 256, 14, 14}, {0, 1, 0, 0}, target_id=0
@224 = gpu::code_object[code_object=5000,symbol_name=add_relu_kernel,global=25088,local=1024,](@218,@223,@222) -> float_type, {1, 256, 14, 14}, {50176, 196, 14, 1}, target_id=0
@225 = broadcast[axis=1,out_lens={1, 1024, 14, 14}](@219) -> float_type, {1, 1024, 14, 14}, {0, 1, 0, 0}, target_id=0
@226 = load[offset=2961408,end=3764224](@1) -> float_type, {1, 1024, 14, 14}, {200704, 196, 14, 1}, target_id=0
@227 = gpu::code_object[code_object=7128,symbol_name=mlir_convolution_add_add_relu,global=57344,local=256,](@225,@209,@224,@220,@226) -> float_type, {1, 1024, 14, 14}, {200704, 196, 14, 1}, target_id=0
@228 = hip::hip_copy_literal[id=main:@literal:29] -> float_type, {256, 256, 3, 3}, {2304, 9, 3, 1}, target_id=0
@229 = hip::hip_copy_literal[id=main:@literal:30] -> float_type, {256}, {1}, target_id=0
@230 = hip::hip_copy_literal[id=main:@literal:31] -> float_type, {256, 1024, 1, 1}, {1024, 1, 1, 1}, target_id=0
@231 = broadcast[axis=1,out_lens={1, 256, 14, 14}](@229) -> float_type, {1, 256, 14, 14}, {0, 1, 0, 0}, target_id=0
@232 = load[offset=0,end=200704](@1) -> float_type, {1, 256, 14, 14}, {50176, 196, 14, 1}, target_id=0
@233 = gpu::code_object[code_object=6416,symbol_name=mlir_convolution_add_relu,global=13312,local=64,](@231,@227,@230,@232) -> float_type, {1, 256, 14, 14}, {50176, 196, 14, 1}, target_id=0
@234 = load[offset=3964928,end=6725632](@1) -> int8_type, {2760704}, {1}, target_id=0
@235 = load[offset=3764224,end=3964928](@1) -> float_type, {1, 256, 14, 14}, {50176, 196, 14, 1}, target_id=0
@236 = gpu::convolution[op={padding={1, 1, 1, 1},stride={1, 1},dilation={1, 1},group=1,padding_mode=0},solution_object={binary_object: 555},algo=0,solution_id=0](@233,@228,@234,@235) -> float_type, {1, 256, 14, 14}, {50176, 196, 14, 1}, target_id=0
@237 = hip::hip_copy_literal[id=main:@literal:26] -> float_type, {1024}, {1}, target_id=0
@238 = hip::hip_copy_literal[id=main:@literal:27] -> float_type, {1024, 256, 1, 1}, {256, 1, 1, 1}, target_id=0
@239 = hip::hip_copy_literal[id=main:@literal:28] -> float_type, {256}, {1}, target_id=0
@240 = broadcast[axis=1,out_lens={1, 256, 14, 14}](@239) -> float_type, {1, 256, 14, 14}, {0, 1, 0, 0}, target_id=0
@241 = load[offset=1003520,end=1204224](@1) -> float_type, {1, 256, 14, 14}, {50176, 196, 14, 1}, target_id=0
@242 = gpu::code_object[code_object=5000,symbol_name=add_relu_kernel,global=25088,local=1024,](@236,@240,@241) -> float_type, {1, 256, 14, 14}, {50176, 196, 14, 1}, target_id=0
@243 = broadcast[axis=1,out_lens={1, 1024, 14, 14}](@237) -> float_type, {1, 1024, 14, 14}, {0, 1, 0, 0}, target_id=0
@244 = load[offset=200704,end=1003520](@1) -> float_type, {1, 1024, 14, 14}, {200704, 196, 14, 1}, target_id=0
@245 = gpu::code_object[code_object=7128,symbol_name=mlir_convolution_add_add_relu,global=57344,local=256,](@243,@227,@242,@238,@244) -> float_type, {1, 1024, 14, 14}, {200704, 196, 14, 1}, target_id=0
@246 = hip::hip_copy_literal[id=main:@literal:23] -> float_type, {512, 512, 3, 3}, {4608, 9, 3, 1}, target_id=0
@247 = hip::hip_copy_literal[id=main:@literal:24] -> float_type, {512}, {1}, target_id=0
@248 = hip::hip_copy_literal[id=main:@literal:25] -> float_type, {512, 1024, 1, 1}, {1024, 1, 1, 1}, target_id=0
@249 = broadcast[axis=1,out_lens={1, 512, 14, 14}](@247) -> float_type, {1, 512, 14, 14}, {0, 1, 0, 0}, target_id=0
@250 = load[offset=1906688,end=2308096](@1) -> float_type, {1, 512, 14, 14}, {100352, 196, 14, 1}, target_id=0
@251 = gpu::code_object[code_object=5520,symbol_name=mlir_convolution_add_relu,global=28672,local=256,](@249,@245,@248,@250) -> float_type, {1, 512, 14, 14}, {100352, 196, 14, 1}, target_id=0
@252 = load[offset=1003520,end=1906688](@1) -> int8_type, {903168}, {1}, target_id=0
@253 = load[offset=0,end=100352](@1) -> float_type, {1, 512, 7, 7}, {25088, 49, 7, 1}, target_id=0
@254 = gpu::convolution[op={padding={1, 1, 1, 1},stride={2, 2},dilation={1, 1},group=1,padding_mode=0},solution_object={binary_object: 430},algo=0,solution_id=0](@251,@246,@252,@253) -> float_type, {1, 512, 7, 7}, {25088, 49, 7, 1}, target_id=0
@255 = hip::hip_copy_literal[id=main:@literal:9] -> float_type, {2048, 1536, 1, 1}, {1536, 1, 1, 1}, target_id=0
@256 = hip::hip_copy_literal[id=main:@literal:8] -> float_type, {2048}, {1}, target_id=0
@257 = hip::hip_copy_literal[id=main:@literal:22] -> float_type, {512}, {1}, target_id=0
@258 = broadcast[axis=1,out_lens={1, 512, 7, 7}](@257) -> float_type, {1, 512, 7, 7}, {0, 1, 0, 0}, target_id=0
@259 = load[offset=1003520,end=1304576](@1) -> float_type, {1, 1536, 7, 7}, {75264, 49, 7, 1}, target_id=0
@260 = step[axes={2, 3},steps={2, 2}](@245) -> float_type, {1, 1024, 7, 7}, {200704, 196, 28, 2}, target_id=0
@261 = gpu::code_object[code_object=5616,symbol_name=add_relu_noop_concat_noop_kernel,global=37632,local=1024,](@254,@258,@260,@259) -> float_type, {1, 1536, 7, 7}, {75264, 49, 7, 1}, target_id=0
@262 = load[offset=301056,end=702464](@1) -> float_type, {1, 2048, 7, 7}, {100352, 49, 7, 1}, target_id=0
@263 = broadcast[axis=1,out_lens={1, 2048, 7, 7}](@256) -> float_type, {1, 2048, 7, 7}, {0, 1, 0, 0}, target_id=0
@264 = gpu::code_object[code_object=5520,symbol_name=mlir_convolution_add_relu,global=32768,local=256,](@263,@261,@255,@262) -> float_type, {1, 2048, 7, 7}, {100352, 49, 7, 1}, target_id=0
@265 = hip::hip_copy_literal[id=main:@literal:19] -> float_type, {512, 512, 3, 3}, {4608, 9, 3, 1}, target_id=0
@266 = hip::hip_copy_literal[id=main:@literal:20] -> float_type, {512}, {1}, target_id=0
@267 = hip::hip_copy_literal[id=main:@literal:21] -> float_type, {512, 2048, 1, 1}, {2048, 1, 1, 1}, target_id=0
@268 = broadcast[axis=1,out_lens={1, 512, 7, 7}](@266) -> float_type, {1, 512, 7, 7}, {0, 1, 0, 0}, target_id=0
@269 = load[offset=100352,end=200704](@1) -> float_type, {1, 512, 7, 7}, {25088, 49, 7, 1}, target_id=0
@270 = gpu::code_object[code_object=6160,symbol_name=mlir_convolution_add_relu,global=8192,local=256,](@268,@264,@267,@269) -> float_type, {1, 512, 7, 7}, {25088, 49, 7, 1}, target_id=0
@271 = load[offset=702464,end=1605632](@1) -> int8_type, {903168}, {1}, target_id=0
@272 = load[offset=0,end=100352](@1) -> float_type, {1, 512, 7, 7}, {25088, 49, 7, 1}, target_id=0
@273 = gpu::convolution[op={padding={1, 1, 1, 1},stride={1, 1},dilation={1, 1},group=1,padding_mode=0},solution_object={binary_object: 427},algo=0,solution_id=0](@270,@265,@271,@272) -> float_type, {1, 512, 7, 7}, {25088, 49, 7, 1}, target_id=0
@274 = hip::hip_copy_literal[id=main:@literal:16] -> float_type, {2048}, {1}, target_id=0
@275 = hip::hip_copy_literal[id=main:@literal:17] -> float_type, {2048, 512, 1, 1}, {512, 1, 1, 1}, target_id=0
@276 = hip::hip_copy_literal[id=main:@literal:18] -> float_type, {512}, {1}, target_id=0
@277 = load[offset=100352,end=200704](@1) -> float_type, {1, 512, 7, 7}, {25088, 49, 7, 1}, target_id=0
@278 = broadcast[axis=1,out_lens={1, 512, 7, 7}](@276) -> float_type, {1, 512, 7, 7}, {0, 1, 0, 0}, target_id=0
@279 = gpu::code_object[code_object=5000,symbol_name=add_relu_kernel,global=25088,local=1024,](@273,@278,@277) -> float_type, {1, 512, 7, 7}, {25088, 49, 7, 1}, target_id=0
@280 = load[offset=1003520,end=1404928](@1) -> float_type, {1, 2048, 7, 7}, {100352, 49, 7, 1}, target_id=0
@281 = broadcast[axis=1,out_lens={1, 2048, 7, 7}](@274) -> float_type, {1, 2048, 7, 7}, {0, 1, 0, 0}, target_id=0
@282 = gpu::code_object[code_object=6232,symbol_name=mlir_convolution_add_add_relu,global=32768,local=256,](@281,@264,@279,@275,@280) -> float_type, {1, 2048, 7, 7}, {100352, 49, 7, 1}, target_id=0
@283 = hip::hip_copy_literal[id=main:@literal:13] -> float_type, {512, 512, 3, 3}, {4608, 9, 3, 1}, target_id=0
@284 = hip::hip_copy_literal[id=main:@literal:14] -> float_type, {512}, {1}, target_id=0
@285 = hip::hip_copy_literal[id=main:@literal:15] -> float_type, {512, 2048, 1, 1}, {2048, 1, 1, 1}, target_id=0
@286 = broadcast[axis=1,out_lens={1, 512, 7, 7}](@284) -> float_type, {1, 512, 7, 7}, {0, 1, 0, 0}, target_id=0
@287 = load[offset=0,end=100352](@1) -> float_type, {1, 512, 7, 7}, {25088, 49, 7, 1}, target_id=0
@288 = gpu::code_object[code_object=6160,symbol_name=mlir_convolution_add_relu,global=8192,local=256,](@286,@282,@285,@287) -> float_type, {1, 512, 7, 7}, {25088, 49, 7, 1}, target_id=0
@289 = load[offset=1505280,end=2408448](@1) -> int8_type, {903168}, {1}, target_id=0
@290 = load[offset=1404928,end=1505280](@1) -> float_type, {1, 512, 7, 7}, {25088, 49, 7, 1}, target_id=0
@291 = gpu::convolution[op={padding={1, 1, 1, 1},stride={1, 1},dilation={1, 1},group=1,padding_mode=0},solution_object={binary_object: 427},algo=0,solution_id=0](@288,@283,@289,@290) -> float_type, {1, 512, 7, 7}, {25088, 49, 7, 1}, target_id=0
@292 = hip::hip_copy_literal[id=main:@literal:0] -> float_type, {1, 1000}, {1000, 1}, target_id=0
@293 = hip::hip_copy_literal[id=main:@literal:10] -> float_type, {2048}, {1}, target_id=0
@294 = hip::hip_copy_literal[id=main:@literal:11] -> float_type, {2048, 512, 1, 1}, {512, 1, 1, 1}, target_id=0
@295 = hip::hip_copy_literal[id=main:@literal:12] -> float_type, {512}, {1}, target_id=0
@296 = hip::hip_copy_literal[id=main:@literal:1] -> float_type, {2048, 1000}, {1000, 1}, target_id=0
@297 = load[offset=501760,end=602112](@1) -> float_type, {1, 512, 7, 7}, {25088, 49, 7, 1}, target_id=0
@298 = broadcast[axis=1,out_lens={1, 512, 7, 7}](@295) -> float_type, {1, 512, 7, 7}, {0, 1, 0, 0}, target_id=0
@299 = gpu::code_object[code_object=5000,symbol_name=add_relu_kernel,global=25088,local=1024,](@291,@298,@297) -> float_type, {1, 512, 7, 7}, {25088, 49, 7, 1}, target_id=0
@300 = load[offset=100352,end=501760](@1) -> float_type, {1, 2048, 7, 7}, {100352, 49, 7, 1}, target_id=0
@301 = gpu::code_object[code_object=5688,symbol_name=mlir_convolution,global=32768,local=256,](@299,@294,@300) -> float_type, {1, 2048, 7, 7}, {100352, 49, 7, 1}, target_id=0
@302 = load[offset=0,end=8192](@1) -> float_type, {1, 2048, 1, 1}, {2048, 1, 1, 1}, target_id=0
@303 = broadcast[axis=1,out_lens={1, 2048, 7, 7}](@293) -> float_type, {1, 2048, 7, 7}, {0, 1, 0, 0}, target_id=0
@304 = gpu::code_object[code_object=5488,symbol_name=add_add_relu_mul_reduce_sum_kernel,global=131072,local=64,](@301,@303,@282,@302) -> float_type, {1, 2048, 1, 1}, {2048, 1, 1, 1}, target_id=0
@305 = flatten[axis=1](@304) -> float_type, {1, 2048}, {2048, 1}, target_id=0
main:#output_0 = @param:main:#output_0 -> float_type, {1, 1000}, {1000, 1}, target_id=0
@307 = gpu::gemm[alpha=1,beta=1,compute_fp32=1,trans_batch=0,solution_idx=0](@305,@296,@292,main:#output_0) -> float_type, {1, 1000}, {1000, 1}, target_id=0
@308 = @return(@307), target_id=0


Allocating params ... 
Running performance report ... 
@0 = check_context::migraphx::gpu::context -> float_type, {}, {}, target_id=0: 0.00093076ms, 1%
@1 = hip::hip_allocate_memory[shape=int8_type, {9633792}, {1},id=main:scratch] -> int8_type, {9633792}, {1}, target_id=0: 0.00086972ms, 1%
@2 = hip::hip_copy_literal[id=main:@literal:98] -> float_type, {64}, {1}, target_id=0: 0.0006767ms, 1%
@3 = hip::hip_copy_literal[id=main:@literal:99] -> float_type, {64, 3, 7, 7}, {147, 49, 7, 1}, target_id=0: 0.00045212ms, 1%
@4 = load[offset=3211264,end=6422528](@1) -> float_type, {1, 64, 112, 112}, {802816, 12544, 112, 1}, target_id=0: 0.00077228ms, 1%
@5 = broadcast[axis=1,out_lens={1, 64, 112, 112}](@2) -> float_type, {1, 64, 112, 112}, {0, 1, 0, 0}, target_id=0: 0.00081818ms, 1%
input.1 = @param:input.1 -> float_type, {1, 3, 224, 224}, {150528, 50176, 224, 1}, target_id=0: 0.00047672ms, 1%
@7 = gpu::code_object[code_object=6480,symbol_name=mlir_convolution_add_relu,global=50176,local=256,](@5,input.1,@3,@4) -> float_type, {1, 64, 112, 112}, {802816, 12544, 112, 1}, target_id=0: 0.039718ms, 2%
@8 = load[offset=2408448,end=3211264](@1) -> float_type, {1, 64, 56, 56}, {200704, 3136, 56, 1}, target_id=0: 0.00059944ms, 1%
@9 = gpu::pooling[mode=max,padding={1, 1, 1, 1},padding_mode=0,stride={2, 2},lengths={3, 3},dilations={1, 1},ceil_mode=0,lp_order=2,dyn_global=0](@7,@8) -> float_type, {1, 64, 56, 56}, {200704, 3136, 56, 1}, target_id=0: 0.0596359ms, 3%
@10 = hip::hip_copy_literal[id=main:@literal:96] -> float_type, {64}, {1}, target_id=0: 0.0010195ms, 1%
@11 = hip::hip_copy_literal[id=main:@literal:97] -> float_type, {64, 64, 1, 1}, {64, 1, 1, 1}, target_id=0: 0.00048132ms, 1%
@12 = broadcast[axis=1,out_lens={1, 64, 56, 56}](@10) -> float_type, {1, 64, 56, 56}, {0, 1, 0, 0}, target_id=0: 0.00089694ms, 1%
@13 = load[offset=802816,end=1605632](@1) -> float_type, {1, 64, 56, 56}, {200704, 3136, 56, 1}, target_id=0: 0.00055466ms, 1%
@14 = gpu::code_object[code_object=5136,symbol_name=mlir_convolution_add_relu,global=50176,local=256,](@12,@9,@11,@13) -> float_type, {1, 64, 56, 56}, {200704, 3136, 56, 1}, target_id=0: 0.0206907ms, 1%
@15 = hip::hip_copy_literal[id=main:@literal:95] -> float_type, {64, 64, 3, 3}, {576, 9, 3, 1}, target_id=0: 0.00054062ms, 1%
@16 = load[offset=0,end=0](@1) -> int8_type, {0}, {1}, target_id=0: 0.00055682ms, 1%
@17 = load[offset=0,end=802816](@1) -> float_type, {1, 64, 56, 56}, {200704, 3136, 56, 1}, target_id=0: 0.00045768ms, 1%
@18 = gpu::convolution[op={padding={1, 1, 1, 1},stride={1, 1},dilation={1, 1},group=1,padding_mode=0},solution_object={binary_object: 453},algo=0,solution_id=0](@14,@15,@16,@17) -> float_type, {1, 64, 56, 56}, {200704, 3136, 56, 1}, target_id=0: 0.0491833ms, 2%
@19 = hip::hip_copy_literal[id=main:@literal:2] -> float_type, {256}, {1}, target_id=0: 0.00066394ms, 1%
@20 = hip::hip_copy_literal[id=main:@literal:94] -> float_type, {64}, {1}, target_id=0: 0.00090402ms, 1%
@21 = load[offset=3211264,end=4816896](@1) -> float_type, {1, 128, 56, 56}, {401408, 3136, 56, 1}, target_id=0: 0.0006321ms, 1%
@22 = broadcast[axis=1,out_lens={1, 64, 56, 56}](@20) -> float_type, {1, 64, 56, 56}, {0, 1, 0, 0}, target_id=0: 0.00081602ms, 1%
@23 = gpu::code_object[code_object=5360,symbol_name=add_relu_noop_concat_noop_kernel,global=100352,local=1024,](@18,@22,@9,@21) -> float_type, {1, 128, 56, 56}, {401408, 3136, 56, 1}, target_id=0: 0.0209894ms, 1%
@24 = hip::hip_copy_literal[id=main:@literal:3] -> float_type, {256, 128, 1, 1}, {128, 1, 1, 1}, target_id=0: 0.00050698ms, 1%
@25 = broadcast[axis=1,out_lens={1, 256, 56, 56}](@19) -> float_type, {1, 256, 56, 56}, {0, 1, 0, 0}, target_id=0: 0.00124594ms, 1%
@26 = load[offset=6422528,end=9633792](@1) -> float_type, {1, 256, 56, 56}, {802816, 3136, 56, 1}, target_id=0: 0.00057698ms, 1%
@27 = gpu::code_object[code_object=7504,symbol_name=mlir_convolution_add_relu,global=50176,local=256,](@25,@23,@24,@26) -> float_type, {1, 256, 56, 56}, {802816, 3136, 56, 1}, target_id=0: 0.02942ms, 2%
@28 = hip::hip_copy_literal[id=main:@literal:92] -> float_type, {64}, {1}, target_id=0: 0.00080628ms, 1%
@29 = hip::hip_copy_literal[id=main:@literal:93] -> float_type, {64, 256, 1, 1}, {256, 1, 1, 1}, target_id=0: 0.00053198ms, 1%
@30 = load[offset=1605632,end=2408448](@1) -> float_type, {1, 64, 56, 56}, {200704, 3136, 56, 1}, target_id=0: 0.00050318ms, 1%
@31 = broadcast[axis=1,out_lens={1, 64, 56, 56}](@28) -> float_type, {1, 64, 56, 56}, {0, 1, 0, 0}, target_id=0: 0.00075816ms, 1%
@32 = gpu::code_object[code_object=6864,symbol_name=mlir_convolution_add_relu,global=50176,local=256,](@31,@27,@29,@30) -> float_type, {1, 64, 56, 56}, {200704, 3136, 56, 1}, target_id=0: 0.0249846ms, 1%
@33 = hip::hip_copy_literal[id=main:@literal:91] -> float_type, {64, 64, 3, 3}, {576, 9, 3, 1}, target_id=0: 0.00051556ms, 1%
@34 = load[offset=0,end=0](@1) -> int8_type, {0}, {1}, target_id=0: 0.0005394ms, 1%
@35 = load[offset=802816,end=1605632](@1) -> float_type, {1, 64, 56, 56}, {200704, 3136, 56, 1}, target_id=0: 0.0004619ms, 1%
@36 = gpu::convolution[op={padding={1, 1, 1, 1},stride={1, 1},dilation={1, 1},group=1,padding_mode=0},solution_object={binary_object: 453},algo=0,solution_id=0](@32,@33,@34,@35) -> float_type, {1, 64, 56, 56}, {200704, 3136, 56, 1}, target_id=0: 0.0448604ms, 2%
@37 = hip::hip_copy_literal[id=main:@literal:90] -> float_type, {64}, {1}, target_id=0: 0.00074538ms, 1%
@38 = load[offset=0,end=802816](@1) -> float_type, {1, 64, 56, 56}, {200704, 3136, 56, 1}, target_id=0: 0.00060652ms, 1%
@39 = broadcast[axis=1,out_lens={1, 64, 56, 56}](@37) -> float_type, {1, 64, 56, 56}, {0, 1, 0, 0}, target_id=0: 0.00108364ms, 1%
@40 = gpu::code_object[code_object=5256,symbol_name=add_relu_kernel,global=100352,local=1024,](@36,@39,@38) -> float_type, {1, 64, 56, 56}, {200704, 3136, 56, 1}, target_id=0: 0.0196133ms, 1%
@41 = hip::hip_copy_literal[id=main:@literal:88] -> float_type, {256}, {1}, target_id=0: 0.00058686ms, 1%
@42 = hip::hip_copy_literal[id=main:@literal:89] -> float_type, {256, 64, 1, 1}, {64, 1, 1, 1}, target_id=0: 0.00045832ms, 1%
@43 = load[offset=3211264,end=6422528](@1) -> float_type, {1, 256, 56, 56}, {802816, 3136, 56, 1}, target_id=0: 0.00061298ms, 1%
@44 = broadcast[axis=1,out_lens={1, 256, 56, 56}](@41) -> float_type, {1, 256, 56, 56}, {0, 1, 0, 0}, target_id=0: 0.00084988ms, 1%
@45 = gpu::code_object[code_object=5208,symbol_name=mlir_convolution_add_add_relu,global=200704,local=256,](@44,@27,@40,@42,@43) -> float_type, {1, 256, 56, 56}, {802816, 3136, 56, 1}, target_id=0: 0.0278267ms, 2%
@46 = hip::hip_copy_literal[id=main:@literal:86] -> float_type, {64}, {1}, target_id=0: 0.0005298ms, 1%
@47 = hip::hip_copy_literal[id=main:@literal:87] -> float_type, {64, 256, 1, 1}, {256, 1, 1, 1}, target_id=0: 0.0004499ms, 1%
@48 = load[offset=802816,end=1605632](@1) -> float_type, {1, 64, 56, 56}, {200704, 3136, 56, 1}, target_id=0: 0.0005242ms, 1%
@49 = broadcast[axis=1,out_lens={1, 64, 56, 56}](@46) -> float_type, {1, 64, 56, 56}, {0, 1, 0, 0}, target_id=0: 0.00073808ms, 1%
@50 = gpu::code_object[code_object=6864,symbol_name=mlir_convolution_add_relu,global=50176,local=256,](@49,@45,@47,@48) -> float_type, {1, 64, 56, 56}, {200704, 3136, 56, 1}, target_id=0: 0.0246265ms, 1%
@51 = hip::hip_copy_literal[id=main:@literal:85] -> float_type, {64, 64, 3, 3}, {576, 9, 3, 1}, target_id=0: 0.00055646ms, 1%
@52 = load[offset=0,end=0](@1) -> int8_type, {0}, {1}, target_id=0: 0.0005144ms, 1%
@53 = load[offset=0,end=802816](@1) -> float_type, {1, 64, 56, 56}, {200704, 3136, 56, 1}, target_id=0: 0.00046828ms, 1%
@54 = gpu::convolution[op={padding={1, 1, 1, 1},stride={1, 1},dilation={1, 1},group=1,padding_mode=0},solution_object={binary_object: 453},algo=0,solution_id=0](@50,@51,@52,@53) -> float_type, {1, 64, 56, 56}, {200704, 3136, 56, 1}, target_id=0: 0.0451068ms, 2%
@55 = hip::hip_copy_literal[id=main:@literal:84] -> float_type, {64}, {1}, target_id=0: 0.00064894ms, 1%
@56 = broadcast[axis=1,out_lens={1, 64, 56, 56}](@55) -> float_type, {1, 64, 56, 56}, {0, 1, 0, 0}, target_id=0: 0.00140618ms, 1%
@57 = load[offset=6422528,end=7225344](@1) -> float_type, {1, 64, 56, 56}, {200704, 3136, 56, 1}, target_id=0: 0.0006071ms, 1%
@58 = gpu::code_object[code_object=5256,symbol_name=add_relu_kernel,global=100352,local=1024,](@54,@56,@57) -> float_type, {1, 64, 56, 56}, {200704, 3136, 56, 1}, target_id=0: 0.0196481ms, 1%
@59 = hip::hip_copy_literal[id=main:@literal:82] -> float_type, {256}, {1}, target_id=0: 0.00059194ms, 1%
@60 = hip::hip_copy_literal[id=main:@literal:83] -> float_type, {256, 64, 1, 1}, {64, 1, 1, 1}, target_id=0: 0.00048356ms, 1%
@61 = load[offset=0,end=3211264](@1) -> float_type, {1, 256, 56, 56}, {802816, 3136, 56, 1}, target_id=0: 0.00053462ms, 1%
@62 = broadcast[axis=1,out_lens={1, 256, 56, 56}](@59) -> float_type, {1, 256, 56, 56}, {0, 1, 0, 0}, target_id=0: 0.00075068ms, 1%
@63 = gpu::code_object[code_object=5208,symbol_name=mlir_convolution_add_add_relu,global=200704,local=256,](@62,@45,@58,@60,@61) -> float_type, {1, 256, 56, 56}, {802816, 3136, 56, 1}, target_id=0: 0.0273204ms, 1%
@64 = hip::hip_copy_literal[id=main:@literal:80] -> float_type, {128}, {1}, target_id=0: 0.0005196ms, 1%
@65 = hip::hip_copy_literal[id=main:@literal:81] -> float_type, {128, 256, 1, 1}, {256, 1, 1, 1}, target_id=0: 0.00052758ms, 1%
@66 = broadcast[axis=1,out_lens={1, 128, 56, 56}](@64) -> float_type, {1, 128, 56, 56}, {0, 1, 0, 0}, target_id=0: 0.00078024ms, 1%
@67 = load[offset=6209536,end=7815168](@1) -> float_type, {1, 128, 56, 56}, {401408, 3136, 56, 1}, target_id=0: 0.00049294ms, 1%
@68 = gpu::code_object[code_object=6864,symbol_name=mlir_convolution_add_relu,global=100352,local=256,](@66,@63,@65,@67) -> float_type, {1, 128, 56, 56}, {401408, 3136, 56, 1}, target_id=0: 0.0293278ms, 2%
@69 = hip::hip_copy_literal[id=main:@literal:79] -> float_type, {128, 128, 3, 3}, {1152, 9, 3, 1}, target_id=0: 0.00052538ms, 1%
@70 = load[offset=3612672,end=6209536](@1) -> int8_type, {2596864}, {1}, target_id=0: 0.00051174ms, 1%
@71 = load[offset=3211264,end=3612672](@1) -> float_type, {1, 128, 28, 28}, {100352, 784, 28, 1}, target_id=0: 0.00044942ms, 1%
@72 = gpu::convolution[op={padding={1, 1, 1, 1},stride={2, 2},dilation={1, 1},group=1,padding_mode=0},solution_object={binary_object: 556},algo=0,solution_id=0](@68,@69,@70,@71) -> float_type, {1, 128, 28, 28}, {100352, 784, 28, 1}, target_id=0: 0.0663483ms, 3%
@73 = hip::hip_copy_literal[id=main:@literal:78] -> float_type, {128}, {1}, target_id=0: 0.0007527ms, 1%
@74 = load[offset=3612672,end=4816896](@1) -> float_type, {1, 384, 28, 28}, {301056, 784, 28, 1}, target_id=0: 0.002095ms, 1%
@75 = step[axes={2, 3},steps={2, 2}](@63) -> float_type, {1, 256, 28, 28}, {802816, 3136, 112, 2}, target_id=0: 0.0017431ms, 1%
@76 = broadcast[axis=1,out_lens={1, 128, 28, 28}](@73) -> float_type, {1, 128, 28, 28}, {0, 1, 0, 0}, target_id=0: 0.00088372ms, 1%
@77 = gpu::code_object[code_object=5552,symbol_name=add_relu_noop_concat_noop_kernel,global=150528,local=1024,](@72,@76,@75,@74) -> float_type, {1, 384, 28, 28}, {301056, 784, 28, 1}, target_id=0: 0.0258319ms, 1%
@78 = hip::hip_copy_literal[id=main:@literal:5] -> float_type, {512, 384, 1, 1}, {384, 1, 1, 1}, target_id=0: 0.00066308ms, 1%
@79 = hip::hip_copy_literal[id=main:@literal:4] -> float_type, {512}, {1}, target_id=0: 0.00045152ms, 1%
@80 = load[offset=4816896,end=6422528](@1) -> float_type, {1, 512, 28, 28}, {401408, 784, 28, 1}, target_id=0: 0.00057166ms, 1%
@81 = broadcast[axis=1,out_lens={1, 512, 28, 28}](@79) -> float_type, {1, 512, 28, 28}, {0, 1, 0, 0}, target_id=0: 0.00081904ms, 1%
@82 = gpu::code_object[code_object=5520,symbol_name=mlir_convolution_add_relu,global=102400,local=256,](@81,@77,@78,@80) -> float_type, {1, 512, 28, 28}, {401408, 784, 28, 1}, target_id=0: 0.0329748ms, 2%
@83 = hip::hip_copy_literal[id=main:@literal:76] -> float_type, {128}, {1}, target_id=0: 0.0005378ms, 1%
@84 = hip::hip_copy_literal[id=main:@literal:77] -> float_type, {128, 512, 1, 1}, {512, 1, 1, 1}, target_id=0: 0.00056076ms, 1%
@85 = broadcast[axis=1,out_lens={1, 128, 28, 28}](@83) -> float_type, {1, 128, 28, 28}, {0, 1, 0, 0}, target_id=0: 0.00092654ms, 1%
@86 = load[offset=0,end=401408](@1) -> float_type, {1, 128, 28, 28}, {100352, 784, 28, 1}, target_id=0: 0.0005188ms, 1%
@87 = gpu::code_object[code_object=5840,symbol_name=mlir_convolution_add_relu,global=25600,local=256,](@85,@82,@84,@86) -> float_type, {1, 128, 28, 28}, {100352, 784, 28, 1}, target_id=0: 0.0266123ms, 1%
@88 = hip::hip_copy_literal[id=main:@literal:75] -> float_type, {128, 128, 3, 3}, {1152, 9, 3, 1}, target_id=0: 0.00056628ms, 1%
@89 = load[offset=0,end=0](@1) -> int8_type, {0}, {1}, target_id=0: 0.000535ms, 1%
@90 = load[offset=802816,end=1204224](@1) -> float_type, {1, 128, 28, 28}, {100352, 784, 28, 1}, target_id=0: 0.00044382ms, 1%
@91 = gpu::convolution[op={padding={1, 1, 1, 1},stride={1, 1},dilation={1, 1},group=1,padding_mode=0},solution_object={binary_object: 457},algo=0,solution_id=0](@87,@88,@89,@90) -> float_type, {1, 128, 28, 28}, {100352, 784, 28, 1}, target_id=0: 0.0571303ms, 3%
@92 = hip::hip_copy_literal[id=main:@literal:74] -> float_type, {128}, {1}, target_id=0: 0.00065142ms, 1%
@93 = broadcast[axis=1,out_lens={1, 128, 28, 28}](@92) -> float_type, {1, 128, 28, 28}, {0, 1, 0, 0}, target_id=0: 0.00113966ms, 1%
@94 = load[offset=401408,end=802816](@1) -> float_type, {1, 128, 28, 28}, {100352, 784, 28, 1}, target_id=0: 0.0005893ms, 1%
@95 = gpu::code_object[code_object=5256,symbol_name=add_relu_kernel,global=50176,local=1024,](@91,@93,@94) -> float_type, {1, 128, 28, 28}, {100352, 784, 28, 1}, target_id=0: 0.0190783ms, 1%
@96 = hip::hip_copy_literal[id=main:@literal:72] -> float_type, {512}, {1}, target_id=0: 0.00055286ms, 1%
@97 = hip::hip_copy_literal[id=main:@literal:73] -> float_type, {512, 128, 1, 1}, {128, 1, 1, 1}, target_id=0: 0.00044002ms, 1%
@98 = broadcast[axis=1,out_lens={1, 512, 28, 28}](@96) -> float_type, {1, 512, 28, 28}, {0, 1, 0, 0}, target_id=0: 0.0008108ms, 1%
@99 = load[offset=2408448,end=4014080](@1) -> float_type, {1, 512, 28, 28}, {401408, 784, 28, 1}, target_id=0: 0.000534ms, 1%
@100 = gpu::code_object[code_object=6040,symbol_name=mlir_convolution_add_add_relu,global=102400,local=256,](@98,@82,@95,@97,@99) -> float_type, {1, 512, 28, 28}, {401408, 784, 28, 1}, target_id=0: 0.0259497ms, 1%
@101 = hip::hip_copy_literal[id=main:@literal:70] -> float_type, {128}, {1}, target_id=0: 0.000518ms, 1%
@102 = hip::hip_copy_literal[id=main:@literal:71] -> float_type, {128, 512, 1, 1}, {512, 1, 1, 1}, target_id=0: 0.000403ms, 1%
@103 = broadcast[axis=1,out_lens={1, 128, 28, 28}](@101) -> float_type, {1, 128, 28, 28}, {0, 1, 0, 0}, target_id=0: 0.00077778ms, 1%
@104 = load[offset=802816,end=1204224](@1) -> float_type, {1, 128, 28, 28}, {100352, 784, 28, 1}, target_id=0: 0.00051776ms, 1%
@105 = gpu::code_object[code_object=5840,symbol_name=mlir_convolution_add_relu,global=25600,local=256,](@103,@100,@102,@104) -> float_type, {1, 128, 28, 28}, {100352, 784, 28, 1}, target_id=0: 0.0267092ms, 1%
@106 = hip::hip_copy_literal[id=main:@literal:69] -> float_type, {128, 128, 3, 3}, {1152, 9, 3, 1}, target_id=0: 0.0005176ms, 1%
@107 = load[offset=0,end=0](@1) -> int8_type, {0}, {1}, target_id=0: 0.00052258ms, 1%
@108 = load[offset=401408,end=802816](@1) -> float_type, {1, 128, 28, 28}, {100352, 784, 28, 1}, target_id=0: 0.00045424ms, 1%
@109 = gpu::convolution[op={padding={1, 1, 1, 1},stride={1, 1},dilation={1, 1},group=1,padding_mode=0},solution_object={binary_object: 457},algo=0,solution_id=0](@105,@106,@107,@108) -> float_type, {1, 128, 28, 28}, {100352, 784, 28, 1}, target_id=0: 0.0558846ms, 3%
@110 = hip::hip_copy_literal[id=main:@literal:68] -> float_type, {128}, {1}, target_id=0: 0.00060392ms, 1%
@111 = broadcast[axis=1,out_lens={1, 128, 28, 28}](@110) -> float_type, {1, 128, 28, 28}, {0, 1, 0, 0}, target_id=0: 0.00130724ms, 1%
@112 = load[offset=0,end=401408](@1) -> float_type, {1, 128, 28, 28}, {100352, 784, 28, 1}, target_id=0: 0.0007109ms, 1%
@113 = gpu::code_object[code_object=5256,symbol_name=add_relu_kernel,global=50176,local=1024,](@109,@111,@112) -> float_type, {1, 128, 28, 28}, {100352, 784, 28, 1}, target_id=0: 0.0189828ms, 1%
@114 = hip::hip_copy_literal[id=main:@literal:66] -> float_type, {512}, {1}, target_id=0: 0.00057906ms, 1%
@115 = hip::hip_copy_literal[id=main:@literal:67] -> float_type, {512, 128, 1, 1}, {128, 1, 1, 1}, target_id=0: 0.00054ms, 1%
@116 = broadcast[axis=1,out_lens={1, 512, 28, 28}](@114) -> float_type, {1, 512, 28, 28}, {0, 1, 0, 0}, target_id=0: 0.00081832ms, 1%
@117 = load[offset=802816,end=2408448](@1) -> float_type, {1, 512, 28, 28}, {401408, 784, 28, 1}, target_id=0: 0.0005418ms, 1%
@118 = gpu::code_object[code_object=6040,symbol_name=mlir_convolution_add_add_relu,global=102400,local=256,](@116,@100,@113,@115,@117) -> float_type, {1, 512, 28, 28}, {401408, 784, 28, 1}, target_id=0: 0.0257488ms, 1%
@119 = hip::hip_copy_literal[id=main:@literal:63] -> float_type, {128, 128, 3, 3}, {1152, 9, 3, 1}, target_id=0: 0.00057924ms, 1%
@120 = hip::hip_copy_literal[id=main:@literal:64] -> float_type, {128}, {1}, target_id=0: 0.00042388ms, 1%
@121 = hip::hip_copy_literal[id=main:@literal:65] -> float_type, {128, 512, 1, 1}, {512, 1, 1, 1}, target_id=0: 0.00070254ms, 1%
@122 = broadcast[axis=1,out_lens={1, 128, 28, 28}](@120) -> float_type, {1, 128, 28, 28}, {0, 1, 0, 0}, target_id=0: 0.00076254ms, 1%
@123 = load[offset=401408,end=802816](@1) -> float_type, {1, 128, 28, 28}, {100352, 784, 28, 1}, target_id=0: 0.0005142ms, 1%
@124 = gpu::code_object[code_object=5840,symbol_name=mlir_convolution_add_relu,global=25600,local=256,](@122,@118,@121,@123) -> float_type, {1, 128, 28, 28}, {100352, 784, 28, 1}, target_id=0: 0.0266257ms, 1%
@125 = load[offset=0,end=0](@1) -> int8_type, {0}, {1}, target_id=0: 0.0005573ms, 1%
@126 = load[offset=0,end=401408](@1) -> float_type, {1, 128, 28, 28}, {100352, 784, 28, 1}, target_id=0: 0.00045348ms, 1%
@127 = gpu::convolution[op={padding={1, 1, 1, 1},stride={1, 1},dilation={1, 1},group=1,padding_mode=0},solution_object={binary_object: 457},algo=0,solution_id=0](@124,@119,@125,@126) -> float_type, {1, 128, 28, 28}, {100352, 784, 28, 1}, target_id=0: 0.0557372ms, 3%
@128 = hip::hip_copy_literal[id=main:@literal:62] -> float_type, {128}, {1}, target_id=0: 0.00064436ms, 1%
@129 = broadcast[axis=1,out_lens={1, 128, 28, 28}](@128) -> float_type, {1, 128, 28, 28}, {0, 1, 0, 0}, target_id=0: 0.00129836ms, 1%
@130 = load[offset=2408448,end=2809856](@1) -> float_type, {1, 128, 28, 28}, {100352, 784, 28, 1}, target_id=0: 0.00059666ms, 1%
@131 = gpu::code_object[code_object=5256,symbol_name=add_relu_kernel,global=50176,local=1024,](@127,@129,@130) -> float_type, {1, 128, 28, 28}, {100352, 784, 28, 1}, target_id=0: 0.0187967ms, 1%
@132 = hip::hip_copy_literal[id=main:@literal:60] -> float_type, {512}, {1}, target_id=0: 0.00068364ms, 1%
@133 = hip::hip_copy_literal[id=main:@literal:61] -> float_type, {512, 128, 1, 1}, {128, 1, 1, 1}, target_id=0: 0.0004246ms, 1%
@134 = broadcast[axis=1,out_lens={1, 512, 28, 28}](@132) -> float_type, {1, 512, 28, 28}, {0, 1, 0, 0}, target_id=0: 0.00083496ms, 1%
@135 = load[offset=4165632,end=5771264](@1) -> float_type, {1, 512, 28, 28}, {401408, 784, 28, 1}, target_id=0: 0.0005326ms, 1%
@136 = gpu::code_object[code_object=6040,symbol_name=mlir_convolution_add_add_relu,global=102400,local=256,](@134,@118,@131,@133,@135) -> float_type, {1, 512, 28, 28}, {401408, 784, 28, 1}, target_id=0: 0.0255863ms, 1%
@137 = hip::hip_copy_literal[id=main:@literal:58] -> float_type, {256}, {1}, target_id=0: 0.00058868ms, 1%
@138 = hip::hip_copy_literal[id=main:@literal:59] -> float_type, {256, 512, 1, 1}, {512, 1, 1, 1}, target_id=0: 0.00050796ms, 1%
@139 = broadcast[axis=1,out_lens={1, 256, 28, 28}](@137) -> float_type, {1, 256, 28, 28}, {0, 1, 0, 0}, target_id=0: 0.00115604ms, 1%
@140 = load[offset=0,end=802816](@1) -> float_type, {1, 256, 28, 28}, {200704, 784, 28, 1}, target_id=0: 0.000518ms, 1%
@141 = gpu::code_object[code_object=5968,symbol_name=mlir_convolution_add_relu,global=51200,local=256,](@139,@136,@138,@140) -> float_type, {1, 256, 28, 28}, {200704, 784, 28, 1}, target_id=0: 0.0294784ms, 2%
@142 = hip::hip_copy_literal[id=main:@literal:57] -> float_type, {256, 256, 3, 3}, {2304, 9, 3, 1}, target_id=0: 0.00051858ms, 1%
@143 = load[offset=5971968,end=9334784](@1) -> int8_type, {3362816}, {1}, target_id=0: 0.00054964ms, 1%
@144 = load[offset=5771264,end=5971968](@1) -> float_type, {1, 256, 14, 14}, {50176, 196, 14, 1}, target_id=0: 0.00044934ms, 1%
@145 = gpu::convolution[op={padding={1, 1, 1, 1},stride={2, 2},dilation={1, 1},group=1,padding_mode=0},solution_object={binary_object: 558},algo=0,solution_id=0](@141,@142,@143,@144) -> float_type, {1, 256, 14, 14}, {50176, 196, 14, 1}, target_id=0: 0.0717772ms, 3%
@146 = hip::hip_copy_literal[id=main:@literal:7] -> float_type, {1024, 768, 1, 1}, {768, 1, 1, 1}, target_id=0: 0.0006484ms, 1%
@147 = hip::hip_copy_literal[id=main:@literal:6] -> float_type, {1024}, {1}, target_id=0: 0.00049032ms, 1%
@148 = hip::hip_copy_literal[id=main:@literal:56] -> float_type, {256}, {1}, target_id=0: 0.00100218ms, 1%
@149 = broadcast[axis=1,out_lens={1, 256, 14, 14}](@148) -> float_type, {1, 256, 14, 14}, {0, 1, 0, 0}, target_id=0: 0.00217886ms, 1%
@150 = step[axes={2, 3},steps={2, 2}](@136) -> float_type, {1, 512, 14, 14}, {401408, 784, 56, 2}, target_id=0: 0.0008198ms, 1%
@151 = load[offset=802816,end=1404928](@1) -> float_type, {1, 768, 14, 14}, {150528, 196, 14, 1}, target_id=0: 0.00061528ms, 1%
@152 = gpu::code_object[code_object=5552,symbol_name=add_relu_noop_concat_noop_kernel,global=75264,local=1024,](@145,@149,@150,@151) -> float_type, {1, 768, 14, 14}, {150528, 196, 14, 1}, target_id=0: 0.0240985ms, 1%
@153 = load[offset=0,end=802816](@1) -> float_type, {1, 1024, 14, 14}, {200704, 196, 14, 1}, target_id=0: 0.00061094ms, 1%
@154 = broadcast[axis=1,out_lens={1, 1024, 14, 14}](@147) -> float_type, {1, 1024, 14, 14}, {0, 1, 0, 0}, target_id=0: 0.00105736ms, 1%
@155 = gpu::code_object[code_object=5520,symbol_name=mlir_convolution_add_relu,global=57344,local=256,](@154,@152,@146,@153) -> float_type, {1, 1024, 14, 14}, {200704, 196, 14, 1}, target_id=0: 0.0403225ms, 2%
@156 = hip::hip_copy_literal[id=main:@literal:53] -> float_type, {256, 256, 3, 3}, {2304, 9, 3, 1}, target_id=0: 0.00060206ms, 1%
@157 = hip::hip_copy_literal[id=main:@literal:54] -> float_type, {256}, {1}, target_id=0: 0.0004394ms, 1%
@158 = hip::hip_copy_literal[id=main:@literal:55] -> float_type, {256, 1024, 1, 1}, {1024, 1, 1, 1}, target_id=0: 0.0006248ms, 1%
@159 = load[offset=3764224,end=3964928](@1) -> float_type, {1, 256, 14, 14}, {50176, 196, 14, 1}, target_id=0: 0.00052938ms, 1%
@160 = broadcast[axis=1,out_lens={1, 256, 14, 14}](@157) -> float_type, {1, 256, 14, 14}, {0, 1, 0, 0}, target_id=0: 0.00086508ms, 1%
@161 = gpu::code_object[code_object=6416,symbol_name=mlir_convolution_add_relu,global=13312,local=64,](@160,@155,@158,@159) -> float_type, {1, 256, 14, 14}, {50176, 196, 14, 1}, target_id=0: 0.0359409ms, 2%
@162 = load[offset=1003520,end=3764224](@1) -> int8_type, {2760704}, {1}, target_id=0: 0.00062038ms, 1%
@163 = load[offset=802816,end=1003520](@1) -> float_type, {1, 256, 14, 14}, {50176, 196, 14, 1}, target_id=0: 0.00046772ms, 1%
@164 = gpu::convolution[op={padding={1, 1, 1, 1},stride={1, 1},dilation={1, 1},group=1,padding_mode=0},solution_object={binary_object: 555},algo=0,solution_id=0](@161,@156,@162,@163) -> float_type, {1, 256, 14, 14}, {50176, 196, 14, 1}, target_id=0: 0.0684273ms, 3%
@165 = hip::hip_copy_literal[id=main:@literal:50] -> float_type, {1024}, {1}, target_id=0: 0.00071276ms, 1%
@166 = hip::hip_copy_literal[id=main:@literal:51] -> float_type, {1024, 256, 1, 1}, {256, 1, 1, 1}, target_id=0: 0.00089402ms, 1%
@167 = hip::hip_copy_literal[id=main:@literal:52] -> float_type, {256}, {1}, target_id=0: 0.00047376ms, 1%
@168 = load[offset=1003520,end=1204224](@1) -> float_type, {1, 256, 14, 14}, {50176, 196, 14, 1}, target_id=0: 0.00164672ms, 1%
@169 = broadcast[axis=1,out_lens={1, 256, 14, 14}](@167) -> float_type, {1, 256, 14, 14}, {0, 1, 0, 0}, target_id=0: 0.00125384ms, 1%
@170 = gpu::code_object[code_object=5000,symbol_name=add_relu_kernel,global=25088,local=1024,](@164,@169,@168) -> float_type, {1, 256, 14, 14}, {50176, 196, 14, 1}, target_id=0: 0.02144ms, 1%
@171 = broadcast[axis=1,out_lens={1, 1024, 14, 14}](@165) -> float_type, {1, 1024, 14, 14}, {0, 1, 0, 0}, target_id=0: 0.00078956ms, 1%
@172 = load[offset=2961408,end=3764224](@1) -> float_type, {1, 1024, 14, 14}, {200704, 196, 14, 1}, target_id=0: 0.00053664ms, 1%
@173 = gpu::code_object[code_object=7128,symbol_name=mlir_convolution_add_add_relu,global=57344,local=256,](@171,@155,@170,@166,@172) -> float_type, {1, 1024, 14, 14}, {200704, 196, 14, 1}, target_id=0: 0.0284444ms, 2%
@174 = hip::hip_copy_literal[id=main:@literal:47] -> float_type, {256, 256, 3, 3}, {2304, 9, 3, 1}, target_id=0: 0.00055004ms, 1%
@175 = hip::hip_copy_literal[id=main:@literal:48] -> float_type, {256}, {1}, target_id=0: 0.0005302ms, 1%
@176 = hip::hip_copy_literal[id=main:@literal:49] -> float_type, {256, 1024, 1, 1}, {1024, 1, 1, 1}, target_id=0: 0.000633ms, 1%
@177 = broadcast[axis=1,out_lens={1, 256, 14, 14}](@175) -> float_type, {1, 256, 14, 14}, {0, 1, 0, 0}, target_id=0: 0.00065906ms, 1%
@178 = load[offset=0,end=200704](@1) -> float_type, {1, 256, 14, 14}, {50176, 196, 14, 1}, target_id=0: 0.0005254ms, 1%
@179 = gpu::code_object[code_object=6416,symbol_name=mlir_convolution_add_relu,global=13312,local=64,](@177,@173,@176,@178) -> float_type, {1, 256, 14, 14}, {50176, 196, 14, 1}, target_id=0: 0.036222ms, 2%
@180 = load[offset=3964928,end=6725632](@1) -> int8_type, {2760704}, {1}, target_id=0: 0.00055904ms, 1%
@181 = load[offset=3764224,end=3964928](@1) -> float_type, {1, 256, 14, 14}, {50176, 196, 14, 1}, target_id=0: 0.00045364ms, 1%
@182 = gpu::convolution[op={padding={1, 1, 1, 1},stride={1, 1},dilation={1, 1},group=1,padding_mode=0},solution_object={binary_object: 555},algo=0,solution_id=0](@179,@174,@180,@181) -> float_type, {1, 256, 14, 14}, {50176, 196, 14, 1}, target_id=0: 0.0681544ms, 3%
@183 = hip::hip_copy_literal[id=main:@literal:44] -> float_type, {1024}, {1}, target_id=0: 0.00069488ms, 1%
@184 = hip::hip_copy_literal[id=main:@literal:45] -> float_type, {1024, 256, 1, 1}, {256, 1, 1, 1}, target_id=0: 0.00091612ms, 1%
@185 = hip::hip_copy_literal[id=main:@literal:46] -> float_type, {256}, {1}, target_id=0: 0.00045828ms, 1%
@186 = broadcast[axis=1,out_lens={1, 256, 14, 14}](@185) -> float_type, {1, 256, 14, 14}, {0, 1, 0, 0}, target_id=0: 0.00244702ms, 1%
@187 = load[offset=0,end=200704](@1) -> float_type, {1, 256, 14, 14}, {50176, 196, 14, 1}, target_id=0: 0.00065348ms, 1%
@188 = gpu::code_object[code_object=5000,symbol_name=add_relu_kernel,global=25088,local=1024,](@182,@186,@187) -> float_type, {1, 256, 14, 14}, {50176, 196, 14, 1}, target_id=0: 0.0223802ms, 1%
@189 = load[offset=3964928,end=4767744](@1) -> float_type, {1, 1024, 14, 14}, {200704, 196, 14, 1}, target_id=0: 0.00058212ms, 1%
@190 = broadcast[axis=1,out_lens={1, 1024, 14, 14}](@183) -> float_type, {1, 1024, 14, 14}, {0, 1, 0, 0}, target_id=0: 0.0007391ms, 1%
@191 = gpu::code_object[code_object=7128,symbol_name=mlir_convolution_add_add_relu,global=57344,local=256,](@190,@173,@188,@184,@189) -> float_type, {1, 1024, 14, 14}, {200704, 196, 14, 1}, target_id=0: 0.0283473ms, 2%
@192 = hip::hip_copy_literal[id=main:@literal:41] -> float_type, {256, 256, 3, 3}, {2304, 9, 3, 1}, target_id=0: 0.00055746ms, 1%
@193 = hip::hip_copy_literal[id=main:@literal:42] -> float_type, {256}, {1}, target_id=0: 0.00046906ms, 1%
@194 = hip::hip_copy_literal[id=main:@literal:43] -> float_type, {256, 1024, 1, 1}, {1024, 1, 1, 1}, target_id=0: 0.00070336ms, 1%
@195 = load[offset=2961408,end=3162112](@1) -> float_type, {1, 256, 14, 14}, {50176, 196, 14, 1}, target_id=0: 0.00062854ms, 1%
@196 = broadcast[axis=1,out_lens={1, 256, 14, 14}](@193) -> float_type, {1, 256, 14, 14}, {0, 1, 0, 0}, target_id=0: 0.00062996ms, 1%
@197 = gpu::code_object[code_object=6416,symbol_name=mlir_convolution_add_relu,global=13312,local=64,](@196,@191,@194,@195) -> float_type, {1, 256, 14, 14}, {50176, 196, 14, 1}, target_id=0: 0.0355206ms, 2%
@198 = load[offset=200704,end=2961408](@1) -> int8_type, {2760704}, {1}, target_id=0: 0.00065946ms, 1%
@199 = load[offset=0,end=200704](@1) -> float_type, {1, 256, 14, 14}, {50176, 196, 14, 1}, target_id=0: 0.00044962ms, 1%
@200 = gpu::convolution[op={padding={1, 1, 1, 1},stride={1, 1},dilation={1, 1},group=1,padding_mode=0},solution_object={binary_object: 555},algo=0,solution_id=0](@197,@192,@198,@199) -> float_type, {1, 256, 14, 14}, {50176, 196, 14, 1}, target_id=0: 0.0686581ms, 3%
@201 = hip::hip_copy_literal[id=main:@literal:38] -> float_type, {1024}, {1}, target_id=0: 0.00075634ms, 1%
@202 = hip::hip_copy_literal[id=main:@literal:39] -> float_type, {1024, 256, 1, 1}, {256, 1, 1, 1}, target_id=0: 0.00081114ms, 1%
@203 = hip::hip_copy_literal[id=main:@literal:40] -> float_type, {256}, {1}, target_id=0: 0.00043834ms, 1%
@204 = load[offset=802816,end=1003520](@1) -> float_type, {1, 256, 14, 14}, {50176, 196, 14, 1}, target_id=0: 0.00116938ms, 1%
@205 = broadcast[axis=1,out_lens={1, 256, 14, 14}](@203) -> float_type, {1, 256, 14, 14}, {0, 1, 0, 0}, target_id=0: 0.00109056ms, 1%
@206 = gpu::code_object[code_object=5000,symbol_name=add_relu_kernel,global=25088,local=1024,](@200,@205,@204) -> float_type, {1, 256, 14, 14}, {50176, 196, 14, 1}, target_id=0: 0.0222192ms, 1%
@207 = broadcast[axis=1,out_lens={1, 1024, 14, 14}](@201) -> float_type, {1, 1024, 14, 14}, {0, 1, 0, 0}, target_id=0: 0.00087582ms, 1%
@208 = load[offset=0,end=802816](@1) -> float_type, {1, 1024, 14, 14}, {200704, 196, 14, 1}, target_id=0: 0.0005452ms, 1%
@209 = gpu::code_object[code_object=7128,symbol_name=mlir_convolution_add_add_relu,global=57344,local=256,](@207,@191,@206,@202,@208) -> float_type, {1, 1024, 14, 14}, {200704, 196, 14, 1}, target_id=0: 0.0285229ms, 2%
@210 = hip::hip_copy_literal[id=main:@literal:35] -> float_type, {256, 256, 3, 3}, {2304, 9, 3, 1}, target_id=0: 0.00056124ms, 1%
@211 = hip::hip_copy_literal[id=main:@literal:36] -> float_type, {256}, {1}, target_id=0: 0.0004587ms, 1%
@212 = hip::hip_copy_literal[id=main:@literal:37] -> float_type, {256, 1024, 1, 1}, {1024, 1, 1, 1}, target_id=0: 0.00065076ms, 1%
@213 = broadcast[axis=1,out_lens={1, 256, 14, 14}](@211) -> float_type, {1, 256, 14, 14}, {0, 1, 0, 0}, target_id=0: 0.0006336ms, 1%
@214 = load[offset=3764224,end=3964928](@1) -> float_type, {1, 256, 14, 14}, {50176, 196, 14, 1}, target_id=0: 0.00052198ms, 1%
@215 = gpu::code_object[code_object=6416,symbol_name=mlir_convolution_add_relu,global=13312,local=64,](@213,@209,@212,@214) -> float_type, {1, 256, 14, 14}, {50176, 196, 14, 1}, target_id=0: 0.035637ms, 2%
@216 = load[offset=1003520,end=3764224](@1) -> int8_type, {2760704}, {1}, target_id=0: 0.00055404ms, 1%
@217 = load[offset=802816,end=1003520](@1) -> float_type, {1, 256, 14, 14}, {50176, 196, 14, 1}, target_id=0: 0.0004514ms, 1%
@218 = gpu::convolution[op={padding={1, 1, 1, 1},stride={1, 1},dilation={1, 1},group=1,padding_mode=0},solution_object={binary_object: 555},algo=0,solution_id=0](@215,@210,@216,@217) -> float_type, {1, 256, 14, 14}, {50176, 196, 14, 1}, target_id=0: 0.0660144ms, 3%
@219 = hip::hip_copy_literal[id=main:@literal:32] -> float_type, {1024}, {1}, target_id=0: 0.00070598ms, 1%
@220 = hip::hip_copy_literal[id=main:@literal:33] -> float_type, {1024, 256, 1, 1}, {256, 1, 1, 1}, target_id=0: 0.00075988ms, 1%
@221 = hip::hip_copy_literal[id=main:@literal:34] -> float_type, {256}, {1}, target_id=0: 0.00047292ms, 1%
@222 = load[offset=1003520,end=1204224](@1) -> float_type, {1, 256, 14, 14}, {50176, 196, 14, 1}, target_id=0: 0.00160006ms, 1%
@223 = broadcast[axis=1,out_lens={1, 256, 14, 14}](@221) -> float_type, {1, 256, 14, 14}, {0, 1, 0, 0}, target_id=0: 0.00102894ms, 1%
@224 = gpu::code_object[code_object=5000,symbol_name=add_relu_kernel,global=25088,local=1024,](@218,@223,@222) -> float_type, {1, 256, 14, 14}, {50176, 196, 14, 1}, target_id=0: 0.021908ms, 1%
@225 = broadcast[axis=1,out_lens={1, 1024, 14, 14}](@219) -> float_type, {1, 1024, 14, 14}, {0, 1, 0, 0}, target_id=0: 0.00075894ms, 1%
@226 = load[offset=2961408,end=3764224](@1) -> float_type, {1, 1024, 14, 14}, {200704, 196, 14, 1}, target_id=0: 0.0005394ms, 1%
@227 = gpu::code_object[code_object=7128,symbol_name=mlir_convolution_add_add_relu,global=57344,local=256,](@225,@209,@224,@220,@226) -> float_type, {1, 1024, 14, 14}, {200704, 196, 14, 1}, target_id=0: 0.0283277ms, 2%
@228 = hip::hip_copy_literal[id=main:@literal:29] -> float_type, {256, 256, 3, 3}, {2304, 9, 3, 1}, target_id=0: 0.0005747ms, 1%
@229 = hip::hip_copy_literal[id=main:@literal:30] -> float_type, {256}, {1}, target_id=0: 0.00044072ms, 1%
@230 = hip::hip_copy_literal[id=main:@literal:31] -> float_type, {256, 1024, 1, 1}, {1024, 1, 1, 1}, target_id=0: 0.00056088ms, 1%
@231 = broadcast[axis=1,out_lens={1, 256, 14, 14}](@229) -> float_type, {1, 256, 14, 14}, {0, 1, 0, 0}, target_id=0: 0.00063214ms, 1%
@232 = load[offset=0,end=200704](@1) -> float_type, {1, 256, 14, 14}, {50176, 196, 14, 1}, target_id=0: 0.0005232ms, 1%
@233 = gpu::code_object[code_object=6416,symbol_name=mlir_convolution_add_relu,global=13312,local=64,](@231,@227,@230,@232) -> float_type, {1, 256, 14, 14}, {50176, 196, 14, 1}, target_id=0: 0.0356336ms, 2%
@234 = load[offset=3964928,end=6725632](@1) -> int8_type, {2760704}, {1}, target_id=0: 0.0005737ms, 1%
@235 = load[offset=3764224,end=3964928](@1) -> float_type, {1, 256, 14, 14}, {50176, 196, 14, 1}, target_id=0: 0.00046872ms, 1%
@236 = gpu::convolution[op={padding={1, 1, 1, 1},stride={1, 1},dilation={1, 1},group=1,padding_mode=0},solution_object={binary_object: 555},algo=0,solution_id=0](@233,@228,@234,@235) -> float_type, {1, 256, 14, 14}, {50176, 196, 14, 1}, target_id=0: 0.0655128ms, 3%
@237 = hip::hip_copy_literal[id=main:@literal:26] -> float_type, {1024}, {1}, target_id=0: 0.00071026ms, 1%
@238 = hip::hip_copy_literal[id=main:@literal:27] -> float_type, {1024, 256, 1, 1}, {256, 1, 1, 1}, target_id=0: 0.00077406ms, 1%
@239 = hip::hip_copy_literal[id=main:@literal:28] -> float_type, {256}, {1}, target_id=0: 0.00045454ms, 1%
@240 = broadcast[axis=1,out_lens={1, 256, 14, 14}](@239) -> float_type, {1, 256, 14, 14}, {0, 1, 0, 0}, target_id=0: 0.00149038ms, 1%
@241 = load[offset=1003520,end=1204224](@1) -> float_type, {1, 256, 14, 14}, {50176, 196, 14, 1}, target_id=0: 0.00064566ms, 1%
@242 = gpu::code_object[code_object=5000,symbol_name=add_relu_kernel,global=25088,local=1024,](@236,@240,@241) -> float_type, {1, 256, 14, 14}, {50176, 196, 14, 1}, target_id=0: 0.0220588ms, 1%
@243 = broadcast[axis=1,out_lens={1, 1024, 14, 14}](@237) -> float_type, {1, 1024, 14, 14}, {0, 1, 0, 0}, target_id=0: 0.00083566ms, 1%
@244 = load[offset=200704,end=1003520](@1) -> float_type, {1, 1024, 14, 14}, {200704, 196, 14, 1}, target_id=0: 0.00055824ms, 1%
@245 = gpu::code_object[code_object=7128,symbol_name=mlir_convolution_add_add_relu,global=57344,local=256,](@243,@227,@242,@238,@244) -> float_type, {1, 1024, 14, 14}, {200704, 196, 14, 1}, target_id=0: 0.0283706ms, 2%
@246 = hip::hip_copy_literal[id=main:@literal:23] -> float_type, {512, 512, 3, 3}, {4608, 9, 3, 1}, target_id=0: 0.0005591ms, 1%
@247 = hip::hip_copy_literal[id=main:@literal:24] -> float_type, {512}, {1}, target_id=0: 0.00055564ms, 1%
@248 = hip::hip_copy_literal[id=main:@literal:25] -> float_type, {512, 1024, 1, 1}, {1024, 1, 1, 1}, target_id=0: 0.00057916ms, 1%
@249 = broadcast[axis=1,out_lens={1, 512, 14, 14}](@247) -> float_type, {1, 512, 14, 14}, {0, 1, 0, 0}, target_id=0: 0.00065704ms, 1%
@250 = load[offset=1906688,end=2308096](@1) -> float_type, {1, 512, 14, 14}, {100352, 196, 14, 1}, target_id=0: 0.0005422ms, 1%
@251 = gpu::code_object[code_object=5520,symbol_name=mlir_convolution_add_relu,global=28672,local=256,](@249,@245,@248,@250) -> float_type, {1, 512, 14, 14}, {100352, 196, 14, 1}, target_id=0: 0.0392294ms, 2%
@252 = load[offset=1003520,end=1906688](@1) -> int8_type, {903168}, {1}, target_id=0: 0.00057444ms, 1%
@253 = load[offset=0,end=100352](@1) -> float_type, {1, 512, 7, 7}, {25088, 49, 7, 1}, target_id=0: 0.00048254ms, 1%
@254 = gpu::convolution[op={padding={1, 1, 1, 1},stride={2, 2},dilation={1, 1},group=1,padding_mode=0},solution_object={binary_object: 430},algo=0,solution_id=0](@251,@246,@252,@253) -> float_type, {1, 512, 7, 7}, {25088, 49, 7, 1}, target_id=0: 0.0847646ms, 4%
@255 = hip::hip_copy_literal[id=main:@literal:9] -> float_type, {2048, 1536, 1, 1}, {1536, 1, 1, 1}, target_id=0: 0.0009905ms, 1%
@256 = hip::hip_copy_literal[id=main:@literal:8] -> float_type, {2048}, {1}, target_id=0: 0.0004346ms, 1%
@257 = hip::hip_copy_literal[id=main:@literal:22] -> float_type, {512}, {1}, target_id=0: 0.000932ms, 1%
@258 = broadcast[axis=1,out_lens={1, 512, 7, 7}](@257) -> float_type, {1, 512, 7, 7}, {0, 1, 0, 0}, target_id=0: 0.00109808ms, 1%
@259 = load[offset=1003520,end=1304576](@1) -> float_type, {1, 1536, 7, 7}, {75264, 49, 7, 1}, target_id=0: 0.00075706ms, 1%
@260 = step[axes={2, 3},steps={2, 2}](@245) -> float_type, {1, 1024, 7, 7}, {200704, 196, 28, 2}, target_id=0: 0.00087272ms, 1%
@261 = gpu::code_object[code_object=5616,symbol_name=add_relu_noop_concat_noop_kernel,global=37632,local=1024,](@254,@258,@260,@259) -> float_type, {1, 1536, 7, 7}, {75264, 49, 7, 1}, target_id=0: 0.0244287ms, 1%
@262 = load[offset=301056,end=702464](@1) -> float_type, {1, 2048, 7, 7}, {100352, 49, 7, 1}, target_id=0: 0.00060374ms, 1%
@263 = broadcast[axis=1,out_lens={1, 2048, 7, 7}](@256) -> float_type, {1, 2048, 7, 7}, {0, 1, 0, 0}, target_id=0: 0.00101092ms, 1%
@264 = gpu::code_object[code_object=5520,symbol_name=mlir_convolution_add_relu,global=32768,local=256,](@263,@261,@255,@262) -> float_type, {1, 2048, 7, 7}, {100352, 49, 7, 1}, target_id=0: 0.0589844ms, 3%
@265 = hip::hip_copy_literal[id=main:@literal:19] -> float_type, {512, 512, 3, 3}, {4608, 9, 3, 1}, target_id=0: 0.000562ms, 1%
@266 = hip::hip_copy_literal[id=main:@literal:20] -> float_type, {512}, {1}, target_id=0: 0.0004723ms, 1%
@267 = hip::hip_copy_literal[id=main:@literal:21] -> float_type, {512, 2048, 1, 1}, {2048, 1, 1, 1}, target_id=0: 0.0005216ms, 1%
@268 = broadcast[axis=1,out_lens={1, 512, 7, 7}](@266) -> float_type, {1, 512, 7, 7}, {0, 1, 0, 0}, target_id=0: 0.0006857ms, 1%
@269 = load[offset=100352,end=200704](@1) -> float_type, {1, 512, 7, 7}, {25088, 49, 7, 1}, target_id=0: 0.00054242ms, 1%
@270 = gpu::code_object[code_object=6160,symbol_name=mlir_convolution_add_relu,global=8192,local=256,](@268,@264,@267,@269) -> float_type, {1, 512, 7, 7}, {25088, 49, 7, 1}, target_id=0: 0.0570403ms, 3%
@271 = load[offset=702464,end=1605632](@1) -> int8_type, {903168}, {1}, target_id=0: 0.00058114ms, 1%
@272 = load[offset=0,end=100352](@1) -> float_type, {1, 512, 7, 7}, {25088, 49, 7, 1}, target_id=0: 0.00049614ms, 1%
@273 = gpu::convolution[op={padding={1, 1, 1, 1},stride={1, 1},dilation={1, 1},group=1,padding_mode=0},solution_object={binary_object: 427},algo=0,solution_id=0](@270,@265,@271,@272) -> float_type, {1, 512, 7, 7}, {25088, 49, 7, 1}, target_id=0: 0.079658ms, 3%
@274 = hip::hip_copy_literal[id=main:@literal:16] -> float_type, {2048}, {1}, target_id=0: 0.0010033ms, 1%
@275 = hip::hip_copy_literal[id=main:@literal:17] -> float_type, {2048, 512, 1, 1}, {512, 1, 1, 1}, target_id=0: 0.0012225ms, 1%
@276 = hip::hip_copy_literal[id=main:@literal:18] -> float_type, {512}, {1}, target_id=0: 0.00047074ms, 1%
@277 = load[offset=100352,end=200704](@1) -> float_type, {1, 512, 7, 7}, {25088, 49, 7, 1}, target_id=0: 0.0008636ms, 1%
@278 = broadcast[axis=1,out_lens={1, 512, 7, 7}](@276) -> float_type, {1, 512, 7, 7}, {0, 1, 0, 0}, target_id=0: 0.0010044ms, 1%
@279 = gpu::code_object[code_object=5000,symbol_name=add_relu_kernel,global=25088,local=1024,](@273,@278,@277) -> float_type, {1, 512, 7, 7}, {25088, 49, 7, 1}, target_id=0: 0.0228143ms, 1%
@280 = load[offset=1003520,end=1404928](@1) -> float_type, {1, 2048, 7, 7}, {100352, 49, 7, 1}, target_id=0: 0.00061954ms, 1%
@281 = broadcast[axis=1,out_lens={1, 2048, 7, 7}](@274) -> float_type, {1, 2048, 7, 7}, {0, 1, 0, 0}, target_id=0: 0.00075812ms, 1%
@282 = gpu::code_object[code_object=6232,symbol_name=mlir_convolution_add_add_relu,global=32768,local=256,](@281,@264,@279,@275,@280) -> float_type, {1, 2048, 7, 7}, {100352, 49, 7, 1}, target_id=0: 0.0332052ms, 2%
@283 = hip::hip_copy_literal[id=main:@literal:13] -> float_type, {512, 512, 3, 3}, {4608, 9, 3, 1}, target_id=0: 0.00056182ms, 1%
@284 = hip::hip_copy_literal[id=main:@literal:14] -> float_type, {512}, {1}, target_id=0: 0.0005919ms, 1%
@285 = hip::hip_copy_literal[id=main:@literal:15] -> float_type, {512, 2048, 1, 1}, {2048, 1, 1, 1}, target_id=0: 0.00066092ms, 1%
@286 = broadcast[axis=1,out_lens={1, 512, 7, 7}](@284) -> float_type, {1, 512, 7, 7}, {0, 1, 0, 0}, target_id=0: 0.00065242ms, 1%
@287 = load[offset=0,end=100352](@1) -> float_type, {1, 512, 7, 7}, {25088, 49, 7, 1}, target_id=0: 0.0005424ms, 1%
@288 = gpu::code_object[code_object=6160,symbol_name=mlir_convolution_add_relu,global=8192,local=256,](@286,@282,@285,@287) -> float_type, {1, 512, 7, 7}, {25088, 49, 7, 1}, target_id=0: 0.0565341ms, 3%
@289 = load[offset=1505280,end=2408448](@1) -> int8_type, {903168}, {1}, target_id=0: 0.00057502ms, 1%
@290 = load[offset=1404928,end=1505280](@1) -> float_type, {1, 512, 7, 7}, {25088, 49, 7, 1}, target_id=0: 0.00055928ms, 1%
@291 = gpu::convolution[op={padding={1, 1, 1, 1},stride={1, 1},dilation={1, 1},group=1,padding_mode=0},solution_object={binary_object: 427},algo=0,solution_id=0](@288,@283,@289,@290) -> float_type, {1, 512, 7, 7}, {25088, 49, 7, 1}, target_id=0: 0.0774649ms, 3%
@292 = hip::hip_copy_literal[id=main:@literal:0] -> float_type, {1, 1000}, {1000, 1}, target_id=0: 0.00104716ms, 1%
@293 = hip::hip_copy_literal[id=main:@literal:10] -> float_type, {2048}, {1}, target_id=0: 0.00106912ms, 1%
@294 = hip::hip_copy_literal[id=main:@literal:11] -> float_type, {2048, 512, 1, 1}, {512, 1, 1, 1}, target_id=0: 0.0004471ms, 1%
@295 = hip::hip_copy_literal[id=main:@literal:12] -> float_type, {512}, {1}, target_id=0: 0.0005226ms, 1%
@296 = hip::hip_copy_literal[id=main:@literal:1] -> float_type, {2048, 1000}, {1000, 1}, target_id=0: 0.00041332ms, 1%
@297 = load[offset=501760,end=602112](@1) -> float_type, {1, 512, 7, 7}, {25088, 49, 7, 1}, target_id=0: 0.0008649ms, 1%
@298 = broadcast[axis=1,out_lens={1, 512, 7, 7}](@295) -> float_type, {1, 512, 7, 7}, {0, 1, 0, 0}, target_id=0: 0.0009767ms, 1%
@299 = gpu::code_object[code_object=5000,symbol_name=add_relu_kernel,global=25088,local=1024,](@291,@298,@297) -> float_type, {1, 512, 7, 7}, {25088, 49, 7, 1}, target_id=0: 0.0214066ms, 1%
@300 = load[offset=100352,end=501760](@1) -> float_type, {1, 2048, 7, 7}, {100352, 49, 7, 1}, target_id=0: 0.0006065ms, 1%
@301 = gpu::code_object[code_object=5688,symbol_name=mlir_convolution,global=32768,local=256,](@299,@294,@300) -> float_type, {1, 2048, 7, 7}, {100352, 49, 7, 1}, target_id=0: 0.0327065ms, 2%
@302 = load[offset=0,end=8192](@1) -> float_type, {1, 2048, 1, 1}, {2048, 1, 1, 1}, target_id=0: 0.00057308ms, 1%
@303 = broadcast[axis=1,out_lens={1, 2048, 7, 7}](@293) -> float_type, {1, 2048, 7, 7}, {0, 1, 0, 0}, target_id=0: 0.00084838ms, 1%
@304 = gpu::code_object[code_object=5488,symbol_name=add_add_relu_mul_reduce_sum_kernel,global=131072,local=64,](@301,@303,@282,@302) -> float_type, {1, 2048, 1, 1}, {2048, 1, 1, 1}, target_id=0: 0.0181505ms, 1%
@305 = flatten[axis=1](@304) -> float_type, {1, 2048}, {2048, 1}, target_id=0: 0.0008258ms, 1%
main:#output_0 = @param:main:#output_0 -> float_type, {1, 1000}, {1000, 1}, target_id=0: 0.00087558ms, 1%
@307 = gpu::gemm[alpha=1,beta=1,compute_fp32=1,trans_batch=0,solution_idx=0](@305,@296,@292,main:#output_0) -> float_type, {1, 1000}, {1000, 1}, target_id=0: 0.0620924ms, 3%
@308 = @return(@307), target_id=0
Summary:
gpu::convolution: 1.02468ms / 16 = 0.0640427ms, 38%
gpu::code_object::mlir_convolution_add_relu: 0.742233ms / 21 = 0.0353444ms, 27%
gpu::code_object::mlir_convolution_add_add_relu: 0.30765ms / 11 = 0.0279682ms, 12%
gpu::code_object::add_relu_kernel: 0.250346ms / 12 = 0.0208622ms, 10%
gpu::code_object::add_relu_noop_concat_noop_kernel: 0.0953485ms / 4 = 0.0238371ms, 4%
gpu::gemm: 0.0620924ms / 1 = 0.0620924ms, 3%
hip::hip_copy_literal: 0.0612822ms / 100 = 0.000612822ms, 3%
gpu::pooling: 0.0596359ms / 1 = 0.0596359ms, 3%
load: 0.0506561ms / 83 = 0.000610314ms, 2%
broadcast: 0.0473366ms / 49 = 0.000966053ms, 2%
gpu::code_object::mlir_convolution: 0.0327065ms / 1 = 0.0327065ms, 2%
gpu::code_object::add_add_relu_mul_reduce_sum_kernel: 0.0181505ms / 1 = 0.0181505ms, 1%
step: 0.00343562ms / 3 = 0.00114521ms, 1%
@param: 0.0013523ms / 2 = 0.00067615ms, 1%
check_context::migraphx::gpu::context: 0.00093076ms / 1 = 0.00093076ms, 1%
hip::hip_allocate_memory: 0.00086972ms / 1 = 0.00086972ms, 1%
flatten: 0.0008258ms / 1 = 0.0008258ms, 1%

Batch size: 1
Rate: 719.465 inferences/sec
Total time: 1.38992ms
Total instructions time: 2.75953ms
Overhead time: 0.0477204ms, -1.36961ms
Overhead: 3%, -99%
[ MIGraphX Version: 2.10.0.a7d295086 ] Complete: /src/AMDMIGraphX/build/bin/driver perf --gpu /new-saved-models/torchvision/resnet50i1.onnx
