Compiling ... 
Reading: /saved-models/torchvision/alexneti64.onnx
module: "main"
main:@0 = check_context::migraphx::version_1::gpu::context -> float_type, {}, {}
main:@1 = hip::hip_allocate_memory[shape=float_type, {21055488}, {1},id=main:scratch] -> float_type, {21055488}, {1}
main:@2 = hip::hip_copy_literal[id=main:@literal:9] -> half_type, {64, 3, 11, 11}, {363, 121, 11, 1}
main:@3 = load[offset=24780800,end=44048384](main:@1) -> half_type, {64, 3, 224, 224}, {150528, 50176, 224, 1}
input.1 = @param:input.1 -> float_type, {64, 3, 224, 224}, {150528, 50176, 224, 1}
main:@5 = gpu::code_object[code_object=13632,symbol_name=convert_kernel,global=2408448,local=1024,](input.1,main:@3) -> half_type, {64, 3, 224, 224}, {150528, 50176, 224, 1}
main:@6 = load[offset=0,end=24780800](main:@1) -> half_type, {64, 64, 55, 55}, {193600, 3025, 55, 1}
main:@7 = load[offset=0,end=0](main:@1) -> int8_type, {0}, {1}
main:@8 = gpu::convolution[op={padding={2, 2, 2, 2},stride={4, 4},dilation={1, 1},group=1,padding_mode=0},algo=5,int8_x4_format=0,solution_id=81](main:@5,main:@2,main:@7,main:@6) -> half_type, {64, 64, 55, 55}, {193600, 3025, 55, 1}
main:@9 = hip::hip_copy_literal[id=main:@literal:11] -> half_type, {64}, {1}
main:@10 = load[offset=24780800,end=49561600](main:@1) -> half_type, {64, 64, 55, 55}, {193600, 3025, 55, 1}
main:@11 = broadcast[axis=1,out_lens={64, 64, 55, 55}](main:@9) -> half_type, {64, 64, 55, 55}, {0, 1, 0, 0}
main:@12 = gpu::code_object[code_object=13632,symbol_name=add_relu_kernel,global=12390400,local=1024,](main:@8,main:@11,main:@10) -> half_type, {64, 64, 55, 55}, {193600, 3025, 55, 1}
main:@13 = load[offset=17915904,end=23887872](main:@1) -> half_type, {64, 64, 27, 27}, {46656, 729, 27, 1}
main:@14 = gpu::pooling[mode=max,padding={0, 0, 0, 0},stride={2, 2},lengths={3, 3},ceil_mode=0,lp_order=2,dyn_global=0](main:@12,main:@13) -> half_type, {64, 64, 27, 27}, {46656, 729, 27, 1}
main:@15 = hip::hip_copy_literal[id=main:@literal:8] -> half_type, {192, 64, 5, 5}, {1600, 25, 5, 1}
main:@16 = load[offset=0,end=17915904](main:@1) -> half_type, {64, 192, 27, 27}, {139968, 729, 27, 1}
main:@17 = load[offset=23887872,end=84221952](main:@1) -> int8_type, {60334080}, {1}
main:@18 = gpu::convolution[op={padding={2, 2, 2, 2},stride={1, 1},dilation={1, 1},group=1,padding_mode=0},algo=5,int8_x4_format=0,solution_id=107](main:@14,main:@15,main:@17,main:@16) -> half_type, {64, 192, 27, 27}, {139968, 729, 27, 1}
main:@19 = hip::hip_copy_literal[id=main:@literal:7] -> half_type, {192}, {1}
main:@20 = broadcast[axis=1,out_lens={64, 192, 27, 27}](main:@19) -> half_type, {64, 192, 27, 27}, {0, 1, 0, 0}
main:@21 = load[offset=17915904,end=35831808](main:@1) -> half_type, {64, 192, 27, 27}, {139968, 729, 27, 1}
main:@22 = gpu::code_object[code_object=13632,symbol_name=add_relu_kernel,global=8957952,local=1024,](main:@18,main:@20,main:@21) -> half_type, {64, 192, 27, 27}, {139968, 729, 27, 1}
main:@23 = load[offset=8306688,end=12460032](main:@1) -> half_type, {64, 192, 13, 13}, {32448, 169, 13, 1}
main:@24 = gpu::pooling[mode=max,padding={0, 0, 0, 0},stride={2, 2},lengths={3, 3},ceil_mode=0,lp_order=2,dyn_global=0](main:@22,main:@23) -> half_type, {64, 192, 13, 13}, {32448, 169, 13, 1}
main:@25 = hip::hip_copy_literal[id=main:@literal:5] -> half_type, {384, 192, 3, 3}, {1728, 9, 3, 1}
main:@26 = load[offset=0,end=0](main:@1) -> int8_type, {0}, {1}
main:@27 = load[offset=0,end=8306688](main:@1) -> half_type, {64, 384, 13, 13}, {64896, 169, 13, 1}
main:@28 = gpu::convolution[op={padding={1, 1, 1, 1},stride={1, 1},dilation={1, 1},group=1,padding_mode=0},algo=5,int8_x4_format=0,solution_id=80](main:@24,main:@25,main:@26,main:@27) -> half_type, {64, 384, 13, 13}, {64896, 169, 13, 1}
main:@29 = hip::hip_copy_literal[id=main:@literal:4] -> half_type, {256, 384, 3, 3}, {3456, 9, 3, 1}
main:@30 = hip::hip_copy_literal[id=main:@literal:1] -> half_type, {384}, {1}
main:@31 = load[offset=8306688,end=16613376](main:@1) -> half_type, {64, 384, 13, 13}, {64896, 169, 13, 1}
main:@32 = broadcast[axis=1,out_lens={64, 384, 13, 13}](main:@30) -> half_type, {64, 384, 13, 13}, {0, 1, 0, 0}
main:@33 = gpu::code_object[code_object=13632,symbol_name=add_relu_kernel,global=4153344,local=1024,](main:@28,main:@32,main:@31) -> half_type, {64, 384, 13, 13}, {64896, 169, 13, 1}
main:@34 = load[offset=16613376,end=43302912](main:@1) -> int8_type, {26689536}, {1}
main:@35 = load[offset=0,end=5537792](main:@1) -> half_type, {64, 256, 13, 13}, {43264, 169, 13, 1}
main:@36 = gpu::convolution[op={padding={1, 1, 1, 1},stride={1, 1},dilation={1, 1},group=1,padding_mode=0},algo=5,int8_x4_format=0,solution_id=107](main:@33,main:@29,main:@34,main:@35) -> half_type, {64, 256, 13, 13}, {43264, 169, 13, 1}
main:@37 = hip::hip_copy_literal[id=main:@literal:2] -> half_type, {256, 256, 3, 3}, {2304, 9, 3, 1}
main:@38 = hip::hip_copy_literal[id=main:@literal:3] -> half_type, {256}, {1}
main:@39 = load[offset=5537792,end=11075584](main:@1) -> half_type, {64, 256, 13, 13}, {43264, 169, 13, 1}
main:@40 = broadcast[axis=1,out_lens={64, 256, 13, 13}](main:@38) -> half_type, {64, 256, 13, 13}, {0, 1, 0, 0}
main:@41 = gpu::code_object[code_object=13632,symbol_name=add_relu_kernel,global=2768896,local=1024,](main:@36,main:@40,main:@39) -> half_type, {64, 256, 13, 13}, {43264, 169, 13, 1}
main:@42 = load[offset=0,end=5537792](main:@1) -> half_type, {64, 256, 13, 13}, {43264, 169, 13, 1}
main:@43 = load[offset=0,end=0](main:@1) -> int8_type, {0}, {1}
main:@44 = gpu::convolution[op={padding={1, 1, 1, 1},stride={1, 1},dilation={1, 1},group=1,padding_mode=0},algo=5,int8_x4_format=0,solution_id=80](main:@41,main:@37,main:@43,main:@42) -> half_type, {64, 256, 13, 13}, {43264, 169, 13, 1}
main:@45 = hip::hip_copy_literal[id=main:@literal:13] -> half_type, {4096, 4096}, {4096, 1}
main:@46 = hip::hip_copy_literal[id=main:@literal:6] -> half_type, {256}, {1}
main:@47 = hip::hip_copy_literal[id=main:@literal:0] -> half_type, {9216, 4096}, {4096, 1}
main:@48 = hip::hip_copy_literal[id=main:@literal:10] -> half_type, {64, 1000}, {1000, 1}
main:@49 = hip::hip_copy_literal[id=main:@literal:14] -> half_type, {64, 4096}, {4096, 1}
main:@50 = hip::hip_copy_literal[id=main:@literal:15] -> half_type, {4096, 1000}, {1000, 1}
main:@51 = hip::hip_copy_literal[id=main:@literal:12] -> half_type, {64, 4096}, {4096, 1}
main:@52 = load[offset=5537792,end=11075584](main:@1) -> half_type, {64, 256, 13, 13}, {43264, 169, 13, 1}
main:@53 = broadcast[axis=1,out_lens={64, 256, 13, 13}](main:@46) -> half_type, {64, 256, 13, 13}, {0, 1, 0, 0}
main:@54 = gpu::code_object[code_object=13632,symbol_name=add_relu_kernel,global=2768896,local=1024,](main:@44,main:@53,main:@52) -> half_type, {64, 256, 13, 13}, {43264, 169, 13, 1}
main:@55 = load[offset=1179648,end=2359296](main:@1) -> half_type, {64, 256, 6, 6}, {9216, 36, 6, 1}
main:@56 = gpu::pooling[mode=max,padding={0, 0, 0, 0},stride={2, 2},lengths={3, 3},ceil_mode=0,lp_order=2,dyn_global=0](main:@54,main:@55) -> half_type, {64, 256, 6, 6}, {9216, 36, 6, 1}
main:@57 = load[offset=0,end=1179648](main:@1) -> half_type, {64, 256, 6, 6}, {9216, 36, 6, 1}
main:@58 = gpu::pooling[mode=average,padding={0, 0, 0, 0},stride={1, 1},lengths={1, 1},ceil_mode=0,lp_order=2,dyn_global=0](main:@56,main:@57) -> half_type, {64, 256, 6, 6}, {9216, 36, 6, 1}
main:@59 = load[offset=1179648,end=1703936](main:@1) -> half_type, {64, 4096}, {4096, 1}
main:@60 = flatten[axis=1](main:@58) -> half_type, {64, 9216}, {9216, 1}
main:@61 = gpu::gemm[alpha=1,beta=0,int8_x4_format=0,compute_fp32=1,trans_batch=0](main:@60,main:@47,main:@59) -> half_type, {64, 4096}, {4096, 1}
main:@62 = load[offset=0,end=524288](main:@1) -> half_type, {64, 4096}, {4096, 1}
main:@63 = gpu::code_object[code_object=13632,symbol_name=add_relu_kernel,global=131072,local=1024,](main:@61,main:@51,main:@62) -> half_type, {64, 4096}, {4096, 1}
main:@64 = load[offset=524288,end=1048576](main:@1) -> half_type, {64, 4096}, {4096, 1}
main:@65 = gpu::gemm[alpha=1,beta=0,int8_x4_format=0,compute_fp32=1,trans_batch=0](main:@63,main:@45,main:@64) -> half_type, {64, 4096}, {4096, 1}
main:@66 = load[offset=0,end=524288](main:@1) -> half_type, {64, 4096}, {4096, 1}
main:@67 = gpu::code_object[code_object=13632,symbol_name=add_relu_kernel,global=131072,local=1024,](main:@65,main:@49,main:@66) -> half_type, {64, 4096}, {4096, 1}
main:@68 = load[offset=524288,end=652288](main:@1) -> half_type, {64, 1000}, {1000, 1}
main:@69 = gpu::gemm[alpha=1,beta=0,int8_x4_format=0,compute_fp32=1,trans_batch=0](main:@67,main:@50,main:@68) -> half_type, {64, 1000}, {1000, 1}
main:#output_0 = @param:main:#output_0 -> float_type, {64, 1000}, {1000, 1}
main:@71 = gpu::code_object[code_object=13640,symbol_name=add_convert_kernel,global=32000,local=1024,](main:@69,main:@48,main:#output_0) -> float_type, {64, 1000}, {1000, 1}
main:@72 = @return(main:@71)


Allocating params ... 
Running performance report ... 
main:@0 = check_context::migraphx::version_1::gpu::context -> float_type, {}, {}: 0.00090348ms, 1%
main:@1 = hip::hip_allocate_memory[shape=float_type, {21055488}, {1},id=main:scratch] -> float_type, {21055488}, {1}: 0.00089556ms, 1%
main:@2 = hip::hip_copy_literal[id=main:@literal:9] -> half_type, {64, 3, 11, 11}, {363, 121, 11, 1}: 0.0007264ms, 1%
main:@3 = load[offset=24780800,end=44048384](main:@1) -> half_type, {64, 3, 224, 224}, {150528, 50176, 224, 1}: 0.00070424ms, 1%
input.1 = @param:input.1 -> float_type, {64, 3, 224, 224}, {150528, 50176, 224, 1}: 0.00046448ms, 1%
main:@5 = gpu::code_object[code_object=13632,symbol_name=convert_kernel,global=2408448,local=1024,](input.1,main:@3) -> half_type, {64, 3, 224, 224}, {150528, 50176, 224, 1}: 0.0765518ms, 4%
main:@6 = load[offset=0,end=24780800](main:@1) -> half_type, {64, 64, 55, 55}, {193600, 3025, 55, 1}: 0.00073388ms, 1%
main:@7 = load[offset=0,end=0](main:@1) -> int8_type, {0}, {1}: 0.00059698ms, 1%
main:@8 = gpu::convolution[op={padding={2, 2, 2, 2},stride={4, 4},dilation={1, 1},group=1,padding_mode=0},algo=5,int8_x4_format=0,solution_id=81](main:@5,main:@2,main:@7,main:@6) -> half_type, {64, 64, 55, 55}, {193600, 3025, 55, 1}: 0.291147ms, 12%
main:@9 = hip::hip_copy_literal[id=main:@literal:11] -> half_type, {64}, {1}: 0.00086776ms, 1%
main:@10 = load[offset=24780800,end=49561600](main:@1) -> half_type, {64, 64, 55, 55}, {193600, 3025, 55, 1}: 0.0007358ms, 1%
main:@11 = broadcast[axis=1,out_lens={64, 64, 55, 55}](main:@9) -> half_type, {64, 64, 55, 55}, {0, 1, 0, 0}: 0.00114378ms, 1%
main:@12 = gpu::code_object[code_object=13632,symbol_name=add_relu_kernel,global=12390400,local=1024,](main:@8,main:@11,main:@10) -> half_type, {64, 64, 55, 55}, {193600, 3025, 55, 1}: 0.117486ms, 5%
main:@13 = load[offset=17915904,end=23887872](main:@1) -> half_type, {64, 64, 27, 27}, {46656, 729, 27, 1}: 0.0007296ms, 1%
main:@14 = gpu::pooling[mode=max,padding={0, 0, 0, 0},stride={2, 2},lengths={3, 3},ceil_mode=0,lp_order=2,dyn_global=0](main:@12,main:@13) -> half_type, {64, 64, 27, 27}, {46656, 729, 27, 1}: 0.086993ms, 4%
main:@15 = hip::hip_copy_literal[id=main:@literal:8] -> half_type, {192, 64, 5, 5}, {1600, 25, 5, 1}: 0.00076358ms, 1%
main:@16 = load[offset=0,end=17915904](main:@1) -> half_type, {64, 192, 27, 27}, {139968, 729, 27, 1}: 0.0006552ms, 1%
main:@17 = load[offset=23887872,end=84221952](main:@1) -> int8_type, {60334080}, {1}: 0.00057744ms, 1%
main:@18 = gpu::convolution[op={padding={2, 2, 2, 2},stride={1, 1},dilation={1, 1},group=1,padding_mode=0},algo=5,int8_x4_format=0,solution_id=107](main:@14,main:@15,main:@17,main:@16) -> half_type, {64, 192, 27, 27}, {139968, 729, 27, 1}: 0.363492ms, 15%
main:@19 = hip::hip_copy_literal[id=main:@literal:7] -> half_type, {192}, {1}: 0.00076854ms, 1%
main:@20 = broadcast[axis=1,out_lens={64, 192, 27, 27}](main:@19) -> half_type, {64, 192, 27, 27}, {0, 1, 0, 0}: 0.0010135ms, 1%
main:@21 = load[offset=17915904,end=35831808](main:@1) -> half_type, {64, 192, 27, 27}, {139968, 729, 27, 1}: 0.0007193ms, 1%
main:@22 = gpu::code_object[code_object=13632,symbol_name=add_relu_kernel,global=8957952,local=1024,](main:@18,main:@20,main:@21) -> half_type, {64, 192, 27, 27}, {139968, 729, 27, 1}: 0.0903632ms, 4%
main:@23 = load[offset=8306688,end=12460032](main:@1) -> half_type, {64, 192, 13, 13}, {32448, 169, 13, 1}: 0.00072534ms, 1%
main:@24 = gpu::pooling[mode=max,padding={0, 0, 0, 0},stride={2, 2},lengths={3, 3},ceil_mode=0,lp_order=2,dyn_global=0](main:@22,main:@23) -> half_type, {64, 192, 13, 13}, {32448, 169, 13, 1}: 0.0625799ms, 3%
main:@25 = hip::hip_copy_literal[id=main:@literal:5] -> half_type, {384, 192, 3, 3}, {1728, 9, 3, 1}: 0.0007519ms, 1%
main:@26 = load[offset=0,end=0](main:@1) -> int8_type, {0}, {1}: 0.00066604ms, 1%
main:@27 = load[offset=0,end=8306688](main:@1) -> half_type, {64, 384, 13, 13}, {64896, 169, 13, 1}: 0.00060392ms, 1%
main:@28 = gpu::convolution[op={padding={1, 1, 1, 1},stride={1, 1},dilation={1, 1},group=1,padding_mode=0},algo=5,int8_x4_format=0,solution_id=80](main:@24,main:@25,main:@26,main:@27) -> half_type, {64, 384, 13, 13}, {64896, 169, 13, 1}: 0.240879ms, 10%
main:@29 = hip::hip_copy_literal[id=main:@literal:4] -> half_type, {256, 384, 3, 3}, {3456, 9, 3, 1}: 0.00074034ms, 1%
main:@30 = hip::hip_copy_literal[id=main:@literal:1] -> half_type, {384}, {1}: 0.00053526ms, 1%
main:@31 = load[offset=8306688,end=16613376](main:@1) -> half_type, {64, 384, 13, 13}, {64896, 169, 13, 1}: 0.0007118ms, 1%
main:@32 = broadcast[axis=1,out_lens={64, 384, 13, 13}](main:@30) -> half_type, {64, 384, 13, 13}, {0, 1, 0, 0}: 0.00098064ms, 1%
main:@33 = gpu::code_object[code_object=13632,symbol_name=add_relu_kernel,global=4153344,local=1024,](main:@28,main:@32,main:@31) -> half_type, {64, 384, 13, 13}, {64896, 169, 13, 1}: 0.0515534ms, 3%
main:@34 = load[offset=16613376,end=43302912](main:@1) -> int8_type, {26689536}, {1}: 0.00076108ms, 1%
main:@35 = load[offset=0,end=5537792](main:@1) -> half_type, {64, 256, 13, 13}, {43264, 169, 13, 1}: 0.00060576ms, 1%
main:@36 = gpu::convolution[op={padding={1, 1, 1, 1},stride={1, 1},dilation={1, 1},group=1,padding_mode=0},algo=5,int8_x4_format=0,solution_id=107](main:@33,main:@29,main:@34,main:@35) -> half_type, {64, 256, 13, 13}, {43264, 169, 13, 1}: 0.23219ms, 10%
main:@37 = hip::hip_copy_literal[id=main:@literal:2] -> half_type, {256, 256, 3, 3}, {2304, 9, 3, 1}: 0.00079484ms, 1%
main:@38 = hip::hip_copy_literal[id=main:@literal:3] -> half_type, {256}, {1}: 0.00052952ms, 1%
main:@39 = load[offset=5537792,end=11075584](main:@1) -> half_type, {64, 256, 13, 13}, {43264, 169, 13, 1}: 0.00073872ms, 1%
main:@40 = broadcast[axis=1,out_lens={64, 256, 13, 13}](main:@38) -> half_type, {64, 256, 13, 13}, {0, 1, 0, 0}: 0.00094168ms, 1%
main:@41 = gpu::code_object[code_object=13632,symbol_name=add_relu_kernel,global=2768896,local=1024,](main:@36,main:@40,main:@39) -> half_type, {64, 256, 13, 13}, {43264, 169, 13, 1}: 0.040708ms, 2%
main:@42 = load[offset=0,end=5537792](main:@1) -> half_type, {64, 256, 13, 13}, {43264, 169, 13, 1}: 0.00073522ms, 1%
main:@43 = load[offset=0,end=0](main:@1) -> int8_type, {0}, {1}: 0.00059802ms, 1%
main:@44 = gpu::convolution[op={padding={1, 1, 1, 1},stride={1, 1},dilation={1, 1},group=1,padding_mode=0},algo=5,int8_x4_format=0,solution_id=80](main:@41,main:@37,main:@43,main:@42) -> half_type, {64, 256, 13, 13}, {43264, 169, 13, 1}: 0.213499ms, 9%
main:@45 = hip::hip_copy_literal[id=main:@literal:13] -> half_type, {4096, 4096}, {4096, 1}: 0.00087196ms, 1%
main:@46 = hip::hip_copy_literal[id=main:@literal:6] -> half_type, {256}, {1}: 0.0005575ms, 1%
main:@47 = hip::hip_copy_literal[id=main:@literal:0] -> half_type, {9216, 4096}, {4096, 1}: 0.00052686ms, 1%
main:@48 = hip::hip_copy_literal[id=main:@literal:10] -> half_type, {64, 1000}, {1000, 1}: 0.00073756ms, 1%
main:@49 = hip::hip_copy_literal[id=main:@literal:14] -> half_type, {64, 4096}, {4096, 1}: 0.00059558ms, 1%
main:@50 = hip::hip_copy_literal[id=main:@literal:15] -> half_type, {4096, 1000}, {1000, 1}: 0.00067184ms, 1%
main:@51 = hip::hip_copy_literal[id=main:@literal:12] -> half_type, {64, 4096}, {4096, 1}: 0.00053418ms, 1%
main:@52 = load[offset=5537792,end=11075584](main:@1) -> half_type, {64, 256, 13, 13}, {43264, 169, 13, 1}: 0.00072716ms, 1%
main:@53 = broadcast[axis=1,out_lens={64, 256, 13, 13}](main:@46) -> half_type, {64, 256, 13, 13}, {0, 1, 0, 0}: 0.00092016ms, 1%
main:@54 = gpu::code_object[code_object=13632,symbol_name=add_relu_kernel,global=2768896,local=1024,](main:@44,main:@53,main:@52) -> half_type, {64, 256, 13, 13}, {43264, 169, 13, 1}: 0.0405325ms, 2%
main:@55 = load[offset=1179648,end=2359296](main:@1) -> half_type, {64, 256, 6, 6}, {9216, 36, 6, 1}: 0.0007394ms, 1%
main:@56 = gpu::pooling[mode=max,padding={0, 0, 0, 0},stride={2, 2},lengths={3, 3},ceil_mode=0,lp_order=2,dyn_global=0](main:@54,main:@55) -> half_type, {64, 256, 6, 6}, {9216, 36, 6, 1}: 0.0436518ms, 2%
main:@57 = load[offset=0,end=1179648](main:@1) -> half_type, {64, 256, 6, 6}, {9216, 36, 6, 1}: 0.00076666ms, 1%
main:@58 = gpu::pooling[mode=average,padding={0, 0, 0, 0},stride={1, 1},lengths={1, 1},ceil_mode=0,lp_order=2,dyn_global=0](main:@56,main:@57) -> half_type, {64, 256, 6, 6}, {9216, 36, 6, 1}: 0.0392874ms, 2%
main:@59 = load[offset=1179648,end=1703936](main:@1) -> half_type, {64, 4096}, {4096, 1}: 0.0007536ms, 1%
main:@60 = flatten[axis=1](main:@58) -> half_type, {64, 9216}, {9216, 1}: 0.00083926ms, 1%
main:@61 = gpu::gemm[alpha=1,beta=0,int8_x4_format=0,compute_fp32=1,trans_batch=0](main:@60,main:@47,main:@59) -> half_type, {64, 4096}, {4096, 1}: 0.29243ms, 12%
main:@62 = load[offset=0,end=524288](main:@1) -> half_type, {64, 4096}, {4096, 1}: 0.0008009ms, 1%
main:@63 = gpu::code_object[code_object=13632,symbol_name=add_relu_kernel,global=131072,local=1024,](main:@61,main:@51,main:@62) -> half_type, {64, 4096}, {4096, 1}: 0.0184049ms, 1%
main:@64 = load[offset=524288,end=1048576](main:@1) -> half_type, {64, 4096}, {4096, 1}: 0.00072356ms, 1%
main:@65 = gpu::gemm[alpha=1,beta=0,int8_x4_format=0,compute_fp32=1,trans_batch=0](main:@63,main:@45,main:@64) -> half_type, {64, 4096}, {4096, 1}: 0.0809759ms, 4%
main:@66 = load[offset=0,end=524288](main:@1) -> half_type, {64, 4096}, {4096, 1}: 0.0007721ms, 1%
main:@67 = gpu::code_object[code_object=13632,symbol_name=add_relu_kernel,global=131072,local=1024,](main:@65,main:@49,main:@66) -> half_type, {64, 4096}, {4096, 1}: 0.0182561ms, 1%
main:@68 = load[offset=524288,end=652288](main:@1) -> half_type, {64, 1000}, {1000, 1}: 0.00072454ms, 1%
main:@69 = gpu::gemm[alpha=1,beta=0,int8_x4_format=0,compute_fp32=1,trans_batch=0](main:@67,main:@50,main:@68) -> half_type, {64, 1000}, {1000, 1}: 0.0546115ms, 3%
main:#output_0 = @param:main:#output_0 -> float_type, {64, 1000}, {1000, 1}: 0.00086682ms, 1%
main:@71 = gpu::code_object[code_object=13640,symbol_name=add_convert_kernel,global=32000,local=1024,](main:@69,main:@48,main:#output_0) -> float_type, {64, 1000}, {1000, 1}: 0.0175047ms, 1%
main:@72 = @return(main:@71)
Summary:
gpu::convolution: 1.34121ms / 5 = 0.268242ms, 54%
gpu::gemm: 0.428018ms / 3 = 0.142673ms, 18%
gpu::code_object::add_relu_kernel: 0.377304ms / 7 = 0.0539006ms, 16%
gpu::pooling: 0.232512ms / 4 = 0.058128ms, 10%
gpu::code_object::convert_kernel: 0.0765518ms / 1 = 0.0765518ms, 4%
load: 0.0176063ms / 25 = 0.00070425ms, 1%
gpu::code_object::add_convert_kernel: 0.0175047ms / 1 = 0.0175047ms, 1%
hip::hip_copy_literal: 0.0109736ms / 16 = 0.000685851ms, 1%
broadcast: 0.00499976ms / 5 = 0.000999952ms, 1%
@param: 0.0013313ms / 2 = 0.00066565ms, 1%
check_context::migraphx::version_1::gpu::context: 0.00090348ms / 1 = 0.00090348ms, 1%
hip::hip_allocate_memory: 0.00089556ms / 1 = 0.00089556ms, 1%
flatten: 0.00083926ms / 1 = 0.00083926ms, 1%

Batch size: 1
Rate: 468.351/sec
Total time: 2.13515ms
Total instructions time: 2.51065ms
Overhead time: 0.0165967ms, -0.375497ms
Overhead: 1%, -18%
