Compiling ... 
Reading: /new-saved-models/slim/mobilenet_i1.pb
module: "main"
main:@0 = check_context::migraphx::gpu::context  -> float_type, {}, {}
main:@1 = hip::hip_allocate_memory[shape=int8_type, {6480128}, {1},id=main:scratch] -> int8_type, {6480128}, {1}
main:@2 = hip::hip_copy_literal[id=main:@literal:13] -> float_type, {32, 3, 3, 3}, {27, 9, 3, 1}
main:@3 = load[offset=1605632,end=2213132](main:@1) -> float_type, {1, 3, 225, 225}, {151875, 50625, 225, 1}
input = @param:input -> float_type, {1, 3, 224, 224}, {150528, 50176, 224, 1}
main:@5 = gpu::code_object[code_object=13624,symbol_name=pad_kernel,global=151875,local=1024,](input,main:@3) -> float_type, {1, 3, 225, 225}, {151875, 50625, 225, 1}
main:@6 = load[offset=0,end=1605632](main:@1) -> float_type, {1, 32, 112, 112}, {401408, 12544, 112, 1}
main:@7 = load[offset=0,end=0](main:@1) -> int8_type, {0}, {1}
main:@8 = gpu::convolution[op={padding={0, 0, 0, 0},stride={2, 2},dilation={1, 1},group=1,padding_mode=0},solution_object={binary_object: 492},algo=0,int8_x4_format=0,solution_id=0](main:@5,main:@2,main:@7,main:@6) -> float_type, {1, 32, 112, 112}, {401408, 12544, 112, 1}
main:@9 = hip::hip_copy_literal[id=main:@literal:28] -> float_type, {32, 1, 1}, {1, 1, 1}
main:@10 = hip::hip_copy_literal[id=main:@literal:26] -> float_type, {32, 1, 3, 3}, {9, 9, 3, 1}
main:@11 = load[offset=2213136,end=3818768](main:@1) -> float_type, {1, 32, 112, 112}, {401408, 12544, 112, 1}
main:@12 = multibroadcast[out_lens={1, 32, 112, 112},out_dyn_dims={}](main:@9) -> float_type, {1, 32, 112, 112}, {0, 1, 0, 0}
main:@13 = gpu::code_object[code_object=13632,symbol_name=add_clip_kernel,global=200704,local=1024,](main:@8,main:@12,main:@11) -> float_type, {1, 32, 112, 112}, {401408, 12544, 112, 1}
main:@14 = load[offset=0,end=0](main:@1) -> int8_type, {0}, {1}
main:@15 = load[offset=0,end=1605632](main:@1) -> float_type, {1, 32, 112, 112}, {401408, 12544, 112, 1}
main:@16 = gpu::convolution[op={padding={1, 1, 1, 1},stride={1, 1},dilation={1, 1},group=32,padding_mode=0},solution_object={binary_object: 447},algo=0,int8_x4_format=0,solution_id=0](main:@13,main:@10,main:@14,main:@15) -> float_type, {1, 32, 112, 112}, {401408, 12544, 112, 1}
main:@17 = hip::hip_copy_literal[id=main:@literal:22] -> float_type, {32, 1, 1}, {1, 1, 1}
main:@18 = hip::hip_copy_literal[id=main:@literal:12] -> float_type, {64, 32, 1, 1}, {32, 1, 1, 1}
main:@19 = multibroadcast[out_lens={1, 32, 112, 112},out_dyn_dims={}](main:@17) -> float_type, {1, 32, 112, 112}, {0, 1, 0, 0}
main:@20 = load[offset=3211264,end=4816896](main:@1) -> float_type, {1, 32, 112, 112}, {401408, 12544, 112, 1}
main:@21 = gpu::code_object[code_object=13632,symbol_name=add_clip_kernel,global=200704,local=1024,](main:@16,main:@19,main:@20) -> float_type, {1, 32, 112, 112}, {401408, 12544, 112, 1}
main:@22 = load[offset=0,end=0](main:@1) -> int8_type, {0}, {1}
main:@23 = load[offset=0,end=3211264](main:@1) -> float_type, {1, 64, 112, 112}, {802816, 12544, 112, 1}
main:@24 = gpu::convolution[op={padding={0, 0, 0, 0},stride={1, 1},dilation={1, 1},group=1,padding_mode=0},solution_object={binary_object: 468},algo=0,int8_x4_format=0,solution_id=0](main:@21,main:@18,main:@22,main:@23) -> float_type, {1, 64, 112, 112}, {802816, 12544, 112, 1}
main:@25 = hip::hip_copy_literal[id=main:@literal:29] -> float_type, {64, 1, 1}, {1, 1, 1}
main:@26 = hip::hip_copy_literal[id=main:@literal:33] -> float_type, {64, 1, 3, 3}, {9, 9, 3, 1}
main:@27 = multibroadcast[out_lens={1, 64, 112, 112},out_dyn_dims={}](main:@25) -> float_type, {1, 64, 112, 112}, {0, 1, 0, 0}
main:@28 = load[offset=3268864,end=6480128](main:@1) -> float_type, {1, 64, 112, 112}, {802816, 12544, 112, 1}
main:@29 = gpu::code_object[code_object=13632,symbol_name=add_clip_kernel,global=401408,local=1024,](main:@24,main:@27,main:@28) -> float_type, {1, 64, 112, 112}, {802816, 12544, 112, 1}
main:@30 = load[offset=0,end=3268864](main:@1) -> float_type, {1, 64, 113, 113}, {817216, 12769, 113, 1}
main:@31 = gpu::code_object[code_object=13624,symbol_name=pad_kernel,global=307200,local=1024,](main:@29,main:@30) -> float_type, {1, 64, 113, 113}, {817216, 12769, 113, 1}
main:@32 = load[offset=0,end=0](main:@1) -> int8_type, {0}, {1}
main:@33 = load[offset=3268864,end=4071680](main:@1) -> float_type, {1, 64, 56, 56}, {200704, 3136, 56, 1}
main:@34 = gpu::convolution[op={padding={0, 0, 0, 0},stride={2, 2},dilation={1, 1},group=64,padding_mode=0},solution_object={binary_object: 446},algo=0,int8_x4_format=0,solution_id=0](main:@31,main:@26,main:@32,main:@33) -> float_type, {1, 64, 56, 56}, {200704, 3136, 56, 1}
main:@35 = hip::hip_copy_literal[id=main:@literal:34] -> float_type, {64, 1, 1}, {1, 1, 1}
main:@36 = hip::hip_copy_literal[id=main:@literal:6] -> float_type, {128, 64, 1, 1}, {64, 1, 1, 1}
main:@37 = multibroadcast[out_lens={1, 64, 56, 56},out_dyn_dims={}](main:@35) -> float_type, {1, 64, 56, 56}, {0, 1, 0, 0}
main:@38 = load[offset=0,end=802816](main:@1) -> float_type, {1, 64, 56, 56}, {200704, 3136, 56, 1}
main:@39 = gpu::code_object[code_object=13632,symbol_name=add_clip_kernel,global=100352,local=1024,](main:@34,main:@37,main:@38) -> float_type, {1, 64, 56, 56}, {200704, 3136, 56, 1}
main:@40 = load[offset=0,end=0](main:@1) -> int8_type, {0}, {1}
main:@41 = load[offset=3211264,end=4816896](main:@1) -> float_type, {1, 128, 56, 56}, {401408, 3136, 56, 1}
main:@42 = gpu::convolution[op={padding={0, 0, 0, 0},stride={1, 1},dilation={1, 1},group=1,padding_mode=0},solution_object={binary_object: 470},algo=0,int8_x4_format=0,solution_id=0](main:@39,main:@36,main:@40,main:@41) -> float_type, {1, 128, 56, 56}, {401408, 3136, 56, 1}
main:@43 = hip::hip_copy_literal[id=main:@literal:40] -> float_type, {128, 1, 3, 3}, {9, 9, 3, 1}
main:@44 = hip::hip_copy_literal[id=main:@literal:38] -> float_type, {128, 1, 1}, {1, 1, 1}
main:@45 = multibroadcast[out_lens={1, 128, 56, 56},out_dyn_dims={}](main:@44) -> float_type, {1, 128, 56, 56}, {0, 1, 0, 0}
main:@46 = load[offset=1605632,end=3211264](main:@1) -> float_type, {1, 128, 56, 56}, {401408, 3136, 56, 1}
main:@47 = gpu::code_object[code_object=13632,symbol_name=add_clip_kernel,global=200704,local=1024,](main:@42,main:@45,main:@46) -> float_type, {1, 128, 56, 56}, {401408, 3136, 56, 1}
main:@48 = load[offset=0,end=0](main:@1) -> int8_type, {0}, {1}
main:@49 = load[offset=4014080,end=5619712](main:@1) -> float_type, {1, 128, 56, 56}, {401408, 3136, 56, 1}
main:@50 = gpu::convolution[op={padding={1, 1, 1, 1},stride={1, 1},dilation={1, 1},group=128,padding_mode=0},solution_object={binary_object: 451},algo=0,int8_x4_format=0,solution_id=0](main:@47,main:@43,main:@48,main:@49) -> float_type, {1, 128, 56, 56}, {401408, 3136, 56, 1}
main:@51 = hip::hip_copy_literal[id=main:@literal:11] -> float_type, {128, 128, 1, 1}, {128, 1, 1, 1}
main:@52 = hip::hip_copy_literal[id=main:@literal:37] -> float_type, {128, 1, 1}, {1, 1, 1}
main:@53 = load[offset=1605632,end=3211264](main:@1) -> float_type, {1, 128, 56, 56}, {401408, 3136, 56, 1}
main:@54 = multibroadcast[out_lens={1, 128, 56, 56},out_dyn_dims={}](main:@52) -> float_type, {1, 128, 56, 56}, {0, 1, 0, 0}
main:@55 = gpu::code_object[code_object=13632,symbol_name=add_clip_kernel,global=200704,local=1024,](main:@50,main:@54,main:@53) -> float_type, {1, 128, 56, 56}, {401408, 3136, 56, 1}
main:@56 = load[offset=0,end=0](main:@1) -> int8_type, {0}, {1}
main:@57 = load[offset=0,end=1605632](main:@1) -> float_type, {1, 128, 56, 56}, {401408, 3136, 56, 1}
main:@58 = gpu::convolution[op={padding={0, 0, 0, 0},stride={1, 1},dilation={1, 1},group=1,padding_mode=0},solution_object={binary_object: 473},algo=0,int8_x4_format=0,solution_id=0](main:@55,main:@51,main:@56,main:@57) -> float_type, {1, 128, 56, 56}, {401408, 3136, 56, 1}
main:@59 = hip::hip_copy_literal[id=main:@literal:24] -> float_type, {128, 1, 1}, {1, 1, 1}
main:@60 = hip::hip_copy_literal[id=main:@literal:30] -> float_type, {128, 1, 3, 3}, {9, 9, 3, 1}
main:@61 = multibroadcast[out_lens={1, 128, 56, 56},out_dyn_dims={}](main:@59) -> float_type, {1, 128, 56, 56}, {0, 1, 0, 0}
main:@62 = load[offset=3269120,end=4874752](main:@1) -> float_type, {1, 128, 56, 56}, {401408, 3136, 56, 1}
main:@63 = gpu::code_object[code_object=13632,symbol_name=add_clip_kernel,global=200704,local=1024,](main:@58,main:@61,main:@62) -> float_type, {1, 128, 56, 56}, {401408, 3136, 56, 1}
main:@64 = load[offset=1605632,end=3269120](main:@1) -> float_type, {1, 128, 57, 57}, {415872, 3249, 57, 1}
main:@65 = gpu::code_object[code_object=13624,symbol_name=pad_kernel,global=307200,local=1024,](main:@63,main:@64) -> float_type, {1, 128, 57, 57}, {415872, 3249, 57, 1}
main:@66 = load[offset=0,end=0](main:@1) -> int8_type, {0}, {1}
main:@67 = load[offset=802816,end=1204224](main:@1) -> float_type, {1, 128, 28, 28}, {100352, 784, 28, 1}
main:@68 = gpu::convolution[op={padding={0, 0, 0, 0},stride={2, 2},dilation={1, 1},group=128,padding_mode=0},solution_object={binary_object: 450},algo=0,int8_x4_format=0,solution_id=0](main:@65,main:@60,main:@66,main:@67) -> float_type, {1, 128, 28, 28}, {100352, 784, 28, 1}
main:@69 = hip::hip_copy_literal[id=main:@literal:23] -> float_type, {128, 1, 1}, {1, 1, 1}
main:@70 = hip::hip_copy_literal[id=main:@literal:9] -> float_type, {256, 128, 1, 1}, {128, 1, 1, 1}
main:@71 = multibroadcast[out_lens={1, 128, 28, 28},out_dyn_dims={}](main:@69) -> float_type, {1, 128, 28, 28}, {0, 1, 0, 0}
main:@72 = load[offset=401408,end=802816](main:@1) -> float_type, {1, 128, 28, 28}, {100352, 784, 28, 1}
main:@73 = gpu::code_object[code_object=13632,symbol_name=add_clip_kernel,global=50176,local=1024,](main:@68,main:@71,main:@72) -> float_type, {1, 128, 28, 28}, {100352, 784, 28, 1}
main:@74 = load[offset=0,end=0](main:@1) -> int8_type, {0}, {1}
main:@75 = load[offset=1605632,end=2408448](main:@1) -> float_type, {1, 256, 28, 28}, {200704, 784, 28, 1}
main:@76 = gpu::convolution[op={padding={0, 0, 0, 0},stride={1, 1},dilation={1, 1},group=1,padding_mode=0},solution_object={binary_object: 458},algo=0,int8_x4_format=0,solution_id=0](main:@73,main:@70,main:@74,main:@75) -> float_type, {1, 256, 28, 28}, {200704, 784, 28, 1}
main:@77 = hip::hip_copy_literal[id=main:@literal:20] -> float_type, {256, 1, 3, 3}, {9, 9, 3, 1}
main:@78 = hip::hip_copy_literal[id=main:@literal:32] -> float_type, {256, 1, 1}, {1, 1, 1}
main:@79 = multibroadcast[out_lens={1, 256, 28, 28},out_dyn_dims={}](main:@78) -> float_type, {1, 256, 28, 28}, {0, 1, 0, 0}
main:@80 = load[offset=802816,end=1605632](main:@1) -> float_type, {1, 256, 28, 28}, {200704, 784, 28, 1}
main:@81 = gpu::code_object[code_object=13632,symbol_name=add_clip_kernel,global=100352,local=1024,](main:@76,main:@79,main:@80) -> float_type, {1, 256, 28, 28}, {200704, 784, 28, 1}
main:@82 = load[offset=0,end=0](main:@1) -> int8_type, {0}, {1}
main:@83 = load[offset=2007040,end=2809856](main:@1) -> float_type, {1, 256, 28, 28}, {200704, 784, 28, 1}
main:@84 = gpu::convolution[op={padding={1, 1, 1, 1},stride={1, 1},dilation={1, 1},group=256,padding_mode=0},solution_object={binary_object: 455},algo=0,int8_x4_format=0,solution_id=0](main:@81,main:@77,main:@82,main:@83) -> float_type, {1, 256, 28, 28}, {200704, 784, 28, 1}
main:@85 = hip::hip_copy_literal[id=main:@literal:10] -> float_type, {256, 256, 1, 1}, {256, 1, 1, 1}
main:@86 = hip::hip_copy_literal[id=main:@literal:36] -> float_type, {256, 1, 1}, {1, 1, 1}
main:@87 = multibroadcast[out_lens={1, 256, 28, 28},out_dyn_dims={}](main:@86) -> float_type, {1, 256, 28, 28}, {0, 1, 0, 0}
main:@88 = load[offset=802816,end=1605632](main:@1) -> float_type, {1, 256, 28, 28}, {200704, 784, 28, 1}
main:@89 = gpu::code_object[code_object=13632,symbol_name=add_clip_kernel,global=100352,local=1024,](main:@84,main:@87,main:@88) -> float_type, {1, 256, 28, 28}, {200704, 784, 28, 1}
main:@90 = load[offset=0,end=0](main:@1) -> int8_type, {0}, {1}
main:@91 = load[offset=0,end=802816](main:@1) -> float_type, {1, 256, 28, 28}, {200704, 784, 28, 1}
main:@92 = gpu::convolution[op={padding={0, 0, 0, 0},stride={1, 1},dilation={1, 1},group=1,padding_mode=0},solution_object={binary_object: 461},algo=0,int8_x4_format=0,solution_id=0](main:@89,main:@85,main:@90,main:@91) -> float_type, {1, 256, 28, 28}, {200704, 784, 28, 1}
main:@93 = hip::hip_copy_literal[id=main:@literal:18] -> float_type, {256, 1, 1}, {1, 1, 1}
main:@94 = hip::hip_copy_literal[id=main:@literal:17] -> float_type, {256, 1, 3, 3}, {9, 9, 3, 1}
main:@95 = multibroadcast[out_lens={1, 256, 28, 28},out_dyn_dims={}](main:@93) -> float_type, {1, 256, 28, 28}, {0, 1, 0, 0}
main:@96 = load[offset=1664000,end=2466816](main:@1) -> float_type, {1, 256, 28, 28}, {200704, 784, 28, 1}
main:@97 = gpu::code_object[code_object=13632,symbol_name=add_clip_kernel,global=100352,local=1024,](main:@92,main:@95,main:@96) -> float_type, {1, 256, 28, 28}, {200704, 784, 28, 1}
main:@98 = load[offset=802816,end=1664000](main:@1) -> float_type, {1, 256, 29, 29}, {215296, 841, 29, 1}
main:@99 = gpu::code_object[code_object=13624,symbol_name=pad_kernel,global=215296,local=1024,](main:@97,main:@98) -> float_type, {1, 256, 29, 29}, {215296, 841, 29, 1}
main:@100 = load[offset=0,end=200704](main:@1) -> float_type, {1, 256, 14, 14}, {50176, 196, 14, 1}
main:@101 = load[offset=0,end=0](main:@1) -> int8_type, {0}, {1}
main:@102 = gpu::convolution[op={padding={0, 0, 0, 0},stride={2, 2},dilation={1, 1},group=256,padding_mode=0},solution_object={binary_object: 458},algo=0,int8_x4_format=0,solution_id=0](main:@99,main:@94,main:@101,main:@100) -> float_type, {1, 256, 14, 14}, {50176, 196, 14, 1}
main:@103 = hip::hip_copy_literal[id=main:@literal:5] -> float_type, {512, 256, 1, 1}, {256, 1, 1, 1}
main:@104 = hip::hip_copy_literal[id=main:@literal:16] -> float_type, {256, 1, 1}, {1, 1, 1}
main:@105 = multibroadcast[out_lens={1, 256, 14, 14},out_dyn_dims={}](main:@104) -> float_type, {1, 256, 14, 14}, {0, 1, 0, 0}
main:@106 = load[offset=401408,end=602112](main:@1) -> float_type, {1, 256, 14, 14}, {50176, 196, 14, 1}
main:@107 = gpu::code_object[code_object=13632,symbol_name=add_clip_kernel,global=25088,local=1024,](main:@102,main:@105,main:@106) -> float_type, {1, 256, 14, 14}, {50176, 196, 14, 1}
main:@108 = load[offset=0,end=0](main:@1) -> int8_type, {0}, {1}
main:@109 = load[offset=0,end=401408](main:@1) -> float_type, {1, 512, 14, 14}, {100352, 196, 14, 1}
main:@110 = gpu::convolution[op={padding={0, 0, 0, 0},stride={1, 1},dilation={1, 1},group=1,padding_mode=0},solution_object={binary_object: 495},algo=0,int8_x4_format=0,solution_id=0](main:@107,main:@103,main:@108,main:@109) -> float_type, {1, 512, 14, 14}, {100352, 196, 14, 1}
main:@111 = hip::hip_copy_literal[id=main:@literal:15] -> float_type, {512, 1, 1}, {1, 1, 1}
main:@112 = hip::hip_copy_literal[id=main:@literal:27] -> float_type, {512, 1, 3, 3}, {9, 9, 3, 1}
main:@113 = multibroadcast[out_lens={1, 512, 14, 14},out_dyn_dims={}](main:@111) -> float_type, {1, 512, 14, 14}, {0, 1, 0, 0}
main:@114 = load[offset=602112,end=1003520](main:@1) -> float_type, {1, 512, 14, 14}, {100352, 196, 14, 1}
main:@115 = gpu::code_object[code_object=13632,symbol_name=add_clip_kernel,global=50176,local=1024,](main:@110,main:@113,main:@114) -> float_type, {1, 512, 14, 14}, {100352, 196, 14, 1}
main:@116 = load[offset=0,end=0](main:@1) -> int8_type, {0}, {1}
main:@117 = load[offset=0,end=401408](main:@1) -> float_type, {1, 512, 14, 14}, {100352, 196, 14, 1}
main:@118 = gpu::convolution[op={padding={1, 1, 1, 1},stride={1, 1},dilation={1, 1},group=512,padding_mode=0},solution_object={binary_object: 452},algo=0,int8_x4_format=0,solution_id=0](main:@115,main:@112,main:@116,main:@117) -> float_type, {1, 512, 14, 14}, {100352, 196, 14, 1}
main:@119 = hip::hip_copy_literal[id=main:@literal:4] -> float_type, {512, 512, 1, 1}, {512, 1, 1, 1}
main:@120 = hip::hip_copy_literal[id=main:@literal:39] -> float_type, {512, 1, 1}, {1, 1, 1}
main:@121 = load[offset=802816,end=1204224](main:@1) -> float_type, {1, 512, 14, 14}, {100352, 196, 14, 1}
main:@122 = multibroadcast[out_lens={1, 512, 14, 14},out_dyn_dims={}](main:@120) -> float_type, {1, 512, 14, 14}, {0, 1, 0, 0}
main:@123 = gpu::code_object[code_object=13632,symbol_name=add_clip_kernel,global=50176,local=1024,](main:@118,main:@122,main:@121) -> float_type, {1, 512, 14, 14}, {100352, 196, 14, 1}
main:@124 = load[offset=0,end=0](main:@1) -> int8_type, {0}, {1}
main:@125 = load[offset=401408,end=802816](main:@1) -> float_type, {1, 512, 14, 14}, {100352, 196, 14, 1}
main:@126 = gpu::convolution[op={padding={0, 0, 0, 0},stride={1, 1},dilation={1, 1},group=1,padding_mode=0},solution_object={binary_object: 497},algo=0,int8_x4_format=0,solution_id=0](main:@123,main:@119,main:@124,main:@125) -> float_type, {1, 512, 14, 14}, {100352, 196, 14, 1}
main:@127 = hip::hip_copy_literal[id=main:@literal:41] -> float_type, {512, 1, 1}, {1, 1, 1}
main:@128 = hip::hip_copy_literal[id=main:@literal:42] -> float_type, {512, 1, 3, 3}, {9, 9, 3, 1}
main:@129 = load[offset=0,end=401408](main:@1) -> float_type, {1, 512, 14, 14}, {100352, 196, 14, 1}
main:@130 = multibroadcast[out_lens={1, 512, 14, 14},out_dyn_dims={}](main:@127) -> float_type, {1, 512, 14, 14}, {0, 1, 0, 0}
main:@131 = gpu::code_object[code_object=13632,symbol_name=add_clip_kernel,global=50176,local=1024,](main:@126,main:@130,main:@129) -> float_type, {1, 512, 14, 14}, {100352, 196, 14, 1}
main:@132 = load[offset=0,end=0](main:@1) -> int8_type, {0}, {1}
main:@133 = load[offset=802816,end=1204224](main:@1) -> float_type, {1, 512, 14, 14}, {100352, 196, 14, 1}
main:@134 = gpu::convolution[op={padding={1, 1, 1, 1},stride={1, 1},dilation={1, 1},group=512,padding_mode=0},solution_object={binary_object: 452},algo=0,int8_x4_format=0,solution_id=0](main:@131,main:@128,main:@132,main:@133) -> float_type, {1, 512, 14, 14}, {100352, 196, 14, 1}
main:@135 = hip::hip_copy_literal[id=main:@literal:3] -> float_type, {512, 512, 1, 1}, {512, 1, 1, 1}
main:@136 = hip::hip_copy_literal[id=main:@literal:43] -> float_type, {512, 1, 1}, {1, 1, 1}
main:@137 = load[offset=401408,end=802816](main:@1) -> float_type, {1, 512, 14, 14}, {100352, 196, 14, 1}
main:@138 = multibroadcast[out_lens={1, 512, 14, 14},out_dyn_dims={}](main:@136) -> float_type, {1, 512, 14, 14}, {0, 1, 0, 0}
main:@139 = gpu::code_object[code_object=13632,symbol_name=add_clip_kernel,global=50176,local=1024,](main:@134,main:@138,main:@137) -> float_type, {1, 512, 14, 14}, {100352, 196, 14, 1}
main:@140 = load[offset=0,end=0](main:@1) -> int8_type, {0}, {1}
main:@141 = load[offset=0,end=401408](main:@1) -> float_type, {1, 512, 14, 14}, {100352, 196, 14, 1}
main:@142 = gpu::convolution[op={padding={0, 0, 0, 0},stride={1, 1},dilation={1, 1},group=1,padding_mode=0},solution_object={binary_object: 497},algo=0,int8_x4_format=0,solution_id=0](main:@139,main:@135,main:@140,main:@141) -> float_type, {1, 512, 14, 14}, {100352, 196, 14, 1}
main:@143 = hip::hip_copy_literal[id=main:@literal:45] -> float_type, {512, 1, 3, 3}, {9, 9, 3, 1}
main:@144 = hip::hip_copy_literal[id=main:@literal:19] -> float_type, {512, 1, 1}, {1, 1, 1}
main:@145 = load[offset=802816,end=1204224](main:@1) -> float_type, {1, 512, 14, 14}, {100352, 196, 14, 1}
main:@146 = multibroadcast[out_lens={1, 512, 14, 14},out_dyn_dims={}](main:@144) -> float_type, {1, 512, 14, 14}, {0, 1, 0, 0}
main:@147 = gpu::code_object[code_object=13632,symbol_name=add_clip_kernel,global=50176,local=1024,](main:@142,main:@146,main:@145) -> float_type, {1, 512, 14, 14}, {100352, 196, 14, 1}
main:@148 = load[offset=0,end=0](main:@1) -> int8_type, {0}, {1}
main:@149 = load[offset=401408,end=802816](main:@1) -> float_type, {1, 512, 14, 14}, {100352, 196, 14, 1}
main:@150 = gpu::convolution[op={padding={1, 1, 1, 1},stride={1, 1},dilation={1, 1},group=512,padding_mode=0},solution_object={binary_object: 452},algo=0,int8_x4_format=0,solution_id=0](main:@147,main:@143,main:@148,main:@149) -> float_type, {1, 512, 14, 14}, {100352, 196, 14, 1}
main:@151 = hip::hip_copy_literal[id=main:@literal:31] -> float_type, {512, 1, 1}, {1, 1, 1}
main:@152 = hip::hip_copy_literal[id=main:@literal:2] -> float_type, {512, 512, 1, 1}, {512, 1, 1, 1}
main:@153 = load[offset=0,end=401408](main:@1) -> float_type, {1, 512, 14, 14}, {100352, 196, 14, 1}
main:@154 = multibroadcast[out_lens={1, 512, 14, 14},out_dyn_dims={}](main:@151) -> float_type, {1, 512, 14, 14}, {0, 1, 0, 0}
main:@155 = gpu::code_object[code_object=13632,symbol_name=add_clip_kernel,global=50176,local=1024,](main:@150,main:@154,main:@153) -> float_type, {1, 512, 14, 14}, {100352, 196, 14, 1}
main:@156 = load[offset=0,end=0](main:@1) -> int8_type, {0}, {1}
main:@157 = load[offset=802816,end=1204224](main:@1) -> float_type, {1, 512, 14, 14}, {100352, 196, 14, 1}
main:@158 = gpu::convolution[op={padding={0, 0, 0, 0},stride={1, 1},dilation={1, 1},group=1,padding_mode=0},solution_object={binary_object: 497},algo=0,int8_x4_format=0,solution_id=0](main:@155,main:@152,main:@156,main:@157) -> float_type, {1, 512, 14, 14}, {100352, 196, 14, 1}
main:@159 = hip::hip_copy_literal[id=main:@literal:47] -> float_type, {512, 1, 3, 3}, {9, 9, 3, 1}
main:@160 = hip::hip_copy_literal[id=main:@literal:25] -> float_type, {512, 1, 1}, {1, 1, 1}
main:@161 = load[offset=401408,end=802816](main:@1) -> float_type, {1, 512, 14, 14}, {100352, 196, 14, 1}
main:@162 = multibroadcast[out_lens={1, 512, 14, 14},out_dyn_dims={}](main:@160) -> float_type, {1, 512, 14, 14}, {0, 1, 0, 0}
main:@163 = gpu::code_object[code_object=13632,symbol_name=add_clip_kernel,global=50176,local=1024,](main:@158,main:@162,main:@161) -> float_type, {1, 512, 14, 14}, {100352, 196, 14, 1}
main:@164 = load[offset=0,end=0](main:@1) -> int8_type, {0}, {1}
main:@165 = load[offset=0,end=401408](main:@1) -> float_type, {1, 512, 14, 14}, {100352, 196, 14, 1}
main:@166 = gpu::convolution[op={padding={1, 1, 1, 1},stride={1, 1},dilation={1, 1},group=512,padding_mode=0},solution_object={binary_object: 452},algo=0,int8_x4_format=0,solution_id=0](main:@163,main:@159,main:@164,main:@165) -> float_type, {1, 512, 14, 14}, {100352, 196, 14, 1}
main:@167 = hip::hip_copy_literal[id=main:@literal:1] -> float_type, {512, 512, 1, 1}, {512, 1, 1, 1}
main:@168 = hip::hip_copy_literal[id=main:@literal:48] -> float_type, {512, 1, 1}, {1, 1, 1}
main:@169 = load[offset=802816,end=1204224](main:@1) -> float_type, {1, 512, 14, 14}, {100352, 196, 14, 1}
main:@170 = multibroadcast[out_lens={1, 512, 14, 14},out_dyn_dims={}](main:@168) -> float_type, {1, 512, 14, 14}, {0, 1, 0, 0}
main:@171 = gpu::code_object[code_object=13632,symbol_name=add_clip_kernel,global=50176,local=1024,](main:@166,main:@170,main:@169) -> float_type, {1, 512, 14, 14}, {100352, 196, 14, 1}
main:@172 = load[offset=0,end=0](main:@1) -> int8_type, {0}, {1}
main:@173 = load[offset=401408,end=802816](main:@1) -> float_type, {1, 512, 14, 14}, {100352, 196, 14, 1}
main:@174 = gpu::convolution[op={padding={0, 0, 0, 0},stride={1, 1},dilation={1, 1},group=1,padding_mode=0},solution_object={binary_object: 497},algo=0,int8_x4_format=0,solution_id=0](main:@171,main:@167,main:@172,main:@173) -> float_type, {1, 512, 14, 14}, {100352, 196, 14, 1}
main:@175 = hip::hip_copy_literal[id=main:@literal:55] -> float_type, {1001}, {1}
main:@176 = hip::hip_copy_literal[id=main:@literal:14] -> float_type, {1001, 1024, 1, 1}, {1024, 1, 1, 1}
main:@177 = hip::hip_copy_literal[id=main:@literal:7] -> float_type, {1024, 1024, 1, 1}, {1024, 1, 1, 1}
main:@178 = hip::hip_copy_literal[id=main:@literal:0] -> float_type, {1024, 512, 1, 1}, {512, 1, 1, 1}
main:@179 = hip::hip_copy_literal[id=main:@literal:49] -> float_type, {512, 1, 1}, {1, 1, 1}
main:@180 = hip::hip_copy_literal[id=main:@literal:46] -> float_type, {512, 1, 1}, {1, 1, 1}
main:@181 = hip::hip_copy_literal[id=main:@literal:44] -> float_type, {512, 1, 1}, {1, 1, 1}
main:@182 = hip::hip_copy_literal[id=main:@literal:53] -> float_type, {1024, 1, 1}, {1, 1, 1}
main:@183 = hip::hip_copy_literal[id=main:@literal:52] -> float_type, {512, 1, 3, 3}, {9, 9, 3, 1}
main:@184 = hip::hip_copy_literal[id=main:@literal:8] -> float_type, {512, 512, 1, 1}, {512, 1, 1, 1}
main:@185 = hip::hip_copy_literal[id=main:@literal:54] -> float_type, {1024, 1, 1}, {1, 1, 1}
main:@186 = hip::hip_copy_literal[id=main:@literal:35] -> float_type, {512, 1, 1}, {1, 1, 1}
main:@187 = hip::hip_copy_literal[id=main:@literal:51] -> float_type, {1024, 1, 3, 3}, {9, 9, 3, 1}
main:@188 = hip::hip_copy_literal[id=main:@literal:21] -> float_type, {512, 1, 3, 3}, {9, 9, 3, 1}
main:@189 = hip::hip_copy_literal[id=main:@literal:50] -> float_type, {1024, 1, 1}, {1, 1, 1}
main:@190 = load[offset=0,end=401408](main:@1) -> float_type, {1, 512, 14, 14}, {100352, 196, 14, 1}
main:@191 = multibroadcast[out_lens={1, 512, 14, 14},out_dyn_dims={}](main:@179) -> float_type, {1, 512, 14, 14}, {0, 1, 0, 0}
main:@192 = gpu::code_object[code_object=13632,symbol_name=add_clip_kernel,global=50176,local=1024,](main:@174,main:@191,main:@190) -> float_type, {1, 512, 14, 14}, {100352, 196, 14, 1}
main:@193 = load[offset=0,end=0](main:@1) -> int8_type, {0}, {1}
main:@194 = load[offset=802816,end=1204224](main:@1) -> float_type, {1, 512, 14, 14}, {100352, 196, 14, 1}
main:@195 = gpu::convolution[op={padding={1, 1, 1, 1},stride={1, 1},dilation={1, 1},group=512,padding_mode=0},solution_object={binary_object: 452},algo=0,int8_x4_format=0,solution_id=0](main:@192,main:@188,main:@193,main:@194) -> float_type, {1, 512, 14, 14}, {100352, 196, 14, 1}
main:@196 = multibroadcast[out_lens={1, 512, 14, 14},out_dyn_dims={}](main:@186) -> float_type, {1, 512, 14, 14}, {0, 1, 0, 0}
main:@197 = load[offset=401408,end=802816](main:@1) -> float_type, {1, 512, 14, 14}, {100352, 196, 14, 1}
main:@198 = gpu::code_object[code_object=13632,symbol_name=add_clip_kernel,global=50176,local=1024,](main:@195,main:@196,main:@197) -> float_type, {1, 512, 14, 14}, {100352, 196, 14, 1}
main:@199 = load[offset=0,end=0](main:@1) -> int8_type, {0}, {1}
main:@200 = load[offset=0,end=401408](main:@1) -> float_type, {1, 512, 14, 14}, {100352, 196, 14, 1}
main:@201 = gpu::convolution[op={padding={0, 0, 0, 0},stride={1, 1},dilation={1, 1},group=1,padding_mode=0},solution_object={binary_object: 497},algo=0,int8_x4_format=0,solution_id=0](main:@198,main:@184,main:@199,main:@200) -> float_type, {1, 512, 14, 14}, {100352, 196, 14, 1}
main:@202 = load[offset=862208,end=1263616](main:@1) -> float_type, {1, 512, 14, 14}, {100352, 196, 14, 1}
main:@203 = multibroadcast[out_lens={1, 512, 14, 14},out_dyn_dims={}](main:@180) -> float_type, {1, 512, 14, 14}, {0, 1, 0, 0}
main:@204 = gpu::code_object[code_object=13632,symbol_name=add_clip_kernel,global=50176,local=1024,](main:@201,main:@203,main:@202) -> float_type, {1, 512, 14, 14}, {100352, 196, 14, 1}
main:@205 = load[offset=401408,end=862208](main:@1) -> float_type, {1, 512, 15, 15}, {115200, 225, 15, 1}
main:@206 = gpu::code_object[code_object=13624,symbol_name=pad_kernel,global=115200,local=1024,](main:@204,main:@205) -> float_type, {1, 512, 15, 15}, {115200, 225, 15, 1}
main:@207 = load[offset=0,end=0](main:@1) -> int8_type, {0}, {1}
main:@208 = load[offset=0,end=100352](main:@1) -> float_type, {1, 512, 7, 7}, {25088, 49, 7, 1}
main:@209 = gpu::convolution[op={padding={0, 0, 0, 0},stride={2, 2},dilation={1, 1},group=512,padding_mode=0},solution_object={binary_object: 492},algo=0,int8_x4_format=0,solution_id=0](main:@206,main:@183,main:@207,main:@208) -> float_type, {1, 512, 7, 7}, {25088, 49, 7, 1}
main:@210 = load[offset=200704,end=301056](main:@1) -> float_type, {1, 512, 7, 7}, {25088, 49, 7, 1}
main:@211 = multibroadcast[out_lens={1, 512, 7, 7},out_dyn_dims={}](main:@181) -> float_type, {1, 512, 7, 7}, {0, 1, 0, 0}
main:@212 = gpu::code_object[code_object=13632,symbol_name=add_clip_kernel,global=25088,local=1024,](main:@209,main:@211,main:@210) -> float_type, {1, 512, 7, 7}, {25088, 49, 7, 1}
main:@213 = load[offset=0,end=0](main:@1) -> int8_type, {0}, {1}
main:@214 = load[offset=0,end=200704](main:@1) -> float_type, {1, 1024, 7, 7}, {50176, 49, 7, 1}
main:@215 = gpu::convolution[op={padding={0, 0, 0, 0},stride={1, 1},dilation={1, 1},group=1,padding_mode=0},solution_object={binary_object: 491},algo=0,int8_x4_format=0,solution_id=0](main:@212,main:@178,main:@213,main:@214) -> float_type, {1, 1024, 7, 7}, {50176, 49, 7, 1}
main:@216 = load[offset=301056,end=501760](main:@1) -> float_type, {1, 1024, 7, 7}, {50176, 49, 7, 1}
main:@217 = multibroadcast[out_lens={1, 1024, 7, 7},out_dyn_dims={}](main:@189) -> float_type, {1, 1024, 7, 7}, {0, 1, 0, 0}
main:@218 = gpu::code_object[code_object=13632,symbol_name=add_clip_kernel,global=50176,local=1024,](main:@215,main:@217,main:@216) -> float_type, {1, 1024, 7, 7}, {50176, 49, 7, 1}
main:@219 = load[offset=0,end=0](main:@1) -> int8_type, {0}, {1}
main:@220 = load[offset=0,end=200704](main:@1) -> float_type, {1, 1024, 7, 7}, {50176, 49, 7, 1}
main:@221 = gpu::convolution[op={padding={1, 1, 1, 1},stride={1, 1},dilation={1, 1},group=1024,padding_mode=0},solution_object={binary_object: 443},algo=0,int8_x4_format=0,solution_id=0](main:@218,main:@187,main:@219,main:@220) -> float_type, {1, 1024, 7, 7}, {50176, 49, 7, 1}
main:@222 = load[offset=405504,end=606208](main:@1) -> float_type, {1, 1024, 7, 7}, {50176, 49, 7, 1}
main:@223 = multibroadcast[out_lens={1, 1024, 7, 7},out_dyn_dims={}](main:@182) -> float_type, {1, 1024, 7, 7}, {0, 1, 0, 0}
main:@224 = gpu::code_object[code_object=13632,symbol_name=add_clip_kernel,global=50176,local=1024,](main:@221,main:@223,main:@222) -> float_type, {1, 1024, 7, 7}, {50176, 49, 7, 1}
main:@225 = load[offset=0,end=0](main:@1) -> int8_type, {0}, {1}
main:@226 = load[offset=204800,end=405504](main:@1) -> float_type, {1, 1024, 7, 7}, {50176, 49, 7, 1}
main:@227 = gpu::convolution[op={padding={0, 0, 0, 0},stride={1, 1},dilation={1, 1},group=1,padding_mode=0},solution_object={binary_object: 439},algo=0,int8_x4_format=0,solution_id=0](main:@224,main:@177,main:@225,main:@226) -> float_type, {1, 1024, 7, 7}, {50176, 49, 7, 1}
main:@228 = load[offset=4096,end=204800](main:@1) -> float_type, {1, 1024, 7, 7}, {50176, 49, 7, 1}
main:@229 = multibroadcast[out_lens={1, 1024, 7, 7},out_dyn_dims={}](main:@185) -> float_type, {1, 1024, 7, 7}, {0, 1, 0, 0}
main:@230 = gpu::code_object[code_object=13632,symbol_name=add_clip_kernel,global=50176,local=1024,](main:@227,main:@229,main:@228) -> float_type, {1, 1024, 7, 7}, {50176, 49, 7, 1}
main:@231 = load[offset=204800,end=208896](main:@1) -> float_type, {1, 1024, 1, 1}, {1024, 1, 1, 1}
main:@232 = gpu::pooling[mode=average,padding={0, 0, 0, 0},stride={2, 2},lengths={7, 7},ceil_mode=0,lp_order=2,dyn_global=0](main:@230,main:@231) -> float_type, {1, 1024, 1, 1}, {1024, 1, 1, 1}
main:@233 = load[offset=0,end=0](main:@1) -> int8_type, {0}, {1}
main:@234 = load[offset=4016,end=8020](main:@1) -> float_type, {1, 1001, 1, 1}, {1001, 1, 1, 1}
main:@235 = gpu::convolution[op={padding={0, 0, 0, 0},stride={1, 1},dilation={1, 1},group=1,padding_mode=0},solution_object={binary_object: 548},algo=0,int8_x4_format=0,solution_id=0](main:@232,main:@176,main:@233,main:@234) -> float_type, {1, 1001, 1, 1}, {1001, 1, 1, 1}
main:@236 = broadcast[axis=1,out_lens={1, 1001, 1, 1}](main:@175) -> float_type, {1, 1001, 1, 1}, {0, 1, 0, 0}
main:@237 = load[offset=8032,end=12036](main:@1) -> float_type, {1, 1001, 1, 1}, {1001, 1, 1, 1}
main:@238 = gpu::code_object[code_object=13624,symbol_name=add_kernel,global=1001,local=1024,](main:@235,main:@236,main:@237) -> float_type, {1, 1001, 1, 1}, {1001, 1, 1, 1}
main:#output_0 = @param:main:#output_0 -> float_type, {1, 1001}, {1001, 1}
main:@240 = transpose[permutation={0, 2, 3, 1}](main:@238) -> float_type, {1, 1, 1, 1001}, {1001, 1, 1, 1}
main:@241 = squeeze[axes={1, 2}](main:@240) -> float_type, {1, 1001}, {1001, 1}
main:@242 = gpu::code_object[code_object=13632,symbol_name=softmax_kernel,global=256,local=256,](main:@241,main:#output_0) -> float_type, {1, 1001}, {1001, 1}
main:@243 = @return(main:@242)


Allocating params ... 
Running performance report ... 
main:@0 = check_context::migraphx::gpu::context  -> float_type, {}, {}: 0.00100518ms, 1%
main:@1 = hip::hip_allocate_memory[shape=int8_type, {6480128}, {1},id=main:scratch] -> int8_type, {6480128}, {1}: 0.0009255ms, 1%
main:@2 = hip::hip_copy_literal[id=main:@literal:13] -> float_type, {32, 3, 3, 3}, {27, 9, 3, 1}: 0.0008441ms, 1%
main:@3 = load[offset=1605632,end=2213132](main:@1) -> float_type, {1, 3, 225, 225}, {151875, 50625, 225, 1}: 0.00065004ms, 1%
input = @param:input -> float_type, {1, 3, 224, 224}, {150528, 50176, 224, 1}: 0.00044932ms, 1%
main:@5 = gpu::code_object[code_object=13624,symbol_name=pad_kernel,global=151875,local=1024,](input,main:@3) -> float_type, {1, 3, 225, 225}, {151875, 50625, 225, 1}: 0.0209144ms, 2%
main:@6 = load[offset=0,end=1605632](main:@1) -> float_type, {1, 32, 112, 112}, {401408, 12544, 112, 1}: 0.0007604ms, 1%
main:@7 = load[offset=0,end=0](main:@1) -> int8_type, {0}, {1}: 0.0006086ms, 1%
main:@8 = gpu::convolution[op={padding={0, 0, 0, 0},stride={2, 2},dilation={1, 1},group=1,padding_mode=0},solution_object={binary_object: 492},algo=0,int8_x4_format=0,solution_id=0](main:@5,main:@2,main:@7,main:@6) -> float_type, {1, 32, 112, 112}, {401408, 12544, 112, 1}: 0.0320786ms, 2%
main:@9 = hip::hip_copy_literal[id=main:@literal:28] -> float_type, {32, 1, 1}, {1, 1, 1}: 0.00084544ms, 1%
main:@10 = hip::hip_copy_literal[id=main:@literal:26] -> float_type, {32, 1, 3, 3}, {9, 9, 3, 1}: 0.00062296ms, 1%
main:@11 = load[offset=2213136,end=3818768](main:@1) -> float_type, {1, 32, 112, 112}, {401408, 12544, 112, 1}: 0.00070822ms, 1%
main:@12 = multibroadcast[out_lens={1, 32, 112, 112},out_dyn_dims={}](main:@9) -> float_type, {1, 32, 112, 112}, {0, 1, 0, 0}: 0.00118844ms, 1%
main:@13 = gpu::code_object[code_object=13632,symbol_name=add_clip_kernel,global=200704,local=1024,](main:@8,main:@12,main:@11) -> float_type, {1, 32, 112, 112}, {401408, 12544, 112, 1}: 0.0204743ms, 2%
main:@14 = load[offset=0,end=0](main:@1) -> int8_type, {0}, {1}: 0.0007651ms, 1%
main:@15 = load[offset=0,end=1605632](main:@1) -> float_type, {1, 32, 112, 112}, {401408, 12544, 112, 1}: 0.00060724ms, 1%
main:@16 = gpu::convolution[op={padding={1, 1, 1, 1},stride={1, 1},dilation={1, 1},group=32,padding_mode=0},solution_object={binary_object: 447},algo=0,int8_x4_format=0,solution_id=0](main:@13,main:@10,main:@14,main:@15) -> float_type, {1, 32, 112, 112}, {401408, 12544, 112, 1}: 0.0300571ms, 2%
main:@17 = hip::hip_copy_literal[id=main:@literal:22] -> float_type, {32, 1, 1}, {1, 1, 1}: 0.0007891ms, 1%
main:@18 = hip::hip_copy_literal[id=main:@literal:12] -> float_type, {64, 32, 1, 1}, {32, 1, 1, 1}: 0.00058354ms, 1%
main:@19 = multibroadcast[out_lens={1, 32, 112, 112},out_dyn_dims={}](main:@17) -> float_type, {1, 32, 112, 112}, {0, 1, 0, 0}: 0.00102482ms, 1%
main:@20 = load[offset=3211264,end=4816896](main:@1) -> float_type, {1, 32, 112, 112}, {401408, 12544, 112, 1}: 0.00066624ms, 1%
main:@21 = gpu::code_object[code_object=13632,symbol_name=add_clip_kernel,global=200704,local=1024,](main:@16,main:@19,main:@20) -> float_type, {1, 32, 112, 112}, {401408, 12544, 112, 1}: 0.0208464ms, 2%
main:@22 = load[offset=0,end=0](main:@1) -> int8_type, {0}, {1}: 0.00076462ms, 1%
main:@23 = load[offset=0,end=3211264](main:@1) -> float_type, {1, 64, 112, 112}, {802816, 12544, 112, 1}: 0.00061006ms, 1%
main:@24 = gpu::convolution[op={padding={0, 0, 0, 0},stride={1, 1},dilation={1, 1},group=1,padding_mode=0},solution_object={binary_object: 468},algo=0,int8_x4_format=0,solution_id=0](main:@21,main:@18,main:@22,main:@23) -> float_type, {1, 64, 112, 112}, {802816, 12544, 112, 1}: 0.0298442ms, 2%
main:@25 = hip::hip_copy_literal[id=main:@literal:29] -> float_type, {64, 1, 1}, {1, 1, 1}: 0.00079022ms, 1%
main:@26 = hip::hip_copy_literal[id=main:@literal:33] -> float_type, {64, 1, 3, 3}, {9, 9, 3, 1}: 0.00057626ms, 1%
main:@27 = multibroadcast[out_lens={1, 64, 112, 112},out_dyn_dims={}](main:@25) -> float_type, {1, 64, 112, 112}, {0, 1, 0, 0}: 0.00100026ms, 1%
main:@28 = load[offset=3268864,end=6480128](main:@1) -> float_type, {1, 64, 112, 112}, {802816, 12544, 112, 1}: 0.00065658ms, 1%
main:@29 = gpu::code_object[code_object=13632,symbol_name=add_clip_kernel,global=401408,local=1024,](main:@24,main:@27,main:@28) -> float_type, {1, 64, 112, 112}, {802816, 12544, 112, 1}: 0.0240882ms, 2%
main:@30 = load[offset=0,end=3268864](main:@1) -> float_type, {1, 64, 113, 113}, {817216, 12769, 113, 1}: 0.00076152ms, 1%
main:@31 = gpu::code_object[code_object=13624,symbol_name=pad_kernel,global=307200,local=1024,](main:@29,main:@30) -> float_type, {1, 64, 113, 113}, {817216, 12769, 113, 1}: 0.0242926ms, 2%
main:@32 = load[offset=0,end=0](main:@1) -> int8_type, {0}, {1}: 0.00076344ms, 1%
main:@33 = load[offset=3268864,end=4071680](main:@1) -> float_type, {1, 64, 56, 56}, {200704, 3136, 56, 1}: 0.0006047ms, 1%
main:@34 = gpu::convolution[op={padding={0, 0, 0, 0},stride={2, 2},dilation={1, 1},group=64,padding_mode=0},solution_object={binary_object: 446},algo=0,int8_x4_format=0,solution_id=0](main:@31,main:@26,main:@32,main:@33) -> float_type, {1, 64, 56, 56}, {200704, 3136, 56, 1}: 0.0316237ms, 2%
main:@35 = hip::hip_copy_literal[id=main:@literal:34] -> float_type, {64, 1, 1}, {1, 1, 1}: 0.0007892ms, 1%
main:@36 = hip::hip_copy_literal[id=main:@literal:6] -> float_type, {128, 64, 1, 1}, {64, 1, 1, 1}: 0.00057626ms, 1%
main:@37 = multibroadcast[out_lens={1, 64, 56, 56},out_dyn_dims={}](main:@35) -> float_type, {1, 64, 56, 56}, {0, 1, 0, 0}: 0.00097466ms, 1%
main:@38 = load[offset=0,end=802816](main:@1) -> float_type, {1, 64, 56, 56}, {200704, 3136, 56, 1}: 0.0006545ms, 1%
main:@39 = gpu::code_object[code_object=13632,symbol_name=add_clip_kernel,global=100352,local=1024,](main:@34,main:@37,main:@38) -> float_type, {1, 64, 56, 56}, {200704, 3136, 56, 1}: 0.0191714ms, 2%
main:@40 = load[offset=0,end=0](main:@1) -> int8_type, {0}, {1}: 0.000779ms, 1%
main:@41 = load[offset=3211264,end=4816896](main:@1) -> float_type, {1, 128, 56, 56}, {401408, 3136, 56, 1}: 0.00061596ms, 1%
main:@42 = gpu::convolution[op={padding={0, 0, 0, 0},stride={1, 1},dilation={1, 1},group=1,padding_mode=0},solution_object={binary_object: 470},algo=0,int8_x4_format=0,solution_id=0](main:@39,main:@36,main:@40,main:@41) -> float_type, {1, 128, 56, 56}, {401408, 3136, 56, 1}: 0.0276533ms, 2%
main:@43 = hip::hip_copy_literal[id=main:@literal:40] -> float_type, {128, 1, 3, 3}, {9, 9, 3, 1}: 0.000763ms, 1%
main:@44 = hip::hip_copy_literal[id=main:@literal:38] -> float_type, {128, 1, 1}, {1, 1, 1}: 0.00057238ms, 1%
main:@45 = multibroadcast[out_lens={1, 128, 56, 56},out_dyn_dims={}](main:@44) -> float_type, {1, 128, 56, 56}, {0, 1, 0, 0}: 0.00096886ms, 1%
main:@46 = load[offset=1605632,end=3211264](main:@1) -> float_type, {1, 128, 56, 56}, {401408, 3136, 56, 1}: 0.00066002ms, 1%
main:@47 = gpu::code_object[code_object=13632,symbol_name=add_clip_kernel,global=200704,local=1024,](main:@42,main:@45,main:@46) -> float_type, {1, 128, 56, 56}, {401408, 3136, 56, 1}: 0.0208663ms, 2%
main:@48 = load[offset=0,end=0](main:@1) -> int8_type, {0}, {1}: 0.00076628ms, 1%
main:@49 = load[offset=4014080,end=5619712](main:@1) -> float_type, {1, 128, 56, 56}, {401408, 3136, 56, 1}: 0.00061962ms, 1%
main:@50 = gpu::convolution[op={padding={1, 1, 1, 1},stride={1, 1},dilation={1, 1},group=128,padding_mode=0},solution_object={binary_object: 451},algo=0,int8_x4_format=0,solution_id=0](main:@47,main:@43,main:@48,main:@49) -> float_type, {1, 128, 56, 56}, {401408, 3136, 56, 1}: 0.0305434ms, 2%
main:@51 = hip::hip_copy_literal[id=main:@literal:11] -> float_type, {128, 128, 1, 1}, {128, 1, 1, 1}: 0.00079348ms, 1%
main:@52 = hip::hip_copy_literal[id=main:@literal:37] -> float_type, {128, 1, 1}, {1, 1, 1}: 0.00061044ms, 1%
main:@53 = load[offset=1605632,end=3211264](main:@1) -> float_type, {1, 128, 56, 56}, {401408, 3136, 56, 1}: 0.00071076ms, 1%
main:@54 = multibroadcast[out_lens={1, 128, 56, 56},out_dyn_dims={}](main:@52) -> float_type, {1, 128, 56, 56}, {0, 1, 0, 0}: 0.0009465ms, 1%
main:@55 = gpu::code_object[code_object=13632,symbol_name=add_clip_kernel,global=200704,local=1024,](main:@50,main:@54,main:@53) -> float_type, {1, 128, 56, 56}, {401408, 3136, 56, 1}: 0.0208807ms, 2%
main:@56 = load[offset=0,end=0](main:@1) -> int8_type, {0}, {1}: 0.00075968ms, 1%
main:@57 = load[offset=0,end=1605632](main:@1) -> float_type, {1, 128, 56, 56}, {401408, 3136, 56, 1}: 0.00062652ms, 1%
main:@58 = gpu::convolution[op={padding={0, 0, 0, 0},stride={1, 1},dilation={1, 1},group=1,padding_mode=0},solution_object={binary_object: 473},algo=0,int8_x4_format=0,solution_id=0](main:@55,main:@51,main:@56,main:@57) -> float_type, {1, 128, 56, 56}, {401408, 3136, 56, 1}: 0.0319813ms, 2%
main:@59 = hip::hip_copy_literal[id=main:@literal:24] -> float_type, {128, 1, 1}, {1, 1, 1}: 0.00078098ms, 1%
main:@60 = hip::hip_copy_literal[id=main:@literal:30] -> float_type, {128, 1, 3, 3}, {9, 9, 3, 1}: 0.00059526ms, 1%
main:@61 = multibroadcast[out_lens={1, 128, 56, 56},out_dyn_dims={}](main:@59) -> float_type, {1, 128, 56, 56}, {0, 1, 0, 0}: 0.00096578ms, 1%
main:@62 = load[offset=3269120,end=4874752](main:@1) -> float_type, {1, 128, 56, 56}, {401408, 3136, 56, 1}: 0.0006829ms, 1%
main:@63 = gpu::code_object[code_object=13632,symbol_name=add_clip_kernel,global=200704,local=1024,](main:@58,main:@61,main:@62) -> float_type, {1, 128, 56, 56}, {401408, 3136, 56, 1}: 0.0201863ms, 2%
main:@64 = load[offset=1605632,end=3269120](main:@1) -> float_type, {1, 128, 57, 57}, {415872, 3249, 57, 1}: 0.00078816ms, 1%
main:@65 = gpu::code_object[code_object=13624,symbol_name=pad_kernel,global=307200,local=1024,](main:@63,main:@64) -> float_type, {1, 128, 57, 57}, {415872, 3249, 57, 1}: 0.0204737ms, 2%
main:@66 = load[offset=0,end=0](main:@1) -> int8_type, {0}, {1}: 0.00076694ms, 1%
main:@67 = load[offset=802816,end=1204224](main:@1) -> float_type, {1, 128, 28, 28}, {100352, 784, 28, 1}: 0.0006062ms, 1%
main:@68 = gpu::convolution[op={padding={0, 0, 0, 0},stride={2, 2},dilation={1, 1},group=128,padding_mode=0},solution_object={binary_object: 450},algo=0,int8_x4_format=0,solution_id=0](main:@65,main:@60,main:@66,main:@67) -> float_type, {1, 128, 28, 28}, {100352, 784, 28, 1}: 0.0298829ms, 2%
main:@69 = hip::hip_copy_literal[id=main:@literal:23] -> float_type, {128, 1, 1}, {1, 1, 1}: 0.00084764ms, 1%
main:@70 = hip::hip_copy_literal[id=main:@literal:9] -> float_type, {256, 128, 1, 1}, {128, 1, 1, 1}: 0.00056686ms, 1%
main:@71 = multibroadcast[out_lens={1, 128, 28, 28},out_dyn_dims={}](main:@69) -> float_type, {1, 128, 28, 28}, {0, 1, 0, 0}: 0.00096344ms, 1%
main:@72 = load[offset=401408,end=802816](main:@1) -> float_type, {1, 128, 28, 28}, {100352, 784, 28, 1}: 0.0006593ms, 1%
main:@73 = gpu::code_object[code_object=13632,symbol_name=add_clip_kernel,global=50176,local=1024,](main:@68,main:@71,main:@72) -> float_type, {1, 128, 28, 28}, {100352, 784, 28, 1}: 0.0187237ms, 2%
main:@74 = load[offset=0,end=0](main:@1) -> int8_type, {0}, {1}: 0.0007793ms, 1%
main:@75 = load[offset=1605632,end=2408448](main:@1) -> float_type, {1, 256, 28, 28}, {200704, 784, 28, 1}: 0.00062188ms, 1%
main:@76 = gpu::convolution[op={padding={0, 0, 0, 0},stride={1, 1},dilation={1, 1},group=1,padding_mode=0},solution_object={binary_object: 458},algo=0,int8_x4_format=0,solution_id=0](main:@73,main:@70,main:@74,main:@75) -> float_type, {1, 256, 28, 28}, {200704, 784, 28, 1}: 0.0285153ms, 2%
main:@77 = hip::hip_copy_literal[id=main:@literal:20] -> float_type, {256, 1, 3, 3}, {9, 9, 3, 1}: 0.0007732ms, 1%
main:@78 = hip::hip_copy_literal[id=main:@literal:32] -> float_type, {256, 1, 1}, {1, 1, 1}: 0.00057224ms, 1%
main:@79 = multibroadcast[out_lens={1, 256, 28, 28},out_dyn_dims={}](main:@78) -> float_type, {1, 256, 28, 28}, {0, 1, 0, 0}: 0.00096982ms, 1%
main:@80 = load[offset=802816,end=1605632](main:@1) -> float_type, {1, 256, 28, 28}, {200704, 784, 28, 1}: 0.00067196ms, 1%
main:@81 = gpu::code_object[code_object=13632,symbol_name=add_clip_kernel,global=100352,local=1024,](main:@76,main:@79,main:@80) -> float_type, {1, 256, 28, 28}, {200704, 784, 28, 1}: 0.0190595ms, 2%
main:@82 = load[offset=0,end=0](main:@1) -> int8_type, {0}, {1}: 0.00077632ms, 1%
main:@83 = load[offset=2007040,end=2809856](main:@1) -> float_type, {1, 256, 28, 28}, {200704, 784, 28, 1}: 0.00061976ms, 1%
main:@84 = gpu::convolution[op={padding={1, 1, 1, 1},stride={1, 1},dilation={1, 1},group=256,padding_mode=0},solution_object={binary_object: 455},algo=0,int8_x4_format=0,solution_id=0](main:@81,main:@77,main:@82,main:@83) -> float_type, {1, 256, 28, 28}, {200704, 784, 28, 1}: 0.027316ms, 2%
main:@85 = hip::hip_copy_literal[id=main:@literal:10] -> float_type, {256, 256, 1, 1}, {256, 1, 1, 1}: 0.00076602ms, 1%
main:@86 = hip::hip_copy_literal[id=main:@literal:36] -> float_type, {256, 1, 1}, {1, 1, 1}: 0.00063762ms, 1%
main:@87 = multibroadcast[out_lens={1, 256, 28, 28},out_dyn_dims={}](main:@86) -> float_type, {1, 256, 28, 28}, {0, 1, 0, 0}: 0.00095984ms, 1%
main:@88 = load[offset=802816,end=1605632](main:@1) -> float_type, {1, 256, 28, 28}, {200704, 784, 28, 1}: 0.0006673ms, 1%
main:@89 = gpu::code_object[code_object=13632,symbol_name=add_clip_kernel,global=100352,local=1024,](main:@84,main:@87,main:@88) -> float_type, {1, 256, 28, 28}, {200704, 784, 28, 1}: 0.019224ms, 2%
main:@90 = load[offset=0,end=0](main:@1) -> int8_type, {0}, {1}: 0.00076164ms, 1%
main:@91 = load[offset=0,end=802816](main:@1) -> float_type, {1, 256, 28, 28}, {200704, 784, 28, 1}: 0.0006101ms, 1%
main:@92 = gpu::convolution[op={padding={0, 0, 0, 0},stride={1, 1},dilation={1, 1},group=1,padding_mode=0},solution_object={binary_object: 461},algo=0,int8_x4_format=0,solution_id=0](main:@89,main:@85,main:@90,main:@91) -> float_type, {1, 256, 28, 28}, {200704, 784, 28, 1}: 0.0320981ms, 2%
main:@93 = hip::hip_copy_literal[id=main:@literal:18] -> float_type, {256, 1, 1}, {1, 1, 1}: 0.00077622ms, 1%
main:@94 = hip::hip_copy_literal[id=main:@literal:17] -> float_type, {256, 1, 3, 3}, {9, 9, 3, 1}: 0.00060588ms, 1%
main:@95 = multibroadcast[out_lens={1, 256, 28, 28},out_dyn_dims={}](main:@93) -> float_type, {1, 256, 28, 28}, {0, 1, 0, 0}: 0.00097206ms, 1%
main:@96 = load[offset=1664000,end=2466816](main:@1) -> float_type, {1, 256, 28, 28}, {200704, 784, 28, 1}: 0.00066684ms, 1%
main:@97 = gpu::code_object[code_object=13632,symbol_name=add_clip_kernel,global=100352,local=1024,](main:@92,main:@95,main:@96) -> float_type, {1, 256, 28, 28}, {200704, 784, 28, 1}: 0.0190087ms, 2%
main:@98 = load[offset=802816,end=1664000](main:@1) -> float_type, {1, 256, 29, 29}, {215296, 841, 29, 1}: 0.0007592ms, 1%
main:@99 = gpu::code_object[code_object=13624,symbol_name=pad_kernel,global=215296,local=1024,](main:@97,main:@98) -> float_type, {1, 256, 29, 29}, {215296, 841, 29, 1}: 0.0185227ms, 2%
main:@100 = load[offset=0,end=200704](main:@1) -> float_type, {1, 256, 14, 14}, {50176, 196, 14, 1}: 0.00073522ms, 1%
main:@101 = load[offset=0,end=0](main:@1) -> int8_type, {0}, {1}: 0.00059846ms, 1%
main:@102 = gpu::convolution[op={padding={0, 0, 0, 0},stride={2, 2},dilation={1, 1},group=256,padding_mode=0},solution_object={binary_object: 458},algo=0,int8_x4_format=0,solution_id=0](main:@99,main:@94,main:@101,main:@100) -> float_type, {1, 256, 14, 14}, {50176, 196, 14, 1}: 0.0276167ms, 2%
main:@103 = hip::hip_copy_literal[id=main:@literal:5] -> float_type, {512, 256, 1, 1}, {256, 1, 1, 1}: 0.00075784ms, 1%
main:@104 = hip::hip_copy_literal[id=main:@literal:16] -> float_type, {256, 1, 1}, {1, 1, 1}: 0.00059586ms, 1%
main:@105 = multibroadcast[out_lens={1, 256, 14, 14},out_dyn_dims={}](main:@104) -> float_type, {1, 256, 14, 14}, {0, 1, 0, 0}: 0.000974ms, 1%
main:@106 = load[offset=401408,end=602112](main:@1) -> float_type, {1, 256, 14, 14}, {50176, 196, 14, 1}: 0.00068246ms, 1%
main:@107 = gpu::code_object[code_object=13632,symbol_name=add_clip_kernel,global=25088,local=1024,](main:@102,main:@105,main:@106) -> float_type, {1, 256, 14, 14}, {50176, 196, 14, 1}: 0.0174985ms, 2%
main:@108 = load[offset=0,end=0](main:@1) -> int8_type, {0}, {1}: 0.00075592ms, 1%
main:@109 = load[offset=0,end=401408](main:@1) -> float_type, {1, 512, 14, 14}, {100352, 196, 14, 1}: 0.00059058ms, 1%
main:@110 = gpu::convolution[op={padding={0, 0, 0, 0},stride={1, 1},dilation={1, 1},group=1,padding_mode=0},solution_object={binary_object: 495},algo=0,int8_x4_format=0,solution_id=0](main:@107,main:@103,main:@108,main:@109) -> float_type, {1, 512, 14, 14}, {100352, 196, 14, 1}: 0.0303169ms, 2%
main:@111 = hip::hip_copy_literal[id=main:@literal:15] -> float_type, {512, 1, 1}, {1, 1, 1}: 0.00075322ms, 1%
main:@112 = hip::hip_copy_literal[id=main:@literal:27] -> float_type, {512, 1, 3, 3}, {9, 9, 3, 1}: 0.00064314ms, 1%
main:@113 = multibroadcast[out_lens={1, 512, 14, 14},out_dyn_dims={}](main:@111) -> float_type, {1, 512, 14, 14}, {0, 1, 0, 0}: 0.0009771ms, 1%
main:@114 = load[offset=602112,end=1003520](main:@1) -> float_type, {1, 512, 14, 14}, {100352, 196, 14, 1}: 0.00064716ms, 1%
main:@115 = gpu::code_object[code_object=13632,symbol_name=add_clip_kernel,global=50176,local=1024,](main:@110,main:@113,main:@114) -> float_type, {1, 512, 14, 14}, {100352, 196, 14, 1}: 0.0185682ms, 2%
main:@116 = load[offset=0,end=0](main:@1) -> int8_type, {0}, {1}: 0.0007626ms, 1%
main:@117 = load[offset=0,end=401408](main:@1) -> float_type, {1, 512, 14, 14}, {100352, 196, 14, 1}: 0.00059016ms, 1%
main:@118 = gpu::convolution[op={padding={1, 1, 1, 1},stride={1, 1},dilation={1, 1},group=512,padding_mode=0},solution_object={binary_object: 452},algo=0,int8_x4_format=0,solution_id=0](main:@115,main:@112,main:@116,main:@117) -> float_type, {1, 512, 14, 14}, {100352, 196, 14, 1}: 0.0258994ms, 2%
main:@119 = hip::hip_copy_literal[id=main:@literal:4] -> float_type, {512, 512, 1, 1}, {512, 1, 1, 1}: 0.0007838ms, 1%
main:@120 = hip::hip_copy_literal[id=main:@literal:39] -> float_type, {512, 1, 1}, {1, 1, 1}: 0.00066002ms, 1%
main:@121 = load[offset=802816,end=1204224](main:@1) -> float_type, {1, 512, 14, 14}, {100352, 196, 14, 1}: 0.0006972ms, 1%
main:@122 = multibroadcast[out_lens={1, 512, 14, 14},out_dyn_dims={}](main:@120) -> float_type, {1, 512, 14, 14}, {0, 1, 0, 0}: 0.00095112ms, 1%
main:@123 = gpu::code_object[code_object=13632,symbol_name=add_clip_kernel,global=50176,local=1024,](main:@118,main:@122,main:@121) -> float_type, {1, 512, 14, 14}, {100352, 196, 14, 1}: 0.0185331ms, 2%
main:@124 = load[offset=0,end=0](main:@1) -> int8_type, {0}, {1}: 0.00076406ms, 1%
main:@125 = load[offset=401408,end=802816](main:@1) -> float_type, {1, 512, 14, 14}, {100352, 196, 14, 1}: 0.00061694ms, 1%
main:@126 = gpu::convolution[op={padding={0, 0, 0, 0},stride={1, 1},dilation={1, 1},group=1,padding_mode=0},solution_object={binary_object: 497},algo=0,int8_x4_format=0,solution_id=0](main:@123,main:@119,main:@124,main:@125) -> float_type, {1, 512, 14, 14}, {100352, 196, 14, 1}: 0.0382421ms, 3%
main:@127 = hip::hip_copy_literal[id=main:@literal:41] -> float_type, {512, 1, 1}, {1, 1, 1}: 0.0007603ms, 1%
main:@128 = hip::hip_copy_literal[id=main:@literal:42] -> float_type, {512, 1, 3, 3}, {9, 9, 3, 1}: 0.00056112ms, 1%
main:@129 = load[offset=0,end=401408](main:@1) -> float_type, {1, 512, 14, 14}, {100352, 196, 14, 1}: 0.00071088ms, 1%
main:@130 = multibroadcast[out_lens={1, 512, 14, 14},out_dyn_dims={}](main:@127) -> float_type, {1, 512, 14, 14}, {0, 1, 0, 0}: 0.00097146ms, 1%
main:@131 = gpu::code_object[code_object=13632,symbol_name=add_clip_kernel,global=50176,local=1024,](main:@126,main:@130,main:@129) -> float_type, {1, 512, 14, 14}, {100352, 196, 14, 1}: 0.0185267ms, 2%
main:@132 = load[offset=0,end=0](main:@1) -> int8_type, {0}, {1}: 0.0007716ms, 1%
main:@133 = load[offset=802816,end=1204224](main:@1) -> float_type, {1, 512, 14, 14}, {100352, 196, 14, 1}: 0.00059476ms, 1%
main:@134 = gpu::convolution[op={padding={1, 1, 1, 1},stride={1, 1},dilation={1, 1},group=512,padding_mode=0},solution_object={binary_object: 452},algo=0,int8_x4_format=0,solution_id=0](main:@131,main:@128,main:@132,main:@133) -> float_type, {1, 512, 14, 14}, {100352, 196, 14, 1}: 0.0246673ms, 2%
main:@135 = hip::hip_copy_literal[id=main:@literal:3] -> float_type, {512, 512, 1, 1}, {512, 1, 1, 1}: 0.00075326ms, 1%
main:@136 = hip::hip_copy_literal[id=main:@literal:43] -> float_type, {512, 1, 1}, {1, 1, 1}: 0.0005789ms, 1%
main:@137 = load[offset=401408,end=802816](main:@1) -> float_type, {1, 512, 14, 14}, {100352, 196, 14, 1}: 0.00070496ms, 1%
main:@138 = multibroadcast[out_lens={1, 512, 14, 14},out_dyn_dims={}](main:@136) -> float_type, {1, 512, 14, 14}, {0, 1, 0, 0}: 0.00094906ms, 1%
main:@139 = gpu::code_object[code_object=13632,symbol_name=add_clip_kernel,global=50176,local=1024,](main:@134,main:@138,main:@137) -> float_type, {1, 512, 14, 14}, {100352, 196, 14, 1}: 0.0185269ms, 2%
main:@140 = load[offset=0,end=0](main:@1) -> int8_type, {0}, {1}: 0.00076686ms, 1%
main:@141 = load[offset=0,end=401408](main:@1) -> float_type, {1, 512, 14, 14}, {100352, 196, 14, 1}: 0.00061666ms, 1%
main:@142 = gpu::convolution[op={padding={0, 0, 0, 0},stride={1, 1},dilation={1, 1},group=1,padding_mode=0},solution_object={binary_object: 497},algo=0,int8_x4_format=0,solution_id=0](main:@139,main:@135,main:@140,main:@141) -> float_type, {1, 512, 14, 14}, {100352, 196, 14, 1}: 0.0379177ms, 3%
main:@143 = hip::hip_copy_literal[id=main:@literal:45] -> float_type, {512, 1, 3, 3}, {9, 9, 3, 1}: 0.0007962ms, 1%
main:@144 = hip::hip_copy_literal[id=main:@literal:19] -> float_type, {512, 1, 1}, {1, 1, 1}: 0.0005956ms, 1%
main:@145 = load[offset=802816,end=1204224](main:@1) -> float_type, {1, 512, 14, 14}, {100352, 196, 14, 1}: 0.00071506ms, 1%
main:@146 = multibroadcast[out_lens={1, 512, 14, 14},out_dyn_dims={}](main:@144) -> float_type, {1, 512, 14, 14}, {0, 1, 0, 0}: 0.000947ms, 1%
main:@147 = gpu::code_object[code_object=13632,symbol_name=add_clip_kernel,global=50176,local=1024,](main:@142,main:@146,main:@145) -> float_type, {1, 512, 14, 14}, {100352, 196, 14, 1}: 0.0185715ms, 2%
main:@148 = load[offset=0,end=0](main:@1) -> int8_type, {0}, {1}: 0.0007744ms, 1%
main:@149 = load[offset=401408,end=802816](main:@1) -> float_type, {1, 512, 14, 14}, {100352, 196, 14, 1}: 0.00062454ms, 1%
main:@150 = gpu::convolution[op={padding={1, 1, 1, 1},stride={1, 1},dilation={1, 1},group=512,padding_mode=0},solution_object={binary_object: 452},algo=0,int8_x4_format=0,solution_id=0](main:@147,main:@143,main:@148,main:@149) -> float_type, {1, 512, 14, 14}, {100352, 196, 14, 1}: 0.0246119ms, 2%
main:@151 = hip::hip_copy_literal[id=main:@literal:31] -> float_type, {512, 1, 1}, {1, 1, 1}: 0.00078858ms, 1%
main:@152 = hip::hip_copy_literal[id=main:@literal:2] -> float_type, {512, 512, 1, 1}, {512, 1, 1, 1}: 0.00051924ms, 1%
main:@153 = load[offset=0,end=401408](main:@1) -> float_type, {1, 512, 14, 14}, {100352, 196, 14, 1}: 0.00071928ms, 1%
main:@154 = multibroadcast[out_lens={1, 512, 14, 14},out_dyn_dims={}](main:@151) -> float_type, {1, 512, 14, 14}, {0, 1, 0, 0}: 0.00095544ms, 1%
main:@155 = gpu::code_object[code_object=13632,symbol_name=add_clip_kernel,global=50176,local=1024,](main:@150,main:@154,main:@153) -> float_type, {1, 512, 14, 14}, {100352, 196, 14, 1}: 0.0185423ms, 2%
main:@156 = load[offset=0,end=0](main:@1) -> int8_type, {0}, {1}: 0.00076086ms, 1%
main:@157 = load[offset=802816,end=1204224](main:@1) -> float_type, {1, 512, 14, 14}, {100352, 196, 14, 1}: 0.0006146ms, 1%
main:@158 = gpu::convolution[op={padding={0, 0, 0, 0},stride={1, 1},dilation={1, 1},group=1,padding_mode=0},solution_object={binary_object: 497},algo=0,int8_x4_format=0,solution_id=0](main:@155,main:@152,main:@156,main:@157) -> float_type, {1, 512, 14, 14}, {100352, 196, 14, 1}: 0.0379652ms, 3%
main:@159 = hip::hip_copy_literal[id=main:@literal:47] -> float_type, {512, 1, 3, 3}, {9, 9, 3, 1}: 0.00073638ms, 1%
main:@160 = hip::hip_copy_literal[id=main:@literal:25] -> float_type, {512, 1, 1}, {1, 1, 1}: 0.00057382ms, 1%
main:@161 = load[offset=401408,end=802816](main:@1) -> float_type, {1, 512, 14, 14}, {100352, 196, 14, 1}: 0.00070464ms, 1%
main:@162 = multibroadcast[out_lens={1, 512, 14, 14},out_dyn_dims={}](main:@160) -> float_type, {1, 512, 14, 14}, {0, 1, 0, 0}: 0.0009459ms, 1%
main:@163 = gpu::code_object[code_object=13632,symbol_name=add_clip_kernel,global=50176,local=1024,](main:@158,main:@162,main:@161) -> float_type, {1, 512, 14, 14}, {100352, 196, 14, 1}: 0.0184941ms, 2%
main:@164 = load[offset=0,end=0](main:@1) -> int8_type, {0}, {1}: 0.0007667ms, 1%
main:@165 = load[offset=0,end=401408](main:@1) -> float_type, {1, 512, 14, 14}, {100352, 196, 14, 1}: 0.00061638ms, 1%
main:@166 = gpu::convolution[op={padding={1, 1, 1, 1},stride={1, 1},dilation={1, 1},group=512,padding_mode=0},solution_object={binary_object: 452},algo=0,int8_x4_format=0,solution_id=0](main:@163,main:@159,main:@164,main:@165) -> float_type, {1, 512, 14, 14}, {100352, 196, 14, 1}: 0.0245504ms, 2%
main:@167 = hip::hip_copy_literal[id=main:@literal:1] -> float_type, {512, 512, 1, 1}, {512, 1, 1, 1}: 0.00072208ms, 1%
main:@168 = hip::hip_copy_literal[id=main:@literal:48] -> float_type, {512, 1, 1}, {1, 1, 1}: 0.0005747ms, 1%
main:@169 = load[offset=802816,end=1204224](main:@1) -> float_type, {1, 512, 14, 14}, {100352, 196, 14, 1}: 0.00069516ms, 1%
main:@170 = multibroadcast[out_lens={1, 512, 14, 14},out_dyn_dims={}](main:@168) -> float_type, {1, 512, 14, 14}, {0, 1, 0, 0}: 0.00095536ms, 1%
main:@171 = gpu::code_object[code_object=13632,symbol_name=add_clip_kernel,global=50176,local=1024,](main:@166,main:@170,main:@169) -> float_type, {1, 512, 14, 14}, {100352, 196, 14, 1}: 0.0185594ms, 2%
main:@172 = load[offset=0,end=0](main:@1) -> int8_type, {0}, {1}: 0.00075342ms, 1%
main:@173 = load[offset=401408,end=802816](main:@1) -> float_type, {1, 512, 14, 14}, {100352, 196, 14, 1}: 0.00058892ms, 1%
main:@174 = gpu::convolution[op={padding={0, 0, 0, 0},stride={1, 1},dilation={1, 1},group=1,padding_mode=0},solution_object={binary_object: 497},algo=0,int8_x4_format=0,solution_id=0](main:@171,main:@167,main:@172,main:@173) -> float_type, {1, 512, 14, 14}, {100352, 196, 14, 1}: 0.037948ms, 3%
main:@175 = hip::hip_copy_literal[id=main:@literal:55] -> float_type, {1001}, {1}: 0.000741ms, 1%
main:@176 = hip::hip_copy_literal[id=main:@literal:14] -> float_type, {1001, 1024, 1, 1}, {1024, 1, 1, 1}: 0.00055252ms, 1%
main:@177 = hip::hip_copy_literal[id=main:@literal:7] -> float_type, {1024, 1024, 1, 1}, {1024, 1, 1, 1}: 0.00055756ms, 1%
main:@178 = hip::hip_copy_literal[id=main:@literal:0] -> float_type, {1024, 512, 1, 1}, {512, 1, 1, 1}: 0.00052812ms, 1%
main:@179 = hip::hip_copy_literal[id=main:@literal:49] -> float_type, {512, 1, 1}, {1, 1, 1}: 0.00079106ms, 1%
main:@180 = hip::hip_copy_literal[id=main:@literal:46] -> float_type, {512, 1, 1}, {1, 1, 1}: 0.00060524ms, 1%
main:@181 = hip::hip_copy_literal[id=main:@literal:44] -> float_type, {512, 1, 1}, {1, 1, 1}: 0.00070112ms, 1%
main:@182 = hip::hip_copy_literal[id=main:@literal:53] -> float_type, {1024, 1, 1}, {1, 1, 1}: 0.00065206ms, 1%
main:@183 = hip::hip_copy_literal[id=main:@literal:52] -> float_type, {512, 1, 3, 3}, {9, 9, 3, 1}: 0.0007046ms, 1%
main:@184 = hip::hip_copy_literal[id=main:@literal:8] -> float_type, {512, 512, 1, 1}, {512, 1, 1, 1}: 0.00053314ms, 1%
main:@185 = hip::hip_copy_literal[id=main:@literal:54] -> float_type, {1024, 1, 1}, {1, 1, 1}: 0.00066292ms, 1%
main:@186 = hip::hip_copy_literal[id=main:@literal:35] -> float_type, {512, 1, 1}, {1, 1, 1}: 0.00057596ms, 1%
main:@187 = hip::hip_copy_literal[id=main:@literal:51] -> float_type, {1024, 1, 3, 3}, {9, 9, 3, 1}: 0.00066258ms, 1%
main:@188 = hip::hip_copy_literal[id=main:@literal:21] -> float_type, {512, 1, 3, 3}, {9, 9, 3, 1}: 0.00055928ms, 1%
main:@189 = hip::hip_copy_literal[id=main:@literal:50] -> float_type, {1024, 1, 1}, {1, 1, 1}: 0.00060636ms, 1%
main:@190 = load[offset=0,end=401408](main:@1) -> float_type, {1, 512, 14, 14}, {100352, 196, 14, 1}: 0.00071896ms, 1%
main:@191 = multibroadcast[out_lens={1, 512, 14, 14},out_dyn_dims={}](main:@179) -> float_type, {1, 512, 14, 14}, {0, 1, 0, 0}: 0.0009317ms, 1%
main:@192 = gpu::code_object[code_object=13632,symbol_name=add_clip_kernel,global=50176,local=1024,](main:@174,main:@191,main:@190) -> float_type, {1, 512, 14, 14}, {100352, 196, 14, 1}: 0.0208867ms, 2%
main:@193 = load[offset=0,end=0](main:@1) -> int8_type, {0}, {1}: 0.00077782ms, 1%
main:@194 = load[offset=802816,end=1204224](main:@1) -> float_type, {1, 512, 14, 14}, {100352, 196, 14, 1}: 0.00058702ms, 1%
main:@195 = gpu::convolution[op={padding={1, 1, 1, 1},stride={1, 1},dilation={1, 1},group=512,padding_mode=0},solution_object={binary_object: 452},algo=0,int8_x4_format=0,solution_id=0](main:@192,main:@188,main:@193,main:@194) -> float_type, {1, 512, 14, 14}, {100352, 196, 14, 1}: 0.02602ms, 2%
main:@196 = multibroadcast[out_lens={1, 512, 14, 14},out_dyn_dims={}](main:@186) -> float_type, {1, 512, 14, 14}, {0, 1, 0, 0}: 0.00114132ms, 1%
main:@197 = load[offset=401408,end=802816](main:@1) -> float_type, {1, 512, 14, 14}, {100352, 196, 14, 1}: 0.00067626ms, 1%
main:@198 = gpu::code_object[code_object=13632,symbol_name=add_clip_kernel,global=50176,local=1024,](main:@195,main:@196,main:@197) -> float_type, {1, 512, 14, 14}, {100352, 196, 14, 1}: 0.0189496ms, 2%
main:@199 = load[offset=0,end=0](main:@1) -> int8_type, {0}, {1}: 0.00075982ms, 1%
main:@200 = load[offset=0,end=401408](main:@1) -> float_type, {1, 512, 14, 14}, {100352, 196, 14, 1}: 0.00059322ms, 1%
main:@201 = gpu::convolution[op={padding={0, 0, 0, 0},stride={1, 1},dilation={1, 1},group=1,padding_mode=0},solution_object={binary_object: 497},algo=0,int8_x4_format=0,solution_id=0](main:@198,main:@184,main:@199,main:@200) -> float_type, {1, 512, 14, 14}, {100352, 196, 14, 1}: 0.03884ms, 3%
main:@202 = load[offset=862208,end=1263616](main:@1) -> float_type, {1, 512, 14, 14}, {100352, 196, 14, 1}: 0.00080168ms, 1%
main:@203 = multibroadcast[out_lens={1, 512, 14, 14},out_dyn_dims={}](main:@180) -> float_type, {1, 512, 14, 14}, {0, 1, 0, 0}: 0.00096018ms, 1%
main:@204 = gpu::code_object[code_object=13632,symbol_name=add_clip_kernel,global=50176,local=1024,](main:@201,main:@203,main:@202) -> float_type, {1, 512, 14, 14}, {100352, 196, 14, 1}: 0.0186725ms, 2%
main:@205 = load[offset=401408,end=862208](main:@1) -> float_type, {1, 512, 15, 15}, {115200, 225, 15, 1}: 0.00077078ms, 1%
main:@206 = gpu::code_object[code_object=13624,symbol_name=pad_kernel,global=115200,local=1024,](main:@204,main:@205) -> float_type, {1, 512, 15, 15}, {115200, 225, 15, 1}: 0.0176006ms, 2%
main:@207 = load[offset=0,end=0](main:@1) -> int8_type, {0}, {1}: 0.00076582ms, 1%
main:@208 = load[offset=0,end=100352](main:@1) -> float_type, {1, 512, 7, 7}, {25088, 49, 7, 1}: 0.000613ms, 1%
main:@209 = gpu::convolution[op={padding={0, 0, 0, 0},stride={2, 2},dilation={1, 1},group=512,padding_mode=0},solution_object={binary_object: 492},algo=0,int8_x4_format=0,solution_id=0](main:@206,main:@183,main:@207,main:@208) -> float_type, {1, 512, 7, 7}, {25088, 49, 7, 1}: 0.0286987ms, 2%
main:@210 = load[offset=200704,end=301056](main:@1) -> float_type, {1, 512, 7, 7}, {25088, 49, 7, 1}: 0.00081116ms, 1%
main:@211 = multibroadcast[out_lens={1, 512, 7, 7},out_dyn_dims={}](main:@181) -> float_type, {1, 512, 7, 7}, {0, 1, 0, 0}: 0.00094814ms, 1%
main:@212 = gpu::code_object[code_object=13632,symbol_name=add_clip_kernel,global=25088,local=1024,](main:@209,main:@211,main:@210) -> float_type, {1, 512, 7, 7}, {25088, 49, 7, 1}: 0.018042ms, 2%
main:@213 = load[offset=0,end=0](main:@1) -> int8_type, {0}, {1}: 0.00075668ms, 1%
main:@214 = load[offset=0,end=200704](main:@1) -> float_type, {1, 1024, 7, 7}, {50176, 49, 7, 1}: 0.00060948ms, 1%
main:@215 = gpu::convolution[op={padding={0, 0, 0, 0},stride={1, 1},dilation={1, 1},group=1,padding_mode=0},solution_object={binary_object: 491},algo=0,int8_x4_format=0,solution_id=0](main:@212,main:@178,main:@213,main:@214) -> float_type, {1, 1024, 7, 7}, {50176, 49, 7, 1}: 0.0414144ms, 3%
main:@216 = load[offset=301056,end=501760](main:@1) -> float_type, {1, 1024, 7, 7}, {50176, 49, 7, 1}: 0.00083414ms, 1%
main:@217 = multibroadcast[out_lens={1, 1024, 7, 7},out_dyn_dims={}](main:@189) -> float_type, {1, 1024, 7, 7}, {0, 1, 0, 0}: 0.00094634ms, 1%
main:@218 = gpu::code_object[code_object=13632,symbol_name=add_clip_kernel,global=50176,local=1024,](main:@215,main:@217,main:@216) -> float_type, {1, 1024, 7, 7}, {50176, 49, 7, 1}: 0.0183908ms, 2%
main:@219 = load[offset=0,end=0](main:@1) -> int8_type, {0}, {1}: 0.00075316ms, 1%
main:@220 = load[offset=0,end=200704](main:@1) -> float_type, {1, 1024, 7, 7}, {50176, 49, 7, 1}: 0.00061108ms, 1%
main:@221 = gpu::convolution[op={padding={1, 1, 1, 1},stride={1, 1},dilation={1, 1},group=1024,padding_mode=0},solution_object={binary_object: 443},algo=0,int8_x4_format=0,solution_id=0](main:@218,main:@187,main:@219,main:@220) -> float_type, {1, 1024, 7, 7}, {50176, 49, 7, 1}: 0.024753ms, 2%
main:@222 = load[offset=405504,end=606208](main:@1) -> float_type, {1, 1024, 7, 7}, {50176, 49, 7, 1}: 0.00082622ms, 1%
main:@223 = multibroadcast[out_lens={1, 1024, 7, 7},out_dyn_dims={}](main:@182) -> float_type, {1, 1024, 7, 7}, {0, 1, 0, 0}: 0.00098578ms, 1%
main:@224 = gpu::code_object[code_object=13632,symbol_name=add_clip_kernel,global=50176,local=1024,](main:@221,main:@223,main:@222) -> float_type, {1, 1024, 7, 7}, {50176, 49, 7, 1}: 0.0183475ms, 2%
main:@225 = load[offset=0,end=0](main:@1) -> int8_type, {0}, {1}: 0.000752ms, 1%
main:@226 = load[offset=204800,end=405504](main:@1) -> float_type, {1, 1024, 7, 7}, {50176, 49, 7, 1}: 0.00062684ms, 1%
main:@227 = gpu::convolution[op={padding={0, 0, 0, 0},stride={1, 1},dilation={1, 1},group=1,padding_mode=0},solution_object={binary_object: 439},algo=0,int8_x4_format=0,solution_id=0](main:@224,main:@177,main:@225,main:@226) -> float_type, {1, 1024, 7, 7}, {50176, 49, 7, 1}: 0.0586893ms, 4%
main:@228 = load[offset=4096,end=204800](main:@1) -> float_type, {1, 1024, 7, 7}, {50176, 49, 7, 1}: 0.0008343ms, 1%
main:@229 = multibroadcast[out_lens={1, 1024, 7, 7},out_dyn_dims={}](main:@185) -> float_type, {1, 1024, 7, 7}, {0, 1, 0, 0}: 0.0009297ms, 1%
main:@230 = gpu::code_object[code_object=13632,symbol_name=add_clip_kernel,global=50176,local=1024,](main:@227,main:@229,main:@228) -> float_type, {1, 1024, 7, 7}, {50176, 49, 7, 1}: 0.0183248ms, 2%
main:@231 = load[offset=204800,end=208896](main:@1) -> float_type, {1, 1024, 1, 1}, {1024, 1, 1, 1}: 0.00076396ms, 1%
main:@232 = gpu::pooling[mode=average,padding={0, 0, 0, 0},stride={2, 2},lengths={7, 7},ceil_mode=0,lp_order=2,dyn_global=0](main:@230,main:@231) -> float_type, {1, 1024, 1, 1}, {1024, 1, 1, 1}: 0.0391442ms, 3%
main:@233 = load[offset=0,end=0](main:@1) -> int8_type, {0}, {1}: 0.00085154ms, 1%
main:@234 = load[offset=4016,end=8020](main:@1) -> float_type, {1, 1001, 1, 1}, {1001, 1, 1, 1}: 0.00059184ms, 1%
main:@235 = gpu::convolution[op={padding={0, 0, 0, 0},stride={1, 1},dilation={1, 1},group=1,padding_mode=0},solution_object={binary_object: 548},algo=0,int8_x4_format=0,solution_id=0](main:@232,main:@176,main:@233,main:@234) -> float_type, {1, 1001, 1, 1}, {1001, 1, 1, 1}: 0.0410334ms, 3%
main:@236 = broadcast[axis=1,out_lens={1, 1001, 1, 1}](main:@175) -> float_type, {1, 1001, 1, 1}, {0, 1, 0, 0}: 0.0014936ms, 1%
main:@237 = load[offset=8032,end=12036](main:@1) -> float_type, {1, 1001, 1, 1}, {1001, 1, 1, 1}: 0.00070084ms, 1%
main:@238 = gpu::code_object[code_object=13624,symbol_name=add_kernel,global=1001,local=1024,](main:@235,main:@236,main:@237) -> float_type, {1, 1001, 1, 1}, {1001, 1, 1, 1}: 0.0174481ms, 2%
main:#output_0 = @param:main:#output_0 -> float_type, {1, 1001}, {1001, 1}: 0.0008598ms, 1%
main:@240 = transpose[permutation={0, 2, 3, 1}](main:@238) -> float_type, {1, 1, 1, 1001}, {1001, 1, 1, 1}: 0.00118306ms, 1%
main:@241 = squeeze[axes={1, 2}](main:@240) -> float_type, {1, 1001}, {1001, 1}: 0.00110442ms, 1%
main:@242 = gpu::code_object[code_object=13632,symbol_name=softmax_kernel,global=256,local=256,](main:@241,main:#output_0) -> float_type, {1, 1001}, {1001, 1}: 0.0181076ms, 2%
main:@243 = @return(main:@242)
Summary:
gpu::convolution: 0.900778ms / 28 = 0.0321707ms, 53%
gpu::code_object::add_clip_kernel: 0.519964ms / 27 = 0.0192579ms, 31%
gpu::code_object::pad_kernel: 0.101804ms / 5 = 0.0203608ms, 6%
load: 0.062885ms / 90 = 0.000698722ms, 4%
gpu::pooling: 0.0391442ms / 1 = 0.0391442ms, 3%
hip::hip_copy_literal: 0.0376659ms / 56 = 0.000672605ms, 3%
multibroadcast: 0.0264041ms / 27 = 0.000977929ms, 2%
gpu::code_object::softmax_kernel: 0.0181076ms / 1 = 0.0181076ms, 2%
gpu::code_object::add_kernel: 0.0174481ms / 1 = 0.0174481ms, 2%
broadcast: 0.0014936ms / 1 = 0.0014936ms, 1%
@param: 0.00130912ms / 2 = 0.00065456ms, 1%
transpose: 0.00118306ms / 1 = 0.00118306ms, 1%
squeeze: 0.00110442ms / 1 = 0.00110442ms, 1%
check_context::migraphx::gpu::context : 0.00100518ms / 1 = 0.00100518ms, 1%
hip::hip_allocate_memory: 0.0009255ms / 1 = 0.0009255ms, 1%

Batch size: 1
Rate: 1473.6/sec
Total time: 0.678611ms
Total instructions time: 1.73122ms
Overhead time: 0.0563293ms, -1.05261ms
Overhead: 8%, -155%
