Compiling ... 
Reading: /new-saved-models/slim/mobilenet_i64.pb
module: "main"
@0 = check_context::migraphx::gpu::context  -> float_type, {}, {}, target_id=0
@1 = hip::hip_allocate_memory[shape=int8_type, {414728192}, {1},id=main:scratch] -> int8_type, {414728192}, {1}, target_id=0
@2 = load[offset=102760448,end=141640448](@1) -> float_type, {64, 3, 225, 225}, {151875, 50625, 225, 1}, target_id=0
input = @param:input -> float_type, {64, 3, 224, 224}, {150528, 50176, 224, 1}, target_id=0
@4 = gpu::code_object[code_object=13624,symbol_name=pad_kernel,global=307200,local=1024,](input,@2) -> float_type, {64, 3, 225, 225}, {151875, 50625, 225, 1}, target_id=0
@5 = hip::hip_copy_literal[id=main:@literal:12] -> float_type, {32, 3, 3, 3}, {27, 9, 3, 1}, target_id=0
@6 = load[offset=0,end=0](@1) -> int8_type, {0}, {1}, target_id=0
@7 = load[offset=0,end=102760448](@1) -> float_type, {64, 32, 112, 112}, {401408, 12544, 112, 1}, target_id=0
@8 = gpu::convolution[op={padding={0, 0, 0, 0},stride={2, 2},dilation={1, 1},group=1,padding_mode=0},solution_object={binary_object: 453},algo=0,int8_x4_format=0,solution_id=0](@4,@5,@6,@7) -> float_type, {64, 32, 112, 112}, {401408, 12544, 112, 1}, target_id=0
@9 = hip::hip_copy_literal[id=main:@literal:24] -> float_type, {32, 1, 3, 3}, {9, 9, 3, 1}, target_id=0
@10 = hip::hip_copy_literal[id=main:@literal:28] -> float_type, {32, 1, 1}, {1, 1, 1}, target_id=0
@11 = load[offset=141640448,end=244400896](@1) -> float_type, {64, 32, 112, 112}, {401408, 12544, 112, 1}, target_id=0
@12 = multibroadcast[out_lens={64, 32, 112, 112},out_dyn_dims={}](@10) -> float_type, {64, 32, 112, 112}, {0, 1, 0, 0}, target_id=0
@13 = gpu::code_object[code_object=13632,symbol_name=add_clip_kernel,global=3211264,local=1024,](@8,@12,@11) -> float_type, {64, 32, 112, 112}, {401408, 12544, 112, 1}, target_id=0
@14 = load[offset=0,end=0](@1) -> int8_type, {0}, {1}, target_id=0
@15 = load[offset=0,end=102760448](@1) -> float_type, {64, 32, 112, 112}, {401408, 12544, 112, 1}, target_id=0
@16 = gpu::convolution[op={padding={1, 1, 1, 1},stride={1, 1},dilation={1, 1},group=32,padding_mode=0},solution_object={binary_object: 446},algo=0,int8_x4_format=0,solution_id=0](@13,@9,@14,@15) -> float_type, {64, 32, 112, 112}, {401408, 12544, 112, 1}, target_id=0
@17 = hip::hip_copy_literal[id=main:@literal:10] -> float_type, {64, 32, 1, 1}, {32, 1, 1, 1}, target_id=0
@18 = hip::hip_copy_literal[id=main:@literal:39] -> float_type, {32, 1, 1}, {1, 1, 1}, target_id=0
@19 = multibroadcast[out_lens={64, 32, 112, 112},out_dyn_dims={}](@18) -> float_type, {64, 32, 112, 112}, {0, 1, 0, 0}, target_id=0
@20 = load[offset=205520896,end=308281344](@1) -> float_type, {64, 32, 112, 112}, {401408, 12544, 112, 1}, target_id=0
@21 = gpu::code_object[code_object=13632,symbol_name=add_clip_kernel,global=3211264,local=1024,](@16,@19,@20) -> float_type, {64, 32, 112, 112}, {401408, 12544, 112, 1}, target_id=0
@22 = load[offset=0,end=0](@1) -> int8_type, {0}, {1}, target_id=0
@23 = load[offset=0,end=205520896](@1) -> float_type, {64, 64, 112, 112}, {802816, 12544, 112, 1}, target_id=0
@24 = gpu::convolution[op={padding={0, 0, 0, 0},stride={1, 1},dilation={1, 1},group=1,padding_mode=0},solution_object={binary_object: 437},algo=0,int8_x4_format=0,solution_id=0](@21,@17,@22,@23) -> float_type, {64, 64, 112, 112}, {802816, 12544, 112, 1}, target_id=0
@25 = hip::hip_copy_literal[id=main:@literal:38] -> float_type, {64, 1, 1}, {1, 1, 1}, target_id=0
@26 = hip::hip_copy_literal[id=main:@literal:34] -> float_type, {64, 1, 3, 3}, {9, 9, 3, 1}, target_id=0
@27 = multibroadcast[out_lens={64, 64, 112, 112},out_dyn_dims={}](@25) -> float_type, {64, 64, 112, 112}, {0, 1, 0, 0}, target_id=0
@28 = load[offset=209207296,end=414728192](@1) -> float_type, {64, 64, 112, 112}, {802816, 12544, 112, 1}, target_id=0
@29 = gpu::code_object[code_object=13632,symbol_name=add_clip_kernel,global=6422528,local=1024,](@24,@27,@28) -> float_type, {64, 64, 112, 112}, {802816, 12544, 112, 1}, target_id=0
@30 = load[offset=0,end=209207296](@1) -> float_type, {64, 64, 113, 113}, {817216, 12769, 113, 1}, target_id=0
@31 = gpu::code_object[code_object=13624,symbol_name=pad_kernel,global=307200,local=1024,](@29,@30) -> float_type, {64, 64, 113, 113}, {817216, 12769, 113, 1}, target_id=0
@32 = load[offset=0,end=0](@1) -> int8_type, {0}, {1}, target_id=0
@33 = load[offset=209207296,end=260587520](@1) -> float_type, {64, 64, 56, 56}, {200704, 3136, 56, 1}, target_id=0
@34 = gpu::convolution[op={padding={0, 0, 0, 0},stride={2, 2},dilation={1, 1},group=64,padding_mode=0},solution_object={binary_object: 446},algo=0,int8_x4_format=0,solution_id=0](@31,@26,@32,@33) -> float_type, {64, 64, 56, 56}, {200704, 3136, 56, 1}, target_id=0
@35 = hip::hip_copy_literal[id=main:@literal:32] -> float_type, {64, 1, 1}, {1, 1, 1}, target_id=0
@36 = hip::hip_copy_literal[id=main:@literal:11] -> float_type, {128, 64, 1, 1}, {64, 1, 1, 1}, target_id=0
@37 = load[offset=0,end=51380224](@1) -> float_type, {64, 64, 56, 56}, {200704, 3136, 56, 1}, target_id=0
@38 = multibroadcast[out_lens={64, 64, 56, 56},out_dyn_dims={}](@35) -> float_type, {64, 64, 56, 56}, {0, 1, 0, 0}, target_id=0
@39 = gpu::code_object[code_object=13632,symbol_name=add_clip_kernel,global=1605632,local=1024,](@34,@38,@37) -> float_type, {64, 64, 56, 56}, {200704, 3136, 56, 1}, target_id=0
@40 = load[offset=0,end=0](@1) -> int8_type, {0}, {1}, target_id=0
@41 = load[offset=205520896,end=308281344](@1) -> float_type, {64, 128, 56, 56}, {401408, 3136, 56, 1}, target_id=0
@42 = gpu::convolution[op={padding={0, 0, 0, 0},stride={1, 1},dilation={1, 1},group=1,padding_mode=0},solution_object={binary_object: 472},algo=0,int8_x4_format=0,solution_id=0](@39,@36,@40,@41) -> float_type, {64, 128, 56, 56}, {401408, 3136, 56, 1}, target_id=0
@43 = hip::hip_copy_literal[id=main:@literal:35] -> float_type, {128, 1, 1}, {1, 1, 1}, target_id=0
@44 = hip::hip_copy_literal[id=main:@literal:18] -> float_type, {128, 1, 3, 3}, {9, 9, 3, 1}, target_id=0
@45 = load[offset=102760448,end=205520896](@1) -> float_type, {64, 128, 56, 56}, {401408, 3136, 56, 1}, target_id=0
@46 = multibroadcast[out_lens={64, 128, 56, 56},out_dyn_dims={}](@43) -> float_type, {64, 128, 56, 56}, {0, 1, 0, 0}, target_id=0
@47 = gpu::code_object[code_object=13632,symbol_name=add_clip_kernel,global=3211264,local=1024,](@42,@46,@45) -> float_type, {64, 128, 56, 56}, {401408, 3136, 56, 1}, target_id=0
@48 = load[offset=0,end=0](@1) -> int8_type, {0}, {1}, target_id=0
@49 = load[offset=256901120,end=359661568](@1) -> float_type, {64, 128, 56, 56}, {401408, 3136, 56, 1}, target_id=0
@50 = gpu::convolution[op={padding={1, 1, 1, 1},stride={1, 1},dilation={1, 1},group=128,padding_mode=0},solution_object={binary_object: 451},algo=0,int8_x4_format=0,solution_id=0](@47,@44,@48,@49) -> float_type, {64, 128, 56, 56}, {401408, 3136, 56, 1}, target_id=0
@51 = hip::hip_copy_literal[id=main:@literal:30] -> float_type, {128, 1, 1}, {1, 1, 1}, target_id=0
@52 = hip::hip_copy_literal[id=main:@literal:9] -> float_type, {128, 128, 1, 1}, {128, 1, 1, 1}, target_id=0
@53 = multibroadcast[out_lens={64, 128, 56, 56},out_dyn_dims={}](@51) -> float_type, {64, 128, 56, 56}, {0, 1, 0, 0}, target_id=0
@54 = load[offset=102760448,end=205520896](@1) -> float_type, {64, 128, 56, 56}, {401408, 3136, 56, 1}, target_id=0
@55 = gpu::code_object[code_object=13632,symbol_name=add_clip_kernel,global=3211264,local=1024,](@50,@53,@54) -> float_type, {64, 128, 56, 56}, {401408, 3136, 56, 1}, target_id=0
@56 = load[offset=0,end=0](@1) -> int8_type, {0}, {1}, target_id=0
@57 = load[offset=0,end=102760448](@1) -> float_type, {64, 128, 56, 56}, {401408, 3136, 56, 1}, target_id=0
@58 = gpu::convolution[op={padding={0, 0, 0, 0},stride={1, 1},dilation={1, 1},group=1,padding_mode=0},solution_object={binary_object: 475},algo=0,int8_x4_format=0,solution_id=0](@55,@52,@56,@57) -> float_type, {64, 128, 56, 56}, {401408, 3136, 56, 1}, target_id=0
@59 = hip::hip_copy_literal[id=main:@literal:25] -> float_type, {128, 1, 1}, {1, 1, 1}, target_id=0
@60 = hip::hip_copy_literal[id=main:@literal:26] -> float_type, {128, 1, 3, 3}, {9, 9, 3, 1}, target_id=0
@61 = multibroadcast[out_lens={64, 128, 56, 56},out_dyn_dims={}](@59) -> float_type, {64, 128, 56, 56}, {0, 1, 0, 0}, target_id=0
@62 = load[offset=209223680,end=311984128](@1) -> float_type, {64, 128, 56, 56}, {401408, 3136, 56, 1}, target_id=0
@63 = gpu::code_object[code_object=13632,symbol_name=add_clip_kernel,global=3211264,local=1024,](@58,@61,@62) -> float_type, {64, 128, 56, 56}, {401408, 3136, 56, 1}, target_id=0
@64 = load[offset=102760448,end=209223680](@1) -> float_type, {64, 128, 57, 57}, {415872, 3249, 57, 1}, target_id=0
@65 = gpu::code_object[code_object=13624,symbol_name=pad_kernel,global=307200,local=1024,](@63,@64) -> float_type, {64, 128, 57, 57}, {415872, 3249, 57, 1}, target_id=0
@66 = load[offset=0,end=0](@1) -> int8_type, {0}, {1}, target_id=0
@67 = load[offset=51380224,end=77070336](@1) -> float_type, {64, 128, 28, 28}, {100352, 784, 28, 1}, target_id=0
@68 = gpu::convolution[op={padding={0, 0, 0, 0},stride={2, 2},dilation={1, 1},group=128,padding_mode=0},solution_object={binary_object: 450},algo=0,int8_x4_format=0,solution_id=0](@65,@60,@66,@67) -> float_type, {64, 128, 28, 28}, {100352, 784, 28, 1}, target_id=0
@69 = hip::hip_copy_literal[id=main:@literal:2] -> float_type, {256, 128, 1, 1}, {128, 1, 1, 1}, target_id=0
@70 = hip::hip_copy_literal[id=main:@literal:31] -> float_type, {128, 1, 1}, {1, 1, 1}, target_id=0
@71 = multibroadcast[out_lens={64, 128, 28, 28},out_dyn_dims={}](@70) -> float_type, {64, 128, 28, 28}, {0, 1, 0, 0}, target_id=0
@72 = load[offset=25690112,end=51380224](@1) -> float_type, {64, 128, 28, 28}, {100352, 784, 28, 1}, target_id=0
@73 = gpu::code_object[code_object=13632,symbol_name=add_clip_kernel,global=802816,local=1024,](@68,@71,@72) -> float_type, {64, 128, 28, 28}, {100352, 784, 28, 1}, target_id=0
@74 = load[offset=0,end=0](@1) -> int8_type, {0}, {1}, target_id=0
@75 = load[offset=102760448,end=154140672](@1) -> float_type, {64, 256, 28, 28}, {200704, 784, 28, 1}, target_id=0
@76 = gpu::convolution[op={padding={0, 0, 0, 0},stride={1, 1},dilation={1, 1},group=1,padding_mode=0},solution_object={binary_object: 476},algo=0,int8_x4_format=0,solution_id=0](@73,@69,@74,@75) -> float_type, {64, 256, 28, 28}, {200704, 784, 28, 1}, target_id=0
@77 = hip::hip_copy_literal[id=main:@literal:22] -> float_type, {256, 1, 1}, {1, 1, 1}, target_id=0
@78 = hip::hip_copy_literal[id=main:@literal:40] -> float_type, {256, 1, 3, 3}, {9, 9, 3, 1}, target_id=0
@79 = multibroadcast[out_lens={64, 256, 28, 28},out_dyn_dims={}](@77) -> float_type, {64, 256, 28, 28}, {0, 1, 0, 0}, target_id=0
@80 = load[offset=51380224,end=102760448](@1) -> float_type, {64, 256, 28, 28}, {200704, 784, 28, 1}, target_id=0
@81 = gpu::code_object[code_object=13632,symbol_name=add_clip_kernel,global=1605632,local=1024,](@76,@79,@80) -> float_type, {64, 256, 28, 28}, {200704, 784, 28, 1}, target_id=0
@82 = load[offset=0,end=0](@1) -> int8_type, {0}, {1}, target_id=0
@83 = load[offset=128450560,end=179830784](@1) -> float_type, {64, 256, 28, 28}, {200704, 784, 28, 1}, target_id=0
@84 = gpu::convolution[op={padding={1, 1, 1, 1},stride={1, 1},dilation={1, 1},group=256,padding_mode=0},solution_object={binary_object: 455},algo=0,int8_x4_format=0,solution_id=0](@81,@78,@82,@83) -> float_type, {64, 256, 28, 28}, {200704, 784, 28, 1}, target_id=0
@85 = hip::hip_copy_literal[id=main:@literal:5] -> float_type, {256, 256, 1, 1}, {256, 1, 1, 1}, target_id=0
@86 = hip::hip_copy_literal[id=main:@literal:17] -> float_type, {256, 1, 1}, {1, 1, 1}, target_id=0
@87 = load[offset=51380224,end=102760448](@1) -> float_type, {64, 256, 28, 28}, {200704, 784, 28, 1}, target_id=0
@88 = multibroadcast[out_lens={64, 256, 28, 28},out_dyn_dims={}](@86) -> float_type, {64, 256, 28, 28}, {0, 1, 0, 0}, target_id=0
@89 = gpu::code_object[code_object=13632,symbol_name=add_clip_kernel,global=1605632,local=1024,](@84,@88,@87) -> float_type, {64, 256, 28, 28}, {200704, 784, 28, 1}, target_id=0
@90 = load[offset=0,end=0](@1) -> int8_type, {0}, {1}, target_id=0
@91 = load[offset=0,end=51380224](@1) -> float_type, {64, 256, 28, 28}, {200704, 784, 28, 1}, target_id=0
@92 = gpu::convolution[op={padding={0, 0, 0, 0},stride={1, 1},dilation={1, 1},group=1,padding_mode=0},solution_object={binary_object: 479},algo=0,int8_x4_format=0,solution_id=0](@89,@85,@90,@91) -> float_type, {64, 256, 28, 28}, {200704, 784, 28, 1}, target_id=0
@93 = hip::hip_copy_literal[id=main:@literal:36] -> float_type, {256, 1, 1}, {1, 1, 1}, target_id=0
@94 = hip::hip_copy_literal[id=main:@literal:20] -> float_type, {256, 1, 3, 3}, {9, 9, 3, 1}, target_id=0
@95 = multibroadcast[out_lens={64, 256, 28, 28},out_dyn_dims={}](@93) -> float_type, {64, 256, 28, 28}, {0, 1, 0, 0}, target_id=0
@96 = load[offset=106496000,end=157876224](@1) -> float_type, {64, 256, 28, 28}, {200704, 784, 28, 1}, target_id=0
@97 = gpu::code_object[code_object=13632,symbol_name=add_clip_kernel,global=1605632,local=1024,](@92,@95,@96) -> float_type, {64, 256, 28, 28}, {200704, 784, 28, 1}, target_id=0
@98 = load[offset=51380224,end=106496000](@1) -> float_type, {64, 256, 29, 29}, {215296, 841, 29, 1}, target_id=0
@99 = gpu::code_object[code_object=13624,symbol_name=pad_kernel,global=307200,local=1024,](@97,@98) -> float_type, {64, 256, 29, 29}, {215296, 841, 29, 1}, target_id=0
@100 = load[offset=0,end=0](@1) -> int8_type, {0}, {1}, target_id=0
@101 = load[offset=0,end=12845056](@1) -> float_type, {64, 256, 14, 14}, {50176, 196, 14, 1}, target_id=0
@102 = gpu::convolution[op={padding={0, 0, 0, 0},stride={2, 2},dilation={1, 1},group=256,padding_mode=0},solution_object={binary_object: 449},algo=0,int8_x4_format=0,solution_id=0](@99,@94,@100,@101) -> float_type, {64, 256, 14, 14}, {50176, 196, 14, 1}, target_id=0
@103 = hip::hip_copy_literal[id=main:@literal:8] -> float_type, {512, 256, 1, 1}, {256, 1, 1, 1}, target_id=0
@104 = hip::hip_copy_literal[id=main:@literal:19] -> float_type, {256, 1, 1}, {1, 1, 1}, target_id=0
@105 = load[offset=25690112,end=38535168](@1) -> float_type, {64, 256, 14, 14}, {50176, 196, 14, 1}, target_id=0
@106 = multibroadcast[out_lens={64, 256, 14, 14},out_dyn_dims={}](@104) -> float_type, {64, 256, 14, 14}, {0, 1, 0, 0}, target_id=0
@107 = gpu::code_object[code_object=13632,symbol_name=add_clip_kernel,global=802816,local=1024,](@102,@106,@105) -> float_type, {64, 256, 14, 14}, {50176, 196, 14, 1}, target_id=0
@108 = load[offset=0,end=0](@1) -> int8_type, {0}, {1}, target_id=0
@109 = load[offset=0,end=25690112](@1) -> float_type, {64, 512, 14, 14}, {100352, 196, 14, 1}, target_id=0
@110 = gpu::convolution[op={padding={0, 0, 0, 0},stride={1, 1},dilation={1, 1},group=1,padding_mode=0},solution_object={binary_object: 475},algo=0,int8_x4_format=0,solution_id=0](@107,@103,@108,@109) -> float_type, {64, 512, 14, 14}, {100352, 196, 14, 1}, target_id=0
@111 = hip::hip_copy_literal[id=main:@literal:21] -> float_type, {512, 1, 1}, {1, 1, 1}, target_id=0
@112 = hip::hip_copy_literal[id=main:@literal:16] -> float_type, {512, 1, 3, 3}, {9, 9, 3, 1}, target_id=0
@113 = multibroadcast[out_lens={64, 512, 14, 14},out_dyn_dims={}](@111) -> float_type, {64, 512, 14, 14}, {0, 1, 0, 0}, target_id=0
@114 = load[offset=38535168,end=64225280](@1) -> float_type, {64, 512, 14, 14}, {100352, 196, 14, 1}, target_id=0
@115 = gpu::code_object[code_object=13632,symbol_name=add_clip_kernel,global=1605632,local=1024,](@110,@113,@114) -> float_type, {64, 512, 14, 14}, {100352, 196, 14, 1}, target_id=0
@116 = load[offset=0,end=0](@1) -> int8_type, {0}, {1}, target_id=0
@117 = load[offset=0,end=25690112](@1) -> float_type, {64, 512, 14, 14}, {100352, 196, 14, 1}, target_id=0
@118 = gpu::convolution[op={padding={1, 1, 1, 1},stride={1, 1},dilation={1, 1},group=512,padding_mode=0},solution_object={binary_object: 451},algo=0,int8_x4_format=0,solution_id=0](@115,@112,@116,@117) -> float_type, {64, 512, 14, 14}, {100352, 196, 14, 1}, target_id=0
@119 = hip::hip_copy_literal[id=main:@literal:4] -> float_type, {512, 512, 1, 1}, {512, 1, 1, 1}, target_id=0
@120 = hip::hip_copy_literal[id=main:@literal:15] -> float_type, {512, 1, 1}, {1, 1, 1}, target_id=0
@121 = load[offset=51380224,end=77070336](@1) -> float_type, {64, 512, 14, 14}, {100352, 196, 14, 1}, target_id=0
@122 = multibroadcast[out_lens={64, 512, 14, 14},out_dyn_dims={}](@120) -> float_type, {64, 512, 14, 14}, {0, 1, 0, 0}, target_id=0
@123 = gpu::code_object[code_object=13632,symbol_name=add_clip_kernel,global=1605632,local=1024,](@118,@122,@121) -> float_type, {64, 512, 14, 14}, {100352, 196, 14, 1}, target_id=0
@124 = load[offset=0,end=0](@1) -> int8_type, {0}, {1}, target_id=0
@125 = load[offset=25690112,end=51380224](@1) -> float_type, {64, 512, 14, 14}, {100352, 196, 14, 1}, target_id=0
@126 = gpu::convolution[op={padding={0, 0, 0, 0},stride={1, 1},dilation={1, 1},group=1,padding_mode=0},solution_object={binary_object: 477},algo=0,int8_x4_format=0,solution_id=0](@123,@119,@124,@125) -> float_type, {64, 512, 14, 14}, {100352, 196, 14, 1}, target_id=0
@127 = hip::hip_copy_literal[id=main:@literal:29] -> float_type, {512, 1, 3, 3}, {9, 9, 3, 1}, target_id=0
@128 = hip::hip_copy_literal[id=main:@literal:27] -> float_type, {512, 1, 1}, {1, 1, 1}, target_id=0
@129 = load[offset=0,end=25690112](@1) -> float_type, {64, 512, 14, 14}, {100352, 196, 14, 1}, target_id=0
@130 = multibroadcast[out_lens={64, 512, 14, 14},out_dyn_dims={}](@128) -> float_type, {64, 512, 14, 14}, {0, 1, 0, 0}, target_id=0
@131 = gpu::code_object[code_object=13632,symbol_name=add_clip_kernel,global=1605632,local=1024,](@126,@130,@129) -> float_type, {64, 512, 14, 14}, {100352, 196, 14, 1}, target_id=0
@132 = load[offset=0,end=0](@1) -> int8_type, {0}, {1}, target_id=0
@133 = load[offset=51380224,end=77070336](@1) -> float_type, {64, 512, 14, 14}, {100352, 196, 14, 1}, target_id=0
@134 = gpu::convolution[op={padding={1, 1, 1, 1},stride={1, 1},dilation={1, 1},group=512,padding_mode=0},solution_object={binary_object: 451},algo=0,int8_x4_format=0,solution_id=0](@131,@127,@132,@133) -> float_type, {64, 512, 14, 14}, {100352, 196, 14, 1}, target_id=0
@135 = hip::hip_copy_literal[id=main:@literal:37] -> float_type, {512, 1, 1}, {1, 1, 1}, target_id=0
@136 = hip::hip_copy_literal[id=main:@literal:7] -> float_type, {512, 512, 1, 1}, {512, 1, 1, 1}, target_id=0
@137 = load[offset=25690112,end=51380224](@1) -> float_type, {64, 512, 14, 14}, {100352, 196, 14, 1}, target_id=0
@138 = multibroadcast[out_lens={64, 512, 14, 14},out_dyn_dims={}](@135) -> float_type, {64, 512, 14, 14}, {0, 1, 0, 0}, target_id=0
@139 = gpu::code_object[code_object=13632,symbol_name=add_clip_kernel,global=1605632,local=1024,](@134,@138,@137) -> float_type, {64, 512, 14, 14}, {100352, 196, 14, 1}, target_id=0
@140 = load[offset=0,end=0](@1) -> int8_type, {0}, {1}, target_id=0
@141 = load[offset=0,end=25690112](@1) -> float_type, {64, 512, 14, 14}, {100352, 196, 14, 1}, target_id=0
@142 = gpu::convolution[op={padding={0, 0, 0, 0},stride={1, 1},dilation={1, 1},group=1,padding_mode=0},solution_object={binary_object: 477},algo=0,int8_x4_format=0,solution_id=0](@139,@136,@140,@141) -> float_type, {64, 512, 14, 14}, {100352, 196, 14, 1}, target_id=0
@143 = hip::hip_copy_literal[id=main:@literal:41] -> float_type, {512, 1, 1}, {1, 1, 1}, target_id=0
@144 = hip::hip_copy_literal[id=main:@literal:42] -> float_type, {512, 1, 3, 3}, {9, 9, 3, 1}, target_id=0
@145 = load[offset=51380224,end=77070336](@1) -> float_type, {64, 512, 14, 14}, {100352, 196, 14, 1}, target_id=0
@146 = multibroadcast[out_lens={64, 512, 14, 14},out_dyn_dims={}](@143) -> float_type, {64, 512, 14, 14}, {0, 1, 0, 0}, target_id=0
@147 = gpu::code_object[code_object=13632,symbol_name=add_clip_kernel,global=1605632,local=1024,](@142,@146,@145) -> float_type, {64, 512, 14, 14}, {100352, 196, 14, 1}, target_id=0
@148 = load[offset=0,end=0](@1) -> int8_type, {0}, {1}, target_id=0
@149 = load[offset=25690112,end=51380224](@1) -> float_type, {64, 512, 14, 14}, {100352, 196, 14, 1}, target_id=0
@150 = gpu::convolution[op={padding={1, 1, 1, 1},stride={1, 1},dilation={1, 1},group=512,padding_mode=0},solution_object={binary_object: 451},algo=0,int8_x4_format=0,solution_id=0](@147,@144,@148,@149) -> float_type, {64, 512, 14, 14}, {100352, 196, 14, 1}, target_id=0
@151 = hip::hip_copy_literal[id=main:@literal:3] -> float_type, {512, 512, 1, 1}, {512, 1, 1, 1}, target_id=0
@152 = hip::hip_copy_literal[id=main:@literal:43] -> float_type, {512, 1, 1}, {1, 1, 1}, target_id=0
@153 = load[offset=0,end=25690112](@1) -> float_type, {64, 512, 14, 14}, {100352, 196, 14, 1}, target_id=0
@154 = multibroadcast[out_lens={64, 512, 14, 14},out_dyn_dims={}](@152) -> float_type, {64, 512, 14, 14}, {0, 1, 0, 0}, target_id=0
@155 = gpu::code_object[code_object=13632,symbol_name=add_clip_kernel,global=1605632,local=1024,](@150,@154,@153) -> float_type, {64, 512, 14, 14}, {100352, 196, 14, 1}, target_id=0
@156 = load[offset=0,end=0](@1) -> int8_type, {0}, {1}, target_id=0
@157 = load[offset=51380224,end=77070336](@1) -> float_type, {64, 512, 14, 14}, {100352, 196, 14, 1}, target_id=0
@158 = gpu::convolution[op={padding={0, 0, 0, 0},stride={1, 1},dilation={1, 1},group=1,padding_mode=0},solution_object={binary_object: 477},algo=0,int8_x4_format=0,solution_id=0](@155,@151,@156,@157) -> float_type, {64, 512, 14, 14}, {100352, 196, 14, 1}, target_id=0
@159 = hip::hip_copy_literal[id=main:@literal:45] -> float_type, {512, 1, 3, 3}, {9, 9, 3, 1}, target_id=0
@160 = hip::hip_copy_literal[id=main:@literal:44] -> float_type, {512, 1, 1}, {1, 1, 1}, target_id=0
@161 = load[offset=25690112,end=51380224](@1) -> float_type, {64, 512, 14, 14}, {100352, 196, 14, 1}, target_id=0
@162 = multibroadcast[out_lens={64, 512, 14, 14},out_dyn_dims={}](@160) -> float_type, {64, 512, 14, 14}, {0, 1, 0, 0}, target_id=0
@163 = gpu::code_object[code_object=13632,symbol_name=add_clip_kernel,global=1605632,local=1024,](@158,@162,@161) -> float_type, {64, 512, 14, 14}, {100352, 196, 14, 1}, target_id=0
@164 = load[offset=0,end=0](@1) -> int8_type, {0}, {1}, target_id=0
@165 = load[offset=0,end=25690112](@1) -> float_type, {64, 512, 14, 14}, {100352, 196, 14, 1}, target_id=0
@166 = gpu::convolution[op={padding={1, 1, 1, 1},stride={1, 1},dilation={1, 1},group=512,padding_mode=0},solution_object={binary_object: 451},algo=0,int8_x4_format=0,solution_id=0](@163,@159,@164,@165) -> float_type, {64, 512, 14, 14}, {100352, 196, 14, 1}, target_id=0
@167 = hip::hip_copy_literal[id=main:@literal:1] -> float_type, {512, 512, 1, 1}, {512, 1, 1, 1}, target_id=0
@168 = hip::hip_copy_literal[id=main:@literal:46] -> float_type, {512, 1, 1}, {1, 1, 1}, target_id=0
@169 = multibroadcast[out_lens={64, 512, 14, 14},out_dyn_dims={}](@168) -> float_type, {64, 512, 14, 14}, {0, 1, 0, 0}, target_id=0
@170 = load[offset=51380224,end=77070336](@1) -> float_type, {64, 512, 14, 14}, {100352, 196, 14, 1}, target_id=0
@171 = gpu::code_object[code_object=13632,symbol_name=add_clip_kernel,global=1605632,local=1024,](@166,@169,@170) -> float_type, {64, 512, 14, 14}, {100352, 196, 14, 1}, target_id=0
@172 = load[offset=0,end=0](@1) -> int8_type, {0}, {1}, target_id=0
@173 = load[offset=25690112,end=51380224](@1) -> float_type, {64, 512, 14, 14}, {100352, 196, 14, 1}, target_id=0
@174 = gpu::convolution[op={padding={0, 0, 0, 0},stride={1, 1},dilation={1, 1},group=1,padding_mode=0},solution_object={binary_object: 477},algo=0,int8_x4_format=0,solution_id=0](@171,@167,@172,@173) -> float_type, {64, 512, 14, 14}, {100352, 196, 14, 1}, target_id=0
@175 = hip::hip_copy_literal[id=main:@literal:55] -> float_type, {1001}, {1}, target_id=0
@176 = hip::hip_copy_literal[id=main:@literal:13] -> float_type, {1024, 1024, 1, 1}, {1024, 1, 1, 1}, target_id=0
@177 = hip::hip_copy_literal[id=main:@literal:14] -> float_type, {1001, 1024, 1, 1}, {1024, 1, 1, 1}, target_id=0
@178 = hip::hip_copy_literal[id=main:@literal:0] -> float_type, {1024, 512, 1, 1}, {512, 1, 1, 1}, target_id=0
@179 = hip::hip_copy_literal[id=main:@literal:54] -> float_type, {1024, 1, 1}, {1, 1, 1}, target_id=0
@180 = hip::hip_copy_literal[id=main:@literal:52] -> float_type, {1024, 1, 1}, {1, 1, 1}, target_id=0
@181 = hip::hip_copy_literal[id=main:@literal:6] -> float_type, {512, 512, 1, 1}, {512, 1, 1, 1}, target_id=0
@182 = hip::hip_copy_literal[id=main:@literal:48] -> float_type, {512, 1, 3, 3}, {9, 9, 3, 1}, target_id=0
@183 = hip::hip_copy_literal[id=main:@literal:49] -> float_type, {512, 1, 1}, {1, 1, 1}, target_id=0
@184 = hip::hip_copy_literal[id=main:@literal:53] -> float_type, {1024, 1, 1}, {1, 1, 1}, target_id=0
@185 = hip::hip_copy_literal[id=main:@literal:51] -> float_type, {512, 1, 3, 3}, {9, 9, 3, 1}, target_id=0
@186 = hip::hip_copy_literal[id=main:@literal:50] -> float_type, {512, 1, 1}, {1, 1, 1}, target_id=0
@187 = hip::hip_copy_literal[id=main:@literal:33] -> float_type, {512, 1, 1}, {1, 1, 1}, target_id=0
@188 = hip::hip_copy_literal[id=main:@literal:23] -> float_type, {1024, 1, 3, 3}, {9, 9, 3, 1}, target_id=0
@189 = hip::hip_copy_literal[id=main:@literal:47] -> float_type, {512, 1, 1}, {1, 1, 1}, target_id=0
@190 = load[offset=0,end=25690112](@1) -> float_type, {64, 512, 14, 14}, {100352, 196, 14, 1}, target_id=0
@191 = multibroadcast[out_lens={64, 512, 14, 14},out_dyn_dims={}](@189) -> float_type, {64, 512, 14, 14}, {0, 1, 0, 0}, target_id=0
@192 = gpu::code_object[code_object=13632,symbol_name=add_clip_kernel,global=1605632,local=1024,](@174,@191,@190) -> float_type, {64, 512, 14, 14}, {100352, 196, 14, 1}, target_id=0
@193 = load[offset=0,end=0](@1) -> int8_type, {0}, {1}, target_id=0
@194 = load[offset=51380224,end=77070336](@1) -> float_type, {64, 512, 14, 14}, {100352, 196, 14, 1}, target_id=0
@195 = gpu::convolution[op={padding={1, 1, 1, 1},stride={1, 1},dilation={1, 1},group=512,padding_mode=0},solution_object={binary_object: 451},algo=0,int8_x4_format=0,solution_id=0](@192,@182,@193,@194) -> float_type, {64, 512, 14, 14}, {100352, 196, 14, 1}, target_id=0
@196 = load[offset=25690112,end=51380224](@1) -> float_type, {64, 512, 14, 14}, {100352, 196, 14, 1}, target_id=0
@197 = multibroadcast[out_lens={64, 512, 14, 14},out_dyn_dims={}](@183) -> float_type, {64, 512, 14, 14}, {0, 1, 0, 0}, target_id=0
@198 = gpu::code_object[code_object=13632,symbol_name=add_clip_kernel,global=1605632,local=1024,](@195,@197,@196) -> float_type, {64, 512, 14, 14}, {100352, 196, 14, 1}, target_id=0
@199 = load[offset=0,end=0](@1) -> int8_type, {0}, {1}, target_id=0
@200 = load[offset=0,end=25690112](@1) -> float_type, {64, 512, 14, 14}, {100352, 196, 14, 1}, target_id=0
@201 = gpu::convolution[op={padding={0, 0, 0, 0},stride={1, 1},dilation={1, 1},group=1,padding_mode=0},solution_object={binary_object: 477},algo=0,int8_x4_format=0,solution_id=0](@198,@181,@199,@200) -> float_type, {64, 512, 14, 14}, {100352, 196, 14, 1}, target_id=0
@202 = load[offset=55181312,end=80871424](@1) -> float_type, {64, 512, 14, 14}, {100352, 196, 14, 1}, target_id=0
@203 = multibroadcast[out_lens={64, 512, 14, 14},out_dyn_dims={}](@186) -> float_type, {64, 512, 14, 14}, {0, 1, 0, 0}, target_id=0
@204 = gpu::code_object[code_object=13632,symbol_name=add_clip_kernel,global=1605632,local=1024,](@201,@203,@202) -> float_type, {64, 512, 14, 14}, {100352, 196, 14, 1}, target_id=0
@205 = load[offset=25690112,end=55181312](@1) -> float_type, {64, 512, 15, 15}, {115200, 225, 15, 1}, target_id=0
@206 = gpu::code_object[code_object=13624,symbol_name=pad_kernel,global=307200,local=1024,](@204,@205) -> float_type, {64, 512, 15, 15}, {115200, 225, 15, 1}, target_id=0
@207 = load[offset=0,end=0](@1) -> int8_type, {0}, {1}, target_id=0
@208 = load[offset=0,end=6422528](@1) -> float_type, {64, 512, 7, 7}, {25088, 49, 7, 1}, target_id=0
@209 = gpu::convolution[op={padding={0, 0, 0, 0},stride={2, 2},dilation={1, 1},group=512,padding_mode=0},solution_object={binary_object: 446},algo=0,int8_x4_format=0,solution_id=0](@206,@185,@207,@208) -> float_type, {64, 512, 7, 7}, {25088, 49, 7, 1}, target_id=0
@210 = load[offset=12845056,end=19267584](@1) -> float_type, {64, 512, 7, 7}, {25088, 49, 7, 1}, target_id=0
@211 = multibroadcast[out_lens={64, 512, 7, 7},out_dyn_dims={}](@187) -> float_type, {64, 512, 7, 7}, {0, 1, 0, 0}, target_id=0
@212 = gpu::code_object[code_object=13632,symbol_name=add_clip_kernel,global=1605632,local=1024,](@209,@211,@210) -> float_type, {64, 512, 7, 7}, {25088, 49, 7, 1}, target_id=0
@213 = load[offset=0,end=0](@1) -> int8_type, {0}, {1}, target_id=0
@214 = load[offset=0,end=12845056](@1) -> float_type, {64, 1024, 7, 7}, {50176, 49, 7, 1}, target_id=0
@215 = gpu::convolution[op={padding={0, 0, 0, 0},stride={1, 1},dilation={1, 1},group=1,padding_mode=0},solution_object={binary_object: 470},algo=0,int8_x4_format=0,solution_id=0](@212,@178,@213,@214) -> float_type, {64, 1024, 7, 7}, {50176, 49, 7, 1}, target_id=0
@216 = load[offset=19267584,end=32112640](@1) -> float_type, {64, 1024, 7, 7}, {50176, 49, 7, 1}, target_id=0
@217 = multibroadcast[out_lens={64, 1024, 7, 7},out_dyn_dims={}](@180) -> float_type, {64, 1024, 7, 7}, {0, 1, 0, 0}, target_id=0
@218 = gpu::code_object[code_object=13632,symbol_name=add_clip_kernel,global=3211264,local=1024,](@215,@217,@216) -> float_type, {64, 1024, 7, 7}, {50176, 49, 7, 1}, target_id=0
@219 = load[offset=0,end=0](@1) -> int8_type, {0}, {1}, target_id=0
@220 = load[offset=0,end=12845056](@1) -> float_type, {64, 1024, 7, 7}, {50176, 49, 7, 1}, target_id=0
@221 = gpu::convolution[op={padding={1, 1, 1, 1},stride={1, 1},dilation={1, 1},group=1024,padding_mode=0},solution_object={binary_object: 443},algo=0,int8_x4_format=0,solution_id=0](@218,@188,@219,@220) -> float_type, {64, 1024, 7, 7}, {50176, 49, 7, 1}, target_id=0
@222 = load[offset=25952256,end=38797312](@1) -> float_type, {64, 1024, 7, 7}, {50176, 49, 7, 1}, target_id=0
@223 = multibroadcast[out_lens={64, 1024, 7, 7},out_dyn_dims={}](@184) -> float_type, {64, 1024, 7, 7}, {0, 1, 0, 0}, target_id=0
@224 = gpu::code_object[code_object=13632,symbol_name=add_clip_kernel,global=3211264,local=1024,](@221,@223,@222) -> float_type, {64, 1024, 7, 7}, {50176, 49, 7, 1}, target_id=0
@225 = load[offset=0,end=0](@1) -> int8_type, {0}, {1}, target_id=0
@226 = load[offset=13107200,end=25952256](@1) -> float_type, {64, 1024, 7, 7}, {50176, 49, 7, 1}, target_id=0
@227 = gpu::convolution[op={padding={0, 0, 0, 0},stride={1, 1},dilation={1, 1},group=1,padding_mode=0},solution_object={binary_object: 451},algo=0,int8_x4_format=0,solution_id=0](@224,@176,@225,@226) -> float_type, {64, 1024, 7, 7}, {50176, 49, 7, 1}, target_id=0
@228 = multibroadcast[out_lens={64, 1024, 7, 7},out_dyn_dims={}](@179) -> float_type, {64, 1024, 7, 7}, {0, 1, 0, 0}, target_id=0
@229 = load[offset=262144,end=13107200](@1) -> float_type, {64, 1024, 7, 7}, {50176, 49, 7, 1}, target_id=0
@230 = gpu::code_object[code_object=13632,symbol_name=add_clip_kernel,global=3211264,local=1024,](@227,@228,@229) -> float_type, {64, 1024, 7, 7}, {50176, 49, 7, 1}, target_id=0
@231 = load[offset=13107200,end=13369344](@1) -> float_type, {64, 1024, 1, 1}, {1024, 1, 1, 1}, target_id=0
@232 = gpu::pooling[mode=average,padding={0, 0, 0, 0},stride={2, 2},lengths={7, 7},ceil_mode=0,lp_order=2,dyn_global=0](@230,@231) -> float_type, {64, 1024, 1, 1}, {1024, 1, 1, 1}, target_id=0
@233 = load[offset=0,end=0](@1) -> int8_type, {0}, {1}, target_id=0
@234 = load[offset=256256,end=512512](@1) -> float_type, {64, 1001, 1, 1}, {1001, 1, 1, 1}, target_id=0
@235 = gpu::convolution[op={padding={0, 0, 0, 0},stride={1, 1},dilation={1, 1},group=1,padding_mode=0},solution_object={binary_object: 549},algo=0,int8_x4_format=0,solution_id=0](@232,@177,@233,@234) -> float_type, {64, 1001, 1, 1}, {1001, 1, 1, 1}, target_id=0
@236 = broadcast[axis=1,out_lens={64, 1001, 1, 1}](@175) -> float_type, {64, 1001, 1, 1}, {0, 1, 0, 0}, target_id=0
@237 = load[offset=512512,end=768768](@1) -> float_type, {64, 1001, 1, 1}, {1001, 1, 1, 1}, target_id=0
@238 = gpu::code_object[code_object=13624,symbol_name=add_kernel,global=64064,local=1024,](@235,@236,@237) -> float_type, {64, 1001, 1, 1}, {1001, 1, 1, 1}, target_id=0
main:#output_0 = @param:main:#output_0 -> float_type, {64, 1001}, {1001, 1}, target_id=0
@240 = transpose[permutation={0, 2, 3, 1}](@238) -> float_type, {64, 1, 1, 1001}, {1001, 1, 1, 1}, target_id=0
@241 = squeeze[axes={1, 2}](@240) -> float_type, {64, 1001}, {1001, 1}, target_id=0
@242 = gpu::code_object[code_object=13632,symbol_name=softmax_kernel,global=16384,local=256,](@241,main:#output_0) -> float_type, {64, 1001}, {1001, 1}, target_id=0
@243 = @return(@242), target_id=0


Allocating params ... 
Running performance report ... 
@0 = check_context::migraphx::gpu::context  -> float_type, {}, {}, target_id=0: 0.0009993ms, 1%
@1 = hip::hip_allocate_memory[shape=int8_type, {414728192}, {1},id=main:scratch] -> int8_type, {414728192}, {1}, target_id=0: 0.0009051ms, 1%
@2 = load[offset=102760448,end=141640448](@1) -> float_type, {64, 3, 225, 225}, {151875, 50625, 225, 1}, target_id=0: 0.0007895ms, 1%
input = @param:input -> float_type, {64, 3, 224, 224}, {150528, 50176, 224, 1}, target_id=0: 0.0004986ms, 1%
@4 = gpu::code_object[code_object=13624,symbol_name=pad_kernel,global=307200,local=1024,](input,@2) -> float_type, {64, 3, 225, 225}, {151875, 50625, 225, 1}, target_id=0: 0.120468ms, 2%
@5 = hip::hip_copy_literal[id=main:@literal:12] -> float_type, {32, 3, 3, 3}, {27, 9, 3, 1}, target_id=0: 0.0009362ms, 1%
@6 = load[offset=0,end=0](@1) -> int8_type, {0}, {1}, target_id=0: 0.00068704ms, 1%
@7 = load[offset=0,end=102760448](@1) -> float_type, {64, 32, 112, 112}, {401408, 12544, 112, 1}, target_id=0: 0.00064066ms, 1%
@8 = gpu::convolution[op={padding={0, 0, 0, 0},stride={2, 2},dilation={1, 1},group=1,padding_mode=0},solution_object={binary_object: 453},algo=0,int8_x4_format=0,solution_id=0](@4,@5,@6,@7) -> float_type, {64, 32, 112, 112}, {401408, 12544, 112, 1}, target_id=0: 0.190809ms, 2%
@9 = hip::hip_copy_literal[id=main:@literal:24] -> float_type, {32, 1, 3, 3}, {9, 9, 3, 1}, target_id=0: 0.00083376ms, 1%
@10 = hip::hip_copy_literal[id=main:@literal:28] -> float_type, {32, 1, 1}, {1, 1, 1}, target_id=0: 0.00064398ms, 1%
@11 = load[offset=141640448,end=244400896](@1) -> float_type, {64, 32, 112, 112}, {401408, 12544, 112, 1}, target_id=0: 0.00073526ms, 1%
@12 = multibroadcast[out_lens={64, 32, 112, 112},out_dyn_dims={}](@10) -> float_type, {64, 32, 112, 112}, {0, 1, 0, 0}, target_id=0: 0.00113658ms, 1%
@13 = gpu::code_object[code_object=13632,symbol_name=add_clip_kernel,global=3211264,local=1024,](@8,@12,@11) -> float_type, {64, 32, 112, 112}, {401408, 12544, 112, 1}, target_id=0: 0.225579ms, 3%
@14 = load[offset=0,end=0](@1) -> int8_type, {0}, {1}, target_id=0: 0.00078592ms, 1%
@15 = load[offset=0,end=102760448](@1) -> float_type, {64, 32, 112, 112}, {401408, 12544, 112, 1}, target_id=0: 0.00063342ms, 1%
@16 = gpu::convolution[op={padding={1, 1, 1, 1},stride={1, 1},dilation={1, 1},group=32,padding_mode=0},solution_object={binary_object: 446},algo=0,int8_x4_format=0,solution_id=0](@13,@9,@14,@15) -> float_type, {64, 32, 112, 112}, {401408, 12544, 112, 1}, target_id=0: 0.269605ms, 3%
@17 = hip::hip_copy_literal[id=main:@literal:10] -> float_type, {64, 32, 1, 1}, {32, 1, 1, 1}, target_id=0: 0.00083684ms, 1%
@18 = hip::hip_copy_literal[id=main:@literal:39] -> float_type, {32, 1, 1}, {1, 1, 1}, target_id=0: 0.00064612ms, 1%
@19 = multibroadcast[out_lens={64, 32, 112, 112},out_dyn_dims={}](@18) -> float_type, {64, 32, 112, 112}, {0, 1, 0, 0}, target_id=0: 0.00101218ms, 1%
@20 = load[offset=205520896,end=308281344](@1) -> float_type, {64, 32, 112, 112}, {401408, 12544, 112, 1}, target_id=0: 0.00070232ms, 1%
@21 = gpu::code_object[code_object=13632,symbol_name=add_clip_kernel,global=3211264,local=1024,](@16,@19,@20) -> float_type, {64, 32, 112, 112}, {401408, 12544, 112, 1}, target_id=0: 0.225176ms, 3%
@22 = load[offset=0,end=0](@1) -> int8_type, {0}, {1}, target_id=0: 0.00077308ms, 1%
@23 = load[offset=0,end=205520896](@1) -> float_type, {64, 64, 112, 112}, {802816, 12544, 112, 1}, target_id=0: 0.00061684ms, 1%
@24 = gpu::convolution[op={padding={0, 0, 0, 0},stride={1, 1},dilation={1, 1},group=1,padding_mode=0},solution_object={binary_object: 437},algo=0,int8_x4_format=0,solution_id=0](@21,@17,@22,@23) -> float_type, {64, 64, 112, 112}, {802816, 12544, 112, 1}, target_id=0: 0.351121ms, 4%
@25 = hip::hip_copy_literal[id=main:@literal:38] -> float_type, {64, 1, 1}, {1, 1, 1}, target_id=0: 0.00083024ms, 1%
@26 = hip::hip_copy_literal[id=main:@literal:34] -> float_type, {64, 1, 3, 3}, {9, 9, 3, 1}, target_id=0: 0.00061922ms, 1%
@27 = multibroadcast[out_lens={64, 64, 112, 112},out_dyn_dims={}](@25) -> float_type, {64, 64, 112, 112}, {0, 1, 0, 0}, target_id=0: 0.00101016ms, 1%
@28 = load[offset=209207296,end=414728192](@1) -> float_type, {64, 64, 112, 112}, {802816, 12544, 112, 1}, target_id=0: 0.00068996ms, 1%
@29 = gpu::code_object[code_object=13632,symbol_name=add_clip_kernel,global=6422528,local=1024,](@24,@27,@28) -> float_type, {64, 64, 112, 112}, {802816, 12544, 112, 1}, target_id=0: 0.430369ms, 5%
@30 = load[offset=0,end=209207296](@1) -> float_type, {64, 64, 113, 113}, {817216, 12769, 113, 1}, target_id=0: 0.00076788ms, 1%
@31 = gpu::code_object[code_object=13624,symbol_name=pad_kernel,global=307200,local=1024,](@29,@30) -> float_type, {64, 64, 113, 113}, {817216, 12769, 113, 1}, target_id=0: 0.545814ms, 6%
@32 = load[offset=0,end=0](@1) -> int8_type, {0}, {1}, target_id=0: 0.00078498ms, 1%
@33 = load[offset=209207296,end=260587520](@1) -> float_type, {64, 64, 56, 56}, {200704, 3136, 56, 1}, target_id=0: 0.00062352ms, 1%
@34 = gpu::convolution[op={padding={0, 0, 0, 0},stride={2, 2},dilation={1, 1},group=64,padding_mode=0},solution_object={binary_object: 446},algo=0,int8_x4_format=0,solution_id=0](@31,@26,@32,@33) -> float_type, {64, 64, 56, 56}, {200704, 3136, 56, 1}, target_id=0: 0.372721ms, 4%
@35 = hip::hip_copy_literal[id=main:@literal:32] -> float_type, {64, 1, 1}, {1, 1, 1}, target_id=0: 0.00083432ms, 1%
@36 = hip::hip_copy_literal[id=main:@literal:11] -> float_type, {128, 64, 1, 1}, {64, 1, 1, 1}, target_id=0: 0.00067144ms, 1%
@37 = load[offset=0,end=51380224](@1) -> float_type, {64, 64, 56, 56}, {200704, 3136, 56, 1}, target_id=0: 0.00072436ms, 1%
@38 = multibroadcast[out_lens={64, 64, 56, 56},out_dyn_dims={}](@35) -> float_type, {64, 64, 56, 56}, {0, 1, 0, 0}, target_id=0: 0.00098586ms, 1%
@39 = gpu::code_object[code_object=13632,symbol_name=add_clip_kernel,global=1605632,local=1024,](@34,@38,@37) -> float_type, {64, 64, 56, 56}, {200704, 3136, 56, 1}, target_id=0: 0.121785ms, 2%
@40 = load[offset=0,end=0](@1) -> int8_type, {0}, {1}, target_id=0: 0.00080414ms, 1%
@41 = load[offset=205520896,end=308281344](@1) -> float_type, {64, 128, 56, 56}, {401408, 3136, 56, 1}, target_id=0: 0.00062412ms, 1%
@42 = gpu::convolution[op={padding={0, 0, 0, 0},stride={1, 1},dilation={1, 1},group=1,padding_mode=0},solution_object={binary_object: 472},algo=0,int8_x4_format=0,solution_id=0](@39,@36,@40,@41) -> float_type, {64, 128, 56, 56}, {401408, 3136, 56, 1}, target_id=0: 0.217105ms, 3%
@43 = hip::hip_copy_literal[id=main:@literal:35] -> float_type, {128, 1, 1}, {1, 1, 1}, target_id=0: 0.0008018ms, 1%
@44 = hip::hip_copy_literal[id=main:@literal:18] -> float_type, {128, 1, 3, 3}, {9, 9, 3, 1}, target_id=0: 0.00065658ms, 1%
@45 = load[offset=102760448,end=205520896](@1) -> float_type, {64, 128, 56, 56}, {401408, 3136, 56, 1}, target_id=0: 0.000725ms, 1%
@46 = multibroadcast[out_lens={64, 128, 56, 56},out_dyn_dims={}](@43) -> float_type, {64, 128, 56, 56}, {0, 1, 0, 0}, target_id=0: 0.0009945ms, 1%
@47 = gpu::code_object[code_object=13632,symbol_name=add_clip_kernel,global=3211264,local=1024,](@42,@46,@45) -> float_type, {64, 128, 56, 56}, {401408, 3136, 56, 1}, target_id=0: 0.22498ms, 3%
@48 = load[offset=0,end=0](@1) -> int8_type, {0}, {1}, target_id=0: 0.0007984ms, 1%
@49 = load[offset=256901120,end=359661568](@1) -> float_type, {64, 128, 56, 56}, {401408, 3136, 56, 1}, target_id=0: 0.00065336ms, 1%
@50 = gpu::convolution[op={padding={1, 1, 1, 1},stride={1, 1},dilation={1, 1},group=128,padding_mode=0},solution_object={binary_object: 451},algo=0,int8_x4_format=0,solution_id=0](@47,@44,@48,@49) -> float_type, {64, 128, 56, 56}, {401408, 3136, 56, 1}, target_id=0: 0.28211ms, 3%
@51 = hip::hip_copy_literal[id=main:@literal:30] -> float_type, {128, 1, 1}, {1, 1, 1}, target_id=0: 0.00084258ms, 1%
@52 = hip::hip_copy_literal[id=main:@literal:9] -> float_type, {128, 128, 1, 1}, {128, 1, 1, 1}, target_id=0: 0.00057978ms, 1%
@53 = multibroadcast[out_lens={64, 128, 56, 56},out_dyn_dims={}](@51) -> float_type, {64, 128, 56, 56}, {0, 1, 0, 0}, target_id=0: 0.00100648ms, 1%
@54 = load[offset=102760448,end=205520896](@1) -> float_type, {64, 128, 56, 56}, {401408, 3136, 56, 1}, target_id=0: 0.00069364ms, 1%
@55 = gpu::code_object[code_object=13632,symbol_name=add_clip_kernel,global=3211264,local=1024,](@50,@53,@54) -> float_type, {64, 128, 56, 56}, {401408, 3136, 56, 1}, target_id=0: 0.225154ms, 3%
@56 = load[offset=0,end=0](@1) -> int8_type, {0}, {1}, target_id=0: 0.00080652ms, 1%
@57 = load[offset=0,end=102760448](@1) -> float_type, {64, 128, 56, 56}, {401408, 3136, 56, 1}, target_id=0: 0.00064504ms, 1%
@58 = gpu::convolution[op={padding={0, 0, 0, 0},stride={1, 1},dilation={1, 1},group=1,padding_mode=0},solution_object={binary_object: 475},algo=0,int8_x4_format=0,solution_id=0](@55,@52,@56,@57) -> float_type, {64, 128, 56, 56}, {401408, 3136, 56, 1}, target_id=0: 0.280059ms, 3%
@59 = hip::hip_copy_literal[id=main:@literal:25] -> float_type, {128, 1, 1}, {1, 1, 1}, target_id=0: 0.00086258ms, 1%
@60 = hip::hip_copy_literal[id=main:@literal:26] -> float_type, {128, 1, 3, 3}, {9, 9, 3, 1}, target_id=0: 0.00065648ms, 1%
@61 = multibroadcast[out_lens={64, 128, 56, 56},out_dyn_dims={}](@59) -> float_type, {64, 128, 56, 56}, {0, 1, 0, 0}, target_id=0: 0.00100508ms, 1%
@62 = load[offset=209223680,end=311984128](@1) -> float_type, {64, 128, 56, 56}, {401408, 3136, 56, 1}, target_id=0: 0.00070368ms, 1%
@63 = gpu::code_object[code_object=13632,symbol_name=add_clip_kernel,global=3211264,local=1024,](@58,@61,@62) -> float_type, {64, 128, 56, 56}, {401408, 3136, 56, 1}, target_id=0: 0.225236ms, 3%
@64 = load[offset=102760448,end=209223680](@1) -> float_type, {64, 128, 57, 57}, {415872, 3249, 57, 1}, target_id=0: 0.00076624ms, 1%
@65 = gpu::code_object[code_object=13624,symbol_name=pad_kernel,global=307200,local=1024,](@63,@64) -> float_type, {64, 128, 57, 57}, {415872, 3249, 57, 1}, target_id=0: 0.282752ms, 3%
@66 = load[offset=0,end=0](@1) -> int8_type, {0}, {1}, target_id=0: 0.00080388ms, 1%
@67 = load[offset=51380224,end=77070336](@1) -> float_type, {64, 128, 28, 28}, {100352, 784, 28, 1}, target_id=0: 0.00060912ms, 1%
@68 = gpu::convolution[op={padding={0, 0, 0, 0},stride={2, 2},dilation={1, 1},group=128,padding_mode=0},solution_object={binary_object: 450},algo=0,int8_x4_format=0,solution_id=0](@65,@60,@66,@67) -> float_type, {64, 128, 28, 28}, {100352, 784, 28, 1}, target_id=0: 0.200284ms, 2%
@69 = hip::hip_copy_literal[id=main:@literal:2] -> float_type, {256, 128, 1, 1}, {128, 1, 1, 1}, target_id=0: 0.0007908ms, 1%
@70 = hip::hip_copy_literal[id=main:@literal:31] -> float_type, {128, 1, 1}, {1, 1, 1}, target_id=0: 0.0006761ms, 1%
@71 = multibroadcast[out_lens={64, 128, 28, 28},out_dyn_dims={}](@70) -> float_type, {64, 128, 28, 28}, {0, 1, 0, 0}, target_id=0: 0.0010181ms, 1%
@72 = load[offset=25690112,end=51380224](@1) -> float_type, {64, 128, 28, 28}, {100352, 784, 28, 1}, target_id=0: 0.00071192ms, 1%
@73 = gpu::code_object[code_object=13632,symbol_name=add_clip_kernel,global=802816,local=1024,](@68,@71,@72) -> float_type, {64, 128, 28, 28}, {100352, 784, 28, 1}, target_id=0: 0.0717056ms, 1%
@74 = load[offset=0,end=0](@1) -> int8_type, {0}, {1}, target_id=0: 0.00080704ms, 1%
@75 = load[offset=102760448,end=154140672](@1) -> float_type, {64, 256, 28, 28}, {200704, 784, 28, 1}, target_id=0: 0.00063876ms, 1%
@76 = gpu::convolution[op={padding={0, 0, 0, 0},stride={1, 1},dilation={1, 1},group=1,padding_mode=0},solution_object={binary_object: 476},algo=0,int8_x4_format=0,solution_id=0](@73,@69,@74,@75) -> float_type, {64, 256, 28, 28}, {200704, 784, 28, 1}, target_id=0: 0.13837ms, 2%
@77 = hip::hip_copy_literal[id=main:@literal:22] -> float_type, {256, 1, 1}, {1, 1, 1}, target_id=0: 0.00079318ms, 1%
@78 = hip::hip_copy_literal[id=main:@literal:40] -> float_type, {256, 1, 3, 3}, {9, 9, 3, 1}, target_id=0: 0.00063538ms, 1%
@79 = multibroadcast[out_lens={64, 256, 28, 28},out_dyn_dims={}](@77) -> float_type, {64, 256, 28, 28}, {0, 1, 0, 0}, target_id=0: 0.00100598ms, 1%
@80 = load[offset=51380224,end=102760448](@1) -> float_type, {64, 256, 28, 28}, {200704, 784, 28, 1}, target_id=0: 0.0007094ms, 1%
@81 = gpu::code_object[code_object=13632,symbol_name=add_clip_kernel,global=1605632,local=1024,](@76,@79,@80) -> float_type, {64, 256, 28, 28}, {200704, 784, 28, 1}, target_id=0: 0.12256ms, 2%
@82 = load[offset=0,end=0](@1) -> int8_type, {0}, {1}, target_id=0: 0.0007944ms, 1%
@83 = load[offset=128450560,end=179830784](@1) -> float_type, {64, 256, 28, 28}, {200704, 784, 28, 1}, target_id=0: 0.0006262ms, 1%
@84 = gpu::convolution[op={padding={1, 1, 1, 1},stride={1, 1},dilation={1, 1},group=256,padding_mode=0},solution_object={binary_object: 455},algo=0,int8_x4_format=0,solution_id=0](@81,@78,@82,@83) -> float_type, {64, 256, 28, 28}, {200704, 784, 28, 1}, target_id=0: 0.162964ms, 2%
@85 = hip::hip_copy_literal[id=main:@literal:5] -> float_type, {256, 256, 1, 1}, {256, 1, 1, 1}, target_id=0: 0.00077782ms, 1%
@86 = hip::hip_copy_literal[id=main:@literal:17] -> float_type, {256, 1, 1}, {1, 1, 1}, target_id=0: 0.00065118ms, 1%
@87 = load[offset=51380224,end=102760448](@1) -> float_type, {64, 256, 28, 28}, {200704, 784, 28, 1}, target_id=0: 0.00072584ms, 1%
@88 = multibroadcast[out_lens={64, 256, 28, 28},out_dyn_dims={}](@86) -> float_type, {64, 256, 28, 28}, {0, 1, 0, 0}, target_id=0: 0.00099346ms, 1%
@89 = gpu::code_object[code_object=13632,symbol_name=add_clip_kernel,global=1605632,local=1024,](@84,@88,@87) -> float_type, {64, 256, 28, 28}, {200704, 784, 28, 1}, target_id=0: 0.122734ms, 2%
@90 = load[offset=0,end=0](@1) -> int8_type, {0}, {1}, target_id=0: 0.0008093ms, 1%
@91 = load[offset=0,end=51380224](@1) -> float_type, {64, 256, 28, 28}, {200704, 784, 28, 1}, target_id=0: 0.0006407ms, 1%
@92 = gpu::convolution[op={padding={0, 0, 0, 0},stride={1, 1},dilation={1, 1},group=1,padding_mode=0},solution_object={binary_object: 479},algo=0,int8_x4_format=0,solution_id=0](@89,@85,@90,@91) -> float_type, {64, 256, 28, 28}, {200704, 784, 28, 1}, target_id=0: 0.241036ms, 3%
@93 = hip::hip_copy_literal[id=main:@literal:36] -> float_type, {256, 1, 1}, {1, 1, 1}, target_id=0: 0.00088842ms, 1%
@94 = hip::hip_copy_literal[id=main:@literal:20] -> float_type, {256, 1, 3, 3}, {9, 9, 3, 1}, target_id=0: 0.0006353ms, 1%
@95 = multibroadcast[out_lens={64, 256, 28, 28},out_dyn_dims={}](@93) -> float_type, {64, 256, 28, 28}, {0, 1, 0, 0}, target_id=0: 0.0010124ms, 1%
@96 = load[offset=106496000,end=157876224](@1) -> float_type, {64, 256, 28, 28}, {200704, 784, 28, 1}, target_id=0: 0.00071796ms, 1%
@97 = gpu::code_object[code_object=13632,symbol_name=add_clip_kernel,global=1605632,local=1024,](@92,@95,@96) -> float_type, {64, 256, 28, 28}, {200704, 784, 28, 1}, target_id=0: 0.122376ms, 2%
@98 = load[offset=51380224,end=106496000](@1) -> float_type, {64, 256, 29, 29}, {215296, 841, 29, 1}, target_id=0: 0.0007918ms, 1%
@99 = gpu::code_object[code_object=13624,symbol_name=pad_kernel,global=307200,local=1024,](@97,@98) -> float_type, {64, 256, 29, 29}, {215296, 841, 29, 1}, target_id=0: 0.147882ms, 2%
@100 = load[offset=0,end=0](@1) -> int8_type, {0}, {1}, target_id=0: 0.00079782ms, 1%
@101 = load[offset=0,end=12845056](@1) -> float_type, {64, 256, 14, 14}, {50176, 196, 14, 1}, target_id=0: 0.00063654ms, 1%
@102 = gpu::convolution[op={padding={0, 0, 0, 0},stride={2, 2},dilation={1, 1},group=256,padding_mode=0},solution_object={binary_object: 449},algo=0,int8_x4_format=0,solution_id=0](@99,@94,@100,@101) -> float_type, {64, 256, 14, 14}, {50176, 196, 14, 1}, target_id=0: 0.118293ms, 2%
@103 = hip::hip_copy_literal[id=main:@literal:8] -> float_type, {512, 256, 1, 1}, {256, 1, 1, 1}, target_id=0: 0.00078124ms, 1%
@104 = hip::hip_copy_literal[id=main:@literal:19] -> float_type, {256, 1, 1}, {1, 1, 1}, target_id=0: 0.00063622ms, 1%
@105 = load[offset=25690112,end=38535168](@1) -> float_type, {64, 256, 14, 14}, {50176, 196, 14, 1}, target_id=0: 0.0007169ms, 1%
@106 = multibroadcast[out_lens={64, 256, 14, 14},out_dyn_dims={}](@104) -> float_type, {64, 256, 14, 14}, {0, 1, 0, 0}, target_id=0: 0.00099642ms, 1%
@107 = gpu::code_object[code_object=13632,symbol_name=add_clip_kernel,global=802816,local=1024,](@102,@106,@105) -> float_type, {64, 256, 14, 14}, {50176, 196, 14, 1}, target_id=0: 0.0430648ms, 1%
@108 = load[offset=0,end=0](@1) -> int8_type, {0}, {1}, target_id=0: 0.0007975ms, 1%
@109 = load[offset=0,end=25690112](@1) -> float_type, {64, 512, 14, 14}, {100352, 196, 14, 1}, target_id=0: 0.00062678ms, 1%
@110 = gpu::convolution[op={padding={0, 0, 0, 0},stride={1, 1},dilation={1, 1},group=1,padding_mode=0},solution_object={binary_object: 475},algo=0,int8_x4_format=0,solution_id=0](@107,@103,@108,@109) -> float_type, {64, 512, 14, 14}, {100352, 196, 14, 1}, target_id=0: 0.136181ms, 2%
@111 = hip::hip_copy_literal[id=main:@literal:21] -> float_type, {512, 1, 1}, {1, 1, 1}, target_id=0: 0.0008282ms, 1%
@112 = hip::hip_copy_literal[id=main:@literal:16] -> float_type, {512, 1, 3, 3}, {9, 9, 3, 1}, target_id=0: 0.00060232ms, 1%
@113 = multibroadcast[out_lens={64, 512, 14, 14},out_dyn_dims={}](@111) -> float_type, {64, 512, 14, 14}, {0, 1, 0, 0}, target_id=0: 0.00101238ms, 1%
@114 = load[offset=38535168,end=64225280](@1) -> float_type, {64, 512, 14, 14}, {100352, 196, 14, 1}, target_id=0: 0.00069946ms, 1%
@115 = gpu::code_object[code_object=13632,symbol_name=add_clip_kernel,global=1605632,local=1024,](@110,@113,@114) -> float_type, {64, 512, 14, 14}, {100352, 196, 14, 1}, target_id=0: 0.0686113ms, 1%
@116 = load[offset=0,end=0](@1) -> int8_type, {0}, {1}, target_id=0: 0.0007943ms, 1%
@117 = load[offset=0,end=25690112](@1) -> float_type, {64, 512, 14, 14}, {100352, 196, 14, 1}, target_id=0: 0.00062814ms, 1%
@118 = gpu::convolution[op={padding={1, 1, 1, 1},stride={1, 1},dilation={1, 1},group=512,padding_mode=0},solution_object={binary_object: 451},algo=0,int8_x4_format=0,solution_id=0](@115,@112,@116,@117) -> float_type, {64, 512, 14, 14}, {100352, 196, 14, 1}, target_id=0: 0.0981949ms, 1%
@119 = hip::hip_copy_literal[id=main:@literal:4] -> float_type, {512, 512, 1, 1}, {512, 1, 1, 1}, target_id=0: 0.00081942ms, 1%
@120 = hip::hip_copy_literal[id=main:@literal:15] -> float_type, {512, 1, 1}, {1, 1, 1}, target_id=0: 0.00064164ms, 1%
@121 = load[offset=51380224,end=77070336](@1) -> float_type, {64, 512, 14, 14}, {100352, 196, 14, 1}, target_id=0: 0.00071518ms, 1%
@122 = multibroadcast[out_lens={64, 512, 14, 14},out_dyn_dims={}](@120) -> float_type, {64, 512, 14, 14}, {0, 1, 0, 0}, target_id=0: 0.00099434ms, 1%
@123 = gpu::code_object[code_object=13632,symbol_name=add_clip_kernel,global=1605632,local=1024,](@118,@122,@121) -> float_type, {64, 512, 14, 14}, {100352, 196, 14, 1}, target_id=0: 0.0684905ms, 1%
@124 = load[offset=0,end=0](@1) -> int8_type, {0}, {1}, target_id=0: 0.0007989ms, 1%
@125 = load[offset=25690112,end=51380224](@1) -> float_type, {64, 512, 14, 14}, {100352, 196, 14, 1}, target_id=0: 0.00063778ms, 1%
@126 = gpu::convolution[op={padding={0, 0, 0, 0},stride={1, 1},dilation={1, 1},group=1,padding_mode=0},solution_object={binary_object: 477},algo=0,int8_x4_format=0,solution_id=0](@123,@119,@124,@125) -> float_type, {64, 512, 14, 14}, {100352, 196, 14, 1}, target_id=0: 0.232909ms, 3%
@127 = hip::hip_copy_literal[id=main:@literal:29] -> float_type, {512, 1, 3, 3}, {9, 9, 3, 1}, target_id=0: 0.0008644ms, 1%
@128 = hip::hip_copy_literal[id=main:@literal:27] -> float_type, {512, 1, 1}, {1, 1, 1}, target_id=0: 0.00064418ms, 1%
@129 = load[offset=0,end=25690112](@1) -> float_type, {64, 512, 14, 14}, {100352, 196, 14, 1}, target_id=0: 0.0007278ms, 1%
@130 = multibroadcast[out_lens={64, 512, 14, 14},out_dyn_dims={}](@128) -> float_type, {64, 512, 14, 14}, {0, 1, 0, 0}, target_id=0: 0.00099116ms, 1%
@131 = gpu::code_object[code_object=13632,symbol_name=add_clip_kernel,global=1605632,local=1024,](@126,@130,@129) -> float_type, {64, 512, 14, 14}, {100352, 196, 14, 1}, target_id=0: 0.0684058ms, 1%
@132 = load[offset=0,end=0](@1) -> int8_type, {0}, {1}, target_id=0: 0.0008081ms, 1%
@133 = load[offset=51380224,end=77070336](@1) -> float_type, {64, 512, 14, 14}, {100352, 196, 14, 1}, target_id=0: 0.00062616ms, 1%
@134 = gpu::convolution[op={padding={1, 1, 1, 1},stride={1, 1},dilation={1, 1},group=512,padding_mode=0},solution_object={binary_object: 451},algo=0,int8_x4_format=0,solution_id=0](@131,@127,@132,@133) -> float_type, {64, 512, 14, 14}, {100352, 196, 14, 1}, target_id=0: 0.096427ms, 1%
@135 = hip::hip_copy_literal[id=main:@literal:37] -> float_type, {512, 1, 1}, {1, 1, 1}, target_id=0: 0.00086348ms, 1%
@136 = hip::hip_copy_literal[id=main:@literal:7] -> float_type, {512, 512, 1, 1}, {512, 1, 1, 1}, target_id=0: 0.0006327ms, 1%
@137 = load[offset=25690112,end=51380224](@1) -> float_type, {64, 512, 14, 14}, {100352, 196, 14, 1}, target_id=0: 0.00072982ms, 1%
@138 = multibroadcast[out_lens={64, 512, 14, 14},out_dyn_dims={}](@135) -> float_type, {64, 512, 14, 14}, {0, 1, 0, 0}, target_id=0: 0.00099822ms, 1%
@139 = gpu::code_object[code_object=13632,symbol_name=add_clip_kernel,global=1605632,local=1024,](@134,@138,@137) -> float_type, {64, 512, 14, 14}, {100352, 196, 14, 1}, target_id=0: 0.0684569ms, 1%
@140 = load[offset=0,end=0](@1) -> int8_type, {0}, {1}, target_id=0: 0.0008005ms, 1%
@141 = load[offset=0,end=25690112](@1) -> float_type, {64, 512, 14, 14}, {100352, 196, 14, 1}, target_id=0: 0.00063614ms, 1%
@142 = gpu::convolution[op={padding={0, 0, 0, 0},stride={1, 1},dilation={1, 1},group=1,padding_mode=0},solution_object={binary_object: 477},algo=0,int8_x4_format=0,solution_id=0](@139,@136,@140,@141) -> float_type, {64, 512, 14, 14}, {100352, 196, 14, 1}, target_id=0: 0.232651ms, 3%
@143 = hip::hip_copy_literal[id=main:@literal:41] -> float_type, {512, 1, 1}, {1, 1, 1}, target_id=0: 0.00081336ms, 1%
@144 = hip::hip_copy_literal[id=main:@literal:42] -> float_type, {512, 1, 3, 3}, {9, 9, 3, 1}, target_id=0: 0.00063422ms, 1%
@145 = load[offset=51380224,end=77070336](@1) -> float_type, {64, 512, 14, 14}, {100352, 196, 14, 1}, target_id=0: 0.00072142ms, 1%
@146 = multibroadcast[out_lens={64, 512, 14, 14},out_dyn_dims={}](@143) -> float_type, {64, 512, 14, 14}, {0, 1, 0, 0}, target_id=0: 0.00097544ms, 1%
@147 = gpu::code_object[code_object=13632,symbol_name=add_clip_kernel,global=1605632,local=1024,](@142,@146,@145) -> float_type, {64, 512, 14, 14}, {100352, 196, 14, 1}, target_id=0: 0.0683913ms, 1%
@148 = load[offset=0,end=0](@1) -> int8_type, {0}, {1}, target_id=0: 0.0007973ms, 1%
@149 = load[offset=25690112,end=51380224](@1) -> float_type, {64, 512, 14, 14}, {100352, 196, 14, 1}, target_id=0: 0.00061434ms, 1%
@150 = gpu::convolution[op={padding={1, 1, 1, 1},stride={1, 1},dilation={1, 1},group=512,padding_mode=0},solution_object={binary_object: 451},algo=0,int8_x4_format=0,solution_id=0](@147,@144,@148,@149) -> float_type, {64, 512, 14, 14}, {100352, 196, 14, 1}, target_id=0: 0.0966932ms, 1%
@151 = hip::hip_copy_literal[id=main:@literal:3] -> float_type, {512, 512, 1, 1}, {512, 1, 1, 1}, target_id=0: 0.00077668ms, 1%
@152 = hip::hip_copy_literal[id=main:@literal:43] -> float_type, {512, 1, 1}, {1, 1, 1}, target_id=0: 0.00072776ms, 1%
@153 = load[offset=0,end=25690112](@1) -> float_type, {64, 512, 14, 14}, {100352, 196, 14, 1}, target_id=0: 0.00072128ms, 1%
@154 = multibroadcast[out_lens={64, 512, 14, 14},out_dyn_dims={}](@152) -> float_type, {64, 512, 14, 14}, {0, 1, 0, 0}, target_id=0: 0.00099016ms, 1%
@155 = gpu::code_object[code_object=13632,symbol_name=add_clip_kernel,global=1605632,local=1024,](@150,@154,@153) -> float_type, {64, 512, 14, 14}, {100352, 196, 14, 1}, target_id=0: 0.0685501ms, 1%
@156 = load[offset=0,end=0](@1) -> int8_type, {0}, {1}, target_id=0: 0.00078202ms, 1%
@157 = load[offset=51380224,end=77070336](@1) -> float_type, {64, 512, 14, 14}, {100352, 196, 14, 1}, target_id=0: 0.0006213ms, 1%
@158 = gpu::convolution[op={padding={0, 0, 0, 0},stride={1, 1},dilation={1, 1},group=1,padding_mode=0},solution_object={binary_object: 477},algo=0,int8_x4_format=0,solution_id=0](@155,@151,@156,@157) -> float_type, {64, 512, 14, 14}, {100352, 196, 14, 1}, target_id=0: 0.232196ms, 3%
@159 = hip::hip_copy_literal[id=main:@literal:45] -> float_type, {512, 1, 3, 3}, {9, 9, 3, 1}, target_id=0: 0.0008689ms, 1%
@160 = hip::hip_copy_literal[id=main:@literal:44] -> float_type, {512, 1, 1}, {1, 1, 1}, target_id=0: 0.00065548ms, 1%
@161 = load[offset=25690112,end=51380224](@1) -> float_type, {64, 512, 14, 14}, {100352, 196, 14, 1}, target_id=0: 0.00071846ms, 1%
@162 = multibroadcast[out_lens={64, 512, 14, 14},out_dyn_dims={}](@160) -> float_type, {64, 512, 14, 14}, {0, 1, 0, 0}, target_id=0: 0.00099136ms, 1%
@163 = gpu::code_object[code_object=13632,symbol_name=add_clip_kernel,global=1605632,local=1024,](@158,@162,@161) -> float_type, {64, 512, 14, 14}, {100352, 196, 14, 1}, target_id=0: 0.0683582ms, 1%
@164 = load[offset=0,end=0](@1) -> int8_type, {0}, {1}, target_id=0: 0.00079504ms, 1%
@165 = load[offset=0,end=25690112](@1) -> float_type, {64, 512, 14, 14}, {100352, 196, 14, 1}, target_id=0: 0.00060976ms, 1%
@166 = gpu::convolution[op={padding={1, 1, 1, 1},stride={1, 1},dilation={1, 1},group=512,padding_mode=0},solution_object={binary_object: 451},algo=0,int8_x4_format=0,solution_id=0](@163,@159,@164,@165) -> float_type, {64, 512, 14, 14}, {100352, 196, 14, 1}, target_id=0: 0.0962905ms, 1%
@167 = hip::hip_copy_literal[id=main:@literal:1] -> float_type, {512, 512, 1, 1}, {512, 1, 1, 1}, target_id=0: 0.0008026ms, 1%
@168 = hip::hip_copy_literal[id=main:@literal:46] -> float_type, {512, 1, 1}, {1, 1, 1}, target_id=0: 0.00066124ms, 1%
@169 = multibroadcast[out_lens={64, 512, 14, 14},out_dyn_dims={}](@168) -> float_type, {64, 512, 14, 14}, {0, 1, 0, 0}, target_id=0: 0.0010077ms, 1%
@170 = load[offset=51380224,end=77070336](@1) -> float_type, {64, 512, 14, 14}, {100352, 196, 14, 1}, target_id=0: 0.00071076ms, 1%
@171 = gpu::code_object[code_object=13632,symbol_name=add_clip_kernel,global=1605632,local=1024,](@166,@169,@170) -> float_type, {64, 512, 14, 14}, {100352, 196, 14, 1}, target_id=0: 0.0686685ms, 1%
@172 = load[offset=0,end=0](@1) -> int8_type, {0}, {1}, target_id=0: 0.0008087ms, 1%
@173 = load[offset=25690112,end=51380224](@1) -> float_type, {64, 512, 14, 14}, {100352, 196, 14, 1}, target_id=0: 0.00063358ms, 1%
@174 = gpu::convolution[op={padding={0, 0, 0, 0},stride={1, 1},dilation={1, 1},group=1,padding_mode=0},solution_object={binary_object: 477},algo=0,int8_x4_format=0,solution_id=0](@171,@167,@172,@173) -> float_type, {64, 512, 14, 14}, {100352, 196, 14, 1}, target_id=0: 0.232102ms, 3%
@175 = hip::hip_copy_literal[id=main:@literal:55] -> float_type, {1001}, {1}, target_id=0: 0.00080182ms, 1%
@176 = hip::hip_copy_literal[id=main:@literal:13] -> float_type, {1024, 1024, 1, 1}, {1024, 1, 1, 1}, target_id=0: 0.0006359ms, 1%
@177 = hip::hip_copy_literal[id=main:@literal:14] -> float_type, {1001, 1024, 1, 1}, {1024, 1, 1, 1}, target_id=0: 0.00074732ms, 1%
@178 = hip::hip_copy_literal[id=main:@literal:0] -> float_type, {1024, 512, 1, 1}, {512, 1, 1, 1}, target_id=0: 0.00056404ms, 1%
@179 = hip::hip_copy_literal[id=main:@literal:54] -> float_type, {1024, 1, 1}, {1, 1, 1}, target_id=0: 0.00071884ms, 1%
@180 = hip::hip_copy_literal[id=main:@literal:52] -> float_type, {1024, 1, 1}, {1, 1, 1}, target_id=0: 0.00059432ms, 1%
@181 = hip::hip_copy_literal[id=main:@literal:6] -> float_type, {512, 512, 1, 1}, {512, 1, 1, 1}, target_id=0: 0.0006048ms, 1%
@182 = hip::hip_copy_literal[id=main:@literal:48] -> float_type, {512, 1, 3, 3}, {9, 9, 3, 1}, target_id=0: 0.00071978ms, 1%
@183 = hip::hip_copy_literal[id=main:@literal:49] -> float_type, {512, 1, 1}, {1, 1, 1}, target_id=0: 0.00064384ms, 1%
@184 = hip::hip_copy_literal[id=main:@literal:53] -> float_type, {1024, 1, 1}, {1, 1, 1}, target_id=0: 0.00071024ms, 1%
@185 = hip::hip_copy_literal[id=main:@literal:51] -> float_type, {512, 1, 3, 3}, {9, 9, 3, 1}, target_id=0: 0.00058754ms, 1%
@186 = hip::hip_copy_literal[id=main:@literal:50] -> float_type, {512, 1, 1}, {1, 1, 1}, target_id=0: 0.00068796ms, 1%
@187 = hip::hip_copy_literal[id=main:@literal:33] -> float_type, {512, 1, 1}, {1, 1, 1}, target_id=0: 0.00059438ms, 1%
@188 = hip::hip_copy_literal[id=main:@literal:23] -> float_type, {1024, 1, 3, 3}, {9, 9, 3, 1}, target_id=0: 0.00062666ms, 1%
@189 = hip::hip_copy_literal[id=main:@literal:47] -> float_type, {512, 1, 1}, {1, 1, 1}, target_id=0: 0.00059234ms, 1%
@190 = load[offset=0,end=25690112](@1) -> float_type, {64, 512, 14, 14}, {100352, 196, 14, 1}, target_id=0: 0.00072058ms, 1%
@191 = multibroadcast[out_lens={64, 512, 14, 14},out_dyn_dims={}](@189) -> float_type, {64, 512, 14, 14}, {0, 1, 0, 0}, target_id=0: 0.00099996ms, 1%
@192 = gpu::code_object[code_object=13632,symbol_name=add_clip_kernel,global=1605632,local=1024,](@174,@191,@190) -> float_type, {64, 512, 14, 14}, {100352, 196, 14, 1}, target_id=0: 0.0711685ms, 1%
@193 = load[offset=0,end=0](@1) -> int8_type, {0}, {1}, target_id=0: 0.00077862ms, 1%
@194 = load[offset=51380224,end=77070336](@1) -> float_type, {64, 512, 14, 14}, {100352, 196, 14, 1}, target_id=0: 0.00066ms, 1%
@195 = gpu::convolution[op={padding={1, 1, 1, 1},stride={1, 1},dilation={1, 1},group=512,padding_mode=0},solution_object={binary_object: 451},algo=0,int8_x4_format=0,solution_id=0](@192,@182,@193,@194) -> float_type, {64, 512, 14, 14}, {100352, 196, 14, 1}, target_id=0: 0.0971469ms, 1%
@196 = load[offset=25690112,end=51380224](@1) -> float_type, {64, 512, 14, 14}, {100352, 196, 14, 1}, target_id=0: 0.0008285ms, 1%
@197 = multibroadcast[out_lens={64, 512, 14, 14},out_dyn_dims={}](@183) -> float_type, {64, 512, 14, 14}, {0, 1, 0, 0}, target_id=0: 0.0009959ms, 1%
@198 = gpu::code_object[code_object=13632,symbol_name=add_clip_kernel,global=1605632,local=1024,](@195,@197,@196) -> float_type, {64, 512, 14, 14}, {100352, 196, 14, 1}, target_id=0: 0.0684473ms, 1%
@199 = load[offset=0,end=0](@1) -> int8_type, {0}, {1}, target_id=0: 0.00077872ms, 1%
@200 = load[offset=0,end=25690112](@1) -> float_type, {64, 512, 14, 14}, {100352, 196, 14, 1}, target_id=0: 0.00064854ms, 1%
@201 = gpu::convolution[op={padding={0, 0, 0, 0},stride={1, 1},dilation={1, 1},group=1,padding_mode=0},solution_object={binary_object: 477},algo=0,int8_x4_format=0,solution_id=0](@198,@181,@199,@200) -> float_type, {64, 512, 14, 14}, {100352, 196, 14, 1}, target_id=0: 0.23314ms, 3%
@202 = load[offset=55181312,end=80871424](@1) -> float_type, {64, 512, 14, 14}, {100352, 196, 14, 1}, target_id=0: 0.00085994ms, 1%
@203 = multibroadcast[out_lens={64, 512, 14, 14},out_dyn_dims={}](@186) -> float_type, {64, 512, 14, 14}, {0, 1, 0, 0}, target_id=0: 0.00098492ms, 1%
@204 = gpu::code_object[code_object=13632,symbol_name=add_clip_kernel,global=1605632,local=1024,](@201,@203,@202) -> float_type, {64, 512, 14, 14}, {100352, 196, 14, 1}, target_id=0: 0.0686138ms, 1%
@205 = load[offset=25690112,end=55181312](@1) -> float_type, {64, 512, 15, 15}, {115200, 225, 15, 1}, target_id=0: 0.00076444ms, 1%
@206 = gpu::code_object[code_object=13624,symbol_name=pad_kernel,global=307200,local=1024,](@204,@205) -> float_type, {64, 512, 15, 15}, {115200, 225, 15, 1}, target_id=0: 0.085293ms, 1%
@207 = load[offset=0,end=0](@1) -> int8_type, {0}, {1}, target_id=0: 0.0007922ms, 1%
@208 = load[offset=0,end=6422528](@1) -> float_type, {64, 512, 7, 7}, {25088, 49, 7, 1}, target_id=0: 0.0006341ms, 1%
@209 = gpu::convolution[op={padding={0, 0, 0, 0},stride={2, 2},dilation={1, 1},group=512,padding_mode=0},solution_object={binary_object: 446},algo=0,int8_x4_format=0,solution_id=0](@206,@185,@207,@208) -> float_type, {64, 512, 7, 7}, {25088, 49, 7, 1}, target_id=0: 0.0739949ms, 1%
@210 = load[offset=12845056,end=19267584](@1) -> float_type, {64, 512, 7, 7}, {25088, 49, 7, 1}, target_id=0: 0.00086458ms, 1%
@211 = multibroadcast[out_lens={64, 512, 7, 7},out_dyn_dims={}](@187) -> float_type, {64, 512, 7, 7}, {0, 1, 0, 0}, target_id=0: 0.00095262ms, 1%
@212 = gpu::code_object[code_object=13632,symbol_name=add_clip_kernel,global=1605632,local=1024,](@209,@211,@210) -> float_type, {64, 512, 7, 7}, {25088, 49, 7, 1}, target_id=0: 0.0319491ms, 1%
@213 = load[offset=0,end=0](@1) -> int8_type, {0}, {1}, target_id=0: 0.00078048ms, 1%
@214 = load[offset=0,end=12845056](@1) -> float_type, {64, 1024, 7, 7}, {50176, 49, 7, 1}, target_id=0: 0.00064556ms, 1%
@215 = gpu::convolution[op={padding={0, 0, 0, 0},stride={1, 1},dilation={1, 1},group=1,padding_mode=0},solution_object={binary_object: 470},algo=0,int8_x4_format=0,solution_id=0](@212,@178,@213,@214) -> float_type, {64, 1024, 7, 7}, {50176, 49, 7, 1}, target_id=0: 0.154435ms, 2%
@216 = load[offset=19267584,end=32112640](@1) -> float_type, {64, 1024, 7, 7}, {50176, 49, 7, 1}, target_id=0: 0.0008496ms, 1%
@217 = multibroadcast[out_lens={64, 1024, 7, 7},out_dyn_dims={}](@180) -> float_type, {64, 1024, 7, 7}, {0, 1, 0, 0}, target_id=0: 0.00095872ms, 1%
@218 = gpu::code_object[code_object=13632,symbol_name=add_clip_kernel,global=3211264,local=1024,](@215,@217,@216) -> float_type, {64, 1024, 7, 7}, {50176, 49, 7, 1}, target_id=0: 0.0438795ms, 1%
@219 = load[offset=0,end=0](@1) -> int8_type, {0}, {1}, target_id=0: 0.0007679ms, 1%
@220 = load[offset=0,end=12845056](@1) -> float_type, {64, 1024, 7, 7}, {50176, 49, 7, 1}, target_id=0: 0.00065668ms, 1%
@221 = gpu::convolution[op={padding={1, 1, 1, 1},stride={1, 1},dilation={1, 1},group=1024,padding_mode=0},solution_object={binary_object: 443},algo=0,int8_x4_format=0,solution_id=0](@218,@188,@219,@220) -> float_type, {64, 1024, 7, 7}, {50176, 49, 7, 1}, target_id=0: 0.116089ms, 2%
@222 = load[offset=25952256,end=38797312](@1) -> float_type, {64, 1024, 7, 7}, {50176, 49, 7, 1}, target_id=0: 0.0008493ms, 1%
@223 = multibroadcast[out_lens={64, 1024, 7, 7},out_dyn_dims={}](@184) -> float_type, {64, 1024, 7, 7}, {0, 1, 0, 0}, target_id=0: 0.00096446ms, 1%
@224 = gpu::code_object[code_object=13632,symbol_name=add_clip_kernel,global=3211264,local=1024,](@221,@223,@222) -> float_type, {64, 1024, 7, 7}, {50176, 49, 7, 1}, target_id=0: 0.0431125ms, 1%
@225 = load[offset=0,end=0](@1) -> int8_type, {0}, {1}, target_id=0: 0.00076932ms, 1%
@226 = load[offset=13107200,end=25952256](@1) -> float_type, {64, 1024, 7, 7}, {50176, 49, 7, 1}, target_id=0: 0.00063968ms, 1%
@227 = gpu::convolution[op={padding={0, 0, 0, 0},stride={1, 1},dilation={1, 1},group=1,padding_mode=0},solution_object={binary_object: 451},algo=0,int8_x4_format=0,solution_id=0](@224,@176,@225,@226) -> float_type, {64, 1024, 7, 7}, {50176, 49, 7, 1}, target_id=0: 0.276223ms, 3%
@228 = multibroadcast[out_lens={64, 1024, 7, 7},out_dyn_dims={}](@179) -> float_type, {64, 1024, 7, 7}, {0, 1, 0, 0}, target_id=0: 0.00110604ms, 1%
@229 = load[offset=262144,end=13107200](@1) -> float_type, {64, 1024, 7, 7}, {50176, 49, 7, 1}, target_id=0: 0.000705ms, 1%
@230 = gpu::code_object[code_object=13632,symbol_name=add_clip_kernel,global=3211264,local=1024,](@227,@228,@229) -> float_type, {64, 1024, 7, 7}, {50176, 49, 7, 1}, target_id=0: 0.0429271ms, 1%
@231 = load[offset=13107200,end=13369344](@1) -> float_type, {64, 1024, 1, 1}, {1024, 1, 1, 1}, target_id=0: 0.00076456ms, 1%
@232 = gpu::pooling[mode=average,padding={0, 0, 0, 0},stride={2, 2},lengths={7, 7},ceil_mode=0,lp_order=2,dyn_global=0](@230,@231) -> float_type, {64, 1024, 1, 1}, {1024, 1, 1, 1}, target_id=0: 0.327433ms, 4%
@233 = load[offset=0,end=0](@1) -> int8_type, {0}, {1}, target_id=0: 0.0008409ms, 1%
@234 = load[offset=256256,end=512512](@1) -> float_type, {64, 1001, 1, 1}, {1001, 1, 1, 1}, target_id=0: 0.0006511ms, 1%
@235 = gpu::convolution[op={padding={0, 0, 0, 0},stride={1, 1},dilation={1, 1},group=1,padding_mode=0},solution_object={binary_object: 549},algo=0,int8_x4_format=0,solution_id=0](@232,@177,@233,@234) -> float_type, {64, 1001, 1, 1}, {1001, 1, 1, 1}, target_id=0: 0.0459715ms, 1%
@236 = broadcast[axis=1,out_lens={64, 1001, 1, 1}](@175) -> float_type, {64, 1001, 1, 1}, {0, 1, 0, 0}, target_id=0: 0.00155978ms, 1%
@237 = load[offset=512512,end=768768](@1) -> float_type, {64, 1001, 1, 1}, {1001, 1, 1, 1}, target_id=0: 0.00075384ms, 1%
@238 = gpu::code_object[code_object=13624,symbol_name=add_kernel,global=64064,local=1024,](@235,@236,@237) -> float_type, {64, 1001, 1, 1}, {1001, 1, 1, 1}, target_id=0: 0.018245ms, 1%
main:#output_0 = @param:main:#output_0 -> float_type, {64, 1001}, {1001, 1}, target_id=0: 0.00093762ms, 1%
@240 = transpose[permutation={0, 2, 3, 1}](@238) -> float_type, {64, 1, 1, 1001}, {1001, 1, 1, 1}, target_id=0: 0.00127446ms, 1%
@241 = squeeze[axes={1, 2}](@240) -> float_type, {64, 1001}, {1001, 1}, target_id=0: 0.00113074ms, 1%
@242 = gpu::code_object[code_object=13632,symbol_name=softmax_kernel,global=16384,local=256,](@241,main:#output_0) -> float_type, {64, 1001}, {1001, 1}, target_id=0: 0.020755ms, 1%
@243 = @return(@242), target_id=0
Summary:
gpu::convolution: 5.27512ms / 28 = 0.188397ms, 53%
gpu::code_object::add_clip_kernel: 3.07875ms / 27 = 0.114028ms, 31%
gpu::code_object::pad_kernel: 1.18221ms / 5 = 0.236442ms, 12%
gpu::pooling: 0.327433ms / 1 = 0.327433ms, 4%
load: 0.0652771ms / 90 = 0.000725301ms, 1%
hip::hip_copy_literal: 0.0401839ms / 56 = 0.00071757ms, 1%
multibroadcast: 0.0271006ms / 27 = 0.00100373ms, 1%
gpu::code_object::softmax_kernel: 0.020755ms / 1 = 0.020755ms, 1%
gpu::code_object::add_kernel: 0.018245ms / 1 = 0.018245ms, 1%
broadcast: 0.00155978ms / 1 = 0.00155978ms, 1%
@param: 0.00143622ms / 2 = 0.00071811ms, 1%
transpose: 0.00127446ms / 1 = 0.00127446ms, 1%
squeeze: 0.00113074ms / 1 = 0.00113074ms, 1%
check_context::migraphx::gpu::context : 0.0009993ms / 1 = 0.0009993ms, 1%
hip::hip_allocate_memory: 0.0009051ms / 1 = 0.0009051ms, 1%

Batch size: 1
Rate: 111.361/sec
Total time: 8.97977ms
Total instructions time: 10.0424ms
Overhead time: 0.0517077ms, -1.06262ms
Overhead: 1%, -12%
