Compiling ... 
Reading: /new-saved-models/slim/vgg16_i1.pb
module: "main"
@0 = check_context::migraphx::gpu::context  -> float_type, {}, {}, target_id=0
@1 = hip::hip_allocate_memory[shape=int8_type, {25690112}, {1},id=main:scratch] -> int8_type, {25690112}, {1}, target_id=0
@2 = hip::hip_copy_literal[id=main:@literal:15] -> float_type, {64, 3, 3, 3}, {27, 9, 3, 1}, target_id=0
@3 = hip::hip_copy_literal[id=main:@literal:13] -> float_type, {64, 64, 3, 3}, {576, 9, 3, 1}, target_id=0
@4 = hip::hip_copy_literal[id=main:@literal:30] -> float_type, {64}, {1}, target_id=0
@5 = hip::hip_copy_literal[id=main:@literal:31] -> float_type, {64}, {1}, target_id=0
@6 = load[offset=12845056,end=25690112](@1) -> float_type, {1, 64, 224, 224}, {3211264, 50176, 224, 1}, target_id=0
@7 = broadcast[axis=1,out_lens={1, 64, 224, 224}](@5) -> float_type, {1, 64, 224, 224}, {0, 1, 0, 0}, target_id=0
input = @param:input -> float_type, {1, 3, 224, 224}, {150528, 50176, 224, 1}, target_id=0
@9 = gpu::miopen_fusion[ops={{op=convolution[padding={1, 1, 1, 1},stride={1, 1},dilation={1, 1},group=1,padding_mode=0],alpha=1,beta=0}, {op=add,alpha=1,beta=0}, {op=relu,alpha=1,beta=0}}](input,@2,@7,@6) -> float_type, {1, 64, 224, 224}, {3211264, 50176, 224, 1}, target_id=0
@10 = load[offset=0,end=12845056](@1) -> float_type, {1, 64, 224, 224}, {3211264, 50176, 224, 1}, target_id=0
@11 = broadcast[axis=1,out_lens={1, 64, 224, 224}](@4) -> float_type, {1, 64, 224, 224}, {0, 1, 0, 0}, target_id=0
@12 = gpu::miopen_fusion[ops={{op=convolution[padding={1, 1, 1, 1},stride={1, 1},dilation={1, 1},group=1,padding_mode=0],alpha=1,beta=0}, {op=add,alpha=1,beta=0}, {op=relu,alpha=1,beta=0}}](@9,@3,@11,@10) -> float_type, {1, 64, 224, 224}, {3211264, 50176, 224, 1}, target_id=0
@13 = load[offset=12845056,end=16056320](@1) -> float_type, {1, 64, 112, 112}, {802816, 12544, 112, 1}, target_id=0
@14 = gpu::pooling[mode=max,padding={0, 0, 0, 0},stride={2, 2},lengths={2, 2},ceil_mode=0,lp_order=2,dyn_global=0](@12,@13) -> float_type, {1, 64, 112, 112}, {802816, 12544, 112, 1}, target_id=0
@15 = hip::hip_copy_literal[id=main:@literal:2] -> float_type, {128, 64, 3, 3}, {576, 9, 3, 1}, target_id=0
@16 = hip::hip_copy_literal[id=main:@literal:12] -> float_type, {128, 128, 3, 3}, {1152, 9, 3, 1}, target_id=0
@17 = hip::hip_copy_literal[id=main:@literal:28] -> float_type, {128}, {1}, target_id=0
@18 = hip::hip_copy_literal[id=main:@literal:29] -> float_type, {128}, {1}, target_id=0
@19 = load[offset=16056320,end=22478848](@1) -> float_type, {1, 128, 112, 112}, {1605632, 12544, 112, 1}, target_id=0
@20 = broadcast[axis=1,out_lens={1, 128, 112, 112}](@18) -> float_type, {1, 128, 112, 112}, {0, 1, 0, 0}, target_id=0
@21 = gpu::miopen_fusion[ops={{op=convolution[padding={1, 1, 1, 1},stride={1, 1},dilation={1, 1},group=1,padding_mode=0],alpha=1,beta=0}, {op=add,alpha=1,beta=0}, {op=relu,alpha=1,beta=0}}](@14,@15,@20,@19) -> float_type, {1, 128, 112, 112}, {1605632, 12544, 112, 1}, target_id=0
@22 = load[offset=6422528,end=12845056](@1) -> float_type, {1, 128, 112, 112}, {1605632, 12544, 112, 1}, target_id=0
@23 = broadcast[axis=1,out_lens={1, 128, 112, 112}](@17) -> float_type, {1, 128, 112, 112}, {0, 1, 0, 0}, target_id=0
@24 = gpu::miopen_fusion[ops={{op=convolution[padding={1, 1, 1, 1},stride={1, 1},dilation={1, 1},group=1,padding_mode=0],alpha=1,beta=0}, {op=add,alpha=1,beta=0}, {op=relu,alpha=1,beta=0}}](@21,@16,@23,@22) -> float_type, {1, 128, 112, 112}, {1605632, 12544, 112, 1}, target_id=0
@25 = load[offset=3211264,end=4816896](@1) -> float_type, {1, 128, 56, 56}, {401408, 3136, 56, 1}, target_id=0
@26 = gpu::pooling[mode=max,padding={0, 0, 0, 0},stride={2, 2},lengths={2, 2},ceil_mode=0,lp_order=2,dyn_global=0](@24,@25) -> float_type, {1, 128, 56, 56}, {401408, 3136, 56, 1}, target_id=0
@27 = hip::hip_copy_literal[id=main:@literal:8] -> float_type, {256, 256, 3, 3}, {2304, 9, 3, 1}, target_id=0
@28 = hip::hip_copy_literal[id=main:@literal:6] -> float_type, {256, 256, 3, 3}, {2304, 9, 3, 1}, target_id=0
@29 = hip::hip_copy_literal[id=main:@literal:10] -> float_type, {256, 128, 3, 3}, {1152, 9, 3, 1}, target_id=0
@30 = hip::hip_copy_literal[id=main:@literal:25] -> float_type, {256}, {1}, target_id=0
@31 = hip::hip_copy_literal[id=main:@literal:26] -> float_type, {256}, {1}, target_id=0
@32 = hip::hip_copy_literal[id=main:@literal:27] -> float_type, {256}, {1}, target_id=0
@33 = load[offset=0,end=3211264](@1) -> float_type, {1, 256, 56, 56}, {802816, 3136, 56, 1}, target_id=0
@34 = broadcast[axis=1,out_lens={1, 256, 56, 56}](@32) -> float_type, {1, 256, 56, 56}, {0, 1, 0, 0}, target_id=0
@35 = gpu::miopen_fusion[ops={{op=convolution[padding={1, 1, 1, 1},stride={1, 1},dilation={1, 1},group=1,padding_mode=0],alpha=1,beta=0}, {op=add,alpha=1,beta=0}, {op=relu,alpha=1,beta=0}}](@26,@29,@34,@33) -> float_type, {1, 256, 56, 56}, {802816, 3136, 56, 1}, target_id=0
@36 = load[offset=6422528,end=9633792](@1) -> float_type, {1, 256, 56, 56}, {802816, 3136, 56, 1}, target_id=0
@37 = broadcast[axis=1,out_lens={1, 256, 56, 56}](@31) -> float_type, {1, 256, 56, 56}, {0, 1, 0, 0}, target_id=0
@38 = gpu::miopen_fusion[ops={{op=convolution[padding={1, 1, 1, 1},stride={1, 1},dilation={1, 1},group=1,padding_mode=0],alpha=1,beta=0}, {op=add,alpha=1,beta=0}, {op=relu,alpha=1,beta=0}}](@35,@28,@37,@36) -> float_type, {1, 256, 56, 56}, {802816, 3136, 56, 1}, target_id=0
@39 = load[offset=3211264,end=6422528](@1) -> float_type, {1, 256, 56, 56}, {802816, 3136, 56, 1}, target_id=0
@40 = broadcast[axis=1,out_lens={1, 256, 56, 56}](@30) -> float_type, {1, 256, 56, 56}, {0, 1, 0, 0}, target_id=0
@41 = gpu::miopen_fusion[ops={{op=convolution[padding={1, 1, 1, 1},stride={1, 1},dilation={1, 1},group=1,padding_mode=0],alpha=1,beta=0}, {op=add,alpha=1,beta=0}, {op=relu,alpha=1,beta=0}}](@38,@27,@40,@39) -> float_type, {1, 256, 56, 56}, {802816, 3136, 56, 1}, target_id=0
@42 = load[offset=1605632,end=2408448](@1) -> float_type, {1, 256, 28, 28}, {200704, 784, 28, 1}, target_id=0
@43 = gpu::pooling[mode=max,padding={0, 0, 0, 0},stride={2, 2},lengths={2, 2},ceil_mode=0,lp_order=2,dyn_global=0](@41,@42) -> float_type, {1, 256, 28, 28}, {200704, 784, 28, 1}, target_id=0
@44 = hip::hip_copy_literal[id=main:@literal:16] -> float_type, {1000}, {1}, target_id=0
@45 = hip::hip_copy_literal[id=main:@literal:17] -> float_type, {4096}, {1}, target_id=0
@46 = hip::hip_copy_literal[id=main:@literal:18] -> float_type, {4096}, {1}, target_id=0
@47 = hip::hip_copy_literal[id=main:@literal:14] -> float_type, {1000, 4096, 1, 1}, {4096, 1, 1, 1}, target_id=0
@48 = hip::hip_copy_literal[id=main:@literal:19] -> float_type, {512}, {1}, target_id=0
@49 = hip::hip_copy_literal[id=main:@literal:3] -> float_type, {512, 512, 3, 3}, {4608, 9, 3, 1}, target_id=0
@50 = hip::hip_copy_literal[id=main:@literal:1] -> float_type, {512, 512, 3, 3}, {4608, 9, 3, 1}, target_id=0
@51 = hip::hip_copy_literal[id=main:@literal:20] -> float_type, {512}, {1}, target_id=0
@52 = hip::hip_copy_literal[id=main:@literal:9] -> float_type, {4096, 4096, 1, 1}, {4096, 1, 1, 1}, target_id=0
@53 = hip::hip_copy_literal[id=main:@literal:21] -> float_type, {512}, {1}, target_id=0
@54 = hip::hip_copy_literal[id=main:@literal:22] -> float_type, {512}, {1}, target_id=0
@55 = hip::hip_copy_literal[id=main:@literal:23] -> float_type, {512}, {1}, target_id=0
@56 = hip::hip_copy_literal[id=main:@literal:5] -> float_type, {512, 512, 3, 3}, {4608, 9, 3, 1}, target_id=0
@57 = hip::hip_copy_literal[id=main:@literal:24] -> float_type, {512}, {1}, target_id=0
@58 = hip::hip_copy_literal[id=main:@literal:4] -> float_type, {512, 256, 3, 3}, {2304, 9, 3, 1}, target_id=0
@59 = hip::hip_copy_literal[id=main:@literal:7] -> float_type, {4096, 512, 7, 7}, {25088, 49, 7, 1}, target_id=0
@60 = hip::hip_copy_literal[id=main:@literal:0] -> float_type, {512, 512, 3, 3}, {4608, 9, 3, 1}, target_id=0
@61 = hip::hip_copy_literal[id=main:@literal:11] -> float_type, {512, 512, 3, 3}, {4608, 9, 3, 1}, target_id=0
@62 = load[offset=0,end=1605632](@1) -> float_type, {1, 512, 28, 28}, {401408, 784, 28, 1}, target_id=0
@63 = broadcast[axis=1,out_lens={1, 512, 28, 28}](@57) -> float_type, {1, 512, 28, 28}, {0, 1, 0, 0}, target_id=0
@64 = gpu::miopen_fusion[ops={{op=convolution[padding={1, 1, 1, 1},stride={1, 1},dilation={1, 1},group=1,padding_mode=0],alpha=1,beta=0}, {op=add,alpha=1,beta=0}, {op=relu,alpha=1,beta=0}}](@43,@58,@63,@62) -> float_type, {1, 512, 28, 28}, {401408, 784, 28, 1}, target_id=0
@65 = load[offset=2408448,end=4014080](@1) -> float_type, {1, 512, 28, 28}, {401408, 784, 28, 1}, target_id=0
@66 = broadcast[axis=1,out_lens={1, 512, 28, 28}](@55) -> float_type, {1, 512, 28, 28}, {0, 1, 0, 0}, target_id=0
@67 = gpu::miopen_fusion[ops={{op=convolution[padding={1, 1, 1, 1},stride={1, 1},dilation={1, 1},group=1,padding_mode=0],alpha=1,beta=0}, {op=add,alpha=1,beta=0}, {op=relu,alpha=1,beta=0}}](@64,@49,@66,@65) -> float_type, {1, 512, 28, 28}, {401408, 784, 28, 1}, target_id=0
@68 = load[offset=802816,end=2408448](@1) -> float_type, {1, 512, 28, 28}, {401408, 784, 28, 1}, target_id=0
@69 = broadcast[axis=1,out_lens={1, 512, 28, 28}](@54) -> float_type, {1, 512, 28, 28}, {0, 1, 0, 0}, target_id=0
@70 = gpu::miopen_fusion[ops={{op=convolution[padding={1, 1, 1, 1},stride={1, 1},dilation={1, 1},group=1,padding_mode=0],alpha=1,beta=0}, {op=add,alpha=1,beta=0}, {op=relu,alpha=1,beta=0}}](@67,@56,@69,@68) -> float_type, {1, 512, 28, 28}, {401408, 784, 28, 1}, target_id=0
@71 = load[offset=0,end=401408](@1) -> float_type, {1, 512, 14, 14}, {100352, 196, 14, 1}, target_id=0
@72 = gpu::pooling[mode=max,padding={0, 0, 0, 0},stride={2, 2},lengths={2, 2},ceil_mode=0,lp_order=2,dyn_global=0](@70,@71) -> float_type, {1, 512, 14, 14}, {100352, 196, 14, 1}, target_id=0
@73 = load[offset=935936,end=1337344](@1) -> float_type, {1, 512, 14, 14}, {100352, 196, 14, 1}, target_id=0
@74 = broadcast[axis=1,out_lens={1, 512, 14, 14}](@53) -> float_type, {1, 512, 14, 14}, {0, 1, 0, 0}, target_id=0
@75 = gpu::miopen_fusion[ops={{op=convolution[padding={1, 1, 1, 1},stride={1, 1},dilation={1, 1},group=1,padding_mode=0],alpha=1,beta=0}, {op=add,alpha=1,beta=0}, {op=relu,alpha=1,beta=0}}](@72,@61,@74,@73) -> float_type, {1, 512, 14, 14}, {100352, 196, 14, 1}, target_id=0
@76 = broadcast[axis=1,out_lens={1, 512, 14, 14}](@51) -> float_type, {1, 512, 14, 14}, {0, 1, 0, 0}, target_id=0
@77 = load[offset=534528,end=935936](@1) -> float_type, {1, 512, 14, 14}, {100352, 196, 14, 1}, target_id=0
@78 = gpu::miopen_fusion[ops={{op=convolution[padding={1, 1, 1, 1},stride={1, 1},dilation={1, 1},group=1,padding_mode=0],alpha=1,beta=0}, {op=add,alpha=1,beta=0}, {op=relu,alpha=1,beta=0}}](@75,@50,@76,@77) -> float_type, {1, 512, 14, 14}, {100352, 196, 14, 1}, target_id=0
@79 = broadcast[axis=1,out_lens={1, 512, 14, 14}](@48) -> float_type, {1, 512, 14, 14}, {0, 1, 0, 0}, target_id=0
@80 = load[offset=133120,end=534528](@1) -> float_type, {1, 512, 14, 14}, {100352, 196, 14, 1}, target_id=0
@81 = gpu::miopen_fusion[ops={{op=convolution[padding={1, 1, 1, 1},stride={1, 1},dilation={1, 1},group=1,padding_mode=0],alpha=1,beta=0}, {op=add,alpha=1,beta=0}, {op=relu,alpha=1,beta=0}}](@78,@60,@79,@80) -> float_type, {1, 512, 14, 14}, {100352, 196, 14, 1}, target_id=0
@82 = load[offset=16384,end=116736](@1) -> float_type, {1, 512, 7, 7}, {25088, 49, 7, 1}, target_id=0
@83 = gpu::pooling[mode=max,padding={0, 0, 0, 0},stride={2, 2},lengths={2, 2},ceil_mode=0,lp_order=2,dyn_global=0](@81,@82) -> float_type, {1, 512, 7, 7}, {25088, 49, 7, 1}, target_id=0
@84 = broadcast[axis=1,out_lens={1, 4096, 1, 1}](@46) -> float_type, {1, 4096, 1, 1}, {0, 1, 0, 0}, target_id=0
@85 = load[offset=116736,end=133120](@1) -> float_type, {1, 4096, 1, 1}, {4096, 1, 1, 1}, target_id=0
@86 = gpu::miopen_fusion[ops={{op=convolution[padding={0, 0, 0, 0},stride={1, 1},dilation={1, 1},group=1,padding_mode=0],alpha=1,beta=0}, {op=add,alpha=1,beta=0}, {op=relu,alpha=1,beta=0}}](@83,@59,@84,@85) -> float_type, {1, 4096, 1, 1}, {4096, 1, 1, 1}, target_id=0
@87 = load[offset=20384,end=36768](@1) -> float_type, {1, 4096, 1, 1}, {4096, 1, 1, 1}, target_id=0
@88 = load[offset=0,end=0](@1) -> int8_type, {0}, {1}, target_id=0
@89 = gpu::convolution[op={padding={0, 0, 0, 0},stride={1, 1},dilation={1, 1},group=1,padding_mode=0},solution_object={binary_object: 548},algo=0,int8_x4_format=0,solution_id=0](@86,@52,@88,@87) -> float_type, {1, 4096, 1, 1}, {4096, 1, 1, 1}, target_id=0
@90 = load[offset=4000,end=20384](@1) -> float_type, {1, 4096, 1, 1}, {4096, 1, 1, 1}, target_id=0
@91 = broadcast[axis=1,out_lens={1, 4096, 1, 1}](@45) -> float_type, {1, 4096, 1, 1}, {0, 1, 0, 0}, target_id=0
@92 = gpu::code_object[code_object=13632,symbol_name=add_relu_kernel,global=2048,local=1024,](@89,@91,@90) -> float_type, {1, 4096, 1, 1}, {4096, 1, 1, 1}, target_id=0
@93 = load[offset=0,end=0](@1) -> int8_type, {0}, {1}, target_id=0
@94 = load[offset=20384,end=24384](@1) -> float_type, {1, 1000, 1, 1}, {1000, 1, 1, 1}, target_id=0
@95 = gpu::convolution[op={padding={0, 0, 0, 0},stride={1, 1},dilation={1, 1},group=1,padding_mode=0},solution_object={binary_object: 548},algo=0,int8_x4_format=0,solution_id=0](@92,@47,@93,@94) -> float_type, {1, 1000, 1, 1}, {1000, 1, 1, 1}, target_id=0
main:#output_0 = @param:main:#output_0 -> float_type, {1, 1000, 1, 1}, {1000, 1, 1, 1}, target_id=0
@97 = broadcast[axis=1,out_lens={1, 1000, 1, 1}](@44) -> float_type, {1, 1000, 1, 1}, {0, 1, 0, 0}, target_id=0
@98 = gpu::code_object[code_object=13624,symbol_name=add_kernel,global=500,local=1024,](@95,@97,main:#output_0) -> float_type, {1, 1000, 1, 1}, {1000, 1, 1, 1}, target_id=0
@99 = transpose[permutation={0, 2, 3, 1}](@98) -> float_type, {1, 1, 1, 1000}, {1000, 1, 1, 1}, target_id=0
@100 = squeeze[axes={1, 2}](@99) -> float_type, {1, 1000}, {1000, 1}, target_id=0
@101 = @return(@100), target_id=0


Allocating params ... 
Running performance report ... 
@0 = check_context::migraphx::gpu::context  -> float_type, {}, {}, target_id=0: 0.00066482ms, 1%
@1 = hip::hip_allocate_memory[shape=int8_type, {25690112}, {1},id=main:scratch] -> int8_type, {25690112}, {1}, target_id=0: 0.0007356ms, 1%
@2 = hip::hip_copy_literal[id=main:@literal:15] -> float_type, {64, 3, 3, 3}, {27, 9, 3, 1}, target_id=0: 0.00083048ms, 1%
@3 = hip::hip_copy_literal[id=main:@literal:13] -> float_type, {64, 64, 3, 3}, {576, 9, 3, 1}, target_id=0: 0.00055308ms, 1%
@4 = hip::hip_copy_literal[id=main:@literal:30] -> float_type, {64}, {1}, target_id=0: 0.00057804ms, 1%
@5 = hip::hip_copy_literal[id=main:@literal:31] -> float_type, {64}, {1}, target_id=0: 0.0005468ms, 1%
@6 = load[offset=12845056,end=25690112](@1) -> float_type, {1, 64, 224, 224}, {3211264, 50176, 224, 1}, target_id=0: 0.00078848ms, 1%
@7 = broadcast[axis=1,out_lens={1, 64, 224, 224}](@5) -> float_type, {1, 64, 224, 224}, {0, 1, 0, 0}, target_id=0: 0.00085654ms, 1%
input = @param:input -> float_type, {1, 3, 224, 224}, {150528, 50176, 224, 1}, target_id=0: 0.00045278ms, 1%
@9 = gpu::miopen_fusion[ops={{op=convolution[padding={1, 1, 1, 1},stride={1, 1},dilation={1, 1},group=1,padding_mode=0],alpha=1,beta=0}, {op=add,alpha=1,beta=0}, {op=relu,alpha=1,beta=0}}](input,@2,@7,@6) -> float_type, {1, 64, 224, 224}, {3211264, 50176, 224, 1}, target_id=0: 0.0560965ms, 1%
@10 = load[offset=0,end=12845056](@1) -> float_type, {1, 64, 224, 224}, {3211264, 50176, 224, 1}, target_id=0: 0.00089398ms, 1%
@11 = broadcast[axis=1,out_lens={1, 64, 224, 224}](@4) -> float_type, {1, 64, 224, 224}, {0, 1, 0, 0}, target_id=0: 0.00078844ms, 1%
@12 = gpu::miopen_fusion[ops={{op=convolution[padding={1, 1, 1, 1},stride={1, 1},dilation={1, 1},group=1,padding_mode=0],alpha=1,beta=0}, {op=add,alpha=1,beta=0}, {op=relu,alpha=1,beta=0}}](@9,@3,@11,@10) -> float_type, {1, 64, 224, 224}, {3211264, 50176, 224, 1}, target_id=0: 0.149273ms, 3%
@13 = load[offset=12845056,end=16056320](@1) -> float_type, {1, 64, 112, 112}, {802816, 12544, 112, 1}, target_id=0: 0.00086524ms, 1%
@14 = gpu::pooling[mode=max,padding={0, 0, 0, 0},stride={2, 2},lengths={2, 2},ceil_mode=0,lp_order=2,dyn_global=0](@12,@13) -> float_type, {1, 64, 112, 112}, {802816, 12544, 112, 1}, target_id=0: 0.0403106ms, 1%
@15 = hip::hip_copy_literal[id=main:@literal:2] -> float_type, {128, 64, 3, 3}, {576, 9, 3, 1}, target_id=0: 0.0008136ms, 1%
@16 = hip::hip_copy_literal[id=main:@literal:12] -> float_type, {128, 128, 3, 3}, {1152, 9, 3, 1}, target_id=0: 0.00071594ms, 1%
@17 = hip::hip_copy_literal[id=main:@literal:28] -> float_type, {128}, {1}, target_id=0: 0.000634ms, 1%
@18 = hip::hip_copy_literal[id=main:@literal:29] -> float_type, {128}, {1}, target_id=0: 0.00066926ms, 1%
@19 = load[offset=16056320,end=22478848](@1) -> float_type, {1, 128, 112, 112}, {1605632, 12544, 112, 1}, target_id=0: 0.00068898ms, 1%
@20 = broadcast[axis=1,out_lens={1, 128, 112, 112}](@18) -> float_type, {1, 128, 112, 112}, {0, 1, 0, 0}, target_id=0: 0.00088636ms, 1%
@21 = gpu::miopen_fusion[ops={{op=convolution[padding={1, 1, 1, 1},stride={1, 1},dilation={1, 1},group=1,padding_mode=0],alpha=1,beta=0}, {op=add,alpha=1,beta=0}, {op=relu,alpha=1,beta=0}}](@14,@15,@20,@19) -> float_type, {1, 128, 112, 112}, {1605632, 12544, 112, 1}, target_id=0: 0.0947917ms, 2%
@22 = load[offset=6422528,end=12845056](@1) -> float_type, {1, 128, 112, 112}, {1605632, 12544, 112, 1}, target_id=0: 0.00088184ms, 1%
@23 = broadcast[axis=1,out_lens={1, 128, 112, 112}](@17) -> float_type, {1, 128, 112, 112}, {0, 1, 0, 0}, target_id=0: 0.00091296ms, 1%
@24 = gpu::miopen_fusion[ops={{op=convolution[padding={1, 1, 1, 1},stride={1, 1},dilation={1, 1},group=1,padding_mode=0],alpha=1,beta=0}, {op=add,alpha=1,beta=0}, {op=relu,alpha=1,beta=0}}](@21,@16,@23,@22) -> float_type, {1, 128, 112, 112}, {1605632, 12544, 112, 1}, target_id=0: 0.16038ms, 3%
@25 = load[offset=3211264,end=4816896](@1) -> float_type, {1, 128, 56, 56}, {401408, 3136, 56, 1}, target_id=0: 0.00088134ms, 1%
@26 = gpu::pooling[mode=max,padding={0, 0, 0, 0},stride={2, 2},lengths={2, 2},ceil_mode=0,lp_order=2,dyn_global=0](@24,@25) -> float_type, {1, 128, 56, 56}, {401408, 3136, 56, 1}, target_id=0: 0.0432478ms, 1%
@27 = hip::hip_copy_literal[id=main:@literal:8] -> float_type, {256, 256, 3, 3}, {2304, 9, 3, 1}, target_id=0: 0.00077034ms, 1%
@28 = hip::hip_copy_literal[id=main:@literal:6] -> float_type, {256, 256, 3, 3}, {2304, 9, 3, 1}, target_id=0: 0.00051824ms, 1%
@29 = hip::hip_copy_literal[id=main:@literal:10] -> float_type, {256, 128, 3, 3}, {1152, 9, 3, 1}, target_id=0: 0.00068464ms, 1%
@30 = hip::hip_copy_literal[id=main:@literal:25] -> float_type, {256}, {1}, target_id=0: 0.00054508ms, 1%
@31 = hip::hip_copy_literal[id=main:@literal:26] -> float_type, {256}, {1}, target_id=0: 0.00067874ms, 1%
@32 = hip::hip_copy_literal[id=main:@literal:27] -> float_type, {256}, {1}, target_id=0: 0.00055918ms, 1%
@33 = load[offset=0,end=3211264](@1) -> float_type, {1, 256, 56, 56}, {802816, 3136, 56, 1}, target_id=0: 0.00067838ms, 1%
@34 = broadcast[axis=1,out_lens={1, 256, 56, 56}](@32) -> float_type, {1, 256, 56, 56}, {0, 1, 0, 0}, target_id=0: 0.00092284ms, 1%
@35 = gpu::miopen_fusion[ops={{op=convolution[padding={1, 1, 1, 1},stride={1, 1},dilation={1, 1},group=1,padding_mode=0],alpha=1,beta=0}, {op=add,alpha=1,beta=0}, {op=relu,alpha=1,beta=0}}](@26,@29,@34,@33) -> float_type, {1, 256, 56, 56}, {802816, 3136, 56, 1}, target_id=0: 0.0901045ms, 2%
@36 = load[offset=6422528,end=9633792](@1) -> float_type, {1, 256, 56, 56}, {802816, 3136, 56, 1}, target_id=0: 0.00088182ms, 1%
@37 = broadcast[axis=1,out_lens={1, 256, 56, 56}](@31) -> float_type, {1, 256, 56, 56}, {0, 1, 0, 0}, target_id=0: 0.00089378ms, 1%
@38 = gpu::miopen_fusion[ops={{op=convolution[padding={1, 1, 1, 1},stride={1, 1},dilation={1, 1},group=1,padding_mode=0],alpha=1,beta=0}, {op=add,alpha=1,beta=0}, {op=relu,alpha=1,beta=0}}](@35,@28,@37,@36) -> float_type, {1, 256, 56, 56}, {802816, 3136, 56, 1}, target_id=0: 0.152435ms, 3%
@39 = load[offset=3211264,end=6422528](@1) -> float_type, {1, 256, 56, 56}, {802816, 3136, 56, 1}, target_id=0: 0.00087932ms, 1%
@40 = broadcast[axis=1,out_lens={1, 256, 56, 56}](@30) -> float_type, {1, 256, 56, 56}, {0, 1, 0, 0}, target_id=0: 0.00086916ms, 1%
@41 = gpu::miopen_fusion[ops={{op=convolution[padding={1, 1, 1, 1},stride={1, 1},dilation={1, 1},group=1,padding_mode=0],alpha=1,beta=0}, {op=add,alpha=1,beta=0}, {op=relu,alpha=1,beta=0}}](@38,@27,@40,@39) -> float_type, {1, 256, 56, 56}, {802816, 3136, 56, 1}, target_id=0: 0.15518ms, 3%
@42 = load[offset=1605632,end=2408448](@1) -> float_type, {1, 256, 28, 28}, {200704, 784, 28, 1}, target_id=0: 0.00088448ms, 1%
@43 = gpu::pooling[mode=max,padding={0, 0, 0, 0},stride={2, 2},lengths={2, 2},ceil_mode=0,lp_order=2,dyn_global=0](@41,@42) -> float_type, {1, 256, 28, 28}, {200704, 784, 28, 1}, target_id=0: 0.0316681ms, 1%
@44 = hip::hip_copy_literal[id=main:@literal:16] -> float_type, {1000}, {1}, target_id=0: 0.00082844ms, 1%
@45 = hip::hip_copy_literal[id=main:@literal:17] -> float_type, {4096}, {1}, target_id=0: 0.00073414ms, 1%
@46 = hip::hip_copy_literal[id=main:@literal:18] -> float_type, {4096}, {1}, target_id=0: 0.00056644ms, 1%
@47 = hip::hip_copy_literal[id=main:@literal:14] -> float_type, {1000, 4096, 1, 1}, {4096, 1, 1, 1}, target_id=0: 0.00068708ms, 1%
@48 = hip::hip_copy_literal[id=main:@literal:19] -> float_type, {512}, {1}, target_id=0: 0.00054718ms, 1%
@49 = hip::hip_copy_literal[id=main:@literal:3] -> float_type, {512, 512, 3, 3}, {4608, 9, 3, 1}, target_id=0: 0.00050682ms, 1%
@50 = hip::hip_copy_literal[id=main:@literal:1] -> float_type, {512, 512, 3, 3}, {4608, 9, 3, 1}, target_id=0: 0.00050346ms, 1%
@51 = hip::hip_copy_literal[id=main:@literal:20] -> float_type, {512}, {1}, target_id=0: 0.00067818ms, 1%
@52 = hip::hip_copy_literal[id=main:@literal:9] -> float_type, {4096, 4096, 1, 1}, {4096, 1, 1, 1}, target_id=0: 0.0005422ms, 1%
@53 = hip::hip_copy_literal[id=main:@literal:21] -> float_type, {512}, {1}, target_id=0: 0.00066472ms, 1%
@54 = hip::hip_copy_literal[id=main:@literal:22] -> float_type, {512}, {1}, target_id=0: 0.0005083ms, 1%
@55 = hip::hip_copy_literal[id=main:@literal:23] -> float_type, {512}, {1}, target_id=0: 0.00066952ms, 1%
@56 = hip::hip_copy_literal[id=main:@literal:5] -> float_type, {512, 512, 3, 3}, {4608, 9, 3, 1}, target_id=0: 0.00053174ms, 1%
@57 = hip::hip_copy_literal[id=main:@literal:24] -> float_type, {512}, {1}, target_id=0: 0.00064182ms, 1%
@58 = hip::hip_copy_literal[id=main:@literal:4] -> float_type, {512, 256, 3, 3}, {2304, 9, 3, 1}, target_id=0: 0.00050822ms, 1%
@59 = hip::hip_copy_literal[id=main:@literal:7] -> float_type, {4096, 512, 7, 7}, {25088, 49, 7, 1}, target_id=0: 0.00051666ms, 1%
@60 = hip::hip_copy_literal[id=main:@literal:0] -> float_type, {512, 512, 3, 3}, {4608, 9, 3, 1}, target_id=0: 0.00050782ms, 1%
@61 = hip::hip_copy_literal[id=main:@literal:11] -> float_type, {512, 512, 3, 3}, {4608, 9, 3, 1}, target_id=0: 0.00058836ms, 1%
@62 = load[offset=0,end=1605632](@1) -> float_type, {1, 512, 28, 28}, {401408, 784, 28, 1}, target_id=0: 0.00069184ms, 1%
@63 = broadcast[axis=1,out_lens={1, 512, 28, 28}](@57) -> float_type, {1, 512, 28, 28}, {0, 1, 0, 0}, target_id=0: 0.0008757ms, 1%
@64 = gpu::miopen_fusion[ops={{op=convolution[padding={1, 1, 1, 1},stride={1, 1},dilation={1, 1},group=1,padding_mode=0],alpha=1,beta=0}, {op=add,alpha=1,beta=0}, {op=relu,alpha=1,beta=0}}](@43,@58,@63,@62) -> float_type, {1, 512, 28, 28}, {401408, 784, 28, 1}, target_id=0: 0.0876344ms, 2%
@65 = load[offset=2408448,end=4014080](@1) -> float_type, {1, 512, 28, 28}, {401408, 784, 28, 1}, target_id=0: 0.00087084ms, 1%
@66 = broadcast[axis=1,out_lens={1, 512, 28, 28}](@55) -> float_type, {1, 512, 28, 28}, {0, 1, 0, 0}, target_id=0: 0.00087326ms, 1%
@67 = gpu::miopen_fusion[ops={{op=convolution[padding={1, 1, 1, 1},stride={1, 1},dilation={1, 1},group=1,padding_mode=0],alpha=1,beta=0}, {op=add,alpha=1,beta=0}, {op=relu,alpha=1,beta=0}}](@64,@49,@66,@65) -> float_type, {1, 512, 28, 28}, {401408, 784, 28, 1}, target_id=0: 0.14988ms, 3%
@68 = load[offset=802816,end=2408448](@1) -> float_type, {1, 512, 28, 28}, {401408, 784, 28, 1}, target_id=0: 0.0008818ms, 1%
@69 = broadcast[axis=1,out_lens={1, 512, 28, 28}](@54) -> float_type, {1, 512, 28, 28}, {0, 1, 0, 0}, target_id=0: 0.00087236ms, 1%
@70 = gpu::miopen_fusion[ops={{op=convolution[padding={1, 1, 1, 1},stride={1, 1},dilation={1, 1},group=1,padding_mode=0],alpha=1,beta=0}, {op=add,alpha=1,beta=0}, {op=relu,alpha=1,beta=0}}](@67,@56,@69,@68) -> float_type, {1, 512, 28, 28}, {401408, 784, 28, 1}, target_id=0: 0.150547ms, 3%
@71 = load[offset=0,end=401408](@1) -> float_type, {1, 512, 14, 14}, {100352, 196, 14, 1}, target_id=0: 0.00088258ms, 1%
@72 = gpu::pooling[mode=max,padding={0, 0, 0, 0},stride={2, 2},lengths={2, 2},ceil_mode=0,lp_order=2,dyn_global=0](@70,@71) -> float_type, {1, 512, 14, 14}, {100352, 196, 14, 1}, target_id=0: 0.0249544ms, 1%
@73 = load[offset=935936,end=1337344](@1) -> float_type, {1, 512, 14, 14}, {100352, 196, 14, 1}, target_id=0: 0.0008109ms, 1%
@74 = broadcast[axis=1,out_lens={1, 512, 14, 14}](@53) -> float_type, {1, 512, 14, 14}, {0, 1, 0, 0}, target_id=0: 0.00088198ms, 1%
@75 = gpu::miopen_fusion[ops={{op=convolution[padding={1, 1, 1, 1},stride={1, 1},dilation={1, 1},group=1,padding_mode=0],alpha=1,beta=0}, {op=add,alpha=1,beta=0}, {op=relu,alpha=1,beta=0}}](@72,@61,@74,@73) -> float_type, {1, 512, 14, 14}, {100352, 196, 14, 1}, target_id=0: 0.137315ms, 3%
@76 = broadcast[axis=1,out_lens={1, 512, 14, 14}](@51) -> float_type, {1, 512, 14, 14}, {0, 1, 0, 0}, target_id=0: 0.00095388ms, 1%
@77 = load[offset=534528,end=935936](@1) -> float_type, {1, 512, 14, 14}, {100352, 196, 14, 1}, target_id=0: 0.0007457ms, 1%
@78 = gpu::miopen_fusion[ops={{op=convolution[padding={1, 1, 1, 1},stride={1, 1},dilation={1, 1},group=1,padding_mode=0],alpha=1,beta=0}, {op=add,alpha=1,beta=0}, {op=relu,alpha=1,beta=0}}](@75,@50,@76,@77) -> float_type, {1, 512, 14, 14}, {100352, 196, 14, 1}, target_id=0: 0.138108ms, 3%
@79 = broadcast[axis=1,out_lens={1, 512, 14, 14}](@48) -> float_type, {1, 512, 14, 14}, {0, 1, 0, 0}, target_id=0: 0.0010075ms, 1%
@80 = load[offset=133120,end=534528](@1) -> float_type, {1, 512, 14, 14}, {100352, 196, 14, 1}, target_id=0: 0.00074262ms, 1%
@81 = gpu::miopen_fusion[ops={{op=convolution[padding={1, 1, 1, 1},stride={1, 1},dilation={1, 1},group=1,padding_mode=0],alpha=1,beta=0}, {op=add,alpha=1,beta=0}, {op=relu,alpha=1,beta=0}}](@78,@60,@79,@80) -> float_type, {1, 512, 14, 14}, {100352, 196, 14, 1}, target_id=0: 0.137981ms, 3%
@82 = load[offset=16384,end=116736](@1) -> float_type, {1, 512, 7, 7}, {25088, 49, 7, 1}, target_id=0: 0.00088192ms, 1%
@83 = gpu::pooling[mode=max,padding={0, 0, 0, 0},stride={2, 2},lengths={2, 2},ceil_mode=0,lp_order=2,dyn_global=0](@81,@82) -> float_type, {1, 512, 7, 7}, {25088, 49, 7, 1}, target_id=0: 0.0210101ms, 1%
@84 = broadcast[axis=1,out_lens={1, 4096, 1, 1}](@46) -> float_type, {1, 4096, 1, 1}, {0, 1, 0, 0}, target_id=0: 0.00100622ms, 1%
@85 = load[offset=116736,end=133120](@1) -> float_type, {1, 4096, 1, 1}, {4096, 1, 1, 1}, target_id=0: 0.00067592ms, 1%
@86 = gpu::miopen_fusion[ops={{op=convolution[padding={0, 0, 0, 0},stride={1, 1},dilation={1, 1},group=1,padding_mode=0],alpha=1,beta=0}, {op=add,alpha=1,beta=0}, {op=relu,alpha=1,beta=0}}](@83,@59,@84,@85) -> float_type, {1, 4096, 1, 1}, {4096, 1, 1, 1}, target_id=0: 4.61363ms, 70%
@87 = load[offset=20384,end=36768](@1) -> float_type, {1, 4096, 1, 1}, {4096, 1, 1, 1}, target_id=0: 0.0009051ms, 1%
@88 = load[offset=0,end=0](@1) -> int8_type, {0}, {1}, target_id=0: 0.00057002ms, 1%
@89 = gpu::convolution[op={padding={0, 0, 0, 0},stride={1, 1},dilation={1, 1},group=1,padding_mode=0},solution_object={binary_object: 548},algo=0,int8_x4_format=0,solution_id=0](@86,@52,@88,@87) -> float_type, {1, 4096, 1, 1}, {4096, 1, 1, 1}, target_id=0: 0.102283ms, 2%
@90 = load[offset=4000,end=20384](@1) -> float_type, {1, 4096, 1, 1}, {4096, 1, 1, 1}, target_id=0: 0.0008635ms, 1%
@91 = broadcast[axis=1,out_lens={1, 4096, 1, 1}](@45) -> float_type, {1, 4096, 1, 1}, {0, 1, 0, 0}, target_id=0: 0.00095372ms, 1%
@92 = gpu::code_object[code_object=13632,symbol_name=add_relu_kernel,global=2048,local=1024,](@89,@91,@90) -> float_type, {1, 4096, 1, 1}, {4096, 1, 1, 1}, target_id=0: 0.0179384ms, 1%
@93 = load[offset=0,end=0](@1) -> int8_type, {0}, {1}, target_id=0: 0.00077938ms, 1%
@94 = load[offset=20384,end=24384](@1) -> float_type, {1, 1000, 1, 1}, {1000, 1, 1, 1}, target_id=0: 0.00060916ms, 1%
@95 = gpu::convolution[op={padding={0, 0, 0, 0},stride={1, 1},dilation={1, 1},group=1,padding_mode=0},solution_object={binary_object: 548},algo=0,int8_x4_format=0,solution_id=0](@92,@47,@93,@94) -> float_type, {1, 1000, 1, 1}, {1000, 1, 1, 1}, target_id=0: 0.0485836ms, 1%
main:#output_0 = @param:main:#output_0 -> float_type, {1, 1000, 1, 1}, {1000, 1, 1, 1}, target_id=0: 0.0006985ms, 1%
@97 = broadcast[axis=1,out_lens={1, 1000, 1, 1}](@44) -> float_type, {1, 1000, 1, 1}, {0, 1, 0, 0}, target_id=0: 0.00095372ms, 1%
@98 = gpu::code_object[code_object=13624,symbol_name=add_kernel,global=500,local=1024,](@95,@97,main:#output_0) -> float_type, {1, 1000, 1, 1}, {1000, 1, 1, 1}, target_id=0: 0.0153578ms, 1%
@99 = transpose[permutation={0, 2, 3, 1}](@98) -> float_type, {1, 1, 1, 1000}, {1000, 1, 1, 1}, target_id=0: 0.00132718ms, 1%
@100 = squeeze[axes={1, 2}](@99) -> float_type, {1, 1000}, {1000, 1}, target_id=0: 0.0012027ms, 1%
@101 = @return(@100), target_id=0
Summary:
gpu::miopen_fusion: 6.27336ms / 14 = 0.448097ms, 94%
gpu::pooling: 0.161191ms / 5 = 0.0322382ms, 3%
gpu::convolution: 0.150867ms / 2 = 0.0754334ms, 3%
hip::hip_copy_literal: 0.0198285ms / 32 = 0.000619641ms, 1%
load: 0.0192351ms / 24 = 0.000801464ms, 1%
gpu::code_object::add_relu_kernel: 0.0179384ms / 1 = 0.0179384ms, 1%
gpu::code_object::add_kernel: 0.0153578ms / 1 = 0.0153578ms, 1%
broadcast: 0.0145084ms / 16 = 0.000906776ms, 1%
transpose: 0.00132718ms / 1 = 0.00132718ms, 1%
squeeze: 0.0012027ms / 1 = 0.0012027ms, 1%
@param: 0.00115128ms / 2 = 0.00057564ms, 1%
hip::hip_allocate_memory: 0.0007356ms / 1 = 0.0007356ms, 1%
check_context::migraphx::gpu::context : 0.00066482ms / 1 = 0.00066482ms, 1%

Batch size: 1
Rate: 158.153/sec
Total time: 6.32298ms
Total instructions time: 6.67736ms
Overhead time: 0.0225698ms, -0.354385ms
Overhead: 0%, -6%
