In file included from main.cpp:3:
In file included from ./migraphx/kernels/pointwise.hpp:29:
./migraphx/kernels/math.hpp:191:56: error: no member named '__hmax' in the global namespace; did you mean '__fmax'?
MIGRAPHX_DEVICE_MATH_BINARY_FOR(migraphx::half, max, ::__hmax)
                                                     ~~^~~~~~
                                                       __fmax
./migraphx/kernels/math.hpp:67:64: note: expanded from macro 'MIGRAPHX_DEVICE_MATH_BINARY_FOR'
    inline auto __device__ name(type x, type y)->type { return fname(x, y); }
                                                               ^~~~~
/usr/include/x86_64-linux-gnu/bits/mathcalls.h:329:1: note: '__fmax' declared here
__MATHCALLX (fmax,, (_Mdouble_ __x, _Mdouble_ __y), (__const__));
^
/usr/include/math.h:278:3: note: expanded from macro '__MATHCALLX'
  __MATHDECLX (_Mdouble_,function,suffix, args, attrib)
  ^
/usr/include/math.h:281:22: note: expanded from macro '__MATHDECLX'
  __MATHDECL_1(type, __CONCAT(__,function),suffix, args) __attribute__ (attrib)
                     ^
/usr/include/x86_64-linux-gnu/sys/cdefs.h:105:23: note: expanded from macro '__CONCAT'
#define __CONCAT(x,y)   x ## y
                        ^
<scratch space>:117:1: note: expanded from here
__fmax
^
In file included from main.cpp:3In file included from :
main.cppIn file included from :./migraphx/kernels/pointwise.hpp3::
29In file included from :
./migraphx/kernels/pointwise.hpp./migraphx/kernels/math.hpp::29191:
:./migraphx/kernels/math.hpp56::191 :error: 56no member named '__hmax' in the global namespace; did you mean '__fmax'?:
 error: no member named '__hmax' in the global namespace; did you mean '__fmax'?
MIGRAPHX_DEVICE_MATH_BINARY_FOR(migraphx::half, max, ::__hmax)
                                                     ~~^~~~~~
                                                       __fmaxMIGRAPHX_DEVICE_MATH_BINARY_FOR(migraphx::half, max, ::__hmax)

                                                     ~~^~~~~~
./migraphx/kernels/math.hpp                                                       __fmax:
67:64./migraphx/kernels/math.hpp:: 67note: :expanded from macro 'MIGRAPHX_DEVICE_MATH_BINARY_FOR'64
: note: expanded from macro 'MIGRAPHX_DEVICE_MATH_BINARY_FOR'
    inline auto __device__ name(type x, type y)->type { return fname(x, y); }
                                                               ^~~~~
    inline auto __device__ name(type x, type y)->type { return fname(x, y); }
                                                               ^~~~~
/usr/include/x86_64-linux-gnu/bits/mathcalls.h:329:1:/usr/include/x86_64-linux-gnu/bits/mathcalls.h :note: 329'__fmax' declared here:
1: note: '__fmax' declared here
__MATHCALLX (fmax,, (_Mdouble_ __x, _Mdouble_ __y), (__const__));
^
__MATHCALLX (fmax,, (_Mdouble_ __x, _Mdouble_ __y), (__const__));/usr/include/math.h
:^278
:3:/usr/include/math.h :note: 278expanded from macro '__MATHCALLX':
3: note: expanded from macro '__MATHCALLX'
  __MATHDECLX (_Mdouble_,function,suffix, args, attrib)
  ^
/usr/include/math.h  __MATHDECLX (_Mdouble_,function,suffix, args, attrib):
281  ^:
22/usr/include/math.h:: 281note: :expanded from macro '__MATHDECLX'22
: note: expanded from macro '__MATHDECLX'
  __MATHDECL_1(type, __CONCAT(__,function),suffix, args) __attribute__ (attrib)
                     ^
  __MATHDECL_1(type, __CONCAT(__,function),suffix, args) __attribute__ (attrib)/usr/include/x86_64-linux-gnu/sys/cdefs.h
:                     ^105
:23/usr/include/x86_64-linux-gnu/sys/cdefs.h:: 105note: :expanded from macro '__CONCAT'23
: note: expanded from macro '__CONCAT'
#define __CONCAT(x,y)   x ## y
                        ^
#define __CONCAT(x,y)   x ## y
                        ^
<scratch space>:117:<scratch space>1::117 :note: 1expanded from here:
 __fmaxnote: 
expanded from here^

__fmax
^
In file included from main.cpp:3:
In file included from ./migraphx/kernels/pointwise.hpp:29:
./migraphx/kernels/math.hpp:191:56: error: no member named '__hmax' in the global namespace; did you mean '__fmax'?
MIGRAPHX_DEVICE_MATH_BINARY_FOR(migraphx::half, max, ::__hmax)
                                                     ~~^~~~~~
                                                       __fmax
./migraphx/kernels/math.hpp:67:64: note: expanded from macro 'MIGRAPHX_DEVICE_MATH_BINARY_FOR'
    inline auto __device__ name(type x, type y)->type { return fname(x, y); }
                                                               ^~~~~
/usr/include/x86_64-linux-gnu/bits/mathcalls.h:329:1: note: '__fmax' declared here
__MATHCALLX (fmax,, (_Mdouble_ __x, _Mdouble_ __y), (__const__));
^
/usr/include/math.h:278:3: note: expanded from macro '__MATHCALLX'
  __MATHDECLX (_Mdouble_,function,suffix, args, attrib)
  ^
/usr/include/math.h:281:22: note: expanded from macro '__MATHDECLX'
  __MATHDECL_1(type, __CONCAT(__,function),suffix, args) __attribute__ (attrib)
                     ^
/usr/include/x86_64-linux-gnu/sys/cdefs.h:105:23: note: expanded from macro '__CONCAT'
#define __CONCAT(x,y)   x ## y
                        ^
<scratch space>:117:1: note: expanded from here
__fmax
^
In file included from main.cpp:3:
In file included from ./migraphx/kernels/pointwise.hpp:29:
./migraphx/kernels/math.hpp:192:56: error: no member named '__hmin' in the global namespace; did you mean '__fmin'?
MIGRAPHX_DEVICE_MATH_BINARY_FOR(migraphx::half, min, ::__hmin)
                                                     ~~^~~~~~
                                                       __fmin
./migraphx/kernels/math.hpp:67:64: note: expanded from macro 'MIGRAPHX_DEVICE_MATH_BINARY_FOR'
    inline auto __device__ name(type x, type y)->type { return fname(x, y); }
                                                               ^~~~~
/usr/include/x86_64-linux-gnu/bits/mathcalls.h:332:1: note: '__fmin' declared here
__MATHCALLX (fmin,, (_Mdouble_ __x, _Mdouble_ __y), (__const__));
^
/usr/include/math.h:278:3: note: expanded from macro '__MATHCALLX'
  __MATHDECLX (_Mdouble_,function,suffix, args, attrib)
  ^
/usr/include/math.h:281:22: note: expanded from macro '__MATHDECLX'
  __MATHDECL_1(type, __CONCAT(__,function),suffix, args) __attribute__ (attrib)
                     ^
/usr/include/x86_64-linux-gnu/sys/cdefs.h:105:23: note: expanded from macro '__CONCAT'
#define __CONCAT(x,y)   x ## y
                        ^
<scratch space>:118:1: note: expanded from here
__fmin
^
In file included from main.cpp:3:
In file included from ./migraphx/kernels/pointwise.hpp:29:
./migraphx/kernels/math.hpp:192:56: error: no member named '__hmin' in the global namespace; did you mean '__fmin'?
MIGRAPHX_DEVICE_MATH_BINARY_FOR(migraphx::half, min, ::__hmin)
                                                     ~~^~~~~~
                                                       __fmin
./migraphx/kernels/math.hpp:67:64: note: expanded from macro 'MIGRAPHX_DEVICE_MATH_BINARY_FOR'
    inline auto __device__ name(type x, type y)->type { return fname(x, y); }
                                                               ^~~~~
/usr/include/x86_64-linux-gnu/bits/mathcalls.h:332:1: note: '__fmin' declared here
__MATHCALLX (fmin,, (_Mdouble_ __x, _Mdouble_ __y), (__const__));
^
/usr/include/math.h:278:3: note: expanded from macro '__MATHCALLX'
  __MATHDECLX (_Mdouble_,function,suffix, args, attrib)
  ^
In file included from /usr/include/math.hmain.cpp::2813::
22In file included from :./migraphx/kernels/pointwise.hpp :note: 29expanded from macro '__MATHDECLX':

./migraphx/kernels/math.hpp:192:56: error: no member named '__hmin' in the global namespace; did you mean '__fmin'?  __MATHDECL_1(type, __CONCAT(__,function),suffix, args) __attribute__ (attrib)

                     ^
/usr/include/x86_64-linux-gnu/sys/cdefs.h:105:23: note: MIGRAPHX_DEVICE_MATH_BINARY_FOR(migraphx::half, min, ::__hmin)expanded from macro '__CONCAT'

                                                     ~~^~~~~~
                                                       __fmin
#define __CONCAT(x,y)   x ## y
./migraphx/kernels/math.hpp                        ^:
67<scratch space>::64118:: 1note: :expanded from macro 'MIGRAPHX_DEVICE_MATH_BINARY_FOR' 
note: expanded from here    inline auto __device__ name(type x, type y)->type { return fname(x, y); }

                                                               ^~~~~__fmin

^
/usr/include/x86_64-linux-gnu/bits/mathcalls.h:332:1:In file included from  main.cppnote: :'__fmin' declared here3
:
In file included from ./migraphx/kernels/pointwise.hpp:29:
./migraphx/kernels/math.hpp:__MATHCALLX (fmin,, (_Mdouble_ __x, _Mdouble_ __y), (__const__));191
:^56
: error: /usr/include/math.hno member named '__hmax' in the global namespace; did you mean '__fmax'?:
278:3: note: expanded from macro '__MATHCALLX'
  __MATHDECLX (_Mdouble_,function,suffix, args, attrib)
  ^
/usr/include/math.h:281MIGRAPHX_DEVICE_MATH_BINARY_FOR(migraphx::half, max, ::__hmax):
22                                                     ~~^~~~~~:
                                                        __fmaxnote: 
expanded from macro '__MATHDECLX'
./migraphx/kernels/math.hpp:67:64: note: expanded from macro 'MIGRAPHX_DEVICE_MATH_BINARY_FOR'  __MATHDECL_1(type, __CONCAT(__,function),suffix, args) __attribute__ (attrib)

                     ^
/usr/include/x86_64-linux-gnu/sys/cdefs.h:105:23:    inline auto __device__ name(type x, type y)->type { return fname(x, y); } 
note:                                                                ^~~~~expanded from macro '__CONCAT'

#define __CONCAT(x,y)   x ## y
/usr/include/x86_64-linux-gnu/bits/mathcalls.h                        ^:
329:<scratch space>1::118 :note: 1'__fmax' declared here:
 note: expanded from here
__fmin
^__MATHCALLX (fmax,, (_Mdouble_ __x, _Mdouble_ __y), (__const__));

^
/usr/include/math.h:278:3: note: expanded from macro '__MATHCALLX'
  __MATHDECLX (_Mdouble_,function,suffix, args, attrib)
  ^
/usr/include/math.h:281:22: note: expanded from macro '__MATHDECLX'
  __MATHDECL_1(type, __CONCAT(__,function),suffix, args) __attribute__ (attrib)
                     ^
/usr/include/x86_64-linux-gnu/sys/cdefs.h:105:23: note: expanded from macro '__CONCAT'
#define __CONCAT(x,y)   x ## y
                        ^
<scratch space>:117:1: note: expanded from here
__fmax
^
In file included from main.cpp:3:
In file included from ./migraphx/kernels/pointwise.hpp:29:
./migraphx/kernels/math.hpp:192:56: error: no member named '__hmin' in the global namespace; did you mean '__fmin'?
MIGRAPHX_DEVICE_MATH_BINARY_FOR(migraphx::half, min, ::__hmin)
                                                     ~~^~~~~~
                                                       __fmin
./migraphx/kernels/math.hpp:67:64: note: expanded from macro 'MIGRAPHX_DEVICE_MATH_BINARY_FOR'
    inline auto __device__ name(type x, type y)->type { return fname(x, y); }
                                                               ^~~~~
/usr/include/x86_64-linux-gnu/bits/mathcalls.h:332:1: note: '__fmin' declared here
__MATHCALLX (fmin,, (_Mdouble_ __x, _Mdouble_ __y), (__const__));
^
/usr/include/math.h:278:3: note: expanded from macro '__MATHCALLX'
  __MATHDECLX (_Mdouble_,function,suffix, args, attrib)
  ^
/usr/include/math.h:281:22: note: expanded from macro '__MATHDECLX'
  __MATHDECL_1(type, __CONCAT(__,function),suffix, args) __attribute__ (attrib)
                     ^
/usr/include/x86_64-linux-gnu/sys/cdefs.h:105:23: note: expanded from macro '__CONCAT'
#define __CONCAT(x,y)   x ## y
                        ^
<scratch space>:118:1: note: expanded from here
__fmin
^
In file included from main.cpp:3:
In file included from ./migraphx/kernels/pointwise.hpp:29:
./migraphx/kernels/math.hpp:191:56: error: no member named '__hmax' in the global namespace; did you mean '__fmax'?
MIGRAPHX_DEVICE_MATH_BINARY_FOR(migraphx::half, max, ::__hmax)
                                                     ~~^~~~~~
                                                       __fmax
./migraphx/kernels/math.hpp:67:64: note: expanded from macro 'MIGRAPHX_DEVICE_MATH_BINARY_FOR'
    inline auto __device__ name(type x, type y)->type { return fname(x, y); }
                                                               ^~~~~
/usr/include/x86_64-linux-gnu/bits/mathcalls.h:329:1: note: '__fmax' declared here
__MATHCALLX (fmax,, (_Mdouble_ __x, _Mdouble_ __y), (__const__));
^
/usr/include/math.h:278:3: note: expanded from macro '__MATHCALLX'
  __MATHDECLX (_Mdouble_,function,suffix, args, attrib)
  ^
/usr/include/math.h:281:22: note: expanded from macro '__MATHDECLX'
  __MATHDECL_1(type, __CONCAT(__,function),suffix, args) __attribute__ (attrib)
                     ^
/usr/include/x86_64-linux-gnu/sys/cdefs.h:105:23: note: expanded from macro '__CONCAT'
#define __CONCAT(x,y)   x ## y
                        ^
<scratch space>:117:1: note: expanded from here
__fmax
^
In file included from main.cpp:3:
In file included from ./migraphx/kernels/pointwise.hpp:29:
./migraphx/kernels/math.hpp:192:56: error: no member named '__hmin' in the global namespace; did you mean '__fmin'?
MIGRAPHX_DEVICE_MATH_BINARY_FOR(migraphx::half, min, ::__hmin)
                                                     ~~^~~~~~
                                                       __fmin
./migraphx/kernels/math.hpp:67:64: note: expanded from macro 'MIGRAPHX_DEVICE_MATH_BINARY_FOR'
    inline auto __device__ name(type x, type y)->type { return fname(x, y); }
                                                               ^~~~~
/usr/include/x86_64-linux-gnu/bits/mathcalls.h:332:1: note: '__fmin' declared here
__MATHCALLX (fmin,, (_Mdouble_ __x, _Mdouble_ __y), (__const__));
^
/usr/include/math.h:278:3: note: expanded from macro '__MATHCALLX'
  __MATHDECLX (_Mdouble_,function,suffix, args, attrib)
  ^
/usr/include/math.h:281:22: note: expanded from macro '__MATHDECLX'
  __MATHDECL_1(type, __CONCAT(__,function),suffix, args) __attribute__ (attrib)
                     ^
/usr/include/x86_64-linux-gnu/sys/cdefs.h:105:23: note: expanded from macro '__CONCAT'
#define __CONCAT(x,y)   x ## y
                        ^
<scratch space>:118:1: note: expanded from here
__fmin
^
In file included from main.cpp:3:
In file included from ./migraphx/kernels/pointwise.hpp:29:
./migraphx/kernels/math.hpp:192:56: error: no member named '__hmin' in the global namespace; did you mean '__fmin'?
MIGRAPHX_DEVICE_MATH_BINARY_FOR(migraphx::half, min, ::__hmin)
                                                     ~~^~~~~~
                                                       __fmin
./migraphx/kernels/math.hpp:67:64: note: expanded from macro 'MIGRAPHX_DEVICE_MATH_BINARY_FOR'
    inline auto __device__ name(type x, type y)->type { return fname(x, y); }
                                                               ^~~~~
/usr/include/x86_64-linux-gnu/bits/mathcalls.h:332:1: note: '__fmin' declared here
__MATHCALLX (fmin,, (_Mdouble_ __x, _Mdouble_ __y), (__const__));
^
/usr/include/math.h:278:3: note: expanded from macro '__MATHCALLX'
  __MATHDECLX (_Mdouble_,function,suffix, args, attrib)
  ^
/usr/include/math.h:281:22: note: expanded from macro '__MATHDECLX'
  __MATHDECL_1(type, __CONCAT(__,function),suffix, args) __attribute__ (attrib)
                     ^
/usr/include/x86_64-linux-gnu/sys/cdefs.h:105:23: note: expanded from macro '__CONCAT'
#define __CONCAT(x,y)   x ## y
                        ^
<scratch space>:118:1: note: expanded from here
__fmin
^
In file included from main.cpp:3:
In file included from ./migraphx/kernels/pointwise.hpp:29:
./migraphx/kernels/math.hpp:191:56: error: no member named '__hmax' in the global namespace; did you mean '__fmax'?
MIGRAPHX_DEVICE_MATH_BINARY_FOR(migraphx::half, max, ::__hmax)
                                                     ~~^~~~~~
                                                       __fmax
./migraphx/kernels/math.hpp:67:64: note: expanded from macro 'MIGRAPHX_DEVICE_MATH_BINARY_FOR'
    inline auto __device__ name(type x, type y)->type { return fname(x, y); }
                                                               ^~~~~
/usr/include/x86_64-linux-gnu/bits/mathcalls.h:329:1: note: '__fmax' declared here
__MATHCALLX (fmax,, (_Mdouble_ __x, _Mdouble_ __y), (__const__));
^
/usr/include/math.h:278:3: note: expanded from macro '__MATHCALLX'
  __MATHDECLX (_Mdouble_,function,suffix, args, attrib)
  ^
/usr/include/math.h:281:22: note: expanded from macro '__MATHDECLX'
  __MATHDECL_1(type, __CONCAT(__,function),suffix, args) __attribute__ (attrib)
                     ^
/usr/include/x86_64-linux-gnu/sys/cdefs.h:105:23: note: expanded from macro '__CONCAT'
#define __CONCAT(x,y)   x ## y
                        ^
<scratch space>:117:1: note: expanded from here
__fmax
^
In file included from main.cpp:3:
In file included from ./migraphx/kernels/pointwise.hpp:29:
./migraphx/kernels/math.hpp:192:56: error: no member named '__hmin' in the global namespace; did you mean '__fmin'?
MIGRAPHX_DEVICE_MATH_BINARY_FOR(migraphx::half, min, ::__hmin)
                                                     ~~^~~~~~
                                                       __fmin
./migraphx/kernels/math.hpp:67:64: note: expanded from macro 'MIGRAPHX_DEVICE_MATH_BINARY_FOR'
    inline auto __device__ name(type x, type y)->type { return fname(x, y); }
                                                               ^~~~~
/usr/include/x86_64-linux-gnu/bits/mathcalls.h:332:1: note: '__fmin' declared here
__MATHCALLX (fmin,, (_Mdouble_ __x, _Mdouble_ __y), (__const__));
^
/usr/include/math.h:278:3: note: expanded from macro '__MATHCALLX'
  __MATHDECLX (_Mdouble_,function,suffix, args, attrib)
  ^
/usr/include/math.h:281:22: note: expanded from macro '__MATHDECLX'
  __MATHDECL_1(type, __CONCAT(__,function),suffix, args) __attribute__ (attrib)
                     ^
/usr/include/x86_64-linux-gnu/sys/cdefs.h:105:23: note: expanded from macro '__CONCAT'
#define __CONCAT(x,y)   x ## y
                        ^
<scratch space>:118:1: note: expanded from here
__fmin
^
2 errors generated when compiling for gfx908.
2 errors generated when compiling for gfx908.
2 errors generated when compiling for gfx908.
2 errors generated when compiling for gfx908.
2 errors generated when compiling for gfx908.
2 errors generated when compiling for gfx908.
terminate called after throwing an instance of 'migraphx::version_1::exception'
terminate called recursively
terminate called recursively
terminate called recursively
terminate called recursively
2 errors generated when compiling for gfx908.
timeout: the monitored command dumped core
In file included from main.cpp:3:
In file included from ./migraphx/kernels/pointwise.hpp:29:
./migraphx/kernels/math.hpp:191:56: error: no member named '__hmax' in the global namespace; did you mean '__fmax'?
MIGRAPHX_DEVICE_MATH_BINARY_FOR(migraphx::half, max, ::__hmax)
                                                     ~~^~~~~~
                                                       __fmax
./migraphx/kernels/math.hpp:67:64: note: expanded from macro 'MIGRAPHX_DEVICE_MATH_BINARY_FOR'
    inline auto __device__ name(type x, type y)->type { return fname(x, y); }
                                                               ^~~~~
/usr/include/x86_64-linux-gnu/bits/mathcalls.h:329:1: note: '__fmax' declared here
__MATHCALLX (fmax,, (_Mdouble_ __x, _Mdouble_ __y), (__const__));
^
/usr/include/math.h:278:3: note: expanded from macro '__MATHCALLX'
  __MATHDECLX (_Mdouble_,function,suffix, args, attrib)
  ^
/usr/include/math.h:281:22: note: expanded from macro '__MATHDECLX'
  __MATHDECL_1(type, __CONCAT(__,function),suffix, args) __attribute__ (attrib)
                     ^
/usr/include/x86_64-linux-gnu/sys/cdefs.h:105:23: note: expanded from macro '__CONCAT'
#define __CONCAT(x,y)   x ## y
                        ^
<scratch space>:117:1: note: expanded from here
__fmax
^
In file included from main.cpp:3:
In file included from ./migraphx/kernels/pointwise.hpp:29:
./migraphx/kernels/math.hpp:192:56: error: no member named '__hmin' in the global namespace; did you mean '__fmin'?
MIGRAPHX_DEVICE_MATH_BINARY_FOR(migraphx::half, min, ::__hmin)
                                                     ~~^~~~~~
                                                       __fmin
./migraphx/kernels/math.hpp:67:64: note: expanded from macro 'MIGRAPHX_DEVICE_MATH_BINARY_FOR'
    inline auto __device__ name(type x, type y)->type { return fname(x, y); }
                                                               ^~~~~
/usr/include/x86_64-linux-gnu/bits/mathcalls.h:332:1: note: '__fmin' declared here
__MATHCALLX (fmin,, (_Mdouble_ __x, _Mdouble_ __y), (__const__));
^
/usr/include/math.h:278:3: note: expanded from macro '__MATHCALLX'
  __MATHDECLX (_Mdouble_,function,suffix, args, attrib)
  ^
/usr/include/math.h:281:22: note: expanded from macro '__MATHDECLX'
  __MATHDECL_1(type, __CONCAT(__,function),suffix, args) __attribute__ (attrib)
                     ^
/usr/include/x86_64-linux-gnu/sys/cdefs.h:105:23: note: expanded from macro '__CONCAT'
#define __CONCAT(x,y)   x ## y
                        ^
<scratch space>:118:1: note: expanded from here
__fmin
^
In file included from main.cpp:3:
In file included from ./migraphx/kernels/pointwise.hpp:29:
./migraphx/kernels/math.hpp:191:56: error: no member named '__hmax' in the global namespace; did you mean '__fmax'?
MIGRAPHX_DEVICE_MATH_BINARY_FOR(migraphx::half, max, ::__hmax)
                                                     ~~^~~~~~
                                                       __fmax
./migraphx/kernels/math.hpp:67:64: note: expanded from macro 'MIGRAPHX_DEVICE_MATH_BINARY_FOR'
    inline auto __device__ name(type x, type y)->type { return fname(x, y); }
                                                               ^~~~~
/usr/include/x86_64-linux-gnu/bits/mathcalls.h:329:1: note: '__fmax' declared here
__MATHCALLX (fmax,, (_Mdouble_ __x, _Mdouble_ __y), (__const__));
^
/usr/include/math.h:278:3: note: expanded from macro '__MATHCALLX'
  __MATHDECLX (_Mdouble_,function,suffix, args, attrib)
  ^
/usr/include/math.h:281:22: note: expanded from macro '__MATHDECLX'
  __MATHDECL_1(type, __CONCAT(__,function),suffix, args) __attribute__ (attrib)
                     ^
/usr/include/x86_64-linux-gnu/sys/cdefs.h:105:23: note: expanded from macro '__CONCAT'
#define __CONCAT(x,y)   x ## y
                        ^
<scratch space>:117:1: note: expanded from here
__fmax
^
In file included from main.cpp:3:
In file included from ./migraphx/kernels/pointwise.hpp:29:
./migraphx/kernels/math.hpp:192:56: error: no member named '__hmin' in the global namespace; did you mean '__fmin'?
MIGRAPHX_DEVICE_MATH_BINARY_FOR(migraphx::half, min, ::__hmin)
                                                     ~~^~~~~~
                                                       __fmin
./migraphx/kernels/math.hpp:67:64: note: expanded from macro 'MIGRAPHX_DEVICE_MATH_BINARY_FOR'
    inline auto __device__ name(type x, type y)->type { return fname(x, y); }
                                                               ^~~~~
/usr/include/x86_64-linux-gnu/bits/mathcalls.h:332:1: note: '__fmin' declared here
__MATHCALLX (fmin,, (_Mdouble_ __x, _Mdouble_ __y), (__const__));
^
/usr/include/math.h:278:3: note: expanded from macro '__MATHCALLX'
  __MATHDECLX (_Mdouble_,function,suffix, args, attrib)
  ^
/usr/include/math.h:281:22: note: expanded from macro '__MATHDECLX'
  __MATHDECL_1(type, __CONCAT(__,function),suffix, args) __attribute__ (attrib)
                     ^
/usr/include/x86_64-linux-gnu/sys/cdefs.h:105:23: note: expanded from macro '__CONCAT'
#define __CONCAT(x,y)   x ## y
                        ^
<scratch space>:118:1: note: expanded from here
__fmin
^
In file included from main.cpp:3:
In file included from ./migraphx/kernels/pointwise.hpp:29:
./migraphx/kernels/math.hpp:191:56: error: no member named '__hmax' in the global namespace; did you mean '__fmax'?
MIGRAPHX_DEVICE_MATH_BINARY_FOR(migraphx::half, max, ::__hmax)
                                                     ~~^~~~~~
                                                       __fmax
./migraphx/kernels/math.hpp:67:64: note: expanded from macro 'MIGRAPHX_DEVICE_MATH_BINARY_FOR'
    inline auto __device__ name(type x, type y)->type { return fname(x, y); }
                                                               ^~~~~
/usr/include/x86_64-linux-gnu/bits/mathcalls.h:329:1: note: '__fmax' declared here
__MATHCALLX (fmax,, (_Mdouble_ __x, _Mdouble_ __y), (__const__));
^
/usr/include/math.h:278:3: note: expanded from macro '__MATHCALLX'
  __MATHDECLX (_Mdouble_,function,suffix, args, attrib)
  ^
/usr/include/math.h:281:22: note: expanded from macro '__MATHDECLX'
  __MATHDECL_1(type, __CONCAT(__,function),suffix, args) __attribute__ (attrib)
                     ^
/usr/include/x86_64-linux-gnu/sys/cdefs.h:105:23: note: expanded from macro '__CONCAT'
#define __CONCAT(x,y)   x ## y
                        ^
<scratch space>:117:1: note: expanded from here
__fmax
^
In file included from main.cpp:3:
In file included from ./migraphx/kernels/pointwise.hpp:29:
./migraphx/kernels/math.hpp:191:56: error: no member named '__hmax' in the global namespace; did you mean '__fmax'?
MIGRAPHX_DEVICE_MATH_BINARY_FOR(migraphx::half, max, ::__hmax)
                                                     ~~^~~~~~
                                                       __fmax
./migraphx/kernels/math.hpp:67:64: note: expanded from macro 'MIGRAPHX_DEVICE_MATH_BINARY_FOR'
    inline auto __device__ name(type x, type y)->type { return fname(x, y); }
                                                               ^~~~~
/usr/include/x86_64-linux-gnu/bits/mathcalls.h:329:1: note: '__fmax' declared here
__MATHCALLX (fmax,, (_Mdouble_ __x, _Mdouble_ __y), (__const__));
^
/usr/include/math.h:278:3: note: expanded from macro '__MATHCALLX'
  __MATHDECLX (_Mdouble_,function,suffix, args, attrib)
  ^
/usr/include/math.h:281:22: note: expanded from macro '__MATHDECLX'
  __MATHDECL_1(type, __CONCAT(__,function),suffix, args) __attribute__ (attrib)
                     ^
/usr/include/x86_64-linux-gnu/sys/cdefs.h:105:23: note: expanded from macro '__CONCAT'
#define __CONCAT(x,y)   x ## y
                        ^
<scratch space>:117:1: note: expanded from here
__fmax
^
In file included from main.cpp:3:
In file included from ./migraphx/kernels/pointwise.hpp:29:
./migraphx/kernels/math.hpp:192:56: error: no member named '__hmin' in the global namespace; did you mean '__fmin'?
MIGRAPHX_DEVICE_MATH_BINARY_FOR(migraphx::half, min, ::__hmin)
                                                     ~~^~~~~~
                                                       __fmin
./migraphx/kernels/math.hpp:67:64: note: expanded from macro 'MIGRAPHX_DEVICE_MATH_BINARY_FOR'
    inline auto __device__ name(type x, type y)->type { return fname(x, y); }
                                                               ^~~~~
/usr/include/x86_64-linux-gnu/bits/mathcalls.h:332:1: note: '__fmin' declared here
__MATHCALLX (fmin,, (_Mdouble_ __x, _Mdouble_ __y), (__const__));
^
/usr/include/math.h:278:3: note: expanded from macro '__MATHCALLX'
  __MATHDECLX (_Mdouble_,function,suffix, args, attrib)
  ^
/usr/include/math.h:281:22: note: expanded from macro '__MATHDECLX'
  __MATHDECL_1(type, __CONCAT(__,function),suffix, args) __attribute__ (attrib)
                     ^
/usr/include/x86_64-linux-gnu/sys/cdefs.h:105:23: note: expanded from macro '__CONCAT'
#define __CONCAT(x,y)   x ## y
                        ^
<scratch space>:118:1: note: expanded from here
__fmin
^
In file included from main.cpp:3:
In file included from ./migraphx/kernels/pointwise.hpp:29:
./migraphx/kernels/math.hpp:192:56: error: no member named '__hmin' in the global namespace; did you mean '__fmin'?
MIGRAPHX_DEVICE_MATH_BINARY_FOR(migraphx::half, min, ::__hmin)
                                                     ~~^~~~~~
                                                       __fmin
./migraphx/kernels/math.hpp:67:64: note: expanded from macro 'MIGRAPHX_DEVICE_MATH_BINARY_FOR'
    inline auto __device__ name(type x, type y)->type { return fname(x, y); }
                                                               ^~~~~
/usr/include/x86_64-linux-gnu/bits/mathcalls.h:332:1: note: '__fmin' declared here
__MATHCALLX (fmin,, (_Mdouble_ __x, _Mdouble_ __y), (__const__));
^
/usr/include/math.h:278:3: note: expanded from macro '__MATHCALLX'
  __MATHDECLX (_Mdouble_,function,suffix, args, attrib)
  ^
/usr/include/math.h:281:22: note: expanded from macro '__MATHDECLX'
  __MATHDECL_1(type, __CONCAT(__,function),suffix, args) __attribute__ (attrib)
                     ^
/usr/include/x86_64-linux-gnu/sys/cdefs.h:105:23: note: expanded from macro '__CONCAT'
#define __CONCAT(x,y)   x ## y
                        ^
<scratch space>:118:1: note: expanded from here
__fmin
^
In file included from main.cpp:3:
In file included from ./migraphx/kernels/pointwise.hpp:29:
./migraphx/kernels/math.hpp:191:56: error: no member named '__hmax' in the global namespace; did you mean '__fmax'?
MIGRAPHX_DEVICE_MATH_BINARY_FOR(migraphx::half, max, ::__hmax)
                                                     ~~^~~~~~
                                                       __fmax
./migraphx/kernels/math.hpp:67:64: note: In file included from expanded from macro 'MIGRAPHX_DEVICE_MATH_BINARY_FOR'main.cpp
:3:
In file included from ./migraphx/kernels/pointwise.hpp:29:
./migraphx/kernels/math.hpp:    inline auto __device__ name(type x, type y)->type { return fname(x, y); }191
:                                                               ^~~~~56
: error: no member named '__hmax' in the global namespace; did you mean '__fmax'?
/usr/include/x86_64-linux-gnu/bits/mathcalls.h:329:1: note: '__fmax' declared here
__MATHCALLX (fmax,, (_Mdouble_ __x, _Mdouble_ __y), (__const__));MIGRAPHX_DEVICE_MATH_BINARY_FOR(migraphx::half, max, ::__hmax)

^                                                     ~~^~~~~~

                                                       __fmax
/usr/include/math.h:./migraphx/kernels/math.hpp278::673::64 :note:  expanded from macro '__MATHCALLX'note: 
expanded from macro 'MIGRAPHX_DEVICE_MATH_BINARY_FOR'
  __MATHDECLX (_Mdouble_,function,suffix, args, attrib)
  ^
    inline auto __device__ name(type x, type y)->type { return fname(x, y); }/usr/include/math.h
:                                                               ^~~~~281
:22: note: expanded from macro '__MATHDECLX'
/usr/include/x86_64-linux-gnu/bits/mathcalls.h:329:1: note: '__fmax' declared here  __MATHDECL_1(type, __CONCAT(__,function),suffix, args) __attribute__ (attrib)

                     ^
/usr/include/x86_64-linux-gnu/sys/cdefs.h:105:__MATHCALLX (fmax,, (_Mdouble_ __x, _Mdouble_ __y), (__const__));23
:^ 
note: expanded from macro '__CONCAT'
/usr/include/math.h:278:3#define __CONCAT(x,y)   x ## y:
                         ^note: 
expanded from macro '__MATHCALLX'
<scratch space>:117:  __MATHDECLX (_Mdouble_,function,suffix, args, attrib)1
:  ^ 
note: /usr/include/math.hexpanded from here:
281__fmax:
22^:
 note: expanded from macro '__MATHDECLX'
  __MATHDECL_1(type, __CONCAT(__,function),suffix, args) __attribute__ (attrib)
                     ^
/usr/include/x86_64-linux-gnu/sys/cdefs.h:105:23: note: expanded from macro '__CONCAT'
#define __CONCAT(x,y)   x ## y
                        ^
<scratch space>:117:1: note: expanded from here
__fmax
^
In file included from main.cpp:3:
In file included from ./migraphx/kernels/pointwise.hpp:29:
./migraphx/kernels/math.hpp:191:56: error: no member named '__hmax' in the global namespace; did you mean '__fmax'?
MIGRAPHX_DEVICE_MATH_BINARY_FOR(migraphx::half, max, ::__hmax)
                                                     ~~^~~~~~
                                                       __fmax
./migraphx/kernels/math.hpp:67:64: note: expanded from macro 'MIGRAPHX_DEVICE_MATH_BINARY_FOR'
    inline auto __device__ name(type x, type y)->type { return fname(x, y); }
                                                               ^~~~~
/usr/include/x86_64-linux-gnu/bits/mathcalls.h:329:1: note: '__fmax' declared here
__MATHCALLX (fmax,, (_Mdouble_ __x, _Mdouble_ __y), (__const__));
^
/usr/include/math.h:278:3: note: expanded from macro '__MATHCALLX'
  __MATHDECLX (_Mdouble_,function,suffix, args, attrib)
  ^
/usr/include/math.h:281:22: note: expanded from macro '__MATHDECLX'
  __MATHDECL_1(type, __CONCAT(__,function),suffix, args) __attribute__ (attrib)
                     ^
/usr/include/x86_64-linux-gnu/sys/cdefs.h:105:23: note: expanded from macro '__CONCAT'
#define __CONCAT(x,y)   x ## y
                        ^
<scratch space>:117:1: note: expanded from here
__fmax
^
In file included from main.cpp:3:
In file included from ./migraphx/kernels/pointwise.hpp:29:
./migraphx/kernels/math.hpp:192:56: error: no member named '__hmin' in the global namespace; did you mean '__fmin'?
MIGRAPHX_DEVICE_MATH_BINARY_FOR(migraphx::half, min, ::__hmin)
                                                     ~~^~~~~~
                                                       __fmin
./migraphx/kernels/math.hpp:67:64: note: expanded from macro 'MIGRAPHX_DEVICE_MATH_BINARY_FOR'
    inline auto __device__ name(type x, type y)->type { return fname(x, y); }
                                                               ^~~~~
/usr/include/x86_64-linux-gnu/bits/mathcalls.h:332:1: note: '__fmin' declared hereIn file included from 
main.cpp:3:
In file included from ./migraphx/kernels/pointwise.hpp:29__MATHCALLX (fmin,, (_Mdouble_ __x, _Mdouble_ __y), (__const__));:

./migraphx/kernels/math.hpp^:
192:56/usr/include/math.h:: 278error: :no member named '__hmin' in the global namespace; did you mean '__fmin'?3
: note: expanded from macro '__MATHCALLX'
  __MATHDECLX (_Mdouble_,function,suffix, args, attrib)MIGRAPHX_DEVICE_MATH_BINARY_FOR(migraphx::half, min, ::__hmin)

  ^                                                     ~~^~~~~~

/usr/include/math.h                                                       __fmin:
281:./migraphx/kernels/math.hpp22::67 :note: 64expanded from macro '__MATHDECLX':
 note: expanded from macro 'MIGRAPHX_DEVICE_MATH_BINARY_FOR'
  __MATHDECL_1(type, __CONCAT(__,function),suffix, args) __attribute__ (attrib)
                     ^
    inline auto __device__ name(type x, type y)->type { return fname(x, y); }
/usr/include/x86_64-linux-gnu/sys/cdefs.h                                                               ^~~~~:
105:23:/usr/include/x86_64-linux-gnu/bits/mathcalls.h :note: 332expanded from macro '__CONCAT':
1: note: '__fmin' declared here#define __CONCAT(x,y)   x ## y

                        ^In file included from 
main.cpp__MATHCALLX (fmin,, (_Mdouble_ __x, _Mdouble_ __y), (__const__));<scratch space>:
:3^118:

:In file included from 1/usr/include/math.h./migraphx/kernels/pointwise.hpp::: 27829note: ::
expanded from here3./migraphx/kernels/math.hpp
:__fmin: 
192note: ^:expanded from macro '__MATHCALLX'
56
: error: no member named '__hmin' in the global namespace; did you mean '__fmin'?
  __MATHDECLX (_Mdouble_,function,suffix, args, attrib)
  ^
/usr/include/math.h:281:22:MIGRAPHX_DEVICE_MATH_BINARY_FOR(migraphx::half, min, ::__hmin) 
note:                                                      ~~^~~~~~expanded from macro '__MATHDECLX'

                                                       __fmin
./migraphx/kernels/math.hpp:67:64:  __MATHDECL_1(type, __CONCAT(__,function),suffix, args) __attribute__ (attrib) 
note:                      ^expanded from macro 'MIGRAPHX_DEVICE_MATH_BINARY_FOR'

/usr/include/x86_64-linux-gnu/sys/cdefs.h:105:23: note: expanded from macro '__CONCAT'    inline auto __device__ name(type x, type y)->type { return fname(x, y); }

                                                               ^~~~~
#define __CONCAT(x,y)   x ## y
                        ^/usr/include/x86_64-linux-gnu/bits/mathcalls.h
:<scratch space>332::1181::1 :note:  '__fmin' declared herenote: 
expanded from here
__fmin
^
__MATHCALLX (fmin,, (_Mdouble_ __x, _Mdouble_ __y), (__const__));
^
/usr/include/math.h:278:3: note: expanded from macro '__MATHCALLX'
  __MATHDECLX (_Mdouble_,function,suffix, args, attrib)
  ^
/usr/include/math.h:281:22: note: expanded from macro '__MATHDECLX'
  __MATHDECL_1(type, __CONCAT(__,function),suffix, args) __attribute__ (attrib)
                     ^
/usr/include/x86_64-linux-gnu/sys/cdefs.h:105:23: note: expanded from macro '__CONCAT'
#define __CONCAT(x,y)   x ## y
                        ^
<scratch space>:118:1: note: expanded from here
__fmin
^
In file included from main.cpp:3:
In file included from ./migraphx/kernels/pointwise.hpp:29:
./migraphx/kernels/math.hpp:191:56: error: no member named '__hmax' in the global namespace; did you mean '__fmax'?
MIGRAPHX_DEVICE_MATH_BINARY_FOR(migraphx::half, max, ::__hmax)
                                                     ~~^~~~~~
                                                       __fmax
./migraphx/kernels/math.hpp:67:64: note: expanded from macro 'MIGRAPHX_DEVICE_MATH_BINARY_FOR'
    inline auto __device__ name(type x, type y)->type { return fname(x, y); }
                                                               ^~~~~
/usr/include/x86_64-linux-gnu/bits/mathcalls.h:329:1: note: '__fmax' declared here
__MATHCALLX (fmax,, (_Mdouble_ __x, _Mdouble_ __y), (__const__));
^
/usr/include/math.h:278:3: note: expanded from macro '__MATHCALLX'
  __MATHDECLX (_Mdouble_,function,suffix, args, attrib)
  ^
/usr/include/math.h:281:22: note: expanded from macro '__MATHDECLX'
  __MATHDECL_1(type, __CONCAT(__,function),suffix, args) __attribute__ (attrib)
                     ^
/usr/include/x86_64-linux-gnu/sys/cdefs.h:105:23: note: expanded from macro '__CONCAT'
#define __CONCAT(x,y)   x ## y
                        ^
<scratch space>:117:1: note: expanded from here
__fmax
^
In file included from main.cpp:3:
In file included from ./migraphx/kernels/pointwise.hpp:29:
./migraphx/kernels/math.hpp:192:56: error: no member named '__hmin' in the global namespace; did you mean '__fmin'?
MIGRAPHX_DEVICE_MATH_BINARY_FOR(migraphx::half, min, ::__hmin)
                                                     ~~^~~~~~
                                                       __fmin
./migraphx/kernels/math.hpp:67:64: note: expanded from macro 'MIGRAPHX_DEVICE_MATH_BINARY_FOR'
    inline auto __device__ name(type x, type y)->type { return fname(x, y); }
                                                               ^~~~~
/usr/include/x86_64-linux-gnu/bits/mathcalls.h:332:1: note: '__fmin' declared here
__MATHCALLX (fmin,, (_Mdouble_ __x, _Mdouble_ __y), (__const__));
^
/usr/include/math.h:278:3: note: expanded from macro '__MATHCALLX'
  __MATHDECLX (_Mdouble_,function,suffix, args, attrib)
  ^
/usr/include/math.h:281:22: note: expanded from macro '__MATHDECLX'
  __MATHDECL_1(type, __CONCAT(__,function),suffix, args) __attribute__ (attrib)
                     ^
/usr/include/x86_64-linux-gnu/sys/cdefs.h:105:23: note: expanded from macro '__CONCAT'
#define __CONCAT(x,y)   x ## y
                        ^
<scratch space>:118:1: note: expanded from here
__fmin
^
In file included from main.cpp:3:
In file included from ./migraphx/kernels/pointwise.hpp:29:
./migraphx/kernels/math.hpp:191:56: error: no member named '__hmax' in the global namespace; did you mean '__fmax'?
MIGRAPHX_DEVICE_MATH_BINARY_FOR(migraphx::half, max, ::__hmax)
                                                     ~~^~~~~~
                                                       __fmax
./migraphx/kernels/math.hpp:67:64: note: expanded from macro 'MIGRAPHX_DEVICE_MATH_BINARY_FOR'
    inline auto __device__ name(type x, type y)->type { return fname(x, y); }
                                                               ^~~~~
/usr/include/x86_64-linux-gnu/bits/mathcalls.h:329:1: note: '__fmax' declared here
__MATHCALLX (fmax,, (_Mdouble_ __x, _Mdouble_ __y), (__const__));
^
/usr/include/math.h:278:3: note: expanded from macro '__MATHCALLX'
  __MATHDECLX (_Mdouble_,function,suffix, args, attrib)
  ^
/usr/include/math.h:281:22: note: expanded from macro '__MATHDECLX'
  __MATHDECL_1(type, __CONCAT(__,function),suffix, args) __attribute__ (attrib)
                     ^
/usr/include/x86_64-linux-gnu/sys/cdefs.h:105:23: note: expanded from macro '__CONCAT'
#define __CONCAT(x,y)   x ## y
                        ^
<scratch space>:117:1: note: expanded from here
__fmax
^
In file included from main.cpp:3:
In file included from ./migraphx/kernels/pointwise.hpp:29:
./migraphx/kernels/math.hpp:191:56: error: no member named '__hmax' in the global namespace; did you mean '__fmax'?
MIGRAPHX_DEVICE_MATH_BINARY_FOR(migraphx::half, max, ::__hmax)
                                                     ~~^~~~~~
                                                       __fmax
./migraphx/kernels/math.hpp:67:64: note: expanded from macro 'MIGRAPHX_DEVICE_MATH_BINARY_FOR'
    inline auto __device__ name(type x, type y)->type { return fname(x, y); }
                                                               ^~~~~
/usr/include/x86_64-linux-gnu/bits/mathcalls.h:329:1: note: '__fmax' declared here
__MATHCALLX (fmax,, (_Mdouble_ __x, _Mdouble_ __y), (__const__));
^
/usr/include/math.h:278:3: note: expanded from macro '__MATHCALLX'
  __MATHDECLX (_Mdouble_,function,suffix, args, attrib)
  ^
/usr/include/math.h:281:22: note: expanded from macro '__MATHDECLX'
  __MATHDECL_1(type, __CONCAT(__,function),suffix, args) __attribute__ (attrib)
                     ^
/usr/include/x86_64-linux-gnu/sys/cdefs.h:105:23: note: expanded from macro '__CONCAT'
#define __CONCAT(x,y)   x ## y
                        ^
<scratch space>:117:1: note: expanded from here
__fmax
^
In file included from main.cpp:3:
In file included from ./migraphx/kernels/pointwise.hpp:29:
./migraphx/kernels/math.hpp:192:56: error: no member named '__hmin' in the global namespace; did you mean '__fmin'?
MIGRAPHX_DEVICE_MATH_BINARY_FOR(migraphx::half, min, ::__hmin)
                                                     ~~^~~~~~
                                                       __fmin
./migraphx/kernels/math.hpp:67:64: note: expanded from macro 'MIGRAPHX_DEVICE_MATH_BINARY_FOR'
    inline auto __device__ name(type x, type y)->type { return fname(x, y); }
                                                               ^~~~~
/usr/include/x86_64-linux-gnu/bits/mathcalls.h:332:1: note: '__fmin' declared here
__MATHCALLX (fmin,, (_Mdouble_ __x, _Mdouble_ __y), (__const__));
^
/usr/include/math.h:278:3: note: expanded from macro '__MATHCALLX'
  __MATHDECLX (_Mdouble_,function,suffix, args, attrib)
  ^
/usr/include/math.h:281:22: note: expanded from macro '__MATHDECLX'
  __MATHDECL_1(type, __CONCAT(__,function),suffix, args) __attribute__ (attrib)
                     ^
/usr/include/x86_64-linux-gnu/sys/cdefs.h:105:23: note: expanded from macro '__CONCAT'
#define __CONCAT(x,y)   x ## y
                        ^
<scratch space>:118:1: note: expanded from here
__fmin
^
In file included from main.cpp:3:
In file included from ./migraphx/kernels/pointwise.hpp:29:
./migraphx/kernels/math.hpp:192:56: error: no member named '__hmin' in the global namespace; did you mean '__fmin'?
MIGRAPHX_DEVICE_MATH_BINARY_FOR(migraphx::half, min, ::__hmin)
                                                     ~~^~~~~~
                                                       __fmin
./migraphx/kernels/math.hpp:67:64: note: expanded from macro 'MIGRAPHX_DEVICE_MATH_BINARY_FOR'
    inline auto __device__ name(type x, type y)->type { return fname(x, y); }
                                                               ^~~~~
/usr/include/x86_64-linux-gnu/bits/mathcalls.h:332:1: note: '__fmin' declared here
__MATHCALLX (fmin,, (_Mdouble_ __x, _Mdouble_ __y), (__const__));
^
/usr/include/math.h:278:3: note: expanded from macro '__MATHCALLX'
  __MATHDECLX (_Mdouble_,function,suffix, args, attrib)
  ^
/usr/include/math.h:281:22: note: expanded from macro '__MATHDECLX'
  __MATHDECL_1(type, __CONCAT(__,function),suffix, args) __attribute__ (attrib)
                     ^
/usr/include/x86_64-linux-gnu/sys/cdefs.h:105:23: note: expanded from macro '__CONCAT'
#define __CONCAT(x,y)   x ## y
                        ^
<scratch space>:118:1: note: expanded from here
__fmin
^
In file included from main.cpp:3:
In file included from ./migraphx/kernels/pointwise.hpp:29:
./migraphx/kernels/math.hpp:191:56: error: no member named '__hmax' in the global namespace; did you mean '__fmax'?
MIGRAPHX_DEVICE_MATH_BINARY_FOR(migraphx::half, max, ::__hmax)
                                                     ~~^~~~~~
                                                       __fmax
./migraphx/kernels/math.hpp:67:64: note: expanded from macro 'MIGRAPHX_DEVICE_MATH_BINARY_FOR'
    inline auto __device__ name(type x, type y)->type { return fname(x, y); }
                                                               ^~~~~
/usr/include/x86_64-linux-gnu/bits/mathcalls.h:329:1: note: '__fmax' declared hereIn file included from 
main.cpp:3:
In file included from ./migraphx/kernels/pointwise.hpp:29:
./migraphx/kernels/math.hpp:191__MATHCALLX (fmax,, (_Mdouble_ __x, _Mdouble_ __y), (__const__));:
56^:
 error: /usr/include/math.hno member named '__hmax' in the global namespace; did you mean '__fmax'?:
278:3: note: expanded from macro '__MATHCALLX'
  __MATHDECLX (_Mdouble_,function,suffix, args, attrib)
  ^
MIGRAPHX_DEVICE_MATH_BINARY_FOR(migraphx::half, max, ::__hmax)
/usr/include/math.h                                                     ~~^~~~~~:
281                                                       __fmax:
22: ./migraphx/kernels/math.hppnote: :expanded from macro '__MATHDECLX'67
:64: note: expanded from macro 'MIGRAPHX_DEVICE_MATH_BINARY_FOR'
  __MATHDECL_1(type, __CONCAT(__,function),suffix, args) __attribute__ (attrib)
                     ^
/usr/include/x86_64-linux-gnu/sys/cdefs.h:    inline auto __device__ name(type x, type y)->type { return fname(x, y); }105
:                                                               ^~~~~23
: note: expanded from macro '__CONCAT'
/usr/include/x86_64-linux-gnu/bits/mathcalls.h:329:1#define __CONCAT(x,y)   x ## y:
                         ^note: 
'__fmax' declared here
<scratch space>:117:1: note: expanded from here__MATHCALLX (fmax,, (_Mdouble_ __x, _Mdouble_ __y), (__const__));

^__fmax

^
/usr/include/math.h:278:3: note: expanded from macro '__MATHCALLX'
  __MATHDECLX (_Mdouble_,function,suffix, args, attrib)
  ^
/usr/include/math.h:281:22: note: expanded from macro '__MATHDECLX'
  __MATHDECL_1(type, __CONCAT(__,function),suffix, args) __attribute__ (attrib)
                     ^
/usr/include/x86_64-linux-gnu/sys/cdefs.h:105:23: note: expanded from macro '__CONCAT'
#define __CONCAT(x,y)   x ## y
                        ^
<scratch space>:117:1: note: expanded from here
__fmax
^
In file included from main.cpp:3:
In file included from ./migraphx/kernels/pointwise.hpp:29:
./migraphx/kernels/math.hpp:191:56: error: no member named '__hmax' in the global namespace; did you mean '__fmax'?
In file included from main.cppMIGRAPHX_DEVICE_MATH_BINARY_FOR(migraphx::half, max, ::__hmax):
3                                                     ~~^~~~~~:

In file included from                                                        __fmax./migraphx/kernels/pointwise.hpp
:29:
./migraphx/kernels/math.hpp./migraphx/kernels/math.hpp::67191::6456::  note: error: expanded from macro 'MIGRAPHX_DEVICE_MATH_BINARY_FOR'no member named '__hmax' in the global namespace; did you mean '__fmax'?

    inline auto __device__ name(type x, type y)->type { return fname(x, y); }
                                                               ^~~~~
MIGRAPHX_DEVICE_MATH_BINARY_FOR(migraphx::half, max, ::__hmax)
                                                     ~~^~~~~~
                                                       __fmax
/usr/include/x86_64-linux-gnu/bits/mathcalls.h:./migraphx/kernels/math.hpp329::671::64 :note:  '__fmax' declared herenote: 
expanded from macro 'MIGRAPHX_DEVICE_MATH_BINARY_FOR'
__MATHCALLX (fmax,, (_Mdouble_ __x, _Mdouble_ __y), (__const__));
^
    inline auto __device__ name(type x, type y)->type { return fname(x, y); }
                                                               ^~~~~/usr/include/math.h
:278:3: note: /usr/include/x86_64-linux-gnu/bits/mathcalls.hexpanded from macro '__MATHCALLX':
329:1: note: '__fmax' declared here
  __MATHDECLX (_Mdouble_,function,suffix, args, attrib)
  ^
/usr/include/math.h:281:__MATHCALLX (fmax,, (_Mdouble_ __x, _Mdouble_ __y), (__const__));22
:^ 
note: expanded from macro '__MATHDECLX'
/usr/include/math.h:278:3: note: expanded from macro '__MATHCALLX'
  __MATHDECL_1(type, __CONCAT(__,function),suffix, args) __attribute__ (attrib)
                     ^
/usr/include/x86_64-linux-gnu/sys/cdefs.h  __MATHDECLX (_Mdouble_,function,suffix, args, attrib):
105  ^:
23:/usr/include/math.h :note: 281expanded from macro '__CONCAT':
22: note: expanded from macro '__MATHDECLX'
#define __CONCAT(x,y)   x ## y
                        ^
<scratch space>  __MATHDECL_1(type, __CONCAT(__,function),suffix, args) __attribute__ (attrib):
117                     ^:
1:/usr/include/x86_64-linux-gnu/sys/cdefs.h :note: 105expanded from here:
23:__fmax 
note: ^expanded from macro '__CONCAT'

#define __CONCAT(x,y)   x ## y
                        ^
<scratch space>:117:1: note: expanded from here
__fmax
^
In file included from main.cpp:3:
In file included from ./migraphx/kernels/pointwise.hpp:29:
./migraphx/kernels/math.hpp:192:56: error: no member named '__hmin' in the global namespace; did you mean '__fmin'?
MIGRAPHX_DEVICE_MATH_BINARY_FOR(migraphx::half, min, ::__hmin)
                                                     ~~^~~~~~
                                                       __fmin
./migraphx/kernels/math.hpp:67:64: note: expanded from macro 'MIGRAPHX_DEVICE_MATH_BINARY_FOR'
    inline auto __device__ name(type x, type y)->type { return fname(x, y); }
                                                               ^~~~~
/usr/include/x86_64-linux-gnu/bits/mathcalls.h:332:1: note: '__fmin' declared here
__MATHCALLX (fmin,, (_Mdouble_ __x, _Mdouble_ __y), (__const__));
^
/usr/include/math.h:278:3: note: expanded from macro '__MATHCALLX'
  __MATHDECLX (_Mdouble_,function,suffix, args, attrib)
  ^
/usr/include/math.h:281:22: note: expanded from macro '__MATHDECLX'
  __MATHDECL_1(type, __CONCAT(__,function),suffix, args) __attribute__ (attrib)
                     ^
/usr/include/x86_64-linux-gnu/sys/cdefs.h:105:23: note: expanded from macro '__CONCAT'
#define __CONCAT(x,y)   x ## y
                        ^
<scratch space>:118:1: note: expanded from here
__fmin
^
In file included from main.cpp:3:
In file included from ./migraphx/kernels/pointwise.hpp:29:
./migraphx/kernels/math.hpp:192:56: error: no member named '__hmin' in the global namespace; did you mean '__fmin'?
MIGRAPHX_DEVICE_MATH_BINARY_FOR(migraphx::half, min, ::__hmin)
                                                     ~~^~~~~~
                                                       __fmin
./migraphx/kernels/math.hpp:67:64: note: In file included from expanded from macro 'MIGRAPHX_DEVICE_MATH_BINARY_FOR'main.cpp
:3:
In file included from ./migraphx/kernels/pointwise.hpp:29:
./migraphx/kernels/math.hpp:192:56:    inline auto __device__ name(type x, type y)->type { return fname(x, y); } 
error:                                                                ^~~~~no member named '__hmin' in the global namespace; did you mean '__fmin'?

/usr/include/x86_64-linux-gnu/bits/mathcalls.h:332:1: note: '__fmin' declared here
MIGRAPHX_DEVICE_MATH_BINARY_FOR(migraphx::half, min, ::__hmin)
                                                     ~~^~~~~~
                                                       __fmin
./migraphx/kernels/math.hpp:67__MATHCALLX (fmin,, (_Mdouble_ __x, _Mdouble_ __y), (__const__));:
64^:
In file included from  /usr/include/math.hmain.cppnote: ::expanded from macro 'MIGRAPHX_DEVICE_MATH_BINARY_FOR'2783
::
3In file included from :./migraphx/kernels/pointwise.hpp :    inline auto __device__ name(type x, type y)->type { return fname(x, y); }note: 29
expanded from macro '__MATHCALLX':
                                                               ^~~~~
./migraphx/kernels/math.hpp
:192/usr/include/x86_64-linux-gnu/bits/mathcalls.h:  __MATHDECLX (_Mdouble_,function,suffix, args, attrib):56
332:  ^: 
1error: /usr/include/math.h:no member named '__hmin' in the global namespace; did you mean '__fmin'?: 
281note: :'__fmin' declared here22
: note: expanded from macro '__MATHDECLX'
__MATHCALLX (fmin,, (_Mdouble_ __x, _Mdouble_ __y), (__const__));
^
  __MATHDECL_1(type, __CONCAT(__,function),suffix, args) __attribute__ (attrib)/usr/include/math.hMIGRAPHX_DEVICE_MATH_BINARY_FOR(migraphx::half, min, ::__hmin)
:
                     ^278                                                     ~~^~~~~~
:
3/usr/include/x86_64-linux-gnu/sys/cdefs.h                                                       __fmin::
 105note: :expanded from macro '__MATHCALLX'23
./migraphx/kernels/math.hpp:: 67note:   __MATHDECLX (_Mdouble_,function,suffix, args, attrib):expanded from macro '__CONCAT'
64
  ^:
#define __CONCAT(x,y)   x ## y 
/usr/include/math.hnote:                         ^:expanded from macro 'MIGRAPHX_DEVICE_MATH_BINARY_FOR'
281
<scratch space>::22118:: 1note: :expanded from macro '__MATHDECLX' 
note: expanded from here
__fmin
^
    inline auto __device__ name(type x, type y)->type { return fname(x, y); }
  __MATHDECL_1(type, __CONCAT(__,function),suffix, args) __attribute__ (attrib)                                                               ^~~~~

                     ^
/usr/include/x86_64-linux-gnu/sys/cdefs.h:105/usr/include/x86_64-linux-gnu/bits/mathcalls.h::23332:: 1note: :expanded from macro '__CONCAT' 
note: '__fmin' declared here
#define __CONCAT(x,y)   x ## y
                        ^
<scratch space>:118:1: note: expanded from here
__fmin__MATHCALLX (fmin,, (_Mdouble_ __x, _Mdouble_ __y), (__const__));

^^

/usr/include/math.h:278:3: note: expanded from macro '__MATHCALLX'
  __MATHDECLX (_Mdouble_,function,suffix, args, attrib)
  ^
/usr/include/math.h:281:22: note: expanded from macro '__MATHDECLX'
  __MATHDECL_1(type, __CONCAT(__,function),suffix, args) __attribute__ (attrib)
                     ^
/usr/include/x86_64-linux-gnu/sys/cdefs.h:105:23: note: expanded from macro '__CONCAT'
#define __CONCAT(x,y)   x ## y
                        ^
<scratch space>:118:1: note: expanded from here
__fmin
^
In file included from main.cpp:3:
In file included from ./migraphx/kernels/pointwise.hpp:29:
./migraphx/kernels/math.hpp:191:56: error: no member named '__hmax' in the global namespace; did you mean '__fmax'?
MIGRAPHX_DEVICE_MATH_BINARY_FOR(migraphx::half, max, ::__hmax)
                                                     ~~^~~~~~
                                                       __fmax
./migraphx/kernels/math.hpp:67:64: note: expanded from macro 'MIGRAPHX_DEVICE_MATH_BINARY_FOR'
    inline auto __device__ name(type x, type y)->type { return fname(x, y); }
                                                               ^~~~~
/usr/include/x86_64-linux-gnu/bits/mathcalls.h:329:1: note: '__fmax' declared here
__MATHCALLX (fmax,, (_Mdouble_ __x, _Mdouble_ __y), (__const__));
^
/usr/include/math.h:278:3: note: expanded from macro '__MATHCALLX'
  __MATHDECLX (_Mdouble_,function,suffix, args, attrib)
  ^
/usr/include/math.h:281:22: note: expanded from macro '__MATHDECLX'
  __MATHDECL_1(type, __CONCAT(__,function),suffix, args) __attribute__ (attrib)
                     ^
/usr/include/x86_64-linux-gnu/sys/cdefs.h:105:23: note: expanded from macro '__CONCAT'
#define __CONCAT(x,y)   x ## y
                        ^
<scratch space>:117:1: note: expanded from here
__fmax
^
In file included from main.cpp:3:
In file included from ./migraphx/kernels/pointwise.hpp:29:
./migraphx/kernels/math.hpp:191:56: error: no member named '__hmax' in the global namespace; did you mean '__fmax'?
MIGRAPHX_DEVICE_MATH_BINARY_FOR(migraphx::half, max, ::__hmax)
                                                     ~~^~~~~~
                                                       __fmax
./migraphx/kernels/math.hpp:67:64: note: expanded from macro 'MIGRAPHX_DEVICE_MATH_BINARY_FOR'
    inline auto __device__ name(type x, type y)->type { return fname(x, y); }
                                                               ^~~~~
/usr/include/x86_64-linux-gnu/bits/mathcalls.h:329:1: note: '__fmax' declared here
__MATHCALLX (fmax,, (_Mdouble_ __x, _Mdouble_ __y), (__const__));
^
/usr/include/math.h:278:3: note: expanded from macro '__MATHCALLX'
  __MATHDECLX (_Mdouble_,function,suffix, args, attrib)
  ^
/usr/include/math.h:281:22: note: expanded from macro '__MATHDECLX'
  __MATHDECL_1(type, __CONCAT(__,function),suffix, args) __attribute__ (attrib)
                     ^
/usr/include/x86_64-linux-gnu/sys/cdefs.h:105:23: note: expanded from macro '__CONCAT'
#define __CONCAT(x,y)   x ## y
                        ^
<scratch space>:117:1: note: expanded from here
__fmax
^
In file included from main.cpp:3:
In file included from ./migraphx/kernels/pointwise.hpp:29:
./migraphx/kernels/math.hpp:191:56: error: no member named '__hmax' in the global namespace; did you mean '__fmax'?
MIGRAPHX_DEVICE_MATH_BINARY_FOR(migraphx::half, max, ::__hmax)
                                                     ~~^~~~~~
                                                       __fmax
./migraphx/kernels/math.hpp:67:64: note: expanded from macro 'MIGRAPHX_DEVICE_MATH_BINARY_FOR'
    inline auto __device__ name(type x, type y)->type { return fname(x, y); }
                                                               ^~~~~
/usr/include/x86_64-linux-gnu/bits/mathcalls.h:329:1: note: '__fmax' declared here
__MATHCALLX (fmax,, (_Mdouble_ __x, _Mdouble_ __y), (__const__));
^
/usr/include/math.h:278:3: note: expanded from macro '__MATHCALLX'
  __MATHDECLX (_Mdouble_,function,suffix, args, attrib)
  ^
/usr/include/math.h:281:22: note: expanded from macro '__MATHDECLX'
  __MATHDECL_1(type, __CONCAT(__,function),suffix, args) __attribute__ (attrib)
                     ^
/usr/include/x86_64-linux-gnu/sys/cdefs.h:105:23: note: expanded from macro '__CONCAT'
#define __CONCAT(x,y)   x ## y
                        ^
<scratch space>:117:1: note: expanded from here
__fmax
^
In file included from main.cpp:3:
In file included from ./migraphx/kernels/pointwise.hpp:29:
./migraphx/kernels/math.hpp:192:56: error: no member named '__hmin' in the global namespace; did you mean '__fmin'?
MIGRAPHX_DEVICE_MATH_BINARY_FOR(migraphx::half, min, ::__hmin)
                                                     ~~^~~~~~
                                                       __fmin
./migraphx/kernels/math.hpp:67:64: note: expanded from macro 'MIGRAPHX_DEVICE_MATH_BINARY_FOR'
    inline auto __device__ name(type x, type y)->type { return fname(x, y); }
                                                               ^~~~~
/usr/include/x86_64-linux-gnu/bits/mathcalls.h:332:1: note: '__fmin' declared here
__MATHCALLX (fmin,, (_Mdouble_ __x, _Mdouble_ __y), (__const__));
^
/usr/include/math.h:278:3: note: expanded from macro '__MATHCALLX'
  __MATHDECLX (_Mdouble_,function,suffix, args, attrib)
  ^
/usr/include/math.h:281:22: note: expanded from macro '__MATHDECLX'
  __MATHDECL_1(type, __CONCAT(__,function),suffix, args) __attribute__ (attrib)
                     ^
/usr/include/x86_64-linux-gnu/sys/cdefs.h:105:23: note: expanded from macro '__CONCAT'
#define __CONCAT(x,y)   x ## y
                        ^
<scratch space>:118:1: note: expanded from here
__fmin
^
In file included from main.cpp:3:
In file included from ./migraphx/kernels/pointwise.hpp:29:
./migraphx/kernels/math.hpp:191:56: error: no member named '__hmax' in the global namespace; did you mean '__fmax'?
MIGRAPHX_DEVICE_MATH_BINARY_FOR(migraphx::half, max, ::__hmax)
                                                     ~~^~~~~~
                                                       __fmax
./migraphx/kernels/math.hpp:67:64: note: expanded from macro 'MIGRAPHX_DEVICE_MATH_BINARY_FOR'
    inline auto __device__ name(type x, type y)->type { return fname(x, y); }
                                                               ^~~~~
/usr/include/x86_64-linux-gnu/bits/mathcalls.h:329:1: note: '__fmax' declared here
__MATHCALLX (fmax,, (_Mdouble_ __x, _Mdouble_ __y), (__const__));
^
/usr/include/math.h:278:3: note: expanded from macro '__MATHCALLX'
  __MATHDECLX (_Mdouble_,function,suffix, args, attrib)
  ^
/usr/include/math.h:281:22: note: expanded from macro '__MATHDECLX'
  __MATHDECL_1(type, __CONCAT(__,function),suffix, args) __attribute__ (attrib)
                     ^
/usr/include/x86_64-linux-gnu/sys/cdefs.h:105:23: note: expanded from macro '__CONCAT'
#define __CONCAT(x,y)   x ## y
                        ^
<scratch space>:117:1: note: expanded from here
__fmax
^
In file included from main.cpp:3:
In file included from ./migraphx/kernels/pointwise.hpp:29:
./migraphx/kernels/math.hpp:192:56: error: no member named '__hmin' in the global namespace; did you mean '__fmin'?
In file included from MIGRAPHX_DEVICE_MATH_BINARY_FOR(migraphx::half, min, ::__hmin)main.cpp
:                                                     ~~^~~~~~3
:
                                                       __fminIn file included from 
./migraphx/kernels/pointwise.hpp:29./migraphx/kernels/math.hpp:
:./migraphx/kernels/math.hpp67::19264::56 :note:  expanded from macro 'MIGRAPHX_DEVICE_MATH_BINARY_FOR'error: 
no member named '__hmin' in the global namespace; did you mean '__fmin'?
    inline auto __device__ name(type x, type y)->type { return fname(x, y); }
                                                               ^~~~~MIGRAPHX_DEVICE_MATH_BINARY_FOR(migraphx::half, min, ::__hmin)

                                                     ~~^~~~~~
                                                       __fmin
/usr/include/x86_64-linux-gnu/bits/mathcalls.h:./migraphx/kernels/math.hpp332::671::64 :note:  '__fmin' declared herenote: 
expanded from macro 'MIGRAPHX_DEVICE_MATH_BINARY_FOR'
__MATHCALLX (fmin,, (_Mdouble_ __x, _Mdouble_ __y), (__const__));
^    inline auto __device__ name(type x, type y)->type { return fname(x, y); }

                                                               ^~~~~
/usr/include/math.h:278:/usr/include/x86_64-linux-gnu/bits/mathcalls.h3::332 :note: 1expanded from macro '__MATHCALLX':
 note: '__fmin' declared here
  __MATHDECLX (_Mdouble_,function,suffix, args, attrib)
  ^
__MATHCALLX (fmin,, (_Mdouble_ __x, _Mdouble_ __y), (__const__));/usr/include/math.h
:^281
:22:/usr/include/math.h :note: 278expanded from macro '__MATHDECLX':
3: note: expanded from macro '__MATHCALLX'
  __MATHDECL_1(type, __CONCAT(__,function),suffix, args) __attribute__ (attrib)
  __MATHDECLX (_Mdouble_,function,suffix, args, attrib)                     ^

  ^
/usr/include/x86_64-linux-gnu/sys/cdefs.h/usr/include/math.h::105281::2322::  note: note: expanded from macro '__CONCAT'expanded from macro '__MATHDECLX'

#define __CONCAT(x,y)   x ## y
                        ^
<scratch space>:  __MATHDECL_1(type, __CONCAT(__,function),suffix, args) __attribute__ (attrib)118
:                     ^1
: /usr/include/x86_64-linux-gnu/sys/cdefs.hnote: :expanded from here105
:23__fmin:
 ^note: 
expanded from macro '__CONCAT'
#define __CONCAT(x,y)   x ## y
                        ^
<scratch space>:118:1: note: expanded from here
__fmin
^
In file included from main.cpp:3:
In file included from ./migraphx/kernels/pointwise.hpp:29:
./migraphx/kernels/math.hpp:192:56: error: no member named '__hmin' in the global namespace; did you mean '__fmin'?
MIGRAPHX_DEVICE_MATH_BINARY_FOR(migraphx::half, min, ::__hmin)
                                                     ~~^~~~~~
                                                       __fmin
./migraphx/kernels/math.hpp:67:64: note: expanded from macro 'MIGRAPHX_DEVICE_MATH_BINARY_FOR'
    inline auto __device__ name(type x, type y)->type { return fname(x, y); }
                                                               ^~~~~
/usr/include/x86_64-linux-gnu/bits/mathcalls.h:332:1: note: '__fmin' declared here
__MATHCALLX (fmin,, (_Mdouble_ __x, _Mdouble_ __y), (__const__));
^
/usr/include/math.h:278:3: note: expanded from macro '__MATHCALLX'
  __MATHDECLX (_Mdouble_,function,suffix, args, attrib)
  ^
/usr/include/math.h:281:22: note: expanded from macro '__MATHDECLX'
  __MATHDECL_1(type, __CONCAT(__,function),suffix, args) __attribute__ (attrib)
                     ^
/usr/include/x86_64-linux-gnu/sys/cdefs.h:105:23: note: expanded from macro '__CONCAT'
#define __CONCAT(x,y)   x ## y
                        ^
<scratch space>:118:1: note: expanded from here
__fmin
^
2 errors generated when compiling for gfx908.
2 errors generated when compiling for gfx908.
2 errors generated when compiling for gfx908.
2 errors generated when compiling for gfx908.
2 errors generated when compiling for gfx908.
2 errors generated when compiling for gfx908.
2 errors generated when compiling for gfx908.
2 errors generated when compiling for gfx908.
2 errors generated when compiling for gfx908.
2 errors generated when compiling for gfx908.
2 errors generated when compiling for gfx908.
2 errors generated when compiling for gfx908.
2 errors generated when compiling for gfx908.
2 errors generated when compiling for gfx908.
2 errors generated when compiling for gfx908.
2 errors generated when compiling for gfx908.
2 errors generated when compiling for gfx908.
2 errors generated when compiling for gfx908.
