Running [ MIGraphX Version: 2.9.0.55db65ccd ]: /src/AMDMIGraphX/build/bin/driver perf --fill1 input lS_i --input-dim @input 307200 13 @lS_i 26 307200 --gpu --enable-offload-copy --gpu /new-saved-models/dlrm/pt_dlrm_criteoterabyte_13_26_20k_1.1_M2.4/float/pt_dlrm_fp16_onnx/pt_dlrm_fp16.onnx
Compiling ... 
Reading: /new-saved-models/dlrm/pt_dlrm_criteoterabyte_13_26_20k_1.1_M2.4/float/pt_dlrm_fp16_onnx/pt_dlrm_fp16.onnx
module: "main"
@0 = check_context::migraphx::gpu::context -> float_type, {}, {}, target_id=0
@1 = hip::hip_allocate_memory[shape=int8_type, {2162688000}, {1},id=main:scratch] -> int8_type, {2162688000}, {1}, target_id=0
@2 = hip::hip_copy_literal[id=main:@literal:0] -> half_type, {13, 512}, {512, 1}, target_id=0
@3 = load[offset=0,end=7987200](@1) -> half_type, {307200, 13}, {13, 1}, target_id=0
input = @param:input -> half_type, {307200, 13}, {13, 1}, target_id=0
@5 = hip::copy_to_gpu(input,@3) -> half_type, {307200, 13}, {13, 1}, target_id=0
@6 = load[offset=707788800,end=1022361600](@1) -> half_type, {307200, 512}, {512, 1}, target_id=0
@7 = gpu::gemm[alpha=1,beta=0,compute_fp32=1,trans_batch=0,solution_idx=0](@5,@2,@6) -> half_type, {307200, 512}, {512, 1}, target_id=0
@8 = hip::hip_copy_literal[id=main:@literal:1] -> half_type, {512, 256}, {256, 1}, target_id=0
@9 = hip::hip_copy_literal[id=main:@literal:14] -> half_type, {512}, {1}, target_id=0
@10 = load[offset=393216000,end=707788800](@1) -> half_type, {307200, 512}, {512, 1}, target_id=0
@11 = multibroadcast[out_lens={307200, 512},out_dyn_dims={}](@9) -> half_type, {307200, 512}, {0, 1}, target_id=0
@12 = gpu::code_object[code_object=3832,symbol_name=add_relu_kernel,global=19660800,local=1024,](@7,@11,@10) -> half_type, {307200, 512}, {512, 1}, target_id=0
@13 = load[offset=235929600,end=393216000](@1) -> half_type, {307200, 256}, {256, 1}, target_id=0
@14 = gpu::gemm[alpha=1,beta=0,compute_fp32=1,trans_batch=0,solution_idx=0](@12,@8,@13) -> half_type, {307200, 256}, {256, 1}, target_id=0
@15 = hip::hip_copy_literal[id=main:@literal:13] -> half_type, {256}, {1}, target_id=0
@16 = hip::hip_copy_literal[id=main:@literal:3] -> half_type, {256, 64}, {64, 1}, target_id=0
@17 = load[offset=78643200,end=235929600](@1) -> half_type, {307200, 256}, {256, 1}, target_id=0
@18 = multibroadcast[out_lens={307200, 256},out_dyn_dims={}](@15) -> half_type, {307200, 256}, {0, 1}, target_id=0
@19 = gpu::code_object[code_object=3832,symbol_name=add_relu_kernel,global=9830400,local=1024,](@14,@18,@17) -> half_type, {307200, 256}, {256, 1}, target_id=0
@20 = load[offset=39321600,end=78643200](@1) -> half_type, {307200, 64}, {64, 1}, target_id=0
@21 = gpu::gemm[alpha=1,beta=0,compute_fp32=1,trans_batch=0,solution_idx=0](@19,@16,@20) -> half_type, {307200, 64}, {64, 1}, target_id=0
@22 = hip::hip_copy_literal[id=main:@literal:2] -> half_type, {415, 512}, {512, 1}, target_id=0
@23 = hip::hip_copy_literal[id=main:@literal:5] -> half_type, {256, 1}, {1, 1}, target_id=0
@24 = hip::hip_copy_literal[id=main:@literal:6] -> half_type, {512, 256}, {256, 1}, target_id=0
@25 = hip::hip_copy_literal[id=main:@literal:10] -> half_type, {512}, {1}, target_id=0
@26 = hip::hip_copy_literal[id=main:@literal:11] -> half_type, {512}, {1}, target_id=0
@27 = hip::hip_copy_literal[id=main:@literal:12] -> half_type, {64}, {1}, target_id=0
@28 = hip::hip_copy_literal[id=main:@literal:7] -> float_type, {351}, {1}, target_id=0
@29 = hip::hip_copy_literal[id=main:@literal:21] -> half_type, {9994222, 64}, {64, 1}, target_id=0
@30 = hip::hip_copy_literal[id=main:@literal:22] -> half_type, {14, 64}, {64, 1}, target_id=0
@31 = hip::hip_copy_literal[id=main:@literal:23] -> half_type, {970, 64}, {64, 1}, target_id=0
@32 = hip::hip_copy_literal[id=main:@literal:24] -> half_type, {4, 64}, {64, 1}, target_id=0
@33 = hip::hip_copy_literal[id=main:@literal:25] -> half_type, {122, 64}, {64, 1}, target_id=0
@34 = hip::hip_copy_literal[id=main:@literal:26] -> half_type, {11156, 64}, {64, 1}, target_id=0
@35 = hip::hip_copy_literal[id=main:@literal:27] -> half_type, {2208, 64}, {64, 1}, target_id=0
@36 = hip::hip_copy_literal[id=main:@literal:32] -> half_type, {61, 64}, {64, 1}, target_id=0
@37 = hip::hip_copy_literal[id=main:@literal:15] -> half_type, {36, 64}, {64, 1}, target_id=0
@38 = hip::hip_copy_literal[id=main:@literal:16] -> half_type, {101, 64}, {64, 1}, target_id=0
@39 = hip::hip_copy_literal[id=main:@literal:17] -> half_type, {12420, 64}, {64, 1}, target_id=0
@40 = hip::hip_copy_literal[id=main:@literal:18] -> half_type, {415421, 64}, {64, 1}, target_id=0
@41 = hip::hip_copy_literal[id=main:@literal:19] -> half_type, {9946608, 64}, {64, 1}, target_id=0
@42 = hip::hip_copy_literal[id=main:@literal:20] -> half_type, {7267859, 64}, {64, 1}, target_id=0
@43 = load[offset=78643200,end=142540800](@1) -> int64_type, {26, 307200}, {307200, 1}, target_id=0
lS_i = @param:lS_i -> int64_type, {26, 307200}, {307200, 1}, target_id=0
@45 = hip::copy_to_gpu(lS_i,@43) -> int64_type, {26, 307200}, {307200, 1}, target_id=0
@46 = hip::hip_copy_literal[id=main:@literal:4] -> half_type, {512, 512}, {512, 1}, target_id=0
@47 = hip::hip_copy_literal[id=main:@literal:8] -> half_type, {1}, {1}, target_id=0
@48 = hip::hip_copy_literal[id=main:@literal:9] -> half_type, {256}, {1}, target_id=0
@49 = hip::hip_copy_literal[id=main:@literal:28] -> half_type, {10, 64}, {64, 1}, target_id=0
@50 = hip::hip_copy_literal[id=main:@literal:29] -> half_type, {313829, 64}, {64, 1}, target_id=0
@51 = hip::hip_copy_literal[id=main:@literal:30] -> half_type, {1333352, 64}, {64, 1}, target_id=0
@52 = hip::hip_copy_literal[id=main:@literal:31] -> half_type, {9758201, 64}, {64, 1}, target_id=0
@53 = hip::hip_copy_literal[id=main:@literal:33] -> half_type, {1442, 64}, {64, 1}, target_id=0
@54 = hip::hip_copy_literal[id=main:@literal:34] -> half_type, {7112, 64}, {64, 1}, target_id=0
@55 = hip::hip_copy_literal[id=main:@literal:35] -> half_type, {3, 64}, {64, 1}, target_id=0
@56 = hip::hip_copy_literal[id=main:@literal:36] -> half_type, {20134, 64}, {64, 1}, target_id=0
@57 = hip::hip_copy_literal[id=main:@literal:37] -> half_type, {7378, 64}, {64, 1}, target_id=0
@58 = hip::hip_copy_literal[id=main:@literal:38] -> half_type, {17217, 64}, {64, 1}, target_id=0
@59 = hip::hip_copy_literal[id=main:@literal:39] -> half_type, {36084, 64}, {64, 1}, target_id=0
@60 = hip::hip_copy_literal[id=main:@literal:40] -> half_type, {9980333, 64}, {64, 1}, target_id=0
@61 = load[offset=0,end=31948800](@1) -> float_type, {26, 307200}, {307200, 1}, target_id=0
@62 = gpu::code_object[code_object=3736,symbol_name=convert_kernel,global=1996800,local=1024,](@45,@61) -> float_type, {26, 307200}, {307200, 1}, target_id=0
@63 = slice[axes={0},starts={25},ends={26}](@62) -> float_type, {1, 307200}, {307200, 1}, target_id=0
@64 = squeeze[axes={0}](@63) -> float_type, {307200}, {1}, target_id=0
@65 = load[offset=1061683200,end=1101004800](@1) -> half_type, {307200, 64}, {64, 1}, target_id=0
@66 = gpu::code_object[code_object=3928,symbol_name=gather_kernel,global=307200,local=1024,](@37,@64,@65) -> half_type, {307200, 64}, {64, 1}, target_id=0
@67 = slice[axes={0},starts={24},ends={25}](@62) -> float_type, {1, 307200}, {307200, 1}, target_id=0
@68 = squeeze[axes={0}](@67) -> float_type, {307200}, {1}, target_id=0
@69 = load[offset=1022361600,end=1061683200](@1) -> half_type, {307200, 64}, {64, 1}, target_id=0
@70 = gpu::code_object[code_object=3928,symbol_name=gather_kernel,global=307200,local=1024,](@38,@68,@69) -> half_type, {307200, 64}, {64, 1}, target_id=0
@71 = slice[axes={0},starts={23},ends={24}](@62) -> float_type, {1, 307200}, {307200, 1}, target_id=0
@72 = squeeze[axes={0}](@71) -> float_type, {307200}, {1}, target_id=0
@73 = load[offset=983040000,end=1022361600](@1) -> half_type, {307200, 64}, {64, 1}, target_id=0
@74 = gpu::code_object[code_object=3928,symbol_name=gather_kernel,global=307200,local=1024,](@39,@72,@73) -> half_type, {307200, 64}, {64, 1}, target_id=0
@75 = load[offset=943718400,end=983040000](@1) -> half_type, {307200, 64}, {64, 1}, target_id=0
@76 = slice[axes={0},starts={22},ends={23}](@62) -> float_type, {1, 307200}, {307200, 1}, target_id=0
@77 = squeeze[axes={0}](@76) -> float_type, {307200}, {1}, target_id=0
@78 = gpu::code_object[code_object=3928,symbol_name=gather_kernel,global=307200,local=1024,](@40,@77,@75) -> half_type, {307200, 64}, {64, 1}, target_id=0
@79 = slice[axes={0},starts={21},ends={22}](@62) -> float_type, {1, 307200}, {307200, 1}, target_id=0
@80 = squeeze[axes={0}](@79) -> float_type, {307200}, {1}, target_id=0
@81 = load[offset=904396800,end=943718400](@1) -> half_type, {307200, 64}, {64, 1}, target_id=0
@82 = gpu::code_object[code_object=3928,symbol_name=gather_kernel,global=307200,local=1024,](@41,@80,@81) -> half_type, {307200, 64}, {64, 1}, target_id=0
@83 = slice[axes={0},starts={20},ends={21}](@62) -> float_type, {1, 307200}, {307200, 1}, target_id=0
@84 = squeeze[axes={0}](@83) -> float_type, {307200}, {1}, target_id=0
@85 = load[offset=865075200,end=904396800](@1) -> half_type, {307200, 64}, {64, 1}, target_id=0
@86 = gpu::code_object[code_object=3928,symbol_name=gather_kernel,global=307200,local=1024,](@42,@84,@85) -> half_type, {307200, 64}, {64, 1}, target_id=0
@87 = slice[axes={0},starts={19},ends={20}](@62) -> float_type, {1, 307200}, {307200, 1}, target_id=0
@88 = squeeze[axes={0}](@87) -> float_type, {307200}, {1}, target_id=0
@89 = load[offset=825753600,end=865075200](@1) -> half_type, {307200, 64}, {64, 1}, target_id=0
@90 = gpu::code_object[code_object=3928,symbol_name=gather_kernel,global=307200,local=1024,](@29,@88,@89) -> half_type, {307200, 64}, {64, 1}, target_id=0
@91 = slice[axes={0},starts={18},ends={19}](@62) -> float_type, {1, 307200}, {307200, 1}, target_id=0
@92 = squeeze[axes={0}](@91) -> float_type, {307200}, {1}, target_id=0
@93 = load[offset=786432000,end=825753600](@1) -> half_type, {307200, 64}, {64, 1}, target_id=0
@94 = gpu::code_object[code_object=3928,symbol_name=gather_kernel,global=307200,local=1024,](@30,@92,@93) -> half_type, {307200, 64}, {64, 1}, target_id=0
@95 = slice[axes={0},starts={17},ends={18}](@62) -> float_type, {1, 307200}, {307200, 1}, target_id=0
@96 = squeeze[axes={0}](@95) -> float_type, {307200}, {1}, target_id=0
@97 = load[offset=747110400,end=786432000](@1) -> half_type, {307200, 64}, {64, 1}, target_id=0
@98 = gpu::code_object[code_object=3928,symbol_name=gather_kernel,global=307200,local=1024,](@31,@96,@97) -> half_type, {307200, 64}, {64, 1}, target_id=0
@99 = slice[axes={0},starts={16},ends={17}](@62) -> float_type, {1, 307200}, {307200, 1}, target_id=0
@100 = squeeze[axes={0}](@99) -> float_type, {307200}, {1}, target_id=0
@101 = load[offset=707788800,end=747110400](@1) -> half_type, {307200, 64}, {64, 1}, target_id=0
@102 = gpu::code_object[code_object=3928,symbol_name=gather_kernel,global=307200,local=1024,](@32,@100,@101) -> half_type, {307200, 64}, {64, 1}, target_id=0
@103 = load[offset=668467200,end=707788800](@1) -> half_type, {307200, 64}, {64, 1}, target_id=0
@104 = slice[axes={0},starts={15},ends={16}](@62) -> float_type, {1, 307200}, {307200, 1}, target_id=0
@105 = squeeze[axes={0}](@104) -> float_type, {307200}, {1}, target_id=0
@106 = gpu::code_object[code_object=3928,symbol_name=gather_kernel,global=307200,local=1024,](@33,@105,@103) -> half_type, {307200, 64}, {64, 1}, target_id=0
@107 = load[offset=629145600,end=668467200](@1) -> half_type, {307200, 64}, {64, 1}, target_id=0
@108 = slice[axes={0},starts={14},ends={15}](@62) -> float_type, {1, 307200}, {307200, 1}, target_id=0
@109 = squeeze[axes={0}](@108) -> float_type, {307200}, {1}, target_id=0
@110 = gpu::code_object[code_object=3928,symbol_name=gather_kernel,global=307200,local=1024,](@34,@109,@107) -> half_type, {307200, 64}, {64, 1}, target_id=0
@111 = load[offset=589824000,end=629145600](@1) -> half_type, {307200, 64}, {64, 1}, target_id=0
@112 = slice[axes={0},starts={13},ends={14}](@62) -> float_type, {1, 307200}, {307200, 1}, target_id=0
@113 = squeeze[axes={0}](@112) -> float_type, {307200}, {1}, target_id=0
@114 = gpu::code_object[code_object=3928,symbol_name=gather_kernel,global=307200,local=1024,](@35,@113,@111) -> half_type, {307200, 64}, {64, 1}, target_id=0
@115 = load[offset=550502400,end=589824000](@1) -> half_type, {307200, 64}, {64, 1}, target_id=0
@116 = slice[axes={0},starts={12},ends={13}](@62) -> float_type, {1, 307200}, {307200, 1}, target_id=0
@117 = squeeze[axes={0}](@116) -> float_type, {307200}, {1}, target_id=0
@118 = gpu::code_object[code_object=3928,symbol_name=gather_kernel,global=307200,local=1024,](@49,@117,@115) -> half_type, {307200, 64}, {64, 1}, target_id=0
@119 = load[offset=511180800,end=550502400](@1) -> half_type, {307200, 64}, {64, 1}, target_id=0
@120 = slice[axes={0},starts={11},ends={12}](@62) -> float_type, {1, 307200}, {307200, 1}, target_id=0
@121 = squeeze[axes={0}](@120) -> float_type, {307200}, {1}, target_id=0
@122 = gpu::code_object[code_object=3928,symbol_name=gather_kernel,global=307200,local=1024,](@50,@121,@119) -> half_type, {307200, 64}, {64, 1}, target_id=0
@123 = load[offset=471859200,end=511180800](@1) -> half_type, {307200, 64}, {64, 1}, target_id=0
@124 = slice[axes={0},starts={10},ends={11}](@62) -> float_type, {1, 307200}, {307200, 1}, target_id=0
@125 = squeeze[axes={0}](@124) -> float_type, {307200}, {1}, target_id=0
@126 = gpu::code_object[code_object=3928,symbol_name=gather_kernel,global=307200,local=1024,](@51,@125,@123) -> half_type, {307200, 64}, {64, 1}, target_id=0
@127 = load[offset=432537600,end=471859200](@1) -> half_type, {307200, 64}, {64, 1}, target_id=0
@128 = slice[axes={0},starts={9},ends={10}](@62) -> float_type, {1, 307200}, {307200, 1}, target_id=0
@129 = squeeze[axes={0}](@128) -> float_type, {307200}, {1}, target_id=0
@130 = gpu::code_object[code_object=3928,symbol_name=gather_kernel,global=307200,local=1024,](@52,@129,@127) -> half_type, {307200, 64}, {64, 1}, target_id=0
@131 = load[offset=393216000,end=432537600](@1) -> half_type, {307200, 64}, {64, 1}, target_id=0
@132 = slice[axes={0},starts={8},ends={9}](@62) -> float_type, {1, 307200}, {307200, 1}, target_id=0
@133 = squeeze[axes={0}](@132) -> float_type, {307200}, {1}, target_id=0
@134 = gpu::code_object[code_object=3928,symbol_name=gather_kernel,global=307200,local=1024,](@36,@133,@131) -> half_type, {307200, 64}, {64, 1}, target_id=0
@135 = slice[axes={0},starts={7},ends={8}](@62) -> float_type, {1, 307200}, {307200, 1}, target_id=0
@136 = load[offset=353894400,end=393216000](@1) -> half_type, {307200, 64}, {64, 1}, target_id=0
@137 = squeeze[axes={0}](@135) -> float_type, {307200}, {1}, target_id=0
@138 = gpu::code_object[code_object=3928,symbol_name=gather_kernel,global=307200,local=1024,](@53,@137,@136) -> half_type, {307200, 64}, {64, 1}, target_id=0
@139 = slice[axes={0},starts={6},ends={7}](@62) -> float_type, {1, 307200}, {307200, 1}, target_id=0
@140 = squeeze[axes={0}](@139) -> float_type, {307200}, {1}, target_id=0
@141 = load[offset=314572800,end=353894400](@1) -> half_type, {307200, 64}, {64, 1}, target_id=0
@142 = gpu::code_object[code_object=3928,symbol_name=gather_kernel,global=307200,local=1024,](@54,@140,@141) -> half_type, {307200, 64}, {64, 1}, target_id=0
@143 = slice[axes={0},starts={5},ends={6}](@62) -> float_type, {1, 307200}, {307200, 1}, target_id=0
@144 = squeeze[axes={0}](@143) -> float_type, {307200}, {1}, target_id=0
@145 = load[offset=275251200,end=314572800](@1) -> half_type, {307200, 64}, {64, 1}, target_id=0
@146 = gpu::code_object[code_object=3928,symbol_name=gather_kernel,global=307200,local=1024,](@55,@144,@145) -> half_type, {307200, 64}, {64, 1}, target_id=0
@147 = load[offset=235929600,end=275251200](@1) -> half_type, {307200, 64}, {64, 1}, target_id=0
@148 = slice[axes={0},starts={4},ends={5}](@62) -> float_type, {1, 307200}, {307200, 1}, target_id=0
@149 = squeeze[axes={0}](@148) -> float_type, {307200}, {1}, target_id=0
@150 = gpu::code_object[code_object=3928,symbol_name=gather_kernel,global=307200,local=1024,](@56,@149,@147) -> half_type, {307200, 64}, {64, 1}, target_id=0
@151 = load[offset=196608000,end=235929600](@1) -> half_type, {307200, 64}, {64, 1}, target_id=0
@152 = slice[axes={0},starts={3},ends={4}](@62) -> float_type, {1, 307200}, {307200, 1}, target_id=0
@153 = squeeze[axes={0}](@152) -> float_type, {307200}, {1}, target_id=0
@154 = gpu::code_object[code_object=3928,symbol_name=gather_kernel,global=307200,local=1024,](@57,@153,@151) -> half_type, {307200, 64}, {64, 1}, target_id=0
@155 = slice[axes={0},starts={2},ends={3}](@62) -> float_type, {1, 307200}, {307200, 1}, target_id=0
@156 = squeeze[axes={0}](@155) -> float_type, {307200}, {1}, target_id=0
@157 = load[offset=157286400,end=196608000](@1) -> half_type, {307200, 64}, {64, 1}, target_id=0
@158 = gpu::code_object[code_object=3928,symbol_name=gather_kernel,global=307200,local=1024,](@58,@156,@157) -> half_type, {307200, 64}, {64, 1}, target_id=0
@159 = load[offset=117964800,end=157286400](@1) -> half_type, {307200, 64}, {64, 1}, target_id=0
@160 = slice[axes={0},starts={1},ends={2}](@62) -> float_type, {1, 307200}, {307200, 1}, target_id=0
@161 = squeeze[axes={0}](@160) -> float_type, {307200}, {1}, target_id=0
@162 = gpu::code_object[code_object=3928,symbol_name=gather_kernel,global=307200,local=1024,](@59,@161,@159) -> half_type, {307200, 64}, {64, 1}, target_id=0
@163 = load[offset=78643200,end=117964800](@1) -> half_type, {307200, 64}, {64, 1}, target_id=0
@164 = slice[axes={0},starts={0},ends={1}](@62) -> float_type, {1, 307200}, {307200, 1}, target_id=0
@165 = squeeze[axes={0}](@164) -> float_type, {307200}, {1}, target_id=0
@166 = gpu::code_object[code_object=3928,symbol_name=gather_kernel,global=307200,local=1024,](@60,@165,@163) -> half_type, {307200, 64}, {64, 1}, target_id=0
@167 = load[offset=0,end=39321600](@1) -> half_type, {307200, 64}, {64, 1}, target_id=0
@168 = multibroadcast[out_lens={307200, 64},out_dyn_dims={}](@27) -> half_type, {307200, 64}, {0, 1}, target_id=0
@169 = gpu::code_object[code_object=3832,symbol_name=add_relu_kernel,global=2457600,local=1024,](@21,@168,@167) -> half_type, {307200, 64}, {64, 1}, target_id=0
@170 = load[offset=1101004800,end=2162688000](@1) -> half_type, {307200, 1728}, {1728, 1}, target_id=0
@171 = gpu::code_object[code_object=6216,symbol_name=concat_kernel,global=19660800,local=1024,](@169,@166,@162,@158,@154,@150,@146,@142,@138,@134,@130,@126,@122,@118,@114,@110,@106,@102,@98,@94,@90,@86,@82,@78,@74,@70,@66,@170) -> half_type, {307200, 1728}, {1728, 1}, target_id=0
@172 = reshape_lazy[dims={307200, -1, 64}](@171) -> half_type, {307200, 27, 64}, {1728, 64, 1}, target_id=0
@173 = load[offset=39321600,end=487219200](@1) -> half_type, {307200, 27, 27}, {729, 27, 1}, target_id=0
@174 = transpose[permutation={0, 2, 1}](@172) -> half_type, {307200, 64, 27}, {1728, 1, 64}, target_id=0
@175 = gpu::gemm[alpha=1,beta=0,compute_fp32=1,trans_batch=0,solution_idx=0](@172,@174,@173) -> half_type, {307200, 27, 27}, {729, 27, 1}, target_id=0
@176 = load[offset=487219200,end=702873600](@1) -> half_type, {307200, 351}, {351, 1}, target_id=0
@177 = reshape_lazy[dims={307200, 729}](@175) -> half_type, {307200, 729}, {729, 1}, target_id=0
@178 = gpu::code_object[code_object=3960,symbol_name=gather_kernel,global=307200,local=1024,](@177,@28,@176) -> half_type, {307200, 351}, {351, 1}, target_id=0
@179 = load[offset=39321600,end=294297600](@1) -> half_type, {307200, 415}, {415, 1}, target_id=0
@180 = gpu::code_object[code_object=4024,symbol_name=concat_kernel,global=63744000,local=1024,](@169,@178,@179) -> half_type, {307200, 415}, {415, 1}, target_id=0
@181 = load[offset=294297600,end=608870400](@1) -> half_type, {307200, 512}, {512, 1}, target_id=0
@182 = gpu::gemm[alpha=1,beta=0,compute_fp32=1,trans_batch=0,solution_idx=0](@180,@22,@181) -> half_type, {307200, 512}, {512, 1}, target_id=0
@183 = load[offset=608870400,end=923443200](@1) -> half_type, {307200, 512}, {512, 1}, target_id=0
@184 = multibroadcast[out_lens={307200, 512},out_dyn_dims={}](@26) -> half_type, {307200, 512}, {0, 1}, target_id=0
@185 = gpu::code_object[code_object=3832,symbol_name=add_relu_kernel,global=19660800,local=1024,](@182,@184,@183) -> half_type, {307200, 512}, {512, 1}, target_id=0
@186 = load[offset=923443200,end=1238016000](@1) -> half_type, {307200, 512}, {512, 1}, target_id=0
@187 = gpu::gemm[alpha=1,beta=0,compute_fp32=1,trans_batch=0,solution_idx=0](@185,@46,@186) -> half_type, {307200, 512}, {512, 1}, target_id=0
@188 = load[offset=0,end=314572800](@1) -> half_type, {307200, 512}, {512, 1}, target_id=0
@189 = multibroadcast[out_lens={307200, 512},out_dyn_dims={}](@25) -> half_type, {307200, 512}, {0, 1}, target_id=0
@190 = gpu::code_object[code_object=3832,symbol_name=add_relu_kernel,global=19660800,local=1024,](@187,@189,@188) -> half_type, {307200, 512}, {512, 1}, target_id=0
@191 = load[offset=314572800,end=471859200](@1) -> half_type, {307200, 256}, {256, 1}, target_id=0
@192 = gpu::gemm[alpha=1,beta=0,compute_fp32=1,trans_batch=0,solution_idx=0](@190,@24,@191) -> half_type, {307200, 256}, {256, 1}, target_id=0
@193 = load[offset=614400,end=157900800](@1) -> half_type, {307200, 256}, {256, 1}, target_id=0
@194 = multibroadcast[out_lens={307200, 256},out_dyn_dims={}](@48) -> half_type, {307200, 256}, {0, 1}, target_id=0
@195 = gpu::code_object[code_object=3832,symbol_name=add_relu_kernel,global=9830400,local=1024,](@192,@194,@193) -> half_type, {307200, 256}, {256, 1}, target_id=0
@196 = load[offset=157900800,end=158515200](@1) -> half_type, {307200, 1}, {1, 1}, target_id=0
@197 = gpu::gemm[alpha=1,beta=0,compute_fp32=1,trans_batch=0,solution_idx=0](@195,@23,@196) -> half_type, {307200, 1}, {1, 1}, target_id=0
@198 = load[offset=0,end=614400](@1) -> half_type, {307200, 1}, {1, 1}, target_id=0
@199 = multibroadcast[out_lens={307200, 1},out_dyn_dims={}](@47) -> half_type, {307200, 1}, {0, 1}, target_id=0
@200 = gpu::code_object[code_object=3896,symbol_name=add_sigmoid_kernel,global=153600,local=1024,](@197,@199,@198) -> half_type, {307200, 1}, {1, 1}, target_id=0
@201 = hip::copy_from_gpu(@200) -> half_type, {307200, 1}, {1, 1}, target_id=0
@202 = hip::sync_stream(@201) -> half_type, {307200, 1}, {1, 1}, target_id=0
@203 = @return(@202), target_id=0


Allocating params ... 
Running performance report ... 
@0 = check_context::migraphx::gpu::context -> float_type, {}, {}, target_id=0: 0.0014648ms, 1%
@1 = hip::hip_allocate_memory[shape=int8_type, {2162688000}, {1},id=main:scratch] -> int8_type, {2162688000}, {1}, target_id=0: 0.00122632ms, 1%
@2 = hip::hip_copy_literal[id=main:@literal:0] -> half_type, {13, 512}, {512, 1}, target_id=0: 0.00112948ms, 1%
@3 = load[offset=0,end=7987200](@1) -> half_type, {307200, 13}, {13, 1}, target_id=0: 0.00102304ms, 1%
input = @param:input -> half_type, {307200, 13}, {13, 1}, target_id=0: 0.00079242ms, 1%
@5 = hip::copy_to_gpu(input,@3) -> half_type, {307200, 13}, {13, 1}, target_id=0: 0.64552ms, 3%
@6 = load[offset=707788800,end=1022361600](@1) -> half_type, {307200, 512}, {512, 1}, target_id=0: 0.00085122ms, 1%
@7 = gpu::gemm[alpha=1,beta=0,compute_fp32=1,trans_batch=0,solution_idx=0](@5,@2,@6) -> half_type, {307200, 512}, {512, 1}, target_id=0: 0.474087ms, 2%
@8 = hip::hip_copy_literal[id=main:@literal:1] -> half_type, {512, 256}, {256, 1}, target_id=0: 0.00113938ms, 1%
@9 = hip::hip_copy_literal[id=main:@literal:14] -> half_type, {512}, {1}, target_id=0: 0.00067702ms, 1%
@10 = load[offset=393216000,end=707788800](@1) -> half_type, {307200, 512}, {512, 1}, target_id=0: 0.00078538ms, 1%
@11 = multibroadcast[out_lens={307200, 512},out_dyn_dims={}](@9) -> half_type, {307200, 512}, {0, 1}, target_id=0: 0.0016628ms, 1%
@12 = gpu::code_object[code_object=3832,symbol_name=add_relu_kernel,global=19660800,local=1024,](@7,@11,@10) -> half_type, {307200, 512}, {512, 1}, target_id=0: 0.637288ms, 3%
@13 = load[offset=235929600,end=393216000](@1) -> half_type, {307200, 256}, {256, 1}, target_id=0: 0.00078924ms, 1%
@14 = gpu::gemm[alpha=1,beta=0,compute_fp32=1,trans_batch=0,solution_idx=0](@12,@8,@13) -> half_type, {307200, 256}, {256, 1}, target_id=0: 1.00744ms, 4%
@15 = hip::hip_copy_literal[id=main:@literal:13] -> half_type, {256}, {1}, target_id=0: 0.00092284ms, 1%
@16 = hip::hip_copy_literal[id=main:@literal:3] -> half_type, {256, 64}, {64, 1}, target_id=0: 0.0006432ms, 1%
@17 = load[offset=78643200,end=235929600](@1) -> half_type, {307200, 256}, {256, 1}, target_id=0: 0.00071698ms, 1%
@18 = multibroadcast[out_lens={307200, 256},out_dyn_dims={}](@15) -> half_type, {307200, 256}, {0, 1}, target_id=0: 0.0010159ms, 1%
@19 = gpu::code_object[code_object=3832,symbol_name=add_relu_kernel,global=9830400,local=1024,](@14,@18,@17) -> half_type, {307200, 256}, {256, 1}, target_id=0: 0.3277ms, 2%
@20 = load[offset=39321600,end=78643200](@1) -> half_type, {307200, 64}, {64, 1}, target_id=0: 0.00078302ms, 1%
@21 = gpu::gemm[alpha=1,beta=0,compute_fp32=1,trans_batch=0,solution_idx=0](@19,@16,@20) -> half_type, {307200, 64}, {64, 1}, target_id=0: 0.271892ms, 2%
@22 = hip::hip_copy_literal[id=main:@literal:2] -> half_type, {415, 512}, {512, 1}, target_id=0: 0.00084934ms, 1%
@23 = hip::hip_copy_literal[id=main:@literal:5] -> half_type, {256, 1}, {1, 1}, target_id=0: 0.00056656ms, 1%
@24 = hip::hip_copy_literal[id=main:@literal:6] -> half_type, {512, 256}, {256, 1}, target_id=0: 0.00052314ms, 1%
@25 = hip::hip_copy_literal[id=main:@literal:10] -> half_type, {512}, {1}, target_id=0: 0.00072618ms, 1%
@26 = hip::hip_copy_literal[id=main:@literal:11] -> half_type, {512}, {1}, target_id=0: 0.00062528ms, 1%
@27 = hip::hip_copy_literal[id=main:@literal:12] -> half_type, {64}, {1}, target_id=0: 0.00073106ms, 1%
@28 = hip::hip_copy_literal[id=main:@literal:7] -> float_type, {351}, {1}, target_id=0: 0.00054132ms, 1%
@29 = hip::hip_copy_literal[id=main:@literal:21] -> half_type, {9994222, 64}, {64, 1}, target_id=0: 0.00070778ms, 1%
@30 = hip::hip_copy_literal[id=main:@literal:22] -> half_type, {14, 64}, {64, 1}, target_id=0: 0.0005925ms, 1%
@31 = hip::hip_copy_literal[id=main:@literal:23] -> half_type, {970, 64}, {64, 1}, target_id=0: 0.00065376ms, 1%
@32 = hip::hip_copy_literal[id=main:@literal:24] -> half_type, {4, 64}, {64, 1}, target_id=0: 0.00054152ms, 1%
@33 = hip::hip_copy_literal[id=main:@literal:25] -> half_type, {122, 64}, {64, 1}, target_id=0: 0.00067144ms, 1%
@34 = hip::hip_copy_literal[id=main:@literal:26] -> half_type, {11156, 64}, {64, 1}, target_id=0: 0.00058216ms, 1%
@35 = hip::hip_copy_literal[id=main:@literal:27] -> half_type, {2208, 64}, {64, 1}, target_id=0: 0.00070552ms, 1%
@36 = hip::hip_copy_literal[id=main:@literal:32] -> half_type, {61, 64}, {64, 1}, target_id=0: 0.0005779ms, 1%
@37 = hip::hip_copy_literal[id=main:@literal:15] -> half_type, {36, 64}, {64, 1}, target_id=0: 0.00064056ms, 1%
@38 = hip::hip_copy_literal[id=main:@literal:16] -> half_type, {101, 64}, {64, 1}, target_id=0: 0.0005548ms, 1%
@39 = hip::hip_copy_literal[id=main:@literal:17] -> half_type, {12420, 64}, {64, 1}, target_id=0: 0.00061964ms, 1%
@40 = hip::hip_copy_literal[id=main:@literal:18] -> half_type, {415421, 64}, {64, 1}, target_id=0: 0.00055306ms, 1%
@41 = hip::hip_copy_literal[id=main:@literal:19] -> half_type, {9946608, 64}, {64, 1}, target_id=0: 0.00058898ms, 1%
@42 = hip::hip_copy_literal[id=main:@literal:20] -> half_type, {7267859, 64}, {64, 1}, target_id=0: 0.0006148ms, 1%
@43 = load[offset=78643200,end=142540800](@1) -> int64_type, {26, 307200}, {307200, 1}, target_id=0: 0.00073376ms, 1%
lS_i = @param:lS_i -> int64_type, {26, 307200}, {307200, 1}, target_id=0: 0.0005953ms, 1%
@45 = hip::copy_to_gpu(lS_i,@43) -> int64_type, {26, 307200}, {307200, 1}, target_id=0: 5.05312ms, 20%
@46 = hip::hip_copy_literal[id=main:@literal:4] -> half_type, {512, 512}, {512, 1}, target_id=0: 0.00089176ms, 1%
@47 = hip::hip_copy_literal[id=main:@literal:8] -> half_type, {1}, {1}, target_id=0: 0.00055532ms, 1%
@48 = hip::hip_copy_literal[id=main:@literal:9] -> half_type, {256}, {1}, target_id=0: 0.0004865ms, 1%
@49 = hip::hip_copy_literal[id=main:@literal:28] -> half_type, {10, 64}, {64, 1}, target_id=0: 0.00066368ms, 1%
@50 = hip::hip_copy_literal[id=main:@literal:29] -> half_type, {313829, 64}, {64, 1}, target_id=0: 0.00060934ms, 1%
@51 = hip::hip_copy_literal[id=main:@literal:30] -> half_type, {1333352, 64}, {64, 1}, target_id=0: 0.00069046ms, 1%
@52 = hip::hip_copy_literal[id=main:@literal:31] -> half_type, {9758201, 64}, {64, 1}, target_id=0: 0.0006004ms, 1%
@53 = hip::hip_copy_literal[id=main:@literal:33] -> half_type, {1442, 64}, {64, 1}, target_id=0: 0.00056886ms, 1%
@54 = hip::hip_copy_literal[id=main:@literal:34] -> half_type, {7112, 64}, {64, 1}, target_id=0: 0.0005562ms, 1%
@55 = hip::hip_copy_literal[id=main:@literal:35] -> half_type, {3, 64}, {64, 1}, target_id=0: 0.00057106ms, 1%
@56 = hip::hip_copy_literal[id=main:@literal:36] -> half_type, {20134, 64}, {64, 1}, target_id=0: 0.00056988ms, 1%
@57 = hip::hip_copy_literal[id=main:@literal:37] -> half_type, {7378, 64}, {64, 1}, target_id=0: 0.00057442ms, 1%
@58 = hip::hip_copy_literal[id=main:@literal:38] -> half_type, {17217, 64}, {64, 1}, target_id=0: 0.0005459ms, 1%
@59 = hip::hip_copy_literal[id=main:@literal:39] -> half_type, {36084, 64}, {64, 1}, target_id=0: 0.00058896ms, 1%
@60 = hip::hip_copy_literal[id=main:@literal:40] -> half_type, {9980333, 64}, {64, 1}, target_id=0: 0.00055258ms, 1%
@61 = load[offset=0,end=31948800](@1) -> float_type, {26, 307200}, {307200, 1}, target_id=0: 0.0007168ms, 1%
@62 = gpu::code_object[code_object=3736,symbol_name=convert_kernel,global=1996800,local=1024,](@45,@61) -> float_type, {26, 307200}, {307200, 1}, target_id=0: 0.117841ms, 1%
@63 = slice[axes={0},starts={25},ends={26}](@62) -> float_type, {1, 307200}, {307200, 1}, target_id=0: 0.0025633ms, 1%
@64 = squeeze[axes={0}](@63) -> float_type, {307200}, {1}, target_id=0: 0.00159382ms, 1%
@65 = load[offset=1061683200,end=1101004800](@1) -> half_type, {307200, 64}, {64, 1}, target_id=0: 0.00065784ms, 1%
@66 = gpu::code_object[code_object=3928,symbol_name=gather_kernel,global=307200,local=1024,](@37,@64,@65) -> half_type, {307200, 64}, {64, 1}, target_id=0: 0.131998ms, 1%
@67 = slice[axes={0},starts={24},ends={25}](@62) -> float_type, {1, 307200}, {307200, 1}, target_id=0: 0.00120296ms, 1%
@68 = squeeze[axes={0}](@67) -> float_type, {307200}, {1}, target_id=0: 0.00097482ms, 1%
@69 = load[offset=1022361600,end=1061683200](@1) -> half_type, {307200, 64}, {64, 1}, target_id=0: 0.0006302ms, 1%
@70 = gpu::code_object[code_object=3928,symbol_name=gather_kernel,global=307200,local=1024,](@38,@68,@69) -> half_type, {307200, 64}, {64, 1}, target_id=0: 0.13033ms, 1%
@71 = slice[axes={0},starts={23},ends={24}](@62) -> float_type, {1, 307200}, {307200, 1}, target_id=0: 0.00113192ms, 1%
@72 = squeeze[axes={0}](@71) -> float_type, {307200}, {1}, target_id=0: 0.0009202ms, 1%
@73 = load[offset=983040000,end=1022361600](@1) -> half_type, {307200, 64}, {64, 1}, target_id=0: 0.00060124ms, 1%
@74 = gpu::code_object[code_object=3928,symbol_name=gather_kernel,global=307200,local=1024,](@39,@72,@73) -> half_type, {307200, 64}, {64, 1}, target_id=0: 0.130587ms, 1%
@75 = load[offset=943718400,end=983040000](@1) -> half_type, {307200, 64}, {64, 1}, target_id=0: 0.00074224ms, 1%
@76 = slice[axes={0},starts={22},ends={23}](@62) -> float_type, {1, 307200}, {307200, 1}, target_id=0: 0.00096864ms, 1%
@77 = squeeze[axes={0}](@76) -> float_type, {307200}, {1}, target_id=0: 0.00093582ms, 1%
@78 = gpu::code_object[code_object=3928,symbol_name=gather_kernel,global=307200,local=1024,](@40,@77,@75) -> half_type, {307200, 64}, {64, 1}, target_id=0: 0.130458ms, 1%
@79 = slice[axes={0},starts={21},ends={22}](@62) -> float_type, {1, 307200}, {307200, 1}, target_id=0: 0.00108104ms, 1%
@80 = squeeze[axes={0}](@79) -> float_type, {307200}, {1}, target_id=0: 0.00097484ms, 1%
@81 = load[offset=904396800,end=943718400](@1) -> half_type, {307200, 64}, {64, 1}, target_id=0: 0.00069258ms, 1%
@82 = gpu::code_object[code_object=3928,symbol_name=gather_kernel,global=307200,local=1024,](@41,@80,@81) -> half_type, {307200, 64}, {64, 1}, target_id=0: 0.130564ms, 1%
@83 = slice[axes={0},starts={20},ends={21}](@62) -> float_type, {1, 307200}, {307200, 1}, target_id=0: 0.00105996ms, 1%
@84 = squeeze[axes={0}](@83) -> float_type, {307200}, {1}, target_id=0: 0.00091774ms, 1%
@85 = load[offset=865075200,end=904396800](@1) -> half_type, {307200, 64}, {64, 1}, target_id=0: 0.0006478ms, 1%
@86 = gpu::code_object[code_object=3928,symbol_name=gather_kernel,global=307200,local=1024,](@42,@84,@85) -> half_type, {307200, 64}, {64, 1}, target_id=0: 0.131211ms, 1%
@87 = slice[axes={0},starts={19},ends={20}](@62) -> float_type, {1, 307200}, {307200, 1}, target_id=0: 0.0010526ms, 1%
@88 = squeeze[axes={0}](@87) -> float_type, {307200}, {1}, target_id=0: 0.00091974ms, 1%
@89 = load[offset=825753600,end=865075200](@1) -> half_type, {307200, 64}, {64, 1}, target_id=0: 0.00061672ms, 1%
@90 = gpu::code_object[code_object=3928,symbol_name=gather_kernel,global=307200,local=1024,](@29,@88,@89) -> half_type, {307200, 64}, {64, 1}, target_id=0: 0.131081ms, 1%
@91 = slice[axes={0},starts={18},ends={19}](@62) -> float_type, {1, 307200}, {307200, 1}, target_id=0: 0.00104764ms, 1%
@92 = squeeze[axes={0}](@91) -> float_type, {307200}, {1}, target_id=0: 0.00089556ms, 1%
@93 = load[offset=786432000,end=825753600](@1) -> half_type, {307200, 64}, {64, 1}, target_id=0: 0.00061494ms, 1%
@94 = gpu::code_object[code_object=3928,symbol_name=gather_kernel,global=307200,local=1024,](@30,@92,@93) -> half_type, {307200, 64}, {64, 1}, target_id=0: 0.130227ms, 1%
@95 = slice[axes={0},starts={17},ends={18}](@62) -> float_type, {1, 307200}, {307200, 1}, target_id=0: 0.0010509ms, 1%
@96 = squeeze[axes={0}](@95) -> float_type, {307200}, {1}, target_id=0: 0.00091752ms, 1%
@97 = load[offset=747110400,end=786432000](@1) -> half_type, {307200, 64}, {64, 1}, target_id=0: 0.00062826ms, 1%
@98 = gpu::code_object[code_object=3928,symbol_name=gather_kernel,global=307200,local=1024,](@31,@96,@97) -> half_type, {307200, 64}, {64, 1}, target_id=0: 0.131077ms, 1%
@99 = slice[axes={0},starts={16},ends={17}](@62) -> float_type, {1, 307200}, {307200, 1}, target_id=0: 0.001044ms, 1%
@100 = squeeze[axes={0}](@99) -> float_type, {307200}, {1}, target_id=0: 0.0008939ms, 1%
@101 = load[offset=707788800,end=747110400](@1) -> half_type, {307200, 64}, {64, 1}, target_id=0: 0.00061226ms, 1%
@102 = gpu::code_object[code_object=3928,symbol_name=gather_kernel,global=307200,local=1024,](@32,@100,@101) -> half_type, {307200, 64}, {64, 1}, target_id=0: 0.131041ms, 1%
@103 = load[offset=668467200,end=707788800](@1) -> half_type, {307200, 64}, {64, 1}, target_id=0: 0.00074492ms, 1%
@104 = slice[axes={0},starts={15},ends={16}](@62) -> float_type, {1, 307200}, {307200, 1}, target_id=0: 0.0009565ms, 1%
@105 = squeeze[axes={0}](@104) -> float_type, {307200}, {1}, target_id=0: 0.00091278ms, 1%
@106 = gpu::code_object[code_object=3928,symbol_name=gather_kernel,global=307200,local=1024,](@33,@105,@103) -> half_type, {307200, 64}, {64, 1}, target_id=0: 0.131067ms, 1%
@107 = load[offset=629145600,end=668467200](@1) -> half_type, {307200, 64}, {64, 1}, target_id=0: 0.00076152ms, 1%
@108 = slice[axes={0},starts={14},ends={15}](@62) -> float_type, {1, 307200}, {307200, 1}, target_id=0: 0.0009346ms, 1%
@109 = squeeze[axes={0}](@108) -> float_type, {307200}, {1}, target_id=0: 0.00089966ms, 1%
@110 = gpu::code_object[code_object=3928,symbol_name=gather_kernel,global=307200,local=1024,](@34,@109,@107) -> half_type, {307200, 64}, {64, 1}, target_id=0: 0.130992ms, 1%
@111 = load[offset=589824000,end=629145600](@1) -> half_type, {307200, 64}, {64, 1}, target_id=0: 0.0007632ms, 1%
@112 = slice[axes={0},starts={13},ends={14}](@62) -> float_type, {1, 307200}, {307200, 1}, target_id=0: 0.0009492ms, 1%
@113 = squeeze[axes={0}](@112) -> float_type, {307200}, {1}, target_id=0: 0.00090246ms, 1%
@114 = gpu::code_object[code_object=3928,symbol_name=gather_kernel,global=307200,local=1024,](@35,@113,@111) -> half_type, {307200, 64}, {64, 1}, target_id=0: 0.131096ms, 1%
@115 = load[offset=550502400,end=589824000](@1) -> half_type, {307200, 64}, {64, 1}, target_id=0: 0.00076748ms, 1%
@116 = slice[axes={0},starts={12},ends={13}](@62) -> float_type, {1, 307200}, {307200, 1}, target_id=0: 0.0009309ms, 1%
@117 = squeeze[axes={0}](@116) -> float_type, {307200}, {1}, target_id=0: 0.00092494ms, 1%
@118 = gpu::code_object[code_object=3928,symbol_name=gather_kernel,global=307200,local=1024,](@49,@117,@115) -> half_type, {307200, 64}, {64, 1}, target_id=0: 0.131157ms, 1%
@119 = load[offset=511180800,end=550502400](@1) -> half_type, {307200, 64}, {64, 1}, target_id=0: 0.00074476ms, 1%
@120 = slice[axes={0},starts={11},ends={12}](@62) -> float_type, {1, 307200}, {307200, 1}, target_id=0: 0.0009268ms, 1%
@121 = squeeze[axes={0}](@120) -> float_type, {307200}, {1}, target_id=0: 0.00090442ms, 1%
@122 = gpu::code_object[code_object=3928,symbol_name=gather_kernel,global=307200,local=1024,](@50,@121,@119) -> half_type, {307200, 64}, {64, 1}, target_id=0: 0.131459ms, 1%
@123 = load[offset=471859200,end=511180800](@1) -> half_type, {307200, 64}, {64, 1}, target_id=0: 0.00077406ms, 1%
@124 = slice[axes={0},starts={10},ends={11}](@62) -> float_type, {1, 307200}, {307200, 1}, target_id=0: 0.00092718ms, 1%
@125 = squeeze[axes={0}](@124) -> float_type, {307200}, {1}, target_id=0: 0.0008402ms, 1%
@126 = gpu::code_object[code_object=3928,symbol_name=gather_kernel,global=307200,local=1024,](@51,@125,@123) -> half_type, {307200, 64}, {64, 1}, target_id=0: 0.130898ms, 1%
@127 = load[offset=432537600,end=471859200](@1) -> half_type, {307200, 64}, {64, 1}, target_id=0: 0.00075378ms, 1%
@128 = slice[axes={0},starts={9},ends={10}](@62) -> float_type, {1, 307200}, {307200, 1}, target_id=0: 0.00092974ms, 1%
@129 = squeeze[axes={0}](@128) -> float_type, {307200}, {1}, target_id=0: 0.0008467ms, 1%
@130 = gpu::code_object[code_object=3928,symbol_name=gather_kernel,global=307200,local=1024,](@52,@129,@127) -> half_type, {307200, 64}, {64, 1}, target_id=0: 0.131387ms, 1%
@131 = load[offset=393216000,end=432537600](@1) -> half_type, {307200, 64}, {64, 1}, target_id=0: 0.00074154ms, 1%
@132 = slice[axes={0},starts={8},ends={9}](@62) -> float_type, {1, 307200}, {307200, 1}, target_id=0: 0.00093446ms, 1%
@133 = squeeze[axes={0}](@132) -> float_type, {307200}, {1}, target_id=0: 0.00083588ms, 1%
@134 = gpu::code_object[code_object=3928,symbol_name=gather_kernel,global=307200,local=1024,](@36,@133,@131) -> half_type, {307200, 64}, {64, 1}, target_id=0: 0.131177ms, 1%
@135 = slice[axes={0},starts={7},ends={8}](@62) -> float_type, {1, 307200}, {307200, 1}, target_id=0: 0.00105202ms, 1%
@136 = load[offset=353894400,end=393216000](@1) -> half_type, {307200, 64}, {64, 1}, target_id=0: 0.00063014ms, 1%
@137 = squeeze[axes={0}](@135) -> float_type, {307200}, {1}, target_id=0: 0.00083478ms, 1%
@138 = gpu::code_object[code_object=3928,symbol_name=gather_kernel,global=307200,local=1024,](@53,@137,@136) -> half_type, {307200, 64}, {64, 1}, target_id=0: 0.130872ms, 1%
@139 = slice[axes={0},starts={6},ends={7}](@62) -> float_type, {1, 307200}, {307200, 1}, target_id=0: 0.0010557ms, 1%
@140 = squeeze[axes={0}](@139) -> float_type, {307200}, {1}, target_id=0: 0.00087206ms, 1%
@141 = load[offset=314572800,end=353894400](@1) -> half_type, {307200, 64}, {64, 1}, target_id=0: 0.00062322ms, 1%
@142 = gpu::code_object[code_object=3928,symbol_name=gather_kernel,global=307200,local=1024,](@54,@140,@141) -> half_type, {307200, 64}, {64, 1}, target_id=0: 0.131266ms, 1%
@143 = slice[axes={0},starts={5},ends={6}](@62) -> float_type, {1, 307200}, {307200, 1}, target_id=0: 0.00104236ms, 1%
@144 = squeeze[axes={0}](@143) -> float_type, {307200}, {1}, target_id=0: 0.00085938ms, 1%
@145 = load[offset=275251200,end=314572800](@1) -> half_type, {307200, 64}, {64, 1}, target_id=0: 0.00060814ms, 1%
@146 = gpu::code_object[code_object=3928,symbol_name=gather_kernel,global=307200,local=1024,](@55,@144,@145) -> half_type, {307200, 64}, {64, 1}, target_id=0: 0.130368ms, 1%
@147 = load[offset=235929600,end=275251200](@1) -> half_type, {307200, 64}, {64, 1}, target_id=0: 0.00074072ms, 1%
@148 = slice[axes={0},starts={4},ends={5}](@62) -> float_type, {1, 307200}, {307200, 1}, target_id=0: 0.0009099ms, 1%
@149 = squeeze[axes={0}](@148) -> float_type, {307200}, {1}, target_id=0: 0.00106484ms, 1%
@150 = gpu::code_object[code_object=3928,symbol_name=gather_kernel,global=307200,local=1024,](@56,@149,@147) -> half_type, {307200, 64}, {64, 1}, target_id=0: 0.131117ms, 1%
@151 = load[offset=196608000,end=235929600](@1) -> half_type, {307200, 64}, {64, 1}, target_id=0: 0.00073474ms, 1%
@152 = slice[axes={0},starts={3},ends={4}](@62) -> float_type, {1, 307200}, {307200, 1}, target_id=0: 0.00102358ms, 1%
@153 = squeeze[axes={0}](@152) -> float_type, {307200}, {1}, target_id=0: 0.0010943ms, 1%
@154 = gpu::code_object[code_object=3928,symbol_name=gather_kernel,global=307200,local=1024,](@57,@153,@151) -> half_type, {307200, 64}, {64, 1}, target_id=0: 0.131308ms, 1%
@155 = slice[axes={0},starts={2},ends={3}](@62) -> float_type, {1, 307200}, {307200, 1}, target_id=0: 0.0011256ms, 1%
@156 = squeeze[axes={0}](@155) -> float_type, {307200}, {1}, target_id=0: 0.00105836ms, 1%
@157 = load[offset=157286400,end=196608000](@1) -> half_type, {307200, 64}, {64, 1}, target_id=0: 0.00062298ms, 1%
@158 = gpu::code_object[code_object=3928,symbol_name=gather_kernel,global=307200,local=1024,](@58,@156,@157) -> half_type, {307200, 64}, {64, 1}, target_id=0: 0.131009ms, 1%
@159 = load[offset=117964800,end=157286400](@1) -> half_type, {307200, 64}, {64, 1}, target_id=0: 0.0007278ms, 1%
@160 = slice[axes={0},starts={1},ends={2}](@62) -> float_type, {1, 307200}, {307200, 1}, target_id=0: 0.0009838ms, 1%
@161 = squeeze[axes={0}](@160) -> float_type, {307200}, {1}, target_id=0: 0.00099006ms, 1%
@162 = gpu::code_object[code_object=3928,symbol_name=gather_kernel,global=307200,local=1024,](@59,@161,@159) -> half_type, {307200, 64}, {64, 1}, target_id=0: 0.130196ms, 1%
@163 = load[offset=78643200,end=117964800](@1) -> half_type, {307200, 64}, {64, 1}, target_id=0: 0.00074284ms, 1%
@164 = slice[axes={0},starts={0},ends={1}](@62) -> float_type, {1, 307200}, {307200, 1}, target_id=0: 0.00095284ms, 1%
@165 = squeeze[axes={0}](@164) -> float_type, {307200}, {1}, target_id=0: 0.00097694ms, 1%
@166 = gpu::code_object[code_object=3928,symbol_name=gather_kernel,global=307200,local=1024,](@60,@165,@163) -> half_type, {307200, 64}, {64, 1}, target_id=0: 0.131115ms, 1%
@167 = load[offset=0,end=39321600](@1) -> half_type, {307200, 64}, {64, 1}, target_id=0: 0.00075594ms, 1%
@168 = multibroadcast[out_lens={307200, 64},out_dyn_dims={}](@27) -> half_type, {307200, 64}, {0, 1}, target_id=0: 0.0013149ms, 1%
@169 = gpu::code_object[code_object=3832,symbol_name=add_relu_kernel,global=2457600,local=1024,](@21,@168,@167) -> half_type, {307200, 64}, {64, 1}, target_id=0: 0.0941149ms, 1%
@170 = load[offset=1101004800,end=2162688000](@1) -> half_type, {307200, 1728}, {1728, 1}, target_id=0: 0.00075984ms, 1%
@171 = gpu::code_object[code_object=6216,symbol_name=concat_kernel,global=19660800,local=1024,](@169,@166,@162,@158,@154,@150,@146,@142,@138,@134,@130,@126,@122,@118,@114,@110,@106,@102,@98,@94,@90,@86,@82,@78,@74,@70,@66,@170) -> half_type, {307200, 1728}, {1728, 1}, target_id=0: 2.41926ms, 10%
@172 = reshape_lazy[dims={307200, -1, 64}](@171) -> half_type, {307200, 27, 64}, {1728, 64, 1}, target_id=0: 0.00148176ms, 1%
@173 = load[offset=39321600,end=487219200](@1) -> half_type, {307200, 27, 27}, {729, 27, 1}, target_id=0: 0.0006188ms, 1%
@174 = transpose[permutation={0, 2, 1}](@172) -> half_type, {307200, 64, 27}, {1728, 1, 64}, target_id=0: 0.00117282ms, 1%
@175 = gpu::gemm[alpha=1,beta=0,compute_fp32=1,trans_batch=0,solution_idx=0](@172,@174,@173) -> half_type, {307200, 27, 27}, {729, 27, 1}, target_id=0: 1.90962ms, 8%
@176 = load[offset=487219200,end=702873600](@1) -> half_type, {307200, 351}, {351, 1}, target_id=0: 0.00089236ms, 1%
@177 = reshape_lazy[dims={307200, 729}](@175) -> half_type, {307200, 729}, {729, 1}, target_id=0: 0.00074074ms, 1%
@178 = gpu::code_object[code_object=3960,symbol_name=gather_kernel,global=307200,local=1024,](@177,@28,@176) -> half_type, {307200, 351}, {351, 1}, target_id=0: 1.04264ms, 5%
@179 = load[offset=39321600,end=294297600](@1) -> half_type, {307200, 415}, {415, 1}, target_id=0: 0.0007551ms, 1%
@180 = gpu::code_object[code_object=4024,symbol_name=concat_kernel,global=63744000,local=1024,](@169,@178,@179) -> half_type, {307200, 415}, {415, 1}, target_id=0: 0.789773ms, 4%
@181 = load[offset=294297600,end=608870400](@1) -> half_type, {307200, 512}, {512, 1}, target_id=0: 0.0007487ms, 1%
@182 = gpu::gemm[alpha=1,beta=0,compute_fp32=1,trans_batch=0,solution_idx=0](@180,@22,@181) -> half_type, {307200, 512}, {512, 1}, target_id=0: 1.48839ms, 6%
@183 = load[offset=608870400,end=923443200](@1) -> half_type, {307200, 512}, {512, 1}, target_id=0: 0.00082576ms, 1%
@184 = multibroadcast[out_lens={307200, 512},out_dyn_dims={}](@26) -> half_type, {307200, 512}, {0, 1}, target_id=0: 0.00114638ms, 1%
@185 = gpu::code_object[code_object=3832,symbol_name=add_relu_kernel,global=19660800,local=1024,](@182,@184,@183) -> half_type, {307200, 512}, {512, 1}, target_id=0: 0.632715ms, 3%
@186 = load[offset=923443200,end=1238016000](@1) -> half_type, {307200, 512}, {512, 1}, target_id=0: 0.00075204ms, 1%
@187 = gpu::gemm[alpha=1,beta=0,compute_fp32=1,trans_batch=0,solution_idx=0](@185,@46,@186) -> half_type, {307200, 512}, {512, 1}, target_id=0: 1.90235ms, 8%
@188 = load[offset=0,end=314572800](@1) -> half_type, {307200, 512}, {512, 1}, target_id=0: 0.00086004ms, 1%
@189 = multibroadcast[out_lens={307200, 512},out_dyn_dims={}](@25) -> half_type, {307200, 512}, {0, 1}, target_id=0: 0.00093856ms, 1%
@190 = gpu::code_object[code_object=3832,symbol_name=add_relu_kernel,global=19660800,local=1024,](@187,@189,@188) -> half_type, {307200, 512}, {512, 1}, target_id=0: 0.635959ms, 3%
@191 = load[offset=314572800,end=471859200](@1) -> half_type, {307200, 256}, {256, 1}, target_id=0: 0.00077966ms, 1%
@192 = gpu::gemm[alpha=1,beta=0,compute_fp32=1,trans_batch=0,solution_idx=0](@190,@24,@191) -> half_type, {307200, 256}, {256, 1}, target_id=0: 1.06225ms, 5%
@193 = load[offset=614400,end=157900800](@1) -> half_type, {307200, 256}, {256, 1}, target_id=0: 0.00083336ms, 1%
@194 = multibroadcast[out_lens={307200, 256},out_dyn_dims={}](@48) -> half_type, {307200, 256}, {0, 1}, target_id=0: 0.00088278ms, 1%
@195 = gpu::code_object[code_object=3832,symbol_name=add_relu_kernel,global=9830400,local=1024,](@192,@194,@193) -> half_type, {307200, 256}, {256, 1}, target_id=0: 0.326388ms, 2%
@196 = load[offset=157900800,end=158515200](@1) -> half_type, {307200, 1}, {1, 1}, target_id=0: 0.00075816ms, 1%
@197 = gpu::gemm[alpha=1,beta=0,compute_fp32=1,trans_batch=0,solution_idx=0](@195,@23,@196) -> half_type, {307200, 1}, {1, 1}, target_id=0: 0.890784ms, 4%
@198 = load[offset=0,end=614400](@1) -> half_type, {307200, 1}, {1, 1}, target_id=0: 0.00082142ms, 1%
@199 = multibroadcast[out_lens={307200, 1},out_dyn_dims={}](@47) -> half_type, {307200, 1}, {0, 1}, target_id=0: 0.00088224ms, 1%
@200 = gpu::code_object[code_object=3896,symbol_name=add_sigmoid_kernel,global=153600,local=1024,](@197,@199,@198) -> half_type, {307200, 1}, {1, 1}, target_id=0: 0.0195179ms, 1%
@201 = hip::copy_from_gpu(@200) -> half_type, {307200, 1}, {1, 1}, target_id=0: 0.207212ms, 1%
@202 = hip::sync_stream(@201) -> half_type, {307200, 1}, {1, 1}, target_id=0: 0.00158642ms, 1%
@203 = @return(@202), target_id=0
Summary:
gpu::gemm: 9.00681ms / 8 = 1.12585ms, 36%
hip::copy_to_gpu: 5.69864ms / 2 = 2.84932ms, 23%
gpu::code_object::gather_kernel: 4.44769ms / 27 = 0.164729ms, 18%
gpu::code_object::concat_kernel: 3.20904ms / 2 = 1.60452ms, 13%
gpu::code_object::add_relu_kernel: 2.65417ms / 6 = 0.442361ms, 11%
hip::copy_from_gpu: 0.207212ms / 1 = 0.207212ms, 1%
gpu::code_object::convert_kernel: 0.117841ms / 1 = 0.117841ms, 1%
load: 0.0344865ms / 47 = 0.000733756ms, 1%
slice: 0.0278381ms / 26 = 0.0010707ms, 1%
hip::hip_copy_literal: 0.0267045ms / 41 = 0.00065133ms, 1%
squeeze: 0.0247617ms / 26 = 0.000952374ms, 1%
gpu::code_object::add_sigmoid_kernel: 0.0195179ms / 1 = 0.0195179ms, 1%
multibroadcast: 0.00784356ms / 7 = 0.00112051ms, 1%
reshape_lazy: 0.0022225ms / 2 = 0.00111125ms, 1%
hip::sync_stream: 0.00158642ms / 1 = 0.00158642ms, 1%
check_context::migraphx::gpu::context: 0.0014648ms / 1 = 0.0014648ms, 1%
@param: 0.00138772ms / 2 = 0.00069386ms, 1%
hip::hip_allocate_memory: 0.00122632ms / 1 = 0.00122632ms, 1%
transpose: 0.00117282ms / 1 = 0.00117282ms, 1%

Batch size: 1
Rate: 40.6278 inferences/sec
Total time: 24.6137ms
Total instructions time: 25.4916ms
Overhead time: 0.0407434ms, -0.877951ms
Overhead: 0%, -4%
[ MIGraphX Version: 2.9.0.55db65ccd ] Complete: /src/AMDMIGraphX/build/bin/driver perf --fill1 input lS_i --input-dim @input 307200 13 @lS_i 26 307200 --gpu --enable-offload-copy --gpu /new-saved-models/dlrm/pt_dlrm_criteoterabyte_13_26_20k_1.1_M2.4/float/pt_dlrm_fp16_onnx/pt_dlrm_fp16.onnx
