Compiling ... 
Reading: /saved-models/slim/mobilenet_i1.pb
module: "main"
main:@0 = check_context::migraphx::version_1::gpu::context -> float_type, {}, {}
main:@1 = hip::hip_allocate_memory[shape=int8_type, {6480128}, {1},id=main:scratch] -> int8_type, {6480128}, {1}
main:@2 = load[offset=1605632,end=2213132](main:@1) -> float_type, {1, 3, 225, 225}, {151875, 50625, 225, 1}
input = @param:input -> float_type, {1, 3, 224, 224}, {150528, 50176, 224, 1}
main:@4 = gpu::code_object[code_object=13624,symbol_name=pad_kernel,global=151875,local=1024,](input,main:@2) -> float_type, {1, 3, 225, 225}, {151875, 50625, 225, 1}
main:@5 = hip::hip_copy_literal[id=main:@literal:7] -> float_type, {32, 3, 3, 3}, {27, 9, 3, 1}
main:@6 = load[offset=0,end=1605632](main:@1) -> float_type, {1, 32, 112, 112}, {401408, 12544, 112, 1}
main:@7 = load[offset=0,end=0](main:@1) -> int8_type, {0}, {1}
main:@8 = gpu::convolution[op={padding={0, 0, 0, 0},stride={2, 2},dilation={1, 1},group=1,padding_mode=0},solution_object={binary_object: 492},algo=0,int8_x4_format=0,solution_id=0](main:@4,main:@5,main:@7,main:@6) -> float_type, {1, 32, 112, 112}, {401408, 12544, 112, 1}
main:@9 = hip::hip_copy_literal[id=main:@literal:34] -> float_type, {32, 1, 3, 3}, {9, 9, 3, 1}
main:@10 = hip::hip_copy_literal[id=main:@literal:27] -> float_type, {32, 1, 1}, {1, 1, 1}
main:@11 = load[offset=2213136,end=3818768](main:@1) -> float_type, {1, 32, 112, 112}, {401408, 12544, 112, 1}
main:@12 = multibroadcast[out_lens={1, 32, 112, 112},out_dyn_dims={}](main:@10) -> float_type, {1, 32, 112, 112}, {0, 1, 0, 0}
main:@13 = gpu::code_object[code_object=13632,symbol_name=add_clip_kernel,global=200704,local=1024,](main:@8,main:@12,main:@11) -> float_type, {1, 32, 112, 112}, {401408, 12544, 112, 1}
main:@14 = load[offset=0,end=0](main:@1) -> int8_type, {0}, {1}
main:@15 = load[offset=0,end=1605632](main:@1) -> float_type, {1, 32, 112, 112}, {401408, 12544, 112, 1}
main:@16 = gpu::convolution[op={padding={1, 1, 1, 1},stride={1, 1},dilation={1, 1},group=32,padding_mode=0},solution_object={binary_object: 447},algo=0,int8_x4_format=0,solution_id=0](main:@13,main:@9,main:@14,main:@15) -> float_type, {1, 32, 112, 112}, {401408, 12544, 112, 1}
main:@17 = hip::hip_copy_literal[id=main:@literal:12] -> float_type, {64, 32, 1, 1}, {32, 1, 1, 1}
main:@18 = hip::hip_copy_literal[id=main:@literal:32] -> float_type, {32, 1, 1}, {1, 1, 1}
main:@19 = load[offset=3211264,end=4816896](main:@1) -> float_type, {1, 32, 112, 112}, {401408, 12544, 112, 1}
main:@20 = multibroadcast[out_lens={1, 32, 112, 112},out_dyn_dims={}](main:@18) -> float_type, {1, 32, 112, 112}, {0, 1, 0, 0}
main:@21 = gpu::code_object[code_object=13632,symbol_name=add_clip_kernel,global=200704,local=1024,](main:@16,main:@20,main:@19) -> float_type, {1, 32, 112, 112}, {401408, 12544, 112, 1}
main:@22 = load[offset=0,end=3211264](main:@1) -> float_type, {1, 64, 112, 112}, {802816, 12544, 112, 1}
main:@23 = load[offset=0,end=0](main:@1) -> int8_type, {0}, {1}
main:@24 = gpu::convolution[op={padding={0, 0, 0, 0},stride={1, 1},dilation={1, 1},group=1,padding_mode=0},solution_object={binary_object: 468},algo=0,int8_x4_format=0,solution_id=0](main:@21,main:@17,main:@23,main:@22) -> float_type, {1, 64, 112, 112}, {802816, 12544, 112, 1}
main:@25 = hip::hip_copy_literal[id=main:@literal:35] -> float_type, {64, 1, 3, 3}, {9, 9, 3, 1}
main:@26 = hip::hip_copy_literal[id=main:@literal:28] -> float_type, {64, 1, 1}, {1, 1, 1}
main:@27 = load[offset=3268864,end=6480128](main:@1) -> float_type, {1, 64, 112, 112}, {802816, 12544, 112, 1}
main:@28 = multibroadcast[out_lens={1, 64, 112, 112},out_dyn_dims={}](main:@26) -> float_type, {1, 64, 112, 112}, {0, 1, 0, 0}
main:@29 = gpu::code_object[code_object=13632,symbol_name=add_clip_kernel,global=401408,local=1024,](main:@24,main:@28,main:@27) -> float_type, {1, 64, 112, 112}, {802816, 12544, 112, 1}
main:@30 = load[offset=0,end=3268864](main:@1) -> float_type, {1, 64, 113, 113}, {817216, 12769, 113, 1}
main:@31 = gpu::code_object[code_object=13624,symbol_name=pad_kernel,global=307200,local=1024,](main:@29,main:@30) -> float_type, {1, 64, 113, 113}, {817216, 12769, 113, 1}
main:@32 = load[offset=0,end=0](main:@1) -> int8_type, {0}, {1}
main:@33 = load[offset=3268864,end=4071680](main:@1) -> float_type, {1, 64, 56, 56}, {200704, 3136, 56, 1}
main:@34 = gpu::convolution[op={padding={0, 0, 0, 0},stride={2, 2},dilation={1, 1},group=64,padding_mode=0},solution_object={binary_object: 446},algo=0,int8_x4_format=0,solution_id=0](main:@31,main:@25,main:@32,main:@33) -> float_type, {1, 64, 56, 56}, {200704, 3136, 56, 1}
main:@35 = hip::hip_copy_literal[id=main:@literal:36] -> float_type, {64, 1, 1}, {1, 1, 1}
main:@36 = hip::hip_copy_literal[id=main:@literal:10] -> float_type, {128, 64, 1, 1}, {64, 1, 1, 1}
main:@37 = load[offset=0,end=802816](main:@1) -> float_type, {1, 64, 56, 56}, {200704, 3136, 56, 1}
main:@38 = multibroadcast[out_lens={1, 64, 56, 56},out_dyn_dims={}](main:@35) -> float_type, {1, 64, 56, 56}, {0, 1, 0, 0}
main:@39 = gpu::code_object[code_object=13632,symbol_name=add_clip_kernel,global=100352,local=1024,](main:@34,main:@38,main:@37) -> float_type, {1, 64, 56, 56}, {200704, 3136, 56, 1}
main:@40 = load[offset=3211264,end=4816896](main:@1) -> float_type, {1, 128, 56, 56}, {401408, 3136, 56, 1}
main:@41 = load[offset=0,end=0](main:@1) -> int8_type, {0}, {1}
main:@42 = gpu::convolution[op={padding={0, 0, 0, 0},stride={1, 1},dilation={1, 1},group=1,padding_mode=0},solution_object={binary_object: 470},algo=0,int8_x4_format=0,solution_id=0](main:@39,main:@36,main:@41,main:@40) -> float_type, {1, 128, 56, 56}, {401408, 3136, 56, 1}
main:@43 = hip::hip_copy_literal[id=main:@literal:39] -> float_type, {128, 1, 1}, {1, 1, 1}
main:@44 = hip::hip_copy_literal[id=main:@literal:38] -> float_type, {128, 1, 3, 3}, {9, 9, 3, 1}
main:@45 = load[offset=1605632,end=3211264](main:@1) -> float_type, {1, 128, 56, 56}, {401408, 3136, 56, 1}
main:@46 = multibroadcast[out_lens={1, 128, 56, 56},out_dyn_dims={}](main:@43) -> float_type, {1, 128, 56, 56}, {0, 1, 0, 0}
main:@47 = gpu::code_object[code_object=13632,symbol_name=add_clip_kernel,global=200704,local=1024,](main:@42,main:@46,main:@45) -> float_type, {1, 128, 56, 56}, {401408, 3136, 56, 1}
main:@48 = load[offset=4014080,end=5619712](main:@1) -> float_type, {1, 128, 56, 56}, {401408, 3136, 56, 1}
main:@49 = load[offset=0,end=0](main:@1) -> int8_type, {0}, {1}
main:@50 = gpu::convolution[op={padding={1, 1, 1, 1},stride={1, 1},dilation={1, 1},group=128,padding_mode=0},solution_object={binary_object: 451},algo=0,int8_x4_format=0,solution_id=0](main:@47,main:@44,main:@49,main:@48) -> float_type, {1, 128, 56, 56}, {401408, 3136, 56, 1}
main:@51 = hip::hip_copy_literal[id=main:@literal:8] -> float_type, {128, 128, 1, 1}, {128, 1, 1, 1}
main:@52 = hip::hip_copy_literal[id=main:@literal:29] -> float_type, {128, 1, 1}, {1, 1, 1}
main:@53 = load[offset=1605632,end=3211264](main:@1) -> float_type, {1, 128, 56, 56}, {401408, 3136, 56, 1}
main:@54 = multibroadcast[out_lens={1, 128, 56, 56},out_dyn_dims={}](main:@52) -> float_type, {1, 128, 56, 56}, {0, 1, 0, 0}
main:@55 = gpu::code_object[code_object=13632,symbol_name=add_clip_kernel,global=200704,local=1024,](main:@50,main:@54,main:@53) -> float_type, {1, 128, 56, 56}, {401408, 3136, 56, 1}
main:@56 = load[offset=0,end=1605632](main:@1) -> float_type, {1, 128, 56, 56}, {401408, 3136, 56, 1}
main:@57 = load[offset=0,end=0](main:@1) -> int8_type, {0}, {1}
main:@58 = gpu::convolution[op={padding={0, 0, 0, 0},stride={1, 1},dilation={1, 1},group=1,padding_mode=0},solution_object={binary_object: 473},algo=0,int8_x4_format=0,solution_id=0](main:@55,main:@51,main:@57,main:@56) -> float_type, {1, 128, 56, 56}, {401408, 3136, 56, 1}
main:@59 = hip::hip_copy_literal[id=main:@literal:40] -> float_type, {128, 1, 1}, {1, 1, 1}
main:@60 = hip::hip_copy_literal[id=main:@literal:19] -> float_type, {128, 1, 3, 3}, {9, 9, 3, 1}
main:@61 = load[offset=3269120,end=4874752](main:@1) -> float_type, {1, 128, 56, 56}, {401408, 3136, 56, 1}
main:@62 = multibroadcast[out_lens={1, 128, 56, 56},out_dyn_dims={}](main:@59) -> float_type, {1, 128, 56, 56}, {0, 1, 0, 0}
main:@63 = gpu::code_object[code_object=13632,symbol_name=add_clip_kernel,global=200704,local=1024,](main:@58,main:@62,main:@61) -> float_type, {1, 128, 56, 56}, {401408, 3136, 56, 1}
main:@64 = load[offset=1605632,end=3269120](main:@1) -> float_type, {1, 128, 57, 57}, {415872, 3249, 57, 1}
main:@65 = gpu::code_object[code_object=13624,symbol_name=pad_kernel,global=307200,local=1024,](main:@63,main:@64) -> float_type, {1, 128, 57, 57}, {415872, 3249, 57, 1}
main:@66 = load[offset=802816,end=1204224](main:@1) -> float_type, {1, 128, 28, 28}, {100352, 784, 28, 1}
main:@67 = load[offset=0,end=0](main:@1) -> int8_type, {0}, {1}
main:@68 = gpu::convolution[op={padding={0, 0, 0, 0},stride={2, 2},dilation={1, 1},group=128,padding_mode=0},solution_object={binary_object: 457},algo=0,int8_x4_format=0,solution_id=0](main:@65,main:@60,main:@67,main:@66) -> float_type, {1, 128, 28, 28}, {100352, 784, 28, 1}
main:@69 = hip::hip_copy_literal[id=main:@literal:6] -> float_type, {256, 128, 1, 1}, {128, 1, 1, 1}
main:@70 = hip::hip_copy_literal[id=main:@literal:41] -> float_type, {128, 1, 1}, {1, 1, 1}
main:@71 = load[offset=401408,end=802816](main:@1) -> float_type, {1, 128, 28, 28}, {100352, 784, 28, 1}
main:@72 = multibroadcast[out_lens={1, 128, 28, 28},out_dyn_dims={}](main:@70) -> float_type, {1, 128, 28, 28}, {0, 1, 0, 0}
main:@73 = gpu::code_object[code_object=13632,symbol_name=add_clip_kernel,global=50176,local=1024,](main:@68,main:@72,main:@71) -> float_type, {1, 128, 28, 28}, {100352, 784, 28, 1}
main:@74 = load[offset=1605632,end=2408448](main:@1) -> float_type, {1, 256, 28, 28}, {200704, 784, 28, 1}
main:@75 = load[offset=0,end=0](main:@1) -> int8_type, {0}, {1}
main:@76 = gpu::convolution[op={padding={0, 0, 0, 0},stride={1, 1},dilation={1, 1},group=1,padding_mode=0},solution_object={binary_object: 475},algo=0,int8_x4_format=0,solution_id=0](main:@73,main:@69,main:@75,main:@74) -> float_type, {1, 256, 28, 28}, {200704, 784, 28, 1}
main:@77 = hip::hip_copy_literal[id=main:@literal:20] -> float_type, {256, 1, 3, 3}, {9, 9, 3, 1}
main:@78 = hip::hip_copy_literal[id=main:@literal:25] -> float_type, {256, 1, 1}, {1, 1, 1}
main:@79 = load[offset=802816,end=1605632](main:@1) -> float_type, {1, 256, 28, 28}, {200704, 784, 28, 1}
main:@80 = multibroadcast[out_lens={1, 256, 28, 28},out_dyn_dims={}](main:@78) -> float_type, {1, 256, 28, 28}, {0, 1, 0, 0}
main:@81 = gpu::code_object[code_object=13632,symbol_name=add_clip_kernel,global=100352,local=1024,](main:@76,main:@80,main:@79) -> float_type, {1, 256, 28, 28}, {200704, 784, 28, 1}
main:@82 = load[offset=2007040,end=2809856](main:@1) -> float_type, {1, 256, 28, 28}, {200704, 784, 28, 1}
main:@83 = load[offset=0,end=0](main:@1) -> int8_type, {0}, {1}
main:@84 = gpu::convolution[op={padding={1, 1, 1, 1},stride={1, 1},dilation={1, 1},group=256,padding_mode=0},solution_object={binary_object: 455},algo=0,int8_x4_format=0,solution_id=0](main:@81,main:@77,main:@83,main:@82) -> float_type, {1, 256, 28, 28}, {200704, 784, 28, 1}
main:@85 = hip::hip_copy_literal[id=main:@literal:9] -> float_type, {256, 256, 1, 1}, {256, 1, 1, 1}
main:@86 = hip::hip_copy_literal[id=main:@literal:24] -> float_type, {256, 1, 1}, {1, 1, 1}
main:@87 = load[offset=802816,end=1605632](main:@1) -> float_type, {1, 256, 28, 28}, {200704, 784, 28, 1}
main:@88 = multibroadcast[out_lens={1, 256, 28, 28},out_dyn_dims={}](main:@86) -> float_type, {1, 256, 28, 28}, {0, 1, 0, 0}
main:@89 = gpu::code_object[code_object=13632,symbol_name=add_clip_kernel,global=100352,local=1024,](main:@84,main:@88,main:@87) -> float_type, {1, 256, 28, 28}, {200704, 784, 28, 1}
main:@90 = load[offset=0,end=802816](main:@1) -> float_type, {1, 256, 28, 28}, {200704, 784, 28, 1}
main:@91 = load[offset=0,end=0](main:@1) -> int8_type, {0}, {1}
main:@92 = gpu::convolution[op={padding={0, 0, 0, 0},stride={1, 1},dilation={1, 1},group=1,padding_mode=0},solution_object={binary_object: 499},algo=0,int8_x4_format=0,solution_id=0](main:@89,main:@85,main:@91,main:@90) -> float_type, {1, 256, 28, 28}, {200704, 784, 28, 1}
main:@93 = hip::hip_copy_literal[id=main:@literal:18] -> float_type, {256, 1, 3, 3}, {9, 9, 3, 1}
main:@94 = hip::hip_copy_literal[id=main:@literal:37] -> float_type, {256, 1, 1}, {1, 1, 1}
main:@95 = load[offset=1664000,end=2466816](main:@1) -> float_type, {1, 256, 28, 28}, {200704, 784, 28, 1}
main:@96 = multibroadcast[out_lens={1, 256, 28, 28},out_dyn_dims={}](main:@94) -> float_type, {1, 256, 28, 28}, {0, 1, 0, 0}
main:@97 = gpu::code_object[code_object=13632,symbol_name=add_clip_kernel,global=100352,local=1024,](main:@92,main:@96,main:@95) -> float_type, {1, 256, 28, 28}, {200704, 784, 28, 1}
main:@98 = load[offset=802816,end=1664000](main:@1) -> float_type, {1, 256, 29, 29}, {215296, 841, 29, 1}
main:@99 = gpu::code_object[code_object=13624,symbol_name=pad_kernel,global=215296,local=1024,](main:@97,main:@98) -> float_type, {1, 256, 29, 29}, {215296, 841, 29, 1}
main:@100 = load[offset=0,end=0](main:@1) -> int8_type, {0}, {1}
main:@101 = load[offset=0,end=200704](main:@1) -> float_type, {1, 256, 14, 14}, {50176, 196, 14, 1}
main:@102 = gpu::convolution[op={padding={0, 0, 0, 0},stride={2, 2},dilation={1, 1},group=256,padding_mode=0},solution_object={binary_object: 448},algo=0,int8_x4_format=0,solution_id=0](main:@99,main:@93,main:@100,main:@101) -> float_type, {1, 256, 14, 14}, {50176, 196, 14, 1}
main:@103 = hip::hip_copy_literal[id=main:@literal:5] -> float_type, {512, 256, 1, 1}, {256, 1, 1, 1}
main:@104 = hip::hip_copy_literal[id=main:@literal:23] -> float_type, {256, 1, 1}, {1, 1, 1}
main:@105 = load[offset=401408,end=602112](main:@1) -> float_type, {1, 256, 14, 14}, {50176, 196, 14, 1}
main:@106 = multibroadcast[out_lens={1, 256, 14, 14},out_dyn_dims={}](main:@104) -> float_type, {1, 256, 14, 14}, {0, 1, 0, 0}
main:@107 = gpu::code_object[code_object=13632,symbol_name=add_clip_kernel,global=25088,local=1024,](main:@102,main:@106,main:@105) -> float_type, {1, 256, 14, 14}, {50176, 196, 14, 1}
main:@108 = load[offset=0,end=401408](main:@1) -> float_type, {1, 512, 14, 14}, {100352, 196, 14, 1}
main:@109 = load[offset=0,end=0](main:@1) -> int8_type, {0}, {1}
main:@110 = gpu::convolution[op={padding={0, 0, 0, 0},stride={1, 1},dilation={1, 1},group=1,padding_mode=0},solution_object={binary_object: 495},algo=0,int8_x4_format=0,solution_id=0](main:@107,main:@103,main:@109,main:@108) -> float_type, {1, 512, 14, 14}, {100352, 196, 14, 1}
main:@111 = hip::hip_copy_literal[id=main:@literal:16] -> float_type, {512, 1, 1}, {1, 1, 1}
main:@112 = hip::hip_copy_literal[id=main:@literal:33] -> float_type, {512, 1, 3, 3}, {9, 9, 3, 1}
main:@113 = load[offset=602112,end=1003520](main:@1) -> float_type, {1, 512, 14, 14}, {100352, 196, 14, 1}
main:@114 = multibroadcast[out_lens={1, 512, 14, 14},out_dyn_dims={}](main:@111) -> float_type, {1, 512, 14, 14}, {0, 1, 0, 0}
main:@115 = gpu::code_object[code_object=13632,symbol_name=add_clip_kernel,global=50176,local=1024,](main:@110,main:@114,main:@113) -> float_type, {1, 512, 14, 14}, {100352, 196, 14, 1}
main:@116 = load[offset=0,end=401408](main:@1) -> float_type, {1, 512, 14, 14}, {100352, 196, 14, 1}
main:@117 = load[offset=0,end=0](main:@1) -> int8_type, {0}, {1}
main:@118 = gpu::convolution[op={padding={1, 1, 1, 1},stride={1, 1},dilation={1, 1},group=512,padding_mode=0},solution_object={binary_object: 452},algo=0,int8_x4_format=0,solution_id=0](main:@115,main:@112,main:@117,main:@116) -> float_type, {1, 512, 14, 14}, {100352, 196, 14, 1}
main:@119 = hip::hip_copy_literal[id=main:@literal:15] -> float_type, {512, 1, 1}, {1, 1, 1}
main:@120 = hip::hip_copy_literal[id=main:@literal:4] -> float_type, {512, 512, 1, 1}, {512, 1, 1, 1}
main:@121 = load[offset=802816,end=1204224](main:@1) -> float_type, {1, 512, 14, 14}, {100352, 196, 14, 1}
main:@122 = multibroadcast[out_lens={1, 512, 14, 14},out_dyn_dims={}](main:@119) -> float_type, {1, 512, 14, 14}, {0, 1, 0, 0}
main:@123 = gpu::code_object[code_object=13632,symbol_name=add_clip_kernel,global=50176,local=1024,](main:@118,main:@122,main:@121) -> float_type, {1, 512, 14, 14}, {100352, 196, 14, 1}
main:@124 = load[offset=0,end=0](main:@1) -> int8_type, {0}, {1}
main:@125 = load[offset=401408,end=802816](main:@1) -> float_type, {1, 512, 14, 14}, {100352, 196, 14, 1}
main:@126 = gpu::convolution[op={padding={0, 0, 0, 0},stride={1, 1},dilation={1, 1},group=1,padding_mode=0},solution_object={binary_object: 497},algo=0,int8_x4_format=0,solution_id=0](main:@123,main:@120,main:@124,main:@125) -> float_type, {1, 512, 14, 14}, {100352, 196, 14, 1}
main:@127 = hip::hip_copy_literal[id=main:@literal:43] -> float_type, {512, 1, 3, 3}, {9, 9, 3, 1}
main:@128 = hip::hip_copy_literal[id=main:@literal:42] -> float_type, {512, 1, 1}, {1, 1, 1}
main:@129 = load[offset=0,end=401408](main:@1) -> float_type, {1, 512, 14, 14}, {100352, 196, 14, 1}
main:@130 = multibroadcast[out_lens={1, 512, 14, 14},out_dyn_dims={}](main:@128) -> float_type, {1, 512, 14, 14}, {0, 1, 0, 0}
main:@131 = gpu::code_object[code_object=13632,symbol_name=add_clip_kernel,global=50176,local=1024,](main:@126,main:@130,main:@129) -> float_type, {1, 512, 14, 14}, {100352, 196, 14, 1}
main:@132 = load[offset=802816,end=1204224](main:@1) -> float_type, {1, 512, 14, 14}, {100352, 196, 14, 1}
main:@133 = load[offset=0,end=0](main:@1) -> int8_type, {0}, {1}
main:@134 = gpu::convolution[op={padding={1, 1, 1, 1},stride={1, 1},dilation={1, 1},group=512,padding_mode=0},solution_object={binary_object: 452},algo=0,int8_x4_format=0,solution_id=0](main:@131,main:@127,main:@133,main:@132) -> float_type, {1, 512, 14, 14}, {100352, 196, 14, 1}
main:@135 = hip::hip_copy_literal[id=main:@literal:44] -> float_type, {512, 1, 1}, {1, 1, 1}
main:@136 = hip::hip_copy_literal[id=main:@literal:3] -> float_type, {512, 512, 1, 1}, {512, 1, 1, 1}
main:@137 = load[offset=401408,end=802816](main:@1) -> float_type, {1, 512, 14, 14}, {100352, 196, 14, 1}
main:@138 = multibroadcast[out_lens={1, 512, 14, 14},out_dyn_dims={}](main:@135) -> float_type, {1, 512, 14, 14}, {0, 1, 0, 0}
main:@139 = gpu::code_object[code_object=13632,symbol_name=add_clip_kernel,global=50176,local=1024,](main:@134,main:@138,main:@137) -> float_type, {1, 512, 14, 14}, {100352, 196, 14, 1}
main:@140 = load[offset=0,end=0](main:@1) -> int8_type, {0}, {1}
main:@141 = load[offset=0,end=401408](main:@1) -> float_type, {1, 512, 14, 14}, {100352, 196, 14, 1}
main:@142 = gpu::convolution[op={padding={0, 0, 0, 0},stride={1, 1},dilation={1, 1},group=1,padding_mode=0},solution_object={binary_object: 497},algo=0,int8_x4_format=0,solution_id=0](main:@139,main:@136,main:@140,main:@141) -> float_type, {1, 512, 14, 14}, {100352, 196, 14, 1}
main:@143 = hip::hip_copy_literal[id=main:@literal:21] -> float_type, {512, 1, 1}, {1, 1, 1}
main:@144 = hip::hip_copy_literal[id=main:@literal:30] -> float_type, {512, 1, 3, 3}, {9, 9, 3, 1}
main:@145 = load[offset=802816,end=1204224](main:@1) -> float_type, {1, 512, 14, 14}, {100352, 196, 14, 1}
main:@146 = multibroadcast[out_lens={1, 512, 14, 14},out_dyn_dims={}](main:@143) -> float_type, {1, 512, 14, 14}, {0, 1, 0, 0}
main:@147 = gpu::code_object[code_object=13632,symbol_name=add_clip_kernel,global=50176,local=1024,](main:@142,main:@146,main:@145) -> float_type, {1, 512, 14, 14}, {100352, 196, 14, 1}
main:@148 = load[offset=0,end=0](main:@1) -> int8_type, {0}, {1}
main:@149 = load[offset=401408,end=802816](main:@1) -> float_type, {1, 512, 14, 14}, {100352, 196, 14, 1}
main:@150 = gpu::convolution[op={padding={1, 1, 1, 1},stride={1, 1},dilation={1, 1},group=512,padding_mode=0},solution_object={binary_object: 452},algo=0,int8_x4_format=0,solution_id=0](main:@147,main:@144,main:@148,main:@149) -> float_type, {1, 512, 14, 14}, {100352, 196, 14, 1}
main:@151 = hip::hip_copy_literal[id=main:@literal:2] -> float_type, {512, 512, 1, 1}, {512, 1, 1, 1}
main:@152 = hip::hip_copy_literal[id=main:@literal:22] -> float_type, {512, 1, 1}, {1, 1, 1}
main:@153 = load[offset=0,end=401408](main:@1) -> float_type, {1, 512, 14, 14}, {100352, 196, 14, 1}
main:@154 = multibroadcast[out_lens={1, 512, 14, 14},out_dyn_dims={}](main:@152) -> float_type, {1, 512, 14, 14}, {0, 1, 0, 0}
main:@155 = gpu::code_object[code_object=13632,symbol_name=add_clip_kernel,global=50176,local=1024,](main:@150,main:@154,main:@153) -> float_type, {1, 512, 14, 14}, {100352, 196, 14, 1}
main:@156 = load[offset=0,end=0](main:@1) -> int8_type, {0}, {1}
main:@157 = load[offset=802816,end=1204224](main:@1) -> float_type, {1, 512, 14, 14}, {100352, 196, 14, 1}
main:@158 = gpu::convolution[op={padding={0, 0, 0, 0},stride={1, 1},dilation={1, 1},group=1,padding_mode=0},solution_object={binary_object: 497},algo=0,int8_x4_format=0,solution_id=0](main:@155,main:@151,main:@156,main:@157) -> float_type, {1, 512, 14, 14}, {100352, 196, 14, 1}
main:@159 = hip::hip_copy_literal[id=main:@literal:45] -> float_type, {512, 1, 3, 3}, {9, 9, 3, 1}
main:@160 = hip::hip_copy_literal[id=main:@literal:47] -> float_type, {512, 1, 1}, {1, 1, 1}
main:@161 = load[offset=401408,end=802816](main:@1) -> float_type, {1, 512, 14, 14}, {100352, 196, 14, 1}
main:@162 = multibroadcast[out_lens={1, 512, 14, 14},out_dyn_dims={}](main:@160) -> float_type, {1, 512, 14, 14}, {0, 1, 0, 0}
main:@163 = gpu::code_object[code_object=13632,symbol_name=add_clip_kernel,global=50176,local=1024,](main:@158,main:@162,main:@161) -> float_type, {1, 512, 14, 14}, {100352, 196, 14, 1}
main:@164 = load[offset=0,end=401408](main:@1) -> float_type, {1, 512, 14, 14}, {100352, 196, 14, 1}
main:@165 = load[offset=0,end=0](main:@1) -> int8_type, {0}, {1}
main:@166 = gpu::convolution[op={padding={1, 1, 1, 1},stride={1, 1},dilation={1, 1},group=512,padding_mode=0},solution_object={binary_object: 452},algo=0,int8_x4_format=0,solution_id=0](main:@163,main:@159,main:@165,main:@164) -> float_type, {1, 512, 14, 14}, {100352, 196, 14, 1}
main:@167 = hip::hip_copy_literal[id=main:@literal:1] -> float_type, {512, 512, 1, 1}, {512, 1, 1, 1}
main:@168 = hip::hip_copy_literal[id=main:@literal:48] -> float_type, {512, 1, 1}, {1, 1, 1}
main:@169 = load[offset=802816,end=1204224](main:@1) -> float_type, {1, 512, 14, 14}, {100352, 196, 14, 1}
main:@170 = multibroadcast[out_lens={1, 512, 14, 14},out_dyn_dims={}](main:@168) -> float_type, {1, 512, 14, 14}, {0, 1, 0, 0}
main:@171 = gpu::code_object[code_object=13632,symbol_name=add_clip_kernel,global=50176,local=1024,](main:@166,main:@170,main:@169) -> float_type, {1, 512, 14, 14}, {100352, 196, 14, 1}
main:@172 = load[offset=0,end=0](main:@1) -> int8_type, {0}, {1}
main:@173 = load[offset=401408,end=802816](main:@1) -> float_type, {1, 512, 14, 14}, {100352, 196, 14, 1}
main:@174 = gpu::convolution[op={padding={0, 0, 0, 0},stride={1, 1},dilation={1, 1},group=1,padding_mode=0},solution_object={binary_object: 497},algo=0,int8_x4_format=0,solution_id=0](main:@171,main:@167,main:@172,main:@173) -> float_type, {1, 512, 14, 14}, {100352, 196, 14, 1}
main:@175 = hip::hip_copy_literal[id=main:@literal:55] -> float_type, {1001}, {1}
main:@176 = hip::hip_copy_literal[id=main:@literal:14] -> float_type, {1001, 1024, 1, 1}, {1024, 1, 1, 1}
main:@177 = hip::hip_copy_literal[id=main:@literal:11] -> float_type, {1024, 512, 1, 1}, {512, 1, 1, 1}
main:@178 = hip::hip_copy_literal[id=main:@literal:50] -> float_type, {512, 1, 3, 3}, {9, 9, 3, 1}
main:@179 = hip::hip_copy_literal[id=main:@literal:53] -> float_type, {512, 1, 1}, {1, 1, 1}
main:@180 = hip::hip_copy_literal[id=main:@literal:13] -> float_type, {1024, 1024, 1, 1}, {1024, 1, 1, 1}
main:@181 = hip::hip_copy_literal[id=main:@literal:54] -> float_type, {1024, 1, 1}, {1, 1, 1}
main:@182 = hip::hip_copy_literal[id=main:@literal:49] -> float_type, {512, 1, 1}, {1, 1, 1}
main:@183 = hip::hip_copy_literal[id=main:@literal:46] -> float_type, {1024, 1, 1}, {1, 1, 1}
main:@184 = hip::hip_copy_literal[id=main:@literal:52] -> float_type, {512, 1, 1}, {1, 1, 1}
main:@185 = hip::hip_copy_literal[id=main:@literal:0] -> float_type, {512, 512, 1, 1}, {512, 1, 1, 1}
main:@186 = hip::hip_copy_literal[id=main:@literal:26] -> float_type, {1024, 1, 1}, {1, 1, 1}
main:@187 = hip::hip_copy_literal[id=main:@literal:51] -> float_type, {512, 1, 1}, {1, 1, 1}
main:@188 = hip::hip_copy_literal[id=main:@literal:31] -> float_type, {1024, 1, 3, 3}, {9, 9, 3, 1}
main:@189 = hip::hip_copy_literal[id=main:@literal:17] -> float_type, {512, 1, 3, 3}, {9, 9, 3, 1}
main:@190 = load[offset=0,end=401408](main:@1) -> float_type, {1, 512, 14, 14}, {100352, 196, 14, 1}
main:@191 = multibroadcast[out_lens={1, 512, 14, 14},out_dyn_dims={}](main:@182) -> float_type, {1, 512, 14, 14}, {0, 1, 0, 0}
main:@192 = gpu::code_object[code_object=13632,symbol_name=add_clip_kernel,global=50176,local=1024,](main:@174,main:@191,main:@190) -> float_type, {1, 512, 14, 14}, {100352, 196, 14, 1}
main:@193 = load[offset=0,end=0](main:@1) -> int8_type, {0}, {1}
main:@194 = load[offset=802816,end=1204224](main:@1) -> float_type, {1, 512, 14, 14}, {100352, 196, 14, 1}
main:@195 = gpu::convolution[op={padding={1, 1, 1, 1},stride={1, 1},dilation={1, 1},group=512,padding_mode=0},solution_object={binary_object: 452},algo=0,int8_x4_format=0,solution_id=0](main:@192,main:@178,main:@193,main:@194) -> float_type, {1, 512, 14, 14}, {100352, 196, 14, 1}
main:@196 = load[offset=401408,end=802816](main:@1) -> float_type, {1, 512, 14, 14}, {100352, 196, 14, 1}
main:@197 = multibroadcast[out_lens={1, 512, 14, 14},out_dyn_dims={}](main:@187) -> float_type, {1, 512, 14, 14}, {0, 1, 0, 0}
main:@198 = gpu::code_object[code_object=13632,symbol_name=add_clip_kernel,global=50176,local=1024,](main:@195,main:@197,main:@196) -> float_type, {1, 512, 14, 14}, {100352, 196, 14, 1}
main:@199 = load[offset=0,end=401408](main:@1) -> float_type, {1, 512, 14, 14}, {100352, 196, 14, 1}
main:@200 = load[offset=0,end=0](main:@1) -> int8_type, {0}, {1}
main:@201 = gpu::convolution[op={padding={0, 0, 0, 0},stride={1, 1},dilation={1, 1},group=1,padding_mode=0},solution_object={binary_object: 497},algo=0,int8_x4_format=0,solution_id=0](main:@198,main:@185,main:@200,main:@199) -> float_type, {1, 512, 14, 14}, {100352, 196, 14, 1}
main:@202 = load[offset=862208,end=1263616](main:@1) -> float_type, {1, 512, 14, 14}, {100352, 196, 14, 1}
main:@203 = multibroadcast[out_lens={1, 512, 14, 14},out_dyn_dims={}](main:@184) -> float_type, {1, 512, 14, 14}, {0, 1, 0, 0}
main:@204 = gpu::code_object[code_object=13632,symbol_name=add_clip_kernel,global=50176,local=1024,](main:@201,main:@203,main:@202) -> float_type, {1, 512, 14, 14}, {100352, 196, 14, 1}
main:@205 = load[offset=401408,end=862208](main:@1) -> float_type, {1, 512, 15, 15}, {115200, 225, 15, 1}
main:@206 = gpu::code_object[code_object=13624,symbol_name=pad_kernel,global=115200,local=1024,](main:@204,main:@205) -> float_type, {1, 512, 15, 15}, {115200, 225, 15, 1}
main:@207 = load[offset=0,end=100352](main:@1) -> float_type, {1, 512, 7, 7}, {25088, 49, 7, 1}
main:@208 = load[offset=0,end=0](main:@1) -> int8_type, {0}, {1}
main:@209 = gpu::convolution[op={padding={0, 0, 0, 0},stride={2, 2},dilation={1, 1},group=512,padding_mode=0},solution_object={binary_object: 492},algo=0,int8_x4_format=0,solution_id=0](main:@206,main:@189,main:@208,main:@207) -> float_type, {1, 512, 7, 7}, {25088, 49, 7, 1}
main:@210 = load[offset=200704,end=301056](main:@1) -> float_type, {1, 512, 7, 7}, {25088, 49, 7, 1}
main:@211 = multibroadcast[out_lens={1, 512, 7, 7},out_dyn_dims={}](main:@179) -> float_type, {1, 512, 7, 7}, {0, 1, 0, 0}
main:@212 = gpu::code_object[code_object=13632,symbol_name=add_clip_kernel,global=25088,local=1024,](main:@209,main:@211,main:@210) -> float_type, {1, 512, 7, 7}, {25088, 49, 7, 1}
main:@213 = load[offset=0,end=0](main:@1) -> int8_type, {0}, {1}
main:@214 = load[offset=0,end=200704](main:@1) -> float_type, {1, 1024, 7, 7}, {50176, 49, 7, 1}
main:@215 = gpu::convolution[op={padding={0, 0, 0, 0},stride={1, 1},dilation={1, 1},group=1,padding_mode=0},solution_object={binary_object: 491},algo=0,int8_x4_format=0,solution_id=0](main:@212,main:@177,main:@213,main:@214) -> float_type, {1, 1024, 7, 7}, {50176, 49, 7, 1}
main:@216 = load[offset=301056,end=501760](main:@1) -> float_type, {1, 1024, 7, 7}, {50176, 49, 7, 1}
main:@217 = multibroadcast[out_lens={1, 1024, 7, 7},out_dyn_dims={}](main:@181) -> float_type, {1, 1024, 7, 7}, {0, 1, 0, 0}
main:@218 = gpu::code_object[code_object=13632,symbol_name=add_clip_kernel,global=50176,local=1024,](main:@215,main:@217,main:@216) -> float_type, {1, 1024, 7, 7}, {50176, 49, 7, 1}
main:@219 = load[offset=0,end=200704](main:@1) -> float_type, {1, 1024, 7, 7}, {50176, 49, 7, 1}
main:@220 = load[offset=0,end=0](main:@1) -> int8_type, {0}, {1}
main:@221 = gpu::convolution[op={padding={1, 1, 1, 1},stride={1, 1},dilation={1, 1},group=1024,padding_mode=0},solution_object={binary_object: 443},algo=0,int8_x4_format=0,solution_id=0](main:@218,main:@188,main:@220,main:@219) -> float_type, {1, 1024, 7, 7}, {50176, 49, 7, 1}
main:@222 = load[offset=405504,end=606208](main:@1) -> float_type, {1, 1024, 7, 7}, {50176, 49, 7, 1}
main:@223 = multibroadcast[out_lens={1, 1024, 7, 7},out_dyn_dims={}](main:@183) -> float_type, {1, 1024, 7, 7}, {0, 1, 0, 0}
main:@224 = gpu::code_object[code_object=13632,symbol_name=add_clip_kernel,global=50176,local=1024,](main:@221,main:@223,main:@222) -> float_type, {1, 1024, 7, 7}, {50176, 49, 7, 1}
main:@225 = load[offset=0,end=0](main:@1) -> int8_type, {0}, {1}
main:@226 = load[offset=204800,end=405504](main:@1) -> float_type, {1, 1024, 7, 7}, {50176, 49, 7, 1}
main:@227 = gpu::convolution[op={padding={0, 0, 0, 0},stride={1, 1},dilation={1, 1},group=1,padding_mode=0},solution_object={binary_object: 439},algo=0,int8_x4_format=0,solution_id=0](main:@224,main:@180,main:@225,main:@226) -> float_type, {1, 1024, 7, 7}, {50176, 49, 7, 1}
main:@228 = load[offset=4096,end=204800](main:@1) -> float_type, {1, 1024, 7, 7}, {50176, 49, 7, 1}
main:@229 = multibroadcast[out_lens={1, 1024, 7, 7},out_dyn_dims={}](main:@186) -> float_type, {1, 1024, 7, 7}, {0, 1, 0, 0}
main:@230 = gpu::code_object[code_object=13632,symbol_name=add_clip_kernel,global=50176,local=1024,](main:@227,main:@229,main:@228) -> float_type, {1, 1024, 7, 7}, {50176, 49, 7, 1}
main:@231 = load[offset=204800,end=208896](main:@1) -> float_type, {1, 1024, 1, 1}, {1024, 1, 1, 1}
main:@232 = gpu::pooling[mode=average,padding={0, 0, 0, 0},stride={2, 2},lengths={7, 7},ceil_mode=0,lp_order=2,dyn_global=0](main:@230,main:@231) -> float_type, {1, 1024, 1, 1}, {1024, 1, 1, 1}
main:@233 = load[offset=4016,end=8020](main:@1) -> float_type, {1, 1001, 1, 1}, {1001, 1, 1, 1}
main:@234 = load[offset=0,end=0](main:@1) -> int8_type, {0}, {1}
main:@235 = gpu::convolution[op={padding={0, 0, 0, 0},stride={1, 1},dilation={1, 1},group=1,padding_mode=0},solution_object={binary_object: 548},algo=0,int8_x4_format=0,solution_id=0](main:@232,main:@176,main:@234,main:@233) -> float_type, {1, 1001, 1, 1}, {1001, 1, 1, 1}
main:@236 = load[offset=8032,end=12036](main:@1) -> float_type, {1, 1001, 1, 1}, {1001, 1, 1, 1}
main:@237 = broadcast[axis=1,out_lens={1, 1001, 1, 1}](main:@175) -> float_type, {1, 1001, 1, 1}, {0, 1, 0, 0}
main:@238 = gpu::code_object[code_object=13624,symbol_name=add_kernel,global=1001,local=1024,](main:@235,main:@237,main:@236) -> float_type, {1, 1001, 1, 1}, {1001, 1, 1, 1}
main:#output_0 = @param:main:#output_0 -> float_type, {1, 1001}, {1001, 1}
main:@240 = transpose[permutation={0, 2, 3, 1}](main:@238) -> float_type, {1, 1, 1, 1001}, {1001, 1, 1, 1}
main:@241 = squeeze[axes={1, 2}](main:@240) -> float_type, {1, 1001}, {1001, 1}
main:@242 = gpu::code_object[code_object=13632,symbol_name=softmax_kernel,global=256,local=256,](main:@241,main:#output_0) -> float_type, {1, 1001}, {1001, 1}
main:@243 = @return(main:@242)


Allocating params ... 
Running performance report ... 
main:@0 = check_context::migraphx::version_1::gpu::context -> float_type, {}, {}: 0.00093594ms, 1%
main:@1 = hip::hip_allocate_memory[shape=int8_type, {6480128}, {1},id=main:scratch] -> int8_type, {6480128}, {1}: 0.00090854ms, 1%
main:@2 = load[offset=1605632,end=2213132](main:@1) -> float_type, {1, 3, 225, 225}, {151875, 50625, 225, 1}: 0.00081326ms, 1%
input = @param:input -> float_type, {1, 3, 224, 224}, {150528, 50176, 224, 1}: 0.00040988ms, 1%
main:@4 = gpu::code_object[code_object=13624,symbol_name=pad_kernel,global=151875,local=1024,](input,main:@2) -> float_type, {1, 3, 225, 225}, {151875, 50625, 225, 1}: 0.0208828ms, 2%
main:@5 = hip::hip_copy_literal[id=main:@literal:7] -> float_type, {32, 3, 3, 3}, {27, 9, 3, 1}: 0.0008624ms, 1%
main:@6 = load[offset=0,end=1605632](main:@1) -> float_type, {1, 32, 112, 112}, {401408, 12544, 112, 1}: 0.00064724ms, 1%
main:@7 = load[offset=0,end=0](main:@1) -> int8_type, {0}, {1}: 0.00059034ms, 1%
main:@8 = gpu::convolution[op={padding={0, 0, 0, 0},stride={2, 2},dilation={1, 1},group=1,padding_mode=0},solution_object={binary_object: 492},algo=0,int8_x4_format=0,solution_id=0](main:@4,main:@5,main:@7,main:@6) -> float_type, {1, 32, 112, 112}, {401408, 12544, 112, 1}: 0.031704ms, 2%
main:@9 = hip::hip_copy_literal[id=main:@literal:34] -> float_type, {32, 1, 3, 3}, {9, 9, 3, 1}: 0.00085484ms, 1%
main:@10 = hip::hip_copy_literal[id=main:@literal:27] -> float_type, {32, 1, 1}, {1, 1, 1}: 0.00066856ms, 1%
main:@11 = load[offset=2213136,end=3818768](main:@1) -> float_type, {1, 32, 112, 112}, {401408, 12544, 112, 1}: 0.00074572ms, 1%
main:@12 = multibroadcast[out_lens={1, 32, 112, 112},out_dyn_dims={}](main:@10) -> float_type, {1, 32, 112, 112}, {0, 1, 0, 0}: 0.00106228ms, 1%
main:@13 = gpu::code_object[code_object=13632,symbol_name=add_clip_kernel,global=200704,local=1024,](main:@8,main:@12,main:@11) -> float_type, {1, 32, 112, 112}, {401408, 12544, 112, 1}: 0.0209629ms, 2%
main:@14 = load[offset=0,end=0](main:@1) -> int8_type, {0}, {1}: 0.00073032ms, 1%
main:@15 = load[offset=0,end=1605632](main:@1) -> float_type, {1, 32, 112, 112}, {401408, 12544, 112, 1}: 0.00059464ms, 1%
main:@16 = gpu::convolution[op={padding={1, 1, 1, 1},stride={1, 1},dilation={1, 1},group=32,padding_mode=0},solution_object={binary_object: 447},algo=0,int8_x4_format=0,solution_id=0](main:@13,main:@9,main:@14,main:@15) -> float_type, {1, 32, 112, 112}, {401408, 12544, 112, 1}: 0.0297337ms, 2%
main:@17 = hip::hip_copy_literal[id=main:@literal:12] -> float_type, {64, 32, 1, 1}, {32, 1, 1, 1}: 0.00078408ms, 1%
main:@18 = hip::hip_copy_literal[id=main:@literal:32] -> float_type, {32, 1, 1}, {1, 1, 1}: 0.00058086ms, 1%
main:@19 = load[offset=3211264,end=4816896](main:@1) -> float_type, {1, 32, 112, 112}, {401408, 12544, 112, 1}: 0.00073242ms, 1%
main:@20 = multibroadcast[out_lens={1, 32, 112, 112},out_dyn_dims={}](main:@18) -> float_type, {1, 32, 112, 112}, {0, 1, 0, 0}: 0.0009043ms, 1%
main:@21 = gpu::code_object[code_object=13632,symbol_name=add_clip_kernel,global=200704,local=1024,](main:@16,main:@20,main:@19) -> float_type, {1, 32, 112, 112}, {401408, 12544, 112, 1}: 0.0208048ms, 2%
main:@22 = load[offset=0,end=3211264](main:@1) -> float_type, {1, 64, 112, 112}, {802816, 12544, 112, 1}: 0.0007254ms, 1%
main:@23 = load[offset=0,end=0](main:@1) -> int8_type, {0}, {1}: 0.00059978ms, 1%
main:@24 = gpu::convolution[op={padding={0, 0, 0, 0},stride={1, 1},dilation={1, 1},group=1,padding_mode=0},solution_object={binary_object: 468},algo=0,int8_x4_format=0,solution_id=0](main:@21,main:@17,main:@23,main:@22) -> float_type, {1, 64, 112, 112}, {802816, 12544, 112, 1}: 0.0293605ms, 2%
main:@25 = hip::hip_copy_literal[id=main:@literal:35] -> float_type, {64, 1, 3, 3}, {9, 9, 3, 1}: 0.0007805ms, 1%
main:@26 = hip::hip_copy_literal[id=main:@literal:28] -> float_type, {64, 1, 1}, {1, 1, 1}: 0.00056898ms, 1%
main:@27 = load[offset=3268864,end=6480128](main:@1) -> float_type, {1, 64, 112, 112}, {802816, 12544, 112, 1}: 0.0007666ms, 1%
main:@28 = multibroadcast[out_lens={1, 64, 112, 112},out_dyn_dims={}](main:@26) -> float_type, {1, 64, 112, 112}, {0, 1, 0, 0}: 0.00089054ms, 1%
main:@29 = gpu::code_object[code_object=13632,symbol_name=add_clip_kernel,global=401408,local=1024,](main:@24,main:@28,main:@27) -> float_type, {1, 64, 112, 112}, {802816, 12544, 112, 1}: 0.024131ms, 2%
main:@30 = load[offset=0,end=3268864](main:@1) -> float_type, {1, 64, 113, 113}, {817216, 12769, 113, 1}: 0.00073594ms, 1%
main:@31 = gpu::code_object[code_object=13624,symbol_name=pad_kernel,global=307200,local=1024,](main:@29,main:@30) -> float_type, {1, 64, 113, 113}, {817216, 12769, 113, 1}: 0.0242079ms, 2%
main:@32 = load[offset=0,end=0](main:@1) -> int8_type, {0}, {1}: 0.00074536ms, 1%
main:@33 = load[offset=3268864,end=4071680](main:@1) -> float_type, {1, 64, 56, 56}, {200704, 3136, 56, 1}: 0.00060102ms, 1%
main:@34 = gpu::convolution[op={padding={0, 0, 0, 0},stride={2, 2},dilation={1, 1},group=64,padding_mode=0},solution_object={binary_object: 446},algo=0,int8_x4_format=0,solution_id=0](main:@31,main:@25,main:@32,main:@33) -> float_type, {1, 64, 56, 56}, {200704, 3136, 56, 1}: 0.0303707ms, 2%
main:@35 = hip::hip_copy_literal[id=main:@literal:36] -> float_type, {64, 1, 1}, {1, 1, 1}: 0.00081476ms, 1%
main:@36 = hip::hip_copy_literal[id=main:@literal:10] -> float_type, {128, 64, 1, 1}, {64, 1, 1, 1}: 0.00062916ms, 1%
main:@37 = load[offset=0,end=802816](main:@1) -> float_type, {1, 64, 56, 56}, {200704, 3136, 56, 1}: 0.00074166ms, 1%
main:@38 = multibroadcast[out_lens={1, 64, 56, 56},out_dyn_dims={}](main:@35) -> float_type, {1, 64, 56, 56}, {0, 1, 0, 0}: 0.00087764ms, 1%
main:@39 = gpu::code_object[code_object=13632,symbol_name=add_clip_kernel,global=100352,local=1024,](main:@34,main:@38,main:@37) -> float_type, {1, 64, 56, 56}, {200704, 3136, 56, 1}: 0.0186949ms, 2%
main:@40 = load[offset=3211264,end=4816896](main:@1) -> float_type, {1, 128, 56, 56}, {401408, 3136, 56, 1}: 0.0007404ms, 1%
main:@41 = load[offset=0,end=0](main:@1) -> int8_type, {0}, {1}: 0.00059602ms, 1%
main:@42 = gpu::convolution[op={padding={0, 0, 0, 0},stride={1, 1},dilation={1, 1},group=1,padding_mode=0},solution_object={binary_object: 470},algo=0,int8_x4_format=0,solution_id=0](main:@39,main:@36,main:@41,main:@40) -> float_type, {1, 128, 56, 56}, {401408, 3136, 56, 1}: 0.0284617ms, 2%
main:@43 = hip::hip_copy_literal[id=main:@literal:39] -> float_type, {128, 1, 1}, {1, 1, 1}: 0.00082796ms, 1%
main:@44 = hip::hip_copy_literal[id=main:@literal:38] -> float_type, {128, 1, 3, 3}, {9, 9, 3, 1}: 0.0006166ms, 1%
main:@45 = load[offset=1605632,end=3211264](main:@1) -> float_type, {1, 128, 56, 56}, {401408, 3136, 56, 1}: 0.00074108ms, 1%
main:@46 = multibroadcast[out_lens={1, 128, 56, 56},out_dyn_dims={}](main:@43) -> float_type, {1, 128, 56, 56}, {0, 1, 0, 0}: 0.00089278ms, 1%
main:@47 = gpu::code_object[code_object=13632,symbol_name=add_clip_kernel,global=200704,local=1024,](main:@42,main:@46,main:@45) -> float_type, {1, 128, 56, 56}, {401408, 3136, 56, 1}: 0.0202329ms, 2%
main:@48 = load[offset=4014080,end=5619712](main:@1) -> float_type, {1, 128, 56, 56}, {401408, 3136, 56, 1}: 0.00072184ms, 1%
main:@49 = load[offset=0,end=0](main:@1) -> int8_type, {0}, {1}: 0.00061414ms, 1%
main:@50 = gpu::convolution[op={padding={1, 1, 1, 1},stride={1, 1},dilation={1, 1},group=128,padding_mode=0},solution_object={binary_object: 451},algo=0,int8_x4_format=0,solution_id=0](main:@47,main:@44,main:@49,main:@48) -> float_type, {1, 128, 56, 56}, {401408, 3136, 56, 1}: 0.0302122ms, 2%
main:@51 = hip::hip_copy_literal[id=main:@literal:8] -> float_type, {128, 128, 1, 1}, {128, 1, 1, 1}: 0.000753ms, 1%
main:@52 = hip::hip_copy_literal[id=main:@literal:29] -> float_type, {128, 1, 1}, {1, 1, 1}: 0.00060624ms, 1%
main:@53 = load[offset=1605632,end=3211264](main:@1) -> float_type, {1, 128, 56, 56}, {401408, 3136, 56, 1}: 0.0007392ms, 1%
main:@54 = multibroadcast[out_lens={1, 128, 56, 56},out_dyn_dims={}](main:@52) -> float_type, {1, 128, 56, 56}, {0, 1, 0, 0}: 0.00088348ms, 1%
main:@55 = gpu::code_object[code_object=13632,symbol_name=add_clip_kernel,global=200704,local=1024,](main:@50,main:@54,main:@53) -> float_type, {1, 128, 56, 56}, {401408, 3136, 56, 1}: 0.0209105ms, 2%
main:@56 = load[offset=0,end=1605632](main:@1) -> float_type, {1, 128, 56, 56}, {401408, 3136, 56, 1}: 0.00073832ms, 1%
main:@57 = load[offset=0,end=0](main:@1) -> int8_type, {0}, {1}: 0.00063502ms, 1%
main:@58 = gpu::convolution[op={padding={0, 0, 0, 0},stride={1, 1},dilation={1, 1},group=1,padding_mode=0},solution_object={binary_object: 473},algo=0,int8_x4_format=0,solution_id=0](main:@55,main:@51,main:@57,main:@56) -> float_type, {1, 128, 56, 56}, {401408, 3136, 56, 1}: 0.0318609ms, 2%
main:@59 = hip::hip_copy_literal[id=main:@literal:40] -> float_type, {128, 1, 1}, {1, 1, 1}: 0.00079534ms, 1%
main:@60 = hip::hip_copy_literal[id=main:@literal:19] -> float_type, {128, 1, 3, 3}, {9, 9, 3, 1}: 0.0006085ms, 1%
main:@61 = load[offset=3269120,end=4874752](main:@1) -> float_type, {1, 128, 56, 56}, {401408, 3136, 56, 1}: 0.00074852ms, 1%
main:@62 = multibroadcast[out_lens={1, 128, 56, 56},out_dyn_dims={}](main:@59) -> float_type, {1, 128, 56, 56}, {0, 1, 0, 0}: 0.00089444ms, 1%
main:@63 = gpu::code_object[code_object=13632,symbol_name=add_clip_kernel,global=200704,local=1024,](main:@58,main:@62,main:@61) -> float_type, {1, 128, 56, 56}, {401408, 3136, 56, 1}: 0.0207972ms, 2%
main:@64 = load[offset=1605632,end=3269120](main:@1) -> float_type, {1, 128, 57, 57}, {415872, 3249, 57, 1}: 0.00071938ms, 1%
main:@65 = gpu::code_object[code_object=13624,symbol_name=pad_kernel,global=307200,local=1024,](main:@63,main:@64) -> float_type, {1, 128, 57, 57}, {415872, 3249, 57, 1}: 0.0204381ms, 2%
main:@66 = load[offset=802816,end=1204224](main:@1) -> float_type, {1, 128, 28, 28}, {100352, 784, 28, 1}: 0.0007245ms, 1%
main:@67 = load[offset=0,end=0](main:@1) -> int8_type, {0}, {1}: 0.00059748ms, 1%
main:@68 = gpu::convolution[op={padding={0, 0, 0, 0},stride={2, 2},dilation={1, 1},group=128,padding_mode=0},solution_object={binary_object: 457},algo=0,int8_x4_format=0,solution_id=0](main:@65,main:@60,main:@67,main:@66) -> float_type, {1, 128, 28, 28}, {100352, 784, 28, 1}: 0.0302665ms, 2%
main:@69 = hip::hip_copy_literal[id=main:@literal:6] -> float_type, {256, 128, 1, 1}, {128, 1, 1, 1}: 0.00076474ms, 1%
main:@70 = hip::hip_copy_literal[id=main:@literal:41] -> float_type, {128, 1, 1}, {1, 1, 1}: 0.00058552ms, 1%
main:@71 = load[offset=401408,end=802816](main:@1) -> float_type, {1, 128, 28, 28}, {100352, 784, 28, 1}: 0.00074536ms, 1%
main:@72 = multibroadcast[out_lens={1, 128, 28, 28},out_dyn_dims={}](main:@70) -> float_type, {1, 128, 28, 28}, {0, 1, 0, 0}: 0.00088068ms, 1%
main:@73 = gpu::code_object[code_object=13632,symbol_name=add_clip_kernel,global=50176,local=1024,](main:@68,main:@72,main:@71) -> float_type, {1, 128, 28, 28}, {100352, 784, 28, 1}: 0.0180111ms, 2%
main:@74 = load[offset=1605632,end=2408448](main:@1) -> float_type, {1, 256, 28, 28}, {200704, 784, 28, 1}: 0.00073994ms, 1%
main:@75 = load[offset=0,end=0](main:@1) -> int8_type, {0}, {1}: 0.00060644ms, 1%
main:@76 = gpu::convolution[op={padding={0, 0, 0, 0},stride={1, 1},dilation={1, 1},group=1,padding_mode=0},solution_object={binary_object: 475},algo=0,int8_x4_format=0,solution_id=0](main:@73,main:@69,main:@75,main:@74) -> float_type, {1, 256, 28, 28}, {200704, 784, 28, 1}: 0.028688ms, 2%
main:@77 = hip::hip_copy_literal[id=main:@literal:20] -> float_type, {256, 1, 3, 3}, {9, 9, 3, 1}: 0.00077532ms, 1%
main:@78 = hip::hip_copy_literal[id=main:@literal:25] -> float_type, {256, 1, 1}, {1, 1, 1}: 0.00060588ms, 1%
main:@79 = load[offset=802816,end=1605632](main:@1) -> float_type, {1, 256, 28, 28}, {200704, 784, 28, 1}: 0.00073212ms, 1%
main:@80 = multibroadcast[out_lens={1, 256, 28, 28},out_dyn_dims={}](main:@78) -> float_type, {1, 256, 28, 28}, {0, 1, 0, 0}: 0.00090124ms, 1%
main:@81 = gpu::code_object[code_object=13632,symbol_name=add_clip_kernel,global=100352,local=1024,](main:@76,main:@80,main:@79) -> float_type, {1, 256, 28, 28}, {200704, 784, 28, 1}: 0.0187208ms, 2%
main:@82 = load[offset=2007040,end=2809856](main:@1) -> float_type, {1, 256, 28, 28}, {200704, 784, 28, 1}: 0.00074852ms, 1%
main:@83 = load[offset=0,end=0](main:@1) -> int8_type, {0}, {1}: 0.00061238ms, 1%
main:@84 = gpu::convolution[op={padding={1, 1, 1, 1},stride={1, 1},dilation={1, 1},group=256,padding_mode=0},solution_object={binary_object: 455},algo=0,int8_x4_format=0,solution_id=0](main:@81,main:@77,main:@83,main:@82) -> float_type, {1, 256, 28, 28}, {200704, 784, 28, 1}: 0.0271906ms, 2%
main:@85 = hip::hip_copy_literal[id=main:@literal:9] -> float_type, {256, 256, 1, 1}, {256, 1, 1, 1}: 0.00078594ms, 1%
main:@86 = hip::hip_copy_literal[id=main:@literal:24] -> float_type, {256, 1, 1}, {1, 1, 1}: 0.00061192ms, 1%
main:@87 = load[offset=802816,end=1605632](main:@1) -> float_type, {1, 256, 28, 28}, {200704, 784, 28, 1}: 0.00074032ms, 1%
main:@88 = multibroadcast[out_lens={1, 256, 28, 28},out_dyn_dims={}](main:@86) -> float_type, {1, 256, 28, 28}, {0, 1, 0, 0}: 0.00089762ms, 1%
main:@89 = gpu::code_object[code_object=13632,symbol_name=add_clip_kernel,global=100352,local=1024,](main:@84,main:@88,main:@87) -> float_type, {1, 256, 28, 28}, {200704, 784, 28, 1}: 0.0188856ms, 2%
main:@90 = load[offset=0,end=802816](main:@1) -> float_type, {1, 256, 28, 28}, {200704, 784, 28, 1}: 0.00072684ms, 1%
main:@91 = load[offset=0,end=0](main:@1) -> int8_type, {0}, {1}: 0.0005919ms, 1%
main:@92 = gpu::convolution[op={padding={0, 0, 0, 0},stride={1, 1},dilation={1, 1},group=1,padding_mode=0},solution_object={binary_object: 499},algo=0,int8_x4_format=0,solution_id=0](main:@89,main:@85,main:@91,main:@90) -> float_type, {1, 256, 28, 28}, {200704, 784, 28, 1}: 0.0320933ms, 2%
main:@93 = hip::hip_copy_literal[id=main:@literal:18] -> float_type, {256, 1, 3, 3}, {9, 9, 3, 1}: 0.0007698ms, 1%
main:@94 = hip::hip_copy_literal[id=main:@literal:37] -> float_type, {256, 1, 1}, {1, 1, 1}: 0.00063004ms, 1%
main:@95 = load[offset=1664000,end=2466816](main:@1) -> float_type, {1, 256, 28, 28}, {200704, 784, 28, 1}: 0.00074826ms, 1%
main:@96 = multibroadcast[out_lens={1, 256, 28, 28},out_dyn_dims={}](main:@94) -> float_type, {1, 256, 28, 28}, {0, 1, 0, 0}: 0.00089562ms, 1%
main:@97 = gpu::code_object[code_object=13632,symbol_name=add_clip_kernel,global=100352,local=1024,](main:@92,main:@96,main:@95) -> float_type, {1, 256, 28, 28}, {200704, 784, 28, 1}: 0.0191056ms, 2%
main:@98 = load[offset=802816,end=1664000](main:@1) -> float_type, {1, 256, 29, 29}, {215296, 841, 29, 1}: 0.00073996ms, 1%
main:@99 = gpu::code_object[code_object=13624,symbol_name=pad_kernel,global=215296,local=1024,](main:@97,main:@98) -> float_type, {1, 256, 29, 29}, {215296, 841, 29, 1}: 0.0184945ms, 2%
main:@100 = load[offset=0,end=0](main:@1) -> int8_type, {0}, {1}: 0.00072594ms, 1%
main:@101 = load[offset=0,end=200704](main:@1) -> float_type, {1, 256, 14, 14}, {50176, 196, 14, 1}: 0.00060608ms, 1%
main:@102 = gpu::convolution[op={padding={0, 0, 0, 0},stride={2, 2},dilation={1, 1},group=256,padding_mode=0},solution_object={binary_object: 448},algo=0,int8_x4_format=0,solution_id=0](main:@99,main:@93,main:@100,main:@101) -> float_type, {1, 256, 14, 14}, {50176, 196, 14, 1}: 0.0271098ms, 2%
main:@103 = hip::hip_copy_literal[id=main:@literal:5] -> float_type, {512, 256, 1, 1}, {256, 1, 1, 1}: 0.00074612ms, 1%
main:@104 = hip::hip_copy_literal[id=main:@literal:23] -> float_type, {256, 1, 1}, {1, 1, 1}: 0.0006848ms, 1%
main:@105 = load[offset=401408,end=602112](main:@1) -> float_type, {1, 256, 14, 14}, {50176, 196, 14, 1}: 0.00072892ms, 1%
main:@106 = multibroadcast[out_lens={1, 256, 14, 14},out_dyn_dims={}](main:@104) -> float_type, {1, 256, 14, 14}, {0, 1, 0, 0}: 0.00089152ms, 1%
main:@107 = gpu::code_object[code_object=13632,symbol_name=add_clip_kernel,global=25088,local=1024,](main:@102,main:@106,main:@105) -> float_type, {1, 256, 14, 14}, {50176, 196, 14, 1}: 0.0182747ms, 2%
main:@108 = load[offset=0,end=401408](main:@1) -> float_type, {1, 512, 14, 14}, {100352, 196, 14, 1}: 0.00073966ms, 1%
main:@109 = load[offset=0,end=0](main:@1) -> int8_type, {0}, {1}: 0.00059576ms, 1%
main:@110 = gpu::convolution[op={padding={0, 0, 0, 0},stride={1, 1},dilation={1, 1},group=1,padding_mode=0},solution_object={binary_object: 495},algo=0,int8_x4_format=0,solution_id=0](main:@107,main:@103,main:@109,main:@108) -> float_type, {1, 512, 14, 14}, {100352, 196, 14, 1}: 0.030867ms, 2%
main:@111 = hip::hip_copy_literal[id=main:@literal:16] -> float_type, {512, 1, 1}, {1, 1, 1}: 0.00076358ms, 1%
main:@112 = hip::hip_copy_literal[id=main:@literal:33] -> float_type, {512, 1, 3, 3}, {9, 9, 3, 1}: 0.00061006ms, 1%
main:@113 = load[offset=602112,end=1003520](main:@1) -> float_type, {1, 512, 14, 14}, {100352, 196, 14, 1}: 0.00073386ms, 1%
main:@114 = multibroadcast[out_lens={1, 512, 14, 14},out_dyn_dims={}](main:@111) -> float_type, {1, 512, 14, 14}, {0, 1, 0, 0}: 0.00089306ms, 1%
main:@115 = gpu::code_object[code_object=13632,symbol_name=add_clip_kernel,global=50176,local=1024,](main:@110,main:@114,main:@113) -> float_type, {1, 512, 14, 14}, {100352, 196, 14, 1}: 0.0185682ms, 2%
main:@116 = load[offset=0,end=401408](main:@1) -> float_type, {1, 512, 14, 14}, {100352, 196, 14, 1}: 0.00071028ms, 1%
main:@117 = load[offset=0,end=0](main:@1) -> int8_type, {0}, {1}: 0.00060946ms, 1%
main:@118 = gpu::convolution[op={padding={1, 1, 1, 1},stride={1, 1},dilation={1, 1},group=512,padding_mode=0},solution_object={binary_object: 452},algo=0,int8_x4_format=0,solution_id=0](main:@115,main:@112,main:@117,main:@116) -> float_type, {1, 512, 14, 14}, {100352, 196, 14, 1}: 0.0255762ms, 2%
main:@119 = hip::hip_copy_literal[id=main:@literal:15] -> float_type, {512, 1, 1}, {1, 1, 1}: 0.00075346ms, 1%
main:@120 = hip::hip_copy_literal[id=main:@literal:4] -> float_type, {512, 512, 1, 1}, {512, 1, 1, 1}: 0.00053216ms, 1%
main:@121 = load[offset=802816,end=1204224](main:@1) -> float_type, {1, 512, 14, 14}, {100352, 196, 14, 1}: 0.00074816ms, 1%
main:@122 = multibroadcast[out_lens={1, 512, 14, 14},out_dyn_dims={}](main:@119) -> float_type, {1, 512, 14, 14}, {0, 1, 0, 0}: 0.0008811ms, 1%
main:@123 = gpu::code_object[code_object=13632,symbol_name=add_clip_kernel,global=50176,local=1024,](main:@118,main:@122,main:@121) -> float_type, {1, 512, 14, 14}, {100352, 196, 14, 1}: 0.0186126ms, 2%
main:@124 = load[offset=0,end=0](main:@1) -> int8_type, {0}, {1}: 0.00072932ms, 1%
main:@125 = load[offset=401408,end=802816](main:@1) -> float_type, {1, 512, 14, 14}, {100352, 196, 14, 1}: 0.00060348ms, 1%
main:@126 = gpu::convolution[op={padding={0, 0, 0, 0},stride={1, 1},dilation={1, 1},group=1,padding_mode=0},solution_object={binary_object: 497},algo=0,int8_x4_format=0,solution_id=0](main:@123,main:@120,main:@124,main:@125) -> float_type, {1, 512, 14, 14}, {100352, 196, 14, 1}: 0.0380508ms, 3%
main:@127 = hip::hip_copy_literal[id=main:@literal:43] -> float_type, {512, 1, 3, 3}, {9, 9, 3, 1}: 0.0007672ms, 1%
main:@128 = hip::hip_copy_literal[id=main:@literal:42] -> float_type, {512, 1, 1}, {1, 1, 1}: 0.00062562ms, 1%
main:@129 = load[offset=0,end=401408](main:@1) -> float_type, {1, 512, 14, 14}, {100352, 196, 14, 1}: 0.00075526ms, 1%
main:@130 = multibroadcast[out_lens={1, 512, 14, 14},out_dyn_dims={}](main:@128) -> float_type, {1, 512, 14, 14}, {0, 1, 0, 0}: 0.00088888ms, 1%
main:@131 = gpu::code_object[code_object=13632,symbol_name=add_clip_kernel,global=50176,local=1024,](main:@126,main:@130,main:@129) -> float_type, {1, 512, 14, 14}, {100352, 196, 14, 1}: 0.0185317ms, 2%
main:@132 = load[offset=802816,end=1204224](main:@1) -> float_type, {1, 512, 14, 14}, {100352, 196, 14, 1}: 0.00074418ms, 1%
main:@133 = load[offset=0,end=0](main:@1) -> int8_type, {0}, {1}: 0.00058892ms, 1%
main:@134 = gpu::convolution[op={padding={1, 1, 1, 1},stride={1, 1},dilation={1, 1},group=512,padding_mode=0},solution_object={binary_object: 452},algo=0,int8_x4_format=0,solution_id=0](main:@131,main:@127,main:@133,main:@132) -> float_type, {1, 512, 14, 14}, {100352, 196, 14, 1}: 0.024441ms, 2%
main:@135 = hip::hip_copy_literal[id=main:@literal:44] -> float_type, {512, 1, 1}, {1, 1, 1}: 0.00079068ms, 1%
main:@136 = hip::hip_copy_literal[id=main:@literal:3] -> float_type, {512, 512, 1, 1}, {512, 1, 1, 1}: 0.00055918ms, 1%
main:@137 = load[offset=401408,end=802816](main:@1) -> float_type, {1, 512, 14, 14}, {100352, 196, 14, 1}: 0.000763ms, 1%
main:@138 = multibroadcast[out_lens={1, 512, 14, 14},out_dyn_dims={}](main:@135) -> float_type, {1, 512, 14, 14}, {0, 1, 0, 0}: 0.00088816ms, 1%
main:@139 = gpu::code_object[code_object=13632,symbol_name=add_clip_kernel,global=50176,local=1024,](main:@134,main:@138,main:@137) -> float_type, {1, 512, 14, 14}, {100352, 196, 14, 1}: 0.0178549ms, 2%
main:@140 = load[offset=0,end=0](main:@1) -> int8_type, {0}, {1}: 0.00073326ms, 1%
main:@141 = load[offset=0,end=401408](main:@1) -> float_type, {1, 512, 14, 14}, {100352, 196, 14, 1}: 0.00060768ms, 1%
main:@142 = gpu::convolution[op={padding={0, 0, 0, 0},stride={1, 1},dilation={1, 1},group=1,padding_mode=0},solution_object={binary_object: 497},algo=0,int8_x4_format=0,solution_id=0](main:@139,main:@136,main:@140,main:@141) -> float_type, {1, 512, 14, 14}, {100352, 196, 14, 1}: 0.0376596ms, 3%
main:@143 = hip::hip_copy_literal[id=main:@literal:21] -> float_type, {512, 1, 1}, {1, 1, 1}: 0.00081022ms, 1%
main:@144 = hip::hip_copy_literal[id=main:@literal:30] -> float_type, {512, 1, 3, 3}, {9, 9, 3, 1}: 0.00058708ms, 1%
main:@145 = load[offset=802816,end=1204224](main:@1) -> float_type, {1, 512, 14, 14}, {100352, 196, 14, 1}: 0.00076426ms, 1%
main:@146 = multibroadcast[out_lens={1, 512, 14, 14},out_dyn_dims={}](main:@143) -> float_type, {1, 512, 14, 14}, {0, 1, 0, 0}: 0.00090106ms, 1%
main:@147 = gpu::code_object[code_object=13632,symbol_name=add_clip_kernel,global=50176,local=1024,](main:@142,main:@146,main:@145) -> float_type, {1, 512, 14, 14}, {100352, 196, 14, 1}: 0.0177905ms, 2%
main:@148 = load[offset=0,end=0](main:@1) -> int8_type, {0}, {1}: 0.00073832ms, 1%
main:@149 = load[offset=401408,end=802816](main:@1) -> float_type, {1, 512, 14, 14}, {100352, 196, 14, 1}: 0.0006008ms, 1%
main:@150 = gpu::convolution[op={padding={1, 1, 1, 1},stride={1, 1},dilation={1, 1},group=512,padding_mode=0},solution_object={binary_object: 452},algo=0,int8_x4_format=0,solution_id=0](main:@147,main:@144,main:@148,main:@149) -> float_type, {1, 512, 14, 14}, {100352, 196, 14, 1}: 0.0243333ms, 2%
main:@151 = hip::hip_copy_literal[id=main:@literal:2] -> float_type, {512, 512, 1, 1}, {512, 1, 1, 1}: 0.00076638ms, 1%
main:@152 = hip::hip_copy_literal[id=main:@literal:22] -> float_type, {512, 1, 1}, {1, 1, 1}: 0.0005752ms, 1%
main:@153 = load[offset=0,end=401408](main:@1) -> float_type, {1, 512, 14, 14}, {100352, 196, 14, 1}: 0.00074446ms, 1%
main:@154 = multibroadcast[out_lens={1, 512, 14, 14},out_dyn_dims={}](main:@152) -> float_type, {1, 512, 14, 14}, {0, 1, 0, 0}: 0.00087428ms, 1%
main:@155 = gpu::code_object[code_object=13632,symbol_name=add_clip_kernel,global=50176,local=1024,](main:@150,main:@154,main:@153) -> float_type, {1, 512, 14, 14}, {100352, 196, 14, 1}: 0.0177771ms, 2%
main:@156 = load[offset=0,end=0](main:@1) -> int8_type, {0}, {1}: 0.00074926ms, 1%
main:@157 = load[offset=802816,end=1204224](main:@1) -> float_type, {1, 512, 14, 14}, {100352, 196, 14, 1}: 0.000593ms, 1%
main:@158 = gpu::convolution[op={padding={0, 0, 0, 0},stride={1, 1},dilation={1, 1},group=1,padding_mode=0},solution_object={binary_object: 497},algo=0,int8_x4_format=0,solution_id=0](main:@155,main:@151,main:@156,main:@157) -> float_type, {1, 512, 14, 14}, {100352, 196, 14, 1}: 0.0376659ms, 3%
main:@159 = hip::hip_copy_literal[id=main:@literal:45] -> float_type, {512, 1, 3, 3}, {9, 9, 3, 1}: 0.00076222ms, 1%
main:@160 = hip::hip_copy_literal[id=main:@literal:47] -> float_type, {512, 1, 1}, {1, 1, 1}: 0.00058752ms, 1%
main:@161 = load[offset=401408,end=802816](main:@1) -> float_type, {1, 512, 14, 14}, {100352, 196, 14, 1}: 0.00076476ms, 1%
main:@162 = multibroadcast[out_lens={1, 512, 14, 14},out_dyn_dims={}](main:@160) -> float_type, {1, 512, 14, 14}, {0, 1, 0, 0}: 0.00088836ms, 1%
main:@163 = gpu::code_object[code_object=13632,symbol_name=add_clip_kernel,global=50176,local=1024,](main:@158,main:@162,main:@161) -> float_type, {1, 512, 14, 14}, {100352, 196, 14, 1}: 0.0179198ms, 2%
main:@164 = load[offset=0,end=401408](main:@1) -> float_type, {1, 512, 14, 14}, {100352, 196, 14, 1}: 0.00072344ms, 1%
main:@165 = load[offset=0,end=0](main:@1) -> int8_type, {0}, {1}: 0.00061088ms, 1%
main:@166 = gpu::convolution[op={padding={1, 1, 1, 1},stride={1, 1},dilation={1, 1},group=512,padding_mode=0},solution_object={binary_object: 452},algo=0,int8_x4_format=0,solution_id=0](main:@163,main:@159,main:@165,main:@164) -> float_type, {1, 512, 14, 14}, {100352, 196, 14, 1}: 0.0243915ms, 2%
main:@167 = hip::hip_copy_literal[id=main:@literal:1] -> float_type, {512, 512, 1, 1}, {512, 1, 1, 1}: 0.00073826ms, 1%
main:@168 = hip::hip_copy_literal[id=main:@literal:48] -> float_type, {512, 1, 1}, {1, 1, 1}: 0.00058698ms, 1%
main:@169 = load[offset=802816,end=1204224](main:@1) -> float_type, {1, 512, 14, 14}, {100352, 196, 14, 1}: 0.00075238ms, 1%
main:@170 = multibroadcast[out_lens={1, 512, 14, 14},out_dyn_dims={}](main:@168) -> float_type, {1, 512, 14, 14}, {0, 1, 0, 0}: 0.0008785ms, 1%
main:@171 = gpu::code_object[code_object=13632,symbol_name=add_clip_kernel,global=50176,local=1024,](main:@166,main:@170,main:@169) -> float_type, {1, 512, 14, 14}, {100352, 196, 14, 1}: 0.0185492ms, 2%
main:@172 = load[offset=0,end=0](main:@1) -> int8_type, {0}, {1}: 0.00073346ms, 1%
main:@173 = load[offset=401408,end=802816](main:@1) -> float_type, {1, 512, 14, 14}, {100352, 196, 14, 1}: 0.00060154ms, 1%
main:@174 = gpu::convolution[op={padding={0, 0, 0, 0},stride={1, 1},dilation={1, 1},group=1,padding_mode=0},solution_object={binary_object: 497},algo=0,int8_x4_format=0,solution_id=0](main:@171,main:@167,main:@172,main:@173) -> float_type, {1, 512, 14, 14}, {100352, 196, 14, 1}: 0.0376507ms, 3%
main:@175 = hip::hip_copy_literal[id=main:@literal:55] -> float_type, {1001}, {1}: 0.00080652ms, 1%
main:@176 = hip::hip_copy_literal[id=main:@literal:14] -> float_type, {1001, 1024, 1, 1}, {1024, 1, 1, 1}: 0.00060332ms, 1%
main:@177 = hip::hip_copy_literal[id=main:@literal:11] -> float_type, {1024, 512, 1, 1}, {512, 1, 1, 1}: 0.00085524ms, 1%
main:@178 = hip::hip_copy_literal[id=main:@literal:50] -> float_type, {512, 1, 3, 3}, {9, 9, 3, 1}: 0.00059724ms, 1%
main:@179 = hip::hip_copy_literal[id=main:@literal:53] -> float_type, {512, 1, 1}, {1, 1, 1}: 0.00076026ms, 1%
main:@180 = hip::hip_copy_literal[id=main:@literal:13] -> float_type, {1024, 1024, 1, 1}, {1024, 1, 1, 1}: 0.00060748ms, 1%
main:@181 = hip::hip_copy_literal[id=main:@literal:54] -> float_type, {1024, 1, 1}, {1, 1, 1}: 0.00067886ms, 1%
main:@182 = hip::hip_copy_literal[id=main:@literal:49] -> float_type, {512, 1, 1}, {1, 1, 1}: 0.00059208ms, 1%
main:@183 = hip::hip_copy_literal[id=main:@literal:46] -> float_type, {1024, 1, 1}, {1, 1, 1}: 0.00069292ms, 1%
main:@184 = hip::hip_copy_literal[id=main:@literal:52] -> float_type, {512, 1, 1}, {1, 1, 1}: 0.00058234ms, 1%
main:@185 = hip::hip_copy_literal[id=main:@literal:0] -> float_type, {512, 512, 1, 1}, {512, 1, 1, 1}: 0.00053052ms, 1%
main:@186 = hip::hip_copy_literal[id=main:@literal:26] -> float_type, {1024, 1, 1}, {1, 1, 1}: 0.00071318ms, 1%
main:@187 = hip::hip_copy_literal[id=main:@literal:51] -> float_type, {512, 1, 1}, {1, 1, 1}: 0.00057512ms, 1%
main:@188 = hip::hip_copy_literal[id=main:@literal:31] -> float_type, {1024, 1, 3, 3}, {9, 9, 3, 1}: 0.00061344ms, 1%
main:@189 = hip::hip_copy_literal[id=main:@literal:17] -> float_type, {512, 1, 3, 3}, {9, 9, 3, 1}: 0.00057346ms, 1%
main:@190 = load[offset=0,end=401408](main:@1) -> float_type, {1, 512, 14, 14}, {100352, 196, 14, 1}: 0.00075336ms, 1%
main:@191 = multibroadcast[out_lens={1, 512, 14, 14},out_dyn_dims={}](main:@182) -> float_type, {1, 512, 14, 14}, {0, 1, 0, 0}: 0.00092196ms, 1%
main:@192 = gpu::code_object[code_object=13632,symbol_name=add_clip_kernel,global=50176,local=1024,](main:@174,main:@191,main:@190) -> float_type, {1, 512, 14, 14}, {100352, 196, 14, 1}: 0.020697ms, 2%
main:@193 = load[offset=0,end=0](main:@1) -> int8_type, {0}, {1}: 0.00073722ms, 1%
main:@194 = load[offset=802816,end=1204224](main:@1) -> float_type, {1, 512, 14, 14}, {100352, 196, 14, 1}: 0.00061802ms, 1%
main:@195 = gpu::convolution[op={padding={1, 1, 1, 1},stride={1, 1},dilation={1, 1},group=512,padding_mode=0},solution_object={binary_object: 452},algo=0,int8_x4_format=0,solution_id=0](main:@192,main:@178,main:@193,main:@194) -> float_type, {1, 512, 14, 14}, {100352, 196, 14, 1}: 0.0254116ms, 2%
main:@196 = load[offset=401408,end=802816](main:@1) -> float_type, {1, 512, 14, 14}, {100352, 196, 14, 1}: 0.0008928ms, 1%
main:@197 = multibroadcast[out_lens={1, 512, 14, 14},out_dyn_dims={}](main:@187) -> float_type, {1, 512, 14, 14}, {0, 1, 0, 0}: 0.00094812ms, 1%
main:@198 = gpu::code_object[code_object=13632,symbol_name=add_clip_kernel,global=50176,local=1024,](main:@195,main:@197,main:@196) -> float_type, {1, 512, 14, 14}, {100352, 196, 14, 1}: 0.01893ms, 2%
main:@199 = load[offset=0,end=401408](main:@1) -> float_type, {1, 512, 14, 14}, {100352, 196, 14, 1}: 0.00072888ms, 1%
main:@200 = load[offset=0,end=0](main:@1) -> int8_type, {0}, {1}: 0.00060378ms, 1%
main:@201 = gpu::convolution[op={padding={0, 0, 0, 0},stride={1, 1},dilation={1, 1},group=1,padding_mode=0},solution_object={binary_object: 497},algo=0,int8_x4_format=0,solution_id=0](main:@198,main:@185,main:@200,main:@199) -> float_type, {1, 512, 14, 14}, {100352, 196, 14, 1}: 0.0383332ms, 3%
main:@202 = load[offset=862208,end=1263616](main:@1) -> float_type, {1, 512, 14, 14}, {100352, 196, 14, 1}: 0.00088806ms, 1%
main:@203 = multibroadcast[out_lens={1, 512, 14, 14},out_dyn_dims={}](main:@184) -> float_type, {1, 512, 14, 14}, {0, 1, 0, 0}: 0.00090266ms, 1%
main:@204 = gpu::code_object[code_object=13632,symbol_name=add_clip_kernel,global=50176,local=1024,](main:@201,main:@203,main:@202) -> float_type, {1, 512, 14, 14}, {100352, 196, 14, 1}: 0.0186795ms, 2%
main:@205 = load[offset=401408,end=862208](main:@1) -> float_type, {1, 512, 15, 15}, {115200, 225, 15, 1}: 0.00071044ms, 1%
main:@206 = gpu::code_object[code_object=13624,symbol_name=pad_kernel,global=115200,local=1024,](main:@204,main:@205) -> float_type, {1, 512, 15, 15}, {115200, 225, 15, 1}: 0.0176773ms, 2%
main:@207 = load[offset=0,end=100352](main:@1) -> float_type, {1, 512, 7, 7}, {25088, 49, 7, 1}: 0.00072436ms, 1%
main:@208 = load[offset=0,end=0](main:@1) -> int8_type, {0}, {1}: 0.00060082ms, 1%
main:@209 = gpu::convolution[op={padding={0, 0, 0, 0},stride={2, 2},dilation={1, 1},group=512,padding_mode=0},solution_object={binary_object: 492},algo=0,int8_x4_format=0,solution_id=0](main:@206,main:@189,main:@208,main:@207) -> float_type, {1, 512, 7, 7}, {25088, 49, 7, 1}: 0.0262281ms, 2%
main:@210 = load[offset=200704,end=301056](main:@1) -> float_type, {1, 512, 7, 7}, {25088, 49, 7, 1}: 0.00088646ms, 1%
main:@211 = multibroadcast[out_lens={1, 512, 7, 7},out_dyn_dims={}](main:@179) -> float_type, {1, 512, 7, 7}, {0, 1, 0, 0}: 0.00090112ms, 1%
main:@212 = gpu::code_object[code_object=13632,symbol_name=add_clip_kernel,global=25088,local=1024,](main:@209,main:@211,main:@210) -> float_type, {1, 512, 7, 7}, {25088, 49, 7, 1}: 0.0180191ms, 2%
main:@213 = load[offset=0,end=0](main:@1) -> int8_type, {0}, {1}: 0.00072448ms, 1%
main:@214 = load[offset=0,end=200704](main:@1) -> float_type, {1, 1024, 7, 7}, {50176, 49, 7, 1}: 0.00060258ms, 1%
main:@215 = gpu::convolution[op={padding={0, 0, 0, 0},stride={1, 1},dilation={1, 1},group=1,padding_mode=0},solution_object={binary_object: 491},algo=0,int8_x4_format=0,solution_id=0](main:@212,main:@177,main:@213,main:@214) -> float_type, {1, 1024, 7, 7}, {50176, 49, 7, 1}: 0.0386038ms, 3%
main:@216 = load[offset=301056,end=501760](main:@1) -> float_type, {1, 1024, 7, 7}, {50176, 49, 7, 1}: 0.00088866ms, 1%
main:@217 = multibroadcast[out_lens={1, 1024, 7, 7},out_dyn_dims={}](main:@181) -> float_type, {1, 1024, 7, 7}, {0, 1, 0, 0}: 0.00089294ms, 1%
main:@218 = gpu::code_object[code_object=13632,symbol_name=add_clip_kernel,global=50176,local=1024,](main:@215,main:@217,main:@216) -> float_type, {1, 1024, 7, 7}, {50176, 49, 7, 1}: 0.0181581ms, 2%
main:@219 = load[offset=0,end=200704](main:@1) -> float_type, {1, 1024, 7, 7}, {50176, 49, 7, 1}: 0.00073236ms, 1%
main:@220 = load[offset=0,end=0](main:@1) -> int8_type, {0}, {1}: 0.00058912ms, 1%
main:@221 = gpu::convolution[op={padding={1, 1, 1, 1},stride={1, 1},dilation={1, 1},group=1024,padding_mode=0},solution_object={binary_object: 443},algo=0,int8_x4_format=0,solution_id=0](main:@218,main:@188,main:@220,main:@219) -> float_type, {1, 1024, 7, 7}, {50176, 49, 7, 1}: 0.0243967ms, 2%
main:@222 = load[offset=405504,end=606208](main:@1) -> float_type, {1, 1024, 7, 7}, {50176, 49, 7, 1}: 0.0008717ms, 1%
main:@223 = multibroadcast[out_lens={1, 1024, 7, 7},out_dyn_dims={}](main:@183) -> float_type, {1, 1024, 7, 7}, {0, 1, 0, 0}: 0.00088682ms, 1%
main:@224 = gpu::code_object[code_object=13632,symbol_name=add_clip_kernel,global=50176,local=1024,](main:@221,main:@223,main:@222) -> float_type, {1, 1024, 7, 7}, {50176, 49, 7, 1}: 0.0182358ms, 2%
main:@225 = load[offset=0,end=0](main:@1) -> int8_type, {0}, {1}: 0.00071708ms, 1%
main:@226 = load[offset=204800,end=405504](main:@1) -> float_type, {1, 1024, 7, 7}, {50176, 49, 7, 1}: 0.00061016ms, 1%
main:@227 = gpu::convolution[op={padding={0, 0, 0, 0},stride={1, 1},dilation={1, 1},group=1,padding_mode=0},solution_object={binary_object: 439},algo=0,int8_x4_format=0,solution_id=0](main:@224,main:@180,main:@225,main:@226) -> float_type, {1, 1024, 7, 7}, {50176, 49, 7, 1}: 0.0544762ms, 4%
main:@228 = load[offset=4096,end=204800](main:@1) -> float_type, {1, 1024, 7, 7}, {50176, 49, 7, 1}: 0.00085442ms, 1%
main:@229 = multibroadcast[out_lens={1, 1024, 7, 7},out_dyn_dims={}](main:@186) -> float_type, {1, 1024, 7, 7}, {0, 1, 0, 0}: 0.00088932ms, 1%
main:@230 = gpu::code_object[code_object=13632,symbol_name=add_clip_kernel,global=50176,local=1024,](main:@227,main:@229,main:@228) -> float_type, {1, 1024, 7, 7}, {50176, 49, 7, 1}: 0.0183339ms, 2%
main:@231 = load[offset=204800,end=208896](main:@1) -> float_type, {1, 1024, 1, 1}, {1024, 1, 1, 1}: 0.00070652ms, 1%
main:@232 = gpu::pooling[mode=average,padding={0, 0, 0, 0},stride={2, 2},lengths={7, 7},ceil_mode=0,lp_order=2,dyn_global=0](main:@230,main:@231) -> float_type, {1, 1024, 1, 1}, {1024, 1, 1, 1}: 0.039074ms, 3%
main:@233 = load[offset=4016,end=8020](main:@1) -> float_type, {1, 1001, 1, 1}, {1001, 1, 1, 1}: 0.00077524ms, 1%
main:@234 = load[offset=0,end=0](main:@1) -> int8_type, {0}, {1}: 0.00060188ms, 1%
main:@235 = gpu::convolution[op={padding={0, 0, 0, 0},stride={1, 1},dilation={1, 1},group=1,padding_mode=0},solution_object={binary_object: 548},algo=0,int8_x4_format=0,solution_id=0](main:@232,main:@176,main:@234,main:@233) -> float_type, {1, 1001, 1, 1}, {1001, 1, 1, 1}: 0.0412439ms, 3%
main:@236 = load[offset=8032,end=12036](main:@1) -> float_type, {1, 1001, 1, 1}, {1001, 1, 1, 1}: 0.00088276ms, 1%
main:@237 = broadcast[axis=1,out_lens={1, 1001, 1, 1}](main:@175) -> float_type, {1, 1001, 1, 1}, {0, 1, 0, 0}: 0.001329ms, 1%
main:@238 = gpu::code_object[code_object=13624,symbol_name=add_kernel,global=1001,local=1024,](main:@235,main:@237,main:@236) -> float_type, {1, 1001, 1, 1}, {1001, 1, 1, 1}: 0.0175832ms, 2%
main:#output_0 = @param:main:#output_0 -> float_type, {1, 1001}, {1001, 1}: 0.0007695ms, 1%
main:@240 = transpose[permutation={0, 2, 3, 1}](main:@238) -> float_type, {1, 1, 1, 1001}, {1001, 1, 1, 1}: 0.00110386ms, 1%
main:@241 = squeeze[axes={1, 2}](main:@240) -> float_type, {1, 1001}, {1001, 1}: 0.00114482ms, 1%
main:@242 = gpu::code_object[code_object=13632,symbol_name=softmax_kernel,global=256,local=256,](main:@241,main:#output_0) -> float_type, {1, 1001}, {1001, 1}: 0.0203894ms, 2%
main:@243 = @return(main:@242)
Summary:
gpu::convolution: 0.886382ms / 28 = 0.0316565ms, 52%
gpu::code_object::add_clip_kernel: 0.51619ms / 27 = 0.0191181ms, 31%
gpu::code_object::pad_kernel: 0.101701ms / 5 = 0.0203401ms, 6%
load: 0.0636186ms / 90 = 0.000706873ms, 4%
gpu::pooling: 0.039074ms / 1 = 0.039074ms, 3%
hip::hip_copy_literal: 0.0383096ms / 56 = 0.000684101ms, 3%
multibroadcast: 0.0243085ms / 27 = 0.000900314ms, 2%
gpu::code_object::softmax_kernel: 0.0203894ms / 1 = 0.0203894ms, 2%
gpu::code_object::add_kernel: 0.0175832ms / 1 = 0.0175832ms, 2%
broadcast: 0.001329ms / 1 = 0.001329ms, 1%
@param: 0.00117938ms / 2 = 0.00058969ms, 1%
squeeze: 0.00114482ms / 1 = 0.00114482ms, 1%
transpose: 0.00110386ms / 1 = 0.00110386ms, 1%
check_context::migraphx::version_1::gpu::context: 0.00093594ms / 1 = 0.00093594ms, 1%
hip::hip_allocate_memory: 0.00090854ms / 1 = 0.00090854ms, 1%

Batch size: 1
Rate: 1503.99/sec
Total time: 0.664899ms
Total instructions time: 1.71416ms
Overhead time: 0.0539819ms, -1.04926ms
Overhead: 8%, -158%
