Running [ MIGraphX Version: 2.9.0.5692e1be4 ]: /src/AMDMIGraphX/build/bin/driver perf --input-dim @input_features 1 80 3000 --gpu /new-saved-models/whisper-tiny/encoder_model.onnx
Compiling ... 
Reading: /new-saved-models/whisper-tiny/encoder_model.onnx
module: "main"
@0 = check_context::migraphx::gpu::context -> float_type, {}, {}, target_id=0
@1 = hip::hip_allocate_memory[shape=int8_type, {119520000}, {1},id=main:scratch] -> int8_type, {119520000}, {1}, target_id=0
@2 = hip::hip_copy_literal[id=main:@literal:46] -> float_type, {384, 80, 3}, {240, 3, 1}, target_id=0
@3 = load[offset=0,end=0](@1) -> int8_type, {0}, {1}, target_id=0
@4 = load[offset=0,end=4608000](@1) -> float_type, {1, 384, 3000}, {1152000, 3000, 1}, target_id=0
input_features = @param:input_features -> float_type, {1, 80, 3000}, {240000, 3000, 1}, target_id=0
@6 = gpu::convolution[op={padding={1, 1},stride={1},dilation={1},group=1,padding_mode=0},solution_object={binary_object: 502},algo=0,solution_id=0](input_features,@2,@3,@4) -> float_type, {1, 384, 3000}, {1152000, 3000, 1}, target_id=0
@7 = hip::hip_copy_literal[id=main:@literal:45] -> float_type, {384}, {1}, target_id=0
@8 = broadcast[axis=1,out_lens={1, 384, 3000}](@7) -> float_type, {1, 384, 3000}, {0, 1, 0}, target_id=0
@9 = load[offset=8681472,end=13289472](@1) -> float_type, {1, 384, 3000}, {1152000, 3000, 1}, target_id=0
@10 = gpu::code_object[code_object=4520,symbol_name=add_mul_erf_add_mul_mul_kernel,global=576000,local=1024,](@6,@8,@9) -> float_type, {1, 384, 3000}, {1152000, 3000, 1}, target_id=0
@11 = hip::hip_copy_literal[id=main:@literal:44] -> float_type, {384, 384, 3}, {1152, 3, 1}, target_id=0
@12 = load[offset=15593472,end=24274944](@1) -> int8_type, {8681472}, {1}, target_id=0
@13 = load[offset=13289472,end=15593472](@1) -> float_type, {1, 384, 1500}, {576000, 1500, 1}, target_id=0
@14 = gpu::convolution[op={padding={1, 1},stride={2},dilation={1},group=1,padding_mode=0},solution_object={binary_object: 569},algo=0,solution_id=0](@10,@11,@12,@13) -> float_type, {1, 384, 1500}, {576000, 1500, 1}, target_id=0
@15 = hip::hip_copy_literal[id=main:@literal:43] -> float_type, {384}, {1}, target_id=0
@16 = load[offset=117216000,end=119520000](@1) -> float_type, {1, 384, 1500}, {576000, 1500, 1}, target_id=0
@17 = broadcast[axis=1,out_lens={1, 384, 1500}](@15) -> float_type, {1, 384, 1500}, {0, 1, 0}, target_id=0
@18 = gpu::code_object[code_object=4520,symbol_name=add_mul_erf_add_mul_mul_kernel,global=288000,local=1024,](@14,@17,@16) -> float_type, {1, 384, 1500}, {576000, 1500, 1}, target_id=0
@19 = hip::hip_copy_literal[id=main:@literal:3] -> float_type, {1, 1500, 1152}, {1728000, 1152, 1}, target_id=0
@20 = hip::hip_copy_literal[id=main:@literal:10] -> float_type, {1, 384, 1152}, {442368, 1152, 1}, target_id=0
@21 = hip::hip_copy_literal[id=main:@literal:42] -> float_type, {1500, 384}, {384, 1}, target_id=0
@22 = multibroadcast[out_lens={1, 1500, 384},out_dyn_dims={}](@21) -> float_type, {1, 1500, 384}, {0, 384, 1}, target_id=0
@23 = transpose[permutation={0, 2, 1}](@18) -> float_type, {1, 1500, 384}, {576000, 1, 1500}, target_id=0
@24 = load[offset=6912000,end=9216000](@1) -> float_type, {1, 1500, 384}, {576000, 1, 1500}, target_id=0
@25 = gpu::code_object[code_object=4624,symbol_name=add_layernorm_kernel,global=384000,local=256,](@23,@22,@24) -> float_type, {1, 1500, 384}, {576000, 1, 1500}, target_id=0
@26 = load[offset=0,end=6912000](@1) -> float_type, {1, 1500, 1152}, {1728000, 1152, 1}, target_id=0
@27 = gpu::gemm[alpha=1,beta=1,compute_fp32=1,trans_batch=0,solution_idx=0](@25,@20,@19,@26) -> float_type, {1, 1500, 1152}, {1728000, 1152, 1}, target_id=0
@28 = hip::hip_copy_literal[id=main:@literal:22] -> float_type, {384}, {1}, target_id=0
@29 = load[offset=6912000,end=9216000](@1) -> float_type, {1, 1500, 384}, {576000, 384, 1}, target_id=0
@30 = multibroadcast[out_lens={1, 1500, 384},out_dyn_dims={}](@28) -> float_type, {1, 1500, 384}, {0, 0, 1}, target_id=0
@31 = slice[axes={2},starts={0},ends={384}](@27) -> float_type, {1, 1500, 384}, {1728000, 1152, 1}, target_id=0
@32 = gpu::code_object[code_object=3912,symbol_name=mul_add_kernel,global=288000,local=1024,](@31,@30,@29) -> float_type, {1, 1500, 384}, {576000, 384, 1}, target_id=0
@33 = reshape_lazy[dims={1, 1500, 6, 64}](@32) -> float_type, {1, 1500, 6, 64}, {576000, 384, 64, 1}, target_id=0
@34 = transpose[permutation={0, 2, 1, 3}](@33) -> float_type, {1, 6, 1500, 64}, {576000, 64, 384, 1}, target_id=0
@35 = reshape_lazy[dims={6, -1, 64}](@34) -> float_type, {6, 1500, 64}, {64, 384, 1}, target_id=0
@36 = slice[axes={2},starts={384},ends={768}](@27) -> float_type, {1, 1500, 384}, {1728000, 1152, 1}, target_id=0
@37 = reshape_lazy[dims={1, -1, 6, 64}](@36) -> float_type, {1, 1500, 6, 64}, {1728000, 1152, 64, 1}, target_id=0
@38 = transpose[permutation={0, 2, 1, 3}](@37) -> float_type, {1, 6, 1500, 64}, {1728000, 64, 1152, 1}, target_id=0
@39 = reshape_lazy[dims={6, -1, 64}](@38) -> float_type, {6, 1500, 64}, {64, 1152, 1}, target_id=0
@40 = load[offset=63216000,end=117216000](@1) -> float_type, {6, 1500, 1500}, {2250000, 1500, 1}, target_id=0
@41 = transpose[permutation={0, 2, 1}](@39) -> float_type, {6, 64, 1500}, {64, 1, 1152}, target_id=0
@42 = gpu::gemm[alpha=1,beta=0,compute_fp32=1,trans_batch=0,solution_idx=0](@35,@41,@40) -> float_type, {6, 1500, 1500}, {2250000, 1500, 1}, target_id=0
@43 = load[offset=9216000,end=63216000](@1) -> float_type, {6, 1500, 1500}, {2250000, 1500, 1}, target_id=0
@44 = gpu::code_object[code_object=5600,symbol_name=softmax_kernel,global=2304000,local=256,](@42,@43) -> float_type, {6, 1500, 1500}, {2250000, 1500, 1}, target_id=0
@45 = hip::hip_copy_literal[id=main:@literal:41] -> float_type, {384}, {1}, target_id=0
@46 = load[offset=63216000,end=65520000](@1) -> float_type, {1, 1500, 384}, {576000, 384, 1}, target_id=0
@47 = multibroadcast[out_lens={1, 1500, 384},out_dyn_dims={}](@45) -> float_type, {1, 1500, 384}, {0, 0, 1}, target_id=0
@48 = slice[axes={2},starts={768},ends={1152}](@27) -> float_type, {1, 1500, 384}, {1728000, 1152, 1}, target_id=0
@49 = gpu::code_object[code_object=3640,symbol_name=add_kernel,global=288000,local=1024,](@47,@48,@46) -> float_type, {1, 1500, 384}, {576000, 384, 1}, target_id=0
@50 = reshape_lazy[dims={1, -1, 6, 64}](@49) -> float_type, {1, 1500, 6, 64}, {576000, 384, 64, 1}, target_id=0
@51 = transpose[permutation={0, 2, 1, 3}](@50) -> float_type, {1, 6, 1500, 64}, {576000, 64, 384, 1}, target_id=0
@52 = reshape_lazy[dims={6, -1, 64}](@51) -> float_type, {6, 1500, 64}, {64, 384, 1}, target_id=0
@53 = load[offset=2304000,end=4608000](@1) -> float_type, {6, 1500, 64}, {96000, 64, 1}, target_id=0
@54 = gpu::gemm[alpha=1,beta=0,compute_fp32=1,trans_batch=0,solution_idx=0](@44,@52,@53) -> float_type, {6, 1500, 64}, {96000, 64, 1}, target_id=0
@55 = reshape_lazy[dims={1, 6, 1500, 64}](@54) -> float_type, {1, 6, 1500, 64}, {576000, 96000, 64, 1}, target_id=0
@56 = load[offset=6912000,end=9216000](@1) -> float_type, {1, 1500, 6, 64}, {576000, 384, 64, 1}, target_id=0
@57 = transpose[permutation={0, 2, 1, 3}](@55) -> float_type, {1, 1500, 6, 64}, {576000, 64, 96000, 1}, target_id=0
@58 = gpu::code_object[code_object=3624,symbol_name=contiguous_kernel,global=288000,local=1024,](@57,@56) -> float_type, {1, 1500, 6, 64}, {576000, 384, 64, 1}, target_id=0
@59 = hip::hip_copy_literal[id=main:@literal:35] -> float_type, {384, 384}, {384, 1}, target_id=0
@60 = reshape_lazy[dims={1, 1500, 384}](@58) -> float_type, {1, 1500, 384}, {576000, 384, 1}, target_id=0
@61 = multibroadcast[out_lens={1, 384, 384},out_dyn_dims={}](@59) -> float_type, {1, 384, 384}, {0, 384, 1}, target_id=0
@62 = load[offset=4608000,end=6912000](@1) -> float_type, {1, 1500, 384}, {576000, 384, 1}, target_id=0
@63 = gpu::gemm[alpha=1,beta=0,compute_fp32=1,trans_batch=0,solution_idx=0](@60,@61,@62) -> float_type, {1, 1500, 384}, {576000, 384, 1}, target_id=0
@64 = load[offset=2304000,end=4608000](@1) -> float_type, {1, 1500, 384}, {576000, 384, 1}, target_id=0
@65 = gpu::code_object[code_object=3616,symbol_name=add_kernel,global=576000,local=1024,](@23,@63,@64) -> float_type, {1, 1500, 384}, {576000, 384, 1}, target_id=0
@66 = hip::hip_copy_literal[id=main:@literal:15] -> float_type, {1500, 384}, {384, 1}, target_id=0
@67 = hip::hip_copy_literal[id=main:@literal:8] -> float_type, {1, 384, 1536}, {589824, 1536, 1}, target_id=0
@68 = load[offset=4608000,end=6912000](@1) -> float_type, {1, 1500, 384}, {576000, 384, 1}, target_id=0
@69 = multibroadcast[out_lens={1, 1500, 384},out_dyn_dims={}](@66) -> float_type, {1, 1500, 384}, {0, 384, 1}, target_id=0
@70 = gpu::code_object[code_object=4336,symbol_name=add_layernorm_kernel,global=288000,local=192,](@65,@69,@68) -> float_type, {1, 1500, 384}, {576000, 384, 1}, target_id=0
@71 = load[offset=13824000,end=23040000](@1) -> float_type, {1, 1500, 1536}, {2304000, 1536, 1}, target_id=0
@72 = gpu::gemm[alpha=1,beta=0,compute_fp32=1,trans_batch=0,solution_idx=0](@70,@67,@71) -> float_type, {1, 1500, 1536}, {2304000, 1536, 1}, target_id=0
@73 = hip::hip_copy_literal[id=main:@literal:26] -> float_type, {1536, 384}, {384, 1}, target_id=0
@74 = hip::hip_copy_literal[id=main:@literal:25] -> float_type, {1500, 1536}, {1536, 1}, target_id=0
@75 = load[offset=4608000,end=13824000](@1) -> float_type, {1, 1500, 1536}, {2304000, 1536, 1}, target_id=0
@76 = multibroadcast[out_lens={1, 1500, 1536},out_dyn_dims={}](@74) -> float_type, {1, 1500, 1536}, {0, 1536, 1}, target_id=0
@77 = gpu::code_object[code_object=5104,symbol_name=add_mul_erf_add_mul_kernel,global=576000,local=1024,](@72,@76,@75) -> float_type, {1, 1500, 1536}, {2304000, 1536, 1}, target_id=0
@78 = load[offset=0,end=2304000](@1) -> float_type, {1, 1500, 384}, {576000, 384, 1}, target_id=0
@79 = multibroadcast[out_lens={1, 1536, 384},out_dyn_dims={}](@73) -> float_type, {1, 1536, 384}, {0, 384, 1}, target_id=0
@80 = gpu::gemm[alpha=1,beta=1,compute_fp32=1,trans_batch=0,solution_idx=0](@77,@79,@65,@78) -> float_type, {1, 1500, 384}, {576000, 384, 1}, target_id=0
@81 = hip::hip_copy_literal[id=main:@literal:2] -> float_type, {1, 1500, 1152}, {1728000, 1152, 1}, target_id=0
@82 = hip::hip_copy_literal[id=main:@literal:5] -> float_type, {1, 384, 1152}, {442368, 1152, 1}, target_id=0
@83 = hip::hip_copy_literal[id=main:@literal:27] -> float_type, {1500, 384}, {384, 1}, target_id=0
@84 = multibroadcast[out_lens={1, 1500, 384},out_dyn_dims={}](@83) -> float_type, {1, 1500, 384}, {0, 384, 1}, target_id=0
@85 = load[offset=2304000,end=4608000](@1) -> float_type, {1, 1500, 384}, {576000, 384, 1}, target_id=0
@86 = gpu::code_object[code_object=4336,symbol_name=add_layernorm_kernel,global=288000,local=192,](@80,@84,@85) -> float_type, {1, 1500, 384}, {576000, 384, 1}, target_id=0
@87 = load[offset=56304000,end=63216000](@1) -> float_type, {1, 1500, 1152}, {1728000, 1152, 1}, target_id=0
@88 = gpu::gemm[alpha=1,beta=1,compute_fp32=1,trans_batch=0,solution_idx=0](@86,@82,@81,@87) -> float_type, {1, 1500, 1152}, {1728000, 1152, 1}, target_id=0
@89 = hip::hip_copy_literal[id=main:@literal:13] -> float_type, {384}, {1}, target_id=0
@90 = multibroadcast[out_lens={1, 1500, 384},out_dyn_dims={}](@89) -> float_type, {1, 1500, 384}, {0, 0, 1}, target_id=0
@91 = slice[axes={2},starts={0},ends={384}](@88) -> float_type, {1, 1500, 384}, {1728000, 1152, 1}, target_id=0
@92 = load[offset=63216000,end=65520000](@1) -> float_type, {1, 1500, 384}, {576000, 384, 1}, target_id=0
@93 = gpu::code_object[code_object=3912,symbol_name=mul_add_kernel,global=288000,local=1024,](@91,@90,@92) -> float_type, {1, 1500, 384}, {576000, 384, 1}, target_id=0
@94 = slice[axes={2},starts={384},ends={768}](@88) -> float_type, {1, 1500, 384}, {1728000, 1152, 1}, target_id=0
@95 = reshape_lazy[dims={1, -1, 6, 64}](@94) -> float_type, {1, 1500, 6, 64}, {1728000, 1152, 64, 1}, target_id=0
@96 = transpose[permutation={0, 2, 1, 3}](@95) -> float_type, {1, 6, 1500, 64}, {1728000, 64, 1152, 1}, target_id=0
@97 = reshape_lazy[dims={6, -1, 64}](@96) -> float_type, {6, 1500, 64}, {64, 1152, 1}, target_id=0
@98 = transpose[permutation={0, 2, 1}](@97) -> float_type, {6, 64, 1500}, {64, 1, 1152}, target_id=0
@99 = reshape_lazy[dims={1, 1500, 6, 64}](@93) -> float_type, {1, 1500, 6, 64}, {576000, 384, 64, 1}, target_id=0
@100 = transpose[permutation={0, 2, 1, 3}](@99) -> float_type, {1, 6, 1500, 64}, {576000, 64, 384, 1}, target_id=0
@101 = load[offset=2304000,end=56304000](@1) -> float_type, {6, 1500, 1500}, {2250000, 1500, 1}, target_id=0
@102 = reshape_lazy[dims={6, -1, 64}](@100) -> float_type, {6, 1500, 64}, {64, 384, 1}, target_id=0
@103 = gpu::gemm[alpha=1,beta=0,compute_fp32=1,trans_batch=0,solution_idx=0](@102,@98,@101) -> float_type, {6, 1500, 1500}, {2250000, 1500, 1}, target_id=0
@104 = hip::hip_copy_literal[id=main:@literal:40] -> float_type, {384}, {1}, target_id=0
@105 = load[offset=63216000,end=65520000](@1) -> float_type, {1, 1500, 384}, {576000, 384, 1}, target_id=0
@106 = multibroadcast[out_lens={1, 1500, 384},out_dyn_dims={}](@104) -> float_type, {1, 1500, 384}, {0, 0, 1}, target_id=0
@107 = slice[axes={2},starts={768},ends={1152}](@88) -> float_type, {1, 1500, 384}, {1728000, 1152, 1}, target_id=0
@108 = gpu::code_object[code_object=3640,symbol_name=add_kernel,global=288000,local=1024,](@106,@107,@105) -> float_type, {1, 1500, 384}, {576000, 384, 1}, target_id=0
@109 = load[offset=65520000,end=119520000](@1) -> float_type, {6, 1500, 1500}, {2250000, 1500, 1}, target_id=0
@110 = gpu::code_object[code_object=5600,symbol_name=softmax_kernel,global=2304000,local=256,](@103,@109) -> float_type, {6, 1500, 1500}, {2250000, 1500, 1}, target_id=0
@111 = reshape_lazy[dims={1, -1, 6, 64}](@108) -> float_type, {1, 1500, 6, 64}, {576000, 384, 64, 1}, target_id=0
@112 = transpose[permutation={0, 2, 1, 3}](@111) -> float_type, {1, 6, 1500, 64}, {576000, 64, 384, 1}, target_id=0
@113 = reshape_lazy[dims={6, -1, 64}](@112) -> float_type, {6, 1500, 64}, {64, 384, 1}, target_id=0
@114 = load[offset=2304000,end=4608000](@1) -> float_type, {6, 1500, 64}, {96000, 64, 1}, target_id=0
@115 = gpu::gemm[alpha=1,beta=0,compute_fp32=1,trans_batch=0,solution_idx=0](@110,@113,@114) -> float_type, {6, 1500, 64}, {96000, 64, 1}, target_id=0
@116 = hip::hip_copy_literal[id=main:@literal:34] -> float_type, {384, 384}, {384, 1}, target_id=0
@117 = reshape_lazy[dims={1, 6, 1500, 64}](@115) -> float_type, {1, 6, 1500, 64}, {576000, 96000, 64, 1}, target_id=0
@118 = transpose[permutation={0, 2, 1, 3}](@117) -> float_type, {1, 1500, 6, 64}, {576000, 64, 96000, 1}, target_id=0
@119 = load[offset=4608000,end=6912000](@1) -> float_type, {1, 1500, 6, 64}, {576000, 384, 64, 1}, target_id=0
@120 = gpu::code_object[code_object=3624,symbol_name=contiguous_kernel,global=288000,local=1024,](@118,@119) -> float_type, {1, 1500, 6, 64}, {576000, 384, 64, 1}, target_id=0
@121 = load[offset=2304000,end=4608000](@1) -> float_type, {1, 1500, 384}, {576000, 384, 1}, target_id=0
@122 = reshape_lazy[dims={1, 1500, 384}](@120) -> float_type, {1, 1500, 384}, {576000, 384, 1}, target_id=0
@123 = multibroadcast[out_lens={1, 384, 384},out_dyn_dims={}](@116) -> float_type, {1, 384, 384}, {0, 384, 1}, target_id=0
@124 = gpu::gemm[alpha=1,beta=1,compute_fp32=1,trans_batch=0,solution_idx=0](@122,@123,@80,@121) -> float_type, {1, 1500, 384}, {576000, 384, 1}, target_id=0
@125 = hip::hip_copy_literal[id=main:@literal:20] -> float_type, {1500, 384}, {384, 1}, target_id=0
@126 = hip::hip_copy_literal[id=main:@literal:9] -> float_type, {1, 384, 1536}, {589824, 1536, 1}, target_id=0
@127 = load[offset=4608000,end=6912000](@1) -> float_type, {1, 1500, 384}, {576000, 384, 1}, target_id=0
@128 = multibroadcast[out_lens={1, 1500, 384},out_dyn_dims={}](@125) -> float_type, {1, 1500, 384}, {0, 384, 1}, target_id=0
@129 = gpu::code_object[code_object=4336,symbol_name=add_layernorm_kernel,global=288000,local=192,](@124,@128,@127) -> float_type, {1, 1500, 384}, {576000, 384, 1}, target_id=0
@130 = load[offset=13824000,end=23040000](@1) -> float_type, {1, 1500, 1536}, {2304000, 1536, 1}, target_id=0
@131 = gpu::gemm[alpha=1,beta=0,compute_fp32=1,trans_batch=0,solution_idx=0](@129,@126,@130) -> float_type, {1, 1500, 1536}, {2304000, 1536, 1}, target_id=0
@132 = hip::hip_copy_literal[id=main:@literal:21] -> float_type, {1500, 1536}, {1536, 1}, target_id=0
@133 = hip::hip_copy_literal[id=main:@literal:28] -> float_type, {1536, 384}, {384, 1}, target_id=0
@134 = multibroadcast[out_lens={1, 1500, 1536},out_dyn_dims={}](@132) -> float_type, {1, 1500, 1536}, {0, 1536, 1}, target_id=0
@135 = load[offset=4608000,end=13824000](@1) -> float_type, {1, 1500, 1536}, {2304000, 1536, 1}, target_id=0
@136 = gpu::code_object[code_object=5104,symbol_name=add_mul_erf_add_mul_kernel,global=576000,local=1024,](@131,@134,@135) -> float_type, {1, 1500, 1536}, {2304000, 1536, 1}, target_id=0
@137 = multibroadcast[out_lens={1, 1536, 384},out_dyn_dims={}](@133) -> float_type, {1, 1536, 384}, {0, 384, 1}, target_id=0
@138 = load[offset=0,end=2304000](@1) -> float_type, {1, 1500, 384}, {576000, 384, 1}, target_id=0
@139 = gpu::gemm[alpha=1,beta=1,compute_fp32=1,trans_batch=0,solution_idx=0](@136,@137,@124,@138) -> float_type, {1, 1500, 384}, {576000, 384, 1}, target_id=0
@140 = hip::hip_copy_literal[id=main:@literal:1] -> float_type, {1, 1500, 1152}, {1728000, 1152, 1}, target_id=0
@141 = hip::hip_copy_literal[id=main:@literal:18] -> float_type, {1500, 384}, {384, 1}, target_id=0
@142 = hip::hip_copy_literal[id=main:@literal:4] -> float_type, {1, 384, 1152}, {442368, 1152, 1}, target_id=0
@143 = load[offset=2304000,end=4608000](@1) -> float_type, {1, 1500, 384}, {576000, 384, 1}, target_id=0
@144 = multibroadcast[out_lens={1, 1500, 384},out_dyn_dims={}](@141) -> float_type, {1, 1500, 384}, {0, 384, 1}, target_id=0
@145 = gpu::code_object[code_object=4336,symbol_name=add_layernorm_kernel,global=288000,local=192,](@139,@144,@143) -> float_type, {1, 1500, 384}, {576000, 384, 1}, target_id=0
@146 = load[offset=56304000,end=63216000](@1) -> float_type, {1, 1500, 1152}, {1728000, 1152, 1}, target_id=0
@147 = gpu::gemm[alpha=1,beta=1,compute_fp32=1,trans_batch=0,solution_idx=0](@145,@142,@140,@146) -> float_type, {1, 1500, 1152}, {1728000, 1152, 1}, target_id=0
@148 = hip::hip_copy_literal[id=main:@literal:16] -> float_type, {384}, {1}, target_id=0
@149 = slice[axes={2},starts={0},ends={384}](@147) -> float_type, {1, 1500, 384}, {1728000, 1152, 1}, target_id=0
@150 = multibroadcast[out_lens={1, 1500, 384},out_dyn_dims={}](@148) -> float_type, {1, 1500, 384}, {0, 0, 1}, target_id=0
@151 = load[offset=63216000,end=65520000](@1) -> float_type, {1, 1500, 384}, {576000, 384, 1}, target_id=0
@152 = gpu::code_object[code_object=3912,symbol_name=mul_add_kernel,global=288000,local=1024,](@149,@150,@151) -> float_type, {1, 1500, 384}, {576000, 384, 1}, target_id=0
@153 = slice[axes={2},starts={384},ends={768}](@147) -> float_type, {1, 1500, 384}, {1728000, 1152, 1}, target_id=0
@154 = reshape_lazy[dims={1, -1, 6, 64}](@153) -> float_type, {1, 1500, 6, 64}, {1728000, 1152, 64, 1}, target_id=0
@155 = transpose[permutation={0, 2, 1, 3}](@154) -> float_type, {1, 6, 1500, 64}, {1728000, 64, 1152, 1}, target_id=0
@156 = reshape_lazy[dims={6, -1, 64}](@155) -> float_type, {6, 1500, 64}, {64, 1152, 1}, target_id=0
@157 = transpose[permutation={0, 2, 1}](@156) -> float_type, {6, 64, 1500}, {64, 1, 1152}, target_id=0
@158 = reshape_lazy[dims={1, 1500, 6, 64}](@152) -> float_type, {1, 1500, 6, 64}, {576000, 384, 64, 1}, target_id=0
@159 = transpose[permutation={0, 2, 1, 3}](@158) -> float_type, {1, 6, 1500, 64}, {576000, 64, 384, 1}, target_id=0
@160 = load[offset=2304000,end=56304000](@1) -> float_type, {6, 1500, 1500}, {2250000, 1500, 1}, target_id=0
@161 = reshape_lazy[dims={6, -1, 64}](@159) -> float_type, {6, 1500, 64}, {64, 384, 1}, target_id=0
@162 = gpu::gemm[alpha=1,beta=0,compute_fp32=1,trans_batch=0,solution_idx=0](@161,@157,@160) -> float_type, {6, 1500, 1500}, {2250000, 1500, 1}, target_id=0
@163 = hip::hip_copy_literal[id=main:@literal:39] -> float_type, {384}, {1}, target_id=0
@164 = multibroadcast[out_lens={1, 1500, 384},out_dyn_dims={}](@163) -> float_type, {1, 1500, 384}, {0, 0, 1}, target_id=0
@165 = slice[axes={2},starts={768},ends={1152}](@147) -> float_type, {1, 1500, 384}, {1728000, 1152, 1}, target_id=0
@166 = load[offset=63216000,end=65520000](@1) -> float_type, {1, 1500, 384}, {576000, 384, 1}, target_id=0
@167 = gpu::code_object[code_object=3640,symbol_name=add_kernel,global=288000,local=1024,](@164,@165,@166) -> float_type, {1, 1500, 384}, {576000, 384, 1}, target_id=0
@168 = load[offset=65520000,end=119520000](@1) -> float_type, {6, 1500, 1500}, {2250000, 1500, 1}, target_id=0
@169 = gpu::code_object[code_object=5600,symbol_name=softmax_kernel,global=2304000,local=256,](@162,@168) -> float_type, {6, 1500, 1500}, {2250000, 1500, 1}, target_id=0
@170 = reshape_lazy[dims={1, -1, 6, 64}](@167) -> float_type, {1, 1500, 6, 64}, {576000, 384, 64, 1}, target_id=0
@171 = transpose[permutation={0, 2, 1, 3}](@170) -> float_type, {1, 6, 1500, 64}, {576000, 64, 384, 1}, target_id=0
@172 = reshape_lazy[dims={6, -1, 64}](@171) -> float_type, {6, 1500, 64}, {64, 384, 1}, target_id=0
@173 = load[offset=2304000,end=4608000](@1) -> float_type, {6, 1500, 64}, {96000, 64, 1}, target_id=0
@174 = gpu::gemm[alpha=1,beta=0,compute_fp32=1,trans_batch=0,solution_idx=0](@169,@172,@173) -> float_type, {6, 1500, 64}, {96000, 64, 1}, target_id=0
@175 = hip::hip_copy_literal[id=main:@literal:33] -> float_type, {384, 384}, {384, 1}, target_id=0
@176 = reshape_lazy[dims={1, 6, 1500, 64}](@174) -> float_type, {1, 6, 1500, 64}, {576000, 96000, 64, 1}, target_id=0
@177 = transpose[permutation={0, 2, 1, 3}](@176) -> float_type, {1, 1500, 6, 64}, {576000, 64, 96000, 1}, target_id=0
@178 = load[offset=4608000,end=6912000](@1) -> float_type, {1, 1500, 6, 64}, {576000, 384, 64, 1}, target_id=0
@179 = gpu::code_object[code_object=3624,symbol_name=contiguous_kernel,global=288000,local=1024,](@177,@178) -> float_type, {1, 1500, 6, 64}, {576000, 384, 64, 1}, target_id=0
@180 = multibroadcast[out_lens={1, 384, 384},out_dyn_dims={}](@175) -> float_type, {1, 384, 384}, {0, 384, 1}, target_id=0
@181 = reshape_lazy[dims={1, 1500, 384}](@179) -> float_type, {1, 1500, 384}, {576000, 384, 1}, target_id=0
@182 = load[offset=2304000,end=4608000](@1) -> float_type, {1, 1500, 384}, {576000, 384, 1}, target_id=0
@183 = gpu::gemm[alpha=1,beta=1,compute_fp32=1,trans_batch=0,solution_idx=0](@181,@180,@139,@182) -> float_type, {1, 1500, 384}, {576000, 384, 1}, target_id=0
@184 = hip::hip_copy_literal[id=main:@literal:6] -> float_type, {1, 384, 1536}, {589824, 1536, 1}, target_id=0
@185 = hip::hip_copy_literal[id=main:@literal:14] -> float_type, {1500, 384}, {384, 1}, target_id=0
@186 = multibroadcast[out_lens={1, 1500, 384},out_dyn_dims={}](@185) -> float_type, {1, 1500, 384}, {0, 384, 1}, target_id=0
@187 = load[offset=4608000,end=6912000](@1) -> float_type, {1, 1500, 384}, {576000, 384, 1}, target_id=0
@188 = gpu::code_object[code_object=4336,symbol_name=add_layernorm_kernel,global=288000,local=192,](@183,@186,@187) -> float_type, {1, 1500, 384}, {576000, 384, 1}, target_id=0
@189 = load[offset=13824000,end=23040000](@1) -> float_type, {1, 1500, 1536}, {2304000, 1536, 1}, target_id=0
@190 = gpu::gemm[alpha=1,beta=0,compute_fp32=1,trans_batch=0,solution_idx=0](@188,@184,@189) -> float_type, {1, 1500, 1536}, {2304000, 1536, 1}, target_id=0
@191 = hip::hip_copy_literal[id=main:@literal:23] -> float_type, {1500, 1536}, {1536, 1}, target_id=0
@192 = hip::hip_copy_literal[id=main:@literal:12] -> float_type, {1536, 384}, {384, 1}, target_id=0
@193 = multibroadcast[out_lens={1, 1500, 1536},out_dyn_dims={}](@191) -> float_type, {1, 1500, 1536}, {0, 1536, 1}, target_id=0
@194 = load[offset=4608000,end=13824000](@1) -> float_type, {1, 1500, 1536}, {2304000, 1536, 1}, target_id=0
@195 = gpu::code_object[code_object=5104,symbol_name=add_mul_erf_add_mul_kernel,global=576000,local=1024,](@190,@193,@194) -> float_type, {1, 1500, 1536}, {2304000, 1536, 1}, target_id=0
@196 = multibroadcast[out_lens={1, 1536, 384},out_dyn_dims={}](@192) -> float_type, {1, 1536, 384}, {0, 384, 1}, target_id=0
@197 = load[offset=0,end=2304000](@1) -> float_type, {1, 1500, 384}, {576000, 384, 1}, target_id=0
@198 = gpu::gemm[alpha=1,beta=1,compute_fp32=1,trans_batch=0,solution_idx=0](@195,@196,@183,@197) -> float_type, {1, 1500, 384}, {576000, 384, 1}, target_id=0
@199 = hip::hip_copy_literal[id=main:@literal:0] -> float_type, {1, 1500, 1152}, {1728000, 1152, 1}, target_id=0
@200 = hip::hip_copy_literal[id=main:@literal:24] -> float_type, {1500, 384}, {384, 1}, target_id=0
@201 = hip::hip_copy_literal[id=main:@literal:11] -> float_type, {1, 384, 1152}, {442368, 1152, 1}, target_id=0
@202 = multibroadcast[out_lens={1, 1500, 384},out_dyn_dims={}](@200) -> float_type, {1, 1500, 384}, {0, 384, 1}, target_id=0
@203 = load[offset=2304000,end=4608000](@1) -> float_type, {1, 1500, 384}, {576000, 384, 1}, target_id=0
@204 = gpu::code_object[code_object=4336,symbol_name=add_layernorm_kernel,global=288000,local=192,](@198,@202,@203) -> float_type, {1, 1500, 384}, {576000, 384, 1}, target_id=0
@205 = load[offset=56304000,end=63216000](@1) -> float_type, {1, 1500, 1152}, {1728000, 1152, 1}, target_id=0
@206 = gpu::gemm[alpha=1,beta=1,compute_fp32=1,trans_batch=0,solution_idx=0](@204,@201,@199,@205) -> float_type, {1, 1500, 1152}, {1728000, 1152, 1}, target_id=0
@207 = hip::hip_copy_literal[id=main:@literal:19] -> float_type, {384}, {1}, target_id=0
@208 = slice[axes={2},starts={0},ends={384}](@206) -> float_type, {1, 1500, 384}, {1728000, 1152, 1}, target_id=0
@209 = multibroadcast[out_lens={1, 1500, 384},out_dyn_dims={}](@207) -> float_type, {1, 1500, 384}, {0, 0, 1}, target_id=0
@210 = load[offset=63216000,end=65520000](@1) -> float_type, {1, 1500, 384}, {576000, 384, 1}, target_id=0
@211 = gpu::code_object[code_object=3912,symbol_name=mul_add_kernel,global=288000,local=1024,](@208,@209,@210) -> float_type, {1, 1500, 384}, {576000, 384, 1}, target_id=0
@212 = slice[axes={2},starts={384},ends={768}](@206) -> float_type, {1, 1500, 384}, {1728000, 1152, 1}, target_id=0
@213 = reshape_lazy[dims={1, -1, 6, 64}](@212) -> float_type, {1, 1500, 6, 64}, {1728000, 1152, 64, 1}, target_id=0
@214 = transpose[permutation={0, 2, 1, 3}](@213) -> float_type, {1, 6, 1500, 64}, {1728000, 64, 1152, 1}, target_id=0
@215 = reshape_lazy[dims={6, -1, 64}](@214) -> float_type, {6, 1500, 64}, {64, 1152, 1}, target_id=0
@216 = transpose[permutation={0, 2, 1}](@215) -> float_type, {6, 64, 1500}, {64, 1, 1152}, target_id=0
@217 = reshape_lazy[dims={1, 1500, 6, 64}](@211) -> float_type, {1, 1500, 6, 64}, {576000, 384, 64, 1}, target_id=0
@218 = transpose[permutation={0, 2, 1, 3}](@217) -> float_type, {1, 6, 1500, 64}, {576000, 64, 384, 1}, target_id=0
@219 = reshape_lazy[dims={6, -1, 64}](@218) -> float_type, {6, 1500, 64}, {64, 384, 1}, target_id=0
@220 = load[offset=2304000,end=56304000](@1) -> float_type, {6, 1500, 1500}, {2250000, 1500, 1}, target_id=0
@221 = gpu::gemm[alpha=1,beta=0,compute_fp32=1,trans_batch=0,solution_idx=0](@219,@216,@220) -> float_type, {6, 1500, 1500}, {2250000, 1500, 1}, target_id=0
@222 = hip::hip_copy_literal[id=main:@literal:38] -> float_type, {384}, {1}, target_id=0
@223 = multibroadcast[out_lens={1, 1500, 384},out_dyn_dims={}](@222) -> float_type, {1, 1500, 384}, {0, 0, 1}, target_id=0
@224 = slice[axes={2},starts={768},ends={1152}](@206) -> float_type, {1, 1500, 384}, {1728000, 1152, 1}, target_id=0
@225 = load[offset=63216000,end=65520000](@1) -> float_type, {1, 1500, 384}, {576000, 384, 1}, target_id=0
@226 = gpu::code_object[code_object=3640,symbol_name=add_kernel,global=288000,local=1024,](@223,@224,@225) -> float_type, {1, 1500, 384}, {576000, 384, 1}, target_id=0
@227 = load[offset=65520000,end=119520000](@1) -> float_type, {6, 1500, 1500}, {2250000, 1500, 1}, target_id=0
@228 = gpu::code_object[code_object=5600,symbol_name=softmax_kernel,global=2304000,local=256,](@221,@227) -> float_type, {6, 1500, 1500}, {2250000, 1500, 1}, target_id=0
@229 = reshape_lazy[dims={1, -1, 6, 64}](@226) -> float_type, {1, 1500, 6, 64}, {576000, 384, 64, 1}, target_id=0
@230 = transpose[permutation={0, 2, 1, 3}](@229) -> float_type, {1, 6, 1500, 64}, {576000, 64, 384, 1}, target_id=0
@231 = reshape_lazy[dims={6, -1, 64}](@230) -> float_type, {6, 1500, 64}, {64, 384, 1}, target_id=0
@232 = load[offset=2304000,end=4608000](@1) -> float_type, {6, 1500, 64}, {96000, 64, 1}, target_id=0
@233 = gpu::gemm[alpha=1,beta=0,compute_fp32=1,trans_batch=0,solution_idx=0](@228,@231,@232) -> float_type, {6, 1500, 64}, {96000, 64, 1}, target_id=0
@234 = hip::hip_copy_literal[id=main:@literal:32] -> float_type, {384, 384}, {384, 1}, target_id=0
@235 = reshape_lazy[dims={1, 6, 1500, 64}](@233) -> float_type, {1, 6, 1500, 64}, {576000, 96000, 64, 1}, target_id=0
@236 = transpose[permutation={0, 2, 1, 3}](@235) -> float_type, {1, 1500, 6, 64}, {576000, 64, 96000, 1}, target_id=0
@237 = load[offset=4608000,end=6912000](@1) -> float_type, {1, 1500, 6, 64}, {576000, 384, 64, 1}, target_id=0
@238 = gpu::code_object[code_object=3624,symbol_name=contiguous_kernel,global=288000,local=1024,](@236,@237) -> float_type, {1, 1500, 6, 64}, {576000, 384, 64, 1}, target_id=0
@239 = multibroadcast[out_lens={1, 384, 384},out_dyn_dims={}](@234) -> float_type, {1, 384, 384}, {0, 384, 1}, target_id=0
@240 = load[offset=2304000,end=4608000](@1) -> float_type, {1, 1500, 384}, {576000, 384, 1}, target_id=0
@241 = reshape_lazy[dims={1, 1500, 384}](@238) -> float_type, {1, 1500, 384}, {576000, 384, 1}, target_id=0
@242 = gpu::gemm[alpha=1,beta=1,compute_fp32=1,trans_batch=0,solution_idx=0](@241,@239,@198,@240) -> float_type, {1, 1500, 384}, {576000, 384, 1}, target_id=0
@243 = hip::hip_copy_literal[id=main:@literal:31] -> float_type, {1500, 384}, {384, 1}, target_id=0
@244 = hip::hip_copy_literal[id=main:@literal:29] -> float_type, {1500, 384}, {384, 1}, target_id=0
@245 = hip::hip_copy_literal[id=main:@literal:7] -> float_type, {1, 384, 1536}, {589824, 1536, 1}, target_id=0
@246 = multibroadcast[out_lens={1, 1500, 384},out_dyn_dims={}](@244) -> float_type, {1, 1500, 384}, {0, 384, 1}, target_id=0
@247 = load[offset=4608000,end=6912000](@1) -> float_type, {1, 1500, 384}, {576000, 384, 1}, target_id=0
@248 = gpu::code_object[code_object=4336,symbol_name=add_layernorm_kernel,global=288000,local=192,](@242,@246,@247) -> float_type, {1, 1500, 384}, {576000, 384, 1}, target_id=0
@249 = load[offset=13824000,end=23040000](@1) -> float_type, {1, 1500, 1536}, {2304000, 1536, 1}, target_id=0
@250 = gpu::gemm[alpha=1,beta=0,compute_fp32=1,trans_batch=0,solution_idx=0](@248,@245,@249) -> float_type, {1, 1500, 1536}, {2304000, 1536, 1}, target_id=0
@251 = hip::hip_copy_literal[id=main:@literal:30] -> float_type, {1500, 1536}, {1536, 1}, target_id=0
@252 = hip::hip_copy_literal[id=main:@literal:17] -> float_type, {1536, 384}, {384, 1}, target_id=0
@253 = hip::hip_copy_literal[id=main:@literal:36] -> float_type, {384}, {1}, target_id=0
@254 = hip::hip_copy_literal[id=main:@literal:37] -> float_type, {384}, {1}, target_id=0
@255 = multibroadcast[out_lens={1, 1500, 1536},out_dyn_dims={}](@251) -> float_type, {1, 1500, 1536}, {0, 1536, 1}, target_id=0
@256 = load[offset=4608000,end=13824000](@1) -> float_type, {1, 1500, 1536}, {2304000, 1536, 1}, target_id=0
@257 = gpu::code_object[code_object=5104,symbol_name=add_mul_erf_add_mul_kernel,global=576000,local=1024,](@250,@255,@256) -> float_type, {1, 1500, 1536}, {2304000, 1536, 1}, target_id=0
@258 = multibroadcast[out_lens={1, 1536, 384},out_dyn_dims={}](@252) -> float_type, {1, 1536, 384}, {0, 384, 1}, target_id=0
@259 = load[offset=13824000,end=16128000](@1) -> float_type, {1, 1500, 384}, {576000, 384, 1}, target_id=0
@260 = gpu::gemm[alpha=1,beta=1,compute_fp32=1,trans_batch=0,solution_idx=0](@257,@258,@242,@259) -> float_type, {1, 1500, 384}, {576000, 384, 1}, target_id=0
@261 = multibroadcast[out_lens={1, 1500, 384},out_dyn_dims={}](@253) -> float_type, {1, 1500, 384}, {0, 0, 1}, target_id=0
@262 = multibroadcast[out_lens={1, 1500, 384},out_dyn_dims={}](@254) -> float_type, {1, 1500, 384}, {0, 0, 1}, target_id=0
main:#output_0 = @param:main:#output_0 -> float_type, {1, 1500, 384}, {576000, 384, 1}, target_id=0
@264 = multibroadcast[out_lens={1, 1500, 384},out_dyn_dims={}](@243) -> float_type, {1, 1500, 384}, {0, 384, 1}, target_id=0
@265 = gpu::code_object[code_object=4400,symbol_name=add_layernorm_mul_add_kernel,global=288000,local=192,](@260,@264,@262,@261,main:#output_0) -> float_type, {1, 1500, 384}, {576000, 384, 1}, target_id=0
@266 = @return(@265), target_id=0


Allocating params ... 
Running performance report ... 
@0 = check_context::migraphx::gpu::context -> float_type, {}, {}, target_id=0: 0.0012529ms, 1%
@1 = hip::hip_allocate_memory[shape=int8_type, {119520000}, {1},id=main:scratch] -> int8_type, {119520000}, {1}, target_id=0: 0.00088738ms, 1%
@2 = hip::hip_copy_literal[id=main:@literal:46] -> float_type, {384, 80, 3}, {240, 3, 1}, target_id=0: 0.00077078ms, 1%
@3 = load[offset=0,end=0](@1) -> int8_type, {0}, {1}, target_id=0: 0.00086316ms, 1%
@4 = load[offset=0,end=4608000](@1) -> float_type, {1, 384, 3000}, {1152000, 3000, 1}, target_id=0: 0.0006105ms, 1%
input_features = @param:input_features -> float_type, {1, 80, 3000}, {240000, 3000, 1}, target_id=0: 0.0005014ms, 1%
@6 = gpu::convolution[op={padding={1, 1},stride={1},dilation={1},group=1,padding_mode=0},solution_object={binary_object: 502},algo=0,solution_id=0](input_features,@2,@3,@4) -> float_type, {1, 384, 3000}, {1152000, 3000, 1}, target_id=0: 0.0753091ms, 2%
@7 = hip::hip_copy_literal[id=main:@literal:45] -> float_type, {384}, {1}, target_id=0: 0.00105516ms, 1%
@8 = broadcast[axis=1,out_lens={1, 384, 3000}](@7) -> float_type, {1, 384, 3000}, {0, 1, 0}, target_id=0: 0.0055297ms, 1%
@9 = load[offset=8681472,end=13289472](@1) -> float_type, {1, 384, 3000}, {1152000, 3000, 1}, target_id=0: 0.0007943ms, 1%
@10 = gpu::code_object[code_object=4520,symbol_name=add_mul_erf_add_mul_mul_kernel,global=576000,local=1024,](@6,@8,@9) -> float_type, {1, 384, 3000}, {1152000, 3000, 1}, target_id=0: 0.0329585ms, 1%
@11 = hip::hip_copy_literal[id=main:@literal:44] -> float_type, {384, 384, 3}, {1152, 3, 1}, target_id=0: 0.00081562ms, 1%
@12 = load[offset=15593472,end=24274944](@1) -> int8_type, {8681472}, {1}, target_id=0: 0.0010042ms, 1%
@13 = load[offset=13289472,end=15593472](@1) -> float_type, {1, 384, 1500}, {576000, 1500, 1}, target_id=0: 0.00262664ms, 1%
@14 = gpu::convolution[op={padding={1, 1},stride={2},dilation={1},group=1,padding_mode=0},solution_object={binary_object: 569},algo=0,solution_id=0](@10,@11,@12,@13) -> float_type, {1, 384, 1500}, {576000, 1500, 1}, target_id=0: 0.112702ms, 3%
@15 = hip::hip_copy_literal[id=main:@literal:43] -> float_type, {384}, {1}, target_id=0: 0.00128328ms, 1%
@16 = load[offset=117216000,end=119520000](@1) -> float_type, {1, 384, 1500}, {576000, 1500, 1}, target_id=0: 0.00440252ms, 1%
@17 = broadcast[axis=1,out_lens={1, 384, 1500}](@15) -> float_type, {1, 384, 1500}, {0, 1, 0}, target_id=0: 0.00116762ms, 1%
@18 = gpu::code_object[code_object=4520,symbol_name=add_mul_erf_add_mul_mul_kernel,global=288000,local=1024,](@14,@17,@16) -> float_type, {1, 384, 1500}, {576000, 1500, 1}, target_id=0: 0.026445ms, 1%
@19 = hip::hip_copy_literal[id=main:@literal:3] -> float_type, {1, 1500, 1152}, {1728000, 1152, 1}, target_id=0: 0.00079772ms, 1%
@20 = hip::hip_copy_literal[id=main:@literal:10] -> float_type, {1, 384, 1152}, {442368, 1152, 1}, target_id=0: 0.00087174ms, 1%
@21 = hip::hip_copy_literal[id=main:@literal:42] -> float_type, {1500, 384}, {384, 1}, target_id=0: 0.00394654ms, 1%
@22 = multibroadcast[out_lens={1, 1500, 384},out_dyn_dims={}](@21) -> float_type, {1, 1500, 384}, {0, 384, 1}, target_id=0: 0.00125894ms, 1%
@23 = transpose[permutation={0, 2, 1}](@18) -> float_type, {1, 1500, 384}, {576000, 1, 1500}, target_id=0: 0.00099638ms, 1%
@24 = load[offset=6912000,end=9216000](@1) -> float_type, {1, 1500, 384}, {576000, 1, 1500}, target_id=0: 0.00073884ms, 1%
@25 = gpu::code_object[code_object=4624,symbol_name=add_layernorm_kernel,global=384000,local=256,](@23,@22,@24) -> float_type, {1, 1500, 384}, {576000, 1, 1500}, target_id=0: 0.0553525ms, 2%
@26 = load[offset=0,end=6912000](@1) -> float_type, {1, 1500, 1152}, {1728000, 1152, 1}, target_id=0: 0.00084988ms, 1%
@27 = gpu::gemm[alpha=1,beta=1,compute_fp32=1,trans_batch=0,solution_idx=0](@25,@20,@19,@26) -> float_type, {1, 1500, 1152}, {1728000, 1152, 1}, target_id=0: 0.0860722ms, 3%
@28 = hip::hip_copy_literal[id=main:@literal:22] -> float_type, {384}, {1}, target_id=0: 0.00095406ms, 1%
@29 = load[offset=6912000,end=9216000](@1) -> float_type, {1, 1500, 384}, {576000, 384, 1}, target_id=0: 0.00111786ms, 1%
@30 = multibroadcast[out_lens={1, 1500, 384},out_dyn_dims={}](@28) -> float_type, {1, 1500, 384}, {0, 0, 1}, target_id=0: 0.00131722ms, 1%
@31 = slice[axes={2},starts={0},ends={384}](@27) -> float_type, {1, 1500, 384}, {1728000, 1152, 1}, target_id=0: 0.00181782ms, 1%
@32 = gpu::code_object[code_object=3912,symbol_name=mul_add_kernel,global=288000,local=1024,](@31,@30,@29) -> float_type, {1, 1500, 384}, {576000, 384, 1}, target_id=0: 0.0253264ms, 1%
@33 = reshape_lazy[dims={1, 1500, 6, 64}](@32) -> float_type, {1, 1500, 6, 64}, {576000, 384, 64, 1}, target_id=0: 0.00146464ms, 1%
@34 = transpose[permutation={0, 2, 1, 3}](@33) -> float_type, {1, 6, 1500, 64}, {576000, 64, 384, 1}, target_id=0: 0.0041548ms, 1%
@35 = reshape_lazy[dims={6, -1, 64}](@34) -> float_type, {6, 1500, 64}, {64, 384, 1}, target_id=0: 0.00077282ms, 1%
@36 = slice[axes={2},starts={384},ends={768}](@27) -> float_type, {1, 1500, 384}, {1728000, 1152, 1}, target_id=0: 0.00126218ms, 1%
@37 = reshape_lazy[dims={1, -1, 6, 64}](@36) -> float_type, {1, 1500, 6, 64}, {1728000, 1152, 64, 1}, target_id=0: 0.00089226ms, 1%
@38 = transpose[permutation={0, 2, 1, 3}](@37) -> float_type, {1, 6, 1500, 64}, {1728000, 64, 1152, 1}, target_id=0: 0.00108382ms, 1%
@39 = reshape_lazy[dims={6, -1, 64}](@38) -> float_type, {6, 1500, 64}, {64, 1152, 1}, target_id=0: 0.00081622ms, 1%
@40 = load[offset=63216000,end=117216000](@1) -> float_type, {6, 1500, 1500}, {2250000, 1500, 1}, target_id=0: 0.00073774ms, 1%
@41 = transpose[permutation={0, 2, 1}](@39) -> float_type, {6, 64, 1500}, {64, 1, 1152}, target_id=0: 0.00091426ms, 1%
@42 = gpu::gemm[alpha=1,beta=0,compute_fp32=1,trans_batch=0,solution_idx=0](@35,@41,@40) -> float_type, {6, 1500, 1500}, {2250000, 1500, 1}, target_id=0: 0.126104ms, 3%
@43 = load[offset=9216000,end=63216000](@1) -> float_type, {6, 1500, 1500}, {2250000, 1500, 1}, target_id=0: 0.00100524ms, 1%
@44 = gpu::code_object[code_object=5600,symbol_name=softmax_kernel,global=2304000,local=256,](@42,@43) -> float_type, {6, 1500, 1500}, {2250000, 1500, 1}, target_id=0: 0.142072ms, 4%
@45 = hip::hip_copy_literal[id=main:@literal:41] -> float_type, {384}, {1}, target_id=0: 0.00090892ms, 1%
@46 = load[offset=63216000,end=65520000](@1) -> float_type, {1, 1500, 384}, {576000, 384, 1}, target_id=0: 0.0010514ms, 1%
@47 = multibroadcast[out_lens={1, 1500, 384},out_dyn_dims={}](@45) -> float_type, {1, 1500, 384}, {0, 0, 1}, target_id=0: 0.00149042ms, 1%
@48 = slice[axes={2},starts={768},ends={1152}](@27) -> float_type, {1, 1500, 384}, {1728000, 1152, 1}, target_id=0: 0.00131158ms, 1%
@49 = gpu::code_object[code_object=3640,symbol_name=add_kernel,global=288000,local=1024,](@47,@48,@46) -> float_type, {1, 1500, 384}, {576000, 384, 1}, target_id=0: 0.0218083ms, 1%
@50 = reshape_lazy[dims={1, -1, 6, 64}](@49) -> float_type, {1, 1500, 6, 64}, {576000, 384, 64, 1}, target_id=0: 0.00109962ms, 1%
@51 = transpose[permutation={0, 2, 1, 3}](@50) -> float_type, {1, 6, 1500, 64}, {576000, 64, 384, 1}, target_id=0: 0.00117916ms, 1%
@52 = reshape_lazy[dims={6, -1, 64}](@51) -> float_type, {6, 1500, 64}, {64, 384, 1}, target_id=0: 0.00095582ms, 1%
@53 = load[offset=2304000,end=4608000](@1) -> float_type, {6, 1500, 64}, {96000, 64, 1}, target_id=0: 0.00072474ms, 1%
@54 = gpu::gemm[alpha=1,beta=0,compute_fp32=1,trans_batch=0,solution_idx=0](@44,@52,@53) -> float_type, {6, 1500, 64}, {96000, 64, 1}, target_id=0: 0.119911ms, 3%
@55 = reshape_lazy[dims={1, 6, 1500, 64}](@54) -> float_type, {1, 6, 1500, 64}, {576000, 96000, 64, 1}, target_id=0: 0.000975ms, 1%
@56 = load[offset=6912000,end=9216000](@1) -> float_type, {1, 1500, 6, 64}, {576000, 384, 64, 1}, target_id=0: 0.00104962ms, 1%
@57 = transpose[permutation={0, 2, 1, 3}](@55) -> float_type, {1, 1500, 6, 64}, {576000, 64, 96000, 1}, target_id=0: 0.0010521ms, 1%
@58 = gpu::code_object[code_object=3624,symbol_name=contiguous_kernel,global=288000,local=1024,](@57,@56) -> float_type, {1, 1500, 6, 64}, {576000, 384, 64, 1}, target_id=0: 0.0210172ms, 1%
@59 = hip::hip_copy_literal[id=main:@literal:35] -> float_type, {384, 384}, {384, 1}, target_id=0: 0.00087222ms, 1%
@60 = reshape_lazy[dims={1, 1500, 384}](@58) -> float_type, {1, 1500, 384}, {576000, 384, 1}, target_id=0: 0.00100814ms, 1%
@61 = multibroadcast[out_lens={1, 384, 384},out_dyn_dims={}](@59) -> float_type, {1, 384, 384}, {0, 384, 1}, target_id=0: 0.00312406ms, 1%
@62 = load[offset=4608000,end=6912000](@1) -> float_type, {1, 1500, 384}, {576000, 384, 1}, target_id=0: 0.00071442ms, 1%
@63 = gpu::gemm[alpha=1,beta=0,compute_fp32=1,trans_batch=0,solution_idx=0](@60,@61,@62) -> float_type, {1, 1500, 384}, {576000, 384, 1}, target_id=0: 0.0498364ms, 2%
@64 = load[offset=2304000,end=4608000](@1) -> float_type, {1, 1500, 384}, {576000, 384, 1}, target_id=0: 0.00098488ms, 1%
@65 = gpu::code_object[code_object=3616,symbol_name=add_kernel,global=576000,local=1024,](@23,@63,@64) -> float_type, {1, 1500, 384}, {576000, 384, 1}, target_id=0: 0.0366261ms, 1%
@66 = hip::hip_copy_literal[id=main:@literal:15] -> float_type, {1500, 384}, {384, 1}, target_id=0: 0.00090352ms, 1%
@67 = hip::hip_copy_literal[id=main:@literal:8] -> float_type, {1, 384, 1536}, {589824, 1536, 1}, target_id=0: 0.00082956ms, 1%
@68 = load[offset=4608000,end=6912000](@1) -> float_type, {1, 1500, 384}, {576000, 384, 1}, target_id=0: 0.00279796ms, 1%
@69 = multibroadcast[out_lens={1, 1500, 384},out_dyn_dims={}](@66) -> float_type, {1, 1500, 384}, {0, 384, 1}, target_id=0: 0.0010953ms, 1%
@70 = gpu::code_object[code_object=4336,symbol_name=add_layernorm_kernel,global=288000,local=192,](@65,@69,@68) -> float_type, {1, 1500, 384}, {576000, 384, 1}, target_id=0: 0.0237373ms, 1%
@71 = load[offset=13824000,end=23040000](@1) -> float_type, {1, 1500, 1536}, {2304000, 1536, 1}, target_id=0: 0.00083852ms, 1%
@72 = gpu::gemm[alpha=1,beta=0,compute_fp32=1,trans_batch=0,solution_idx=0](@70,@67,@71) -> float_type, {1, 1500, 1536}, {2304000, 1536, 1}, target_id=0: 0.0923602ms, 3%
@73 = hip::hip_copy_literal[id=main:@literal:26] -> float_type, {1536, 384}, {384, 1}, target_id=0: 0.00094774ms, 1%
@74 = hip::hip_copy_literal[id=main:@literal:25] -> float_type, {1500, 1536}, {1536, 1}, target_id=0: 0.00089368ms, 1%
@75 = load[offset=4608000,end=13824000](@1) -> float_type, {1, 1500, 1536}, {2304000, 1536, 1}, target_id=0: 0.0040189ms, 1%
@76 = multibroadcast[out_lens={1, 1500, 1536},out_dyn_dims={}](@74) -> float_type, {1, 1500, 1536}, {0, 1536, 1}, target_id=0: 0.00109492ms, 1%
@77 = gpu::code_object[code_object=5104,symbol_name=add_mul_erf_add_mul_kernel,global=576000,local=1024,](@72,@76,@75) -> float_type, {1, 1500, 1536}, {2304000, 1536, 1}, target_id=0: 0.0467358ms, 2%
@78 = load[offset=0,end=2304000](@1) -> float_type, {1, 1500, 384}, {576000, 384, 1}, target_id=0: 0.0008214ms, 1%
@79 = multibroadcast[out_lens={1, 1536, 384},out_dyn_dims={}](@73) -> float_type, {1, 1536, 384}, {0, 384, 1}, target_id=0: 0.00146298ms, 1%
@80 = gpu::gemm[alpha=1,beta=1,compute_fp32=1,trans_batch=0,solution_idx=0](@77,@79,@65,@78) -> float_type, {1, 1500, 384}, {576000, 384, 1}, target_id=0: 0.119183ms, 3%
@81 = hip::hip_copy_literal[id=main:@literal:2] -> float_type, {1, 1500, 1152}, {1728000, 1152, 1}, target_id=0: 0.0009519ms, 1%
@82 = hip::hip_copy_literal[id=main:@literal:5] -> float_type, {1, 384, 1152}, {442368, 1152, 1}, target_id=0: 0.00075342ms, 1%
@83 = hip::hip_copy_literal[id=main:@literal:27] -> float_type, {1500, 384}, {384, 1}, target_id=0: 0.00424306ms, 1%
@84 = multibroadcast[out_lens={1, 1500, 384},out_dyn_dims={}](@83) -> float_type, {1, 1500, 384}, {0, 384, 1}, target_id=0: 0.00105142ms, 1%
@85 = load[offset=2304000,end=4608000](@1) -> float_type, {1, 1500, 384}, {576000, 384, 1}, target_id=0: 0.0007237ms, 1%
@86 = gpu::code_object[code_object=4336,symbol_name=add_layernorm_kernel,global=288000,local=192,](@80,@84,@85) -> float_type, {1, 1500, 384}, {576000, 384, 1}, target_id=0: 0.0252122ms, 1%
@87 = load[offset=56304000,end=63216000](@1) -> float_type, {1, 1500, 1152}, {1728000, 1152, 1}, target_id=0: 0.0008128ms, 1%
@88 = gpu::gemm[alpha=1,beta=1,compute_fp32=1,trans_batch=0,solution_idx=0](@86,@82,@81,@87) -> float_type, {1, 1500, 1152}, {1728000, 1152, 1}, target_id=0: 0.0881337ms, 3%
@89 = hip::hip_copy_literal[id=main:@literal:13] -> float_type, {384}, {1}, target_id=0: 0.00096196ms, 1%
@90 = multibroadcast[out_lens={1, 1500, 384},out_dyn_dims={}](@89) -> float_type, {1, 1500, 384}, {0, 0, 1}, target_id=0: 0.00455888ms, 1%
@91 = slice[axes={2},starts={0},ends={384}](@88) -> float_type, {1, 1500, 384}, {1728000, 1152, 1}, target_id=0: 0.00154098ms, 1%
@92 = load[offset=63216000,end=65520000](@1) -> float_type, {1, 1500, 384}, {576000, 384, 1}, target_id=0: 0.0007373ms, 1%
@93 = gpu::code_object[code_object=3912,symbol_name=mul_add_kernel,global=288000,local=1024,](@91,@90,@92) -> float_type, {1, 1500, 384}, {576000, 384, 1}, target_id=0: 0.0252731ms, 1%
@94 = slice[axes={2},starts={384},ends={768}](@88) -> float_type, {1, 1500, 384}, {1728000, 1152, 1}, target_id=0: 0.00127318ms, 1%
@95 = reshape_lazy[dims={1, -1, 6, 64}](@94) -> float_type, {1, 1500, 6, 64}, {1728000, 1152, 64, 1}, target_id=0: 0.0048342ms, 1%
@96 = transpose[permutation={0, 2, 1, 3}](@95) -> float_type, {1, 6, 1500, 64}, {1728000, 64, 1152, 1}, target_id=0: 0.00106758ms, 1%
@97 = reshape_lazy[dims={6, -1, 64}](@96) -> float_type, {6, 1500, 64}, {64, 1152, 1}, target_id=0: 0.00098874ms, 1%
@98 = transpose[permutation={0, 2, 1}](@97) -> float_type, {6, 64, 1500}, {64, 1, 1152}, target_id=0: 0.0008508ms, 1%
@99 = reshape_lazy[dims={1, 1500, 6, 64}](@93) -> float_type, {1, 1500, 6, 64}, {576000, 384, 64, 1}, target_id=0: 0.00066564ms, 1%
@100 = transpose[permutation={0, 2, 1, 3}](@99) -> float_type, {1, 6, 1500, 64}, {576000, 64, 384, 1}, target_id=0: 0.00065608ms, 1%
@101 = load[offset=2304000,end=56304000](@1) -> float_type, {6, 1500, 1500}, {2250000, 1500, 1}, target_id=0: 0.0007171ms, 1%
@102 = reshape_lazy[dims={6, -1, 64}](@100) -> float_type, {6, 1500, 64}, {64, 384, 1}, target_id=0: 0.00062592ms, 1%
@103 = gpu::gemm[alpha=1,beta=0,compute_fp32=1,trans_batch=0,solution_idx=0](@102,@98,@101) -> float_type, {6, 1500, 1500}, {2250000, 1500, 1}, target_id=0: 0.124811ms, 3%
@104 = hip::hip_copy_literal[id=main:@literal:40] -> float_type, {384}, {1}, target_id=0: 0.00096334ms, 1%
@105 = load[offset=63216000,end=65520000](@1) -> float_type, {1, 1500, 384}, {576000, 384, 1}, target_id=0: 0.00108702ms, 1%
@106 = multibroadcast[out_lens={1, 1500, 384},out_dyn_dims={}](@104) -> float_type, {1, 1500, 384}, {0, 0, 1}, target_id=0: 0.00144312ms, 1%
@107 = slice[axes={2},starts={768},ends={1152}](@88) -> float_type, {1, 1500, 384}, {1728000, 1152, 1}, target_id=0: 0.00126606ms, 1%
@108 = gpu::code_object[code_object=3640,symbol_name=add_kernel,global=288000,local=1024,](@106,@107,@105) -> float_type, {1, 1500, 384}, {576000, 384, 1}, target_id=0: 0.0252977ms, 1%
@109 = load[offset=65520000,end=119520000](@1) -> float_type, {6, 1500, 1500}, {2250000, 1500, 1}, target_id=0: 0.0010009ms, 1%
@110 = gpu::code_object[code_object=5600,symbol_name=softmax_kernel,global=2304000,local=256,](@103,@109) -> float_type, {6, 1500, 1500}, {2250000, 1500, 1}, target_id=0: 0.143552ms, 4%
@111 = reshape_lazy[dims={1, -1, 6, 64}](@108) -> float_type, {1, 1500, 6, 64}, {576000, 384, 64, 1}, target_id=0: 0.00104562ms, 1%
@112 = transpose[permutation={0, 2, 1, 3}](@111) -> float_type, {1, 6, 1500, 64}, {576000, 64, 384, 1}, target_id=0: 0.00352354ms, 1%
@113 = reshape_lazy[dims={6, -1, 64}](@112) -> float_type, {6, 1500, 64}, {64, 384, 1}, target_id=0: 0.0009108ms, 1%
@114 = load[offset=2304000,end=4608000](@1) -> float_type, {6, 1500, 64}, {96000, 64, 1}, target_id=0: 0.00070076ms, 1%
@115 = gpu::gemm[alpha=1,beta=0,compute_fp32=1,trans_batch=0,solution_idx=0](@110,@113,@114) -> float_type, {6, 1500, 64}, {96000, 64, 1}, target_id=0: 0.117216ms, 3%
@116 = hip::hip_copy_literal[id=main:@literal:34] -> float_type, {384, 384}, {384, 1}, target_id=0: 0.0009856ms, 1%
@117 = reshape_lazy[dims={1, 6, 1500, 64}](@115) -> float_type, {1, 6, 1500, 64}, {576000, 96000, 64, 1}, target_id=0: 0.00105118ms, 1%
@118 = transpose[permutation={0, 2, 1, 3}](@117) -> float_type, {1, 1500, 6, 64}, {576000, 64, 96000, 1}, target_id=0: 0.00202008ms, 1%
@119 = load[offset=4608000,end=6912000](@1) -> float_type, {1, 1500, 6, 64}, {576000, 384, 64, 1}, target_id=0: 0.00079044ms, 1%
@120 = gpu::code_object[code_object=3624,symbol_name=contiguous_kernel,global=288000,local=1024,](@118,@119) -> float_type, {1, 1500, 6, 64}, {576000, 384, 64, 1}, target_id=0: 0.021338ms, 1%
@121 = load[offset=2304000,end=4608000](@1) -> float_type, {1, 1500, 384}, {576000, 384, 1}, target_id=0: 0.00079696ms, 1%
@122 = reshape_lazy[dims={1, 1500, 384}](@120) -> float_type, {1, 1500, 384}, {576000, 384, 1}, target_id=0: 0.00095102ms, 1%
@123 = multibroadcast[out_lens={1, 384, 384},out_dyn_dims={}](@116) -> float_type, {1, 384, 384}, {0, 384, 1}, target_id=0: 0.00188358ms, 1%
@124 = gpu::gemm[alpha=1,beta=1,compute_fp32=1,trans_batch=0,solution_idx=0](@122,@123,@80,@121) -> float_type, {1, 1500, 384}, {576000, 384, 1}, target_id=0: 0.0497238ms, 2%
@125 = hip::hip_copy_literal[id=main:@literal:20] -> float_type, {1500, 384}, {384, 1}, target_id=0: 0.00093784ms, 1%
@126 = hip::hip_copy_literal[id=main:@literal:9] -> float_type, {1, 384, 1536}, {589824, 1536, 1}, target_id=0: 0.0007934ms, 1%
@127 = load[offset=4608000,end=6912000](@1) -> float_type, {1, 1500, 384}, {576000, 384, 1}, target_id=0: 0.00420872ms, 1%
@128 = multibroadcast[out_lens={1, 1500, 384},out_dyn_dims={}](@125) -> float_type, {1, 1500, 384}, {0, 384, 1}, target_id=0: 0.00109772ms, 1%
@129 = gpu::code_object[code_object=4336,symbol_name=add_layernorm_kernel,global=288000,local=192,](@124,@128,@127) -> float_type, {1, 1500, 384}, {576000, 384, 1}, target_id=0: 0.0237925ms, 1%
@130 = load[offset=13824000,end=23040000](@1) -> float_type, {1, 1500, 1536}, {2304000, 1536, 1}, target_id=0: 0.00085052ms, 1%
@131 = gpu::gemm[alpha=1,beta=0,compute_fp32=1,trans_batch=0,solution_idx=0](@129,@126,@130) -> float_type, {1, 1500, 1536}, {2304000, 1536, 1}, target_id=0: 0.0929535ms, 3%
@132 = hip::hip_copy_literal[id=main:@literal:21] -> float_type, {1500, 1536}, {1536, 1}, target_id=0: 0.0009883ms, 1%
@133 = hip::hip_copy_literal[id=main:@literal:28] -> float_type, {1536, 384}, {384, 1}, target_id=0: 0.00082202ms, 1%
@134 = multibroadcast[out_lens={1, 1500, 1536},out_dyn_dims={}](@132) -> float_type, {1, 1500, 1536}, {0, 1536, 1}, target_id=0: 0.00445544ms, 1%
@135 = load[offset=4608000,end=13824000](@1) -> float_type, {1, 1500, 1536}, {2304000, 1536, 1}, target_id=0: 0.00072756ms, 1%
@136 = gpu::code_object[code_object=5104,symbol_name=add_mul_erf_add_mul_kernel,global=576000,local=1024,](@131,@134,@135) -> float_type, {1, 1500, 1536}, {2304000, 1536, 1}, target_id=0: 0.0466196ms, 2%
@137 = multibroadcast[out_lens={1, 1536, 384},out_dyn_dims={}](@133) -> float_type, {1, 1536, 384}, {0, 384, 1}, target_id=0: 0.00126588ms, 1%
@138 = load[offset=0,end=2304000](@1) -> float_type, {1, 1500, 384}, {576000, 384, 1}, target_id=0: 0.0038317ms, 1%
@139 = gpu::gemm[alpha=1,beta=1,compute_fp32=1,trans_batch=0,solution_idx=0](@136,@137,@124,@138) -> float_type, {1, 1500, 384}, {576000, 384, 1}, target_id=0: 0.117782ms, 3%
@140 = hip::hip_copy_literal[id=main:@literal:1] -> float_type, {1, 1500, 1152}, {1728000, 1152, 1}, target_id=0: 0.00090742ms, 1%
@141 = hip::hip_copy_literal[id=main:@literal:18] -> float_type, {1500, 384}, {384, 1}, target_id=0: 0.00082662ms, 1%
@142 = hip::hip_copy_literal[id=main:@literal:4] -> float_type, {1, 384, 1152}, {442368, 1152, 1}, target_id=0: 0.0038402ms, 1%
@143 = load[offset=2304000,end=4608000](@1) -> float_type, {1, 1500, 384}, {576000, 384, 1}, target_id=0: 0.00098218ms, 1%
@144 = multibroadcast[out_lens={1, 1500, 384},out_dyn_dims={}](@141) -> float_type, {1, 1500, 384}, {0, 384, 1}, target_id=0: 0.00101788ms, 1%
@145 = gpu::code_object[code_object=4336,symbol_name=add_layernorm_kernel,global=288000,local=192,](@139,@144,@143) -> float_type, {1, 1500, 384}, {576000, 384, 1}, target_id=0: 0.0239382ms, 1%
@146 = load[offset=56304000,end=63216000](@1) -> float_type, {1, 1500, 1152}, {1728000, 1152, 1}, target_id=0: 0.00083906ms, 1%
@147 = gpu::gemm[alpha=1,beta=1,compute_fp32=1,trans_batch=0,solution_idx=0](@145,@142,@140,@146) -> float_type, {1, 1500, 1152}, {1728000, 1152, 1}, target_id=0: 0.0852901ms, 3%
@148 = hip::hip_copy_literal[id=main:@literal:16] -> float_type, {384}, {1}, target_id=0: 0.00094696ms, 1%
@149 = slice[axes={2},starts={0},ends={384}](@147) -> float_type, {1, 1500, 384}, {1728000, 1152, 1}, target_id=0: 0.00500576ms, 1%
@150 = multibroadcast[out_lens={1, 1500, 384},out_dyn_dims={}](@148) -> float_type, {1, 1500, 384}, {0, 0, 1}, target_id=0: 0.00108166ms, 1%
@151 = load[offset=63216000,end=65520000](@1) -> float_type, {1, 1500, 384}, {576000, 384, 1}, target_id=0: 0.00072068ms, 1%
@152 = gpu::code_object[code_object=3912,symbol_name=mul_add_kernel,global=288000,local=1024,](@149,@150,@151) -> float_type, {1, 1500, 384}, {576000, 384, 1}, target_id=0: 0.0254117ms, 1%
@153 = slice[axes={2},starts={384},ends={768}](@147) -> float_type, {1, 1500, 384}, {1728000, 1152, 1}, target_id=0: 0.0014943ms, 1%
@154 = reshape_lazy[dims={1, -1, 6, 64}](@153) -> float_type, {1, 1500, 6, 64}, {1728000, 1152, 64, 1}, target_id=0: 0.0047768ms, 1%
@155 = transpose[permutation={0, 2, 1, 3}](@154) -> float_type, {1, 6, 1500, 64}, {1728000, 64, 1152, 1}, target_id=0: 0.00103104ms, 1%
@156 = reshape_lazy[dims={6, -1, 64}](@155) -> float_type, {6, 1500, 64}, {64, 1152, 1}, target_id=0: 0.00093786ms, 1%
@157 = transpose[permutation={0, 2, 1}](@156) -> float_type, {6, 64, 1500}, {64, 1, 1152}, target_id=0: 0.00085ms, 1%
@158 = reshape_lazy[dims={1, 1500, 6, 64}](@152) -> float_type, {1, 1500, 6, 64}, {576000, 384, 64, 1}, target_id=0: 0.00067244ms, 1%
@159 = transpose[permutation={0, 2, 1, 3}](@158) -> float_type, {1, 6, 1500, 64}, {576000, 64, 384, 1}, target_id=0: 0.0006489ms, 1%
@160 = load[offset=2304000,end=56304000](@1) -> float_type, {6, 1500, 1500}, {2250000, 1500, 1}, target_id=0: 0.0007354ms, 1%
@161 = reshape_lazy[dims={6, -1, 64}](@159) -> float_type, {6, 1500, 64}, {64, 384, 1}, target_id=0: 0.00063418ms, 1%
@162 = gpu::gemm[alpha=1,beta=0,compute_fp32=1,trans_batch=0,solution_idx=0](@161,@157,@160) -> float_type, {6, 1500, 1500}, {2250000, 1500, 1}, target_id=0: 0.122451ms, 3%
@163 = hip::hip_copy_literal[id=main:@literal:39] -> float_type, {384}, {1}, target_id=0: 0.00095052ms, 1%
@164 = multibroadcast[out_lens={1, 1500, 384},out_dyn_dims={}](@163) -> float_type, {1, 1500, 384}, {0, 0, 1}, target_id=0: 0.00439792ms, 1%
@165 = slice[axes={2},starts={768},ends={1152}](@147) -> float_type, {1, 1500, 384}, {1728000, 1152, 1}, target_id=0: 0.0013615ms, 1%
@166 = load[offset=63216000,end=65520000](@1) -> float_type, {1, 1500, 384}, {576000, 384, 1}, target_id=0: 0.00073832ms, 1%
@167 = gpu::code_object[code_object=3640,symbol_name=add_kernel,global=288000,local=1024,](@164,@165,@166) -> float_type, {1, 1500, 384}, {576000, 384, 1}, target_id=0: 0.0249863ms, 1%
@168 = load[offset=65520000,end=119520000](@1) -> float_type, {6, 1500, 1500}, {2250000, 1500, 1}, target_id=0: 0.00082882ms, 1%
@169 = gpu::code_object[code_object=5600,symbol_name=softmax_kernel,global=2304000,local=256,](@162,@168) -> float_type, {6, 1500, 1500}, {2250000, 1500, 1}, target_id=0: 0.140267ms, 4%
@170 = reshape_lazy[dims={1, -1, 6, 64}](@167) -> float_type, {1, 1500, 6, 64}, {576000, 384, 64, 1}, target_id=0: 0.00107882ms, 1%
@171 = transpose[permutation={0, 2, 1, 3}](@170) -> float_type, {1, 6, 1500, 64}, {576000, 64, 384, 1}, target_id=0: 0.00397812ms, 1%
@172 = reshape_lazy[dims={6, -1, 64}](@171) -> float_type, {6, 1500, 64}, {64, 384, 1}, target_id=0: 0.00086778ms, 1%
@173 = load[offset=2304000,end=4608000](@1) -> float_type, {6, 1500, 64}, {96000, 64, 1}, target_id=0: 0.0006997ms, 1%
@174 = gpu::gemm[alpha=1,beta=0,compute_fp32=1,trans_batch=0,solution_idx=0](@169,@172,@173) -> float_type, {6, 1500, 64}, {96000, 64, 1}, target_id=0: 0.115789ms, 3%
@175 = hip::hip_copy_literal[id=main:@literal:33] -> float_type, {384, 384}, {384, 1}, target_id=0: 0.00098508ms, 1%
@176 = reshape_lazy[dims={1, 6, 1500, 64}](@174) -> float_type, {1, 6, 1500, 64}, {576000, 96000, 64, 1}, target_id=0: 0.00105892ms, 1%
@177 = transpose[permutation={0, 2, 1, 3}](@176) -> float_type, {1, 1500, 6, 64}, {576000, 64, 96000, 1}, target_id=0: 0.00105112ms, 1%
@178 = load[offset=4608000,end=6912000](@1) -> float_type, {1, 1500, 6, 64}, {576000, 384, 64, 1}, target_id=0: 0.00075234ms, 1%
@179 = gpu::code_object[code_object=3624,symbol_name=contiguous_kernel,global=288000,local=1024,](@177,@178) -> float_type, {1, 1500, 6, 64}, {576000, 384, 64, 1}, target_id=0: 0.0218639ms, 1%
@180 = multibroadcast[out_lens={1, 384, 384},out_dyn_dims={}](@175) -> float_type, {1, 384, 384}, {0, 384, 1}, target_id=0: 0.00152666ms, 1%
@181 = reshape_lazy[dims={1, 1500, 384}](@179) -> float_type, {1, 1500, 384}, {576000, 384, 1}, target_id=0: 0.0039305ms, 1%
@182 = load[offset=2304000,end=4608000](@1) -> float_type, {1, 1500, 384}, {576000, 384, 1}, target_id=0: 0.00079812ms, 1%
@183 = gpu::gemm[alpha=1,beta=1,compute_fp32=1,trans_batch=0,solution_idx=0](@181,@180,@139,@182) -> float_type, {1, 1500, 384}, {576000, 384, 1}, target_id=0: 0.0490284ms, 2%
@184 = hip::hip_copy_literal[id=main:@literal:6] -> float_type, {1, 384, 1536}, {589824, 1536, 1}, target_id=0: 0.0009646ms, 1%
@185 = hip::hip_copy_literal[id=main:@literal:14] -> float_type, {1500, 384}, {384, 1}, target_id=0: 0.00087294ms, 1%
@186 = multibroadcast[out_lens={1, 1500, 384},out_dyn_dims={}](@185) -> float_type, {1, 1500, 384}, {0, 384, 1}, target_id=0: 0.00450428ms, 1%
@187 = load[offset=4608000,end=6912000](@1) -> float_type, {1, 1500, 384}, {576000, 384, 1}, target_id=0: 0.00073388ms, 1%
@188 = gpu::code_object[code_object=4336,symbol_name=add_layernorm_kernel,global=288000,local=192,](@183,@186,@187) -> float_type, {1, 1500, 384}, {576000, 384, 1}, target_id=0: 0.0239717ms, 1%
@189 = load[offset=13824000,end=23040000](@1) -> float_type, {1, 1500, 1536}, {2304000, 1536, 1}, target_id=0: 0.00084798ms, 1%
@190 = gpu::gemm[alpha=1,beta=0,compute_fp32=1,trans_batch=0,solution_idx=0](@188,@184,@189) -> float_type, {1, 1500, 1536}, {2304000, 1536, 1}, target_id=0: 0.0908064ms, 3%
@191 = hip::hip_copy_literal[id=main:@literal:23] -> float_type, {1500, 1536}, {1536, 1}, target_id=0: 0.00092038ms, 1%
@192 = hip::hip_copy_literal[id=main:@literal:12] -> float_type, {1536, 384}, {384, 1}, target_id=0: 0.0008604ms, 1%
@193 = multibroadcast[out_lens={1, 1500, 1536},out_dyn_dims={}](@191) -> float_type, {1, 1500, 1536}, {0, 1536, 1}, target_id=0: 0.00446744ms, 1%
@194 = load[offset=4608000,end=13824000](@1) -> float_type, {1, 1500, 1536}, {2304000, 1536, 1}, target_id=0: 0.00072636ms, 1%
@195 = gpu::code_object[code_object=5104,symbol_name=add_mul_erf_add_mul_kernel,global=576000,local=1024,](@190,@193,@194) -> float_type, {1, 1500, 1536}, {2304000, 1536, 1}, target_id=0: 0.0467173ms, 2%
@196 = multibroadcast[out_lens={1, 1536, 384},out_dyn_dims={}](@192) -> float_type, {1, 1536, 384}, {0, 384, 1}, target_id=0: 0.00121914ms, 1%
@197 = load[offset=0,end=2304000](@1) -> float_type, {1, 1500, 384}, {576000, 384, 1}, target_id=0: 0.00267732ms, 1%
@198 = gpu::gemm[alpha=1,beta=1,compute_fp32=1,trans_batch=0,solution_idx=0](@195,@196,@183,@197) -> float_type, {1, 1500, 384}, {576000, 384, 1}, target_id=0: 0.117258ms, 3%
@199 = hip::hip_copy_literal[id=main:@literal:0] -> float_type, {1, 1500, 1152}, {1728000, 1152, 1}, target_id=0: 0.00090734ms, 1%
@200 = hip::hip_copy_literal[id=main:@literal:24] -> float_type, {1500, 384}, {384, 1}, target_id=0: 0.00082676ms, 1%
@201 = hip::hip_copy_literal[id=main:@literal:11] -> float_type, {1, 384, 1152}, {442368, 1152, 1}, target_id=0: 0.00423236ms, 1%
@202 = multibroadcast[out_lens={1, 1500, 384},out_dyn_dims={}](@200) -> float_type, {1, 1500, 384}, {0, 384, 1}, target_id=0: 0.00104948ms, 1%
@203 = load[offset=2304000,end=4608000](@1) -> float_type, {1, 1500, 384}, {576000, 384, 1}, target_id=0: 0.00072564ms, 1%
@204 = gpu::code_object[code_object=4336,symbol_name=add_layernorm_kernel,global=288000,local=192,](@198,@202,@203) -> float_type, {1, 1500, 384}, {576000, 384, 1}, target_id=0: 0.0239556ms, 1%
@205 = load[offset=56304000,end=63216000](@1) -> float_type, {1, 1500, 1152}, {1728000, 1152, 1}, target_id=0: 0.00082084ms, 1%
@206 = gpu::gemm[alpha=1,beta=1,compute_fp32=1,trans_batch=0,solution_idx=0](@204,@201,@199,@205) -> float_type, {1, 1500, 1152}, {1728000, 1152, 1}, target_id=0: 0.0874198ms, 3%
@207 = hip::hip_copy_literal[id=main:@literal:19] -> float_type, {384}, {1}, target_id=0: 0.00095962ms, 1%
@208 = slice[axes={2},starts={0},ends={384}](@206) -> float_type, {1, 1500, 384}, {1728000, 1152, 1}, target_id=0: 0.0049867ms, 1%
@209 = multibroadcast[out_lens={1, 1500, 384},out_dyn_dims={}](@207) -> float_type, {1, 1500, 384}, {0, 0, 1}, target_id=0: 0.00107242ms, 1%
@210 = load[offset=63216000,end=65520000](@1) -> float_type, {1, 1500, 384}, {576000, 384, 1}, target_id=0: 0.00070776ms, 1%
@211 = gpu::code_object[code_object=3912,symbol_name=mul_add_kernel,global=288000,local=1024,](@208,@209,@210) -> float_type, {1, 1500, 384}, {576000, 384, 1}, target_id=0: 0.0236719ms, 1%
@212 = slice[axes={2},starts={384},ends={768}](@206) -> float_type, {1, 1500, 384}, {1728000, 1152, 1}, target_id=0: 0.001492ms, 1%
@213 = reshape_lazy[dims={1, -1, 6, 64}](@212) -> float_type, {1, 1500, 6, 64}, {1728000, 1152, 64, 1}, target_id=0: 0.00463592ms, 1%
@214 = transpose[permutation={0, 2, 1, 3}](@213) -> float_type, {1, 6, 1500, 64}, {1728000, 64, 1152, 1}, target_id=0: 0.00101758ms, 1%
@215 = reshape_lazy[dims={6, -1, 64}](@214) -> float_type, {6, 1500, 64}, {64, 1152, 1}, target_id=0: 0.00097192ms, 1%
@216 = transpose[permutation={0, 2, 1}](@215) -> float_type, {6, 64, 1500}, {64, 1, 1152}, target_id=0: 0.00097068ms, 1%
@217 = reshape_lazy[dims={1, 1500, 6, 64}](@211) -> float_type, {1, 1500, 6, 64}, {576000, 384, 64, 1}, target_id=0: 0.00067466ms, 1%
@218 = transpose[permutation={0, 2, 1, 3}](@217) -> float_type, {1, 6, 1500, 64}, {576000, 64, 384, 1}, target_id=0: 0.0006668ms, 1%
@219 = reshape_lazy[dims={6, -1, 64}](@218) -> float_type, {6, 1500, 64}, {64, 384, 1}, target_id=0: 0.00061074ms, 1%
@220 = load[offset=2304000,end=56304000](@1) -> float_type, {6, 1500, 1500}, {2250000, 1500, 1}, target_id=0: 0.00071048ms, 1%
@221 = gpu::gemm[alpha=1,beta=0,compute_fp32=1,trans_batch=0,solution_idx=0](@219,@216,@220) -> float_type, {6, 1500, 1500}, {2250000, 1500, 1}, target_id=0: 0.122796ms, 3%
@222 = hip::hip_copy_literal[id=main:@literal:38] -> float_type, {384}, {1}, target_id=0: 0.00103946ms, 1%
@223 = multibroadcast[out_lens={1, 1500, 384},out_dyn_dims={}](@222) -> float_type, {1, 1500, 384}, {0, 0, 1}, target_id=0: 0.00466784ms, 1%
@224 = slice[axes={2},starts={768},ends={1152}](@206) -> float_type, {1, 1500, 384}, {1728000, 1152, 1}, target_id=0: 0.00138522ms, 1%
@225 = load[offset=63216000,end=65520000](@1) -> float_type, {1, 1500, 384}, {576000, 384, 1}, target_id=0: 0.00073668ms, 1%
@226 = gpu::code_object[code_object=3640,symbol_name=add_kernel,global=288000,local=1024,](@223,@224,@225) -> float_type, {1, 1500, 384}, {576000, 384, 1}, target_id=0: 0.0249506ms, 1%
@227 = load[offset=65520000,end=119520000](@1) -> float_type, {6, 1500, 1500}, {2250000, 1500, 1}, target_id=0: 0.00084206ms, 1%
@228 = gpu::code_object[code_object=5600,symbol_name=softmax_kernel,global=2304000,local=256,](@221,@227) -> float_type, {6, 1500, 1500}, {2250000, 1500, 1}, target_id=0: 0.140388ms, 4%
@229 = reshape_lazy[dims={1, -1, 6, 64}](@226) -> float_type, {1, 1500, 6, 64}, {576000, 384, 64, 1}, target_id=0: 0.00105766ms, 1%
@230 = transpose[permutation={0, 2, 1, 3}](@229) -> float_type, {1, 6, 1500, 64}, {576000, 64, 384, 1}, target_id=0: 0.00398562ms, 1%
@231 = reshape_lazy[dims={6, -1, 64}](@230) -> float_type, {6, 1500, 64}, {64, 384, 1}, target_id=0: 0.00071586ms, 1%
@232 = load[offset=2304000,end=4608000](@1) -> float_type, {6, 1500, 64}, {96000, 64, 1}, target_id=0: 0.00069304ms, 1%
@233 = gpu::gemm[alpha=1,beta=0,compute_fp32=1,trans_batch=0,solution_idx=0](@228,@231,@232) -> float_type, {6, 1500, 64}, {96000, 64, 1}, target_id=0: 0.117261ms, 3%
@234 = hip::hip_copy_literal[id=main:@literal:32] -> float_type, {384, 384}, {384, 1}, target_id=0: 0.00100138ms, 1%
@235 = reshape_lazy[dims={1, 6, 1500, 64}](@233) -> float_type, {1, 6, 1500, 64}, {576000, 96000, 64, 1}, target_id=0: 0.00104656ms, 1%
@236 = transpose[permutation={0, 2, 1, 3}](@235) -> float_type, {1, 1500, 6, 64}, {576000, 64, 96000, 1}, target_id=0: 0.00106094ms, 1%
@237 = load[offset=4608000,end=6912000](@1) -> float_type, {1, 1500, 6, 64}, {576000, 384, 64, 1}, target_id=0: 0.00075676ms, 1%
@238 = gpu::code_object[code_object=3624,symbol_name=contiguous_kernel,global=288000,local=1024,](@236,@237) -> float_type, {1, 1500, 6, 64}, {576000, 384, 64, 1}, target_id=0: 0.0212344ms, 1%
@239 = multibroadcast[out_lens={1, 384, 384},out_dyn_dims={}](@234) -> float_type, {1, 384, 384}, {0, 384, 1}, target_id=0: 0.0015238ms, 1%
@240 = load[offset=2304000,end=4608000](@1) -> float_type, {1, 1500, 384}, {576000, 384, 1}, target_id=0: 0.00384922ms, 1%
@241 = reshape_lazy[dims={1, 1500, 384}](@238) -> float_type, {1, 1500, 384}, {576000, 384, 1}, target_id=0: 0.000738ms, 1%
@242 = gpu::gemm[alpha=1,beta=1,compute_fp32=1,trans_batch=0,solution_idx=0](@241,@239,@198,@240) -> float_type, {1, 1500, 384}, {576000, 384, 1}, target_id=0: 0.0501876ms, 2%
@243 = hip::hip_copy_literal[id=main:@literal:31] -> float_type, {1500, 384}, {384, 1}, target_id=0: 0.0009574ms, 1%
@244 = hip::hip_copy_literal[id=main:@literal:29] -> float_type, {1500, 384}, {384, 1}, target_id=0: 0.00081824ms, 1%
@245 = hip::hip_copy_literal[id=main:@literal:7] -> float_type, {1, 384, 1536}, {589824, 1536, 1}, target_id=0: 0.00391618ms, 1%
@246 = multibroadcast[out_lens={1, 1500, 384},out_dyn_dims={}](@244) -> float_type, {1, 1500, 384}, {0, 384, 1}, target_id=0: 0.00114106ms, 1%
@247 = load[offset=4608000,end=6912000](@1) -> float_type, {1, 1500, 384}, {576000, 384, 1}, target_id=0: 0.00073632ms, 1%
@248 = gpu::code_object[code_object=4336,symbol_name=add_layernorm_kernel,global=288000,local=192,](@242,@246,@247) -> float_type, {1, 1500, 384}, {576000, 384, 1}, target_id=0: 0.0246159ms, 1%
@249 = load[offset=13824000,end=23040000](@1) -> float_type, {1, 1500, 1536}, {2304000, 1536, 1}, target_id=0: 0.00087212ms, 1%
@250 = gpu::gemm[alpha=1,beta=0,compute_fp32=1,trans_batch=0,solution_idx=0](@248,@245,@249) -> float_type, {1, 1500, 1536}, {2304000, 1536, 1}, target_id=0: 0.0923179ms, 3%
@251 = hip::hip_copy_literal[id=main:@literal:30] -> float_type, {1500, 1536}, {1536, 1}, target_id=0: 0.00092692ms, 1%
@252 = hip::hip_copy_literal[id=main:@literal:17] -> float_type, {1536, 384}, {384, 1}, target_id=0: 0.00085626ms, 1%
@253 = hip::hip_copy_literal[id=main:@literal:36] -> float_type, {384}, {1}, target_id=0: 0.00218664ms, 1%
@254 = hip::hip_copy_literal[id=main:@literal:37] -> float_type, {384}, {1}, target_id=0: 0.0005869ms, 1%
@255 = multibroadcast[out_lens={1, 1500, 1536},out_dyn_dims={}](@251) -> float_type, {1, 1500, 1536}, {0, 1536, 1}, target_id=0: 0.00103558ms, 1%
@256 = load[offset=4608000,end=13824000](@1) -> float_type, {1, 1500, 1536}, {2304000, 1536, 1}, target_id=0: 0.00073276ms, 1%
@257 = gpu::code_object[code_object=5104,symbol_name=add_mul_erf_add_mul_kernel,global=576000,local=1024,](@250,@255,@256) -> float_type, {1, 1500, 1536}, {2304000, 1536, 1}, target_id=0: 0.0493976ms, 2%
@258 = multibroadcast[out_lens={1, 1536, 384},out_dyn_dims={}](@252) -> float_type, {1, 1536, 384}, {0, 384, 1}, target_id=0: 0.00124518ms, 1%
@259 = load[offset=13824000,end=16128000](@1) -> float_type, {1, 1500, 384}, {576000, 384, 1}, target_id=0: 0.00391208ms, 1%
@260 = gpu::gemm[alpha=1,beta=1,compute_fp32=1,trans_batch=0,solution_idx=0](@257,@258,@242,@259) -> float_type, {1, 1500, 384}, {576000, 384, 1}, target_id=0: 0.116498ms, 3%
@261 = multibroadcast[out_lens={1, 1500, 384},out_dyn_dims={}](@253) -> float_type, {1, 1500, 384}, {0, 0, 1}, target_id=0: 0.0014209ms, 1%
@262 = multibroadcast[out_lens={1, 1500, 384},out_dyn_dims={}](@254) -> float_type, {1, 1500, 384}, {0, 0, 1}, target_id=0: 0.00444948ms, 1%
main:#output_0 = @param:main:#output_0 -> float_type, {1, 1500, 384}, {576000, 384, 1}, target_id=0: 0.00094748ms, 1%
@264 = multibroadcast[out_lens={1, 1500, 384},out_dyn_dims={}](@243) -> float_type, {1, 1500, 384}, {0, 384, 1}, target_id=0: 0.00089872ms, 1%
@265 = gpu::code_object[code_object=4400,symbol_name=add_layernorm_mul_add_kernel,global=288000,local=192,](@260,@264,@262,@261,main:#output_0) -> float_type, {1, 1500, 384}, {576000, 384, 1}, target_id=0: 0.0282252ms, 1%
@266 = @return(@265), target_id=0
Summary:
gpu::gemm: 2.35119ms / 24 = 0.0979663ms, 56%
gpu::code_object::softmax_kernel: 0.56628ms / 4 = 0.14157ms, 14%
gpu::code_object::add_layernorm_kernel: 0.224576ms / 8 = 0.028072ms, 6%
gpu::code_object::add_mul_erf_add_mul_kernel: 0.18947ms / 4 = 0.0473676ms, 5%
gpu::convolution: 0.188011ms / 2 = 0.0940057ms, 5%
gpu::code_object::add_kernel: 0.133669ms / 5 = 0.0267338ms, 4%
gpu::code_object::mul_add_kernel: 0.0996831ms / 4 = 0.0249208ms, 3%
gpu::code_object::contiguous_kernel: 0.0854535ms / 4 = 0.0213634ms, 3%
load: 0.0729141ms / 59 = 0.00123583ms, 2%
multibroadcast: 0.0633193ms / 31 = 0.00204256ms, 2%
hip::hip_copy_literal: 0.059542ms / 47 = 0.00126685ms, 2%
gpu::code_object::add_mul_erf_add_mul_mul_kernel: 0.0594035ms / 2 = 0.0297018ms, 2%
reshape_lazy: 0.0434663ms / 32 = 0.00135832ms, 2%
transpose: 0.0327594ms / 21 = 0.00155997ms, 1%
gpu::code_object::add_layernorm_mul_add_kernel: 0.0282252ms / 1 = 0.0282252ms, 1%
slice: 0.0241973ms / 12 = 0.00201644ms, 1%
broadcast: 0.00669732ms / 2 = 0.00334866ms, 1%
@param: 0.00144888ms / 2 = 0.00072444ms, 1%
check_context::migraphx::gpu::context: 0.0012529ms / 1 = 0.0012529ms, 1%
hip::hip_allocate_memory: 0.00088738ms / 1 = 0.00088738ms, 1%

Batch size: 1
Rate: 339.324 inferences/sec
Total time: 2.94703ms
Total instructions time: 4.23245ms
Overhead time: 0.0513089ms, -1.28541ms
Overhead: 2%, -44%
[ MIGraphX Version: 2.9.0.5692e1be4 ] Complete: /src/AMDMIGraphX/build/bin/driver perf --input-dim @input_features 1 80 3000 --gpu /new-saved-models/whisper-tiny/encoder_model.onnx
