Running [ MIGraphX Version: 2.9.0.41e5cc0dd ]: /src/AMDMIGraphX/build/bin/driver perf --fp16 --gpu /new-saved-models/torchvision/resnet50i64.onnx
Compiling ... 
Reading: /new-saved-models/torchvision/resnet50i64.onnx
module: "main"
@0 = check_context::migraphx::gpu::context -> float_type, {}, {}, target_id=0
@1 = hip::hip_allocate_memory[shape=int8_type, {308281344}, {1},id=main:scratch] -> int8_type, {308281344}, {1}, target_id=0
@2 = hip::hip_copy_literal[id=main:@literal:61] -> half_type, {64}, {1}, target_id=0
input.1 = @param:input.1 -> float_type, {64, 3, 224, 224}, {150528, 50176, 224, 1}, target_id=0
@4 = load[offset=102760448,end=122028032](@1) -> half_type, {64, 3, 224, 224}, {150528, 50176, 224, 1}, target_id=0
@5 = gpu::code_object[code_object=3528,symbol_name=convert_kernel,global=2408448,local=1024,](input.1,@4) -> half_type, {64, 3, 224, 224}, {150528, 50176, 224, 1}, target_id=0
@6 = hip::hip_copy_literal[id=main:@literal:72] -> half_type, {64, 3, 7, 7}, {147, 49, 7, 1}, target_id=0
@7 = broadcast[axis=1,out_lens={64, 64, 112, 112}](@2) -> half_type, {64, 64, 112, 112}, {0, 1, 0, 0}, target_id=0
@8 = load[offset=0,end=102760448](@1) -> half_type, {64, 64, 112, 112}, {802816, 12544, 112, 1}, target_id=0
@9 = gpu::code_object[code_object=10256,symbol_name=mlir_convolution_add_relu,global=802816,local=256,](@7,@5,@6,@8) -> half_type, {64, 64, 112, 112}, {802816, 12544, 112, 1}, target_id=0
@10 = load[offset=199098368,end=224788480](@1) -> half_type, {64, 64, 56, 56}, {200704, 3136, 56, 1}, target_id=0
@11 = gpu::pooling[mode=max,padding={1, 1, 1, 1},padding_mode=0,stride={2, 2},lengths={3, 3},ceil_mode=0,lp_order=2,dyn_global=0](@9,@10) -> half_type, {64, 64, 56, 56}, {200704, 3136, 56, 1}, target_id=0
@12 = hip::hip_copy_literal[id=main:@literal:3] -> half_type, {64}, {1}, target_id=0
@13 = hip::hip_copy_literal[id=main:@literal:55] -> half_type, {64, 64, 1, 1}, {64, 1, 1, 1}, target_id=0
@14 = load[offset=51380224,end=77070336](@1) -> half_type, {64, 64, 56, 56}, {200704, 3136, 56, 1}, target_id=0
@15 = broadcast[axis=1,out_lens={64, 64, 56, 56}](@12) -> half_type, {64, 64, 56, 56}, {0, 1, 0, 0}, target_id=0
@16 = gpu::code_object[code_object=4856,symbol_name=mlir_convolution_add_relu,global=802816,local=256,](@15,@11,@13,@14) -> half_type, {64, 64, 56, 56}, {200704, 3136, 56, 1}, target_id=0
@17 = hip::hip_copy_literal[id=main:@literal:52] -> half_type, {64, 64, 3, 3}, {576, 9, 3, 1}, target_id=0
@18 = load[offset=0,end=0](@1) -> int8_type, {0}, {1}, target_id=0
@19 = load[offset=25690112,end=51380224](@1) -> half_type, {64, 64, 56, 56}, {200704, 3136, 56, 1}, target_id=0
@20 = gpu::convolution[op={padding={1, 1, 1, 1},stride={1, 1},dilation={1, 1},group=1,padding_mode=0},solution_object={binary_object: 451},algo=0,solution_id=0](@16,@17,@18,@19) -> half_type, {64, 64, 56, 56}, {200704, 3136, 56, 1}, target_id=0
@21 = hip::hip_copy_literal[id=main:@literal:50] -> half_type, {256, 128, 1, 1}, {128, 1, 1, 1}, target_id=0
@22 = hip::hip_copy_literal[id=main:@literal:60] -> half_type, {256}, {1}, target_id=0
@23 = hip::hip_copy_literal[id=main:@literal:78] -> half_type, {64}, {1}, target_id=0
@24 = load[offset=0,end=25690112](@1) -> half_type, {64, 64, 56, 56}, {200704, 3136, 56, 1}, target_id=0
@25 = broadcast[axis=1,out_lens={64, 64, 56, 56}](@23) -> half_type, {64, 64, 56, 56}, {0, 1, 0, 0}, target_id=0
@26 = gpu::code_object[code_object=3880,symbol_name=add_relu_kernel,global=1605632,local=1024,](@20,@25,@24) -> half_type, {64, 64, 56, 56}, {200704, 3136, 56, 1}, target_id=0
@27 = load[offset=51380224,end=102760448](@1) -> half_type, {64, 128, 56, 56}, {401408, 3136, 56, 1}, target_id=0
@28 = gpu::code_object[code_object=3984,symbol_name=concat_kernel,global=3211264,local=1024,](@26,@11,@27) -> half_type, {64, 128, 56, 56}, {401408, 3136, 56, 1}, target_id=0
@29 = load[offset=205520896,end=308281344](@1) -> half_type, {64, 256, 56, 56}, {802816, 3136, 56, 1}, target_id=0
@30 = broadcast[axis=1,out_lens={64, 256, 56, 56}](@22) -> half_type, {64, 256, 56, 56}, {0, 1, 0, 0}, target_id=0
@31 = gpu::code_object[code_object=9160,symbol_name=mlir_convolution_add_relu,global=802816,local=256,](@30,@28,@21,@29) -> half_type, {64, 256, 56, 56}, {802816, 3136, 56, 1}, target_id=0
@32 = hip::hip_copy_literal[id=main:@literal:48] -> half_type, {64, 256, 1, 1}, {256, 1, 1, 1}, target_id=0
@33 = hip::hip_copy_literal[id=main:@literal:47] -> half_type, {64}, {1}, target_id=0
@34 = load[offset=51380224,end=77070336](@1) -> half_type, {64, 64, 56, 56}, {200704, 3136, 56, 1}, target_id=0
@35 = broadcast[axis=1,out_lens={64, 64, 56, 56}](@33) -> half_type, {64, 64, 56, 56}, {0, 1, 0, 0}, target_id=0
@36 = gpu::code_object[code_object=8016,symbol_name=mlir_convolution_add_relu,global=200704,local=256,](@35,@31,@32,@34) -> half_type, {64, 64, 56, 56}, {200704, 3136, 56, 1}, target_id=0
@37 = hip::hip_copy_literal[id=main:@literal:17] -> half_type, {64, 64, 3, 3}, {576, 9, 3, 1}, target_id=0
@38 = load[offset=0,end=0](@1) -> int8_type, {0}, {1}, target_id=0
@39 = load[offset=25690112,end=51380224](@1) -> half_type, {64, 64, 56, 56}, {200704, 3136, 56, 1}, target_id=0
@40 = gpu::convolution[op={padding={1, 1, 1, 1},stride={1, 1},dilation={1, 1},group=1,padding_mode=0},solution_object={binary_object: 451},algo=0,solution_id=0](@36,@37,@38,@39) -> half_type, {64, 64, 56, 56}, {200704, 3136, 56, 1}, target_id=0
@41 = hip::hip_copy_literal[id=main:@literal:14] -> half_type, {64}, {1}, target_id=0
@42 = broadcast[axis=1,out_lens={64, 64, 56, 56}](@41) -> half_type, {64, 64, 56, 56}, {0, 1, 0, 0}, target_id=0
@43 = load[offset=0,end=25690112](@1) -> half_type, {64, 64, 56, 56}, {200704, 3136, 56, 1}, target_id=0
@44 = gpu::code_object[code_object=3880,symbol_name=add_relu_kernel,global=1605632,local=1024,](@40,@42,@43) -> half_type, {64, 64, 56, 56}, {200704, 3136, 56, 1}, target_id=0
@45 = hip::hip_copy_literal[id=main:@literal:32] -> half_type, {256}, {1}, target_id=0
@46 = hip::hip_copy_literal[id=main:@literal:37] -> half_type, {256, 64, 1, 1}, {64, 1, 1, 1}, target_id=0
@47 = broadcast[axis=1,out_lens={64, 256, 56, 56}](@45) -> half_type, {64, 256, 56, 56}, {0, 1, 0, 0}, target_id=0
@48 = load[offset=102760448,end=205520896](@1) -> half_type, {64, 256, 56, 56}, {802816, 3136, 56, 1}, target_id=0
@49 = gpu::code_object[code_object=6616,symbol_name=mlir_convolution_add_add_relu,global=1605632,local=256,](@47,@31,@44,@46,@48) -> half_type, {64, 256, 56, 56}, {802816, 3136, 56, 1}, target_id=0
@50 = hip::hip_copy_literal[id=main:@literal:62] -> half_type, {64, 256, 1, 1}, {256, 1, 1, 1}, target_id=0
@51 = hip::hip_copy_literal[id=main:@literal:65] -> half_type, {64}, {1}, target_id=0
@52 = broadcast[axis=1,out_lens={64, 64, 56, 56}](@51) -> half_type, {64, 64, 56, 56}, {0, 1, 0, 0}, target_id=0
@53 = load[offset=25690112,end=51380224](@1) -> half_type, {64, 64, 56, 56}, {200704, 3136, 56, 1}, target_id=0
@54 = gpu::code_object[code_object=8016,symbol_name=mlir_convolution_add_relu,global=200704,local=256,](@52,@49,@50,@53) -> half_type, {64, 64, 56, 56}, {200704, 3136, 56, 1}, target_id=0
@55 = hip::hip_copy_literal[id=main:@literal:41] -> half_type, {64, 64, 3, 3}, {576, 9, 3, 1}, target_id=0
@56 = load[offset=0,end=0](@1) -> int8_type, {0}, {1}, target_id=0
@57 = load[offset=0,end=25690112](@1) -> half_type, {64, 64, 56, 56}, {200704, 3136, 56, 1}, target_id=0
@58 = gpu::convolution[op={padding={1, 1, 1, 1},stride={1, 1},dilation={1, 1},group=1,padding_mode=0},solution_object={binary_object: 451},algo=0,solution_id=0](@54,@55,@56,@57) -> half_type, {64, 64, 56, 56}, {200704, 3136, 56, 1}, target_id=0
@59 = hip::hip_copy_literal[id=main:@literal:44] -> half_type, {256, 64, 1, 1}, {64, 1, 1, 1}, target_id=0
@60 = hip::hip_copy_literal[id=main:@literal:66] -> half_type, {256}, {1}, target_id=0
@61 = hip::hip_copy_literal[id=main:@literal:43] -> half_type, {64}, {1}, target_id=0
@62 = broadcast[axis=1,out_lens={64, 64, 56, 56}](@61) -> half_type, {64, 64, 56, 56}, {0, 1, 0, 0}, target_id=0
@63 = load[offset=205520896,end=231211008](@1) -> half_type, {64, 64, 56, 56}, {200704, 3136, 56, 1}, target_id=0
@64 = gpu::code_object[code_object=3880,symbol_name=add_relu_kernel,global=1605632,local=1024,](@58,@62,@63) -> half_type, {64, 64, 56, 56}, {200704, 3136, 56, 1}, target_id=0
@65 = broadcast[axis=1,out_lens={64, 256, 56, 56}](@60) -> half_type, {64, 256, 56, 56}, {0, 1, 0, 0}, target_id=0
@66 = load[offset=0,end=102760448](@1) -> half_type, {64, 256, 56, 56}, {802816, 3136, 56, 1}, target_id=0
@67 = gpu::code_object[code_object=6616,symbol_name=mlir_convolution_add_add_relu,global=1605632,local=256,](@65,@49,@64,@59,@66) -> half_type, {64, 256, 56, 56}, {802816, 3136, 56, 1}, target_id=0
@68 = hip::hip_copy_literal[id=main:@literal:74] -> half_type, {128, 256, 1, 1}, {256, 1, 1, 1}, target_id=0
@69 = hip::hip_copy_literal[id=main:@literal:53] -> half_type, {128}, {1}, target_id=0
@70 = broadcast[axis=1,out_lens={64, 128, 56, 56}](@69) -> half_type, {64, 128, 56, 56}, {0, 1, 0, 0}, target_id=0
@71 = load[offset=115605504,end=166985728](@1) -> half_type, {64, 128, 56, 56}, {401408, 3136, 56, 1}, target_id=0
@72 = gpu::code_object[code_object=8360,symbol_name=mlir_convolution_add_relu,global=401408,local=256,](@70,@67,@68,@71) -> half_type, {64, 128, 56, 56}, {401408, 3136, 56, 1}, target_id=0
@73 = hip::hip_copy_literal[id=main:@literal:56] -> half_type, {128, 128, 3, 3}, {1152, 9, 3, 1}, target_id=0
@74 = load[offset=0,end=0](@1) -> int8_type, {0}, {1}, target_id=0
@75 = load[offset=102760448,end=115605504](@1) -> half_type, {64, 128, 28, 28}, {100352, 784, 28, 1}, target_id=0
@76 = gpu::convolution[op={padding={1, 1, 1, 1},stride={2, 2},dilation={1, 1},group=1,padding_mode=0},solution_object={binary_object: 455},algo=0,solution_id=0](@72,@73,@74,@75) -> half_type, {64, 128, 28, 28}, {100352, 784, 28, 1}, target_id=0
@77 = hip::hip_copy_literal[id=main:@literal:77] -> half_type, {512}, {1}, target_id=0
@78 = hip::hip_copy_literal[id=main:@literal:54] -> half_type, {128}, {1}, target_id=0
@79 = broadcast[axis=1,out_lens={64, 128, 28, 28}](@78) -> half_type, {64, 128, 28, 28}, {0, 1, 0, 0}, target_id=0
@80 = load[offset=141295616,end=154140672](@1) -> half_type, {64, 128, 28, 28}, {100352, 784, 28, 1}, target_id=0
@81 = gpu::code_object[code_object=3880,symbol_name=add_relu_kernel,global=802816,local=1024,](@76,@79,@80) -> half_type, {64, 128, 28, 28}, {100352, 784, 28, 1}, target_id=0
@82 = hip::hip_copy_literal[id=main:@literal:58] -> half_type, {512, 384, 1, 1}, {384, 1, 1, 1}, target_id=0
@83 = load[offset=102760448,end=141295616](@1) -> half_type, {64, 384, 28, 28}, {301056, 784, 28, 1}, target_id=0
@84 = step[axes={2, 3},steps={2, 2}](@67) -> half_type, {64, 256, 28, 28}, {802816, 3136, 112, 2}, target_id=0
@85 = gpu::code_object[code_object=4328,symbol_name=concat_kernel,global=9633792,local=1024,](@81,@84,@83) -> half_type, {64, 384, 28, 28}, {301056, 784, 28, 1}, target_id=0
@86 = broadcast[axis=1,out_lens={64, 512, 28, 28}](@77) -> half_type, {64, 512, 28, 28}, {0, 1, 0, 0}, target_id=0
@87 = load[offset=141295616,end=192675840](@1) -> half_type, {64, 512, 28, 28}, {401408, 784, 28, 1}, target_id=0
@88 = gpu::code_object[code_object=8320,symbol_name=mlir_convolution_add_relu,global=401408,local=256,](@86,@85,@82,@87) -> half_type, {64, 512, 28, 28}, {401408, 784, 28, 1}, target_id=0
@89 = hip::hip_copy_literal[id=main:@literal:73] -> half_type, {128}, {1}, target_id=0
@90 = hip::hip_copy_literal[id=main:@literal:25] -> half_type, {128, 512, 1, 1}, {512, 1, 1, 1}, target_id=0
@91 = load[offset=0,end=12845056](@1) -> half_type, {64, 128, 28, 28}, {100352, 784, 28, 1}, target_id=0
@92 = broadcast[axis=1,out_lens={64, 128, 28, 28}](@89) -> half_type, {64, 128, 28, 28}, {0, 1, 0, 0}, target_id=0
@93 = gpu::code_object[code_object=8808,symbol_name=mlir_convolution_add_relu,global=100352,local=256,](@92,@88,@90,@91) -> half_type, {64, 128, 28, 28}, {100352, 784, 28, 1}, target_id=0
@94 = hip::hip_copy_literal[id=main:@literal:64] -> half_type, {128, 128, 3, 3}, {1152, 9, 3, 1}, target_id=0
@95 = load[offset=0,end=0](@1) -> int8_type, {0}, {1}, target_id=0
@96 = load[offset=25690112,end=38535168](@1) -> half_type, {64, 128, 28, 28}, {100352, 784, 28, 1}, target_id=0
@97 = gpu::convolution[op={padding={1, 1, 1, 1},stride={1, 1},dilation={1, 1},group=1,padding_mode=0},solution_object={binary_object: 455},algo=0,solution_id=0](@93,@94,@95,@96) -> half_type, {64, 128, 28, 28}, {100352, 784, 28, 1}, target_id=0
@98 = hip::hip_copy_literal[id=main:@literal:34] -> half_type, {128}, {1}, target_id=0
@99 = broadcast[axis=1,out_lens={64, 128, 28, 28}](@98) -> half_type, {64, 128, 28, 28}, {0, 1, 0, 0}, target_id=0
@100 = load[offset=12845056,end=25690112](@1) -> half_type, {64, 128, 28, 28}, {100352, 784, 28, 1}, target_id=0
@101 = gpu::code_object[code_object=3880,symbol_name=add_relu_kernel,global=802816,local=1024,](@97,@99,@100) -> half_type, {64, 128, 28, 28}, {100352, 784, 28, 1}, target_id=0
@102 = hip::hip_copy_literal[id=main:@literal:31] -> half_type, {512}, {1}, target_id=0
@103 = hip::hip_copy_literal[id=main:@literal:70] -> half_type, {512, 128, 1, 1}, {128, 1, 1, 1}, target_id=0
@104 = broadcast[axis=1,out_lens={64, 512, 28, 28}](@102) -> half_type, {64, 512, 28, 28}, {0, 1, 0, 0}, target_id=0
@105 = load[offset=77070336,end=128450560](@1) -> half_type, {64, 512, 28, 28}, {401408, 784, 28, 1}, target_id=0
@106 = gpu::code_object[code_object=7688,symbol_name=mlir_convolution_add_add_relu,global=802816,local=256,](@104,@88,@101,@103,@105) -> half_type, {64, 512, 28, 28}, {401408, 784, 28, 1}, target_id=0
@107 = hip::hip_copy_literal[id=main:@literal:30] -> half_type, {128, 512, 1, 1}, {512, 1, 1, 1}, target_id=0
@108 = hip::hip_copy_literal[id=main:@literal:29] -> half_type, {128}, {1}, target_id=0
@109 = load[offset=25690112,end=38535168](@1) -> half_type, {64, 128, 28, 28}, {100352, 784, 28, 1}, target_id=0
@110 = broadcast[axis=1,out_lens={64, 128, 28, 28}](@108) -> half_type, {64, 128, 28, 28}, {0, 1, 0, 0}, target_id=0
@111 = gpu::code_object[code_object=8808,symbol_name=mlir_convolution_add_relu,global=100352,local=256,](@110,@106,@107,@109) -> half_type, {64, 128, 28, 28}, {100352, 784, 28, 1}, target_id=0
@112 = hip::hip_copy_literal[id=main:@literal:51] -> half_type, {128, 128, 3, 3}, {1152, 9, 3, 1}, target_id=0
@113 = load[offset=0,end=0](@1) -> int8_type, {0}, {1}, target_id=0
@114 = load[offset=12845056,end=25690112](@1) -> half_type, {64, 128, 28, 28}, {100352, 784, 28, 1}, target_id=0
@115 = gpu::convolution[op={padding={1, 1, 1, 1},stride={1, 1},dilation={1, 1},group=1,padding_mode=0},solution_object={binary_object: 455},algo=0,solution_id=0](@111,@112,@113,@114) -> half_type, {64, 128, 28, 28}, {100352, 784, 28, 1}, target_id=0
@116 = hip::hip_copy_literal[id=main:@literal:24] -> half_type, {512}, {1}, target_id=0
@117 = hip::hip_copy_literal[id=main:@literal:76] -> half_type, {128}, {1}, target_id=0
@118 = hip::hip_copy_literal[id=main:@literal:26] -> half_type, {512, 128, 1, 1}, {128, 1, 1, 1}, target_id=0
@119 = load[offset=0,end=12845056](@1) -> half_type, {64, 128, 28, 28}, {100352, 784, 28, 1}, target_id=0
@120 = broadcast[axis=1,out_lens={64, 128, 28, 28}](@117) -> half_type, {64, 128, 28, 28}, {0, 1, 0, 0}, target_id=0
@121 = gpu::code_object[code_object=3880,symbol_name=add_relu_kernel,global=802816,local=1024,](@115,@120,@119) -> half_type, {64, 128, 28, 28}, {100352, 784, 28, 1}, target_id=0
@122 = load[offset=25690112,end=77070336](@1) -> half_type, {64, 512, 28, 28}, {401408, 784, 28, 1}, target_id=0
@123 = broadcast[axis=1,out_lens={64, 512, 28, 28}](@116) -> half_type, {64, 512, 28, 28}, {0, 1, 0, 0}, target_id=0
@124 = gpu::code_object[code_object=7688,symbol_name=mlir_convolution_add_add_relu,global=802816,local=256,](@123,@106,@121,@118,@122) -> half_type, {64, 512, 28, 28}, {401408, 784, 28, 1}, target_id=0
@125 = hip::hip_copy_literal[id=main:@literal:20] -> half_type, {128}, {1}, target_id=0
@126 = hip::hip_copy_literal[id=main:@literal:27] -> half_type, {128, 512, 1, 1}, {512, 1, 1, 1}, target_id=0
@127 = broadcast[axis=1,out_lens={64, 128, 28, 28}](@125) -> half_type, {64, 128, 28, 28}, {0, 1, 0, 0}, target_id=0
@128 = load[offset=12845056,end=25690112](@1) -> half_type, {64, 128, 28, 28}, {100352, 784, 28, 1}, target_id=0
@129 = gpu::code_object[code_object=8808,symbol_name=mlir_convolution_add_relu,global=100352,local=256,](@127,@124,@126,@128) -> half_type, {64, 128, 28, 28}, {100352, 784, 28, 1}, target_id=0
@130 = hip::hip_copy_literal[id=main:@literal:16] -> half_type, {128, 128, 3, 3}, {1152, 9, 3, 1}, target_id=0
@131 = load[offset=0,end=0](@1) -> int8_type, {0}, {1}, target_id=0
@132 = load[offset=0,end=12845056](@1) -> half_type, {64, 128, 28, 28}, {100352, 784, 28, 1}, target_id=0
@133 = gpu::convolution[op={padding={1, 1, 1, 1},stride={1, 1},dilation={1, 1},group=1,padding_mode=0},solution_object={binary_object: 455},algo=0,solution_id=0](@129,@130,@131,@132) -> half_type, {64, 128, 28, 28}, {100352, 784, 28, 1}, target_id=0
@134 = hip::hip_copy_literal[id=main:@literal:19] -> half_type, {512, 128, 1, 1}, {128, 1, 1, 1}, target_id=0
@135 = hip::hip_copy_literal[id=main:@literal:13] -> half_type, {128}, {1}, target_id=0
@136 = load[offset=77070336,end=89915392](@1) -> half_type, {64, 128, 28, 28}, {100352, 784, 28, 1}, target_id=0
@137 = broadcast[axis=1,out_lens={64, 128, 28, 28}](@135) -> half_type, {64, 128, 28, 28}, {0, 1, 0, 0}, target_id=0
@138 = gpu::code_object[code_object=3880,symbol_name=add_relu_kernel,global=802816,local=1024,](@133,@137,@136) -> half_type, {64, 128, 28, 28}, {100352, 784, 28, 1}, target_id=0
@139 = hip::hip_copy_literal[id=main:@literal:12] -> half_type, {512}, {1}, target_id=0
@140 = load[offset=147718144,end=199098368](@1) -> half_type, {64, 512, 28, 28}, {401408, 784, 28, 1}, target_id=0
@141 = broadcast[axis=1,out_lens={64, 512, 28, 28}](@139) -> half_type, {64, 512, 28, 28}, {0, 1, 0, 0}, target_id=0
@142 = gpu::code_object[code_object=7688,symbol_name=mlir_convolution_add_add_relu,global=802816,local=256,](@141,@124,@138,@134,@140) -> half_type, {64, 512, 28, 28}, {401408, 784, 28, 1}, target_id=0
@143 = hip::hip_copy_literal[id=main:@literal:21] -> half_type, {256, 512, 1, 1}, {512, 1, 1, 1}, target_id=0
@144 = hip::hip_copy_literal[id=main:@literal:39] -> half_type, {256}, {1}, target_id=0
@145 = broadcast[axis=1,out_lens={64, 256, 28, 28}](@144) -> half_type, {64, 256, 28, 28}, {0, 1, 0, 0}, target_id=0
@146 = load[offset=32112640,end=57802752](@1) -> half_type, {64, 256, 28, 28}, {200704, 784, 28, 1}, target_id=0
@147 = gpu::code_object[code_object=8296,symbol_name=mlir_convolution_add_relu,global=200704,local=256,](@145,@142,@143,@146) -> half_type, {64, 256, 28, 28}, {200704, 784, 28, 1}, target_id=0
@148 = hip::hip_copy_literal[id=main:@literal:9] -> half_type, {256, 256, 3, 3}, {2304, 9, 3, 1}, target_id=0
@149 = load[offset=0,end=0](@1) -> int8_type, {0}, {1}, target_id=0
@150 = load[offset=25690112,end=32112640](@1) -> half_type, {64, 256, 14, 14}, {50176, 196, 14, 1}, target_id=0
@151 = gpu::convolution[op={padding={1, 1, 1, 1},stride={2, 2},dilation={1, 1},group=1,padding_mode=0},solution_object={binary_object: 456},algo=0,solution_id=0](@147,@148,@149,@150) -> half_type, {64, 256, 14, 14}, {50176, 196, 14, 1}, target_id=0
@152 = hip::hip_copy_literal[id=main:@literal:68] -> half_type, {256}, {1}, target_id=0
@153 = broadcast[axis=1,out_lens={64, 256, 14, 14}](@152) -> half_type, {64, 256, 14, 14}, {0, 1, 0, 0}, target_id=0
@154 = load[offset=0,end=6422528](@1) -> half_type, {64, 256, 14, 14}, {50176, 196, 14, 1}, target_id=0
@155 = gpu::code_object[code_object=3848,symbol_name=add_relu_kernel,global=802816,local=1024,](@151,@153,@154) -> half_type, {64, 256, 14, 14}, {50176, 196, 14, 1}, target_id=0
@156 = hip::hip_copy_literal[id=main:@literal:8] -> half_type, {1024}, {1}, target_id=0
@157 = hip::hip_copy_literal[id=main:@literal:33] -> half_type, {1024, 768, 1, 1}, {768, 1, 1, 1}, target_id=0
@158 = step[axes={2, 3},steps={2, 2}](@142) -> half_type, {64, 512, 14, 14}, {401408, 784, 56, 2}, target_id=0
@159 = load[offset=12845056,end=32112640](@1) -> half_type, {64, 768, 14, 14}, {150528, 196, 14, 1}, target_id=0
@160 = gpu::code_object[code_object=4352,symbol_name=concat_kernel,global=4816896,local=1024,](@155,@158,@159) -> half_type, {64, 768, 14, 14}, {150528, 196, 14, 1}, target_id=0
@161 = load[offset=38535168,end=64225280](@1) -> half_type, {64, 1024, 14, 14}, {200704, 196, 14, 1}, target_id=0
@162 = broadcast[axis=1,out_lens={64, 1024, 14, 14}](@156) -> half_type, {64, 1024, 14, 14}, {0, 1, 0, 0}, target_id=0
@163 = gpu::code_object[code_object=8360,symbol_name=mlir_convolution_add_relu,global=200704,local=256,](@162,@160,@157,@161) -> half_type, {64, 1024, 14, 14}, {200704, 196, 14, 1}, target_id=0
@164 = hip::hip_copy_literal[id=main:@literal:7] -> half_type, {256, 1024, 1, 1}, {1024, 1, 1, 1}, target_id=0
@165 = hip::hip_copy_literal[id=main:@literal:5] -> half_type, {256}, {1}, target_id=0
@166 = hip::hip_copy_literal[id=main:@literal:67] -> half_type, {256, 256, 3, 3}, {2304, 9, 3, 1}, target_id=0
@167 = load[offset=12845056,end=19267584](@1) -> half_type, {64, 256, 14, 14}, {50176, 196, 14, 1}, target_id=0
@168 = broadcast[axis=1,out_lens={64, 256, 14, 14}](@165) -> half_type, {64, 256, 14, 14}, {0, 1, 0, 0}, target_id=0
@169 = gpu::code_object[code_object=8368,symbol_name=mlir_convolution_add_relu,global=50176,local=256,](@168,@163,@164,@167) -> half_type, {64, 256, 14, 14}, {50176, 196, 14, 1}, target_id=0
@170 = load[offset=0,end=0](@1) -> int8_type, {0}, {1}, target_id=0
@171 = load[offset=6422528,end=12845056](@1) -> half_type, {64, 256, 14, 14}, {50176, 196, 14, 1}, target_id=0
@172 = gpu::convolution[op={padding={1, 1, 1, 1},stride={1, 1},dilation={1, 1},group=1,padding_mode=0},solution_object={binary_object: 453},algo=0,solution_id=0](@169,@166,@170,@171) -> half_type, {64, 256, 14, 14}, {50176, 196, 14, 1}, target_id=0
@173 = hip::hip_copy_literal[id=main:@literal:2] -> half_type, {1024}, {1}, target_id=0
@174 = hip::hip_copy_literal[id=main:@literal:35] -> half_type, {256}, {1}, target_id=0
@175 = hip::hip_copy_literal[id=main:@literal:4] -> half_type, {1024, 256, 1, 1}, {256, 1, 1, 1}, target_id=0
@176 = broadcast[axis=1,out_lens={64, 256, 14, 14}](@174) -> half_type, {64, 256, 14, 14}, {0, 1, 0, 0}, target_id=0
@177 = load[offset=0,end=6422528](@1) -> half_type, {64, 256, 14, 14}, {50176, 196, 14, 1}, target_id=0
@178 = gpu::code_object[code_object=3848,symbol_name=add_relu_kernel,global=802816,local=1024,](@172,@176,@177) -> half_type, {64, 256, 14, 14}, {50176, 196, 14, 1}, target_id=0
@179 = load[offset=12845056,end=38535168](@1) -> half_type, {64, 1024, 14, 14}, {200704, 196, 14, 1}, target_id=0
@180 = broadcast[axis=1,out_lens={64, 1024, 14, 14}](@173) -> half_type, {64, 1024, 14, 14}, {0, 1, 0, 0}, target_id=0
@181 = gpu::code_object[code_object=9200,symbol_name=mlir_convolution_add_add_relu,global=200704,local=256,](@180,@163,@178,@175,@179) -> half_type, {64, 1024, 14, 14}, {200704, 196, 14, 1}, target_id=0
@182 = hip::hip_copy_literal[id=main:@literal:75] -> half_type, {256, 256, 3, 3}, {2304, 9, 3, 1}, target_id=0
@183 = hip::hip_copy_literal[id=main:@literal:1] -> half_type, {256, 1024, 1, 1}, {1024, 1, 1, 1}, target_id=0
@184 = hip::hip_copy_literal[id=main:@literal:49] -> half_type, {256}, {1}, target_id=0
@185 = broadcast[axis=1,out_lens={64, 256, 14, 14}](@184) -> half_type, {64, 256, 14, 14}, {0, 1, 0, 0}, target_id=0
@186 = load[offset=6422528,end=12845056](@1) -> half_type, {64, 256, 14, 14}, {50176, 196, 14, 1}, target_id=0
@187 = gpu::code_object[code_object=8368,symbol_name=mlir_convolution_add_relu,global=50176,local=256,](@185,@181,@183,@186) -> half_type, {64, 256, 14, 14}, {50176, 196, 14, 1}, target_id=0
@188 = load[offset=0,end=0](@1) -> int8_type, {0}, {1}, target_id=0
@189 = load[offset=0,end=6422528](@1) -> half_type, {64, 256, 14, 14}, {50176, 196, 14, 1}, target_id=0
@190 = gpu::convolution[op={padding={1, 1, 1, 1},stride={1, 1},dilation={1, 1},group=1,padding_mode=0},solution_object={binary_object: 453},algo=0,solution_id=0](@187,@182,@188,@189) -> half_type, {64, 256, 14, 14}, {50176, 196, 14, 1}, target_id=0
@191 = hip::hip_copy_literal[id=main:@literal:45] -> half_type, {1024}, {1}, target_id=0
@192 = hip::hip_copy_literal[id=main:@literal:79] -> half_type, {256}, {1}, target_id=0
@193 = hip::hip_copy_literal[id=main:@literal:80] -> half_type, {1024, 256, 1, 1}, {256, 1, 1, 1}, target_id=0
@194 = broadcast[axis=1,out_lens={64, 256, 14, 14}](@192) -> half_type, {64, 256, 14, 14}, {0, 1, 0, 0}, target_id=0
@195 = load[offset=38535168,end=44957696](@1) -> half_type, {64, 256, 14, 14}, {50176, 196, 14, 1}, target_id=0
@196 = gpu::code_object[code_object=3848,symbol_name=add_relu_kernel,global=802816,local=1024,](@190,@194,@195) -> half_type, {64, 256, 14, 14}, {50176, 196, 14, 1}, target_id=0
@197 = load[offset=64225280,end=89915392](@1) -> half_type, {64, 1024, 14, 14}, {200704, 196, 14, 1}, target_id=0
@198 = broadcast[axis=1,out_lens={64, 1024, 14, 14}](@191) -> half_type, {64, 1024, 14, 14}, {0, 1, 0, 0}, target_id=0
@199 = gpu::code_object[code_object=9200,symbol_name=mlir_convolution_add_add_relu,global=200704,local=256,](@198,@181,@196,@193,@197) -> half_type, {64, 1024, 14, 14}, {200704, 196, 14, 1}, target_id=0
@200 = hip::hip_copy_literal[id=main:@literal:83] -> half_type, {256}, {1}, target_id=0
@201 = hip::hip_copy_literal[id=main:@literal:82] -> half_type, {256, 1024, 1, 1}, {1024, 1, 1, 1}, target_id=0
@202 = hip::hip_copy_literal[id=main:@literal:84] -> half_type, {256, 256, 3, 3}, {2304, 9, 3, 1}, target_id=0
@203 = broadcast[axis=1,out_lens={64, 256, 14, 14}](@200) -> half_type, {64, 256, 14, 14}, {0, 1, 0, 0}, target_id=0
@204 = load[offset=0,end=6422528](@1) -> half_type, {64, 256, 14, 14}, {50176, 196, 14, 1}, target_id=0
@205 = gpu::code_object[code_object=8368,symbol_name=mlir_convolution_add_relu,global=50176,local=256,](@203,@199,@201,@204) -> half_type, {64, 256, 14, 14}, {50176, 196, 14, 1}, target_id=0
@206 = load[offset=0,end=0](@1) -> int8_type, {0}, {1}, target_id=0
@207 = load[offset=12845056,end=19267584](@1) -> half_type, {64, 256, 14, 14}, {50176, 196, 14, 1}, target_id=0
@208 = gpu::convolution[op={padding={1, 1, 1, 1},stride={1, 1},dilation={1, 1},group=1,padding_mode=0},solution_object={binary_object: 453},algo=0,solution_id=0](@205,@202,@206,@207) -> half_type, {64, 256, 14, 14}, {50176, 196, 14, 1}, target_id=0
@209 = hip::hip_copy_literal[id=main:@literal:87] -> half_type, {1024}, {1}, target_id=0
@210 = hip::hip_copy_literal[id=main:@literal:86] -> half_type, {1024, 256, 1, 1}, {256, 1, 1, 1}, target_id=0
@211 = hip::hip_copy_literal[id=main:@literal:85] -> half_type, {256}, {1}, target_id=0
@212 = load[offset=6422528,end=12845056](@1) -> half_type, {64, 256, 14, 14}, {50176, 196, 14, 1}, target_id=0
@213 = broadcast[axis=1,out_lens={64, 256, 14, 14}](@211) -> half_type, {64, 256, 14, 14}, {0, 1, 0, 0}, target_id=0
@214 = gpu::code_object[code_object=3848,symbol_name=add_relu_kernel,global=802816,local=1024,](@208,@213,@212) -> half_type, {64, 256, 14, 14}, {50176, 196, 14, 1}, target_id=0
@215 = load[offset=38535168,end=64225280](@1) -> half_type, {64, 1024, 14, 14}, {200704, 196, 14, 1}, target_id=0
@216 = broadcast[axis=1,out_lens={64, 1024, 14, 14}](@209) -> half_type, {64, 1024, 14, 14}, {0, 1, 0, 0}, target_id=0
@217 = gpu::code_object[code_object=9200,symbol_name=mlir_convolution_add_add_relu,global=200704,local=256,](@216,@199,@214,@210,@215) -> half_type, {64, 1024, 14, 14}, {200704, 196, 14, 1}, target_id=0
@218 = hip::hip_copy_literal[id=main:@literal:10] -> half_type, {256, 1024, 1, 1}, {1024, 1, 1, 1}, target_id=0
@219 = hip::hip_copy_literal[id=main:@literal:88] -> half_type, {256}, {1}, target_id=0
@220 = hip::hip_copy_literal[id=main:@literal:89] -> half_type, {256, 256, 3, 3}, {2304, 9, 3, 1}, target_id=0
@221 = broadcast[axis=1,out_lens={64, 256, 14, 14}](@219) -> half_type, {64, 256, 14, 14}, {0, 1, 0, 0}, target_id=0
@222 = load[offset=12845056,end=19267584](@1) -> half_type, {64, 256, 14, 14}, {50176, 196, 14, 1}, target_id=0
@223 = gpu::code_object[code_object=8368,symbol_name=mlir_convolution_add_relu,global=50176,local=256,](@221,@217,@218,@222) -> half_type, {64, 256, 14, 14}, {50176, 196, 14, 1}, target_id=0
@224 = load[offset=6422528,end=12845056](@1) -> half_type, {64, 256, 14, 14}, {50176, 196, 14, 1}, target_id=0
@225 = load[offset=0,end=0](@1) -> int8_type, {0}, {1}, target_id=0
@226 = gpu::convolution[op={padding={1, 1, 1, 1},stride={1, 1},dilation={1, 1},group=1,padding_mode=0},solution_object={binary_object: 453},algo=0,solution_id=0](@223,@220,@225,@224) -> half_type, {64, 256, 14, 14}, {50176, 196, 14, 1}, target_id=0
@227 = hip::hip_copy_literal[id=main:@literal:59] -> half_type, {1024, 256, 1, 1}, {256, 1, 1, 1}, target_id=0
@228 = hip::hip_copy_literal[id=main:@literal:91] -> half_type, {256}, {1}, target_id=0
@229 = hip::hip_copy_literal[id=main:@literal:22] -> half_type, {256}, {1}, target_id=0
@230 = hip::hip_copy_literal[id=main:@literal:18] -> half_type, {1024, 256, 1, 1}, {256, 1, 1, 1}, target_id=0
@231 = hip::hip_copy_literal[id=main:@literal:15] -> half_type, {1024}, {1}, target_id=0
@232 = hip::hip_copy_literal[id=main:@literal:92] -> half_type, {1024}, {1}, target_id=0
@233 = broadcast[axis=1,out_lens={64, 256, 14, 14}](@229) -> half_type, {64, 256, 14, 14}, {0, 1, 0, 0}, target_id=0
@234 = load[offset=0,end=6422528](@1) -> half_type, {64, 256, 14, 14}, {50176, 196, 14, 1}, target_id=0
@235 = gpu::code_object[code_object=3848,symbol_name=add_relu_kernel,global=802816,local=1024,](@226,@233,@234) -> half_type, {64, 256, 14, 14}, {50176, 196, 14, 1}, target_id=0
@236 = broadcast[axis=1,out_lens={64, 1024, 14, 14}](@231) -> half_type, {64, 1024, 14, 14}, {0, 1, 0, 0}, target_id=0
@237 = load[offset=12845056,end=38535168](@1) -> half_type, {64, 1024, 14, 14}, {200704, 196, 14, 1}, target_id=0
@238 = gpu::code_object[code_object=9200,symbol_name=mlir_convolution_add_add_relu,global=200704,local=256,](@236,@217,@235,@230,@237) -> half_type, {64, 1024, 14, 14}, {200704, 196, 14, 1}, target_id=0
@239 = hip::hip_copy_literal[id=main:@literal:71] -> half_type, {256, 256, 3, 3}, {2304, 9, 3, 1}, target_id=0
@240 = hip::hip_copy_literal[id=main:@literal:42] -> half_type, {256}, {1}, target_id=0
@241 = hip::hip_copy_literal[id=main:@literal:90] -> half_type, {256, 1024, 1, 1}, {1024, 1, 1, 1}, target_id=0
@242 = broadcast[axis=1,out_lens={64, 256, 14, 14}](@240) -> half_type, {64, 256, 14, 14}, {0, 1, 0, 0}, target_id=0
@243 = load[offset=6422528,end=12845056](@1) -> half_type, {64, 256, 14, 14}, {50176, 196, 14, 1}, target_id=0
@244 = gpu::code_object[code_object=8368,symbol_name=mlir_convolution_add_relu,global=50176,local=256,](@242,@238,@241,@243) -> half_type, {64, 256, 14, 14}, {50176, 196, 14, 1}, target_id=0
@245 = load[offset=0,end=0](@1) -> int8_type, {0}, {1}, target_id=0
@246 = load[offset=0,end=6422528](@1) -> half_type, {64, 256, 14, 14}, {50176, 196, 14, 1}, target_id=0
@247 = gpu::convolution[op={padding={1, 1, 1, 1},stride={1, 1},dilation={1, 1},group=1,padding_mode=0},solution_object={binary_object: 453},algo=0,solution_id=0](@244,@239,@245,@246) -> half_type, {64, 256, 14, 14}, {50176, 196, 14, 1}, target_id=0
@248 = load[offset=65732608,end=72155136](@1) -> half_type, {64, 256, 14, 14}, {50176, 196, 14, 1}, target_id=0
@249 = broadcast[axis=1,out_lens={64, 256, 14, 14}](@228) -> half_type, {64, 256, 14, 14}, {0, 1, 0, 0}, target_id=0
@250 = gpu::code_object[code_object=3848,symbol_name=add_relu_kernel,global=802816,local=1024,](@247,@249,@248) -> half_type, {64, 256, 14, 14}, {50176, 196, 14, 1}, target_id=0
@251 = broadcast[axis=1,out_lens={64, 1024, 14, 14}](@232) -> half_type, {64, 1024, 14, 14}, {0, 1, 0, 0}, target_id=0
@252 = load[offset=40042496,end=65732608](@1) -> half_type, {64, 1024, 14, 14}, {200704, 196, 14, 1}, target_id=0
@253 = gpu::code_object[code_object=9200,symbol_name=mlir_convolution_add_add_relu,global=200704,local=256,](@251,@238,@250,@227,@252) -> half_type, {64, 1024, 14, 14}, {200704, 196, 14, 1}, target_id=0
@254 = hip::hip_copy_literal[id=main:@literal:57] -> half_type, {512, 1024, 1, 1}, {1024, 1, 1, 1}, target_id=0
@255 = hip::hip_copy_literal[id=main:@literal:46] -> half_type, {512}, {1}, target_id=0
@256 = hip::hip_copy_literal[id=main:@literal:94] -> half_type, {512, 512, 3, 3}, {4608, 9, 3, 1}, target_id=0
@257 = broadcast[axis=1,out_lens={64, 512, 14, 14}](@255) -> half_type, {64, 512, 14, 14}, {0, 1, 0, 0}, target_id=0
@258 = load[offset=0,end=12845056](@1) -> half_type, {64, 512, 14, 14}, {100352, 196, 14, 1}, target_id=0
@259 = gpu::code_object[code_object=8368,symbol_name=mlir_convolution_add_relu,global=100352,local=256,](@257,@253,@254,@258) -> half_type, {64, 512, 14, 14}, {100352, 196, 14, 1}, target_id=0
@260 = load[offset=68943872,end=96141312](@1) -> int8_type, {27197440}, {1}, target_id=0
@261 = load[offset=65732608,end=68943872](@1) -> half_type, {64, 512, 7, 7}, {25088, 49, 7, 1}, target_id=0
@262 = gpu::convolution[op={padding={1, 1, 1, 1},stride={2, 2},dilation={1, 1},group=1,padding_mode=0},solution_object={binary_object: 558},algo=0,solution_id=0](@259,@256,@260,@261) -> half_type, {64, 512, 7, 7}, {25088, 49, 7, 1}, target_id=0
@263 = hip::hip_copy_literal[id=main:@literal:96] -> half_type, {512}, {1}, target_id=0
@264 = hip::hip_copy_literal[id=main:@literal:63] -> half_type, {2048, 1536, 1, 1}, {1536, 1, 1, 1}, target_id=0
@265 = hip::hip_copy_literal[id=main:@literal:93] -> half_type, {2048}, {1}, target_id=0
@266 = broadcast[axis=1,out_lens={64, 512, 7, 7}](@263) -> half_type, {64, 512, 7, 7}, {0, 1, 0, 0}, target_id=0
@267 = load[offset=0,end=3211264](@1) -> half_type, {64, 512, 7, 7}, {25088, 49, 7, 1}, target_id=0
@268 = gpu::code_object[code_object=3824,symbol_name=add_relu_kernel,global=1605632,local=1024,](@262,@266,@267) -> half_type, {64, 512, 7, 7}, {25088, 49, 7, 1}, target_id=0
@269 = load[offset=12845056,end=22478848](@1) -> half_type, {64, 1536, 7, 7}, {75264, 49, 7, 1}, target_id=0
@270 = step[axes={2, 3},steps={2, 2}](@253) -> half_type, {64, 1024, 7, 7}, {200704, 196, 28, 2}, target_id=0
@271 = gpu::code_object[code_object=4352,symbol_name=concat_kernel,global=2408448,local=1024,](@268,@270,@269) -> half_type, {64, 1536, 7, 7}, {75264, 49, 7, 1}, target_id=0
@272 = load[offset=0,end=12845056](@1) -> half_type, {64, 2048, 7, 7}, {100352, 49, 7, 1}, target_id=0
@273 = broadcast[axis=1,out_lens={64, 2048, 7, 7}](@265) -> half_type, {64, 2048, 7, 7}, {0, 1, 0, 0}, target_id=0
@274 = gpu::code_object[code_object=9192,symbol_name=mlir_convolution_add_relu,global=102400,local=256,](@273,@271,@264,@272) -> half_type, {64, 2048, 7, 7}, {100352, 49, 7, 1}, target_id=0
@275 = hip::hip_copy_literal[id=main:@literal:6] -> half_type, {512, 512, 3, 3}, {4608, 9, 3, 1}, target_id=0
@276 = hip::hip_copy_literal[id=main:@literal:38] -> half_type, {512}, {1}, target_id=0
@277 = hip::hip_copy_literal[id=main:@literal:81] -> half_type, {512, 2048, 1, 1}, {2048, 1, 1, 1}, target_id=0
@278 = load[offset=33619968,end=36831232](@1) -> half_type, {64, 512, 7, 7}, {25088, 49, 7, 1}, target_id=0
@279 = broadcast[axis=1,out_lens={64, 512, 7, 7}](@276) -> half_type, {64, 512, 7, 7}, {0, 1, 0, 0}, target_id=0
@280 = gpu::code_object[code_object=9296,symbol_name=mlir_convolution_add_relu,global=25600,local=256,](@279,@274,@277,@278) -> half_type, {64, 512, 7, 7}, {25088, 49, 7, 1}, target_id=0
@281 = load[offset=16056320,end=33619968](@1) -> int8_type, {17563648}, {1}, target_id=0
@282 = load[offset=12845056,end=16056320](@1) -> half_type, {64, 512, 7, 7}, {25088, 49, 7, 1}, target_id=0
@283 = gpu::convolution[op={padding={1, 1, 1, 1},stride={1, 1},dilation={1, 1},group=1,padding_mode=0},solution_object={binary_object: 555},algo=0,solution_id=0](@280,@275,@281,@282) -> half_type, {64, 512, 7, 7}, {25088, 49, 7, 1}, target_id=0
@284 = hip::hip_copy_literal[id=main:@literal:98] -> half_type, {2048}, {1}, target_id=0
@285 = hip::hip_copy_literal[id=main:@literal:36] -> half_type, {2048, 512, 1, 1}, {512, 1, 1, 1}, target_id=0
@286 = hip::hip_copy_literal[id=main:@literal:97] -> half_type, {512}, {1}, target_id=0
@287 = load[offset=16056320,end=19267584](@1) -> half_type, {64, 512, 7, 7}, {25088, 49, 7, 1}, target_id=0
@288 = broadcast[axis=1,out_lens={64, 512, 7, 7}](@286) -> half_type, {64, 512, 7, 7}, {0, 1, 0, 0}, target_id=0
@289 = gpu::code_object[code_object=3824,symbol_name=add_relu_kernel,global=1605632,local=1024,](@283,@288,@287) -> half_type, {64, 512, 7, 7}, {25088, 49, 7, 1}, target_id=0
@290 = load[offset=22478848,end=35323904](@1) -> half_type, {64, 2048, 7, 7}, {100352, 49, 7, 1}, target_id=0
@291 = broadcast[axis=1,out_lens={64, 2048, 7, 7}](@284) -> half_type, {64, 2048, 7, 7}, {0, 1, 0, 0}, target_id=0
@292 = gpu::code_object[code_object=10336,symbol_name=mlir_convolution_add_add_relu,global=102400,local=256,](@291,@274,@289,@285,@290) -> half_type, {64, 2048, 7, 7}, {100352, 49, 7, 1}, target_id=0
@293 = hip::hip_copy_literal[id=main:@literal:95] -> half_type, {512, 2048, 1, 1}, {2048, 1, 1, 1}, target_id=0
@294 = hip::hip_copy_literal[id=main:@literal:11] -> half_type, {512, 512, 3, 3}, {4608, 9, 3, 1}, target_id=0
@295 = hip::hip_copy_literal[id=main:@literal:40] -> half_type, {512}, {1}, target_id=0
@296 = broadcast[axis=1,out_lens={64, 512, 7, 7}](@295) -> half_type, {64, 512, 7, 7}, {0, 1, 0, 0}, target_id=0
@297 = load[offset=0,end=3211264](@1) -> half_type, {64, 512, 7, 7}, {25088, 49, 7, 1}, target_id=0
@298 = gpu::code_object[code_object=9296,symbol_name=mlir_convolution_add_relu,global=25600,local=256,](@296,@292,@293,@297) -> half_type, {64, 512, 7, 7}, {25088, 49, 7, 1}, target_id=0
@299 = load[offset=38535168,end=56098816](@1) -> int8_type, {17563648}, {1}, target_id=0
@300 = load[offset=35323904,end=38535168](@1) -> half_type, {64, 512, 7, 7}, {25088, 49, 7, 1}, target_id=0
@301 = gpu::convolution[op={padding={1, 1, 1, 1},stride={1, 1},dilation={1, 1},group=1,padding_mode=0},solution_object={binary_object: 555},algo=0,solution_id=0](@298,@294,@299,@300) -> half_type, {64, 512, 7, 7}, {25088, 49, 7, 1}, target_id=0
@302 = hip::hip_copy_literal[id=main:@literal:69] -> half_type, {512}, {1}, target_id=0
@303 = hip::hip_copy_literal[id=main:@literal:28] -> half_type, {2048, 512, 1, 1}, {512, 1, 1, 1}, target_id=0
@304 = broadcast[axis=1,out_lens={64, 512, 7, 7}](@302) -> half_type, {64, 512, 7, 7}, {0, 1, 0, 0}, target_id=0
@305 = load[offset=0,end=3211264](@1) -> half_type, {64, 512, 7, 7}, {25088, 49, 7, 1}, target_id=0
@306 = gpu::code_object[code_object=3824,symbol_name=add_relu_kernel,global=1605632,local=1024,](@301,@304,@305) -> half_type, {64, 512, 7, 7}, {25088, 49, 7, 1}, target_id=0
@307 = load[offset=0,end=0](@1) -> int8_type, {0}, {1}, target_id=0
@308 = load[offset=35323904,end=48168960](@1) -> half_type, {64, 2048, 7, 7}, {100352, 49, 7, 1}, target_id=0
@309 = gpu::convolution[op={padding={0, 0, 0, 0},stride={1, 1},dilation={1, 1},group=1,padding_mode=0},solution_object={binary_object: 473},algo=0,solution_id=0](@306,@303,@307,@308) -> half_type, {64, 2048, 7, 7}, {100352, 49, 7, 1}, target_id=0
@310 = hip::hip_copy_literal[id=main:@literal:99] -> half_type, {2048}, {1}, target_id=0
@311 = hip::hip_copy_literal[id=main:@literal:0] -> half_type, {2048, 1000}, {1000, 1}, target_id=0
@312 = hip::hip_copy_literal[id=main:@literal:23] -> half_type, {1000}, {1}, target_id=0
@313 = broadcast[axis=1,out_lens={64, 2048, 7, 7}](@310) -> half_type, {64, 2048, 7, 7}, {0, 1, 0, 0}, target_id=0
@314 = load[offset=0,end=262144](@1) -> half_type, {64, 2048, 1, 1}, {2048, 1, 1, 1}, target_id=0
@315 = gpu::code_object[code_object=4048,symbol_name=add_add_relu_reduce_mean_kernel,global=8388608,local=64,](@309,@313,@292,@314) -> half_type, {64, 2048, 1, 1}, {2048, 1, 1, 1}, target_id=0
@316 = load[offset=262144,end=390144](@1) -> half_type, {64, 1000}, {1000, 1}, target_id=0
@317 = flatten[axis=1](@315) -> half_type, {64, 2048}, {2048, 1}, target_id=0
@318 = gpu::gemm[alpha=1,beta=0,compute_fp32=1,trans_batch=0,solution_idx=0](@317,@311,@316) -> half_type, {64, 1000}, {1000, 1}, target_id=0
main:#output_0 = @param:main:#output_0 -> float_type, {64, 1000}, {1000, 1}, target_id=0
@320 = multibroadcast[out_lens={64, 1000},out_dyn_dims={}](@312) -> half_type, {64, 1000}, {0, 1}, target_id=0
@321 = gpu::code_object[code_object=3856,symbol_name=add_convert_kernel,global=32000,local=1024,](@318,@320,main:#output_0) -> float_type, {64, 1000}, {1000, 1}, target_id=0
@322 = @return(@321), target_id=0


Allocating params ... 
Running performance report ... 
@0 = check_context::migraphx::gpu::context -> float_type, {}, {}, target_id=0: 0.00098638ms, 1%
@1 = hip::hip_allocate_memory[shape=int8_type, {308281344}, {1},id=main:scratch] -> int8_type, {308281344}, {1}, target_id=0: 0.00093738ms, 1%
@2 = hip::hip_copy_literal[id=main:@literal:61] -> half_type, {64}, {1}, target_id=0: 0.0007536ms, 1%
input.1 = @param:input.1 -> float_type, {64, 3, 224, 224}, {150528, 50176, 224, 1}, target_id=0: 0.00047202ms, 1%
@4 = load[offset=102760448,end=122028032](@1) -> half_type, {64, 3, 224, 224}, {150528, 50176, 224, 1}, target_id=0: 0.00077828ms, 1%
@5 = gpu::code_object[code_object=3528,symbol_name=convert_kernel,global=2408448,local=1024,](input.1,@4) -> half_type, {64, 3, 224, 224}, {150528, 50176, 224, 1}, target_id=0: 0.0762808ms, 1%
@6 = hip::hip_copy_literal[id=main:@literal:72] -> half_type, {64, 3, 7, 7}, {147, 49, 7, 1}, target_id=0: 0.00075102ms, 1%
@7 = broadcast[axis=1,out_lens={64, 64, 112, 112}](@2) -> half_type, {64, 64, 112, 112}, {0, 1, 0, 0}, target_id=0: 0.0010217ms, 1%
@8 = load[offset=0,end=102760448](@1) -> half_type, {64, 64, 112, 112}, {802816, 12544, 112, 1}, target_id=0: 0.0006496ms, 1%
@9 = gpu::code_object[code_object=10256,symbol_name=mlir_convolution_add_relu,global=802816,local=256,](@7,@5,@6,@8) -> half_type, {64, 64, 112, 112}, {802816, 12544, 112, 1}, target_id=0: 0.415168ms, 4%
@10 = load[offset=199098368,end=224788480](@1) -> half_type, {64, 64, 56, 56}, {200704, 3136, 56, 1}, target_id=0: 0.0007673ms, 1%
@11 = gpu::pooling[mode=max,padding={1, 1, 1, 1},padding_mode=0,stride={2, 2},lengths={3, 3},ceil_mode=0,lp_order=2,dyn_global=0](@9,@10) -> half_type, {64, 64, 56, 56}, {200704, 3136, 56, 1}, target_id=0: 0.29326ms, 3%
@12 = hip::hip_copy_literal[id=main:@literal:3] -> half_type, {64}, {1}, target_id=0: 0.00082044ms, 1%
@13 = hip::hip_copy_literal[id=main:@literal:55] -> half_type, {64, 64, 1, 1}, {64, 1, 1, 1}, target_id=0: 0.00081052ms, 1%
@14 = load[offset=51380224,end=77070336](@1) -> half_type, {64, 64, 56, 56}, {200704, 3136, 56, 1}, target_id=0: 0.00069346ms, 1%
@15 = broadcast[axis=1,out_lens={64, 64, 56, 56}](@12) -> half_type, {64, 64, 56, 56}, {0, 1, 0, 0}, target_id=0: 0.00097442ms, 1%
@16 = gpu::code_object[code_object=4856,symbol_name=mlir_convolution_add_relu,global=802816,local=256,](@15,@11,@13,@14) -> half_type, {64, 64, 56, 56}, {200704, 3136, 56, 1}, target_id=0: 0.0738693ms, 1%
@17 = hip::hip_copy_literal[id=main:@literal:52] -> half_type, {64, 64, 3, 3}, {576, 9, 3, 1}, target_id=0: 0.00081396ms, 1%
@18 = load[offset=0,end=0](@1) -> int8_type, {0}, {1}, target_id=0: 0.0006876ms, 1%
@19 = load[offset=25690112,end=51380224](@1) -> half_type, {64, 64, 56, 56}, {200704, 3136, 56, 1}, target_id=0: 0.00061536ms, 1%
@20 = gpu::convolution[op={padding={1, 1, 1, 1},stride={1, 1},dilation={1, 1},group=1,padding_mode=0},solution_object={binary_object: 451},algo=0,solution_id=0](@16,@17,@18,@19) -> half_type, {64, 64, 56, 56}, {200704, 3136, 56, 1}, target_id=0: 0.264247ms, 3%
@21 = hip::hip_copy_literal[id=main:@literal:50] -> half_type, {256, 128, 1, 1}, {128, 1, 1, 1}, target_id=0: 0.00082624ms, 1%
@22 = hip::hip_copy_literal[id=main:@literal:60] -> half_type, {256}, {1}, target_id=0: 0.00058488ms, 1%
@23 = hip::hip_copy_literal[id=main:@literal:78] -> half_type, {64}, {1}, target_id=0: 0.00079582ms, 1%
@24 = load[offset=0,end=25690112](@1) -> half_type, {64, 64, 56, 56}, {200704, 3136, 56, 1}, target_id=0: 0.0006923ms, 1%
@25 = broadcast[axis=1,out_lens={64, 64, 56, 56}](@23) -> half_type, {64, 64, 56, 56}, {0, 1, 0, 0}, target_id=0: 0.00093138ms, 1%
@26 = gpu::code_object[code_object=3880,symbol_name=add_relu_kernel,global=1605632,local=1024,](@20,@25,@24) -> half_type, {64, 64, 56, 56}, {200704, 3136, 56, 1}, target_id=0: 0.0678567ms, 1%
@27 = load[offset=51380224,end=102760448](@1) -> half_type, {64, 128, 56, 56}, {401408, 3136, 56, 1}, target_id=0: 0.00079038ms, 1%
@28 = gpu::code_object[code_object=3984,symbol_name=concat_kernel,global=3211264,local=1024,](@26,@11,@27) -> half_type, {64, 128, 56, 56}, {401408, 3136, 56, 1}, target_id=0: 0.11689ms, 2%
@29 = load[offset=205520896,end=308281344](@1) -> half_type, {64, 256, 56, 56}, {802816, 3136, 56, 1}, target_id=0: 0.00075354ms, 1%
@30 = broadcast[axis=1,out_lens={64, 256, 56, 56}](@22) -> half_type, {64, 256, 56, 56}, {0, 1, 0, 0}, target_id=0: 0.00084166ms, 1%
@31 = gpu::code_object[code_object=9160,symbol_name=mlir_convolution_add_relu,global=802816,local=256,](@30,@28,@21,@29) -> half_type, {64, 256, 56, 56}, {802816, 3136, 56, 1}, target_id=0: 0.210969ms, 2%
@32 = hip::hip_copy_literal[id=main:@literal:48] -> half_type, {64, 256, 1, 1}, {256, 1, 1, 1}, target_id=0: 0.00075492ms, 1%
@33 = hip::hip_copy_literal[id=main:@literal:47] -> half_type, {64}, {1}, target_id=0: 0.00063894ms, 1%
@34 = load[offset=51380224,end=77070336](@1) -> half_type, {64, 64, 56, 56}, {200704, 3136, 56, 1}, target_id=0: 0.00064464ms, 1%
@35 = broadcast[axis=1,out_lens={64, 64, 56, 56}](@33) -> half_type, {64, 64, 56, 56}, {0, 1, 0, 0}, target_id=0: 0.00088366ms, 1%
@36 = gpu::code_object[code_object=8016,symbol_name=mlir_convolution_add_relu,global=200704,local=256,](@35,@31,@32,@34) -> half_type, {64, 64, 56, 56}, {200704, 3136, 56, 1}, target_id=0: 0.160592ms, 2%
@37 = hip::hip_copy_literal[id=main:@literal:17] -> half_type, {64, 64, 3, 3}, {576, 9, 3, 1}, target_id=0: 0.00074138ms, 1%
@38 = load[offset=0,end=0](@1) -> int8_type, {0}, {1}, target_id=0: 0.00065122ms, 1%
@39 = load[offset=25690112,end=51380224](@1) -> half_type, {64, 64, 56, 56}, {200704, 3136, 56, 1}, target_id=0: 0.0006119ms, 1%
@40 = gpu::convolution[op={padding={1, 1, 1, 1},stride={1, 1},dilation={1, 1},group=1,padding_mode=0},solution_object={binary_object: 451},algo=0,solution_id=0](@36,@37,@38,@39) -> half_type, {64, 64, 56, 56}, {200704, 3136, 56, 1}, target_id=0: 0.26858ms, 3%
@41 = hip::hip_copy_literal[id=main:@literal:14] -> half_type, {64}, {1}, target_id=0: 0.00079088ms, 1%
@42 = broadcast[axis=1,out_lens={64, 64, 56, 56}](@41) -> half_type, {64, 64, 56, 56}, {0, 1, 0, 0}, target_id=0: 0.00091686ms, 1%
@43 = load[offset=0,end=25690112](@1) -> half_type, {64, 64, 56, 56}, {200704, 3136, 56, 1}, target_id=0: 0.00069386ms, 1%
@44 = gpu::code_object[code_object=3880,symbol_name=add_relu_kernel,global=1605632,local=1024,](@40,@42,@43) -> half_type, {64, 64, 56, 56}, {200704, 3136, 56, 1}, target_id=0: 0.0678842ms, 1%
@45 = hip::hip_copy_literal[id=main:@literal:32] -> half_type, {256}, {1}, target_id=0: 0.00074268ms, 1%
@46 = hip::hip_copy_literal[id=main:@literal:37] -> half_type, {256, 64, 1, 1}, {64, 1, 1, 1}, target_id=0: 0.0006515ms, 1%
@47 = broadcast[axis=1,out_lens={64, 256, 56, 56}](@45) -> half_type, {64, 256, 56, 56}, {0, 1, 0, 0}, target_id=0: 0.00085398ms, 1%
@48 = load[offset=102760448,end=205520896](@1) -> half_type, {64, 256, 56, 56}, {802816, 3136, 56, 1}, target_id=0: 0.00063276ms, 1%
@49 = gpu::code_object[code_object=6616,symbol_name=mlir_convolution_add_add_relu,global=1605632,local=256,](@47,@31,@44,@46,@48) -> half_type, {64, 256, 56, 56}, {802816, 3136, 56, 1}, target_id=0: 0.260954ms, 3%
@50 = hip::hip_copy_literal[id=main:@literal:62] -> half_type, {64, 256, 1, 1}, {256, 1, 1, 1}, target_id=0: 0.00076162ms, 1%
@51 = hip::hip_copy_literal[id=main:@literal:65] -> half_type, {64}, {1}, target_id=0: 0.00057338ms, 1%
@52 = broadcast[axis=1,out_lens={64, 64, 56, 56}](@51) -> half_type, {64, 64, 56, 56}, {0, 1, 0, 0}, target_id=0: 0.00084482ms, 1%
@53 = load[offset=25690112,end=51380224](@1) -> half_type, {64, 64, 56, 56}, {200704, 3136, 56, 1}, target_id=0: 0.00067674ms, 1%
@54 = gpu::code_object[code_object=8016,symbol_name=mlir_convolution_add_relu,global=200704,local=256,](@52,@49,@50,@53) -> half_type, {64, 64, 56, 56}, {200704, 3136, 56, 1}, target_id=0: 0.161037ms, 2%
@55 = hip::hip_copy_literal[id=main:@literal:41] -> half_type, {64, 64, 3, 3}, {576, 9, 3, 1}, target_id=0: 0.0007624ms, 1%
@56 = load[offset=0,end=0](@1) -> int8_type, {0}, {1}, target_id=0: 0.00064926ms, 1%
@57 = load[offset=0,end=25690112](@1) -> half_type, {64, 64, 56, 56}, {200704, 3136, 56, 1}, target_id=0: 0.00065338ms, 1%
@58 = gpu::convolution[op={padding={1, 1, 1, 1},stride={1, 1},dilation={1, 1},group=1,padding_mode=0},solution_object={binary_object: 451},algo=0,solution_id=0](@54,@55,@56,@57) -> half_type, {64, 64, 56, 56}, {200704, 3136, 56, 1}, target_id=0: 0.260057ms, 3%
@59 = hip::hip_copy_literal[id=main:@literal:44] -> half_type, {256, 64, 1, 1}, {64, 1, 1, 1}, target_id=0: 0.00077802ms, 1%
@60 = hip::hip_copy_literal[id=main:@literal:66] -> half_type, {256}, {1}, target_id=0: 0.00060494ms, 1%
@61 = hip::hip_copy_literal[id=main:@literal:43] -> half_type, {64}, {1}, target_id=0: 0.00070884ms, 1%
@62 = broadcast[axis=1,out_lens={64, 64, 56, 56}](@61) -> half_type, {64, 64, 56, 56}, {0, 1, 0, 0}, target_id=0: 0.00088592ms, 1%
@63 = load[offset=205520896,end=231211008](@1) -> half_type, {64, 64, 56, 56}, {200704, 3136, 56, 1}, target_id=0: 0.0006877ms, 1%
@64 = gpu::code_object[code_object=3880,symbol_name=add_relu_kernel,global=1605632,local=1024,](@58,@62,@63) -> half_type, {64, 64, 56, 56}, {200704, 3136, 56, 1}, target_id=0: 0.0677979ms, 1%
@65 = broadcast[axis=1,out_lens={64, 256, 56, 56}](@60) -> half_type, {64, 256, 56, 56}, {0, 1, 0, 0}, target_id=0: 0.00091656ms, 1%
@66 = load[offset=0,end=102760448](@1) -> half_type, {64, 256, 56, 56}, {802816, 3136, 56, 1}, target_id=0: 0.0006455ms, 1%
@67 = gpu::code_object[code_object=6616,symbol_name=mlir_convolution_add_add_relu,global=1605632,local=256,](@65,@49,@64,@59,@66) -> half_type, {64, 256, 56, 56}, {802816, 3136, 56, 1}, target_id=0: 0.260684ms, 3%
@68 = hip::hip_copy_literal[id=main:@literal:74] -> half_type, {128, 256, 1, 1}, {256, 1, 1, 1}, target_id=0: 0.00084292ms, 1%
@69 = hip::hip_copy_literal[id=main:@literal:53] -> half_type, {128}, {1}, target_id=0: 0.00060558ms, 1%
@70 = broadcast[axis=1,out_lens={64, 128, 56, 56}](@69) -> half_type, {64, 128, 56, 56}, {0, 1, 0, 0}, target_id=0: 0.00089392ms, 1%
@71 = load[offset=115605504,end=166985728](@1) -> half_type, {64, 128, 56, 56}, {401408, 3136, 56, 1}, target_id=0: 0.00064958ms, 1%
@72 = gpu::code_object[code_object=8360,symbol_name=mlir_convolution_add_relu,global=401408,local=256,](@70,@67,@68,@71) -> half_type, {64, 128, 56, 56}, {401408, 3136, 56, 1}, target_id=0: 0.202351ms, 2%
@73 = hip::hip_copy_literal[id=main:@literal:56] -> half_type, {128, 128, 3, 3}, {1152, 9, 3, 1}, target_id=0: 0.00070758ms, 1%
@74 = load[offset=0,end=0](@1) -> int8_type, {0}, {1}, target_id=0: 0.00066804ms, 1%
@75 = load[offset=102760448,end=115605504](@1) -> half_type, {64, 128, 28, 28}, {100352, 784, 28, 1}, target_id=0: 0.00062778ms, 1%
@76 = gpu::convolution[op={padding={1, 1, 1, 1},stride={2, 2},dilation={1, 1},group=1,padding_mode=0},solution_object={binary_object: 455},algo=0,solution_id=0](@72,@73,@74,@75) -> half_type, {64, 128, 28, 28}, {100352, 784, 28, 1}, target_id=0: 0.2807ms, 3%
@77 = hip::hip_copy_literal[id=main:@literal:77] -> half_type, {512}, {1}, target_id=0: 0.00079724ms, 1%
@78 = hip::hip_copy_literal[id=main:@literal:54] -> half_type, {128}, {1}, target_id=0: 0.0006539ms, 1%
@79 = broadcast[axis=1,out_lens={64, 128, 28, 28}](@78) -> half_type, {64, 128, 28, 28}, {0, 1, 0, 0}, target_id=0: 0.00092186ms, 1%
@80 = load[offset=141295616,end=154140672](@1) -> half_type, {64, 128, 28, 28}, {100352, 784, 28, 1}, target_id=0: 0.00070504ms, 1%
@81 = gpu::code_object[code_object=3880,symbol_name=add_relu_kernel,global=802816,local=1024,](@76,@79,@80) -> half_type, {64, 128, 28, 28}, {100352, 784, 28, 1}, target_id=0: 0.0426532ms, 1%
@82 = hip::hip_copy_literal[id=main:@literal:58] -> half_type, {512, 384, 1, 1}, {384, 1, 1, 1}, target_id=0: 0.0006886ms, 1%
@83 = load[offset=102760448,end=141295616](@1) -> half_type, {64, 384, 28, 28}, {301056, 784, 28, 1}, target_id=0: 0.00063732ms, 1%
@84 = step[axes={2, 3},steps={2, 2}](@67) -> half_type, {64, 256, 28, 28}, {802816, 3136, 112, 2}, target_id=0: 0.0013047ms, 1%
@85 = gpu::code_object[code_object=4328,symbol_name=concat_kernel,global=9633792,local=1024,](@81,@84,@83) -> half_type, {64, 384, 28, 28}, {301056, 784, 28, 1}, target_id=0: 0.153532ms, 2%
@86 = broadcast[axis=1,out_lens={64, 512, 28, 28}](@77) -> half_type, {64, 512, 28, 28}, {0, 1, 0, 0}, target_id=0: 0.00094538ms, 1%
@87 = load[offset=141295616,end=192675840](@1) -> half_type, {64, 512, 28, 28}, {401408, 784, 28, 1}, target_id=0: 0.00066528ms, 1%
@88 = gpu::code_object[code_object=8320,symbol_name=mlir_convolution_add_relu,global=401408,local=256,](@86,@85,@82,@87) -> half_type, {64, 512, 28, 28}, {401408, 784, 28, 1}, target_id=0: 0.229505ms, 3%
@89 = hip::hip_copy_literal[id=main:@literal:73] -> half_type, {128}, {1}, target_id=0: 0.00072666ms, 1%
@90 = hip::hip_copy_literal[id=main:@literal:25] -> half_type, {128, 512, 1, 1}, {512, 1, 1, 1}, target_id=0: 0.00059848ms, 1%
@91 = load[offset=0,end=12845056](@1) -> half_type, {64, 128, 28, 28}, {100352, 784, 28, 1}, target_id=0: 0.00063484ms, 1%
@92 = broadcast[axis=1,out_lens={64, 128, 28, 28}](@89) -> half_type, {64, 128, 28, 28}, {0, 1, 0, 0}, target_id=0: 0.0008782ms, 1%
@93 = gpu::code_object[code_object=8808,symbol_name=mlir_convolution_add_relu,global=100352,local=256,](@92,@88,@90,@91) -> half_type, {64, 128, 28, 28}, {100352, 784, 28, 1}, target_id=0: 0.109114ms, 1%
@94 = hip::hip_copy_literal[id=main:@literal:64] -> half_type, {128, 128, 3, 3}, {1152, 9, 3, 1}, target_id=0: 0.00072364ms, 1%
@95 = load[offset=0,end=0](@1) -> int8_type, {0}, {1}, target_id=0: 0.00066478ms, 1%
@96 = load[offset=25690112,end=38535168](@1) -> half_type, {64, 128, 28, 28}, {100352, 784, 28, 1}, target_id=0: 0.0006284ms, 1%
@97 = gpu::convolution[op={padding={1, 1, 1, 1},stride={1, 1},dilation={1, 1},group=1,padding_mode=0},solution_object={binary_object: 455},algo=0,solution_id=0](@93,@94,@95,@96) -> half_type, {64, 128, 28, 28}, {100352, 784, 28, 1}, target_id=0: 0.186218ms, 2%
@98 = hip::hip_copy_literal[id=main:@literal:34] -> half_type, {128}, {1}, target_id=0: 0.00083508ms, 1%
@99 = broadcast[axis=1,out_lens={64, 128, 28, 28}](@98) -> half_type, {64, 128, 28, 28}, {0, 1, 0, 0}, target_id=0: 0.00090002ms, 1%
@100 = load[offset=12845056,end=25690112](@1) -> half_type, {64, 128, 28, 28}, {100352, 784, 28, 1}, target_id=0: 0.00068274ms, 1%
@101 = gpu::code_object[code_object=3880,symbol_name=add_relu_kernel,global=802816,local=1024,](@97,@99,@100) -> half_type, {64, 128, 28, 28}, {100352, 784, 28, 1}, target_id=0: 0.0426738ms, 1%
@102 = hip::hip_copy_literal[id=main:@literal:31] -> half_type, {512}, {1}, target_id=0: 0.00074048ms, 1%
@103 = hip::hip_copy_literal[id=main:@literal:70] -> half_type, {512, 128, 1, 1}, {128, 1, 1, 1}, target_id=0: 0.0005819ms, 1%
@104 = broadcast[axis=1,out_lens={64, 512, 28, 28}](@102) -> half_type, {64, 512, 28, 28}, {0, 1, 0, 0}, target_id=0: 0.0008155ms, 1%
@105 = load[offset=77070336,end=128450560](@1) -> half_type, {64, 512, 28, 28}, {401408, 784, 28, 1}, target_id=0: 0.00064062ms, 1%
@106 = gpu::code_object[code_object=7688,symbol_name=mlir_convolution_add_add_relu,global=802816,local=256,](@104,@88,@101,@103,@105) -> half_type, {64, 512, 28, 28}, {401408, 784, 28, 1}, target_id=0: 0.162094ms, 2%
@107 = hip::hip_copy_literal[id=main:@literal:30] -> half_type, {128, 512, 1, 1}, {512, 1, 1, 1}, target_id=0: 0.00078762ms, 1%
@108 = hip::hip_copy_literal[id=main:@literal:29] -> half_type, {128}, {1}, target_id=0: 0.00058532ms, 1%
@109 = load[offset=25690112,end=38535168](@1) -> half_type, {64, 128, 28, 28}, {100352, 784, 28, 1}, target_id=0: 0.00067218ms, 1%
@110 = broadcast[axis=1,out_lens={64, 128, 28, 28}](@108) -> half_type, {64, 128, 28, 28}, {0, 1, 0, 0}, target_id=0: 0.0008532ms, 1%
@111 = gpu::code_object[code_object=8808,symbol_name=mlir_convolution_add_relu,global=100352,local=256,](@110,@106,@107,@109) -> half_type, {64, 128, 28, 28}, {100352, 784, 28, 1}, target_id=0: 0.109516ms, 1%
@112 = hip::hip_copy_literal[id=main:@literal:51] -> half_type, {128, 128, 3, 3}, {1152, 9, 3, 1}, target_id=0: 0.00081202ms, 1%
@113 = load[offset=0,end=0](@1) -> int8_type, {0}, {1}, target_id=0: 0.00066596ms, 1%
@114 = load[offset=12845056,end=25690112](@1) -> half_type, {64, 128, 28, 28}, {100352, 784, 28, 1}, target_id=0: 0.00062124ms, 1%
@115 = gpu::convolution[op={padding={1, 1, 1, 1},stride={1, 1},dilation={1, 1},group=1,padding_mode=0},solution_object={binary_object: 455},algo=0,solution_id=0](@111,@112,@113,@114) -> half_type, {64, 128, 28, 28}, {100352, 784, 28, 1}, target_id=0: 0.186373ms, 2%
@116 = hip::hip_copy_literal[id=main:@literal:24] -> half_type, {512}, {1}, target_id=0: 0.0007787ms, 1%
@117 = hip::hip_copy_literal[id=main:@literal:76] -> half_type, {128}, {1}, target_id=0: 0.00062076ms, 1%
@118 = hip::hip_copy_literal[id=main:@literal:26] -> half_type, {512, 128, 1, 1}, {128, 1, 1, 1}, target_id=0: 0.00072188ms, 1%
@119 = load[offset=0,end=12845056](@1) -> half_type, {64, 128, 28, 28}, {100352, 784, 28, 1}, target_id=0: 0.00070528ms, 1%
@120 = broadcast[axis=1,out_lens={64, 128, 28, 28}](@117) -> half_type, {64, 128, 28, 28}, {0, 1, 0, 0}, target_id=0: 0.00090082ms, 1%
@121 = gpu::code_object[code_object=3880,symbol_name=add_relu_kernel,global=802816,local=1024,](@115,@120,@119) -> half_type, {64, 128, 28, 28}, {100352, 784, 28, 1}, target_id=0: 0.0425959ms, 1%
@122 = load[offset=25690112,end=77070336](@1) -> half_type, {64, 512, 28, 28}, {401408, 784, 28, 1}, target_id=0: 0.00073442ms, 1%
@123 = broadcast[axis=1,out_lens={64, 512, 28, 28}](@116) -> half_type, {64, 512, 28, 28}, {0, 1, 0, 0}, target_id=0: 0.00076844ms, 1%
@124 = gpu::code_object[code_object=7688,symbol_name=mlir_convolution_add_add_relu,global=802816,local=256,](@123,@106,@121,@118,@122) -> half_type, {64, 512, 28, 28}, {401408, 784, 28, 1}, target_id=0: 0.162599ms, 2%
@125 = hip::hip_copy_literal[id=main:@literal:20] -> half_type, {128}, {1}, target_id=0: 0.0007654ms, 1%
@126 = hip::hip_copy_literal[id=main:@literal:27] -> half_type, {128, 512, 1, 1}, {512, 1, 1, 1}, target_id=0: 0.00054862ms, 1%
@127 = broadcast[axis=1,out_lens={64, 128, 28, 28}](@125) -> half_type, {64, 128, 28, 28}, {0, 1, 0, 0}, target_id=0: 0.0008546ms, 1%
@128 = load[offset=12845056,end=25690112](@1) -> half_type, {64, 128, 28, 28}, {100352, 784, 28, 1}, target_id=0: 0.00063676ms, 1%
@129 = gpu::code_object[code_object=8808,symbol_name=mlir_convolution_add_relu,global=100352,local=256,](@127,@124,@126,@128) -> half_type, {64, 128, 28, 28}, {100352, 784, 28, 1}, target_id=0: 0.108873ms, 1%
@130 = hip::hip_copy_literal[id=main:@literal:16] -> half_type, {128, 128, 3, 3}, {1152, 9, 3, 1}, target_id=0: 0.00071466ms, 1%
@131 = load[offset=0,end=0](@1) -> int8_type, {0}, {1}, target_id=0: 0.00065192ms, 1%
@132 = load[offset=0,end=12845056](@1) -> half_type, {64, 128, 28, 28}, {100352, 784, 28, 1}, target_id=0: 0.00062868ms, 1%
@133 = gpu::convolution[op={padding={1, 1, 1, 1},stride={1, 1},dilation={1, 1},group=1,padding_mode=0},solution_object={binary_object: 455},algo=0,solution_id=0](@129,@130,@131,@132) -> half_type, {64, 128, 28, 28}, {100352, 784, 28, 1}, target_id=0: 0.184543ms, 2%
@134 = hip::hip_copy_literal[id=main:@literal:19] -> half_type, {512, 128, 1, 1}, {128, 1, 1, 1}, target_id=0: 0.0007722ms, 1%
@135 = hip::hip_copy_literal[id=main:@literal:13] -> half_type, {128}, {1}, target_id=0: 0.00064076ms, 1%
@136 = load[offset=77070336,end=89915392](@1) -> half_type, {64, 128, 28, 28}, {100352, 784, 28, 1}, target_id=0: 0.00070564ms, 1%
@137 = broadcast[axis=1,out_lens={64, 128, 28, 28}](@135) -> half_type, {64, 128, 28, 28}, {0, 1, 0, 0}, target_id=0: 0.00088952ms, 1%
@138 = gpu::code_object[code_object=3880,symbol_name=add_relu_kernel,global=802816,local=1024,](@133,@137,@136) -> half_type, {64, 128, 28, 28}, {100352, 784, 28, 1}, target_id=0: 0.0427869ms, 1%
@139 = hip::hip_copy_literal[id=main:@literal:12] -> half_type, {512}, {1}, target_id=0: 0.00075738ms, 1%
@140 = load[offset=147718144,end=199098368](@1) -> half_type, {64, 512, 28, 28}, {401408, 784, 28, 1}, target_id=0: 0.00064908ms, 1%
@141 = broadcast[axis=1,out_lens={64, 512, 28, 28}](@139) -> half_type, {64, 512, 28, 28}, {0, 1, 0, 0}, target_id=0: 0.00080448ms, 1%
@142 = gpu::code_object[code_object=7688,symbol_name=mlir_convolution_add_add_relu,global=802816,local=256,](@141,@124,@138,@134,@140) -> half_type, {64, 512, 28, 28}, {401408, 784, 28, 1}, target_id=0: 0.161844ms, 2%
@143 = hip::hip_copy_literal[id=main:@literal:21] -> half_type, {256, 512, 1, 1}, {512, 1, 1, 1}, target_id=0: 0.00072372ms, 1%
@144 = hip::hip_copy_literal[id=main:@literal:39] -> half_type, {256}, {1}, target_id=0: 0.0005954ms, 1%
@145 = broadcast[axis=1,out_lens={64, 256, 28, 28}](@144) -> half_type, {64, 256, 28, 28}, {0, 1, 0, 0}, target_id=0: 0.00093674ms, 1%
@146 = load[offset=32112640,end=57802752](@1) -> half_type, {64, 256, 28, 28}, {200704, 784, 28, 1}, target_id=0: 0.00065482ms, 1%
@147 = gpu::code_object[code_object=8296,symbol_name=mlir_convolution_add_relu,global=200704,local=256,](@145,@142,@143,@146) -> half_type, {64, 256, 28, 28}, {200704, 784, 28, 1}, target_id=0: 0.162667ms, 2%
@148 = hip::hip_copy_literal[id=main:@literal:9] -> half_type, {256, 256, 3, 3}, {2304, 9, 3, 1}, target_id=0: 0.00072814ms, 1%
@149 = load[offset=0,end=0](@1) -> int8_type, {0}, {1}, target_id=0: 0.00065262ms, 1%
@150 = load[offset=25690112,end=32112640](@1) -> half_type, {64, 256, 14, 14}, {50176, 196, 14, 1}, target_id=0: 0.00059846ms, 1%
@151 = gpu::convolution[op={padding={1, 1, 1, 1},stride={2, 2},dilation={1, 1},group=1,padding_mode=0},solution_object={binary_object: 456},algo=0,solution_id=0](@147,@148,@149,@150) -> half_type, {64, 256, 14, 14}, {50176, 196, 14, 1}, target_id=0: 0.257965ms, 3%
@152 = hip::hip_copy_literal[id=main:@literal:68] -> half_type, {256}, {1}, target_id=0: 0.00078114ms, 1%
@153 = broadcast[axis=1,out_lens={64, 256, 14, 14}](@152) -> half_type, {64, 256, 14, 14}, {0, 1, 0, 0}, target_id=0: 0.00090854ms, 1%
@154 = load[offset=0,end=6422528](@1) -> half_type, {64, 256, 14, 14}, {50176, 196, 14, 1}, target_id=0: 0.00069772ms, 1%
@155 = gpu::code_object[code_object=3848,symbol_name=add_relu_kernel,global=802816,local=1024,](@151,@153,@154) -> half_type, {64, 256, 14, 14}, {50176, 196, 14, 1}, target_id=0: 0.0300922ms, 1%
@156 = hip::hip_copy_literal[id=main:@literal:8] -> half_type, {1024}, {1}, target_id=0: 0.00068412ms, 1%
@157 = hip::hip_copy_literal[id=main:@literal:33] -> half_type, {1024, 768, 1, 1}, {768, 1, 1, 1}, target_id=0: 0.00058986ms, 1%
@158 = step[axes={2, 3},steps={2, 2}](@142) -> half_type, {64, 512, 14, 14}, {401408, 784, 56, 2}, target_id=0: 0.00109516ms, 1%
@159 = load[offset=12845056,end=32112640](@1) -> half_type, {64, 768, 14, 14}, {150528, 196, 14, 1}, target_id=0: 0.0006487ms, 1%
@160 = gpu::code_object[code_object=4352,symbol_name=concat_kernel,global=4816896,local=1024,](@155,@158,@159) -> half_type, {64, 768, 14, 14}, {150528, 196, 14, 1}, target_id=0: 0.0958191ms, 1%
@161 = load[offset=38535168,end=64225280](@1) -> half_type, {64, 1024, 14, 14}, {200704, 196, 14, 1}, target_id=0: 0.00074602ms, 1%
@162 = broadcast[axis=1,out_lens={64, 1024, 14, 14}](@156) -> half_type, {64, 1024, 14, 14}, {0, 1, 0, 0}, target_id=0: 0.00082ms, 1%
@163 = gpu::code_object[code_object=8360,symbol_name=mlir_convolution_add_relu,global=200704,local=256,](@162,@160,@157,@161) -> half_type, {64, 1024, 14, 14}, {200704, 196, 14, 1}, target_id=0: 0.22318ms, 3%
@164 = hip::hip_copy_literal[id=main:@literal:7] -> half_type, {256, 1024, 1, 1}, {1024, 1, 1, 1}, target_id=0: 0.0006918ms, 1%
@165 = hip::hip_copy_literal[id=main:@literal:5] -> half_type, {256}, {1}, target_id=0: 0.00055318ms, 1%
@166 = hip::hip_copy_literal[id=main:@literal:67] -> half_type, {256, 256, 3, 3}, {2304, 9, 3, 1}, target_id=0: 0.00073766ms, 1%
@167 = load[offset=12845056,end=19267584](@1) -> half_type, {64, 256, 14, 14}, {50176, 196, 14, 1}, target_id=0: 0.00067668ms, 1%
@168 = broadcast[axis=1,out_lens={64, 256, 14, 14}](@165) -> half_type, {64, 256, 14, 14}, {0, 1, 0, 0}, target_id=0: 0.00087632ms, 1%
@169 = gpu::code_object[code_object=8368,symbol_name=mlir_convolution_add_relu,global=50176,local=256,](@168,@163,@164,@167) -> half_type, {64, 256, 14, 14}, {50176, 196, 14, 1}, target_id=0: 0.104947ms, 1%
@170 = load[offset=0,end=0](@1) -> int8_type, {0}, {1}, target_id=0: 0.0007721ms, 1%
@171 = load[offset=6422528,end=12845056](@1) -> half_type, {64, 256, 14, 14}, {50176, 196, 14, 1}, target_id=0: 0.00065272ms, 1%
@172 = gpu::convolution[op={padding={1, 1, 1, 1},stride={1, 1},dilation={1, 1},group=1,padding_mode=0},solution_object={binary_object: 453},algo=0,solution_id=0](@169,@166,@170,@171) -> half_type, {64, 256, 14, 14}, {50176, 196, 14, 1}, target_id=0: 0.222959ms, 3%
@173 = hip::hip_copy_literal[id=main:@literal:2] -> half_type, {1024}, {1}, target_id=0: 0.00080162ms, 1%
@174 = hip::hip_copy_literal[id=main:@literal:35] -> half_type, {256}, {1}, target_id=0: 0.00057808ms, 1%
@175 = hip::hip_copy_literal[id=main:@literal:4] -> half_type, {1024, 256, 1, 1}, {256, 1, 1, 1}, target_id=0: 0.0005445ms, 1%
@176 = broadcast[axis=1,out_lens={64, 256, 14, 14}](@174) -> half_type, {64, 256, 14, 14}, {0, 1, 0, 0}, target_id=0: 0.00091924ms, 1%
@177 = load[offset=0,end=6422528](@1) -> half_type, {64, 256, 14, 14}, {50176, 196, 14, 1}, target_id=0: 0.00070108ms, 1%
@178 = gpu::code_object[code_object=3848,symbol_name=add_relu_kernel,global=802816,local=1024,](@172,@176,@177) -> half_type, {64, 256, 14, 14}, {50176, 196, 14, 1}, target_id=0: 0.0298982ms, 1%
@179 = load[offset=12845056,end=38535168](@1) -> half_type, {64, 1024, 14, 14}, {200704, 196, 14, 1}, target_id=0: 0.00074862ms, 1%
@180 = broadcast[axis=1,out_lens={64, 1024, 14, 14}](@173) -> half_type, {64, 1024, 14, 14}, {0, 1, 0, 0}, target_id=0: 0.00078626ms, 1%
@181 = gpu::code_object[code_object=9200,symbol_name=mlir_convolution_add_add_relu,global=200704,local=256,](@180,@163,@178,@175,@179) -> half_type, {64, 1024, 14, 14}, {200704, 196, 14, 1}, target_id=0: 0.132454ms, 2%
@182 = hip::hip_copy_literal[id=main:@literal:75] -> half_type, {256, 256, 3, 3}, {2304, 9, 3, 1}, target_id=0: 0.00074916ms, 1%
@183 = hip::hip_copy_literal[id=main:@literal:1] -> half_type, {256, 1024, 1, 1}, {1024, 1, 1, 1}, target_id=0: 0.00055804ms, 1%
@184 = hip::hip_copy_literal[id=main:@literal:49] -> half_type, {256}, {1}, target_id=0: 0.00063268ms, 1%
@185 = broadcast[axis=1,out_lens={64, 256, 14, 14}](@184) -> half_type, {64, 256, 14, 14}, {0, 1, 0, 0}, target_id=0: 0.00082724ms, 1%
@186 = load[offset=6422528,end=12845056](@1) -> half_type, {64, 256, 14, 14}, {50176, 196, 14, 1}, target_id=0: 0.000642ms, 1%
@187 = gpu::code_object[code_object=8368,symbol_name=mlir_convolution_add_relu,global=50176,local=256,](@185,@181,@183,@186) -> half_type, {64, 256, 14, 14}, {50176, 196, 14, 1}, target_id=0: 0.105019ms, 1%
@188 = load[offset=0,end=0](@1) -> int8_type, {0}, {1}, target_id=0: 0.00078498ms, 1%
@189 = load[offset=0,end=6422528](@1) -> half_type, {64, 256, 14, 14}, {50176, 196, 14, 1}, target_id=0: 0.00062556ms, 1%
@190 = gpu::convolution[op={padding={1, 1, 1, 1},stride={1, 1},dilation={1, 1},group=1,padding_mode=0},solution_object={binary_object: 453},algo=0,solution_id=0](@187,@182,@188,@189) -> half_type, {64, 256, 14, 14}, {50176, 196, 14, 1}, target_id=0: 0.216505ms, 2%
@191 = hip::hip_copy_literal[id=main:@literal:45] -> half_type, {1024}, {1}, target_id=0: 0.00083072ms, 1%
@192 = hip::hip_copy_literal[id=main:@literal:79] -> half_type, {256}, {1}, target_id=0: 0.00061902ms, 1%
@193 = hip::hip_copy_literal[id=main:@literal:80] -> half_type, {1024, 256, 1, 1}, {256, 1, 1, 1}, target_id=0: 0.00070106ms, 1%
@194 = broadcast[axis=1,out_lens={64, 256, 14, 14}](@192) -> half_type, {64, 256, 14, 14}, {0, 1, 0, 0}, target_id=0: 0.0009023ms, 1%
@195 = load[offset=38535168,end=44957696](@1) -> half_type, {64, 256, 14, 14}, {50176, 196, 14, 1}, target_id=0: 0.00067976ms, 1%
@196 = gpu::code_object[code_object=3848,symbol_name=add_relu_kernel,global=802816,local=1024,](@190,@194,@195) -> half_type, {64, 256, 14, 14}, {50176, 196, 14, 1}, target_id=0: 0.0300083ms, 1%
@197 = load[offset=64225280,end=89915392](@1) -> half_type, {64, 1024, 14, 14}, {200704, 196, 14, 1}, target_id=0: 0.000739ms, 1%
@198 = broadcast[axis=1,out_lens={64, 1024, 14, 14}](@191) -> half_type, {64, 1024, 14, 14}, {0, 1, 0, 0}, target_id=0: 0.00075444ms, 1%
@199 = gpu::code_object[code_object=9200,symbol_name=mlir_convolution_add_add_relu,global=200704,local=256,](@198,@181,@196,@193,@197) -> half_type, {64, 1024, 14, 14}, {200704, 196, 14, 1}, target_id=0: 0.133941ms, 2%
@200 = hip::hip_copy_literal[id=main:@literal:83] -> half_type, {256}, {1}, target_id=0: 0.00073548ms, 1%
@201 = hip::hip_copy_literal[id=main:@literal:82] -> half_type, {256, 1024, 1, 1}, {1024, 1, 1, 1}, target_id=0: 0.00056616ms, 1%
@202 = hip::hip_copy_literal[id=main:@literal:84] -> half_type, {256, 256, 3, 3}, {2304, 9, 3, 1}, target_id=0: 0.0006565ms, 1%
@203 = broadcast[axis=1,out_lens={64, 256, 14, 14}](@200) -> half_type, {64, 256, 14, 14}, {0, 1, 0, 0}, target_id=0: 0.00076786ms, 1%
@204 = load[offset=0,end=6422528](@1) -> half_type, {64, 256, 14, 14}, {50176, 196, 14, 1}, target_id=0: 0.00066132ms, 1%
@205 = gpu::code_object[code_object=8368,symbol_name=mlir_convolution_add_relu,global=50176,local=256,](@203,@199,@201,@204) -> half_type, {64, 256, 14, 14}, {50176, 196, 14, 1}, target_id=0: 0.10354ms, 1%
@206 = load[offset=0,end=0](@1) -> int8_type, {0}, {1}, target_id=0: 0.0007518ms, 1%
@207 = load[offset=12845056,end=19267584](@1) -> half_type, {64, 256, 14, 14}, {50176, 196, 14, 1}, target_id=0: 0.00064598ms, 1%
@208 = gpu::convolution[op={padding={1, 1, 1, 1},stride={1, 1},dilation={1, 1},group=1,padding_mode=0},solution_object={binary_object: 453},algo=0,solution_id=0](@205,@202,@206,@207) -> half_type, {64, 256, 14, 14}, {50176, 196, 14, 1}, target_id=0: 0.216494ms, 2%
@209 = hip::hip_copy_literal[id=main:@literal:87] -> half_type, {1024}, {1}, target_id=0: 0.00080424ms, 1%
@210 = hip::hip_copy_literal[id=main:@literal:86] -> half_type, {1024, 256, 1, 1}, {256, 1, 1, 1}, target_id=0: 0.00058346ms, 1%
@211 = hip::hip_copy_literal[id=main:@literal:85] -> half_type, {256}, {1}, target_id=0: 0.00075396ms, 1%
@212 = load[offset=6422528,end=12845056](@1) -> half_type, {64, 256, 14, 14}, {50176, 196, 14, 1}, target_id=0: 0.00069662ms, 1%
@213 = broadcast[axis=1,out_lens={64, 256, 14, 14}](@211) -> half_type, {64, 256, 14, 14}, {0, 1, 0, 0}, target_id=0: 0.00088746ms, 1%
@214 = gpu::code_object[code_object=3848,symbol_name=add_relu_kernel,global=802816,local=1024,](@208,@213,@212) -> half_type, {64, 256, 14, 14}, {50176, 196, 14, 1}, target_id=0: 0.0298493ms, 1%
@215 = load[offset=38535168,end=64225280](@1) -> half_type, {64, 1024, 14, 14}, {200704, 196, 14, 1}, target_id=0: 0.0007463ms, 1%
@216 = broadcast[axis=1,out_lens={64, 1024, 14, 14}](@209) -> half_type, {64, 1024, 14, 14}, {0, 1, 0, 0}, target_id=0: 0.00076284ms, 1%
@217 = gpu::code_object[code_object=9200,symbol_name=mlir_convolution_add_add_relu,global=200704,local=256,](@216,@199,@214,@210,@215) -> half_type, {64, 1024, 14, 14}, {200704, 196, 14, 1}, target_id=0: 0.134025ms, 2%
@218 = hip::hip_copy_literal[id=main:@literal:10] -> half_type, {256, 1024, 1, 1}, {1024, 1, 1, 1}, target_id=0: 0.00075616ms, 1%
@219 = hip::hip_copy_literal[id=main:@literal:88] -> half_type, {256}, {1}, target_id=0: 0.00056022ms, 1%
@220 = hip::hip_copy_literal[id=main:@literal:89] -> half_type, {256, 256, 3, 3}, {2304, 9, 3, 1}, target_id=0: 0.00065766ms, 1%
@221 = broadcast[axis=1,out_lens={64, 256, 14, 14}](@219) -> half_type, {64, 256, 14, 14}, {0, 1, 0, 0}, target_id=0: 0.00079422ms, 1%
@222 = load[offset=12845056,end=19267584](@1) -> half_type, {64, 256, 14, 14}, {50176, 196, 14, 1}, target_id=0: 0.00064438ms, 1%
@223 = gpu::code_object[code_object=8368,symbol_name=mlir_convolution_add_relu,global=50176,local=256,](@221,@217,@218,@222) -> half_type, {64, 256, 14, 14}, {50176, 196, 14, 1}, target_id=0: 0.104835ms, 1%
@224 = load[offset=6422528,end=12845056](@1) -> half_type, {64, 256, 14, 14}, {50176, 196, 14, 1}, target_id=0: 0.00078038ms, 1%
@225 = load[offset=0,end=0](@1) -> int8_type, {0}, {1}, target_id=0: 0.00063548ms, 1%
@226 = gpu::convolution[op={padding={1, 1, 1, 1},stride={1, 1},dilation={1, 1},group=1,padding_mode=0},solution_object={binary_object: 453},algo=0,solution_id=0](@223,@220,@225,@224) -> half_type, {64, 256, 14, 14}, {50176, 196, 14, 1}, target_id=0: 0.215508ms, 2%
@227 = hip::hip_copy_literal[id=main:@literal:59] -> half_type, {1024, 256, 1, 1}, {256, 1, 1, 1}, target_id=0: 0.00080516ms, 1%
@228 = hip::hip_copy_literal[id=main:@literal:91] -> half_type, {256}, {1}, target_id=0: 0.0006148ms, 1%
@229 = hip::hip_copy_literal[id=main:@literal:22] -> half_type, {256}, {1}, target_id=0: 0.00071098ms, 1%
@230 = hip::hip_copy_literal[id=main:@literal:18] -> half_type, {1024, 256, 1, 1}, {256, 1, 1, 1}, target_id=0: 0.00060088ms, 1%
@231 = hip::hip_copy_literal[id=main:@literal:15] -> half_type, {1024}, {1}, target_id=0: 0.00070478ms, 1%
@232 = hip::hip_copy_literal[id=main:@literal:92] -> half_type, {1024}, {1}, target_id=0: 0.00059036ms, 1%
@233 = broadcast[axis=1,out_lens={64, 256, 14, 14}](@229) -> half_type, {64, 256, 14, 14}, {0, 1, 0, 0}, target_id=0: 0.00090014ms, 1%
@234 = load[offset=0,end=6422528](@1) -> half_type, {64, 256, 14, 14}, {50176, 196, 14, 1}, target_id=0: 0.00067334ms, 1%
@235 = gpu::code_object[code_object=3848,symbol_name=add_relu_kernel,global=802816,local=1024,](@226,@233,@234) -> half_type, {64, 256, 14, 14}, {50176, 196, 14, 1}, target_id=0: 0.0298811ms, 1%
@236 = broadcast[axis=1,out_lens={64, 1024, 14, 14}](@231) -> half_type, {64, 1024, 14, 14}, {0, 1, 0, 0}, target_id=0: 0.00086804ms, 1%
@237 = load[offset=12845056,end=38535168](@1) -> half_type, {64, 1024, 14, 14}, {200704, 196, 14, 1}, target_id=0: 0.00065814ms, 1%
@238 = gpu::code_object[code_object=9200,symbol_name=mlir_convolution_add_add_relu,global=200704,local=256,](@236,@217,@235,@230,@237) -> half_type, {64, 1024, 14, 14}, {200704, 196, 14, 1}, target_id=0: 0.132945ms, 2%
@239 = hip::hip_copy_literal[id=main:@literal:71] -> half_type, {256, 256, 3, 3}, {2304, 9, 3, 1}, target_id=0: 0.00075392ms, 1%
@240 = hip::hip_copy_literal[id=main:@literal:42] -> half_type, {256}, {1}, target_id=0: 0.00058582ms, 1%
@241 = hip::hip_copy_literal[id=main:@literal:90] -> half_type, {256, 1024, 1, 1}, {1024, 1, 1, 1}, target_id=0: 0.00070916ms, 1%
@242 = broadcast[axis=1,out_lens={64, 256, 14, 14}](@240) -> half_type, {64, 256, 14, 14}, {0, 1, 0, 0}, target_id=0: 0.00084388ms, 1%
@243 = load[offset=6422528,end=12845056](@1) -> half_type, {64, 256, 14, 14}, {50176, 196, 14, 1}, target_id=0: 0.00068198ms, 1%
@244 = gpu::code_object[code_object=8368,symbol_name=mlir_convolution_add_relu,global=50176,local=256,](@242,@238,@241,@243) -> half_type, {64, 256, 14, 14}, {50176, 196, 14, 1}, target_id=0: 0.103544ms, 1%
@245 = load[offset=0,end=0](@1) -> int8_type, {0}, {1}, target_id=0: 0.00074088ms, 1%
@246 = load[offset=0,end=6422528](@1) -> half_type, {64, 256, 14, 14}, {50176, 196, 14, 1}, target_id=0: 0.0006051ms, 1%
@247 = gpu::convolution[op={padding={1, 1, 1, 1},stride={1, 1},dilation={1, 1},group=1,padding_mode=0},solution_object={binary_object: 453},algo=0,solution_id=0](@244,@239,@245,@246) -> half_type, {64, 256, 14, 14}, {50176, 196, 14, 1}, target_id=0: 0.2121ms, 2%
@248 = load[offset=65732608,end=72155136](@1) -> half_type, {64, 256, 14, 14}, {50176, 196, 14, 1}, target_id=0: 0.00077442ms, 1%
@249 = broadcast[axis=1,out_lens={64, 256, 14, 14}](@228) -> half_type, {64, 256, 14, 14}, {0, 1, 0, 0}, target_id=0: 0.00091544ms, 1%
@250 = gpu::code_object[code_object=3848,symbol_name=add_relu_kernel,global=802816,local=1024,](@247,@249,@248) -> half_type, {64, 256, 14, 14}, {50176, 196, 14, 1}, target_id=0: 0.0298421ms, 1%
@251 = broadcast[axis=1,out_lens={64, 1024, 14, 14}](@232) -> half_type, {64, 1024, 14, 14}, {0, 1, 0, 0}, target_id=0: 0.00086148ms, 1%
@252 = load[offset=40042496,end=65732608](@1) -> half_type, {64, 1024, 14, 14}, {200704, 196, 14, 1}, target_id=0: 0.00066768ms, 1%
@253 = gpu::code_object[code_object=9200,symbol_name=mlir_convolution_add_add_relu,global=200704,local=256,](@251,@238,@250,@227,@252) -> half_type, {64, 1024, 14, 14}, {200704, 196, 14, 1}, target_id=0: 0.132328ms, 2%
@254 = hip::hip_copy_literal[id=main:@literal:57] -> half_type, {512, 1024, 1, 1}, {1024, 1, 1, 1}, target_id=0: 0.00080548ms, 1%
@255 = hip::hip_copy_literal[id=main:@literal:46] -> half_type, {512}, {1}, target_id=0: 0.00060522ms, 1%
@256 = hip::hip_copy_literal[id=main:@literal:94] -> half_type, {512, 512, 3, 3}, {4608, 9, 3, 1}, target_id=0: 0.00066714ms, 1%
@257 = broadcast[axis=1,out_lens={64, 512, 14, 14}](@255) -> half_type, {64, 512, 14, 14}, {0, 1, 0, 0}, target_id=0: 0.00081688ms, 1%
@258 = load[offset=0,end=12845056](@1) -> half_type, {64, 512, 14, 14}, {100352, 196, 14, 1}, target_id=0: 0.00066282ms, 1%
@259 = gpu::code_object[code_object=8368,symbol_name=mlir_convolution_add_relu,global=100352,local=256,](@257,@253,@254,@258) -> half_type, {64, 512, 14, 14}, {100352, 196, 14, 1}, target_id=0: 0.179792ms, 2%
@260 = load[offset=68943872,end=96141312](@1) -> int8_type, {27197440}, {1}, target_id=0: 0.00078058ms, 1%
@261 = load[offset=65732608,end=68943872](@1) -> half_type, {64, 512, 7, 7}, {25088, 49, 7, 1}, target_id=0: 0.00065332ms, 1%
@262 = gpu::convolution[op={padding={1, 1, 1, 1},stride={2, 2},dilation={1, 1},group=1,padding_mode=0},solution_object={binary_object: 558},algo=0,solution_id=0](@259,@256,@260,@261) -> half_type, {64, 512, 7, 7}, {25088, 49, 7, 1}, target_id=0: 0.232858ms, 3%
@263 = hip::hip_copy_literal[id=main:@literal:96] -> half_type, {512}, {1}, target_id=0: 0.00083908ms, 1%
@264 = hip::hip_copy_literal[id=main:@literal:63] -> half_type, {2048, 1536, 1, 1}, {1536, 1, 1, 1}, target_id=0: 0.00055622ms, 1%
@265 = hip::hip_copy_literal[id=main:@literal:93] -> half_type, {2048}, {1}, target_id=0: 0.00070956ms, 1%
@266 = broadcast[axis=1,out_lens={64, 512, 7, 7}](@263) -> half_type, {64, 512, 7, 7}, {0, 1, 0, 0}, target_id=0: 0.00093724ms, 1%
@267 = load[offset=0,end=3211264](@1) -> half_type, {64, 512, 7, 7}, {25088, 49, 7, 1}, target_id=0: 0.00071902ms, 1%
@268 = gpu::code_object[code_object=3824,symbol_name=add_relu_kernel,global=1605632,local=1024,](@262,@266,@267) -> half_type, {64, 512, 7, 7}, {25088, 49, 7, 1}, target_id=0: 0.0294685ms, 1%
@269 = load[offset=12845056,end=22478848](@1) -> half_type, {64, 1536, 7, 7}, {75264, 49, 7, 1}, target_id=0: 0.00073588ms, 1%
@270 = step[axes={2, 3},steps={2, 2}](@253) -> half_type, {64, 1024, 7, 7}, {200704, 196, 28, 2}, target_id=0: 0.00104744ms, 1%
@271 = gpu::code_object[code_object=4352,symbol_name=concat_kernel,global=2408448,local=1024,](@268,@270,@269) -> half_type, {64, 1536, 7, 7}, {75264, 49, 7, 1}, target_id=0: 0.057974ms, 1%
@272 = load[offset=0,end=12845056](@1) -> half_type, {64, 2048, 7, 7}, {100352, 49, 7, 1}, target_id=0: 0.00073878ms, 1%
@273 = broadcast[axis=1,out_lens={64, 2048, 7, 7}](@265) -> half_type, {64, 2048, 7, 7}, {0, 1, 0, 0}, target_id=0: 0.00083496ms, 1%
@274 = gpu::code_object[code_object=9192,symbol_name=mlir_convolution_add_relu,global=102400,local=256,](@273,@271,@264,@272) -> half_type, {64, 2048, 7, 7}, {100352, 49, 7, 1}, target_id=0: 0.27371ms, 3%
@275 = hip::hip_copy_literal[id=main:@literal:6] -> half_type, {512, 512, 3, 3}, {4608, 9, 3, 1}, target_id=0: 0.00072046ms, 1%
@276 = hip::hip_copy_literal[id=main:@literal:38] -> half_type, {512}, {1}, target_id=0: 0.00058922ms, 1%
@277 = hip::hip_copy_literal[id=main:@literal:81] -> half_type, {512, 2048, 1, 1}, {2048, 1, 1, 1}, target_id=0: 0.0006654ms, 1%
@278 = load[offset=33619968,end=36831232](@1) -> half_type, {64, 512, 7, 7}, {25088, 49, 7, 1}, target_id=0: 0.00063378ms, 1%
@279 = broadcast[axis=1,out_lens={64, 512, 7, 7}](@276) -> half_type, {64, 512, 7, 7}, {0, 1, 0, 0}, target_id=0: 0.00088234ms, 1%
@280 = gpu::code_object[code_object=9296,symbol_name=mlir_convolution_add_relu,global=25600,local=256,](@279,@274,@277,@278) -> half_type, {64, 512, 7, 7}, {25088, 49, 7, 1}, target_id=0: 0.146789ms, 2%
@281 = load[offset=16056320,end=33619968](@1) -> int8_type, {17563648}, {1}, target_id=0: 0.0007588ms, 1%
@282 = load[offset=12845056,end=16056320](@1) -> half_type, {64, 512, 7, 7}, {25088, 49, 7, 1}, target_id=0: 0.000632ms, 1%
@283 = gpu::convolution[op={padding={1, 1, 1, 1},stride={1, 1},dilation={1, 1},group=1,padding_mode=0},solution_object={binary_object: 555},algo=0,solution_id=0](@280,@275,@281,@282) -> half_type, {64, 512, 7, 7}, {25088, 49, 7, 1}, target_id=0: 0.268375ms, 3%
@284 = hip::hip_copy_literal[id=main:@literal:98] -> half_type, {2048}, {1}, target_id=0: 0.00080974ms, 1%
@285 = hip::hip_copy_literal[id=main:@literal:36] -> half_type, {2048, 512, 1, 1}, {512, 1, 1, 1}, target_id=0: 0.00058618ms, 1%
@286 = hip::hip_copy_literal[id=main:@literal:97] -> half_type, {512}, {1}, target_id=0: 0.00071514ms, 1%
@287 = load[offset=16056320,end=19267584](@1) -> half_type, {64, 512, 7, 7}, {25088, 49, 7, 1}, target_id=0: 0.00073596ms, 1%
@288 = broadcast[axis=1,out_lens={64, 512, 7, 7}](@286) -> half_type, {64, 512, 7, 7}, {0, 1, 0, 0}, target_id=0: 0.000927ms, 1%
@289 = gpu::code_object[code_object=3824,symbol_name=add_relu_kernel,global=1605632,local=1024,](@283,@288,@287) -> half_type, {64, 512, 7, 7}, {25088, 49, 7, 1}, target_id=0: 0.029479ms, 1%
@290 = load[offset=22478848,end=35323904](@1) -> half_type, {64, 2048, 7, 7}, {100352, 49, 7, 1}, target_id=0: 0.00074142ms, 1%
@291 = broadcast[axis=1,out_lens={64, 2048, 7, 7}](@284) -> half_type, {64, 2048, 7, 7}, {0, 1, 0, 0}, target_id=0: 0.00077234ms, 1%
@292 = gpu::code_object[code_object=10336,symbol_name=mlir_convolution_add_add_relu,global=102400,local=256,](@291,@274,@289,@285,@290) -> half_type, {64, 2048, 7, 7}, {100352, 49, 7, 1}, target_id=0: 0.14964ms, 2%
@293 = hip::hip_copy_literal[id=main:@literal:95] -> half_type, {512, 2048, 1, 1}, {2048, 1, 1, 1}, target_id=0: 0.00072308ms, 1%
@294 = hip::hip_copy_literal[id=main:@literal:11] -> half_type, {512, 512, 3, 3}, {4608, 9, 3, 1}, target_id=0: 0.00057836ms, 1%
@295 = hip::hip_copy_literal[id=main:@literal:40] -> half_type, {512}, {1}, target_id=0: 0.0006625ms, 1%
@296 = broadcast[axis=1,out_lens={64, 512, 7, 7}](@295) -> half_type, {64, 512, 7, 7}, {0, 1, 0, 0}, target_id=0: 0.00079136ms, 1%
@297 = load[offset=0,end=3211264](@1) -> half_type, {64, 512, 7, 7}, {25088, 49, 7, 1}, target_id=0: 0.00065852ms, 1%
@298 = gpu::code_object[code_object=9296,symbol_name=mlir_convolution_add_relu,global=25600,local=256,](@296,@292,@293,@297) -> half_type, {64, 512, 7, 7}, {25088, 49, 7, 1}, target_id=0: 0.146582ms, 2%
@299 = load[offset=38535168,end=56098816](@1) -> int8_type, {17563648}, {1}, target_id=0: 0.00076296ms, 1%
@300 = load[offset=35323904,end=38535168](@1) -> half_type, {64, 512, 7, 7}, {25088, 49, 7, 1}, target_id=0: 0.00062158ms, 1%
@301 = gpu::convolution[op={padding={1, 1, 1, 1},stride={1, 1},dilation={1, 1},group=1,padding_mode=0},solution_object={binary_object: 555},algo=0,solution_id=0](@298,@294,@299,@300) -> half_type, {64, 512, 7, 7}, {25088, 49, 7, 1}, target_id=0: 0.267897ms, 3%
@302 = hip::hip_copy_literal[id=main:@literal:69] -> half_type, {512}, {1}, target_id=0: 0.00082624ms, 1%
@303 = hip::hip_copy_literal[id=main:@literal:28] -> half_type, {2048, 512, 1, 1}, {512, 1, 1, 1}, target_id=0: 0.00059228ms, 1%
@304 = broadcast[axis=1,out_lens={64, 512, 7, 7}](@302) -> half_type, {64, 512, 7, 7}, {0, 1, 0, 0}, target_id=0: 0.00095538ms, 1%
@305 = load[offset=0,end=3211264](@1) -> half_type, {64, 512, 7, 7}, {25088, 49, 7, 1}, target_id=0: 0.00069648ms, 1%
@306 = gpu::code_object[code_object=3824,symbol_name=add_relu_kernel,global=1605632,local=1024,](@301,@304,@305) -> half_type, {64, 512, 7, 7}, {25088, 49, 7, 1}, target_id=0: 0.0293853ms, 1%
@307 = load[offset=0,end=0](@1) -> int8_type, {0}, {1}, target_id=0: 0.00078418ms, 1%
@308 = load[offset=35323904,end=48168960](@1) -> half_type, {64, 2048, 7, 7}, {100352, 49, 7, 1}, target_id=0: 0.00066634ms, 1%
@309 = gpu::convolution[op={padding={0, 0, 0, 0},stride={1, 1},dilation={1, 1},group=1,padding_mode=0},solution_object={binary_object: 473},algo=0,solution_id=0](@306,@303,@307,@308) -> half_type, {64, 2048, 7, 7}, {100352, 49, 7, 1}, target_id=0: 0.135334ms, 2%
@310 = hip::hip_copy_literal[id=main:@literal:99] -> half_type, {2048}, {1}, target_id=0: 0.0008067ms, 1%
@311 = hip::hip_copy_literal[id=main:@literal:0] -> half_type, {2048, 1000}, {1000, 1}, target_id=0: 0.00057576ms, 1%
@312 = hip::hip_copy_literal[id=main:@literal:23] -> half_type, {1000}, {1}, target_id=0: 0.00074ms, 1%
@313 = broadcast[axis=1,out_lens={64, 2048, 7, 7}](@310) -> half_type, {64, 2048, 7, 7}, {0, 1, 0, 0}, target_id=0: 0.00092818ms, 1%
@314 = load[offset=0,end=262144](@1) -> half_type, {64, 2048, 1, 1}, {2048, 1, 1, 1}, target_id=0: 0.00069142ms, 1%
@315 = gpu::code_object[code_object=4048,symbol_name=add_add_relu_reduce_mean_kernel,global=8388608,local=64,](@309,@313,@292,@314) -> half_type, {64, 2048, 1, 1}, {2048, 1, 1, 1}, target_id=0: 0.192084ms, 2%
@316 = load[offset=262144,end=390144](@1) -> half_type, {64, 1000}, {1000, 1}, target_id=0: 0.00076566ms, 1%
@317 = flatten[axis=1](@315) -> half_type, {64, 2048}, {2048, 1}, target_id=0: 0.00117564ms, 1%
@318 = gpu::gemm[alpha=1,beta=0,compute_fp32=1,trans_batch=0,solution_idx=0](@317,@311,@316) -> half_type, {64, 1000}, {1000, 1}, target_id=0: 0.0648852ms, 1%
main:#output_0 = @param:main:#output_0 -> float_type, {64, 1000}, {1000, 1}, target_id=0: 0.0010972ms, 1%
@320 = multibroadcast[out_lens={64, 1000},out_dyn_dims={}](@312) -> half_type, {64, 1000}, {0, 1}, target_id=0: 0.00167916ms, 1%
@321 = gpu::code_object[code_object=3856,symbol_name=add_convert_kernel,global=32000,local=1024,](@318,@320,main:#output_0) -> float_type, {64, 1000}, {1000, 1}, target_id=0: 0.0172221ms, 1%
@322 = @return(@321), target_id=0
Summary:
gpu::convolution: 3.87671ms / 17 = 0.228042ms, 36%
gpu::code_object::mlir_convolution_add_relu: 3.4356ms / 21 = 0.1636ms, 32%
gpu::code_object::mlir_convolution_add_add_relu: 1.82351ms / 11 = 0.165773ms, 17%
gpu::code_object::add_relu_kernel: 0.642153ms / 16 = 0.0401345ms, 6%
gpu::code_object::concat_kernel: 0.424215ms / 4 = 0.106054ms, 4%
gpu::pooling: 0.29326ms / 1 = 0.29326ms, 3%
gpu::code_object::add_add_relu_reduce_mean_kernel: 0.192084ms / 1 = 0.192084ms, 2%
gpu::code_object::convert_kernel: 0.0762808ms / 1 = 0.0762808ms, 1%
hip::hip_copy_literal: 0.0696967ms / 100 = 0.000696967ms, 1%
gpu::gemm: 0.0648852ms / 1 = 0.0648852ms, 1%
load: 0.0616745ms / 90 = 0.000685272ms, 1%
broadcast: 0.042675ms / 49 = 0.000870919ms, 1%
gpu::code_object::add_convert_kernel: 0.0172221ms / 1 = 0.0172221ms, 1%
step: 0.0034473ms / 3 = 0.0011491ms, 1%
multibroadcast: 0.00167916ms / 1 = 0.00167916ms, 1%
@param: 0.00156922ms / 2 = 0.00078461ms, 1%
flatten: 0.00117564ms / 1 = 0.00117564ms, 1%
check_context::migraphx::gpu::context: 0.00098638ms / 1 = 0.00098638ms, 1%
hip::hip_allocate_memory: 0.00093738ms / 1 = 0.00093738ms, 1%

Batch size: 1
Rate: 101.543 inferences/sec
Total time: 9.84804ms
Total instructions time: 11.0298ms
Overhead time: 0.0678612ms, -1.18173ms
Overhead: 1%, -12%
[ MIGraphX Version: 2.9.0.41e5cc0dd ] Complete: /src/AMDMIGraphX/build/bin/driver perf --fp16 --gpu /new-saved-models/torchvision/resnet50i64.onnx
