Running [ MIGraphX Version: 2.10.0.ee68f7261 ]: /src/AMDMIGraphX/build/bin/driver perf --fill1 input_ids --input-dim @input_ids 1 448 @encoder_hidden_states 1 1500 384 --gpu /new-saved-models/whisper-tiny/decoder_model.onnx
Compiling ... 
Reading: /new-saved-models/whisper-tiny/decoder_model.onnx
module: "main"
@0 = check_context::migraphx::gpu::context -> float_type, {}, {}, target_id=0
@1 = hip::hip_allocate_memory[shape=int8_type, {71602176}, {1},id=main:scratch] -> int8_type, {71602176}, {1}, target_id=0
@2 = load[offset=0,end=1792](@1) -> float_type, {1, 448}, {448, 1}, target_id=0
input_ids = @param:input_ids -> int64_type, {1, 448}, {448, 1}, target_id=0
@4 = gpu::code_object[code_object=5064,symbol_name=convert_kernel,global=224,local=1024,](input_ids,@2) -> float_type, {1, 448}, {448, 1}, target_id=0
@5 = hip::hip_copy_literal[id=main:@literal:65] -> float_type, {51865, 384}, {384, 1}, target_id=0
@6 = load[offset=2752512,end=3440640](@1) -> float_type, {1, 448, 384}, {172032, 384, 1}, target_id=0
@7 = gpu::code_object[code_object=5064,symbol_name=gather_kernel,global=172032,local=1024,](@5,@4,@6) -> float_type, {1, 448, 384}, {172032, 384, 1}, target_id=0
@8 = hip::hip_copy_literal[id=main:@literal:25] -> float_type, {448, 1152}, {1152, 1}, target_id=0
@9 = hip::hip_copy_literal[id=main:@literal:1] -> float_type, {1, 384, 1152}, {442368, 1152, 1}, target_id=0
@10 = hip::hip_copy_literal[id=main:@literal:64] -> float_type, {448, 384}, {384, 1}, target_id=0
@11 = load[offset=2064384,end=2752512](@1) -> float_type, {1, 448, 384}, {172032, 384, 1}, target_id=0
@12 = multibroadcast[out_lens={1, 448, 384},out_dyn_dims={}](@10) -> float_type, {1, 448, 384}, {0, 384, 1}, target_id=0
@13 = gpu::code_object[code_object=5784,symbol_name=add_layernorm_kernel,global=86016,local=192,](@7,@12,@11) -> float_type, {1, 448, 384}, {172032, 384, 1}, target_id=0
@14 = load[offset=0,end=2064384](@1) -> float_type, {1, 448, 1152}, {516096, 1152, 1}, target_id=0
@15 = multibroadcast[out_lens={1, 448, 1152},out_dyn_dims={}](@8) -> float_type, {1, 448, 1152}, {0, 1152, 1}, target_id=0
@16 = gpu::code_object[code_object=5424,symbol_name=mlir_dot_add,global=129024,local=256,](@15,@13,@9,@14) -> float_type, {1, 448, 1152}, {516096, 1152, 1}, target_id=0
@17 = hip::hip_copy_literal[id=main:@literal:63] -> float_type, {384}, {1}, target_id=0
@18 = load[offset=2064384,end=2752512](@1) -> float_type, {1, 448, 384}, {172032, 384, 1}, target_id=0
@19 = multibroadcast[out_lens={1, 448, 384},out_dyn_dims={}](@17) -> float_type, {1, 448, 384}, {0, 0, 1}, target_id=0
@20 = slice[axes={2},starts={768},ends={1152}](@16) -> float_type, {1, 448, 384}, {516096, 1152, 1}, target_id=0
@21 = gpu::code_object[code_object=5056,symbol_name=add_kernel,global=86016,local=1024,](@19,@20,@18) -> float_type, {1, 448, 384}, {172032, 384, 1}, target_id=0
@22 = hip::hip_copy_literal[id=main:@literal:33] -> float_type, {1, 1, 448, 448}, {200704, 200704, 448, 1}, target_id=0
@23 = hip::hip_copy_literal[id=main:@literal:37] -> float_type, {384}, {1}, target_id=0
@24 = multibroadcast[out_lens={1, 448, 384},out_dyn_dims={}](@23) -> float_type, {1, 448, 384}, {0, 0, 1}, target_id=0
@25 = load[offset=3440640,end=4128768](@1) -> float_type, {1, 448, 384}, {172032, 384, 1}, target_id=0
@26 = slice[axes={2},starts={0},ends={384}](@16) -> float_type, {1, 448, 384}, {516096, 1152, 1}, target_id=0
@27 = gpu::code_object[code_object=5128,symbol_name=mul_add_kernel,global=86016,local=1024,](@26,@24,@25) -> float_type, {1, 448, 384}, {172032, 384, 1}, target_id=0
@28 = load[offset=8257536,end=13074432](@1) -> float_type, {6, 448, 448}, {200704, 448, 1}, target_id=0
@29 = gpu::code_object[code_object=5872,symbol_name=mlir_reshape_transpose_reshape_slice_reshape_transpose_reshape_transpose_dot,global=75264,local=256,](@27,@16,@28) -> float_type, {6, 448, 448}, {200704, 448, 1}, target_id=0
@30 = load[offset=3440640,end=8257536](@1) -> float_type, {1, 6, 448, 448}, {1204224, 200704, 448, 1}, target_id=0
@31 = multibroadcast[out_lens={1, 6, 448, 448},out_dyn_dims={}](@22) -> float_type, {1, 6, 448, 448}, {200704, 0, 448, 1}, target_id=0
@32 = reshape_lazy[dims={1, 6, 448, 448}](@29) -> float_type, {1, 6, 448, 448}, {1204224, 200704, 448, 1}, target_id=0
@33 = gpu::code_object[code_object=6536,symbol_name=add_reduce_max_sub_exp_reduce_sum_div_kernel,global=344064,local=128,](@32,@31,@30) -> float_type, {1, 6, 448, 448}, {1204224, 200704, 448, 1}, target_id=0
@34 = load[offset=8257536,end=8945664](@1) -> float_type, {1, 6, 448, 64}, {172032, 28672, 64, 1}, target_id=0
@35 = gpu::code_object[code_object=6032,symbol_name=mlir_reshape_transpose_dot,global=43008,local=256,](@33,@21,@34) -> float_type, {1, 6, 448, 64}, {172032, 28672, 64, 1}, target_id=0
@36 = hip::hip_copy_literal[id=main:@literal:55] -> float_type, {384, 384}, {384, 1}, target_id=0
@37 = load[offset=23488512,end=24176640](@1) -> float_type, {1, 448, 384}, {172032, 384, 1}, target_id=0
@38 = gpu::code_object[code_object=5464,symbol_name=mlir_transpose_reshape_dot_add,global=43008,local=256,](@7,@35,@36,@37) -> float_type, {1, 448, 384}, {172032, 384, 1}, target_id=0
@39 = hip::hip_copy_literal[id=main:@literal:26] -> float_type, {384, 3072}, {3072, 1}, target_id=0
@40 = load[offset=2752512,end=21184512](@1) -> float_type, {1, 1500, 3072}, {4608000, 3072, 1}, target_id=0
encoder_hidden_states = @param:encoder_hidden_states -> float_type, {1, 1500, 384}, {576000, 384, 1}, target_id=0
@42 = gpu::code_object[code_object=5480,symbol_name=mlir_dot,global=294912,local=256,](encoder_hidden_states,@39,@40) -> float_type, {1, 1500, 3072}, {4608000, 3072, 1}, target_id=0
@43 = hip::hip_copy_literal[id=main:@literal:62] -> float_type, {384}, {1}, target_id=0
@44 = multibroadcast[out_lens={1, 1500, 384},out_dyn_dims={}](@43) -> float_type, {1, 1500, 384}, {0, 0, 1}, target_id=0
@45 = slice[axes={2},starts={384},ends={768}](@42) -> float_type, {1, 1500, 384}, {4608000, 3072, 1}, target_id=0
@46 = load[offset=21184512,end=23488512](@1) -> float_type, {1, 1500, 384}, {576000, 384, 1}, target_id=0
@47 = gpu::code_object[code_object=5056,symbol_name=add_kernel,global=288000,local=1024,](@44,@45,@46) -> float_type, {1, 1500, 384}, {576000, 384, 1}, target_id=0
@48 = hip::hip_copy_literal[id=main:@literal:36] -> float_type, {448, 384}, {384, 1}, target_id=0
@49 = hip::hip_copy_literal[id=main:@literal:29] -> float_type, {448, 384}, {384, 1}, target_id=0
@50 = hip::hip_copy_literal[id=main:@literal:6] -> float_type, {1, 384, 384}, {147456, 384, 1}, target_id=0
@51 = multibroadcast[out_lens={1, 448, 384},out_dyn_dims={}](@48) -> float_type, {1, 448, 384}, {0, 384, 1}, target_id=0
@52 = load[offset=24864768,end=25552896](@1) -> float_type, {1, 448, 384}, {172032, 384, 1}, target_id=0
@53 = gpu::code_object[code_object=5784,symbol_name=add_layernorm_kernel,global=86016,local=192,](@38,@51,@52) -> float_type, {1, 448, 384}, {172032, 384, 1}, target_id=0
@54 = multibroadcast[out_lens={1, 448, 384},out_dyn_dims={}](@49) -> float_type, {1, 448, 384}, {0, 384, 1}, target_id=0
@55 = load[offset=24176640,end=24864768](@1) -> float_type, {1, 448, 384}, {172032, 384, 1}, target_id=0
@56 = gpu::code_object[code_object=5424,symbol_name=mlir_dot_add,global=43008,local=256,](@54,@53,@50,@55) -> float_type, {1, 448, 384}, {172032, 384, 1}, target_id=0
@57 = load[offset=40304640,end=56432640](@1) -> float_type, {6, 448, 1500}, {672000, 1500, 1}, target_id=0
@58 = gpu::code_object[code_object=6000,symbol_name=mlir_reshape_transpose_reshape_reshape_transpose_slice_reshape_transpose_dot,global=258048,local=256,](@56,@42,@57) -> float_type, {6, 448, 1500}, {672000, 1500, 1}, target_id=0
@59 = load[offset=24176640,end=40304640](@1) -> float_type, {6, 448, 1500}, {672000, 1500, 1}, target_id=0
@60 = gpu::code_object[code_object=7296,symbol_name=reduce_max_sub_exp_reduce_sum_div_kernel,global=688128,local=256,](@58,@59) -> float_type, {6, 448, 1500}, {672000, 1500, 1}, target_id=0
@61 = load[offset=40304640,end=40992768](@1) -> float_type, {6, 448, 64}, {28672, 64, 1}, target_id=0
@62 = reshape_lazy[dims={1, -1, 6, 64}](@47) -> float_type, {1, 1500, 6, 64}, {576000, 384, 64, 1}, target_id=0
@63 = transpose[permutation={0, 2, 1, 3}](@62) -> float_type, {1, 6, 1500, 64}, {576000, 64, 384, 1}, target_id=0
@64 = reshape_lazy[dims={6, -1, 64}](@63) -> float_type, {6, 1500, 64}, {64, 384, 1}, target_id=0
@65 = gpu::gemm[alpha=1,beta=0,compute_fp32=1,trans_batch=0,solution_idx=0](@60,@64,@61) -> float_type, {6, 448, 64}, {28672, 64, 1}, target_id=0
@66 = hip::hip_copy_literal[id=main:@literal:54] -> float_type, {384, 384}, {384, 1}, target_id=0
@67 = load[offset=24176640,end=24864768](@1) -> float_type, {1, 448, 384}, {172032, 384, 1}, target_id=0
@68 = gpu::code_object[code_object=5480,symbol_name=mlir_reshape_transpose_reshape_dot_add,global=43008,local=256,](@38,@65,@66,@67) -> float_type, {1, 448, 384}, {172032, 384, 1}, target_id=0
@69 = hip::hip_copy_literal[id=main:@literal:14] -> float_type, {448, 384}, {384, 1}, target_id=0
@70 = hip::hip_copy_literal[id=main:@literal:21] -> float_type, {1536, 384}, {384, 1}, target_id=0
@71 = hip::hip_copy_literal[id=main:@literal:32] -> float_type, {448, 1536}, {1536, 1}, target_id=0
@72 = multibroadcast[out_lens={1, 448, 384},out_dyn_dims={}](@69) -> float_type, {1, 448, 384}, {0, 384, 1}, target_id=0
@73 = load[offset=23488512,end=24176640](@1) -> float_type, {1, 448, 384}, {172032, 384, 1}, target_id=0
@74 = gpu::code_object[code_object=5784,symbol_name=add_layernorm_kernel,global=86016,local=192,](@68,@72,@73) -> float_type, {1, 448, 384}, {172032, 384, 1}, target_id=0
@75 = hip::hip_copy_literal[id=main:@literal:0] -> float_type, {1, 384, 1536}, {589824, 1536, 1}, target_id=0
@76 = multibroadcast[out_lens={1, 448, 1536},out_dyn_dims={}](@71) -> float_type, {1, 448, 1536}, {0, 1536, 1}, target_id=0
@77 = load[offset=26929152,end=29681664](@1) -> float_type, {1, 448, 1536}, {688128, 1536, 1}, target_id=0
@78 = gpu::code_object[code_object=7056,symbol_name=mlir_dot_add_mul_erf_add_mul,global=172032,local=256,](@76,@74,@75,@77) -> float_type, {1, 448, 1536}, {688128, 1536, 1}, target_id=0
@79 = multibroadcast[out_lens={1, 1536, 384},out_dyn_dims={}](@70) -> float_type, {1, 1536, 384}, {0, 384, 1}, target_id=0
@80 = load[offset=26241024,end=26929152](@1) -> float_type, {1, 448, 384}, {172032, 384, 1}, target_id=0
@81 = gpu::gemm[alpha=1,beta=1,compute_fp32=1,trans_batch=0,solution_idx=0](@78,@79,@68,@80) -> float_type, {1, 448, 384}, {172032, 384, 1}, target_id=0
@82 = hip::hip_copy_literal[id=main:@literal:24] -> float_type, {448, 1152}, {1152, 1}, target_id=0
@83 = hip::hip_copy_literal[id=main:@literal:20] -> float_type, {448, 384}, {384, 1}, target_id=0
@84 = hip::hip_copy_literal[id=main:@literal:5] -> float_type, {1, 384, 1152}, {442368, 1152, 1}, target_id=0
@85 = multibroadcast[out_lens={1, 448, 384},out_dyn_dims={}](@83) -> float_type, {1, 448, 384}, {0, 384, 1}, target_id=0
@86 = load[offset=25552896,end=26241024](@1) -> float_type, {1, 448, 384}, {172032, 384, 1}, target_id=0
@87 = gpu::code_object[code_object=5784,symbol_name=add_layernorm_kernel,global=86016,local=192,](@81,@85,@86) -> float_type, {1, 448, 384}, {172032, 384, 1}, target_id=0
@88 = multibroadcast[out_lens={1, 448, 1152},out_dyn_dims={}](@82) -> float_type, {1, 448, 1152}, {0, 1152, 1}, target_id=0
@89 = load[offset=23488512,end=25552896](@1) -> float_type, {1, 448, 1152}, {516096, 1152, 1}, target_id=0
@90 = gpu::code_object[code_object=5424,symbol_name=mlir_dot_add,global=129024,local=256,](@88,@87,@84,@89) -> float_type, {1, 448, 1152}, {516096, 1152, 1}, target_id=0
@91 = hip::hip_copy_literal[id=main:@literal:61] -> float_type, {384}, {1}, target_id=0
@92 = load[offset=25552896,end=26241024](@1) -> float_type, {1, 448, 384}, {172032, 384, 1}, target_id=0
@93 = multibroadcast[out_lens={1, 448, 384},out_dyn_dims={}](@91) -> float_type, {1, 448, 384}, {0, 0, 1}, target_id=0
@94 = slice[axes={2},starts={768},ends={1152}](@90) -> float_type, {1, 448, 384}, {516096, 1152, 1}, target_id=0
@95 = gpu::code_object[code_object=5056,symbol_name=add_kernel,global=86016,local=1024,](@93,@94,@92) -> float_type, {1, 448, 384}, {172032, 384, 1}, target_id=0
@96 = hip::hip_copy_literal[id=main:@literal:18] -> float_type, {384}, {1}, target_id=0
@97 = multibroadcast[out_lens={1, 448, 384},out_dyn_dims={}](@96) -> float_type, {1, 448, 384}, {0, 0, 1}, target_id=0
@98 = slice[axes={2},starts={0},ends={384}](@90) -> float_type, {1, 448, 384}, {516096, 1152, 1}, target_id=0
@99 = load[offset=26929152,end=27617280](@1) -> float_type, {1, 448, 384}, {172032, 384, 1}, target_id=0
@100 = gpu::code_object[code_object=5128,symbol_name=mul_add_kernel,global=86016,local=1024,](@98,@97,@99) -> float_type, {1, 448, 384}, {172032, 384, 1}, target_id=0
@101 = load[offset=31746048,end=36562944](@1) -> float_type, {6, 448, 448}, {200704, 448, 1}, target_id=0
@102 = gpu::code_object[code_object=5872,symbol_name=mlir_reshape_transpose_reshape_slice_reshape_transpose_reshape_transpose_dot,global=75264,local=256,](@100,@90,@101) -> float_type, {6, 448, 448}, {200704, 448, 1}, target_id=0
@103 = load[offset=26929152,end=31746048](@1) -> float_type, {1, 6, 448, 448}, {1204224, 200704, 448, 1}, target_id=0
@104 = reshape_lazy[dims={1, 6, 448, 448}](@102) -> float_type, {1, 6, 448, 448}, {1204224, 200704, 448, 1}, target_id=0
@105 = gpu::code_object[code_object=6536,symbol_name=add_reduce_max_sub_exp_reduce_sum_div_kernel,global=344064,local=128,](@104,@31,@103) -> float_type, {1, 6, 448, 448}, {1204224, 200704, 448, 1}, target_id=0
@106 = load[offset=31746048,end=32434176](@1) -> float_type, {1, 6, 448, 64}, {172032, 28672, 64, 1}, target_id=0
@107 = gpu::code_object[code_object=6032,symbol_name=mlir_reshape_transpose_dot,global=43008,local=256,](@105,@95,@106) -> float_type, {1, 6, 448, 64}, {172032, 28672, 64, 1}, target_id=0
@108 = hip::hip_copy_literal[id=main:@literal:53] -> float_type, {384, 384}, {384, 1}, target_id=0
@109 = load[offset=28545024,end=29233152](@1) -> float_type, {1, 448, 384}, {172032, 384, 1}, target_id=0
@110 = gpu::code_object[code_object=5464,symbol_name=mlir_transpose_reshape_dot_add,global=43008,local=256,](@81,@107,@108,@109) -> float_type, {1, 448, 384}, {172032, 384, 1}, target_id=0
@111 = hip::hip_copy_literal[id=main:@literal:60] -> float_type, {384}, {1}, target_id=0
@112 = multibroadcast[out_lens={1, 1500, 384},out_dyn_dims={}](@111) -> float_type, {1, 1500, 384}, {0, 0, 1}, target_id=0
@113 = slice[axes={2},starts={1152},ends={1536}](@42) -> float_type, {1, 1500, 384}, {4608000, 3072, 1}, target_id=0
@114 = load[offset=26241024,end=28545024](@1) -> float_type, {1, 1500, 384}, {576000, 384, 1}, target_id=0
@115 = gpu::code_object[code_object=5056,symbol_name=add_kernel,global=288000,local=1024,](@112,@113,@114) -> float_type, {1, 1500, 384}, {576000, 384, 1}, target_id=0
@116 = hip::hip_copy_literal[id=main:@literal:35] -> float_type, {448, 384}, {384, 1}, target_id=0
@117 = multibroadcast[out_lens={1, 448, 384},out_dyn_dims={}](@116) -> float_type, {1, 448, 384}, {0, 384, 1}, target_id=0
@118 = load[offset=29921280,end=30609408](@1) -> float_type, {1, 448, 384}, {172032, 384, 1}, target_id=0
@119 = gpu::code_object[code_object=5784,symbol_name=add_layernorm_kernel,global=86016,local=192,](@110,@117,@118) -> float_type, {1, 448, 384}, {172032, 384, 1}, target_id=0
@120 = hip::hip_copy_literal[id=main:@literal:17] -> float_type, {448, 384}, {384, 1}, target_id=0
@121 = hip::hip_copy_literal[id=main:@literal:4] -> float_type, {1, 384, 384}, {147456, 384, 1}, target_id=0
@122 = multibroadcast[out_lens={1, 448, 384},out_dyn_dims={}](@120) -> float_type, {1, 448, 384}, {0, 384, 1}, target_id=0
@123 = load[offset=29233152,end=29921280](@1) -> float_type, {1, 448, 384}, {172032, 384, 1}, target_id=0
@124 = gpu::code_object[code_object=5424,symbol_name=mlir_dot_add,global=43008,local=256,](@122,@119,@121,@123) -> float_type, {1, 448, 384}, {172032, 384, 1}, target_id=0
@125 = load[offset=45361152,end=61489152](@1) -> float_type, {6, 448, 1500}, {672000, 1500, 1}, target_id=0
@126 = gpu::code_object[code_object=6000,symbol_name=mlir_reshape_transpose_reshape_reshape_transpose_slice_reshape_transpose_dot,global=258048,local=256,](@124,@42,@125) -> float_type, {6, 448, 1500}, {672000, 1500, 1}, target_id=0
@127 = load[offset=29233152,end=45361152](@1) -> float_type, {6, 448, 1500}, {672000, 1500, 1}, target_id=0
@128 = gpu::code_object[code_object=7296,symbol_name=reduce_max_sub_exp_reduce_sum_div_kernel,global=688128,local=256,](@126,@127) -> float_type, {6, 448, 1500}, {672000, 1500, 1}, target_id=0
@129 = reshape_lazy[dims={1, -1, 6, 64}](@115) -> float_type, {1, 1500, 6, 64}, {576000, 384, 64, 1}, target_id=0
@130 = transpose[permutation={0, 2, 1, 3}](@129) -> float_type, {1, 6, 1500, 64}, {576000, 64, 384, 1}, target_id=0
@131 = reshape_lazy[dims={6, -1, 64}](@130) -> float_type, {6, 1500, 64}, {64, 384, 1}, target_id=0
@132 = load[offset=45361152,end=46049280](@1) -> float_type, {6, 448, 64}, {28672, 64, 1}, target_id=0
@133 = gpu::gemm[alpha=1,beta=0,compute_fp32=1,trans_batch=0,solution_idx=0](@128,@131,@132) -> float_type, {6, 448, 64}, {28672, 64, 1}, target_id=0
@134 = hip::hip_copy_literal[id=main:@literal:52] -> float_type, {384, 384}, {384, 1}, target_id=0
@135 = load[offset=29233152,end=29921280](@1) -> float_type, {1, 448, 384}, {172032, 384, 1}, target_id=0
@136 = gpu::code_object[code_object=5480,symbol_name=mlir_reshape_transpose_reshape_dot_add,global=43008,local=256,](@110,@133,@134,@135) -> float_type, {1, 448, 384}, {172032, 384, 1}, target_id=0
@137 = hip::hip_copy_literal[id=main:@literal:15] -> float_type, {448, 1536}, {1536, 1}, target_id=0
@138 = hip::hip_copy_literal[id=main:@literal:16] -> float_type, {448, 384}, {384, 1}, target_id=0
@139 = multibroadcast[out_lens={1, 448, 384},out_dyn_dims={}](@138) -> float_type, {1, 448, 384}, {0, 384, 1}, target_id=0
@140 = load[offset=28545024,end=29233152](@1) -> float_type, {1, 448, 384}, {172032, 384, 1}, target_id=0
@141 = gpu::code_object[code_object=5784,symbol_name=add_layernorm_kernel,global=86016,local=192,](@136,@139,@140) -> float_type, {1, 448, 384}, {172032, 384, 1}, target_id=0
@142 = hip::hip_copy_literal[id=main:@literal:2] -> float_type, {1, 384, 1536}, {589824, 1536, 1}, target_id=0
@143 = multibroadcast[out_lens={1, 448, 1536},out_dyn_dims={}](@137) -> float_type, {1, 448, 1536}, {0, 1536, 1}, target_id=0
@144 = load[offset=29921280,end=32673792](@1) -> float_type, {1, 448, 1536}, {688128, 1536, 1}, target_id=0
@145 = gpu::code_object[code_object=7056,symbol_name=mlir_dot_add_mul_erf_add_mul,global=172032,local=256,](@143,@141,@142,@144) -> float_type, {1, 448, 1536}, {688128, 1536, 1}, target_id=0
@146 = hip::hip_copy_literal[id=main:@literal:13] -> float_type, {1536, 384}, {384, 1}, target_id=0
@147 = multibroadcast[out_lens={1, 1536, 384},out_dyn_dims={}](@146) -> float_type, {1, 1536, 384}, {0, 384, 1}, target_id=0
@148 = load[offset=36593664,end=37281792](@1) -> float_type, {1, 448, 384}, {172032, 384, 1}, target_id=0
@149 = gpu::gemm[alpha=1,beta=1,compute_fp32=1,trans_batch=0,solution_idx=0](@145,@147,@136,@148) -> float_type, {1, 448, 384}, {172032, 384, 1}, target_id=0
@150 = hip::hip_copy_literal[id=main:@literal:7] -> float_type, {1, 384, 1152}, {442368, 1152, 1}, target_id=0
@151 = hip::hip_copy_literal[id=main:@literal:38] -> float_type, {448, 384}, {384, 1}, target_id=0
@152 = hip::hip_copy_literal[id=main:@literal:30] -> float_type, {448, 1152}, {1152, 1}, target_id=0
@153 = multibroadcast[out_lens={1, 448, 384},out_dyn_dims={}](@151) -> float_type, {1, 448, 384}, {0, 384, 1}, target_id=0
@154 = load[offset=30609408,end=31297536](@1) -> float_type, {1, 448, 384}, {172032, 384, 1}, target_id=0
@155 = gpu::code_object[code_object=5784,symbol_name=add_layernorm_kernel,global=86016,local=192,](@149,@153,@154) -> float_type, {1, 448, 384}, {172032, 384, 1}, target_id=0
@156 = multibroadcast[out_lens={1, 448, 1152},out_dyn_dims={}](@152) -> float_type, {1, 448, 1152}, {0, 1152, 1}, target_id=0
@157 = load[offset=28545024,end=30609408](@1) -> float_type, {1, 448, 1152}, {516096, 1152, 1}, target_id=0
@158 = gpu::code_object[code_object=5424,symbol_name=mlir_dot_add,global=129024,local=256,](@156,@155,@150,@157) -> float_type, {1, 448, 1152}, {516096, 1152, 1}, target_id=0
@159 = hip::hip_copy_literal[id=main:@literal:56] -> float_type, {384}, {1}, target_id=0
@160 = multibroadcast[out_lens={1, 1500, 384},out_dyn_dims={}](@159) -> float_type, {1, 1500, 384}, {0, 0, 1}, target_id=0
@161 = slice[axes={2},starts={2688},ends={3072}](@42) -> float_type, {1, 1500, 384}, {4608000, 3072, 1}, target_id=0
@162 = load[offset=32913408,end=35217408](@1) -> float_type, {1, 1500, 384}, {576000, 384, 1}, target_id=0
@163 = gpu::code_object[code_object=5056,symbol_name=add_kernel,global=288000,local=1024,](@160,@161,@162) -> float_type, {1, 1500, 384}, {576000, 384, 1}, target_id=0
@164 = hip::hip_copy_literal[id=main:@literal:28] -> float_type, {448, 1152}, {1152, 1}, target_id=0
@165 = hip::hip_copy_literal[id=main:@literal:58] -> float_type, {384}, {1}, target_id=0
@166 = multibroadcast[out_lens={1, 1500, 384},out_dyn_dims={}](@165) -> float_type, {1, 1500, 384}, {0, 0, 1}, target_id=0
@167 = slice[axes={2},starts={1920},ends={2304}](@42) -> float_type, {1, 1500, 384}, {4608000, 3072, 1}, target_id=0
@168 = load[offset=30609408,end=32913408](@1) -> float_type, {1, 1500, 384}, {576000, 384, 1}, target_id=0
@169 = gpu::code_object[code_object=5056,symbol_name=add_kernel,global=288000,local=1024,](@166,@167,@168) -> float_type, {1, 1500, 384}, {576000, 384, 1}, target_id=0
@170 = hip::hip_copy_literal[id=main:@literal:22] -> float_type, {448, 384}, {384, 1}, target_id=0
@171 = hip::hip_copy_literal[id=main:@literal:31] -> float_type, {384}, {1}, target_id=0
@172 = hip::hip_copy_literal[id=main:@literal:10] -> float_type, {1, 384, 1152}, {442368, 1152, 1}, target_id=0
@173 = hip::hip_copy_literal[id=main:@literal:44] -> float_type, {384}, {1}, target_id=0
@174 = hip::hip_copy_literal[id=main:@literal:49] -> float_type, {384, 384}, {384, 1}, target_id=0
@175 = hip::hip_copy_literal[id=main:@literal:51] -> float_type, {384, 384}, {384, 1}, target_id=0
@176 = hip::hip_copy_literal[id=main:@literal:57] -> float_type, {384}, {1}, target_id=0
@177 = hip::hip_copy_literal[id=main:@literal:59] -> float_type, {384}, {1}, target_id=0
@178 = multibroadcast[out_lens={1, 448, 384},out_dyn_dims={}](@177) -> float_type, {1, 448, 384}, {0, 0, 1}, target_id=0
@179 = slice[axes={2},starts={768},ends={1152}](@158) -> float_type, {1, 448, 384}, {516096, 1152, 1}, target_id=0
@180 = load[offset=35217408,end=35905536](@1) -> float_type, {1, 448, 384}, {172032, 384, 1}, target_id=0
@181 = gpu::code_object[code_object=5056,symbol_name=add_kernel,global=86016,local=1024,](@178,@179,@180) -> float_type, {1, 448, 384}, {172032, 384, 1}, target_id=0
@182 = multibroadcast[out_lens={1, 448, 384},out_dyn_dims={}](@171) -> float_type, {1, 448, 384}, {0, 0, 1}, target_id=0
@183 = slice[axes={2},starts={0},ends={384}](@158) -> float_type, {1, 448, 384}, {516096, 1152, 1}, target_id=0
@184 = load[offset=35905536,end=36593664](@1) -> float_type, {1, 448, 384}, {172032, 384, 1}, target_id=0
@185 = gpu::code_object[code_object=5128,symbol_name=mul_add_kernel,global=86016,local=1024,](@183,@182,@184) -> float_type, {1, 448, 384}, {172032, 384, 1}, target_id=0
@186 = load[offset=42098688,end=46915584](@1) -> float_type, {6, 448, 448}, {200704, 448, 1}, target_id=0
@187 = gpu::code_object[code_object=5872,symbol_name=mlir_reshape_transpose_reshape_slice_reshape_transpose_reshape_transpose_dot,global=75264,local=256,](@185,@158,@186) -> float_type, {6, 448, 448}, {200704, 448, 1}, target_id=0
@188 = load[offset=37281792,end=42098688](@1) -> float_type, {1, 6, 448, 448}, {1204224, 200704, 448, 1}, target_id=0
@189 = reshape_lazy[dims={1, 6, 448, 448}](@187) -> float_type, {1, 6, 448, 448}, {1204224, 200704, 448, 1}, target_id=0
@190 = gpu::code_object[code_object=6536,symbol_name=add_reduce_max_sub_exp_reduce_sum_div_kernel,global=344064,local=128,](@189,@31,@188) -> float_type, {1, 6, 448, 448}, {1204224, 200704, 448, 1}, target_id=0
@191 = load[offset=42098688,end=42786816](@1) -> float_type, {1, 6, 448, 64}, {172032, 28672, 64, 1}, target_id=0
@192 = gpu::code_object[code_object=6032,symbol_name=mlir_reshape_transpose_dot,global=43008,local=256,](@190,@181,@191) -> float_type, {1, 6, 448, 64}, {172032, 28672, 64, 1}, target_id=0
@193 = load[offset=35905536,end=36593664](@1) -> float_type, {1, 448, 384}, {172032, 384, 1}, target_id=0
@194 = gpu::code_object[code_object=5464,symbol_name=mlir_transpose_reshape_dot_add,global=43008,local=256,](@149,@192,@175,@193) -> float_type, {1, 448, 384}, {172032, 384, 1}, target_id=0
@195 = hip::hip_copy_literal[id=main:@literal:27] -> float_type, {448, 384}, {384, 1}, target_id=0
@196 = hip::hip_copy_literal[id=main:@literal:8] -> float_type, {1, 384, 384}, {147456, 384, 1}, target_id=0
@197 = hip::hip_copy_literal[id=main:@literal:39] -> float_type, {448, 384}, {384, 1}, target_id=0
@198 = multibroadcast[out_lens={1, 448, 384},out_dyn_dims={}](@197) -> float_type, {1, 448, 384}, {0, 384, 1}, target_id=0
@199 = load[offset=37281792,end=37969920](@1) -> float_type, {1, 448, 384}, {172032, 384, 1}, target_id=0
@200 = gpu::code_object[code_object=5784,symbol_name=add_layernorm_kernel,global=86016,local=192,](@194,@198,@199) -> float_type, {1, 448, 384}, {172032, 384, 1}, target_id=0
@201 = multibroadcast[out_lens={1, 448, 384},out_dyn_dims={}](@195) -> float_type, {1, 448, 384}, {0, 384, 1}, target_id=0
@202 = load[offset=36593664,end=37281792](@1) -> float_type, {1, 448, 384}, {172032, 384, 1}, target_id=0
@203 = gpu::code_object[code_object=5424,symbol_name=mlir_dot_add,global=43008,local=256,](@201,@200,@196,@202) -> float_type, {1, 448, 384}, {172032, 384, 1}, target_id=0
@204 = load[offset=52721664,end=68849664](@1) -> float_type, {6, 448, 1500}, {672000, 1500, 1}, target_id=0
@205 = gpu::code_object[code_object=6000,symbol_name=mlir_reshape_transpose_reshape_reshape_transpose_slice_reshape_transpose_dot,global=258048,local=256,](@203,@42,@204) -> float_type, {6, 448, 1500}, {672000, 1500, 1}, target_id=0
@206 = load[offset=36593664,end=52721664](@1) -> float_type, {6, 448, 1500}, {672000, 1500, 1}, target_id=0
@207 = gpu::code_object[code_object=7296,symbol_name=reduce_max_sub_exp_reduce_sum_div_kernel,global=688128,local=256,](@205,@206) -> float_type, {6, 448, 1500}, {672000, 1500, 1}, target_id=0
@208 = reshape_lazy[dims={1, -1, 6, 64}](@169) -> float_type, {1, 1500, 6, 64}, {576000, 384, 64, 1}, target_id=0
@209 = transpose[permutation={0, 2, 1, 3}](@208) -> float_type, {1, 6, 1500, 64}, {576000, 64, 384, 1}, target_id=0
@210 = load[offset=52721664,end=53409792](@1) -> float_type, {6, 448, 64}, {28672, 64, 1}, target_id=0
@211 = reshape_lazy[dims={6, -1, 64}](@209) -> float_type, {6, 1500, 64}, {64, 384, 1}, target_id=0
@212 = gpu::gemm[alpha=1,beta=0,compute_fp32=1,trans_batch=0,solution_idx=0](@207,@211,@210) -> float_type, {6, 448, 64}, {28672, 64, 1}, target_id=0
@213 = hip::hip_copy_literal[id=main:@literal:40] -> float_type, {448, 384}, {384, 1}, target_id=0
@214 = hip::hip_copy_literal[id=main:@literal:42] -> float_type, {1536, 384}, {384, 1}, target_id=0
@215 = hip::hip_copy_literal[id=main:@literal:41] -> float_type, {448, 1536}, {1536, 1}, target_id=0
@216 = hip::hip_copy_literal[id=main:@literal:3] -> float_type, {1, 384, 1536}, {589824, 1536, 1}, target_id=0
@217 = hip::hip_copy_literal[id=main:@literal:50] -> float_type, {384, 384}, {384, 1}, target_id=0
@218 = load[offset=36593664,end=37281792](@1) -> float_type, {1, 448, 384}, {172032, 384, 1}, target_id=0
@219 = gpu::code_object[code_object=5480,symbol_name=mlir_reshape_transpose_reshape_dot_add,global=43008,local=256,](@194,@212,@217,@218) -> float_type, {1, 448, 384}, {172032, 384, 1}, target_id=0
@220 = multibroadcast[out_lens={1, 448, 384},out_dyn_dims={}](@213) -> float_type, {1, 448, 384}, {0, 384, 1}, target_id=0
@221 = load[offset=35905536,end=36593664](@1) -> float_type, {1, 448, 384}, {172032, 384, 1}, target_id=0
@222 = gpu::code_object[code_object=5784,symbol_name=add_layernorm_kernel,global=86016,local=192,](@219,@220,@221) -> float_type, {1, 448, 384}, {172032, 384, 1}, target_id=0
@223 = multibroadcast[out_lens={1, 448, 1536},out_dyn_dims={}](@215) -> float_type, {1, 448, 1536}, {0, 1536, 1}, target_id=0
@224 = load[offset=40034304,end=42786816](@1) -> float_type, {1, 448, 1536}, {688128, 1536, 1}, target_id=0
@225 = gpu::code_object[code_object=7056,symbol_name=mlir_dot_add_mul_erf_add_mul,global=172032,local=256,](@223,@222,@216,@224) -> float_type, {1, 448, 1536}, {688128, 1536, 1}, target_id=0
@226 = multibroadcast[out_lens={1, 1536, 384},out_dyn_dims={}](@214) -> float_type, {1, 1536, 384}, {0, 384, 1}, target_id=0
@227 = load[offset=39346176,end=40034304](@1) -> float_type, {1, 448, 384}, {172032, 384, 1}, target_id=0
@228 = gpu::gemm[alpha=1,beta=1,compute_fp32=1,trans_batch=0,solution_idx=0](@225,@226,@219,@227) -> float_type, {1, 448, 384}, {172032, 384, 1}, target_id=0
@229 = multibroadcast[out_lens={1, 448, 384},out_dyn_dims={}](@170) -> float_type, {1, 448, 384}, {0, 384, 1}, target_id=0
@230 = load[offset=37969920,end=38658048](@1) -> float_type, {1, 448, 384}, {172032, 384, 1}, target_id=0
@231 = gpu::code_object[code_object=5784,symbol_name=add_layernorm_kernel,global=86016,local=192,](@228,@229,@230) -> float_type, {1, 448, 384}, {172032, 384, 1}, target_id=0
@232 = multibroadcast[out_lens={1, 448, 1152},out_dyn_dims={}](@164) -> float_type, {1, 448, 1152}, {0, 1152, 1}, target_id=0
@233 = load[offset=35905536,end=37969920](@1) -> float_type, {1, 448, 1152}, {516096, 1152, 1}, target_id=0
@234 = gpu::code_object[code_object=5424,symbol_name=mlir_dot_add,global=129024,local=256,](@232,@231,@172,@233) -> float_type, {1, 448, 1152}, {516096, 1152, 1}, target_id=0
@235 = load[offset=37969920,end=38658048](@1) -> float_type, {1, 448, 384}, {172032, 384, 1}, target_id=0
@236 = multibroadcast[out_lens={1, 448, 384},out_dyn_dims={}](@176) -> float_type, {1, 448, 384}, {0, 0, 1}, target_id=0
@237 = slice[axes={2},starts={768},ends={1152}](@234) -> float_type, {1, 448, 384}, {516096, 1152, 1}, target_id=0
@238 = gpu::code_object[code_object=5056,symbol_name=add_kernel,global=86016,local=1024,](@236,@237,@235) -> float_type, {1, 448, 384}, {172032, 384, 1}, target_id=0
@239 = load[offset=38658048,end=39346176](@1) -> float_type, {1, 448, 384}, {172032, 384, 1}, target_id=0
@240 = slice[axes={2},starts={0},ends={384}](@234) -> float_type, {1, 448, 384}, {516096, 1152, 1}, target_id=0
@241 = multibroadcast[out_lens={1, 448, 384},out_dyn_dims={}](@173) -> float_type, {1, 448, 384}, {0, 0, 1}, target_id=0
@242 = gpu::code_object[code_object=5128,symbol_name=mul_add_kernel,global=86016,local=1024,](@240,@241,@239) -> float_type, {1, 448, 384}, {172032, 384, 1}, target_id=0
@243 = load[offset=44851200,end=49668096](@1) -> float_type, {6, 448, 448}, {200704, 448, 1}, target_id=0
@244 = gpu::code_object[code_object=5872,symbol_name=mlir_reshape_transpose_reshape_slice_reshape_transpose_reshape_transpose_dot,global=75264,local=256,](@242,@234,@243) -> float_type, {6, 448, 448}, {200704, 448, 1}, target_id=0
@245 = load[offset=40034304,end=44851200](@1) -> float_type, {1, 6, 448, 448}, {1204224, 200704, 448, 1}, target_id=0
@246 = reshape_lazy[dims={1, 6, 448, 448}](@244) -> float_type, {1, 6, 448, 448}, {1204224, 200704, 448, 1}, target_id=0
@247 = gpu::code_object[code_object=6536,symbol_name=add_reduce_max_sub_exp_reduce_sum_div_kernel,global=344064,local=128,](@246,@31,@245) -> float_type, {1, 6, 448, 448}, {1204224, 200704, 448, 1}, target_id=0
@248 = load[offset=44851200,end=45539328](@1) -> float_type, {1, 6, 448, 64}, {172032, 28672, 64, 1}, target_id=0
@249 = gpu::code_object[code_object=6032,symbol_name=mlir_reshape_transpose_dot,global=43008,local=256,](@247,@238,@248) -> float_type, {1, 6, 448, 64}, {172032, 28672, 64, 1}, target_id=0
@250 = load[offset=38658048,end=39346176](@1) -> float_type, {1, 448, 384}, {172032, 384, 1}, target_id=0
@251 = gpu::code_object[code_object=5464,symbol_name=mlir_transpose_reshape_dot_add,global=43008,local=256,](@228,@249,@174,@250) -> float_type, {1, 448, 384}, {172032, 384, 1}, target_id=0
@252 = hip::hip_copy_literal[id=main:@literal:11] -> float_type, {1, 384, 384}, {147456, 384, 1}, target_id=0
@253 = hip::hip_copy_literal[id=main:@literal:43] -> float_type, {448, 384}, {384, 1}, target_id=0
@254 = hip::hip_copy_literal[id=main:@literal:19] -> float_type, {448, 384}, {384, 1}, target_id=0
@255 = multibroadcast[out_lens={1, 448, 384},out_dyn_dims={}](@254) -> float_type, {1, 448, 384}, {0, 384, 1}, target_id=0
@256 = load[offset=40034304,end=40722432](@1) -> float_type, {1, 448, 384}, {172032, 384, 1}, target_id=0
@257 = gpu::code_object[code_object=5784,symbol_name=add_layernorm_kernel,global=86016,local=192,](@251,@255,@256) -> float_type, {1, 448, 384}, {172032, 384, 1}, target_id=0
@258 = load[offset=39346176,end=40034304](@1) -> float_type, {1, 448, 384}, {172032, 384, 1}, target_id=0
@259 = multibroadcast[out_lens={1, 448, 384},out_dyn_dims={}](@253) -> float_type, {1, 448, 384}, {0, 384, 1}, target_id=0
@260 = gpu::code_object[code_object=5424,symbol_name=mlir_dot_add,global=43008,local=256,](@259,@257,@252,@258) -> float_type, {1, 448, 384}, {172032, 384, 1}, target_id=0
@261 = load[offset=55474176,end=71602176](@1) -> float_type, {6, 448, 1500}, {672000, 1500, 1}, target_id=0
@262 = gpu::code_object[code_object=6000,symbol_name=mlir_reshape_transpose_reshape_reshape_transpose_slice_reshape_transpose_dot,global=258048,local=256,](@260,@42,@261) -> float_type, {6, 448, 1500}, {672000, 1500, 1}, target_id=0
@263 = load[offset=39346176,end=55474176](@1) -> float_type, {6, 448, 1500}, {672000, 1500, 1}, target_id=0
@264 = gpu::code_object[code_object=7296,symbol_name=reduce_max_sub_exp_reduce_sum_div_kernel,global=688128,local=256,](@262,@263) -> float_type, {6, 448, 1500}, {672000, 1500, 1}, target_id=0
@265 = reshape_lazy[dims={1, -1, 6, 64}](@163) -> float_type, {1, 1500, 6, 64}, {576000, 384, 64, 1}, target_id=0
@266 = transpose[permutation={0, 2, 1, 3}](@265) -> float_type, {1, 6, 1500, 64}, {576000, 64, 384, 1}, target_id=0
@267 = reshape_lazy[dims={6, -1, 64}](@266) -> float_type, {6, 1500, 64}, {64, 384, 1}, target_id=0
@268 = load[offset=55474176,end=56162304](@1) -> float_type, {6, 448, 64}, {28672, 64, 1}, target_id=0
@269 = gpu::gemm[alpha=1,beta=0,compute_fp32=1,trans_batch=0,solution_idx=0](@264,@267,@268) -> float_type, {6, 448, 64}, {28672, 64, 1}, target_id=0
@270 = reshape_lazy[dims={1, -1, 6, 64}](@21) -> float_type, {1, 448, 6, 64}, {172032, 384, 64, 1}, target_id=0
main:#output_2 = @param:main:#output_2 -> float_type, {1, 6, 448, 64}, {172032, 28672, 64, 1}, target_id=0
@272 = transpose[permutation={0, 2, 1, 3}](@270) -> float_type, {1, 6, 448, 64}, {172032, 64, 384, 1}, target_id=0
@273 = gpu::code_object[code_object=5072,symbol_name=contiguous_kernel,global=86016,local=1024,](@272,main:#output_2) -> float_type, {1, 6, 448, 64}, {172032, 28672, 64, 1}, target_id=0
@274 = hip::hip_copy_literal[id=main:@literal:34] -> float_type, {1536, 384}, {384, 1}, target_id=0
@275 = hip::hip_copy_literal[id=main:@literal:45] -> float_type, {448, 384}, {384, 1}, target_id=0
main:#output_4 = @param:main:#output_4 -> float_type, {1, 6, 1500, 64}, {576000, 96000, 64, 1}, target_id=0
@277 = gpu::code_object[code_object=5072,symbol_name=contiguous_kernel,global=288000,local=1024,](@63,main:#output_4) -> float_type, {1, 6, 1500, 64}, {576000, 96000, 64, 1}, target_id=0
main:#output_1 = @param:main:#output_1 -> float_type, {1, 6, 448, 64}, {172032, 28672, 64, 1}, target_id=0
@279 = slice[axes={2},starts={384},ends={768}](@16) -> float_type, {1, 448, 384}, {516096, 1152, 1}, target_id=0
@280 = reshape_lazy[dims={1, -1, 6, 64}](@279) -> float_type, {1, 448, 6, 64}, {516096, 1152, 64, 1}, target_id=0
@281 = transpose[permutation={0, 2, 1, 3}](@280) -> float_type, {1, 6, 448, 64}, {516096, 64, 1152, 1}, target_id=0
@282 = gpu::code_object[code_object=5072,symbol_name=contiguous_kernel,global=86016,local=1024,](@281,main:#output_1) -> float_type, {1, 6, 448, 64}, {172032, 28672, 64, 1}, target_id=0
main:#output_12 = @param:main:#output_12 -> float_type, {1, 6, 1500, 64}, {576000, 96000, 64, 1}, target_id=0
@284 = gpu::code_object[code_object=5072,symbol_name=contiguous_kernel,global=288000,local=1024,](@209,main:#output_12) -> float_type, {1, 6, 1500, 64}, {576000, 96000, 64, 1}, target_id=0
@285 = reshape_lazy[dims={1, 1500, 48, 64}](@42) -> float_type, {1, 1500, 48, 64}, {4608000, 3072, 64, 1}, target_id=0
@286 = transpose[permutation={0, 2, 1, 3}](@285) -> float_type, {1, 48, 1500, 64}, {4608000, 64, 3072, 1}, target_id=0
main:#output_3 = @param:main:#output_3 -> float_type, {1, 6, 1500, 64}, {576000, 96000, 64, 1}, target_id=0
@288 = slice[axes={1},starts={0},ends={6}](@286) -> float_type, {1, 6, 1500, 64}, {4608000, 64, 3072, 1}, target_id=0
@289 = gpu::code_object[code_object=5072,symbol_name=contiguous_kernel,global=288000,local=1024,](@288,main:#output_3) -> float_type, {1, 6, 1500, 64}, {576000, 96000, 64, 1}, target_id=0
main:#output_11 = @param:main:#output_11 -> float_type, {1, 6, 1500, 64}, {576000, 96000, 64, 1}, target_id=0
@291 = slice[axes={1},starts={24},ends={30}](@286) -> float_type, {1, 6, 1500, 64}, {4608000, 64, 3072, 1}, target_id=0
@292 = gpu::code_object[code_object=5072,symbol_name=contiguous_kernel,global=288000,local=1024,](@291,main:#output_11) -> float_type, {1, 6, 1500, 64}, {576000, 96000, 64, 1}, target_id=0
@293 = hip::hip_copy_literal[id=main:@literal:12] -> float_type, {1, 384, 1536}, {589824, 1536, 1}, target_id=0
main:#output_16 = @param:main:#output_16 -> float_type, {1, 6, 1500, 64}, {576000, 96000, 64, 1}, target_id=0
@295 = gpu::code_object[code_object=5072,symbol_name=contiguous_kernel,global=288000,local=1024,](@266,main:#output_16) -> float_type, {1, 6, 1500, 64}, {576000, 96000, 64, 1}, target_id=0
@296 = hip::hip_copy_literal[id=main:@literal:46] -> float_type, {448, 1536}, {1536, 1}, target_id=0
@297 = slice[axes={2},starts={384},ends={768}](@90) -> float_type, {1, 448, 384}, {516096, 1152, 1}, target_id=0
@298 = reshape_lazy[dims={1, -1, 6, 64}](@297) -> float_type, {1, 448, 6, 64}, {516096, 1152, 64, 1}, target_id=0
@299 = transpose[permutation={0, 2, 1, 3}](@298) -> float_type, {1, 6, 448, 64}, {516096, 64, 1152, 1}, target_id=0
main:#output_5 = @param:main:#output_5 -> float_type, {1, 6, 448, 64}, {172032, 28672, 64, 1}, target_id=0
@301 = gpu::code_object[code_object=5072,symbol_name=contiguous_kernel,global=86016,local=1024,](@299,main:#output_5) -> float_type, {1, 6, 448, 64}, {172032, 28672, 64, 1}, target_id=0
main:#output_15 = @param:main:#output_15 -> float_type, {1, 6, 1500, 64}, {576000, 96000, 64, 1}, target_id=0
@303 = slice[axes={1},starts={36},ends={42}](@286) -> float_type, {1, 6, 1500, 64}, {4608000, 64, 3072, 1}, target_id=0
@304 = gpu::code_object[code_object=5072,symbol_name=contiguous_kernel,global=288000,local=1024,](@303,main:#output_15) -> float_type, {1, 6, 1500, 64}, {576000, 96000, 64, 1}, target_id=0
main:#output_6 = @param:main:#output_6 -> float_type, {1, 6, 448, 64}, {172032, 28672, 64, 1}, target_id=0
@306 = reshape_lazy[dims={1, -1, 6, 64}](@95) -> float_type, {1, 448, 6, 64}, {172032, 384, 64, 1}, target_id=0
@307 = transpose[permutation={0, 2, 1, 3}](@306) -> float_type, {1, 6, 448, 64}, {172032, 64, 384, 1}, target_id=0
@308 = gpu::code_object[code_object=5072,symbol_name=contiguous_kernel,global=86016,local=1024,](@307,main:#output_6) -> float_type, {1, 6, 448, 64}, {172032, 28672, 64, 1}, target_id=0
main:#output_8 = @param:main:#output_8 -> float_type, {1, 6, 1500, 64}, {576000, 96000, 64, 1}, target_id=0
@310 = gpu::code_object[code_object=5072,symbol_name=contiguous_kernel,global=288000,local=1024,](@130,main:#output_8) -> float_type, {1, 6, 1500, 64}, {576000, 96000, 64, 1}, target_id=0
@311 = hip::hip_copy_literal[id=main:@literal:23] -> float_type, {448, 51865}, {51865, 1}, target_id=0
@312 = hip::hip_copy_literal[id=main:@literal:47] -> float_type, {448, 384}, {384, 1}, target_id=0
@313 = hip::hip_copy_literal[id=main:@literal:9] -> float_type, {1, 384, 51865}, {19916160, 51865, 1}, target_id=0
main:#output_7 = @param:main:#output_7 -> float_type, {1, 6, 1500, 64}, {576000, 96000, 64, 1}, target_id=0
@315 = slice[axes={1},starts={12},ends={18}](@286) -> float_type, {1, 6, 1500, 64}, {4608000, 64, 3072, 1}, target_id=0
@316 = gpu::code_object[code_object=5072,symbol_name=contiguous_kernel,global=288000,local=1024,](@315,main:#output_7) -> float_type, {1, 6, 1500, 64}, {576000, 96000, 64, 1}, target_id=0
@317 = hip::hip_copy_literal[id=main:@literal:48] -> float_type, {384, 384}, {384, 1}, target_id=0
main:#output_9 = @param:main:#output_9 -> float_type, {1, 6, 448, 64}, {172032, 28672, 64, 1}, target_id=0
@319 = slice[axes={2},starts={384},ends={768}](@158) -> float_type, {1, 448, 384}, {516096, 1152, 1}, target_id=0
@320 = reshape_lazy[dims={1, -1, 6, 64}](@319) -> float_type, {1, 448, 6, 64}, {516096, 1152, 64, 1}, target_id=0
@321 = transpose[permutation={0, 2, 1, 3}](@320) -> float_type, {1, 6, 448, 64}, {516096, 64, 1152, 1}, target_id=0
@322 = gpu::code_object[code_object=5072,symbol_name=contiguous_kernel,global=86016,local=1024,](@321,main:#output_9) -> float_type, {1, 6, 448, 64}, {172032, 28672, 64, 1}, target_id=0
main:#output_10 = @param:main:#output_10 -> float_type, {1, 6, 448, 64}, {172032, 28672, 64, 1}, target_id=0
@324 = reshape_lazy[dims={1, -1, 6, 64}](@181) -> float_type, {1, 448, 6, 64}, {172032, 384, 64, 1}, target_id=0
@325 = transpose[permutation={0, 2, 1, 3}](@324) -> float_type, {1, 6, 448, 64}, {172032, 64, 384, 1}, target_id=0
@326 = gpu::code_object[code_object=5072,symbol_name=contiguous_kernel,global=86016,local=1024,](@325,main:#output_10) -> float_type, {1, 6, 448, 64}, {172032, 28672, 64, 1}, target_id=0
main:#output_13 = @param:main:#output_13 -> float_type, {1, 6, 448, 64}, {172032, 28672, 64, 1}, target_id=0
@328 = slice[axes={2},starts={384},ends={768}](@234) -> float_type, {1, 448, 384}, {516096, 1152, 1}, target_id=0
@329 = reshape_lazy[dims={1, -1, 6, 64}](@328) -> float_type, {1, 448, 6, 64}, {516096, 1152, 64, 1}, target_id=0
@330 = transpose[permutation={0, 2, 1, 3}](@329) -> float_type, {1, 6, 448, 64}, {516096, 64, 1152, 1}, target_id=0
@331 = gpu::code_object[code_object=5072,symbol_name=contiguous_kernel,global=86016,local=1024,](@330,main:#output_13) -> float_type, {1, 6, 448, 64}, {172032, 28672, 64, 1}, target_id=0
@332 = reshape_lazy[dims={1, -1, 6, 64}](@238) -> float_type, {1, 448, 6, 64}, {172032, 384, 64, 1}, target_id=0
@333 = transpose[permutation={0, 2, 1, 3}](@332) -> float_type, {1, 6, 448, 64}, {172032, 64, 384, 1}, target_id=0
main:#output_14 = @param:main:#output_14 -> float_type, {1, 6, 448, 64}, {172032, 28672, 64, 1}, target_id=0
@335 = gpu::code_object[code_object=5072,symbol_name=contiguous_kernel,global=86016,local=1024,](@333,main:#output_14) -> float_type, {1, 6, 448, 64}, {172032, 28672, 64, 1}, target_id=0
@336 = load[offset=1376256,end=2064384](@1) -> float_type, {1, 448, 384}, {172032, 384, 1}, target_id=0
@337 = gpu::code_object[code_object=5480,symbol_name=mlir_reshape_transpose_reshape_dot_add,global=43008,local=256,](@251,@269,@317,@336) -> float_type, {1, 448, 384}, {172032, 384, 1}, target_id=0
@338 = multibroadcast[out_lens={1, 448, 384},out_dyn_dims={}](@275) -> float_type, {1, 448, 384}, {0, 384, 1}, target_id=0
@339 = load[offset=0,end=688128](@1) -> float_type, {1, 448, 384}, {172032, 384, 1}, target_id=0
@340 = gpu::code_object[code_object=5784,symbol_name=add_layernorm_kernel,global=86016,local=192,](@337,@338,@339) -> float_type, {1, 448, 384}, {172032, 384, 1}, target_id=0
@341 = load[offset=2064384,end=4816896](@1) -> float_type, {1, 448, 1536}, {688128, 1536, 1}, target_id=0
@342 = multibroadcast[out_lens={1, 448, 1536},out_dyn_dims={}](@296) -> float_type, {1, 448, 1536}, {0, 1536, 1}, target_id=0
@343 = gpu::code_object[code_object=7056,symbol_name=mlir_dot_add_mul_erf_add_mul,global=172032,local=256,](@342,@340,@293,@341) -> float_type, {1, 448, 1536}, {688128, 1536, 1}, target_id=0
@344 = load[offset=0,end=688128](@1) -> float_type, {1, 448, 384}, {172032, 384, 1}, target_id=0
@345 = multibroadcast[out_lens={1, 1536, 384},out_dyn_dims={}](@274) -> float_type, {1, 1536, 384}, {0, 384, 1}, target_id=0
@346 = gpu::gemm[alpha=1,beta=1,compute_fp32=1,trans_batch=0,solution_idx=0](@343,@345,@337,@344) -> float_type, {1, 448, 384}, {172032, 384, 1}, target_id=0
@347 = multibroadcast[out_lens={1, 448, 384},out_dyn_dims={}](@312) -> float_type, {1, 448, 384}, {0, 384, 1}, target_id=0
@348 = load[offset=688128,end=1376256](@1) -> float_type, {1, 448, 384}, {172032, 384, 1}, target_id=0
@349 = gpu::code_object[code_object=5784,symbol_name=add_layernorm_kernel,global=86016,local=192,](@346,@347,@348) -> float_type, {1, 448, 384}, {172032, 384, 1}, target_id=0
@350 = multibroadcast[out_lens={1, 448, 51865},out_dyn_dims={}](@311) -> float_type, {1, 448, 51865}, {0, 51865, 1}, target_id=0
main:#output_0 = @param:main:#output_0 -> float_type, {1, 448, 51865}, {23235520, 51865, 1}, target_id=0
@352 = gpu::code_object[code_object=6640,symbol_name=mlir_dot_add,global=1453312,local=256,](@350,@349,@313,main:#output_0) -> float_type, {1, 448, 51865}, {23235520, 51865, 1}, target_id=0
@353 = @return(@352,@282,@273,@289,@277,@301,@308,@316,@310,@322,@326,@292,@284,@331,@335,@304,@295), target_id=0


Allocating params ... 
Running performance report ... 
@0 = check_context::migraphx::gpu::context -> float_type, {}, {}, target_id=0: 0.00079866ms, 1%
@1 = hip::hip_allocate_memory[shape=int8_type, {71602176}, {1},id=main:scratch] -> int8_type, {71602176}, {1}, target_id=0: 0.00075454ms, 1%
@2 = load[offset=0,end=1792](@1) -> float_type, {1, 448}, {448, 1}, target_id=0: 0.0006628ms, 1%
input_ids = @param:input_ids -> int64_type, {1, 448}, {448, 1}, target_id=0: 0.00034206ms, 1%
@4 = gpu::code_object[code_object=5064,symbol_name=convert_kernel,global=224,local=1024,](input_ids,@2) -> float_type, {1, 448}, {448, 1}, target_id=0: 0.0182371ms, 1%
@5 = hip::hip_copy_literal[id=main:@literal:65] -> float_type, {51865, 384}, {384, 1}, target_id=0: 0.0007179ms, 1%
@6 = load[offset=2752512,end=3440640](@1) -> float_type, {1, 448, 384}, {172032, 384, 1}, target_id=0: 0.00052222ms, 1%
@7 = gpu::code_object[code_object=5064,symbol_name=gather_kernel,global=172032,local=1024,](@5,@4,@6) -> float_type, {1, 448, 384}, {172032, 384, 1}, target_id=0: 0.0160147ms, 1%
@8 = hip::hip_copy_literal[id=main:@literal:25] -> float_type, {448, 1152}, {1152, 1}, target_id=0: 0.0006085ms, 1%
@9 = hip::hip_copy_literal[id=main:@literal:1] -> float_type, {1, 384, 1152}, {442368, 1152, 1}, target_id=0: 0.0004419ms, 1%
@10 = hip::hip_copy_literal[id=main:@literal:64] -> float_type, {448, 384}, {384, 1}, target_id=0: 0.00054688ms, 1%
@11 = load[offset=2064384,end=2752512](@1) -> float_type, {1, 448, 384}, {172032, 384, 1}, target_id=0: 0.00049816ms, 1%
@12 = multibroadcast[out_lens={1, 448, 384},out_dyn_dims={}](@10) -> float_type, {1, 448, 384}, {0, 384, 1}, target_id=0: 0.00088388ms, 1%
@13 = gpu::code_object[code_object=5784,symbol_name=add_layernorm_kernel,global=86016,local=192,](@7,@12,@11) -> float_type, {1, 448, 384}, {172032, 384, 1}, target_id=0: 0.0197171ms, 1%
@14 = load[offset=0,end=2064384](@1) -> float_type, {1, 448, 1152}, {516096, 1152, 1}, target_id=0: 0.00054202ms, 1%
@15 = multibroadcast[out_lens={1, 448, 1152},out_dyn_dims={}](@8) -> float_type, {1, 448, 1152}, {0, 1152, 1}, target_id=0: 0.00085586ms, 1%
@16 = gpu::code_object[code_object=5424,symbol_name=mlir_dot_add,global=129024,local=256,](@15,@13,@9,@14) -> float_type, {1, 448, 1152}, {516096, 1152, 1}, target_id=0: 0.0376056ms, 1%
@17 = hip::hip_copy_literal[id=main:@literal:63] -> float_type, {384}, {1}, target_id=0: 0.0005324ms, 1%
@18 = load[offset=2064384,end=2752512](@1) -> float_type, {1, 448, 384}, {172032, 384, 1}, target_id=0: 0.0004974ms, 1%
@19 = multibroadcast[out_lens={1, 448, 384},out_dyn_dims={}](@17) -> float_type, {1, 448, 384}, {0, 0, 1}, target_id=0: 0.00079336ms, 1%
@20 = slice[axes={2},starts={768},ends={1152}](@16) -> float_type, {1, 448, 384}, {516096, 1152, 1}, target_id=0: 0.00139628ms, 1%
@21 = gpu::code_object[code_object=5056,symbol_name=add_kernel,global=86016,local=1024,](@19,@20,@18) -> float_type, {1, 448, 384}, {172032, 384, 1}, target_id=0: 0.0185432ms, 1%
@22 = hip::hip_copy_literal[id=main:@literal:33] -> float_type, {1, 1, 448, 448}, {200704, 200704, 448, 1}, target_id=0: 0.0005342ms, 1%
@23 = hip::hip_copy_literal[id=main:@literal:37] -> float_type, {384}, {1}, target_id=0: 0.0004497ms, 1%
@24 = multibroadcast[out_lens={1, 448, 384},out_dyn_dims={}](@23) -> float_type, {1, 448, 384}, {0, 0, 1}, target_id=0: 0.0009672ms, 1%
@25 = load[offset=3440640,end=4128768](@1) -> float_type, {1, 448, 384}, {172032, 384, 1}, target_id=0: 0.00050072ms, 1%
@26 = slice[axes={2},starts={0},ends={384}](@16) -> float_type, {1, 448, 384}, {516096, 1152, 1}, target_id=0: 0.0008237ms, 1%
@27 = gpu::code_object[code_object=5128,symbol_name=mul_add_kernel,global=86016,local=1024,](@26,@24,@25) -> float_type, {1, 448, 384}, {172032, 384, 1}, target_id=0: 0.0190615ms, 1%
@28 = load[offset=8257536,end=13074432](@1) -> float_type, {6, 448, 448}, {200704, 448, 1}, target_id=0: 0.000555ms, 1%
@29 = gpu::code_object[code_object=5872,symbol_name=mlir_reshape_transpose_reshape_slice_reshape_transpose_reshape_transpose_dot,global=75264,local=256,](@27,@16,@28) -> float_type, {6, 448, 448}, {200704, 448, 1}, target_id=0: 0.0304949ms, 1%
@30 = load[offset=3440640,end=8257536](@1) -> float_type, {1, 6, 448, 448}, {1204224, 200704, 448, 1}, target_id=0: 0.00057174ms, 1%
@31 = multibroadcast[out_lens={1, 6, 448, 448},out_dyn_dims={}](@22) -> float_type, {1, 6, 448, 448}, {200704, 0, 448, 1}, target_id=0: 0.0010645ms, 1%
@32 = reshape_lazy[dims={1, 6, 448, 448}](@29) -> float_type, {1, 6, 448, 448}, {1204224, 200704, 448, 1}, target_id=0: 0.00078338ms, 1%
@33 = gpu::code_object[code_object=6536,symbol_name=add_reduce_max_sub_exp_reduce_sum_div_kernel,global=344064,local=128,](@32,@31,@30) -> float_type, {1, 6, 448, 448}, {1204224, 200704, 448, 1}, target_id=0: 0.0288098ms, 1%
@34 = load[offset=8257536,end=8945664](@1) -> float_type, {1, 6, 448, 64}, {172032, 28672, 64, 1}, target_id=0: 0.00055346ms, 1%
@35 = gpu::code_object[code_object=6032,symbol_name=mlir_reshape_transpose_dot,global=43008,local=256,](@33,@21,@34) -> float_type, {1, 6, 448, 64}, {172032, 28672, 64, 1}, target_id=0: 0.0299725ms, 1%
@36 = hip::hip_copy_literal[id=main:@literal:55] -> float_type, {384, 384}, {384, 1}, target_id=0: 0.00059224ms, 1%
@37 = load[offset=23488512,end=24176640](@1) -> float_type, {1, 448, 384}, {172032, 384, 1}, target_id=0: 0.00050574ms, 1%
@38 = gpu::code_object[code_object=5464,symbol_name=mlir_transpose_reshape_dot_add,global=43008,local=256,](@7,@35,@36,@37) -> float_type, {1, 448, 384}, {172032, 384, 1}, target_id=0: 0.0283764ms, 1%
@39 = hip::hip_copy_literal[id=main:@literal:26] -> float_type, {384, 3072}, {3072, 1}, target_id=0: 0.00054122ms, 1%
@40 = load[offset=2752512,end=21184512](@1) -> float_type, {1, 1500, 3072}, {4608000, 3072, 1}, target_id=0: 0.00049334ms, 1%
encoder_hidden_states = @param:encoder_hidden_states -> float_type, {1, 1500, 384}, {576000, 384, 1}, target_id=0: 0.00045006ms, 1%
@42 = gpu::code_object[code_object=5480,symbol_name=mlir_dot,global=294912,local=256,](encoder_hidden_states,@39,@40) -> float_type, {1, 1500, 3072}, {4608000, 3072, 1}, target_id=0: 0.133336ms, 4%
@43 = hip::hip_copy_literal[id=main:@literal:62] -> float_type, {384}, {1}, target_id=0: 0.00052294ms, 1%
@44 = multibroadcast[out_lens={1, 1500, 384},out_dyn_dims={}](@43) -> float_type, {1, 1500, 384}, {0, 0, 1}, target_id=0: 0.00103476ms, 1%
@45 = slice[axes={2},starts={384},ends={768}](@42) -> float_type, {1, 1500, 384}, {4608000, 3072, 1}, target_id=0: 0.00098828ms, 1%
@46 = load[offset=21184512,end=23488512](@1) -> float_type, {1, 1500, 384}, {576000, 384, 1}, target_id=0: 0.00050976ms, 1%
@47 = gpu::code_object[code_object=5056,symbol_name=add_kernel,global=288000,local=1024,](@44,@45,@46) -> float_type, {1, 1500, 384}, {576000, 384, 1}, target_id=0: 0.0221365ms, 1%
@48 = hip::hip_copy_literal[id=main:@literal:36] -> float_type, {448, 384}, {384, 1}, target_id=0: 0.000532ms, 1%
@49 = hip::hip_copy_literal[id=main:@literal:29] -> float_type, {448, 384}, {384, 1}, target_id=0: 0.0005126ms, 1%
@50 = hip::hip_copy_literal[id=main:@literal:6] -> float_type, {1, 384, 384}, {147456, 384, 1}, target_id=0: 0.00044074ms, 1%
@51 = multibroadcast[out_lens={1, 448, 384},out_dyn_dims={}](@48) -> float_type, {1, 448, 384}, {0, 384, 1}, target_id=0: 0.00102012ms, 1%
@52 = load[offset=24864768,end=25552896](@1) -> float_type, {1, 448, 384}, {172032, 384, 1}, target_id=0: 0.00049856ms, 1%
@53 = gpu::code_object[code_object=5784,symbol_name=add_layernorm_kernel,global=86016,local=192,](@38,@51,@52) -> float_type, {1, 448, 384}, {172032, 384, 1}, target_id=0: 0.0198187ms, 1%
@54 = multibroadcast[out_lens={1, 448, 384},out_dyn_dims={}](@49) -> float_type, {1, 448, 384}, {0, 384, 1}, target_id=0: 0.00083532ms, 1%
@55 = load[offset=24176640,end=24864768](@1) -> float_type, {1, 448, 384}, {172032, 384, 1}, target_id=0: 0.00047452ms, 1%
@56 = gpu::code_object[code_object=5424,symbol_name=mlir_dot_add,global=43008,local=256,](@54,@53,@50,@55) -> float_type, {1, 448, 384}, {172032, 384, 1}, target_id=0: 0.0274947ms, 1%
@57 = load[offset=40304640,end=56432640](@1) -> float_type, {6, 448, 1500}, {672000, 1500, 1}, target_id=0: 0.00054242ms, 1%
@58 = gpu::code_object[code_object=6000,symbol_name=mlir_reshape_transpose_reshape_reshape_transpose_slice_reshape_transpose_dot,global=258048,local=256,](@56,@42,@57) -> float_type, {6, 448, 1500}, {672000, 1500, 1}, target_id=0: 0.0488669ms, 2%
@59 = load[offset=24176640,end=40304640](@1) -> float_type, {6, 448, 1500}, {672000, 1500, 1}, target_id=0: 0.0005336ms, 1%
@60 = gpu::code_object[code_object=7296,symbol_name=reduce_max_sub_exp_reduce_sum_div_kernel,global=688128,local=256,](@58,@59) -> float_type, {6, 448, 1500}, {672000, 1500, 1}, target_id=0: 0.0479711ms, 2%
@61 = load[offset=40304640,end=40992768](@1) -> float_type, {6, 448, 64}, {28672, 64, 1}, target_id=0: 0.00058886ms, 1%
@62 = reshape_lazy[dims={1, -1, 6, 64}](@47) -> float_type, {1, 1500, 6, 64}, {576000, 384, 64, 1}, target_id=0: 0.00083992ms, 1%
@63 = transpose[permutation={0, 2, 1, 3}](@62) -> float_type, {1, 6, 1500, 64}, {576000, 64, 384, 1}, target_id=0: 0.00074286ms, 1%
@64 = reshape_lazy[dims={6, -1, 64}](@63) -> float_type, {6, 1500, 64}, {64, 384, 1}, target_id=0: 0.000525ms, 1%
@65 = gpu::gemm[alpha=1,beta=0,compute_fp32=1,trans_batch=0,solution_idx=0](@60,@64,@61) -> float_type, {6, 448, 64}, {28672, 64, 1}, target_id=0: 0.099385ms, 3%
@66 = hip::hip_copy_literal[id=main:@literal:54] -> float_type, {384, 384}, {384, 1}, target_id=0: 0.0015642ms, 1%
@67 = load[offset=24176640,end=24864768](@1) -> float_type, {1, 448, 384}, {172032, 384, 1}, target_id=0: 0.00060574ms, 1%
@68 = gpu::code_object[code_object=5480,symbol_name=mlir_reshape_transpose_reshape_dot_add,global=43008,local=256,](@38,@65,@66,@67) -> float_type, {1, 448, 384}, {172032, 384, 1}, target_id=0: 0.0284758ms, 1%
@69 = hip::hip_copy_literal[id=main:@literal:14] -> float_type, {448, 384}, {384, 1}, target_id=0: 0.00056704ms, 1%
@70 = hip::hip_copy_literal[id=main:@literal:21] -> float_type, {1536, 384}, {384, 1}, target_id=0: 0.00044848ms, 1%
@71 = hip::hip_copy_literal[id=main:@literal:32] -> float_type, {448, 1536}, {1536, 1}, target_id=0: 0.00055022ms, 1%
@72 = multibroadcast[out_lens={1, 448, 384},out_dyn_dims={}](@69) -> float_type, {1, 448, 384}, {0, 384, 1}, target_id=0: 0.00106692ms, 1%
@73 = load[offset=23488512,end=24176640](@1) -> float_type, {1, 448, 384}, {172032, 384, 1}, target_id=0: 0.00051676ms, 1%
@74 = gpu::code_object[code_object=5784,symbol_name=add_layernorm_kernel,global=86016,local=192,](@68,@72,@73) -> float_type, {1, 448, 384}, {172032, 384, 1}, target_id=0: 0.0193948ms, 1%
@75 = hip::hip_copy_literal[id=main:@literal:0] -> float_type, {1, 384, 1536}, {589824, 1536, 1}, target_id=0: 0.00053182ms, 1%
@76 = multibroadcast[out_lens={1, 448, 1536},out_dyn_dims={}](@71) -> float_type, {1, 448, 1536}, {0, 1536, 1}, target_id=0: 0.0016136ms, 1%
@77 = load[offset=26929152,end=29681664](@1) -> float_type, {1, 448, 1536}, {688128, 1536, 1}, target_id=0: 0.00048994ms, 1%
@78 = gpu::code_object[code_object=7056,symbol_name=mlir_dot_add_mul_erf_add_mul,global=172032,local=256,](@76,@74,@75,@77) -> float_type, {1, 448, 1536}, {688128, 1536, 1}, target_id=0: 0.0466049ms, 2%
@79 = multibroadcast[out_lens={1, 1536, 384},out_dyn_dims={}](@70) -> float_type, {1, 1536, 384}, {0, 384, 1}, target_id=0: 0.00133044ms, 1%
@80 = load[offset=26241024,end=26929152](@1) -> float_type, {1, 448, 384}, {172032, 384, 1}, target_id=0: 0.00047438ms, 1%
@81 = gpu::gemm[alpha=1,beta=1,compute_fp32=1,trans_batch=0,solution_idx=0](@78,@79,@68,@80) -> float_type, {1, 448, 384}, {172032, 384, 1}, target_id=0: 0.0731885ms, 2%
@82 = hip::hip_copy_literal[id=main:@literal:24] -> float_type, {448, 1152}, {1152, 1}, target_id=0: 0.0006588ms, 1%
@83 = hip::hip_copy_literal[id=main:@literal:20] -> float_type, {448, 384}, {384, 1}, target_id=0: 0.00061212ms, 1%
@84 = hip::hip_copy_literal[id=main:@literal:5] -> float_type, {1, 384, 1152}, {442368, 1152, 1}, target_id=0: 0.00043272ms, 1%
@85 = multibroadcast[out_lens={1, 448, 384},out_dyn_dims={}](@83) -> float_type, {1, 448, 384}, {0, 384, 1}, target_id=0: 0.0008261ms, 1%
@86 = load[offset=25552896,end=26241024](@1) -> float_type, {1, 448, 384}, {172032, 384, 1}, target_id=0: 0.00058248ms, 1%
@87 = gpu::code_object[code_object=5784,symbol_name=add_layernorm_kernel,global=86016,local=192,](@81,@85,@86) -> float_type, {1, 448, 384}, {172032, 384, 1}, target_id=0: 0.0197041ms, 1%
@88 = multibroadcast[out_lens={1, 448, 1152},out_dyn_dims={}](@82) -> float_type, {1, 448, 1152}, {0, 1152, 1}, target_id=0: 0.00083908ms, 1%
@89 = load[offset=23488512,end=25552896](@1) -> float_type, {1, 448, 1152}, {516096, 1152, 1}, target_id=0: 0.0004805ms, 1%
@90 = gpu::code_object[code_object=5424,symbol_name=mlir_dot_add,global=129024,local=256,](@88,@87,@84,@89) -> float_type, {1, 448, 1152}, {516096, 1152, 1}, target_id=0: 0.0375627ms, 1%
@91 = hip::hip_copy_literal[id=main:@literal:61] -> float_type, {384}, {1}, target_id=0: 0.00052958ms, 1%
@92 = load[offset=25552896,end=26241024](@1) -> float_type, {1, 448, 384}, {172032, 384, 1}, target_id=0: 0.00051898ms, 1%
@93 = multibroadcast[out_lens={1, 448, 384},out_dyn_dims={}](@91) -> float_type, {1, 448, 384}, {0, 0, 1}, target_id=0: 0.0009029ms, 1%
@94 = slice[axes={2},starts={768},ends={1152}](@90) -> float_type, {1, 448, 384}, {516096, 1152, 1}, target_id=0: 0.00130358ms, 1%
@95 = gpu::code_object[code_object=5056,symbol_name=add_kernel,global=86016,local=1024,](@93,@94,@92) -> float_type, {1, 448, 384}, {172032, 384, 1}, target_id=0: 0.0185008ms, 1%
@96 = hip::hip_copy_literal[id=main:@literal:18] -> float_type, {384}, {1}, target_id=0: 0.0005208ms, 1%
@97 = multibroadcast[out_lens={1, 448, 384},out_dyn_dims={}](@96) -> float_type, {1, 448, 384}, {0, 0, 1}, target_id=0: 0.00133572ms, 1%
@98 = slice[axes={2},starts={0},ends={384}](@90) -> float_type, {1, 448, 384}, {516096, 1152, 1}, target_id=0: 0.00085216ms, 1%
@99 = load[offset=26929152,end=27617280](@1) -> float_type, {1, 448, 384}, {172032, 384, 1}, target_id=0: 0.0005048ms, 1%
@100 = gpu::code_object[code_object=5128,symbol_name=mul_add_kernel,global=86016,local=1024,](@98,@97,@99) -> float_type, {1, 448, 384}, {172032, 384, 1}, target_id=0: 0.0192142ms, 1%
@101 = load[offset=31746048,end=36562944](@1) -> float_type, {6, 448, 448}, {200704, 448, 1}, target_id=0: 0.00053642ms, 1%
@102 = gpu::code_object[code_object=5872,symbol_name=mlir_reshape_transpose_reshape_slice_reshape_transpose_reshape_transpose_dot,global=75264,local=256,](@100,@90,@101) -> float_type, {6, 448, 448}, {200704, 448, 1}, target_id=0: 0.0300965ms, 1%
@103 = load[offset=26929152,end=31746048](@1) -> float_type, {1, 6, 448, 448}, {1204224, 200704, 448, 1}, target_id=0: 0.00055242ms, 1%
@104 = reshape_lazy[dims={1, 6, 448, 448}](@102) -> float_type, {1, 6, 448, 448}, {1204224, 200704, 448, 1}, target_id=0: 0.00081716ms, 1%
@105 = gpu::code_object[code_object=6536,symbol_name=add_reduce_max_sub_exp_reduce_sum_div_kernel,global=344064,local=128,](@104,@31,@103) -> float_type, {1, 6, 448, 448}, {1204224, 200704, 448, 1}, target_id=0: 0.028813ms, 1%
@106 = load[offset=31746048,end=32434176](@1) -> float_type, {1, 6, 448, 64}, {172032, 28672, 64, 1}, target_id=0: 0.00053782ms, 1%
@107 = gpu::code_object[code_object=6032,symbol_name=mlir_reshape_transpose_dot,global=43008,local=256,](@105,@95,@106) -> float_type, {1, 6, 448, 64}, {172032, 28672, 64, 1}, target_id=0: 0.0304906ms, 1%
@108 = hip::hip_copy_literal[id=main:@literal:53] -> float_type, {384, 384}, {384, 1}, target_id=0: 0.0005454ms, 1%
@109 = load[offset=28545024,end=29233152](@1) -> float_type, {1, 448, 384}, {172032, 384, 1}, target_id=0: 0.00053302ms, 1%
@110 = gpu::code_object[code_object=5464,symbol_name=mlir_transpose_reshape_dot_add,global=43008,local=256,](@81,@107,@108,@109) -> float_type, {1, 448, 384}, {172032, 384, 1}, target_id=0: 0.0282289ms, 1%
@111 = hip::hip_copy_literal[id=main:@literal:60] -> float_type, {384}, {1}, target_id=0: 0.0005216ms, 1%
@112 = multibroadcast[out_lens={1, 1500, 384},out_dyn_dims={}](@111) -> float_type, {1, 1500, 384}, {0, 0, 1}, target_id=0: 0.0021224ms, 1%
@113 = slice[axes={2},starts={1152},ends={1536}](@42) -> float_type, {1, 1500, 384}, {4608000, 3072, 1}, target_id=0: 0.0008948ms, 1%
@114 = load[offset=26241024,end=28545024](@1) -> float_type, {1, 1500, 384}, {576000, 384, 1}, target_id=0: 0.00049156ms, 1%
@115 = gpu::code_object[code_object=5056,symbol_name=add_kernel,global=288000,local=1024,](@112,@113,@114) -> float_type, {1, 1500, 384}, {576000, 384, 1}, target_id=0: 0.0218308ms, 1%
@116 = hip::hip_copy_literal[id=main:@literal:35] -> float_type, {448, 384}, {384, 1}, target_id=0: 0.0005204ms, 1%
@117 = multibroadcast[out_lens={1, 448, 384},out_dyn_dims={}](@116) -> float_type, {1, 448, 384}, {0, 384, 1}, target_id=0: 0.00180958ms, 1%
@118 = load[offset=29921280,end=30609408](@1) -> float_type, {1, 448, 384}, {172032, 384, 1}, target_id=0: 0.00048354ms, 1%
@119 = gpu::code_object[code_object=5784,symbol_name=add_layernorm_kernel,global=86016,local=192,](@110,@117,@118) -> float_type, {1, 448, 384}, {172032, 384, 1}, target_id=0: 0.0196958ms, 1%
@120 = hip::hip_copy_literal[id=main:@literal:17] -> float_type, {448, 384}, {384, 1}, target_id=0: 0.00051996ms, 1%
@121 = hip::hip_copy_literal[id=main:@literal:4] -> float_type, {1, 384, 384}, {147456, 384, 1}, target_id=0: 0.00045782ms, 1%
@122 = multibroadcast[out_lens={1, 448, 384},out_dyn_dims={}](@120) -> float_type, {1, 448, 384}, {0, 384, 1}, target_id=0: 0.0012728ms, 1%
@123 = load[offset=29233152,end=29921280](@1) -> float_type, {1, 448, 384}, {172032, 384, 1}, target_id=0: 0.00047332ms, 1%
@124 = gpu::code_object[code_object=5424,symbol_name=mlir_dot_add,global=43008,local=256,](@122,@119,@121,@123) -> float_type, {1, 448, 384}, {172032, 384, 1}, target_id=0: 0.0274724ms, 1%
@125 = load[offset=45361152,end=61489152](@1) -> float_type, {6, 448, 1500}, {672000, 1500, 1}, target_id=0: 0.0005915ms, 1%
@126 = gpu::code_object[code_object=6000,symbol_name=mlir_reshape_transpose_reshape_reshape_transpose_slice_reshape_transpose_dot,global=258048,local=256,](@124,@42,@125) -> float_type, {6, 448, 1500}, {672000, 1500, 1}, target_id=0: 0.0491534ms, 2%
@127 = load[offset=29233152,end=45361152](@1) -> float_type, {6, 448, 1500}, {672000, 1500, 1}, target_id=0: 0.0005368ms, 1%
@128 = gpu::code_object[code_object=7296,symbol_name=reduce_max_sub_exp_reduce_sum_div_kernel,global=688128,local=256,](@126,@127) -> float_type, {6, 448, 1500}, {672000, 1500, 1}, target_id=0: 0.0477753ms, 2%
@129 = reshape_lazy[dims={1, -1, 6, 64}](@115) -> float_type, {1, 1500, 6, 64}, {576000, 384, 64, 1}, target_id=0: 0.00092418ms, 1%
@130 = transpose[permutation={0, 2, 1, 3}](@129) -> float_type, {1, 6, 1500, 64}, {576000, 64, 384, 1}, target_id=0: 0.0007702ms, 1%
@131 = reshape_lazy[dims={6, -1, 64}](@130) -> float_type, {6, 1500, 64}, {64, 384, 1}, target_id=0: 0.0005048ms, 1%
@132 = load[offset=45361152,end=46049280](@1) -> float_type, {6, 448, 64}, {28672, 64, 1}, target_id=0: 0.00048692ms, 1%
@133 = gpu::gemm[alpha=1,beta=0,compute_fp32=1,trans_batch=0,solution_idx=0](@128,@131,@132) -> float_type, {6, 448, 64}, {28672, 64, 1}, target_id=0: 0.0982446ms, 3%
@134 = hip::hip_copy_literal[id=main:@literal:52] -> float_type, {384, 384}, {384, 1}, target_id=0: 0.00157672ms, 1%
@135 = load[offset=29233152,end=29921280](@1) -> float_type, {1, 448, 384}, {172032, 384, 1}, target_id=0: 0.00057868ms, 1%
@136 = gpu::code_object[code_object=5480,symbol_name=mlir_reshape_transpose_reshape_dot_add,global=43008,local=256,](@110,@133,@134,@135) -> float_type, {1, 448, 384}, {172032, 384, 1}, target_id=0: 0.0282451ms, 1%
@137 = hip::hip_copy_literal[id=main:@literal:15] -> float_type, {448, 1536}, {1536, 1}, target_id=0: 0.00057486ms, 1%
@138 = hip::hip_copy_literal[id=main:@literal:16] -> float_type, {448, 384}, {384, 1}, target_id=0: 0.00042448ms, 1%
@139 = multibroadcast[out_lens={1, 448, 384},out_dyn_dims={}](@138) -> float_type, {1, 448, 384}, {0, 384, 1}, target_id=0: 0.00139622ms, 1%
@140 = load[offset=28545024,end=29233152](@1) -> float_type, {1, 448, 384}, {172032, 384, 1}, target_id=0: 0.00048128ms, 1%
@141 = gpu::code_object[code_object=5784,symbol_name=add_layernorm_kernel,global=86016,local=192,](@136,@139,@140) -> float_type, {1, 448, 384}, {172032, 384, 1}, target_id=0: 0.0189883ms, 1%
@142 = hip::hip_copy_literal[id=main:@literal:2] -> float_type, {1, 384, 1536}, {589824, 1536, 1}, target_id=0: 0.000546ms, 1%
@143 = multibroadcast[out_lens={1, 448, 1536},out_dyn_dims={}](@137) -> float_type, {1, 448, 1536}, {0, 1536, 1}, target_id=0: 0.0018426ms, 1%
@144 = load[offset=29921280,end=32673792](@1) -> float_type, {1, 448, 1536}, {688128, 1536, 1}, target_id=0: 0.00047834ms, 1%
@145 = gpu::code_object[code_object=7056,symbol_name=mlir_dot_add_mul_erf_add_mul,global=172032,local=256,](@143,@141,@142,@144) -> float_type, {1, 448, 1536}, {688128, 1536, 1}, target_id=0: 0.0462451ms, 2%
@146 = hip::hip_copy_literal[id=main:@literal:13] -> float_type, {1536, 384}, {384, 1}, target_id=0: 0.00050492ms, 1%
@147 = multibroadcast[out_lens={1, 1536, 384},out_dyn_dims={}](@146) -> float_type, {1, 1536, 384}, {0, 384, 1}, target_id=0: 0.00138488ms, 1%
@148 = load[offset=36593664,end=37281792](@1) -> float_type, {1, 448, 384}, {172032, 384, 1}, target_id=0: 0.0004751ms, 1%
@149 = gpu::gemm[alpha=1,beta=1,compute_fp32=1,trans_batch=0,solution_idx=0](@145,@147,@136,@148) -> float_type, {1, 448, 384}, {172032, 384, 1}, target_id=0: 0.0730702ms, 2%
@150 = hip::hip_copy_literal[id=main:@literal:7] -> float_type, {1, 384, 1152}, {442368, 1152, 1}, target_id=0: 0.00062392ms, 1%
@151 = hip::hip_copy_literal[id=main:@literal:38] -> float_type, {448, 384}, {384, 1}, target_id=0: 0.00066482ms, 1%
@152 = hip::hip_copy_literal[id=main:@literal:30] -> float_type, {448, 1152}, {1152, 1}, target_id=0: 0.00044408ms, 1%
@153 = multibroadcast[out_lens={1, 448, 384},out_dyn_dims={}](@151) -> float_type, {1, 448, 384}, {0, 384, 1}, target_id=0: 0.00081868ms, 1%
@154 = load[offset=30609408,end=31297536](@1) -> float_type, {1, 448, 384}, {172032, 384, 1}, target_id=0: 0.0005306ms, 1%
@155 = gpu::code_object[code_object=5784,symbol_name=add_layernorm_kernel,global=86016,local=192,](@149,@153,@154) -> float_type, {1, 448, 384}, {172032, 384, 1}, target_id=0: 0.0199091ms, 1%
@156 = multibroadcast[out_lens={1, 448, 1152},out_dyn_dims={}](@152) -> float_type, {1, 448, 1152}, {0, 1152, 1}, target_id=0: 0.00091748ms, 1%
@157 = load[offset=28545024,end=30609408](@1) -> float_type, {1, 448, 1152}, {516096, 1152, 1}, target_id=0: 0.00049756ms, 1%
@158 = gpu::code_object[code_object=5424,symbol_name=mlir_dot_add,global=129024,local=256,](@156,@155,@150,@157) -> float_type, {1, 448, 1152}, {516096, 1152, 1}, target_id=0: 0.0374832ms, 1%
@159 = hip::hip_copy_literal[id=main:@literal:56] -> float_type, {384}, {1}, target_id=0: 0.00051798ms, 1%
@160 = multibroadcast[out_lens={1, 1500, 384},out_dyn_dims={}](@159) -> float_type, {1, 1500, 384}, {0, 0, 1}, target_id=0: 0.00160838ms, 1%
@161 = slice[axes={2},starts={2688},ends={3072}](@42) -> float_type, {1, 1500, 384}, {4608000, 3072, 1}, target_id=0: 0.0013654ms, 1%
@162 = load[offset=32913408,end=35217408](@1) -> float_type, {1, 1500, 384}, {576000, 384, 1}, target_id=0: 0.0004881ms, 1%
@163 = gpu::code_object[code_object=5056,symbol_name=add_kernel,global=288000,local=1024,](@160,@161,@162) -> float_type, {1, 1500, 384}, {576000, 384, 1}, target_id=0: 0.0218435ms, 1%
@164 = hip::hip_copy_literal[id=main:@literal:28] -> float_type, {448, 1152}, {1152, 1}, target_id=0: 0.00051618ms, 1%
@165 = hip::hip_copy_literal[id=main:@literal:58] -> float_type, {384}, {1}, target_id=0: 0.00044782ms, 1%
@166 = multibroadcast[out_lens={1, 1500, 384},out_dyn_dims={}](@165) -> float_type, {1, 1500, 384}, {0, 0, 1}, target_id=0: 0.00139246ms, 1%
@167 = slice[axes={2},starts={1920},ends={2304}](@42) -> float_type, {1, 1500, 384}, {4608000, 3072, 1}, target_id=0: 0.00083822ms, 1%
@168 = load[offset=30609408,end=32913408](@1) -> float_type, {1, 1500, 384}, {576000, 384, 1}, target_id=0: 0.00050234ms, 1%
@169 = gpu::code_object[code_object=5056,symbol_name=add_kernel,global=288000,local=1024,](@166,@167,@168) -> float_type, {1, 1500, 384}, {576000, 384, 1}, target_id=0: 0.0220234ms, 1%
@170 = hip::hip_copy_literal[id=main:@literal:22] -> float_type, {448, 384}, {384, 1}, target_id=0: 0.00050146ms, 1%
@171 = hip::hip_copy_literal[id=main:@literal:31] -> float_type, {384}, {1}, target_id=0: 0.0004204ms, 1%
@172 = hip::hip_copy_literal[id=main:@literal:10] -> float_type, {1, 384, 1152}, {442368, 1152, 1}, target_id=0: 0.0005294ms, 1%
@173 = hip::hip_copy_literal[id=main:@literal:44] -> float_type, {384}, {1}, target_id=0: 0.00042704ms, 1%
@174 = hip::hip_copy_literal[id=main:@literal:49] -> float_type, {384, 384}, {384, 1}, target_id=0: 0.00044066ms, 1%
@175 = hip::hip_copy_literal[id=main:@literal:51] -> float_type, {384, 384}, {384, 1}, target_id=0: 0.00074818ms, 1%
@176 = hip::hip_copy_literal[id=main:@literal:57] -> float_type, {384}, {1}, target_id=0: 0.00054702ms, 1%
@177 = hip::hip_copy_literal[id=main:@literal:59] -> float_type, {384}, {1}, target_id=0: 0.00044438ms, 1%
@178 = multibroadcast[out_lens={1, 448, 384},out_dyn_dims={}](@177) -> float_type, {1, 448, 384}, {0, 0, 1}, target_id=0: 0.00079096ms, 1%
@179 = slice[axes={2},starts={768},ends={1152}](@158) -> float_type, {1, 448, 384}, {516096, 1152, 1}, target_id=0: 0.00081748ms, 1%
@180 = load[offset=35217408,end=35905536](@1) -> float_type, {1, 448, 384}, {172032, 384, 1}, target_id=0: 0.00048238ms, 1%
@181 = gpu::code_object[code_object=5056,symbol_name=add_kernel,global=86016,local=1024,](@178,@179,@180) -> float_type, {1, 448, 384}, {172032, 384, 1}, target_id=0: 0.0217985ms, 1%
@182 = multibroadcast[out_lens={1, 448, 384},out_dyn_dims={}](@171) -> float_type, {1, 448, 384}, {0, 0, 1}, target_id=0: 0.00097994ms, 1%
@183 = slice[axes={2},starts={0},ends={384}](@158) -> float_type, {1, 448, 384}, {516096, 1152, 1}, target_id=0: 0.00140886ms, 1%
@184 = load[offset=35905536,end=36593664](@1) -> float_type, {1, 448, 384}, {172032, 384, 1}, target_id=0: 0.0005172ms, 1%
@185 = gpu::code_object[code_object=5128,symbol_name=mul_add_kernel,global=86016,local=1024,](@183,@182,@184) -> float_type, {1, 448, 384}, {172032, 384, 1}, target_id=0: 0.0187819ms, 1%
@186 = load[offset=42098688,end=46915584](@1) -> float_type, {6, 448, 448}, {200704, 448, 1}, target_id=0: 0.00055926ms, 1%
@187 = gpu::code_object[code_object=5872,symbol_name=mlir_reshape_transpose_reshape_slice_reshape_transpose_reshape_transpose_dot,global=75264,local=256,](@185,@158,@186) -> float_type, {6, 448, 448}, {200704, 448, 1}, target_id=0: 0.0300012ms, 1%
@188 = load[offset=37281792,end=42098688](@1) -> float_type, {1, 6, 448, 448}, {1204224, 200704, 448, 1}, target_id=0: 0.00056002ms, 1%
@189 = reshape_lazy[dims={1, 6, 448, 448}](@187) -> float_type, {1, 6, 448, 448}, {1204224, 200704, 448, 1}, target_id=0: 0.00081696ms, 1%
@190 = gpu::code_object[code_object=6536,symbol_name=add_reduce_max_sub_exp_reduce_sum_div_kernel,global=344064,local=128,](@189,@31,@188) -> float_type, {1, 6, 448, 448}, {1204224, 200704, 448, 1}, target_id=0: 0.0287509ms, 1%
@191 = load[offset=42098688,end=42786816](@1) -> float_type, {1, 6, 448, 64}, {172032, 28672, 64, 1}, target_id=0: 0.0005432ms, 1%
@192 = gpu::code_object[code_object=6032,symbol_name=mlir_reshape_transpose_dot,global=43008,local=256,](@190,@181,@191) -> float_type, {1, 6, 448, 64}, {172032, 28672, 64, 1}, target_id=0: 0.0303162ms, 1%
@193 = load[offset=35905536,end=36593664](@1) -> float_type, {1, 448, 384}, {172032, 384, 1}, target_id=0: 0.00055084ms, 1%
@194 = gpu::code_object[code_object=5464,symbol_name=mlir_transpose_reshape_dot_add,global=43008,local=256,](@149,@192,@175,@193) -> float_type, {1, 448, 384}, {172032, 384, 1}, target_id=0: 0.0282731ms, 1%
@195 = hip::hip_copy_literal[id=main:@literal:27] -> float_type, {448, 384}, {384, 1}, target_id=0: 0.00057184ms, 1%
@196 = hip::hip_copy_literal[id=main:@literal:8] -> float_type, {1, 384, 384}, {147456, 384, 1}, target_id=0: 0.00044328ms, 1%
@197 = hip::hip_copy_literal[id=main:@literal:39] -> float_type, {448, 384}, {384, 1}, target_id=0: 0.00055002ms, 1%
@198 = multibroadcast[out_lens={1, 448, 384},out_dyn_dims={}](@197) -> float_type, {1, 448, 384}, {0, 384, 1}, target_id=0: 0.00139344ms, 1%
@199 = load[offset=37281792,end=37969920](@1) -> float_type, {1, 448, 384}, {172032, 384, 1}, target_id=0: 0.00049738ms, 1%
@200 = gpu::code_object[code_object=5784,symbol_name=add_layernorm_kernel,global=86016,local=192,](@194,@198,@199) -> float_type, {1, 448, 384}, {172032, 384, 1}, target_id=0: 0.0189975ms, 1%
@201 = multibroadcast[out_lens={1, 448, 384},out_dyn_dims={}](@195) -> float_type, {1, 448, 384}, {0, 384, 1}, target_id=0: 0.00095176ms, 1%
@202 = load[offset=36593664,end=37281792](@1) -> float_type, {1, 448, 384}, {172032, 384, 1}, target_id=0: 0.00051958ms, 1%
@203 = gpu::code_object[code_object=5424,symbol_name=mlir_dot_add,global=43008,local=256,](@201,@200,@196,@202) -> float_type, {1, 448, 384}, {172032, 384, 1}, target_id=0: 0.0277332ms, 1%
@204 = load[offset=52721664,end=68849664](@1) -> float_type, {6, 448, 1500}, {672000, 1500, 1}, target_id=0: 0.0005488ms, 1%
@205 = gpu::code_object[code_object=6000,symbol_name=mlir_reshape_transpose_reshape_reshape_transpose_slice_reshape_transpose_dot,global=258048,local=256,](@203,@42,@204) -> float_type, {6, 448, 1500}, {672000, 1500, 1}, target_id=0: 0.0496408ms, 2%
@206 = load[offset=36593664,end=52721664](@1) -> float_type, {6, 448, 1500}, {672000, 1500, 1}, target_id=0: 0.0005338ms, 1%
@207 = gpu::code_object[code_object=7296,symbol_name=reduce_max_sub_exp_reduce_sum_div_kernel,global=688128,local=256,](@205,@206) -> float_type, {6, 448, 1500}, {672000, 1500, 1}, target_id=0: 0.0472643ms, 2%
@208 = reshape_lazy[dims={1, -1, 6, 64}](@169) -> float_type, {1, 1500, 6, 64}, {576000, 384, 64, 1}, target_id=0: 0.00085326ms, 1%
@209 = transpose[permutation={0, 2, 1, 3}](@208) -> float_type, {1, 6, 1500, 64}, {576000, 64, 384, 1}, target_id=0: 0.00073022ms, 1%
@210 = load[offset=52721664,end=53409792](@1) -> float_type, {6, 448, 64}, {28672, 64, 1}, target_id=0: 0.00047518ms, 1%
@211 = reshape_lazy[dims={6, -1, 64}](@209) -> float_type, {6, 1500, 64}, {64, 384, 1}, target_id=0: 0.00050998ms, 1%
@212 = gpu::gemm[alpha=1,beta=0,compute_fp32=1,trans_batch=0,solution_idx=0](@207,@211,@210) -> float_type, {6, 448, 64}, {28672, 64, 1}, target_id=0: 0.0977992ms, 3%
@213 = hip::hip_copy_literal[id=main:@literal:40] -> float_type, {448, 384}, {384, 1}, target_id=0: 0.00154514ms, 1%
@214 = hip::hip_copy_literal[id=main:@literal:42] -> float_type, {1536, 384}, {384, 1}, target_id=0: 0.0004679ms, 1%
@215 = hip::hip_copy_literal[id=main:@literal:41] -> float_type, {448, 1536}, {1536, 1}, target_id=0: 0.00053676ms, 1%
@216 = hip::hip_copy_literal[id=main:@literal:3] -> float_type, {1, 384, 1536}, {589824, 1536, 1}, target_id=0: 0.0004394ms, 1%
@217 = hip::hip_copy_literal[id=main:@literal:50] -> float_type, {384, 384}, {384, 1}, target_id=0: 0.00046794ms, 1%
@218 = load[offset=36593664,end=37281792](@1) -> float_type, {1, 448, 384}, {172032, 384, 1}, target_id=0: 0.00059668ms, 1%
@219 = gpu::code_object[code_object=5480,symbol_name=mlir_reshape_transpose_reshape_dot_add,global=43008,local=256,](@194,@212,@217,@218) -> float_type, {1, 448, 384}, {172032, 384, 1}, target_id=0: 0.02818ms, 1%
@220 = multibroadcast[out_lens={1, 448, 384},out_dyn_dims={}](@213) -> float_type, {1, 448, 384}, {0, 384, 1}, target_id=0: 0.0022623ms, 1%
@221 = load[offset=35905536,end=36593664](@1) -> float_type, {1, 448, 384}, {172032, 384, 1}, target_id=0: 0.0006821ms, 1%
@222 = gpu::code_object[code_object=5784,symbol_name=add_layernorm_kernel,global=86016,local=192,](@219,@220,@221) -> float_type, {1, 448, 384}, {172032, 384, 1}, target_id=0: 0.0190649ms, 1%
@223 = multibroadcast[out_lens={1, 448, 1536},out_dyn_dims={}](@215) -> float_type, {1, 448, 1536}, {0, 1536, 1}, target_id=0: 0.00085402ms, 1%
@224 = load[offset=40034304,end=42786816](@1) -> float_type, {1, 448, 1536}, {688128, 1536, 1}, target_id=0: 0.00051576ms, 1%
@225 = gpu::code_object[code_object=7056,symbol_name=mlir_dot_add_mul_erf_add_mul,global=172032,local=256,](@223,@222,@216,@224) -> float_type, {1, 448, 1536}, {688128, 1536, 1}, target_id=0: 0.0466728ms, 2%
@226 = multibroadcast[out_lens={1, 1536, 384},out_dyn_dims={}](@214) -> float_type, {1, 1536, 384}, {0, 384, 1}, target_id=0: 0.0016672ms, 1%
@227 = load[offset=39346176,end=40034304](@1) -> float_type, {1, 448, 384}, {172032, 384, 1}, target_id=0: 0.00048574ms, 1%
@228 = gpu::gemm[alpha=1,beta=1,compute_fp32=1,trans_batch=0,solution_idx=0](@225,@226,@219,@227) -> float_type, {1, 448, 384}, {172032, 384, 1}, target_id=0: 0.0734339ms, 2%
@229 = multibroadcast[out_lens={1, 448, 384},out_dyn_dims={}](@170) -> float_type, {1, 448, 384}, {0, 384, 1}, target_id=0: 0.0020152ms, 1%
@230 = load[offset=37969920,end=38658048](@1) -> float_type, {1, 448, 384}, {172032, 384, 1}, target_id=0: 0.0005274ms, 1%
@231 = gpu::code_object[code_object=5784,symbol_name=add_layernorm_kernel,global=86016,local=192,](@228,@229,@230) -> float_type, {1, 448, 384}, {172032, 384, 1}, target_id=0: 0.0199525ms, 1%
@232 = multibroadcast[out_lens={1, 448, 1152},out_dyn_dims={}](@164) -> float_type, {1, 448, 1152}, {0, 1152, 1}, target_id=0: 0.00100894ms, 1%
@233 = load[offset=35905536,end=37969920](@1) -> float_type, {1, 448, 1152}, {516096, 1152, 1}, target_id=0: 0.00047914ms, 1%
@234 = gpu::code_object[code_object=5424,symbol_name=mlir_dot_add,global=129024,local=256,](@232,@231,@172,@233) -> float_type, {1, 448, 1152}, {516096, 1152, 1}, target_id=0: 0.0375301ms, 1%
@235 = load[offset=37969920,end=38658048](@1) -> float_type, {1, 448, 384}, {172032, 384, 1}, target_id=0: 0.000535ms, 1%
@236 = multibroadcast[out_lens={1, 448, 384},out_dyn_dims={}](@176) -> float_type, {1, 448, 384}, {0, 0, 1}, target_id=0: 0.00149258ms, 1%
@237 = slice[axes={2},starts={768},ends={1152}](@234) -> float_type, {1, 448, 384}, {516096, 1152, 1}, target_id=0: 0.00123616ms, 1%
@238 = gpu::code_object[code_object=5056,symbol_name=add_kernel,global=86016,local=1024,](@236,@237,@235) -> float_type, {1, 448, 384}, {172032, 384, 1}, target_id=0: 0.0187579ms, 1%
@239 = load[offset=38658048,end=39346176](@1) -> float_type, {1, 448, 384}, {172032, 384, 1}, target_id=0: 0.00054366ms, 1%
@240 = slice[axes={2},starts={0},ends={384}](@234) -> float_type, {1, 448, 384}, {516096, 1152, 1}, target_id=0: 0.00210434ms, 1%
@241 = multibroadcast[out_lens={1, 448, 384},out_dyn_dims={}](@173) -> float_type, {1, 448, 384}, {0, 0, 1}, target_id=0: 0.00068918ms, 1%
@242 = gpu::code_object[code_object=5128,symbol_name=mul_add_kernel,global=86016,local=1024,](@240,@241,@239) -> float_type, {1, 448, 384}, {172032, 384, 1}, target_id=0: 0.0187799ms, 1%
@243 = load[offset=44851200,end=49668096](@1) -> float_type, {6, 448, 448}, {200704, 448, 1}, target_id=0: 0.00054324ms, 1%
@244 = gpu::code_object[code_object=5872,symbol_name=mlir_reshape_transpose_reshape_slice_reshape_transpose_reshape_transpose_dot,global=75264,local=256,](@242,@234,@243) -> float_type, {6, 448, 448}, {200704, 448, 1}, target_id=0: 0.0300954ms, 1%
@245 = load[offset=40034304,end=44851200](@1) -> float_type, {1, 6, 448, 448}, {1204224, 200704, 448, 1}, target_id=0: 0.00057444ms, 1%
@246 = reshape_lazy[dims={1, 6, 448, 448}](@244) -> float_type, {1, 6, 448, 448}, {1204224, 200704, 448, 1}, target_id=0: 0.00107732ms, 1%
@247 = gpu::code_object[code_object=6536,symbol_name=add_reduce_max_sub_exp_reduce_sum_div_kernel,global=344064,local=128,](@246,@31,@245) -> float_type, {1, 6, 448, 448}, {1204224, 200704, 448, 1}, target_id=0: 0.0286046ms, 1%
@248 = load[offset=44851200,end=45539328](@1) -> float_type, {1, 6, 448, 64}, {172032, 28672, 64, 1}, target_id=0: 0.0005288ms, 1%
@249 = gpu::code_object[code_object=6032,symbol_name=mlir_reshape_transpose_dot,global=43008,local=256,](@247,@238,@248) -> float_type, {1, 6, 448, 64}, {172032, 28672, 64, 1}, target_id=0: 0.0298051ms, 1%
@250 = load[offset=38658048,end=39346176](@1) -> float_type, {1, 448, 384}, {172032, 384, 1}, target_id=0: 0.000533ms, 1%
@251 = gpu::code_object[code_object=5464,symbol_name=mlir_transpose_reshape_dot_add,global=43008,local=256,](@228,@249,@174,@250) -> float_type, {1, 448, 384}, {172032, 384, 1}, target_id=0: 0.0285078ms, 1%
@252 = hip::hip_copy_literal[id=main:@literal:11] -> float_type, {1, 384, 384}, {147456, 384, 1}, target_id=0: 0.00077156ms, 1%
@253 = hip::hip_copy_literal[id=main:@literal:43] -> float_type, {448, 384}, {384, 1}, target_id=0: 0.0005378ms, 1%
@254 = hip::hip_copy_literal[id=main:@literal:19] -> float_type, {448, 384}, {384, 1}, target_id=0: 0.00059694ms, 1%
@255 = multibroadcast[out_lens={1, 448, 384},out_dyn_dims={}](@254) -> float_type, {1, 448, 384}, {0, 384, 1}, target_id=0: 0.00119916ms, 1%
@256 = load[offset=40034304,end=40722432](@1) -> float_type, {1, 448, 384}, {172032, 384, 1}, target_id=0: 0.00050054ms, 1%
@257 = gpu::code_object[code_object=5784,symbol_name=add_layernorm_kernel,global=86016,local=192,](@251,@255,@256) -> float_type, {1, 448, 384}, {172032, 384, 1}, target_id=0: 0.0187638ms, 1%
@258 = load[offset=39346176,end=40034304](@1) -> float_type, {1, 448, 384}, {172032, 384, 1}, target_id=0: 0.000528ms, 1%
@259 = multibroadcast[out_lens={1, 448, 384},out_dyn_dims={}](@253) -> float_type, {1, 448, 384}, {0, 384, 1}, target_id=0: 0.00082978ms, 1%
@260 = gpu::code_object[code_object=5424,symbol_name=mlir_dot_add,global=43008,local=256,](@259,@257,@252,@258) -> float_type, {1, 448, 384}, {172032, 384, 1}, target_id=0: 0.0273126ms, 1%
@261 = load[offset=55474176,end=71602176](@1) -> float_type, {6, 448, 1500}, {672000, 1500, 1}, target_id=0: 0.0005392ms, 1%
@262 = gpu::code_object[code_object=6000,symbol_name=mlir_reshape_transpose_reshape_reshape_transpose_slice_reshape_transpose_dot,global=258048,local=256,](@260,@42,@261) -> float_type, {6, 448, 1500}, {672000, 1500, 1}, target_id=0: 0.0482307ms, 2%
@263 = load[offset=39346176,end=55474176](@1) -> float_type, {6, 448, 1500}, {672000, 1500, 1}, target_id=0: 0.00055584ms, 1%
@264 = gpu::code_object[code_object=7296,symbol_name=reduce_max_sub_exp_reduce_sum_div_kernel,global=688128,local=256,](@262,@263) -> float_type, {6, 448, 1500}, {672000, 1500, 1}, target_id=0: 0.0471625ms, 2%
@265 = reshape_lazy[dims={1, -1, 6, 64}](@163) -> float_type, {1, 1500, 6, 64}, {576000, 384, 64, 1}, target_id=0: 0.00083454ms, 1%
@266 = transpose[permutation={0, 2, 1, 3}](@265) -> float_type, {1, 6, 1500, 64}, {576000, 64, 384, 1}, target_id=0: 0.0007337ms, 1%
@267 = reshape_lazy[dims={6, -1, 64}](@266) -> float_type, {6, 1500, 64}, {64, 384, 1}, target_id=0: 0.00052132ms, 1%
@268 = load[offset=55474176,end=56162304](@1) -> float_type, {6, 448, 64}, {28672, 64, 1}, target_id=0: 0.00050394ms, 1%
@269 = gpu::gemm[alpha=1,beta=0,compute_fp32=1,trans_batch=0,solution_idx=0](@264,@267,@268) -> float_type, {6, 448, 64}, {28672, 64, 1}, target_id=0: 0.0978528ms, 3%
@270 = reshape_lazy[dims={1, -1, 6, 64}](@21) -> float_type, {1, 448, 6, 64}, {172032, 384, 64, 1}, target_id=0: 0.00071676ms, 1%
main:#output_2 = @param:main:#output_2 -> float_type, {1, 6, 448, 64}, {172032, 28672, 64, 1}, target_id=0: 0.00075768ms, 1%
@272 = transpose[permutation={0, 2, 1, 3}](@270) -> float_type, {1, 6, 448, 64}, {172032, 64, 384, 1}, target_id=0: 0.00061258ms, 1%
@273 = gpu::code_object[code_object=5072,symbol_name=contiguous_kernel,global=86016,local=1024,](@272,main:#output_2) -> float_type, {1, 6, 448, 64}, {172032, 28672, 64, 1}, target_id=0: 0.018508ms, 1%
@274 = hip::hip_copy_literal[id=main:@literal:34] -> float_type, {1536, 384}, {384, 1}, target_id=0: 0.00073778ms, 1%
@275 = hip::hip_copy_literal[id=main:@literal:45] -> float_type, {448, 384}, {384, 1}, target_id=0: 0.0005168ms, 1%
main:#output_4 = @param:main:#output_4 -> float_type, {1, 6, 1500, 64}, {576000, 96000, 64, 1}, target_id=0: 0.00035522ms, 1%
@277 = gpu::code_object[code_object=5072,symbol_name=contiguous_kernel,global=288000,local=1024,](@63,main:#output_4) -> float_type, {1, 6, 1500, 64}, {576000, 96000, 64, 1}, target_id=0: 0.0214839ms, 1%
main:#output_1 = @param:main:#output_1 -> float_type, {1, 6, 448, 64}, {172032, 28672, 64, 1}, target_id=0: 0.0003631ms, 1%
@279 = slice[axes={2},starts={384},ends={768}](@16) -> float_type, {1, 448, 384}, {516096, 1152, 1}, target_id=0: 0.00214818ms, 1%
@280 = reshape_lazy[dims={1, -1, 6, 64}](@279) -> float_type, {1, 448, 6, 64}, {516096, 1152, 64, 1}, target_id=0: 0.001145ms, 1%
@281 = transpose[permutation={0, 2, 1, 3}](@280) -> float_type, {1, 6, 448, 64}, {516096, 64, 1152, 1}, target_id=0: 0.00081644ms, 1%
@282 = gpu::code_object[code_object=5072,symbol_name=contiguous_kernel,global=86016,local=1024,](@281,main:#output_1) -> float_type, {1, 6, 448, 64}, {172032, 28672, 64, 1}, target_id=0: 0.0186022ms, 1%
main:#output_12 = @param:main:#output_12 -> float_type, {1, 6, 1500, 64}, {576000, 96000, 64, 1}, target_id=0: 0.00036438ms, 1%
@284 = gpu::code_object[code_object=5072,symbol_name=contiguous_kernel,global=288000,local=1024,](@209,main:#output_12) -> float_type, {1, 6, 1500, 64}, {576000, 96000, 64, 1}, target_id=0: 0.0226844ms, 1%
@285 = reshape_lazy[dims={1, 1500, 48, 64}](@42) -> float_type, {1, 1500, 48, 64}, {4608000, 3072, 64, 1}, target_id=0: 0.00061554ms, 1%
@286 = transpose[permutation={0, 2, 1, 3}](@285) -> float_type, {1, 48, 1500, 64}, {4608000, 64, 3072, 1}, target_id=0: 0.00052482ms, 1%
main:#output_3 = @param:main:#output_3 -> float_type, {1, 6, 1500, 64}, {576000, 96000, 64, 1}, target_id=0: 0.00037086ms, 1%
@288 = slice[axes={1},starts={0},ends={6}](@286) -> float_type, {1, 6, 1500, 64}, {4608000, 64, 3072, 1}, target_id=0: 0.00108508ms, 1%
@289 = gpu::code_object[code_object=5072,symbol_name=contiguous_kernel,global=288000,local=1024,](@288,main:#output_3) -> float_type, {1, 6, 1500, 64}, {576000, 96000, 64, 1}, target_id=0: 0.0215914ms, 1%
main:#output_11 = @param:main:#output_11 -> float_type, {1, 6, 1500, 64}, {576000, 96000, 64, 1}, target_id=0: 0.00035538ms, 1%
@291 = slice[axes={1},starts={24},ends={30}](@286) -> float_type, {1, 6, 1500, 64}, {4608000, 64, 3072, 1}, target_id=0: 0.00216286ms, 1%
@292 = gpu::code_object[code_object=5072,symbol_name=contiguous_kernel,global=288000,local=1024,](@291,main:#output_11) -> float_type, {1, 6, 1500, 64}, {576000, 96000, 64, 1}, target_id=0: 0.0219518ms, 1%
@293 = hip::hip_copy_literal[id=main:@literal:12] -> float_type, {1, 384, 1536}, {589824, 1536, 1}, target_id=0: 0.00055662ms, 1%
main:#output_16 = @param:main:#output_16 -> float_type, {1, 6, 1500, 64}, {576000, 96000, 64, 1}, target_id=0: 0.00035204ms, 1%
@295 = gpu::code_object[code_object=5072,symbol_name=contiguous_kernel,global=288000,local=1024,](@266,main:#output_16) -> float_type, {1, 6, 1500, 64}, {576000, 96000, 64, 1}, target_id=0: 0.0216093ms, 1%
@296 = hip::hip_copy_literal[id=main:@literal:46] -> float_type, {448, 1536}, {1536, 1}, target_id=0: 0.00050576ms, 1%
@297 = slice[axes={2},starts={384},ends={768}](@90) -> float_type, {1, 448, 384}, {516096, 1152, 1}, target_id=0: 0.00243718ms, 1%
@298 = reshape_lazy[dims={1, -1, 6, 64}](@297) -> float_type, {1, 448, 6, 64}, {516096, 1152, 64, 1}, target_id=0: 0.00108508ms, 1%
@299 = transpose[permutation={0, 2, 1, 3}](@298) -> float_type, {1, 6, 448, 64}, {516096, 64, 1152, 1}, target_id=0: 0.0008187ms, 1%
main:#output_5 = @param:main:#output_5 -> float_type, {1, 6, 448, 64}, {172032, 28672, 64, 1}, target_id=0: 0.00031222ms, 1%
@301 = gpu::code_object[code_object=5072,symbol_name=contiguous_kernel,global=86016,local=1024,](@299,main:#output_5) -> float_type, {1, 6, 448, 64}, {172032, 28672, 64, 1}, target_id=0: 0.0187056ms, 1%
main:#output_15 = @param:main:#output_15 -> float_type, {1, 6, 1500, 64}, {576000, 96000, 64, 1}, target_id=0: 0.00034424ms, 1%
@303 = slice[axes={1},starts={36},ends={42}](@286) -> float_type, {1, 6, 1500, 64}, {4608000, 64, 3072, 1}, target_id=0: 0.00264292ms, 1%
@304 = gpu::code_object[code_object=5072,symbol_name=contiguous_kernel,global=288000,local=1024,](@303,main:#output_15) -> float_type, {1, 6, 1500, 64}, {576000, 96000, 64, 1}, target_id=0: 0.0221107ms, 1%
main:#output_6 = @param:main:#output_6 -> float_type, {1, 6, 448, 64}, {172032, 28672, 64, 1}, target_id=0: 0.000524ms, 1%
@306 = reshape_lazy[dims={1, -1, 6, 64}](@95) -> float_type, {1, 448, 6, 64}, {172032, 384, 64, 1}, target_id=0: 0.00057314ms, 1%
@307 = transpose[permutation={0, 2, 1, 3}](@306) -> float_type, {1, 6, 448, 64}, {172032, 64, 384, 1}, target_id=0: 0.00051556ms, 1%
@308 = gpu::code_object[code_object=5072,symbol_name=contiguous_kernel,global=86016,local=1024,](@307,main:#output_6) -> float_type, {1, 6, 448, 64}, {172032, 28672, 64, 1}, target_id=0: 0.0182522ms, 1%
main:#output_8 = @param:main:#output_8 -> float_type, {1, 6, 1500, 64}, {576000, 96000, 64, 1}, target_id=0: 0.00037974ms, 1%
@310 = gpu::code_object[code_object=5072,symbol_name=contiguous_kernel,global=288000,local=1024,](@130,main:#output_8) -> float_type, {1, 6, 1500, 64}, {576000, 96000, 64, 1}, target_id=0: 0.0219805ms, 1%
@311 = hip::hip_copy_literal[id=main:@literal:23] -> float_type, {448, 51865}, {51865, 1}, target_id=0: 0.00053846ms, 1%
@312 = hip::hip_copy_literal[id=main:@literal:47] -> float_type, {448, 384}, {384, 1}, target_id=0: 0.00047846ms, 1%
@313 = hip::hip_copy_literal[id=main:@literal:9] -> float_type, {1, 384, 51865}, {19916160, 51865, 1}, target_id=0: 0.00042966ms, 1%
main:#output_7 = @param:main:#output_7 -> float_type, {1, 6, 1500, 64}, {576000, 96000, 64, 1}, target_id=0: 0.00031952ms, 1%
@315 = slice[axes={1},starts={12},ends={18}](@286) -> float_type, {1, 6, 1500, 64}, {4608000, 64, 3072, 1}, target_id=0: 0.0011532ms, 1%
@316 = gpu::code_object[code_object=5072,symbol_name=contiguous_kernel,global=288000,local=1024,](@315,main:#output_7) -> float_type, {1, 6, 1500, 64}, {576000, 96000, 64, 1}, target_id=0: 0.0214067ms, 1%
@317 = hip::hip_copy_literal[id=main:@literal:48] -> float_type, {384, 384}, {384, 1}, target_id=0: 0.00049774ms, 1%
main:#output_9 = @param:main:#output_9 -> float_type, {1, 6, 448, 64}, {172032, 28672, 64, 1}, target_id=0: 0.00033438ms, 1%
@319 = slice[axes={2},starts={384},ends={768}](@158) -> float_type, {1, 448, 384}, {516096, 1152, 1}, target_id=0: 0.00167514ms, 1%
@320 = reshape_lazy[dims={1, -1, 6, 64}](@319) -> float_type, {1, 448, 6, 64}, {516096, 1152, 64, 1}, target_id=0: 0.00095782ms, 1%
@321 = transpose[permutation={0, 2, 1, 3}](@320) -> float_type, {1, 6, 448, 64}, {516096, 64, 1152, 1}, target_id=0: 0.00076804ms, 1%
@322 = gpu::code_object[code_object=5072,symbol_name=contiguous_kernel,global=86016,local=1024,](@321,main:#output_9) -> float_type, {1, 6, 448, 64}, {172032, 28672, 64, 1}, target_id=0: 0.0184138ms, 1%
main:#output_10 = @param:main:#output_10 -> float_type, {1, 6, 448, 64}, {172032, 28672, 64, 1}, target_id=0: 0.00035078ms, 1%
@324 = reshape_lazy[dims={1, -1, 6, 64}](@181) -> float_type, {1, 448, 6, 64}, {172032, 384, 64, 1}, target_id=0: 0.000537ms, 1%
@325 = transpose[permutation={0, 2, 1, 3}](@324) -> float_type, {1, 6, 448, 64}, {172032, 64, 384, 1}, target_id=0: 0.00050238ms, 1%
@326 = gpu::code_object[code_object=5072,symbol_name=contiguous_kernel,global=86016,local=1024,](@325,main:#output_10) -> float_type, {1, 6, 448, 64}, {172032, 28672, 64, 1}, target_id=0: 0.0184131ms, 1%
main:#output_13 = @param:main:#output_13 -> float_type, {1, 6, 448, 64}, {172032, 28672, 64, 1}, target_id=0: 0.0003489ms, 1%
@328 = slice[axes={2},starts={384},ends={768}](@234) -> float_type, {1, 448, 384}, {516096, 1152, 1}, target_id=0: 0.00261542ms, 1%
@329 = reshape_lazy[dims={1, -1, 6, 64}](@328) -> float_type, {1, 448, 6, 64}, {516096, 1152, 64, 1}, target_id=0: 0.00112674ms, 1%
@330 = transpose[permutation={0, 2, 1, 3}](@329) -> float_type, {1, 6, 448, 64}, {516096, 64, 1152, 1}, target_id=0: 0.00083526ms, 1%
@331 = gpu::code_object[code_object=5072,symbol_name=contiguous_kernel,global=86016,local=1024,](@330,main:#output_13) -> float_type, {1, 6, 448, 64}, {172032, 28672, 64, 1}, target_id=0: 0.018678ms, 1%
@332 = reshape_lazy[dims={1, -1, 6, 64}](@238) -> float_type, {1, 448, 6, 64}, {172032, 384, 64, 1}, target_id=0: 0.00057432ms, 1%
@333 = transpose[permutation={0, 2, 1, 3}](@332) -> float_type, {1, 6, 448, 64}, {172032, 64, 384, 1}, target_id=0: 0.00049132ms, 1%
main:#output_14 = @param:main:#output_14 -> float_type, {1, 6, 448, 64}, {172032, 28672, 64, 1}, target_id=0: 0.00032444ms, 1%
@335 = gpu::code_object[code_object=5072,symbol_name=contiguous_kernel,global=86016,local=1024,](@333,main:#output_14) -> float_type, {1, 6, 448, 64}, {172032, 28672, 64, 1}, target_id=0: 0.0183923ms, 1%
@336 = load[offset=1376256,end=2064384](@1) -> float_type, {1, 448, 384}, {172032, 384, 1}, target_id=0: 0.00076612ms, 1%
@337 = gpu::code_object[code_object=5480,symbol_name=mlir_reshape_transpose_reshape_dot_add,global=43008,local=256,](@251,@269,@317,@336) -> float_type, {1, 448, 384}, {172032, 384, 1}, target_id=0: 0.0282462ms, 1%
@338 = multibroadcast[out_lens={1, 448, 384},out_dyn_dims={}](@275) -> float_type, {1, 448, 384}, {0, 384, 1}, target_id=0: 0.00238138ms, 1%
@339 = load[offset=0,end=688128](@1) -> float_type, {1, 448, 384}, {172032, 384, 1}, target_id=0: 0.0005288ms, 1%
@340 = gpu::code_object[code_object=5784,symbol_name=add_layernorm_kernel,global=86016,local=192,](@337,@338,@339) -> float_type, {1, 448, 384}, {172032, 384, 1}, target_id=0: 0.0192485ms, 1%
@341 = load[offset=2064384,end=4816896](@1) -> float_type, {1, 448, 1536}, {688128, 1536, 1}, target_id=0: 0.00053944ms, 1%
@342 = multibroadcast[out_lens={1, 448, 1536},out_dyn_dims={}](@296) -> float_type, {1, 448, 1536}, {0, 1536, 1}, target_id=0: 0.00089686ms, 1%
@343 = gpu::code_object[code_object=7056,symbol_name=mlir_dot_add_mul_erf_add_mul,global=172032,local=256,](@342,@340,@293,@341) -> float_type, {1, 448, 1536}, {688128, 1536, 1}, target_id=0: 0.0464837ms, 2%
@344 = load[offset=0,end=688128](@1) -> float_type, {1, 448, 384}, {172032, 384, 1}, target_id=0: 0.0005462ms, 1%
@345 = multibroadcast[out_lens={1, 1536, 384},out_dyn_dims={}](@274) -> float_type, {1, 1536, 384}, {0, 384, 1}, target_id=0: 0.00085242ms, 1%
@346 = gpu::gemm[alpha=1,beta=1,compute_fp32=1,trans_batch=0,solution_idx=0](@343,@345,@337,@344) -> float_type, {1, 448, 384}, {172032, 384, 1}, target_id=0: 0.0763979ms, 2%
@347 = multibroadcast[out_lens={1, 448, 384},out_dyn_dims={}](@312) -> float_type, {1, 448, 384}, {0, 384, 1}, target_id=0: 0.00118338ms, 1%
@348 = load[offset=688128,end=1376256](@1) -> float_type, {1, 448, 384}, {172032, 384, 1}, target_id=0: 0.0005761ms, 1%
@349 = gpu::code_object[code_object=5784,symbol_name=add_layernorm_kernel,global=86016,local=192,](@346,@347,@348) -> float_type, {1, 448, 384}, {172032, 384, 1}, target_id=0: 0.0201707ms, 1%
@350 = multibroadcast[out_lens={1, 448, 51865},out_dyn_dims={}](@311) -> float_type, {1, 448, 51865}, {0, 51865, 1}, target_id=0: 0.00105112ms, 1%
main:#output_0 = @param:main:#output_0 -> float_type, {1, 448, 51865}, {23235520, 51865, 1}, target_id=0: 0.00056362ms, 1%
@352 = gpu::code_object[code_object=6640,symbol_name=mlir_dot_add,global=1453312,local=256,](@350,@349,@313,main:#output_0) -> float_type, {1, 448, 51865}, {23235520, 51865, 1}, target_id=0: 0.792301ms, 20%
@353 = @return(@352,@282,@273,@289,@277,@301,@308,@316,@310,@322,@326,@292,@284,@331,@335,@304,@295), target_id=0
Summary:
gpu::code_object::mlir_dot_add: 1.0525ms / 9 = 0.116944ms, 26%
gpu::gemm: 0.689372ms / 8 = 0.0861715ms, 17%
gpu::code_object::contiguous_kernel: 0.322784ms / 16 = 0.020174ms, 8%
gpu::code_object::add_layernorm_kernel: 0.253426ms / 13 = 0.0194943ms, 7%
gpu::code_object::mlir_reshape_transpose_reshape_reshape_transpose_slice_reshape_transpose_dot: 0.195892ms / 4 = 0.048973ms, 5%
gpu::code_object::reduce_max_sub_exp_reduce_sum_div_kernel: 0.190173ms / 4 = 0.0475433ms, 5%
gpu::code_object::mlir_dot_add_mul_erf_add_mul: 0.186006ms / 4 = 0.0465016ms, 5%
gpu::code_object::add_kernel: 0.165435ms / 8 = 0.0206793ms, 5%
gpu::code_object::mlir_dot: 0.133336ms / 1 = 0.133336ms, 4%
gpu::code_object::mlir_reshape_transpose_reshape_slice_reshape_transpose_reshape_transpose_dot: 0.120688ms / 4 = 0.030172ms, 3%
gpu::code_object::mlir_reshape_transpose_dot: 0.120584ms / 4 = 0.0301461ms, 3%
gpu::code_object::add_reduce_max_sub_exp_reduce_sum_div_kernel: 0.114978ms / 4 = 0.0287446ms, 3%
gpu::code_object::mlir_transpose_reshape_dot_add: 0.113386ms / 4 = 0.0283466ms, 3%
gpu::code_object::mlir_reshape_transpose_reshape_dot_add: 0.113147ms / 4 = 0.0282868ms, 3%
gpu::code_object::mul_add_kernel: 0.0758375ms / 4 = 0.0189594ms, 2%
multibroadcast: 0.0524349ms / 43 = 0.00121942ms, 2%
load: 0.040396ms / 76 = 0.000531526ms, 1%
hip::hip_copy_literal: 0.0380444ms / 66 = 0.00057643ms, 1%
slice: 0.0299492ms / 20 = 0.00149746ms, 1%
gpu::code_object::convert_kernel: 0.0182371ms / 1 = 0.0182371ms, 1%
reshape_lazy: 0.0163392ms / 21 = 0.000778058ms, 1%
gpu::code_object::gather_kernel: 0.0160147ms / 1 = 0.0160147ms, 1%
transpose: 0.00886208ms / 13 = 0.000681698ms, 1%
@param: 0.00751262ms / 19 = 0.000395401ms, 1%
check_context::migraphx::gpu::context: 0.00079866ms / 1 = 0.00079866ms, 1%
hip::hip_allocate_memory: 0.00075454ms / 1 = 0.00075454ms, 1%

Batch size: 1
Rate: 409.346 inferences/sec
Total time: 2.44292ms
Total instructions time: 4.07689ms
Overhead time: 0.0560702ms, -1.63396ms
Overhead: 2%, -67%
[ MIGraphX Version: 2.10.0.ee68f7261 ] Complete: /src/AMDMIGraphX/build/bin/driver perf --fill1 input_ids --input-dim @input_ids 1 448 @encoder_hidden_states 1 1500 384 --gpu /new-saved-models/whisper-tiny/decoder_model.onnx
