Running [ MIGraphX Version: 2.10.0.47b5f1077 ]: /src/AMDMIGraphX/build/bin/driver perf --gpu /new-saved-models/torchvision/resnet50i64.onnx
Compiling ... 
Reading: /new-saved-models/torchvision/resnet50i64.onnx
module: "main"
@0 = check_context::migraphx::gpu::context -> float_type, {}, {}, target_id=0
@1 = hip::hip_allocate_memory[shape=int8_type, {462422016}, {1},id=main:scratch] -> int8_type, {462422016}, {1}, target_id=0
@2 = hip::hip_copy_literal[id=main:@literal:98] -> float_type, {64}, {1}, target_id=0
@3 = hip::hip_copy_literal[id=main:@literal:99] -> float_type, {64, 3, 7, 7}, {147, 49, 7, 1}, target_id=0
@4 = load[offset=205520896,end=411041792](@1) -> float_type, {64, 64, 112, 112}, {802816, 12544, 112, 1}, target_id=0
@5 = broadcast[axis=1,out_lens={64, 64, 112, 112}](@2) -> float_type, {64, 64, 112, 112}, {0, 1, 0, 0}, target_id=0
input.1 = @param:input.1 -> float_type, {64, 3, 224, 224}, {150528, 50176, 224, 1}, target_id=0
@7 = gpu::code_object[code_object=8928,symbol_name=mlir_convolution_add_relu,global=1605632,local=256,](@5,input.1,@3,@4) -> float_type, {64, 64, 112, 112}, {802816, 12544, 112, 1}, target_id=0
@8 = load[offset=154140672,end=205520896](@1) -> float_type, {64, 64, 56, 56}, {200704, 3136, 56, 1}, target_id=0
@9 = gpu::pooling[mode=max,padding={1, 1, 1, 1},padding_mode=0,stride={2, 2},lengths={3, 3},dilations={1, 1},ceil_mode=0,lp_order=2,dyn_global=0](@7,@8) -> float_type, {64, 64, 56, 56}, {200704, 3136, 56, 1}, target_id=0
@10 = hip::hip_copy_literal[id=main:@literal:96] -> float_type, {64}, {1}, target_id=0
@11 = hip::hip_copy_literal[id=main:@literal:97] -> float_type, {64, 64, 1, 1}, {64, 1, 1, 1}, target_id=0
@12 = broadcast[axis=1,out_lens={64, 64, 56, 56}](@10) -> float_type, {64, 64, 56, 56}, {0, 1, 0, 0}, target_id=0
@13 = load[offset=0,end=51380224](@1) -> float_type, {64, 64, 56, 56}, {200704, 3136, 56, 1}, target_id=0
@14 = gpu::code_object[code_object=7456,symbol_name=mlir_convolution_add_relu,global=802816,local=256,](@12,@9,@11,@13) -> float_type, {64, 64, 56, 56}, {200704, 3136, 56, 1}, target_id=0
@15 = hip::hip_copy_literal[id=main:@literal:95] -> float_type, {64, 64, 3, 3}, {576, 9, 3, 1}, target_id=0
@16 = load[offset=0,end=0](@1) -> int8_type, {0}, {1}, target_id=0
@17 = load[offset=102760448,end=154140672](@1) -> float_type, {64, 64, 56, 56}, {200704, 3136, 56, 1}, target_id=0
@18 = gpu::convolution[op={padding={1, 1, 1, 1},stride={1, 1},dilation={1, 1},group=1,padding_mode=0},solution_object={binary_object: 454},algo=0,solution_id=0](@14,@15,@16,@17) -> float_type, {64, 64, 56, 56}, {200704, 3136, 56, 1}, target_id=0
@19 = hip::hip_copy_literal[id=main:@literal:2] -> float_type, {256}, {1}, target_id=0
@20 = hip::hip_copy_literal[id=main:@literal:94] -> float_type, {64}, {1}, target_id=0
@21 = broadcast[axis=1,out_lens={64, 64, 56, 56}](@20) -> float_type, {64, 64, 56, 56}, {0, 1, 0, 0}, target_id=0
@22 = load[offset=0,end=102760448](@1) -> float_type, {64, 128, 56, 56}, {401408, 3136, 56, 1}, target_id=0
@23 = gpu::code_object[code_object=5616,symbol_name=add_relu_noop_concat_noop_kernel,global=1605632,local=1024,](@18,@21,@9,@22) -> float_type, {64, 128, 56, 56}, {401408, 3136, 56, 1}, target_id=0
@24 = hip::hip_copy_literal[id=main:@literal:4] -> float_type, {256, 128, 1, 1}, {128, 1, 1, 1}, target_id=0
@25 = broadcast[axis=1,out_lens={64, 256, 56, 56}](@19) -> float_type, {64, 256, 56, 56}, {0, 1, 0, 0}, target_id=0
@26 = load[offset=205520896,end=411041792](@1) -> float_type, {64, 256, 56, 56}, {802816, 3136, 56, 1}, target_id=0
@27 = gpu::code_object[code_object=8544,symbol_name=mlir_convolution_add_relu,global=3211264,local=256,](@25,@23,@24,@26) -> float_type, {64, 256, 56, 56}, {802816, 3136, 56, 1}, target_id=0
@28 = hip::hip_copy_literal[id=main:@literal:92] -> float_type, {64}, {1}, target_id=0
@29 = hip::hip_copy_literal[id=main:@literal:93] -> float_type, {64, 256, 1, 1}, {256, 1, 1, 1}, target_id=0
@30 = broadcast[axis=1,out_lens={64, 64, 56, 56}](@28) -> float_type, {64, 64, 56, 56}, {0, 1, 0, 0}, target_id=0
@31 = load[offset=51380224,end=102760448](@1) -> float_type, {64, 64, 56, 56}, {200704, 3136, 56, 1}, target_id=0
@32 = gpu::code_object[code_object=7776,symbol_name=mlir_convolution_add_relu,global=802816,local=256,](@30,@27,@29,@31) -> float_type, {64, 64, 56, 56}, {200704, 3136, 56, 1}, target_id=0
@33 = hip::hip_copy_literal[id=main:@literal:91] -> float_type, {64, 64, 3, 3}, {576, 9, 3, 1}, target_id=0
@34 = load[offset=0,end=0](@1) -> int8_type, {0}, {1}, target_id=0
@35 = load[offset=0,end=51380224](@1) -> float_type, {64, 64, 56, 56}, {200704, 3136, 56, 1}, target_id=0
@36 = gpu::convolution[op={padding={1, 1, 1, 1},stride={1, 1},dilation={1, 1},group=1,padding_mode=0},solution_object={binary_object: 454},algo=0,solution_id=0](@32,@33,@34,@35) -> float_type, {64, 64, 56, 56}, {200704, 3136, 56, 1}, target_id=0
@37 = hip::hip_copy_literal[id=main:@literal:90] -> float_type, {64}, {1}, target_id=0
@38 = broadcast[axis=1,out_lens={64, 64, 56, 56}](@37) -> float_type, {64, 64, 56, 56}, {0, 1, 0, 0}, target_id=0
@39 = load[offset=411041792,end=462422016](@1) -> float_type, {64, 64, 56, 56}, {200704, 3136, 56, 1}, target_id=0
@40 = gpu::code_object[code_object=5320,symbol_name=add_relu_kernel,global=1605632,local=1024,](@36,@38,@39) -> float_type, {64, 64, 56, 56}, {200704, 3136, 56, 1}, target_id=0
@41 = hip::hip_copy_literal[id=main:@literal:88] -> float_type, {256}, {1}, target_id=0
@42 = hip::hip_copy_literal[id=main:@literal:89] -> float_type, {256, 64, 1, 1}, {64, 1, 1, 1}, target_id=0
@43 = broadcast[axis=1,out_lens={64, 256, 56, 56}](@41) -> float_type, {64, 256, 56, 56}, {0, 1, 0, 0}, target_id=0
@44 = load[offset=0,end=205520896](@1) -> float_type, {64, 256, 56, 56}, {802816, 3136, 56, 1}, target_id=0
@45 = gpu::code_object[code_object=14952,symbol_name=mlir_convolution_add_add_relu,global=802816,local=256,](@43,@27,@40,@42,@44) -> float_type, {64, 256, 56, 56}, {802816, 3136, 56, 1}, target_id=0
@46 = hip::hip_copy_literal[id=main:@literal:86] -> float_type, {64}, {1}, target_id=0
@47 = hip::hip_copy_literal[id=main:@literal:87] -> float_type, {64, 256, 1, 1}, {256, 1, 1, 1}, target_id=0
@48 = broadcast[axis=1,out_lens={64, 64, 56, 56}](@46) -> float_type, {64, 64, 56, 56}, {0, 1, 0, 0}, target_id=0
@49 = load[offset=256901120,end=308281344](@1) -> float_type, {64, 64, 56, 56}, {200704, 3136, 56, 1}, target_id=0
@50 = gpu::code_object[code_object=7776,symbol_name=mlir_convolution_add_relu,global=802816,local=256,](@48,@45,@47,@49) -> float_type, {64, 64, 56, 56}, {200704, 3136, 56, 1}, target_id=0
@51 = hip::hip_copy_literal[id=main:@literal:85] -> float_type, {64, 64, 3, 3}, {576, 9, 3, 1}, target_id=0
@52 = load[offset=0,end=0](@1) -> int8_type, {0}, {1}, target_id=0
@53 = load[offset=205520896,end=256901120](@1) -> float_type, {64, 64, 56, 56}, {200704, 3136, 56, 1}, target_id=0
@54 = gpu::convolution[op={padding={1, 1, 1, 1},stride={1, 1},dilation={1, 1},group=1,padding_mode=0},solution_object={binary_object: 454},algo=0,solution_id=0](@50,@51,@52,@53) -> float_type, {64, 64, 56, 56}, {200704, 3136, 56, 1}, target_id=0
@55 = hip::hip_copy_literal[id=main:@literal:84] -> float_type, {64}, {1}, target_id=0
@56 = broadcast[axis=1,out_lens={64, 64, 56, 56}](@55) -> float_type, {64, 64, 56, 56}, {0, 1, 0, 0}, target_id=0
@57 = load[offset=411041792,end=462422016](@1) -> float_type, {64, 64, 56, 56}, {200704, 3136, 56, 1}, target_id=0
@58 = gpu::code_object[code_object=5320,symbol_name=add_relu_kernel,global=1605632,local=1024,](@54,@56,@57) -> float_type, {64, 64, 56, 56}, {200704, 3136, 56, 1}, target_id=0
@59 = hip::hip_copy_literal[id=main:@literal:82] -> float_type, {256}, {1}, target_id=0
@60 = hip::hip_copy_literal[id=main:@literal:83] -> float_type, {256, 64, 1, 1}, {64, 1, 1, 1}, target_id=0
@61 = load[offset=205520896,end=411041792](@1) -> float_type, {64, 256, 56, 56}, {802816, 3136, 56, 1}, target_id=0
@62 = broadcast[axis=1,out_lens={64, 256, 56, 56}](@59) -> float_type, {64, 256, 56, 56}, {0, 1, 0, 0}, target_id=0
@63 = gpu::code_object[code_object=14952,symbol_name=mlir_convolution_add_add_relu,global=802816,local=256,](@62,@45,@58,@60,@61) -> float_type, {64, 256, 56, 56}, {802816, 3136, 56, 1}, target_id=0
@64 = hip::hip_copy_literal[id=main:@literal:80] -> float_type, {128}, {1}, target_id=0
@65 = hip::hip_copy_literal[id=main:@literal:81] -> float_type, {128, 256, 1, 1}, {256, 1, 1, 1}, target_id=0
@66 = load[offset=102760448,end=205520896](@1) -> float_type, {64, 128, 56, 56}, {401408, 3136, 56, 1}, target_id=0
@67 = broadcast[axis=1,out_lens={64, 128, 56, 56}](@64) -> float_type, {64, 128, 56, 56}, {0, 1, 0, 0}, target_id=0
@68 = gpu::code_object[code_object=7776,symbol_name=mlir_convolution_add_relu,global=1605632,local=256,](@67,@63,@65,@66) -> float_type, {64, 128, 56, 56}, {401408, 3136, 56, 1}, target_id=0
@69 = hip::hip_copy_literal[id=main:@literal:79] -> float_type, {128, 128, 3, 3}, {1152, 9, 3, 1}, target_id=0
@70 = load[offset=0,end=0](@1) -> int8_type, {0}, {1}, target_id=0
@71 = load[offset=77070336,end=102760448](@1) -> float_type, {64, 128, 28, 28}, {100352, 784, 28, 1}, target_id=0
@72 = gpu::convolution[op={padding={1, 1, 1, 1},stride={2, 2},dilation={1, 1},group=1,padding_mode=0},solution_object={binary_object: 458},algo=0,solution_id=0](@68,@69,@70,@71) -> float_type, {64, 128, 28, 28}, {100352, 784, 28, 1}, target_id=0
@73 = hip::hip_copy_literal[id=main:@literal:8] -> float_type, {512, 384, 1, 1}, {384, 1, 1, 1}, target_id=0
@74 = hip::hip_copy_literal[id=main:@literal:6] -> float_type, {512}, {1}, target_id=0
@75 = hip::hip_copy_literal[id=main:@literal:78] -> float_type, {128}, {1}, target_id=0
@76 = load[offset=0,end=77070336](@1) -> float_type, {64, 384, 28, 28}, {301056, 784, 28, 1}, target_id=0
@77 = step[axes={2, 3},steps={2, 2}](@63) -> float_type, {64, 256, 28, 28}, {802816, 3136, 112, 2}, target_id=0
@78 = broadcast[axis=1,out_lens={64, 128, 28, 28}](@75) -> float_type, {64, 128, 28, 28}, {0, 1, 0, 0}, target_id=0
@79 = gpu::code_object[code_object=5808,symbol_name=add_relu_noop_concat_noop_kernel,global=9633792,local=1024,](@72,@78,@77,@76) -> float_type, {64, 384, 28, 28}, {301056, 784, 28, 1}, target_id=0
@80 = broadcast[axis=1,out_lens={64, 512, 28, 28}](@74) -> float_type, {64, 512, 28, 28}, {0, 1, 0, 0}, target_id=0
@81 = load[offset=154140672,end=256901120](@1) -> float_type, {64, 512, 28, 28}, {401408, 784, 28, 1}, target_id=0
@82 = gpu::code_object[code_object=7136,symbol_name=mlir_convolution_add_relu,global=1605632,local=256,](@80,@79,@73,@81) -> float_type, {64, 512, 28, 28}, {401408, 784, 28, 1}, target_id=0
@83 = hip::hip_copy_literal[id=main:@literal:76] -> float_type, {128}, {1}, target_id=0
@84 = hip::hip_copy_literal[id=main:@literal:77] -> float_type, {128, 512, 1, 1}, {512, 1, 1, 1}, target_id=0
@85 = broadcast[axis=1,out_lens={64, 128, 28, 28}](@83) -> float_type, {64, 128, 28, 28}, {0, 1, 0, 0}, target_id=0
@86 = load[offset=51380224,end=77070336](@1) -> float_type, {64, 128, 28, 28}, {100352, 784, 28, 1}, target_id=0
@87 = gpu::code_object[code_object=7136,symbol_name=mlir_convolution_add_relu,global=401408,local=256,](@85,@82,@84,@86) -> float_type, {64, 128, 28, 28}, {100352, 784, 28, 1}, target_id=0
@88 = hip::hip_copy_literal[id=main:@literal:75] -> float_type, {128, 128, 3, 3}, {1152, 9, 3, 1}, target_id=0
@89 = load[offset=0,end=0](@1) -> int8_type, {0}, {1}, target_id=0
@90 = load[offset=25690112,end=51380224](@1) -> float_type, {64, 128, 28, 28}, {100352, 784, 28, 1}, target_id=0
@91 = gpu::convolution[op={padding={1, 1, 1, 1},stride={1, 1},dilation={1, 1},group=1,padding_mode=0},solution_object={binary_object: 457},algo=0,solution_id=0](@87,@88,@89,@90) -> float_type, {64, 128, 28, 28}, {100352, 784, 28, 1}, target_id=0
@92 = hip::hip_copy_literal[id=main:@literal:74] -> float_type, {128}, {1}, target_id=0
@93 = load[offset=0,end=25690112](@1) -> float_type, {64, 128, 28, 28}, {100352, 784, 28, 1}, target_id=0
@94 = broadcast[axis=1,out_lens={64, 128, 28, 28}](@92) -> float_type, {64, 128, 28, 28}, {0, 1, 0, 0}, target_id=0
@95 = gpu::code_object[code_object=5320,symbol_name=add_relu_kernel,global=802816,local=1024,](@91,@94,@93) -> float_type, {64, 128, 28, 28}, {100352, 784, 28, 1}, target_id=0
@96 = hip::hip_copy_literal[id=main:@literal:72] -> float_type, {512}, {1}, target_id=0
@97 = hip::hip_copy_literal[id=main:@literal:73] -> float_type, {512, 128, 1, 1}, {128, 1, 1, 1}, target_id=0
@98 = load[offset=51380224,end=154140672](@1) -> float_type, {64, 512, 28, 28}, {401408, 784, 28, 1}, target_id=0
@99 = broadcast[axis=1,out_lens={64, 512, 28, 28}](@96) -> float_type, {64, 512, 28, 28}, {0, 1, 0, 0}, target_id=0
@100 = gpu::code_object[code_object=9064,symbol_name=mlir_convolution_add_add_relu,global=1605632,local=256,](@99,@82,@95,@97,@98) -> float_type, {64, 512, 28, 28}, {401408, 784, 28, 1}, target_id=0
@101 = hip::hip_copy_literal[id=main:@literal:70] -> float_type, {128}, {1}, target_id=0
@102 = hip::hip_copy_literal[id=main:@literal:71] -> float_type, {128, 512, 1, 1}, {512, 1, 1, 1}, target_id=0
@103 = load[offset=25690112,end=51380224](@1) -> float_type, {64, 128, 28, 28}, {100352, 784, 28, 1}, target_id=0
@104 = broadcast[axis=1,out_lens={64, 128, 28, 28}](@101) -> float_type, {64, 128, 28, 28}, {0, 1, 0, 0}, target_id=0
@105 = gpu::code_object[code_object=7136,symbol_name=mlir_convolution_add_relu,global=401408,local=256,](@104,@100,@102,@103) -> float_type, {64, 128, 28, 28}, {100352, 784, 28, 1}, target_id=0
@106 = hip::hip_copy_literal[id=main:@literal:69] -> float_type, {128, 128, 3, 3}, {1152, 9, 3, 1}, target_id=0
@107 = load[offset=0,end=0](@1) -> int8_type, {0}, {1}, target_id=0
@108 = load[offset=0,end=25690112](@1) -> float_type, {64, 128, 28, 28}, {100352, 784, 28, 1}, target_id=0
@109 = gpu::convolution[op={padding={1, 1, 1, 1},stride={1, 1},dilation={1, 1},group=1,padding_mode=0},solution_object={binary_object: 457},algo=0,solution_id=0](@105,@106,@107,@108) -> float_type, {64, 128, 28, 28}, {100352, 784, 28, 1}, target_id=0
@110 = hip::hip_copy_literal[id=main:@literal:68] -> float_type, {128}, {1}, target_id=0
@111 = load[offset=154140672,end=179830784](@1) -> float_type, {64, 128, 28, 28}, {100352, 784, 28, 1}, target_id=0
@112 = broadcast[axis=1,out_lens={64, 128, 28, 28}](@110) -> float_type, {64, 128, 28, 28}, {0, 1, 0, 0}, target_id=0
@113 = gpu::code_object[code_object=5320,symbol_name=add_relu_kernel,global=802816,local=1024,](@109,@112,@111) -> float_type, {64, 128, 28, 28}, {100352, 784, 28, 1}, target_id=0
@114 = hip::hip_copy_literal[id=main:@literal:66] -> float_type, {512}, {1}, target_id=0
@115 = hip::hip_copy_literal[id=main:@literal:67] -> float_type, {512, 128, 1, 1}, {128, 1, 1, 1}, target_id=0
@116 = broadcast[axis=1,out_lens={64, 512, 28, 28}](@114) -> float_type, {64, 512, 28, 28}, {0, 1, 0, 0}, target_id=0
@117 = load[offset=192675840,end=295436288](@1) -> float_type, {64, 512, 28, 28}, {401408, 784, 28, 1}, target_id=0
@118 = gpu::code_object[code_object=9064,symbol_name=mlir_convolution_add_add_relu,global=1605632,local=256,](@116,@100,@113,@115,@117) -> float_type, {64, 512, 28, 28}, {401408, 784, 28, 1}, target_id=0
@119 = hip::hip_copy_literal[id=main:@literal:64] -> float_type, {128}, {1}, target_id=0
@120 = hip::hip_copy_literal[id=main:@literal:65] -> float_type, {128, 512, 1, 1}, {512, 1, 1, 1}, target_id=0
@121 = load[offset=0,end=25690112](@1) -> float_type, {64, 128, 28, 28}, {100352, 784, 28, 1}, target_id=0
@122 = broadcast[axis=1,out_lens={64, 128, 28, 28}](@119) -> float_type, {64, 128, 28, 28}, {0, 1, 0, 0}, target_id=0
@123 = gpu::code_object[code_object=7136,symbol_name=mlir_convolution_add_relu,global=401408,local=256,](@122,@118,@120,@121) -> float_type, {64, 128, 28, 28}, {100352, 784, 28, 1}, target_id=0
@124 = hip::hip_copy_literal[id=main:@literal:63] -> float_type, {128, 128, 3, 3}, {1152, 9, 3, 1}, target_id=0
@125 = load[offset=0,end=0](@1) -> int8_type, {0}, {1}, target_id=0
@126 = load[offset=51380224,end=77070336](@1) -> float_type, {64, 128, 28, 28}, {100352, 784, 28, 1}, target_id=0
@127 = gpu::convolution[op={padding={1, 1, 1, 1},stride={1, 1},dilation={1, 1},group=1,padding_mode=0},solution_object={binary_object: 457},algo=0,solution_id=0](@123,@124,@125,@126) -> float_type, {64, 128, 28, 28}, {100352, 784, 28, 1}, target_id=0
@128 = hip::hip_copy_literal[id=main:@literal:62] -> float_type, {128}, {1}, target_id=0
@129 = broadcast[axis=1,out_lens={64, 128, 28, 28}](@128) -> float_type, {64, 128, 28, 28}, {0, 1, 0, 0}, target_id=0
@130 = load[offset=25690112,end=51380224](@1) -> float_type, {64, 128, 28, 28}, {100352, 784, 28, 1}, target_id=0
@131 = gpu::code_object[code_object=5320,symbol_name=add_relu_kernel,global=802816,local=1024,](@127,@129,@130) -> float_type, {64, 128, 28, 28}, {100352, 784, 28, 1}, target_id=0
@132 = hip::hip_copy_literal[id=main:@literal:60] -> float_type, {512}, {1}, target_id=0
@133 = hip::hip_copy_literal[id=main:@literal:61] -> float_type, {512, 128, 1, 1}, {128, 1, 1, 1}, target_id=0
@134 = broadcast[axis=1,out_lens={64, 512, 28, 28}](@132) -> float_type, {64, 512, 28, 28}, {0, 1, 0, 0}, target_id=0
@135 = load[offset=51380224,end=154140672](@1) -> float_type, {64, 512, 28, 28}, {401408, 784, 28, 1}, target_id=0
@136 = gpu::code_object[code_object=9064,symbol_name=mlir_convolution_add_add_relu,global=1605632,local=256,](@134,@118,@131,@133,@135) -> float_type, {64, 512, 28, 28}, {401408, 784, 28, 1}, target_id=0
@137 = hip::hip_copy_literal[id=main:@literal:58] -> float_type, {256}, {1}, target_id=0
@138 = hip::hip_copy_literal[id=main:@literal:59] -> float_type, {256, 512, 1, 1}, {512, 1, 1, 1}, target_id=0
@139 = load[offset=166985728,end=218365952](@1) -> float_type, {64, 256, 28, 28}, {200704, 784, 28, 1}, target_id=0
@140 = broadcast[axis=1,out_lens={64, 256, 28, 28}](@137) -> float_type, {64, 256, 28, 28}, {0, 1, 0, 0}, target_id=0
@141 = gpu::code_object[code_object=7136,symbol_name=mlir_convolution_add_relu,global=802816,local=256,](@140,@136,@138,@139) -> float_type, {64, 256, 28, 28}, {200704, 784, 28, 1}, target_id=0
@142 = hip::hip_copy_literal[id=main:@literal:57] -> float_type, {256, 256, 3, 3}, {2304, 9, 3, 1}, target_id=0
@143 = load[offset=0,end=0](@1) -> int8_type, {0}, {1}, target_id=0
@144 = load[offset=154140672,end=166985728](@1) -> float_type, {64, 256, 14, 14}, {50176, 196, 14, 1}, target_id=0
@145 = gpu::convolution[op={padding={1, 1, 1, 1},stride={2, 2},dilation={1, 1},group=1,padding_mode=0},solution_object={binary_object: 459},algo=0,solution_id=0](@141,@142,@143,@144) -> float_type, {64, 256, 14, 14}, {50176, 196, 14, 1}, target_id=0
@146 = hip::hip_copy_literal[id=main:@literal:7] -> float_type, {1024, 768, 1, 1}, {768, 1, 1, 1}, target_id=0
@147 = hip::hip_copy_literal[id=main:@literal:5] -> float_type, {1024}, {1}, target_id=0
@148 = hip::hip_copy_literal[id=main:@literal:56] -> float_type, {256}, {1}, target_id=0
@149 = broadcast[axis=1,out_lens={64, 256, 14, 14}](@148) -> float_type, {64, 256, 14, 14}, {0, 1, 0, 0}, target_id=0
@150 = load[offset=0,end=38535168](@1) -> float_type, {64, 768, 14, 14}, {150528, 196, 14, 1}, target_id=0
@151 = step[axes={2, 3},steps={2, 2}](@136) -> float_type, {64, 512, 14, 14}, {401408, 784, 56, 2}, target_id=0
@152 = gpu::code_object[code_object=5872,symbol_name=add_relu_noop_concat_noop_kernel,global=4816896,local=1024,](@145,@149,@151,@150) -> float_type, {64, 768, 14, 14}, {150528, 196, 14, 1}, target_id=0
@153 = broadcast[axis=1,out_lens={64, 1024, 14, 14}](@147) -> float_type, {64, 1024, 14, 14}, {0, 1, 0, 0}, target_id=0
@154 = load[offset=77070336,end=128450560](@1) -> float_type, {64, 1024, 14, 14}, {200704, 196, 14, 1}, target_id=0
@155 = gpu::code_object[code_object=7328,symbol_name=mlir_convolution_add_relu,global=802816,local=256,](@153,@152,@146,@154) -> float_type, {64, 1024, 14, 14}, {200704, 196, 14, 1}, target_id=0
@156 = hip::hip_copy_literal[id=main:@literal:53] -> float_type, {256, 256, 3, 3}, {2304, 9, 3, 1}, target_id=0
@157 = hip::hip_copy_literal[id=main:@literal:54] -> float_type, {256}, {1}, target_id=0
@158 = hip::hip_copy_literal[id=main:@literal:55] -> float_type, {256, 1024, 1, 1}, {1024, 1, 1, 1}, target_id=0
@159 = load[offset=25690112,end=38535168](@1) -> float_type, {64, 256, 14, 14}, {50176, 196, 14, 1}, target_id=0
@160 = broadcast[axis=1,out_lens={64, 256, 14, 14}](@157) -> float_type, {64, 256, 14, 14}, {0, 1, 0, 0}, target_id=0
@161 = gpu::code_object[code_object=7776,symbol_name=mlir_convolution_add_relu,global=200704,local=256,](@160,@155,@158,@159) -> float_type, {64, 256, 14, 14}, {50176, 196, 14, 1}, target_id=0
@162 = load[offset=0,end=0](@1) -> int8_type, {0}, {1}, target_id=0
@163 = load[offset=12845056,end=25690112](@1) -> float_type, {64, 256, 14, 14}, {50176, 196, 14, 1}, target_id=0
@164 = gpu::convolution[op={padding={1, 1, 1, 1},stride={1, 1},dilation={1, 1},group=1,padding_mode=0},solution_object={binary_object: 438},algo=0,solution_id=0](@161,@156,@162,@163) -> float_type, {64, 256, 14, 14}, {50176, 196, 14, 1}, target_id=0
@165 = hip::hip_copy_literal[id=main:@literal:50] -> float_type, {1024}, {1}, target_id=0
@166 = hip::hip_copy_literal[id=main:@literal:51] -> float_type, {1024, 256, 1, 1}, {256, 1, 1, 1}, target_id=0
@167 = hip::hip_copy_literal[id=main:@literal:52] -> float_type, {256}, {1}, target_id=0
@168 = load[offset=0,end=12845056](@1) -> float_type, {64, 256, 14, 14}, {50176, 196, 14, 1}, target_id=0
@169 = broadcast[axis=1,out_lens={64, 256, 14, 14}](@167) -> float_type, {64, 256, 14, 14}, {0, 1, 0, 0}, target_id=0
@170 = gpu::code_object[code_object=5320,symbol_name=add_relu_kernel,global=802816,local=1024,](@164,@169,@168) -> float_type, {64, 256, 14, 14}, {50176, 196, 14, 1}, target_id=0
@171 = broadcast[axis=1,out_lens={64, 1024, 14, 14}](@165) -> float_type, {64, 1024, 14, 14}, {0, 1, 0, 0}, target_id=0
@172 = load[offset=25690112,end=77070336](@1) -> float_type, {64, 1024, 14, 14}, {200704, 196, 14, 1}, target_id=0
@173 = gpu::code_object[code_object=8296,symbol_name=mlir_convolution_add_add_relu,global=802816,local=256,](@171,@155,@170,@166,@172) -> float_type, {64, 1024, 14, 14}, {200704, 196, 14, 1}, target_id=0
@174 = hip::hip_copy_literal[id=main:@literal:47] -> float_type, {256, 256, 3, 3}, {2304, 9, 3, 1}, target_id=0
@175 = hip::hip_copy_literal[id=main:@literal:48] -> float_type, {256}, {1}, target_id=0
@176 = hip::hip_copy_literal[id=main:@literal:49] -> float_type, {256, 1024, 1, 1}, {1024, 1, 1, 1}, target_id=0
@177 = load[offset=12845056,end=25690112](@1) -> float_type, {64, 256, 14, 14}, {50176, 196, 14, 1}, target_id=0
@178 = broadcast[axis=1,out_lens={64, 256, 14, 14}](@175) -> float_type, {64, 256, 14, 14}, {0, 1, 0, 0}, target_id=0
@179 = gpu::code_object[code_object=7776,symbol_name=mlir_convolution_add_relu,global=200704,local=256,](@178,@173,@176,@177) -> float_type, {64, 256, 14, 14}, {50176, 196, 14, 1}, target_id=0
@180 = load[offset=0,end=0](@1) -> int8_type, {0}, {1}, target_id=0
@181 = load[offset=0,end=12845056](@1) -> float_type, {64, 256, 14, 14}, {50176, 196, 14, 1}, target_id=0
@182 = gpu::convolution[op={padding={1, 1, 1, 1},stride={1, 1},dilation={1, 1},group=1,padding_mode=0},solution_object={binary_object: 438},algo=0,solution_id=0](@179,@174,@180,@181) -> float_type, {64, 256, 14, 14}, {50176, 196, 14, 1}, target_id=0
@183 = hip::hip_copy_literal[id=main:@literal:44] -> float_type, {1024}, {1}, target_id=0
@184 = hip::hip_copy_literal[id=main:@literal:45] -> float_type, {1024, 256, 1, 1}, {256, 1, 1, 1}, target_id=0
@185 = hip::hip_copy_literal[id=main:@literal:46] -> float_type, {256}, {1}, target_id=0
@186 = broadcast[axis=1,out_lens={64, 256, 14, 14}](@185) -> float_type, {64, 256, 14, 14}, {0, 1, 0, 0}, target_id=0
@187 = load[offset=77070336,end=89915392](@1) -> float_type, {64, 256, 14, 14}, {50176, 196, 14, 1}, target_id=0
@188 = gpu::code_object[code_object=5320,symbol_name=add_relu_kernel,global=802816,local=1024,](@182,@186,@187) -> float_type, {64, 256, 14, 14}, {50176, 196, 14, 1}, target_id=0
@189 = broadcast[axis=1,out_lens={64, 1024, 14, 14}](@183) -> float_type, {64, 1024, 14, 14}, {0, 1, 0, 0}, target_id=0
@190 = load[offset=128450560,end=179830784](@1) -> float_type, {64, 1024, 14, 14}, {200704, 196, 14, 1}, target_id=0
@191 = gpu::code_object[code_object=8296,symbol_name=mlir_convolution_add_add_relu,global=802816,local=256,](@189,@173,@188,@184,@190) -> float_type, {64, 1024, 14, 14}, {200704, 196, 14, 1}, target_id=0
@192 = hip::hip_copy_literal[id=main:@literal:26] -> float_type, {1024}, {1}, target_id=0
@193 = hip::hip_copy_literal[id=main:@literal:27] -> float_type, {1024, 256, 1, 1}, {256, 1, 1, 1}, target_id=0
@194 = hip::hip_copy_literal[id=main:@literal:28] -> float_type, {256}, {1}, target_id=0
@195 = hip::hip_copy_literal[id=main:@literal:32] -> float_type, {1024}, {1}, target_id=0
@196 = hip::hip_copy_literal[id=main:@literal:33] -> float_type, {1024, 256, 1, 1}, {256, 1, 1, 1}, target_id=0
@197 = hip::hip_copy_literal[id=main:@literal:34] -> float_type, {256}, {1}, target_id=0
@198 = hip::hip_copy_literal[id=main:@literal:38] -> float_type, {1024}, {1}, target_id=0
@199 = hip::hip_copy_literal[id=main:@literal:39] -> float_type, {1024, 256, 1, 1}, {256, 1, 1, 1}, target_id=0
@200 = hip::hip_copy_literal[id=main:@literal:40] -> float_type, {256}, {1}, target_id=0
@201 = hip::hip_copy_literal[id=main:@literal:41] -> float_type, {256, 256, 3, 3}, {2304, 9, 3, 1}, target_id=0
@202 = hip::hip_copy_literal[id=main:@literal:42] -> float_type, {256}, {1}, target_id=0
@203 = hip::hip_copy_literal[id=main:@literal:43] -> float_type, {256, 1024, 1, 1}, {1024, 1, 1, 1}, target_id=0
@204 = broadcast[axis=1,out_lens={64, 256, 14, 14}](@202) -> float_type, {64, 256, 14, 14}, {0, 1, 0, 0}, target_id=0
@205 = load[offset=0,end=12845056](@1) -> float_type, {64, 256, 14, 14}, {50176, 196, 14, 1}, target_id=0
@206 = gpu::code_object[code_object=7776,symbol_name=mlir_convolution_add_relu,global=200704,local=256,](@204,@191,@203,@205) -> float_type, {64, 256, 14, 14}, {50176, 196, 14, 1}, target_id=0
@207 = load[offset=0,end=0](@1) -> int8_type, {0}, {1}, target_id=0
@208 = load[offset=25690112,end=38535168](@1) -> float_type, {64, 256, 14, 14}, {50176, 196, 14, 1}, target_id=0
@209 = gpu::convolution[op={padding={1, 1, 1, 1},stride={1, 1},dilation={1, 1},group=1,padding_mode=0},solution_object={binary_object: 438},algo=0,solution_id=0](@206,@201,@207,@208) -> float_type, {64, 256, 14, 14}, {50176, 196, 14, 1}, target_id=0
@210 = broadcast[axis=1,out_lens={64, 256, 14, 14}](@200) -> float_type, {64, 256, 14, 14}, {0, 1, 0, 0}, target_id=0
@211 = load[offset=12845056,end=25690112](@1) -> float_type, {64, 256, 14, 14}, {50176, 196, 14, 1}, target_id=0
@212 = gpu::code_object[code_object=5320,symbol_name=add_relu_kernel,global=802816,local=1024,](@209,@210,@211) -> float_type, {64, 256, 14, 14}, {50176, 196, 14, 1}, target_id=0
@213 = broadcast[axis=1,out_lens={64, 1024, 14, 14}](@198) -> float_type, {64, 1024, 14, 14}, {0, 1, 0, 0}, target_id=0
@214 = load[offset=77070336,end=128450560](@1) -> float_type, {64, 1024, 14, 14}, {200704, 196, 14, 1}, target_id=0
@215 = gpu::code_object[code_object=8296,symbol_name=mlir_convolution_add_add_relu,global=802816,local=256,](@213,@191,@212,@199,@214) -> float_type, {64, 1024, 14, 14}, {200704, 196, 14, 1}, target_id=0
@216 = hip::hip_copy_literal[id=main:@literal:35] -> float_type, {256, 256, 3, 3}, {2304, 9, 3, 1}, target_id=0
@217 = hip::hip_copy_literal[id=main:@literal:36] -> float_type, {256}, {1}, target_id=0
@218 = hip::hip_copy_literal[id=main:@literal:37] -> float_type, {256, 1024, 1, 1}, {1024, 1, 1, 1}, target_id=0
@219 = broadcast[axis=1,out_lens={64, 256, 14, 14}](@217) -> float_type, {64, 256, 14, 14}, {0, 1, 0, 0}, target_id=0
@220 = load[offset=25690112,end=38535168](@1) -> float_type, {64, 256, 14, 14}, {50176, 196, 14, 1}, target_id=0
@221 = gpu::code_object[code_object=7776,symbol_name=mlir_convolution_add_relu,global=200704,local=256,](@219,@215,@218,@220) -> float_type, {64, 256, 14, 14}, {50176, 196, 14, 1}, target_id=0
@222 = load[offset=0,end=0](@1) -> int8_type, {0}, {1}, target_id=0
@223 = load[offset=12845056,end=25690112](@1) -> float_type, {64, 256, 14, 14}, {50176, 196, 14, 1}, target_id=0
@224 = gpu::convolution[op={padding={1, 1, 1, 1},stride={1, 1},dilation={1, 1},group=1,padding_mode=0},solution_object={binary_object: 438},algo=0,solution_id=0](@221,@216,@222,@223) -> float_type, {64, 256, 14, 14}, {50176, 196, 14, 1}, target_id=0
@225 = broadcast[axis=1,out_lens={64, 256, 14, 14}](@197) -> float_type, {64, 256, 14, 14}, {0, 1, 0, 0}, target_id=0
@226 = load[offset=0,end=12845056](@1) -> float_type, {64, 256, 14, 14}, {50176, 196, 14, 1}, target_id=0
@227 = gpu::code_object[code_object=5320,symbol_name=add_relu_kernel,global=802816,local=1024,](@224,@225,@226) -> float_type, {64, 256, 14, 14}, {50176, 196, 14, 1}, target_id=0
@228 = broadcast[axis=1,out_lens={64, 1024, 14, 14}](@195) -> float_type, {64, 1024, 14, 14}, {0, 1, 0, 0}, target_id=0
@229 = load[offset=25690112,end=77070336](@1) -> float_type, {64, 1024, 14, 14}, {200704, 196, 14, 1}, target_id=0
@230 = gpu::code_object[code_object=8296,symbol_name=mlir_convolution_add_add_relu,global=802816,local=256,](@228,@215,@227,@196,@229) -> float_type, {64, 1024, 14, 14}, {200704, 196, 14, 1}, target_id=0
@231 = hip::hip_copy_literal[id=main:@literal:29] -> float_type, {256, 256, 3, 3}, {2304, 9, 3, 1}, target_id=0
@232 = hip::hip_copy_literal[id=main:@literal:30] -> float_type, {256}, {1}, target_id=0
@233 = hip::hip_copy_literal[id=main:@literal:31] -> float_type, {256, 1024, 1, 1}, {1024, 1, 1, 1}, target_id=0
@234 = broadcast[axis=1,out_lens={64, 256, 14, 14}](@232) -> float_type, {64, 256, 14, 14}, {0, 1, 0, 0}, target_id=0
@235 = load[offset=12845056,end=25690112](@1) -> float_type, {64, 256, 14, 14}, {50176, 196, 14, 1}, target_id=0
@236 = gpu::code_object[code_object=7776,symbol_name=mlir_convolution_add_relu,global=200704,local=256,](@234,@230,@233,@235) -> float_type, {64, 256, 14, 14}, {50176, 196, 14, 1}, target_id=0
@237 = load[offset=0,end=0](@1) -> int8_type, {0}, {1}, target_id=0
@238 = load[offset=0,end=12845056](@1) -> float_type, {64, 256, 14, 14}, {50176, 196, 14, 1}, target_id=0
@239 = gpu::convolution[op={padding={1, 1, 1, 1},stride={1, 1},dilation={1, 1},group=1,padding_mode=0},solution_object={binary_object: 438},algo=0,solution_id=0](@236,@231,@237,@238) -> float_type, {64, 256, 14, 14}, {50176, 196, 14, 1}, target_id=0
@240 = broadcast[axis=1,out_lens={64, 256, 14, 14}](@194) -> float_type, {64, 256, 14, 14}, {0, 1, 0, 0}, target_id=0
@241 = load[offset=77070336,end=89915392](@1) -> float_type, {64, 256, 14, 14}, {50176, 196, 14, 1}, target_id=0
@242 = gpu::code_object[code_object=5320,symbol_name=add_relu_kernel,global=802816,local=1024,](@239,@240,@241) -> float_type, {64, 256, 14, 14}, {50176, 196, 14, 1}, target_id=0
@243 = broadcast[axis=1,out_lens={64, 1024, 14, 14}](@192) -> float_type, {64, 1024, 14, 14}, {0, 1, 0, 0}, target_id=0
@244 = load[offset=134873088,end=186253312](@1) -> float_type, {64, 1024, 14, 14}, {200704, 196, 14, 1}, target_id=0
@245 = gpu::code_object[code_object=8296,symbol_name=mlir_convolution_add_add_relu,global=802816,local=256,](@243,@230,@242,@193,@244) -> float_type, {64, 1024, 14, 14}, {200704, 196, 14, 1}, target_id=0
@246 = hip::hip_copy_literal[id=main:@literal:23] -> float_type, {512, 512, 3, 3}, {4608, 9, 3, 1}, target_id=0
@247 = hip::hip_copy_literal[id=main:@literal:24] -> float_type, {512}, {1}, target_id=0
@248 = hip::hip_copy_literal[id=main:@literal:25] -> float_type, {512, 1024, 1, 1}, {1024, 1, 1, 1}, target_id=0
@249 = load[offset=0,end=25690112](@1) -> float_type, {64, 512, 14, 14}, {100352, 196, 14, 1}, target_id=0
@250 = broadcast[axis=1,out_lens={64, 512, 14, 14}](@247) -> float_type, {64, 512, 14, 14}, {0, 1, 0, 0}, target_id=0
@251 = gpu::code_object[code_object=7776,symbol_name=mlir_convolution_add_relu,global=401408,local=256,](@250,@245,@248,@249) -> float_type, {64, 512, 14, 14}, {100352, 196, 14, 1}, target_id=0
@252 = load[offset=73662464,end=115212288](@1) -> int8_type, {41549824}, {1}, target_id=0
@253 = load[offset=67239936,end=73662464](@1) -> float_type, {64, 512, 7, 7}, {25088, 49, 7, 1}, target_id=0
@254 = gpu::convolution[op={padding={1, 1, 1, 1},stride={2, 2},dilation={1, 1},group=1,padding_mode=0},solution_object={binary_object: 557},algo=0,solution_id=0](@251,@246,@252,@253) -> float_type, {64, 512, 7, 7}, {25088, 49, 7, 1}, target_id=0
@255 = hip::hip_copy_literal[id=main:@literal:3] -> float_type, {2048, 1536, 1, 1}, {1536, 1, 1, 1}, target_id=0
@256 = hip::hip_copy_literal[id=main:@literal:9] -> float_type, {2048}, {1}, target_id=0
@257 = hip::hip_copy_literal[id=main:@literal:22] -> float_type, {512}, {1}, target_id=0
@258 = step[axes={2, 3},steps={2, 2}](@245) -> float_type, {64, 1024, 7, 7}, {200704, 196, 28, 2}, target_id=0
@259 = broadcast[axis=1,out_lens={64, 512, 7, 7}](@257) -> float_type, {64, 512, 7, 7}, {0, 1, 0, 0}, target_id=0
@260 = load[offset=25690112,end=44957696](@1) -> float_type, {64, 1536, 7, 7}, {75264, 49, 7, 1}, target_id=0
@261 = gpu::code_object[code_object=5872,symbol_name=add_relu_noop_concat_noop_kernel,global=2408448,local=1024,](@254,@259,@258,@260) -> float_type, {64, 1536, 7, 7}, {75264, 49, 7, 1}, target_id=0
@262 = broadcast[axis=1,out_lens={64, 2048, 7, 7}](@256) -> float_type, {64, 2048, 7, 7}, {0, 1, 0, 0}, target_id=0
@263 = load[offset=0,end=25690112](@1) -> float_type, {64, 2048, 7, 7}, {100352, 49, 7, 1}, target_id=0
@264 = gpu::code_object[code_object=15392,symbol_name=mlir_convolution_add_relu,global=102400,local=256,](@262,@261,@255,@263) -> float_type, {64, 2048, 7, 7}, {100352, 49, 7, 1}, target_id=0
@265 = hip::hip_copy_literal[id=main:@literal:19] -> float_type, {512, 512, 3, 3}, {4608, 9, 3, 1}, target_id=0
@266 = hip::hip_copy_literal[id=main:@literal:20] -> float_type, {512}, {1}, target_id=0
@267 = hip::hip_copy_literal[id=main:@literal:21] -> float_type, {512, 2048, 1, 1}, {2048, 1, 1, 1}, target_id=0
@268 = broadcast[axis=1,out_lens={64, 512, 7, 7}](@266) -> float_type, {64, 512, 7, 7}, {0, 1, 0, 0}, target_id=0
@269 = load[offset=54394880,end=60817408](@1) -> float_type, {64, 512, 7, 7}, {25088, 49, 7, 1}, target_id=0
@270 = gpu::code_object[code_object=7072,symbol_name=mlir_convolution_add_relu,global=100352,local=256,](@268,@264,@267,@269) -> float_type, {64, 512, 7, 7}, {25088, 49, 7, 1}, target_id=0
@271 = load[offset=32112640,end=54394880](@1) -> int8_type, {22282240}, {1}, target_id=0
@272 = load[offset=25690112,end=32112640](@1) -> float_type, {64, 512, 7, 7}, {25088, 49, 7, 1}, target_id=0
@273 = gpu::convolution[op={padding={1, 1, 1, 1},stride={1, 1},dilation={1, 1},group=1,padding_mode=0},solution_object={binary_object: 553},algo=0,solution_id=0](@270,@265,@271,@272) -> float_type, {64, 512, 7, 7}, {25088, 49, 7, 1}, target_id=0
@274 = hip::hip_copy_literal[id=main:@literal:16] -> float_type, {2048}, {1}, target_id=0
@275 = hip::hip_copy_literal[id=main:@literal:17] -> float_type, {2048, 512, 1, 1}, {512, 1, 1, 1}, target_id=0
@276 = hip::hip_copy_literal[id=main:@literal:18] -> float_type, {512}, {1}, target_id=0
@277 = broadcast[axis=1,out_lens={64, 512, 7, 7}](@276) -> float_type, {64, 512, 7, 7}, {0, 1, 0, 0}, target_id=0
@278 = load[offset=32112640,end=38535168](@1) -> float_type, {64, 512, 7, 7}, {25088, 49, 7, 1}, target_id=0
@279 = gpu::code_object[code_object=5256,symbol_name=add_relu_kernel,global=1605632,local=1024,](@273,@277,@278) -> float_type, {64, 512, 7, 7}, {25088, 49, 7, 1}, target_id=0
@280 = broadcast[axis=1,out_lens={64, 2048, 7, 7}](@274) -> float_type, {64, 2048, 7, 7}, {0, 1, 0, 0}, target_id=0
@281 = load[offset=89915392,end=115605504](@1) -> float_type, {64, 2048, 7, 7}, {100352, 49, 7, 1}, target_id=0
@282 = gpu::code_object[code_object=14632,symbol_name=mlir_convolution_add_add_relu,global=102400,local=256,](@280,@264,@279,@275,@281) -> float_type, {64, 2048, 7, 7}, {100352, 49, 7, 1}, target_id=0
@283 = hip::hip_copy_literal[id=main:@literal:13] -> float_type, {512, 512, 3, 3}, {4608, 9, 3, 1}, target_id=0
@284 = hip::hip_copy_literal[id=main:@literal:14] -> float_type, {512}, {1}, target_id=0
@285 = hip::hip_copy_literal[id=main:@literal:15] -> float_type, {512, 2048, 1, 1}, {2048, 1, 1, 1}, target_id=0
@286 = broadcast[axis=1,out_lens={64, 512, 7, 7}](@284) -> float_type, {64, 512, 7, 7}, {0, 1, 0, 0}, target_id=0
@287 = load[offset=0,end=6422528](@1) -> float_type, {64, 512, 7, 7}, {25088, 49, 7, 1}, target_id=0
@288 = gpu::code_object[code_object=7072,symbol_name=mlir_convolution_add_relu,global=100352,local=256,](@286,@282,@285,@287) -> float_type, {64, 512, 7, 7}, {25088, 49, 7, 1}, target_id=0
@289 = load[offset=35127296,end=57409536](@1) -> int8_type, {22282240}, {1}, target_id=0
@290 = load[offset=28704768,end=35127296](@1) -> float_type, {64, 512, 7, 7}, {25088, 49, 7, 1}, target_id=0
@291 = gpu::convolution[op={padding={1, 1, 1, 1},stride={1, 1},dilation={1, 1},group=1,padding_mode=0},solution_object={binary_object: 553},algo=0,solution_id=0](@288,@283,@289,@290) -> float_type, {64, 512, 7, 7}, {25088, 49, 7, 1}, target_id=0
@292 = hip::hip_copy_literal[id=main:@literal:0] -> float_type, {64, 1000}, {1000, 1}, target_id=0
@293 = hip::hip_copy_literal[id=main:@literal:1] -> float_type, {2048, 1000}, {1000, 1}, target_id=0
@294 = hip::hip_copy_literal[id=main:@literal:10] -> float_type, {2048}, {1}, target_id=0
@295 = hip::hip_copy_literal[id=main:@literal:11] -> float_type, {2048, 512, 1, 1}, {512, 1, 1, 1}, target_id=0
@296 = hip::hip_copy_literal[id=main:@literal:12] -> float_type, {512}, {1}, target_id=0
@297 = broadcast[axis=1,out_lens={64, 512, 7, 7}](@296) -> float_type, {64, 512, 7, 7}, {0, 1, 0, 0}, target_id=0
@298 = load[offset=35127296,end=41549824](@1) -> float_type, {64, 512, 7, 7}, {25088, 49, 7, 1}, target_id=0
@299 = gpu::code_object[code_object=5256,symbol_name=add_relu_kernel,global=1605632,local=1024,](@291,@297,@298) -> float_type, {64, 512, 7, 7}, {25088, 49, 7, 1}, target_id=0
@300 = load[offset=6422528,end=32112640](@1) -> float_type, {64, 2048, 7, 7}, {100352, 49, 7, 1}, target_id=0
@301 = gpu::code_object[code_object=8584,symbol_name=mlir_convolution,global=102400,local=256,](@299,@295,@300) -> float_type, {64, 2048, 7, 7}, {100352, 49, 7, 1}, target_id=0
@302 = broadcast[axis=1,out_lens={64, 2048, 7, 7}](@294) -> float_type, {64, 2048, 7, 7}, {0, 1, 0, 0}, target_id=0
@303 = load[offset=0,end=524288](@1) -> float_type, {64, 2048, 1, 1}, {2048, 1, 1, 1}, target_id=0
@304 = gpu::code_object[code_object=5488,symbol_name=add_add_relu_mul_reduce_sum_kernel,global=8388608,local=64,](@301,@302,@282,@303) -> float_type, {64, 2048, 1, 1}, {2048, 1, 1, 1}, target_id=0
@305 = flatten[axis=1](@304) -> float_type, {64, 2048}, {2048, 1}, target_id=0
main:#output_0 = @param:main:#output_0 -> float_type, {64, 1000}, {1000, 1}, target_id=0
@307 = gpu::gemm[alpha=1,beta=1,compute_fp32=1,trans_batch=0,solution_idx=0](@305,@293,@292,main:#output_0) -> float_type, {64, 1000}, {1000, 1}, target_id=0
@308 = @return(@307), target_id=0


Allocating params ... 
Running performance report ... 
@0 = check_context::migraphx::gpu::context -> float_type, {}, {}, target_id=0: 0.0009516ms, 1%
@1 = hip::hip_allocate_memory[shape=int8_type, {462422016}, {1},id=main:scratch] -> int8_type, {462422016}, {1}, target_id=0: 0.00084116ms, 1%
@2 = hip::hip_copy_literal[id=main:@literal:98] -> float_type, {64}, {1}, target_id=0: 0.00069404ms, 1%
@3 = hip::hip_copy_literal[id=main:@literal:99] -> float_type, {64, 3, 7, 7}, {147, 49, 7, 1}, target_id=0: 0.0004507ms, 1%
@4 = load[offset=205520896,end=411041792](@1) -> float_type, {64, 64, 112, 112}, {802816, 12544, 112, 1}, target_id=0: 0.00078546ms, 1%
@5 = broadcast[axis=1,out_lens={64, 64, 112, 112}](@2) -> float_type, {64, 64, 112, 112}, {0, 1, 0, 0}, target_id=0: 0.00083718ms, 1%
input.1 = @param:input.1 -> float_type, {64, 3, 224, 224}, {150528, 50176, 224, 1}, target_id=0: 0.00046422ms, 1%
@7 = gpu::code_object[code_object=8928,symbol_name=mlir_convolution_add_relu,global=1605632,local=256,](@5,input.1,@3,@4) -> float_type, {64, 64, 112, 112}, {802816, 12544, 112, 1}, target_id=0: 1.20795ms, 4%
@8 = load[offset=154140672,end=205520896](@1) -> float_type, {64, 64, 56, 56}, {200704, 3136, 56, 1}, target_id=0: 0.00061032ms, 1%
@9 = gpu::pooling[mode=max,padding={1, 1, 1, 1},padding_mode=0,stride={2, 2},lengths={3, 3},dilations={1, 1},ceil_mode=0,lp_order=2,dyn_global=0](@7,@8) -> float_type, {64, 64, 56, 56}, {200704, 3136, 56, 1}, target_id=0: 0.666161ms, 2%
@10 = hip::hip_copy_literal[id=main:@literal:96] -> float_type, {64}, {1}, target_id=0: 0.0008182ms, 1%
@11 = hip::hip_copy_literal[id=main:@literal:97] -> float_type, {64, 64, 1, 1}, {64, 1, 1, 1}, target_id=0: 0.00046154ms, 1%
@12 = broadcast[axis=1,out_lens={64, 64, 56, 56}](@10) -> float_type, {64, 64, 56, 56}, {0, 1, 0, 0}, target_id=0: 0.00099816ms, 1%
@13 = load[offset=0,end=51380224](@1) -> float_type, {64, 64, 56, 56}, {200704, 3136, 56, 1}, target_id=0: 0.0005444ms, 1%
@14 = gpu::code_object[code_object=7456,symbol_name=mlir_convolution_add_relu,global=802816,local=256,](@12,@9,@11,@13) -> float_type, {64, 64, 56, 56}, {200704, 3136, 56, 1}, target_id=0: 0.159059ms, 1%
@15 = hip::hip_copy_literal[id=main:@literal:95] -> float_type, {64, 64, 3, 3}, {576, 9, 3, 1}, target_id=0: 0.0005841ms, 1%
@16 = load[offset=0,end=0](@1) -> int8_type, {0}, {1}, target_id=0: 0.00070512ms, 1%
@17 = load[offset=102760448,end=154140672](@1) -> float_type, {64, 64, 56, 56}, {200704, 3136, 56, 1}, target_id=0: 0.00056928ms, 1%
@18 = gpu::convolution[op={padding={1, 1, 1, 1},stride={1, 1},dilation={1, 1},group=1,padding_mode=0},solution_object={binary_object: 454},algo=0,solution_id=0](@14,@15,@16,@17) -> float_type, {64, 64, 56, 56}, {200704, 3136, 56, 1}, target_id=0: 1.0367ms, 3%
@19 = hip::hip_copy_literal[id=main:@literal:2] -> float_type, {256}, {1}, target_id=0: 0.0006839ms, 1%
@20 = hip::hip_copy_literal[id=main:@literal:94] -> float_type, {64}, {1}, target_id=0: 0.00053562ms, 1%
@21 = broadcast[axis=1,out_lens={64, 64, 56, 56}](@20) -> float_type, {64, 64, 56, 56}, {0, 1, 0, 0}, target_id=0: 0.00079232ms, 1%
@22 = load[offset=0,end=102760448](@1) -> float_type, {64, 128, 56, 56}, {401408, 3136, 56, 1}, target_id=0: 0.00054244ms, 1%
@23 = gpu::code_object[code_object=5616,symbol_name=add_relu_noop_concat_noop_kernel,global=1605632,local=1024,](@18,@21,@9,@22) -> float_type, {64, 128, 56, 56}, {401408, 3136, 56, 1}, target_id=0: 0.242926ms, 1%
@24 = hip::hip_copy_literal[id=main:@literal:4] -> float_type, {256, 128, 1, 1}, {128, 1, 1, 1}, target_id=0: 0.00055104ms, 1%
@25 = broadcast[axis=1,out_lens={64, 256, 56, 56}](@19) -> float_type, {64, 256, 56, 56}, {0, 1, 0, 0}, target_id=0: 0.00093932ms, 1%
@26 = load[offset=205520896,end=411041792](@1) -> float_type, {64, 256, 56, 56}, {802816, 3136, 56, 1}, target_id=0: 0.000552ms, 1%
@27 = gpu::code_object[code_object=8544,symbol_name=mlir_convolution_add_relu,global=3211264,local=256,](@25,@23,@24,@26) -> float_type, {64, 256, 56, 56}, {802816, 3136, 56, 1}, target_id=0: 0.852024ms, 3%
@28 = hip::hip_copy_literal[id=main:@literal:92] -> float_type, {64}, {1}, target_id=0: 0.0005789ms, 1%
@29 = hip::hip_copy_literal[id=main:@literal:93] -> float_type, {64, 256, 1, 1}, {256, 1, 1, 1}, target_id=0: 0.00042206ms, 1%
@30 = broadcast[axis=1,out_lens={64, 64, 56, 56}](@28) -> float_type, {64, 64, 56, 56}, {0, 1, 0, 0}, target_id=0: 0.00074736ms, 1%
@31 = load[offset=51380224,end=102760448](@1) -> float_type, {64, 64, 56, 56}, {200704, 3136, 56, 1}, target_id=0: 0.0004998ms, 1%
@32 = gpu::code_object[code_object=7776,symbol_name=mlir_convolution_add_relu,global=802816,local=256,](@30,@27,@29,@31) -> float_type, {64, 64, 56, 56}, {200704, 3136, 56, 1}, target_id=0: 0.424922ms, 2%
@33 = hip::hip_copy_literal[id=main:@literal:91] -> float_type, {64, 64, 3, 3}, {576, 9, 3, 1}, target_id=0: 0.0005386ms, 1%
@34 = load[offset=0,end=0](@1) -> int8_type, {0}, {1}, target_id=0: 0.00056946ms, 1%
@35 = load[offset=0,end=51380224](@1) -> float_type, {64, 64, 56, 56}, {200704, 3136, 56, 1}, target_id=0: 0.00043836ms, 1%
@36 = gpu::convolution[op={padding={1, 1, 1, 1},stride={1, 1},dilation={1, 1},group=1,padding_mode=0},solution_object={binary_object: 454},algo=0,solution_id=0](@32,@33,@34,@35) -> float_type, {64, 64, 56, 56}, {200704, 3136, 56, 1}, target_id=0: 1.03221ms, 3%
@37 = hip::hip_copy_literal[id=main:@literal:90] -> float_type, {64}, {1}, target_id=0: 0.00064782ms, 1%
@38 = broadcast[axis=1,out_lens={64, 64, 56, 56}](@37) -> float_type, {64, 64, 56, 56}, {0, 1, 0, 0}, target_id=0: 0.00112596ms, 1%
@39 = load[offset=411041792,end=462422016](@1) -> float_type, {64, 64, 56, 56}, {200704, 3136, 56, 1}, target_id=0: 0.00055082ms, 1%
@40 = gpu::code_object[code_object=5320,symbol_name=add_relu_kernel,global=1605632,local=1024,](@36,@38,@39) -> float_type, {64, 64, 56, 56}, {200704, 3136, 56, 1}, target_id=0: 0.133685ms, 1%
@41 = hip::hip_copy_literal[id=main:@literal:88] -> float_type, {256}, {1}, target_id=0: 0.00069014ms, 1%
@42 = hip::hip_copy_literal[id=main:@literal:89] -> float_type, {256, 64, 1, 1}, {64, 1, 1, 1}, target_id=0: 0.00044784ms, 1%
@43 = broadcast[axis=1,out_lens={64, 256, 56, 56}](@41) -> float_type, {64, 256, 56, 56}, {0, 1, 0, 0}, target_id=0: 0.00110422ms, 1%
@44 = load[offset=0,end=205520896](@1) -> float_type, {64, 256, 56, 56}, {802816, 3136, 56, 1}, target_id=0: 0.00049458ms, 1%
@45 = gpu::code_object[code_object=14952,symbol_name=mlir_convolution_add_add_relu,global=802816,local=256,](@43,@27,@40,@42,@44) -> float_type, {64, 256, 56, 56}, {802816, 3136, 56, 1}, target_id=0: 0.649997ms, 2%
@46 = hip::hip_copy_literal[id=main:@literal:86] -> float_type, {64}, {1}, target_id=0: 0.00054044ms, 1%
@47 = hip::hip_copy_literal[id=main:@literal:87] -> float_type, {64, 256, 1, 1}, {256, 1, 1, 1}, target_id=0: 0.00046516ms, 1%
@48 = broadcast[axis=1,out_lens={64, 64, 56, 56}](@46) -> float_type, {64, 64, 56, 56}, {0, 1, 0, 0}, target_id=0: 0.00068996ms, 1%
@49 = load[offset=256901120,end=308281344](@1) -> float_type, {64, 64, 56, 56}, {200704, 3136, 56, 1}, target_id=0: 0.00049072ms, 1%
@50 = gpu::code_object[code_object=7776,symbol_name=mlir_convolution_add_relu,global=802816,local=256,](@48,@45,@47,@49) -> float_type, {64, 64, 56, 56}, {200704, 3136, 56, 1}, target_id=0: 0.431096ms, 2%
@51 = hip::hip_copy_literal[id=main:@literal:85] -> float_type, {64, 64, 3, 3}, {576, 9, 3, 1}, target_id=0: 0.00056706ms, 1%
@52 = load[offset=0,end=0](@1) -> int8_type, {0}, {1}, target_id=0: 0.0005282ms, 1%
@53 = load[offset=205520896,end=256901120](@1) -> float_type, {64, 64, 56, 56}, {200704, 3136, 56, 1}, target_id=0: 0.0004571ms, 1%
@54 = gpu::convolution[op={padding={1, 1, 1, 1},stride={1, 1},dilation={1, 1},group=1,padding_mode=0},solution_object={binary_object: 454},algo=0,solution_id=0](@50,@51,@52,@53) -> float_type, {64, 64, 56, 56}, {200704, 3136, 56, 1}, target_id=0: 1.0389ms, 3%
@55 = hip::hip_copy_literal[id=main:@literal:84] -> float_type, {64}, {1}, target_id=0: 0.00062416ms, 1%
@56 = broadcast[axis=1,out_lens={64, 64, 56, 56}](@55) -> float_type, {64, 64, 56, 56}, {0, 1, 0, 0}, target_id=0: 0.00091218ms, 1%
@57 = load[offset=411041792,end=462422016](@1) -> float_type, {64, 64, 56, 56}, {200704, 3136, 56, 1}, target_id=0: 0.00051558ms, 1%
@58 = gpu::code_object[code_object=5320,symbol_name=add_relu_kernel,global=1605632,local=1024,](@54,@56,@57) -> float_type, {64, 64, 56, 56}, {200704, 3136, 56, 1}, target_id=0: 0.133357ms, 1%
@59 = hip::hip_copy_literal[id=main:@literal:82] -> float_type, {256}, {1}, target_id=0: 0.00064324ms, 1%
@60 = hip::hip_copy_literal[id=main:@literal:83] -> float_type, {256, 64, 1, 1}, {64, 1, 1, 1}, target_id=0: 0.00045938ms, 1%
@61 = load[offset=205520896,end=411041792](@1) -> float_type, {64, 256, 56, 56}, {802816, 3136, 56, 1}, target_id=0: 0.00057448ms, 1%
@62 = broadcast[axis=1,out_lens={64, 256, 56, 56}](@59) -> float_type, {64, 256, 56, 56}, {0, 1, 0, 0}, target_id=0: 0.00072792ms, 1%
@63 = gpu::code_object[code_object=14952,symbol_name=mlir_convolution_add_add_relu,global=802816,local=256,](@62,@45,@58,@60,@61) -> float_type, {64, 256, 56, 56}, {802816, 3136, 56, 1}, target_id=0: 0.651866ms, 2%
@64 = hip::hip_copy_literal[id=main:@literal:80] -> float_type, {128}, {1}, target_id=0: 0.00056196ms, 1%
@65 = hip::hip_copy_literal[id=main:@literal:81] -> float_type, {128, 256, 1, 1}, {256, 1, 1, 1}, target_id=0: 0.00044666ms, 1%
@66 = load[offset=102760448,end=205520896](@1) -> float_type, {64, 128, 56, 56}, {401408, 3136, 56, 1}, target_id=0: 0.0005142ms, 1%
@67 = broadcast[axis=1,out_lens={64, 128, 56, 56}](@64) -> float_type, {64, 128, 56, 56}, {0, 1, 0, 0}, target_id=0: 0.00061854ms, 1%
@68 = gpu::code_object[code_object=7776,symbol_name=mlir_convolution_add_relu,global=1605632,local=256,](@67,@63,@65,@66) -> float_type, {64, 128, 56, 56}, {401408, 3136, 56, 1}, target_id=0: 0.801988ms, 3%
@69 = hip::hip_copy_literal[id=main:@literal:79] -> float_type, {128, 128, 3, 3}, {1152, 9, 3, 1}, target_id=0: 0.00056786ms, 1%
@70 = load[offset=0,end=0](@1) -> int8_type, {0}, {1}, target_id=0: 0.0005408ms, 1%
@71 = load[offset=77070336,end=102760448](@1) -> float_type, {64, 128, 28, 28}, {100352, 784, 28, 1}, target_id=0: 0.00044724ms, 1%
@72 = gpu::convolution[op={padding={1, 1, 1, 1},stride={2, 2},dilation={1, 1},group=1,padding_mode=0},solution_object={binary_object: 458},algo=0,solution_id=0](@68,@69,@70,@71) -> float_type, {64, 128, 28, 28}, {100352, 784, 28, 1}, target_id=0: 1.04108ms, 3%
@73 = hip::hip_copy_literal[id=main:@literal:8] -> float_type, {512, 384, 1, 1}, {384, 1, 1, 1}, target_id=0: 0.00063778ms, 1%
@74 = hip::hip_copy_literal[id=main:@literal:6] -> float_type, {512}, {1}, target_id=0: 0.00048054ms, 1%
@75 = hip::hip_copy_literal[id=main:@literal:78] -> float_type, {128}, {1}, target_id=0: 0.00056152ms, 1%
@76 = load[offset=0,end=77070336](@1) -> float_type, {64, 384, 28, 28}, {301056, 784, 28, 1}, target_id=0: 0.00056444ms, 1%
@77 = step[axes={2, 3},steps={2, 2}](@63) -> float_type, {64, 256, 28, 28}, {802816, 3136, 112, 2}, target_id=0: 0.00130096ms, 1%
@78 = broadcast[axis=1,out_lens={64, 128, 28, 28}](@75) -> float_type, {64, 128, 28, 28}, {0, 1, 0, 0}, target_id=0: 0.00070206ms, 1%
@79 = gpu::code_object[code_object=5808,symbol_name=add_relu_noop_concat_noop_kernel,global=9633792,local=1024,](@72,@78,@77,@76) -> float_type, {64, 384, 28, 28}, {301056, 784, 28, 1}, target_id=0: 0.261471ms, 1%
@80 = broadcast[axis=1,out_lens={64, 512, 28, 28}](@74) -> float_type, {64, 512, 28, 28}, {0, 1, 0, 0}, target_id=0: 0.00077422ms, 1%
@81 = load[offset=154140672,end=256901120](@1) -> float_type, {64, 512, 28, 28}, {401408, 784, 28, 1}, target_id=0: 0.00050096ms, 1%
@82 = gpu::code_object[code_object=7136,symbol_name=mlir_convolution_add_relu,global=1605632,local=256,](@80,@79,@73,@81) -> float_type, {64, 512, 28, 28}, {401408, 784, 28, 1}, target_id=0: 1.17609ms, 4%
@83 = hip::hip_copy_literal[id=main:@literal:76] -> float_type, {128}, {1}, target_id=0: 0.00061428ms, 1%
@84 = hip::hip_copy_literal[id=main:@literal:77] -> float_type, {128, 512, 1, 1}, {512, 1, 1, 1}, target_id=0: 0.0004549ms, 1%
@85 = broadcast[axis=1,out_lens={64, 128, 28, 28}](@83) -> float_type, {64, 128, 28, 28}, {0, 1, 0, 0}, target_id=0: 0.00106734ms, 1%
@86 = load[offset=51380224,end=77070336](@1) -> float_type, {64, 128, 28, 28}, {100352, 784, 28, 1}, target_id=0: 0.00050474ms, 1%
@87 = gpu::code_object[code_object=7136,symbol_name=mlir_convolution_add_relu,global=401408,local=256,](@85,@82,@84,@86) -> float_type, {64, 128, 28, 28}, {100352, 784, 28, 1}, target_id=0: 0.43508ms, 2%
@88 = hip::hip_copy_literal[id=main:@literal:75] -> float_type, {128, 128, 3, 3}, {1152, 9, 3, 1}, target_id=0: 0.00059232ms, 1%
@89 = load[offset=0,end=0](@1) -> int8_type, {0}, {1}, target_id=0: 0.000535ms, 1%
@90 = load[offset=25690112,end=51380224](@1) -> float_type, {64, 128, 28, 28}, {100352, 784, 28, 1}, target_id=0: 0.00056442ms, 1%
@91 = gpu::convolution[op={padding={1, 1, 1, 1},stride={1, 1},dilation={1, 1},group=1,padding_mode=0},solution_object={binary_object: 457},algo=0,solution_id=0](@87,@88,@89,@90) -> float_type, {64, 128, 28, 28}, {100352, 784, 28, 1}, target_id=0: 0.969457ms, 3%
@92 = hip::hip_copy_literal[id=main:@literal:74] -> float_type, {128}, {1}, target_id=0: 0.00062886ms, 1%
@93 = load[offset=0,end=25690112](@1) -> float_type, {64, 128, 28, 28}, {100352, 784, 28, 1}, target_id=0: 0.00056308ms, 1%
@94 = broadcast[axis=1,out_lens={64, 128, 28, 28}](@92) -> float_type, {64, 128, 28, 28}, {0, 1, 0, 0}, target_id=0: 0.00087076ms, 1%
@95 = gpu::code_object[code_object=5320,symbol_name=add_relu_kernel,global=802816,local=1024,](@91,@94,@93) -> float_type, {64, 128, 28, 28}, {100352, 784, 28, 1}, target_id=0: 0.0821433ms, 1%
@96 = hip::hip_copy_literal[id=main:@literal:72] -> float_type, {512}, {1}, target_id=0: 0.00080212ms, 1%
@97 = hip::hip_copy_literal[id=main:@literal:73] -> float_type, {512, 128, 1, 1}, {128, 1, 1, 1}, target_id=0: 0.00044622ms, 1%
@98 = load[offset=51380224,end=154140672](@1) -> float_type, {64, 512, 28, 28}, {401408, 784, 28, 1}, target_id=0: 0.00058366ms, 1%
@99 = broadcast[axis=1,out_lens={64, 512, 28, 28}](@96) -> float_type, {64, 512, 28, 28}, {0, 1, 0, 0}, target_id=0: 0.0008483ms, 1%
@100 = gpu::code_object[code_object=9064,symbol_name=mlir_convolution_add_add_relu,global=1605632,local=256,](@99,@82,@95,@97,@98) -> float_type, {64, 512, 28, 28}, {401408, 784, 28, 1}, target_id=0: 0.511143ms, 2%
@101 = hip::hip_copy_literal[id=main:@literal:70] -> float_type, {128}, {1}, target_id=0: 0.00055528ms, 1%
@102 = hip::hip_copy_literal[id=main:@literal:71] -> float_type, {128, 512, 1, 1}, {512, 1, 1, 1}, target_id=0: 0.000428ms, 1%
@103 = load[offset=25690112,end=51380224](@1) -> float_type, {64, 128, 28, 28}, {100352, 784, 28, 1}, target_id=0: 0.000517ms, 1%
@104 = broadcast[axis=1,out_lens={64, 128, 28, 28}](@101) -> float_type, {64, 128, 28, 28}, {0, 1, 0, 0}, target_id=0: 0.0006484ms, 1%
@105 = gpu::code_object[code_object=7136,symbol_name=mlir_convolution_add_relu,global=401408,local=256,](@104,@100,@102,@103) -> float_type, {64, 128, 28, 28}, {100352, 784, 28, 1}, target_id=0: 0.439569ms, 2%
@106 = hip::hip_copy_literal[id=main:@literal:69] -> float_type, {128, 128, 3, 3}, {1152, 9, 3, 1}, target_id=0: 0.0005695ms, 1%
@107 = load[offset=0,end=0](@1) -> int8_type, {0}, {1}, target_id=0: 0.00053422ms, 1%
@108 = load[offset=0,end=25690112](@1) -> float_type, {64, 128, 28, 28}, {100352, 784, 28, 1}, target_id=0: 0.00043566ms, 1%
@109 = gpu::convolution[op={padding={1, 1, 1, 1},stride={1, 1},dilation={1, 1},group=1,padding_mode=0},solution_object={binary_object: 457},algo=0,solution_id=0](@105,@106,@107,@108) -> float_type, {64, 128, 28, 28}, {100352, 784, 28, 1}, target_id=0: 0.969145ms, 3%
@110 = hip::hip_copy_literal[id=main:@literal:68] -> float_type, {128}, {1}, target_id=0: 0.00060346ms, 1%
@111 = load[offset=154140672,end=179830784](@1) -> float_type, {64, 128, 28, 28}, {100352, 784, 28, 1}, target_id=0: 0.00058406ms, 1%
@112 = broadcast[axis=1,out_lens={64, 128, 28, 28}](@110) -> float_type, {64, 128, 28, 28}, {0, 1, 0, 0}, target_id=0: 0.00097294ms, 1%
@113 = gpu::code_object[code_object=5320,symbol_name=add_relu_kernel,global=802816,local=1024,](@109,@112,@111) -> float_type, {64, 128, 28, 28}, {100352, 784, 28, 1}, target_id=0: 0.0815848ms, 1%
@114 = hip::hip_copy_literal[id=main:@literal:66] -> float_type, {512}, {1}, target_id=0: 0.0007831ms, 1%
@115 = hip::hip_copy_literal[id=main:@literal:67] -> float_type, {512, 128, 1, 1}, {128, 1, 1, 1}, target_id=0: 0.000512ms, 1%
@116 = broadcast[axis=1,out_lens={64, 512, 28, 28}](@114) -> float_type, {64, 512, 28, 28}, {0, 1, 0, 0}, target_id=0: 0.00113918ms, 1%
@117 = load[offset=192675840,end=295436288](@1) -> float_type, {64, 512, 28, 28}, {401408, 784, 28, 1}, target_id=0: 0.00050616ms, 1%
@118 = gpu::code_object[code_object=9064,symbol_name=mlir_convolution_add_add_relu,global=1605632,local=256,](@116,@100,@113,@115,@117) -> float_type, {64, 512, 28, 28}, {401408, 784, 28, 1}, target_id=0: 0.512597ms, 2%
@119 = hip::hip_copy_literal[id=main:@literal:64] -> float_type, {128}, {1}, target_id=0: 0.00057846ms, 1%
@120 = hip::hip_copy_literal[id=main:@literal:65] -> float_type, {128, 512, 1, 1}, {512, 1, 1, 1}, target_id=0: 0.00041372ms, 1%
@121 = load[offset=0,end=25690112](@1) -> float_type, {64, 128, 28, 28}, {100352, 784, 28, 1}, target_id=0: 0.00050898ms, 1%
@122 = broadcast[axis=1,out_lens={64, 128, 28, 28}](@119) -> float_type, {64, 128, 28, 28}, {0, 1, 0, 0}, target_id=0: 0.00062184ms, 1%
@123 = gpu::code_object[code_object=7136,symbol_name=mlir_convolution_add_relu,global=401408,local=256,](@122,@118,@120,@121) -> float_type, {64, 128, 28, 28}, {100352, 784, 28, 1}, target_id=0: 0.437166ms, 2%
@124 = hip::hip_copy_literal[id=main:@literal:63] -> float_type, {128, 128, 3, 3}, {1152, 9, 3, 1}, target_id=0: 0.00059812ms, 1%
@125 = load[offset=0,end=0](@1) -> int8_type, {0}, {1}, target_id=0: 0.00053004ms, 1%
@126 = load[offset=51380224,end=77070336](@1) -> float_type, {64, 128, 28, 28}, {100352, 784, 28, 1}, target_id=0: 0.00047006ms, 1%
@127 = gpu::convolution[op={padding={1, 1, 1, 1},stride={1, 1},dilation={1, 1},group=1,padding_mode=0},solution_object={binary_object: 457},algo=0,solution_id=0](@123,@124,@125,@126) -> float_type, {64, 128, 28, 28}, {100352, 784, 28, 1}, target_id=0: 0.969353ms, 3%
@128 = hip::hip_copy_literal[id=main:@literal:62] -> float_type, {128}, {1}, target_id=0: 0.00059092ms, 1%
@129 = broadcast[axis=1,out_lens={64, 128, 28, 28}](@128) -> float_type, {64, 128, 28, 28}, {0, 1, 0, 0}, target_id=0: 0.0010984ms, 1%
@130 = load[offset=25690112,end=51380224](@1) -> float_type, {64, 128, 28, 28}, {100352, 784, 28, 1}, target_id=0: 0.0005144ms, 1%
@131 = gpu::code_object[code_object=5320,symbol_name=add_relu_kernel,global=802816,local=1024,](@127,@129,@130) -> float_type, {64, 128, 28, 28}, {100352, 784, 28, 1}, target_id=0: 0.0814312ms, 1%
@132 = hip::hip_copy_literal[id=main:@literal:60] -> float_type, {512}, {1}, target_id=0: 0.00060026ms, 1%
@133 = hip::hip_copy_literal[id=main:@literal:61] -> float_type, {512, 128, 1, 1}, {128, 1, 1, 1}, target_id=0: 0.00043186ms, 1%
@134 = broadcast[axis=1,out_lens={64, 512, 28, 28}](@132) -> float_type, {64, 512, 28, 28}, {0, 1, 0, 0}, target_id=0: 0.00114814ms, 1%
@135 = load[offset=51380224,end=154140672](@1) -> float_type, {64, 512, 28, 28}, {401408, 784, 28, 1}, target_id=0: 0.00049218ms, 1%
@136 = gpu::code_object[code_object=9064,symbol_name=mlir_convolution_add_add_relu,global=1605632,local=256,](@134,@118,@131,@133,@135) -> float_type, {64, 512, 28, 28}, {401408, 784, 28, 1}, target_id=0: 0.511254ms, 2%
@137 = hip::hip_copy_literal[id=main:@literal:58] -> float_type, {256}, {1}, target_id=0: 0.00055508ms, 1%
@138 = hip::hip_copy_literal[id=main:@literal:59] -> float_type, {256, 512, 1, 1}, {512, 1, 1, 1}, target_id=0: 0.00040726ms, 1%
@139 = load[offset=166985728,end=218365952](@1) -> float_type, {64, 256, 28, 28}, {200704, 784, 28, 1}, target_id=0: 0.000528ms, 1%
@140 = broadcast[axis=1,out_lens={64, 256, 28, 28}](@137) -> float_type, {64, 256, 28, 28}, {0, 1, 0, 0}, target_id=0: 0.0006566ms, 1%
@141 = gpu::code_object[code_object=7136,symbol_name=mlir_convolution_add_relu,global=802816,local=256,](@140,@136,@138,@139) -> float_type, {64, 256, 28, 28}, {200704, 784, 28, 1}, target_id=0: 0.802321ms, 3%
@142 = hip::hip_copy_literal[id=main:@literal:57] -> float_type, {256, 256, 3, 3}, {2304, 9, 3, 1}, target_id=0: 0.00054882ms, 1%
@143 = load[offset=0,end=0](@1) -> int8_type, {0}, {1}, target_id=0: 0.00053078ms, 1%
@144 = load[offset=154140672,end=166985728](@1) -> float_type, {64, 256, 14, 14}, {50176, 196, 14, 1}, target_id=0: 0.00043744ms, 1%
@145 = gpu::convolution[op={padding={1, 1, 1, 1},stride={2, 2},dilation={1, 1},group=1,padding_mode=0},solution_object={binary_object: 459},algo=0,solution_id=0](@141,@142,@143,@144) -> float_type, {64, 256, 14, 14}, {50176, 196, 14, 1}, target_id=0: 1.05942ms, 3%
@146 = hip::hip_copy_literal[id=main:@literal:7] -> float_type, {1024, 768, 1, 1}, {768, 1, 1, 1}, target_id=0: 0.00060758ms, 1%
@147 = hip::hip_copy_literal[id=main:@literal:5] -> float_type, {1024}, {1}, target_id=0: 0.00040184ms, 1%
@148 = hip::hip_copy_literal[id=main:@literal:56] -> float_type, {256}, {1}, target_id=0: 0.00056632ms, 1%
@149 = broadcast[axis=1,out_lens={64, 256, 14, 14}](@148) -> float_type, {64, 256, 14, 14}, {0, 1, 0, 0}, target_id=0: 0.00105778ms, 1%
@150 = load[offset=0,end=38535168](@1) -> float_type, {64, 768, 14, 14}, {150528, 196, 14, 1}, target_id=0: 0.00052998ms, 1%
@151 = step[axes={2, 3},steps={2, 2}](@136) -> float_type, {64, 512, 14, 14}, {401408, 784, 56, 2}, target_id=0: 0.00090696ms, 1%
@152 = gpu::code_object[code_object=5872,symbol_name=add_relu_noop_concat_noop_kernel,global=4816896,local=1024,](@145,@149,@151,@150) -> float_type, {64, 768, 14, 14}, {150528, 196, 14, 1}, target_id=0: 0.144681ms, 1%
@153 = broadcast[axis=1,out_lens={64, 1024, 14, 14}](@147) -> float_type, {64, 1024, 14, 14}, {0, 1, 0, 0}, target_id=0: 0.0018658ms, 1%
@154 = load[offset=77070336,end=128450560](@1) -> float_type, {64, 1024, 14, 14}, {200704, 196, 14, 1}, target_id=0: 0.00052622ms, 1%
@155 = gpu::code_object[code_object=7328,symbol_name=mlir_convolution_add_relu,global=802816,local=256,](@153,@152,@146,@154) -> float_type, {64, 1024, 14, 14}, {200704, 196, 14, 1}, target_id=0: 1.2002ms, 4%
@156 = hip::hip_copy_literal[id=main:@literal:53] -> float_type, {256, 256, 3, 3}, {2304, 9, 3, 1}, target_id=0: 0.00077914ms, 1%
@157 = hip::hip_copy_literal[id=main:@literal:54] -> float_type, {256}, {1}, target_id=0: 0.00042478ms, 1%
@158 = hip::hip_copy_literal[id=main:@literal:55] -> float_type, {256, 1024, 1, 1}, {1024, 1, 1, 1}, target_id=0: 0.00049158ms, 1%
@159 = load[offset=25690112,end=38535168](@1) -> float_type, {64, 256, 14, 14}, {50176, 196, 14, 1}, target_id=0: 0.00053864ms, 1%
@160 = broadcast[axis=1,out_lens={64, 256, 14, 14}](@157) -> float_type, {64, 256, 14, 14}, {0, 1, 0, 0}, target_id=0: 0.00071332ms, 1%
@161 = gpu::code_object[code_object=7776,symbol_name=mlir_convolution_add_relu,global=200704,local=256,](@160,@155,@158,@159) -> float_type, {64, 256, 14, 14}, {50176, 196, 14, 1}, target_id=0: 0.446398ms, 2%
@162 = load[offset=0,end=0](@1) -> int8_type, {0}, {1}, target_id=0: 0.00064646ms, 1%
@163 = load[offset=12845056,end=25690112](@1) -> float_type, {64, 256, 14, 14}, {50176, 196, 14, 1}, target_id=0: 0.00046024ms, 1%
@164 = gpu::convolution[op={padding={1, 1, 1, 1},stride={1, 1},dilation={1, 1},group=1,padding_mode=0},solution_object={binary_object: 438},algo=0,solution_id=0](@161,@156,@162,@163) -> float_type, {64, 256, 14, 14}, {50176, 196, 14, 1}, target_id=0: 0.977066ms, 3%
@165 = hip::hip_copy_literal[id=main:@literal:50] -> float_type, {1024}, {1}, target_id=0: 0.00065604ms, 1%
@166 = hip::hip_copy_literal[id=main:@literal:51] -> float_type, {1024, 256, 1, 1}, {256, 1, 1, 1}, target_id=0: 0.00055088ms, 1%
@167 = hip::hip_copy_literal[id=main:@literal:52] -> float_type, {256}, {1}, target_id=0: 0.0004459ms, 1%
@168 = load[offset=0,end=12845056](@1) -> float_type, {64, 256, 14, 14}, {50176, 196, 14, 1}, target_id=0: 0.00057242ms, 1%
@169 = broadcast[axis=1,out_lens={64, 256, 14, 14}](@167) -> float_type, {64, 256, 14, 14}, {0, 1, 0, 0}, target_id=0: 0.00103034ms, 1%
@170 = gpu::code_object[code_object=5320,symbol_name=add_relu_kernel,global=802816,local=1024,](@164,@169,@168) -> float_type, {64, 256, 14, 14}, {50176, 196, 14, 1}, target_id=0: 0.0459914ms, 1%
@171 = broadcast[axis=1,out_lens={64, 1024, 14, 14}](@165) -> float_type, {64, 1024, 14, 14}, {0, 1, 0, 0}, target_id=0: 0.0012458ms, 1%
@172 = load[offset=25690112,end=77070336](@1) -> float_type, {64, 1024, 14, 14}, {200704, 196, 14, 1}, target_id=0: 0.00062538ms, 1%
@173 = gpu::code_object[code_object=8296,symbol_name=mlir_convolution_add_add_relu,global=802816,local=256,](@171,@155,@170,@166,@172) -> float_type, {64, 1024, 14, 14}, {200704, 196, 14, 1}, target_id=0: 0.485523ms, 2%
@174 = hip::hip_copy_literal[id=main:@literal:47] -> float_type, {256, 256, 3, 3}, {2304, 9, 3, 1}, target_id=0: 0.00057804ms, 1%
@175 = hip::hip_copy_literal[id=main:@literal:48] -> float_type, {256}, {1}, target_id=0: 0.00042194ms, 1%
@176 = hip::hip_copy_literal[id=main:@literal:49] -> float_type, {256, 1024, 1, 1}, {1024, 1, 1, 1}, target_id=0: 0.0004729ms, 1%
@177 = load[offset=12845056,end=25690112](@1) -> float_type, {64, 256, 14, 14}, {50176, 196, 14, 1}, target_id=0: 0.00052176ms, 1%
@178 = broadcast[axis=1,out_lens={64, 256, 14, 14}](@175) -> float_type, {64, 256, 14, 14}, {0, 1, 0, 0}, target_id=0: 0.00062104ms, 1%
@179 = gpu::code_object[code_object=7776,symbol_name=mlir_convolution_add_relu,global=200704,local=256,](@178,@173,@176,@177) -> float_type, {64, 256, 14, 14}, {50176, 196, 14, 1}, target_id=0: 0.448036ms, 2%
@180 = load[offset=0,end=0](@1) -> int8_type, {0}, {1}, target_id=0: 0.00064284ms, 1%
@181 = load[offset=0,end=12845056](@1) -> float_type, {64, 256, 14, 14}, {50176, 196, 14, 1}, target_id=0: 0.00044788ms, 1%
@182 = gpu::convolution[op={padding={1, 1, 1, 1},stride={1, 1},dilation={1, 1},group=1,padding_mode=0},solution_object={binary_object: 438},algo=0,solution_id=0](@179,@174,@180,@181) -> float_type, {64, 256, 14, 14}, {50176, 196, 14, 1}, target_id=0: 0.954343ms, 3%
@183 = hip::hip_copy_literal[id=main:@literal:44] -> float_type, {1024}, {1}, target_id=0: 0.0006484ms, 1%
@184 = hip::hip_copy_literal[id=main:@literal:45] -> float_type, {1024, 256, 1, 1}, {256, 1, 1, 1}, target_id=0: 0.00050278ms, 1%
@185 = hip::hip_copy_literal[id=main:@literal:46] -> float_type, {256}, {1}, target_id=0: 0.00042942ms, 1%
@186 = broadcast[axis=1,out_lens={64, 256, 14, 14}](@185) -> float_type, {64, 256, 14, 14}, {0, 1, 0, 0}, target_id=0: 0.0009823ms, 1%
@187 = load[offset=77070336,end=89915392](@1) -> float_type, {64, 256, 14, 14}, {50176, 196, 14, 1}, target_id=0: 0.000528ms, 1%
@188 = gpu::code_object[code_object=5320,symbol_name=add_relu_kernel,global=802816,local=1024,](@182,@186,@187) -> float_type, {64, 256, 14, 14}, {50176, 196, 14, 1}, target_id=0: 0.0462268ms, 1%
@189 = broadcast[axis=1,out_lens={64, 1024, 14, 14}](@183) -> float_type, {64, 1024, 14, 14}, {0, 1, 0, 0}, target_id=0: 0.00117778ms, 1%
@190 = load[offset=128450560,end=179830784](@1) -> float_type, {64, 1024, 14, 14}, {200704, 196, 14, 1}, target_id=0: 0.00057948ms, 1%
@191 = gpu::code_object[code_object=8296,symbol_name=mlir_convolution_add_add_relu,global=802816,local=256,](@189,@173,@188,@184,@190) -> float_type, {64, 1024, 14, 14}, {200704, 196, 14, 1}, target_id=0: 0.48697ms, 2%
@192 = hip::hip_copy_literal[id=main:@literal:26] -> float_type, {1024}, {1}, target_id=0: 0.00056894ms, 1%
@193 = hip::hip_copy_literal[id=main:@literal:27] -> float_type, {1024, 256, 1, 1}, {256, 1, 1, 1}, target_id=0: 0.00042708ms, 1%
@194 = hip::hip_copy_literal[id=main:@literal:28] -> float_type, {256}, {1}, target_id=0: 0.00045492ms, 1%
@195 = hip::hip_copy_literal[id=main:@literal:32] -> float_type, {1024}, {1}, target_id=0: 0.00042142ms, 1%
@196 = hip::hip_copy_literal[id=main:@literal:33] -> float_type, {1024, 256, 1, 1}, {256, 1, 1, 1}, target_id=0: 0.00045388ms, 1%
@197 = hip::hip_copy_literal[id=main:@literal:34] -> float_type, {256}, {1}, target_id=0: 0.00043198ms, 1%
@198 = hip::hip_copy_literal[id=main:@literal:38] -> float_type, {1024}, {1}, target_id=0: 0.0004932ms, 1%
@199 = hip::hip_copy_literal[id=main:@literal:39] -> float_type, {1024, 256, 1, 1}, {256, 1, 1, 1}, target_id=0: 0.00047352ms, 1%
@200 = hip::hip_copy_literal[id=main:@literal:40] -> float_type, {256}, {1}, target_id=0: 0.00044474ms, 1%
@201 = hip::hip_copy_literal[id=main:@literal:41] -> float_type, {256, 256, 3, 3}, {2304, 9, 3, 1}, target_id=0: 0.00044308ms, 1%
@202 = hip::hip_copy_literal[id=main:@literal:42] -> float_type, {256}, {1}, target_id=0: 0.0004463ms, 1%
@203 = hip::hip_copy_literal[id=main:@literal:43] -> float_type, {256, 1024, 1, 1}, {1024, 1, 1, 1}, target_id=0: 0.00042284ms, 1%
@204 = broadcast[axis=1,out_lens={64, 256, 14, 14}](@202) -> float_type, {64, 256, 14, 14}, {0, 1, 0, 0}, target_id=0: 0.00069614ms, 1%
@205 = load[offset=0,end=12845056](@1) -> float_type, {64, 256, 14, 14}, {50176, 196, 14, 1}, target_id=0: 0.0004966ms, 1%
@206 = gpu::code_object[code_object=7776,symbol_name=mlir_convolution_add_relu,global=200704,local=256,](@204,@191,@203,@205) -> float_type, {64, 256, 14, 14}, {50176, 196, 14, 1}, target_id=0: 0.448899ms, 2%
@207 = load[offset=0,end=0](@1) -> int8_type, {0}, {1}, target_id=0: 0.00062642ms, 1%
@208 = load[offset=25690112,end=38535168](@1) -> float_type, {64, 256, 14, 14}, {50176, 196, 14, 1}, target_id=0: 0.00044404ms, 1%
@209 = gpu::convolution[op={padding={1, 1, 1, 1},stride={1, 1},dilation={1, 1},group=1,padding_mode=0},solution_object={binary_object: 438},algo=0,solution_id=0](@206,@201,@207,@208) -> float_type, {64, 256, 14, 14}, {50176, 196, 14, 1}, target_id=0: 0.960145ms, 3%
@210 = broadcast[axis=1,out_lens={64, 256, 14, 14}](@200) -> float_type, {64, 256, 14, 14}, {0, 1, 0, 0}, target_id=0: 0.00111868ms, 1%
@211 = load[offset=12845056,end=25690112](@1) -> float_type, {64, 256, 14, 14}, {50176, 196, 14, 1}, target_id=0: 0.0005236ms, 1%
@212 = gpu::code_object[code_object=5320,symbol_name=add_relu_kernel,global=802816,local=1024,](@209,@210,@211) -> float_type, {64, 256, 14, 14}, {50176, 196, 14, 1}, target_id=0: 0.0463587ms, 1%
@213 = broadcast[axis=1,out_lens={64, 1024, 14, 14}](@198) -> float_type, {64, 1024, 14, 14}, {0, 1, 0, 0}, target_id=0: 0.00117474ms, 1%
@214 = load[offset=77070336,end=128450560](@1) -> float_type, {64, 1024, 14, 14}, {200704, 196, 14, 1}, target_id=0: 0.0005476ms, 1%
@215 = gpu::code_object[code_object=8296,symbol_name=mlir_convolution_add_add_relu,global=802816,local=256,](@213,@191,@212,@199,@214) -> float_type, {64, 1024, 14, 14}, {200704, 196, 14, 1}, target_id=0: 0.48599ms, 2%
@216 = hip::hip_copy_literal[id=main:@literal:35] -> float_type, {256, 256, 3, 3}, {2304, 9, 3, 1}, target_id=0: 0.00068768ms, 1%
@217 = hip::hip_copy_literal[id=main:@literal:36] -> float_type, {256}, {1}, target_id=0: 0.00057868ms, 1%
@218 = hip::hip_copy_literal[id=main:@literal:37] -> float_type, {256, 1024, 1, 1}, {1024, 1, 1, 1}, target_id=0: 0.00047986ms, 1%
@219 = broadcast[axis=1,out_lens={64, 256, 14, 14}](@217) -> float_type, {64, 256, 14, 14}, {0, 1, 0, 0}, target_id=0: 0.00061916ms, 1%
@220 = load[offset=25690112,end=38535168](@1) -> float_type, {64, 256, 14, 14}, {50176, 196, 14, 1}, target_id=0: 0.00049836ms, 1%
@221 = gpu::code_object[code_object=7776,symbol_name=mlir_convolution_add_relu,global=200704,local=256,](@219,@215,@218,@220) -> float_type, {64, 256, 14, 14}, {50176, 196, 14, 1}, target_id=0: 0.449425ms, 2%
@222 = load[offset=0,end=0](@1) -> int8_type, {0}, {1}, target_id=0: 0.00060858ms, 1%
@223 = load[offset=12845056,end=25690112](@1) -> float_type, {64, 256, 14, 14}, {50176, 196, 14, 1}, target_id=0: 0.00045046ms, 1%
@224 = gpu::convolution[op={padding={1, 1, 1, 1},stride={1, 1},dilation={1, 1},group=1,padding_mode=0},solution_object={binary_object: 438},algo=0,solution_id=0](@221,@216,@222,@223) -> float_type, {64, 256, 14, 14}, {50176, 196, 14, 1}, target_id=0: 0.959893ms, 3%
@225 = broadcast[axis=1,out_lens={64, 256, 14, 14}](@197) -> float_type, {64, 256, 14, 14}, {0, 1, 0, 0}, target_id=0: 0.00115074ms, 1%
@226 = load[offset=0,end=12845056](@1) -> float_type, {64, 256, 14, 14}, {50176, 196, 14, 1}, target_id=0: 0.00051136ms, 1%
@227 = gpu::code_object[code_object=5320,symbol_name=add_relu_kernel,global=802816,local=1024,](@224,@225,@226) -> float_type, {64, 256, 14, 14}, {50176, 196, 14, 1}, target_id=0: 0.046164ms, 1%
@228 = broadcast[axis=1,out_lens={64, 1024, 14, 14}](@195) -> float_type, {64, 1024, 14, 14}, {0, 1, 0, 0}, target_id=0: 0.00118362ms, 1%
@229 = load[offset=25690112,end=77070336](@1) -> float_type, {64, 1024, 14, 14}, {200704, 196, 14, 1}, target_id=0: 0.00051474ms, 1%
@230 = gpu::code_object[code_object=8296,symbol_name=mlir_convolution_add_add_relu,global=802816,local=256,](@228,@215,@227,@196,@229) -> float_type, {64, 1024, 14, 14}, {200704, 196, 14, 1}, target_id=0: 0.484003ms, 2%
@231 = hip::hip_copy_literal[id=main:@literal:29] -> float_type, {256, 256, 3, 3}, {2304, 9, 3, 1}, target_id=0: 0.0006896ms, 1%
@232 = hip::hip_copy_literal[id=main:@literal:30] -> float_type, {256}, {1}, target_id=0: 0.00045452ms, 1%
@233 = hip::hip_copy_literal[id=main:@literal:31] -> float_type, {256, 1024, 1, 1}, {1024, 1, 1, 1}, target_id=0: 0.00046928ms, 1%
@234 = broadcast[axis=1,out_lens={64, 256, 14, 14}](@232) -> float_type, {64, 256, 14, 14}, {0, 1, 0, 0}, target_id=0: 0.00064184ms, 1%
@235 = load[offset=12845056,end=25690112](@1) -> float_type, {64, 256, 14, 14}, {50176, 196, 14, 1}, target_id=0: 0.00049468ms, 1%
@236 = gpu::code_object[code_object=7776,symbol_name=mlir_convolution_add_relu,global=200704,local=256,](@234,@230,@233,@235) -> float_type, {64, 256, 14, 14}, {50176, 196, 14, 1}, target_id=0: 0.448807ms, 2%
@237 = load[offset=0,end=0](@1) -> int8_type, {0}, {1}, target_id=0: 0.00060026ms, 1%
@238 = load[offset=0,end=12845056](@1) -> float_type, {64, 256, 14, 14}, {50176, 196, 14, 1}, target_id=0: 0.00045874ms, 1%
@239 = gpu::convolution[op={padding={1, 1, 1, 1},stride={1, 1},dilation={1, 1},group=1,padding_mode=0},solution_object={binary_object: 438},algo=0,solution_id=0](@236,@231,@237,@238) -> float_type, {64, 256, 14, 14}, {50176, 196, 14, 1}, target_id=0: 0.960571ms, 3%
@240 = broadcast[axis=1,out_lens={64, 256, 14, 14}](@194) -> float_type, {64, 256, 14, 14}, {0, 1, 0, 0}, target_id=0: 0.00115448ms, 1%
@241 = load[offset=77070336,end=89915392](@1) -> float_type, {64, 256, 14, 14}, {50176, 196, 14, 1}, target_id=0: 0.0005226ms, 1%
@242 = gpu::code_object[code_object=5320,symbol_name=add_relu_kernel,global=802816,local=1024,](@239,@240,@241) -> float_type, {64, 256, 14, 14}, {50176, 196, 14, 1}, target_id=0: 0.0464231ms, 1%
@243 = broadcast[axis=1,out_lens={64, 1024, 14, 14}](@192) -> float_type, {64, 1024, 14, 14}, {0, 1, 0, 0}, target_id=0: 0.00125576ms, 1%
@244 = load[offset=134873088,end=186253312](@1) -> float_type, {64, 1024, 14, 14}, {200704, 196, 14, 1}, target_id=0: 0.00051856ms, 1%
@245 = gpu::code_object[code_object=8296,symbol_name=mlir_convolution_add_add_relu,global=802816,local=256,](@243,@230,@242,@193,@244) -> float_type, {64, 1024, 14, 14}, {200704, 196, 14, 1}, target_id=0: 0.483573ms, 2%
@246 = hip::hip_copy_literal[id=main:@literal:23] -> float_type, {512, 512, 3, 3}, {4608, 9, 3, 1}, target_id=0: 0.0006973ms, 1%
@247 = hip::hip_copy_literal[id=main:@literal:24] -> float_type, {512}, {1}, target_id=0: 0.00045242ms, 1%
@248 = hip::hip_copy_literal[id=main:@literal:25] -> float_type, {512, 1024, 1, 1}, {1024, 1, 1, 1}, target_id=0: 0.00048174ms, 1%
@249 = load[offset=0,end=25690112](@1) -> float_type, {64, 512, 14, 14}, {100352, 196, 14, 1}, target_id=0: 0.0005312ms, 1%
@250 = broadcast[axis=1,out_lens={64, 512, 14, 14}](@247) -> float_type, {64, 512, 14, 14}, {0, 1, 0, 0}, target_id=0: 0.0006198ms, 1%
@251 = gpu::code_object[code_object=7776,symbol_name=mlir_convolution_add_relu,global=401408,local=256,](@250,@245,@248,@249) -> float_type, {64, 512, 14, 14}, {100352, 196, 14, 1}, target_id=0: 0.831869ms, 3%
@252 = load[offset=73662464,end=115212288](@1) -> int8_type, {41549824}, {1}, target_id=0: 0.00064936ms, 1%
@253 = load[offset=67239936,end=73662464](@1) -> float_type, {64, 512, 7, 7}, {25088, 49, 7, 1}, target_id=0: 0.00045474ms, 1%
@254 = gpu::convolution[op={padding={1, 1, 1, 1},stride={2, 2},dilation={1, 1},group=1,padding_mode=0},solution_object={binary_object: 557},algo=0,solution_id=0](@251,@246,@252,@253) -> float_type, {64, 512, 7, 7}, {25088, 49, 7, 1}, target_id=0: 1.05889ms, 3%
@255 = hip::hip_copy_literal[id=main:@literal:3] -> float_type, {2048, 1536, 1, 1}, {1536, 1, 1, 1}, target_id=0: 0.00071708ms, 1%
@256 = hip::hip_copy_literal[id=main:@literal:9] -> float_type, {2048}, {1}, target_id=0: 0.00042728ms, 1%
@257 = hip::hip_copy_literal[id=main:@literal:22] -> float_type, {512}, {1}, target_id=0: 0.000548ms, 1%
@258 = step[axes={2, 3},steps={2, 2}](@245) -> float_type, {64, 1024, 7, 7}, {200704, 196, 28, 2}, target_id=0: 0.00127294ms, 1%
@259 = broadcast[axis=1,out_lens={64, 512, 7, 7}](@257) -> float_type, {64, 512, 7, 7}, {0, 1, 0, 0}, target_id=0: 0.00075126ms, 1%
@260 = load[offset=25690112,end=44957696](@1) -> float_type, {64, 1536, 7, 7}, {75264, 49, 7, 1}, target_id=0: 0.00060416ms, 1%
@261 = gpu::code_object[code_object=5872,symbol_name=add_relu_noop_concat_noop_kernel,global=2408448,local=1024,](@254,@259,@258,@260) -> float_type, {64, 1536, 7, 7}, {75264, 49, 7, 1}, target_id=0: 0.0899727ms, 1%
@262 = broadcast[axis=1,out_lens={64, 2048, 7, 7}](@256) -> float_type, {64, 2048, 7, 7}, {0, 1, 0, 0}, target_id=0: 0.00152788ms, 1%
@263 = load[offset=0,end=25690112](@1) -> float_type, {64, 2048, 7, 7}, {100352, 49, 7, 1}, target_id=0: 0.00051978ms, 1%
@264 = gpu::code_object[code_object=15392,symbol_name=mlir_convolution_add_relu,global=102400,local=256,](@262,@261,@255,@263) -> float_type, {64, 2048, 7, 7}, {100352, 49, 7, 1}, target_id=0: 1.39469ms, 4%
@265 = hip::hip_copy_literal[id=main:@literal:19] -> float_type, {512, 512, 3, 3}, {4608, 9, 3, 1}, target_id=0: 0.00062678ms, 1%
@266 = hip::hip_copy_literal[id=main:@literal:20] -> float_type, {512}, {1}, target_id=0: 0.00044284ms, 1%
@267 = hip::hip_copy_literal[id=main:@literal:21] -> float_type, {512, 2048, 1, 1}, {2048, 1, 1, 1}, target_id=0: 0.00045872ms, 1%
@268 = broadcast[axis=1,out_lens={64, 512, 7, 7}](@266) -> float_type, {64, 512, 7, 7}, {0, 1, 0, 0}, target_id=0: 0.00068822ms, 1%
@269 = load[offset=54394880,end=60817408](@1) -> float_type, {64, 512, 7, 7}, {25088, 49, 7, 1}, target_id=0: 0.00052098ms, 1%
@270 = gpu::code_object[code_object=7072,symbol_name=mlir_convolution_add_relu,global=100352,local=256,](@268,@264,@267,@269) -> float_type, {64, 512, 7, 7}, {25088, 49, 7, 1}, target_id=0: 0.529845ms, 2%
@271 = load[offset=32112640,end=54394880](@1) -> int8_type, {22282240}, {1}, target_id=0: 0.0007135ms, 1%
@272 = load[offset=25690112,end=32112640](@1) -> float_type, {64, 512, 7, 7}, {25088, 49, 7, 1}, target_id=0: 0.00045232ms, 1%
@273 = gpu::convolution[op={padding={1, 1, 1, 1},stride={1, 1},dilation={1, 1},group=1,padding_mode=0},solution_object={binary_object: 553},algo=0,solution_id=0](@270,@265,@271,@272) -> float_type, {64, 512, 7, 7}, {25088, 49, 7, 1}, target_id=0: 0.986335ms, 3%
@274 = hip::hip_copy_literal[id=main:@literal:16] -> float_type, {2048}, {1}, target_id=0: 0.00074558ms, 1%
@275 = hip::hip_copy_literal[id=main:@literal:17] -> float_type, {2048, 512, 1, 1}, {512, 1, 1, 1}, target_id=0: 0.00051996ms, 1%
@276 = hip::hip_copy_literal[id=main:@literal:18] -> float_type, {512}, {1}, target_id=0: 0.0004224ms, 1%
@277 = broadcast[axis=1,out_lens={64, 512, 7, 7}](@276) -> float_type, {64, 512, 7, 7}, {0, 1, 0, 0}, target_id=0: 0.0013111ms, 1%
@278 = load[offset=32112640,end=38535168](@1) -> float_type, {64, 512, 7, 7}, {25088, 49, 7, 1}, target_id=0: 0.00059042ms, 1%
@279 = gpu::code_object[code_object=5256,symbol_name=add_relu_kernel,global=1605632,local=1024,](@273,@277,@278) -> float_type, {64, 512, 7, 7}, {25088, 49, 7, 1}, target_id=0: 0.0420401ms, 1%
@280 = broadcast[axis=1,out_lens={64, 2048, 7, 7}](@274) -> float_type, {64, 2048, 7, 7}, {0, 1, 0, 0}, target_id=0: 0.00213054ms, 1%
@281 = load[offset=89915392,end=115605504](@1) -> float_type, {64, 2048, 7, 7}, {100352, 49, 7, 1}, target_id=0: 0.00051592ms, 1%
@282 = gpu::code_object[code_object=14632,symbol_name=mlir_convolution_add_add_relu,global=102400,local=256,](@280,@264,@279,@275,@281) -> float_type, {64, 2048, 7, 7}, {100352, 49, 7, 1}, target_id=0: 0.529794ms, 2%
@283 = hip::hip_copy_literal[id=main:@literal:13] -> float_type, {512, 512, 3, 3}, {4608, 9, 3, 1}, target_id=0: 0.00056594ms, 1%
@284 = hip::hip_copy_literal[id=main:@literal:14] -> float_type, {512}, {1}, target_id=0: 0.00043274ms, 1%
@285 = hip::hip_copy_literal[id=main:@literal:15] -> float_type, {512, 2048, 1, 1}, {2048, 1, 1, 1}, target_id=0: 0.00047352ms, 1%
@286 = broadcast[axis=1,out_lens={64, 512, 7, 7}](@284) -> float_type, {64, 512, 7, 7}, {0, 1, 0, 0}, target_id=0: 0.00060436ms, 1%
@287 = load[offset=0,end=6422528](@1) -> float_type, {64, 512, 7, 7}, {25088, 49, 7, 1}, target_id=0: 0.0005092ms, 1%
@288 = gpu::code_object[code_object=7072,symbol_name=mlir_convolution_add_relu,global=100352,local=256,](@286,@282,@285,@287) -> float_type, {64, 512, 7, 7}, {25088, 49, 7, 1}, target_id=0: 0.531474ms, 2%
@289 = load[offset=35127296,end=57409536](@1) -> int8_type, {22282240}, {1}, target_id=0: 0.00069664ms, 1%
@290 = load[offset=28704768,end=35127296](@1) -> float_type, {64, 512, 7, 7}, {25088, 49, 7, 1}, target_id=0: 0.00045434ms, 1%
@291 = gpu::convolution[op={padding={1, 1, 1, 1},stride={1, 1},dilation={1, 1},group=1,padding_mode=0},solution_object={binary_object: 553},algo=0,solution_id=0](@288,@283,@289,@290) -> float_type, {64, 512, 7, 7}, {25088, 49, 7, 1}, target_id=0: 0.980977ms, 3%
@292 = hip::hip_copy_literal[id=main:@literal:0] -> float_type, {64, 1000}, {1000, 1}, target_id=0: 0.00070704ms, 1%
@293 = hip::hip_copy_literal[id=main:@literal:1] -> float_type, {2048, 1000}, {1000, 1}, target_id=0: 0.00043948ms, 1%
@294 = hip::hip_copy_literal[id=main:@literal:10] -> float_type, {2048}, {1}, target_id=0: 0.00051578ms, 1%
@295 = hip::hip_copy_literal[id=main:@literal:11] -> float_type, {2048, 512, 1, 1}, {512, 1, 1, 1}, target_id=0: 0.00041612ms, 1%
@296 = hip::hip_copy_literal[id=main:@literal:12] -> float_type, {512}, {1}, target_id=0: 0.00047874ms, 1%
@297 = broadcast[axis=1,out_lens={64, 512, 7, 7}](@296) -> float_type, {64, 512, 7, 7}, {0, 1, 0, 0}, target_id=0: 0.00110706ms, 1%
@298 = load[offset=35127296,end=41549824](@1) -> float_type, {64, 512, 7, 7}, {25088, 49, 7, 1}, target_id=0: 0.00084244ms, 1%
@299 = gpu::code_object[code_object=5256,symbol_name=add_relu_kernel,global=1605632,local=1024,](@291,@297,@298) -> float_type, {64, 512, 7, 7}, {25088, 49, 7, 1}, target_id=0: 0.0419629ms, 1%
@300 = load[offset=6422528,end=32112640](@1) -> float_type, {64, 2048, 7, 7}, {100352, 49, 7, 1}, target_id=0: 0.00116182ms, 1%
@301 = gpu::code_object[code_object=8584,symbol_name=mlir_convolution,global=102400,local=256,](@299,@295,@300) -> float_type, {64, 2048, 7, 7}, {100352, 49, 7, 1}, target_id=0: 0.472003ms, 2%
@302 = broadcast[axis=1,out_lens={64, 2048, 7, 7}](@294) -> float_type, {64, 2048, 7, 7}, {0, 1, 0, 0}, target_id=0: 0.00085958ms, 1%
@303 = load[offset=0,end=524288](@1) -> float_type, {64, 2048, 1, 1}, {2048, 1, 1, 1}, target_id=0: 0.00050212ms, 1%
@304 = gpu::code_object[code_object=5488,symbol_name=add_add_relu_mul_reduce_sum_kernel,global=8388608,local=64,](@301,@302,@282,@303) -> float_type, {64, 2048, 1, 1}, {2048, 1, 1, 1}, target_id=0: 0.357976ms, 1%
@305 = flatten[axis=1](@304) -> float_type, {64, 2048}, {2048, 1}, target_id=0: 0.0009003ms, 1%
main:#output_0 = @param:main:#output_0 -> float_type, {64, 1000}, {1000, 1}, target_id=0: 0.00080052ms, 1%
@307 = gpu::gemm[alpha=1,beta=1,compute_fp32=1,trans_batch=0,solution_idx=0](@305,@293,@292,main:#output_0) -> float_type, {64, 1000}, {1000, 1}, target_id=0: 0.0999691ms, 1%
@308 = @return(@307), target_id=0
Summary:
gpu::convolution: 15.9545ms / 16 = 0.997155ms, 41%
gpu::code_object::mlir_convolution_add_relu: 13.8969ms / 21 = 0.661758ms, 36%
gpu::code_object::mlir_convolution_add_add_relu: 5.79271ms / 11 = 0.52661ms, 15%
gpu::code_object::add_relu_kernel: 0.827368ms / 12 = 0.0689474ms, 3%
gpu::code_object::add_relu_noop_concat_noop_kernel: 0.73905ms / 4 = 0.184763ms, 2%
gpu::pooling: 0.666161ms / 1 = 0.666161ms, 2%
gpu::code_object::mlir_convolution: 0.472003ms / 1 = 0.472003ms, 2%
gpu::code_object::add_add_relu_mul_reduce_sum_kernel: 0.357976ms / 1 = 0.357976ms, 1%
gpu::gemm: 0.0999691ms / 1 = 0.0999691ms, 1%
hip::hip_copy_literal: 0.0537633ms / 100 = 0.000537633ms, 1%
broadcast: 0.0473304ms / 49 = 0.000965927ms, 1%
load: 0.0454905ms / 83 = 0.000548078ms, 1%
step: 0.00348086ms / 3 = 0.00116029ms, 1%
@param: 0.00126474ms / 2 = 0.00063237ms, 1%
check_context::migraphx::gpu::context: 0.0009516ms / 1 = 0.0009516ms, 1%
flatten: 0.0009003ms / 1 = 0.0009003ms, 1%
hip::hip_allocate_memory: 0.00084116ms / 1 = 0.00084116ms, 1%

Batch size: 1
Rate: 26.7952 inferences/sec
Total time: 37.3201ms
Total instructions time: 38.9607ms
Overhead time: 0.0458138ms, -1.64053ms
Overhead: 0%, -4%
[ MIGraphX Version: 2.10.0.47b5f1077 ] Complete: /src/AMDMIGraphX/build/bin/driver perf --gpu /new-saved-models/torchvision/resnet50i64.onnx
