Running [ MIGraphX Version: 2.10.0.ac4742b57 ]: /src/AMDMIGraphX/build/bin/driver perf --gpu /new-saved-models/slim/mobilenet_i64.pb
Compiling ... 
Reading: /new-saved-models/slim/mobilenet_i64.pb
module: "main"
@0 = check_context::migraphx::gpu::context -> float_type, {}, {}, target_id=0
@1 = hip::hip_allocate_memory[shape=int8_type, {414728192}, {1},id=main:scratch] -> int8_type, {414728192}, {1}, target_id=0
@2 = hip::hip_copy_literal[id=main:@literal:13] -> float_type, {32, 3, 3, 3}, {27, 9, 3, 1}, target_id=0
@3 = load[offset=0,end=38880000](@1) -> float_type, {64, 3, 225, 225}, {151875, 50625, 225, 1}, target_id=0
input = @param:input -> float_type, {64, 3, 224, 224}, {150528, 50176, 224, 1}, target_id=0
@5 = gpu::code_object[code_object=5248,symbol_name=pad_kernel,global=212992,local=1024,](input,@3) -> float_type, {64, 3, 225, 225}, {151875, 50625, 225, 1}, target_id=0
@6 = load[offset=0,end=0](@1) -> int8_type, {0}, {1}, target_id=0
@7 = load[offset=205520896,end=308281344](@1) -> float_type, {64, 32, 112, 112}, {401408, 12544, 112, 1}, target_id=0
@8 = gpu::convolution[op={padding={0, 0, 0, 0},stride={2, 2},dilation={1, 1},group=1,padding_mode=0},solution_object={binary_object: 493},algo=0,solution_id=0](@5,@2,@6,@7) -> float_type, {64, 32, 112, 112}, {401408, 12544, 112, 1}, target_id=0
@9 = hip::hip_copy_literal[id=main:@literal:32] -> float_type, {32, 1, 1}, {1, 1, 1}, target_id=0
@10 = hip::hip_copy_literal[id=main:@literal:52] -> float_type, {512, 1, 1}, {1, 1, 1}, target_id=0
@11 = hip::hip_copy_literal[id=main:@literal:55] -> float_type, {1001}, {1}, target_id=0
@12 = hip::hip_copy_literal[id=main:@literal:18] -> float_type, {128, 1, 1}, {1, 1, 1}, target_id=0
@13 = hip::hip_copy_literal[id=main:@literal:38] -> float_type, {128, 1, 1}, {1, 1, 1}, target_id=0
@14 = hip::hip_copy_literal[id=main:@literal:26] -> float_type, {64, 1, 1}, {1, 1, 1}, target_id=0
@15 = hip::hip_copy_literal[id=main:@literal:54] -> float_type, {1024, 1, 1}, {1, 1, 1}, target_id=0
@16 = hip::hip_copy_literal[id=main:@literal:14] -> float_type, {1024, 1024, 1, 1}, {1024, 1, 1, 1}, target_id=0
@17 = hip::hip_copy_literal[id=main:@literal:19] -> float_type, {1024, 1, 3, 3}, {9, 9, 3, 1}, target_id=0
@18 = hip::hip_copy_literal[id=main:@literal:20] -> float_type, {256, 1, 3, 3}, {9, 9, 3, 1}, target_id=0
@19 = hip::hip_copy_literal[id=main:@literal:21] -> float_type, {512, 1, 1}, {1, 1, 1}, target_id=0
@20 = hip::hip_copy_literal[id=main:@literal:1] -> float_type, {512, 512, 1, 1}, {512, 1, 1, 1}, target_id=0
@21 = hip::hip_copy_literal[id=main:@literal:48] -> float_type, {512, 1, 1}, {1, 1, 1}, target_id=0
@22 = hip::hip_copy_literal[id=main:@literal:30] -> float_type, {64, 1, 1}, {1, 1, 1}, target_id=0
@23 = hip::hip_copy_literal[id=main:@literal:6] -> float_type, {512, 512, 1, 1}, {512, 1, 1, 1}, target_id=0
@24 = hip::hip_copy_literal[id=main:@literal:28] -> float_type, {512, 1, 3, 3}, {9, 9, 3, 1}, target_id=0
@25 = hip::hip_copy_literal[id=main:@literal:0] -> float_type, {512, 512, 1, 1}, {512, 1, 1, 1}, target_id=0
@26 = hip::hip_copy_literal[id=main:@literal:49] -> float_type, {512, 1, 1}, {1, 1, 1}, target_id=0
@27 = hip::hip_copy_literal[id=main:@literal:46] -> float_type, {256, 1, 1}, {1, 1, 1}, target_id=0
@28 = hip::hip_copy_literal[id=main:@literal:29] -> float_type, {512, 1, 1}, {1, 1, 1}, target_id=0
@29 = hip::hip_copy_literal[id=main:@literal:5] -> float_type, {256, 128, 1, 1}, {128, 1, 1, 1}, target_id=0
@30 = hip::hip_copy_literal[id=main:@literal:50] -> float_type, {512, 1, 3, 3}, {9, 9, 3, 1}, target_id=0
@31 = hip::hip_copy_literal[id=main:@literal:43] -> float_type, {1024, 1, 1}, {1, 1, 1}, target_id=0
@32 = hip::hip_copy_literal[id=main:@literal:23] -> float_type, {64, 1, 3, 3}, {9, 9, 3, 1}, target_id=0
@33 = hip::hip_copy_literal[id=main:@literal:45] -> float_type, {128, 1, 1}, {1, 1, 1}, target_id=0
@34 = hip::hip_copy_literal[id=main:@literal:3] -> float_type, {256, 256, 1, 1}, {256, 1, 1, 1}, target_id=0
@35 = hip::hip_copy_literal[id=main:@literal:51] -> float_type, {512, 1, 1}, {1, 1, 1}, target_id=0
@36 = hip::hip_copy_literal[id=main:@literal:27] -> float_type, {512, 1, 1}, {1, 1, 1}, target_id=0
@37 = hip::hip_copy_literal[id=main:@literal:2] -> float_type, {512, 512, 1, 1}, {512, 1, 1, 1}, target_id=0
@38 = hip::hip_copy_literal[id=main:@literal:12] -> float_type, {1001, 1024, 1, 1}, {1024, 1, 1, 1}, target_id=0
@39 = hip::hip_copy_literal[id=main:@literal:47] -> float_type, {512, 1, 1}, {1, 1, 1}, target_id=0
@40 = hip::hip_copy_literal[id=main:@literal:22] -> float_type, {512, 1, 3, 3}, {9, 9, 3, 1}, target_id=0
@41 = hip::hip_copy_literal[id=main:@literal:40] -> float_type, {128, 1, 1}, {1, 1, 1}, target_id=0
@42 = hip::hip_copy_literal[id=main:@literal:42] -> float_type, {128, 1, 3, 3}, {9, 9, 3, 1}, target_id=0
@43 = hip::hip_copy_literal[id=main:@literal:15] -> float_type, {512, 1, 1}, {1, 1, 1}, target_id=0
@44 = hip::hip_copy_literal[id=main:@literal:36] -> float_type, {512, 1, 1}, {1, 1, 1}, target_id=0
@45 = hip::hip_copy_literal[id=main:@literal:33] -> float_type, {512, 1, 3, 3}, {9, 9, 3, 1}, target_id=0
@46 = hip::hip_copy_literal[id=main:@literal:34] -> float_type, {32, 1, 1}, {1, 1, 1}, target_id=0
@47 = hip::hip_copy_literal[id=main:@literal:31] -> float_type, {256, 1, 1}, {1, 1, 1}, target_id=0
@48 = hip::hip_copy_literal[id=main:@literal:53] -> float_type, {1024, 1, 1}, {1, 1, 1}, target_id=0
@49 = hip::hip_copy_literal[id=main:@literal:4] -> float_type, {1024, 512, 1, 1}, {512, 1, 1, 1}, target_id=0
@50 = hip::hip_copy_literal[id=main:@literal:44] -> float_type, {512, 1, 3, 3}, {9, 9, 3, 1}, target_id=0
@51 = hip::hip_copy_literal[id=main:@literal:11] -> float_type, {512, 256, 1, 1}, {256, 1, 1, 1}, target_id=0
@52 = hip::hip_copy_literal[id=main:@literal:17] -> float_type, {512, 1, 1}, {1, 1, 1}, target_id=0
@53 = hip::hip_copy_literal[id=main:@literal:41] -> float_type, {512, 1, 1}, {1, 1, 1}, target_id=0
@54 = hip::hip_copy_literal[id=main:@literal:7] -> float_type, {512, 512, 1, 1}, {512, 1, 1, 1}, target_id=0
@55 = hip::hip_copy_literal[id=main:@literal:16] -> float_type, {256, 1, 3, 3}, {9, 9, 3, 1}, target_id=0
@56 = hip::hip_copy_literal[id=main:@literal:8] -> float_type, {128, 128, 1, 1}, {128, 1, 1, 1}, target_id=0
@57 = hip::hip_copy_literal[id=main:@literal:35] -> float_type, {256, 1, 1}, {1, 1, 1}, target_id=0
@58 = hip::hip_copy_literal[id=main:@literal:10] -> float_type, {64, 32, 1, 1}, {32, 1, 1, 1}, target_id=0
@59 = hip::hip_copy_literal[id=main:@literal:39] -> float_type, {512, 1, 3, 3}, {9, 9, 3, 1}, target_id=0
@60 = hip::hip_copy_literal[id=main:@literal:9] -> float_type, {128, 64, 1, 1}, {64, 1, 1, 1}, target_id=0
@61 = hip::hip_copy_literal[id=main:@literal:25] -> float_type, {32, 1, 3, 3}, {9, 9, 3, 1}, target_id=0
@62 = hip::hip_copy_literal[id=main:@literal:24] -> float_type, {256, 1, 1}, {1, 1, 1}, target_id=0
@63 = hip::hip_copy_literal[id=main:@literal:37] -> float_type, {128, 1, 3, 3}, {9, 9, 3, 1}, target_id=0
@64 = load[offset=102760448,end=205520896](@1) -> float_type, {64, 32, 112, 112}, {401408, 12544, 112, 1}, target_id=0
@65 = multibroadcast[out_lens={64, 32, 112, 112},out_dyn_dims={}](@9) -> float_type, {64, 32, 112, 112}, {0, 1, 0, 0}, target_id=0
@66 = gpu::code_object[code_object=5384,symbol_name=add_clip_kernel,global=3211264,local=1024,](@8,@65,@64) -> float_type, {64, 32, 112, 112}, {401408, 12544, 112, 1}, target_id=0
@67 = multibroadcast[out_lens={64, 32, 112, 112},out_dyn_dims={}](@46) -> float_type, {64, 32, 112, 112}, {0, 1, 0, 0}, target_id=0
@68 = load[offset=0,end=102760448](@1) -> float_type, {64, 32, 112, 112}, {401408, 12544, 112, 1}, target_id=0
@69 = gpu::code_object[code_object=6032,symbol_name=mlir_convolution_add_clip,global=25690112,local=64,](@67,@66,@61,@68) -> float_type, {64, 32, 112, 112}, {401408, 12544, 112, 1}, target_id=0
@70 = multibroadcast[out_lens={64, 64, 112, 112},out_dyn_dims={}](@14) -> float_type, {64, 64, 112, 112}, {0, 1, 0, 0}, target_id=0
@71 = load[offset=209207296,end=414728192](@1) -> float_type, {64, 64, 112, 112}, {802816, 12544, 112, 1}, target_id=0
@72 = gpu::code_object[code_object=6416,symbol_name=mlir_convolution_add_clip,global=1605632,local=256,](@70,@69,@58,@71) -> float_type, {64, 64, 112, 112}, {802816, 12544, 112, 1}, target_id=0
@73 = load[offset=0,end=209207296](@1) -> float_type, {64, 64, 113, 113}, {817216, 12769, 113, 1}, target_id=0
@74 = gpu::code_object[code_object=5248,symbol_name=pad_kernel,global=212992,local=1024,](@72,@73) -> float_type, {64, 64, 113, 113}, {817216, 12769, 113, 1}, target_id=0
@75 = multibroadcast[out_lens={64, 64, 56, 56},out_dyn_dims={}](@22) -> float_type, {64, 64, 56, 56}, {0, 1, 0, 0}, target_id=0
@76 = load[offset=209207296,end=260587520](@1) -> float_type, {64, 64, 56, 56}, {200704, 3136, 56, 1}, target_id=0
@77 = gpu::code_object[code_object=5456,symbol_name=mlir_convolution_add_clip,global=12845056,local=256,](@75,@74,@32,@76) -> float_type, {64, 64, 56, 56}, {200704, 3136, 56, 1}, target_id=0
@78 = multibroadcast[out_lens={64, 128, 56, 56},out_dyn_dims={}](@12) -> float_type, {64, 128, 56, 56}, {0, 1, 0, 0}, target_id=0
@79 = load[offset=102760448,end=205520896](@1) -> float_type, {64, 128, 56, 56}, {401408, 3136, 56, 1}, target_id=0
@80 = gpu::code_object[code_object=7312,symbol_name=mlir_convolution_add_clip,global=802816,local=256,](@78,@77,@60,@79) -> float_type, {64, 128, 56, 56}, {401408, 3136, 56, 1}, target_id=0
@81 = multibroadcast[out_lens={64, 128, 56, 56},out_dyn_dims={}](@41) -> float_type, {64, 128, 56, 56}, {0, 1, 0, 0}, target_id=0
@82 = load[offset=0,end=102760448](@1) -> float_type, {64, 128, 56, 56}, {401408, 3136, 56, 1}, target_id=0
@83 = gpu::code_object[code_object=6032,symbol_name=mlir_convolution_add_clip,global=25690112,local=64,](@81,@80,@63,@82) -> float_type, {64, 128, 56, 56}, {401408, 3136, 56, 1}, target_id=0
@84 = load[offset=209223680,end=311984128](@1) -> float_type, {64, 128, 56, 56}, {401408, 3136, 56, 1}, target_id=0
@85 = multibroadcast[out_lens={64, 128, 56, 56},out_dyn_dims={}](@33) -> float_type, {64, 128, 56, 56}, {0, 1, 0, 0}, target_id=0
@86 = gpu::code_object[code_object=6736,symbol_name=mlir_convolution_add_clip,global=802816,local=256,](@85,@83,@56,@84) -> float_type, {64, 128, 56, 56}, {401408, 3136, 56, 1}, target_id=0
@87 = load[offset=102760448,end=209223680](@1) -> float_type, {64, 128, 57, 57}, {415872, 3249, 57, 1}, target_id=0
@88 = gpu::code_object[code_object=5248,symbol_name=pad_kernel,global=212992,local=1024,](@86,@87) -> float_type, {64, 128, 57, 57}, {415872, 3249, 57, 1}, target_id=0
@89 = multibroadcast[out_lens={64, 128, 28, 28},out_dyn_dims={}](@13) -> float_type, {64, 128, 28, 28}, {0, 1, 0, 0}, target_id=0
@90 = load[offset=0,end=25690112](@1) -> float_type, {64, 128, 28, 28}, {100352, 784, 28, 1}, target_id=0
@91 = gpu::code_object[code_object=5392,symbol_name=mlir_convolution_add_clip,global=6422528,local=256,](@89,@88,@42,@90) -> float_type, {64, 128, 28, 28}, {100352, 784, 28, 1}, target_id=0
@92 = load[offset=51380224,end=102760448](@1) -> float_type, {64, 256, 28, 28}, {200704, 784, 28, 1}, target_id=0
@93 = multibroadcast[out_lens={64, 256, 28, 28},out_dyn_dims={}](@27) -> float_type, {64, 256, 28, 28}, {0, 1, 0, 0}, target_id=0
@94 = gpu::code_object[code_object=6736,symbol_name=mlir_convolution_add_clip,global=401408,local=256,](@93,@91,@29,@92) -> float_type, {64, 256, 28, 28}, {200704, 784, 28, 1}, target_id=0
@95 = multibroadcast[out_lens={64, 256, 28, 28},out_dyn_dims={}](@57) -> float_type, {64, 256, 28, 28}, {0, 1, 0, 0}, target_id=0
@96 = load[offset=0,end=51380224](@1) -> float_type, {64, 256, 28, 28}, {200704, 784, 28, 1}, target_id=0
@97 = gpu::code_object[code_object=6032,symbol_name=mlir_convolution_add_clip,global=12845056,local=64,](@95,@94,@55,@96) -> float_type, {64, 256, 28, 28}, {200704, 784, 28, 1}, target_id=0
@98 = multibroadcast[out_lens={64, 256, 28, 28},out_dyn_dims={}](@47) -> float_type, {64, 256, 28, 28}, {0, 1, 0, 0}, target_id=0
@99 = load[offset=106496000,end=157876224](@1) -> float_type, {64, 256, 28, 28}, {200704, 784, 28, 1}, target_id=0
@100 = gpu::code_object[code_object=6736,symbol_name=mlir_convolution_add_clip,global=401408,local=256,](@98,@97,@34,@99) -> float_type, {64, 256, 28, 28}, {200704, 784, 28, 1}, target_id=0
@101 = load[offset=51380224,end=106496000](@1) -> float_type, {64, 256, 29, 29}, {215296, 841, 29, 1}, target_id=0
@102 = gpu::code_object[code_object=5248,symbol_name=pad_kernel,global=212992,local=1024,](@100,@101) -> float_type, {64, 256, 29, 29}, {215296, 841, 29, 1}, target_id=0
@103 = multibroadcast[out_lens={64, 256, 14, 14},out_dyn_dims={}](@62) -> float_type, {64, 256, 14, 14}, {0, 1, 0, 0}, target_id=0
@104 = load[offset=38535168,end=51380224](@1) -> float_type, {64, 256, 14, 14}, {50176, 196, 14, 1}, target_id=0
@105 = gpu::code_object[code_object=5840,symbol_name=mlir_convolution_add_clip,global=3211264,local=256,](@103,@102,@18,@104) -> float_type, {64, 256, 14, 14}, {50176, 196, 14, 1}, target_id=0
@106 = load[offset=12845056,end=38535168](@1) -> float_type, {64, 512, 14, 14}, {100352, 196, 14, 1}, target_id=0
@107 = multibroadcast[out_lens={64, 512, 14, 14},out_dyn_dims={}](@44) -> float_type, {64, 512, 14, 14}, {0, 1, 0, 0}, target_id=0
@108 = gpu::code_object[code_object=6736,symbol_name=mlir_convolution_add_clip,global=200704,local=256,](@107,@105,@51,@106) -> float_type, {64, 512, 14, 14}, {100352, 196, 14, 1}, target_id=0
@109 = multibroadcast[out_lens={64, 512, 14, 14},out_dyn_dims={}](@28) -> float_type, {64, 512, 14, 14}, {0, 1, 0, 0}, target_id=0
@110 = load[offset=51380224,end=77070336](@1) -> float_type, {64, 512, 14, 14}, {100352, 196, 14, 1}, target_id=0
@111 = gpu::code_object[code_object=6288,symbol_name=mlir_convolution_add_clip,global=6422528,local=64,](@109,@108,@59,@110) -> float_type, {64, 512, 14, 14}, {100352, 196, 14, 1}, target_id=0
@112 = multibroadcast[out_lens={64, 512, 14, 14},out_dyn_dims={}](@36) -> float_type, {64, 512, 14, 14}, {0, 1, 0, 0}, target_id=0
@113 = load[offset=25690112,end=51380224](@1) -> float_type, {64, 512, 14, 14}, {100352, 196, 14, 1}, target_id=0
@114 = gpu::code_object[code_object=6736,symbol_name=mlir_convolution_add_clip,global=200704,local=256,](@112,@111,@37,@113) -> float_type, {64, 512, 14, 14}, {100352, 196, 14, 1}, target_id=0
@115 = multibroadcast[out_lens={64, 512, 14, 14},out_dyn_dims={}](@52) -> float_type, {64, 512, 14, 14}, {0, 1, 0, 0}, target_id=0
@116 = load[offset=0,end=25690112](@1) -> float_type, {64, 512, 14, 14}, {100352, 196, 14, 1}, target_id=0
@117 = gpu::code_object[code_object=6288,symbol_name=mlir_convolution_add_clip,global=6422528,local=64,](@115,@114,@50,@116) -> float_type, {64, 512, 14, 14}, {100352, 196, 14, 1}, target_id=0
@118 = multibroadcast[out_lens={64, 512, 14, 14},out_dyn_dims={}](@43) -> float_type, {64, 512, 14, 14}, {0, 1, 0, 0}, target_id=0
@119 = load[offset=51380224,end=77070336](@1) -> float_type, {64, 512, 14, 14}, {100352, 196, 14, 1}, target_id=0
@120 = gpu::code_object[code_object=6736,symbol_name=mlir_convolution_add_clip,global=200704,local=256,](@118,@117,@20,@119) -> float_type, {64, 512, 14, 14}, {100352, 196, 14, 1}, target_id=0
@121 = load[offset=25690112,end=51380224](@1) -> float_type, {64, 512, 14, 14}, {100352, 196, 14, 1}, target_id=0
@122 = multibroadcast[out_lens={64, 512, 14, 14},out_dyn_dims={}](@53) -> float_type, {64, 512, 14, 14}, {0, 1, 0, 0}, target_id=0
@123 = gpu::code_object[code_object=6288,symbol_name=mlir_convolution_add_clip,global=6422528,local=64,](@122,@120,@45,@121) -> float_type, {64, 512, 14, 14}, {100352, 196, 14, 1}, target_id=0
@124 = multibroadcast[out_lens={64, 512, 14, 14},out_dyn_dims={}](@19) -> float_type, {64, 512, 14, 14}, {0, 1, 0, 0}, target_id=0
@125 = load[offset=0,end=25690112](@1) -> float_type, {64, 512, 14, 14}, {100352, 196, 14, 1}, target_id=0
@126 = gpu::code_object[code_object=6736,symbol_name=mlir_convolution_add_clip,global=200704,local=256,](@124,@123,@23,@125) -> float_type, {64, 512, 14, 14}, {100352, 196, 14, 1}, target_id=0
@127 = load[offset=51380224,end=77070336](@1) -> float_type, {64, 512, 14, 14}, {100352, 196, 14, 1}, target_id=0
@128 = multibroadcast[out_lens={64, 512, 14, 14},out_dyn_dims={}](@21) -> float_type, {64, 512, 14, 14}, {0, 1, 0, 0}, target_id=0
@129 = gpu::code_object[code_object=6288,symbol_name=mlir_convolution_add_clip,global=6422528,local=64,](@128,@126,@40,@127) -> float_type, {64, 512, 14, 14}, {100352, 196, 14, 1}, target_id=0
@130 = load[offset=25690112,end=51380224](@1) -> float_type, {64, 512, 14, 14}, {100352, 196, 14, 1}, target_id=0
@131 = multibroadcast[out_lens={64, 512, 14, 14},out_dyn_dims={}](@26) -> float_type, {64, 512, 14, 14}, {0, 1, 0, 0}, target_id=0
@132 = gpu::code_object[code_object=6736,symbol_name=mlir_convolution_add_clip,global=200704,local=256,](@131,@129,@25,@130) -> float_type, {64, 512, 14, 14}, {100352, 196, 14, 1}, target_id=0
@133 = load[offset=0,end=25690112](@1) -> float_type, {64, 512, 14, 14}, {100352, 196, 14, 1}, target_id=0
@134 = multibroadcast[out_lens={64, 512, 14, 14},out_dyn_dims={}](@35) -> float_type, {64, 512, 14, 14}, {0, 1, 0, 0}, target_id=0
@135 = gpu::code_object[code_object=6288,symbol_name=mlir_convolution_add_clip,global=6422528,local=64,](@134,@132,@30,@133) -> float_type, {64, 512, 14, 14}, {100352, 196, 14, 1}, target_id=0
@136 = load[offset=55181312,end=80871424](@1) -> float_type, {64, 512, 14, 14}, {100352, 196, 14, 1}, target_id=0
@137 = multibroadcast[out_lens={64, 512, 14, 14},out_dyn_dims={}](@10) -> float_type, {64, 512, 14, 14}, {0, 1, 0, 0}, target_id=0
@138 = gpu::code_object[code_object=6736,symbol_name=mlir_convolution_add_clip,global=200704,local=256,](@137,@135,@54,@136) -> float_type, {64, 512, 14, 14}, {100352, 196, 14, 1}, target_id=0
@139 = load[offset=25690112,end=55181312](@1) -> float_type, {64, 512, 15, 15}, {115200, 225, 15, 1}, target_id=0
@140 = gpu::code_object[code_object=5248,symbol_name=pad_kernel,global=212992,local=1024,](@138,@139) -> float_type, {64, 512, 15, 15}, {115200, 225, 15, 1}, target_id=0
@141 = load[offset=12845056,end=19267584](@1) -> float_type, {64, 512, 7, 7}, {25088, 49, 7, 1}, target_id=0
@142 = multibroadcast[out_lens={64, 512, 7, 7},out_dyn_dims={}](@39) -> float_type, {64, 512, 7, 7}, {0, 1, 0, 0}, target_id=0
@143 = gpu::code_object[code_object=6032,symbol_name=mlir_convolution_add_clip,global=1605632,local=64,](@142,@140,@24,@141) -> float_type, {64, 512, 7, 7}, {25088, 49, 7, 1}, target_id=0
@144 = multibroadcast[out_lens={64, 1024, 7, 7},out_dyn_dims={}](@31) -> float_type, {64, 1024, 7, 7}, {0, 1, 0, 0}, target_id=0
@145 = load[offset=0,end=12845056](@1) -> float_type, {64, 1024, 7, 7}, {50176, 49, 7, 1}, target_id=0
@146 = gpu::code_object[code_object=7888,symbol_name=mlir_convolution_add_clip,global=102400,local=256,](@144,@143,@49,@145) -> float_type, {64, 1024, 7, 7}, {50176, 49, 7, 1}, target_id=0
@147 = multibroadcast[out_lens={64, 1024, 7, 7},out_dyn_dims={}](@48) -> float_type, {64, 1024, 7, 7}, {0, 1, 0, 0}, target_id=0
@148 = load[offset=19267584,end=32112640](@1) -> float_type, {64, 1024, 7, 7}, {50176, 49, 7, 1}, target_id=0
@149 = gpu::code_object[code_object=6160,symbol_name=mlir_convolution_add_clip,global=3211264,local=64,](@147,@146,@17,@148) -> float_type, {64, 1024, 7, 7}, {50176, 49, 7, 1}, target_id=0
@150 = load[offset=262144,end=13107200](@1) -> float_type, {64, 1024, 7, 7}, {50176, 49, 7, 1}, target_id=0
@151 = multibroadcast[out_lens={64, 1024, 7, 7},out_dyn_dims={}](@15) -> float_type, {64, 1024, 7, 7}, {0, 1, 0, 0}, target_id=0
@152 = gpu::code_object[code_object=7952,symbol_name=mlir_convolution_add_clip,global=102400,local=256,](@151,@149,@16,@150) -> float_type, {64, 1024, 7, 7}, {50176, 49, 7, 1}, target_id=0
@153 = load[offset=13107200,end=13369344](@1) -> float_type, {64, 1024, 1, 1}, {1024, 1, 1, 1}, target_id=0
@154 = gpu::pooling[mode=average,padding={0, 0, 0, 0},padding_mode=0,stride={2, 2},lengths={7, 7},dilations={1, 1},ceil_mode=0,lp_order=2,dyn_global=0](@152,@153) -> float_type, {64, 1024, 1, 1}, {1024, 1, 1, 1}, target_id=0
@155 = broadcast[axis=1,out_lens={64, 1001, 1, 1}](@11) -> float_type, {64, 1001, 1, 1}, {0, 1, 0, 0}, target_id=0
@156 = load[offset=0,end=256256](@1) -> float_type, {64, 1001, 1, 1}, {1001, 1, 1, 1}, target_id=0
@157 = gpu::code_object[code_object=6464,symbol_name=mlir_convolution_add,global=16384,local=256,](@155,@154,@38,@156) -> float_type, {64, 1001, 1, 1}, {1001, 1, 1, 1}, target_id=0
main:#output_0 = @param:main:#output_0 -> float_type, {64, 1001}, {1001, 1}, target_id=0
@159 = transpose[permutation={0, 2, 3, 1}](@157) -> float_type, {64, 1, 1, 1001}, {1001, 1, 1, 1}, target_id=0
@160 = squeeze[axes={1, 2}](@159) -> float_type, {64, 1001}, {1001, 1}, target_id=0
@161 = gpu::code_object[code_object=6848,symbol_name=reduce_max_sub_exp_reduce_sum_div_kernel,global=16384,local=256,](@160,main:#output_0) -> float_type, {64, 1001}, {1001, 1}, target_id=0
@162 = @return(@161), target_id=0


Allocating params ... 
Running performance report ... 
@0 = check_context::migraphx::gpu::context -> float_type, {}, {}, target_id=0: 0.00199906ms, 1%
@1 = hip::hip_allocate_memory[shape=int8_type, {414728192}, {1},id=main:scratch] -> int8_type, {414728192}, {1}, target_id=0: 0.00193324ms, 1%
@2 = hip::hip_copy_literal[id=main:@literal:13] -> float_type, {32, 3, 3, 3}, {27, 9, 3, 1}, target_id=0: 0.00190116ms, 1%
@3 = load[offset=0,end=38880000](@1) -> float_type, {64, 3, 225, 225}, {151875, 50625, 225, 1}, target_id=0: 0.00183964ms, 1%
input = @param:input -> float_type, {64, 3, 224, 224}, {150528, 50176, 224, 1}, target_id=0: 0.0014431ms, 1%
@5 = gpu::code_object[code_object=5248,symbol_name=pad_kernel,global=212992,local=1024,](input,@3) -> float_type, {64, 3, 225, 225}, {151875, 50625, 225, 1}, target_id=0: 0.0905847ms, 1%
@6 = load[offset=0,end=0](@1) -> int8_type, {0}, {1}, target_id=0: 0.00141084ms, 1%
@7 = load[offset=205520896,end=308281344](@1) -> float_type, {64, 32, 112, 112}, {401408, 12544, 112, 1}, target_id=0: 0.0014598ms, 1%
@8 = gpu::convolution[op={padding={0, 0, 0, 0},stride={2, 2},dilation={1, 1},group=1,padding_mode=0},solution_object={binary_object: 493},algo=0,solution_id=0](@5,@2,@6,@7) -> float_type, {64, 32, 112, 112}, {401408, 12544, 112, 1}, target_id=0: 0.158705ms, 2%
@9 = hip::hip_copy_literal[id=main:@literal:32] -> float_type, {32, 1, 1}, {1, 1, 1}, target_id=0: 0.00256176ms, 1%
@10 = hip::hip_copy_literal[id=main:@literal:52] -> float_type, {512, 1, 1}, {1, 1, 1}, target_id=0: 0.00214974ms, 1%
@11 = hip::hip_copy_literal[id=main:@literal:55] -> float_type, {1001}, {1}, target_id=0: 0.00220962ms, 1%
@12 = hip::hip_copy_literal[id=main:@literal:18] -> float_type, {128, 1, 1}, {1, 1, 1}, target_id=0: 0.00195992ms, 1%
@13 = hip::hip_copy_literal[id=main:@literal:38] -> float_type, {128, 1, 1}, {1, 1, 1}, target_id=0: 0.00178798ms, 1%
@14 = hip::hip_copy_literal[id=main:@literal:26] -> float_type, {64, 1, 1}, {1, 1, 1}, target_id=0: 0.00181878ms, 1%
@15 = hip::hip_copy_literal[id=main:@literal:54] -> float_type, {1024, 1, 1}, {1, 1, 1}, target_id=0: 0.00170838ms, 1%
@16 = hip::hip_copy_literal[id=main:@literal:14] -> float_type, {1024, 1024, 1, 1}, {1024, 1, 1, 1}, target_id=0: 0.00182014ms, 1%
@17 = hip::hip_copy_literal[id=main:@literal:19] -> float_type, {1024, 1, 3, 3}, {9, 9, 3, 1}, target_id=0: 0.0015533ms, 1%
@18 = hip::hip_copy_literal[id=main:@literal:20] -> float_type, {256, 1, 3, 3}, {9, 9, 3, 1}, target_id=0: 0.00165238ms, 1%
@19 = hip::hip_copy_literal[id=main:@literal:21] -> float_type, {512, 1, 1}, {1, 1, 1}, target_id=0: 0.00162314ms, 1%
@20 = hip::hip_copy_literal[id=main:@literal:1] -> float_type, {512, 512, 1, 1}, {512, 1, 1, 1}, target_id=0: 0.00159638ms, 1%
@21 = hip::hip_copy_literal[id=main:@literal:48] -> float_type, {512, 1, 1}, {1, 1, 1}, target_id=0: 0.00177548ms, 1%
@22 = hip::hip_copy_literal[id=main:@literal:30] -> float_type, {64, 1, 1}, {1, 1, 1}, target_id=0: 0.00159512ms, 1%
@23 = hip::hip_copy_literal[id=main:@literal:6] -> float_type, {512, 512, 1, 1}, {512, 1, 1, 1}, target_id=0: 0.00152824ms, 1%
@24 = hip::hip_copy_literal[id=main:@literal:28] -> float_type, {512, 1, 3, 3}, {9, 9, 3, 1}, target_id=0: 0.00173214ms, 1%
@25 = hip::hip_copy_literal[id=main:@literal:0] -> float_type, {512, 512, 1, 1}, {512, 1, 1, 1}, target_id=0: 0.00154202ms, 1%
@26 = hip::hip_copy_literal[id=main:@literal:49] -> float_type, {512, 1, 1}, {1, 1, 1}, target_id=0: 0.00187334ms, 1%
@27 = hip::hip_copy_literal[id=main:@literal:46] -> float_type, {256, 1, 1}, {1, 1, 1}, target_id=0: 0.00165936ms, 1%
@28 = hip::hip_copy_literal[id=main:@literal:29] -> float_type, {512, 1, 1}, {1, 1, 1}, target_id=0: 0.00165246ms, 1%
@29 = hip::hip_copy_literal[id=main:@literal:5] -> float_type, {256, 128, 1, 1}, {128, 1, 1, 1}, target_id=0: 0.00155616ms, 1%
@30 = hip::hip_copy_literal[id=main:@literal:50] -> float_type, {512, 1, 3, 3}, {9, 9, 3, 1}, target_id=0: 0.00167194ms, 1%
@31 = hip::hip_copy_literal[id=main:@literal:43] -> float_type, {1024, 1, 1}, {1, 1, 1}, target_id=0: 0.00158118ms, 1%
@32 = hip::hip_copy_literal[id=main:@literal:23] -> float_type, {64, 1, 3, 3}, {9, 9, 3, 1}, target_id=0: 0.00160764ms, 1%
@33 = hip::hip_copy_literal[id=main:@literal:45] -> float_type, {128, 1, 1}, {1, 1, 1}, target_id=0: 0.00188304ms, 1%
@34 = hip::hip_copy_literal[id=main:@literal:3] -> float_type, {256, 256, 1, 1}, {256, 1, 1, 1}, target_id=0: 0.00158398ms, 1%
@35 = hip::hip_copy_literal[id=main:@literal:51] -> float_type, {512, 1, 1}, {1, 1, 1}, target_id=0: 0.00165656ms, 1%
@36 = hip::hip_copy_literal[id=main:@literal:27] -> float_type, {512, 1, 1}, {1, 1, 1}, target_id=0: 0.00158256ms, 1%
@37 = hip::hip_copy_literal[id=main:@literal:2] -> float_type, {512, 512, 1, 1}, {512, 1, 1, 1}, target_id=0: 0.00188008ms, 1%
@38 = hip::hip_copy_literal[id=main:@literal:12] -> float_type, {1001, 1024, 1, 1}, {1024, 1, 1, 1}, target_id=0: 0.00164692ms, 1%
@39 = hip::hip_copy_literal[id=main:@literal:47] -> float_type, {512, 1, 1}, {1, 1, 1}, target_id=0: 0.00159512ms, 1%
@40 = hip::hip_copy_literal[id=main:@literal:22] -> float_type, {512, 1, 3, 3}, {9, 9, 3, 1}, target_id=0: 0.00161744ms, 1%
@41 = hip::hip_copy_literal[id=main:@literal:40] -> float_type, {128, 1, 1}, {1, 1, 1}, target_id=0: 0.00182424ms, 1%
@42 = hip::hip_copy_literal[id=main:@literal:42] -> float_type, {128, 1, 3, 3}, {9, 9, 3, 1}, target_id=0: 0.0016914ms, 1%
@43 = hip::hip_copy_literal[id=main:@literal:15] -> float_type, {512, 1, 1}, {1, 1, 1}, target_id=0: 0.0016233ms, 1%
@44 = hip::hip_copy_literal[id=main:@literal:36] -> float_type, {512, 1, 1}, {1, 1, 1}, target_id=0: 0.00156996ms, 1%
@45 = hip::hip_copy_literal[id=main:@literal:33] -> float_type, {512, 1, 3, 3}, {9, 9, 3, 1}, target_id=0: 0.00164546ms, 1%
@46 = hip::hip_copy_literal[id=main:@literal:34] -> float_type, {32, 1, 1}, {1, 1, 1}, target_id=0: 0.00175308ms, 1%
@47 = hip::hip_copy_literal[id=main:@literal:31] -> float_type, {256, 1, 1}, {1, 1, 1}, target_id=0: 0.00160208ms, 1%
@48 = hip::hip_copy_literal[id=main:@literal:53] -> float_type, {1024, 1, 1}, {1, 1, 1}, target_id=0: 0.0016707ms, 1%
@49 = hip::hip_copy_literal[id=main:@literal:4] -> float_type, {1024, 512, 1, 1}, {512, 1, 1, 1}, target_id=0: 0.0015559ms, 1%
@50 = hip::hip_copy_literal[id=main:@literal:44] -> float_type, {512, 1, 3, 3}, {9, 9, 3, 1}, target_id=0: 0.00183134ms, 1%
@51 = hip::hip_copy_literal[id=main:@literal:11] -> float_type, {512, 256, 1, 1}, {256, 1, 1, 1}, target_id=0: 0.00155048ms, 1%
@52 = hip::hip_copy_literal[id=main:@literal:17] -> float_type, {512, 1, 1}, {1, 1, 1}, target_id=0: 0.00168734ms, 1%
@53 = hip::hip_copy_literal[id=main:@literal:41] -> float_type, {512, 1, 1}, {1, 1, 1}, target_id=0: 0.00166924ms, 1%
@54 = hip::hip_copy_literal[id=main:@literal:7] -> float_type, {512, 512, 1, 1}, {512, 1, 1, 1}, target_id=0: 0.00156708ms, 1%
@55 = hip::hip_copy_literal[id=main:@literal:16] -> float_type, {256, 1, 3, 3}, {9, 9, 3, 1}, target_id=0: 0.00166932ms, 1%
@56 = hip::hip_copy_literal[id=main:@literal:8] -> float_type, {128, 128, 1, 1}, {128, 1, 1, 1}, target_id=0: 0.0014863ms, 1%
@57 = hip::hip_copy_literal[id=main:@literal:35] -> float_type, {256, 1, 1}, {1, 1, 1}, target_id=0: 0.00177266ms, 1%
@58 = hip::hip_copy_literal[id=main:@literal:10] -> float_type, {64, 32, 1, 1}, {32, 1, 1, 1}, target_id=0: 0.00164828ms, 1%
@59 = hip::hip_copy_literal[id=main:@literal:39] -> float_type, {512, 1, 3, 3}, {9, 9, 3, 1}, target_id=0: 0.00160212ms, 1%
@60 = hip::hip_copy_literal[id=main:@literal:9] -> float_type, {128, 64, 1, 1}, {64, 1, 1, 1}, target_id=0: 0.00151844ms, 1%
@61 = hip::hip_copy_literal[id=main:@literal:25] -> float_type, {32, 1, 3, 3}, {9, 9, 3, 1}, target_id=0: 0.00170698ms, 1%
@62 = hip::hip_copy_literal[id=main:@literal:24] -> float_type, {256, 1, 1}, {1, 1, 1}, target_id=0: 0.00178942ms, 1%
@63 = hip::hip_copy_literal[id=main:@literal:37] -> float_type, {128, 1, 3, 3}, {9, 9, 3, 1}, target_id=0: 0.00172788ms, 1%
@64 = load[offset=102760448,end=205520896](@1) -> float_type, {64, 32, 112, 112}, {401408, 12544, 112, 1}, target_id=0: 0.0018898ms, 1%
@65 = multibroadcast[out_lens={64, 32, 112, 112},out_dyn_dims={}](@9) -> float_type, {64, 32, 112, 112}, {0, 1, 0, 0}, target_id=0: 0.00234802ms, 1%
@66 = gpu::code_object[code_object=5384,symbol_name=add_clip_kernel,global=3211264,local=1024,](@8,@65,@64) -> float_type, {64, 32, 112, 112}, {401408, 12544, 112, 1}, target_id=0: 0.174399ms, 2%
@67 = multibroadcast[out_lens={64, 32, 112, 112},out_dyn_dims={}](@46) -> float_type, {64, 32, 112, 112}, {0, 1, 0, 0}, target_id=0: 0.0028062ms, 1%
@68 = load[offset=0,end=102760448](@1) -> float_type, {64, 32, 112, 112}, {401408, 12544, 112, 1}, target_id=0: 0.00235362ms, 1%
@69 = gpu::code_object[code_object=6032,symbol_name=mlir_convolution_add_clip,global=25690112,local=64,](@67,@66,@61,@68) -> float_type, {64, 32, 112, 112}, {401408, 12544, 112, 1}, target_id=0: 1.17684ms, 12%
@70 = multibroadcast[out_lens={64, 64, 112, 112},out_dyn_dims={}](@14) -> float_type, {64, 64, 112, 112}, {0, 1, 0, 0}, target_id=0: 0.0023062ms, 1%
@71 = load[offset=209207296,end=414728192](@1) -> float_type, {64, 64, 112, 112}, {802816, 12544, 112, 1}, target_id=0: 0.00208134ms, 1%
@72 = gpu::code_object[code_object=6416,symbol_name=mlir_convolution_add_clip,global=1605632,local=256,](@70,@69,@58,@71) -> float_type, {64, 64, 112, 112}, {802816, 12544, 112, 1}, target_id=0: 0.26128ms, 3%
@73 = load[offset=0,end=209207296](@1) -> float_type, {64, 64, 113, 113}, {817216, 12769, 113, 1}, target_id=0: 0.00236912ms, 1%
@74 = gpu::code_object[code_object=5248,symbol_name=pad_kernel,global=212992,local=1024,](@72,@73) -> float_type, {64, 64, 113, 113}, {817216, 12769, 113, 1}, target_id=0: 0.451458ms, 5%
@75 = multibroadcast[out_lens={64, 64, 56, 56},out_dyn_dims={}](@22) -> float_type, {64, 64, 56, 56}, {0, 1, 0, 0}, target_id=0: 0.002425ms, 1%
@76 = load[offset=209207296,end=260587520](@1) -> float_type, {64, 64, 56, 56}, {200704, 3136, 56, 1}, target_id=0: 0.00199472ms, 1%
@77 = gpu::code_object[code_object=5456,symbol_name=mlir_convolution_add_clip,global=12845056,local=256,](@75,@74,@32,@76) -> float_type, {64, 64, 56, 56}, {200704, 3136, 56, 1}, target_id=0: 0.582115ms, 6%
@78 = multibroadcast[out_lens={64, 128, 56, 56},out_dyn_dims={}](@12) -> float_type, {64, 128, 56, 56}, {0, 1, 0, 0}, target_id=0: 0.00245576ms, 1%
@79 = load[offset=102760448,end=205520896](@1) -> float_type, {64, 128, 56, 56}, {401408, 3136, 56, 1}, target_id=0: 0.00192506ms, 1%
@80 = gpu::code_object[code_object=7312,symbol_name=mlir_convolution_add_clip,global=802816,local=256,](@78,@77,@60,@79) -> float_type, {64, 128, 56, 56}, {401408, 3136, 56, 1}, target_id=0: 0.174488ms, 2%
@81 = multibroadcast[out_lens={64, 128, 56, 56},out_dyn_dims={}](@41) -> float_type, {64, 128, 56, 56}, {0, 1, 0, 0}, target_id=0: 0.00306752ms, 1%
@82 = load[offset=0,end=102760448](@1) -> float_type, {64, 128, 56, 56}, {401408, 3136, 56, 1}, target_id=0: 0.00173488ms, 1%
@83 = gpu::code_object[code_object=6032,symbol_name=mlir_convolution_add_clip,global=25690112,local=64,](@81,@80,@63,@82) -> float_type, {64, 128, 56, 56}, {401408, 3136, 56, 1}, target_id=0: 1.22913ms, 12%
@84 = load[offset=209223680,end=311984128](@1) -> float_type, {64, 128, 56, 56}, {401408, 3136, 56, 1}, target_id=0: 0.0023244ms, 1%
@85 = multibroadcast[out_lens={64, 128, 56, 56},out_dyn_dims={}](@33) -> float_type, {64, 128, 56, 56}, {0, 1, 0, 0}, target_id=0: 0.00235662ms, 1%
@86 = gpu::code_object[code_object=6736,symbol_name=mlir_convolution_add_clip,global=802816,local=256,](@85,@83,@56,@84) -> float_type, {64, 128, 56, 56}, {401408, 3136, 56, 1}, target_id=0: 0.275802ms, 3%
@87 = load[offset=102760448,end=209223680](@1) -> float_type, {64, 128, 57, 57}, {415872, 3249, 57, 1}, target_id=0: 0.00236076ms, 1%
@88 = gpu::code_object[code_object=5248,symbol_name=pad_kernel,global=212992,local=1024,](@86,@87) -> float_type, {64, 128, 57, 57}, {415872, 3249, 57, 1}, target_id=0: 0.221386ms, 3%
@89 = multibroadcast[out_lens={64, 128, 28, 28},out_dyn_dims={}](@13) -> float_type, {64, 128, 28, 28}, {0, 1, 0, 0}, target_id=0: 0.0027924ms, 1%
@90 = load[offset=0,end=25690112](@1) -> float_type, {64, 128, 28, 28}, {100352, 784, 28, 1}, target_id=0: 0.00194166ms, 1%
@91 = gpu::code_object[code_object=5392,symbol_name=mlir_convolution_add_clip,global=6422528,local=256,](@89,@88,@42,@90) -> float_type, {64, 128, 28, 28}, {100352, 784, 28, 1}, target_id=0: 0.258942ms, 3%
@92 = load[offset=51380224,end=102760448](@1) -> float_type, {64, 256, 28, 28}, {200704, 784, 28, 1}, target_id=0: 0.00235934ms, 1%
@93 = multibroadcast[out_lens={64, 256, 28, 28},out_dyn_dims={}](@27) -> float_type, {64, 256, 28, 28}, {0, 1, 0, 0}, target_id=0: 0.00235226ms, 1%
@94 = gpu::code_object[code_object=6736,symbol_name=mlir_convolution_add_clip,global=401408,local=256,](@93,@91,@29,@92) -> float_type, {64, 256, 28, 28}, {200704, 784, 28, 1}, target_id=0: 0.149595ms, 2%
@95 = multibroadcast[out_lens={64, 256, 28, 28},out_dyn_dims={}](@57) -> float_type, {64, 256, 28, 28}, {0, 1, 0, 0}, target_id=0: 0.00280632ms, 1%
@96 = load[offset=0,end=51380224](@1) -> float_type, {64, 256, 28, 28}, {200704, 784, 28, 1}, target_id=0: 0.00199468ms, 1%
@97 = gpu::code_object[code_object=6032,symbol_name=mlir_convolution_add_clip,global=12845056,local=64,](@95,@94,@55,@96) -> float_type, {64, 256, 28, 28}, {200704, 784, 28, 1}, target_id=0: 0.603534ms, 6%
@98 = multibroadcast[out_lens={64, 256, 28, 28},out_dyn_dims={}](@47) -> float_type, {64, 256, 28, 28}, {0, 1, 0, 0}, target_id=0: 0.00228674ms, 1%
@99 = load[offset=106496000,end=157876224](@1) -> float_type, {64, 256, 28, 28}, {200704, 784, 28, 1}, target_id=0: 0.0021049ms, 1%
@100 = gpu::code_object[code_object=6736,symbol_name=mlir_convolution_add_clip,global=401408,local=256,](@98,@97,@34,@99) -> float_type, {64, 256, 28, 28}, {200704, 784, 28, 1}, target_id=0: 0.242815ms, 3%
@101 = load[offset=51380224,end=106496000](@1) -> float_type, {64, 256, 29, 29}, {215296, 841, 29, 1}, target_id=0: 0.00235774ms, 1%
@102 = gpu::code_object[code_object=5248,symbol_name=pad_kernel,global=212992,local=1024,](@100,@101) -> float_type, {64, 256, 29, 29}, {215296, 841, 29, 1}, target_id=0: 0.117661ms, 2%
@103 = multibroadcast[out_lens={64, 256, 14, 14},out_dyn_dims={}](@62) -> float_type, {64, 256, 14, 14}, {0, 1, 0, 0}, target_id=0: 0.00264696ms, 1%
@104 = load[offset=38535168,end=51380224](@1) -> float_type, {64, 256, 14, 14}, {50176, 196, 14, 1}, target_id=0: 0.00201576ms, 1%
@105 = gpu::code_object[code_object=5840,symbol_name=mlir_convolution_add_clip,global=3211264,local=256,](@103,@102,@18,@104) -> float_type, {64, 256, 14, 14}, {50176, 196, 14, 1}, target_id=0: 0.173418ms, 2%
@106 = load[offset=12845056,end=38535168](@1) -> float_type, {64, 512, 14, 14}, {100352, 196, 14, 1}, target_id=0: 0.0024027ms, 1%
@107 = multibroadcast[out_lens={64, 512, 14, 14},out_dyn_dims={}](@44) -> float_type, {64, 512, 14, 14}, {0, 1, 0, 0}, target_id=0: 0.0026903ms, 1%
@108 = gpu::code_object[code_object=6736,symbol_name=mlir_convolution_add_clip,global=200704,local=256,](@107,@105,@51,@106) -> float_type, {64, 512, 14, 14}, {100352, 196, 14, 1}, target_id=0: 0.137956ms, 2%
@109 = multibroadcast[out_lens={64, 512, 14, 14},out_dyn_dims={}](@28) -> float_type, {64, 512, 14, 14}, {0, 1, 0, 0}, target_id=0: 0.0030492ms, 1%
@110 = load[offset=51380224,end=77070336](@1) -> float_type, {64, 512, 14, 14}, {100352, 196, 14, 1}, target_id=0: 0.00171944ms, 1%
@111 = gpu::code_object[code_object=6288,symbol_name=mlir_convolution_add_clip,global=6422528,local=64,](@109,@108,@59,@110) -> float_type, {64, 512, 14, 14}, {100352, 196, 14, 1}, target_id=0: 0.312837ms, 3%
@112 = multibroadcast[out_lens={64, 512, 14, 14},out_dyn_dims={}](@36) -> float_type, {64, 512, 14, 14}, {0, 1, 0, 0}, target_id=0: 0.00225298ms, 1%
@113 = load[offset=25690112,end=51380224](@1) -> float_type, {64, 512, 14, 14}, {100352, 196, 14, 1}, target_id=0: 0.00198646ms, 1%
@114 = gpu::code_object[code_object=6736,symbol_name=mlir_convolution_add_clip,global=200704,local=256,](@112,@111,@37,@113) -> float_type, {64, 512, 14, 14}, {100352, 196, 14, 1}, target_id=0: 0.22567ms, 3%
@115 = multibroadcast[out_lens={64, 512, 14, 14},out_dyn_dims={}](@52) -> float_type, {64, 512, 14, 14}, {0, 1, 0, 0}, target_id=0: 0.00300332ms, 1%
@116 = load[offset=0,end=25690112](@1) -> float_type, {64, 512, 14, 14}, {100352, 196, 14, 1}, target_id=0: 0.0020197ms, 1%
@117 = gpu::code_object[code_object=6288,symbol_name=mlir_convolution_add_clip,global=6422528,local=64,](@115,@114,@50,@116) -> float_type, {64, 512, 14, 14}, {100352, 196, 14, 1}, target_id=0: 0.313529ms, 3%
@118 = multibroadcast[out_lens={64, 512, 14, 14},out_dyn_dims={}](@43) -> float_type, {64, 512, 14, 14}, {0, 1, 0, 0}, target_id=0: 0.0022097ms, 1%
@119 = load[offset=51380224,end=77070336](@1) -> float_type, {64, 512, 14, 14}, {100352, 196, 14, 1}, target_id=0: 0.00204228ms, 1%
@120 = gpu::code_object[code_object=6736,symbol_name=mlir_convolution_add_clip,global=200704,local=256,](@118,@117,@20,@119) -> float_type, {64, 512, 14, 14}, {100352, 196, 14, 1}, target_id=0: 0.224531ms, 3%
@121 = load[offset=25690112,end=51380224](@1) -> float_type, {64, 512, 14, 14}, {100352, 196, 14, 1}, target_id=0: 0.0024333ms, 1%
@122 = multibroadcast[out_lens={64, 512, 14, 14},out_dyn_dims={}](@53) -> float_type, {64, 512, 14, 14}, {0, 1, 0, 0}, target_id=0: 0.00282448ms, 1%
@123 = gpu::code_object[code_object=6288,symbol_name=mlir_convolution_add_clip,global=6422528,local=64,](@122,@120,@45,@121) -> float_type, {64, 512, 14, 14}, {100352, 196, 14, 1}, target_id=0: 0.312266ms, 3%
@124 = multibroadcast[out_lens={64, 512, 14, 14},out_dyn_dims={}](@19) -> float_type, {64, 512, 14, 14}, {0, 1, 0, 0}, target_id=0: 0.0022574ms, 1%
@125 = load[offset=0,end=25690112](@1) -> float_type, {64, 512, 14, 14}, {100352, 196, 14, 1}, target_id=0: 0.00206032ms, 1%
@126 = gpu::code_object[code_object=6736,symbol_name=mlir_convolution_add_clip,global=200704,local=256,](@124,@123,@23,@125) -> float_type, {64, 512, 14, 14}, {100352, 196, 14, 1}, target_id=0: 0.223902ms, 3%
@127 = load[offset=51380224,end=77070336](@1) -> float_type, {64, 512, 14, 14}, {100352, 196, 14, 1}, target_id=0: 0.0025563ms, 1%
@128 = multibroadcast[out_lens={64, 512, 14, 14},out_dyn_dims={}](@21) -> float_type, {64, 512, 14, 14}, {0, 1, 0, 0}, target_id=0: 0.00222656ms, 1%
@129 = gpu::code_object[code_object=6288,symbol_name=mlir_convolution_add_clip,global=6422528,local=64,](@128,@126,@40,@127) -> float_type, {64, 512, 14, 14}, {100352, 196, 14, 1}, target_id=0: 0.311558ms, 3%
@130 = load[offset=25690112,end=51380224](@1) -> float_type, {64, 512, 14, 14}, {100352, 196, 14, 1}, target_id=0: 0.00240414ms, 1%
@131 = multibroadcast[out_lens={64, 512, 14, 14},out_dyn_dims={}](@26) -> float_type, {64, 512, 14, 14}, {0, 1, 0, 0}, target_id=0: 0.00236062ms, 1%
@132 = gpu::code_object[code_object=6736,symbol_name=mlir_convolution_add_clip,global=200704,local=256,](@131,@129,@25,@130) -> float_type, {64, 512, 14, 14}, {100352, 196, 14, 1}, target_id=0: 0.223732ms, 3%
@133 = load[offset=0,end=25690112](@1) -> float_type, {64, 512, 14, 14}, {100352, 196, 14, 1}, target_id=0: 0.00252544ms, 1%
@134 = multibroadcast[out_lens={64, 512, 14, 14},out_dyn_dims={}](@35) -> float_type, {64, 512, 14, 14}, {0, 1, 0, 0}, target_id=0: 0.00220982ms, 1%
@135 = gpu::code_object[code_object=6288,symbol_name=mlir_convolution_add_clip,global=6422528,local=64,](@134,@132,@30,@133) -> float_type, {64, 512, 14, 14}, {100352, 196, 14, 1}, target_id=0: 0.309564ms, 3%
@136 = load[offset=55181312,end=80871424](@1) -> float_type, {64, 512, 14, 14}, {100352, 196, 14, 1}, target_id=0: 0.00235792ms, 1%
@137 = multibroadcast[out_lens={64, 512, 14, 14},out_dyn_dims={}](@10) -> float_type, {64, 512, 14, 14}, {0, 1, 0, 0}, target_id=0: 0.00236352ms, 1%
@138 = gpu::code_object[code_object=6736,symbol_name=mlir_convolution_add_clip,global=200704,local=256,](@137,@135,@54,@136) -> float_type, {64, 512, 14, 14}, {100352, 196, 14, 1}, target_id=0: 0.223677ms, 3%
@139 = load[offset=25690112,end=55181312](@1) -> float_type, {64, 512, 15, 15}, {115200, 225, 15, 1}, target_id=0: 0.00249614ms, 1%
@140 = gpu::code_object[code_object=5248,symbol_name=pad_kernel,global=212992,local=1024,](@138,@139) -> float_type, {64, 512, 15, 15}, {115200, 225, 15, 1}, target_id=0: 0.0699644ms, 1%
@141 = load[offset=12845056,end=19267584](@1) -> float_type, {64, 512, 7, 7}, {25088, 49, 7, 1}, target_id=0: 0.00243328ms, 1%
@142 = multibroadcast[out_lens={64, 512, 7, 7},out_dyn_dims={}](@39) -> float_type, {64, 512, 7, 7}, {0, 1, 0, 0}, target_id=0: 0.00199346ms, 1%
@143 = gpu::code_object[code_object=6032,symbol_name=mlir_convolution_add_clip,global=1605632,local=64,](@142,@140,@24,@141) -> float_type, {64, 512, 7, 7}, {25088, 49, 7, 1}, target_id=0: 0.102105ms, 1%
@144 = multibroadcast[out_lens={64, 1024, 7, 7},out_dyn_dims={}](@31) -> float_type, {64, 1024, 7, 7}, {0, 1, 0, 0}, target_id=0: 0.00278808ms, 1%
@145 = load[offset=0,end=12845056](@1) -> float_type, {64, 1024, 7, 7}, {50176, 49, 7, 1}, target_id=0: 0.00178654ms, 1%
@146 = gpu::code_object[code_object=7888,symbol_name=mlir_convolution_add_clip,global=102400,local=256,](@144,@143,@49,@145) -> float_type, {64, 1024, 7, 7}, {50176, 49, 7, 1}, target_id=0: 0.144386ms, 2%
@147 = multibroadcast[out_lens={64, 1024, 7, 7},out_dyn_dims={}](@48) -> float_type, {64, 1024, 7, 7}, {0, 1, 0, 0}, target_id=0: 0.00319746ms, 1%
@148 = load[offset=19267584,end=32112640](@1) -> float_type, {64, 1024, 7, 7}, {50176, 49, 7, 1}, target_id=0: 0.00166228ms, 1%
@149 = gpu::code_object[code_object=6160,symbol_name=mlir_convolution_add_clip,global=3211264,local=64,](@147,@146,@17,@148) -> float_type, {64, 1024, 7, 7}, {50176, 49, 7, 1}, target_id=0: 0.151701ms, 2%
@150 = load[offset=262144,end=13107200](@1) -> float_type, {64, 1024, 7, 7}, {50176, 49, 7, 1}, target_id=0: 0.00251156ms, 1%
@151 = multibroadcast[out_lens={64, 1024, 7, 7},out_dyn_dims={}](@15) -> float_type, {64, 1024, 7, 7}, {0, 1, 0, 0}, target_id=0: 0.00205624ms, 1%
@152 = gpu::code_object[code_object=7952,symbol_name=mlir_convolution_add_clip,global=102400,local=256,](@151,@149,@16,@150) -> float_type, {64, 1024, 7, 7}, {50176, 49, 7, 1}, target_id=0: 0.246537ms, 3%
@153 = load[offset=13107200,end=13369344](@1) -> float_type, {64, 1024, 1, 1}, {1024, 1, 1, 1}, target_id=0: 0.00227124ms, 1%
@154 = gpu::pooling[mode=average,padding={0, 0, 0, 0},padding_mode=0,stride={2, 2},lengths={7, 7},dilations={1, 1},ceil_mode=0,lp_order=2,dyn_global=0](@152,@153) -> float_type, {64, 1024, 1, 1}, {1024, 1, 1, 1}, target_id=0: 0.280721ms, 3%
@155 = broadcast[axis=1,out_lens={64, 1001, 1, 1}](@11) -> float_type, {64, 1001, 1, 1}, {0, 1, 0, 0}, target_id=0: 0.002316ms, 1%
@156 = load[offset=0,end=256256](@1) -> float_type, {64, 1001, 1, 1}, {1001, 1, 1, 1}, target_id=0: 0.00212312ms, 1%
@157 = gpu::code_object[code_object=6464,symbol_name=mlir_convolution_add,global=16384,local=256,](@155,@154,@38,@156) -> float_type, {64, 1001, 1, 1}, {1001, 1, 1, 1}, target_id=0: 0.0372346ms, 1%
main:#output_0 = @param:main:#output_0 -> float_type, {64, 1001}, {1001, 1}, target_id=0: 0.00260378ms, 1%
@159 = transpose[permutation={0, 2, 3, 1}](@157) -> float_type, {64, 1, 1, 1001}, {1001, 1, 1, 1}, target_id=0: 0.00271676ms, 1%
@160 = squeeze[axes={1, 2}](@159) -> float_type, {64, 1001}, {1001, 1}, target_id=0: 0.00229088ms, 1%
@161 = gpu::code_object[code_object=6848,symbol_name=reduce_max_sub_exp_reduce_sum_div_kernel,global=16384,local=256,](@160,main:#output_0) -> float_type, {64, 1001}, {1001, 1}, target_id=0: 0.0250736ms, 1%
@162 = @return(@161), target_id=0
Summary:
gpu::code_object::mlir_convolution_add_clip: 8.59192ms / 26 = 0.330458ms, 83%
gpu::code_object::pad_kernel: 0.951055ms / 5 = 0.190211ms, 10%
gpu::pooling: 0.280721ms / 1 = 0.280721ms, 3%
gpu::code_object::add_clip_kernel: 0.174399ms / 1 = 0.174399ms, 2%
gpu::convolution: 0.158705ms / 1 = 0.158705ms, 2%
hip::hip_copy_literal: 0.0957265ms / 56 = 0.0017094ms, 1%
load: 0.0763102ms / 36 = 0.00211973ms, 1%
multibroadcast: 0.0681331ms / 27 = 0.00252345ms, 1%
gpu::code_object::mlir_convolution_add: 0.0372346ms / 1 = 0.0372346ms, 1%
gpu::code_object::reduce_max_sub_exp_reduce_sum_div_kernel: 0.0250736ms / 1 = 0.0250736ms, 1%
@param: 0.00404688ms / 2 = 0.00202344ms, 1%
transpose: 0.00271676ms / 1 = 0.00271676ms, 1%
broadcast: 0.002316ms / 1 = 0.002316ms, 1%
squeeze: 0.00229088ms / 1 = 0.00229088ms, 1%
check_context::migraphx::gpu::context: 0.00199906ms / 1 = 0.00199906ms, 1%
hip::hip_allocate_memory: 0.00193324ms / 1 = 0.00193324ms, 1%

Batch size: 1
Rate: 104.855 inferences/sec
Total time: 9.53699ms
Total instructions time: 10.4746ms
Overhead time: 0.0236571ms, -0.937586ms
Overhead: 0%, -10%
[ MIGraphX Version: 2.10.0.ac4742b57 ] Complete: /src/AMDMIGraphX/build/bin/driver perf --gpu /new-saved-models/slim/mobilenet_i64.pb
