Running [ MIGraphX Version: 2.10.0.ac4742b57 ]: /src/AMDMIGraphX/build/bin/driver perf --gpu /new-saved-models/torchvision/resnet50i64.onnx
Compiling ... 
Reading: /new-saved-models/torchvision/resnet50i64.onnx
module: "main"
@0 = check_context::migraphx::gpu::context -> float_type, {}, {}, target_id=0
@1 = hip::hip_allocate_memory[shape=int8_type, {616562688}, {1},id=main:scratch] -> int8_type, {616562688}, {1}, target_id=0
@2 = hip::hip_copy_literal[id=main:@literal:98] -> float_type, {64}, {1}, target_id=0
@3 = hip::hip_copy_literal[id=main:@literal:99] -> float_type, {64, 3, 7, 7}, {147, 49, 7, 1}, target_id=0
@4 = load[offset=205520896,end=411041792](@1) -> float_type, {64, 64, 112, 112}, {802816, 12544, 112, 1}, target_id=0
@5 = broadcast[axis=1,out_lens={64, 64, 112, 112}](@2) -> float_type, {64, 64, 112, 112}, {0, 1, 0, 0}, target_id=0
input.1 = @param:input.1 -> float_type, {64, 3, 224, 224}, {150528, 50176, 224, 1}, target_id=0
@7 = gpu::code_object[code_object=8336,symbol_name=mlir_convolution_add_relu,global=1605632,local=256,](@5,input.1,@3,@4) -> float_type, {64, 64, 112, 112}, {802816, 12544, 112, 1}, target_id=0
@8 = load[offset=154140672,end=205520896](@1) -> float_type, {64, 64, 56, 56}, {200704, 3136, 56, 1}, target_id=0
@9 = gpu::pooling[mode=max,padding={1, 1, 1, 1},padding_mode=0,stride={2, 2},lengths={3, 3},dilations={1, 1},ceil_mode=0,lp_order=2,dyn_global=0](@7,@8) -> float_type, {64, 64, 56, 56}, {200704, 3136, 56, 1}, target_id=0
@10 = hip::hip_copy_literal[id=main:@literal:96] -> float_type, {64}, {1}, target_id=0
@11 = hip::hip_copy_literal[id=main:@literal:97] -> float_type, {64, 64, 1, 1}, {64, 1, 1, 1}, target_id=0
@12 = broadcast[axis=1,out_lens={64, 64, 56, 56}](@10) -> float_type, {64, 64, 56, 56}, {0, 1, 0, 0}, target_id=0
@13 = load[offset=102760448,end=154140672](@1) -> float_type, {64, 64, 56, 56}, {200704, 3136, 56, 1}, target_id=0
@14 = gpu::code_object[code_object=7120,symbol_name=mlir_convolution_add_relu,global=401408,local=256,](@12,@9,@11,@13) -> float_type, {64, 64, 56, 56}, {200704, 3136, 56, 1}, target_id=0
@15 = hip::hip_copy_literal[id=main:@literal:95] -> float_type, {64, 64, 3, 3}, {576, 9, 3, 1}, target_id=0
@16 = load[offset=0,end=0](@1) -> int8_type, {0}, {1}, target_id=0
@17 = load[offset=51380224,end=102760448](@1) -> float_type, {64, 64, 56, 56}, {200704, 3136, 56, 1}, target_id=0
@18 = gpu::convolution[op={padding={1, 1, 1, 1},stride={1, 1},dilation={1, 1},group=1,padding_mode=0},solution_object={binary_object: 436},algo=0,solution_id=0](@14,@15,@16,@17) -> float_type, {64, 64, 56, 56}, {200704, 3136, 56, 1}, target_id=0
@19 = hip::hip_copy_literal[id=main:@literal:3] -> float_type, {256, 128, 1, 1}, {128, 1, 1, 1}, target_id=0
@20 = hip::hip_copy_literal[id=main:@literal:94] -> float_type, {64}, {1}, target_id=0
@21 = load[offset=0,end=51380224](@1) -> float_type, {64, 64, 56, 56}, {200704, 3136, 56, 1}, target_id=0
@22 = broadcast[axis=1,out_lens={64, 64, 56, 56}](@20) -> float_type, {64, 64, 56, 56}, {0, 1, 0, 0}, target_id=0
@23 = gpu::code_object[code_object=5320,symbol_name=add_relu_kernel,global=1605632,local=1024,](@18,@22,@21) -> float_type, {64, 64, 56, 56}, {200704, 3136, 56, 1}, target_id=0
@24 = load[offset=205520896,end=308281344](@1) -> float_type, {64, 128, 56, 56}, {401408, 3136, 56, 1}, target_id=0
@25 = gpu::code_object[code_object=5192,symbol_name=concat_kernel,global=3211264,local=1024,](@23,@9,@24) -> float_type, {64, 128, 56, 56}, {401408, 3136, 56, 1}, target_id=0
@26 = hip::hip_copy_literal[id=main:@literal:2] -> float_type, {256}, {1}, target_id=0
@27 = load[offset=411041792,end=616562688](@1) -> float_type, {64, 256, 56, 56}, {802816, 3136, 56, 1}, target_id=0
@28 = broadcast[axis=1,out_lens={64, 256, 56, 56}](@26) -> float_type, {64, 256, 56, 56}, {0, 1, 0, 0}, target_id=0
@29 = gpu::code_object[code_object=6608,symbol_name=mlir_convolution_add_relu,global=1605632,local=256,](@28,@25,@19,@27) -> float_type, {64, 256, 56, 56}, {802816, 3136, 56, 1}, target_id=0
@30 = hip::hip_copy_literal[id=main:@literal:92] -> float_type, {64}, {1}, target_id=0
@31 = hip::hip_copy_literal[id=main:@literal:93] -> float_type, {64, 256, 1, 1}, {256, 1, 1, 1}, target_id=0
@32 = load[offset=102760448,end=154140672](@1) -> float_type, {64, 64, 56, 56}, {200704, 3136, 56, 1}, target_id=0
@33 = broadcast[axis=1,out_lens={64, 64, 56, 56}](@30) -> float_type, {64, 64, 56, 56}, {0, 1, 0, 0}, target_id=0
@34 = gpu::code_object[code_object=6608,symbol_name=mlir_convolution_add_relu,global=401408,local=256,](@33,@29,@31,@32) -> float_type, {64, 64, 56, 56}, {200704, 3136, 56, 1}, target_id=0
@35 = hip::hip_copy_literal[id=main:@literal:91] -> float_type, {64, 64, 3, 3}, {576, 9, 3, 1}, target_id=0
@36 = load[offset=0,end=0](@1) -> int8_type, {0}, {1}, target_id=0
@37 = load[offset=51380224,end=102760448](@1) -> float_type, {64, 64, 56, 56}, {200704, 3136, 56, 1}, target_id=0
@38 = gpu::convolution[op={padding={1, 1, 1, 1},stride={1, 1},dilation={1, 1},group=1,padding_mode=0},solution_object={binary_object: 436},algo=0,solution_id=0](@34,@35,@36,@37) -> float_type, {64, 64, 56, 56}, {200704, 3136, 56, 1}, target_id=0
@39 = hip::hip_copy_literal[id=main:@literal:90] -> float_type, {64}, {1}, target_id=0
@40 = load[offset=0,end=51380224](@1) -> float_type, {64, 64, 56, 56}, {200704, 3136, 56, 1}, target_id=0
@41 = broadcast[axis=1,out_lens={64, 64, 56, 56}](@39) -> float_type, {64, 64, 56, 56}, {0, 1, 0, 0}, target_id=0
@42 = gpu::code_object[code_object=5320,symbol_name=add_relu_kernel,global=1605632,local=1024,](@38,@41,@40) -> float_type, {64, 64, 56, 56}, {200704, 3136, 56, 1}, target_id=0
@43 = hip::hip_copy_literal[id=main:@literal:88] -> float_type, {256}, {1}, target_id=0
@44 = hip::hip_copy_literal[id=main:@literal:89] -> float_type, {256, 64, 1, 1}, {64, 1, 1, 1}, target_id=0
@45 = load[offset=205520896,end=411041792](@1) -> float_type, {64, 256, 56, 56}, {802816, 3136, 56, 1}, target_id=0
@46 = broadcast[axis=1,out_lens={64, 256, 56, 56}](@43) -> float_type, {64, 256, 56, 56}, {0, 1, 0, 0}, target_id=0
@47 = gpu::code_object[code_object=7640,symbol_name=mlir_convolution_add_add_relu,global=1605632,local=256,](@46,@29,@42,@44,@45) -> float_type, {64, 256, 56, 56}, {802816, 3136, 56, 1}, target_id=0
@48 = hip::hip_copy_literal[id=main:@literal:86] -> float_type, {64}, {1}, target_id=0
@49 = hip::hip_copy_literal[id=main:@literal:87] -> float_type, {64, 256, 1, 1}, {256, 1, 1, 1}, target_id=0
@50 = load[offset=51380224,end=102760448](@1) -> float_type, {64, 64, 56, 56}, {200704, 3136, 56, 1}, target_id=0
@51 = broadcast[axis=1,out_lens={64, 64, 56, 56}](@48) -> float_type, {64, 64, 56, 56}, {0, 1, 0, 0}, target_id=0
@52 = gpu::code_object[code_object=6608,symbol_name=mlir_convolution_add_relu,global=401408,local=256,](@51,@47,@49,@50) -> float_type, {64, 64, 56, 56}, {200704, 3136, 56, 1}, target_id=0
@53 = hip::hip_copy_literal[id=main:@literal:85] -> float_type, {64, 64, 3, 3}, {576, 9, 3, 1}, target_id=0
@54 = load[offset=0,end=0](@1) -> int8_type, {0}, {1}, target_id=0
@55 = load[offset=0,end=51380224](@1) -> float_type, {64, 64, 56, 56}, {200704, 3136, 56, 1}, target_id=0
@56 = gpu::convolution[op={padding={1, 1, 1, 1},stride={1, 1},dilation={1, 1},group=1,padding_mode=0},solution_object={binary_object: 436},algo=0,solution_id=0](@52,@53,@54,@55) -> float_type, {64, 64, 56, 56}, {200704, 3136, 56, 1}, target_id=0
@57 = hip::hip_copy_literal[id=main:@literal:84] -> float_type, {64}, {1}, target_id=0
@58 = load[offset=411041792,end=462422016](@1) -> float_type, {64, 64, 56, 56}, {200704, 3136, 56, 1}, target_id=0
@59 = broadcast[axis=1,out_lens={64, 64, 56, 56}](@57) -> float_type, {64, 64, 56, 56}, {0, 1, 0, 0}, target_id=0
@60 = gpu::code_object[code_object=5320,symbol_name=add_relu_kernel,global=1605632,local=1024,](@56,@59,@58) -> float_type, {64, 64, 56, 56}, {200704, 3136, 56, 1}, target_id=0
@61 = hip::hip_copy_literal[id=main:@literal:82] -> float_type, {256}, {1}, target_id=0
@62 = hip::hip_copy_literal[id=main:@literal:83] -> float_type, {256, 64, 1, 1}, {64, 1, 1, 1}, target_id=0
@63 = load[offset=0,end=205520896](@1) -> float_type, {64, 256, 56, 56}, {802816, 3136, 56, 1}, target_id=0
@64 = broadcast[axis=1,out_lens={64, 256, 56, 56}](@61) -> float_type, {64, 256, 56, 56}, {0, 1, 0, 0}, target_id=0
@65 = gpu::code_object[code_object=7640,symbol_name=mlir_convolution_add_add_relu,global=1605632,local=256,](@64,@47,@60,@62,@63) -> float_type, {64, 256, 56, 56}, {802816, 3136, 56, 1}, target_id=0
@66 = hip::hip_copy_literal[id=main:@literal:80] -> float_type, {128}, {1}, target_id=0
@67 = hip::hip_copy_literal[id=main:@literal:81] -> float_type, {128, 256, 1, 1}, {256, 1, 1, 1}, target_id=0
@68 = load[offset=231211008,end=333971456](@1) -> float_type, {64, 128, 56, 56}, {401408, 3136, 56, 1}, target_id=0
@69 = broadcast[axis=1,out_lens={64, 128, 56, 56}](@66) -> float_type, {64, 128, 56, 56}, {0, 1, 0, 0}, target_id=0
@70 = gpu::code_object[code_object=6672,symbol_name=mlir_convolution_add_relu,global=802816,local=256,](@69,@65,@67,@68) -> float_type, {64, 128, 56, 56}, {401408, 3136, 56, 1}, target_id=0
@71 = hip::hip_copy_literal[id=main:@literal:79] -> float_type, {128, 128, 3, 3}, {1152, 9, 3, 1}, target_id=0
@72 = load[offset=0,end=0](@1) -> int8_type, {0}, {1}, target_id=0
@73 = load[offset=205520896,end=231211008](@1) -> float_type, {64, 128, 28, 28}, {100352, 784, 28, 1}, target_id=0
@74 = gpu::convolution[op={padding={1, 1, 1, 1},stride={2, 2},dilation={1, 1},group=1,padding_mode=0},solution_object={binary_object: 458},algo=0,solution_id=0](@70,@71,@72,@73) -> float_type, {64, 128, 28, 28}, {100352, 784, 28, 1}, target_id=0
@75 = hip::hip_copy_literal[id=main:@literal:5] -> float_type, {512, 384, 1, 1}, {384, 1, 1, 1}, target_id=0
@76 = hip::hip_copy_literal[id=main:@literal:78] -> float_type, {128}, {1}, target_id=0
@77 = load[offset=282591232,end=308281344](@1) -> float_type, {64, 128, 28, 28}, {100352, 784, 28, 1}, target_id=0
@78 = broadcast[axis=1,out_lens={64, 128, 28, 28}](@76) -> float_type, {64, 128, 28, 28}, {0, 1, 0, 0}, target_id=0
@79 = gpu::code_object[code_object=5320,symbol_name=add_relu_kernel,global=802816,local=1024,](@74,@78,@77) -> float_type, {64, 128, 28, 28}, {100352, 784, 28, 1}, target_id=0
@80 = step[axes={2, 3},steps={2, 2}](@65) -> float_type, {64, 256, 28, 28}, {802816, 3136, 112, 2}, target_id=0
@81 = load[offset=205520896,end=282591232](@1) -> float_type, {64, 384, 28, 28}, {301056, 784, 28, 1}, target_id=0
@82 = gpu::code_object[code_object=5512,symbol_name=concat_kernel,global=9633792,local=1024,](@79,@80,@81) -> float_type, {64, 384, 28, 28}, {301056, 784, 28, 1}, target_id=0
@83 = hip::hip_copy_literal[id=main:@literal:4] -> float_type, {512}, {1}, target_id=0
@84 = load[offset=282591232,end=385351680](@1) -> float_type, {64, 512, 28, 28}, {401408, 784, 28, 1}, target_id=0
@85 = broadcast[axis=1,out_lens={64, 512, 28, 28}](@83) -> float_type, {64, 512, 28, 28}, {0, 1, 0, 0}, target_id=0
@86 = gpu::code_object[code_object=6544,symbol_name=mlir_convolution_add_relu,global=802816,local=256,](@85,@82,@75,@84) -> float_type, {64, 512, 28, 28}, {401408, 784, 28, 1}, target_id=0
@87 = hip::hip_copy_literal[id=main:@literal:76] -> float_type, {128}, {1}, target_id=0
@88 = hip::hip_copy_literal[id=main:@literal:77] -> float_type, {128, 512, 1, 1}, {512, 1, 1, 1}, target_id=0
@89 = broadcast[axis=1,out_lens={64, 128, 28, 28}](@87) -> float_type, {64, 128, 28, 28}, {0, 1, 0, 0}, target_id=0
@90 = load[offset=0,end=25690112](@1) -> float_type, {64, 128, 28, 28}, {100352, 784, 28, 1}, target_id=0
@91 = gpu::code_object[code_object=6544,symbol_name=mlir_convolution_add_relu,global=200704,local=256,](@89,@86,@88,@90) -> float_type, {64, 128, 28, 28}, {100352, 784, 28, 1}, target_id=0
@92 = hip::hip_copy_literal[id=main:@literal:75] -> float_type, {128, 128, 3, 3}, {1152, 9, 3, 1}, target_id=0
@93 = load[offset=0,end=0](@1) -> int8_type, {0}, {1}, target_id=0
@94 = load[offset=51380224,end=77070336](@1) -> float_type, {64, 128, 28, 28}, {100352, 784, 28, 1}, target_id=0
@95 = gpu::convolution[op={padding={1, 1, 1, 1},stride={1, 1},dilation={1, 1},group=1,padding_mode=0},solution_object={binary_object: 457},algo=0,solution_id=0](@91,@92,@93,@94) -> float_type, {64, 128, 28, 28}, {100352, 784, 28, 1}, target_id=0
@96 = hip::hip_copy_literal[id=main:@literal:74] -> float_type, {128}, {1}, target_id=0
@97 = broadcast[axis=1,out_lens={64, 128, 28, 28}](@96) -> float_type, {64, 128, 28, 28}, {0, 1, 0, 0}, target_id=0
@98 = load[offset=25690112,end=51380224](@1) -> float_type, {64, 128, 28, 28}, {100352, 784, 28, 1}, target_id=0
@99 = gpu::code_object[code_object=5320,symbol_name=add_relu_kernel,global=802816,local=1024,](@95,@97,@98) -> float_type, {64, 128, 28, 28}, {100352, 784, 28, 1}, target_id=0
@100 = hip::hip_copy_literal[id=main:@literal:72] -> float_type, {512}, {1}, target_id=0
@101 = hip::hip_copy_literal[id=main:@literal:73] -> float_type, {512, 128, 1, 1}, {128, 1, 1, 1}, target_id=0
@102 = broadcast[axis=1,out_lens={64, 512, 28, 28}](@100) -> float_type, {64, 512, 28, 28}, {0, 1, 0, 0}, target_id=0
@103 = load[offset=154140672,end=256901120](@1) -> float_type, {64, 512, 28, 28}, {401408, 784, 28, 1}, target_id=0
@104 = gpu::code_object[code_object=7832,symbol_name=mlir_convolution_add_add_relu,global=1605632,local=256,](@102,@86,@99,@101,@103) -> float_type, {64, 512, 28, 28}, {401408, 784, 28, 1}, target_id=0
@105 = hip::hip_copy_literal[id=main:@literal:70] -> float_type, {128}, {1}, target_id=0
@106 = hip::hip_copy_literal[id=main:@literal:71] -> float_type, {128, 512, 1, 1}, {512, 1, 1, 1}, target_id=0
@107 = load[offset=51380224,end=77070336](@1) -> float_type, {64, 128, 28, 28}, {100352, 784, 28, 1}, target_id=0
@108 = broadcast[axis=1,out_lens={64, 128, 28, 28}](@105) -> float_type, {64, 128, 28, 28}, {0, 1, 0, 0}, target_id=0
@109 = gpu::code_object[code_object=6544,symbol_name=mlir_convolution_add_relu,global=200704,local=256,](@108,@104,@106,@107) -> float_type, {64, 128, 28, 28}, {100352, 784, 28, 1}, target_id=0
@110 = hip::hip_copy_literal[id=main:@literal:69] -> float_type, {128, 128, 3, 3}, {1152, 9, 3, 1}, target_id=0
@111 = load[offset=0,end=0](@1) -> int8_type, {0}, {1}, target_id=0
@112 = load[offset=25690112,end=51380224](@1) -> float_type, {64, 128, 28, 28}, {100352, 784, 28, 1}, target_id=0
@113 = gpu::convolution[op={padding={1, 1, 1, 1},stride={1, 1},dilation={1, 1},group=1,padding_mode=0},solution_object={binary_object: 457},algo=0,solution_id=0](@109,@110,@111,@112) -> float_type, {64, 128, 28, 28}, {100352, 784, 28, 1}, target_id=0
@114 = hip::hip_copy_literal[id=main:@literal:68] -> float_type, {128}, {1}, target_id=0
@115 = load[offset=0,end=25690112](@1) -> float_type, {64, 128, 28, 28}, {100352, 784, 28, 1}, target_id=0
@116 = broadcast[axis=1,out_lens={64, 128, 28, 28}](@114) -> float_type, {64, 128, 28, 28}, {0, 1, 0, 0}, target_id=0
@117 = gpu::code_object[code_object=5320,symbol_name=add_relu_kernel,global=802816,local=1024,](@113,@116,@115) -> float_type, {64, 128, 28, 28}, {100352, 784, 28, 1}, target_id=0
@118 = hip::hip_copy_literal[id=main:@literal:66] -> float_type, {512}, {1}, target_id=0
@119 = hip::hip_copy_literal[id=main:@literal:67] -> float_type, {512, 128, 1, 1}, {128, 1, 1, 1}, target_id=0
@120 = broadcast[axis=1,out_lens={64, 512, 28, 28}](@118) -> float_type, {64, 512, 28, 28}, {0, 1, 0, 0}, target_id=0
@121 = load[offset=51380224,end=154140672](@1) -> float_type, {64, 512, 28, 28}, {401408, 784, 28, 1}, target_id=0
@122 = gpu::code_object[code_object=7832,symbol_name=mlir_convolution_add_add_relu,global=1605632,local=256,](@120,@104,@117,@119,@121) -> float_type, {64, 512, 28, 28}, {401408, 784, 28, 1}, target_id=0
@123 = hip::hip_copy_literal[id=main:@literal:64] -> float_type, {128}, {1}, target_id=0
@124 = hip::hip_copy_literal[id=main:@literal:65] -> float_type, {128, 512, 1, 1}, {512, 1, 1, 1}, target_id=0
@125 = load[offset=25690112,end=51380224](@1) -> float_type, {64, 128, 28, 28}, {100352, 784, 28, 1}, target_id=0
@126 = broadcast[axis=1,out_lens={64, 128, 28, 28}](@123) -> float_type, {64, 128, 28, 28}, {0, 1, 0, 0}, target_id=0
@127 = gpu::code_object[code_object=6544,symbol_name=mlir_convolution_add_relu,global=200704,local=256,](@126,@122,@124,@125) -> float_type, {64, 128, 28, 28}, {100352, 784, 28, 1}, target_id=0
@128 = hip::hip_copy_literal[id=main:@literal:63] -> float_type, {128, 128, 3, 3}, {1152, 9, 3, 1}, target_id=0
@129 = load[offset=0,end=0](@1) -> int8_type, {0}, {1}, target_id=0
@130 = load[offset=0,end=25690112](@1) -> float_type, {64, 128, 28, 28}, {100352, 784, 28, 1}, target_id=0
@131 = gpu::convolution[op={padding={1, 1, 1, 1},stride={1, 1},dilation={1, 1},group=1,padding_mode=0},solution_object={binary_object: 457},algo=0,solution_id=0](@127,@128,@129,@130) -> float_type, {64, 128, 28, 28}, {100352, 784, 28, 1}, target_id=0
@132 = hip::hip_copy_literal[id=main:@literal:62] -> float_type, {128}, {1}, target_id=0
@133 = load[offset=154140672,end=179830784](@1) -> float_type, {64, 128, 28, 28}, {100352, 784, 28, 1}, target_id=0
@134 = broadcast[axis=1,out_lens={64, 128, 28, 28}](@132) -> float_type, {64, 128, 28, 28}, {0, 1, 0, 0}, target_id=0
@135 = gpu::code_object[code_object=5320,symbol_name=add_relu_kernel,global=802816,local=1024,](@131,@134,@133) -> float_type, {64, 128, 28, 28}, {100352, 784, 28, 1}, target_id=0
@136 = hip::hip_copy_literal[id=main:@literal:60] -> float_type, {512}, {1}, target_id=0
@137 = hip::hip_copy_literal[id=main:@literal:61] -> float_type, {512, 128, 1, 1}, {128, 1, 1, 1}, target_id=0
@138 = broadcast[axis=1,out_lens={64, 512, 28, 28}](@136) -> float_type, {64, 512, 28, 28}, {0, 1, 0, 0}, target_id=0
@139 = load[offset=295436288,end=398196736](@1) -> float_type, {64, 512, 28, 28}, {401408, 784, 28, 1}, target_id=0
@140 = gpu::code_object[code_object=7832,symbol_name=mlir_convolution_add_add_relu,global=1605632,local=256,](@138,@122,@135,@137,@139) -> float_type, {64, 512, 28, 28}, {401408, 784, 28, 1}, target_id=0
@141 = hip::hip_copy_literal[id=main:@literal:58] -> float_type, {256}, {1}, target_id=0
@142 = hip::hip_copy_literal[id=main:@literal:59] -> float_type, {256, 512, 1, 1}, {512, 1, 1, 1}, target_id=0
@143 = broadcast[axis=1,out_lens={64, 256, 28, 28}](@141) -> float_type, {64, 256, 28, 28}, {0, 1, 0, 0}, target_id=0
@144 = load[offset=64225280,end=115605504](@1) -> float_type, {64, 256, 28, 28}, {200704, 784, 28, 1}, target_id=0
@145 = gpu::code_object[code_object=5968,symbol_name=mlir_convolution_add_relu,global=802816,local=256,](@143,@140,@142,@144) -> float_type, {64, 256, 28, 28}, {200704, 784, 28, 1}, target_id=0
@146 = hip::hip_copy_literal[id=main:@literal:57] -> float_type, {256, 256, 3, 3}, {2304, 9, 3, 1}, target_id=0
@147 = load[offset=0,end=0](@1) -> int8_type, {0}, {1}, target_id=0
@148 = load[offset=51380224,end=64225280](@1) -> float_type, {64, 256, 14, 14}, {50176, 196, 14, 1}, target_id=0
@149 = gpu::convolution[op={padding={1, 1, 1, 1},stride={2, 2},dilation={1, 1},group=1,padding_mode=0},solution_object={binary_object: 459},algo=0,solution_id=0](@145,@146,@147,@148) -> float_type, {64, 256, 14, 14}, {50176, 196, 14, 1}, target_id=0
@150 = hip::hip_copy_literal[id=main:@literal:7] -> float_type, {1024, 768, 1, 1}, {768, 1, 1, 1}, target_id=0
@151 = hip::hip_copy_literal[id=main:@literal:56] -> float_type, {256}, {1}, target_id=0
@152 = load[offset=0,end=12845056](@1) -> float_type, {64, 256, 14, 14}, {50176, 196, 14, 1}, target_id=0
@153 = broadcast[axis=1,out_lens={64, 256, 14, 14}](@151) -> float_type, {64, 256, 14, 14}, {0, 1, 0, 0}, target_id=0
@154 = gpu::code_object[code_object=5320,symbol_name=add_relu_kernel,global=802816,local=1024,](@149,@153,@152) -> float_type, {64, 256, 14, 14}, {50176, 196, 14, 1}, target_id=0
@155 = hip::hip_copy_literal[id=main:@literal:6] -> float_type, {1024}, {1}, target_id=0
@156 = step[axes={2, 3},steps={2, 2}](@140) -> float_type, {64, 512, 14, 14}, {401408, 784, 56, 2}, target_id=0
@157 = load[offset=25690112,end=64225280](@1) -> float_type, {64, 768, 14, 14}, {150528, 196, 14, 1}, target_id=0
@158 = gpu::code_object[code_object=5512,symbol_name=concat_kernel,global=4816896,local=1024,](@154,@156,@157) -> float_type, {64, 768, 14, 14}, {150528, 196, 14, 1}, target_id=0
@159 = load[offset=77070336,end=128450560](@1) -> float_type, {64, 1024, 14, 14}, {200704, 196, 14, 1}, target_id=0
@160 = broadcast[axis=1,out_lens={64, 1024, 14, 14}](@155) -> float_type, {64, 1024, 14, 14}, {0, 1, 0, 0}, target_id=0
@161 = gpu::code_object[code_object=6224,symbol_name=mlir_convolution_add_relu,global=802816,local=256,](@160,@158,@150,@159) -> float_type, {64, 1024, 14, 14}, {200704, 196, 14, 1}, target_id=0
@162 = hip::hip_copy_literal[id=main:@literal:53] -> float_type, {256, 256, 3, 3}, {2304, 9, 3, 1}, target_id=0
@163 = hip::hip_copy_literal[id=main:@literal:54] -> float_type, {256}, {1}, target_id=0
@164 = hip::hip_copy_literal[id=main:@literal:55] -> float_type, {256, 1024, 1, 1}, {1024, 1, 1, 1}, target_id=0
@165 = load[offset=25690112,end=38535168](@1) -> float_type, {64, 256, 14, 14}, {50176, 196, 14, 1}, target_id=0
@166 = broadcast[axis=1,out_lens={64, 256, 14, 14}](@163) -> float_type, {64, 256, 14, 14}, {0, 1, 0, 0}, target_id=0
@167 = gpu::code_object[code_object=6608,symbol_name=mlir_convolution_add_relu,global=100352,local=256,](@166,@161,@164,@165) -> float_type, {64, 256, 14, 14}, {50176, 196, 14, 1}, target_id=0
@168 = load[offset=0,end=0](@1) -> int8_type, {0}, {1}, target_id=0
@169 = load[offset=12845056,end=25690112](@1) -> float_type, {64, 256, 14, 14}, {50176, 196, 14, 1}, target_id=0
@170 = gpu::convolution[op={padding={1, 1, 1, 1},stride={1, 1},dilation={1, 1},group=1,padding_mode=0},solution_object={binary_object: 438},algo=0,solution_id=0](@167,@162,@168,@169) -> float_type, {64, 256, 14, 14}, {50176, 196, 14, 1}, target_id=0
@171 = hip::hip_copy_literal[id=main:@literal:50] -> float_type, {1024}, {1}, target_id=0
@172 = hip::hip_copy_literal[id=main:@literal:51] -> float_type, {1024, 256, 1, 1}, {256, 1, 1, 1}, target_id=0
@173 = hip::hip_copy_literal[id=main:@literal:52] -> float_type, {256}, {1}, target_id=0
@174 = broadcast[axis=1,out_lens={64, 256, 14, 14}](@173) -> float_type, {64, 256, 14, 14}, {0, 1, 0, 0}, target_id=0
@175 = load[offset=0,end=12845056](@1) -> float_type, {64, 256, 14, 14}, {50176, 196, 14, 1}, target_id=0
@176 = gpu::code_object[code_object=5320,symbol_name=add_relu_kernel,global=802816,local=1024,](@170,@174,@175) -> float_type, {64, 256, 14, 14}, {50176, 196, 14, 1}, target_id=0
@177 = broadcast[axis=1,out_lens={64, 1024, 14, 14}](@171) -> float_type, {64, 1024, 14, 14}, {0, 1, 0, 0}, target_id=0
@178 = load[offset=25690112,end=77070336](@1) -> float_type, {64, 1024, 14, 14}, {200704, 196, 14, 1}, target_id=0
@179 = gpu::code_object[code_object=7064,symbol_name=mlir_convolution_add_add_relu,global=802816,local=256,](@177,@161,@176,@172,@178) -> float_type, {64, 1024, 14, 14}, {200704, 196, 14, 1}, target_id=0
@180 = hip::hip_copy_literal[id=main:@literal:47] -> float_type, {256, 256, 3, 3}, {2304, 9, 3, 1}, target_id=0
@181 = hip::hip_copy_literal[id=main:@literal:48] -> float_type, {256}, {1}, target_id=0
@182 = hip::hip_copy_literal[id=main:@literal:49] -> float_type, {256, 1024, 1, 1}, {1024, 1, 1, 1}, target_id=0
@183 = broadcast[axis=1,out_lens={64, 256, 14, 14}](@181) -> float_type, {64, 256, 14, 14}, {0, 1, 0, 0}, target_id=0
@184 = load[offset=12845056,end=25690112](@1) -> float_type, {64, 256, 14, 14}, {50176, 196, 14, 1}, target_id=0
@185 = gpu::code_object[code_object=6608,symbol_name=mlir_convolution_add_relu,global=100352,local=256,](@183,@179,@182,@184) -> float_type, {64, 256, 14, 14}, {50176, 196, 14, 1}, target_id=0
@186 = load[offset=0,end=0](@1) -> int8_type, {0}, {1}, target_id=0
@187 = load[offset=0,end=12845056](@1) -> float_type, {64, 256, 14, 14}, {50176, 196, 14, 1}, target_id=0
@188 = gpu::convolution[op={padding={1, 1, 1, 1},stride={1, 1},dilation={1, 1},group=1,padding_mode=0},solution_object={binary_object: 438},algo=0,solution_id=0](@185,@180,@186,@187) -> float_type, {64, 256, 14, 14}, {50176, 196, 14, 1}, target_id=0
@189 = hip::hip_copy_literal[id=main:@literal:44] -> float_type, {1024}, {1}, target_id=0
@190 = hip::hip_copy_literal[id=main:@literal:45] -> float_type, {1024, 256, 1, 1}, {256, 1, 1, 1}, target_id=0
@191 = hip::hip_copy_literal[id=main:@literal:46] -> float_type, {256}, {1}, target_id=0
@192 = broadcast[axis=1,out_lens={64, 256, 14, 14}](@191) -> float_type, {64, 256, 14, 14}, {0, 1, 0, 0}, target_id=0
@193 = load[offset=77070336,end=89915392](@1) -> float_type, {64, 256, 14, 14}, {50176, 196, 14, 1}, target_id=0
@194 = gpu::code_object[code_object=5320,symbol_name=add_relu_kernel,global=802816,local=1024,](@188,@192,@193) -> float_type, {64, 256, 14, 14}, {50176, 196, 14, 1}, target_id=0
@195 = broadcast[axis=1,out_lens={64, 1024, 14, 14}](@189) -> float_type, {64, 1024, 14, 14}, {0, 1, 0, 0}, target_id=0
@196 = load[offset=128450560,end=179830784](@1) -> float_type, {64, 1024, 14, 14}, {200704, 196, 14, 1}, target_id=0
@197 = gpu::code_object[code_object=7064,symbol_name=mlir_convolution_add_add_relu,global=802816,local=256,](@195,@179,@194,@190,@196) -> float_type, {64, 1024, 14, 14}, {200704, 196, 14, 1}, target_id=0
@198 = hip::hip_copy_literal[id=main:@literal:41] -> float_type, {256, 256, 3, 3}, {2304, 9, 3, 1}, target_id=0
@199 = hip::hip_copy_literal[id=main:@literal:42] -> float_type, {256}, {1}, target_id=0
@200 = hip::hip_copy_literal[id=main:@literal:43] -> float_type, {256, 1024, 1, 1}, {1024, 1, 1, 1}, target_id=0
@201 = broadcast[axis=1,out_lens={64, 256, 14, 14}](@199) -> float_type, {64, 256, 14, 14}, {0, 1, 0, 0}, target_id=0
@202 = load[offset=0,end=12845056](@1) -> float_type, {64, 256, 14, 14}, {50176, 196, 14, 1}, target_id=0
@203 = gpu::code_object[code_object=6608,symbol_name=mlir_convolution_add_relu,global=100352,local=256,](@201,@197,@200,@202) -> float_type, {64, 256, 14, 14}, {50176, 196, 14, 1}, target_id=0
@204 = load[offset=0,end=0](@1) -> int8_type, {0}, {1}, target_id=0
@205 = load[offset=25690112,end=38535168](@1) -> float_type, {64, 256, 14, 14}, {50176, 196, 14, 1}, target_id=0
@206 = gpu::convolution[op={padding={1, 1, 1, 1},stride={1, 1},dilation={1, 1},group=1,padding_mode=0},solution_object={binary_object: 438},algo=0,solution_id=0](@203,@198,@204,@205) -> float_type, {64, 256, 14, 14}, {50176, 196, 14, 1}, target_id=0
@207 = hip::hip_copy_literal[id=main:@literal:38] -> float_type, {1024}, {1}, target_id=0
@208 = hip::hip_copy_literal[id=main:@literal:39] -> float_type, {1024, 256, 1, 1}, {256, 1, 1, 1}, target_id=0
@209 = hip::hip_copy_literal[id=main:@literal:40] -> float_type, {256}, {1}, target_id=0
@210 = broadcast[axis=1,out_lens={64, 256, 14, 14}](@209) -> float_type, {64, 256, 14, 14}, {0, 1, 0, 0}, target_id=0
@211 = load[offset=12845056,end=25690112](@1) -> float_type, {64, 256, 14, 14}, {50176, 196, 14, 1}, target_id=0
@212 = gpu::code_object[code_object=5320,symbol_name=add_relu_kernel,global=802816,local=1024,](@206,@210,@211) -> float_type, {64, 256, 14, 14}, {50176, 196, 14, 1}, target_id=0
@213 = load[offset=77070336,end=128450560](@1) -> float_type, {64, 1024, 14, 14}, {200704, 196, 14, 1}, target_id=0
@214 = broadcast[axis=1,out_lens={64, 1024, 14, 14}](@207) -> float_type, {64, 1024, 14, 14}, {0, 1, 0, 0}, target_id=0
@215 = gpu::code_object[code_object=7064,symbol_name=mlir_convolution_add_add_relu,global=802816,local=256,](@214,@197,@212,@208,@213) -> float_type, {64, 1024, 14, 14}, {200704, 196, 14, 1}, target_id=0
@216 = hip::hip_copy_literal[id=main:@literal:35] -> float_type, {256, 256, 3, 3}, {2304, 9, 3, 1}, target_id=0
@217 = hip::hip_copy_literal[id=main:@literal:36] -> float_type, {256}, {1}, target_id=0
@218 = hip::hip_copy_literal[id=main:@literal:37] -> float_type, {256, 1024, 1, 1}, {1024, 1, 1, 1}, target_id=0
@219 = broadcast[axis=1,out_lens={64, 256, 14, 14}](@217) -> float_type, {64, 256, 14, 14}, {0, 1, 0, 0}, target_id=0
@220 = load[offset=25690112,end=38535168](@1) -> float_type, {64, 256, 14, 14}, {50176, 196, 14, 1}, target_id=0
@221 = gpu::code_object[code_object=6608,symbol_name=mlir_convolution_add_relu,global=100352,local=256,](@219,@215,@218,@220) -> float_type, {64, 256, 14, 14}, {50176, 196, 14, 1}, target_id=0
@222 = load[offset=0,end=0](@1) -> int8_type, {0}, {1}, target_id=0
@223 = load[offset=12845056,end=25690112](@1) -> float_type, {64, 256, 14, 14}, {50176, 196, 14, 1}, target_id=0
@224 = gpu::convolution[op={padding={1, 1, 1, 1},stride={1, 1},dilation={1, 1},group=1,padding_mode=0},solution_object={binary_object: 438},algo=0,solution_id=0](@221,@216,@222,@223) -> float_type, {64, 256, 14, 14}, {50176, 196, 14, 1}, target_id=0
@225 = hip::hip_copy_literal[id=main:@literal:32] -> float_type, {1024}, {1}, target_id=0
@226 = hip::hip_copy_literal[id=main:@literal:33] -> float_type, {1024, 256, 1, 1}, {256, 1, 1, 1}, target_id=0
@227 = hip::hip_copy_literal[id=main:@literal:34] -> float_type, {256}, {1}, target_id=0
@228 = broadcast[axis=1,out_lens={64, 256, 14, 14}](@227) -> float_type, {64, 256, 14, 14}, {0, 1, 0, 0}, target_id=0
@229 = load[offset=0,end=12845056](@1) -> float_type, {64, 256, 14, 14}, {50176, 196, 14, 1}, target_id=0
@230 = gpu::code_object[code_object=5320,symbol_name=add_relu_kernel,global=802816,local=1024,](@224,@228,@229) -> float_type, {64, 256, 14, 14}, {50176, 196, 14, 1}, target_id=0
@231 = load[offset=25690112,end=77070336](@1) -> float_type, {64, 1024, 14, 14}, {200704, 196, 14, 1}, target_id=0
@232 = broadcast[axis=1,out_lens={64, 1024, 14, 14}](@225) -> float_type, {64, 1024, 14, 14}, {0, 1, 0, 0}, target_id=0
@233 = gpu::code_object[code_object=7064,symbol_name=mlir_convolution_add_add_relu,global=802816,local=256,](@232,@215,@230,@226,@231) -> float_type, {64, 1024, 14, 14}, {200704, 196, 14, 1}, target_id=0
@234 = hip::hip_copy_literal[id=main:@literal:29] -> float_type, {256, 256, 3, 3}, {2304, 9, 3, 1}, target_id=0
@235 = hip::hip_copy_literal[id=main:@literal:30] -> float_type, {256}, {1}, target_id=0
@236 = hip::hip_copy_literal[id=main:@literal:31] -> float_type, {256, 1024, 1, 1}, {1024, 1, 1, 1}, target_id=0
@237 = load[offset=12845056,end=25690112](@1) -> float_type, {64, 256, 14, 14}, {50176, 196, 14, 1}, target_id=0
@238 = broadcast[axis=1,out_lens={64, 256, 14, 14}](@235) -> float_type, {64, 256, 14, 14}, {0, 1, 0, 0}, target_id=0
@239 = gpu::code_object[code_object=6608,symbol_name=mlir_convolution_add_relu,global=100352,local=256,](@238,@233,@236,@237) -> float_type, {64, 256, 14, 14}, {50176, 196, 14, 1}, target_id=0
@240 = load[offset=0,end=0](@1) -> int8_type, {0}, {1}, target_id=0
@241 = load[offset=0,end=12845056](@1) -> float_type, {64, 256, 14, 14}, {50176, 196, 14, 1}, target_id=0
@242 = gpu::convolution[op={padding={1, 1, 1, 1},stride={1, 1},dilation={1, 1},group=1,padding_mode=0},solution_object={binary_object: 438},algo=0,solution_id=0](@239,@234,@240,@241) -> float_type, {64, 256, 14, 14}, {50176, 196, 14, 1}, target_id=0
@243 = hip::hip_copy_literal[id=main:@literal:26] -> float_type, {1024}, {1}, target_id=0
@244 = hip::hip_copy_literal[id=main:@literal:27] -> float_type, {1024, 256, 1, 1}, {256, 1, 1, 1}, target_id=0
@245 = hip::hip_copy_literal[id=main:@literal:28] -> float_type, {256}, {1}, target_id=0
@246 = broadcast[axis=1,out_lens={64, 256, 14, 14}](@245) -> float_type, {64, 256, 14, 14}, {0, 1, 0, 0}, target_id=0
@247 = load[offset=77070336,end=89915392](@1) -> float_type, {64, 256, 14, 14}, {50176, 196, 14, 1}, target_id=0
@248 = gpu::code_object[code_object=5320,symbol_name=add_relu_kernel,global=802816,local=1024,](@242,@246,@247) -> float_type, {64, 256, 14, 14}, {50176, 196, 14, 1}, target_id=0
@249 = broadcast[axis=1,out_lens={64, 1024, 14, 14}](@243) -> float_type, {64, 1024, 14, 14}, {0, 1, 0, 0}, target_id=0
@250 = load[offset=134873088,end=186253312](@1) -> float_type, {64, 1024, 14, 14}, {200704, 196, 14, 1}, target_id=0
@251 = gpu::code_object[code_object=7064,symbol_name=mlir_convolution_add_add_relu,global=802816,local=256,](@249,@233,@248,@244,@250) -> float_type, {64, 1024, 14, 14}, {200704, 196, 14, 1}, target_id=0
@252 = hip::hip_copy_literal[id=main:@literal:23] -> float_type, {512, 512, 3, 3}, {4608, 9, 3, 1}, target_id=0
@253 = hip::hip_copy_literal[id=main:@literal:24] -> float_type, {512}, {1}, target_id=0
@254 = hip::hip_copy_literal[id=main:@literal:25] -> float_type, {512, 1024, 1, 1}, {1024, 1, 1, 1}, target_id=0
@255 = broadcast[axis=1,out_lens={64, 512, 14, 14}](@253) -> float_type, {64, 512, 14, 14}, {0, 1, 0, 0}, target_id=0
@256 = load[offset=0,end=25690112](@1) -> float_type, {64, 512, 14, 14}, {100352, 196, 14, 1}, target_id=0
@257 = gpu::code_object[code_object=6608,symbol_name=mlir_convolution_add_relu,global=200704,local=256,](@255,@251,@254,@256) -> float_type, {64, 512, 14, 14}, {100352, 196, 14, 1}, target_id=0
@258 = load[offset=73662464,end=115212288](@1) -> int8_type, {41549824}, {1}, target_id=0
@259 = load[offset=67239936,end=73662464](@1) -> float_type, {64, 512, 7, 7}, {25088, 49, 7, 1}, target_id=0
@260 = gpu::convolution[op={padding={1, 1, 1, 1},stride={2, 2},dilation={1, 1},group=1,padding_mode=0},solution_object={binary_object: 557},algo=0,solution_id=0](@257,@252,@258,@259) -> float_type, {64, 512, 7, 7}, {25088, 49, 7, 1}, target_id=0
@261 = hip::hip_copy_literal[id=main:@literal:9] -> float_type, {2048, 1536, 1, 1}, {1536, 1, 1, 1}, target_id=0
@262 = hip::hip_copy_literal[id=main:@literal:8] -> float_type, {2048}, {1}, target_id=0
@263 = hip::hip_copy_literal[id=main:@literal:22] -> float_type, {512}, {1}, target_id=0
@264 = broadcast[axis=1,out_lens={64, 512, 7, 7}](@263) -> float_type, {64, 512, 7, 7}, {0, 1, 0, 0}, target_id=0
@265 = load[offset=0,end=6422528](@1) -> float_type, {64, 512, 7, 7}, {25088, 49, 7, 1}, target_id=0
@266 = gpu::code_object[code_object=5256,symbol_name=add_relu_kernel,global=1605632,local=1024,](@260,@264,@265) -> float_type, {64, 512, 7, 7}, {25088, 49, 7, 1}, target_id=0
@267 = step[axes={2, 3},steps={2, 2}](@251) -> float_type, {64, 1024, 7, 7}, {200704, 196, 28, 2}, target_id=0
@268 = load[offset=25690112,end=44957696](@1) -> float_type, {64, 1536, 7, 7}, {75264, 49, 7, 1}, target_id=0
@269 = gpu::code_object[code_object=5512,symbol_name=concat_kernel,global=2408448,local=1024,](@266,@267,@268) -> float_type, {64, 1536, 7, 7}, {75264, 49, 7, 1}, target_id=0
@270 = broadcast[axis=1,out_lens={64, 2048, 7, 7}](@262) -> float_type, {64, 2048, 7, 7}, {0, 1, 0, 0}, target_id=0
@271 = load[offset=0,end=25690112](@1) -> float_type, {64, 2048, 7, 7}, {100352, 49, 7, 1}, target_id=0
@272 = gpu::code_object[code_object=7760,symbol_name=mlir_convolution_add_relu,global=204800,local=256,](@270,@269,@261,@271) -> float_type, {64, 2048, 7, 7}, {100352, 49, 7, 1}, target_id=0
@273 = hip::hip_copy_literal[id=main:@literal:19] -> float_type, {512, 512, 3, 3}, {4608, 9, 3, 1}, target_id=0
@274 = hip::hip_copy_literal[id=main:@literal:20] -> float_type, {512}, {1}, target_id=0
@275 = hip::hip_copy_literal[id=main:@literal:21] -> float_type, {512, 2048, 1, 1}, {2048, 1, 1, 1}, target_id=0
@276 = load[offset=54394880,end=60817408](@1) -> float_type, {64, 512, 7, 7}, {25088, 49, 7, 1}, target_id=0
@277 = broadcast[axis=1,out_lens={64, 512, 7, 7}](@274) -> float_type, {64, 512, 7, 7}, {0, 1, 0, 0}, target_id=0
@278 = gpu::code_object[code_object=7184,symbol_name=mlir_convolution_add_relu,global=51200,local=256,](@277,@272,@275,@276) -> float_type, {64, 512, 7, 7}, {25088, 49, 7, 1}, target_id=0
@279 = load[offset=32112640,end=54394880](@1) -> int8_type, {22282240}, {1}, target_id=0
@280 = load[offset=25690112,end=32112640](@1) -> float_type, {64, 512, 7, 7}, {25088, 49, 7, 1}, target_id=0
@281 = gpu::convolution[op={padding={1, 1, 1, 1},stride={1, 1},dilation={1, 1},group=1,padding_mode=0},solution_object={binary_object: 553},algo=0,solution_id=0](@278,@273,@279,@280) -> float_type, {64, 512, 7, 7}, {25088, 49, 7, 1}, target_id=0
@282 = hip::hip_copy_literal[id=main:@literal:16] -> float_type, {2048}, {1}, target_id=0
@283 = hip::hip_copy_literal[id=main:@literal:17] -> float_type, {2048, 512, 1, 1}, {512, 1, 1, 1}, target_id=0
@284 = hip::hip_copy_literal[id=main:@literal:18] -> float_type, {512}, {1}, target_id=0
@285 = broadcast[axis=1,out_lens={64, 512, 7, 7}](@284) -> float_type, {64, 512, 7, 7}, {0, 1, 0, 0}, target_id=0
@286 = load[offset=32112640,end=38535168](@1) -> float_type, {64, 512, 7, 7}, {25088, 49, 7, 1}, target_id=0
@287 = gpu::code_object[code_object=5256,symbol_name=add_relu_kernel,global=1605632,local=1024,](@281,@285,@286) -> float_type, {64, 512, 7, 7}, {25088, 49, 7, 1}, target_id=0
@288 = broadcast[axis=1,out_lens={64, 2048, 7, 7}](@282) -> float_type, {64, 2048, 7, 7}, {0, 1, 0, 0}, target_id=0
@289 = load[offset=89915392,end=115605504](@1) -> float_type, {64, 2048, 7, 7}, {100352, 49, 7, 1}, target_id=0
@290 = gpu::code_object[code_object=8152,symbol_name=mlir_convolution_add_add_relu,global=204800,local=256,](@288,@272,@287,@283,@289) -> float_type, {64, 2048, 7, 7}, {100352, 49, 7, 1}, target_id=0
@291 = hip::hip_copy_literal[id=main:@literal:13] -> float_type, {512, 512, 3, 3}, {4608, 9, 3, 1}, target_id=0
@292 = hip::hip_copy_literal[id=main:@literal:14] -> float_type, {512}, {1}, target_id=0
@293 = hip::hip_copy_literal[id=main:@literal:15] -> float_type, {512, 2048, 1, 1}, {2048, 1, 1, 1}, target_id=0
@294 = broadcast[axis=1,out_lens={64, 512, 7, 7}](@292) -> float_type, {64, 512, 7, 7}, {0, 1, 0, 0}, target_id=0
@295 = load[offset=0,end=6422528](@1) -> float_type, {64, 512, 7, 7}, {25088, 49, 7, 1}, target_id=0
@296 = gpu::code_object[code_object=7184,symbol_name=mlir_convolution_add_relu,global=51200,local=256,](@294,@290,@293,@295) -> float_type, {64, 512, 7, 7}, {25088, 49, 7, 1}, target_id=0
@297 = load[offset=35127296,end=57409536](@1) -> int8_type, {22282240}, {1}, target_id=0
@298 = load[offset=28704768,end=35127296](@1) -> float_type, {64, 512, 7, 7}, {25088, 49, 7, 1}, target_id=0
@299 = gpu::convolution[op={padding={1, 1, 1, 1},stride={1, 1},dilation={1, 1},group=1,padding_mode=0},solution_object={binary_object: 553},algo=0,solution_id=0](@296,@291,@297,@298) -> float_type, {64, 512, 7, 7}, {25088, 49, 7, 1}, target_id=0
@300 = hip::hip_copy_literal[id=main:@literal:0] -> float_type, {64, 1000}, {1000, 1}, target_id=0
@301 = hip::hip_copy_literal[id=main:@literal:1] -> float_type, {2048, 1000}, {1000, 1}, target_id=0
@302 = hip::hip_copy_literal[id=main:@literal:10] -> float_type, {2048}, {1}, target_id=0
@303 = hip::hip_copy_literal[id=main:@literal:11] -> float_type, {2048, 512, 1, 1}, {512, 1, 1, 1}, target_id=0
@304 = hip::hip_copy_literal[id=main:@literal:12] -> float_type, {512}, {1}, target_id=0
@305 = broadcast[axis=1,out_lens={64, 512, 7, 7}](@304) -> float_type, {64, 512, 7, 7}, {0, 1, 0, 0}, target_id=0
@306 = load[offset=35127296,end=41549824](@1) -> float_type, {64, 512, 7, 7}, {25088, 49, 7, 1}, target_id=0
@307 = gpu::code_object[code_object=5256,symbol_name=add_relu_kernel,global=1605632,local=1024,](@299,@305,@306) -> float_type, {64, 512, 7, 7}, {25088, 49, 7, 1}, target_id=0
@308 = load[offset=6422528,end=32112640](@1) -> float_type, {64, 2048, 7, 7}, {100352, 49, 7, 1}, target_id=0
@309 = gpu::code_object[code_object=6520,symbol_name=mlir_convolution,global=204800,local=256,](@307,@303,@308) -> float_type, {64, 2048, 7, 7}, {100352, 49, 7, 1}, target_id=0
@310 = broadcast[axis=1,out_lens={64, 2048, 7, 7}](@302) -> float_type, {64, 2048, 7, 7}, {0, 1, 0, 0}, target_id=0
@311 = load[offset=0,end=524288](@1) -> float_type, {64, 2048, 1, 1}, {2048, 1, 1, 1}, target_id=0
@312 = gpu::code_object[code_object=5480,symbol_name=add_add_relu_reduce_mean_kernel,global=8388608,local=64,](@309,@310,@290,@311) -> float_type, {64, 2048, 1, 1}, {2048, 1, 1, 1}, target_id=0
@313 = flatten[axis=1](@312) -> float_type, {64, 2048}, {2048, 1}, target_id=0
main:#output_0 = @param:main:#output_0 -> float_type, {64, 1000}, {1000, 1}, target_id=0
@315 = gpu::gemm[alpha=1,beta=1,compute_fp32=1,trans_batch=0,solution_idx=0](@313,@301,@300,main:#output_0) -> float_type, {64, 1000}, {1000, 1}, target_id=0
@316 = @return(@315), target_id=0


Allocating params ... 
Running performance report ... 
@0 = check_context::migraphx::gpu::context -> float_type, {}, {}, target_id=0: 0.00232154ms, 1%
@1 = hip::hip_allocate_memory[shape=int8_type, {616562688}, {1},id=main:scratch] -> int8_type, {616562688}, {1}, target_id=0: 0.00192782ms, 1%
@2 = hip::hip_copy_literal[id=main:@literal:98] -> float_type, {64}, {1}, target_id=0: 0.00189144ms, 1%
@3 = hip::hip_copy_literal[id=main:@literal:99] -> float_type, {64, 3, 7, 7}, {147, 49, 7, 1}, target_id=0: 0.0016679ms, 1%
@4 = load[offset=205520896,end=411041792](@1) -> float_type, {64, 64, 112, 112}, {802816, 12544, 112, 1}, target_id=0: 0.00205064ms, 1%
@5 = broadcast[axis=1,out_lens={64, 64, 112, 112}](@2) -> float_type, {64, 64, 112, 112}, {0, 1, 0, 0}, target_id=0: 0.00202554ms, 1%
input.1 = @param:input.1 -> float_type, {64, 3, 224, 224}, {150528, 50176, 224, 1}, target_id=0: 0.00175596ms, 1%
@7 = gpu::code_object[code_object=8336,symbol_name=mlir_convolution_add_relu,global=1605632,local=256,](@5,input.1,@3,@4) -> float_type, {64, 64, 112, 112}, {802816, 12544, 112, 1}, target_id=0: 0.601511ms, 3%
@8 = load[offset=154140672,end=205520896](@1) -> float_type, {64, 64, 56, 56}, {200704, 3136, 56, 1}, target_id=0: 0.00238582ms, 1%
@9 = gpu::pooling[mode=max,padding={1, 1, 1, 1},padding_mode=0,stride={2, 2},lengths={3, 3},dilations={1, 1},ceil_mode=0,lp_order=2,dyn_global=0](@7,@8) -> float_type, {64, 64, 56, 56}, {200704, 3136, 56, 1}, target_id=0: 0.464397ms, 3%
@10 = hip::hip_copy_literal[id=main:@literal:96] -> float_type, {64}, {1}, target_id=0: 0.00235234ms, 1%
@11 = hip::hip_copy_literal[id=main:@literal:97] -> float_type, {64, 64, 1, 1}, {64, 1, 1, 1}, target_id=0: 0.00207992ms, 1%
@12 = broadcast[axis=1,out_lens={64, 64, 56, 56}](@10) -> float_type, {64, 64, 56, 56}, {0, 1, 0, 0}, target_id=0: 0.00248224ms, 1%
@13 = load[offset=102760448,end=154140672](@1) -> float_type, {64, 64, 56, 56}, {200704, 3136, 56, 1}, target_id=0: 0.00224324ms, 1%
@14 = gpu::code_object[code_object=7120,symbol_name=mlir_convolution_add_relu,global=401408,local=256,](@12,@9,@11,@13) -> float_type, {64, 64, 56, 56}, {200704, 3136, 56, 1}, target_id=0: 0.111391ms, 1%
@15 = hip::hip_copy_literal[id=main:@literal:95] -> float_type, {64, 64, 3, 3}, {576, 9, 3, 1}, target_id=0: 0.00241798ms, 1%
@16 = load[offset=0,end=0](@1) -> int8_type, {0}, {1}, target_id=0: 0.00218186ms, 1%
@17 = load[offset=51380224,end=102760448](@1) -> float_type, {64, 64, 56, 56}, {200704, 3136, 56, 1}, target_id=0: 0.0023495ms, 1%
@18 = gpu::convolution[op={padding={1, 1, 1, 1},stride={1, 1},dilation={1, 1},group=1,padding_mode=0},solution_object={binary_object: 436},algo=0,solution_id=0](@14,@15,@16,@17) -> float_type, {64, 64, 56, 56}, {200704, 3136, 56, 1}, target_id=0: 0.543546ms, 3%
@19 = hip::hip_copy_literal[id=main:@literal:3] -> float_type, {256, 128, 1, 1}, {128, 1, 1, 1}, target_id=0: 0.00237334ms, 1%
@20 = hip::hip_copy_literal[id=main:@literal:94] -> float_type, {64}, {1}, target_id=0: 0.0022766ms, 1%
@21 = load[offset=0,end=51380224](@1) -> float_type, {64, 64, 56, 56}, {200704, 3136, 56, 1}, target_id=0: 0.00241246ms, 1%
@22 = broadcast[axis=1,out_lens={64, 64, 56, 56}](@20) -> float_type, {64, 64, 56, 56}, {0, 1, 0, 0}, target_id=0: 0.00236614ms, 1%
@23 = gpu::code_object[code_object=5320,symbol_name=add_relu_kernel,global=1605632,local=1024,](@18,@22,@21) -> float_type, {64, 64, 56, 56}, {200704, 3136, 56, 1}, target_id=0: 0.101571ms, 1%
@24 = load[offset=205520896,end=308281344](@1) -> float_type, {64, 128, 56, 56}, {401408, 3136, 56, 1}, target_id=0: 0.00245156ms, 1%
@25 = gpu::code_object[code_object=5192,symbol_name=concat_kernel,global=3211264,local=1024,](@23,@9,@24) -> float_type, {64, 128, 56, 56}, {401408, 3136, 56, 1}, target_id=0: 0.170907ms, 1%
@26 = hip::hip_copy_literal[id=main:@literal:2] -> float_type, {256}, {1}, target_id=0: 0.00239138ms, 1%
@27 = load[offset=411041792,end=616562688](@1) -> float_type, {64, 256, 56, 56}, {802816, 3136, 56, 1}, target_id=0: 0.00226288ms, 1%
@28 = broadcast[axis=1,out_lens={64, 256, 56, 56}](@26) -> float_type, {64, 256, 56, 56}, {0, 1, 0, 0}, target_id=0: 0.00237452ms, 1%
@29 = gpu::code_object[code_object=6608,symbol_name=mlir_convolution_add_relu,global=1605632,local=256,](@28,@25,@19,@27) -> float_type, {64, 256, 56, 56}, {802816, 3136, 56, 1}, target_id=0: 0.488865ms, 3%
@30 = hip::hip_copy_literal[id=main:@literal:92] -> float_type, {64}, {1}, target_id=0: 0.00234104ms, 1%
@31 = hip::hip_copy_literal[id=main:@literal:93] -> float_type, {64, 256, 1, 1}, {256, 1, 1, 1}, target_id=0: 0.0019025ms, 1%
@32 = load[offset=102760448,end=154140672](@1) -> float_type, {64, 64, 56, 56}, {200704, 3136, 56, 1}, target_id=0: 0.00232434ms, 1%
@33 = broadcast[axis=1,out_lens={64, 64, 56, 56}](@30) -> float_type, {64, 64, 56, 56}, {0, 1, 0, 0}, target_id=0: 0.0022476ms, 1%
@34 = gpu::code_object[code_object=6608,symbol_name=mlir_convolution_add_relu,global=401408,local=256,](@33,@29,@31,@32) -> float_type, {64, 64, 56, 56}, {200704, 3136, 56, 1}, target_id=0: 0.26993ms, 2%
@35 = hip::hip_copy_literal[id=main:@literal:91] -> float_type, {64, 64, 3, 3}, {576, 9, 3, 1}, target_id=0: 0.0023718ms, 1%
@36 = load[offset=0,end=0](@1) -> int8_type, {0}, {1}, target_id=0: 0.0022532ms, 1%
@37 = load[offset=51380224,end=102760448](@1) -> float_type, {64, 64, 56, 56}, {200704, 3136, 56, 1}, target_id=0: 0.00233972ms, 1%
@38 = gpu::convolution[op={padding={1, 1, 1, 1},stride={1, 1},dilation={1, 1},group=1,padding_mode=0},solution_object={binary_object: 436},algo=0,solution_id=0](@34,@35,@36,@37) -> float_type, {64, 64, 56, 56}, {200704, 3136, 56, 1}, target_id=0: 0.516841ms, 3%
@39 = hip::hip_copy_literal[id=main:@literal:90] -> float_type, {64}, {1}, target_id=0: 0.00244028ms, 1%
@40 = load[offset=0,end=51380224](@1) -> float_type, {64, 64, 56, 56}, {200704, 3136, 56, 1}, target_id=0: 0.0022908ms, 1%
@41 = broadcast[axis=1,out_lens={64, 64, 56, 56}](@39) -> float_type, {64, 64, 56, 56}, {0, 1, 0, 0}, target_id=0: 0.00236766ms, 1%
@42 = gpu::code_object[code_object=5320,symbol_name=add_relu_kernel,global=1605632,local=1024,](@38,@41,@40) -> float_type, {64, 64, 56, 56}, {200704, 3136, 56, 1}, target_id=0: 0.102422ms, 1%
@43 = hip::hip_copy_literal[id=main:@literal:88] -> float_type, {256}, {1}, target_id=0: 0.00239438ms, 1%
@44 = hip::hip_copy_literal[id=main:@literal:89] -> float_type, {256, 64, 1, 1}, {64, 1, 1, 1}, target_id=0: 0.00204222ms, 1%
@45 = load[offset=205520896,end=411041792](@1) -> float_type, {64, 256, 56, 56}, {802816, 3136, 56, 1}, target_id=0: 0.00236354ms, 1%
@46 = broadcast[axis=1,out_lens={64, 256, 56, 56}](@43) -> float_type, {64, 256, 56, 56}, {0, 1, 0, 0}, target_id=0: 0.00241082ms, 1%
@47 = gpu::code_object[code_object=7640,symbol_name=mlir_convolution_add_add_relu,global=1605632,local=256,](@46,@29,@42,@44,@45) -> float_type, {64, 256, 56, 56}, {802816, 3136, 56, 1}, target_id=0: 0.419164ms, 2%
@48 = hip::hip_copy_literal[id=main:@literal:86] -> float_type, {64}, {1}, target_id=0: 0.00176282ms, 1%
@49 = hip::hip_copy_literal[id=main:@literal:87] -> float_type, {64, 256, 1, 1}, {256, 1, 1, 1}, target_id=0: 0.0017056ms, 1%
@50 = load[offset=51380224,end=102760448](@1) -> float_type, {64, 64, 56, 56}, {200704, 3136, 56, 1}, target_id=0: 0.00192766ms, 1%
@51 = broadcast[axis=1,out_lens={64, 64, 56, 56}](@48) -> float_type, {64, 64, 56, 56}, {0, 1, 0, 0}, target_id=0: 0.00178522ms, 1%
@52 = gpu::code_object[code_object=6608,symbol_name=mlir_convolution_add_relu,global=401408,local=256,](@51,@47,@49,@50) -> float_type, {64, 64, 56, 56}, {200704, 3136, 56, 1}, target_id=0: 0.284797ms, 2%
@53 = hip::hip_copy_literal[id=main:@literal:85] -> float_type, {64, 64, 3, 3}, {576, 9, 3, 1}, target_id=0: 0.00237608ms, 1%
@54 = load[offset=0,end=0](@1) -> int8_type, {0}, {1}, target_id=0: 0.0021706ms, 1%
@55 = load[offset=0,end=51380224](@1) -> float_type, {64, 64, 56, 56}, {200704, 3136, 56, 1}, target_id=0: 0.00236214ms, 1%
@56 = gpu::convolution[op={padding={1, 1, 1, 1},stride={1, 1},dilation={1, 1},group=1,padding_mode=0},solution_object={binary_object: 436},algo=0,solution_id=0](@52,@53,@54,@55) -> float_type, {64, 64, 56, 56}, {200704, 3136, 56, 1}, target_id=0: 0.522586ms, 3%
@57 = hip::hip_copy_literal[id=main:@literal:84] -> float_type, {64}, {1}, target_id=0: 0.00236066ms, 1%
@58 = load[offset=411041792,end=462422016](@1) -> float_type, {64, 64, 56, 56}, {200704, 3136, 56, 1}, target_id=0: 0.00227692ms, 1%
@59 = broadcast[axis=1,out_lens={64, 64, 56, 56}](@57) -> float_type, {64, 64, 56, 56}, {0, 1, 0, 0}, target_id=0: 0.0023705ms, 1%
@60 = gpu::code_object[code_object=5320,symbol_name=add_relu_kernel,global=1605632,local=1024,](@56,@59,@58) -> float_type, {64, 64, 56, 56}, {200704, 3136, 56, 1}, target_id=0: 0.102844ms, 1%
@61 = hip::hip_copy_literal[id=main:@literal:82] -> float_type, {256}, {1}, target_id=0: 0.00245564ms, 1%
@62 = hip::hip_copy_literal[id=main:@literal:83] -> float_type, {256, 64, 1, 1}, {64, 1, 1, 1}, target_id=0: 0.002052ms, 1%
@63 = load[offset=0,end=205520896](@1) -> float_type, {64, 256, 56, 56}, {802816, 3136, 56, 1}, target_id=0: 0.00237596ms, 1%
@64 = broadcast[axis=1,out_lens={64, 256, 56, 56}](@61) -> float_type, {64, 256, 56, 56}, {0, 1, 0, 0}, target_id=0: 0.0023762ms, 1%
@65 = gpu::code_object[code_object=7640,symbol_name=mlir_convolution_add_add_relu,global=1605632,local=256,](@64,@47,@60,@62,@63) -> float_type, {64, 256, 56, 56}, {802816, 3136, 56, 1}, target_id=0: 0.418812ms, 2%
@66 = hip::hip_copy_literal[id=main:@literal:80] -> float_type, {128}, {1}, target_id=0: 0.00229922ms, 1%
@67 = hip::hip_copy_literal[id=main:@literal:81] -> float_type, {128, 256, 1, 1}, {256, 1, 1, 1}, target_id=0: 0.0019878ms, 1%
@68 = load[offset=231211008,end=333971456](@1) -> float_type, {64, 128, 56, 56}, {401408, 3136, 56, 1}, target_id=0: 0.00209244ms, 1%
@69 = broadcast[axis=1,out_lens={64, 128, 56, 56}](@66) -> float_type, {64, 128, 56, 56}, {0, 1, 0, 0}, target_id=0: 0.0021594ms, 1%
@70 = gpu::code_object[code_object=6672,symbol_name=mlir_convolution_add_relu,global=802816,local=256,](@69,@65,@67,@68) -> float_type, {64, 128, 56, 56}, {401408, 3136, 56, 1}, target_id=0: 0.491419ms, 3%
@71 = hip::hip_copy_literal[id=main:@literal:79] -> float_type, {128, 128, 3, 3}, {1152, 9, 3, 1}, target_id=0: 0.00237466ms, 1%
@72 = load[offset=0,end=0](@1) -> int8_type, {0}, {1}, target_id=0: 0.00216636ms, 1%
@73 = load[offset=205520896,end=231211008](@1) -> float_type, {64, 128, 28, 28}, {100352, 784, 28, 1}, target_id=0: 0.00235098ms, 1%
@74 = gpu::convolution[op={padding={1, 1, 1, 1},stride={2, 2},dilation={1, 1},group=1,padding_mode=0},solution_object={binary_object: 458},algo=0,solution_id=0](@70,@71,@72,@73) -> float_type, {64, 128, 28, 28}, {100352, 784, 28, 1}, target_id=0: 0.578287ms, 3%
@75 = hip::hip_copy_literal[id=main:@literal:5] -> float_type, {512, 384, 1, 1}, {384, 1, 1, 1}, target_id=0: 0.00237876ms, 1%
@76 = hip::hip_copy_literal[id=main:@literal:78] -> float_type, {128}, {1}, target_id=0: 0.00226984ms, 1%
@77 = load[offset=282591232,end=308281344](@1) -> float_type, {64, 128, 28, 28}, {100352, 784, 28, 1}, target_id=0: 0.00238584ms, 1%
@78 = broadcast[axis=1,out_lens={64, 128, 28, 28}](@76) -> float_type, {64, 128, 28, 28}, {0, 1, 0, 0}, target_id=0: 0.00270432ms, 1%
@79 = gpu::code_object[code_object=5320,symbol_name=add_relu_kernel,global=802816,local=1024,](@74,@78,@77) -> float_type, {64, 128, 28, 28}, {100352, 784, 28, 1}, target_id=0: 0.0640138ms, 1%
@80 = step[axes={2, 3},steps={2, 2}](@65) -> float_type, {64, 256, 28, 28}, {802816, 3136, 112, 2}, target_id=0: 0.0025019ms, 1%
@81 = load[offset=205520896,end=282591232](@1) -> float_type, {64, 384, 28, 28}, {301056, 784, 28, 1}, target_id=0: 0.00215392ms, 1%
@82 = gpu::code_object[code_object=5512,symbol_name=concat_kernel,global=9633792,local=1024,](@79,@80,@81) -> float_type, {64, 384, 28, 28}, {301056, 784, 28, 1}, target_id=0: 0.221185ms, 1%
@83 = hip::hip_copy_literal[id=main:@literal:4] -> float_type, {512}, {1}, target_id=0: 0.0019095ms, 1%
@84 = load[offset=282591232,end=385351680](@1) -> float_type, {64, 512, 28, 28}, {401408, 784, 28, 1}, target_id=0: 0.0019989ms, 1%
@85 = broadcast[axis=1,out_lens={64, 512, 28, 28}](@83) -> float_type, {64, 512, 28, 28}, {0, 1, 0, 0}, target_id=0: 0.00223782ms, 1%
@86 = gpu::code_object[code_object=6544,symbol_name=mlir_convolution_add_relu,global=802816,local=256,](@85,@82,@75,@84) -> float_type, {64, 512, 28, 28}, {401408, 784, 28, 1}, target_id=0: 0.631133ms, 3%
@87 = hip::hip_copy_literal[id=main:@literal:76] -> float_type, {128}, {1}, target_id=0: 0.0023705ms, 1%
@88 = hip::hip_copy_literal[id=main:@literal:77] -> float_type, {128, 512, 1, 1}, {512, 1, 1, 1}, target_id=0: 0.00204362ms, 1%
@89 = broadcast[axis=1,out_lens={64, 128, 28, 28}](@87) -> float_type, {64, 128, 28, 28}, {0, 1, 0, 0}, target_id=0: 0.00248638ms, 1%
@90 = load[offset=0,end=25690112](@1) -> float_type, {64, 128, 28, 28}, {100352, 784, 28, 1}, target_id=0: 0.00212598ms, 1%
@91 = gpu::code_object[code_object=6544,symbol_name=mlir_convolution_add_relu,global=200704,local=256,](@89,@86,@88,@90) -> float_type, {64, 128, 28, 28}, {100352, 784, 28, 1}, target_id=0: 0.239179ms, 2%
@92 = hip::hip_copy_literal[id=main:@literal:75] -> float_type, {128, 128, 3, 3}, {1152, 9, 3, 1}, target_id=0: 0.00234944ms, 1%
@93 = load[offset=0,end=0](@1) -> int8_type, {0}, {1}, target_id=0: 0.00216938ms, 1%
@94 = load[offset=51380224,end=77070336](@1) -> float_type, {64, 128, 28, 28}, {100352, 784, 28, 1}, target_id=0: 0.00233278ms, 1%
@95 = gpu::convolution[op={padding={1, 1, 1, 1},stride={1, 1},dilation={1, 1},group=1,padding_mode=0},solution_object={binary_object: 457},algo=0,solution_id=0](@91,@92,@93,@94) -> float_type, {64, 128, 28, 28}, {100352, 784, 28, 1}, target_id=0: 0.523431ms, 3%
@96 = hip::hip_copy_literal[id=main:@literal:74] -> float_type, {128}, {1}, target_id=0: 0.00238446ms, 1%
@97 = broadcast[axis=1,out_lens={64, 128, 28, 28}](@96) -> float_type, {64, 128, 28, 28}, {0, 1, 0, 0}, target_id=0: 0.00239276ms, 1%
@98 = load[offset=25690112,end=51380224](@1) -> float_type, {64, 128, 28, 28}, {100352, 784, 28, 1}, target_id=0: 0.00235922ms, 1%
@99 = gpu::code_object[code_object=5320,symbol_name=add_relu_kernel,global=802816,local=1024,](@95,@97,@98) -> float_type, {64, 128, 28, 28}, {100352, 784, 28, 1}, target_id=0: 0.063895ms, 1%
@100 = hip::hip_copy_literal[id=main:@literal:72] -> float_type, {512}, {1}, target_id=0: 0.00248926ms, 1%
@101 = hip::hip_copy_literal[id=main:@literal:73] -> float_type, {512, 128, 1, 1}, {128, 1, 1, 1}, target_id=0: 0.00204918ms, 1%
@102 = broadcast[axis=1,out_lens={64, 512, 28, 28}](@100) -> float_type, {64, 512, 28, 28}, {0, 1, 0, 0}, target_id=0: 0.0023886ms, 1%
@103 = load[offset=154140672,end=256901120](@1) -> float_type, {64, 512, 28, 28}, {401408, 784, 28, 1}, target_id=0: 0.00212884ms, 1%
@104 = gpu::code_object[code_object=7832,symbol_name=mlir_convolution_add_add_relu,global=1605632,local=256,](@102,@86,@99,@101,@103) -> float_type, {64, 512, 28, 28}, {401408, 784, 28, 1}, target_id=0: 0.306298ms, 2%
@105 = hip::hip_copy_literal[id=main:@literal:70] -> float_type, {128}, {1}, target_id=0: 0.00235502ms, 1%
@106 = hip::hip_copy_literal[id=main:@literal:71] -> float_type, {128, 512, 1, 1}, {512, 1, 1, 1}, target_id=0: 0.0019906ms, 1%
@107 = load[offset=51380224,end=77070336](@1) -> float_type, {64, 128, 28, 28}, {100352, 784, 28, 1}, target_id=0: 0.00234532ms, 1%
@108 = broadcast[axis=1,out_lens={64, 128, 28, 28}](@105) -> float_type, {64, 128, 28, 28}, {0, 1, 0, 0}, target_id=0: 0.00227552ms, 1%
@109 = gpu::code_object[code_object=6544,symbol_name=mlir_convolution_add_relu,global=200704,local=256,](@108,@104,@106,@107) -> float_type, {64, 128, 28, 28}, {100352, 784, 28, 1}, target_id=0: 0.244763ms, 2%
@110 = hip::hip_copy_literal[id=main:@literal:69] -> float_type, {128, 128, 3, 3}, {1152, 9, 3, 1}, target_id=0: 0.00234816ms, 1%
@111 = load[offset=0,end=0](@1) -> int8_type, {0}, {1}, target_id=0: 0.00215386ms, 1%
@112 = load[offset=25690112,end=51380224](@1) -> float_type, {64, 128, 28, 28}, {100352, 784, 28, 1}, target_id=0: 0.0023062ms, 1%
@113 = gpu::convolution[op={padding={1, 1, 1, 1},stride={1, 1},dilation={1, 1},group=1,padding_mode=0},solution_object={binary_object: 457},algo=0,solution_id=0](@109,@110,@111,@112) -> float_type, {64, 128, 28, 28}, {100352, 784, 28, 1}, target_id=0: 0.517972ms, 3%
@114 = hip::hip_copy_literal[id=main:@literal:68] -> float_type, {128}, {1}, target_id=0: 0.00239974ms, 1%
@115 = load[offset=0,end=25690112](@1) -> float_type, {64, 128, 28, 28}, {100352, 784, 28, 1}, target_id=0: 0.00231458ms, 1%
@116 = broadcast[axis=1,out_lens={64, 128, 28, 28}](@114) -> float_type, {64, 128, 28, 28}, {0, 1, 0, 0}, target_id=0: 0.00254086ms, 1%
@117 = gpu::code_object[code_object=5320,symbol_name=add_relu_kernel,global=802816,local=1024,](@113,@116,@115) -> float_type, {64, 128, 28, 28}, {100352, 784, 28, 1}, target_id=0: 0.0636197ms, 1%
@118 = hip::hip_copy_literal[id=main:@literal:66] -> float_type, {512}, {1}, target_id=0: 0.00259814ms, 1%
@119 = hip::hip_copy_literal[id=main:@literal:67] -> float_type, {512, 128, 1, 1}, {128, 1, 1, 1}, target_id=0: 0.00202416ms, 1%
@120 = broadcast[axis=1,out_lens={64, 512, 28, 28}](@118) -> float_type, {64, 512, 28, 28}, {0, 1, 0, 0}, target_id=0: 0.00314556ms, 1%
@121 = load[offset=51380224,end=154140672](@1) -> float_type, {64, 512, 28, 28}, {401408, 784, 28, 1}, target_id=0: 0.00186064ms, 1%
@122 = gpu::code_object[code_object=7832,symbol_name=mlir_convolution_add_add_relu,global=1605632,local=256,](@120,@104,@117,@119,@121) -> float_type, {64, 512, 28, 28}, {401408, 784, 28, 1}, target_id=0: 0.307002ms, 2%
@123 = hip::hip_copy_literal[id=main:@literal:64] -> float_type, {128}, {1}, target_id=0: 0.00230482ms, 1%
@124 = hip::hip_copy_literal[id=main:@literal:65] -> float_type, {128, 512, 1, 1}, {512, 1, 1, 1}, target_id=0: 0.00210086ms, 1%
@125 = load[offset=25690112,end=51380224](@1) -> float_type, {64, 128, 28, 28}, {100352, 784, 28, 1}, target_id=0: 0.0022922ms, 1%
@126 = broadcast[axis=1,out_lens={64, 128, 28, 28}](@123) -> float_type, {64, 128, 28, 28}, {0, 1, 0, 0}, target_id=0: 0.00232854ms, 1%
@127 = gpu::code_object[code_object=6544,symbol_name=mlir_convolution_add_relu,global=200704,local=256,](@126,@122,@124,@125) -> float_type, {64, 128, 28, 28}, {100352, 784, 28, 1}, target_id=0: 0.239551ms, 2%
@128 = hip::hip_copy_literal[id=main:@literal:63] -> float_type, {128, 128, 3, 3}, {1152, 9, 3, 1}, target_id=0: 0.00237192ms, 1%
@129 = load[offset=0,end=0](@1) -> int8_type, {0}, {1}, target_id=0: 0.00214544ms, 1%
@130 = load[offset=0,end=25690112](@1) -> float_type, {64, 128, 28, 28}, {100352, 784, 28, 1}, target_id=0: 0.00235228ms, 1%
@131 = gpu::convolution[op={padding={1, 1, 1, 1},stride={1, 1},dilation={1, 1},group=1,padding_mode=0},solution_object={binary_object: 457},algo=0,solution_id=0](@127,@128,@129,@130) -> float_type, {64, 128, 28, 28}, {100352, 784, 28, 1}, target_id=0: 0.517792ms, 3%
@132 = hip::hip_copy_literal[id=main:@literal:62] -> float_type, {128}, {1}, target_id=0: 0.00239138ms, 1%
@133 = load[offset=154140672,end=179830784](@1) -> float_type, {64, 128, 28, 28}, {100352, 784, 28, 1}, target_id=0: 0.00222504ms, 1%
@134 = broadcast[axis=1,out_lens={64, 128, 28, 28}](@132) -> float_type, {64, 128, 28, 28}, {0, 1, 0, 0}, target_id=0: 0.00245562ms, 1%
@135 = gpu::code_object[code_object=5320,symbol_name=add_relu_kernel,global=802816,local=1024,](@131,@134,@133) -> float_type, {64, 128, 28, 28}, {100352, 784, 28, 1}, target_id=0: 0.0638571ms, 1%
@136 = hip::hip_copy_literal[id=main:@literal:60] -> float_type, {512}, {1}, target_id=0: 0.00244448ms, 1%
@137 = hip::hip_copy_literal[id=main:@literal:61] -> float_type, {512, 128, 1, 1}, {128, 1, 1, 1}, target_id=0: 0.002059ms, 1%
@138 = broadcast[axis=1,out_lens={64, 512, 28, 28}](@136) -> float_type, {64, 512, 28, 28}, {0, 1, 0, 0}, target_id=0: 0.0027085ms, 1%
@139 = load[offset=295436288,end=398196736](@1) -> float_type, {64, 512, 28, 28}, {401408, 784, 28, 1}, target_id=0: 0.00203526ms, 1%
@140 = gpu::code_object[code_object=7832,symbol_name=mlir_convolution_add_add_relu,global=1605632,local=256,](@138,@122,@135,@137,@139) -> float_type, {64, 512, 28, 28}, {401408, 784, 28, 1}, target_id=0: 0.306059ms, 2%
@141 = hip::hip_copy_literal[id=main:@literal:58] -> float_type, {256}, {1}, target_id=0: 0.00226848ms, 1%
@142 = hip::hip_copy_literal[id=main:@literal:59] -> float_type, {256, 512, 1, 1}, {512, 1, 1, 1}, target_id=0: 0.00211062ms, 1%
@143 = broadcast[axis=1,out_lens={64, 256, 28, 28}](@141) -> float_type, {64, 256, 28, 28}, {0, 1, 0, 0}, target_id=0: 0.00236484ms, 1%
@144 = load[offset=64225280,end=115605504](@1) -> float_type, {64, 256, 28, 28}, {200704, 784, 28, 1}, target_id=0: 0.00203934ms, 1%
@145 = gpu::code_object[code_object=5968,symbol_name=mlir_convolution_add_relu,global=802816,local=256,](@143,@140,@142,@144) -> float_type, {64, 256, 28, 28}, {200704, 784, 28, 1}, target_id=0: 0.437121ms, 2%
@146 = hip::hip_copy_literal[id=main:@literal:57] -> float_type, {256, 256, 3, 3}, {2304, 9, 3, 1}, target_id=0: 0.00235504ms, 1%
@147 = load[offset=0,end=0](@1) -> int8_type, {0}, {1}, target_id=0: 0.00214976ms, 1%
@148 = load[offset=51380224,end=64225280](@1) -> float_type, {64, 256, 14, 14}, {50176, 196, 14, 1}, target_id=0: 0.00235652ms, 1%
@149 = gpu::convolution[op={padding={1, 1, 1, 1},stride={2, 2},dilation={1, 1},group=1,padding_mode=0},solution_object={binary_object: 459},algo=0,solution_id=0](@145,@146,@147,@148) -> float_type, {64, 256, 14, 14}, {50176, 196, 14, 1}, target_id=0: 0.563765ms, 3%
@150 = hip::hip_copy_literal[id=main:@literal:7] -> float_type, {1024, 768, 1, 1}, {768, 1, 1, 1}, target_id=0: 0.00238436ms, 1%
@151 = hip::hip_copy_literal[id=main:@literal:56] -> float_type, {256}, {1}, target_id=0: 0.00218738ms, 1%
@152 = load[offset=0,end=12845056](@1) -> float_type, {64, 256, 14, 14}, {50176, 196, 14, 1}, target_id=0: 0.00254786ms, 1%
@153 = broadcast[axis=1,out_lens={64, 256, 14, 14}](@151) -> float_type, {64, 256, 14, 14}, {0, 1, 0, 0}, target_id=0: 0.00271128ms, 1%
@154 = gpu::code_object[code_object=5320,symbol_name=add_relu_kernel,global=802816,local=1024,](@149,@153,@152) -> float_type, {64, 256, 14, 14}, {50176, 196, 14, 1}, target_id=0: 0.0425161ms, 1%
@155 = hip::hip_copy_literal[id=main:@literal:6] -> float_type, {1024}, {1}, target_id=0: 0.00242494ms, 1%
@156 = step[axes={2, 3},steps={2, 2}](@140) -> float_type, {64, 512, 14, 14}, {401408, 784, 56, 2}, target_id=0: 0.00290416ms, 1%
@157 = load[offset=25690112,end=64225280](@1) -> float_type, {64, 768, 14, 14}, {150528, 196, 14, 1}, target_id=0: 0.00235366ms, 1%
@158 = gpu::code_object[code_object=5512,symbol_name=concat_kernel,global=4816896,local=1024,](@154,@156,@157) -> float_type, {64, 768, 14, 14}, {150528, 196, 14, 1}, target_id=0: 0.123272ms, 1%
@159 = load[offset=77070336,end=128450560](@1) -> float_type, {64, 1024, 14, 14}, {200704, 196, 14, 1}, target_id=0: 0.0024125ms, 1%
@160 = broadcast[axis=1,out_lens={64, 1024, 14, 14}](@155) -> float_type, {64, 1024, 14, 14}, {0, 1, 0, 0}, target_id=0: 0.00269726ms, 1%
@161 = gpu::code_object[code_object=6224,symbol_name=mlir_convolution_add_relu,global=802816,local=256,](@160,@158,@150,@159) -> float_type, {64, 1024, 14, 14}, {200704, 196, 14, 1}, target_id=0: 0.618207ms, 3%
@162 = hip::hip_copy_literal[id=main:@literal:53] -> float_type, {256, 256, 3, 3}, {2304, 9, 3, 1}, target_id=0: 0.00234114ms, 1%
@163 = hip::hip_copy_literal[id=main:@literal:54] -> float_type, {256}, {1}, target_id=0: 0.0020967ms, 1%
@164 = hip::hip_copy_literal[id=main:@literal:55] -> float_type, {256, 1024, 1, 1}, {1024, 1, 1, 1}, target_id=0: 0.00205068ms, 1%
@165 = load[offset=25690112,end=38535168](@1) -> float_type, {64, 256, 14, 14}, {50176, 196, 14, 1}, target_id=0: 0.00195838ms, 1%
@166 = broadcast[axis=1,out_lens={64, 256, 14, 14}](@163) -> float_type, {64, 256, 14, 14}, {0, 1, 0, 0}, target_id=0: 0.00190122ms, 1%
@167 = gpu::code_object[code_object=6608,symbol_name=mlir_convolution_add_relu,global=100352,local=256,](@166,@161,@164,@165) -> float_type, {64, 256, 14, 14}, {50176, 196, 14, 1}, target_id=0: 0.232984ms, 2%
@168 = load[offset=0,end=0](@1) -> int8_type, {0}, {1}, target_id=0: 0.00236618ms, 1%
@169 = load[offset=12845056,end=25690112](@1) -> float_type, {64, 256, 14, 14}, {50176, 196, 14, 1}, target_id=0: 0.00214416ms, 1%
@170 = gpu::convolution[op={padding={1, 1, 1, 1},stride={1, 1},dilation={1, 1},group=1,padding_mode=0},solution_object={binary_object: 438},algo=0,solution_id=0](@167,@162,@168,@169) -> float_type, {64, 256, 14, 14}, {50176, 196, 14, 1}, target_id=0: 0.517383ms, 3%
@171 = hip::hip_copy_literal[id=main:@literal:50] -> float_type, {1024}, {1}, target_id=0: 0.00237886ms, 1%
@172 = hip::hip_copy_literal[id=main:@literal:51] -> float_type, {1024, 256, 1, 1}, {256, 1, 1, 1}, target_id=0: 0.00222094ms, 1%
@173 = hip::hip_copy_literal[id=main:@literal:52] -> float_type, {256}, {1}, target_id=0: 0.00235244ms, 1%
@174 = broadcast[axis=1,out_lens={64, 256, 14, 14}](@173) -> float_type, {64, 256, 14, 14}, {0, 1, 0, 0}, target_id=0: 0.00266522ms, 1%
@175 = load[offset=0,end=12845056](@1) -> float_type, {64, 256, 14, 14}, {50176, 196, 14, 1}, target_id=0: 0.00190816ms, 1%
@176 = gpu::code_object[code_object=5320,symbol_name=add_relu_kernel,global=802816,local=1024,](@170,@174,@175) -> float_type, {64, 256, 14, 14}, {50176, 196, 14, 1}, target_id=0: 0.042653ms, 1%
@177 = broadcast[axis=1,out_lens={64, 1024, 14, 14}](@171) -> float_type, {64, 1024, 14, 14}, {0, 1, 0, 0}, target_id=0: 0.0025648ms, 1%
@178 = load[offset=25690112,end=77070336](@1) -> float_type, {64, 1024, 14, 14}, {200704, 196, 14, 1}, target_id=0: 0.00208962ms, 1%
@179 = gpu::code_object[code_object=7064,symbol_name=mlir_convolution_add_add_relu,global=802816,local=256,](@177,@161,@176,@172,@178) -> float_type, {64, 1024, 14, 14}, {200704, 196, 14, 1}, target_id=0: 0.288751ms, 2%
@180 = hip::hip_copy_literal[id=main:@literal:47] -> float_type, {256, 256, 3, 3}, {2304, 9, 3, 1}, target_id=0: 0.0014807ms, 1%
@181 = hip::hip_copy_literal[id=main:@literal:48] -> float_type, {256}, {1}, target_id=0: 0.00162596ms, 1%
@182 = hip::hip_copy_literal[id=main:@literal:49] -> float_type, {256, 1024, 1, 1}, {1024, 1, 1, 1}, target_id=0: 0.00188156ms, 1%
@183 = broadcast[axis=1,out_lens={64, 256, 14, 14}](@181) -> float_type, {64, 256, 14, 14}, {0, 1, 0, 0}, target_id=0: 0.00200306ms, 1%
@184 = load[offset=12845056,end=25690112](@1) -> float_type, {64, 256, 14, 14}, {50176, 196, 14, 1}, target_id=0: 0.00180474ms, 1%
@185 = gpu::code_object[code_object=6608,symbol_name=mlir_convolution_add_relu,global=100352,local=256,](@183,@179,@182,@184) -> float_type, {64, 256, 14, 14}, {50176, 196, 14, 1}, target_id=0: 0.234068ms, 2%
@186 = load[offset=0,end=0](@1) -> int8_type, {0}, {1}, target_id=0: 0.00233832ms, 1%
@187 = load[offset=0,end=12845056](@1) -> float_type, {64, 256, 14, 14}, {50176, 196, 14, 1}, target_id=0: 0.00209948ms, 1%
@188 = gpu::convolution[op={padding={1, 1, 1, 1},stride={1, 1},dilation={1, 1},group=1,padding_mode=0},solution_object={binary_object: 438},algo=0,solution_id=0](@185,@180,@186,@187) -> float_type, {64, 256, 14, 14}, {50176, 196, 14, 1}, target_id=0: 0.497299ms, 3%
@189 = hip::hip_copy_literal[id=main:@literal:44] -> float_type, {1024}, {1}, target_id=0: 0.00244444ms, 1%
@190 = hip::hip_copy_literal[id=main:@literal:45] -> float_type, {1024, 256, 1, 1}, {256, 1, 1, 1}, target_id=0: 0.00214554ms, 1%
@191 = hip::hip_copy_literal[id=main:@literal:46] -> float_type, {256}, {1}, target_id=0: 0.00231028ms, 1%
@192 = broadcast[axis=1,out_lens={64, 256, 14, 14}](@191) -> float_type, {64, 256, 14, 14}, {0, 1, 0, 0}, target_id=0: 0.00264702ms, 1%
@193 = load[offset=77070336,end=89915392](@1) -> float_type, {64, 256, 14, 14}, {50176, 196, 14, 1}, target_id=0: 0.00189566ms, 1%
@194 = gpu::code_object[code_object=5320,symbol_name=add_relu_kernel,global=802816,local=1024,](@188,@192,@193) -> float_type, {64, 256, 14, 14}, {50176, 196, 14, 1}, target_id=0: 0.0427773ms, 1%
@195 = broadcast[axis=1,out_lens={64, 1024, 14, 14}](@189) -> float_type, {64, 1024, 14, 14}, {0, 1, 0, 0}, target_id=0: 0.00258838ms, 1%
@196 = load[offset=128450560,end=179830784](@1) -> float_type, {64, 1024, 14, 14}, {200704, 196, 14, 1}, target_id=0: 0.0021176ms, 1%
@197 = gpu::code_object[code_object=7064,symbol_name=mlir_convolution_add_add_relu,global=802816,local=256,](@195,@179,@194,@190,@196) -> float_type, {64, 1024, 14, 14}, {200704, 196, 14, 1}, target_id=0: 0.289371ms, 2%
@198 = hip::hip_copy_literal[id=main:@literal:41] -> float_type, {256, 256, 3, 3}, {2304, 9, 3, 1}, target_id=0: 0.00222112ms, 1%
@199 = hip::hip_copy_literal[id=main:@literal:42] -> float_type, {256}, {1}, target_id=0: 0.00202668ms, 1%
@200 = hip::hip_copy_literal[id=main:@literal:43] -> float_type, {256, 1024, 1, 1}, {1024, 1, 1, 1}, target_id=0: 0.00177968ms, 1%
@201 = broadcast[axis=1,out_lens={64, 256, 14, 14}](@199) -> float_type, {64, 256, 14, 14}, {0, 1, 0, 0}, target_id=0: 0.00212172ms, 1%
@202 = load[offset=0,end=12845056](@1) -> float_type, {64, 256, 14, 14}, {50176, 196, 14, 1}, target_id=0: 0.00175728ms, 1%
@203 = gpu::code_object[code_object=6608,symbol_name=mlir_convolution_add_relu,global=100352,local=256,](@201,@197,@200,@202) -> float_type, {64, 256, 14, 14}, {50176, 196, 14, 1}, target_id=0: 0.234723ms, 2%
@204 = load[offset=0,end=0](@1) -> int8_type, {0}, {1}, target_id=0: 0.00232994ms, 1%
@205 = load[offset=25690112,end=38535168](@1) -> float_type, {64, 256, 14, 14}, {50176, 196, 14, 1}, target_id=0: 0.00206884ms, 1%
@206 = gpu::convolution[op={padding={1, 1, 1, 1},stride={1, 1},dilation={1, 1},group=1,padding_mode=0},solution_object={binary_object: 438},algo=0,solution_id=0](@203,@198,@204,@205) -> float_type, {64, 256, 14, 14}, {50176, 196, 14, 1}, target_id=0: 0.493463ms, 3%
@207 = hip::hip_copy_literal[id=main:@literal:38] -> float_type, {1024}, {1}, target_id=0: 0.00248918ms, 1%
@208 = hip::hip_copy_literal[id=main:@literal:39] -> float_type, {1024, 256, 1, 1}, {256, 1, 1, 1}, target_id=0: 0.00214832ms, 1%
@209 = hip::hip_copy_literal[id=main:@literal:40] -> float_type, {256}, {1}, target_id=0: 0.0023508ms, 1%
@210 = broadcast[axis=1,out_lens={64, 256, 14, 14}](@209) -> float_type, {64, 256, 14, 14}, {0, 1, 0, 0}, target_id=0: 0.00281746ms, 1%
@211 = load[offset=12845056,end=25690112](@1) -> float_type, {64, 256, 14, 14}, {50176, 196, 14, 1}, target_id=0: 0.00191222ms, 1%
@212 = gpu::code_object[code_object=5320,symbol_name=add_relu_kernel,global=802816,local=1024,](@206,@210,@211) -> float_type, {64, 256, 14, 14}, {50176, 196, 14, 1}, target_id=0: 0.0423666ms, 1%
@213 = load[offset=77070336,end=128450560](@1) -> float_type, {64, 1024, 14, 14}, {200704, 196, 14, 1}, target_id=0: 0.00249624ms, 1%
@214 = broadcast[axis=1,out_lens={64, 1024, 14, 14}](@207) -> float_type, {64, 1024, 14, 14}, {0, 1, 0, 0}, target_id=0: 0.00237194ms, 1%
@215 = gpu::code_object[code_object=7064,symbol_name=mlir_convolution_add_add_relu,global=802816,local=256,](@214,@197,@212,@208,@213) -> float_type, {64, 1024, 14, 14}, {200704, 196, 14, 1}, target_id=0: 0.288765ms, 2%
@216 = hip::hip_copy_literal[id=main:@literal:35] -> float_type, {256, 256, 3, 3}, {2304, 9, 3, 1}, target_id=0: 0.00166088ms, 1%
@217 = hip::hip_copy_literal[id=main:@literal:36] -> float_type, {256}, {1}, target_id=0: 0.00163148ms, 1%
@218 = hip::hip_copy_literal[id=main:@literal:37] -> float_type, {256, 1024, 1, 1}, {1024, 1, 1, 1}, target_id=0: 0.00167212ms, 1%
@219 = broadcast[axis=1,out_lens={64, 256, 14, 14}](@217) -> float_type, {64, 256, 14, 14}, {0, 1, 0, 0}, target_id=0: 0.00200444ms, 1%
@220 = load[offset=25690112,end=38535168](@1) -> float_type, {64, 256, 14, 14}, {50176, 196, 14, 1}, target_id=0: 0.001862ms, 1%
@221 = gpu::code_object[code_object=6608,symbol_name=mlir_convolution_add_relu,global=100352,local=256,](@219,@215,@218,@220) -> float_type, {64, 256, 14, 14}, {50176, 196, 14, 1}, target_id=0: 0.235474ms, 2%
@222 = load[offset=0,end=0](@1) -> int8_type, {0}, {1}, target_id=0: 0.00237034ms, 1%
@223 = load[offset=12845056,end=25690112](@1) -> float_type, {64, 256, 14, 14}, {50176, 196, 14, 1}, target_id=0: 0.00198508ms, 1%
@224 = gpu::convolution[op={padding={1, 1, 1, 1},stride={1, 1},dilation={1, 1},group=1,padding_mode=0},solution_object={binary_object: 438},algo=0,solution_id=0](@221,@216,@222,@223) -> float_type, {64, 256, 14, 14}, {50176, 196, 14, 1}, target_id=0: 0.498018ms, 3%
@225 = hip::hip_copy_literal[id=main:@literal:32] -> float_type, {1024}, {1}, target_id=0: 0.0023762ms, 1%
@226 = hip::hip_copy_literal[id=main:@literal:33] -> float_type, {1024, 256, 1, 1}, {256, 1, 1, 1}, target_id=0: 0.00204086ms, 1%
@227 = hip::hip_copy_literal[id=main:@literal:34] -> float_type, {256}, {1}, target_id=0: 0.00233262ms, 1%
@228 = broadcast[axis=1,out_lens={64, 256, 14, 14}](@227) -> float_type, {64, 256, 14, 14}, {0, 1, 0, 0}, target_id=0: 0.00287624ms, 1%
@229 = load[offset=0,end=12845056](@1) -> float_type, {64, 256, 14, 14}, {50176, 196, 14, 1}, target_id=0: 0.00190804ms, 1%
@230 = gpu::code_object[code_object=5320,symbol_name=add_relu_kernel,global=802816,local=1024,](@224,@228,@229) -> float_type, {64, 256, 14, 14}, {50176, 196, 14, 1}, target_id=0: 0.0425357ms, 1%
@231 = load[offset=25690112,end=77070336](@1) -> float_type, {64, 1024, 14, 14}, {200704, 196, 14, 1}, target_id=0: 0.00248364ms, 1%
@232 = broadcast[axis=1,out_lens={64, 1024, 14, 14}](@225) -> float_type, {64, 1024, 14, 14}, {0, 1, 0, 0}, target_id=0: 0.00234944ms, 1%
@233 = gpu::code_object[code_object=7064,symbol_name=mlir_convolution_add_add_relu,global=802816,local=256,](@232,@215,@230,@226,@231) -> float_type, {64, 1024, 14, 14}, {200704, 196, 14, 1}, target_id=0: 0.287853ms, 2%
@234 = hip::hip_copy_literal[id=main:@literal:29] -> float_type, {256, 256, 3, 3}, {2304, 9, 3, 1}, target_id=0: 0.00184516ms, 1%
@235 = hip::hip_copy_literal[id=main:@literal:30] -> float_type, {256}, {1}, target_id=0: 0.00171394ms, 1%
@236 = hip::hip_copy_literal[id=main:@literal:31] -> float_type, {256, 1024, 1, 1}, {1024, 1, 1, 1}, target_id=0: 0.00179066ms, 1%
@237 = load[offset=12845056,end=25690112](@1) -> float_type, {64, 256, 14, 14}, {50176, 196, 14, 1}, target_id=0: 0.00201838ms, 1%
@238 = broadcast[axis=1,out_lens={64, 256, 14, 14}](@235) -> float_type, {64, 256, 14, 14}, {0, 1, 0, 0}, target_id=0: 0.0018941ms, 1%
@239 = gpu::code_object[code_object=6608,symbol_name=mlir_convolution_add_relu,global=100352,local=256,](@238,@233,@236,@237) -> float_type, {64, 256, 14, 14}, {50176, 196, 14, 1}, target_id=0: 0.235018ms, 2%
@240 = load[offset=0,end=0](@1) -> int8_type, {0}, {1}, target_id=0: 0.00236348ms, 1%
@241 = load[offset=0,end=12845056](@1) -> float_type, {64, 256, 14, 14}, {50176, 196, 14, 1}, target_id=0: 0.00193328ms, 1%
@242 = gpu::convolution[op={padding={1, 1, 1, 1},stride={1, 1},dilation={1, 1},group=1,padding_mode=0},solution_object={binary_object: 438},algo=0,solution_id=0](@239,@234,@240,@241) -> float_type, {64, 256, 14, 14}, {50176, 196, 14, 1}, target_id=0: 0.494907ms, 3%
@243 = hip::hip_copy_literal[id=main:@literal:26] -> float_type, {1024}, {1}, target_id=0: 0.00240134ms, 1%
@244 = hip::hip_copy_literal[id=main:@literal:27] -> float_type, {1024, 256, 1, 1}, {256, 1, 1, 1}, target_id=0: 0.002179ms, 1%
@245 = hip::hip_copy_literal[id=main:@literal:28] -> float_type, {256}, {1}, target_id=0: 0.0023606ms, 1%
@246 = broadcast[axis=1,out_lens={64, 256, 14, 14}](@245) -> float_type, {64, 256, 14, 14}, {0, 1, 0, 0}, target_id=0: 0.002735ms, 1%
@247 = load[offset=77070336,end=89915392](@1) -> float_type, {64, 256, 14, 14}, {50176, 196, 14, 1}, target_id=0: 0.00195842ms, 1%
@248 = gpu::code_object[code_object=5320,symbol_name=add_relu_kernel,global=802816,local=1024,](@242,@246,@247) -> float_type, {64, 256, 14, 14}, {50176, 196, 14, 1}, target_id=0: 0.0423723ms, 1%
@249 = broadcast[axis=1,out_lens={64, 1024, 14, 14}](@243) -> float_type, {64, 1024, 14, 14}, {0, 1, 0, 0}, target_id=0: 0.00256894ms, 1%
@250 = load[offset=134873088,end=186253312](@1) -> float_type, {64, 1024, 14, 14}, {200704, 196, 14, 1}, target_id=0: 0.00198784ms, 1%
@251 = gpu::code_object[code_object=7064,symbol_name=mlir_convolution_add_add_relu,global=802816,local=256,](@249,@233,@248,@244,@250) -> float_type, {64, 1024, 14, 14}, {200704, 196, 14, 1}, target_id=0: 0.287349ms, 2%
@252 = hip::hip_copy_literal[id=main:@literal:23] -> float_type, {512, 512, 3, 3}, {4608, 9, 3, 1}, target_id=0: 0.00176696ms, 1%
@253 = hip::hip_copy_literal[id=main:@literal:24] -> float_type, {512}, {1}, target_id=0: 0.0017335ms, 1%
@254 = hip::hip_copy_literal[id=main:@literal:25] -> float_type, {512, 1024, 1, 1}, {1024, 1, 1, 1}, target_id=0: 0.0019695ms, 1%
@255 = broadcast[axis=1,out_lens={64, 512, 14, 14}](@253) -> float_type, {64, 512, 14, 14}, {0, 1, 0, 0}, target_id=0: 0.00190682ms, 1%
@256 = load[offset=0,end=25690112](@1) -> float_type, {64, 512, 14, 14}, {100352, 196, 14, 1}, target_id=0: 0.0017908ms, 1%
@257 = gpu::code_object[code_object=6608,symbol_name=mlir_convolution_add_relu,global=200704,local=256,](@255,@251,@254,@256) -> float_type, {64, 512, 14, 14}, {100352, 196, 14, 1}, target_id=0: 0.421937ms, 2%
@258 = load[offset=73662464,end=115212288](@1) -> int8_type, {41549824}, {1}, target_id=0: 0.00237454ms, 1%
@259 = load[offset=67239936,end=73662464](@1) -> float_type, {64, 512, 7, 7}, {25088, 49, 7, 1}, target_id=0: 0.00178802ms, 1%
@260 = gpu::convolution[op={padding={1, 1, 1, 1},stride={2, 2},dilation={1, 1},group=1,padding_mode=0},solution_object={binary_object: 557},algo=0,solution_id=0](@257,@252,@258,@259) -> float_type, {64, 512, 7, 7}, {25088, 49, 7, 1}, target_id=0: 0.575148ms, 3%
@261 = hip::hip_copy_literal[id=main:@literal:9] -> float_type, {2048, 1536, 1, 1}, {1536, 1, 1, 1}, target_id=0: 0.0023676ms, 1%
@262 = hip::hip_copy_literal[id=main:@literal:8] -> float_type, {2048}, {1}, target_id=0: 0.00193896ms, 1%
@263 = hip::hip_copy_literal[id=main:@literal:22] -> float_type, {512}, {1}, target_id=0: 0.00162308ms, 1%
@264 = broadcast[axis=1,out_lens={64, 512, 7, 7}](@263) -> float_type, {64, 512, 7, 7}, {0, 1, 0, 0}, target_id=0: 0.0032547ms, 1%
@265 = load[offset=0,end=6422528](@1) -> float_type, {64, 512, 7, 7}, {25088, 49, 7, 1}, target_id=0: 0.00189424ms, 1%
@266 = gpu::code_object[code_object=5256,symbol_name=add_relu_kernel,global=1605632,local=1024,](@260,@264,@265) -> float_type, {64, 512, 7, 7}, {25088, 49, 7, 1}, target_id=0: 0.0341572ms, 1%
@267 = step[axes={2, 3},steps={2, 2}](@251) -> float_type, {64, 1024, 7, 7}, {200704, 196, 28, 2}, target_id=0: 0.00270296ms, 1%
@268 = load[offset=25690112,end=44957696](@1) -> float_type, {64, 1536, 7, 7}, {75264, 49, 7, 1}, target_id=0: 0.00205478ms, 1%
@269 = gpu::code_object[code_object=5512,symbol_name=concat_kernel,global=2408448,local=1024,](@266,@267,@268) -> float_type, {64, 1536, 7, 7}, {75264, 49, 7, 1}, target_id=0: 0.0845977ms, 1%
@270 = broadcast[axis=1,out_lens={64, 2048, 7, 7}](@262) -> float_type, {64, 2048, 7, 7}, {0, 1, 0, 0}, target_id=0: 0.00269596ms, 1%
@271 = load[offset=0,end=25690112](@1) -> float_type, {64, 2048, 7, 7}, {100352, 49, 7, 1}, target_id=0: 0.00171394ms, 1%
@272 = gpu::code_object[code_object=7760,symbol_name=mlir_convolution_add_relu,global=204800,local=256,](@270,@269,@261,@271) -> float_type, {64, 2048, 7, 7}, {100352, 49, 7, 1}, target_id=0: 0.667316ms, 3%
@273 = hip::hip_copy_literal[id=main:@literal:19] -> float_type, {512, 512, 3, 3}, {4608, 9, 3, 1}, target_id=0: 0.0023719ms, 1%
@274 = hip::hip_copy_literal[id=main:@literal:20] -> float_type, {512}, {1}, target_id=0: 0.00207294ms, 1%
@275 = hip::hip_copy_literal[id=main:@literal:21] -> float_type, {512, 2048, 1, 1}, {2048, 1, 1, 1}, target_id=0: 0.00231594ms, 1%
@276 = load[offset=54394880,end=60817408](@1) -> float_type, {64, 512, 7, 7}, {25088, 49, 7, 1}, target_id=0: 0.00222924ms, 1%
@277 = broadcast[axis=1,out_lens={64, 512, 7, 7}](@274) -> float_type, {64, 512, 7, 7}, {0, 1, 0, 0}, target_id=0: 0.00192216ms, 1%
@278 = gpu::code_object[code_object=7184,symbol_name=mlir_convolution_add_relu,global=51200,local=256,](@277,@272,@275,@276) -> float_type, {64, 512, 7, 7}, {25088, 49, 7, 1}, target_id=0: 0.272644ms, 2%
@279 = load[offset=32112640,end=54394880](@1) -> int8_type, {22282240}, {1}, target_id=0: 0.00236334ms, 1%
@280 = load[offset=25690112,end=32112640](@1) -> float_type, {64, 512, 7, 7}, {25088, 49, 7, 1}, target_id=0: 0.0019138ms, 1%
@281 = gpu::convolution[op={padding={1, 1, 1, 1},stride={1, 1},dilation={1, 1},group=1,padding_mode=0},solution_object={binary_object: 553},algo=0,solution_id=0](@278,@273,@279,@280) -> float_type, {64, 512, 7, 7}, {25088, 49, 7, 1}, target_id=0: 0.532522ms, 3%
@282 = hip::hip_copy_literal[id=main:@literal:16] -> float_type, {2048}, {1}, target_id=0: 0.00236204ms, 1%
@283 = hip::hip_copy_literal[id=main:@literal:17] -> float_type, {2048, 512, 1, 1}, {512, 1, 1, 1}, target_id=0: 0.00217904ms, 1%
@284 = hip::hip_copy_literal[id=main:@literal:18] -> float_type, {512}, {1}, target_id=0: 0.00232722ms, 1%
@285 = broadcast[axis=1,out_lens={64, 512, 7, 7}](@284) -> float_type, {64, 512, 7, 7}, {0, 1, 0, 0}, target_id=0: 0.00280486ms, 1%
@286 = load[offset=32112640,end=38535168](@1) -> float_type, {64, 512, 7, 7}, {25088, 49, 7, 1}, target_id=0: 0.00195018ms, 1%
@287 = gpu::code_object[code_object=5256,symbol_name=add_relu_kernel,global=1605632,local=1024,](@281,@285,@286) -> float_type, {64, 512, 7, 7}, {25088, 49, 7, 1}, target_id=0: 0.0337759ms, 1%
@288 = broadcast[axis=1,out_lens={64, 2048, 7, 7}](@282) -> float_type, {64, 2048, 7, 7}, {0, 1, 0, 0}, target_id=0: 0.0027377ms, 1%
@289 = load[offset=89915392,end=115605504](@1) -> float_type, {64, 2048, 7, 7}, {100352, 49, 7, 1}, target_id=0: 0.00178936ms, 1%
@290 = gpu::code_object[code_object=8152,symbol_name=mlir_convolution_add_add_relu,global=204800,local=256,](@288,@272,@287,@283,@289) -> float_type, {64, 2048, 7, 7}, {100352, 49, 7, 1}, target_id=0: 0.274748ms, 2%
@291 = hip::hip_copy_literal[id=main:@literal:13] -> float_type, {512, 512, 3, 3}, {4608, 9, 3, 1}, target_id=0: 0.00177818ms, 1%
@292 = hip::hip_copy_literal[id=main:@literal:14] -> float_type, {512}, {1}, target_id=0: 0.00170422ms, 1%
@293 = hip::hip_copy_literal[id=main:@literal:15] -> float_type, {512, 2048, 1, 1}, {2048, 1, 1, 1}, target_id=0: 0.00200722ms, 1%
@294 = broadcast[axis=1,out_lens={64, 512, 7, 7}](@292) -> float_type, {64, 512, 7, 7}, {0, 1, 0, 0}, target_id=0: 0.00197236ms, 1%
@295 = load[offset=0,end=6422528](@1) -> float_type, {64, 512, 7, 7}, {25088, 49, 7, 1}, target_id=0: 0.0017056ms, 1%
@296 = gpu::code_object[code_object=7184,symbol_name=mlir_convolution_add_relu,global=51200,local=256,](@294,@290,@293,@295) -> float_type, {64, 512, 7, 7}, {25088, 49, 7, 1}, target_id=0: 0.27223ms, 2%
@297 = load[offset=35127296,end=57409536](@1) -> int8_type, {22282240}, {1}, target_id=0: 0.002376ms, 1%
@298 = load[offset=28704768,end=35127296](@1) -> float_type, {64, 512, 7, 7}, {25088, 49, 7, 1}, target_id=0: 0.00188708ms, 1%
@299 = gpu::convolution[op={padding={1, 1, 1, 1},stride={1, 1},dilation={1, 1},group=1,padding_mode=0},solution_object={binary_object: 553},algo=0,solution_id=0](@296,@291,@297,@298) -> float_type, {64, 512, 7, 7}, {25088, 49, 7, 1}, target_id=0: 0.525472ms, 3%
@300 = hip::hip_copy_literal[id=main:@literal:0] -> float_type, {64, 1000}, {1000, 1}, target_id=0: 0.00238162ms, 1%
@301 = hip::hip_copy_literal[id=main:@literal:1] -> float_type, {2048, 1000}, {1000, 1}, target_id=0: 0.00206046ms, 1%
@302 = hip::hip_copy_literal[id=main:@literal:10] -> float_type, {2048}, {1}, target_id=0: 0.00189844ms, 1%
@303 = hip::hip_copy_literal[id=main:@literal:11] -> float_type, {2048, 512, 1, 1}, {512, 1, 1, 1}, target_id=0: 0.00180612ms, 1%
@304 = hip::hip_copy_literal[id=main:@literal:12] -> float_type, {512}, {1}, target_id=0: 0.00180478ms, 1%
@305 = broadcast[axis=1,out_lens={64, 512, 7, 7}](@304) -> float_type, {64, 512, 7, 7}, {0, 1, 0, 0}, target_id=0: 0.00242212ms, 1%
@306 = load[offset=35127296,end=41549824](@1) -> float_type, {64, 512, 7, 7}, {25088, 49, 7, 1}, target_id=0: 0.00202138ms, 1%
@307 = gpu::code_object[code_object=5256,symbol_name=add_relu_kernel,global=1605632,local=1024,](@299,@305,@306) -> float_type, {64, 512, 7, 7}, {25088, 49, 7, 1}, target_id=0: 0.033973ms, 1%
@308 = load[offset=6422528,end=32112640](@1) -> float_type, {64, 2048, 7, 7}, {100352, 49, 7, 1}, target_id=0: 0.0023888ms, 1%
@309 = gpu::code_object[code_object=6520,symbol_name=mlir_convolution,global=204800,local=256,](@307,@303,@308) -> float_type, {64, 2048, 7, 7}, {100352, 49, 7, 1}, target_id=0: 0.243388ms, 2%
@310 = broadcast[axis=1,out_lens={64, 2048, 7, 7}](@302) -> float_type, {64, 2048, 7, 7}, {0, 1, 0, 0}, target_id=0: 0.00235646ms, 1%
@311 = load[offset=0,end=524288](@1) -> float_type, {64, 2048, 1, 1}, {2048, 1, 1, 1}, target_id=0: 0.00207708ms, 1%
@312 = gpu::code_object[code_object=5480,symbol_name=add_add_relu_reduce_mean_kernel,global=8388608,local=64,](@309,@310,@290,@311) -> float_type, {64, 2048, 1, 1}, {2048, 1, 1, 1}, target_id=0: 0.184354ms, 1%
@313 = flatten[axis=1](@312) -> float_type, {64, 2048}, {2048, 1}, target_id=0: 0.00254806ms, 1%
main:#output_0 = @param:main:#output_0 -> float_type, {64, 1000}, {1000, 1}, target_id=0: 0.00191514ms, 1%
@315 = gpu::gemm[alpha=1,beta=1,compute_fp32=1,trans_batch=0,solution_idx=0](@313,@301,@300,main:#output_0) -> float_type, {64, 1000}, {1000, 1}, target_id=0: 0.0694726ms, 1%
@316 = @return(@315), target_id=0
Summary:
gpu::convolution: 8.41843ms / 16 = 0.526152ms, 38%
gpu::code_object::mlir_convolution_add_relu: 7.46426ms / 21 = 0.355441ms, 34%
gpu::code_object::mlir_convolution_add_add_relu: 3.47417ms / 11 = 0.315834ms, 16%
gpu::code_object::add_relu_kernel: 0.919349ms / 16 = 0.0574593ms, 5%
gpu::code_object::concat_kernel: 0.599962ms / 4 = 0.149991ms, 3%
gpu::pooling: 0.464397ms / 1 = 0.464397ms, 3%
gpu::code_object::mlir_convolution: 0.243388ms / 1 = 0.243388ms, 2%
hip::hip_copy_literal: 0.214501ms / 100 = 0.00214501ms, 1%
load: 0.187653ms / 87 = 0.00215694ms, 1%
gpu::code_object::add_add_relu_reduce_mean_kernel: 0.184354ms / 1 = 0.184354ms, 1%
broadcast: 0.118586ms / 49 = 0.00242012ms, 1%
gpu::gemm: 0.0694726ms / 1 = 0.0694726ms, 1%
step: 0.00810902ms / 3 = 0.00270301ms, 1%
@param: 0.0036711ms / 2 = 0.00183555ms, 1%
flatten: 0.00254806ms / 1 = 0.00254806ms, 1%
check_context::migraphx::gpu::context: 0.00232154ms / 1 = 0.00232154ms, 1%
hip::hip_allocate_memory: 0.00192782ms / 1 = 0.00192782ms, 1%

Batch size: 1
Rate: 47.3889 inferences/sec
Total time: 21.102ms
Total instructions time: 22.3771ms
Overhead time: 0.0499308ms, -1.27514ms
Overhead: 0%, -6%
[ MIGraphX Version: 2.10.0.ac4742b57 ] Complete: /src/AMDMIGraphX/build/bin/driver perf --gpu /new-saved-models/torchvision/resnet50i64.onnx
