Compiling ... 
Reading: /new-saved-models/slim/mobilenet_i64.pb
module: "main"
@0 = check_context::migraphx::gpu::context  -> float_type, {}, {}
@1 = hip::hip_allocate_memory[shape=int8_type, {414728192}, {1},id=main:scratch] -> int8_type, {414728192}, {1}
@2 = hip::hip_copy_literal[id=main:@literal:12] -> float_type, {32, 3, 3, 3}, {27, 9, 3, 1}
@3 = load[offset=102760448,end=141640448](@1) -> float_type, {64, 3, 225, 225}, {151875, 50625, 225, 1}
input = @param:input -> float_type, {64, 3, 224, 224}, {150528, 50176, 224, 1}
@5 = gpu::code_object[code_object=13624,symbol_name=pad_kernel,global=307200,local=1024,](input,@3) -> float_type, {64, 3, 225, 225}, {151875, 50625, 225, 1}
@6 = load[offset=0,end=0](@1) -> int8_type, {0}, {1}
@7 = load[offset=0,end=102760448](@1) -> float_type, {64, 32, 112, 112}, {401408, 12544, 112, 1}
@8 = gpu::convolution[op={padding={0, 0, 0, 0},stride={2, 2},dilation={1, 1},group=1,padding_mode=0},solution_object={binary_object: 493},algo=0,int8_x4_format=0,solution_id=0](@5,@2,@6,@7) -> float_type, {64, 32, 112, 112}, {401408, 12544, 112, 1}
@9 = hip::hip_copy_literal[id=main:@literal:34] -> float_type, {32, 1, 1}, {1, 1, 1}
@10 = hip::hip_copy_literal[id=main:@literal:33] -> float_type, {32, 1, 3, 3}, {9, 9, 3, 1}
@11 = load[offset=141640448,end=244400896](@1) -> float_type, {64, 32, 112, 112}, {401408, 12544, 112, 1}
@12 = multibroadcast[out_lens={64, 32, 112, 112},out_dyn_dims={}](@9) -> float_type, {64, 32, 112, 112}, {0, 1, 0, 0}
@13 = gpu::code_object[code_object=13632,symbol_name=add_clip_kernel,global=3211264,local=1024,](@8,@12,@11) -> float_type, {64, 32, 112, 112}, {401408, 12544, 112, 1}
@14 = load[offset=0,end=0](@1) -> int8_type, {0}, {1}
@15 = load[offset=0,end=102760448](@1) -> float_type, {64, 32, 112, 112}, {401408, 12544, 112, 1}
@16 = gpu::convolution[op={padding={1, 1, 1, 1},stride={1, 1},dilation={1, 1},group=32,padding_mode=0},solution_object={binary_object: 446},algo=0,int8_x4_format=0,solution_id=0](@13,@10,@14,@15) -> float_type, {64, 32, 112, 112}, {401408, 12544, 112, 1}
@17 = hip::hip_copy_literal[id=main:@literal:9] -> float_type, {64, 32, 1, 1}, {32, 1, 1, 1}
@18 = hip::hip_copy_literal[id=main:@literal:36] -> float_type, {32, 1, 1}, {1, 1, 1}
@19 = multibroadcast[out_lens={64, 32, 112, 112},out_dyn_dims={}](@18) -> float_type, {64, 32, 112, 112}, {0, 1, 0, 0}
@20 = load[offset=205520896,end=308281344](@1) -> float_type, {64, 32, 112, 112}, {401408, 12544, 112, 1}
@21 = gpu::code_object[code_object=13632,symbol_name=add_clip_kernel,global=3211264,local=1024,](@16,@19,@20) -> float_type, {64, 32, 112, 112}, {401408, 12544, 112, 1}
@22 = load[offset=0,end=205520896](@1) -> float_type, {64, 64, 112, 112}, {802816, 12544, 112, 1}
@23 = load[offset=0,end=0](@1) -> int8_type, {0}, {1}
@24 = gpu::convolution[op={padding={0, 0, 0, 0},stride={1, 1},dilation={1, 1},group=1,padding_mode=0},solution_object={binary_object: 437},algo=0,int8_x4_format=0,solution_id=0](@21,@17,@23,@22) -> float_type, {64, 64, 112, 112}, {802816, 12544, 112, 1}
@25 = hip::hip_copy_literal[id=main:@literal:31] -> float_type, {64, 1, 1}, {1, 1, 1}
@26 = hip::hip_copy_literal[id=main:@literal:37] -> float_type, {64, 1, 3, 3}, {9, 9, 3, 1}
@27 = multibroadcast[out_lens={64, 64, 112, 112},out_dyn_dims={}](@25) -> float_type, {64, 64, 112, 112}, {0, 1, 0, 0}
@28 = load[offset=209207296,end=414728192](@1) -> float_type, {64, 64, 112, 112}, {802816, 12544, 112, 1}
@29 = gpu::code_object[code_object=13632,symbol_name=add_clip_kernel,global=6422528,local=1024,](@24,@27,@28) -> float_type, {64, 64, 112, 112}, {802816, 12544, 112, 1}
@30 = load[offset=0,end=209207296](@1) -> float_type, {64, 64, 113, 113}, {817216, 12769, 113, 1}
@31 = gpu::code_object[code_object=13624,symbol_name=pad_kernel,global=307200,local=1024,](@29,@30) -> float_type, {64, 64, 113, 113}, {817216, 12769, 113, 1}
@32 = load[offset=0,end=0](@1) -> int8_type, {0}, {1}
@33 = load[offset=209207296,end=260587520](@1) -> float_type, {64, 64, 56, 56}, {200704, 3136, 56, 1}
@34 = gpu::convolution[op={padding={0, 0, 0, 0},stride={2, 2},dilation={1, 1},group=64,padding_mode=0},solution_object={binary_object: 446},algo=0,int8_x4_format=0,solution_id=0](@31,@26,@32,@33) -> float_type, {64, 64, 56, 56}, {200704, 3136, 56, 1}
@35 = hip::hip_copy_literal[id=main:@literal:1] -> float_type, {128, 64, 1, 1}, {64, 1, 1, 1}
@36 = hip::hip_copy_literal[id=main:@literal:38] -> float_type, {64, 1, 1}, {1, 1, 1}
@37 = multibroadcast[out_lens={64, 64, 56, 56},out_dyn_dims={}](@36) -> float_type, {64, 64, 56, 56}, {0, 1, 0, 0}
@38 = load[offset=0,end=51380224](@1) -> float_type, {64, 64, 56, 56}, {200704, 3136, 56, 1}
@39 = gpu::code_object[code_object=13632,symbol_name=add_clip_kernel,global=1605632,local=1024,](@34,@37,@38) -> float_type, {64, 64, 56, 56}, {200704, 3136, 56, 1}
@40 = load[offset=0,end=0](@1) -> int8_type, {0}, {1}
@41 = load[offset=205520896,end=308281344](@1) -> float_type, {64, 128, 56, 56}, {401408, 3136, 56, 1}
@42 = gpu::convolution[op={padding={0, 0, 0, 0},stride={1, 1},dilation={1, 1},group=1,padding_mode=0},solution_object={binary_object: 453},algo=0,int8_x4_format=0,solution_id=0](@39,@35,@40,@41) -> float_type, {64, 128, 56, 56}, {401408, 3136, 56, 1}
@43 = hip::hip_copy_literal[id=main:@literal:45] -> float_type, {128, 1, 3, 3}, {9, 9, 3, 1}
@44 = hip::hip_copy_literal[id=main:@literal:41] -> float_type, {128, 1, 1}, {1, 1, 1}
@45 = multibroadcast[out_lens={64, 128, 56, 56},out_dyn_dims={}](@44) -> float_type, {64, 128, 56, 56}, {0, 1, 0, 0}
@46 = load[offset=102760448,end=205520896](@1) -> float_type, {64, 128, 56, 56}, {401408, 3136, 56, 1}
@47 = gpu::code_object[code_object=13632,symbol_name=add_clip_kernel,global=3211264,local=1024,](@42,@45,@46) -> float_type, {64, 128, 56, 56}, {401408, 3136, 56, 1}
@48 = load[offset=0,end=0](@1) -> int8_type, {0}, {1}
@49 = load[offset=256901120,end=359661568](@1) -> float_type, {64, 128, 56, 56}, {401408, 3136, 56, 1}
@50 = gpu::convolution[op={padding={1, 1, 1, 1},stride={1, 1},dilation={1, 1},group=128,padding_mode=0},solution_object={binary_object: 451},algo=0,int8_x4_format=0,solution_id=0](@47,@43,@48,@49) -> float_type, {64, 128, 56, 56}, {401408, 3136, 56, 1}
@51 = hip::hip_copy_literal[id=main:@literal:39] -> float_type, {128, 1, 1}, {1, 1, 1}
@52 = hip::hip_copy_literal[id=main:@literal:8] -> float_type, {128, 128, 1, 1}, {128, 1, 1, 1}
@53 = multibroadcast[out_lens={64, 128, 56, 56},out_dyn_dims={}](@51) -> float_type, {64, 128, 56, 56}, {0, 1, 0, 0}
@54 = load[offset=102760448,end=205520896](@1) -> float_type, {64, 128, 56, 56}, {401408, 3136, 56, 1}
@55 = gpu::code_object[code_object=13632,symbol_name=add_clip_kernel,global=3211264,local=1024,](@50,@53,@54) -> float_type, {64, 128, 56, 56}, {401408, 3136, 56, 1}
@56 = load[offset=0,end=0](@1) -> int8_type, {0}, {1}
@57 = load[offset=0,end=102760448](@1) -> float_type, {64, 128, 56, 56}, {401408, 3136, 56, 1}
@58 = gpu::convolution[op={padding={0, 0, 0, 0},stride={1, 1},dilation={1, 1},group=1,padding_mode=0},solution_object={binary_object: 475},algo=0,int8_x4_format=0,solution_id=0](@55,@52,@56,@57) -> float_type, {64, 128, 56, 56}, {401408, 3136, 56, 1}
@59 = hip::hip_copy_literal[id=main:@literal:27] -> float_type, {128, 1, 1}, {1, 1, 1}
@60 = hip::hip_copy_literal[id=main:@literal:30] -> float_type, {128, 1, 3, 3}, {9, 9, 3, 1}
@61 = multibroadcast[out_lens={64, 128, 56, 56},out_dyn_dims={}](@59) -> float_type, {64, 128, 56, 56}, {0, 1, 0, 0}
@62 = load[offset=209223680,end=311984128](@1) -> float_type, {64, 128, 56, 56}, {401408, 3136, 56, 1}
@63 = gpu::code_object[code_object=13632,symbol_name=add_clip_kernel,global=3211264,local=1024,](@58,@61,@62) -> float_type, {64, 128, 56, 56}, {401408, 3136, 56, 1}
@64 = load[offset=102760448,end=209223680](@1) -> float_type, {64, 128, 57, 57}, {415872, 3249, 57, 1}
@65 = gpu::code_object[code_object=13624,symbol_name=pad_kernel,global=307200,local=1024,](@63,@64) -> float_type, {64, 128, 57, 57}, {415872, 3249, 57, 1}
@66 = load[offset=51380224,end=77070336](@1) -> float_type, {64, 128, 28, 28}, {100352, 784, 28, 1}
@67 = load[offset=0,end=0](@1) -> int8_type, {0}, {1}
@68 = gpu::convolution[op={padding={0, 0, 0, 0},stride={2, 2},dilation={1, 1},group=128,padding_mode=0},solution_object={binary_object: 450},algo=0,int8_x4_format=0,solution_id=0](@65,@60,@67,@66) -> float_type, {64, 128, 28, 28}, {100352, 784, 28, 1}
@69 = hip::hip_copy_literal[id=main:@literal:32] -> float_type, {128, 1, 1}, {1, 1, 1}
@70 = hip::hip_copy_literal[id=main:@literal:5] -> float_type, {256, 128, 1, 1}, {128, 1, 1, 1}
@71 = load[offset=25690112,end=51380224](@1) -> float_type, {64, 128, 28, 28}, {100352, 784, 28, 1}
@72 = multibroadcast[out_lens={64, 128, 28, 28},out_dyn_dims={}](@69) -> float_type, {64, 128, 28, 28}, {0, 1, 0, 0}
@73 = gpu::code_object[code_object=13632,symbol_name=add_clip_kernel,global=802816,local=1024,](@68,@72,@71) -> float_type, {64, 128, 28, 28}, {100352, 784, 28, 1}
@74 = load[offset=0,end=0](@1) -> int8_type, {0}, {1}
@75 = load[offset=102760448,end=154140672](@1) -> float_type, {64, 256, 28, 28}, {200704, 784, 28, 1}
@76 = gpu::convolution[op={padding={0, 0, 0, 0},stride={1, 1},dilation={1, 1},group=1,padding_mode=0},solution_object={binary_object: 476},algo=0,int8_x4_format=0,solution_id=0](@73,@70,@74,@75) -> float_type, {64, 256, 28, 28}, {200704, 784, 28, 1}
@77 = hip::hip_copy_literal[id=main:@literal:43] -> float_type, {256, 1, 1}, {1, 1, 1}
@78 = hip::hip_copy_literal[id=main:@literal:26] -> float_type, {256, 1, 3, 3}, {9, 9, 3, 1}
@79 = multibroadcast[out_lens={64, 256, 28, 28},out_dyn_dims={}](@77) -> float_type, {64, 256, 28, 28}, {0, 1, 0, 0}
@80 = load[offset=51380224,end=102760448](@1) -> float_type, {64, 256, 28, 28}, {200704, 784, 28, 1}
@81 = gpu::code_object[code_object=13632,symbol_name=add_clip_kernel,global=1605632,local=1024,](@76,@79,@80) -> float_type, {64, 256, 28, 28}, {200704, 784, 28, 1}
@82 = load[offset=0,end=0](@1) -> int8_type, {0}, {1}
@83 = load[offset=128450560,end=179830784](@1) -> float_type, {64, 256, 28, 28}, {200704, 784, 28, 1}
@84 = gpu::convolution[op={padding={1, 1, 1, 1},stride={1, 1},dilation={1, 1},group=256,padding_mode=0},solution_object={binary_object: 455},algo=0,int8_x4_format=0,solution_id=0](@81,@78,@82,@83) -> float_type, {64, 256, 28, 28}, {200704, 784, 28, 1}
@85 = hip::hip_copy_literal[id=main:@literal:11] -> float_type, {256, 256, 1, 1}, {256, 1, 1, 1}
@86 = hip::hip_copy_literal[id=main:@literal:24] -> float_type, {256, 1, 1}, {1, 1, 1}
@87 = multibroadcast[out_lens={64, 256, 28, 28},out_dyn_dims={}](@86) -> float_type, {64, 256, 28, 28}, {0, 1, 0, 0}
@88 = load[offset=51380224,end=102760448](@1) -> float_type, {64, 256, 28, 28}, {200704, 784, 28, 1}
@89 = gpu::code_object[code_object=13632,symbol_name=add_clip_kernel,global=1605632,local=1024,](@84,@87,@88) -> float_type, {64, 256, 28, 28}, {200704, 784, 28, 1}
@90 = load[offset=0,end=0](@1) -> int8_type, {0}, {1}
@91 = load[offset=0,end=51380224](@1) -> float_type, {64, 256, 28, 28}, {200704, 784, 28, 1}
@92 = gpu::convolution[op={padding={0, 0, 0, 0},stride={1, 1},dilation={1, 1},group=1,padding_mode=0},solution_object={binary_object: 479},algo=0,int8_x4_format=0,solution_id=0](@89,@85,@90,@91) -> float_type, {64, 256, 28, 28}, {200704, 784, 28, 1}
@93 = hip::hip_copy_literal[id=main:@literal:18] -> float_type, {256, 1, 1}, {1, 1, 1}
@94 = hip::hip_copy_literal[id=main:@literal:28] -> float_type, {256, 1, 3, 3}, {9, 9, 3, 1}
@95 = multibroadcast[out_lens={64, 256, 28, 28},out_dyn_dims={}](@93) -> float_type, {64, 256, 28, 28}, {0, 1, 0, 0}
@96 = load[offset=106496000,end=157876224](@1) -> float_type, {64, 256, 28, 28}, {200704, 784, 28, 1}
@97 = gpu::code_object[code_object=13632,symbol_name=add_clip_kernel,global=1605632,local=1024,](@92,@95,@96) -> float_type, {64, 256, 28, 28}, {200704, 784, 28, 1}
@98 = load[offset=51380224,end=106496000](@1) -> float_type, {64, 256, 29, 29}, {215296, 841, 29, 1}
@99 = gpu::code_object[code_object=13624,symbol_name=pad_kernel,global=307200,local=1024,](@97,@98) -> float_type, {64, 256, 29, 29}, {215296, 841, 29, 1}
@100 = load[offset=0,end=0](@1) -> int8_type, {0}, {1}
@101 = load[offset=0,end=12845056](@1) -> float_type, {64, 256, 14, 14}, {50176, 196, 14, 1}
@102 = gpu::convolution[op={padding={0, 0, 0, 0},stride={2, 2},dilation={1, 1},group=256,padding_mode=0},solution_object={binary_object: 449},algo=0,int8_x4_format=0,solution_id=0](@99,@94,@100,@101) -> float_type, {64, 256, 14, 14}, {50176, 196, 14, 1}
@103 = hip::hip_copy_literal[id=main:@literal:10] -> float_type, {512, 256, 1, 1}, {256, 1, 1, 1}
@104 = hip::hip_copy_literal[id=main:@literal:16] -> float_type, {256, 1, 1}, {1, 1, 1}
@105 = multibroadcast[out_lens={64, 256, 14, 14},out_dyn_dims={}](@104) -> float_type, {64, 256, 14, 14}, {0, 1, 0, 0}
@106 = load[offset=25690112,end=38535168](@1) -> float_type, {64, 256, 14, 14}, {50176, 196, 14, 1}
@107 = gpu::code_object[code_object=13632,symbol_name=add_clip_kernel,global=802816,local=1024,](@102,@105,@106) -> float_type, {64, 256, 14, 14}, {50176, 196, 14, 1}
@108 = load[offset=0,end=0](@1) -> int8_type, {0}, {1}
@109 = load[offset=0,end=25690112](@1) -> float_type, {64, 512, 14, 14}, {100352, 196, 14, 1}
@110 = gpu::convolution[op={padding={0, 0, 0, 0},stride={1, 1},dilation={1, 1},group=1,padding_mode=0},solution_object={binary_object: 458},algo=0,int8_x4_format=0,solution_id=0](@107,@103,@108,@109) -> float_type, {64, 512, 14, 14}, {100352, 196, 14, 1}
@111 = hip::hip_copy_literal[id=main:@literal:20] -> float_type, {512, 1, 3, 3}, {9, 9, 3, 1}
@112 = hip::hip_copy_literal[id=main:@literal:22] -> float_type, {512, 1, 1}, {1, 1, 1}
@113 = multibroadcast[out_lens={64, 512, 14, 14},out_dyn_dims={}](@112) -> float_type, {64, 512, 14, 14}, {0, 1, 0, 0}
@114 = load[offset=38535168,end=64225280](@1) -> float_type, {64, 512, 14, 14}, {100352, 196, 14, 1}
@115 = gpu::code_object[code_object=13632,symbol_name=add_clip_kernel,global=1605632,local=1024,](@110,@113,@114) -> float_type, {64, 512, 14, 14}, {100352, 196, 14, 1}
@116 = load[offset=0,end=0](@1) -> int8_type, {0}, {1}
@117 = load[offset=0,end=25690112](@1) -> float_type, {64, 512, 14, 14}, {100352, 196, 14, 1}
@118 = gpu::convolution[op={padding={1, 1, 1, 1},stride={1, 1},dilation={1, 1},group=512,padding_mode=0},solution_object={binary_object: 451},algo=0,int8_x4_format=0,solution_id=0](@115,@111,@116,@117) -> float_type, {64, 512, 14, 14}, {100352, 196, 14, 1}
@119 = hip::hip_copy_literal[id=main:@literal:15] -> float_type, {512, 1, 1}, {1, 1, 1}
@120 = hip::hip_copy_literal[id=main:@literal:7] -> float_type, {512, 512, 1, 1}, {512, 1, 1, 1}
@121 = load[offset=51380224,end=77070336](@1) -> float_type, {64, 512, 14, 14}, {100352, 196, 14, 1}
@122 = multibroadcast[out_lens={64, 512, 14, 14},out_dyn_dims={}](@119) -> float_type, {64, 512, 14, 14}, {0, 1, 0, 0}
@123 = gpu::code_object[code_object=13632,symbol_name=add_clip_kernel,global=1605632,local=1024,](@118,@122,@121) -> float_type, {64, 512, 14, 14}, {100352, 196, 14, 1}
@124 = load[offset=0,end=0](@1) -> int8_type, {0}, {1}
@125 = load[offset=25690112,end=51380224](@1) -> float_type, {64, 512, 14, 14}, {100352, 196, 14, 1}
@126 = gpu::convolution[op={padding={0, 0, 0, 0},stride={1, 1},dilation={1, 1},group=1,padding_mode=0},solution_object={binary_object: 460},algo=0,int8_x4_format=0,solution_id=0](@123,@120,@124,@125) -> float_type, {64, 512, 14, 14}, {100352, 196, 14, 1}
@127 = hip::hip_copy_literal[id=main:@literal:47] -> float_type, {512, 1, 3, 3}, {9, 9, 3, 1}
@128 = hip::hip_copy_literal[id=main:@literal:46] -> float_type, {512, 1, 1}, {1, 1, 1}
@129 = multibroadcast[out_lens={64, 512, 14, 14},out_dyn_dims={}](@128) -> float_type, {64, 512, 14, 14}, {0, 1, 0, 0}
@130 = load[offset=0,end=25690112](@1) -> float_type, {64, 512, 14, 14}, {100352, 196, 14, 1}
@131 = gpu::code_object[code_object=13632,symbol_name=add_clip_kernel,global=1605632,local=1024,](@126,@129,@130) -> float_type, {64, 512, 14, 14}, {100352, 196, 14, 1}
@132 = load[offset=0,end=0](@1) -> int8_type, {0}, {1}
@133 = load[offset=51380224,end=77070336](@1) -> float_type, {64, 512, 14, 14}, {100352, 196, 14, 1}
@134 = gpu::convolution[op={padding={1, 1, 1, 1},stride={1, 1},dilation={1, 1},group=512,padding_mode=0},solution_object={binary_object: 451},algo=0,int8_x4_format=0,solution_id=0](@131,@127,@132,@133) -> float_type, {64, 512, 14, 14}, {100352, 196, 14, 1}
@135 = hip::hip_copy_literal[id=main:@literal:3] -> float_type, {512, 512, 1, 1}, {512, 1, 1, 1}
@136 = hip::hip_copy_literal[id=main:@literal:40] -> float_type, {512, 1, 1}, {1, 1, 1}
@137 = load[offset=25690112,end=51380224](@1) -> float_type, {64, 512, 14, 14}, {100352, 196, 14, 1}
@138 = multibroadcast[out_lens={64, 512, 14, 14},out_dyn_dims={}](@136) -> float_type, {64, 512, 14, 14}, {0, 1, 0, 0}
@139 = gpu::code_object[code_object=13632,symbol_name=add_clip_kernel,global=1605632,local=1024,](@134,@138,@137) -> float_type, {64, 512, 14, 14}, {100352, 196, 14, 1}
@140 = load[offset=0,end=0](@1) -> int8_type, {0}, {1}
@141 = load[offset=0,end=25690112](@1) -> float_type, {64, 512, 14, 14}, {100352, 196, 14, 1}
@142 = gpu::convolution[op={padding={0, 0, 0, 0},stride={1, 1},dilation={1, 1},group=1,padding_mode=0},solution_object={binary_object: 460},algo=0,int8_x4_format=0,solution_id=0](@139,@135,@140,@141) -> float_type, {64, 512, 14, 14}, {100352, 196, 14, 1}
@143 = hip::hip_copy_literal[id=main:@literal:17] -> float_type, {512, 1, 3, 3}, {9, 9, 3, 1}
@144 = hip::hip_copy_literal[id=main:@literal:48] -> float_type, {512, 1, 1}, {1, 1, 1}
@145 = load[offset=51380224,end=77070336](@1) -> float_type, {64, 512, 14, 14}, {100352, 196, 14, 1}
@146 = multibroadcast[out_lens={64, 512, 14, 14},out_dyn_dims={}](@144) -> float_type, {64, 512, 14, 14}, {0, 1, 0, 0}
@147 = gpu::code_object[code_object=13632,symbol_name=add_clip_kernel,global=1605632,local=1024,](@142,@146,@145) -> float_type, {64, 512, 14, 14}, {100352, 196, 14, 1}
@148 = load[offset=0,end=0](@1) -> int8_type, {0}, {1}
@149 = load[offset=25690112,end=51380224](@1) -> float_type, {64, 512, 14, 14}, {100352, 196, 14, 1}
@150 = gpu::convolution[op={padding={1, 1, 1, 1},stride={1, 1},dilation={1, 1},group=512,padding_mode=0},solution_object={binary_object: 451},algo=0,int8_x4_format=0,solution_id=0](@147,@143,@148,@149) -> float_type, {64, 512, 14, 14}, {100352, 196, 14, 1}
@151 = hip::hip_copy_literal[id=main:@literal:6] -> float_type, {512, 512, 1, 1}, {512, 1, 1, 1}
@152 = hip::hip_copy_literal[id=main:@literal:29] -> float_type, {512, 1, 1}, {1, 1, 1}
@153 = load[offset=0,end=25690112](@1) -> float_type, {64, 512, 14, 14}, {100352, 196, 14, 1}
@154 = multibroadcast[out_lens={64, 512, 14, 14},out_dyn_dims={}](@152) -> float_type, {64, 512, 14, 14}, {0, 1, 0, 0}
@155 = gpu::code_object[code_object=13632,symbol_name=add_clip_kernel,global=1605632,local=1024,](@150,@154,@153) -> float_type, {64, 512, 14, 14}, {100352, 196, 14, 1}
@156 = load[offset=0,end=0](@1) -> int8_type, {0}, {1}
@157 = load[offset=51380224,end=77070336](@1) -> float_type, {64, 512, 14, 14}, {100352, 196, 14, 1}
@158 = gpu::convolution[op={padding={0, 0, 0, 0},stride={1, 1},dilation={1, 1},group=1,padding_mode=0},solution_object={binary_object: 460},algo=0,int8_x4_format=0,solution_id=0](@155,@151,@156,@157) -> float_type, {64, 512, 14, 14}, {100352, 196, 14, 1}
@159 = hip::hip_copy_literal[id=main:@literal:21] -> float_type, {512, 1, 3, 3}, {9, 9, 3, 1}
@160 = hip::hip_copy_literal[id=main:@literal:49] -> float_type, {512, 1, 1}, {1, 1, 1}
@161 = load[offset=25690112,end=51380224](@1) -> float_type, {64, 512, 14, 14}, {100352, 196, 14, 1}
@162 = multibroadcast[out_lens={64, 512, 14, 14},out_dyn_dims={}](@160) -> float_type, {64, 512, 14, 14}, {0, 1, 0, 0}
@163 = gpu::code_object[code_object=13632,symbol_name=add_clip_kernel,global=1605632,local=1024,](@158,@162,@161) -> float_type, {64, 512, 14, 14}, {100352, 196, 14, 1}
@164 = load[offset=0,end=0](@1) -> int8_type, {0}, {1}
@165 = load[offset=0,end=25690112](@1) -> float_type, {64, 512, 14, 14}, {100352, 196, 14, 1}
@166 = gpu::convolution[op={padding={1, 1, 1, 1},stride={1, 1},dilation={1, 1},group=512,padding_mode=0},solution_object={binary_object: 451},algo=0,int8_x4_format=0,solution_id=0](@163,@159,@164,@165) -> float_type, {64, 512, 14, 14}, {100352, 196, 14, 1}
@167 = hip::hip_copy_literal[id=main:@literal:44] -> float_type, {512, 1, 1}, {1, 1, 1}
@168 = hip::hip_copy_literal[id=main:@literal:2] -> float_type, {512, 512, 1, 1}, {512, 1, 1, 1}
@169 = multibroadcast[out_lens={64, 512, 14, 14},out_dyn_dims={}](@167) -> float_type, {64, 512, 14, 14}, {0, 1, 0, 0}
@170 = load[offset=51380224,end=77070336](@1) -> float_type, {64, 512, 14, 14}, {100352, 196, 14, 1}
@171 = gpu::code_object[code_object=13632,symbol_name=add_clip_kernel,global=1605632,local=1024,](@166,@169,@170) -> float_type, {64, 512, 14, 14}, {100352, 196, 14, 1}
@172 = load[offset=0,end=0](@1) -> int8_type, {0}, {1}
@173 = load[offset=25690112,end=51380224](@1) -> float_type, {64, 512, 14, 14}, {100352, 196, 14, 1}
@174 = gpu::convolution[op={padding={0, 0, 0, 0},stride={1, 1},dilation={1, 1},group=1,padding_mode=0},solution_object={binary_object: 460},algo=0,int8_x4_format=0,solution_id=0](@171,@168,@172,@173) -> float_type, {64, 512, 14, 14}, {100352, 196, 14, 1}
@175 = hip::hip_copy_literal[id=main:@literal:55] -> float_type, {1001}, {1}
@176 = hip::hip_copy_literal[id=main:@literal:35] -> float_type, {512, 1, 1}, {1, 1, 1}
@177 = hip::hip_copy_literal[id=main:@literal:4] -> float_type, {512, 512, 1, 1}, {512, 1, 1, 1}
@178 = hip::hip_copy_literal[id=main:@literal:14] -> float_type, {1001, 1024, 1, 1}, {1024, 1, 1, 1}
@179 = hip::hip_copy_literal[id=main:@literal:0] -> float_type, {1024, 512, 1, 1}, {512, 1, 1, 1}
@180 = hip::hip_copy_literal[id=main:@literal:13] -> float_type, {1024, 1024, 1, 1}, {1024, 1, 1, 1}
@181 = hip::hip_copy_literal[id=main:@literal:53] -> float_type, {512, 1, 3, 3}, {9, 9, 3, 1}
@182 = hip::hip_copy_literal[id=main:@literal:52] -> float_type, {512, 1, 1}, {1, 1, 1}
@183 = hip::hip_copy_literal[id=main:@literal:54] -> float_type, {512, 1, 1}, {1, 1, 1}
@184 = hip::hip_copy_literal[id=main:@literal:25] -> float_type, {1024, 1, 3, 3}, {9, 9, 3, 1}
@185 = hip::hip_copy_literal[id=main:@literal:51] -> float_type, {512, 1, 1}, {1, 1, 1}
@186 = hip::hip_copy_literal[id=main:@literal:23] -> float_type, {1024, 1, 1}, {1, 1, 1}
@187 = hip::hip_copy_literal[id=main:@literal:50] -> float_type, {512, 1, 3, 3}, {9, 9, 3, 1}
@188 = hip::hip_copy_literal[id=main:@literal:42] -> float_type, {1024, 1, 1}, {1, 1, 1}
@189 = hip::hip_copy_literal[id=main:@literal:19] -> float_type, {1024, 1, 1}, {1, 1, 1}
@190 = load[offset=0,end=25690112](@1) -> float_type, {64, 512, 14, 14}, {100352, 196, 14, 1}
@191 = multibroadcast[out_lens={64, 512, 14, 14},out_dyn_dims={}](@176) -> float_type, {64, 512, 14, 14}, {0, 1, 0, 0}
@192 = gpu::code_object[code_object=13632,symbol_name=add_clip_kernel,global=1605632,local=1024,](@174,@191,@190) -> float_type, {64, 512, 14, 14}, {100352, 196, 14, 1}
@193 = load[offset=0,end=0](@1) -> int8_type, {0}, {1}
@194 = load[offset=51380224,end=77070336](@1) -> float_type, {64, 512, 14, 14}, {100352, 196, 14, 1}
@195 = gpu::convolution[op={padding={1, 1, 1, 1},stride={1, 1},dilation={1, 1},group=512,padding_mode=0},solution_object={binary_object: 451},algo=0,int8_x4_format=0,solution_id=0](@192,@187,@193,@194) -> float_type, {64, 512, 14, 14}, {100352, 196, 14, 1}
@196 = load[offset=25690112,end=51380224](@1) -> float_type, {64, 512, 14, 14}, {100352, 196, 14, 1}
@197 = multibroadcast[out_lens={64, 512, 14, 14},out_dyn_dims={}](@185) -> float_type, {64, 512, 14, 14}, {0, 1, 0, 0}
@198 = gpu::code_object[code_object=13632,symbol_name=add_clip_kernel,global=1605632,local=1024,](@195,@197,@196) -> float_type, {64, 512, 14, 14}, {100352, 196, 14, 1}
@199 = load[offset=0,end=0](@1) -> int8_type, {0}, {1}
@200 = load[offset=0,end=25690112](@1) -> float_type, {64, 512, 14, 14}, {100352, 196, 14, 1}
@201 = gpu::convolution[op={padding={0, 0, 0, 0},stride={1, 1},dilation={1, 1},group=1,padding_mode=0},solution_object={binary_object: 460},algo=0,int8_x4_format=0,solution_id=0](@198,@177,@199,@200) -> float_type, {64, 512, 14, 14}, {100352, 196, 14, 1}
@202 = load[offset=55181312,end=80871424](@1) -> float_type, {64, 512, 14, 14}, {100352, 196, 14, 1}
@203 = multibroadcast[out_lens={64, 512, 14, 14},out_dyn_dims={}](@182) -> float_type, {64, 512, 14, 14}, {0, 1, 0, 0}
@204 = gpu::code_object[code_object=13632,symbol_name=add_clip_kernel,global=1605632,local=1024,](@201,@203,@202) -> float_type, {64, 512, 14, 14}, {100352, 196, 14, 1}
@205 = load[offset=25690112,end=55181312](@1) -> float_type, {64, 512, 15, 15}, {115200, 225, 15, 1}
@206 = gpu::code_object[code_object=13624,symbol_name=pad_kernel,global=307200,local=1024,](@204,@205) -> float_type, {64, 512, 15, 15}, {115200, 225, 15, 1}
@207 = load[offset=0,end=0](@1) -> int8_type, {0}, {1}
@208 = load[offset=0,end=6422528](@1) -> float_type, {64, 512, 7, 7}, {25088, 49, 7, 1}
@209 = gpu::convolution[op={padding={0, 0, 0, 0},stride={2, 2},dilation={1, 1},group=512,padding_mode=0},solution_object={binary_object: 446},algo=0,int8_x4_format=0,solution_id=0](@206,@181,@207,@208) -> float_type, {64, 512, 7, 7}, {25088, 49, 7, 1}
@210 = multibroadcast[out_lens={64, 512, 7, 7},out_dyn_dims={}](@183) -> float_type, {64, 512, 7, 7}, {0, 1, 0, 0}
@211 = load[offset=12845056,end=19267584](@1) -> float_type, {64, 512, 7, 7}, {25088, 49, 7, 1}
@212 = gpu::code_object[code_object=13632,symbol_name=add_clip_kernel,global=1605632,local=1024,](@209,@210,@211) -> float_type, {64, 512, 7, 7}, {25088, 49, 7, 1}
@213 = load[offset=0,end=0](@1) -> int8_type, {0}, {1}
@214 = load[offset=0,end=12845056](@1) -> float_type, {64, 1024, 7, 7}, {50176, 49, 7, 1}
@215 = gpu::convolution[op={padding={0, 0, 0, 0},stride={1, 1},dilation={1, 1},group=1,padding_mode=0},solution_object={binary_object: 470},algo=0,int8_x4_format=0,solution_id=0](@212,@179,@213,@214) -> float_type, {64, 1024, 7, 7}, {50176, 49, 7, 1}
@216 = multibroadcast[out_lens={64, 1024, 7, 7},out_dyn_dims={}](@188) -> float_type, {64, 1024, 7, 7}, {0, 1, 0, 0}
@217 = load[offset=19267584,end=32112640](@1) -> float_type, {64, 1024, 7, 7}, {50176, 49, 7, 1}
@218 = gpu::code_object[code_object=13632,symbol_name=add_clip_kernel,global=3211264,local=1024,](@215,@216,@217) -> float_type, {64, 1024, 7, 7}, {50176, 49, 7, 1}
@219 = load[offset=0,end=0](@1) -> int8_type, {0}, {1}
@220 = load[offset=0,end=12845056](@1) -> float_type, {64, 1024, 7, 7}, {50176, 49, 7, 1}
@221 = gpu::convolution[op={padding={1, 1, 1, 1},stride={1, 1},dilation={1, 1},group=1024,padding_mode=0},solution_object={binary_object: 443},algo=0,int8_x4_format=0,solution_id=0](@218,@184,@219,@220) -> float_type, {64, 1024, 7, 7}, {50176, 49, 7, 1}
@222 = multibroadcast[out_lens={64, 1024, 7, 7},out_dyn_dims={}](@189) -> float_type, {64, 1024, 7, 7}, {0, 1, 0, 0}
@223 = load[offset=25952256,end=38797312](@1) -> float_type, {64, 1024, 7, 7}, {50176, 49, 7, 1}
@224 = gpu::code_object[code_object=13632,symbol_name=add_clip_kernel,global=3211264,local=1024,](@221,@222,@223) -> float_type, {64, 1024, 7, 7}, {50176, 49, 7, 1}
@225 = load[offset=0,end=0](@1) -> int8_type, {0}, {1}
@226 = load[offset=13107200,end=25952256](@1) -> float_type, {64, 1024, 7, 7}, {50176, 49, 7, 1}
@227 = gpu::convolution[op={padding={0, 0, 0, 0},stride={1, 1},dilation={1, 1},group=1,padding_mode=0},solution_object={binary_object: 451},algo=0,int8_x4_format=0,solution_id=0](@224,@180,@225,@226) -> float_type, {64, 1024, 7, 7}, {50176, 49, 7, 1}
@228 = multibroadcast[out_lens={64, 1024, 7, 7},out_dyn_dims={}](@186) -> float_type, {64, 1024, 7, 7}, {0, 1, 0, 0}
@229 = load[offset=262144,end=13107200](@1) -> float_type, {64, 1024, 7, 7}, {50176, 49, 7, 1}
@230 = gpu::code_object[code_object=13632,symbol_name=add_clip_kernel,global=3211264,local=1024,](@227,@228,@229) -> float_type, {64, 1024, 7, 7}, {50176, 49, 7, 1}
@231 = load[offset=13107200,end=13369344](@1) -> float_type, {64, 1024, 1, 1}, {1024, 1, 1, 1}
@232 = gpu::pooling[mode=average,padding={0, 0, 0, 0},stride={2, 2},lengths={7, 7},ceil_mode=0,lp_order=2,dyn_global=0](@230,@231) -> float_type, {64, 1024, 1, 1}, {1024, 1, 1, 1}
@233 = load[offset=0,end=0](@1) -> int8_type, {0}, {1}
@234 = load[offset=256256,end=512512](@1) -> float_type, {64, 1001, 1, 1}, {1001, 1, 1, 1}
@235 = gpu::convolution[op={padding={0, 0, 0, 0},stride={1, 1},dilation={1, 1},group=1,padding_mode=0},solution_object={binary_object: 549},algo=0,int8_x4_format=0,solution_id=0](@232,@178,@233,@234) -> float_type, {64, 1001, 1, 1}, {1001, 1, 1, 1}
@236 = broadcast[axis=1,out_lens={64, 1001, 1, 1}](@175) -> float_type, {64, 1001, 1, 1}, {0, 1, 0, 0}
@237 = load[offset=512512,end=768768](@1) -> float_type, {64, 1001, 1, 1}, {1001, 1, 1, 1}
@238 = gpu::code_object[code_object=13624,symbol_name=add_kernel,global=64064,local=1024,](@235,@236,@237) -> float_type, {64, 1001, 1, 1}, {1001, 1, 1, 1}
main:#output_0 = @param:main:#output_0 -> float_type, {64, 1001}, {1001, 1}
@240 = transpose[permutation={0, 2, 3, 1}](@238) -> float_type, {64, 1, 1, 1001}, {1001, 1, 1, 1}
@241 = squeeze[axes={1, 2}](@240) -> float_type, {64, 1001}, {1001, 1}
@242 = gpu::code_object[code_object=13632,symbol_name=softmax_kernel,global=16384,local=256,](@241,main:#output_0) -> float_type, {64, 1001}, {1001, 1}
@243 = @return(@242)


Allocating params ... 
Running performance report ... 
@0 = check_context::migraphx::gpu::context  -> float_type, {}, {}: 0.00096258ms, 1%
@1 = hip::hip_allocate_memory[shape=int8_type, {414728192}, {1},id=main:scratch] -> int8_type, {414728192}, {1}: 0.0009245ms, 1%
@2 = hip::hip_copy_literal[id=main:@literal:12] -> float_type, {32, 3, 3, 3}, {27, 9, 3, 1}: 0.00088272ms, 1%
@3 = load[offset=102760448,end=141640448](@1) -> float_type, {64, 3, 225, 225}, {151875, 50625, 225, 1}: 0.00069058ms, 1%
input = @param:input -> float_type, {64, 3, 224, 224}, {150528, 50176, 224, 1}: 0.00045036ms, 1%
@5 = gpu::code_object[code_object=13624,symbol_name=pad_kernel,global=307200,local=1024,](input,@3) -> float_type, {64, 3, 225, 225}, {151875, 50625, 225, 1}: 0.12065ms, 2%
@6 = load[offset=0,end=0](@1) -> int8_type, {0}, {1}: 0.00073136ms, 1%
@7 = load[offset=0,end=102760448](@1) -> float_type, {64, 32, 112, 112}, {401408, 12544, 112, 1}: 0.00058714ms, 1%
@8 = gpu::convolution[op={padding={0, 0, 0, 0},stride={2, 2},dilation={1, 1},group=1,padding_mode=0},solution_object={binary_object: 493},algo=0,int8_x4_format=0,solution_id=0](@5,@2,@6,@7) -> float_type, {64, 32, 112, 112}, {401408, 12544, 112, 1}: 0.202102ms, 2%
@9 = hip::hip_copy_literal[id=main:@literal:34] -> float_type, {32, 1, 1}, {1, 1, 1}: 0.00091828ms, 1%
@10 = hip::hip_copy_literal[id=main:@literal:33] -> float_type, {32, 1, 3, 3}, {9, 9, 3, 1}: 0.0005423ms, 1%
@11 = load[offset=141640448,end=244400896](@1) -> float_type, {64, 32, 112, 112}, {401408, 12544, 112, 1}: 0.00068788ms, 1%
@12 = multibroadcast[out_lens={64, 32, 112, 112},out_dyn_dims={}](@9) -> float_type, {64, 32, 112, 112}, {0, 1, 0, 0}: 0.00117618ms, 1%
@13 = gpu::code_object[code_object=13632,symbol_name=add_clip_kernel,global=3211264,local=1024,](@8,@12,@11) -> float_type, {64, 32, 112, 112}, {401408, 12544, 112, 1}: 0.227094ms, 3%
@14 = load[offset=0,end=0](@1) -> int8_type, {0}, {1}: 0.00074464ms, 1%
@15 = load[offset=0,end=102760448](@1) -> float_type, {64, 32, 112, 112}, {401408, 12544, 112, 1}: 0.00059566ms, 1%
@16 = gpu::convolution[op={padding={1, 1, 1, 1},stride={1, 1},dilation={1, 1},group=32,padding_mode=0},solution_object={binary_object: 446},algo=0,int8_x4_format=0,solution_id=0](@13,@10,@14,@15) -> float_type, {64, 32, 112, 112}, {401408, 12544, 112, 1}: 0.274683ms, 3%
@17 = hip::hip_copy_literal[id=main:@literal:9] -> float_type, {64, 32, 1, 1}, {32, 1, 1, 1}: 0.00091428ms, 1%
@18 = hip::hip_copy_literal[id=main:@literal:36] -> float_type, {32, 1, 1}, {1, 1, 1}: 0.0006337ms, 1%
@19 = multibroadcast[out_lens={64, 32, 112, 112},out_dyn_dims={}](@18) -> float_type, {64, 32, 112, 112}, {0, 1, 0, 0}: 0.00103472ms, 1%
@20 = load[offset=205520896,end=308281344](@1) -> float_type, {64, 32, 112, 112}, {401408, 12544, 112, 1}: 0.00067532ms, 1%
@21 = gpu::code_object[code_object=13632,symbol_name=add_clip_kernel,global=3211264,local=1024,](@16,@19,@20) -> float_type, {64, 32, 112, 112}, {401408, 12544, 112, 1}: 0.227649ms, 3%
@22 = load[offset=0,end=205520896](@1) -> float_type, {64, 64, 112, 112}, {802816, 12544, 112, 1}: 0.00074224ms, 1%
@23 = load[offset=0,end=0](@1) -> int8_type, {0}, {1}: 0.00058064ms, 1%
@24 = gpu::convolution[op={padding={0, 0, 0, 0},stride={1, 1},dilation={1, 1},group=1,padding_mode=0},solution_object={binary_object: 437},algo=0,int8_x4_format=0,solution_id=0](@21,@17,@23,@22) -> float_type, {64, 64, 112, 112}, {802816, 12544, 112, 1}: 0.356576ms, 4%
@25 = hip::hip_copy_literal[id=main:@literal:31] -> float_type, {64, 1, 1}, {1, 1, 1}: 0.00084642ms, 1%
@26 = hip::hip_copy_literal[id=main:@literal:37] -> float_type, {64, 1, 3, 3}, {9, 9, 3, 1}: 0.00062704ms, 1%
@27 = multibroadcast[out_lens={64, 64, 112, 112},out_dyn_dims={}](@25) -> float_type, {64, 64, 112, 112}, {0, 1, 0, 0}: 0.00100148ms, 1%
@28 = load[offset=209207296,end=414728192](@1) -> float_type, {64, 64, 112, 112}, {802816, 12544, 112, 1}: 0.00066644ms, 1%
@29 = gpu::code_object[code_object=13632,symbol_name=add_clip_kernel,global=6422528,local=1024,](@24,@27,@28) -> float_type, {64, 64, 112, 112}, {802816, 12544, 112, 1}: 0.433946ms, 5%
@30 = load[offset=0,end=209207296](@1) -> float_type, {64, 64, 113, 113}, {817216, 12769, 113, 1}: 0.00073256ms, 1%
@31 = gpu::code_object[code_object=13624,symbol_name=pad_kernel,global=307200,local=1024,](@29,@30) -> float_type, {64, 64, 113, 113}, {817216, 12769, 113, 1}: 0.548844ms, 6%
@32 = load[offset=0,end=0](@1) -> int8_type, {0}, {1}: 0.00080044ms, 1%
@33 = load[offset=209207296,end=260587520](@1) -> float_type, {64, 64, 56, 56}, {200704, 3136, 56, 1}: 0.00058692ms, 1%
@34 = gpu::convolution[op={padding={0, 0, 0, 0},stride={2, 2},dilation={1, 1},group=64,padding_mode=0},solution_object={binary_object: 446},algo=0,int8_x4_format=0,solution_id=0](@31,@26,@32,@33) -> float_type, {64, 64, 56, 56}, {200704, 3136, 56, 1}: 0.379599ms, 4%
@35 = hip::hip_copy_literal[id=main:@literal:1] -> float_type, {128, 64, 1, 1}, {64, 1, 1, 1}: 0.000859ms, 1%
@36 = hip::hip_copy_literal[id=main:@literal:38] -> float_type, {64, 1, 1}, {1, 1, 1}: 0.00060538ms, 1%
@37 = multibroadcast[out_lens={64, 64, 56, 56},out_dyn_dims={}](@36) -> float_type, {64, 64, 56, 56}, {0, 1, 0, 0}: 0.00100222ms, 1%
@38 = load[offset=0,end=51380224](@1) -> float_type, {64, 64, 56, 56}, {200704, 3136, 56, 1}: 0.00066292ms, 1%
@39 = gpu::code_object[code_object=13632,symbol_name=add_clip_kernel,global=1605632,local=1024,](@34,@37,@38) -> float_type, {64, 64, 56, 56}, {200704, 3136, 56, 1}: 0.125835ms, 2%
@40 = load[offset=0,end=0](@1) -> int8_type, {0}, {1}: 0.00075958ms, 1%
@41 = load[offset=205520896,end=308281344](@1) -> float_type, {64, 128, 56, 56}, {401408, 3136, 56, 1}: 0.00059478ms, 1%
@42 = gpu::convolution[op={padding={0, 0, 0, 0},stride={1, 1},dilation={1, 1},group=1,padding_mode=0},solution_object={binary_object: 453},algo=0,int8_x4_format=0,solution_id=0](@39,@35,@40,@41) -> float_type, {64, 128, 56, 56}, {401408, 3136, 56, 1}: 0.207954ms, 3%
@43 = hip::hip_copy_literal[id=main:@literal:45] -> float_type, {128, 1, 3, 3}, {9, 9, 3, 1}: 0.00084264ms, 1%
@44 = hip::hip_copy_literal[id=main:@literal:41] -> float_type, {128, 1, 1}, {1, 1, 1}: 0.00058902ms, 1%
@45 = multibroadcast[out_lens={64, 128, 56, 56},out_dyn_dims={}](@44) -> float_type, {64, 128, 56, 56}, {0, 1, 0, 0}: 0.0009777ms, 1%
@46 = load[offset=102760448,end=205520896](@1) -> float_type, {64, 128, 56, 56}, {401408, 3136, 56, 1}: 0.0006764ms, 1%
@47 = gpu::code_object[code_object=13632,symbol_name=add_clip_kernel,global=3211264,local=1024,](@42,@45,@46) -> float_type, {64, 128, 56, 56}, {401408, 3136, 56, 1}: 0.227775ms, 3%
@48 = load[offset=0,end=0](@1) -> int8_type, {0}, {1}: 0.00074504ms, 1%
@49 = load[offset=256901120,end=359661568](@1) -> float_type, {64, 128, 56, 56}, {401408, 3136, 56, 1}: 0.00060042ms, 1%
@50 = gpu::convolution[op={padding={1, 1, 1, 1},stride={1, 1},dilation={1, 1},group=128,padding_mode=0},solution_object={binary_object: 451},algo=0,int8_x4_format=0,solution_id=0](@47,@43,@48,@49) -> float_type, {64, 128, 56, 56}, {401408, 3136, 56, 1}: 0.289313ms, 3%
@51 = hip::hip_copy_literal[id=main:@literal:39] -> float_type, {128, 1, 1}, {1, 1, 1}: 0.0008841ms, 1%
@52 = hip::hip_copy_literal[id=main:@literal:8] -> float_type, {128, 128, 1, 1}, {128, 1, 1, 1}: 0.00054464ms, 1%
@53 = multibroadcast[out_lens={64, 128, 56, 56},out_dyn_dims={}](@51) -> float_type, {64, 128, 56, 56}, {0, 1, 0, 0}: 0.00098436ms, 1%
@54 = load[offset=102760448,end=205520896](@1) -> float_type, {64, 128, 56, 56}, {401408, 3136, 56, 1}: 0.00068184ms, 1%
@55 = gpu::code_object[code_object=13632,symbol_name=add_clip_kernel,global=3211264,local=1024,](@50,@53,@54) -> float_type, {64, 128, 56, 56}, {401408, 3136, 56, 1}: 0.227486ms, 3%
@56 = load[offset=0,end=0](@1) -> int8_type, {0}, {1}: 0.00074814ms, 1%
@57 = load[offset=0,end=102760448](@1) -> float_type, {64, 128, 56, 56}, {401408, 3136, 56, 1}: 0.00058656ms, 1%
@58 = gpu::convolution[op={padding={0, 0, 0, 0},stride={1, 1},dilation={1, 1},group=1,padding_mode=0},solution_object={binary_object: 475},algo=0,int8_x4_format=0,solution_id=0](@55,@52,@56,@57) -> float_type, {64, 128, 56, 56}, {401408, 3136, 56, 1}: 0.287786ms, 3%
@59 = hip::hip_copy_literal[id=main:@literal:27] -> float_type, {128, 1, 1}, {1, 1, 1}: 0.00087824ms, 1%
@60 = hip::hip_copy_literal[id=main:@literal:30] -> float_type, {128, 1, 3, 3}, {9, 9, 3, 1}: 0.0005663ms, 1%
@61 = multibroadcast[out_lens={64, 128, 56, 56},out_dyn_dims={}](@59) -> float_type, {64, 128, 56, 56}, {0, 1, 0, 0}: 0.00098892ms, 1%
@62 = load[offset=209223680,end=311984128](@1) -> float_type, {64, 128, 56, 56}, {401408, 3136, 56, 1}: 0.00067454ms, 1%
@63 = gpu::code_object[code_object=13632,symbol_name=add_clip_kernel,global=3211264,local=1024,](@58,@61,@62) -> float_type, {64, 128, 56, 56}, {401408, 3136, 56, 1}: 0.22783ms, 3%
@64 = load[offset=102760448,end=209223680](@1) -> float_type, {64, 128, 57, 57}, {415872, 3249, 57, 1}: 0.0007445ms, 1%
@65 = gpu::code_object[code_object=13624,symbol_name=pad_kernel,global=307200,local=1024,](@63,@64) -> float_type, {64, 128, 57, 57}, {415872, 3249, 57, 1}: 0.283547ms, 3%
@66 = load[offset=51380224,end=77070336](@1) -> float_type, {64, 128, 28, 28}, {100352, 784, 28, 1}: 0.00079432ms, 1%
@67 = load[offset=0,end=0](@1) -> int8_type, {0}, {1}: 0.0006092ms, 1%
@68 = gpu::convolution[op={padding={0, 0, 0, 0},stride={2, 2},dilation={1, 1},group=128,padding_mode=0},solution_object={binary_object: 450},algo=0,int8_x4_format=0,solution_id=0](@65,@60,@67,@66) -> float_type, {64, 128, 28, 28}, {100352, 784, 28, 1}: 0.205503ms, 3%
@69 = hip::hip_copy_literal[id=main:@literal:32] -> float_type, {128, 1, 1}, {1, 1, 1}: 0.00087278ms, 1%
@70 = hip::hip_copy_literal[id=main:@literal:5] -> float_type, {256, 128, 1, 1}, {128, 1, 1, 1}: 0.00059334ms, 1%
@71 = load[offset=25690112,end=51380224](@1) -> float_type, {64, 128, 28, 28}, {100352, 784, 28, 1}: 0.00068076ms, 1%
@72 = multibroadcast[out_lens={64, 128, 28, 28},out_dyn_dims={}](@69) -> float_type, {64, 128, 28, 28}, {0, 1, 0, 0}: 0.00098684ms, 1%
@73 = gpu::code_object[code_object=13632,symbol_name=add_clip_kernel,global=802816,local=1024,](@68,@72,@71) -> float_type, {64, 128, 28, 28}, {100352, 784, 28, 1}: 0.0748834ms, 1%
@74 = load[offset=0,end=0](@1) -> int8_type, {0}, {1}: 0.00074908ms, 1%
@75 = load[offset=102760448,end=154140672](@1) -> float_type, {64, 256, 28, 28}, {200704, 784, 28, 1}: 0.00061422ms, 1%
@76 = gpu::convolution[op={padding={0, 0, 0, 0},stride={1, 1},dilation={1, 1},group=1,padding_mode=0},solution_object={binary_object: 476},algo=0,int8_x4_format=0,solution_id=0](@73,@70,@74,@75) -> float_type, {64, 256, 28, 28}, {200704, 784, 28, 1}: 0.144281ms, 2%
@77 = hip::hip_copy_literal[id=main:@literal:43] -> float_type, {256, 1, 1}, {1, 1, 1}: 0.00087696ms, 1%
@78 = hip::hip_copy_literal[id=main:@literal:26] -> float_type, {256, 1, 3, 3}, {9, 9, 3, 1}: 0.0006208ms, 1%
@79 = multibroadcast[out_lens={64, 256, 28, 28},out_dyn_dims={}](@77) -> float_type, {64, 256, 28, 28}, {0, 1, 0, 0}: 0.00098174ms, 1%
@80 = load[offset=51380224,end=102760448](@1) -> float_type, {64, 256, 28, 28}, {200704, 784, 28, 1}: 0.0006706ms, 1%
@81 = gpu::code_object[code_object=13632,symbol_name=add_clip_kernel,global=1605632,local=1024,](@76,@79,@80) -> float_type, {64, 256, 28, 28}, {200704, 784, 28, 1}: 0.126502ms, 2%
@82 = load[offset=0,end=0](@1) -> int8_type, {0}, {1}: 0.00073826ms, 1%
@83 = load[offset=128450560,end=179830784](@1) -> float_type, {64, 256, 28, 28}, {200704, 784, 28, 1}: 0.00061486ms, 1%
@84 = gpu::convolution[op={padding={1, 1, 1, 1},stride={1, 1},dilation={1, 1},group=256,padding_mode=0},solution_object={binary_object: 455},algo=0,int8_x4_format=0,solution_id=0](@81,@78,@82,@83) -> float_type, {64, 256, 28, 28}, {200704, 784, 28, 1}: 0.166647ms, 2%
@85 = hip::hip_copy_literal[id=main:@literal:11] -> float_type, {256, 256, 1, 1}, {256, 1, 1, 1}: 0.00090608ms, 1%
@86 = hip::hip_copy_literal[id=main:@literal:24] -> float_type, {256, 1, 1}, {1, 1, 1}: 0.00059986ms, 1%
@87 = multibroadcast[out_lens={64, 256, 28, 28},out_dyn_dims={}](@86) -> float_type, {64, 256, 28, 28}, {0, 1, 0, 0}: 0.00098636ms, 1%
@88 = load[offset=51380224,end=102760448](@1) -> float_type, {64, 256, 28, 28}, {200704, 784, 28, 1}: 0.00068434ms, 1%
@89 = gpu::code_object[code_object=13632,symbol_name=add_clip_kernel,global=1605632,local=1024,](@84,@87,@88) -> float_type, {64, 256, 28, 28}, {200704, 784, 28, 1}: 0.125673ms, 2%
@90 = load[offset=0,end=0](@1) -> int8_type, {0}, {1}: 0.00080058ms, 1%
@91 = load[offset=0,end=51380224](@1) -> float_type, {64, 256, 28, 28}, {200704, 784, 28, 1}: 0.00062016ms, 1%
@92 = gpu::convolution[op={padding={0, 0, 0, 0},stride={1, 1},dilation={1, 1},group=1,padding_mode=0},solution_object={binary_object: 479},algo=0,int8_x4_format=0,solution_id=0](@89,@85,@90,@91) -> float_type, {64, 256, 28, 28}, {200704, 784, 28, 1}: 0.24693ms, 3%
@93 = hip::hip_copy_literal[id=main:@literal:18] -> float_type, {256, 1, 1}, {1, 1, 1}: 0.00082952ms, 1%
@94 = hip::hip_copy_literal[id=main:@literal:28] -> float_type, {256, 1, 3, 3}, {9, 9, 3, 1}: 0.00057258ms, 1%
@95 = multibroadcast[out_lens={64, 256, 28, 28},out_dyn_dims={}](@93) -> float_type, {64, 256, 28, 28}, {0, 1, 0, 0}: 0.00099016ms, 1%
@96 = load[offset=106496000,end=157876224](@1) -> float_type, {64, 256, 28, 28}, {200704, 784, 28, 1}: 0.00066978ms, 1%
@97 = gpu::code_object[code_object=13632,symbol_name=add_clip_kernel,global=1605632,local=1024,](@92,@95,@96) -> float_type, {64, 256, 28, 28}, {200704, 784, 28, 1}: 0.125745ms, 2%
@98 = load[offset=51380224,end=106496000](@1) -> float_type, {64, 256, 29, 29}, {215296, 841, 29, 1}: 0.00073134ms, 1%
@99 = gpu::code_object[code_object=13624,symbol_name=pad_kernel,global=307200,local=1024,](@97,@98) -> float_type, {64, 256, 29, 29}, {215296, 841, 29, 1}: 0.148379ms, 2%
@100 = load[offset=0,end=0](@1) -> int8_type, {0}, {1}: 0.00078906ms, 1%
@101 = load[offset=0,end=12845056](@1) -> float_type, {64, 256, 14, 14}, {50176, 196, 14, 1}: 0.00060992ms, 1%
@102 = gpu::convolution[op={padding={0, 0, 0, 0},stride={2, 2},dilation={1, 1},group=256,padding_mode=0},solution_object={binary_object: 449},algo=0,int8_x4_format=0,solution_id=0](@99,@94,@100,@101) -> float_type, {64, 256, 14, 14}, {50176, 196, 14, 1}: 0.122208ms, 2%
@103 = hip::hip_copy_literal[id=main:@literal:10] -> float_type, {512, 256, 1, 1}, {256, 1, 1, 1}: 0.00084702ms, 1%
@104 = hip::hip_copy_literal[id=main:@literal:16] -> float_type, {256, 1, 1}, {1, 1, 1}: 0.00055674ms, 1%
@105 = multibroadcast[out_lens={64, 256, 14, 14},out_dyn_dims={}](@104) -> float_type, {64, 256, 14, 14}, {0, 1, 0, 0}: 0.0009913ms, 1%
@106 = load[offset=25690112,end=38535168](@1) -> float_type, {64, 256, 14, 14}, {50176, 196, 14, 1}: 0.0006773ms, 1%
@107 = gpu::code_object[code_object=13632,symbol_name=add_clip_kernel,global=802816,local=1024,](@102,@105,@106) -> float_type, {64, 256, 14, 14}, {50176, 196, 14, 1}: 0.0456799ms, 1%
@108 = load[offset=0,end=0](@1) -> int8_type, {0}, {1}: 0.00076564ms, 1%
@109 = load[offset=0,end=25690112](@1) -> float_type, {64, 512, 14, 14}, {100352, 196, 14, 1}: 0.00058768ms, 1%
@110 = gpu::convolution[op={padding={0, 0, 0, 0},stride={1, 1},dilation={1, 1},group=1,padding_mode=0},solution_object={binary_object: 458},algo=0,int8_x4_format=0,solution_id=0](@107,@103,@108,@109) -> float_type, {64, 512, 14, 14}, {100352, 196, 14, 1}: 0.137938ms, 2%
@111 = hip::hip_copy_literal[id=main:@literal:20] -> float_type, {512, 1, 3, 3}, {9, 9, 3, 1}: 0.00082054ms, 1%
@112 = hip::hip_copy_literal[id=main:@literal:22] -> float_type, {512, 1, 1}, {1, 1, 1}: 0.00057626ms, 1%
@113 = multibroadcast[out_lens={64, 512, 14, 14},out_dyn_dims={}](@112) -> float_type, {64, 512, 14, 14}, {0, 1, 0, 0}: 0.0009795ms, 1%
@114 = load[offset=38535168,end=64225280](@1) -> float_type, {64, 512, 14, 14}, {100352, 196, 14, 1}: 0.0006801ms, 1%
@115 = gpu::code_object[code_object=13632,symbol_name=add_clip_kernel,global=1605632,local=1024,](@110,@113,@114) -> float_type, {64, 512, 14, 14}, {100352, 196, 14, 1}: 0.07122ms, 1%
@116 = load[offset=0,end=0](@1) -> int8_type, {0}, {1}: 0.00072696ms, 1%
@117 = load[offset=0,end=25690112](@1) -> float_type, {64, 512, 14, 14}, {100352, 196, 14, 1}: 0.00060296ms, 1%
@118 = gpu::convolution[op={padding={1, 1, 1, 1},stride={1, 1},dilation={1, 1},group=512,padding_mode=0},solution_object={binary_object: 451},algo=0,int8_x4_format=0,solution_id=0](@115,@111,@116,@117) -> float_type, {64, 512, 14, 14}, {100352, 196, 14, 1}: 0.103691ms, 2%
@119 = hip::hip_copy_literal[id=main:@literal:15] -> float_type, {512, 1, 1}, {1, 1, 1}: 0.00085388ms, 1%
@120 = hip::hip_copy_literal[id=main:@literal:7] -> float_type, {512, 512, 1, 1}, {512, 1, 1, 1}: 0.00056242ms, 1%
@121 = load[offset=51380224,end=77070336](@1) -> float_type, {64, 512, 14, 14}, {100352, 196, 14, 1}: 0.00069476ms, 1%
@122 = multibroadcast[out_lens={64, 512, 14, 14},out_dyn_dims={}](@119) -> float_type, {64, 512, 14, 14}, {0, 1, 0, 0}: 0.00097744ms, 1%
@123 = gpu::code_object[code_object=13632,symbol_name=add_clip_kernel,global=1605632,local=1024,](@118,@122,@121) -> float_type, {64, 512, 14, 14}, {100352, 196, 14, 1}: 0.0721315ms, 1%
@124 = load[offset=0,end=0](@1) -> int8_type, {0}, {1}: 0.00074212ms, 1%
@125 = load[offset=25690112,end=51380224](@1) -> float_type, {64, 512, 14, 14}, {100352, 196, 14, 1}: 0.00063458ms, 1%
@126 = gpu::convolution[op={padding={0, 0, 0, 0},stride={1, 1},dilation={1, 1},group=1,padding_mode=0},solution_object={binary_object: 460},algo=0,int8_x4_format=0,solution_id=0](@123,@120,@124,@125) -> float_type, {64, 512, 14, 14}, {100352, 196, 14, 1}: 0.233198ms, 3%
@127 = hip::hip_copy_literal[id=main:@literal:47] -> float_type, {512, 1, 3, 3}, {9, 9, 3, 1}: 0.00080432ms, 1%
@128 = hip::hip_copy_literal[id=main:@literal:46] -> float_type, {512, 1, 1}, {1, 1, 1}: 0.0005906ms, 1%
@129 = multibroadcast[out_lens={64, 512, 14, 14},out_dyn_dims={}](@128) -> float_type, {64, 512, 14, 14}, {0, 1, 0, 0}: 0.00098922ms, 1%
@130 = load[offset=0,end=25690112](@1) -> float_type, {64, 512, 14, 14}, {100352, 196, 14, 1}: 0.00065626ms, 1%
@131 = gpu::code_object[code_object=13632,symbol_name=add_clip_kernel,global=1605632,local=1024,](@126,@129,@130) -> float_type, {64, 512, 14, 14}, {100352, 196, 14, 1}: 0.0720264ms, 1%
@132 = load[offset=0,end=0](@1) -> int8_type, {0}, {1}: 0.00073538ms, 1%
@133 = load[offset=51380224,end=77070336](@1) -> float_type, {64, 512, 14, 14}, {100352, 196, 14, 1}: 0.00059042ms, 1%
@134 = gpu::convolution[op={padding={1, 1, 1, 1},stride={1, 1},dilation={1, 1},group=512,padding_mode=0},solution_object={binary_object: 451},algo=0,int8_x4_format=0,solution_id=0](@131,@127,@132,@133) -> float_type, {64, 512, 14, 14}, {100352, 196, 14, 1}: 0.101931ms, 1%
@135 = hip::hip_copy_literal[id=main:@literal:3] -> float_type, {512, 512, 1, 1}, {512, 1, 1, 1}: 0.00084186ms, 1%
@136 = hip::hip_copy_literal[id=main:@literal:40] -> float_type, {512, 1, 1}, {1, 1, 1}: 0.0005578ms, 1%
@137 = load[offset=25690112,end=51380224](@1) -> float_type, {64, 512, 14, 14}, {100352, 196, 14, 1}: 0.00068296ms, 1%
@138 = multibroadcast[out_lens={64, 512, 14, 14},out_dyn_dims={}](@136) -> float_type, {64, 512, 14, 14}, {0, 1, 0, 0}: 0.00096042ms, 1%
@139 = gpu::code_object[code_object=13632,symbol_name=add_clip_kernel,global=1605632,local=1024,](@134,@138,@137) -> float_type, {64, 512, 14, 14}, {100352, 196, 14, 1}: 0.0720462ms, 1%
@140 = load[offset=0,end=0](@1) -> int8_type, {0}, {1}: 0.00073812ms, 1%
@141 = load[offset=0,end=25690112](@1) -> float_type, {64, 512, 14, 14}, {100352, 196, 14, 1}: 0.00060872ms, 1%
@142 = gpu::convolution[op={padding={0, 0, 0, 0},stride={1, 1},dilation={1, 1},group=1,padding_mode=0},solution_object={binary_object: 460},algo=0,int8_x4_format=0,solution_id=0](@139,@135,@140,@141) -> float_type, {64, 512, 14, 14}, {100352, 196, 14, 1}: 0.233565ms, 3%
@143 = hip::hip_copy_literal[id=main:@literal:17] -> float_type, {512, 1, 3, 3}, {9, 9, 3, 1}: 0.00086454ms, 1%
@144 = hip::hip_copy_literal[id=main:@literal:48] -> float_type, {512, 1, 1}, {1, 1, 1}: 0.00060964ms, 1%
@145 = load[offset=51380224,end=77070336](@1) -> float_type, {64, 512, 14, 14}, {100352, 196, 14, 1}: 0.00068774ms, 1%
@146 = multibroadcast[out_lens={64, 512, 14, 14},out_dyn_dims={}](@144) -> float_type, {64, 512, 14, 14}, {0, 1, 0, 0}: 0.00096426ms, 1%
@147 = gpu::code_object[code_object=13632,symbol_name=add_clip_kernel,global=1605632,local=1024,](@142,@146,@145) -> float_type, {64, 512, 14, 14}, {100352, 196, 14, 1}: 0.0720436ms, 1%
@148 = load[offset=0,end=0](@1) -> int8_type, {0}, {1}: 0.00074562ms, 1%
@149 = load[offset=25690112,end=51380224](@1) -> float_type, {64, 512, 14, 14}, {100352, 196, 14, 1}: 0.00059612ms, 1%
@150 = gpu::convolution[op={padding={1, 1, 1, 1},stride={1, 1},dilation={1, 1},group=512,padding_mode=0},solution_object={binary_object: 451},algo=0,int8_x4_format=0,solution_id=0](@147,@143,@148,@149) -> float_type, {64, 512, 14, 14}, {100352, 196, 14, 1}: 0.101428ms, 1%
@151 = hip::hip_copy_literal[id=main:@literal:6] -> float_type, {512, 512, 1, 1}, {512, 1, 1, 1}: 0.0008235ms, 1%
@152 = hip::hip_copy_literal[id=main:@literal:29] -> float_type, {512, 1, 1}, {1, 1, 1}: 0.00058446ms, 1%
@153 = load[offset=0,end=25690112](@1) -> float_type, {64, 512, 14, 14}, {100352, 196, 14, 1}: 0.0006825ms, 1%
@154 = multibroadcast[out_lens={64, 512, 14, 14},out_dyn_dims={}](@152) -> float_type, {64, 512, 14, 14}, {0, 1, 0, 0}: 0.00098064ms, 1%
@155 = gpu::code_object[code_object=13632,symbol_name=add_clip_kernel,global=1605632,local=1024,](@150,@154,@153) -> float_type, {64, 512, 14, 14}, {100352, 196, 14, 1}: 0.0722762ms, 1%
@156 = load[offset=0,end=0](@1) -> int8_type, {0}, {1}: 0.00074122ms, 1%
@157 = load[offset=51380224,end=77070336](@1) -> float_type, {64, 512, 14, 14}, {100352, 196, 14, 1}: 0.00059318ms, 1%
@158 = gpu::convolution[op={padding={0, 0, 0, 0},stride={1, 1},dilation={1, 1},group=1,padding_mode=0},solution_object={binary_object: 460},algo=0,int8_x4_format=0,solution_id=0](@155,@151,@156,@157) -> float_type, {64, 512, 14, 14}, {100352, 196, 14, 1}: 0.232867ms, 3%
@159 = hip::hip_copy_literal[id=main:@literal:21] -> float_type, {512, 1, 3, 3}, {9, 9, 3, 1}: 0.00080038ms, 1%
@160 = hip::hip_copy_literal[id=main:@literal:49] -> float_type, {512, 1, 1}, {1, 1, 1}: 0.00062994ms, 1%
@161 = load[offset=25690112,end=51380224](@1) -> float_type, {64, 512, 14, 14}, {100352, 196, 14, 1}: 0.00069572ms, 1%
@162 = multibroadcast[out_lens={64, 512, 14, 14},out_dyn_dims={}](@160) -> float_type, {64, 512, 14, 14}, {0, 1, 0, 0}: 0.00096946ms, 1%
@163 = gpu::code_object[code_object=13632,symbol_name=add_clip_kernel,global=1605632,local=1024,](@158,@162,@161) -> float_type, {64, 512, 14, 14}, {100352, 196, 14, 1}: 0.071999ms, 1%
@164 = load[offset=0,end=0](@1) -> int8_type, {0}, {1}: 0.00074658ms, 1%
@165 = load[offset=0,end=25690112](@1) -> float_type, {64, 512, 14, 14}, {100352, 196, 14, 1}: 0.00060614ms, 1%
@166 = gpu::convolution[op={padding={1, 1, 1, 1},stride={1, 1},dilation={1, 1},group=512,padding_mode=0},solution_object={binary_object: 451},algo=0,int8_x4_format=0,solution_id=0](@163,@159,@164,@165) -> float_type, {64, 512, 14, 14}, {100352, 196, 14, 1}: 0.101883ms, 1%
@167 = hip::hip_copy_literal[id=main:@literal:44] -> float_type, {512, 1, 1}, {1, 1, 1}: 0.00082426ms, 1%
@168 = hip::hip_copy_literal[id=main:@literal:2] -> float_type, {512, 512, 1, 1}, {512, 1, 1, 1}: 0.00053032ms, 1%
@169 = multibroadcast[out_lens={64, 512, 14, 14},out_dyn_dims={}](@167) -> float_type, {64, 512, 14, 14}, {0, 1, 0, 0}: 0.00097362ms, 1%
@170 = load[offset=51380224,end=77070336](@1) -> float_type, {64, 512, 14, 14}, {100352, 196, 14, 1}: 0.00067728ms, 1%
@171 = gpu::code_object[code_object=13632,symbol_name=add_clip_kernel,global=1605632,local=1024,](@166,@169,@170) -> float_type, {64, 512, 14, 14}, {100352, 196, 14, 1}: 0.0722585ms, 1%
@172 = load[offset=0,end=0](@1) -> int8_type, {0}, {1}: 0.00073726ms, 1%
@173 = load[offset=25690112,end=51380224](@1) -> float_type, {64, 512, 14, 14}, {100352, 196, 14, 1}: 0.0005863ms, 1%
@174 = gpu::convolution[op={padding={0, 0, 0, 0},stride={1, 1},dilation={1, 1},group=1,padding_mode=0},solution_object={binary_object: 460},algo=0,int8_x4_format=0,solution_id=0](@171,@168,@172,@173) -> float_type, {64, 512, 14, 14}, {100352, 196, 14, 1}: 0.23227ms, 3%
@175 = hip::hip_copy_literal[id=main:@literal:55] -> float_type, {1001}, {1}: 0.00081896ms, 1%
@176 = hip::hip_copy_literal[id=main:@literal:35] -> float_type, {512, 1, 1}, {1, 1, 1}: 0.0005819ms, 1%
@177 = hip::hip_copy_literal[id=main:@literal:4] -> float_type, {512, 512, 1, 1}, {512, 1, 1, 1}: 0.00051832ms, 1%
@178 = hip::hip_copy_literal[id=main:@literal:14] -> float_type, {1001, 1024, 1, 1}, {1024, 1, 1, 1}: 0.00072832ms, 1%
@179 = hip::hip_copy_literal[id=main:@literal:0] -> float_type, {1024, 512, 1, 1}, {512, 1, 1, 1}: 0.00051662ms, 1%
@180 = hip::hip_copy_literal[id=main:@literal:13] -> float_type, {1024, 1024, 1, 1}, {1024, 1, 1, 1}: 0.0023168ms, 1%
@181 = hip::hip_copy_literal[id=main:@literal:53] -> float_type, {512, 1, 3, 3}, {9, 9, 3, 1}: 0.00055396ms, 1%
@182 = hip::hip_copy_literal[id=main:@literal:52] -> float_type, {512, 1, 1}, {1, 1, 1}: 0.00069392ms, 1%
@183 = hip::hip_copy_literal[id=main:@literal:54] -> float_type, {512, 1, 1}, {1, 1, 1}: 0.00052408ms, 1%
@184 = hip::hip_copy_literal[id=main:@literal:25] -> float_type, {1024, 1, 3, 3}, {9, 9, 3, 1}: 0.00068146ms, 1%
@185 = hip::hip_copy_literal[id=main:@literal:51] -> float_type, {512, 1, 1}, {1, 1, 1}: 0.00056688ms, 1%
@186 = hip::hip_copy_literal[id=main:@literal:23] -> float_type, {1024, 1, 1}, {1, 1, 1}: 0.0006397ms, 1%
@187 = hip::hip_copy_literal[id=main:@literal:50] -> float_type, {512, 1, 3, 3}, {9, 9, 3, 1}: 0.00054388ms, 1%
@188 = hip::hip_copy_literal[id=main:@literal:42] -> float_type, {1024, 1, 1}, {1, 1, 1}: 0.00061536ms, 1%
@189 = hip::hip_copy_literal[id=main:@literal:19] -> float_type, {1024, 1, 1}, {1, 1, 1}: 0.00055592ms, 1%
@190 = load[offset=0,end=25690112](@1) -> float_type, {64, 512, 14, 14}, {100352, 196, 14, 1}: 0.00068924ms, 1%
@191 = multibroadcast[out_lens={64, 512, 14, 14},out_dyn_dims={}](@176) -> float_type, {64, 512, 14, 14}, {0, 1, 0, 0}: 0.00097652ms, 1%
@192 = gpu::code_object[code_object=13632,symbol_name=add_clip_kernel,global=1605632,local=1024,](@174,@191,@190) -> float_type, {64, 512, 14, 14}, {100352, 196, 14, 1}: 0.071583ms, 1%
@193 = load[offset=0,end=0](@1) -> int8_type, {0}, {1}: 0.00072552ms, 1%
@194 = load[offset=51380224,end=77070336](@1) -> float_type, {64, 512, 14, 14}, {100352, 196, 14, 1}: 0.0005952ms, 1%
@195 = gpu::convolution[op={padding={1, 1, 1, 1},stride={1, 1},dilation={1, 1},group=512,padding_mode=0},solution_object={binary_object: 451},algo=0,int8_x4_format=0,solution_id=0](@192,@187,@193,@194) -> float_type, {64, 512, 14, 14}, {100352, 196, 14, 1}: 0.103236ms, 2%
@196 = load[offset=25690112,end=51380224](@1) -> float_type, {64, 512, 14, 14}, {100352, 196, 14, 1}: 0.00080774ms, 1%
@197 = multibroadcast[out_lens={64, 512, 14, 14},out_dyn_dims={}](@185) -> float_type, {64, 512, 14, 14}, {0, 1, 0, 0}: 0.00099674ms, 1%
@198 = gpu::code_object[code_object=13632,symbol_name=add_clip_kernel,global=1605632,local=1024,](@195,@197,@196) -> float_type, {64, 512, 14, 14}, {100352, 196, 14, 1}: 0.072241ms, 1%
@199 = load[offset=0,end=0](@1) -> int8_type, {0}, {1}: 0.00074378ms, 1%
@200 = load[offset=0,end=25690112](@1) -> float_type, {64, 512, 14, 14}, {100352, 196, 14, 1}: 0.00060312ms, 1%
@201 = gpu::convolution[op={padding={0, 0, 0, 0},stride={1, 1},dilation={1, 1},group=1,padding_mode=0},solution_object={binary_object: 460},algo=0,int8_x4_format=0,solution_id=0](@198,@177,@199,@200) -> float_type, {64, 512, 14, 14}, {100352, 196, 14, 1}: 0.232096ms, 3%
@202 = load[offset=55181312,end=80871424](@1) -> float_type, {64, 512, 14, 14}, {100352, 196, 14, 1}: 0.00082676ms, 1%
@203 = multibroadcast[out_lens={64, 512, 14, 14},out_dyn_dims={}](@182) -> float_type, {64, 512, 14, 14}, {0, 1, 0, 0}: 0.0009706ms, 1%
@204 = gpu::code_object[code_object=13632,symbol_name=add_clip_kernel,global=1605632,local=1024,](@201,@203,@202) -> float_type, {64, 512, 14, 14}, {100352, 196, 14, 1}: 0.0719127ms, 1%
@205 = load[offset=25690112,end=55181312](@1) -> float_type, {64, 512, 15, 15}, {115200, 225, 15, 1}: 0.00072174ms, 1%
@206 = gpu::code_object[code_object=13624,symbol_name=pad_kernel,global=307200,local=1024,](@204,@205) -> float_type, {64, 512, 15, 15}, {115200, 225, 15, 1}: 0.0852993ms, 1%
@207 = load[offset=0,end=0](@1) -> int8_type, {0}, {1}: 0.00078442ms, 1%
@208 = load[offset=0,end=6422528](@1) -> float_type, {64, 512, 7, 7}, {25088, 49, 7, 1}: 0.00060818ms, 1%
@209 = gpu::convolution[op={padding={0, 0, 0, 0},stride={2, 2},dilation={1, 1},group=512,padding_mode=0},solution_object={binary_object: 446},algo=0,int8_x4_format=0,solution_id=0](@206,@181,@207,@208) -> float_type, {64, 512, 7, 7}, {25088, 49, 7, 1}: 0.0792433ms, 1%
@210 = multibroadcast[out_lens={64, 512, 7, 7},out_dyn_dims={}](@183) -> float_type, {64, 512, 7, 7}, {0, 1, 0, 0}: 0.0011326ms, 1%
@211 = load[offset=12845056,end=19267584](@1) -> float_type, {64, 512, 7, 7}, {25088, 49, 7, 1}: 0.00065452ms, 1%
@212 = gpu::code_object[code_object=13632,symbol_name=add_clip_kernel,global=1605632,local=1024,](@209,@210,@211) -> float_type, {64, 512, 7, 7}, {25088, 49, 7, 1}: 0.0365686ms, 1%
@213 = load[offset=0,end=0](@1) -> int8_type, {0}, {1}: 0.00072894ms, 1%
@214 = load[offset=0,end=12845056](@1) -> float_type, {64, 1024, 7, 7}, {50176, 49, 7, 1}: 0.00059694ms, 1%
@215 = gpu::convolution[op={padding={0, 0, 0, 0},stride={1, 1},dilation={1, 1},group=1,padding_mode=0},solution_object={binary_object: 470},algo=0,int8_x4_format=0,solution_id=0](@212,@179,@213,@214) -> float_type, {64, 1024, 7, 7}, {50176, 49, 7, 1}: 0.160072ms, 2%
@216 = multibroadcast[out_lens={64, 1024, 7, 7},out_dyn_dims={}](@188) -> float_type, {64, 1024, 7, 7}, {0, 1, 0, 0}: 0.00114004ms, 1%
@217 = load[offset=19267584,end=32112640](@1) -> float_type, {64, 1024, 7, 7}, {50176, 49, 7, 1}: 0.00065678ms, 1%
@218 = gpu::code_object[code_object=13632,symbol_name=add_clip_kernel,global=3211264,local=1024,](@215,@216,@217) -> float_type, {64, 1024, 7, 7}, {50176, 49, 7, 1}: 0.0499995ms, 1%
@219 = load[offset=0,end=0](@1) -> int8_type, {0}, {1}: 0.00072396ms, 1%
@220 = load[offset=0,end=12845056](@1) -> float_type, {64, 1024, 7, 7}, {50176, 49, 7, 1}: 0.00057702ms, 1%
@221 = gpu::convolution[op={padding={1, 1, 1, 1},stride={1, 1},dilation={1, 1},group=1024,padding_mode=0},solution_object={binary_object: 443},algo=0,int8_x4_format=0,solution_id=0](@218,@184,@219,@220) -> float_type, {64, 1024, 7, 7}, {50176, 49, 7, 1}: 0.121549ms, 2%
@222 = multibroadcast[out_lens={64, 1024, 7, 7},out_dyn_dims={}](@189) -> float_type, {64, 1024, 7, 7}, {0, 1, 0, 0}: 0.00111056ms, 1%
@223 = load[offset=25952256,end=38797312](@1) -> float_type, {64, 1024, 7, 7}, {50176, 49, 7, 1}: 0.00064754ms, 1%
@224 = gpu::code_object[code_object=13632,symbol_name=add_clip_kernel,global=3211264,local=1024,](@221,@222,@223) -> float_type, {64, 1024, 7, 7}, {50176, 49, 7, 1}: 0.049869ms, 1%
@225 = load[offset=0,end=0](@1) -> int8_type, {0}, {1}: 0.00074808ms, 1%
@226 = load[offset=13107200,end=25952256](@1) -> float_type, {64, 1024, 7, 7}, {50176, 49, 7, 1}: 0.00061066ms, 1%
@227 = gpu::convolution[op={padding={0, 0, 0, 0},stride={1, 1},dilation={1, 1},group=1,padding_mode=0},solution_object={binary_object: 451},algo=0,int8_x4_format=0,solution_id=0](@224,@180,@225,@226) -> float_type, {64, 1024, 7, 7}, {50176, 49, 7, 1}: 0.281726ms, 3%
@228 = multibroadcast[out_lens={64, 1024, 7, 7},out_dyn_dims={}](@186) -> float_type, {64, 1024, 7, 7}, {0, 1, 0, 0}: 0.0011116ms, 1%
@229 = load[offset=262144,end=13107200](@1) -> float_type, {64, 1024, 7, 7}, {50176, 49, 7, 1}: 0.00064582ms, 1%
@230 = gpu::code_object[code_object=13632,symbol_name=add_clip_kernel,global=3211264,local=1024,](@227,@228,@229) -> float_type, {64, 1024, 7, 7}, {50176, 49, 7, 1}: 0.049549ms, 1%
@231 = load[offset=13107200,end=13369344](@1) -> float_type, {64, 1024, 1, 1}, {1024, 1, 1, 1}: 0.0007264ms, 1%
@232 = gpu::pooling[mode=average,padding={0, 0, 0, 0},stride={2, 2},lengths={7, 7},ceil_mode=0,lp_order=2,dyn_global=0](@230,@231) -> float_type, {64, 1024, 1, 1}, {1024, 1, 1, 1}: 0.329576ms, 4%
@233 = load[offset=0,end=0](@1) -> int8_type, {0}, {1}: 0.00082588ms, 1%
@234 = load[offset=256256,end=512512](@1) -> float_type, {64, 1001, 1, 1}, {1001, 1, 1, 1}: 0.0005797ms, 1%
@235 = gpu::convolution[op={padding={0, 0, 0, 0},stride={1, 1},dilation={1, 1},group=1,padding_mode=0},solution_object={binary_object: 549},algo=0,int8_x4_format=0,solution_id=0](@232,@178,@233,@234) -> float_type, {64, 1001, 1, 1}, {1001, 1, 1, 1}: 0.0509861ms, 1%
@236 = broadcast[axis=1,out_lens={64, 1001, 1, 1}](@175) -> float_type, {64, 1001, 1, 1}, {0, 1, 0, 0}: 0.0016321ms, 1%
@237 = load[offset=512512,end=768768](@1) -> float_type, {64, 1001, 1, 1}, {1001, 1, 1, 1}: 0.00066982ms, 1%
@238 = gpu::code_object[code_object=13624,symbol_name=add_kernel,global=64064,local=1024,](@235,@236,@237) -> float_type, {64, 1001, 1, 1}, {1001, 1, 1, 1}: 0.0219627ms, 1%
main:#output_0 = @param:main:#output_0 -> float_type, {64, 1001}, {1001, 1}: 0.00091332ms, 1%
@240 = transpose[permutation={0, 2, 3, 1}](@238) -> float_type, {64, 1, 1, 1001}, {1001, 1, 1, 1}: 0.0011225ms, 1%
@241 = squeeze[axes={1, 2}](@240) -> float_type, {64, 1001}, {1001, 1}: 0.00107546ms, 1%
@242 = gpu::code_object[code_object=13632,symbol_name=softmax_kernel,global=16384,local=256,](@241,main:#output_0) -> float_type, {64, 1001}, {1001, 1}: 0.0236689ms, 1%
@243 = @return(@242)
Summary:
gpu::convolution: 5.39126ms / 28 = 0.192545ms, 53%
gpu::code_object::add_clip_kernel: 3.17382ms / 27 = 0.117549ms, 31%
gpu::code_object::pad_kernel: 1.18672ms / 5 = 0.237344ms, 12%
gpu::pooling: 0.329576ms / 1 = 0.329576ms, 4%
load: 0.0613904ms / 90 = 0.000682116ms, 1%
hip::hip_copy_literal: 0.0405405ms / 56 = 0.000723938ms, 1%
multibroadcast: 0.0273352ms / 27 = 0.00101241ms, 1%
gpu::code_object::softmax_kernel: 0.0236689ms / 1 = 0.0236689ms, 1%
gpu::code_object::add_kernel: 0.0219627ms / 1 = 0.0219627ms, 1%
broadcast: 0.0016321ms / 1 = 0.0016321ms, 1%
@param: 0.00136368ms / 2 = 0.00068184ms, 1%
transpose: 0.0011225ms / 1 = 0.0011225ms, 1%
squeeze: 0.00107546ms / 1 = 0.00107546ms, 1%
check_context::migraphx::gpu::context : 0.00096258ms / 1 = 0.00096258ms, 1%
hip::hip_allocate_memory: 0.0009245ms / 1 = 0.0009245ms, 1%

Batch size: 1
Rate: 111.836/sec
Total time: 8.94169ms
Total instructions time: 10.2634ms
Overhead time: 0.0537242ms, -1.32166ms
Overhead: 1%, -15%
