Running [ MIGraphX Version: 2.10.0.76d1c1480 ]: /src/AMDMIGraphX/build/bin/driver perf --gpu /new-saved-models/torchvision/resnet50i1.onnx
Compiling ... 
Reading: /new-saved-models/torchvision/resnet50i1.onnx
module: "main"
@0 = check_context::migraphx::gpu::context -> float_type, {}, {}
@1 = hip::hip_allocate_memory[shape=int8_type, {9633792}, {1},id=main:scratch] -> int8_type, {9633792}, {1}
@2 = hip::hip_copy_literal[id=main:@literal:98] -> float_type, {64}, {1}
@3 = hip::hip_copy_literal[id=main:@literal:99] -> float_type, {64, 3, 7, 7}, {147, 49, 7, 1}
@4 = load[offset=3211264,end=6422528](@1) -> float_type, {1, 64, 112, 112}, {802816, 12544, 112, 1}
@5 = broadcast[axis=1,out_lens={1, 64, 112, 112}](@2) -> float_type, {1, 64, 112, 112}, {0, 1, 0, 0}
input.1 = @param:input.1 -> float_type, {1, 3, 224, 224}, {150528, 50176, 224, 1}
@7 = gpu::code_object[code_object=6528,symbol_name=mlir_convolution_add_relu,global=50176,local=256,](@5,input.1,@3,@4) -> float_type, {1, 64, 112, 112}, {802816, 12544, 112, 1}
@8 = load[offset=2408448,end=3211264](@1) -> float_type, {1, 64, 56, 56}, {200704, 3136, 56, 1}
@9 = gpu::pooling[mode=max,padding={1, 1, 1, 1},padding_mode=0,stride={2, 2},lengths={3, 3},dilations={1, 1},ceil_mode=0,lp_order=2,dyn_global=0](@7,@8) -> float_type, {1, 64, 56, 56}, {200704, 3136, 56, 1}
@10 = hip::hip_copy_literal[id=main:@literal:96] -> float_type, {64}, {1}
@11 = hip::hip_copy_literal[id=main:@literal:97] -> float_type, {64, 64, 1, 1}, {64, 1, 1, 1}
@12 = broadcast[axis=1,out_lens={1, 64, 56, 56}](@10) -> float_type, {1, 64, 56, 56}, {0, 1, 0, 0}
@13 = load[offset=802816,end=1605632](@1) -> float_type, {1, 64, 56, 56}, {200704, 3136, 56, 1}
@14 = gpu::code_object[code_object=4432,symbol_name=mlir_convolution_add_relu,global=50176,local=64,](@12,@9,@11,@13) -> float_type, {1, 64, 56, 56}, {200704, 3136, 56, 1}
@15 = hip::hip_copy_literal[id=main:@literal:95] -> float_type, {64, 64, 3, 3}, {576, 9, 3, 1}
@16 = load[offset=0,end=0](@1) -> int8_type, {0}, {1}
@17 = load[offset=0,end=802816](@1) -> float_type, {1, 64, 56, 56}, {200704, 3136, 56, 1}
@18 = gpu::convolution[op={padding={1, 1, 1, 1},stride={1, 1},dilation={1, 1},group=1,padding_mode=0},solution_object={binary_object: 430},algo=0,solution_id=0](@14,@15,@16,@17) -> float_type, {1, 64, 56, 56}, {200704, 3136, 56, 1}
@19 = hip::hip_copy_literal[id=main:@literal:2] -> float_type, {256}, {1}
@20 = hip::hip_copy_literal[id=main:@literal:94] -> float_type, {64}, {1}
@21 = broadcast[axis=1,out_lens={1, 64, 56, 56}](@20) -> float_type, {1, 64, 56, 56}, {0, 1, 0, 0}
@22 = load[offset=3211264,end=4816896](@1) -> float_type, {1, 128, 56, 56}, {401408, 3136, 56, 1}
@23 = gpu::code_object[code_object=4304,symbol_name=add_relu_noop_concat_noop_kernel,global=100352,local=1024,](@18,@21,@9,@22) -> float_type, {1, 128, 56, 56}, {401408, 3136, 56, 1}
@24 = hip::hip_copy_literal[id=main:@literal:3] -> float_type, {256, 128, 1, 1}, {128, 1, 1, 1}
@25 = load[offset=6422528,end=9633792](@1) -> float_type, {1, 256, 56, 56}, {802816, 3136, 56, 1}
@26 = broadcast[axis=1,out_lens={1, 256, 56, 56}](@19) -> float_type, {1, 256, 56, 56}, {0, 1, 0, 0}
@27 = gpu::code_object[code_object=7344,symbol_name=mlir_convolution_add_relu,global=50176,local=256,](@26,@23,@24,@25) -> float_type, {1, 256, 56, 56}, {802816, 3136, 56, 1}
@28 = hip::hip_copy_literal[id=main:@literal:92] -> float_type, {64}, {1}
@29 = hip::hip_copy_literal[id=main:@literal:93] -> float_type, {64, 256, 1, 1}, {256, 1, 1, 1}
@30 = broadcast[axis=1,out_lens={1, 64, 56, 56}](@28) -> float_type, {1, 64, 56, 56}, {0, 1, 0, 0}
@31 = load[offset=802816,end=1605632](@1) -> float_type, {1, 64, 56, 56}, {200704, 3136, 56, 1}
@32 = gpu::code_object[code_object=6280,symbol_name=mlir_convolution_add_relu,global=50176,local=256,](@30,@27,@29,@31) -> float_type, {1, 64, 56, 56}, {200704, 3136, 56, 1}
@33 = hip::hip_copy_literal[id=main:@literal:90] -> float_type, {64}, {1}
@34 = hip::hip_copy_literal[id=main:@literal:91] -> float_type, {64, 64, 3, 3}, {576, 9, 3, 1}
@35 = broadcast[axis=1,out_lens={1, 64, 56, 56}](@33) -> float_type, {1, 64, 56, 56}, {0, 1, 0, 0}
@36 = load[offset=0,end=802816](@1) -> float_type, {1, 64, 56, 56}, {200704, 3136, 56, 1}
@37 = gpu::miopen_fusion[ops={{op=convolution[padding={1, 1, 1, 1},stride={1, 1},dilation={1, 1},group=1,padding_mode=0],alpha=1,beta=0}, {op=add,alpha=1,beta=0}, {op=relu,alpha=1,beta=0}}](@32,@34,@35,@36) -> float_type, {1, 64, 56, 56}, {200704, 3136, 56, 1}
@38 = hip::hip_copy_literal[id=main:@literal:88] -> float_type, {256}, {1}
@39 = hip::hip_copy_literal[id=main:@literal:89] -> float_type, {256, 64, 1, 1}, {64, 1, 1, 1}
@40 = load[offset=3211264,end=6422528](@1) -> float_type, {1, 256, 56, 56}, {802816, 3136, 56, 1}
@41 = broadcast[axis=1,out_lens={1, 256, 56, 56}](@38) -> float_type, {1, 256, 56, 56}, {0, 1, 0, 0}
@42 = gpu::code_object[code_object=4592,symbol_name=mlir_convolution_add_add_relu,global=200704,local=256,](@41,@27,@37,@39,@40) -> float_type, {1, 256, 56, 56}, {802816, 3136, 56, 1}
@43 = hip::hip_copy_literal[id=main:@literal:86] -> float_type, {64}, {1}
@44 = hip::hip_copy_literal[id=main:@literal:87] -> float_type, {64, 256, 1, 1}, {256, 1, 1, 1}
@45 = load[offset=0,end=802816](@1) -> float_type, {1, 64, 56, 56}, {200704, 3136, 56, 1}
@46 = broadcast[axis=1,out_lens={1, 64, 56, 56}](@43) -> float_type, {1, 64, 56, 56}, {0, 1, 0, 0}
@47 = gpu::code_object[code_object=6280,symbol_name=mlir_convolution_add_relu,global=50176,local=256,](@46,@42,@44,@45) -> float_type, {1, 64, 56, 56}, {200704, 3136, 56, 1}
@48 = hip::hip_copy_literal[id=main:@literal:84] -> float_type, {64}, {1}
@49 = hip::hip_copy_literal[id=main:@literal:85] -> float_type, {64, 64, 3, 3}, {576, 9, 3, 1}
@50 = broadcast[axis=1,out_lens={1, 64, 56, 56}](@48) -> float_type, {1, 64, 56, 56}, {0, 1, 0, 0}
@51 = load[offset=6422528,end=7225344](@1) -> float_type, {1, 64, 56, 56}, {200704, 3136, 56, 1}
@52 = gpu::miopen_fusion[ops={{op=convolution[padding={1, 1, 1, 1},stride={1, 1},dilation={1, 1},group=1,padding_mode=0],alpha=1,beta=0}, {op=add,alpha=1,beta=0}, {op=relu,alpha=1,beta=0}}](@47,@49,@50,@51) -> float_type, {1, 64, 56, 56}, {200704, 3136, 56, 1}
@53 = hip::hip_copy_literal[id=main:@literal:82] -> float_type, {256}, {1}
@54 = hip::hip_copy_literal[id=main:@literal:83] -> float_type, {256, 64, 1, 1}, {64, 1, 1, 1}
@55 = load[offset=0,end=3211264](@1) -> float_type, {1, 256, 56, 56}, {802816, 3136, 56, 1}
@56 = broadcast[axis=1,out_lens={1, 256, 56, 56}](@53) -> float_type, {1, 256, 56, 56}, {0, 1, 0, 0}
@57 = gpu::code_object[code_object=4592,symbol_name=mlir_convolution_add_add_relu,global=200704,local=256,](@56,@42,@52,@54,@55) -> float_type, {1, 256, 56, 56}, {802816, 3136, 56, 1}
@58 = hip::hip_copy_literal[id=main:@literal:80] -> float_type, {128}, {1}
@59 = hip::hip_copy_literal[id=main:@literal:81] -> float_type, {128, 256, 1, 1}, {256, 1, 1, 1}
@60 = load[offset=4816896,end=6422528](@1) -> float_type, {1, 128, 56, 56}, {401408, 3136, 56, 1}
@61 = broadcast[axis=1,out_lens={1, 128, 56, 56}](@58) -> float_type, {1, 128, 56, 56}, {0, 1, 0, 0}
@62 = gpu::code_object[code_object=6248,symbol_name=mlir_convolution_add_relu,global=100352,local=256,](@61,@57,@59,@60) -> float_type, {1, 128, 56, 56}, {401408, 3136, 56, 1}
@63 = hip::hip_copy_literal[id=main:@literal:79] -> float_type, {128, 128, 3, 3}, {1152, 9, 3, 1}
@64 = load[offset=0,end=0](@1) -> int8_type, {0}, {1}
@65 = load[offset=4415488,end=4816896](@1) -> float_type, {1, 128, 28, 28}, {100352, 784, 28, 1}
@66 = gpu::convolution[op={padding={1, 1, 1, 1},stride={2, 2},dilation={1, 1},group=1,padding_mode=0},solution_object={binary_object: 457},algo=0,solution_id=0](@62,@63,@64,@65) -> float_type, {1, 128, 28, 28}, {100352, 784, 28, 1}
@67 = hip::hip_copy_literal[id=main:@literal:5] -> float_type, {512, 384, 1, 1}, {384, 1, 1, 1}
@68 = hip::hip_copy_literal[id=main:@literal:78] -> float_type, {128}, {1}
@69 = load[offset=3211264,end=4415488](@1) -> float_type, {1, 384, 28, 28}, {301056, 784, 28, 1}
@70 = step[axes={2, 3},steps={2, 2}](@57) -> float_type, {1, 256, 28, 28}, {802816, 3136, 112, 2}
@71 = broadcast[axis=1,out_lens={1, 128, 28, 28}](@68) -> float_type, {1, 128, 28, 28}, {0, 1, 0, 0}
@72 = gpu::code_object[code_object=4520,symbol_name=add_relu_noop_concat_noop_kernel,global=150528,local=1024,](@66,@71,@70,@69) -> float_type, {1, 384, 28, 28}, {301056, 784, 28, 1}
@73 = hip::hip_copy_literal[id=main:@literal:4] -> float_type, {512}, {1}
@74 = load[offset=4415488,end=6021120](@1) -> float_type, {1, 512, 28, 28}, {401408, 784, 28, 1}
@75 = broadcast[axis=1,out_lens={1, 512, 28, 28}](@73) -> float_type, {1, 512, 28, 28}, {0, 1, 0, 0}
@76 = gpu::code_object[code_object=6800,symbol_name=mlir_convolution_add_relu,global=26624,local=256,](@75,@72,@67,@74) -> float_type, {1, 512, 28, 28}, {401408, 784, 28, 1}
@77 = hip::hip_copy_literal[id=main:@literal:76] -> float_type, {128}, {1}
@78 = hip::hip_copy_literal[id=main:@literal:77] -> float_type, {128, 512, 1, 1}, {512, 1, 1, 1}
@79 = load[offset=802816,end=1204224](@1) -> float_type, {1, 128, 28, 28}, {100352, 784, 28, 1}
@80 = broadcast[axis=1,out_lens={1, 128, 28, 28}](@77) -> float_type, {1, 128, 28, 28}, {0, 1, 0, 0}
@81 = gpu::code_object[code_object=5280,symbol_name=mlir_convolution_add_relu,global=25600,local=256,](@80,@76,@78,@79) -> float_type, {1, 128, 28, 28}, {100352, 784, 28, 1}
@82 = hip::hip_copy_literal[id=main:@literal:74] -> float_type, {128}, {1}
@83 = hip::hip_copy_literal[id=main:@literal:75] -> float_type, {128, 128, 3, 3}, {1152, 9, 3, 1}
@84 = load[offset=401408,end=802816](@1) -> float_type, {1, 128, 28, 28}, {100352, 784, 28, 1}
@85 = broadcast[axis=1,out_lens={1, 128, 28, 28}](@82) -> float_type, {1, 128, 28, 28}, {0, 1, 0, 0}
@86 = gpu::miopen_fusion[ops={{op=convolution[padding={1, 1, 1, 1},stride={1, 1},dilation={1, 1},group=1,padding_mode=0],alpha=1,beta=0}, {op=add,alpha=1,beta=0}, {op=relu,alpha=1,beta=0}}](@81,@83,@85,@84) -> float_type, {1, 128, 28, 28}, {100352, 784, 28, 1}
@87 = hip::hip_copy_literal[id=main:@literal:72] -> float_type, {512}, {1}
@88 = hip::hip_copy_literal[id=main:@literal:73] -> float_type, {512, 128, 1, 1}, {128, 1, 1, 1}
@89 = load[offset=1204224,end=2809856](@1) -> float_type, {1, 512, 28, 28}, {401408, 784, 28, 1}
@90 = broadcast[axis=1,out_lens={1, 512, 28, 28}](@87) -> float_type, {1, 512, 28, 28}, {0, 1, 0, 0}
@91 = gpu::code_object[code_object=5432,symbol_name=mlir_convolution_add_add_relu,global=102400,local=256,](@90,@76,@86,@88,@89) -> float_type, {1, 512, 28, 28}, {401408, 784, 28, 1}
@92 = hip::hip_copy_literal[id=main:@literal:70] -> float_type, {128}, {1}
@93 = hip::hip_copy_literal[id=main:@literal:71] -> float_type, {128, 512, 1, 1}, {512, 1, 1, 1}
@94 = load[offset=802816,end=1204224](@1) -> float_type, {1, 128, 28, 28}, {100352, 784, 28, 1}
@95 = broadcast[axis=1,out_lens={1, 128, 28, 28}](@92) -> float_type, {1, 128, 28, 28}, {0, 1, 0, 0}
@96 = gpu::code_object[code_object=5280,symbol_name=mlir_convolution_add_relu,global=25600,local=256,](@95,@91,@93,@94) -> float_type, {1, 128, 28, 28}, {100352, 784, 28, 1}
@97 = hip::hip_copy_literal[id=main:@literal:68] -> float_type, {128}, {1}
@98 = hip::hip_copy_literal[id=main:@literal:69] -> float_type, {128, 128, 3, 3}, {1152, 9, 3, 1}
@99 = load[offset=401408,end=802816](@1) -> float_type, {1, 128, 28, 28}, {100352, 784, 28, 1}
@100 = broadcast[axis=1,out_lens={1, 128, 28, 28}](@97) -> float_type, {1, 128, 28, 28}, {0, 1, 0, 0}
@101 = gpu::miopen_fusion[ops={{op=convolution[padding={1, 1, 1, 1},stride={1, 1},dilation={1, 1},group=1,padding_mode=0],alpha=1,beta=0}, {op=add,alpha=1,beta=0}, {op=relu,alpha=1,beta=0}}](@96,@98,@100,@99) -> float_type, {1, 128, 28, 28}, {100352, 784, 28, 1}
@102 = hip::hip_copy_literal[id=main:@literal:66] -> float_type, {512}, {1}
@103 = hip::hip_copy_literal[id=main:@literal:67] -> float_type, {512, 128, 1, 1}, {128, 1, 1, 1}
@104 = broadcast[axis=1,out_lens={1, 512, 28, 28}](@102) -> float_type, {1, 512, 28, 28}, {0, 1, 0, 0}
@105 = load[offset=5771264,end=7376896](@1) -> float_type, {1, 512, 28, 28}, {401408, 784, 28, 1}
@106 = gpu::code_object[code_object=5432,symbol_name=mlir_convolution_add_add_relu,global=102400,local=256,](@104,@91,@101,@103,@105) -> float_type, {1, 512, 28, 28}, {401408, 784, 28, 1}
@107 = hip::hip_copy_literal[id=main:@literal:64] -> float_type, {128}, {1}
@108 = hip::hip_copy_literal[id=main:@literal:65] -> float_type, {128, 512, 1, 1}, {512, 1, 1, 1}
@109 = load[offset=401408,end=802816](@1) -> float_type, {1, 128, 28, 28}, {100352, 784, 28, 1}
@110 = broadcast[axis=1,out_lens={1, 128, 28, 28}](@107) -> float_type, {1, 128, 28, 28}, {0, 1, 0, 0}
@111 = gpu::code_object[code_object=5280,symbol_name=mlir_convolution_add_relu,global=25600,local=256,](@110,@106,@108,@109) -> float_type, {1, 128, 28, 28}, {100352, 784, 28, 1}
@112 = hip::hip_copy_literal[id=main:@literal:62] -> float_type, {128}, {1}
@113 = hip::hip_copy_literal[id=main:@literal:63] -> float_type, {128, 128, 3, 3}, {1152, 9, 3, 1}
@114 = load[offset=0,end=401408](@1) -> float_type, {1, 128, 28, 28}, {100352, 784, 28, 1}
@115 = broadcast[axis=1,out_lens={1, 128, 28, 28}](@112) -> float_type, {1, 128, 28, 28}, {0, 1, 0, 0}
@116 = gpu::miopen_fusion[ops={{op=convolution[padding={1, 1, 1, 1},stride={1, 1},dilation={1, 1},group=1,padding_mode=0],alpha=1,beta=0}, {op=add,alpha=1,beta=0}, {op=relu,alpha=1,beta=0}}](@111,@113,@115,@114) -> float_type, {1, 128, 28, 28}, {100352, 784, 28, 1}
@117 = hip::hip_copy_literal[id=main:@literal:60] -> float_type, {512}, {1}
@118 = hip::hip_copy_literal[id=main:@literal:61] -> float_type, {512, 128, 1, 1}, {128, 1, 1, 1}
@119 = broadcast[axis=1,out_lens={1, 512, 28, 28}](@117) -> float_type, {1, 512, 28, 28}, {0, 1, 0, 0}
@120 = load[offset=4165632,end=5771264](@1) -> float_type, {1, 512, 28, 28}, {401408, 784, 28, 1}
@121 = gpu::code_object[code_object=5432,symbol_name=mlir_convolution_add_add_relu,global=102400,local=256,](@119,@106,@116,@118,@120) -> float_type, {1, 512, 28, 28}, {401408, 784, 28, 1}
@122 = hip::hip_copy_literal[id=main:@literal:7] -> float_type, {1024, 768, 1, 1}, {768, 1, 1, 1}
@123 = hip::hip_copy_literal[id=main:@literal:58] -> float_type, {256}, {1}
@124 = hip::hip_copy_literal[id=main:@literal:59] -> float_type, {256, 512, 1, 1}, {512, 1, 1, 1}
@125 = broadcast[axis=1,out_lens={1, 256, 28, 28}](@123) -> float_type, {1, 256, 28, 28}, {0, 1, 0, 0}
@126 = load[offset=0,end=802816](@1) -> float_type, {1, 256, 28, 28}, {200704, 784, 28, 1}
@127 = gpu::code_object[code_object=5280,symbol_name=mlir_convolution_add_relu,global=51200,local=256,](@125,@121,@124,@126) -> float_type, {1, 256, 28, 28}, {200704, 784, 28, 1}
@128 = hip::hip_copy_literal[id=main:@literal:57] -> float_type, {256, 256, 3, 3}, {2304, 9, 3, 1}
@129 = load[offset=5971968,end=9334784](@1) -> int8_type, {3362816}, {1}
@130 = load[offset=5771264,end=5971968](@1) -> float_type, {1, 256, 14, 14}, {50176, 196, 14, 1}
@131 = gpu::convolution[op={padding={1, 1, 1, 1},stride={2, 2},dilation={1, 1},group=1,padding_mode=0},solution_object={binary_object: 556},algo=0,solution_id=0](@127,@128,@129,@130) -> float_type, {1, 256, 14, 14}, {50176, 196, 14, 1}
@132 = hip::hip_copy_literal[id=main:@literal:6] -> float_type, {1024}, {1}
@133 = hip::hip_copy_literal[id=main:@literal:56] -> float_type, {256}, {1}
@134 = load[offset=1404928,end=2007040](@1) -> float_type, {1, 768, 14, 14}, {150528, 196, 14, 1}
@135 = broadcast[axis=1,out_lens={1, 256, 14, 14}](@133) -> float_type, {1, 256, 14, 14}, {0, 1, 0, 0}
@136 = step[axes={2, 3},steps={2, 2}](@121) -> float_type, {1, 512, 14, 14}, {401408, 784, 56, 2}
@137 = gpu::code_object[code_object=4528,symbol_name=add_relu_noop_concat_noop_kernel,global=75264,local=1024,](@131,@135,@136,@134) -> float_type, {1, 768, 14, 14}, {150528, 196, 14, 1}
@138 = broadcast[axis=1,out_lens={1, 1024, 14, 14}](@132) -> float_type, {1, 1024, 14, 14}, {0, 1, 0, 0}
@139 = load[offset=602112,end=1404928](@1) -> float_type, {1, 1024, 14, 14}, {200704, 196, 14, 1}
@140 = gpu::code_object[code_object=4832,symbol_name=mlir_convolution_add_relu,global=57344,local=256,](@138,@137,@122,@139) -> float_type, {1, 1024, 14, 14}, {200704, 196, 14, 1}
@141 = hip::hip_copy_literal[id=main:@literal:26] -> float_type, {1024}, {1}
@142 = hip::hip_copy_literal[id=main:@literal:27] -> float_type, {1024, 256, 1, 1}, {256, 1, 1, 1}
@143 = hip::hip_copy_literal[id=main:@literal:28] -> float_type, {256}, {1}
@144 = hip::hip_copy_literal[id=main:@literal:29] -> float_type, {256, 256, 3, 3}, {2304, 9, 3, 1}
@145 = hip::hip_copy_literal[id=main:@literal:30] -> float_type, {256}, {1}
@146 = hip::hip_copy_literal[id=main:@literal:31] -> float_type, {256, 1024, 1, 1}, {1024, 1, 1, 1}
@147 = hip::hip_copy_literal[id=main:@literal:32] -> float_type, {1024}, {1}
@148 = hip::hip_copy_literal[id=main:@literal:33] -> float_type, {1024, 256, 1, 1}, {256, 1, 1, 1}
@149 = hip::hip_copy_literal[id=main:@literal:34] -> float_type, {256}, {1}
@150 = hip::hip_copy_literal[id=main:@literal:35] -> float_type, {256, 256, 3, 3}, {2304, 9, 3, 1}
@151 = hip::hip_copy_literal[id=main:@literal:36] -> float_type, {256}, {1}
@152 = hip::hip_copy_literal[id=main:@literal:37] -> float_type, {256, 1024, 1, 1}, {1024, 1, 1, 1}
@153 = hip::hip_copy_literal[id=main:@literal:38] -> float_type, {1024}, {1}
@154 = hip::hip_copy_literal[id=main:@literal:39] -> float_type, {1024, 256, 1, 1}, {256, 1, 1, 1}
@155 = hip::hip_copy_literal[id=main:@literal:40] -> float_type, {256}, {1}
@156 = hip::hip_copy_literal[id=main:@literal:41] -> float_type, {256, 256, 3, 3}, {2304, 9, 3, 1}
@157 = hip::hip_copy_literal[id=main:@literal:42] -> float_type, {256}, {1}
@158 = hip::hip_copy_literal[id=main:@literal:43] -> float_type, {256, 1024, 1, 1}, {1024, 1, 1, 1}
@159 = hip::hip_copy_literal[id=main:@literal:44] -> float_type, {1024}, {1}
@160 = hip::hip_copy_literal[id=main:@literal:45] -> float_type, {1024, 256, 1, 1}, {256, 1, 1, 1}
@161 = hip::hip_copy_literal[id=main:@literal:46] -> float_type, {256}, {1}
@162 = hip::hip_copy_literal[id=main:@literal:47] -> float_type, {256, 256, 3, 3}, {2304, 9, 3, 1}
@163 = hip::hip_copy_literal[id=main:@literal:48] -> float_type, {256}, {1}
@164 = hip::hip_copy_literal[id=main:@literal:49] -> float_type, {256, 1024, 1, 1}, {1024, 1, 1, 1}
@165 = hip::hip_copy_literal[id=main:@literal:50] -> float_type, {1024}, {1}
@166 = hip::hip_copy_literal[id=main:@literal:51] -> float_type, {1024, 256, 1, 1}, {256, 1, 1, 1}
@167 = hip::hip_copy_literal[id=main:@literal:52] -> float_type, {256}, {1}
@168 = hip::hip_copy_literal[id=main:@literal:53] -> float_type, {256, 256, 3, 3}, {2304, 9, 3, 1}
@169 = hip::hip_copy_literal[id=main:@literal:54] -> float_type, {256}, {1}
@170 = hip::hip_copy_literal[id=main:@literal:55] -> float_type, {256, 1024, 1, 1}, {1024, 1, 1, 1}
@171 = broadcast[axis=1,out_lens={1, 256, 14, 14}](@169) -> float_type, {1, 256, 14, 14}, {0, 1, 0, 0}
@172 = load[offset=401408,end=602112](@1) -> float_type, {1, 256, 14, 14}, {50176, 196, 14, 1}
@173 = gpu::code_object[code_object=5504,symbol_name=mlir_convolution_add_relu,global=14336,local=128,](@171,@140,@170,@172) -> float_type, {1, 256, 14, 14}, {50176, 196, 14, 1}
@174 = broadcast[axis=1,out_lens={1, 256, 14, 14}](@167) -> float_type, {1, 256, 14, 14}, {0, 1, 0, 0}
@175 = load[offset=200704,end=401408](@1) -> float_type, {1, 256, 14, 14}, {50176, 196, 14, 1}
@176 = gpu::miopen_fusion[ops={{op=convolution[padding={1, 1, 1, 1},stride={1, 1},dilation={1, 1},group=1,padding_mode=0],alpha=1,beta=0}, {op=add,alpha=1,beta=0}, {op=relu,alpha=1,beta=0}}](@173,@168,@174,@175) -> float_type, {1, 256, 14, 14}, {50176, 196, 14, 1}
@177 = broadcast[axis=1,out_lens={1, 1024, 14, 14}](@165) -> float_type, {1, 1024, 14, 14}, {0, 1, 0, 0}
@178 = load[offset=2207744,end=3010560](@1) -> float_type, {1, 1024, 14, 14}, {200704, 196, 14, 1}
@179 = gpu::code_object[code_object=6552,symbol_name=mlir_convolution_add_add_relu,global=57344,local=256,](@177,@140,@176,@166,@178) -> float_type, {1, 1024, 14, 14}, {200704, 196, 14, 1}
@180 = broadcast[axis=1,out_lens={1, 256, 14, 14}](@163) -> float_type, {1, 256, 14, 14}, {0, 1, 0, 0}
@181 = load[offset=200704,end=401408](@1) -> float_type, {1, 256, 14, 14}, {50176, 196, 14, 1}
@182 = gpu::code_object[code_object=5504,symbol_name=mlir_convolution_add_relu,global=14336,local=128,](@180,@179,@164,@181) -> float_type, {1, 256, 14, 14}, {50176, 196, 14, 1}
@183 = broadcast[axis=1,out_lens={1, 256, 14, 14}](@161) -> float_type, {1, 256, 14, 14}, {0, 1, 0, 0}
@184 = load[offset=0,end=200704](@1) -> float_type, {1, 256, 14, 14}, {50176, 196, 14, 1}
@185 = gpu::miopen_fusion[ops={{op=convolution[padding={1, 1, 1, 1},stride={1, 1},dilation={1, 1},group=1,padding_mode=0],alpha=1,beta=0}, {op=add,alpha=1,beta=0}, {op=relu,alpha=1,beta=0}}](@182,@162,@183,@184) -> float_type, {1, 256, 14, 14}, {50176, 196, 14, 1}
@186 = broadcast[axis=1,out_lens={1, 1024, 14, 14}](@159) -> float_type, {1, 1024, 14, 14}, {0, 1, 0, 0}
@187 = load[offset=1404928,end=2207744](@1) -> float_type, {1, 1024, 14, 14}, {200704, 196, 14, 1}
@188 = gpu::code_object[code_object=6552,symbol_name=mlir_convolution_add_add_relu,global=57344,local=256,](@186,@179,@185,@160,@187) -> float_type, {1, 1024, 14, 14}, {200704, 196, 14, 1}
@189 = broadcast[axis=1,out_lens={1, 256, 14, 14}](@157) -> float_type, {1, 256, 14, 14}, {0, 1, 0, 0}
@190 = load[offset=401408,end=602112](@1) -> float_type, {1, 256, 14, 14}, {50176, 196, 14, 1}
@191 = gpu::code_object[code_object=5504,symbol_name=mlir_convolution_add_relu,global=14336,local=128,](@189,@188,@158,@190) -> float_type, {1, 256, 14, 14}, {50176, 196, 14, 1}
@192 = broadcast[axis=1,out_lens={1, 256, 14, 14}](@155) -> float_type, {1, 256, 14, 14}, {0, 1, 0, 0}
@193 = load[offset=200704,end=401408](@1) -> float_type, {1, 256, 14, 14}, {50176, 196, 14, 1}
@194 = gpu::miopen_fusion[ops={{op=convolution[padding={1, 1, 1, 1},stride={1, 1},dilation={1, 1},group=1,padding_mode=0],alpha=1,beta=0}, {op=add,alpha=1,beta=0}, {op=relu,alpha=1,beta=0}}](@191,@156,@192,@193) -> float_type, {1, 256, 14, 14}, {50176, 196, 14, 1}
@195 = broadcast[axis=1,out_lens={1, 1024, 14, 14}](@153) -> float_type, {1, 1024, 14, 14}, {0, 1, 0, 0}
@196 = load[offset=602112,end=1404928](@1) -> float_type, {1, 1024, 14, 14}, {200704, 196, 14, 1}
@197 = gpu::code_object[code_object=6552,symbol_name=mlir_convolution_add_add_relu,global=57344,local=256,](@195,@188,@194,@154,@196) -> float_type, {1, 1024, 14, 14}, {200704, 196, 14, 1}
@198 = broadcast[axis=1,out_lens={1, 256, 14, 14}](@151) -> float_type, {1, 256, 14, 14}, {0, 1, 0, 0}
@199 = load[offset=401408,end=602112](@1) -> float_type, {1, 256, 14, 14}, {50176, 196, 14, 1}
@200 = gpu::code_object[code_object=5504,symbol_name=mlir_convolution_add_relu,global=14336,local=128,](@198,@197,@152,@199) -> float_type, {1, 256, 14, 14}, {50176, 196, 14, 1}
@201 = broadcast[axis=1,out_lens={1, 256, 14, 14}](@149) -> float_type, {1, 256, 14, 14}, {0, 1, 0, 0}
@202 = load[offset=200704,end=401408](@1) -> float_type, {1, 256, 14, 14}, {50176, 196, 14, 1}
@203 = gpu::miopen_fusion[ops={{op=convolution[padding={1, 1, 1, 1},stride={1, 1},dilation={1, 1},group=1,padding_mode=0],alpha=1,beta=0}, {op=add,alpha=1,beta=0}, {op=relu,alpha=1,beta=0}}](@200,@150,@201,@202) -> float_type, {1, 256, 14, 14}, {50176, 196, 14, 1}
@204 = broadcast[axis=1,out_lens={1, 1024, 14, 14}](@147) -> float_type, {1, 1024, 14, 14}, {0, 1, 0, 0}
@205 = load[offset=2107392,end=2910208](@1) -> float_type, {1, 1024, 14, 14}, {200704, 196, 14, 1}
@206 = gpu::code_object[code_object=6552,symbol_name=mlir_convolution_add_add_relu,global=57344,local=256,](@204,@197,@203,@148,@205) -> float_type, {1, 1024, 14, 14}, {200704, 196, 14, 1}
@207 = broadcast[axis=1,out_lens={1, 256, 14, 14}](@145) -> float_type, {1, 256, 14, 14}, {0, 1, 0, 0}
@208 = load[offset=200704,end=401408](@1) -> float_type, {1, 256, 14, 14}, {50176, 196, 14, 1}
@209 = gpu::code_object[code_object=5504,symbol_name=mlir_convolution_add_relu,global=14336,local=128,](@207,@206,@146,@208) -> float_type, {1, 256, 14, 14}, {50176, 196, 14, 1}
@210 = broadcast[axis=1,out_lens={1, 256, 14, 14}](@143) -> float_type, {1, 256, 14, 14}, {0, 1, 0, 0}
@211 = load[offset=0,end=200704](@1) -> float_type, {1, 256, 14, 14}, {50176, 196, 14, 1}
@212 = gpu::miopen_fusion[ops={{op=convolution[padding={1, 1, 1, 1},stride={1, 1},dilation={1, 1},group=1,padding_mode=0],alpha=1,beta=0}, {op=add,alpha=1,beta=0}, {op=relu,alpha=1,beta=0}}](@209,@144,@210,@211) -> float_type, {1, 256, 14, 14}, {50176, 196, 14, 1}
@213 = broadcast[axis=1,out_lens={1, 1024, 14, 14}](@141) -> float_type, {1, 1024, 14, 14}, {0, 1, 0, 0}
@214 = load[offset=1304576,end=2107392](@1) -> float_type, {1, 1024, 14, 14}, {200704, 196, 14, 1}
@215 = gpu::code_object[code_object=6552,symbol_name=mlir_convolution_add_add_relu,global=57344,local=256,](@213,@206,@212,@142,@214) -> float_type, {1, 1024, 14, 14}, {200704, 196, 14, 1}
@216 = hip::hip_copy_literal[id=main:@literal:23] -> float_type, {512, 512, 3, 3}, {4608, 9, 3, 1}
@217 = hip::hip_copy_literal[id=main:@literal:24] -> float_type, {512}, {1}
@218 = hip::hip_copy_literal[id=main:@literal:25] -> float_type, {512, 1024, 1, 1}, {1024, 1, 1, 1}
@219 = broadcast[axis=1,out_lens={1, 512, 14, 14}](@217) -> float_type, {1, 512, 14, 14}, {0, 1, 0, 0}
@220 = load[offset=0,end=401408](@1) -> float_type, {1, 512, 14, 14}, {100352, 196, 14, 1}
@221 = gpu::code_object[code_object=5216,symbol_name=mlir_convolution_add_relu,global=28672,local=256,](@219,@215,@218,@220) -> float_type, {1, 512, 14, 14}, {100352, 196, 14, 1}
@222 = load[offset=2207744,end=3110912](@1) -> int8_type, {903168}, {1}
@223 = load[offset=2107392,end=2207744](@1) -> float_type, {1, 512, 7, 7}, {25088, 49, 7, 1}
@224 = gpu::convolution[op={padding={1, 1, 1, 1},stride={2, 2},dilation={1, 1},group=1,padding_mode=0},solution_object={binary_object: 430},algo=0,solution_id=0](@221,@216,@222,@223) -> float_type, {1, 512, 7, 7}, {25088, 49, 7, 1}
@225 = hip::hip_copy_literal[id=main:@literal:9] -> float_type, {2048, 1536, 1, 1}, {1536, 1, 1, 1}
@226 = hip::hip_copy_literal[id=main:@literal:8] -> float_type, {2048}, {1}
@227 = hip::hip_copy_literal[id=main:@literal:22] -> float_type, {512}, {1}
@228 = step[axes={2, 3},steps={2, 2}](@215) -> float_type, {1, 1024, 7, 7}, {200704, 196, 28, 2}
@229 = broadcast[axis=1,out_lens={1, 512, 7, 7}](@227) -> float_type, {1, 512, 7, 7}, {0, 1, 0, 0}
@230 = load[offset=0,end=301056](@1) -> float_type, {1, 1536, 7, 7}, {75264, 49, 7, 1}
@231 = gpu::code_object[code_object=4576,symbol_name=add_relu_noop_concat_noop_kernel,global=37632,local=1024,](@224,@229,@228,@230) -> float_type, {1, 1536, 7, 7}, {75264, 49, 7, 1}
@232 = broadcast[axis=1,out_lens={1, 2048, 7, 7}](@226) -> float_type, {1, 2048, 7, 7}, {0, 1, 0, 0}
@233 = load[offset=903168,end=1304576](@1) -> float_type, {1, 2048, 7, 7}, {100352, 49, 7, 1}
@234 = gpu::code_object[code_object=4728,symbol_name=mlir_convolution_add_relu,global=32768,local=256,](@232,@231,@225,@233) -> float_type, {1, 2048, 7, 7}, {100352, 49, 7, 1}
@235 = hip::hip_copy_literal[id=main:@literal:1] -> float_type, {2048, 1000}, {1000, 1}
@236 = hip::hip_copy_literal[id=main:@literal:0] -> float_type, {1, 1000}, {1000, 1}
@237 = hip::hip_copy_literal[id=main:@literal:10] -> float_type, {2048}, {1}
@238 = hip::hip_copy_literal[id=main:@literal:11] -> float_type, {2048, 512, 1, 1}, {512, 1, 1, 1}
@239 = hip::hip_copy_literal[id=main:@literal:12] -> float_type, {512}, {1}
@240 = hip::hip_copy_literal[id=main:@literal:13] -> float_type, {512, 512, 3, 3}, {4608, 9, 3, 1}
@241 = hip::hip_copy_literal[id=main:@literal:14] -> float_type, {512}, {1}
@242 = hip::hip_copy_literal[id=main:@literal:15] -> float_type, {512, 2048, 1, 1}, {2048, 1, 1, 1}
@243 = hip::hip_copy_literal[id=main:@literal:16] -> float_type, {2048}, {1}
@244 = hip::hip_copy_literal[id=main:@literal:17] -> float_type, {2048, 512, 1, 1}, {512, 1, 1, 1}
@245 = hip::hip_copy_literal[id=main:@literal:18] -> float_type, {512}, {1}
@246 = hip::hip_copy_literal[id=main:@literal:19] -> float_type, {512, 512, 3, 3}, {4608, 9, 3, 1}
@247 = hip::hip_copy_literal[id=main:@literal:20] -> float_type, {512}, {1}
@248 = hip::hip_copy_literal[id=main:@literal:21] -> float_type, {512, 2048, 1, 1}, {2048, 1, 1, 1}
@249 = broadcast[axis=1,out_lens={1, 512, 7, 7}](@247) -> float_type, {1, 512, 7, 7}, {0, 1, 0, 0}
@250 = load[offset=100352,end=200704](@1) -> float_type, {1, 512, 7, 7}, {25088, 49, 7, 1}
@251 = gpu::code_object[code_object=5480,symbol_name=mlir_convolution_add_relu,global=8192,local=256,](@249,@234,@248,@250) -> float_type, {1, 512, 7, 7}, {25088, 49, 7, 1}
@252 = broadcast[axis=1,out_lens={1, 512, 7, 7}](@245) -> float_type, {1, 512, 7, 7}, {0, 1, 0, 0}
@253 = load[offset=0,end=100352](@1) -> float_type, {1, 512, 7, 7}, {25088, 49, 7, 1}
@254 = gpu::miopen_fusion[ops={{op=convolution[padding={1, 1, 1, 1},stride={1, 1},dilation={1, 1},group=1,padding_mode=0],alpha=1,beta=0}, {op=add,alpha=1,beta=0}, {op=relu,alpha=1,beta=0}}](@251,@246,@252,@253) -> float_type, {1, 512, 7, 7}, {25088, 49, 7, 1}
@255 = broadcast[axis=1,out_lens={1, 2048, 7, 7}](@243) -> float_type, {1, 2048, 7, 7}, {0, 1, 0, 0}
@256 = load[offset=501760,end=903168](@1) -> float_type, {1, 2048, 7, 7}, {100352, 49, 7, 1}
@257 = gpu::code_object[code_object=5496,symbol_name=mlir_convolution_add_add_relu,global=32768,local=256,](@255,@234,@254,@244,@256) -> float_type, {1, 2048, 7, 7}, {100352, 49, 7, 1}
@258 = broadcast[axis=1,out_lens={1, 512, 7, 7}](@241) -> float_type, {1, 512, 7, 7}, {0, 1, 0, 0}
@259 = load[offset=100352,end=200704](@1) -> float_type, {1, 512, 7, 7}, {25088, 49, 7, 1}
@260 = gpu::code_object[code_object=5480,symbol_name=mlir_convolution_add_relu,global=8192,local=256,](@258,@257,@242,@259) -> float_type, {1, 512, 7, 7}, {25088, 49, 7, 1}
@261 = broadcast[axis=1,out_lens={1, 512, 7, 7}](@239) -> float_type, {1, 512, 7, 7}, {0, 1, 0, 0}
@262 = load[offset=0,end=100352](@1) -> float_type, {1, 512, 7, 7}, {25088, 49, 7, 1}
@263 = gpu::miopen_fusion[ops={{op=convolution[padding={1, 1, 1, 1},stride={1, 1},dilation={1, 1},group=1,padding_mode=0],alpha=1,beta=0}, {op=add,alpha=1,beta=0}, {op=relu,alpha=1,beta=0}}](@260,@240,@261,@262) -> float_type, {1, 512, 7, 7}, {25088, 49, 7, 1}
@264 = load[offset=903168,end=1304576](@1) -> float_type, {1, 2048, 7, 7}, {100352, 49, 7, 1}
@265 = gpu::code_object[code_object=4824,symbol_name=mlir_convolution,global=32768,local=256,](@263,@238,@264) -> float_type, {1, 2048, 7, 7}, {100352, 49, 7, 1}
@266 = broadcast[axis=1,out_lens={1, 2048, 7, 7}](@237) -> float_type, {1, 2048, 7, 7}, {0, 1, 0, 0}
@267 = load[offset=0,end=8192](@1) -> float_type, {1, 2048, 1, 1}, {2048, 1, 1, 1}
@268 = gpu::code_object[code_object=4416,symbol_name=add_add_relu_mul_reduce_sum_kernel,global=131072,local=64,](@265,@266,@257,@267) -> float_type, {1, 2048, 1, 1}, {2048, 1, 1, 1}
main:#output_0 = @param:main:#output_0 -> float_type, {1, 1000}, {1000, 1}
@270 = flatten[axis=1](@268) -> float_type, {1, 2048}, {2048, 1}
@271 = gpu::gemm[alpha=1,beta=1,compute_fp32=1,trans_batch=0,solution_idx=0](@270,@235,@236,main:#output_0) -> float_type, {1, 1000}, {1000, 1}
@272 = @return(@271)


Allocating params ... 
Running performance report ... 
@0 = check_context::migraphx::gpu::context -> float_type, {}, {}: 0.00099866ms, 1%
@1 = hip::hip_allocate_memory[shape=int8_type, {9633792}, {1},id=main:scratch] -> int8_type, {9633792}, {1}: 0.0010372ms, 1%
@2 = hip::hip_copy_literal[id=main:@literal:98] -> float_type, {64}, {1}: 0.00091418ms, 1%
@3 = hip::hip_copy_literal[id=main:@literal:99] -> float_type, {64, 3, 7, 7}, {147, 49, 7, 1}: 0.0006555ms, 1%
@4 = load[offset=3211264,end=6422528](@1) -> float_type, {1, 64, 112, 112}, {802816, 12544, 112, 1}: 0.00088804ms, 1%
@5 = broadcast[axis=1,out_lens={1, 64, 112, 112}](@2) -> float_type, {1, 64, 112, 112}, {0, 1, 0, 0}: 0.0010275ms, 1%
input.1 = @param:input.1 -> float_type, {1, 3, 224, 224}, {150528, 50176, 224, 1}: 0.00064924ms, 1%
@7 = gpu::code_object[code_object=6528,symbol_name=mlir_convolution_add_relu,global=50176,local=256,](@5,input.1,@3,@4) -> float_type, {1, 64, 112, 112}, {802816, 12544, 112, 1}: 0.0411464ms, 2%
@8 = load[offset=2408448,end=3211264](@1) -> float_type, {1, 64, 56, 56}, {200704, 3136, 56, 1}: 0.00077038ms, 1%
@9 = gpu::pooling[mode=max,padding={1, 1, 1, 1},padding_mode=0,stride={2, 2},lengths={3, 3},dilations={1, 1},ceil_mode=0,lp_order=2,dyn_global=0](@7,@8) -> float_type, {1, 64, 56, 56}, {200704, 3136, 56, 1}: 0.0620827ms, 3%
@10 = hip::hip_copy_literal[id=main:@literal:96] -> float_type, {64}, {1}: 0.00143222ms, 1%
@11 = hip::hip_copy_literal[id=main:@literal:97] -> float_type, {64, 64, 1, 1}, {64, 1, 1, 1}: 0.00073332ms, 1%
@12 = broadcast[axis=1,out_lens={1, 64, 56, 56}](@10) -> float_type, {1, 64, 56, 56}, {0, 1, 0, 0}: 0.00111932ms, 1%
@13 = load[offset=802816,end=1605632](@1) -> float_type, {1, 64, 56, 56}, {200704, 3136, 56, 1}: 0.0007301ms, 1%
@14 = gpu::code_object[code_object=4432,symbol_name=mlir_convolution_add_relu,global=50176,local=64,](@12,@9,@11,@13) -> float_type, {1, 64, 56, 56}, {200704, 3136, 56, 1}: 0.022199ms, 1%
@15 = hip::hip_copy_literal[id=main:@literal:95] -> float_type, {64, 64, 3, 3}, {576, 9, 3, 1}: 0.0007074ms, 1%
@16 = load[offset=0,end=0](@1) -> int8_type, {0}, {1}: 0.0007065ms, 1%
@17 = load[offset=0,end=802816](@1) -> float_type, {1, 64, 56, 56}, {200704, 3136, 56, 1}: 0.00065036ms, 1%
@18 = gpu::convolution[op={padding={1, 1, 1, 1},stride={1, 1},dilation={1, 1},group=1,padding_mode=0},solution_object={binary_object: 430},algo=0,solution_id=0](@14,@15,@16,@17) -> float_type, {1, 64, 56, 56}, {200704, 3136, 56, 1}: 0.0740672ms, 3%
@19 = hip::hip_copy_literal[id=main:@literal:2] -> float_type, {256}, {1}: 0.00082346ms, 1%
@20 = hip::hip_copy_literal[id=main:@literal:94] -> float_type, {64}, {1}: 0.00088358ms, 1%
@21 = broadcast[axis=1,out_lens={1, 64, 56, 56}](@20) -> float_type, {1, 64, 56, 56}, {0, 1, 0, 0}: 0.00106744ms, 1%
@22 = load[offset=3211264,end=4816896](@1) -> float_type, {1, 128, 56, 56}, {401408, 3136, 56, 1}: 0.00072574ms, 1%
@23 = gpu::code_object[code_object=4304,symbol_name=add_relu_noop_concat_noop_kernel,global=100352,local=1024,](@18,@21,@9,@22) -> float_type, {1, 128, 56, 56}, {401408, 3136, 56, 1}: 0.0222259ms, 1%
@24 = hip::hip_copy_literal[id=main:@literal:3] -> float_type, {256, 128, 1, 1}, {128, 1, 1, 1}: 0.00070692ms, 1%
@25 = load[offset=6422528,end=9633792](@1) -> float_type, {1, 256, 56, 56}, {802816, 3136, 56, 1}: 0.00069848ms, 1%
@26 = broadcast[axis=1,out_lens={1, 256, 56, 56}](@19) -> float_type, {1, 256, 56, 56}, {0, 1, 0, 0}: 0.00099188ms, 1%
@27 = gpu::code_object[code_object=7344,symbol_name=mlir_convolution_add_relu,global=50176,local=256,](@26,@23,@24,@25) -> float_type, {1, 256, 56, 56}, {802816, 3136, 56, 1}: 0.0314025ms, 2%
@28 = hip::hip_copy_literal[id=main:@literal:92] -> float_type, {64}, {1}: 0.00073524ms, 1%
@29 = hip::hip_copy_literal[id=main:@literal:93] -> float_type, {64, 256, 1, 1}, {256, 1, 1, 1}: 0.00063728ms, 1%
@30 = broadcast[axis=1,out_lens={1, 64, 56, 56}](@28) -> float_type, {1, 64, 56, 56}, {0, 1, 0, 0}: 0.00102492ms, 1%
@31 = load[offset=802816,end=1605632](@1) -> float_type, {1, 64, 56, 56}, {200704, 3136, 56, 1}: 0.00067108ms, 1%
@32 = gpu::code_object[code_object=6280,symbol_name=mlir_convolution_add_relu,global=50176,local=256,](@30,@27,@29,@31) -> float_type, {1, 64, 56, 56}, {200704, 3136, 56, 1}: 0.0269147ms, 1%
@33 = hip::hip_copy_literal[id=main:@literal:90] -> float_type, {64}, {1}: 0.0007332ms, 1%
@34 = hip::hip_copy_literal[id=main:@literal:91] -> float_type, {64, 64, 3, 3}, {576, 9, 3, 1}: 0.00061066ms, 1%
@35 = broadcast[axis=1,out_lens={1, 64, 56, 56}](@33) -> float_type, {1, 64, 56, 56}, {0, 1, 0, 0}: 0.00112824ms, 1%
@36 = load[offset=0,end=802816](@1) -> float_type, {1, 64, 56, 56}, {200704, 3136, 56, 1}: 0.00066738ms, 1%
@37 = gpu::miopen_fusion[ops={{op=convolution[padding={1, 1, 1, 1},stride={1, 1},dilation={1, 1},group=1,padding_mode=0],alpha=1,beta=0}, {op=add,alpha=1,beta=0}, {op=relu,alpha=1,beta=0}}](@32,@34,@35,@36) -> float_type, {1, 64, 56, 56}, {200704, 3136, 56, 1}: 0.0646434ms, 3%
@38 = hip::hip_copy_literal[id=main:@literal:88] -> float_type, {256}, {1}: 0.00077586ms, 1%
@39 = hip::hip_copy_literal[id=main:@literal:89] -> float_type, {256, 64, 1, 1}, {64, 1, 1, 1}: 0.00063218ms, 1%
@40 = load[offset=3211264,end=6422528](@1) -> float_type, {1, 256, 56, 56}, {802816, 3136, 56, 1}: 0.00075142ms, 1%
@41 = broadcast[axis=1,out_lens={1, 256, 56, 56}](@38) -> float_type, {1, 256, 56, 56}, {0, 1, 0, 0}: 0.00096098ms, 1%
@42 = gpu::code_object[code_object=4592,symbol_name=mlir_convolution_add_add_relu,global=200704,local=256,](@41,@27,@37,@39,@40) -> float_type, {1, 256, 56, 56}, {802816, 3136, 56, 1}: 0.0278347ms, 1%
@43 = hip::hip_copy_literal[id=main:@literal:86] -> float_type, {64}, {1}: 0.00070838ms, 1%
@44 = hip::hip_copy_literal[id=main:@literal:87] -> float_type, {64, 256, 1, 1}, {256, 1, 1, 1}: 0.00060856ms, 1%
@45 = load[offset=0,end=802816](@1) -> float_type, {1, 64, 56, 56}, {200704, 3136, 56, 1}: 0.0007034ms, 1%
@46 = broadcast[axis=1,out_lens={1, 64, 56, 56}](@43) -> float_type, {1, 64, 56, 56}, {0, 1, 0, 0}: 0.00098346ms, 1%
@47 = gpu::code_object[code_object=6280,symbol_name=mlir_convolution_add_relu,global=50176,local=256,](@46,@42,@44,@45) -> float_type, {1, 64, 56, 56}, {200704, 3136, 56, 1}: 0.0271791ms, 1%
@48 = hip::hip_copy_literal[id=main:@literal:84] -> float_type, {64}, {1}: 0.00067714ms, 1%
@49 = hip::hip_copy_literal[id=main:@literal:85] -> float_type, {64, 64, 3, 3}, {576, 9, 3, 1}: 0.0006534ms, 1%
@50 = broadcast[axis=1,out_lens={1, 64, 56, 56}](@48) -> float_type, {1, 64, 56, 56}, {0, 1, 0, 0}: 0.00099048ms, 1%
@51 = load[offset=6422528,end=7225344](@1) -> float_type, {1, 64, 56, 56}, {200704, 3136, 56, 1}: 0.00071514ms, 1%
@52 = gpu::miopen_fusion[ops={{op=convolution[padding={1, 1, 1, 1},stride={1, 1},dilation={1, 1},group=1,padding_mode=0],alpha=1,beta=0}, {op=add,alpha=1,beta=0}, {op=relu,alpha=1,beta=0}}](@47,@49,@50,@51) -> float_type, {1, 64, 56, 56}, {200704, 3136, 56, 1}: 0.0435614ms, 2%
@53 = hip::hip_copy_literal[id=main:@literal:82] -> float_type, {256}, {1}: 0.00069458ms, 1%
@54 = hip::hip_copy_literal[id=main:@literal:83] -> float_type, {256, 64, 1, 1}, {64, 1, 1, 1}: 0.00067326ms, 1%
@55 = load[offset=0,end=3211264](@1) -> float_type, {1, 256, 56, 56}, {802816, 3136, 56, 1}: 0.00073514ms, 1%
@56 = broadcast[axis=1,out_lens={1, 256, 56, 56}](@53) -> float_type, {1, 256, 56, 56}, {0, 1, 0, 0}: 0.00093138ms, 1%
@57 = gpu::code_object[code_object=4592,symbol_name=mlir_convolution_add_add_relu,global=200704,local=256,](@56,@42,@52,@54,@55) -> float_type, {1, 256, 56, 56}, {802816, 3136, 56, 1}: 0.0274247ms, 1%
@58 = hip::hip_copy_literal[id=main:@literal:80] -> float_type, {128}, {1}: 0.00068112ms, 1%
@59 = hip::hip_copy_literal[id=main:@literal:81] -> float_type, {128, 256, 1, 1}, {256, 1, 1, 1}: 0.0006286ms, 1%
@60 = load[offset=4816896,end=6422528](@1) -> float_type, {1, 128, 56, 56}, {401408, 3136, 56, 1}: 0.00069008ms, 1%
@61 = broadcast[axis=1,out_lens={1, 128, 56, 56}](@58) -> float_type, {1, 128, 56, 56}, {0, 1, 0, 0}: 0.0009586ms, 1%
@62 = gpu::code_object[code_object=6248,symbol_name=mlir_convolution_add_relu,global=100352,local=256,](@61,@57,@59,@60) -> float_type, {1, 128, 56, 56}, {401408, 3136, 56, 1}: 0.031285ms, 2%
@63 = hip::hip_copy_literal[id=main:@literal:79] -> float_type, {128, 128, 3, 3}, {1152, 9, 3, 1}: 0.00069734ms, 1%
@64 = load[offset=0,end=0](@1) -> int8_type, {0}, {1}: 0.0007299ms, 1%
@65 = load[offset=4415488,end=4816896](@1) -> float_type, {1, 128, 28, 28}, {100352, 784, 28, 1}: 0.00065632ms, 1%
@66 = gpu::convolution[op={padding={1, 1, 1, 1},stride={2, 2},dilation={1, 1},group=1,padding_mode=0},solution_object={binary_object: 457},algo=0,solution_id=0](@62,@63,@64,@65) -> float_type, {1, 128, 28, 28}, {100352, 784, 28, 1}: 0.0625323ms, 3%
@67 = hip::hip_copy_literal[id=main:@literal:5] -> float_type, {512, 384, 1, 1}, {384, 1, 1, 1}: 0.00072434ms, 1%
@68 = hip::hip_copy_literal[id=main:@literal:78] -> float_type, {128}, {1}: 0.00084038ms, 1%
@69 = load[offset=3211264,end=4415488](@1) -> float_type, {1, 384, 28, 28}, {301056, 784, 28, 1}: 0.00075662ms, 1%
@70 = step[axes={2, 3},steps={2, 2}](@57) -> float_type, {1, 256, 28, 28}, {802816, 3136, 112, 2}: 0.00128444ms, 1%
@71 = broadcast[axis=1,out_lens={1, 128, 28, 28}](@68) -> float_type, {1, 128, 28, 28}, {0, 1, 0, 0}: 0.00099452ms, 1%
@72 = gpu::code_object[code_object=4520,symbol_name=add_relu_noop_concat_noop_kernel,global=150528,local=1024,](@66,@71,@70,@69) -> float_type, {1, 384, 28, 28}, {301056, 784, 28, 1}: 0.0219743ms, 1%
@73 = hip::hip_copy_literal[id=main:@literal:4] -> float_type, {512}, {1}: 0.00070756ms, 1%
@74 = load[offset=4415488,end=6021120](@1) -> float_type, {1, 512, 28, 28}, {401408, 784, 28, 1}: 0.00072124ms, 1%
@75 = broadcast[axis=1,out_lens={1, 512, 28, 28}](@73) -> float_type, {1, 512, 28, 28}, {0, 1, 0, 0}: 0.00095486ms, 1%
@76 = gpu::code_object[code_object=6800,symbol_name=mlir_convolution_add_relu,global=26624,local=256,](@75,@72,@67,@74) -> float_type, {1, 512, 28, 28}, {401408, 784, 28, 1}: 0.040835ms, 2%
@77 = hip::hip_copy_literal[id=main:@literal:76] -> float_type, {128}, {1}: 0.00076802ms, 1%
@78 = hip::hip_copy_literal[id=main:@literal:77] -> float_type, {128, 512, 1, 1}, {512, 1, 1, 1}: 0.0006616ms, 1%
@79 = load[offset=802816,end=1204224](@1) -> float_type, {1, 128, 28, 28}, {100352, 784, 28, 1}: 0.00069108ms, 1%
@80 = broadcast[axis=1,out_lens={1, 128, 28, 28}](@77) -> float_type, {1, 128, 28, 28}, {0, 1, 0, 0}: 0.00092766ms, 1%
@81 = gpu::code_object[code_object=5280,symbol_name=mlir_convolution_add_relu,global=25600,local=256,](@80,@76,@78,@79) -> float_type, {1, 128, 28, 28}, {100352, 784, 28, 1}: 0.0295115ms, 2%
@82 = hip::hip_copy_literal[id=main:@literal:74] -> float_type, {128}, {1}: 0.0007262ms, 1%
@83 = hip::hip_copy_literal[id=main:@literal:75] -> float_type, {128, 128, 3, 3}, {1152, 9, 3, 1}: 0.0006475ms, 1%
@84 = load[offset=401408,end=802816](@1) -> float_type, {1, 128, 28, 28}, {100352, 784, 28, 1}: 0.00071456ms, 1%
@85 = broadcast[axis=1,out_lens={1, 128, 28, 28}](@82) -> float_type, {1, 128, 28, 28}, {0, 1, 0, 0}: 0.0010862ms, 1%
@86 = gpu::miopen_fusion[ops={{op=convolution[padding={1, 1, 1, 1},stride={1, 1},dilation={1, 1},group=1,padding_mode=0],alpha=1,beta=0}, {op=add,alpha=1,beta=0}, {op=relu,alpha=1,beta=0}}](@81,@83,@85,@84) -> float_type, {1, 128, 28, 28}, {100352, 784, 28, 1}: 0.0590536ms, 3%
@87 = hip::hip_copy_literal[id=main:@literal:72] -> float_type, {512}, {1}: 0.00069742ms, 1%
@88 = hip::hip_copy_literal[id=main:@literal:73] -> float_type, {512, 128, 1, 1}, {128, 1, 1, 1}: 0.00066184ms, 1%
@89 = load[offset=1204224,end=2809856](@1) -> float_type, {1, 512, 28, 28}, {401408, 784, 28, 1}: 0.0007481ms, 1%
@90 = broadcast[axis=1,out_lens={1, 512, 28, 28}](@87) -> float_type, {1, 512, 28, 28}, {0, 1, 0, 0}: 0.0010159ms, 1%
@91 = gpu::code_object[code_object=5432,symbol_name=mlir_convolution_add_add_relu,global=102400,local=256,](@90,@76,@86,@88,@89) -> float_type, {1, 512, 28, 28}, {401408, 784, 28, 1}: 0.0281459ms, 1%
@92 = hip::hip_copy_literal[id=main:@literal:70] -> float_type, {128}, {1}: 0.0006986ms, 1%
@93 = hip::hip_copy_literal[id=main:@literal:71] -> float_type, {128, 512, 1, 1}, {512, 1, 1, 1}: 0.00063472ms, 1%
@94 = load[offset=802816,end=1204224](@1) -> float_type, {1, 128, 28, 28}, {100352, 784, 28, 1}: 0.00070998ms, 1%
@95 = broadcast[axis=1,out_lens={1, 128, 28, 28}](@92) -> float_type, {1, 128, 28, 28}, {0, 1, 0, 0}: 0.00090652ms, 1%
@96 = gpu::code_object[code_object=5280,symbol_name=mlir_convolution_add_relu,global=25600,local=256,](@95,@91,@93,@94) -> float_type, {1, 128, 28, 28}, {100352, 784, 28, 1}: 0.0299595ms, 2%
@97 = hip::hip_copy_literal[id=main:@literal:68] -> float_type, {128}, {1}: 0.0006601ms, 1%
@98 = hip::hip_copy_literal[id=main:@literal:69] -> float_type, {128, 128, 3, 3}, {1152, 9, 3, 1}: 0.00065438ms, 1%
@99 = load[offset=401408,end=802816](@1) -> float_type, {1, 128, 28, 28}, {100352, 784, 28, 1}: 0.00071332ms, 1%
@100 = broadcast[axis=1,out_lens={1, 128, 28, 28}](@97) -> float_type, {1, 128, 28, 28}, {0, 1, 0, 0}: 0.00103442ms, 1%
@101 = gpu::miopen_fusion[ops={{op=convolution[padding={1, 1, 1, 1},stride={1, 1},dilation={1, 1},group=1,padding_mode=0],alpha=1,beta=0}, {op=add,alpha=1,beta=0}, {op=relu,alpha=1,beta=0}}](@96,@98,@100,@99) -> float_type, {1, 128, 28, 28}, {100352, 784, 28, 1}: 0.0565808ms, 2%
@102 = hip::hip_copy_literal[id=main:@literal:66] -> float_type, {512}, {1}: 0.00071398ms, 1%
@103 = hip::hip_copy_literal[id=main:@literal:67] -> float_type, {512, 128, 1, 1}, {128, 1, 1, 1}: 0.00062174ms, 1%
@104 = broadcast[axis=1,out_lens={1, 512, 28, 28}](@102) -> float_type, {1, 512, 28, 28}, {0, 1, 0, 0}: 0.00100762ms, 1%
@105 = load[offset=5771264,end=7376896](@1) -> float_type, {1, 512, 28, 28}, {401408, 784, 28, 1}: 0.0006981ms, 1%
@106 = gpu::code_object[code_object=5432,symbol_name=mlir_convolution_add_add_relu,global=102400,local=256,](@104,@91,@101,@103,@105) -> float_type, {1, 512, 28, 28}, {401408, 784, 28, 1}: 0.0274396ms, 1%
@107 = hip::hip_copy_literal[id=main:@literal:64] -> float_type, {128}, {1}: 0.00066016ms, 1%
@108 = hip::hip_copy_literal[id=main:@literal:65] -> float_type, {128, 512, 1, 1}, {512, 1, 1, 1}: 0.00060232ms, 1%
@109 = load[offset=401408,end=802816](@1) -> float_type, {1, 128, 28, 28}, {100352, 784, 28, 1}: 0.00069296ms, 1%
@110 = broadcast[axis=1,out_lens={1, 128, 28, 28}](@107) -> float_type, {1, 128, 28, 28}, {0, 1, 0, 0}: 0.00091768ms, 1%
@111 = gpu::code_object[code_object=5280,symbol_name=mlir_convolution_add_relu,global=25600,local=256,](@110,@106,@108,@109) -> float_type, {1, 128, 28, 28}, {100352, 784, 28, 1}: 0.0298453ms, 2%
@112 = hip::hip_copy_literal[id=main:@literal:62] -> float_type, {128}, {1}: 0.00068064ms, 1%
@113 = hip::hip_copy_literal[id=main:@literal:63] -> float_type, {128, 128, 3, 3}, {1152, 9, 3, 1}: 0.00066458ms, 1%
@114 = load[offset=0,end=401408](@1) -> float_type, {1, 128, 28, 28}, {100352, 784, 28, 1}: 0.0006952ms, 1%
@115 = broadcast[axis=1,out_lens={1, 128, 28, 28}](@112) -> float_type, {1, 128, 28, 28}, {0, 1, 0, 0}: 0.00100656ms, 1%
@116 = gpu::miopen_fusion[ops={{op=convolution[padding={1, 1, 1, 1},stride={1, 1},dilation={1, 1},group=1,padding_mode=0],alpha=1,beta=0}, {op=add,alpha=1,beta=0}, {op=relu,alpha=1,beta=0}}](@111,@113,@115,@114) -> float_type, {1, 128, 28, 28}, {100352, 784, 28, 1}: 0.0565176ms, 2%
@117 = hip::hip_copy_literal[id=main:@literal:60] -> float_type, {512}, {1}: 0.00070578ms, 1%
@118 = hip::hip_copy_literal[id=main:@literal:61] -> float_type, {512, 128, 1, 1}, {128, 1, 1, 1}: 0.00060628ms, 1%
@119 = broadcast[axis=1,out_lens={1, 512, 28, 28}](@117) -> float_type, {1, 512, 28, 28}, {0, 1, 0, 0}: 0.00100244ms, 1%
@120 = load[offset=4165632,end=5771264](@1) -> float_type, {1, 512, 28, 28}, {401408, 784, 28, 1}: 0.00070178ms, 1%
@121 = gpu::code_object[code_object=5432,symbol_name=mlir_convolution_add_add_relu,global=102400,local=256,](@119,@106,@116,@118,@120) -> float_type, {1, 512, 28, 28}, {401408, 784, 28, 1}: 0.027481ms, 1%
@122 = hip::hip_copy_literal[id=main:@literal:7] -> float_type, {1024, 768, 1, 1}, {768, 1, 1, 1}: 0.00071416ms, 1%
@123 = hip::hip_copy_literal[id=main:@literal:58] -> float_type, {256}, {1}: 0.00067778ms, 1%
@124 = hip::hip_copy_literal[id=main:@literal:59] -> float_type, {256, 512, 1, 1}, {512, 1, 1, 1}: 0.00076462ms, 1%
@125 = broadcast[axis=1,out_lens={1, 256, 28, 28}](@123) -> float_type, {1, 256, 28, 28}, {0, 1, 0, 0}: 0.00097666ms, 1%
@126 = load[offset=0,end=802816](@1) -> float_type, {1, 256, 28, 28}, {200704, 784, 28, 1}: 0.00068738ms, 1%
@127 = gpu::code_object[code_object=5280,symbol_name=mlir_convolution_add_relu,global=51200,local=256,](@125,@121,@124,@126) -> float_type, {1, 256, 28, 28}, {200704, 784, 28, 1}: 0.0331358ms, 2%
@128 = hip::hip_copy_literal[id=main:@literal:57] -> float_type, {256, 256, 3, 3}, {2304, 9, 3, 1}: 0.00068148ms, 1%
@129 = load[offset=5971968,end=9334784](@1) -> int8_type, {3362816}, {1}: 0.00072904ms, 1%
@130 = load[offset=5771264,end=5971968](@1) -> float_type, {1, 256, 14, 14}, {50176, 196, 14, 1}: 0.00066746ms, 1%
@131 = gpu::convolution[op={padding={1, 1, 1, 1},stride={2, 2},dilation={1, 1},group=1,padding_mode=0},solution_object={binary_object: 556},algo=0,solution_id=0](@127,@128,@129,@130) -> float_type, {1, 256, 14, 14}, {50176, 196, 14, 1}: 0.0784097ms, 3%
@132 = hip::hip_copy_literal[id=main:@literal:6] -> float_type, {1024}, {1}: 0.00074138ms, 1%
@133 = hip::hip_copy_literal[id=main:@literal:56] -> float_type, {256}, {1}: 0.00137444ms, 1%
@134 = load[offset=1404928,end=2007040](@1) -> float_type, {1, 768, 14, 14}, {150528, 196, 14, 1}: 0.0014537ms, 1%
@135 = broadcast[axis=1,out_lens={1, 256, 14, 14}](@133) -> float_type, {1, 256, 14, 14}, {0, 1, 0, 0}: 0.0011714ms, 1%
@136 = step[axes={2, 3},steps={2, 2}](@121) -> float_type, {1, 512, 14, 14}, {401408, 784, 56, 2}: 0.00112662ms, 1%
@137 = gpu::code_object[code_object=4528,symbol_name=add_relu_noop_concat_noop_kernel,global=75264,local=1024,](@131,@135,@136,@134) -> float_type, {1, 768, 14, 14}, {150528, 196, 14, 1}: 0.0239665ms, 1%
@138 = broadcast[axis=1,out_lens={1, 1024, 14, 14}](@132) -> float_type, {1, 1024, 14, 14}, {0, 1, 0, 0}: 0.00150064ms, 1%
@139 = load[offset=602112,end=1404928](@1) -> float_type, {1, 1024, 14, 14}, {200704, 196, 14, 1}: 0.00074498ms, 1%
@140 = gpu::code_object[code_object=4832,symbol_name=mlir_convolution_add_relu,global=57344,local=256,](@138,@137,@122,@139) -> float_type, {1, 1024, 14, 14}, {200704, 196, 14, 1}: 0.0402141ms, 2%
@141 = hip::hip_copy_literal[id=main:@literal:26] -> float_type, {1024}, {1}: 0.00070102ms, 1%
@142 = hip::hip_copy_literal[id=main:@literal:27] -> float_type, {1024, 256, 1, 1}, {256, 1, 1, 1}: 0.00066934ms, 1%
@143 = hip::hip_copy_literal[id=main:@literal:28] -> float_type, {256}, {1}: 0.00081328ms, 1%
@144 = hip::hip_copy_literal[id=main:@literal:29] -> float_type, {256, 256, 3, 3}, {2304, 9, 3, 1}: 0.0006292ms, 1%
@145 = hip::hip_copy_literal[id=main:@literal:30] -> float_type, {256}, {1}: 0.00071718ms, 1%
@146 = hip::hip_copy_literal[id=main:@literal:31] -> float_type, {256, 1024, 1, 1}, {1024, 1, 1, 1}: 0.00062398ms, 1%
@147 = hip::hip_copy_literal[id=main:@literal:32] -> float_type, {1024}, {1}: 0.00065334ms, 1%
@148 = hip::hip_copy_literal[id=main:@literal:33] -> float_type, {1024, 256, 1, 1}, {256, 1, 1, 1}: 0.0006325ms, 1%
@149 = hip::hip_copy_literal[id=main:@literal:34] -> float_type, {256}, {1}: 0.00070922ms, 1%
@150 = hip::hip_copy_literal[id=main:@literal:35] -> float_type, {256, 256, 3, 3}, {2304, 9, 3, 1}: 0.00064464ms, 1%
@151 = hip::hip_copy_literal[id=main:@literal:36] -> float_type, {256}, {1}: 0.00070416ms, 1%
@152 = hip::hip_copy_literal[id=main:@literal:37] -> float_type, {256, 1024, 1, 1}, {1024, 1, 1, 1}: 0.00060392ms, 1%
@153 = hip::hip_copy_literal[id=main:@literal:38] -> float_type, {1024}, {1}: 0.00074048ms, 1%
@154 = hip::hip_copy_literal[id=main:@literal:39] -> float_type, {1024, 256, 1, 1}, {256, 1, 1, 1}: 0.00065938ms, 1%
@155 = hip::hip_copy_literal[id=main:@literal:40] -> float_type, {256}, {1}: 0.00063038ms, 1%
@156 = hip::hip_copy_literal[id=main:@literal:41] -> float_type, {256, 256, 3, 3}, {2304, 9, 3, 1}: 0.00064142ms, 1%
@157 = hip::hip_copy_literal[id=main:@literal:42] -> float_type, {256}, {1}: 0.00066122ms, 1%
@158 = hip::hip_copy_literal[id=main:@literal:43] -> float_type, {256, 1024, 1, 1}, {1024, 1, 1, 1}: 0.00067484ms, 1%
@159 = hip::hip_copy_literal[id=main:@literal:44] -> float_type, {1024}, {1}: 0.0006529ms, 1%
@160 = hip::hip_copy_literal[id=main:@literal:45] -> float_type, {1024, 256, 1, 1}, {256, 1, 1, 1}: 0.00069794ms, 1%
@161 = hip::hip_copy_literal[id=main:@literal:46] -> float_type, {256}, {1}: 0.00062142ms, 1%
@162 = hip::hip_copy_literal[id=main:@literal:47] -> float_type, {256, 256, 3, 3}, {2304, 9, 3, 1}: 0.00061588ms, 1%
@163 = hip::hip_copy_literal[id=main:@literal:48] -> float_type, {256}, {1}: 0.00066878ms, 1%
@164 = hip::hip_copy_literal[id=main:@literal:49] -> float_type, {256, 1024, 1, 1}, {1024, 1, 1, 1}: 0.00064216ms, 1%
@165 = hip::hip_copy_literal[id=main:@literal:50] -> float_type, {1024}, {1}: 0.0006253ms, 1%
@166 = hip::hip_copy_literal[id=main:@literal:51] -> float_type, {1024, 256, 1, 1}, {256, 1, 1, 1}: 0.00064774ms, 1%
@167 = hip::hip_copy_literal[id=main:@literal:52] -> float_type, {256}, {1}: 0.00066796ms, 1%
@168 = hip::hip_copy_literal[id=main:@literal:53] -> float_type, {256, 256, 3, 3}, {2304, 9, 3, 1}: 0.00066262ms, 1%
@169 = hip::hip_copy_literal[id=main:@literal:54] -> float_type, {256}, {1}: 0.00071756ms, 1%
@170 = hip::hip_copy_literal[id=main:@literal:55] -> float_type, {256, 1024, 1, 1}, {1024, 1, 1, 1}: 0.00061532ms, 1%
@171 = broadcast[axis=1,out_lens={1, 256, 14, 14}](@169) -> float_type, {1, 256, 14, 14}, {0, 1, 0, 0}: 0.00095226ms, 1%
@172 = load[offset=401408,end=602112](@1) -> float_type, {1, 256, 14, 14}, {50176, 196, 14, 1}: 0.00068382ms, 1%
@173 = gpu::code_object[code_object=5504,symbol_name=mlir_convolution_add_relu,global=14336,local=128,](@171,@140,@170,@172) -> float_type, {1, 256, 14, 14}, {50176, 196, 14, 1}: 0.038305ms, 2%
@174 = broadcast[axis=1,out_lens={1, 256, 14, 14}](@167) -> float_type, {1, 256, 14, 14}, {0, 1, 0, 0}: 0.00094528ms, 1%
@175 = load[offset=200704,end=401408](@1) -> float_type, {1, 256, 14, 14}, {50176, 196, 14, 1}: 0.00068438ms, 1%
@176 = gpu::miopen_fusion[ops={{op=convolution[padding={1, 1, 1, 1},stride={1, 1},dilation={1, 1},group=1,padding_mode=0],alpha=1,beta=0}, {op=add,alpha=1,beta=0}, {op=relu,alpha=1,beta=0}}](@173,@168,@174,@175) -> float_type, {1, 256, 14, 14}, {50176, 196, 14, 1}: 0.0928334ms, 4%
@177 = broadcast[axis=1,out_lens={1, 1024, 14, 14}](@165) -> float_type, {1, 1024, 14, 14}, {0, 1, 0, 0}: 0.00132732ms, 1%
@178 = load[offset=2207744,end=3010560](@1) -> float_type, {1, 1024, 14, 14}, {200704, 196, 14, 1}: 0.00073682ms, 1%
@179 = gpu::code_object[code_object=6552,symbol_name=mlir_convolution_add_add_relu,global=57344,local=256,](@177,@140,@176,@166,@178) -> float_type, {1, 1024, 14, 14}, {200704, 196, 14, 1}: 0.0279423ms, 1%
@180 = broadcast[axis=1,out_lens={1, 256, 14, 14}](@163) -> float_type, {1, 256, 14, 14}, {0, 1, 0, 0}: 0.00083302ms, 1%
@181 = load[offset=200704,end=401408](@1) -> float_type, {1, 256, 14, 14}, {50176, 196, 14, 1}: 0.00066844ms, 1%
@182 = gpu::code_object[code_object=5504,symbol_name=mlir_convolution_add_relu,global=14336,local=128,](@180,@179,@164,@181) -> float_type, {1, 256, 14, 14}, {50176, 196, 14, 1}: 0.0352059ms, 2%
@183 = broadcast[axis=1,out_lens={1, 256, 14, 14}](@161) -> float_type, {1, 256, 14, 14}, {0, 1, 0, 0}: 0.00087716ms, 1%
@184 = load[offset=0,end=200704](@1) -> float_type, {1, 256, 14, 14}, {50176, 196, 14, 1}: 0.00068902ms, 1%
@185 = gpu::miopen_fusion[ops={{op=convolution[padding={1, 1, 1, 1},stride={1, 1},dilation={1, 1},group=1,padding_mode=0],alpha=1,beta=0}, {op=add,alpha=1,beta=0}, {op=relu,alpha=1,beta=0}}](@182,@162,@183,@184) -> float_type, {1, 256, 14, 14}, {50176, 196, 14, 1}: 0.0884821ms, 4%
@186 = broadcast[axis=1,out_lens={1, 1024, 14, 14}](@159) -> float_type, {1, 1024, 14, 14}, {0, 1, 0, 0}: 0.00136778ms, 1%
@187 = load[offset=1404928,end=2207744](@1) -> float_type, {1, 1024, 14, 14}, {200704, 196, 14, 1}: 0.00070626ms, 1%
@188 = gpu::code_object[code_object=6552,symbol_name=mlir_convolution_add_add_relu,global=57344,local=256,](@186,@179,@185,@160,@187) -> float_type, {1, 1024, 14, 14}, {200704, 196, 14, 1}: 0.0275726ms, 1%
@189 = broadcast[axis=1,out_lens={1, 256, 14, 14}](@157) -> float_type, {1, 256, 14, 14}, {0, 1, 0, 0}: 0.00080722ms, 1%
@190 = load[offset=401408,end=602112](@1) -> float_type, {1, 256, 14, 14}, {50176, 196, 14, 1}: 0.00068314ms, 1%
@191 = gpu::code_object[code_object=5504,symbol_name=mlir_convolution_add_relu,global=14336,local=128,](@189,@188,@158,@190) -> float_type, {1, 256, 14, 14}, {50176, 196, 14, 1}: 0.0356506ms, 2%
@192 = broadcast[axis=1,out_lens={1, 256, 14, 14}](@155) -> float_type, {1, 256, 14, 14}, {0, 1, 0, 0}: 0.00082474ms, 1%
@193 = load[offset=200704,end=401408](@1) -> float_type, {1, 256, 14, 14}, {50176, 196, 14, 1}: 0.0007236ms, 1%
@194 = gpu::miopen_fusion[ops={{op=convolution[padding={1, 1, 1, 1},stride={1, 1},dilation={1, 1},group=1,padding_mode=0],alpha=1,beta=0}, {op=add,alpha=1,beta=0}, {op=relu,alpha=1,beta=0}}](@191,@156,@192,@193) -> float_type, {1, 256, 14, 14}, {50176, 196, 14, 1}: 0.0871525ms, 4%
@195 = broadcast[axis=1,out_lens={1, 1024, 14, 14}](@153) -> float_type, {1, 1024, 14, 14}, {0, 1, 0, 0}: 0.00147708ms, 1%
@196 = load[offset=602112,end=1404928](@1) -> float_type, {1, 1024, 14, 14}, {200704, 196, 14, 1}: 0.00073628ms, 1%
@197 = gpu::code_object[code_object=6552,symbol_name=mlir_convolution_add_add_relu,global=57344,local=256,](@195,@188,@194,@154,@196) -> float_type, {1, 1024, 14, 14}, {200704, 196, 14, 1}: 0.0273528ms, 1%
@198 = broadcast[axis=1,out_lens={1, 256, 14, 14}](@151) -> float_type, {1, 256, 14, 14}, {0, 1, 0, 0}: 0.00080422ms, 1%
@199 = load[offset=401408,end=602112](@1) -> float_type, {1, 256, 14, 14}, {50176, 196, 14, 1}: 0.00070736ms, 1%
@200 = gpu::code_object[code_object=5504,symbol_name=mlir_convolution_add_relu,global=14336,local=128,](@198,@197,@152,@199) -> float_type, {1, 256, 14, 14}, {50176, 196, 14, 1}: 0.0355516ms, 2%
@201 = broadcast[axis=1,out_lens={1, 256, 14, 14}](@149) -> float_type, {1, 256, 14, 14}, {0, 1, 0, 0}: 0.00081094ms, 1%
@202 = load[offset=200704,end=401408](@1) -> float_type, {1, 256, 14, 14}, {50176, 196, 14, 1}: 0.0006637ms, 1%
@203 = gpu::miopen_fusion[ops={{op=convolution[padding={1, 1, 1, 1},stride={1, 1},dilation={1, 1},group=1,padding_mode=0],alpha=1,beta=0}, {op=add,alpha=1,beta=0}, {op=relu,alpha=1,beta=0}}](@200,@150,@201,@202) -> float_type, {1, 256, 14, 14}, {50176, 196, 14, 1}: 0.0873394ms, 4%
@204 = broadcast[axis=1,out_lens={1, 1024, 14, 14}](@147) -> float_type, {1, 1024, 14, 14}, {0, 1, 0, 0}: 0.0013531ms, 1%
@205 = load[offset=2107392,end=2910208](@1) -> float_type, {1, 1024, 14, 14}, {200704, 196, 14, 1}: 0.0007367ms, 1%
@206 = gpu::code_object[code_object=6552,symbol_name=mlir_convolution_add_add_relu,global=57344,local=256,](@204,@197,@203,@148,@205) -> float_type, {1, 1024, 14, 14}, {200704, 196, 14, 1}: 0.0273704ms, 1%
@207 = broadcast[axis=1,out_lens={1, 256, 14, 14}](@145) -> float_type, {1, 256, 14, 14}, {0, 1, 0, 0}: 0.00081176ms, 1%
@208 = load[offset=200704,end=401408](@1) -> float_type, {1, 256, 14, 14}, {50176, 196, 14, 1}: 0.00065594ms, 1%
@209 = gpu::code_object[code_object=5504,symbol_name=mlir_convolution_add_relu,global=14336,local=128,](@207,@206,@146,@208) -> float_type, {1, 256, 14, 14}, {50176, 196, 14, 1}: 0.0347901ms, 2%
@210 = broadcast[axis=1,out_lens={1, 256, 14, 14}](@143) -> float_type, {1, 256, 14, 14}, {0, 1, 0, 0}: 0.00079458ms, 1%
@211 = load[offset=0,end=200704](@1) -> float_type, {1, 256, 14, 14}, {50176, 196, 14, 1}: 0.0007141ms, 1%
@212 = gpu::miopen_fusion[ops={{op=convolution[padding={1, 1, 1, 1},stride={1, 1},dilation={1, 1},group=1,padding_mode=0],alpha=1,beta=0}, {op=add,alpha=1,beta=0}, {op=relu,alpha=1,beta=0}}](@209,@144,@210,@211) -> float_type, {1, 256, 14, 14}, {50176, 196, 14, 1}: 0.0856227ms, 4%
@213 = broadcast[axis=1,out_lens={1, 1024, 14, 14}](@141) -> float_type, {1, 1024, 14, 14}, {0, 1, 0, 0}: 0.00138224ms, 1%
@214 = load[offset=1304576,end=2107392](@1) -> float_type, {1, 1024, 14, 14}, {200704, 196, 14, 1}: 0.00069094ms, 1%
@215 = gpu::code_object[code_object=6552,symbol_name=mlir_convolution_add_add_relu,global=57344,local=256,](@213,@206,@212,@142,@214) -> float_type, {1, 1024, 14, 14}, {200704, 196, 14, 1}: 0.0275848ms, 1%
@216 = hip::hip_copy_literal[id=main:@literal:23] -> float_type, {512, 512, 3, 3}, {4608, 9, 3, 1}: 0.00077902ms, 1%
@217 = hip::hip_copy_literal[id=main:@literal:24] -> float_type, {512}, {1}: 0.00065142ms, 1%
@218 = hip::hip_copy_literal[id=main:@literal:25] -> float_type, {512, 1024, 1, 1}, {1024, 1, 1, 1}: 0.0007363ms, 1%
@219 = broadcast[axis=1,out_lens={1, 512, 14, 14}](@217) -> float_type, {1, 512, 14, 14}, {0, 1, 0, 0}: 0.00088638ms, 1%
@220 = load[offset=0,end=401408](@1) -> float_type, {1, 512, 14, 14}, {100352, 196, 14, 1}: 0.00068378ms, 1%
@221 = gpu::code_object[code_object=5216,symbol_name=mlir_convolution_add_relu,global=28672,local=256,](@219,@215,@218,@220) -> float_type, {1, 512, 14, 14}, {100352, 196, 14, 1}: 0.0354709ms, 2%
@222 = load[offset=2207744,end=3110912](@1) -> int8_type, {903168}, {1}: 0.0007666ms, 1%
@223 = load[offset=2107392,end=2207744](@1) -> float_type, {1, 512, 7, 7}, {25088, 49, 7, 1}: 0.00066664ms, 1%
@224 = gpu::convolution[op={padding={1, 1, 1, 1},stride={2, 2},dilation={1, 1},group=1,padding_mode=0},solution_object={binary_object: 430},algo=0,solution_id=0](@221,@216,@222,@223) -> float_type, {1, 512, 7, 7}, {25088, 49, 7, 1}: 0.0940172ms, 4%
@225 = hip::hip_copy_literal[id=main:@literal:9] -> float_type, {2048, 1536, 1, 1}, {1536, 1, 1, 1}: 0.00099296ms, 1%
@226 = hip::hip_copy_literal[id=main:@literal:8] -> float_type, {2048}, {1}: 0.00062222ms, 1%
@227 = hip::hip_copy_literal[id=main:@literal:22] -> float_type, {512}, {1}: 0.00094976ms, 1%
@228 = step[axes={2, 3},steps={2, 2}](@215) -> float_type, {1, 1024, 7, 7}, {200704, 196, 28, 2}: 0.0012806ms, 1%
@229 = broadcast[axis=1,out_lens={1, 512, 7, 7}](@227) -> float_type, {1, 512, 7, 7}, {0, 1, 0, 0}: 0.00115642ms, 1%
@230 = load[offset=0,end=301056](@1) -> float_type, {1, 1536, 7, 7}, {75264, 49, 7, 1}: 0.00092064ms, 1%
@231 = gpu::code_object[code_object=4576,symbol_name=add_relu_noop_concat_noop_kernel,global=37632,local=1024,](@224,@229,@228,@230) -> float_type, {1, 1536, 7, 7}, {75264, 49, 7, 1}: 0.0237901ms, 1%
@232 = broadcast[axis=1,out_lens={1, 2048, 7, 7}](@226) -> float_type, {1, 2048, 7, 7}, {0, 1, 0, 0}: 0.00096412ms, 1%
@233 = load[offset=903168,end=1304576](@1) -> float_type, {1, 2048, 7, 7}, {100352, 49, 7, 1}: 0.00069802ms, 1%
@234 = gpu::code_object[code_object=4728,symbol_name=mlir_convolution_add_relu,global=32768,local=256,](@232,@231,@225,@233) -> float_type, {1, 2048, 7, 7}, {100352, 49, 7, 1}: 0.0562035ms, 2%
@235 = hip::hip_copy_literal[id=main:@literal:1] -> float_type, {2048, 1000}, {1000, 1}: 0.00077736ms, 1%
@236 = hip::hip_copy_literal[id=main:@literal:0] -> float_type, {1, 1000}, {1000, 1}: 0.000682ms, 1%
@237 = hip::hip_copy_literal[id=main:@literal:10] -> float_type, {2048}, {1}: 0.0007984ms, 1%
@238 = hip::hip_copy_literal[id=main:@literal:11] -> float_type, {2048, 512, 1, 1}, {512, 1, 1, 1}: 0.00063718ms, 1%
@239 = hip::hip_copy_literal[id=main:@literal:12] -> float_type, {512}, {1}: 0.00069696ms, 1%
@240 = hip::hip_copy_literal[id=main:@literal:13] -> float_type, {512, 512, 3, 3}, {4608, 9, 3, 1}: 0.00068438ms, 1%
@241 = hip::hip_copy_literal[id=main:@literal:14] -> float_type, {512}, {1}: 0.00067476ms, 1%
@242 = hip::hip_copy_literal[id=main:@literal:15] -> float_type, {512, 2048, 1, 1}, {2048, 1, 1, 1}: 0.00064498ms, 1%
@243 = hip::hip_copy_literal[id=main:@literal:16] -> float_type, {2048}, {1}: 0.00068304ms, 1%
@244 = hip::hip_copy_literal[id=main:@literal:17] -> float_type, {2048, 512, 1, 1}, {512, 1, 1, 1}: 0.00067968ms, 1%
@245 = hip::hip_copy_literal[id=main:@literal:18] -> float_type, {512}, {1}: 0.00064482ms, 1%
@246 = hip::hip_copy_literal[id=main:@literal:19] -> float_type, {512, 512, 3, 3}, {4608, 9, 3, 1}: 0.00071716ms, 1%
@247 = hip::hip_copy_literal[id=main:@literal:20] -> float_type, {512}, {1}: 0.00071624ms, 1%
@248 = hip::hip_copy_literal[id=main:@literal:21] -> float_type, {512, 2048, 1, 1}, {2048, 1, 1, 1}: 0.0006728ms, 1%
@249 = broadcast[axis=1,out_lens={1, 512, 7, 7}](@247) -> float_type, {1, 512, 7, 7}, {0, 1, 0, 0}: 0.00093576ms, 1%
@250 = load[offset=100352,end=200704](@1) -> float_type, {1, 512, 7, 7}, {25088, 49, 7, 1}: 0.00069774ms, 1%
@251 = gpu::code_object[code_object=5480,symbol_name=mlir_convolution_add_relu,global=8192,local=256,](@249,@234,@248,@250) -> float_type, {1, 512, 7, 7}, {25088, 49, 7, 1}: 0.064621ms, 3%
@252 = broadcast[axis=1,out_lens={1, 512, 7, 7}](@245) -> float_type, {1, 512, 7, 7}, {0, 1, 0, 0}: 0.00114734ms, 1%
@253 = load[offset=0,end=100352](@1) -> float_type, {1, 512, 7, 7}, {25088, 49, 7, 1}: 0.00069352ms, 1%
@254 = gpu::miopen_fusion[ops={{op=convolution[padding={1, 1, 1, 1},stride={1, 1},dilation={1, 1},group=1,padding_mode=0],alpha=1,beta=0}, {op=add,alpha=1,beta=0}, {op=relu,alpha=1,beta=0}}](@251,@246,@252,@253) -> float_type, {1, 512, 7, 7}, {25088, 49, 7, 1}: 0.139551ms, 5%
@255 = broadcast[axis=1,out_lens={1, 2048, 7, 7}](@243) -> float_type, {1, 2048, 7, 7}, {0, 1, 0, 0}: 0.00129494ms, 1%
@256 = load[offset=501760,end=903168](@1) -> float_type, {1, 2048, 7, 7}, {100352, 49, 7, 1}: 0.0007224ms, 1%
@257 = gpu::code_object[code_object=5496,symbol_name=mlir_convolution_add_add_relu,global=32768,local=256,](@255,@234,@254,@244,@256) -> float_type, {1, 2048, 7, 7}, {100352, 49, 7, 1}: 0.0328801ms, 2%
@258 = broadcast[axis=1,out_lens={1, 512, 7, 7}](@241) -> float_type, {1, 512, 7, 7}, {0, 1, 0, 0}: 0.00084136ms, 1%
@259 = load[offset=100352,end=200704](@1) -> float_type, {1, 512, 7, 7}, {25088, 49, 7, 1}: 0.00071352ms, 1%
@260 = gpu::code_object[code_object=5480,symbol_name=mlir_convolution_add_relu,global=8192,local=256,](@258,@257,@242,@259) -> float_type, {1, 512, 7, 7}, {25088, 49, 7, 1}: 0.0613118ms, 3%
@261 = broadcast[axis=1,out_lens={1, 512, 7, 7}](@239) -> float_type, {1, 512, 7, 7}, {0, 1, 0, 0}: 0.00083894ms, 1%
@262 = load[offset=0,end=100352](@1) -> float_type, {1, 512, 7, 7}, {25088, 49, 7, 1}: 0.0007118ms, 1%
@263 = gpu::miopen_fusion[ops={{op=convolution[padding={1, 1, 1, 1},stride={1, 1},dilation={1, 1},group=1,padding_mode=0],alpha=1,beta=0}, {op=add,alpha=1,beta=0}, {op=relu,alpha=1,beta=0}}](@260,@240,@261,@262) -> float_type, {1, 512, 7, 7}, {25088, 49, 7, 1}: 0.136587ms, 5%
@264 = load[offset=903168,end=1304576](@1) -> float_type, {1, 2048, 7, 7}, {100352, 49, 7, 1}: 0.00077198ms, 1%
@265 = gpu::code_object[code_object=4824,symbol_name=mlir_convolution,global=32768,local=256,](@263,@238,@264) -> float_type, {1, 2048, 7, 7}, {100352, 49, 7, 1}: 0.0322335ms, 2%
@266 = broadcast[axis=1,out_lens={1, 2048, 7, 7}](@237) -> float_type, {1, 2048, 7, 7}, {0, 1, 0, 0}: 0.00139668ms, 1%
@267 = load[offset=0,end=8192](@1) -> float_type, {1, 2048, 1, 1}, {2048, 1, 1, 1}: 0.00068562ms, 1%
@268 = gpu::code_object[code_object=4416,symbol_name=add_add_relu_mul_reduce_sum_kernel,global=131072,local=64,](@265,@266,@257,@267) -> float_type, {1, 2048, 1, 1}, {2048, 1, 1, 1}: 0.0182721ms, 1%
main:#output_0 = @param:main:#output_0 -> float_type, {1, 1000}, {1000, 1}: 0.00118338ms, 1%
@270 = flatten[axis=1](@268) -> float_type, {1, 2048}, {2048, 1}: 0.00121818ms, 1%
@271 = gpu::gemm[alpha=1,beta=1,compute_fp32=1,trans_batch=0,solution_idx=0](@270,@235,@236,main:#output_0) -> float_type, {1, 1000}, {1000, 1}: 0.0623226ms, 3%
@272 = @return(@271)
Summary:
gpu::miopen_fusion: 0.997924ms / 12 = 0.0831604ms, 36%
gpu::code_object::mlir_convolution_add_relu: 0.780738ms / 21 = 0.037178ms, 28%
gpu::code_object::mlir_convolution_add_add_relu: 0.309029ms / 11 = 0.0280935ms, 11%
gpu::convolution: 0.309026ms / 4 = 0.0772566ms, 11%
gpu::code_object::add_relu_noop_concat_noop_kernel: 0.0919568ms / 4 = 0.0229892ms, 4%
hip::hip_copy_literal: 0.0706819ms / 100 = 0.000706819ms, 3%
gpu::gemm: 0.0623226ms / 1 = 0.0623226ms, 3%
gpu::pooling: 0.0620827ms / 1 = 0.0620827ms, 3%
broadcast: 0.0505179ms / 49 = 0.00103098ms, 2%
load: 0.0428277ms / 59 = 0.000725894ms, 2%
gpu::code_object::mlir_convolution: 0.0322335ms / 1 = 0.0322335ms, 2%
gpu::code_object::add_add_relu_mul_reduce_sum_kernel: 0.0182721ms / 1 = 0.0182721ms, 1%
step: 0.00369166ms / 3 = 0.00123055ms, 1%
@param: 0.00183262ms / 2 = 0.00091631ms, 1%
flatten: 0.00121818ms / 1 = 0.00121818ms, 1%
hip::hip_allocate_memory: 0.0010372ms / 1 = 0.0010372ms, 1%
check_context::migraphx::gpu::context: 0.00099866ms / 1 = 0.00099866ms, 1%

Batch size: 1
Rate: 604.91 inferences/sec
Total time: 1.65314ms
Total instructions time: 2.83639ms
Overhead time: 0.0533423ms, -1.18325ms
Overhead: 3%, -72%
[ MIGraphX Version: 2.10.0.76d1c1480 ] Complete: /src/AMDMIGraphX/build/bin/driver perf --gpu /new-saved-models/torchvision/resnet50i1.onnx
