Running [ MIGraphX Version: 2.10.0.a7d295086 ]: /src/AMDMIGraphX/build/bin/driver perf --int8 --gpu /new-saved-models/resnet50/resnet50_v1.onnx
Compiling ... 
Reading: /new-saved-models/resnet50/resnet50_v1.onnx
module: "main"
@0 = check_context::migraphx::gpu::context -> float_type, {}, {}, target_id=0
@1 = hip::hip_allocate_memory[shape=int8_type, {6480128}, {1},id=main:scratch] -> int8_type, {6480128}, {1}, target_id=0
@2 = hip::hip_copy_literal[id=main:@literal:27] -> int8_type, {64, 3, 7, 7}, {147, 49, 7, 1}, target_id=0
@3 = load[offset=0,end=150528](@1) -> int8_type, {1, 3, 224, 224}, {150528, 50176, 224, 1}, target_id=0
input_tensor:0 = @param:input_tensor:0 -> float_type, {1, 3, 224, 224}, {150528, 50176, 224, 1}, target_id=0
@5 = gpu::code_object[code_object=5016,symbol_name=quantizelinear_kernel,global=75264,local=1024,](input_tensor:0,@3) -> int8_type, {1, 3, 224, 224}, {150528, 50176, 224, 1}, target_id=0
@6 = hip::hip_copy_literal[id=main:@literal:54] -> float_type, {64}, {1}, target_id=0
@7 = load[offset=3268864,end=6480128](@1) -> float_type, {1, 64, 112, 112}, {802816, 12544, 112, 1}, target_id=0
@8 = broadcast[axis=1,out_lens={1, 64, 112, 112}](@6) -> float_type, {1, 64, 112, 112}, {0, 1, 0, 0}, target_id=0
@9 = gpu::code_object[code_object=10168,symbol_name=mlir_quant_convolution_dequantizelinear_add_relu,global=25088,local=256,](@8,@5,@2,@7) -> float_type, {1, 64, 112, 112}, {802816, 12544, 112, 1}, target_id=0
@10 = load[offset=0,end=3268864](@1) -> float_type, {1, 64, 113, 113}, {817216, 12769, 113, 1}, target_id=0
@11 = gpu::code_object[code_object=5184,symbol_name=pad_kernel,global=212992,local=1024,](@9,@10) -> float_type, {1, 64, 113, 113}, {817216, 12769, 113, 1}, target_id=0
@12 = load[offset=3268864,end=4071680](@1) -> float_type, {1, 64, 56, 56}, {200704, 3136, 56, 1}, target_id=0
@13 = gpu::pooling[mode=max,padding={0, 0, 0, 0},padding_mode=0,stride={2, 2},lengths={3, 3},dilations={1, 1},ceil_mode=0,lp_order=2,dyn_global=0](@11,@12) -> float_type, {1, 64, 56, 56}, {200704, 3136, 56, 1}, target_id=0
@14 = hip::hip_copy_literal[id=main:@literal:12] -> int8_type, {64, 64, 3, 3}, {576, 9, 3, 1}, target_id=0
@15 = hip::hip_copy_literal[id=main:@literal:6] -> int8_type, {64, 64, 1, 1}, {64, 1, 1, 1}, target_id=0
@16 = load[offset=200704,end=401408](@1) -> int8_type, {1, 64, 56, 56}, {200704, 3136, 56, 1}, target_id=0
@17 = gpu::code_object[code_object=5016,symbol_name=quantizelinear_kernel,global=100352,local=1024,](@13,@16) -> int8_type, {1, 64, 56, 56}, {200704, 3136, 56, 1}, target_id=0
@18 = hip::hip_copy_literal[id=main:@literal:63] -> float_type, {64}, {1}, target_id=0
@19 = load[offset=0,end=200704](@1) -> int8_type, {1, 64, 56, 56}, {200704, 3136, 56, 1}, target_id=0
@20 = broadcast[axis=1,out_lens={1, 64, 56, 56}](@18) -> float_type, {1, 64, 56, 56}, {0, 1, 0, 0}, target_id=0
@21 = gpu::code_object[code_object=5144,symbol_name=mlir_quant_convolution_dequantizelinear_add_relu_quantizelinear,global=50176,local=256,](@20,@17,@15,@19) -> int8_type, {1, 64, 56, 56}, {200704, 3136, 56, 1}, target_id=0
@22 = hip::hip_copy_literal[id=main:@literal:23] -> int8_type, {256, 128, 1, 1}, {128, 1, 1, 1}, target_id=0
@23 = hip::hip_copy_literal[id=main:@literal:50] -> float_type, {256}, {1}, target_id=0
@24 = load[offset=401408,end=1204224](@1) -> int32_type, {1, 64, 56, 56}, {200704, 3136, 56, 1}, target_id=0
@25 = gpu::code_object[code_object=6472,symbol_name=mlir_quant_convolution,global=50176,local=256,](@21,@14,@24) -> int32_type, {1, 64, 56, 56}, {200704, 3136, 56, 1}, target_id=0
@26 = hip::hip_copy_literal[id=main:@literal:72] -> float_type, {64}, {1}, target_id=0
@27 = load[offset=1404928,end=1806336](@1) -> int8_type, {1, 128, 56, 56}, {401408, 3136, 56, 1}, target_id=0
@28 = broadcast[axis=1,out_lens={1, 64, 56, 56}](@26) -> float_type, {1, 64, 56, 56}, {0, 1, 0, 0}, target_id=0
@29 = gpu::code_object[code_object=5536,symbol_name=dequantizelinear_add_relu_noop_concat_quantizelinear_kernel,global=100352,local=1024,](@25,@28,@13,@27) -> int8_type, {1, 128, 56, 56}, {401408, 3136, 56, 1}, target_id=0
@30 = load[offset=602112,end=1404928](@1) -> int8_type, {1, 256, 56, 56}, {802816, 3136, 56, 1}, target_id=0
@31 = broadcast[axis=1,out_lens={1, 256, 56, 56}](@23) -> float_type, {1, 256, 56, 56}, {0, 1, 0, 0}, target_id=0
@32 = gpu::code_object[code_object=6488,symbol_name=mlir_quant_convolution_dequantizelinear_add_relu_quantizelinear,global=50176,local=256,](@31,@29,@22,@30) -> int8_type, {1, 256, 56, 56}, {802816, 3136, 56, 1}, target_id=0
@33 = hip::hip_copy_literal[id=main:@literal:13] -> int8_type, {64, 256, 1, 1}, {256, 1, 1, 1}, target_id=0
@34 = hip::hip_copy_literal[id=main:@literal:11] -> int8_type, {64, 64, 3, 3}, {576, 9, 3, 1}, target_id=0
@35 = hip::hip_copy_literal[id=main:@literal:91] -> float_type, {64}, {1}, target_id=0
@36 = hip::hip_copy_literal[id=main:@literal:95] -> float_type, {64}, {1}, target_id=0
@37 = load[offset=401408,end=602112](@1) -> int8_type, {1, 64, 56, 56}, {200704, 3136, 56, 1}, target_id=0
@38 = broadcast[axis=1,out_lens={1, 64, 56, 56}](@35) -> float_type, {1, 64, 56, 56}, {0, 1, 0, 0}, target_id=0
@39 = gpu::code_object[code_object=5656,symbol_name=mlir_quant_convolution_dequantizelinear_add_relu_quantizelinear,global=50176,local=256,](@38,@32,@33,@37) -> int8_type, {1, 64, 56, 56}, {200704, 3136, 56, 1}, target_id=0
@40 = broadcast[axis=1,out_lens={1, 64, 56, 56}](@36) -> float_type, {1, 64, 56, 56}, {0, 1, 0, 0}, target_id=0
@41 = load[offset=200704,end=401408](@1) -> int8_type, {1, 64, 56, 56}, {200704, 3136, 56, 1}, target_id=0
@42 = gpu::code_object[code_object=7000,symbol_name=mlir_quant_convolution_dequantizelinear_add_relu_quantizelinear,global=50176,local=256,](@40,@39,@34,@41) -> int8_type, {1, 64, 56, 56}, {200704, 3136, 56, 1}, target_id=0
@43 = hip::hip_copy_literal[id=main:@literal:18] -> int8_type, {256, 64, 1, 1}, {64, 1, 1, 1}, target_id=0
@44 = hip::hip_copy_literal[id=main:@literal:96] -> float_type, {256}, {1}, target_id=0
@45 = load[offset=3411968,end=4214784](@1) -> int8_type, {1, 256, 56, 56}, {802816, 3136, 56, 1}, target_id=0
@46 = broadcast[axis=1,out_lens={1, 256, 56, 56}](@44) -> float_type, {1, 256, 56, 56}, {0, 1, 0, 0}, target_id=0
@47 = gpu::code_object[code_object=6656,symbol_name=mlir_quant_convolution_dequantizelinear_add_dequantizelinear_add_relu_quantizelinear,global=50176,local=256,](@46,@32,@42,@43,@45) -> int8_type, {1, 256, 56, 56}, {802816, 3136, 56, 1}, target_id=0
@48 = hip::hip_copy_literal[id=main:@literal:33] -> int8_type, {64, 256, 1, 1}, {256, 1, 1, 1}, target_id=0
@49 = hip::hip_copy_literal[id=main:@literal:97] -> float_type, {64}, {1}, target_id=0
@50 = load[offset=0,end=200704](@1) -> int8_type, {1, 64, 56, 56}, {200704, 3136, 56, 1}, target_id=0
@51 = broadcast[axis=1,out_lens={1, 64, 56, 56}](@49) -> float_type, {1, 64, 56, 56}, {0, 1, 0, 0}, target_id=0
@52 = gpu::code_object[code_object=5656,symbol_name=mlir_quant_convolution_dequantizelinear_add_relu_quantizelinear,global=50176,local=256,](@51,@47,@48,@50) -> int8_type, {1, 64, 56, 56}, {200704, 3136, 56, 1}, target_id=0
@53 = hip::hip_copy_literal[id=main:@literal:22] -> int8_type, {64, 64, 3, 3}, {576, 9, 3, 1}, target_id=0
@54 = hip::hip_copy_literal[id=main:@literal:98] -> float_type, {64}, {1}, target_id=0
@55 = load[offset=3211264,end=3411968](@1) -> int8_type, {1, 64, 56, 56}, {200704, 3136, 56, 1}, target_id=0
@56 = broadcast[axis=1,out_lens={1, 64, 56, 56}](@54) -> float_type, {1, 64, 56, 56}, {0, 1, 0, 0}, target_id=0
@57 = gpu::code_object[code_object=7000,symbol_name=mlir_quant_convolution_dequantizelinear_add_relu_quantizelinear,global=50176,local=256,](@56,@52,@53,@55) -> int8_type, {1, 64, 56, 56}, {200704, 3136, 56, 1}, target_id=0
@58 = hip::hip_copy_literal[id=main:@literal:28] -> int8_type, {256, 64, 1, 1}, {64, 1, 1, 1}, target_id=0
@59 = hip::hip_copy_literal[id=main:@literal:55] -> float_type, {256}, {1}, target_id=0
@60 = load[offset=0,end=3211264](@1) -> float_type, {1, 256, 56, 56}, {802816, 3136, 56, 1}, target_id=0
@61 = broadcast[axis=1,out_lens={1, 256, 56, 56}](@59) -> float_type, {1, 256, 56, 56}, {0, 1, 0, 0}, target_id=0
@62 = gpu::code_object[code_object=6504,symbol_name=mlir_quant_convolution_dequantizelinear_add_dequantizelinear_add_relu,global=50176,local=256,](@61,@47,@57,@58,@60) -> float_type, {1, 256, 56, 56}, {802816, 3136, 56, 1}, target_id=0
@63 = hip::hip_copy_literal[id=main:@literal:20] -> int8_type, {512, 384, 1, 1}, {384, 1, 1, 1}, target_id=0
@64 = load[offset=4014080,end=4816896](@1) -> int8_type, {1, 256, 56, 56}, {802816, 3136, 56, 1}, target_id=0
@65 = gpu::code_object[code_object=5016,symbol_name=quantizelinear_kernel,global=401408,local=1024,](@62,@64) -> int8_type, {1, 256, 56, 56}, {802816, 3136, 56, 1}, target_id=0
@66 = hip::hip_copy_literal[id=main:@literal:29] -> int8_type, {128, 256, 1, 1}, {256, 1, 1, 1}, target_id=0
@67 = hip::hip_copy_literal[id=main:@literal:34] -> int8_type, {128, 128, 3, 3}, {1152, 9, 3, 1}, target_id=0
@68 = hip::hip_copy_literal[id=main:@literal:56] -> float_type, {128}, {1}, target_id=0
@69 = load[offset=3612672,end=4014080](@1) -> int8_type, {1, 128, 56, 56}, {401408, 3136, 56, 1}, target_id=0
@70 = broadcast[axis=1,out_lens={1, 128, 56, 56}](@68) -> float_type, {1, 128, 56, 56}, {0, 1, 0, 0}, target_id=0
@71 = gpu::code_object[code_object=6808,symbol_name=mlir_quant_convolution_dequantizelinear_add_relu_quantizelinear,global=25088,local=256,](@70,@65,@66,@69) -> int8_type, {1, 128, 56, 56}, {401408, 3136, 56, 1}, target_id=0
@72 = hip::hip_copy_literal[id=main:@literal:57] -> float_type, {128}, {1}, target_id=0
@73 = load[offset=3211264,end=3612672](@1) -> int32_type, {1, 128, 28, 28}, {100352, 784, 28, 1}, target_id=0
@74 = gpu::code_object[code_object=6536,symbol_name=mlir_quant_convolution,global=25600,local=256,](@71,@67,@73) -> int32_type, {1, 128, 28, 28}, {100352, 784, 28, 1}, target_id=0
@75 = step[axes={2, 3},steps={2, 2}](@62) -> float_type, {1, 256, 28, 28}, {802816, 3136, 112, 2}, target_id=0
@76 = broadcast[axis=1,out_lens={1, 128, 28, 28}](@72) -> float_type, {1, 128, 28, 28}, {0, 1, 0, 0}, target_id=0
@77 = load[offset=3612672,end=3913728](@1) -> int8_type, {1, 384, 28, 28}, {301056, 784, 28, 1}, target_id=0
@78 = gpu::code_object[code_object=5664,symbol_name=dequantizelinear_add_relu_noop_concat_quantizelinear_kernel,global=150528,local=1024,](@74,@76,@75,@77) -> int8_type, {1, 384, 28, 28}, {301056, 784, 28, 1}, target_id=0
@79 = hip::hip_copy_literal[id=main:@literal:51] -> float_type, {512}, {1}, target_id=0
@80 = broadcast[axis=1,out_lens={1, 512, 28, 28}](@79) -> float_type, {1, 512, 28, 28}, {0, 1, 0, 0}, target_id=0
@81 = load[offset=1103872,end=1505280](@1) -> int8_type, {1, 512, 28, 28}, {401408, 784, 28, 1}, target_id=0
@82 = gpu::code_object[code_object=7704,symbol_name=mlir_quant_convolution_dequantizelinear_add_relu_quantizelinear,global=26624,local=256,](@80,@78,@63,@81) -> int8_type, {1, 512, 28, 28}, {401408, 784, 28, 1}, target_id=0
@83 = hip::hip_copy_literal[id=main:@literal:16] -> int8_type, {512, 128, 1, 1}, {128, 1, 1, 1}, target_id=0
@84 = hip::hip_copy_literal[id=main:@literal:14] -> int8_type, {128, 512, 1, 1}, {512, 1, 1, 1}, target_id=0
@85 = hip::hip_copy_literal[id=main:@literal:35] -> int8_type, {128, 512, 1, 1}, {512, 1, 1, 1}, target_id=0
@86 = hip::hip_copy_literal[id=main:@literal:10] -> int8_type, {512, 128, 1, 1}, {128, 1, 1, 1}, target_id=0
@87 = hip::hip_copy_literal[id=main:@literal:9] -> int8_type, {128, 128, 3, 3}, {1152, 9, 3, 1}, target_id=0
@88 = hip::hip_copy_literal[id=main:@literal:24] -> int8_type, {128, 128, 3, 3}, {1152, 9, 3, 1}, target_id=0
@89 = hip::hip_copy_literal[id=main:@literal:58] -> float_type, {128}, {1}, target_id=0
@90 = load[offset=100352,end=200704](@1) -> int8_type, {1, 128, 28, 28}, {100352, 784, 28, 1}, target_id=0
@91 = broadcast[axis=1,out_lens={1, 128, 28, 28}](@89) -> float_type, {1, 128, 28, 28}, {0, 1, 0, 0}, target_id=0
@92 = gpu::code_object[code_object=5720,symbol_name=mlir_quant_convolution_dequantizelinear_add_relu_quantizelinear,global=25600,local=256,](@91,@82,@85,@90) -> int8_type, {1, 128, 28, 28}, {100352, 784, 28, 1}, target_id=0
@93 = hip::hip_copy_literal[id=main:@literal:59] -> float_type, {128}, {1}, target_id=0
@94 = broadcast[axis=1,out_lens={1, 128, 28, 28}](@93) -> float_type, {1, 128, 28, 28}, {0, 1, 0, 0}, target_id=0
@95 = load[offset=0,end=100352](@1) -> int8_type, {1, 128, 28, 28}, {100352, 784, 28, 1}, target_id=0
@96 = gpu::code_object[code_object=7256,symbol_name=mlir_quant_convolution_dequantizelinear_add_relu_quantizelinear,global=25600,local=256,](@94,@92,@88,@95) -> int8_type, {1, 128, 28, 28}, {100352, 784, 28, 1}, target_id=0
@97 = hip::hip_copy_literal[id=main:@literal:60] -> float_type, {512}, {1}, target_id=0
@98 = load[offset=702464,end=1103872](@1) -> int8_type, {1, 512, 28, 28}, {401408, 784, 28, 1}, target_id=0
@99 = broadcast[axis=1,out_lens={1, 512, 28, 28}](@97) -> float_type, {1, 512, 28, 28}, {0, 1, 0, 0}, target_id=0
@100 = gpu::code_object[code_object=6144,symbol_name=mlir_quant_convolution_dequantizelinear_add_dequantizelinear_add_relu_quantizelinear,global=102400,local=256,](@99,@82,@96,@86,@98) -> int8_type, {1, 512, 28, 28}, {401408, 784, 28, 1}, target_id=0
@101 = hip::hip_copy_literal[id=main:@literal:61] -> float_type, {128}, {1}, target_id=0
@102 = load[offset=200704,end=301056](@1) -> int8_type, {1, 128, 28, 28}, {100352, 784, 28, 1}, target_id=0
@103 = broadcast[axis=1,out_lens={1, 128, 28, 28}](@101) -> float_type, {1, 128, 28, 28}, {0, 1, 0, 0}, target_id=0
@104 = gpu::code_object[code_object=5720,symbol_name=mlir_quant_convolution_dequantizelinear_add_relu_quantizelinear,global=25600,local=256,](@103,@100,@84,@102) -> int8_type, {1, 128, 28, 28}, {100352, 784, 28, 1}, target_id=0
@105 = hip::hip_copy_literal[id=main:@literal:62] -> float_type, {128}, {1}, target_id=0
@106 = load[offset=100352,end=200704](@1) -> int8_type, {1, 128, 28, 28}, {100352, 784, 28, 1}, target_id=0
@107 = broadcast[axis=1,out_lens={1, 128, 28, 28}](@105) -> float_type, {1, 128, 28, 28}, {0, 1, 0, 0}, target_id=0
@108 = gpu::code_object[code_object=7256,symbol_name=mlir_quant_convolution_dequantizelinear_add_relu_quantizelinear,global=25600,local=256,](@107,@104,@87,@106) -> int8_type, {1, 128, 28, 28}, {100352, 784, 28, 1}, target_id=0
@109 = hip::hip_copy_literal[id=main:@literal:64] -> float_type, {512}, {1}, target_id=0
@110 = load[offset=301056,end=702464](@1) -> int8_type, {1, 512, 28, 28}, {401408, 784, 28, 1}, target_id=0
@111 = broadcast[axis=1,out_lens={1, 512, 28, 28}](@109) -> float_type, {1, 512, 28, 28}, {0, 1, 0, 0}, target_id=0
@112 = gpu::code_object[code_object=6144,symbol_name=mlir_quant_convolution_dequantizelinear_add_dequantizelinear_add_relu_quantizelinear,global=102400,local=256,](@111,@100,@108,@83,@110) -> int8_type, {1, 512, 28, 28}, {401408, 784, 28, 1}, target_id=0
@113 = hip::hip_copy_literal[id=main:@literal:15] -> int8_type, {512, 128, 1, 1}, {128, 1, 1, 1}, target_id=0
@114 = hip::hip_copy_literal[id=main:@literal:21] -> int8_type, {128, 128, 3, 3}, {1152, 9, 3, 1}, target_id=0
@115 = hip::hip_copy_literal[id=main:@literal:7] -> int8_type, {128, 512, 1, 1}, {512, 1, 1, 1}, target_id=0
@116 = hip::hip_copy_literal[id=main:@literal:65] -> float_type, {128}, {1}, target_id=0
@117 = broadcast[axis=1,out_lens={1, 128, 28, 28}](@116) -> float_type, {1, 128, 28, 28}, {0, 1, 0, 0}, target_id=0
@118 = load[offset=0,end=100352](@1) -> int8_type, {1, 128, 28, 28}, {100352, 784, 28, 1}, target_id=0
@119 = gpu::code_object[code_object=5720,symbol_name=mlir_quant_convolution_dequantizelinear_add_relu_quantizelinear,global=25600,local=256,](@117,@112,@115,@118) -> int8_type, {1, 128, 28, 28}, {100352, 784, 28, 1}, target_id=0
@120 = hip::hip_copy_literal[id=main:@literal:66] -> float_type, {128}, {1}, target_id=0
@121 = load[offset=200704,end=301056](@1) -> int8_type, {1, 128, 28, 28}, {100352, 784, 28, 1}, target_id=0
@122 = broadcast[axis=1,out_lens={1, 128, 28, 28}](@120) -> float_type, {1, 128, 28, 28}, {0, 1, 0, 0}, target_id=0
@123 = gpu::code_object[code_object=7256,symbol_name=mlir_quant_convolution_dequantizelinear_add_relu_quantizelinear,global=25600,local=256,](@122,@119,@114,@121) -> int8_type, {1, 128, 28, 28}, {100352, 784, 28, 1}, target_id=0
@124 = hip::hip_copy_literal[id=main:@literal:67] -> float_type, {512}, {1}, target_id=0
@125 = load[offset=702464,end=2308096](@1) -> float_type, {1, 512, 28, 28}, {401408, 784, 28, 1}, target_id=0
@126 = broadcast[axis=1,out_lens={1, 512, 28, 28}](@124) -> float_type, {1, 512, 28, 28}, {0, 1, 0, 0}, target_id=0
@127 = gpu::code_object[code_object=6056,symbol_name=mlir_quant_convolution_dequantizelinear_add_dequantizelinear_add_relu,global=102400,local=256,](@126,@112,@123,@113,@125) -> float_type, {1, 512, 28, 28}, {401408, 784, 28, 1}, target_id=0
@128 = hip::hip_copy_literal[id=main:@literal:31] -> int8_type, {1024, 768, 1, 1}, {768, 1, 1, 1}, target_id=0
@129 = hip::hip_copy_literal[id=main:@literal:3] -> int8_type, {256, 256, 3, 3}, {2304, 9, 3, 1}, target_id=0
@130 = hip::hip_copy_literal[id=main:@literal:5] -> int8_type, {256, 512, 1, 1}, {512, 1, 1, 1}, target_id=0
@131 = load[offset=0,end=401408](@1) -> int8_type, {1, 512, 28, 28}, {401408, 784, 28, 1}, target_id=0
@132 = gpu::code_object[code_object=5016,symbol_name=quantizelinear_kernel,global=200704,local=1024,](@127,@131) -> int8_type, {1, 512, 28, 28}, {401408, 784, 28, 1}, target_id=0
@133 = hip::hip_copy_literal[id=main:@literal:68] -> float_type, {256}, {1}, target_id=0
@134 = hip::hip_copy_literal[id=main:@literal:69] -> float_type, {256}, {1}, target_id=0
@135 = broadcast[axis=1,out_lens={1, 256, 28, 28}](@133) -> float_type, {1, 256, 28, 28}, {0, 1, 0, 0}, target_id=0
@136 = load[offset=2308096,end=2508800](@1) -> int8_type, {1, 256, 28, 28}, {200704, 784, 28, 1}, target_id=0
@137 = gpu::code_object[code_object=5720,symbol_name=mlir_quant_convolution_dequantizelinear_add_relu_quantizelinear,global=51200,local=256,](@135,@132,@130,@136) -> int8_type, {1, 256, 28, 28}, {200704, 784, 28, 1}, target_id=0
@138 = load[offset=200704,end=401408](@1) -> int32_type, {1, 256, 14, 14}, {50176, 196, 14, 1}, target_id=0
@139 = gpu::code_object[code_object=6536,symbol_name=mlir_quant_convolution,global=14336,local=256,](@137,@129,@138) -> int32_type, {1, 256, 14, 14}, {50176, 196, 14, 1}, target_id=0
@140 = broadcast[axis=1,out_lens={1, 256, 14, 14}](@134) -> float_type, {1, 256, 14, 14}, {0, 1, 0, 0}, target_id=0
@141 = load[offset=0,end=150528](@1) -> int8_type, {1, 768, 14, 14}, {150528, 196, 14, 1}, target_id=0
@142 = step[axes={2, 3},steps={2, 2}](@127) -> float_type, {1, 512, 14, 14}, {401408, 784, 56, 2}, target_id=0
@143 = gpu::code_object[code_object=5664,symbol_name=dequantizelinear_add_relu_noop_concat_quantizelinear_kernel,global=75264,local=1024,](@139,@140,@142,@141) -> int8_type, {1, 768, 14, 14}, {150528, 196, 14, 1}, target_id=0
@144 = hip::hip_copy_literal[id=main:@literal:52] -> float_type, {1024}, {1}, target_id=0
@145 = broadcast[axis=1,out_lens={1, 1024, 14, 14}](@144) -> float_type, {1, 1024, 14, 14}, {0, 1, 0, 0}, target_id=0
@146 = load[offset=351232,end=551936](@1) -> int8_type, {1, 1024, 14, 14}, {200704, 196, 14, 1}, target_id=0
@147 = gpu::code_object[code_object=5720,symbol_name=mlir_quant_convolution_dequantizelinear_add_relu_quantizelinear,global=57344,local=256,](@145,@143,@128,@146) -> int8_type, {1, 1024, 14, 14}, {200704, 196, 14, 1}, target_id=0
@148 = hip::hip_copy_literal[id=main:@literal:2] -> int8_type, {256, 1024, 1, 1}, {1024, 1, 1, 1}, target_id=0
@149 = hip::hip_copy_literal[id=main:@literal:70] -> float_type, {256}, {1}, target_id=0
@150 = broadcast[axis=1,out_lens={1, 256, 14, 14}](@149) -> float_type, {1, 256, 14, 14}, {0, 1, 0, 0}, target_id=0
@151 = load[offset=100352,end=150528](@1) -> int8_type, {1, 256, 14, 14}, {50176, 196, 14, 1}, target_id=0
@152 = gpu::code_object[code_object=5720,symbol_name=mlir_quant_convolution_dequantizelinear_add_relu_quantizelinear,global=14336,local=256,](@150,@147,@148,@151) -> int8_type, {1, 256, 14, 14}, {50176, 196, 14, 1}, target_id=0
@153 = hip::hip_copy_literal[id=main:@literal:1] -> int8_type, {256, 256, 3, 3}, {2304, 9, 3, 1}, target_id=0
@154 = hip::hip_copy_literal[id=main:@literal:71] -> float_type, {256}, {1}, target_id=0
@155 = load[offset=50176,end=100352](@1) -> int8_type, {1, 256, 14, 14}, {50176, 196, 14, 1}, target_id=0
@156 = broadcast[axis=1,out_lens={1, 256, 14, 14}](@154) -> float_type, {1, 256, 14, 14}, {0, 1, 0, 0}, target_id=0
@157 = gpu::code_object[code_object=7256,symbol_name=mlir_quant_convolution_dequantizelinear_add_relu_quantizelinear,global=14336,local=256,](@156,@152,@153,@155) -> int8_type, {1, 256, 14, 14}, {50176, 196, 14, 1}, target_id=0
@158 = hip::hip_copy_literal[id=main:@literal:0] -> int8_type, {1024, 256, 1, 1}, {256, 1, 1, 1}, target_id=0
@159 = hip::hip_copy_literal[id=main:@literal:73] -> float_type, {1024}, {1}, target_id=0
@160 = load[offset=150528,end=351232](@1) -> int8_type, {1, 1024, 14, 14}, {200704, 196, 14, 1}, target_id=0
@161 = broadcast[axis=1,out_lens={1, 1024, 14, 14}](@159) -> float_type, {1, 1024, 14, 14}, {0, 1, 0, 0}, target_id=0
@162 = gpu::code_object[code_object=6144,symbol_name=mlir_quant_convolution_dequantizelinear_add_dequantizelinear_add_relu_quantizelinear,global=57344,local=256,](@161,@147,@157,@158,@160) -> int8_type, {1, 1024, 14, 14}, {200704, 196, 14, 1}, target_id=0
@163 = hip::hip_copy_literal[id=main:@literal:37] -> int8_type, {256, 1024, 1, 1}, {1024, 1, 1, 1}, target_id=0
@164 = hip::hip_copy_literal[id=main:@literal:39] -> int8_type, {256, 256, 3, 3}, {2304, 9, 3, 1}, target_id=0
@165 = hip::hip_copy_literal[id=main:@literal:36] -> int8_type, {1024, 256, 1, 1}, {256, 1, 1, 1}, target_id=0
@166 = hip::hip_copy_literal[id=main:@literal:8] -> int8_type, {256, 1024, 1, 1}, {1024, 1, 1, 1}, target_id=0
@167 = hip::hip_copy_literal[id=main:@literal:40] -> int8_type, {1024, 256, 1, 1}, {256, 1, 1, 1}, target_id=0
@168 = hip::hip_copy_literal[id=main:@literal:19] -> int8_type, {256, 256, 3, 3}, {2304, 9, 3, 1}, target_id=0
@169 = hip::hip_copy_literal[id=main:@literal:74] -> float_type, {256}, {1}, target_id=0
@170 = hip::hip_copy_literal[id=main:@literal:75] -> float_type, {256}, {1}, target_id=0
@171 = hip::hip_copy_literal[id=main:@literal:76] -> float_type, {1024}, {1}, target_id=0
@172 = hip::hip_copy_literal[id=main:@literal:77] -> float_type, {256}, {1}, target_id=0
@173 = hip::hip_copy_literal[id=main:@literal:78] -> float_type, {256}, {1}, target_id=0
@174 = hip::hip_copy_literal[id=main:@literal:79] -> float_type, {1024}, {1}, target_id=0
@175 = load[offset=100352,end=150528](@1) -> int8_type, {1, 256, 14, 14}, {50176, 196, 14, 1}, target_id=0
@176 = broadcast[axis=1,out_lens={1, 256, 14, 14}](@169) -> float_type, {1, 256, 14, 14}, {0, 1, 0, 0}, target_id=0
@177 = gpu::code_object[code_object=5720,symbol_name=mlir_quant_convolution_dequantizelinear_add_relu_quantizelinear,global=14336,local=256,](@176,@162,@166,@175) -> int8_type, {1, 256, 14, 14}, {50176, 196, 14, 1}, target_id=0
@178 = load[offset=50176,end=100352](@1) -> int8_type, {1, 256, 14, 14}, {50176, 196, 14, 1}, target_id=0
@179 = broadcast[axis=1,out_lens={1, 256, 14, 14}](@170) -> float_type, {1, 256, 14, 14}, {0, 1, 0, 0}, target_id=0
@180 = gpu::code_object[code_object=7256,symbol_name=mlir_quant_convolution_dequantizelinear_add_relu_quantizelinear,global=14336,local=256,](@179,@177,@168,@178) -> int8_type, {1, 256, 14, 14}, {50176, 196, 14, 1}, target_id=0
@181 = load[offset=551936,end=752640](@1) -> int8_type, {1, 1024, 14, 14}, {200704, 196, 14, 1}, target_id=0
@182 = broadcast[axis=1,out_lens={1, 1024, 14, 14}](@171) -> float_type, {1, 1024, 14, 14}, {0, 1, 0, 0}, target_id=0
@183 = gpu::code_object[code_object=6144,symbol_name=mlir_quant_convolution_dequantizelinear_add_dequantizelinear_add_relu_quantizelinear,global=57344,local=256,](@182,@162,@180,@165,@181) -> int8_type, {1, 1024, 14, 14}, {200704, 196, 14, 1}, target_id=0
@184 = load[offset=50176,end=100352](@1) -> int8_type, {1, 256, 14, 14}, {50176, 196, 14, 1}, target_id=0
@185 = broadcast[axis=1,out_lens={1, 256, 14, 14}](@172) -> float_type, {1, 256, 14, 14}, {0, 1, 0, 0}, target_id=0
@186 = gpu::code_object[code_object=5720,symbol_name=mlir_quant_convolution_dequantizelinear_add_relu_quantizelinear,global=14336,local=256,](@185,@183,@163,@184) -> int8_type, {1, 256, 14, 14}, {50176, 196, 14, 1}, target_id=0
@187 = load[offset=0,end=50176](@1) -> int8_type, {1, 256, 14, 14}, {50176, 196, 14, 1}, target_id=0
@188 = broadcast[axis=1,out_lens={1, 256, 14, 14}](@173) -> float_type, {1, 256, 14, 14}, {0, 1, 0, 0}, target_id=0
@189 = gpu::code_object[code_object=7256,symbol_name=mlir_quant_convolution_dequantizelinear_add_relu_quantizelinear,global=14336,local=256,](@188,@186,@164,@187) -> int8_type, {1, 256, 14, 14}, {50176, 196, 14, 1}, target_id=0
@190 = broadcast[axis=1,out_lens={1, 1024, 14, 14}](@174) -> float_type, {1, 1024, 14, 14}, {0, 1, 0, 0}, target_id=0
@191 = load[offset=351232,end=551936](@1) -> int8_type, {1, 1024, 14, 14}, {200704, 196, 14, 1}, target_id=0
@192 = gpu::code_object[code_object=6144,symbol_name=mlir_quant_convolution_dequantizelinear_add_dequantizelinear_add_relu_quantizelinear,global=57344,local=256,](@190,@183,@189,@167,@191) -> int8_type, {1, 1024, 14, 14}, {200704, 196, 14, 1}, target_id=0
@193 = hip::hip_copy_literal[id=main:@literal:41] -> int8_type, {256, 1024, 1, 1}, {1024, 1, 1, 1}, target_id=0
@194 = hip::hip_copy_literal[id=main:@literal:25] -> int8_type, {1024, 256, 1, 1}, {256, 1, 1, 1}, target_id=0
@195 = hip::hip_copy_literal[id=main:@literal:42] -> int8_type, {256, 256, 3, 3}, {2304, 9, 3, 1}, target_id=0
@196 = hip::hip_copy_literal[id=main:@literal:80] -> float_type, {256}, {1}, target_id=0
@197 = hip::hip_copy_literal[id=main:@literal:81] -> float_type, {256}, {1}, target_id=0
@198 = hip::hip_copy_literal[id=main:@literal:82] -> float_type, {1024}, {1}, target_id=0
@199 = load[offset=100352,end=150528](@1) -> int8_type, {1, 256, 14, 14}, {50176, 196, 14, 1}, target_id=0
@200 = broadcast[axis=1,out_lens={1, 256, 14, 14}](@196) -> float_type, {1, 256, 14, 14}, {0, 1, 0, 0}, target_id=0
@201 = gpu::code_object[code_object=5720,symbol_name=mlir_quant_convolution_dequantizelinear_add_relu_quantizelinear,global=14336,local=256,](@200,@192,@193,@199) -> int8_type, {1, 256, 14, 14}, {50176, 196, 14, 1}, target_id=0
@202 = broadcast[axis=1,out_lens={1, 256, 14, 14}](@197) -> float_type, {1, 256, 14, 14}, {0, 1, 0, 0}, target_id=0
@203 = load[offset=50176,end=100352](@1) -> int8_type, {1, 256, 14, 14}, {50176, 196, 14, 1}, target_id=0
@204 = gpu::code_object[code_object=7256,symbol_name=mlir_quant_convolution_dequantizelinear_add_relu_quantizelinear,global=14336,local=256,](@202,@201,@195,@203) -> int8_type, {1, 256, 14, 14}, {50176, 196, 14, 1}, target_id=0
@205 = load[offset=150528,end=351232](@1) -> int8_type, {1, 1024, 14, 14}, {200704, 196, 14, 1}, target_id=0
@206 = broadcast[axis=1,out_lens={1, 1024, 14, 14}](@198) -> float_type, {1, 1024, 14, 14}, {0, 1, 0, 0}, target_id=0
@207 = gpu::code_object[code_object=6144,symbol_name=mlir_quant_convolution_dequantizelinear_add_dequantizelinear_add_relu_quantizelinear,global=57344,local=256,](@206,@192,@204,@194,@205) -> int8_type, {1, 1024, 14, 14}, {200704, 196, 14, 1}, target_id=0
@208 = hip::hip_copy_literal[id=main:@literal:32] -> int8_type, {256, 256, 3, 3}, {2304, 9, 3, 1}, target_id=0
@209 = hip::hip_copy_literal[id=main:@literal:43] -> int8_type, {256, 1024, 1, 1}, {1024, 1, 1, 1}, target_id=0
@210 = hip::hip_copy_literal[id=main:@literal:44] -> int8_type, {1024, 256, 1, 1}, {256, 1, 1, 1}, target_id=0
@211 = hip::hip_copy_literal[id=main:@literal:83] -> float_type, {256}, {1}, target_id=0
@212 = hip::hip_copy_literal[id=main:@literal:84] -> float_type, {256}, {1}, target_id=0
@213 = hip::hip_copy_literal[id=main:@literal:85] -> float_type, {1024}, {1}, target_id=0
@214 = broadcast[axis=1,out_lens={1, 256, 14, 14}](@211) -> float_type, {1, 256, 14, 14}, {0, 1, 0, 0}, target_id=0
@215 = load[offset=0,end=50176](@1) -> int8_type, {1, 256, 14, 14}, {50176, 196, 14, 1}, target_id=0
@216 = gpu::code_object[code_object=5720,symbol_name=mlir_quant_convolution_dequantizelinear_add_relu_quantizelinear,global=14336,local=256,](@214,@207,@209,@215) -> int8_type, {1, 256, 14, 14}, {50176, 196, 14, 1}, target_id=0
@217 = broadcast[axis=1,out_lens={1, 256, 14, 14}](@212) -> float_type, {1, 256, 14, 14}, {0, 1, 0, 0}, target_id=0
@218 = load[offset=100352,end=150528](@1) -> int8_type, {1, 256, 14, 14}, {50176, 196, 14, 1}, target_id=0
@219 = gpu::code_object[code_object=7256,symbol_name=mlir_quant_convolution_dequantizelinear_add_relu_quantizelinear,global=14336,local=256,](@217,@216,@208,@218) -> int8_type, {1, 256, 14, 14}, {50176, 196, 14, 1}, target_id=0
@220 = load[offset=351232,end=1154048](@1) -> float_type, {1, 1024, 14, 14}, {200704, 196, 14, 1}, target_id=0
@221 = broadcast[axis=1,out_lens={1, 1024, 14, 14}](@213) -> float_type, {1, 1024, 14, 14}, {0, 1, 0, 0}, target_id=0
@222 = gpu::code_object[code_object=6056,symbol_name=mlir_quant_convolution_dequantizelinear_add_dequantizelinear_add_relu,global=57344,local=256,](@221,@207,@219,@210,@220) -> float_type, {1, 1024, 14, 14}, {200704, 196, 14, 1}, target_id=0
@223 = hip::hip_copy_literal[id=main:@literal:26] -> int8_type, {2048, 1536, 1, 1}, {1536, 1, 1, 1}, target_id=0
@224 = hip::hip_copy_literal[id=main:@literal:46] -> int8_type, {512, 512, 3, 3}, {4608, 9, 3, 1}, target_id=0
@225 = hip::hip_copy_literal[id=main:@literal:53] -> float_type, {2048}, {1}, target_id=0
@226 = hip::hip_copy_literal[id=main:@literal:45] -> int8_type, {512, 1024, 1, 1}, {1024, 1, 1, 1}, target_id=0
@227 = hip::hip_copy_literal[id=main:@literal:86] -> float_type, {512}, {1}, target_id=0
@228 = hip::hip_copy_literal[id=main:@literal:87] -> float_type, {512}, {1}, target_id=0
@229 = load[offset=0,end=200704](@1) -> int8_type, {1, 1024, 14, 14}, {200704, 196, 14, 1}, target_id=0
@230 = gpu::code_object[code_object=5016,symbol_name=quantizelinear_kernel,global=100352,local=1024,](@222,@229) -> int8_type, {1, 1024, 14, 14}, {200704, 196, 14, 1}, target_id=0
@231 = load[offset=1154048,end=1254400](@1) -> int8_type, {1, 512, 14, 14}, {100352, 196, 14, 1}, target_id=0
@232 = broadcast[axis=1,out_lens={1, 512, 14, 14}](@227) -> float_type, {1, 512, 14, 14}, {0, 1, 0, 0}, target_id=0
@233 = gpu::code_object[code_object=5720,symbol_name=mlir_quant_convolution_dequantizelinear_add_relu_quantizelinear,global=28672,local=256,](@232,@230,@226,@231) -> int8_type, {1, 512, 14, 14}, {100352, 196, 14, 1}, target_id=0
@234 = load[offset=175616,end=275968](@1) -> int32_type, {1, 512, 7, 7}, {25088, 49, 7, 1}, target_id=0
@235 = gpu::code_object[code_object=6536,symbol_name=mlir_quant_convolution,global=8192,local=256,](@233,@224,@234) -> int32_type, {1, 512, 7, 7}, {25088, 49, 7, 1}, target_id=0
@236 = load[offset=0,end=75264](@1) -> int8_type, {1, 1536, 7, 7}, {75264, 49, 7, 1}, target_id=0
@237 = broadcast[axis=1,out_lens={1, 512, 7, 7}](@228) -> float_type, {1, 512, 7, 7}, {0, 1, 0, 0}, target_id=0
@238 = step[axes={2, 3},steps={2, 2}](@222) -> float_type, {1, 1024, 7, 7}, {200704, 196, 28, 2}, target_id=0
@239 = gpu::code_object[code_object=5728,symbol_name=dequantizelinear_add_relu_noop_concat_quantizelinear_kernel,global=37632,local=1024,](@235,@237,@238,@236) -> int8_type, {1, 1536, 7, 7}, {75264, 49, 7, 1}, target_id=0
@240 = load[offset=225792,end=326144](@1) -> int8_type, {1, 2048, 7, 7}, {100352, 49, 7, 1}, target_id=0
@241 = broadcast[axis=1,out_lens={1, 2048, 7, 7}](@225) -> float_type, {1, 2048, 7, 7}, {0, 1, 0, 0}, target_id=0
@242 = gpu::code_object[code_object=6168,symbol_name=mlir_quant_convolution_dequantizelinear_add_relu_quantizelinear,global=32768,local=64,](@241,@239,@223,@240) -> int8_type, {1, 2048, 7, 7}, {100352, 49, 7, 1}, target_id=0
@243 = hip::hip_copy_literal[id=main:@literal:4] -> int8_type, {512, 2048, 1, 1}, {2048, 1, 1, 1}, target_id=0
@244 = hip::hip_copy_literal[id=main:@literal:17] -> int8_type, {512, 512, 3, 3}, {4608, 9, 3, 1}, target_id=0
@245 = hip::hip_copy_literal[id=main:@literal:47] -> int8_type, {2048, 512, 1, 1}, {512, 1, 1, 1}, target_id=0
@246 = hip::hip_copy_literal[id=main:@literal:88] -> float_type, {512}, {1}, target_id=0
@247 = hip::hip_copy_literal[id=main:@literal:89] -> float_type, {512}, {1}, target_id=0
@248 = hip::hip_copy_literal[id=main:@literal:90] -> float_type, {2048}, {1}, target_id=0
@249 = load[offset=25088,end=50176](@1) -> int8_type, {1, 512, 7, 7}, {25088, 49, 7, 1}, target_id=0
@250 = broadcast[axis=1,out_lens={1, 512, 7, 7}](@246) -> float_type, {1, 512, 7, 7}, {0, 1, 0, 0}, target_id=0
@251 = gpu::code_object[code_object=6040,symbol_name=mlir_quant_convolution_dequantizelinear_add_relu_quantizelinear,global=8192,local=64,](@250,@242,@243,@249) -> int8_type, {1, 512, 7, 7}, {25088, 49, 7, 1}, target_id=0
@252 = broadcast[axis=1,out_lens={1, 512, 7, 7}](@247) -> float_type, {1, 512, 7, 7}, {0, 1, 0, 0}, target_id=0
@253 = load[offset=0,end=25088](@1) -> int8_type, {1, 512, 7, 7}, {25088, 49, 7, 1}, target_id=0
@254 = gpu::code_object[code_object=7192,symbol_name=mlir_quant_convolution_dequantizelinear_add_relu_quantizelinear,global=8192,local=256,](@252,@251,@244,@253) -> int8_type, {1, 512, 7, 7}, {25088, 49, 7, 1}, target_id=0
@255 = load[offset=125440,end=225792](@1) -> int8_type, {1, 2048, 7, 7}, {100352, 49, 7, 1}, target_id=0
@256 = broadcast[axis=1,out_lens={1, 2048, 7, 7}](@248) -> float_type, {1, 2048, 7, 7}, {0, 1, 0, 0}, target_id=0
@257 = gpu::code_object[code_object=6656,symbol_name=mlir_quant_convolution_dequantizelinear_add_dequantizelinear_add_relu_quantizelinear,global=32768,local=64,](@256,@242,@254,@245,@255) -> int8_type, {1, 2048, 7, 7}, {100352, 49, 7, 1}, target_id=0
@258 = hip::hip_copy_literal[id=main:@literal:48] -> int8_type, {512, 2048, 1, 1}, {2048, 1, 1, 1}, target_id=0
@259 = hip::hip_copy_literal[id=main:@literal:30] -> int8_type, {2048, 1001}, {1001, 1}, target_id=0
@260 = hip::hip_copy_literal[id=main:@literal:49] -> int8_type, {512, 512, 3, 3}, {4608, 9, 3, 1}, target_id=0
@261 = hip::hip_copy_literal[id=main:@literal:38] -> int8_type, {2048, 512, 1, 1}, {512, 1, 1, 1}, target_id=0
@262 = hip::hip_copy_literal[id=main:@literal:92] -> float_type, {512}, {1}, target_id=0
@263 = hip::hip_copy_literal[id=main:@literal:93] -> float_type, {512}, {1}, target_id=0
@264 = hip::hip_copy_literal[id=main:@literal:94] -> float_type, {2048}, {1}, target_id=0
@265 = hip::hip_copy_literal[id=main:@literal:99] -> float_type, {1001}, {1}, target_id=0
@266 = load[offset=25088,end=50176](@1) -> int8_type, {1, 512, 7, 7}, {25088, 49, 7, 1}, target_id=0
@267 = broadcast[axis=1,out_lens={1, 512, 7, 7}](@262) -> float_type, {1, 512, 7, 7}, {0, 1, 0, 0}, target_id=0
@268 = gpu::code_object[code_object=6040,symbol_name=mlir_quant_convolution_dequantizelinear_add_relu_quantizelinear,global=8192,local=64,](@267,@257,@258,@266) -> int8_type, {1, 512, 7, 7}, {25088, 49, 7, 1}, target_id=0
@269 = broadcast[axis=1,out_lens={1, 512, 7, 7}](@263) -> float_type, {1, 512, 7, 7}, {0, 1, 0, 0}, target_id=0
@270 = load[offset=0,end=25088](@1) -> int8_type, {1, 512, 7, 7}, {25088, 49, 7, 1}, target_id=0
@271 = gpu::code_object[code_object=7192,symbol_name=mlir_quant_convolution_dequantizelinear_add_relu_quantizelinear,global=8192,local=256,](@269,@268,@260,@270) -> int8_type, {1, 512, 7, 7}, {25088, 49, 7, 1}, target_id=0
@272 = load[offset=225792,end=627200](@1) -> int32_type, {1, 2048, 7, 7}, {100352, 49, 7, 1}, target_id=0
@273 = gpu::code_object[code_object=5512,symbol_name=mlir_quant_convolution,global=32768,local=64,](@271,@261,@272) -> int32_type, {1, 2048, 7, 7}, {100352, 49, 7, 1}, target_id=0
@274 = load[offset=6064,end=14256](@1) -> float_type, {1, 2048, 1, 1}, {2048, 1, 1, 1}, target_id=0
@275 = broadcast[axis=1,out_lens={1, 2048, 7, 7}](@264) -> float_type, {1, 2048, 7, 7}, {0, 1, 0, 0}, target_id=0
@276 = gpu::code_object[code_object=5816,symbol_name=dequantizelinear_add_dequantizelinear_add_relu_mul_reduce_sum_kernel,global=131072,local=64,](@273,@275,@257,@274) -> float_type, {1, 2048, 1, 1}, {2048, 1, 1, 1}, target_id=0
@277 = load[offset=0,end=2048](@1) -> int8_type, {1, 2048}, {2048, 1}, target_id=0
@278 = squeeze[axes={2, 3}](@276) -> float_type, {1, 2048}, {2048, 1}, target_id=0
@279 = gpu::code_object[code_object=5016,symbol_name=quantizelinear_kernel,global=1024,local=1024,](@278,@277) -> int8_type, {1, 2048}, {2048, 1}, target_id=0
@280 = load[offset=8032,end=12036](@1) -> int32_type, {1, 1001}, {1001, 1}, target_id=0
@281 = gpu::quant_gemm[alpha=1,beta=0,compute_fp32=1,trans_batch=0,solution_idx=0](@279,@259,@280) -> int32_type, {1, 1001}, {1001, 1}, target_id=0
@282 = load[offset=4016,end=8020](@1) -> float_type, {1, 1001}, {1001, 1}, target_id=0
@283 = multibroadcast[out_lens={1, 1001},out_dyn_dims={}](@265) -> float_type, {1, 1001}, {0, 1}, target_id=0
@284 = gpu::code_object[code_object=5280,symbol_name=dequantizelinear_add_kernel,global=1001,local=1024,](@281,@283,@282) -> float_type, {1, 1001}, {1001, 1}, target_id=0
@285 = load[offset=0,end=8](@1) -> int64_type, {1, 1}, {1, 1}, target_id=0
@286 = gpu::argmax[axis=1,select_last_index=0](@284,@285) -> int64_type, {1, 1}, {1, 1}, target_id=0
main:#output_0 = @param:main:#output_0 -> int64_type, {1}, {1}, target_id=0
@288 = reshape_lazy[dims={1}](@286) -> int64_type, {1}, {1}, target_id=0
@289 = gpu::code_object[code_object=4952,symbol_name=convert_convert_kernel,global=1,local=1024,](@288,main:#output_0) -> int64_type, {1}, {1}, target_id=0
main:#output_1 = @param:main:#output_1 -> float_type, {1, 1001}, {1001, 1}, target_id=0
@291 = gpu::code_object[code_object=6848,symbol_name=reduce_max_sub_exp_reduce_sum_div_kernel,global=256,local=256,](@284,main:#output_1) -> float_type, {1, 1001}, {1001, 1}, target_id=0
@292 = @return(@289,@291), target_id=0


Allocating params ... 
Running performance report ... 
@0 = check_context::migraphx::gpu::context -> float_type, {}, {}, target_id=0: 0.00085322ms, 1%
@1 = hip::hip_allocate_memory[shape=int8_type, {6480128}, {1},id=main:scratch] -> int8_type, {6480128}, {1}, target_id=0: 0.00073702ms, 1%
@2 = hip::hip_copy_literal[id=main:@literal:27] -> int8_type, {64, 3, 7, 7}, {147, 49, 7, 1}, target_id=0: 0.0006546ms, 1%
@3 = load[offset=0,end=150528](@1) -> int8_type, {1, 3, 224, 224}, {150528, 50176, 224, 1}, target_id=0: 0.00064966ms, 1%
input_tensor:0 = @param:input_tensor:0 -> float_type, {1, 3, 224, 224}, {150528, 50176, 224, 1}, target_id=0: 0.0003282ms, 1%
@5 = gpu::code_object[code_object=5016,symbol_name=quantizelinear_kernel,global=75264,local=1024,](input_tensor:0,@3) -> int8_type, {1, 3, 224, 224}, {150528, 50176, 224, 1}, target_id=0: 0.0212034ms, 1%
@6 = hip::hip_copy_literal[id=main:@literal:54] -> float_type, {64}, {1}, target_id=0: 0.00053662ms, 1%
@7 = load[offset=3268864,end=6480128](@1) -> float_type, {1, 64, 112, 112}, {802816, 12544, 112, 1}, target_id=0: 0.00054704ms, 1%
@8 = broadcast[axis=1,out_lens={1, 64, 112, 112}](@6) -> float_type, {1, 64, 112, 112}, {0, 1, 0, 0}, target_id=0: 0.00100166ms, 1%
@9 = gpu::code_object[code_object=10168,symbol_name=mlir_quant_convolution_dequantizelinear_add_relu,global=25088,local=256,](@8,@5,@2,@7) -> float_type, {1, 64, 112, 112}, {802816, 12544, 112, 1}, target_id=0: 0.0417774ms, 2%
@10 = load[offset=0,end=3268864](@1) -> float_type, {1, 64, 113, 113}, {817216, 12769, 113, 1}, target_id=0: 0.00057586ms, 1%
@11 = gpu::code_object[code_object=5184,symbol_name=pad_kernel,global=212992,local=1024,](@9,@10) -> float_type, {1, 64, 113, 113}, {817216, 12769, 113, 1}, target_id=0: 0.0253659ms, 2%
@12 = load[offset=3268864,end=4071680](@1) -> float_type, {1, 64, 56, 56}, {200704, 3136, 56, 1}, target_id=0: 0.00056286ms, 1%
@13 = gpu::pooling[mode=max,padding={0, 0, 0, 0},padding_mode=0,stride={2, 2},lengths={3, 3},dilations={1, 1},ceil_mode=0,lp_order=2,dyn_global=0](@11,@12) -> float_type, {1, 64, 56, 56}, {200704, 3136, 56, 1}, target_id=0: 0.0610255ms, 3%
@14 = hip::hip_copy_literal[id=main:@literal:12] -> int8_type, {64, 64, 3, 3}, {576, 9, 3, 1}, target_id=0: 0.00093398ms, 1%
@15 = hip::hip_copy_literal[id=main:@literal:6] -> int8_type, {64, 64, 1, 1}, {64, 1, 1, 1}, target_id=0: 0.00049214ms, 1%
@16 = load[offset=200704,end=401408](@1) -> int8_type, {1, 64, 56, 56}, {200704, 3136, 56, 1}, target_id=0: 0.00059636ms, 1%
@17 = gpu::code_object[code_object=5016,symbol_name=quantizelinear_kernel,global=100352,local=1024,](@13,@16) -> int8_type, {1, 64, 56, 56}, {200704, 3136, 56, 1}, target_id=0: 0.0189388ms, 1%
@18 = hip::hip_copy_literal[id=main:@literal:63] -> float_type, {64}, {1}, target_id=0: 0.00060592ms, 1%
@19 = load[offset=0,end=200704](@1) -> int8_type, {1, 64, 56, 56}, {200704, 3136, 56, 1}, target_id=0: 0.00055966ms, 1%
@20 = broadcast[axis=1,out_lens={1, 64, 56, 56}](@18) -> float_type, {1, 64, 56, 56}, {0, 1, 0, 0}, target_id=0: 0.00083864ms, 1%
@21 = gpu::code_object[code_object=5144,symbol_name=mlir_quant_convolution_dequantizelinear_add_relu_quantizelinear,global=50176,local=256,](@20,@17,@15,@19) -> int8_type, {1, 64, 56, 56}, {200704, 3136, 56, 1}, target_id=0: 0.0198986ms, 1%
@22 = hip::hip_copy_literal[id=main:@literal:23] -> int8_type, {256, 128, 1, 1}, {128, 1, 1, 1}, target_id=0: 0.0005426ms, 1%
@23 = hip::hip_copy_literal[id=main:@literal:50] -> float_type, {256}, {1}, target_id=0: 0.00043712ms, 1%
@24 = load[offset=401408,end=1204224](@1) -> int32_type, {1, 64, 56, 56}, {200704, 3136, 56, 1}, target_id=0: 0.0005294ms, 1%
@25 = gpu::code_object[code_object=6472,symbol_name=mlir_quant_convolution,global=50176,local=256,](@21,@14,@24) -> int32_type, {1, 64, 56, 56}, {200704, 3136, 56, 1}, target_id=0: 0.0333419ms, 2%
@26 = hip::hip_copy_literal[id=main:@literal:72] -> float_type, {64}, {1}, target_id=0: 0.00054402ms, 1%
@27 = load[offset=1404928,end=1806336](@1) -> int8_type, {1, 128, 56, 56}, {401408, 3136, 56, 1}, target_id=0: 0.00049478ms, 1%
@28 = broadcast[axis=1,out_lens={1, 64, 56, 56}](@26) -> float_type, {1, 64, 56, 56}, {0, 1, 0, 0}, target_id=0: 0.00075836ms, 1%
@29 = gpu::code_object[code_object=5536,symbol_name=dequantizelinear_add_relu_noop_concat_quantizelinear_kernel,global=100352,local=1024,](@25,@28,@13,@27) -> int8_type, {1, 128, 56, 56}, {401408, 3136, 56, 1}, target_id=0: 0.0192529ms, 1%
@30 = load[offset=602112,end=1404928](@1) -> int8_type, {1, 256, 56, 56}, {802816, 3136, 56, 1}, target_id=0: 0.00055742ms, 1%
@31 = broadcast[axis=1,out_lens={1, 256, 56, 56}](@23) -> float_type, {1, 256, 56, 56}, {0, 1, 0, 0}, target_id=0: 0.00072798ms, 1%
@32 = gpu::code_object[code_object=6488,symbol_name=mlir_quant_convolution_dequantizelinear_add_relu_quantizelinear,global=50176,local=256,](@31,@29,@22,@30) -> int8_type, {1, 256, 56, 56}, {802816, 3136, 56, 1}, target_id=0: 0.0247653ms, 2%
@33 = hip::hip_copy_literal[id=main:@literal:13] -> int8_type, {64, 256, 1, 1}, {256, 1, 1, 1}, target_id=0: 0.00057038ms, 1%
@34 = hip::hip_copy_literal[id=main:@literal:11] -> int8_type, {64, 64, 3, 3}, {576, 9, 3, 1}, target_id=0: 0.00043616ms, 1%
@35 = hip::hip_copy_literal[id=main:@literal:91] -> float_type, {64}, {1}, target_id=0: 0.00058848ms, 1%
@36 = hip::hip_copy_literal[id=main:@literal:95] -> float_type, {64}, {1}, target_id=0: 0.0004497ms, 1%
@37 = load[offset=401408,end=602112](@1) -> int8_type, {1, 64, 56, 56}, {200704, 3136, 56, 1}, target_id=0: 0.0005144ms, 1%
@38 = broadcast[axis=1,out_lens={1, 64, 56, 56}](@35) -> float_type, {1, 64, 56, 56}, {0, 1, 0, 0}, target_id=0: 0.00060594ms, 1%
@39 = gpu::code_object[code_object=5656,symbol_name=mlir_quant_convolution_dequantizelinear_add_relu_quantizelinear,global=50176,local=256,](@38,@32,@33,@37) -> int8_type, {1, 64, 56, 56}, {200704, 3136, 56, 1}, target_id=0: 0.0223143ms, 1%
@40 = broadcast[axis=1,out_lens={1, 64, 56, 56}](@36) -> float_type, {1, 64, 56, 56}, {0, 1, 0, 0}, target_id=0: 0.0006588ms, 1%
@41 = load[offset=200704,end=401408](@1) -> int8_type, {1, 64, 56, 56}, {200704, 3136, 56, 1}, target_id=0: 0.00049878ms, 1%
@42 = gpu::code_object[code_object=7000,symbol_name=mlir_quant_convolution_dequantizelinear_add_relu_quantizelinear,global=50176,local=256,](@40,@39,@34,@41) -> int8_type, {1, 64, 56, 56}, {200704, 3136, 56, 1}, target_id=0: 0.0327107ms, 2%
@43 = hip::hip_copy_literal[id=main:@literal:18] -> int8_type, {256, 64, 1, 1}, {64, 1, 1, 1}, target_id=0: 0.00056768ms, 1%
@44 = hip::hip_copy_literal[id=main:@literal:96] -> float_type, {256}, {1}, target_id=0: 0.00045132ms, 1%
@45 = load[offset=3411968,end=4214784](@1) -> int8_type, {1, 256, 56, 56}, {802816, 3136, 56, 1}, target_id=0: 0.00048576ms, 1%
@46 = broadcast[axis=1,out_lens={1, 256, 56, 56}](@44) -> float_type, {1, 256, 56, 56}, {0, 1, 0, 0}, target_id=0: 0.00075318ms, 1%
@47 = gpu::code_object[code_object=6656,symbol_name=mlir_quant_convolution_dequantizelinear_add_dequantizelinear_add_relu_quantizelinear,global=50176,local=256,](@46,@32,@42,@43,@45) -> int8_type, {1, 256, 56, 56}, {802816, 3136, 56, 1}, target_id=0: 0.0237731ms, 2%
@48 = hip::hip_copy_literal[id=main:@literal:33] -> int8_type, {64, 256, 1, 1}, {256, 1, 1, 1}, target_id=0: 0.00052758ms, 1%
@49 = hip::hip_copy_literal[id=main:@literal:97] -> float_type, {64}, {1}, target_id=0: 0.00049516ms, 1%
@50 = load[offset=0,end=200704](@1) -> int8_type, {1, 64, 56, 56}, {200704, 3136, 56, 1}, target_id=0: 0.00048618ms, 1%
@51 = broadcast[axis=1,out_lens={1, 64, 56, 56}](@49) -> float_type, {1, 64, 56, 56}, {0, 1, 0, 0}, target_id=0: 0.00072702ms, 1%
@52 = gpu::code_object[code_object=5656,symbol_name=mlir_quant_convolution_dequantizelinear_add_relu_quantizelinear,global=50176,local=256,](@51,@47,@48,@50) -> int8_type, {1, 64, 56, 56}, {200704, 3136, 56, 1}, target_id=0: 0.0225204ms, 1%
@53 = hip::hip_copy_literal[id=main:@literal:22] -> int8_type, {64, 64, 3, 3}, {576, 9, 3, 1}, target_id=0: 0.00055342ms, 1%
@54 = hip::hip_copy_literal[id=main:@literal:98] -> float_type, {64}, {1}, target_id=0: 0.000528ms, 1%
@55 = load[offset=3211264,end=3411968](@1) -> int8_type, {1, 64, 56, 56}, {200704, 3136, 56, 1}, target_id=0: 0.00049456ms, 1%
@56 = broadcast[axis=1,out_lens={1, 64, 56, 56}](@54) -> float_type, {1, 64, 56, 56}, {0, 1, 0, 0}, target_id=0: 0.00065952ms, 1%
@57 = gpu::code_object[code_object=7000,symbol_name=mlir_quant_convolution_dequantizelinear_add_relu_quantizelinear,global=50176,local=256,](@56,@52,@53,@55) -> int8_type, {1, 64, 56, 56}, {200704, 3136, 56, 1}, target_id=0: 0.031995ms, 2%
@58 = hip::hip_copy_literal[id=main:@literal:28] -> int8_type, {256, 64, 1, 1}, {64, 1, 1, 1}, target_id=0: 0.00055222ms, 1%
@59 = hip::hip_copy_literal[id=main:@literal:55] -> float_type, {256}, {1}, target_id=0: 0.00046864ms, 1%
@60 = load[offset=0,end=3211264](@1) -> float_type, {1, 256, 56, 56}, {802816, 3136, 56, 1}, target_id=0: 0.0005793ms, 1%
@61 = broadcast[axis=1,out_lens={1, 256, 56, 56}](@59) -> float_type, {1, 256, 56, 56}, {0, 1, 0, 0}, target_id=0: 0.00070434ms, 1%
@62 = gpu::code_object[code_object=6504,symbol_name=mlir_quant_convolution_dequantizelinear_add_dequantizelinear_add_relu,global=50176,local=256,](@61,@47,@57,@58,@60) -> float_type, {1, 256, 56, 56}, {802816, 3136, 56, 1}, target_id=0: 0.0244608ms, 2%
@63 = hip::hip_copy_literal[id=main:@literal:20] -> int8_type, {512, 384, 1, 1}, {384, 1, 1, 1}, target_id=0: 0.0005374ms, 1%
@64 = load[offset=4014080,end=4816896](@1) -> int8_type, {1, 256, 56, 56}, {802816, 3136, 56, 1}, target_id=0: 0.0004876ms, 1%
@65 = gpu::code_object[code_object=5016,symbol_name=quantizelinear_kernel,global=401408,local=1024,](@62,@64) -> int8_type, {1, 256, 56, 56}, {802816, 3136, 56, 1}, target_id=0: 0.0212593ms, 1%
@66 = hip::hip_copy_literal[id=main:@literal:29] -> int8_type, {128, 256, 1, 1}, {256, 1, 1, 1}, target_id=0: 0.00056366ms, 1%
@67 = hip::hip_copy_literal[id=main:@literal:34] -> int8_type, {128, 128, 3, 3}, {1152, 9, 3, 1}, target_id=0: 0.00106054ms, 1%
@68 = hip::hip_copy_literal[id=main:@literal:56] -> float_type, {128}, {1}, target_id=0: 0.00042252ms, 1%
@69 = load[offset=3612672,end=4014080](@1) -> int8_type, {1, 128, 56, 56}, {401408, 3136, 56, 1}, target_id=0: 0.00048538ms, 1%
@70 = broadcast[axis=1,out_lens={1, 128, 56, 56}](@68) -> float_type, {1, 128, 56, 56}, {0, 1, 0, 0}, target_id=0: 0.0007204ms, 1%
@71 = gpu::code_object[code_object=6808,symbol_name=mlir_quant_convolution_dequantizelinear_add_relu_quantizelinear,global=25088,local=256,](@70,@65,@66,@69) -> int8_type, {1, 128, 56, 56}, {401408, 3136, 56, 1}, target_id=0: 0.0267172ms, 2%
@72 = hip::hip_copy_literal[id=main:@literal:57] -> float_type, {128}, {1}, target_id=0: 0.00053702ms, 1%
@73 = load[offset=3211264,end=3612672](@1) -> int32_type, {1, 128, 28, 28}, {100352, 784, 28, 1}, target_id=0: 0.00050152ms, 1%
@74 = gpu::code_object[code_object=6536,symbol_name=mlir_quant_convolution,global=25600,local=256,](@71,@67,@73) -> int32_type, {1, 128, 28, 28}, {100352, 784, 28, 1}, target_id=0: 0.039576ms, 2%
@75 = step[axes={2, 3},steps={2, 2}](@62) -> float_type, {1, 256, 28, 28}, {802816, 3136, 112, 2}, target_id=0: 0.00118274ms, 1%
@76 = broadcast[axis=1,out_lens={1, 128, 28, 28}](@72) -> float_type, {1, 128, 28, 28}, {0, 1, 0, 0}, target_id=0: 0.00078348ms, 1%
@77 = load[offset=3612672,end=3913728](@1) -> int8_type, {1, 384, 28, 28}, {301056, 784, 28, 1}, target_id=0: 0.00049512ms, 1%
@78 = gpu::code_object[code_object=5664,symbol_name=dequantizelinear_add_relu_noop_concat_quantizelinear_kernel,global=150528,local=1024,](@74,@76,@75,@77) -> int8_type, {1, 384, 28, 28}, {301056, 784, 28, 1}, target_id=0: 0.0200785ms, 1%
@79 = hip::hip_copy_literal[id=main:@literal:51] -> float_type, {512}, {1}, target_id=0: 0.00065752ms, 1%
@80 = broadcast[axis=1,out_lens={1, 512, 28, 28}](@79) -> float_type, {1, 512, 28, 28}, {0, 1, 0, 0}, target_id=0: 0.00100044ms, 1%
@81 = load[offset=1103872,end=1505280](@1) -> int8_type, {1, 512, 28, 28}, {401408, 784, 28, 1}, target_id=0: 0.00048208ms, 1%
@82 = gpu::code_object[code_object=7704,symbol_name=mlir_quant_convolution_dequantizelinear_add_relu_quantizelinear,global=26624,local=256,](@80,@78,@63,@81) -> int8_type, {1, 512, 28, 28}, {401408, 784, 28, 1}, target_id=0: 0.0315603ms, 2%
@83 = hip::hip_copy_literal[id=main:@literal:16] -> int8_type, {512, 128, 1, 1}, {128, 1, 1, 1}, target_id=0: 0.00051432ms, 1%
@84 = hip::hip_copy_literal[id=main:@literal:14] -> int8_type, {128, 512, 1, 1}, {512, 1, 1, 1}, target_id=0: 0.00044728ms, 1%
@85 = hip::hip_copy_literal[id=main:@literal:35] -> int8_type, {128, 512, 1, 1}, {512, 1, 1, 1}, target_id=0: 0.00060816ms, 1%
@86 = hip::hip_copy_literal[id=main:@literal:10] -> int8_type, {512, 128, 1, 1}, {128, 1, 1, 1}, target_id=0: 0.00044048ms, 1%
@87 = hip::hip_copy_literal[id=main:@literal:9] -> int8_type, {128, 128, 3, 3}, {1152, 9, 3, 1}, target_id=0: 0.00040588ms, 1%
@88 = hip::hip_copy_literal[id=main:@literal:24] -> int8_type, {128, 128, 3, 3}, {1152, 9, 3, 1}, target_id=0: 0.00058168ms, 1%
@89 = hip::hip_copy_literal[id=main:@literal:58] -> float_type, {128}, {1}, target_id=0: 0.00063276ms, 1%
@90 = load[offset=100352,end=200704](@1) -> int8_type, {1, 128, 28, 28}, {100352, 784, 28, 1}, target_id=0: 0.00050492ms, 1%
@91 = broadcast[axis=1,out_lens={1, 128, 28, 28}](@89) -> float_type, {1, 128, 28, 28}, {0, 1, 0, 0}, target_id=0: 0.0006719ms, 1%
@92 = gpu::code_object[code_object=5720,symbol_name=mlir_quant_convolution_dequantizelinear_add_relu_quantizelinear,global=25600,local=256,](@91,@82,@85,@90) -> int8_type, {1, 128, 28, 28}, {100352, 784, 28, 1}, target_id=0: 0.0246069ms, 2%
@93 = hip::hip_copy_literal[id=main:@literal:59] -> float_type, {128}, {1}, target_id=0: 0.0005178ms, 1%
@94 = broadcast[axis=1,out_lens={1, 128, 28, 28}](@93) -> float_type, {1, 128, 28, 28}, {0, 1, 0, 0}, target_id=0: 0.00077118ms, 1%
@95 = load[offset=0,end=100352](@1) -> int8_type, {1, 128, 28, 28}, {100352, 784, 28, 1}, target_id=0: 0.00047992ms, 1%
@96 = gpu::code_object[code_object=7256,symbol_name=mlir_quant_convolution_dequantizelinear_add_relu_quantizelinear,global=25600,local=256,](@94,@92,@88,@95) -> int8_type, {1, 128, 28, 28}, {100352, 784, 28, 1}, target_id=0: 0.039358ms, 2%
@97 = hip::hip_copy_literal[id=main:@literal:60] -> float_type, {512}, {1}, target_id=0: 0.00052222ms, 1%
@98 = load[offset=702464,end=1103872](@1) -> int8_type, {1, 512, 28, 28}, {401408, 784, 28, 1}, target_id=0: 0.00052258ms, 1%
@99 = broadcast[axis=1,out_lens={1, 512, 28, 28}](@97) -> float_type, {1, 512, 28, 28}, {0, 1, 0, 0}, target_id=0: 0.00072572ms, 1%
@100 = gpu::code_object[code_object=6144,symbol_name=mlir_quant_convolution_dequantizelinear_add_dequantizelinear_add_relu_quantizelinear,global=102400,local=256,](@99,@82,@96,@86,@98) -> int8_type, {1, 512, 28, 28}, {401408, 784, 28, 1}, target_id=0: 0.0226331ms, 1%
@101 = hip::hip_copy_literal[id=main:@literal:61] -> float_type, {128}, {1}, target_id=0: 0.00049456ms, 1%
@102 = load[offset=200704,end=301056](@1) -> int8_type, {1, 128, 28, 28}, {100352, 784, 28, 1}, target_id=0: 0.00049116ms, 1%
@103 = broadcast[axis=1,out_lens={1, 128, 28, 28}](@101) -> float_type, {1, 128, 28, 28}, {0, 1, 0, 0}, target_id=0: 0.00071778ms, 1%
@104 = gpu::code_object[code_object=5720,symbol_name=mlir_quant_convolution_dequantizelinear_add_relu_quantizelinear,global=25600,local=256,](@103,@100,@84,@102) -> int8_type, {1, 128, 28, 28}, {100352, 784, 28, 1}, target_id=0: 0.0240995ms, 2%
@105 = hip::hip_copy_literal[id=main:@literal:62] -> float_type, {128}, {1}, target_id=0: 0.00049774ms, 1%
@106 = load[offset=100352,end=200704](@1) -> int8_type, {1, 128, 28, 28}, {100352, 784, 28, 1}, target_id=0: 0.00049376ms, 1%
@107 = broadcast[axis=1,out_lens={1, 128, 28, 28}](@105) -> float_type, {1, 128, 28, 28}, {0, 1, 0, 0}, target_id=0: 0.00073708ms, 1%
@108 = gpu::code_object[code_object=7256,symbol_name=mlir_quant_convolution_dequantizelinear_add_relu_quantizelinear,global=25600,local=256,](@107,@104,@87,@106) -> int8_type, {1, 128, 28, 28}, {100352, 784, 28, 1}, target_id=0: 0.0402128ms, 2%
@109 = hip::hip_copy_literal[id=main:@literal:64] -> float_type, {512}, {1}, target_id=0: 0.00049878ms, 1%
@110 = load[offset=301056,end=702464](@1) -> int8_type, {1, 512, 28, 28}, {401408, 784, 28, 1}, target_id=0: 0.00049256ms, 1%
@111 = broadcast[axis=1,out_lens={1, 512, 28, 28}](@109) -> float_type, {1, 512, 28, 28}, {0, 1, 0, 0}, target_id=0: 0.00071504ms, 1%
@112 = gpu::code_object[code_object=6144,symbol_name=mlir_quant_convolution_dequantizelinear_add_dequantizelinear_add_relu_quantizelinear,global=102400,local=256,](@111,@100,@108,@83,@110) -> int8_type, {1, 512, 28, 28}, {401408, 784, 28, 1}, target_id=0: 0.0223372ms, 1%
@113 = hip::hip_copy_literal[id=main:@literal:15] -> int8_type, {512, 128, 1, 1}, {128, 1, 1, 1}, target_id=0: 0.0005444ms, 1%
@114 = hip::hip_copy_literal[id=main:@literal:21] -> int8_type, {128, 128, 3, 3}, {1152, 9, 3, 1}, target_id=0: 0.00044054ms, 1%
@115 = hip::hip_copy_literal[id=main:@literal:7] -> int8_type, {128, 512, 1, 1}, {512, 1, 1, 1}, target_id=0: 0.0005514ms, 1%
@116 = hip::hip_copy_literal[id=main:@literal:65] -> float_type, {128}, {1}, target_id=0: 0.00083838ms, 1%
@117 = broadcast[axis=1,out_lens={1, 128, 28, 28}](@116) -> float_type, {1, 128, 28, 28}, {0, 1, 0, 0}, target_id=0: 0.00098118ms, 1%
@118 = load[offset=0,end=100352](@1) -> int8_type, {1, 128, 28, 28}, {100352, 784, 28, 1}, target_id=0: 0.0004742ms, 1%
@119 = gpu::code_object[code_object=5720,symbol_name=mlir_quant_convolution_dequantizelinear_add_relu_quantizelinear,global=25600,local=256,](@117,@112,@115,@118) -> int8_type, {1, 128, 28, 28}, {100352, 784, 28, 1}, target_id=0: 0.0241713ms, 2%
@120 = hip::hip_copy_literal[id=main:@literal:66] -> float_type, {128}, {1}, target_id=0: 0.00055162ms, 1%
@121 = load[offset=200704,end=301056](@1) -> int8_type, {1, 128, 28, 28}, {100352, 784, 28, 1}, target_id=0: 0.00049034ms, 1%
@122 = broadcast[axis=1,out_lens={1, 128, 28, 28}](@120) -> float_type, {1, 128, 28, 28}, {0, 1, 0, 0}, target_id=0: 0.00081ms, 1%
@123 = gpu::code_object[code_object=7256,symbol_name=mlir_quant_convolution_dequantizelinear_add_relu_quantizelinear,global=25600,local=256,](@122,@119,@114,@121) -> int8_type, {1, 128, 28, 28}, {100352, 784, 28, 1}, target_id=0: 0.0401668ms, 2%
@124 = hip::hip_copy_literal[id=main:@literal:67] -> float_type, {512}, {1}, target_id=0: 0.00049858ms, 1%
@125 = load[offset=702464,end=2308096](@1) -> float_type, {1, 512, 28, 28}, {401408, 784, 28, 1}, target_id=0: 0.0005032ms, 1%
@126 = broadcast[axis=1,out_lens={1, 512, 28, 28}](@124) -> float_type, {1, 512, 28, 28}, {0, 1, 0, 0}, target_id=0: 0.00070846ms, 1%
@127 = gpu::code_object[code_object=6056,symbol_name=mlir_quant_convolution_dequantizelinear_add_dequantizelinear_add_relu,global=102400,local=256,](@126,@112,@123,@113,@125) -> float_type, {1, 512, 28, 28}, {401408, 784, 28, 1}, target_id=0: 0.0231444ms, 1%
@128 = hip::hip_copy_literal[id=main:@literal:31] -> int8_type, {1024, 768, 1, 1}, {768, 1, 1, 1}, target_id=0: 0.000522ms, 1%
@129 = hip::hip_copy_literal[id=main:@literal:3] -> int8_type, {256, 256, 3, 3}, {2304, 9, 3, 1}, target_id=0: 0.0004111ms, 1%
@130 = hip::hip_copy_literal[id=main:@literal:5] -> int8_type, {256, 512, 1, 1}, {512, 1, 1, 1}, target_id=0: 0.00041234ms, 1%
@131 = load[offset=0,end=401408](@1) -> int8_type, {1, 512, 28, 28}, {401408, 784, 28, 1}, target_id=0: 0.00063802ms, 1%
@132 = gpu::code_object[code_object=5016,symbol_name=quantizelinear_kernel,global=200704,local=1024,](@127,@131) -> int8_type, {1, 512, 28, 28}, {401408, 784, 28, 1}, target_id=0: 0.018932ms, 1%
@133 = hip::hip_copy_literal[id=main:@literal:68] -> float_type, {256}, {1}, target_id=0: 0.00052438ms, 1%
@134 = hip::hip_copy_literal[id=main:@literal:69] -> float_type, {256}, {1}, target_id=0: 0.00156048ms, 1%
@135 = broadcast[axis=1,out_lens={1, 256, 28, 28}](@133) -> float_type, {1, 256, 28, 28}, {0, 1, 0, 0}, target_id=0: 0.00117142ms, 1%
@136 = load[offset=2308096,end=2508800](@1) -> int8_type, {1, 256, 28, 28}, {200704, 784, 28, 1}, target_id=0: 0.00049996ms, 1%
@137 = gpu::code_object[code_object=5720,symbol_name=mlir_quant_convolution_dequantizelinear_add_relu_quantizelinear,global=51200,local=256,](@135,@132,@130,@136) -> int8_type, {1, 256, 28, 28}, {200704, 784, 28, 1}, target_id=0: 0.0249933ms, 2%
@138 = load[offset=200704,end=401408](@1) -> int32_type, {1, 256, 14, 14}, {50176, 196, 14, 1}, target_id=0: 0.00060062ms, 1%
@139 = gpu::code_object[code_object=6536,symbol_name=mlir_quant_convolution,global=14336,local=256,](@137,@129,@138) -> int32_type, {1, 256, 14, 14}, {50176, 196, 14, 1}, target_id=0: 0.0557956ms, 3%
@140 = broadcast[axis=1,out_lens={1, 256, 14, 14}](@134) -> float_type, {1, 256, 14, 14}, {0, 1, 0, 0}, target_id=0: 0.00086564ms, 1%
@141 = load[offset=0,end=150528](@1) -> int8_type, {1, 768, 14, 14}, {150528, 196, 14, 1}, target_id=0: 0.00047598ms, 1%
@142 = step[axes={2, 3},steps={2, 2}](@127) -> float_type, {1, 512, 14, 14}, {401408, 784, 56, 2}, target_id=0: 0.00073172ms, 1%
@143 = gpu::code_object[code_object=5664,symbol_name=dequantizelinear_add_relu_noop_concat_quantizelinear_kernel,global=75264,local=1024,](@139,@140,@142,@141) -> int8_type, {1, 768, 14, 14}, {150528, 196, 14, 1}, target_id=0: 0.0189715ms, 1%
@144 = hip::hip_copy_literal[id=main:@literal:52] -> float_type, {1024}, {1}, target_id=0: 0.00055402ms, 1%
@145 = broadcast[axis=1,out_lens={1, 1024, 14, 14}](@144) -> float_type, {1, 1024, 14, 14}, {0, 1, 0, 0}, target_id=0: 0.00076864ms, 1%
@146 = load[offset=351232,end=551936](@1) -> int8_type, {1, 1024, 14, 14}, {200704, 196, 14, 1}, target_id=0: 0.00049856ms, 1%
@147 = gpu::code_object[code_object=5720,symbol_name=mlir_quant_convolution_dequantizelinear_add_relu_quantizelinear,global=57344,local=256,](@145,@143,@128,@146) -> int8_type, {1, 1024, 14, 14}, {200704, 196, 14, 1}, target_id=0: 0.0288132ms, 2%
@148 = hip::hip_copy_literal[id=main:@literal:2] -> int8_type, {256, 1024, 1, 1}, {1024, 1, 1, 1}, target_id=0: 0.00051376ms, 1%
@149 = hip::hip_copy_literal[id=main:@literal:70] -> float_type, {256}, {1}, target_id=0: 0.00045248ms, 1%
@150 = broadcast[axis=1,out_lens={1, 256, 14, 14}](@149) -> float_type, {1, 256, 14, 14}, {0, 1, 0, 0}, target_id=0: 0.00077442ms, 1%
@151 = load[offset=100352,end=150528](@1) -> int8_type, {1, 256, 14, 14}, {50176, 196, 14, 1}, target_id=0: 0.00047392ms, 1%
@152 = gpu::code_object[code_object=5720,symbol_name=mlir_quant_convolution_dequantizelinear_add_relu_quantizelinear,global=14336,local=256,](@150,@147,@148,@151) -> int8_type, {1, 256, 14, 14}, {50176, 196, 14, 1}, target_id=0: 0.0291414ms, 2%
@153 = hip::hip_copy_literal[id=main:@literal:1] -> int8_type, {256, 256, 3, 3}, {2304, 9, 3, 1}, target_id=0: 0.00061928ms, 1%
@154 = hip::hip_copy_literal[id=main:@literal:71] -> float_type, {256}, {1}, target_id=0: 0.00044246ms, 1%
@155 = load[offset=50176,end=100352](@1) -> int8_type, {1, 256, 14, 14}, {50176, 196, 14, 1}, target_id=0: 0.00049834ms, 1%
@156 = broadcast[axis=1,out_lens={1, 256, 14, 14}](@154) -> float_type, {1, 256, 14, 14}, {0, 1, 0, 0}, target_id=0: 0.00073948ms, 1%
@157 = gpu::code_object[code_object=7256,symbol_name=mlir_quant_convolution_dequantizelinear_add_relu_quantizelinear,global=14336,local=256,](@156,@152,@153,@155) -> int8_type, {1, 256, 14, 14}, {50176, 196, 14, 1}, target_id=0: 0.0555084ms, 3%
@158 = hip::hip_copy_literal[id=main:@literal:0] -> int8_type, {1024, 256, 1, 1}, {256, 1, 1, 1}, target_id=0: 0.00048694ms, 1%
@159 = hip::hip_copy_literal[id=main:@literal:73] -> float_type, {1024}, {1}, target_id=0: 0.00044972ms, 1%
@160 = load[offset=150528,end=351232](@1) -> int8_type, {1, 1024, 14, 14}, {200704, 196, 14, 1}, target_id=0: 0.00051278ms, 1%
@161 = broadcast[axis=1,out_lens={1, 1024, 14, 14}](@159) -> float_type, {1, 1024, 14, 14}, {0, 1, 0, 0}, target_id=0: 0.0006012ms, 1%
@162 = gpu::code_object[code_object=6144,symbol_name=mlir_quant_convolution_dequantizelinear_add_dequantizelinear_add_relu_quantizelinear,global=57344,local=256,](@161,@147,@157,@158,@160) -> int8_type, {1, 1024, 14, 14}, {200704, 196, 14, 1}, target_id=0: 0.0231629ms, 1%
@163 = hip::hip_copy_literal[id=main:@literal:37] -> int8_type, {256, 1024, 1, 1}, {1024, 1, 1, 1}, target_id=0: 0.00055788ms, 1%
@164 = hip::hip_copy_literal[id=main:@literal:39] -> int8_type, {256, 256, 3, 3}, {2304, 9, 3, 1}, target_id=0: 0.00044306ms, 1%
@165 = hip::hip_copy_literal[id=main:@literal:36] -> int8_type, {1024, 256, 1, 1}, {256, 1, 1, 1}, target_id=0: 0.00058512ms, 1%
@166 = hip::hip_copy_literal[id=main:@literal:8] -> int8_type, {256, 1024, 1, 1}, {1024, 1, 1, 1}, target_id=0: 0.00041608ms, 1%
@167 = hip::hip_copy_literal[id=main:@literal:40] -> int8_type, {1024, 256, 1, 1}, {256, 1, 1, 1}, target_id=0: 0.00048298ms, 1%
@168 = hip::hip_copy_literal[id=main:@literal:19] -> int8_type, {256, 256, 3, 3}, {2304, 9, 3, 1}, target_id=0: 0.00091366ms, 1%
@169 = hip::hip_copy_literal[id=main:@literal:74] -> float_type, {256}, {1}, target_id=0: 0.0004781ms, 1%
@170 = hip::hip_copy_literal[id=main:@literal:75] -> float_type, {256}, {1}, target_id=0: 0.00045442ms, 1%
@171 = hip::hip_copy_literal[id=main:@literal:76] -> float_type, {1024}, {1}, target_id=0: 0.00044286ms, 1%
@172 = hip::hip_copy_literal[id=main:@literal:77] -> float_type, {256}, {1}, target_id=0: 0.00044558ms, 1%
@173 = hip::hip_copy_literal[id=main:@literal:78] -> float_type, {256}, {1}, target_id=0: 0.00044516ms, 1%
@174 = hip::hip_copy_literal[id=main:@literal:79] -> float_type, {1024}, {1}, target_id=0: 0.00044902ms, 1%
@175 = load[offset=100352,end=150528](@1) -> int8_type, {1, 256, 14, 14}, {50176, 196, 14, 1}, target_id=0: 0.0006287ms, 1%
@176 = broadcast[axis=1,out_lens={1, 256, 14, 14}](@169) -> float_type, {1, 256, 14, 14}, {0, 1, 0, 0}, target_id=0: 0.00064888ms, 1%
@177 = gpu::code_object[code_object=5720,symbol_name=mlir_quant_convolution_dequantizelinear_add_relu_quantizelinear,global=14336,local=256,](@176,@162,@166,@175) -> int8_type, {1, 256, 14, 14}, {50176, 196, 14, 1}, target_id=0: 0.0313451ms, 2%
@178 = load[offset=50176,end=100352](@1) -> int8_type, {1, 256, 14, 14}, {50176, 196, 14, 1}, target_id=0: 0.00056124ms, 1%
@179 = broadcast[axis=1,out_lens={1, 256, 14, 14}](@170) -> float_type, {1, 256, 14, 14}, {0, 1, 0, 0}, target_id=0: 0.00059954ms, 1%
@180 = gpu::code_object[code_object=7256,symbol_name=mlir_quant_convolution_dequantizelinear_add_relu_quantizelinear,global=14336,local=256,](@179,@177,@168,@178) -> int8_type, {1, 256, 14, 14}, {50176, 196, 14, 1}, target_id=0: 0.0553105ms, 3%
@181 = load[offset=551936,end=752640](@1) -> int8_type, {1, 1024, 14, 14}, {200704, 196, 14, 1}, target_id=0: 0.0005344ms, 1%
@182 = broadcast[axis=1,out_lens={1, 1024, 14, 14}](@171) -> float_type, {1, 1024, 14, 14}, {0, 1, 0, 0}, target_id=0: 0.000706ms, 1%
@183 = gpu::code_object[code_object=6144,symbol_name=mlir_quant_convolution_dequantizelinear_add_dequantizelinear_add_relu_quantizelinear,global=57344,local=256,](@182,@162,@180,@165,@181) -> int8_type, {1, 1024, 14, 14}, {200704, 196, 14, 1}, target_id=0: 0.0233294ms, 1%
@184 = load[offset=50176,end=100352](@1) -> int8_type, {1, 256, 14, 14}, {50176, 196, 14, 1}, target_id=0: 0.0005302ms, 1%
@185 = broadcast[axis=1,out_lens={1, 256, 14, 14}](@172) -> float_type, {1, 256, 14, 14}, {0, 1, 0, 0}, target_id=0: 0.00056364ms, 1%
@186 = gpu::code_object[code_object=5720,symbol_name=mlir_quant_convolution_dequantizelinear_add_relu_quantizelinear,global=14336,local=256,](@185,@183,@163,@184) -> int8_type, {1, 256, 14, 14}, {50176, 196, 14, 1}, target_id=0: 0.0293563ms, 2%
@187 = load[offset=0,end=50176](@1) -> int8_type, {1, 256, 14, 14}, {50176, 196, 14, 1}, target_id=0: 0.000525ms, 1%
@188 = broadcast[axis=1,out_lens={1, 256, 14, 14}](@173) -> float_type, {1, 256, 14, 14}, {0, 1, 0, 0}, target_id=0: 0.00064754ms, 1%
@189 = gpu::code_object[code_object=7256,symbol_name=mlir_quant_convolution_dequantizelinear_add_relu_quantizelinear,global=14336,local=256,](@188,@186,@164,@187) -> int8_type, {1, 256, 14, 14}, {50176, 196, 14, 1}, target_id=0: 0.0558712ms, 3%
@190 = broadcast[axis=1,out_lens={1, 1024, 14, 14}](@174) -> float_type, {1, 1024, 14, 14}, {0, 1, 0, 0}, target_id=0: 0.0006516ms, 1%
@191 = load[offset=351232,end=551936](@1) -> int8_type, {1, 1024, 14, 14}, {200704, 196, 14, 1}, target_id=0: 0.00050594ms, 1%
@192 = gpu::code_object[code_object=6144,symbol_name=mlir_quant_convolution_dequantizelinear_add_dequantizelinear_add_relu_quantizelinear,global=57344,local=256,](@190,@183,@189,@167,@191) -> int8_type, {1, 1024, 14, 14}, {200704, 196, 14, 1}, target_id=0: 0.0230741ms, 1%
@193 = hip::hip_copy_literal[id=main:@literal:41] -> int8_type, {256, 1024, 1, 1}, {1024, 1, 1, 1}, target_id=0: 0.00054002ms, 1%
@194 = hip::hip_copy_literal[id=main:@literal:25] -> int8_type, {1024, 256, 1, 1}, {256, 1, 1, 1}, target_id=0: 0.00042616ms, 1%
@195 = hip::hip_copy_literal[id=main:@literal:42] -> int8_type, {256, 256, 3, 3}, {2304, 9, 3, 1}, target_id=0: 0.00057088ms, 1%
@196 = hip::hip_copy_literal[id=main:@literal:80] -> float_type, {256}, {1}, target_id=0: 0.00040648ms, 1%
@197 = hip::hip_copy_literal[id=main:@literal:81] -> float_type, {256}, {1}, target_id=0: 0.0005186ms, 1%
@198 = hip::hip_copy_literal[id=main:@literal:82] -> float_type, {1024}, {1}, target_id=0: 0.00091246ms, 1%
@199 = load[offset=100352,end=150528](@1) -> int8_type, {1, 256, 14, 14}, {50176, 196, 14, 1}, target_id=0: 0.00049416ms, 1%
@200 = broadcast[axis=1,out_lens={1, 256, 14, 14}](@196) -> float_type, {1, 256, 14, 14}, {0, 1, 0, 0}, target_id=0: 0.00065928ms, 1%
@201 = gpu::code_object[code_object=5720,symbol_name=mlir_quant_convolution_dequantizelinear_add_relu_quantizelinear,global=14336,local=256,](@200,@192,@193,@199) -> int8_type, {1, 256, 14, 14}, {50176, 196, 14, 1}, target_id=0: 0.02834ms, 2%
@202 = broadcast[axis=1,out_lens={1, 256, 14, 14}](@197) -> float_type, {1, 256, 14, 14}, {0, 1, 0, 0}, target_id=0: 0.00063554ms, 1%
@203 = load[offset=50176,end=100352](@1) -> int8_type, {1, 256, 14, 14}, {50176, 196, 14, 1}, target_id=0: 0.00050678ms, 1%
@204 = gpu::code_object[code_object=7256,symbol_name=mlir_quant_convolution_dequantizelinear_add_relu_quantizelinear,global=14336,local=256,](@202,@201,@195,@203) -> int8_type, {1, 256, 14, 14}, {50176, 196, 14, 1}, target_id=0: 0.0551785ms, 3%
@205 = load[offset=150528,end=351232](@1) -> int8_type, {1, 1024, 14, 14}, {200704, 196, 14, 1}, target_id=0: 0.00060296ms, 1%
@206 = broadcast[axis=1,out_lens={1, 1024, 14, 14}](@198) -> float_type, {1, 1024, 14, 14}, {0, 1, 0, 0}, target_id=0: 0.000727ms, 1%
@207 = gpu::code_object[code_object=6144,symbol_name=mlir_quant_convolution_dequantizelinear_add_dequantizelinear_add_relu_quantizelinear,global=57344,local=256,](@206,@192,@204,@194,@205) -> int8_type, {1, 1024, 14, 14}, {200704, 196, 14, 1}, target_id=0: 0.0231156ms, 1%
@208 = hip::hip_copy_literal[id=main:@literal:32] -> int8_type, {256, 256, 3, 3}, {2304, 9, 3, 1}, target_id=0: 0.00052518ms, 1%
@209 = hip::hip_copy_literal[id=main:@literal:43] -> int8_type, {256, 1024, 1, 1}, {1024, 1, 1, 1}, target_id=0: 0.00041572ms, 1%
@210 = hip::hip_copy_literal[id=main:@literal:44] -> int8_type, {1024, 256, 1, 1}, {256, 1, 1, 1}, target_id=0: 0.00055322ms, 1%
@211 = hip::hip_copy_literal[id=main:@literal:83] -> float_type, {256}, {1}, target_id=0: 0.00043796ms, 1%
@212 = hip::hip_copy_literal[id=main:@literal:84] -> float_type, {256}, {1}, target_id=0: 0.00044316ms, 1%
@213 = hip::hip_copy_literal[id=main:@literal:85] -> float_type, {1024}, {1}, target_id=0: 0.00089674ms, 1%
@214 = broadcast[axis=1,out_lens={1, 256, 14, 14}](@211) -> float_type, {1, 256, 14, 14}, {0, 1, 0, 0}, target_id=0: 0.00068254ms, 1%
@215 = load[offset=0,end=50176](@1) -> int8_type, {1, 256, 14, 14}, {50176, 196, 14, 1}, target_id=0: 0.00047578ms, 1%
@216 = gpu::code_object[code_object=5720,symbol_name=mlir_quant_convolution_dequantizelinear_add_relu_quantizelinear,global=14336,local=256,](@214,@207,@209,@215) -> int8_type, {1, 256, 14, 14}, {50176, 196, 14, 1}, target_id=0: 0.028643ms, 2%
@217 = broadcast[axis=1,out_lens={1, 256, 14, 14}](@212) -> float_type, {1, 256, 14, 14}, {0, 1, 0, 0}, target_id=0: 0.00061418ms, 1%
@218 = load[offset=100352,end=150528](@1) -> int8_type, {1, 256, 14, 14}, {50176, 196, 14, 1}, target_id=0: 0.00049372ms, 1%
@219 = gpu::code_object[code_object=7256,symbol_name=mlir_quant_convolution_dequantizelinear_add_relu_quantizelinear,global=14336,local=256,](@217,@216,@208,@218) -> int8_type, {1, 256, 14, 14}, {50176, 196, 14, 1}, target_id=0: 0.0550941ms, 3%
@220 = load[offset=351232,end=1154048](@1) -> float_type, {1, 1024, 14, 14}, {200704, 196, 14, 1}, target_id=0: 0.00055004ms, 1%
@221 = broadcast[axis=1,out_lens={1, 1024, 14, 14}](@213) -> float_type, {1, 1024, 14, 14}, {0, 1, 0, 0}, target_id=0: 0.00062064ms, 1%
@222 = gpu::code_object[code_object=6056,symbol_name=mlir_quant_convolution_dequantizelinear_add_dequantizelinear_add_relu,global=57344,local=256,](@221,@207,@219,@210,@220) -> float_type, {1, 1024, 14, 14}, {200704, 196, 14, 1}, target_id=0: 0.0235069ms, 2%
@223 = hip::hip_copy_literal[id=main:@literal:26] -> int8_type, {2048, 1536, 1, 1}, {1536, 1, 1, 1}, target_id=0: 0.0005194ms, 1%
@224 = hip::hip_copy_literal[id=main:@literal:46] -> int8_type, {512, 512, 3, 3}, {4608, 9, 3, 1}, target_id=0: 0.00048578ms, 1%
@225 = hip::hip_copy_literal[id=main:@literal:53] -> float_type, {2048}, {1}, target_id=0: 0.00057376ms, 1%
@226 = hip::hip_copy_literal[id=main:@literal:45] -> int8_type, {512, 1024, 1, 1}, {1024, 1, 1, 1}, target_id=0: 0.00042834ms, 1%
@227 = hip::hip_copy_literal[id=main:@literal:86] -> float_type, {512}, {1}, target_id=0: 0.00043938ms, 1%
@228 = hip::hip_copy_literal[id=main:@literal:87] -> float_type, {512}, {1}, target_id=0: 0.000432ms, 1%
@229 = load[offset=0,end=200704](@1) -> int8_type, {1, 1024, 14, 14}, {200704, 196, 14, 1}, target_id=0: 0.0005092ms, 1%
@230 = gpu::code_object[code_object=5016,symbol_name=quantizelinear_kernel,global=100352,local=1024,](@222,@229) -> int8_type, {1, 1024, 14, 14}, {200704, 196, 14, 1}, target_id=0: 0.0176679ms, 1%
@231 = load[offset=1154048,end=1254400](@1) -> int8_type, {1, 512, 14, 14}, {100352, 196, 14, 1}, target_id=0: 0.00055084ms, 1%
@232 = broadcast[axis=1,out_lens={1, 512, 14, 14}](@227) -> float_type, {1, 512, 14, 14}, {0, 1, 0, 0}, target_id=0: 0.0008069ms, 1%
@233 = gpu::code_object[code_object=5720,symbol_name=mlir_quant_convolution_dequantizelinear_add_relu_quantizelinear,global=28672,local=256,](@232,@230,@226,@231) -> int8_type, {1, 512, 14, 14}, {100352, 196, 14, 1}, target_id=0: 0.0289817ms, 2%
@234 = load[offset=175616,end=275968](@1) -> int32_type, {1, 512, 7, 7}, {25088, 49, 7, 1}, target_id=0: 0.00055864ms, 1%
@235 = gpu::code_object[code_object=6536,symbol_name=mlir_quant_convolution,global=8192,local=256,](@233,@224,@234) -> int32_type, {1, 512, 7, 7}, {25088, 49, 7, 1}, target_id=0: 0.0899094ms, 4%
@236 = load[offset=0,end=75264](@1) -> int8_type, {1, 1536, 7, 7}, {75264, 49, 7, 1}, target_id=0: 0.00062268ms, 1%
@237 = broadcast[axis=1,out_lens={1, 512, 7, 7}](@228) -> float_type, {1, 512, 7, 7}, {0, 1, 0, 0}, target_id=0: 0.00076344ms, 1%
@238 = step[axes={2, 3},steps={2, 2}](@222) -> float_type, {1, 1024, 7, 7}, {200704, 196, 28, 2}, target_id=0: 0.0006944ms, 1%
@239 = gpu::code_object[code_object=5728,symbol_name=dequantizelinear_add_relu_noop_concat_quantizelinear_kernel,global=37632,local=1024,](@235,@237,@238,@236) -> int8_type, {1, 1536, 7, 7}, {75264, 49, 7, 1}, target_id=0: 0.0191574ms, 1%
@240 = load[offset=225792,end=326144](@1) -> int8_type, {1, 2048, 7, 7}, {100352, 49, 7, 1}, target_id=0: 0.00058532ms, 1%
@241 = broadcast[axis=1,out_lens={1, 2048, 7, 7}](@225) -> float_type, {1, 2048, 7, 7}, {0, 1, 0, 0}, target_id=0: 0.00076742ms, 1%
@242 = gpu::code_object[code_object=6168,symbol_name=mlir_quant_convolution_dequantizelinear_add_relu_quantizelinear,global=32768,local=64,](@241,@239,@223,@240) -> int8_type, {1, 2048, 7, 7}, {100352, 49, 7, 1}, target_id=0: 0.0436254ms, 2%
@243 = hip::hip_copy_literal[id=main:@literal:4] -> int8_type, {512, 2048, 1, 1}, {2048, 1, 1, 1}, target_id=0: 0.00050536ms, 1%
@244 = hip::hip_copy_literal[id=main:@literal:17] -> int8_type, {512, 512, 3, 3}, {4608, 9, 3, 1}, target_id=0: 0.00048416ms, 1%
@245 = hip::hip_copy_literal[id=main:@literal:47] -> int8_type, {2048, 512, 1, 1}, {512, 1, 1, 1}, target_id=0: 0.00061214ms, 1%
@246 = hip::hip_copy_literal[id=main:@literal:88] -> float_type, {512}, {1}, target_id=0: 0.0004348ms, 1%
@247 = hip::hip_copy_literal[id=main:@literal:89] -> float_type, {512}, {1}, target_id=0: 0.00043996ms, 1%
@248 = hip::hip_copy_literal[id=main:@literal:90] -> float_type, {2048}, {1}, target_id=0: 0.00045518ms, 1%
@249 = load[offset=25088,end=50176](@1) -> int8_type, {1, 512, 7, 7}, {25088, 49, 7, 1}, target_id=0: 0.00056704ms, 1%
@250 = broadcast[axis=1,out_lens={1, 512, 7, 7}](@246) -> float_type, {1, 512, 7, 7}, {0, 1, 0, 0}, target_id=0: 0.00064574ms, 1%
@251 = gpu::code_object[code_object=6040,symbol_name=mlir_quant_convolution_dequantizelinear_add_relu_quantizelinear,global=8192,local=64,](@250,@242,@243,@249) -> int8_type, {1, 512, 7, 7}, {25088, 49, 7, 1}, target_id=0: 0.0456797ms, 2%
@252 = broadcast[axis=1,out_lens={1, 512, 7, 7}](@247) -> float_type, {1, 512, 7, 7}, {0, 1, 0, 0}, target_id=0: 0.00062724ms, 1%
@253 = load[offset=0,end=25088](@1) -> int8_type, {1, 512, 7, 7}, {25088, 49, 7, 1}, target_id=0: 0.00052558ms, 1%
@254 = gpu::code_object[code_object=7192,symbol_name=mlir_quant_convolution_dequantizelinear_add_relu_quantizelinear,global=8192,local=256,](@252,@251,@244,@253) -> int8_type, {1, 512, 7, 7}, {25088, 49, 7, 1}, target_id=0: 0.0868867ms, 4%
@255 = load[offset=125440,end=225792](@1) -> int8_type, {1, 2048, 7, 7}, {100352, 49, 7, 1}, target_id=0: 0.00055764ms, 1%
@256 = broadcast[axis=1,out_lens={1, 2048, 7, 7}](@248) -> float_type, {1, 2048, 7, 7}, {0, 1, 0, 0}, target_id=0: 0.00062944ms, 1%
@257 = gpu::code_object[code_object=6656,symbol_name=mlir_quant_convolution_dequantizelinear_add_dequantizelinear_add_relu_quantizelinear,global=32768,local=64,](@256,@242,@254,@245,@255) -> int8_type, {1, 2048, 7, 7}, {100352, 49, 7, 1}, target_id=0: 0.0286732ms, 2%
@258 = hip::hip_copy_literal[id=main:@literal:48] -> int8_type, {512, 2048, 1, 1}, {2048, 1, 1, 1}, target_id=0: 0.0005262ms, 1%
@259 = hip::hip_copy_literal[id=main:@literal:30] -> int8_type, {2048, 1001}, {1001, 1}, target_id=0: 0.00043424ms, 1%
@260 = hip::hip_copy_literal[id=main:@literal:49] -> int8_type, {512, 512, 3, 3}, {4608, 9, 3, 1}, target_id=0: 0.00055162ms, 1%
@261 = hip::hip_copy_literal[id=main:@literal:38] -> int8_type, {2048, 512, 1, 1}, {512, 1, 1, 1}, target_id=0: 0.00043682ms, 1%
@262 = hip::hip_copy_literal[id=main:@literal:92] -> float_type, {512}, {1}, target_id=0: 0.00042784ms, 1%
@263 = hip::hip_copy_literal[id=main:@literal:93] -> float_type, {512}, {1}, target_id=0: 0.00071776ms, 1%
@264 = hip::hip_copy_literal[id=main:@literal:94] -> float_type, {2048}, {1}, target_id=0: 0.00053766ms, 1%
@265 = hip::hip_copy_literal[id=main:@literal:99] -> float_type, {1001}, {1}, target_id=0: 0.00042526ms, 1%
@266 = load[offset=25088,end=50176](@1) -> int8_type, {1, 512, 7, 7}, {25088, 49, 7, 1}, target_id=0: 0.00050034ms, 1%
@267 = broadcast[axis=1,out_lens={1, 512, 7, 7}](@262) -> float_type, {1, 512, 7, 7}, {0, 1, 0, 0}, target_id=0: 0.00063894ms, 1%
@268 = gpu::code_object[code_object=6040,symbol_name=mlir_quant_convolution_dequantizelinear_add_relu_quantizelinear,global=8192,local=64,](@267,@257,@258,@266) -> int8_type, {1, 512, 7, 7}, {25088, 49, 7, 1}, target_id=0: 0.0421651ms, 2%
@269 = broadcast[axis=1,out_lens={1, 512, 7, 7}](@263) -> float_type, {1, 512, 7, 7}, {0, 1, 0, 0}, target_id=0: 0.00061394ms, 1%
@270 = load[offset=0,end=25088](@1) -> int8_type, {1, 512, 7, 7}, {25088, 49, 7, 1}, target_id=0: 0.000511ms, 1%
@271 = gpu::code_object[code_object=7192,symbol_name=mlir_quant_convolution_dequantizelinear_add_relu_quantizelinear,global=8192,local=256,](@269,@268,@260,@270) -> int8_type, {1, 512, 7, 7}, {25088, 49, 7, 1}, target_id=0: 0.0872724ms, 4%
@272 = load[offset=225792,end=627200](@1) -> int32_type, {1, 2048, 7, 7}, {100352, 49, 7, 1}, target_id=0: 0.00055882ms, 1%
@273 = gpu::code_object[code_object=5512,symbol_name=mlir_quant_convolution,global=32768,local=64,](@271,@261,@272) -> int32_type, {1, 2048, 7, 7}, {100352, 49, 7, 1}, target_id=0: 0.0276825ms, 2%
@274 = load[offset=6064,end=14256](@1) -> float_type, {1, 2048, 1, 1}, {2048, 1, 1, 1}, target_id=0: 0.00054804ms, 1%
@275 = broadcast[axis=1,out_lens={1, 2048, 7, 7}](@264) -> float_type, {1, 2048, 7, 7}, {0, 1, 0, 0}, target_id=0: 0.00078284ms, 1%
@276 = gpu::code_object[code_object=5816,symbol_name=dequantizelinear_add_dequantizelinear_add_relu_mul_reduce_sum_kernel,global=131072,local=64,](@273,@275,@257,@274) -> float_type, {1, 2048, 1, 1}, {2048, 1, 1, 1}, target_id=0: 0.0178021ms, 1%
@277 = load[offset=0,end=2048](@1) -> int8_type, {1, 2048}, {2048, 1}, target_id=0: 0.0005516ms, 1%
@278 = squeeze[axes={2, 3}](@276) -> float_type, {1, 2048}, {2048, 1}, target_id=0: 0.00081014ms, 1%
@279 = gpu::code_object[code_object=5016,symbol_name=quantizelinear_kernel,global=1024,local=1024,](@278,@277) -> int8_type, {1, 2048}, {2048, 1}, target_id=0: 0.0168889ms, 1%
@280 = load[offset=8032,end=12036](@1) -> int32_type, {1, 1001}, {1001, 1}, target_id=0: 0.00056144ms, 1%
@281 = gpu::quant_gemm[alpha=1,beta=0,compute_fp32=1,trans_batch=0,solution_idx=0](@279,@259,@280) -> int32_type, {1, 1001}, {1001, 1}, target_id=0: 0.0591912ms, 3%
@282 = load[offset=4016,end=8020](@1) -> float_type, {1, 1001}, {1001, 1}, target_id=0: 0.00067882ms, 1%
@283 = multibroadcast[out_lens={1, 1001},out_dyn_dims={}](@265) -> float_type, {1, 1001}, {0, 1}, target_id=0: 0.00138442ms, 1%
@284 = gpu::code_object[code_object=5280,symbol_name=dequantizelinear_add_kernel,global=1001,local=1024,](@281,@283,@282) -> float_type, {1, 1001}, {1001, 1}, target_id=0: 0.0163048ms, 1%
@285 = load[offset=0,end=8](@1) -> int64_type, {1, 1}, {1, 1}, target_id=0: 0.00060304ms, 1%
@286 = gpu::argmax[axis=1,select_last_index=0](@284,@285) -> int64_type, {1, 1}, {1, 1}, target_id=0: 0.0272548ms, 2%
main:#output_0 = @param:main:#output_0 -> int64_type, {1}, {1}, target_id=0: 0.00077842ms, 1%
@288 = reshape_lazy[dims={1}](@286) -> int64_type, {1}, {1}, target_id=0: 0.00091148ms, 1%
@289 = gpu::code_object[code_object=4952,symbol_name=convert_convert_kernel,global=1,local=1024,](@288,main:#output_0) -> int64_type, {1}, {1}, target_id=0: 0.0138577ms, 1%
main:#output_1 = @param:main:#output_1 -> float_type, {1, 1001}, {1001, 1}, target_id=0: 0.00036596ms, 1%
@291 = gpu::code_object[code_object=6848,symbol_name=reduce_max_sub_exp_reduce_sum_div_kernel,global=256,local=256,](@284,main:#output_1) -> float_type, {1, 1001}, {1001, 1}, target_id=0: 0.0227179ms, 1%
@292 = @return(@289,@291), target_id=0
Summary:
gpu::code_object::mlir_quant_convolution_dequantizelinear_add_relu_quantizelinear: 1.2173ms / 32 = 0.0380407ms, 53%
gpu::code_object::mlir_quant_convolution: 0.246305ms / 5 = 0.0492611ms, 11%
gpu::code_object::mlir_quant_convolution_dequantizelinear_add_dequantizelinear_add_relu_quantizelinear: 0.190099ms / 8 = 0.0237623ms, 9%
gpu::code_object::quantizelinear_kernel: 0.11489ms / 6 = 0.0191484ms, 5%
gpu::code_object::dequantizelinear_add_relu_noop_concat_quantizelinear_kernel: 0.0774603ms / 4 = 0.0193651ms, 4%
gpu::code_object::mlir_quant_convolution_dequantizelinear_add_dequantizelinear_add_relu: 0.0711121ms / 3 = 0.023704ms, 4%
gpu::pooling: 0.0610255ms / 1 = 0.0610255ms, 3%
gpu::quant_gemm: 0.0591912ms / 1 = 0.0591912ms, 3%
hip::hip_copy_literal: 0.0538781ms / 100 = 0.000538781ms, 3%
gpu::code_object::mlir_quant_convolution_dequantizelinear_add_relu: 0.0417774ms / 1 = 0.0417774ms, 2%
broadcast: 0.0357312ms / 49 = 0.000729208ms, 2%
load: 0.0346335ms / 65 = 0.000532823ms, 2%
gpu::argmax: 0.0272548ms / 1 = 0.0272548ms, 2%
gpu::code_object::pad_kernel: 0.0253659ms / 1 = 0.0253659ms, 2%
gpu::code_object::reduce_max_sub_exp_reduce_sum_div_kernel: 0.0227179ms / 1 = 0.0227179ms, 1%
gpu::code_object::dequantizelinear_add_dequantizelinear_add_relu_mul_reduce_sum_kernel: 0.0178021ms / 1 = 0.0178021ms, 1%
gpu::code_object::dequantizelinear_add_kernel: 0.0163048ms / 1 = 0.0163048ms, 1%
gpu::code_object::convert_convert_kernel: 0.0138577ms / 1 = 0.0138577ms, 1%
step: 0.00260886ms / 3 = 0.00086962ms, 1%
@param: 0.00147258ms / 3 = 0.00049086ms, 1%
multibroadcast: 0.00138442ms / 1 = 0.00138442ms, 1%
reshape_lazy: 0.00091148ms / 1 = 0.00091148ms, 1%
check_context::migraphx::gpu::context: 0.00085322ms / 1 = 0.00085322ms, 1%
squeeze: 0.00081014ms / 1 = 0.00081014ms, 1%
hip::hip_allocate_memory: 0.00073702ms / 1 = 0.00073702ms, 1%

Batch size: 1
Rate: 822.724 inferences/sec
Total time: 1.21547ms
Total instructions time: 2.33549ms
Overhead time: 0.0436188ms, -1.12001ms
Overhead: 4%, -92%
[ MIGraphX Version: 2.10.0.a7d295086 ] Complete: /src/AMDMIGraphX/build/bin/driver perf --int8 --gpu /new-saved-models/resnet50/resnet50_v1.onnx
