Compiling ... 
Reading: /new-saved-models/dlrm/pt_dlrm_criteoterabyte_13_26_20k_1.1_M2.4/float/pt_dlrm_fp32_onnx/pt_dlrm_fp32.onnx
module: "main"
@0 = check_context::migraphx::gpu::context -> float_type, {}, {}, target_id=0
@1 = hip::hip_allocate_memory[shape=int8_type, {4325376000}, {1},id=main:scratch] -> int8_type, {4325376000}, {1}, target_id=0
@2 = load[offset=0,end=15974400](@1) -> float_type, {307200, 13}, {13, 1}, target_id=0
input = @param:input -> float_type, {307200, 13}, {13, 1}, target_id=0
@4 = hip::copy_to_gpu(input,@2) -> float_type, {307200, 13}, {13, 1}, target_id=0
@5 = hip::hip_copy_literal[id=main:@literal:0] -> float_type, {13, 512}, {512, 1}, target_id=0
@6 = load[offset=1415577600,end=2044723200](@1) -> float_type, {307200, 512}, {512, 1}, target_id=0
@7 = gpu::gemm[alpha=1,beta=0,int8_x4_format=0,compute_fp32=1,trans_batch=0](@4,@5,@6) -> float_type, {307200, 512}, {512, 1}, target_id=0
@8 = hip::hip_copy_literal[id=main:@literal:1] -> float_type, {512, 256}, {256, 1}, target_id=0
@9 = hip::hip_copy_literal[id=main:@literal:14] -> float_type, {512}, {1}, target_id=0
@10 = load[offset=786432000,end=1415577600](@1) -> float_type, {307200, 512}, {512, 1}, target_id=0
@11 = multibroadcast[out_lens={307200, 512},out_dyn_dims={}](@9) -> float_type, {307200, 512}, {0, 1}, target_id=0
@12 = gpu::code_object[code_object=3864,symbol_name=add_relu_kernel,global=19660800,local=1024,](@7,@11,@10) -> float_type, {307200, 512}, {512, 1}, target_id=0
@13 = load[offset=471859200,end=786432000](@1) -> float_type, {307200, 256}, {256, 1}, target_id=0
@14 = gpu::gemm[alpha=1,beta=0,int8_x4_format=0,compute_fp32=1,trans_batch=0](@12,@8,@13) -> float_type, {307200, 256}, {256, 1}, target_id=0
@15 = hip::hip_copy_literal[id=main:@literal:2] -> float_type, {256, 64}, {64, 1}, target_id=0
@16 = hip::hip_copy_literal[id=main:@literal:13] -> float_type, {256}, {1}, target_id=0
@17 = load[offset=157286400,end=471859200](@1) -> float_type, {307200, 256}, {256, 1}, target_id=0
@18 = multibroadcast[out_lens={307200, 256},out_dyn_dims={}](@16) -> float_type, {307200, 256}, {0, 1}, target_id=0
@19 = gpu::code_object[code_object=3864,symbol_name=add_relu_kernel,global=9830400,local=1024,](@14,@18,@17) -> float_type, {307200, 256}, {256, 1}, target_id=0
@20 = load[offset=78643200,end=157286400](@1) -> float_type, {307200, 64}, {64, 1}, target_id=0
@21 = gpu::gemm[alpha=1,beta=0,int8_x4_format=0,compute_fp32=1,trans_batch=0](@19,@15,@20) -> float_type, {307200, 64}, {64, 1}, target_id=0
@22 = load[offset=157286400,end=221184000](@1) -> int64_type, {26, 307200}, {307200, 1}, target_id=0
lS_i = @param:lS_i -> int64_type, {26, 307200}, {307200, 1}, target_id=0
@24 = hip::copy_to_gpu(lS_i,@22) -> int64_type, {26, 307200}, {307200, 1}, target_id=0
@25 = hip::hip_copy_literal[id=main:@literal:4] -> float_type, {256, 1}, {1, 1}, target_id=0
@26 = hip::hip_copy_literal[id=main:@literal:6] -> float_type, {512, 256}, {256, 1}, target_id=0
@27 = hip::hip_copy_literal[id=main:@literal:5] -> float_type, {512, 512}, {512, 1}, target_id=0
@28 = hip::hip_copy_literal[id=main:@literal:15] -> float_type, {36, 64}, {64, 1}, target_id=0
@29 = hip::hip_copy_literal[id=main:@literal:7] -> float_type, {351}, {1}, target_id=0
@30 = hip::hip_copy_literal[id=main:@literal:3] -> float_type, {415, 512}, {512, 1}, target_id=0
@31 = hip::hip_copy_literal[id=main:@literal:17] -> float_type, {12420, 64}, {64, 1}, target_id=0
@32 = hip::hip_copy_literal[id=main:@literal:18] -> float_type, {415421, 64}, {64, 1}, target_id=0
@33 = hip::hip_copy_literal[id=main:@literal:19] -> float_type, {9946608, 64}, {64, 1}, target_id=0
@34 = hip::hip_copy_literal[id=main:@literal:20] -> float_type, {7267859, 64}, {64, 1}, target_id=0
@35 = hip::hip_copy_literal[id=main:@literal:21] -> float_type, {9994222, 64}, {64, 1}, target_id=0
@36 = hip::hip_copy_literal[id=main:@literal:22] -> float_type, {14, 64}, {64, 1}, target_id=0
@37 = hip::hip_copy_literal[id=main:@literal:23] -> float_type, {970, 64}, {64, 1}, target_id=0
@38 = hip::hip_copy_literal[id=main:@literal:24] -> float_type, {4, 64}, {64, 1}, target_id=0
@39 = hip::hip_copy_literal[id=main:@literal:25] -> float_type, {122, 64}, {64, 1}, target_id=0
@40 = hip::hip_copy_literal[id=main:@literal:12] -> float_type, {64}, {1}, target_id=0
@41 = hip::hip_copy_literal[id=main:@literal:16] -> float_type, {101, 64}, {64, 1}, target_id=0
@42 = hip::hip_copy_literal[id=main:@literal:9] -> float_type, {256}, {1}, target_id=0
@43 = hip::hip_copy_literal[id=main:@literal:10] -> float_type, {512}, {1}, target_id=0
@44 = hip::hip_copy_literal[id=main:@literal:11] -> float_type, {512}, {1}, target_id=0
@45 = hip::hip_copy_literal[id=main:@literal:8] -> float_type, {1}, {1}, target_id=0
@46 = hip::hip_copy_literal[id=main:@literal:26] -> float_type, {11156, 64}, {64, 1}, target_id=0
@47 = hip::hip_copy_literal[id=main:@literal:27] -> float_type, {2208, 64}, {64, 1}, target_id=0
@48 = hip::hip_copy_literal[id=main:@literal:28] -> float_type, {10, 64}, {64, 1}, target_id=0
@49 = hip::hip_copy_literal[id=main:@literal:29] -> float_type, {313829, 64}, {64, 1}, target_id=0
@50 = hip::hip_copy_literal[id=main:@literal:30] -> float_type, {1333352, 64}, {64, 1}, target_id=0
@51 = hip::hip_copy_literal[id=main:@literal:31] -> float_type, {9758201, 64}, {64, 1}, target_id=0
@52 = hip::hip_copy_literal[id=main:@literal:32] -> float_type, {61, 64}, {64, 1}, target_id=0
@53 = hip::hip_copy_literal[id=main:@literal:33] -> float_type, {1442, 64}, {64, 1}, target_id=0
@54 = hip::hip_copy_literal[id=main:@literal:34] -> float_type, {7112, 64}, {64, 1}, target_id=0
@55 = hip::hip_copy_literal[id=main:@literal:35] -> float_type, {3, 64}, {64, 1}, target_id=0
@56 = hip::hip_copy_literal[id=main:@literal:36] -> float_type, {20134, 64}, {64, 1}, target_id=0
@57 = hip::hip_copy_literal[id=main:@literal:37] -> float_type, {7378, 64}, {64, 1}, target_id=0
@58 = hip::hip_copy_literal[id=main:@literal:38] -> float_type, {17217, 64}, {64, 1}, target_id=0
@59 = hip::hip_copy_literal[id=main:@literal:39] -> float_type, {36084, 64}, {64, 1}, target_id=0
@60 = hip::hip_copy_literal[id=main:@literal:40] -> float_type, {9980333, 64}, {64, 1}, target_id=0
@61 = load[offset=0,end=31948800](@1) -> float_type, {26, 307200}, {307200, 1}, target_id=0
@62 = gpu::code_object[code_object=3736,symbol_name=convert_kernel,global=1996800,local=1024,](@24,@61) -> float_type, {26, 307200}, {307200, 1}, target_id=0
@63 = slice[axes={0},starts={25},ends={26}](@62) -> float_type, {1, 307200}, {307200, 1}, target_id=0
@64 = squeeze[axes={0}](@63) -> float_type, {307200}, {1}, target_id=0
@65 = load[offset=2123366400,end=2202009600](@1) -> float_type, {307200, 64}, {64, 1}, target_id=0
@66 = gpu::code_object[code_object=3928,symbol_name=gather_kernel,global=307200,local=1024,](@28,@64,@65) -> float_type, {307200, 64}, {64, 1}, target_id=0
@67 = slice[axes={0},starts={24},ends={25}](@62) -> float_type, {1, 307200}, {307200, 1}, target_id=0
@68 = squeeze[axes={0}](@67) -> float_type, {307200}, {1}, target_id=0
@69 = load[offset=2044723200,end=2123366400](@1) -> float_type, {307200, 64}, {64, 1}, target_id=0
@70 = gpu::code_object[code_object=3928,symbol_name=gather_kernel,global=307200,local=1024,](@41,@68,@69) -> float_type, {307200, 64}, {64, 1}, target_id=0
@71 = slice[axes={0},starts={23},ends={24}](@62) -> float_type, {1, 307200}, {307200, 1}, target_id=0
@72 = squeeze[axes={0}](@71) -> float_type, {307200}, {1}, target_id=0
@73 = load[offset=1966080000,end=2044723200](@1) -> float_type, {307200, 64}, {64, 1}, target_id=0
@74 = gpu::code_object[code_object=3928,symbol_name=gather_kernel,global=307200,local=1024,](@31,@72,@73) -> float_type, {307200, 64}, {64, 1}, target_id=0
@75 = slice[axes={0},starts={22},ends={23}](@62) -> float_type, {1, 307200}, {307200, 1}, target_id=0
@76 = squeeze[axes={0}](@75) -> float_type, {307200}, {1}, target_id=0
@77 = load[offset=1887436800,end=1966080000](@1) -> float_type, {307200, 64}, {64, 1}, target_id=0
@78 = gpu::code_object[code_object=3928,symbol_name=gather_kernel,global=307200,local=1024,](@32,@76,@77) -> float_type, {307200, 64}, {64, 1}, target_id=0
@79 = slice[axes={0},starts={21},ends={22}](@62) -> float_type, {1, 307200}, {307200, 1}, target_id=0
@80 = squeeze[axes={0}](@79) -> float_type, {307200}, {1}, target_id=0
@81 = load[offset=1808793600,end=1887436800](@1) -> float_type, {307200, 64}, {64, 1}, target_id=0
@82 = gpu::code_object[code_object=3928,symbol_name=gather_kernel,global=307200,local=1024,](@33,@80,@81) -> float_type, {307200, 64}, {64, 1}, target_id=0
@83 = load[offset=1730150400,end=1808793600](@1) -> float_type, {307200, 64}, {64, 1}, target_id=0
@84 = slice[axes={0},starts={20},ends={21}](@62) -> float_type, {1, 307200}, {307200, 1}, target_id=0
@85 = squeeze[axes={0}](@84) -> float_type, {307200}, {1}, target_id=0
@86 = gpu::code_object[code_object=3928,symbol_name=gather_kernel,global=307200,local=1024,](@34,@85,@83) -> float_type, {307200, 64}, {64, 1}, target_id=0
@87 = slice[axes={0},starts={19},ends={20}](@62) -> float_type, {1, 307200}, {307200, 1}, target_id=0
@88 = squeeze[axes={0}](@87) -> float_type, {307200}, {1}, target_id=0
@89 = load[offset=1651507200,end=1730150400](@1) -> float_type, {307200, 64}, {64, 1}, target_id=0
@90 = gpu::code_object[code_object=3928,symbol_name=gather_kernel,global=307200,local=1024,](@35,@88,@89) -> float_type, {307200, 64}, {64, 1}, target_id=0
@91 = slice[axes={0},starts={18},ends={19}](@62) -> float_type, {1, 307200}, {307200, 1}, target_id=0
@92 = squeeze[axes={0}](@91) -> float_type, {307200}, {1}, target_id=0
@93 = load[offset=1572864000,end=1651507200](@1) -> float_type, {307200, 64}, {64, 1}, target_id=0
@94 = gpu::code_object[code_object=3928,symbol_name=gather_kernel,global=307200,local=1024,](@36,@92,@93) -> float_type, {307200, 64}, {64, 1}, target_id=0
@95 = slice[axes={0},starts={17},ends={18}](@62) -> float_type, {1, 307200}, {307200, 1}, target_id=0
@96 = squeeze[axes={0}](@95) -> float_type, {307200}, {1}, target_id=0
@97 = load[offset=1494220800,end=1572864000](@1) -> float_type, {307200, 64}, {64, 1}, target_id=0
@98 = gpu::code_object[code_object=3928,symbol_name=gather_kernel,global=307200,local=1024,](@37,@96,@97) -> float_type, {307200, 64}, {64, 1}, target_id=0
@99 = load[offset=1415577600,end=1494220800](@1) -> float_type, {307200, 64}, {64, 1}, target_id=0
@100 = slice[axes={0},starts={16},ends={17}](@62) -> float_type, {1, 307200}, {307200, 1}, target_id=0
@101 = squeeze[axes={0}](@100) -> float_type, {307200}, {1}, target_id=0
@102 = gpu::code_object[code_object=3928,symbol_name=gather_kernel,global=307200,local=1024,](@38,@101,@99) -> float_type, {307200, 64}, {64, 1}, target_id=0
@103 = slice[axes={0},starts={15},ends={16}](@62) -> float_type, {1, 307200}, {307200, 1}, target_id=0
@104 = squeeze[axes={0}](@103) -> float_type, {307200}, {1}, target_id=0
@105 = load[offset=1336934400,end=1415577600](@1) -> float_type, {307200, 64}, {64, 1}, target_id=0
@106 = gpu::code_object[code_object=3928,symbol_name=gather_kernel,global=307200,local=1024,](@39,@104,@105) -> float_type, {307200, 64}, {64, 1}, target_id=0
@107 = load[offset=1258291200,end=1336934400](@1) -> float_type, {307200, 64}, {64, 1}, target_id=0
@108 = slice[axes={0},starts={14},ends={15}](@62) -> float_type, {1, 307200}, {307200, 1}, target_id=0
@109 = squeeze[axes={0}](@108) -> float_type, {307200}, {1}, target_id=0
@110 = gpu::code_object[code_object=3928,symbol_name=gather_kernel,global=307200,local=1024,](@46,@109,@107) -> float_type, {307200, 64}, {64, 1}, target_id=0
@111 = slice[axes={0},starts={13},ends={14}](@62) -> float_type, {1, 307200}, {307200, 1}, target_id=0
@112 = squeeze[axes={0}](@111) -> float_type, {307200}, {1}, target_id=0
@113 = load[offset=1179648000,end=1258291200](@1) -> float_type, {307200, 64}, {64, 1}, target_id=0
@114 = gpu::code_object[code_object=3928,symbol_name=gather_kernel,global=307200,local=1024,](@47,@112,@113) -> float_type, {307200, 64}, {64, 1}, target_id=0
@115 = slice[axes={0},starts={12},ends={13}](@62) -> float_type, {1, 307200}, {307200, 1}, target_id=0
@116 = squeeze[axes={0}](@115) -> float_type, {307200}, {1}, target_id=0
@117 = load[offset=1101004800,end=1179648000](@1) -> float_type, {307200, 64}, {64, 1}, target_id=0
@118 = gpu::code_object[code_object=3928,symbol_name=gather_kernel,global=307200,local=1024,](@48,@116,@117) -> float_type, {307200, 64}, {64, 1}, target_id=0
@119 = slice[axes={0},starts={11},ends={12}](@62) -> float_type, {1, 307200}, {307200, 1}, target_id=0
@120 = squeeze[axes={0}](@119) -> float_type, {307200}, {1}, target_id=0
@121 = load[offset=1022361600,end=1101004800](@1) -> float_type, {307200, 64}, {64, 1}, target_id=0
@122 = gpu::code_object[code_object=3928,symbol_name=gather_kernel,global=307200,local=1024,](@49,@120,@121) -> float_type, {307200, 64}, {64, 1}, target_id=0
@123 = load[offset=943718400,end=1022361600](@1) -> float_type, {307200, 64}, {64, 1}, target_id=0
@124 = slice[axes={0},starts={10},ends={11}](@62) -> float_type, {1, 307200}, {307200, 1}, target_id=0
@125 = squeeze[axes={0}](@124) -> float_type, {307200}, {1}, target_id=0
@126 = gpu::code_object[code_object=3928,symbol_name=gather_kernel,global=307200,local=1024,](@50,@125,@123) -> float_type, {307200, 64}, {64, 1}, target_id=0
@127 = slice[axes={0},starts={9},ends={10}](@62) -> float_type, {1, 307200}, {307200, 1}, target_id=0
@128 = squeeze[axes={0}](@127) -> float_type, {307200}, {1}, target_id=0
@129 = load[offset=865075200,end=943718400](@1) -> float_type, {307200, 64}, {64, 1}, target_id=0
@130 = gpu::code_object[code_object=3928,symbol_name=gather_kernel,global=307200,local=1024,](@51,@128,@129) -> float_type, {307200, 64}, {64, 1}, target_id=0
@131 = load[offset=786432000,end=865075200](@1) -> float_type, {307200, 64}, {64, 1}, target_id=0
@132 = slice[axes={0},starts={8},ends={9}](@62) -> float_type, {1, 307200}, {307200, 1}, target_id=0
@133 = squeeze[axes={0}](@132) -> float_type, {307200}, {1}, target_id=0
@134 = gpu::code_object[code_object=3928,symbol_name=gather_kernel,global=307200,local=1024,](@52,@133,@131) -> float_type, {307200, 64}, {64, 1}, target_id=0
@135 = load[offset=707788800,end=786432000](@1) -> float_type, {307200, 64}, {64, 1}, target_id=0
@136 = slice[axes={0},starts={7},ends={8}](@62) -> float_type, {1, 307200}, {307200, 1}, target_id=0
@137 = squeeze[axes={0}](@136) -> float_type, {307200}, {1}, target_id=0
@138 = gpu::code_object[code_object=3928,symbol_name=gather_kernel,global=307200,local=1024,](@53,@137,@135) -> float_type, {307200, 64}, {64, 1}, target_id=0
@139 = slice[axes={0},starts={6},ends={7}](@62) -> float_type, {1, 307200}, {307200, 1}, target_id=0
@140 = squeeze[axes={0}](@139) -> float_type, {307200}, {1}, target_id=0
@141 = load[offset=629145600,end=707788800](@1) -> float_type, {307200, 64}, {64, 1}, target_id=0
@142 = gpu::code_object[code_object=3928,symbol_name=gather_kernel,global=307200,local=1024,](@54,@140,@141) -> float_type, {307200, 64}, {64, 1}, target_id=0
@143 = slice[axes={0},starts={5},ends={6}](@62) -> float_type, {1, 307200}, {307200, 1}, target_id=0
@144 = load[offset=550502400,end=629145600](@1) -> float_type, {307200, 64}, {64, 1}, target_id=0
@145 = squeeze[axes={0}](@143) -> float_type, {307200}, {1}, target_id=0
@146 = gpu::code_object[code_object=3928,symbol_name=gather_kernel,global=307200,local=1024,](@55,@145,@144) -> float_type, {307200, 64}, {64, 1}, target_id=0
@147 = slice[axes={0},starts={4},ends={5}](@62) -> float_type, {1, 307200}, {307200, 1}, target_id=0
@148 = squeeze[axes={0}](@147) -> float_type, {307200}, {1}, target_id=0
@149 = load[offset=471859200,end=550502400](@1) -> float_type, {307200, 64}, {64, 1}, target_id=0
@150 = gpu::code_object[code_object=3928,symbol_name=gather_kernel,global=307200,local=1024,](@56,@148,@149) -> float_type, {307200, 64}, {64, 1}, target_id=0
@151 = load[offset=393216000,end=471859200](@1) -> float_type, {307200, 64}, {64, 1}, target_id=0
@152 = slice[axes={0},starts={3},ends={4}](@62) -> float_type, {1, 307200}, {307200, 1}, target_id=0
@153 = squeeze[axes={0}](@152) -> float_type, {307200}, {1}, target_id=0
@154 = gpu::code_object[code_object=3928,symbol_name=gather_kernel,global=307200,local=1024,](@57,@153,@151) -> float_type, {307200, 64}, {64, 1}, target_id=0
@155 = slice[axes={0},starts={2},ends={3}](@62) -> float_type, {1, 307200}, {307200, 1}, target_id=0
@156 = squeeze[axes={0}](@155) -> float_type, {307200}, {1}, target_id=0
@157 = load[offset=314572800,end=393216000](@1) -> float_type, {307200, 64}, {64, 1}, target_id=0
@158 = gpu::code_object[code_object=3928,symbol_name=gather_kernel,global=307200,local=1024,](@58,@156,@157) -> float_type, {307200, 64}, {64, 1}, target_id=0
@159 = slice[axes={0},starts={1},ends={2}](@62) -> float_type, {1, 307200}, {307200, 1}, target_id=0
@160 = squeeze[axes={0}](@159) -> float_type, {307200}, {1}, target_id=0
@161 = load[offset=235929600,end=314572800](@1) -> float_type, {307200, 64}, {64, 1}, target_id=0
@162 = gpu::code_object[code_object=3928,symbol_name=gather_kernel,global=307200,local=1024,](@59,@160,@161) -> float_type, {307200, 64}, {64, 1}, target_id=0
@163 = slice[axes={0},starts={0},ends={1}](@62) -> float_type, {1, 307200}, {307200, 1}, target_id=0
@164 = squeeze[axes={0}](@163) -> float_type, {307200}, {1}, target_id=0
@165 = load[offset=157286400,end=235929600](@1) -> float_type, {307200, 64}, {64, 1}, target_id=0
@166 = gpu::code_object[code_object=3928,symbol_name=gather_kernel,global=307200,local=1024,](@60,@164,@165) -> float_type, {307200, 64}, {64, 1}, target_id=0
@167 = load[offset=0,end=78643200](@1) -> float_type, {307200, 64}, {64, 1}, target_id=0
@168 = multibroadcast[out_lens={307200, 64},out_dyn_dims={}](@40) -> float_type, {307200, 64}, {0, 1}, target_id=0
@169 = gpu::code_object[code_object=3864,symbol_name=add_relu_kernel,global=2457600,local=1024,](@21,@168,@167) -> float_type, {307200, 64}, {64, 1}, target_id=0
@170 = load[offset=2202009600,end=4325376000](@1) -> float_type, {307200, 1728}, {1728, 1}, target_id=0
@171 = gpu::code_object[code_object=6224,symbol_name=concat_kernel,global=19660800,local=1024,](@169,@166,@162,@158,@154,@150,@146,@142,@138,@134,@130,@126,@122,@118,@114,@110,@106,@102,@98,@94,@90,@86,@82,@78,@74,@70,@66,@170) -> float_type, {307200, 1728}, {1728, 1}, target_id=0
@172 = reshape_lazy[dims={307200, -1, 64}](@171) -> float_type, {307200, 27, 64}, {1728, 64, 1}, target_id=0
@173 = transpose[permutation={0, 2, 1}](@172) -> float_type, {307200, 64, 27}, {1728, 1, 64}, target_id=0
@174 = load[offset=78643200,end=974438400](@1) -> float_type, {307200, 27, 27}, {729, 27, 1}, target_id=0
@175 = gpu::gemm[alpha=1,beta=0,int8_x4_format=0,compute_fp32=1,trans_batch=0](@172,@173,@174) -> float_type, {307200, 27, 27}, {729, 27, 1}, target_id=0
@176 = reshape_lazy[dims={307200, 729}](@175) -> float_type, {307200, 729}, {729, 1}, target_id=0
@177 = load[offset=974438400,end=1405747200](@1) -> float_type, {307200, 351}, {351, 1}, target_id=0
@178 = gpu::code_object[code_object=3960,symbol_name=gather_kernel,global=307200,local=1024,](@176,@29,@177) -> float_type, {307200, 351}, {351, 1}, target_id=0
@179 = load[offset=78643200,end=588595200](@1) -> float_type, {307200, 415}, {415, 1}, target_id=0
@180 = gpu::code_object[code_object=4024,symbol_name=concat_kernel,global=63744000,local=1024,](@169,@178,@179) -> float_type, {307200, 415}, {415, 1}, target_id=0
@181 = load[offset=588595200,end=1217740800](@1) -> float_type, {307200, 512}, {512, 1}, target_id=0
@182 = gpu::gemm[alpha=1,beta=0,int8_x4_format=0,compute_fp32=1,trans_batch=0](@180,@30,@181) -> float_type, {307200, 512}, {512, 1}, target_id=0
@183 = load[offset=1217740800,end=1846886400](@1) -> float_type, {307200, 512}, {512, 1}, target_id=0
@184 = multibroadcast[out_lens={307200, 512},out_dyn_dims={}](@44) -> float_type, {307200, 512}, {0, 1}, target_id=0
@185 = gpu::code_object[code_object=3864,symbol_name=add_relu_kernel,global=19660800,local=1024,](@182,@184,@183) -> float_type, {307200, 512}, {512, 1}, target_id=0
@186 = load[offset=1846886400,end=2476032000](@1) -> float_type, {307200, 512}, {512, 1}, target_id=0
@187 = gpu::gemm[alpha=1,beta=0,int8_x4_format=0,compute_fp32=1,trans_batch=0](@185,@27,@186) -> float_type, {307200, 512}, {512, 1}, target_id=0
@188 = load[offset=0,end=629145600](@1) -> float_type, {307200, 512}, {512, 1}, target_id=0
@189 = multibroadcast[out_lens={307200, 512},out_dyn_dims={}](@43) -> float_type, {307200, 512}, {0, 1}, target_id=0
@190 = gpu::code_object[code_object=3864,symbol_name=add_relu_kernel,global=19660800,local=1024,](@187,@189,@188) -> float_type, {307200, 512}, {512, 1}, target_id=0
@191 = load[offset=629145600,end=943718400](@1) -> float_type, {307200, 256}, {256, 1}, target_id=0
@192 = gpu::gemm[alpha=1,beta=0,int8_x4_format=0,compute_fp32=1,trans_batch=0](@190,@26,@191) -> float_type, {307200, 256}, {256, 1}, target_id=0
@193 = load[offset=1228800,end=315801600](@1) -> float_type, {307200, 256}, {256, 1}, target_id=0
@194 = multibroadcast[out_lens={307200, 256},out_dyn_dims={}](@42) -> float_type, {307200, 256}, {0, 1}, target_id=0
@195 = gpu::code_object[code_object=3864,symbol_name=add_relu_kernel,global=9830400,local=1024,](@192,@194,@193) -> float_type, {307200, 256}, {256, 1}, target_id=0
@196 = load[offset=315801600,end=317030400](@1) -> float_type, {307200, 1}, {1, 1}, target_id=0
@197 = gpu::gemm[alpha=1,beta=0,int8_x4_format=0,compute_fp32=1,trans_batch=0](@195,@25,@196) -> float_type, {307200, 1}, {1, 1}, target_id=0
@198 = load[offset=0,end=1228800](@1) -> float_type, {307200, 1}, {1, 1}, target_id=0
@199 = multibroadcast[out_lens={307200, 1},out_dyn_dims={}](@45) -> float_type, {307200, 1}, {0, 1}, target_id=0
@200 = gpu::code_object[code_object=4104,symbol_name=add_sigmoid_kernel,global=153600,local=1024,](@197,@199,@198) -> float_type, {307200, 1}, {1, 1}, target_id=0
@201 = hip::copy_from_gpu(@200) -> float_type, {307200, 1}, {1, 1}, target_id=0
@202 = hip::sync_stream(@201) -> float_type, {307200, 1}, {1, 1}, target_id=0
@203 = @return(@202), target_id=0


Allocating params ... 
Running performance report ... 
@0 = check_context::migraphx::gpu::context -> float_type, {}, {}, target_id=0: 0.0014526ms, 1%
@1 = hip::hip_allocate_memory[shape=int8_type, {4325376000}, {1},id=main:scratch] -> int8_type, {4325376000}, {1}, target_id=0: 0.0011798ms, 1%
@2 = load[offset=0,end=15974400](@1) -> float_type, {307200, 13}, {13, 1}, target_id=0: 0.00128486ms, 1%
input = @param:input -> float_type, {307200, 13}, {13, 1}, target_id=0: 0.00079164ms, 1%
@4 = hip::copy_to_gpu(input,@2) -> float_type, {307200, 13}, {13, 1}, target_id=0: 1.21801ms, 3%
@5 = hip::hip_copy_literal[id=main:@literal:0] -> float_type, {13, 512}, {512, 1}, target_id=0: 0.00128072ms, 1%
@6 = load[offset=1415577600,end=2044723200](@1) -> float_type, {307200, 512}, {512, 1}, target_id=0: 0.0007739ms, 1%
@7 = gpu::gemm[alpha=1,beta=0,int8_x4_format=0,compute_fp32=1,trans_batch=0](@4,@5,@6) -> float_type, {307200, 512}, {512, 1}, target_id=0: 0.765747ms, 2%
@8 = hip::hip_copy_literal[id=main:@literal:1] -> float_type, {512, 256}, {256, 1}, target_id=0: 0.00111884ms, 1%
@9 = hip::hip_copy_literal[id=main:@literal:14] -> float_type, {512}, {1}, target_id=0: 0.000713ms, 1%
@10 = load[offset=786432000,end=1415577600](@1) -> float_type, {307200, 512}, {512, 1}, target_id=0: 0.00076808ms, 1%
@11 = multibroadcast[out_lens={307200, 512},out_dyn_dims={}](@9) -> float_type, {307200, 512}, {0, 1}, target_id=0: 0.00162862ms, 1%
@12 = gpu::code_object[code_object=3864,symbol_name=add_relu_kernel,global=19660800,local=1024,](@7,@11,@10) -> float_type, {307200, 512}, {512, 1}, target_id=0: 1.28066ms, 3%
@13 = load[offset=471859200,end=786432000](@1) -> float_type, {307200, 256}, {256, 1}, target_id=0: 0.00079274ms, 1%
@14 = gpu::gemm[alpha=1,beta=0,int8_x4_format=0,compute_fp32=1,trans_batch=0](@12,@8,@13) -> float_type, {307200, 256}, {256, 1}, target_id=0: 2.72656ms, 6%
@15 = hip::hip_copy_literal[id=main:@literal:2] -> float_type, {256, 64}, {64, 1}, target_id=0: 0.00091222ms, 1%
@16 = hip::hip_copy_literal[id=main:@literal:13] -> float_type, {256}, {1}, target_id=0: 0.0006432ms, 1%
@17 = load[offset=157286400,end=471859200](@1) -> float_type, {307200, 256}, {256, 1}, target_id=0: 0.00069678ms, 1%
@18 = multibroadcast[out_lens={307200, 256},out_dyn_dims={}](@16) -> float_type, {307200, 256}, {0, 1}, target_id=0: 0.00110586ms, 1%
@19 = gpu::code_object[code_object=3864,symbol_name=add_relu_kernel,global=9830400,local=1024,](@14,@18,@17) -> float_type, {307200, 256}, {256, 1}, target_id=0: 0.65066ms, 2%
@20 = load[offset=78643200,end=157286400](@1) -> float_type, {307200, 64}, {64, 1}, target_id=0: 0.00078794ms, 1%
@21 = gpu::gemm[alpha=1,beta=0,int8_x4_format=0,compute_fp32=1,trans_batch=0](@19,@15,@20) -> float_type, {307200, 64}, {64, 1}, target_id=0: 0.471196ms, 2%
@22 = load[offset=157286400,end=221184000](@1) -> int64_type, {26, 307200}, {307200, 1}, target_id=0: 0.00086992ms, 1%
lS_i = @param:lS_i -> int64_type, {26, 307200}, {307200, 1}, target_id=0: 0.0006962ms, 1%
@24 = hip::copy_to_gpu(lS_i,@22) -> int64_type, {26, 307200}, {307200, 1}, target_id=0: 5.04329ms, 11%
@25 = hip::hip_copy_literal[id=main:@literal:4] -> float_type, {256, 1}, {1, 1}, target_id=0: 0.0009587ms, 1%
@26 = hip::hip_copy_literal[id=main:@literal:6] -> float_type, {512, 256}, {256, 1}, target_id=0: 0.00056108ms, 1%
@27 = hip::hip_copy_literal[id=main:@literal:5] -> float_type, {512, 512}, {512, 1}, target_id=0: 0.00052754ms, 1%
@28 = hip::hip_copy_literal[id=main:@literal:15] -> float_type, {36, 64}, {64, 1}, target_id=0: 0.00078666ms, 1%
@29 = hip::hip_copy_literal[id=main:@literal:7] -> float_type, {351}, {1}, target_id=0: 0.00056342ms, 1%
@30 = hip::hip_copy_literal[id=main:@literal:3] -> float_type, {415, 512}, {512, 1}, target_id=0: 0.00052204ms, 1%
@31 = hip::hip_copy_literal[id=main:@literal:17] -> float_type, {12420, 64}, {64, 1}, target_id=0: 0.00073642ms, 1%
@32 = hip::hip_copy_literal[id=main:@literal:18] -> float_type, {415421, 64}, {64, 1}, target_id=0: 0.00061116ms, 1%
@33 = hip::hip_copy_literal[id=main:@literal:19] -> float_type, {9946608, 64}, {64, 1}, target_id=0: 0.000684ms, 1%
@34 = hip::hip_copy_literal[id=main:@literal:20] -> float_type, {7267859, 64}, {64, 1}, target_id=0: 0.00058846ms, 1%
@35 = hip::hip_copy_literal[id=main:@literal:21] -> float_type, {9994222, 64}, {64, 1}, target_id=0: 0.00075262ms, 1%
@36 = hip::hip_copy_literal[id=main:@literal:22] -> float_type, {14, 64}, {64, 1}, target_id=0: 0.0006156ms, 1%
@37 = hip::hip_copy_literal[id=main:@literal:23] -> float_type, {970, 64}, {64, 1}, target_id=0: 0.00061944ms, 1%
@38 = hip::hip_copy_literal[id=main:@literal:24] -> float_type, {4, 64}, {64, 1}, target_id=0: 0.00055748ms, 1%
@39 = hip::hip_copy_literal[id=main:@literal:25] -> float_type, {122, 64}, {64, 1}, target_id=0: 0.00062648ms, 1%
@40 = hip::hip_copy_literal[id=main:@literal:12] -> float_type, {64}, {1}, target_id=0: 0.00051838ms, 1%
@41 = hip::hip_copy_literal[id=main:@literal:16] -> float_type, {101, 64}, {64, 1}, target_id=0: 0.00058346ms, 1%
@42 = hip::hip_copy_literal[id=main:@literal:9] -> float_type, {256}, {1}, target_id=0: 0.0005242ms, 1%
@43 = hip::hip_copy_literal[id=main:@literal:10] -> float_type, {512}, {1}, target_id=0: 0.00065326ms, 1%
@44 = hip::hip_copy_literal[id=main:@literal:11] -> float_type, {512}, {1}, target_id=0: 0.00064938ms, 1%
@45 = hip::hip_copy_literal[id=main:@literal:8] -> float_type, {1}, {1}, target_id=0: 0.00049826ms, 1%
@46 = hip::hip_copy_literal[id=main:@literal:26] -> float_type, {11156, 64}, {64, 1}, target_id=0: 0.0005889ms, 1%
@47 = hip::hip_copy_literal[id=main:@literal:27] -> float_type, {2208, 64}, {64, 1}, target_id=0: 0.00063286ms, 1%
@48 = hip::hip_copy_literal[id=main:@literal:28] -> float_type, {10, 64}, {64, 1}, target_id=0: 0.00061318ms, 1%
@49 = hip::hip_copy_literal[id=main:@literal:29] -> float_type, {313829, 64}, {64, 1}, target_id=0: 0.0006461ms, 1%
@50 = hip::hip_copy_literal[id=main:@literal:30] -> float_type, {1333352, 64}, {64, 1}, target_id=0: 0.0006562ms, 1%
@51 = hip::hip_copy_literal[id=main:@literal:31] -> float_type, {9758201, 64}, {64, 1}, target_id=0: 0.00059892ms, 1%
@52 = hip::hip_copy_literal[id=main:@literal:32] -> float_type, {61, 64}, {64, 1}, target_id=0: 0.0006337ms, 1%
@53 = hip::hip_copy_literal[id=main:@literal:33] -> float_type, {1442, 64}, {64, 1}, target_id=0: 0.00061196ms, 1%
@54 = hip::hip_copy_literal[id=main:@literal:34] -> float_type, {7112, 64}, {64, 1}, target_id=0: 0.00059082ms, 1%
@55 = hip::hip_copy_literal[id=main:@literal:35] -> float_type, {3, 64}, {64, 1}, target_id=0: 0.00059306ms, 1%
@56 = hip::hip_copy_literal[id=main:@literal:36] -> float_type, {20134, 64}, {64, 1}, target_id=0: 0.00056354ms, 1%
@57 = hip::hip_copy_literal[id=main:@literal:37] -> float_type, {7378, 64}, {64, 1}, target_id=0: 0.00059226ms, 1%
@58 = hip::hip_copy_literal[id=main:@literal:38] -> float_type, {17217, 64}, {64, 1}, target_id=0: 0.0005625ms, 1%
@59 = hip::hip_copy_literal[id=main:@literal:39] -> float_type, {36084, 64}, {64, 1}, target_id=0: 0.0006106ms, 1%
@60 = hip::hip_copy_literal[id=main:@literal:40] -> float_type, {9980333, 64}, {64, 1}, target_id=0: 0.00058748ms, 1%
@61 = load[offset=0,end=31948800](@1) -> float_type, {26, 307200}, {307200, 1}, target_id=0: 0.00072794ms, 1%
@62 = gpu::code_object[code_object=3736,symbol_name=convert_kernel,global=1996800,local=1024,](@24,@61) -> float_type, {26, 307200}, {307200, 1}, target_id=0: 0.118272ms, 1%
@63 = slice[axes={0},starts={25},ends={26}](@62) -> float_type, {1, 307200}, {307200, 1}, target_id=0: 0.0027409ms, 1%
@64 = squeeze[axes={0}](@63) -> float_type, {307200}, {1}, target_id=0: 0.00186354ms, 1%
@65 = load[offset=2123366400,end=2202009600](@1) -> float_type, {307200, 64}, {64, 1}, target_id=0: 0.00066544ms, 1%
@66 = gpu::code_object[code_object=3928,symbol_name=gather_kernel,global=307200,local=1024,](@28,@64,@65) -> float_type, {307200, 64}, {64, 1}, target_id=0: 0.156172ms, 1%
@67 = slice[axes={0},starts={24},ends={25}](@62) -> float_type, {1, 307200}, {307200, 1}, target_id=0: 0.00138234ms, 1%
@68 = squeeze[axes={0}](@67) -> float_type, {307200}, {1}, target_id=0: 0.00111928ms, 1%
@69 = load[offset=2044723200,end=2123366400](@1) -> float_type, {307200, 64}, {64, 1}, target_id=0: 0.00065384ms, 1%
@70 = gpu::code_object[code_object=3928,symbol_name=gather_kernel,global=307200,local=1024,](@41,@68,@69) -> float_type, {307200, 64}, {64, 1}, target_id=0: 0.155607ms, 1%
@71 = slice[axes={0},starts={23},ends={24}](@62) -> float_type, {1, 307200}, {307200, 1}, target_id=0: 0.00121744ms, 1%
@72 = squeeze[axes={0}](@71) -> float_type, {307200}, {1}, target_id=0: 0.00102054ms, 1%
@73 = load[offset=1966080000,end=2044723200](@1) -> float_type, {307200, 64}, {64, 1}, target_id=0: 0.00062452ms, 1%
@74 = gpu::code_object[code_object=3928,symbol_name=gather_kernel,global=307200,local=1024,](@31,@72,@73) -> float_type, {307200, 64}, {64, 1}, target_id=0: 0.154804ms, 1%
@75 = slice[axes={0},starts={22},ends={23}](@62) -> float_type, {1, 307200}, {307200, 1}, target_id=0: 0.00122964ms, 1%
@76 = squeeze[axes={0}](@75) -> float_type, {307200}, {1}, target_id=0: 0.00101084ms, 1%
@77 = load[offset=1887436800,end=1966080000](@1) -> float_type, {307200, 64}, {64, 1}, target_id=0: 0.00063514ms, 1%
@78 = gpu::code_object[code_object=3928,symbol_name=gather_kernel,global=307200,local=1024,](@32,@76,@77) -> float_type, {307200, 64}, {64, 1}, target_id=0: 0.154722ms, 1%
@79 = slice[axes={0},starts={21},ends={22}](@62) -> float_type, {1, 307200}, {307200, 1}, target_id=0: 0.00119674ms, 1%
@80 = squeeze[axes={0}](@79) -> float_type, {307200}, {1}, target_id=0: 0.00100174ms, 1%
@81 = load[offset=1808793600,end=1887436800](@1) -> float_type, {307200, 64}, {64, 1}, target_id=0: 0.00065736ms, 1%
@82 = gpu::code_object[code_object=3928,symbol_name=gather_kernel,global=307200,local=1024,](@33,@80,@81) -> float_type, {307200, 64}, {64, 1}, target_id=0: 0.154889ms, 1%
@83 = load[offset=1730150400,end=1808793600](@1) -> float_type, {307200, 64}, {64, 1}, target_id=0: 0.00081342ms, 1%
@84 = slice[axes={0},starts={20},ends={21}](@62) -> float_type, {1, 307200}, {307200, 1}, target_id=0: 0.00110422ms, 1%
@85 = squeeze[axes={0}](@84) -> float_type, {307200}, {1}, target_id=0: 0.00107182ms, 1%
@86 = gpu::code_object[code_object=3928,symbol_name=gather_kernel,global=307200,local=1024,](@34,@85,@83) -> float_type, {307200, 64}, {64, 1}, target_id=0: 0.155299ms, 1%
@87 = slice[axes={0},starts={19},ends={20}](@62) -> float_type, {1, 307200}, {307200, 1}, target_id=0: 0.0011514ms, 1%
@88 = squeeze[axes={0}](@87) -> float_type, {307200}, {1}, target_id=0: 0.00105456ms, 1%
@89 = load[offset=1651507200,end=1730150400](@1) -> float_type, {307200, 64}, {64, 1}, target_id=0: 0.0006477ms, 1%
@90 = gpu::code_object[code_object=3928,symbol_name=gather_kernel,global=307200,local=1024,](@35,@88,@89) -> float_type, {307200, 64}, {64, 1}, target_id=0: 0.155288ms, 1%
@91 = slice[axes={0},starts={18},ends={19}](@62) -> float_type, {1, 307200}, {307200, 1}, target_id=0: 0.00123578ms, 1%
@92 = squeeze[axes={0}](@91) -> float_type, {307200}, {1}, target_id=0: 0.00101086ms, 1%
@93 = load[offset=1572864000,end=1651507200](@1) -> float_type, {307200, 64}, {64, 1}, target_id=0: 0.00066808ms, 1%
@94 = gpu::code_object[code_object=3928,symbol_name=gather_kernel,global=307200,local=1024,](@36,@92,@93) -> float_type, {307200, 64}, {64, 1}, target_id=0: 0.154858ms, 1%
@95 = slice[axes={0},starts={17},ends={18}](@62) -> float_type, {1, 307200}, {307200, 1}, target_id=0: 0.00119706ms, 1%
@96 = squeeze[axes={0}](@95) -> float_type, {307200}, {1}, target_id=0: 0.00097878ms, 1%
@97 = load[offset=1494220800,end=1572864000](@1) -> float_type, {307200, 64}, {64, 1}, target_id=0: 0.00065042ms, 1%
@98 = gpu::code_object[code_object=3928,symbol_name=gather_kernel,global=307200,local=1024,](@37,@96,@97) -> float_type, {307200, 64}, {64, 1}, target_id=0: 0.154476ms, 1%
@99 = load[offset=1415577600,end=1494220800](@1) -> float_type, {307200, 64}, {64, 1}, target_id=0: 0.0007902ms, 1%
@100 = slice[axes={0},starts={16},ends={17}](@62) -> float_type, {1, 307200}, {307200, 1}, target_id=0: 0.00103794ms, 1%
@101 = squeeze[axes={0}](@100) -> float_type, {307200}, {1}, target_id=0: 0.00104278ms, 1%
@102 = gpu::code_object[code_object=3928,symbol_name=gather_kernel,global=307200,local=1024,](@38,@101,@99) -> float_type, {307200, 64}, {64, 1}, target_id=0: 0.154506ms, 1%
@103 = slice[axes={0},starts={15},ends={16}](@62) -> float_type, {1, 307200}, {307200, 1}, target_id=0: 0.00114802ms, 1%
@104 = squeeze[axes={0}](@103) -> float_type, {307200}, {1}, target_id=0: 0.00098106ms, 1%
@105 = load[offset=1336934400,end=1415577600](@1) -> float_type, {307200, 64}, {64, 1}, target_id=0: 0.0006614ms, 1%
@106 = gpu::code_object[code_object=3928,symbol_name=gather_kernel,global=307200,local=1024,](@39,@104,@105) -> float_type, {307200, 64}, {64, 1}, target_id=0: 0.155321ms, 1%
@107 = load[offset=1258291200,end=1336934400](@1) -> float_type, {307200, 64}, {64, 1}, target_id=0: 0.0007752ms, 1%
@108 = slice[axes={0},starts={14},ends={15}](@62) -> float_type, {1, 307200}, {307200, 1}, target_id=0: 0.00103302ms, 1%
@109 = squeeze[axes={0}](@108) -> float_type, {307200}, {1}, target_id=0: 0.00096686ms, 1%
@110 = gpu::code_object[code_object=3928,symbol_name=gather_kernel,global=307200,local=1024,](@46,@109,@107) -> float_type, {307200, 64}, {64, 1}, target_id=0: 0.155186ms, 1%
@111 = slice[axes={0},starts={13},ends={14}](@62) -> float_type, {1, 307200}, {307200, 1}, target_id=0: 0.00111876ms, 1%
@112 = squeeze[axes={0}](@111) -> float_type, {307200}, {1}, target_id=0: 0.00095838ms, 1%
@113 = load[offset=1179648000,end=1258291200](@1) -> float_type, {307200, 64}, {64, 1}, target_id=0: 0.00065188ms, 1%
@114 = gpu::code_object[code_object=3928,symbol_name=gather_kernel,global=307200,local=1024,](@47,@112,@113) -> float_type, {307200, 64}, {64, 1}, target_id=0: 0.154519ms, 1%
@115 = slice[axes={0},starts={12},ends={13}](@62) -> float_type, {1, 307200}, {307200, 1}, target_id=0: 0.00113548ms, 1%
@116 = squeeze[axes={0}](@115) -> float_type, {307200}, {1}, target_id=0: 0.0009396ms, 1%
@117 = load[offset=1101004800,end=1179648000](@1) -> float_type, {307200, 64}, {64, 1}, target_id=0: 0.00064636ms, 1%
@118 = gpu::code_object[code_object=3928,symbol_name=gather_kernel,global=307200,local=1024,](@48,@116,@117) -> float_type, {307200, 64}, {64, 1}, target_id=0: 0.154813ms, 1%
@119 = slice[axes={0},starts={11},ends={12}](@62) -> float_type, {1, 307200}, {307200, 1}, target_id=0: 0.00113432ms, 1%
@120 = squeeze[axes={0}](@119) -> float_type, {307200}, {1}, target_id=0: 0.0009205ms, 1%
@121 = load[offset=1022361600,end=1101004800](@1) -> float_type, {307200, 64}, {64, 1}, target_id=0: 0.00067826ms, 1%
@122 = gpu::code_object[code_object=3928,symbol_name=gather_kernel,global=307200,local=1024,](@49,@120,@121) -> float_type, {307200, 64}, {64, 1}, target_id=0: 0.155684ms, 1%
@123 = load[offset=943718400,end=1022361600](@1) -> float_type, {307200, 64}, {64, 1}, target_id=0: 0.00077146ms, 1%
@124 = slice[axes={0},starts={10},ends={11}](@62) -> float_type, {1, 307200}, {307200, 1}, target_id=0: 0.0010451ms, 1%
@125 = squeeze[axes={0}](@124) -> float_type, {307200}, {1}, target_id=0: 0.00095454ms, 1%
@126 = gpu::code_object[code_object=3928,symbol_name=gather_kernel,global=307200,local=1024,](@50,@125,@123) -> float_type, {307200, 64}, {64, 1}, target_id=0: 0.15463ms, 1%
@127 = slice[axes={0},starts={9},ends={10}](@62) -> float_type, {1, 307200}, {307200, 1}, target_id=0: 0.0011638ms, 1%
@128 = squeeze[axes={0}](@127) -> float_type, {307200}, {1}, target_id=0: 0.00094072ms, 1%
@129 = load[offset=865075200,end=943718400](@1) -> float_type, {307200, 64}, {64, 1}, target_id=0: 0.00060552ms, 1%
@130 = gpu::code_object[code_object=3928,symbol_name=gather_kernel,global=307200,local=1024,](@51,@128,@129) -> float_type, {307200, 64}, {64, 1}, target_id=0: 0.154773ms, 1%
@131 = load[offset=786432000,end=865075200](@1) -> float_type, {307200, 64}, {64, 1}, target_id=0: 0.00077206ms, 1%
@132 = slice[axes={0},starts={8},ends={9}](@62) -> float_type, {1, 307200}, {307200, 1}, target_id=0: 0.00102018ms, 1%
@133 = squeeze[axes={0}](@132) -> float_type, {307200}, {1}, target_id=0: 0.00095946ms, 1%
@134 = gpu::code_object[code_object=3928,symbol_name=gather_kernel,global=307200,local=1024,](@52,@133,@131) -> float_type, {307200, 64}, {64, 1}, target_id=0: 0.154353ms, 1%
@135 = load[offset=707788800,end=786432000](@1) -> float_type, {307200, 64}, {64, 1}, target_id=0: 0.00077404ms, 1%
@136 = slice[axes={0},starts={7},ends={8}](@62) -> float_type, {1, 307200}, {307200, 1}, target_id=0: 0.00102514ms, 1%
@137 = squeeze[axes={0}](@136) -> float_type, {307200}, {1}, target_id=0: 0.00095414ms, 1%
@138 = gpu::code_object[code_object=3928,symbol_name=gather_kernel,global=307200,local=1024,](@53,@137,@135) -> float_type, {307200, 64}, {64, 1}, target_id=0: 0.155211ms, 1%
@139 = slice[axes={0},starts={6},ends={7}](@62) -> float_type, {1, 307200}, {307200, 1}, target_id=0: 0.00115334ms, 1%
@140 = squeeze[axes={0}](@139) -> float_type, {307200}, {1}, target_id=0: 0.00097318ms, 1%
@141 = load[offset=629145600,end=707788800](@1) -> float_type, {307200, 64}, {64, 1}, target_id=0: 0.00063638ms, 1%
@142 = gpu::code_object[code_object=3928,symbol_name=gather_kernel,global=307200,local=1024,](@54,@140,@141) -> float_type, {307200, 64}, {64, 1}, target_id=0: 0.154715ms, 1%
@143 = slice[axes={0},starts={5},ends={6}](@62) -> float_type, {1, 307200}, {307200, 1}, target_id=0: 0.00121414ms, 1%
@144 = load[offset=550502400,end=629145600](@1) -> float_type, {307200, 64}, {64, 1}, target_id=0: 0.0006407ms, 1%
@145 = squeeze[axes={0}](@143) -> float_type, {307200}, {1}, target_id=0: 0.0011326ms, 1%
@146 = gpu::code_object[code_object=3928,symbol_name=gather_kernel,global=307200,local=1024,](@55,@145,@144) -> float_type, {307200, 64}, {64, 1}, target_id=0: 0.154556ms, 1%
@147 = slice[axes={0},starts={4},ends={5}](@62) -> float_type, {1, 307200}, {307200, 1}, target_id=0: 0.00118404ms, 1%
@148 = squeeze[axes={0}](@147) -> float_type, {307200}, {1}, target_id=0: 0.00120682ms, 1%
@149 = load[offset=471859200,end=550502400](@1) -> float_type, {307200, 64}, {64, 1}, target_id=0: 0.00064868ms, 1%
@150 = gpu::code_object[code_object=3928,symbol_name=gather_kernel,global=307200,local=1024,](@56,@148,@149) -> float_type, {307200, 64}, {64, 1}, target_id=0: 0.155269ms, 1%
@151 = load[offset=393216000,end=471859200](@1) -> float_type, {307200, 64}, {64, 1}, target_id=0: 0.00077268ms, 1%
@152 = slice[axes={0},starts={3},ends={4}](@62) -> float_type, {1, 307200}, {307200, 1}, target_id=0: 0.00103484ms, 1%
@153 = squeeze[axes={0}](@152) -> float_type, {307200}, {1}, target_id=0: 0.00108628ms, 1%
@154 = gpu::code_object[code_object=3928,symbol_name=gather_kernel,global=307200,local=1024,](@57,@153,@151) -> float_type, {307200, 64}, {64, 1}, target_id=0: 0.155429ms, 1%
@155 = slice[axes={0},starts={2},ends={3}](@62) -> float_type, {1, 307200}, {307200, 1}, target_id=0: 0.0011ms, 1%
@156 = squeeze[axes={0}](@155) -> float_type, {307200}, {1}, target_id=0: 0.00108864ms, 1%
@157 = load[offset=314572800,end=393216000](@1) -> float_type, {307200, 64}, {64, 1}, target_id=0: 0.00065028ms, 1%
@158 = gpu::code_object[code_object=3928,symbol_name=gather_kernel,global=307200,local=1024,](@58,@156,@157) -> float_type, {307200, 64}, {64, 1}, target_id=0: 0.155998ms, 1%
@159 = slice[axes={0},starts={1},ends={2}](@62) -> float_type, {1, 307200}, {307200, 1}, target_id=0: 0.00111422ms, 1%
@160 = squeeze[axes={0}](@159) -> float_type, {307200}, {1}, target_id=0: 0.00107146ms, 1%
@161 = load[offset=235929600,end=314572800](@1) -> float_type, {307200, 64}, {64, 1}, target_id=0: 0.0006354ms, 1%
@162 = gpu::code_object[code_object=3928,symbol_name=gather_kernel,global=307200,local=1024,](@59,@160,@161) -> float_type, {307200, 64}, {64, 1}, target_id=0: 0.155455ms, 1%
@163 = slice[axes={0},starts={0},ends={1}](@62) -> float_type, {1, 307200}, {307200, 1}, target_id=0: 0.00112276ms, 1%
@164 = squeeze[axes={0}](@163) -> float_type, {307200}, {1}, target_id=0: 0.00104596ms, 1%
@165 = load[offset=157286400,end=235929600](@1) -> float_type, {307200, 64}, {64, 1}, target_id=0: 0.00062714ms, 1%
@166 = gpu::code_object[code_object=3928,symbol_name=gather_kernel,global=307200,local=1024,](@60,@164,@165) -> float_type, {307200, 64}, {64, 1}, target_id=0: 0.155927ms, 1%
@167 = load[offset=0,end=78643200](@1) -> float_type, {307200, 64}, {64, 1}, target_id=0: 0.00075692ms, 1%
@168 = multibroadcast[out_lens={307200, 64},out_dyn_dims={}](@40) -> float_type, {307200, 64}, {0, 1}, target_id=0: 0.00132918ms, 1%
@169 = gpu::code_object[code_object=3864,symbol_name=add_relu_kernel,global=2457600,local=1024,](@21,@168,@167) -> float_type, {307200, 64}, {64, 1}, target_id=0: 0.176373ms, 1%
@170 = load[offset=2202009600,end=4325376000](@1) -> float_type, {307200, 1728}, {1728, 1}, target_id=0: 0.0007932ms, 1%
@171 = gpu::code_object[code_object=6224,symbol_name=concat_kernel,global=19660800,local=1024,](@169,@166,@162,@158,@154,@150,@146,@142,@138,@134,@130,@126,@122,@118,@114,@110,@106,@102,@98,@94,@90,@86,@82,@78,@74,@70,@66,@170) -> float_type, {307200, 1728}, {1728, 1}, target_id=0: 4.4428ms, 10%
@172 = reshape_lazy[dims={307200, -1, 64}](@171) -> float_type, {307200, 27, 64}, {1728, 64, 1}, target_id=0: 0.00148326ms, 1%
@173 = transpose[permutation={0, 2, 1}](@172) -> float_type, {307200, 64, 27}, {1728, 1, 64}, target_id=0: 0.0013458ms, 1%
@174 = load[offset=78643200,end=974438400](@1) -> float_type, {307200, 27, 27}, {729, 27, 1}, target_id=0: 0.00068614ms, 1%
@175 = gpu::gemm[alpha=1,beta=0,int8_x4_format=0,compute_fp32=1,trans_batch=0](@172,@173,@174) -> float_type, {307200, 27, 27}, {729, 27, 1}, target_id=0: 4.56751ms, 10%
@176 = reshape_lazy[dims={307200, 729}](@175) -> float_type, {307200, 729}, {729, 1}, target_id=0: 0.00105312ms, 1%
@177 = load[offset=974438400,end=1405747200](@1) -> float_type, {307200, 351}, {351, 1}, target_id=0: 0.0006814ms, 1%
@178 = gpu::code_object[code_object=3960,symbol_name=gather_kernel,global=307200,local=1024,](@176,@29,@177) -> float_type, {307200, 351}, {351, 1}, target_id=0: 1.63972ms, 4%
@179 = load[offset=78643200,end=588595200](@1) -> float_type, {307200, 415}, {415, 1}, target_id=0: 0.00075236ms, 1%
@180 = gpu::code_object[code_object=4024,symbol_name=concat_kernel,global=63744000,local=1024,](@169,@178,@179) -> float_type, {307200, 415}, {415, 1}, target_id=0: 1.20458ms, 3%
@181 = load[offset=588595200,end=1217740800](@1) -> float_type, {307200, 512}, {512, 1}, target_id=0: 0.00079264ms, 1%
@182 = gpu::gemm[alpha=1,beta=0,int8_x4_format=0,compute_fp32=1,trans_batch=0](@180,@30,@181) -> float_type, {307200, 512}, {512, 1}, target_id=0: 5.71773ms, 13%
@183 = load[offset=1217740800,end=1846886400](@1) -> float_type, {307200, 512}, {512, 1}, target_id=0: 0.0008575ms, 1%
@184 = multibroadcast[out_lens={307200, 512},out_dyn_dims={}](@44) -> float_type, {307200, 512}, {0, 1}, target_id=0: 0.00124434ms, 1%
@185 = gpu::code_object[code_object=3864,symbol_name=add_relu_kernel,global=19660800,local=1024,](@182,@184,@183) -> float_type, {307200, 512}, {512, 1}, target_id=0: 1.28219ms, 3%
@186 = load[offset=1846886400,end=2476032000](@1) -> float_type, {307200, 512}, {512, 1}, target_id=0: 0.00074902ms, 1%
@187 = gpu::gemm[alpha=1,beta=0,int8_x4_format=0,compute_fp32=1,trans_batch=0](@185,@27,@186) -> float_type, {307200, 512}, {512, 1}, target_id=0: 6.02148ms, 13%
@188 = load[offset=0,end=629145600](@1) -> float_type, {307200, 512}, {512, 1}, target_id=0: 0.00086082ms, 1%
@189 = multibroadcast[out_lens={307200, 512},out_dyn_dims={}](@43) -> float_type, {307200, 512}, {0, 1}, target_id=0: 0.00102626ms, 1%
@190 = gpu::code_object[code_object=3864,symbol_name=add_relu_kernel,global=19660800,local=1024,](@187,@189,@188) -> float_type, {307200, 512}, {512, 1}, target_id=0: 1.28ms, 3%
@191 = load[offset=629145600,end=943718400](@1) -> float_type, {307200, 256}, {256, 1}, target_id=0: 0.00075452ms, 1%
@192 = gpu::gemm[alpha=1,beta=0,int8_x4_format=0,compute_fp32=1,trans_batch=0](@190,@26,@191) -> float_type, {307200, 256}, {256, 1}, target_id=0: 2.90468ms, 7%
@193 = load[offset=1228800,end=315801600](@1) -> float_type, {307200, 256}, {256, 1}, target_id=0: 0.00084086ms, 1%
@194 = multibroadcast[out_lens={307200, 256},out_dyn_dims={}](@42) -> float_type, {307200, 256}, {0, 1}, target_id=0: 0.0009792ms, 1%
@195 = gpu::code_object[code_object=3864,symbol_name=add_relu_kernel,global=9830400,local=1024,](@192,@194,@193) -> float_type, {307200, 256}, {256, 1}, target_id=0: 0.650133ms, 2%
@196 = load[offset=315801600,end=317030400](@1) -> float_type, {307200, 1}, {1, 1}, target_id=0: 0.00080304ms, 1%
@197 = gpu::gemm[alpha=1,beta=0,int8_x4_format=0,compute_fp32=1,trans_batch=0](@195,@25,@196) -> float_type, {307200, 1}, {1, 1}, target_id=0: 0.420555ms, 1%
@198 = load[offset=0,end=1228800](@1) -> float_type, {307200, 1}, {1, 1}, target_id=0: 0.00082202ms, 1%
@199 = multibroadcast[out_lens={307200, 1},out_dyn_dims={}](@45) -> float_type, {307200, 1}, {0, 1}, target_id=0: 0.00101106ms, 1%
@200 = gpu::code_object[code_object=4104,symbol_name=add_sigmoid_kernel,global=153600,local=1024,](@197,@199,@198) -> float_type, {307200, 1}, {1, 1}, target_id=0: 0.0214391ms, 1%
@201 = hip::copy_from_gpu(@200) -> float_type, {307200, 1}, {1, 1}, target_id=0: 0.319592ms, 1%
@202 = hip::sync_stream(@201) -> float_type, {307200, 1}, {1, 1}, target_id=0: 0.00163844ms, 1%
@203 = @return(@202), target_id=0
Summary:
gpu::gemm: 23.5955ms / 8 = 2.94943ms, 51%
hip::copy_to_gpu: 6.26131ms / 2 = 3.13065ms, 14%
gpu::code_object::gather_kernel: 5.67218ms / 27 = 0.210081ms, 13%
gpu::code_object::concat_kernel: 5.64738ms / 2 = 2.82369ms, 12%
gpu::code_object::add_relu_kernel: 5.32002ms / 6 = 0.88667ms, 12%
hip::copy_from_gpu: 0.319592ms / 1 = 0.319592ms, 1%
gpu::code_object::convert_kernel: 0.118272ms / 1 = 0.118272ms, 1%
load: 0.0346062ms / 47 = 0.000736301ms, 1%
slice: 0.0312406ms / 26 = 0.00120156ms, 1%
squeeze: 0.0273549ms / 26 = 0.00105211ms, 1%
hip::hip_copy_literal: 0.0268881ms / 41 = 0.000655807ms, 1%
gpu::code_object::add_sigmoid_kernel: 0.0214391ms / 1 = 0.0214391ms, 1%
multibroadcast: 0.00832452ms / 7 = 0.00118922ms, 1%
reshape_lazy: 0.00253638ms / 2 = 0.00126819ms, 1%
hip::sync_stream: 0.00163844ms / 1 = 0.00163844ms, 1%
@param: 0.00148784ms / 2 = 0.00074392ms, 1%
check_context::migraphx::gpu::context: 0.0014526ms / 1 = 0.0014526ms, 1%
transpose: 0.0013458ms / 1 = 0.0013458ms, 1%
hip::hip_allocate_memory: 0.0011798ms / 1 = 0.0011798ms, 1%

Batch size: 1
Rate: 21.6955/sec
Total time: 46.0924ms
Total instructions time: 47.0937ms
Overhead time: 0.0421795ms, -1.00129ms
Overhead: 0%, -2%
