Compiling ... 
Reading: /new-saved-models/torchvision/resnet50i1.onnx
module: "main"
@0 = check_context::migraphx::gpu::context -> float_type, {}, {}, target_id=0
@1 = hip::hip_allocate_memory[shape=int8_type, {11239424}, {1},id=main:scratch] -> int8_type, {11239424}, {1}, target_id=0
@2 = hip::hip_copy_literal[id=main:@literal:99] -> float_type, {64, 3, 7, 7}, {147, 49, 7, 1}, target_id=0
@3 = load[offset=0,end=0](@1) -> int8_type, {0}, {1}, target_id=0
@4 = load[offset=6422528,end=9633792](@1) -> float_type, {1, 64, 112, 112}, {802816, 12544, 112, 1}, target_id=0
input.1 = @param:input.1 -> float_type, {1, 3, 224, 224}, {150528, 50176, 224, 1}, target_id=0
@6 = gpu::convolution[op={padding={3, 3, 3, 3},stride={2, 2},dilation={1, 1},group=1,padding_mode=0},solution_object={binary_object: 455},algo=0,int8_x4_format=0,solution_id=0](input.1,@2,@3,@4) -> float_type, {1, 64, 112, 112}, {802816, 12544, 112, 1}, target_id=0
@7 = hip::hip_copy_literal[id=main:@literal:98] -> float_type, {64}, {1}, target_id=0
@8 = broadcast[axis=1,out_lens={1, 64, 112, 112}](@7) -> float_type, {1, 64, 112, 112}, {0, 1, 0, 0}, target_id=0
@9 = load[offset=3211264,end=6422528](@1) -> float_type, {1, 64, 112, 112}, {802816, 12544, 112, 1}, target_id=0
@10 = gpu::code_object[code_object=3840,symbol_name=add_relu_kernel,global=401408,local=1024,](@6,@8,@9) -> float_type, {1, 64, 112, 112}, {802816, 12544, 112, 1}, target_id=0
@11 = load[offset=2408448,end=3211264](@1) -> float_type, {1, 64, 56, 56}, {200704, 3136, 56, 1}, target_id=0
@12 = gpu::pooling[mode=max,padding={1, 1, 1, 1},padding_mode=0,stride={2, 2},lengths={3, 3},ceil_mode=0,lp_order=2,dyn_global=0](@10,@11) -> float_type, {1, 64, 56, 56}, {200704, 3136, 56, 1}, target_id=0
@13 = hip::hip_copy_literal[id=main:@literal:96] -> float_type, {64}, {1}, target_id=0
@14 = hip::hip_copy_literal[id=main:@literal:97] -> float_type, {64, 64, 1, 1}, {64, 1, 1, 1}, target_id=0
@15 = load[offset=802816,end=1605632](@1) -> float_type, {1, 64, 56, 56}, {200704, 3136, 56, 1}, target_id=0
@16 = broadcast[axis=1,out_lens={1, 64, 56, 56}](@13) -> float_type, {1, 64, 56, 56}, {0, 1, 0, 0}, target_id=0
@17 = gpu::miopen_fusion[ops={{op=convolution[padding={0, 0, 0, 0},stride={1, 1},dilation={1, 1},group=1,padding_mode=0],alpha=1,beta=0}, {op=add,alpha=1,beta=0}, {op=relu,alpha=1,beta=0}}](@12,@14,@16,@15) -> float_type, {1, 64, 56, 56}, {200704, 3136, 56, 1}, target_id=0
@18 = hip::hip_copy_literal[id=main:@literal:94] -> float_type, {64}, {1}, target_id=0
@19 = hip::hip_copy_literal[id=main:@literal:95] -> float_type, {64, 64, 3, 3}, {576, 9, 3, 1}, target_id=0
@20 = broadcast[axis=1,out_lens={1, 64, 56, 56}](@18) -> float_type, {1, 64, 56, 56}, {0, 1, 0, 0}, target_id=0
@21 = load[offset=0,end=802816](@1) -> float_type, {1, 64, 56, 56}, {200704, 3136, 56, 1}, target_id=0
@22 = gpu::miopen_fusion[ops={{op=convolution[padding={1, 1, 1, 1},stride={1, 1},dilation={1, 1},group=1,padding_mode=0],alpha=1,beta=0}, {op=add,alpha=1,beta=0}, {op=relu,alpha=1,beta=0}}](@17,@19,@20,@21) -> float_type, {1, 64, 56, 56}, {200704, 3136, 56, 1}, target_id=0
@23 = load[offset=3211264,end=4816896](@1) -> float_type, {1, 128, 56, 56}, {401408, 3136, 56, 1}, target_id=0
@24 = gpu::code_object[code_object=3800,symbol_name=concat_kernel,global=100352,local=1024,](@22,@12,@23) -> float_type, {1, 128, 56, 56}, {401408, 3136, 56, 1}, target_id=0
@25 = hip::hip_copy_literal[id=main:@literal:4] -> float_type, {256, 128, 1, 1}, {128, 1, 1, 1}, target_id=0
@26 = hip::hip_copy_literal[id=main:@literal:2] -> float_type, {256}, {1}, target_id=0
@27 = load[offset=4816896,end=8028160](@1) -> float_type, {1, 256, 56, 56}, {802816, 3136, 56, 1}, target_id=0
@28 = broadcast[axis=1,out_lens={1, 256, 56, 56}](@26) -> float_type, {1, 256, 56, 56}, {0, 1, 0, 0}, target_id=0
@29 = gpu::miopen_fusion[ops={{op=convolution[padding={0, 0, 0, 0},stride={1, 1},dilation={1, 1},group=1,padding_mode=0],alpha=1,beta=0}, {op=add,alpha=1,beta=0}, {op=relu,alpha=1,beta=0}}](@24,@25,@28,@27) -> float_type, {1, 256, 56, 56}, {802816, 3136, 56, 1}, target_id=0
@30 = hip::hip_copy_literal[id=main:@literal:92] -> float_type, {64}, {1}, target_id=0
@31 = hip::hip_copy_literal[id=main:@literal:93] -> float_type, {64, 256, 1, 1}, {256, 1, 1, 1}, target_id=0
@32 = broadcast[axis=1,out_lens={1, 64, 56, 56}](@30) -> float_type, {1, 64, 56, 56}, {0, 1, 0, 0}, target_id=0
@33 = load[offset=802816,end=1605632](@1) -> float_type, {1, 64, 56, 56}, {200704, 3136, 56, 1}, target_id=0
@34 = gpu::miopen_fusion[ops={{op=convolution[padding={0, 0, 0, 0},stride={1, 1},dilation={1, 1},group=1,padding_mode=0],alpha=1,beta=0}, {op=add,alpha=1,beta=0}, {op=relu,alpha=1,beta=0}}](@29,@31,@32,@33) -> float_type, {1, 64, 56, 56}, {200704, 3136, 56, 1}, target_id=0
@35 = hip::hip_copy_literal[id=main:@literal:90] -> float_type, {64}, {1}, target_id=0
@36 = hip::hip_copy_literal[id=main:@literal:91] -> float_type, {64, 64, 3, 3}, {576, 9, 3, 1}, target_id=0
@37 = broadcast[axis=1,out_lens={1, 64, 56, 56}](@35) -> float_type, {1, 64, 56, 56}, {0, 1, 0, 0}, target_id=0
@38 = load[offset=0,end=802816](@1) -> float_type, {1, 64, 56, 56}, {200704, 3136, 56, 1}, target_id=0
@39 = gpu::miopen_fusion[ops={{op=convolution[padding={1, 1, 1, 1},stride={1, 1},dilation={1, 1},group=1,padding_mode=0],alpha=1,beta=0}, {op=add,alpha=1,beta=0}, {op=relu,alpha=1,beta=0}}](@34,@36,@37,@38) -> float_type, {1, 64, 56, 56}, {200704, 3136, 56, 1}, target_id=0
@40 = hip::hip_copy_literal[id=main:@literal:89] -> float_type, {256, 64, 1, 1}, {64, 1, 1, 1}, target_id=0
@41 = load[offset=0,end=0](@1) -> int8_type, {0}, {1}, target_id=0
@42 = load[offset=8028160,end=11239424](@1) -> float_type, {1, 256, 56, 56}, {802816, 3136, 56, 1}, target_id=0
@43 = gpu::convolution[op={padding={0, 0, 0, 0},stride={1, 1},dilation={1, 1},group=1,padding_mode=0},solution_object={binary_object: 455},algo=0,int8_x4_format=0,solution_id=0](@39,@40,@41,@42) -> float_type, {1, 256, 56, 56}, {802816, 3136, 56, 1}, target_id=0
@44 = hip::hip_copy_literal[id=main:@literal:88] -> float_type, {256}, {1}, target_id=0
@45 = broadcast[axis=1,out_lens={1, 256, 56, 56}](@44) -> float_type, {1, 256, 56, 56}, {0, 1, 0, 0}, target_id=0
@46 = load[offset=0,end=3211264](@1) -> float_type, {1, 256, 56, 56}, {802816, 3136, 56, 1}, target_id=0
@47 = gpu::code_object[code_object=3872,symbol_name=add_add_relu_kernel,global=401408,local=1024,](@43,@45,@29,@46) -> float_type, {1, 256, 56, 56}, {802816, 3136, 56, 1}, target_id=0
@48 = hip::hip_copy_literal[id=main:@literal:86] -> float_type, {64}, {1}, target_id=0
@49 = hip::hip_copy_literal[id=main:@literal:87] -> float_type, {64, 256, 1, 1}, {256, 1, 1, 1}, target_id=0
@50 = broadcast[axis=1,out_lens={1, 64, 56, 56}](@48) -> float_type, {1, 64, 56, 56}, {0, 1, 0, 0}, target_id=0
@51 = load[offset=3211264,end=4014080](@1) -> float_type, {1, 64, 56, 56}, {200704, 3136, 56, 1}, target_id=0
@52 = gpu::miopen_fusion[ops={{op=convolution[padding={0, 0, 0, 0},stride={1, 1},dilation={1, 1},group=1,padding_mode=0],alpha=1,beta=0}, {op=add,alpha=1,beta=0}, {op=relu,alpha=1,beta=0}}](@47,@49,@50,@51) -> float_type, {1, 64, 56, 56}, {200704, 3136, 56, 1}, target_id=0
@53 = hip::hip_copy_literal[id=main:@literal:84] -> float_type, {64}, {1}, target_id=0
@54 = hip::hip_copy_literal[id=main:@literal:85] -> float_type, {64, 64, 3, 3}, {576, 9, 3, 1}, target_id=0
@55 = broadcast[axis=1,out_lens={1, 64, 56, 56}](@53) -> float_type, {1, 64, 56, 56}, {0, 1, 0, 0}, target_id=0
@56 = load[offset=6422528,end=7225344](@1) -> float_type, {1, 64, 56, 56}, {200704, 3136, 56, 1}, target_id=0
@57 = gpu::miopen_fusion[ops={{op=convolution[padding={1, 1, 1, 1},stride={1, 1},dilation={1, 1},group=1,padding_mode=0],alpha=1,beta=0}, {op=add,alpha=1,beta=0}, {op=relu,alpha=1,beta=0}}](@52,@54,@55,@56) -> float_type, {1, 64, 56, 56}, {200704, 3136, 56, 1}, target_id=0
@58 = hip::hip_copy_literal[id=main:@literal:83] -> float_type, {256, 64, 1, 1}, {64, 1, 1, 1}, target_id=0
@59 = load[offset=0,end=0](@1) -> int8_type, {0}, {1}, target_id=0
@60 = load[offset=3211264,end=6422528](@1) -> float_type, {1, 256, 56, 56}, {802816, 3136, 56, 1}, target_id=0
@61 = gpu::convolution[op={padding={0, 0, 0, 0},stride={1, 1},dilation={1, 1},group=1,padding_mode=0},solution_object={binary_object: 455},algo=0,int8_x4_format=0,solution_id=0](@57,@58,@59,@60) -> float_type, {1, 256, 56, 56}, {802816, 3136, 56, 1}, target_id=0
@62 = hip::hip_copy_literal[id=main:@literal:82] -> float_type, {256}, {1}, target_id=0
@63 = broadcast[axis=1,out_lens={1, 256, 56, 56}](@62) -> float_type, {1, 256, 56, 56}, {0, 1, 0, 0}, target_id=0
@64 = load[offset=7225344,end=10436608](@1) -> float_type, {1, 256, 56, 56}, {802816, 3136, 56, 1}, target_id=0
@65 = gpu::code_object[code_object=3872,symbol_name=add_add_relu_kernel,global=401408,local=1024,](@61,@63,@47,@64) -> float_type, {1, 256, 56, 56}, {802816, 3136, 56, 1}, target_id=0
@66 = hip::hip_copy_literal[id=main:@literal:80] -> float_type, {128}, {1}, target_id=0
@67 = hip::hip_copy_literal[id=main:@literal:81] -> float_type, {128, 256, 1, 1}, {256, 1, 1, 1}, target_id=0
@68 = broadcast[axis=1,out_lens={1, 128, 56, 56}](@66) -> float_type, {1, 128, 56, 56}, {0, 1, 0, 0}, target_id=0
@69 = load[offset=2007040,end=3612672](@1) -> float_type, {1, 128, 56, 56}, {401408, 3136, 56, 1}, target_id=0
@70 = gpu::miopen_fusion[ops={{op=convolution[padding={0, 0, 0, 0},stride={1, 1},dilation={1, 1},group=1,padding_mode=0],alpha=1,beta=0}, {op=add,alpha=1,beta=0}, {op=relu,alpha=1,beta=0}}](@65,@67,@68,@69) -> float_type, {1, 128, 56, 56}, {401408, 3136, 56, 1}, target_id=0
@71 = hip::hip_copy_literal[id=main:@literal:79] -> float_type, {128, 128, 3, 3}, {1152, 9, 3, 1}, target_id=0
@72 = load[offset=0,end=0](@1) -> int8_type, {0}, {1}, target_id=0
@73 = load[offset=1605632,end=2007040](@1) -> float_type, {1, 128, 28, 28}, {100352, 784, 28, 1}, target_id=0
@74 = gpu::convolution[op={padding={1, 1, 1, 1},stride={2, 2},dilation={1, 1},group=1,padding_mode=0},solution_object={binary_object: 457},algo=0,int8_x4_format=0,solution_id=0](@70,@71,@72,@73) -> float_type, {1, 128, 28, 28}, {100352, 784, 28, 1}, target_id=0
@75 = hip::hip_copy_literal[id=main:@literal:6] -> float_type, {512, 384, 1, 1}, {384, 1, 1, 1}, target_id=0
@76 = hip::hip_copy_literal[id=main:@literal:78] -> float_type, {128}, {1}, target_id=0
@77 = broadcast[axis=1,out_lens={1, 128, 28, 28}](@76) -> float_type, {1, 128, 28, 28}, {0, 1, 0, 0}, target_id=0
@78 = load[offset=0,end=401408](@1) -> float_type, {1, 128, 28, 28}, {100352, 784, 28, 1}, target_id=0
@79 = gpu::code_object[code_object=3832,symbol_name=add_relu_kernel,global=50176,local=1024,](@74,@77,@78) -> float_type, {1, 128, 28, 28}, {100352, 784, 28, 1}, target_id=0
@80 = step[axes={2, 3},steps={2, 2}](@65) -> float_type, {1, 256, 28, 28}, {802816, 3136, 112, 2}, target_id=0
@81 = load[offset=802816,end=2007040](@1) -> float_type, {1, 384, 28, 28}, {301056, 784, 28, 1}, target_id=0
@82 = gpu::code_object[code_object=4048,symbol_name=concat_kernel,global=150528,local=1024,](@79,@80,@81) -> float_type, {1, 384, 28, 28}, {301056, 784, 28, 1}, target_id=0
@83 = hip::hip_copy_literal[id=main:@literal:5] -> float_type, {512}, {1}, target_id=0
@84 = load[offset=2007040,end=3612672](@1) -> float_type, {1, 512, 28, 28}, {401408, 784, 28, 1}, target_id=0
@85 = broadcast[axis=1,out_lens={1, 512, 28, 28}](@83) -> float_type, {1, 512, 28, 28}, {0, 1, 0, 0}, target_id=0
@86 = gpu::miopen_fusion[ops={{op=convolution[padding={0, 0, 0, 0},stride={1, 1},dilation={1, 1},group=1,padding_mode=0],alpha=1,beta=0}, {op=add,alpha=1,beta=0}, {op=relu,alpha=1,beta=0}}](@82,@75,@85,@84) -> float_type, {1, 512, 28, 28}, {401408, 784, 28, 1}, target_id=0
@87 = hip::hip_copy_literal[id=main:@literal:76] -> float_type, {128}, {1}, target_id=0
@88 = hip::hip_copy_literal[id=main:@literal:77] -> float_type, {128, 512, 1, 1}, {512, 1, 1, 1}, target_id=0
@89 = broadcast[axis=1,out_lens={1, 128, 28, 28}](@87) -> float_type, {1, 128, 28, 28}, {0, 1, 0, 0}, target_id=0
@90 = load[offset=802816,end=1204224](@1) -> float_type, {1, 128, 28, 28}, {100352, 784, 28, 1}, target_id=0
@91 = gpu::miopen_fusion[ops={{op=convolution[padding={0, 0, 0, 0},stride={1, 1},dilation={1, 1},group=1,padding_mode=0],alpha=1,beta=0}, {op=add,alpha=1,beta=0}, {op=relu,alpha=1,beta=0}}](@86,@88,@89,@90) -> float_type, {1, 128, 28, 28}, {100352, 784, 28, 1}, target_id=0
@92 = hip::hip_copy_literal[id=main:@literal:74] -> float_type, {128}, {1}, target_id=0
@93 = hip::hip_copy_literal[id=main:@literal:75] -> float_type, {128, 128, 3, 3}, {1152, 9, 3, 1}, target_id=0
@94 = load[offset=401408,end=802816](@1) -> float_type, {1, 128, 28, 28}, {100352, 784, 28, 1}, target_id=0
@95 = broadcast[axis=1,out_lens={1, 128, 28, 28}](@92) -> float_type, {1, 128, 28, 28}, {0, 1, 0, 0}, target_id=0
@96 = gpu::miopen_fusion[ops={{op=convolution[padding={1, 1, 1, 1},stride={1, 1},dilation={1, 1},group=1,padding_mode=0],alpha=1,beta=0}, {op=add,alpha=1,beta=0}, {op=relu,alpha=1,beta=0}}](@91,@93,@95,@94) -> float_type, {1, 128, 28, 28}, {100352, 784, 28, 1}, target_id=0
@97 = hip::hip_copy_literal[id=main:@literal:73] -> float_type, {512, 128, 1, 1}, {128, 1, 1, 1}, target_id=0
@98 = load[offset=0,end=0](@1) -> int8_type, {0}, {1}, target_id=0
@99 = load[offset=5619712,end=7225344](@1) -> float_type, {1, 512, 28, 28}, {401408, 784, 28, 1}, target_id=0
@100 = gpu::convolution[op={padding={0, 0, 0, 0},stride={1, 1},dilation={1, 1},group=1,padding_mode=0},solution_object={binary_object: 496},algo=0,int8_x4_format=0,solution_id=0](@96,@97,@98,@99) -> float_type, {1, 512, 28, 28}, {401408, 784, 28, 1}, target_id=0
@101 = hip::hip_copy_literal[id=main:@literal:72] -> float_type, {512}, {1}, target_id=0
@102 = load[offset=4014080,end=5619712](@1) -> float_type, {1, 512, 28, 28}, {401408, 784, 28, 1}, target_id=0
@103 = broadcast[axis=1,out_lens={1, 512, 28, 28}](@101) -> float_type, {1, 512, 28, 28}, {0, 1, 0, 0}, target_id=0
@104 = gpu::code_object[code_object=3872,symbol_name=add_add_relu_kernel,global=200704,local=1024,](@100,@103,@86,@102) -> float_type, {1, 512, 28, 28}, {401408, 784, 28, 1}, target_id=0
@105 = hip::hip_copy_literal[id=main:@literal:70] -> float_type, {128}, {1}, target_id=0
@106 = hip::hip_copy_literal[id=main:@literal:71] -> float_type, {128, 512, 1, 1}, {512, 1, 1, 1}, target_id=0
@107 = load[offset=401408,end=802816](@1) -> float_type, {1, 128, 28, 28}, {100352, 784, 28, 1}, target_id=0
@108 = broadcast[axis=1,out_lens={1, 128, 28, 28}](@105) -> float_type, {1, 128, 28, 28}, {0, 1, 0, 0}, target_id=0
@109 = gpu::miopen_fusion[ops={{op=convolution[padding={0, 0, 0, 0},stride={1, 1},dilation={1, 1},group=1,padding_mode=0],alpha=1,beta=0}, {op=add,alpha=1,beta=0}, {op=relu,alpha=1,beta=0}}](@104,@106,@108,@107) -> float_type, {1, 128, 28, 28}, {100352, 784, 28, 1}, target_id=0
@110 = hip::hip_copy_literal[id=main:@literal:68] -> float_type, {128}, {1}, target_id=0
@111 = hip::hip_copy_literal[id=main:@literal:69] -> float_type, {128, 128, 3, 3}, {1152, 9, 3, 1}, target_id=0
@112 = broadcast[axis=1,out_lens={1, 128, 28, 28}](@110) -> float_type, {1, 128, 28, 28}, {0, 1, 0, 0}, target_id=0
@113 = load[offset=0,end=401408](@1) -> float_type, {1, 128, 28, 28}, {100352, 784, 28, 1}, target_id=0
@114 = gpu::miopen_fusion[ops={{op=convolution[padding={1, 1, 1, 1},stride={1, 1},dilation={1, 1},group=1,padding_mode=0],alpha=1,beta=0}, {op=add,alpha=1,beta=0}, {op=relu,alpha=1,beta=0}}](@109,@111,@112,@113) -> float_type, {1, 128, 28, 28}, {100352, 784, 28, 1}, target_id=0
@115 = hip::hip_copy_literal[id=main:@literal:67] -> float_type, {512, 128, 1, 1}, {128, 1, 1, 1}, target_id=0
@116 = load[offset=0,end=0](@1) -> int8_type, {0}, {1}, target_id=0
@117 = load[offset=5619712,end=7225344](@1) -> float_type, {1, 512, 28, 28}, {401408, 784, 28, 1}, target_id=0
@118 = gpu::convolution[op={padding={0, 0, 0, 0},stride={1, 1},dilation={1, 1},group=1,padding_mode=0},solution_object={binary_object: 496},algo=0,int8_x4_format=0,solution_id=0](@114,@115,@116,@117) -> float_type, {1, 512, 28, 28}, {401408, 784, 28, 1}, target_id=0
@119 = hip::hip_copy_literal[id=main:@literal:66] -> float_type, {512}, {1}, target_id=0
@120 = broadcast[axis=1,out_lens={1, 512, 28, 28}](@119) -> float_type, {1, 512, 28, 28}, {0, 1, 0, 0}, target_id=0
@121 = load[offset=0,end=1605632](@1) -> float_type, {1, 512, 28, 28}, {401408, 784, 28, 1}, target_id=0
@122 = gpu::code_object[code_object=3872,symbol_name=add_add_relu_kernel,global=200704,local=1024,](@118,@120,@104,@121) -> float_type, {1, 512, 28, 28}, {401408, 784, 28, 1}, target_id=0
@123 = hip::hip_copy_literal[id=main:@literal:64] -> float_type, {128}, {1}, target_id=0
@124 = hip::hip_copy_literal[id=main:@literal:65] -> float_type, {128, 512, 1, 1}, {512, 1, 1, 1}, target_id=0
@125 = load[offset=1605632,end=2007040](@1) -> float_type, {1, 128, 28, 28}, {100352, 784, 28, 1}, target_id=0
@126 = broadcast[axis=1,out_lens={1, 128, 28, 28}](@123) -> float_type, {1, 128, 28, 28}, {0, 1, 0, 0}, target_id=0
@127 = gpu::miopen_fusion[ops={{op=convolution[padding={0, 0, 0, 0},stride={1, 1},dilation={1, 1},group=1,padding_mode=0],alpha=1,beta=0}, {op=add,alpha=1,beta=0}, {op=relu,alpha=1,beta=0}}](@122,@124,@126,@125) -> float_type, {1, 128, 28, 28}, {100352, 784, 28, 1}, target_id=0
@128 = hip::hip_copy_literal[id=main:@literal:62] -> float_type, {128}, {1}, target_id=0
@129 = hip::hip_copy_literal[id=main:@literal:63] -> float_type, {128, 128, 3, 3}, {1152, 9, 3, 1}, target_id=0
@130 = load[offset=3211264,end=3612672](@1) -> float_type, {1, 128, 28, 28}, {100352, 784, 28, 1}, target_id=0
@131 = broadcast[axis=1,out_lens={1, 128, 28, 28}](@128) -> float_type, {1, 128, 28, 28}, {0, 1, 0, 0}, target_id=0
@132 = gpu::miopen_fusion[ops={{op=convolution[padding={1, 1, 1, 1},stride={1, 1},dilation={1, 1},group=1,padding_mode=0],alpha=1,beta=0}, {op=add,alpha=1,beta=0}, {op=relu,alpha=1,beta=0}}](@127,@129,@131,@130) -> float_type, {1, 128, 28, 28}, {100352, 784, 28, 1}, target_id=0
@133 = hip::hip_copy_literal[id=main:@literal:61] -> float_type, {512, 128, 1, 1}, {128, 1, 1, 1}, target_id=0
@134 = load[offset=0,end=0](@1) -> int8_type, {0}, {1}, target_id=0
@135 = load[offset=1605632,end=3211264](@1) -> float_type, {1, 512, 28, 28}, {401408, 784, 28, 1}, target_id=0
@136 = gpu::convolution[op={padding={0, 0, 0, 0},stride={1, 1},dilation={1, 1},group=1,padding_mode=0},solution_object={binary_object: 496},algo=0,int8_x4_format=0,solution_id=0](@132,@133,@134,@135) -> float_type, {1, 512, 28, 28}, {401408, 784, 28, 1}, target_id=0
@137 = hip::hip_copy_literal[id=main:@literal:60] -> float_type, {512}, {1}, target_id=0
@138 = load[offset=4165632,end=5771264](@1) -> float_type, {1, 512, 28, 28}, {401408, 784, 28, 1}, target_id=0
@139 = broadcast[axis=1,out_lens={1, 512, 28, 28}](@137) -> float_type, {1, 512, 28, 28}, {0, 1, 0, 0}, target_id=0
@140 = gpu::code_object[code_object=3872,symbol_name=add_add_relu_kernel,global=200704,local=1024,](@136,@139,@122,@138) -> float_type, {1, 512, 28, 28}, {401408, 784, 28, 1}, target_id=0
@141 = hip::hip_copy_literal[id=main:@literal:58] -> float_type, {256}, {1}, target_id=0
@142 = hip::hip_copy_literal[id=main:@literal:59] -> float_type, {256, 512, 1, 1}, {512, 1, 1, 1}, target_id=0
@143 = broadcast[axis=1,out_lens={1, 256, 28, 28}](@141) -> float_type, {1, 256, 28, 28}, {0, 1, 0, 0}, target_id=0
@144 = load[offset=0,end=802816](@1) -> float_type, {1, 256, 28, 28}, {200704, 784, 28, 1}, target_id=0
@145 = gpu::miopen_fusion[ops={{op=convolution[padding={0, 0, 0, 0},stride={1, 1},dilation={1, 1},group=1,padding_mode=0],alpha=1,beta=0}, {op=add,alpha=1,beta=0}, {op=relu,alpha=1,beta=0}}](@140,@142,@143,@144) -> float_type, {1, 256, 28, 28}, {200704, 784, 28, 1}, target_id=0
@146 = hip::hip_copy_literal[id=main:@literal:57] -> float_type, {256, 256, 3, 3}, {2304, 9, 3, 1}, target_id=0
@147 = load[offset=5971968,end=9334784](@1) -> int8_type, {3362816}, {1}, target_id=0
@148 = load[offset=5771264,end=5971968](@1) -> float_type, {1, 256, 14, 14}, {50176, 196, 14, 1}, target_id=0
@149 = gpu::convolution[op={padding={1, 1, 1, 1},stride={2, 2},dilation={1, 1},group=1,padding_mode=0},solution_object={binary_object: 556},algo=0,int8_x4_format=0,solution_id=0](@145,@146,@147,@148) -> float_type, {1, 256, 14, 14}, {50176, 196, 14, 1}, target_id=0
@150 = hip::hip_copy_literal[id=main:@literal:56] -> float_type, {256}, {1}, target_id=0
@151 = broadcast[axis=1,out_lens={1, 256, 14, 14}](@150) -> float_type, {1, 256, 14, 14}, {0, 1, 0, 0}, target_id=0
@152 = load[offset=802816,end=1003520](@1) -> float_type, {1, 256, 14, 14}, {50176, 196, 14, 1}, target_id=0
@153 = gpu::code_object[code_object=3872,symbol_name=add_relu_kernel,global=25088,local=1024,](@149,@151,@152) -> float_type, {1, 256, 14, 14}, {50176, 196, 14, 1}, target_id=0
@154 = hip::hip_copy_literal[id=main:@literal:7] -> float_type, {1024, 768, 1, 1}, {768, 1, 1, 1}, target_id=0
@155 = step[axes={2, 3},steps={2, 2}](@140) -> float_type, {1, 512, 14, 14}, {401408, 784, 56, 2}, target_id=0
@156 = load[offset=200704,end=802816](@1) -> float_type, {1, 768, 14, 14}, {150528, 196, 14, 1}, target_id=0
@157 = gpu::code_object[code_object=3848,symbol_name=concat_kernel,global=75264,local=1024,](@153,@155,@156) -> float_type, {1, 768, 14, 14}, {150528, 196, 14, 1}, target_id=0
@158 = load[offset=0,end=0](@1) -> int8_type, {0}, {1}, target_id=0
@159 = load[offset=2207744,end=3010560](@1) -> float_type, {1, 1024, 14, 14}, {200704, 196, 14, 1}, target_id=0
@160 = gpu::convolution[op={padding={0, 0, 0, 0},stride={1, 1},dilation={1, 1},group=1,padding_mode=0},solution_object={binary_object: 459},algo=0,int8_x4_format=0,solution_id=0](@157,@154,@158,@159) -> float_type, {1, 1024, 14, 14}, {200704, 196, 14, 1}, target_id=0
@161 = hip::hip_copy_literal[id=main:@literal:3] -> float_type, {1024}, {1}, target_id=0
@162 = load[offset=1404928,end=2207744](@1) -> float_type, {1, 1024, 14, 14}, {200704, 196, 14, 1}, target_id=0
@163 = broadcast[axis=1,out_lens={1, 1024, 14, 14}](@161) -> float_type, {1, 1024, 14, 14}, {0, 1, 0, 0}, target_id=0
@164 = gpu::code_object[code_object=3832,symbol_name=add_relu_kernel,global=100352,local=1024,](@160,@163,@162) -> float_type, {1, 1024, 14, 14}, {200704, 196, 14, 1}, target_id=0
@165 = hip::hip_copy_literal[id=main:@literal:55] -> float_type, {256, 1024, 1, 1}, {1024, 1, 1, 1}, target_id=0
@166 = load[offset=0,end=0](@1) -> int8_type, {0}, {1}, target_id=0
@167 = load[offset=401408,end=602112](@1) -> float_type, {1, 256, 14, 14}, {50176, 196, 14, 1}, target_id=0
@168 = gpu::convolution[op={padding={0, 0, 0, 0},stride={1, 1},dilation={1, 1},group=1,padding_mode=0},solution_object={binary_object: 457},algo=0,int8_x4_format=0,solution_id=0](@164,@165,@166,@167) -> float_type, {1, 256, 14, 14}, {50176, 196, 14, 1}, target_id=0
@169 = hip::hip_copy_literal[id=main:@literal:51] -> float_type, {1024, 256, 1, 1}, {256, 1, 1, 1}, target_id=0
@170 = hip::hip_copy_literal[id=main:@literal:52] -> float_type, {256}, {1}, target_id=0
@171 = hip::hip_copy_literal[id=main:@literal:53] -> float_type, {256, 256, 3, 3}, {2304, 9, 3, 1}, target_id=0
@172 = hip::hip_copy_literal[id=main:@literal:54] -> float_type, {256}, {1}, target_id=0
@173 = broadcast[axis=1,out_lens={1, 256, 14, 14}](@172) -> float_type, {1, 256, 14, 14}, {0, 1, 0, 0}, target_id=0
@174 = load[offset=200704,end=401408](@1) -> float_type, {1, 256, 14, 14}, {50176, 196, 14, 1}, target_id=0
@175 = gpu::code_object[code_object=3872,symbol_name=add_relu_kernel,global=25088,local=1024,](@168,@173,@174) -> float_type, {1, 256, 14, 14}, {50176, 196, 14, 1}, target_id=0
@176 = broadcast[axis=1,out_lens={1, 256, 14, 14}](@170) -> float_type, {1, 256, 14, 14}, {0, 1, 0, 0}, target_id=0
@177 = load[offset=0,end=200704](@1) -> float_type, {1, 256, 14, 14}, {50176, 196, 14, 1}, target_id=0
@178 = gpu::miopen_fusion[ops={{op=convolution[padding={1, 1, 1, 1},stride={1, 1},dilation={1, 1},group=1,padding_mode=0],alpha=1,beta=0}, {op=add,alpha=1,beta=0}, {op=relu,alpha=1,beta=0}}](@175,@171,@176,@177) -> float_type, {1, 256, 14, 14}, {50176, 196, 14, 1}, target_id=0
@179 = load[offset=0,end=0](@1) -> int8_type, {0}, {1}, target_id=0
@180 = load[offset=2207744,end=3010560](@1) -> float_type, {1, 1024, 14, 14}, {200704, 196, 14, 1}, target_id=0
@181 = gpu::convolution[op={padding={0, 0, 0, 0},stride={1, 1},dilation={1, 1},group=1,padding_mode=0},solution_object={binary_object: 457},algo=0,int8_x4_format=0,solution_id=0](@178,@169,@179,@180) -> float_type, {1, 1024, 14, 14}, {200704, 196, 14, 1}, target_id=0
@182 = hip::hip_copy_literal[id=main:@literal:50] -> float_type, {1024}, {1}, target_id=0
@183 = broadcast[axis=1,out_lens={1, 1024, 14, 14}](@182) -> float_type, {1, 1024, 14, 14}, {0, 1, 0, 0}, target_id=0
@184 = load[offset=602112,end=1404928](@1) -> float_type, {1, 1024, 14, 14}, {200704, 196, 14, 1}, target_id=0
@185 = gpu::code_object[code_object=3864,symbol_name=add_add_relu_kernel,global=100352,local=1024,](@181,@183,@164,@184) -> float_type, {1, 1024, 14, 14}, {200704, 196, 14, 1}, target_id=0
@186 = hip::hip_copy_literal[id=main:@literal:49] -> float_type, {256, 1024, 1, 1}, {1024, 1, 1, 1}, target_id=0
@187 = load[offset=0,end=0](@1) -> int8_type, {0}, {1}, target_id=0
@188 = load[offset=401408,end=602112](@1) -> float_type, {1, 256, 14, 14}, {50176, 196, 14, 1}, target_id=0
@189 = gpu::convolution[op={padding={0, 0, 0, 0},stride={1, 1},dilation={1, 1},group=1,padding_mode=0},solution_object={binary_object: 457},algo=0,int8_x4_format=0,solution_id=0](@185,@186,@187,@188) -> float_type, {1, 256, 14, 14}, {50176, 196, 14, 1}, target_id=0
@190 = hip::hip_copy_literal[id=main:@literal:45] -> float_type, {1024, 256, 1, 1}, {256, 1, 1, 1}, target_id=0
@191 = hip::hip_copy_literal[id=main:@literal:46] -> float_type, {256}, {1}, target_id=0
@192 = hip::hip_copy_literal[id=main:@literal:47] -> float_type, {256, 256, 3, 3}, {2304, 9, 3, 1}, target_id=0
@193 = hip::hip_copy_literal[id=main:@literal:48] -> float_type, {256}, {1}, target_id=0
@194 = broadcast[axis=1,out_lens={1, 256, 14, 14}](@193) -> float_type, {1, 256, 14, 14}, {0, 1, 0, 0}, target_id=0
@195 = load[offset=200704,end=401408](@1) -> float_type, {1, 256, 14, 14}, {50176, 196, 14, 1}, target_id=0
@196 = gpu::code_object[code_object=3872,symbol_name=add_relu_kernel,global=25088,local=1024,](@189,@194,@195) -> float_type, {1, 256, 14, 14}, {50176, 196, 14, 1}, target_id=0
@197 = broadcast[axis=1,out_lens={1, 256, 14, 14}](@191) -> float_type, {1, 256, 14, 14}, {0, 1, 0, 0}, target_id=0
@198 = load[offset=0,end=200704](@1) -> float_type, {1, 256, 14, 14}, {50176, 196, 14, 1}, target_id=0
@199 = gpu::miopen_fusion[ops={{op=convolution[padding={1, 1, 1, 1},stride={1, 1},dilation={1, 1},group=1,padding_mode=0],alpha=1,beta=0}, {op=add,alpha=1,beta=0}, {op=relu,alpha=1,beta=0}}](@196,@192,@197,@198) -> float_type, {1, 256, 14, 14}, {50176, 196, 14, 1}, target_id=0
@200 = load[offset=0,end=0](@1) -> int8_type, {0}, {1}, target_id=0
@201 = load[offset=1404928,end=2207744](@1) -> float_type, {1, 1024, 14, 14}, {200704, 196, 14, 1}, target_id=0
@202 = gpu::convolution[op={padding={0, 0, 0, 0},stride={1, 1},dilation={1, 1},group=1,padding_mode=0},solution_object={binary_object: 457},algo=0,int8_x4_format=0,solution_id=0](@199,@190,@200,@201) -> float_type, {1, 1024, 14, 14}, {200704, 196, 14, 1}, target_id=0
@203 = hip::hip_copy_literal[id=main:@literal:44] -> float_type, {1024}, {1}, target_id=0
@204 = broadcast[axis=1,out_lens={1, 1024, 14, 14}](@203) -> float_type, {1, 1024, 14, 14}, {0, 1, 0, 0}, target_id=0
@205 = load[offset=2207744,end=3010560](@1) -> float_type, {1, 1024, 14, 14}, {200704, 196, 14, 1}, target_id=0
@206 = gpu::code_object[code_object=3864,symbol_name=add_add_relu_kernel,global=100352,local=1024,](@202,@204,@185,@205) -> float_type, {1, 1024, 14, 14}, {200704, 196, 14, 1}, target_id=0
@207 = hip::hip_copy_literal[id=main:@literal:38] -> float_type, {1024}, {1}, target_id=0
@208 = hip::hip_copy_literal[id=main:@literal:43] -> float_type, {256, 1024, 1, 1}, {1024, 1, 1, 1}, target_id=0
@209 = load[offset=0,end=0](@1) -> int8_type, {0}, {1}, target_id=0
@210 = load[offset=401408,end=602112](@1) -> float_type, {1, 256, 14, 14}, {50176, 196, 14, 1}, target_id=0
@211 = gpu::convolution[op={padding={0, 0, 0, 0},stride={1, 1},dilation={1, 1},group=1,padding_mode=0},solution_object={binary_object: 457},algo=0,int8_x4_format=0,solution_id=0](@206,@208,@209,@210) -> float_type, {1, 256, 14, 14}, {50176, 196, 14, 1}, target_id=0
@212 = hip::hip_copy_literal[id=main:@literal:39] -> float_type, {1024, 256, 1, 1}, {256, 1, 1, 1}, target_id=0
@213 = hip::hip_copy_literal[id=main:@literal:40] -> float_type, {256}, {1}, target_id=0
@214 = hip::hip_copy_literal[id=main:@literal:41] -> float_type, {256, 256, 3, 3}, {2304, 9, 3, 1}, target_id=0
@215 = hip::hip_copy_literal[id=main:@literal:42] -> float_type, {256}, {1}, target_id=0
@216 = broadcast[axis=1,out_lens={1, 256, 14, 14}](@215) -> float_type, {1, 256, 14, 14}, {0, 1, 0, 0}, target_id=0
@217 = load[offset=200704,end=401408](@1) -> float_type, {1, 256, 14, 14}, {50176, 196, 14, 1}, target_id=0
@218 = gpu::code_object[code_object=3872,symbol_name=add_relu_kernel,global=25088,local=1024,](@211,@216,@217) -> float_type, {1, 256, 14, 14}, {50176, 196, 14, 1}, target_id=0
@219 = broadcast[axis=1,out_lens={1, 256, 14, 14}](@213) -> float_type, {1, 256, 14, 14}, {0, 1, 0, 0}, target_id=0
@220 = load[offset=0,end=200704](@1) -> float_type, {1, 256, 14, 14}, {50176, 196, 14, 1}, target_id=0
@221 = gpu::miopen_fusion[ops={{op=convolution[padding={1, 1, 1, 1},stride={1, 1},dilation={1, 1},group=1,padding_mode=0],alpha=1,beta=0}, {op=add,alpha=1,beta=0}, {op=relu,alpha=1,beta=0}}](@218,@214,@219,@220) -> float_type, {1, 256, 14, 14}, {50176, 196, 14, 1}, target_id=0
@222 = load[offset=0,end=0](@1) -> int8_type, {0}, {1}, target_id=0
@223 = load[offset=3010560,end=3813376](@1) -> float_type, {1, 1024, 14, 14}, {200704, 196, 14, 1}, target_id=0
@224 = gpu::convolution[op={padding={0, 0, 0, 0},stride={1, 1},dilation={1, 1},group=1,padding_mode=0},solution_object={binary_object: 457},algo=0,int8_x4_format=0,solution_id=0](@221,@212,@222,@223) -> float_type, {1, 1024, 14, 14}, {200704, 196, 14, 1}, target_id=0
@225 = broadcast[axis=1,out_lens={1, 1024, 14, 14}](@207) -> float_type, {1, 1024, 14, 14}, {0, 1, 0, 0}, target_id=0
@226 = load[offset=1404928,end=2207744](@1) -> float_type, {1, 1024, 14, 14}, {200704, 196, 14, 1}, target_id=0
@227 = gpu::code_object[code_object=3864,symbol_name=add_add_relu_kernel,global=100352,local=1024,](@224,@225,@206,@226) -> float_type, {1, 1024, 14, 14}, {200704, 196, 14, 1}, target_id=0
@228 = hip::hip_copy_literal[id=main:@literal:37] -> float_type, {256, 1024, 1, 1}, {1024, 1, 1, 1}, target_id=0
@229 = load[offset=0,end=0](@1) -> int8_type, {0}, {1}, target_id=0
@230 = load[offset=401408,end=602112](@1) -> float_type, {1, 256, 14, 14}, {50176, 196, 14, 1}, target_id=0
@231 = gpu::convolution[op={padding={0, 0, 0, 0},stride={1, 1},dilation={1, 1},group=1,padding_mode=0},solution_object={binary_object: 457},algo=0,int8_x4_format=0,solution_id=0](@227,@228,@229,@230) -> float_type, {1, 256, 14, 14}, {50176, 196, 14, 1}, target_id=0
@232 = hip::hip_copy_literal[id=main:@literal:33] -> float_type, {1024, 256, 1, 1}, {256, 1, 1, 1}, target_id=0
@233 = hip::hip_copy_literal[id=main:@literal:34] -> float_type, {256}, {1}, target_id=0
@234 = hip::hip_copy_literal[id=main:@literal:35] -> float_type, {256, 256, 3, 3}, {2304, 9, 3, 1}, target_id=0
@235 = hip::hip_copy_literal[id=main:@literal:36] -> float_type, {256}, {1}, target_id=0
@236 = broadcast[axis=1,out_lens={1, 256, 14, 14}](@235) -> float_type, {1, 256, 14, 14}, {0, 1, 0, 0}, target_id=0
@237 = load[offset=200704,end=401408](@1) -> float_type, {1, 256, 14, 14}, {50176, 196, 14, 1}, target_id=0
@238 = gpu::code_object[code_object=3872,symbol_name=add_relu_kernel,global=25088,local=1024,](@231,@236,@237) -> float_type, {1, 256, 14, 14}, {50176, 196, 14, 1}, target_id=0
@239 = broadcast[axis=1,out_lens={1, 256, 14, 14}](@233) -> float_type, {1, 256, 14, 14}, {0, 1, 0, 0}, target_id=0
@240 = load[offset=0,end=200704](@1) -> float_type, {1, 256, 14, 14}, {50176, 196, 14, 1}, target_id=0
@241 = gpu::miopen_fusion[ops={{op=convolution[padding={1, 1, 1, 1},stride={1, 1},dilation={1, 1},group=1,padding_mode=0],alpha=1,beta=0}, {op=add,alpha=1,beta=0}, {op=relu,alpha=1,beta=0}}](@238,@234,@239,@240) -> float_type, {1, 256, 14, 14}, {50176, 196, 14, 1}, target_id=0
@242 = load[offset=0,end=0](@1) -> int8_type, {0}, {1}, target_id=0
@243 = load[offset=2207744,end=3010560](@1) -> float_type, {1, 1024, 14, 14}, {200704, 196, 14, 1}, target_id=0
@244 = gpu::convolution[op={padding={0, 0, 0, 0},stride={1, 1},dilation={1, 1},group=1,padding_mode=0},solution_object={binary_object: 457},algo=0,int8_x4_format=0,solution_id=0](@241,@232,@242,@243) -> float_type, {1, 1024, 14, 14}, {200704, 196, 14, 1}, target_id=0
@245 = hip::hip_copy_literal[id=main:@literal:32] -> float_type, {1024}, {1}, target_id=0
@246 = broadcast[axis=1,out_lens={1, 1024, 14, 14}](@245) -> float_type, {1, 1024, 14, 14}, {0, 1, 0, 0}, target_id=0
@247 = load[offset=602112,end=1404928](@1) -> float_type, {1, 1024, 14, 14}, {200704, 196, 14, 1}, target_id=0
@248 = gpu::code_object[code_object=3864,symbol_name=add_add_relu_kernel,global=100352,local=1024,](@244,@246,@227,@247) -> float_type, {1, 1024, 14, 14}, {200704, 196, 14, 1}, target_id=0
@249 = hip::hip_copy_literal[id=main:@literal:31] -> float_type, {256, 1024, 1, 1}, {1024, 1, 1, 1}, target_id=0
@250 = load[offset=0,end=0](@1) -> int8_type, {0}, {1}, target_id=0
@251 = load[offset=401408,end=602112](@1) -> float_type, {1, 256, 14, 14}, {50176, 196, 14, 1}, target_id=0
@252 = gpu::convolution[op={padding={0, 0, 0, 0},stride={1, 1},dilation={1, 1},group=1,padding_mode=0},solution_object={binary_object: 457},algo=0,int8_x4_format=0,solution_id=0](@248,@249,@250,@251) -> float_type, {1, 256, 14, 14}, {50176, 196, 14, 1}, target_id=0
@253 = hip::hip_copy_literal[id=main:@literal:27] -> float_type, {1024, 256, 1, 1}, {256, 1, 1, 1}, target_id=0
@254 = hip::hip_copy_literal[id=main:@literal:28] -> float_type, {256}, {1}, target_id=0
@255 = hip::hip_copy_literal[id=main:@literal:29] -> float_type, {256, 256, 3, 3}, {2304, 9, 3, 1}, target_id=0
@256 = hip::hip_copy_literal[id=main:@literal:30] -> float_type, {256}, {1}, target_id=0
@257 = broadcast[axis=1,out_lens={1, 256, 14, 14}](@256) -> float_type, {1, 256, 14, 14}, {0, 1, 0, 0}, target_id=0
@258 = load[offset=200704,end=401408](@1) -> float_type, {1, 256, 14, 14}, {50176, 196, 14, 1}, target_id=0
@259 = gpu::code_object[code_object=3872,symbol_name=add_relu_kernel,global=25088,local=1024,](@252,@257,@258) -> float_type, {1, 256, 14, 14}, {50176, 196, 14, 1}, target_id=0
@260 = broadcast[axis=1,out_lens={1, 256, 14, 14}](@254) -> float_type, {1, 256, 14, 14}, {0, 1, 0, 0}, target_id=0
@261 = load[offset=0,end=200704](@1) -> float_type, {1, 256, 14, 14}, {50176, 196, 14, 1}, target_id=0
@262 = gpu::miopen_fusion[ops={{op=convolution[padding={1, 1, 1, 1},stride={1, 1},dilation={1, 1},group=1,padding_mode=0],alpha=1,beta=0}, {op=add,alpha=1,beta=0}, {op=relu,alpha=1,beta=0}}](@259,@255,@260,@261) -> float_type, {1, 256, 14, 14}, {50176, 196, 14, 1}, target_id=0
@263 = load[offset=0,end=0](@1) -> int8_type, {0}, {1}, target_id=0
@264 = load[offset=1404928,end=2207744](@1) -> float_type, {1, 1024, 14, 14}, {200704, 196, 14, 1}, target_id=0
@265 = gpu::convolution[op={padding={0, 0, 0, 0},stride={1, 1},dilation={1, 1},group=1,padding_mode=0},solution_object={binary_object: 457},algo=0,int8_x4_format=0,solution_id=0](@262,@253,@263,@264) -> float_type, {1, 1024, 14, 14}, {200704, 196, 14, 1}, target_id=0
@266 = hip::hip_copy_literal[id=main:@literal:26] -> float_type, {1024}, {1}, target_id=0
@267 = broadcast[axis=1,out_lens={1, 1024, 14, 14}](@266) -> float_type, {1, 1024, 14, 14}, {0, 1, 0, 0}, target_id=0
@268 = load[offset=2207744,end=3010560](@1) -> float_type, {1, 1024, 14, 14}, {200704, 196, 14, 1}, target_id=0
@269 = gpu::code_object[code_object=3864,symbol_name=add_add_relu_kernel,global=100352,local=1024,](@265,@267,@248,@268) -> float_type, {1, 1024, 14, 14}, {200704, 196, 14, 1}, target_id=0
@270 = hip::hip_copy_literal[id=main:@literal:25] -> float_type, {512, 1024, 1, 1}, {1024, 1, 1, 1}, target_id=0
@271 = load[offset=0,end=0](@1) -> int8_type, {0}, {1}, target_id=0
@272 = load[offset=0,end=401408](@1) -> float_type, {1, 512, 14, 14}, {100352, 196, 14, 1}, target_id=0
@273 = gpu::convolution[op={padding={0, 0, 0, 0},stride={1, 1},dilation={1, 1},group=1,padding_mode=0},solution_object={binary_object: 459},algo=0,int8_x4_format=0,solution_id=0](@269,@270,@271,@272) -> float_type, {1, 512, 14, 14}, {100352, 196, 14, 1}, target_id=0
@274 = hip::hip_copy_literal[id=main:@literal:23] -> float_type, {512, 512, 3, 3}, {4608, 9, 3, 1}, target_id=0
@275 = hip::hip_copy_literal[id=main:@literal:24] -> float_type, {512}, {1}, target_id=0
@276 = broadcast[axis=1,out_lens={1, 512, 14, 14}](@275) -> float_type, {1, 512, 14, 14}, {0, 1, 0, 0}, target_id=0
@277 = load[offset=1003520,end=1404928](@1) -> float_type, {1, 512, 14, 14}, {100352, 196, 14, 1}, target_id=0
@278 = gpu::code_object[code_object=3832,symbol_name=add_relu_kernel,global=50176,local=1024,](@273,@276,@277) -> float_type, {1, 512, 14, 14}, {100352, 196, 14, 1}, target_id=0
@279 = load[offset=0,end=903168](@1) -> int8_type, {903168}, {1}, target_id=0
@280 = load[offset=1404928,end=1505280](@1) -> float_type, {1, 512, 7, 7}, {25088, 49, 7, 1}, target_id=0
@281 = gpu::convolution[op={padding={1, 1, 1, 1},stride={2, 2},dilation={1, 1},group=1,padding_mode=0},solution_object={binary_object: 430},algo=0,int8_x4_format=0,solution_id=0](@278,@274,@279,@280) -> float_type, {1, 512, 7, 7}, {25088, 49, 7, 1}, target_id=0
@282 = hip::hip_copy_literal[id=main:@literal:9] -> float_type, {2048, 1536, 1, 1}, {1536, 1, 1, 1}, target_id=0
@283 = hip::hip_copy_literal[id=main:@literal:22] -> float_type, {512}, {1}, target_id=0
@284 = broadcast[axis=1,out_lens={1, 512, 7, 7}](@283) -> float_type, {1, 512, 7, 7}, {0, 1, 0, 0}, target_id=0
@285 = load[offset=0,end=100352](@1) -> float_type, {1, 512, 7, 7}, {25088, 49, 7, 1}, target_id=0
@286 = gpu::code_object[code_object=3856,symbol_name=add_relu_kernel,global=25088,local=1024,](@281,@284,@285) -> float_type, {1, 512, 7, 7}, {25088, 49, 7, 1}, target_id=0
@287 = load[offset=200704,end=501760](@1) -> float_type, {1, 1536, 7, 7}, {75264, 49, 7, 1}, target_id=0
@288 = step[axes={2, 3},steps={2, 2}](@269) -> float_type, {1, 1024, 7, 7}, {200704, 196, 28, 2}, target_id=0
@289 = gpu::code_object[code_object=3856,symbol_name=concat_kernel,global=37632,local=1024,](@286,@288,@287) -> float_type, {1, 1536, 7, 7}, {75264, 49, 7, 1}, target_id=0
@290 = load[offset=0,end=0](@1) -> int8_type, {0}, {1}, target_id=0
@291 = load[offset=702464,end=1103872](@1) -> float_type, {1, 2048, 7, 7}, {100352, 49, 7, 1}, target_id=0
@292 = gpu::convolution[op={padding={0, 0, 0, 0},stride={1, 1},dilation={1, 1},group=1,padding_mode=0},solution_object={binary_object: 430},algo=0,int8_x4_format=0,solution_id=0](@289,@282,@290,@291) -> float_type, {1, 2048, 7, 7}, {100352, 49, 7, 1}, target_id=0
@293 = hip::hip_copy_literal[id=main:@literal:8] -> float_type, {2048}, {1}, target_id=0
@294 = load[offset=301056,end=702464](@1) -> float_type, {1, 2048, 7, 7}, {100352, 49, 7, 1}, target_id=0
@295 = broadcast[axis=1,out_lens={1, 2048, 7, 7}](@293) -> float_type, {1, 2048, 7, 7}, {0, 1, 0, 0}, target_id=0
@296 = gpu::code_object[code_object=3824,symbol_name=add_relu_kernel,global=100352,local=1024,](@292,@295,@294) -> float_type, {1, 2048, 7, 7}, {100352, 49, 7, 1}, target_id=0
@297 = hip::hip_copy_literal[id=main:@literal:21] -> float_type, {512, 2048, 1, 1}, {2048, 1, 1, 1}, target_id=0
@298 = load[offset=702464,end=1204224](@1) -> int8_type, {501760}, {1}, target_id=0
@299 = load[offset=200704,end=301056](@1) -> float_type, {1, 512, 7, 7}, {25088, 49, 7, 1}, target_id=0
@300 = gpu::convolution[op={padding={0, 0, 0, 0},stride={1, 1},dilation={1, 1},group=1,padding_mode=0},solution_object={binary_object: 554},algo=0,int8_x4_format=0,solution_id=0](@296,@297,@298,@299) -> float_type, {1, 512, 7, 7}, {25088, 49, 7, 1}, target_id=0
@301 = hip::hip_copy_literal[id=main:@literal:17] -> float_type, {2048, 512, 1, 1}, {512, 1, 1, 1}, target_id=0
@302 = hip::hip_copy_literal[id=main:@literal:18] -> float_type, {512}, {1}, target_id=0
@303 = hip::hip_copy_literal[id=main:@literal:19] -> float_type, {512, 512, 3, 3}, {4608, 9, 3, 1}, target_id=0
@304 = hip::hip_copy_literal[id=main:@literal:20] -> float_type, {512}, {1}, target_id=0
@305 = broadcast[axis=1,out_lens={1, 512, 7, 7}](@304) -> float_type, {1, 512, 7, 7}, {0, 1, 0, 0}, target_id=0
@306 = load[offset=100352,end=200704](@1) -> float_type, {1, 512, 7, 7}, {25088, 49, 7, 1}, target_id=0
@307 = gpu::code_object[code_object=3856,symbol_name=add_relu_kernel,global=25088,local=1024,](@300,@305,@306) -> float_type, {1, 512, 7, 7}, {25088, 49, 7, 1}, target_id=0
@308 = broadcast[axis=1,out_lens={1, 512, 7, 7}](@302) -> float_type, {1, 512, 7, 7}, {0, 1, 0, 0}, target_id=0
@309 = load[offset=0,end=100352](@1) -> float_type, {1, 512, 7, 7}, {25088, 49, 7, 1}, target_id=0
@310 = gpu::miopen_fusion[ops={{op=convolution[padding={1, 1, 1, 1},stride={1, 1},dilation={1, 1},group=1,padding_mode=0],alpha=1,beta=0}, {op=add,alpha=1,beta=0}, {op=relu,alpha=1,beta=0}}](@307,@303,@308,@309) -> float_type, {1, 512, 7, 7}, {25088, 49, 7, 1}, target_id=0
@311 = load[offset=0,end=0](@1) -> int8_type, {0}, {1}, target_id=0
@312 = load[offset=702464,end=1103872](@1) -> float_type, {1, 2048, 7, 7}, {100352, 49, 7, 1}, target_id=0
@313 = gpu::convolution[op={padding={0, 0, 0, 0},stride={1, 1},dilation={1, 1},group=1,padding_mode=0},solution_object={binary_object: 455},algo=0,int8_x4_format=0,solution_id=0](@310,@301,@311,@312) -> float_type, {1, 2048, 7, 7}, {100352, 49, 7, 1}, target_id=0
@314 = hip::hip_copy_literal[id=main:@literal:16] -> float_type, {2048}, {1}, target_id=0
@315 = broadcast[axis=1,out_lens={1, 2048, 7, 7}](@314) -> float_type, {1, 2048, 7, 7}, {0, 1, 0, 0}, target_id=0
@316 = load[offset=1103872,end=1505280](@1) -> float_type, {1, 2048, 7, 7}, {100352, 49, 7, 1}, target_id=0
@317 = gpu::code_object[code_object=3848,symbol_name=add_add_relu_kernel,global=100352,local=1024,](@313,@315,@296,@316) -> float_type, {1, 2048, 7, 7}, {100352, 49, 7, 1}, target_id=0
@318 = hip::hip_copy_literal[id=main:@literal:15] -> float_type, {512, 2048, 1, 1}, {2048, 1, 1, 1}, target_id=0
@319 = load[offset=0,end=501760](@1) -> int8_type, {501760}, {1}, target_id=0
@320 = load[offset=602112,end=702464](@1) -> float_type, {1, 512, 7, 7}, {25088, 49, 7, 1}, target_id=0
@321 = gpu::convolution[op={padding={0, 0, 0, 0},stride={1, 1},dilation={1, 1},group=1,padding_mode=0},solution_object={binary_object: 554},algo=0,int8_x4_format=0,solution_id=0](@317,@318,@319,@320) -> float_type, {1, 512, 7, 7}, {25088, 49, 7, 1}, target_id=0
@322 = hip::hip_copy_literal[id=main:@literal:11] -> float_type, {2048, 512, 1, 1}, {512, 1, 1, 1}, target_id=0
@323 = hip::hip_copy_literal[id=main:@literal:12] -> float_type, {512}, {1}, target_id=0
@324 = hip::hip_copy_literal[id=main:@literal:13] -> float_type, {512, 512, 3, 3}, {4608, 9, 3, 1}, target_id=0
@325 = hip::hip_copy_literal[id=main:@literal:14] -> float_type, {512}, {1}, target_id=0
@326 = broadcast[axis=1,out_lens={1, 512, 7, 7}](@325) -> float_type, {1, 512, 7, 7}, {0, 1, 0, 0}, target_id=0
@327 = load[offset=100352,end=200704](@1) -> float_type, {1, 512, 7, 7}, {25088, 49, 7, 1}, target_id=0
@328 = gpu::code_object[code_object=3856,symbol_name=add_relu_kernel,global=25088,local=1024,](@321,@326,@327) -> float_type, {1, 512, 7, 7}, {25088, 49, 7, 1}, target_id=0
@329 = broadcast[axis=1,out_lens={1, 512, 7, 7}](@323) -> float_type, {1, 512, 7, 7}, {0, 1, 0, 0}, target_id=0
@330 = load[offset=0,end=100352](@1) -> float_type, {1, 512, 7, 7}, {25088, 49, 7, 1}, target_id=0
@331 = gpu::miopen_fusion[ops={{op=convolution[padding={1, 1, 1, 1},stride={1, 1},dilation={1, 1},group=1,padding_mode=0],alpha=1,beta=0}, {op=add,alpha=1,beta=0}, {op=relu,alpha=1,beta=0}}](@328,@324,@329,@330) -> float_type, {1, 512, 7, 7}, {25088, 49, 7, 1}, target_id=0
@332 = load[offset=0,end=0](@1) -> int8_type, {0}, {1}, target_id=0
@333 = load[offset=200704,end=602112](@1) -> float_type, {1, 2048, 7, 7}, {100352, 49, 7, 1}, target_id=0
@334 = gpu::convolution[op={padding={0, 0, 0, 0},stride={1, 1},dilation={1, 1},group=1,padding_mode=0},solution_object={binary_object: 455},algo=0,int8_x4_format=0,solution_id=0](@331,@322,@332,@333) -> float_type, {1, 2048, 7, 7}, {100352, 49, 7, 1}, target_id=0
@335 = hip::hip_copy_literal[id=main:@literal:0] -> float_type, {1, 1000}, {1000, 1}, target_id=0
@336 = hip::hip_copy_literal[id=main:@literal:10] -> float_type, {2048}, {1}, target_id=0
@337 = hip::hip_copy_literal[id=main:@literal:1] -> float_type, {2048, 1000}, {1000, 1}, target_id=0
@338 = broadcast[axis=1,out_lens={1, 2048, 7, 7}](@336) -> float_type, {1, 2048, 7, 7}, {0, 1, 0, 0}, target_id=0
@339 = load[offset=0,end=8192](@1) -> float_type, {1, 2048, 1, 1}, {2048, 1, 1, 1}, target_id=0
@340 = gpu::code_object[code_object=4024,symbol_name=add_add_relu_reduce_mean_kernel,global=131072,local=64,](@334,@338,@317,@339) -> float_type, {1, 2048, 1, 1}, {2048, 1, 1, 1}, target_id=0
main:#output_0 = @param:main:#output_0 -> float_type, {1, 1000}, {1000, 1}, target_id=0
@342 = flatten[axis=1](@340) -> float_type, {1, 2048}, {2048, 1}, target_id=0
@343 = gpu::gemm[alpha=1,beta=1,int8_x4_format=0,compute_fp32=1,trans_batch=0](@342,@337,@335,main:#output_0) -> float_type, {1, 1000}, {1000, 1}, target_id=0
@344 = @return(@343), target_id=0


Allocating params ... 
Running performance report ... 
@0 = check_context::migraphx::gpu::context -> float_type, {}, {}, target_id=0: 0.00107218ms, 1%
@1 = hip::hip_allocate_memory[shape=int8_type, {11239424}, {1},id=main:scratch] -> int8_type, {11239424}, {1}, target_id=0: 0.00097982ms, 1%
@2 = hip::hip_copy_literal[id=main:@literal:99] -> float_type, {64, 3, 7, 7}, {147, 49, 7, 1}, target_id=0: 0.00081848ms, 1%
@3 = load[offset=0,end=0](@1) -> int8_type, {0}, {1}, target_id=0: 0.00088584ms, 1%
@4 = load[offset=6422528,end=9633792](@1) -> float_type, {1, 64, 112, 112}, {802816, 12544, 112, 1}, target_id=0: 0.00064602ms, 1%
input.1 = @param:input.1 -> float_type, {1, 3, 224, 224}, {150528, 50176, 224, 1}, target_id=0: 0.00059322ms, 1%
@6 = gpu::convolution[op={padding={3, 3, 3, 3},stride={2, 2},dilation={1, 1},group=1,padding_mode=0},solution_object={binary_object: 455},algo=0,int8_x4_format=0,solution_id=0](input.1,@2,@3,@4) -> float_type, {1, 64, 112, 112}, {802816, 12544, 112, 1}, target_id=0: 0.0500202ms, 2%
@7 = hip::hip_copy_literal[id=main:@literal:98] -> float_type, {64}, {1}, target_id=0: 0.00091108ms, 1%
@8 = broadcast[axis=1,out_lens={1, 64, 112, 112}](@7) -> float_type, {1, 64, 112, 112}, {0, 1, 0, 0}, target_id=0: 0.00117556ms, 1%
@9 = load[offset=3211264,end=6422528](@1) -> float_type, {1, 64, 112, 112}, {802816, 12544, 112, 1}, target_id=0: 0.0007212ms, 1%
@10 = gpu::code_object[code_object=3840,symbol_name=add_relu_kernel,global=401408,local=1024,](@6,@8,@9) -> float_type, {1, 64, 112, 112}, {802816, 12544, 112, 1}, target_id=0: 0.0241668ms, 1%
@11 = load[offset=2408448,end=3211264](@1) -> float_type, {1, 64, 56, 56}, {200704, 3136, 56, 1}, target_id=0: 0.00081142ms, 1%
@12 = gpu::pooling[mode=max,padding={1, 1, 1, 1},padding_mode=0,stride={2, 2},lengths={3, 3},ceil_mode=0,lp_order=2,dyn_global=0](@10,@11) -> float_type, {1, 64, 56, 56}, {200704, 3136, 56, 1}, target_id=0: 0.0600752ms, 2%
@13 = hip::hip_copy_literal[id=main:@literal:96] -> float_type, {64}, {1}, target_id=0: 0.00086846ms, 1%
@14 = hip::hip_copy_literal[id=main:@literal:97] -> float_type, {64, 64, 1, 1}, {64, 1, 1, 1}, target_id=0: 0.00081902ms, 1%
@15 = load[offset=802816,end=1605632](@1) -> float_type, {1, 64, 56, 56}, {200704, 3136, 56, 1}, target_id=0: 0.00075956ms, 1%
@16 = broadcast[axis=1,out_lens={1, 64, 56, 56}](@13) -> float_type, {1, 64, 56, 56}, {0, 1, 0, 0}, target_id=0: 0.00100264ms, 1%
@17 = gpu::miopen_fusion[ops={{op=convolution[padding={0, 0, 0, 0},stride={1, 1},dilation={1, 1},group=1,padding_mode=0],alpha=1,beta=0}, {op=add,alpha=1,beta=0}, {op=relu,alpha=1,beta=0}}](@12,@14,@16,@15) -> float_type, {1, 64, 56, 56}, {200704, 3136, 56, 1}, target_id=0: 0.0294813ms, 1%
@18 = hip::hip_copy_literal[id=main:@literal:94] -> float_type, {64}, {1}, target_id=0: 0.00084388ms, 1%
@19 = hip::hip_copy_literal[id=main:@literal:95] -> float_type, {64, 64, 3, 3}, {576, 9, 3, 1}, target_id=0: 0.00064474ms, 1%
@20 = broadcast[axis=1,out_lens={1, 64, 56, 56}](@18) -> float_type, {1, 64, 56, 56}, {0, 1, 0, 0}, target_id=0: 0.00094534ms, 1%
@21 = load[offset=0,end=802816](@1) -> float_type, {1, 64, 56, 56}, {200704, 3136, 56, 1}, target_id=0: 0.0007154ms, 1%
@22 = gpu::miopen_fusion[ops={{op=convolution[padding={1, 1, 1, 1},stride={1, 1},dilation={1, 1},group=1,padding_mode=0],alpha=1,beta=0}, {op=add,alpha=1,beta=0}, {op=relu,alpha=1,beta=0}}](@17,@19,@20,@21) -> float_type, {1, 64, 56, 56}, {200704, 3136, 56, 1}, target_id=0: 0.0508603ms, 2%
@23 = load[offset=3211264,end=4816896](@1) -> float_type, {1, 128, 56, 56}, {401408, 3136, 56, 1}, target_id=0: 0.00085748ms, 1%
@24 = gpu::code_object[code_object=3800,symbol_name=concat_kernel,global=100352,local=1024,](@22,@12,@23) -> float_type, {1, 128, 56, 56}, {401408, 3136, 56, 1}, target_id=0: 0.0197368ms, 1%
@25 = hip::hip_copy_literal[id=main:@literal:4] -> float_type, {256, 128, 1, 1}, {128, 1, 1, 1}, target_id=0: 0.00081766ms, 1%
@26 = hip::hip_copy_literal[id=main:@literal:2] -> float_type, {256}, {1}, target_id=0: 0.00055252ms, 1%
@27 = load[offset=4816896,end=8028160](@1) -> float_type, {1, 256, 56, 56}, {802816, 3136, 56, 1}, target_id=0: 0.0009277ms, 1%
@28 = broadcast[axis=1,out_lens={1, 256, 56, 56}](@26) -> float_type, {1, 256, 56, 56}, {0, 1, 0, 0}, target_id=0: 0.00083838ms, 1%
@29 = gpu::miopen_fusion[ops={{op=convolution[padding={0, 0, 0, 0},stride={1, 1},dilation={1, 1},group=1,padding_mode=0],alpha=1,beta=0}, {op=add,alpha=1,beta=0}, {op=relu,alpha=1,beta=0}}](@24,@25,@28,@27) -> float_type, {1, 256, 56, 56}, {802816, 3136, 56, 1}, target_id=0: 0.0426345ms, 2%
@30 = hip::hip_copy_literal[id=main:@literal:92] -> float_type, {64}, {1}, target_id=0: 0.00082668ms, 1%
@31 = hip::hip_copy_literal[id=main:@literal:93] -> float_type, {64, 256, 1, 1}, {256, 1, 1, 1}, target_id=0: 0.00060624ms, 1%
@32 = broadcast[axis=1,out_lens={1, 64, 56, 56}](@30) -> float_type, {1, 64, 56, 56}, {0, 1, 0, 0}, target_id=0: 0.00092084ms, 1%
@33 = load[offset=802816,end=1605632](@1) -> float_type, {1, 64, 56, 56}, {200704, 3136, 56, 1}, target_id=0: 0.0007374ms, 1%
@34 = gpu::miopen_fusion[ops={{op=convolution[padding={0, 0, 0, 0},stride={1, 1},dilation={1, 1},group=1,padding_mode=0],alpha=1,beta=0}, {op=add,alpha=1,beta=0}, {op=relu,alpha=1,beta=0}}](@29,@31,@32,@33) -> float_type, {1, 64, 56, 56}, {200704, 3136, 56, 1}, target_id=0: 0.0335241ms, 1%
@35 = hip::hip_copy_literal[id=main:@literal:90] -> float_type, {64}, {1}, target_id=0: 0.00078794ms, 1%
@36 = hip::hip_copy_literal[id=main:@literal:91] -> float_type, {64, 64, 3, 3}, {576, 9, 3, 1}, target_id=0: 0.00063036ms, 1%
@37 = broadcast[axis=1,out_lens={1, 64, 56, 56}](@35) -> float_type, {1, 64, 56, 56}, {0, 1, 0, 0}, target_id=0: 0.00093312ms, 1%
@38 = load[offset=0,end=802816](@1) -> float_type, {1, 64, 56, 56}, {200704, 3136, 56, 1}, target_id=0: 0.0006953ms, 1%
@39 = gpu::miopen_fusion[ops={{op=convolution[padding={1, 1, 1, 1},stride={1, 1},dilation={1, 1},group=1,padding_mode=0],alpha=1,beta=0}, {op=add,alpha=1,beta=0}, {op=relu,alpha=1,beta=0}}](@34,@36,@37,@38) -> float_type, {1, 64, 56, 56}, {200704, 3136, 56, 1}, target_id=0: 0.0422297ms, 2%
@40 = hip::hip_copy_literal[id=main:@literal:89] -> float_type, {256, 64, 1, 1}, {64, 1, 1, 1}, target_id=0: 0.00076726ms, 1%
@41 = load[offset=0,end=0](@1) -> int8_type, {0}, {1}, target_id=0: 0.00076882ms, 1%
@42 = load[offset=8028160,end=11239424](@1) -> float_type, {1, 256, 56, 56}, {802816, 3136, 56, 1}, target_id=0: 0.00062026ms, 1%
@43 = gpu::convolution[op={padding={0, 0, 0, 0},stride={1, 1},dilation={1, 1},group=1,padding_mode=0},solution_object={binary_object: 455},algo=0,int8_x4_format=0,solution_id=0](@39,@40,@41,@42) -> float_type, {1, 256, 56, 56}, {802816, 3136, 56, 1}, target_id=0: 0.0393707ms, 2%
@44 = hip::hip_copy_literal[id=main:@literal:88] -> float_type, {256}, {1}, target_id=0: 0.00092046ms, 1%
@45 = broadcast[axis=1,out_lens={1, 256, 56, 56}](@44) -> float_type, {1, 256, 56, 56}, {0, 1, 0, 0}, target_id=0: 0.00102634ms, 1%
@46 = load[offset=0,end=3211264](@1) -> float_type, {1, 256, 56, 56}, {802816, 3136, 56, 1}, target_id=0: 0.00071306ms, 1%
@47 = gpu::code_object[code_object=3872,symbol_name=add_add_relu_kernel,global=401408,local=1024,](@43,@45,@29,@46) -> float_type, {1, 256, 56, 56}, {802816, 3136, 56, 1}, target_id=0: 0.0271147ms, 1%
@48 = hip::hip_copy_literal[id=main:@literal:86] -> float_type, {64}, {1}, target_id=0: 0.00078652ms, 1%
@49 = hip::hip_copy_literal[id=main:@literal:87] -> float_type, {64, 256, 1, 1}, {256, 1, 1, 1}, target_id=0: 0.00064642ms, 1%
@50 = broadcast[axis=1,out_lens={1, 64, 56, 56}](@48) -> float_type, {1, 64, 56, 56}, {0, 1, 0, 0}, target_id=0: 0.0009148ms, 1%
@51 = load[offset=3211264,end=4014080](@1) -> float_type, {1, 64, 56, 56}, {200704, 3136, 56, 1}, target_id=0: 0.00069286ms, 1%
@52 = gpu::miopen_fusion[ops={{op=convolution[padding={0, 0, 0, 0},stride={1, 1},dilation={1, 1},group=1,padding_mode=0],alpha=1,beta=0}, {op=add,alpha=1,beta=0}, {op=relu,alpha=1,beta=0}}](@47,@49,@50,@51) -> float_type, {1, 64, 56, 56}, {200704, 3136, 56, 1}, target_id=0: 0.0335489ms, 1%
@53 = hip::hip_copy_literal[id=main:@literal:84] -> float_type, {64}, {1}, target_id=0: 0.00080108ms, 1%
@54 = hip::hip_copy_literal[id=main:@literal:85] -> float_type, {64, 64, 3, 3}, {576, 9, 3, 1}, target_id=0: 0.00068234ms, 1%
@55 = broadcast[axis=1,out_lens={1, 64, 56, 56}](@53) -> float_type, {1, 64, 56, 56}, {0, 1, 0, 0}, target_id=0: 0.00093752ms, 1%
@56 = load[offset=6422528,end=7225344](@1) -> float_type, {1, 64, 56, 56}, {200704, 3136, 56, 1}, target_id=0: 0.00068746ms, 1%
@57 = gpu::miopen_fusion[ops={{op=convolution[padding={1, 1, 1, 1},stride={1, 1},dilation={1, 1},group=1,padding_mode=0],alpha=1,beta=0}, {op=add,alpha=1,beta=0}, {op=relu,alpha=1,beta=0}}](@52,@54,@55,@56) -> float_type, {1, 64, 56, 56}, {200704, 3136, 56, 1}, target_id=0: 0.0462062ms, 2%
@58 = hip::hip_copy_literal[id=main:@literal:83] -> float_type, {256, 64, 1, 1}, {64, 1, 1, 1}, target_id=0: 0.00082806ms, 1%
@59 = load[offset=0,end=0](@1) -> int8_type, {0}, {1}, target_id=0: 0.00073546ms, 1%
@60 = load[offset=3211264,end=6422528](@1) -> float_type, {1, 256, 56, 56}, {802816, 3136, 56, 1}, target_id=0: 0.00065188ms, 1%
@61 = gpu::convolution[op={padding={0, 0, 0, 0},stride={1, 1},dilation={1, 1},group=1,padding_mode=0},solution_object={binary_object: 455},algo=0,int8_x4_format=0,solution_id=0](@57,@58,@59,@60) -> float_type, {1, 256, 56, 56}, {802816, 3136, 56, 1}, target_id=0: 0.0369941ms, 2%
@62 = hip::hip_copy_literal[id=main:@literal:82] -> float_type, {256}, {1}, target_id=0: 0.00086756ms, 1%
@63 = broadcast[axis=1,out_lens={1, 256, 56, 56}](@62) -> float_type, {1, 256, 56, 56}, {0, 1, 0, 0}, target_id=0: 0.00100618ms, 1%
@64 = load[offset=7225344,end=10436608](@1) -> float_type, {1, 256, 56, 56}, {802816, 3136, 56, 1}, target_id=0: 0.00072388ms, 1%
@65 = gpu::code_object[code_object=3872,symbol_name=add_add_relu_kernel,global=401408,local=1024,](@61,@63,@47,@64) -> float_type, {1, 256, 56, 56}, {802816, 3136, 56, 1}, target_id=0: 0.0268851ms, 1%
@66 = hip::hip_copy_literal[id=main:@literal:80] -> float_type, {128}, {1}, target_id=0: 0.0007991ms, 1%
@67 = hip::hip_copy_literal[id=main:@literal:81] -> float_type, {128, 256, 1, 1}, {256, 1, 1, 1}, target_id=0: 0.0006109ms, 1%
@68 = broadcast[axis=1,out_lens={1, 128, 56, 56}](@66) -> float_type, {1, 128, 56, 56}, {0, 1, 0, 0}, target_id=0: 0.00089858ms, 1%
@69 = load[offset=2007040,end=3612672](@1) -> float_type, {1, 128, 56, 56}, {401408, 3136, 56, 1}, target_id=0: 0.00070662ms, 1%
@70 = gpu::miopen_fusion[ops={{op=convolution[padding={0, 0, 0, 0},stride={1, 1},dilation={1, 1},group=1,padding_mode=0],alpha=1,beta=0}, {op=add,alpha=1,beta=0}, {op=relu,alpha=1,beta=0}}](@65,@67,@68,@69) -> float_type, {1, 128, 56, 56}, {401408, 3136, 56, 1}, target_id=0: 0.0439825ms, 2%
@71 = hip::hip_copy_literal[id=main:@literal:79] -> float_type, {128, 128, 3, 3}, {1152, 9, 3, 1}, target_id=0: 0.00084464ms, 1%
@72 = load[offset=0,end=0](@1) -> int8_type, {0}, {1}, target_id=0: 0.0007669ms, 1%
@73 = load[offset=1605632,end=2007040](@1) -> float_type, {1, 128, 28, 28}, {100352, 784, 28, 1}, target_id=0: 0.0006329ms, 1%
@74 = gpu::convolution[op={padding={1, 1, 1, 1},stride={2, 2},dilation={1, 1},group=1,padding_mode=0},solution_object={binary_object: 457},algo=0,int8_x4_format=0,solution_id=0](@70,@71,@72,@73) -> float_type, {1, 128, 28, 28}, {100352, 784, 28, 1}, target_id=0: 0.0606394ms, 2%
@75 = hip::hip_copy_literal[id=main:@literal:6] -> float_type, {512, 384, 1, 1}, {384, 1, 1, 1}, target_id=0: 0.00086278ms, 1%
@76 = hip::hip_copy_literal[id=main:@literal:78] -> float_type, {128}, {1}, target_id=0: 0.00066722ms, 1%
@77 = broadcast[axis=1,out_lens={1, 128, 28, 28}](@76) -> float_type, {1, 128, 28, 28}, {0, 1, 0, 0}, target_id=0: 0.00098408ms, 1%
@78 = load[offset=0,end=401408](@1) -> float_type, {1, 128, 28, 28}, {100352, 784, 28, 1}, target_id=0: 0.00073238ms, 1%
@79 = gpu::code_object[code_object=3832,symbol_name=add_relu_kernel,global=50176,local=1024,](@74,@77,@78) -> float_type, {1, 128, 28, 28}, {100352, 784, 28, 1}, target_id=0: 0.0179062ms, 1%
@80 = step[axes={2, 3},steps={2, 2}](@65) -> float_type, {1, 256, 28, 28}, {802816, 3136, 112, 2}, target_id=0: 0.00140316ms, 1%
@81 = load[offset=802816,end=2007040](@1) -> float_type, {1, 384, 28, 28}, {301056, 784, 28, 1}, target_id=0: 0.00068024ms, 1%
@82 = gpu::code_object[code_object=4048,symbol_name=concat_kernel,global=150528,local=1024,](@79,@80,@81) -> float_type, {1, 384, 28, 28}, {301056, 784, 28, 1}, target_id=0: 0.0199205ms, 1%
@83 = hip::hip_copy_literal[id=main:@literal:5] -> float_type, {512}, {1}, target_id=0: 0.00074874ms, 1%
@84 = load[offset=2007040,end=3612672](@1) -> float_type, {1, 512, 28, 28}, {401408, 784, 28, 1}, target_id=0: 0.00071916ms, 1%
@85 = broadcast[axis=1,out_lens={1, 512, 28, 28}](@83) -> float_type, {1, 512, 28, 28}, {0, 1, 0, 0}, target_id=0: 0.00088504ms, 1%
@86 = gpu::miopen_fusion[ops={{op=convolution[padding={0, 0, 0, 0},stride={1, 1},dilation={1, 1},group=1,padding_mode=0],alpha=1,beta=0}, {op=add,alpha=1,beta=0}, {op=relu,alpha=1,beta=0}}](@82,@75,@85,@84) -> float_type, {1, 512, 28, 28}, {401408, 784, 28, 1}, target_id=0: 0.0550641ms, 2%
@87 = hip::hip_copy_literal[id=main:@literal:76] -> float_type, {128}, {1}, target_id=0: 0.00085196ms, 1%
@88 = hip::hip_copy_literal[id=main:@literal:77] -> float_type, {128, 512, 1, 1}, {512, 1, 1, 1}, target_id=0: 0.00060744ms, 1%
@89 = broadcast[axis=1,out_lens={1, 128, 28, 28}](@87) -> float_type, {1, 128, 28, 28}, {0, 1, 0, 0}, target_id=0: 0.0009218ms, 1%
@90 = load[offset=802816,end=1204224](@1) -> float_type, {1, 128, 28, 28}, {100352, 784, 28, 1}, target_id=0: 0.00071198ms, 1%
@91 = gpu::miopen_fusion[ops={{op=convolution[padding={0, 0, 0, 0},stride={1, 1},dilation={1, 1},group=1,padding_mode=0],alpha=1,beta=0}, {op=add,alpha=1,beta=0}, {op=relu,alpha=1,beta=0}}](@86,@88,@89,@90) -> float_type, {1, 128, 28, 28}, {100352, 784, 28, 1}, target_id=0: 0.0392671ms, 2%
@92 = hip::hip_copy_literal[id=main:@literal:74] -> float_type, {128}, {1}, target_id=0: 0.00086858ms, 1%
@93 = hip::hip_copy_literal[id=main:@literal:75] -> float_type, {128, 128, 3, 3}, {1152, 9, 3, 1}, target_id=0: 0.00063432ms, 1%
@94 = load[offset=401408,end=802816](@1) -> float_type, {1, 128, 28, 28}, {100352, 784, 28, 1}, target_id=0: 0.00076016ms, 1%
@95 = broadcast[axis=1,out_lens={1, 128, 28, 28}](@92) -> float_type, {1, 128, 28, 28}, {0, 1, 0, 0}, target_id=0: 0.00089622ms, 1%
@96 = gpu::miopen_fusion[ops={{op=convolution[padding={1, 1, 1, 1},stride={1, 1},dilation={1, 1},group=1,padding_mode=0],alpha=1,beta=0}, {op=add,alpha=1,beta=0}, {op=relu,alpha=1,beta=0}}](@91,@93,@95,@94) -> float_type, {1, 128, 28, 28}, {100352, 784, 28, 1}, target_id=0: 0.0620713ms, 2%
@97 = hip::hip_copy_literal[id=main:@literal:73] -> float_type, {512, 128, 1, 1}, {128, 1, 1, 1}, target_id=0: 0.00079414ms, 1%
@98 = load[offset=0,end=0](@1) -> int8_type, {0}, {1}, target_id=0: 0.00073934ms, 1%
@99 = load[offset=5619712,end=7225344](@1) -> float_type, {1, 512, 28, 28}, {401408, 784, 28, 1}, target_id=0: 0.00063658ms, 1%
@100 = gpu::convolution[op={padding={0, 0, 0, 0},stride={1, 1},dilation={1, 1},group=1,padding_mode=0},solution_object={binary_object: 496},algo=0,int8_x4_format=0,solution_id=0](@96,@97,@98,@99) -> float_type, {1, 512, 28, 28}, {401408, 784, 28, 1}, target_id=0: 0.0366492ms, 2%
@101 = hip::hip_copy_literal[id=main:@literal:72] -> float_type, {512}, {1}, target_id=0: 0.00084836ms, 1%
@102 = load[offset=4014080,end=5619712](@1) -> float_type, {1, 512, 28, 28}, {401408, 784, 28, 1}, target_id=0: 0.00077182ms, 1%
@103 = broadcast[axis=1,out_lens={1, 512, 28, 28}](@101) -> float_type, {1, 512, 28, 28}, {0, 1, 0, 0}, target_id=0: 0.00098218ms, 1%
@104 = gpu::code_object[code_object=3872,symbol_name=add_add_relu_kernel,global=200704,local=1024,](@100,@103,@86,@102) -> float_type, {1, 512, 28, 28}, {401408, 784, 28, 1}, target_id=0: 0.022235ms, 1%
@105 = hip::hip_copy_literal[id=main:@literal:70] -> float_type, {128}, {1}, target_id=0: 0.00076356ms, 1%
@106 = hip::hip_copy_literal[id=main:@literal:71] -> float_type, {128, 512, 1, 1}, {512, 1, 1, 1}, target_id=0: 0.00060118ms, 1%
@107 = load[offset=401408,end=802816](@1) -> float_type, {1, 128, 28, 28}, {100352, 784, 28, 1}, target_id=0: 0.00068092ms, 1%
@108 = broadcast[axis=1,out_lens={1, 128, 28, 28}](@105) -> float_type, {1, 128, 28, 28}, {0, 1, 0, 0}, target_id=0: 0.00088678ms, 1%
@109 = gpu::miopen_fusion[ops={{op=convolution[padding={0, 0, 0, 0},stride={1, 1},dilation={1, 1},group=1,padding_mode=0],alpha=1,beta=0}, {op=add,alpha=1,beta=0}, {op=relu,alpha=1,beta=0}}](@104,@106,@108,@107) -> float_type, {1, 128, 28, 28}, {100352, 784, 28, 1}, target_id=0: 0.0376155ms, 2%
@110 = hip::hip_copy_literal[id=main:@literal:68] -> float_type, {128}, {1}, target_id=0: 0.00076922ms, 1%
@111 = hip::hip_copy_literal[id=main:@literal:69] -> float_type, {128, 128, 3, 3}, {1152, 9, 3, 1}, target_id=0: 0.0006528ms, 1%
@112 = broadcast[axis=1,out_lens={1, 128, 28, 28}](@110) -> float_type, {1, 128, 28, 28}, {0, 1, 0, 0}, target_id=0: 0.00091128ms, 1%
@113 = load[offset=0,end=401408](@1) -> float_type, {1, 128, 28, 28}, {100352, 784, 28, 1}, target_id=0: 0.00071074ms, 1%
@114 = gpu::miopen_fusion[ops={{op=convolution[padding={1, 1, 1, 1},stride={1, 1},dilation={1, 1},group=1,padding_mode=0],alpha=1,beta=0}, {op=add,alpha=1,beta=0}, {op=relu,alpha=1,beta=0}}](@109,@111,@112,@113) -> float_type, {1, 128, 28, 28}, {100352, 784, 28, 1}, target_id=0: 0.055382ms, 2%
@115 = hip::hip_copy_literal[id=main:@literal:67] -> float_type, {512, 128, 1, 1}, {128, 1, 1, 1}, target_id=0: 0.00077642ms, 1%
@116 = load[offset=0,end=0](@1) -> int8_type, {0}, {1}, target_id=0: 0.00074422ms, 1%
@117 = load[offset=5619712,end=7225344](@1) -> float_type, {1, 512, 28, 28}, {401408, 784, 28, 1}, target_id=0: 0.0006234ms, 1%
@118 = gpu::convolution[op={padding={0, 0, 0, 0},stride={1, 1},dilation={1, 1},group=1,padding_mode=0},solution_object={binary_object: 496},algo=0,int8_x4_format=0,solution_id=0](@114,@115,@116,@117) -> float_type, {1, 512, 28, 28}, {401408, 784, 28, 1}, target_id=0: 0.0352101ms, 1%
@119 = hip::hip_copy_literal[id=main:@literal:66] -> float_type, {512}, {1}, target_id=0: 0.0008827ms, 1%
@120 = broadcast[axis=1,out_lens={1, 512, 28, 28}](@119) -> float_type, {1, 512, 28, 28}, {0, 1, 0, 0}, target_id=0: 0.0010153ms, 1%
@121 = load[offset=0,end=1605632](@1) -> float_type, {1, 512, 28, 28}, {401408, 784, 28, 1}, target_id=0: 0.00072828ms, 1%
@122 = gpu::code_object[code_object=3872,symbol_name=add_add_relu_kernel,global=200704,local=1024,](@118,@120,@104,@121) -> float_type, {1, 512, 28, 28}, {401408, 784, 28, 1}, target_id=0: 0.0221005ms, 1%
@123 = hip::hip_copy_literal[id=main:@literal:64] -> float_type, {128}, {1}, target_id=0: 0.0007646ms, 1%
@124 = hip::hip_copy_literal[id=main:@literal:65] -> float_type, {128, 512, 1, 1}, {512, 1, 1, 1}, target_id=0: 0.00066714ms, 1%
@125 = load[offset=1605632,end=2007040](@1) -> float_type, {1, 128, 28, 28}, {100352, 784, 28, 1}, target_id=0: 0.00070034ms, 1%
@126 = broadcast[axis=1,out_lens={1, 128, 28, 28}](@123) -> float_type, {1, 128, 28, 28}, {0, 1, 0, 0}, target_id=0: 0.0008919ms, 1%
@127 = gpu::miopen_fusion[ops={{op=convolution[padding={0, 0, 0, 0},stride={1, 1},dilation={1, 1},group=1,padding_mode=0],alpha=1,beta=0}, {op=add,alpha=1,beta=0}, {op=relu,alpha=1,beta=0}}](@122,@124,@126,@125) -> float_type, {1, 128, 28, 28}, {100352, 784, 28, 1}, target_id=0: 0.0376001ms, 2%
@128 = hip::hip_copy_literal[id=main:@literal:62] -> float_type, {128}, {1}, target_id=0: 0.00083292ms, 1%
@129 = hip::hip_copy_literal[id=main:@literal:63] -> float_type, {128, 128, 3, 3}, {1152, 9, 3, 1}, target_id=0: 0.00067164ms, 1%
@130 = load[offset=3211264,end=3612672](@1) -> float_type, {1, 128, 28, 28}, {100352, 784, 28, 1}, target_id=0: 0.00074136ms, 1%
@131 = broadcast[axis=1,out_lens={1, 128, 28, 28}](@128) -> float_type, {1, 128, 28, 28}, {0, 1, 0, 0}, target_id=0: 0.0009042ms, 1%
@132 = gpu::miopen_fusion[ops={{op=convolution[padding={1, 1, 1, 1},stride={1, 1},dilation={1, 1},group=1,padding_mode=0],alpha=1,beta=0}, {op=add,alpha=1,beta=0}, {op=relu,alpha=1,beta=0}}](@127,@129,@131,@130) -> float_type, {1, 128, 28, 28}, {100352, 784, 28, 1}, target_id=0: 0.0553378ms, 2%
@133 = hip::hip_copy_literal[id=main:@literal:61] -> float_type, {512, 128, 1, 1}, {128, 1, 1, 1}, target_id=0: 0.00077216ms, 1%
@134 = load[offset=0,end=0](@1) -> int8_type, {0}, {1}, target_id=0: 0.00075046ms, 1%
@135 = load[offset=1605632,end=3211264](@1) -> float_type, {1, 512, 28, 28}, {401408, 784, 28, 1}, target_id=0: 0.0006322ms, 1%
@136 = gpu::convolution[op={padding={0, 0, 0, 0},stride={1, 1},dilation={1, 1},group=1,padding_mode=0},solution_object={binary_object: 496},algo=0,int8_x4_format=0,solution_id=0](@132,@133,@134,@135) -> float_type, {1, 512, 28, 28}, {401408, 784, 28, 1}, target_id=0: 0.03522ms, 1%
@137 = hip::hip_copy_literal[id=main:@literal:60] -> float_type, {512}, {1}, target_id=0: 0.0008173ms, 1%
@138 = load[offset=4165632,end=5771264](@1) -> float_type, {1, 512, 28, 28}, {401408, 784, 28, 1}, target_id=0: 0.00076646ms, 1%
@139 = broadcast[axis=1,out_lens={1, 512, 28, 28}](@137) -> float_type, {1, 512, 28, 28}, {0, 1, 0, 0}, target_id=0: 0.00096106ms, 1%
@140 = gpu::code_object[code_object=3872,symbol_name=add_add_relu_kernel,global=200704,local=1024,](@136,@139,@122,@138) -> float_type, {1, 512, 28, 28}, {401408, 784, 28, 1}, target_id=0: 0.0222706ms, 1%
@141 = hip::hip_copy_literal[id=main:@literal:58] -> float_type, {256}, {1}, target_id=0: 0.0007926ms, 1%
@142 = hip::hip_copy_literal[id=main:@literal:59] -> float_type, {256, 512, 1, 1}, {512, 1, 1, 1}, target_id=0: 0.0005967ms, 1%
@143 = broadcast[axis=1,out_lens={1, 256, 28, 28}](@141) -> float_type, {1, 256, 28, 28}, {0, 1, 0, 0}, target_id=0: 0.00088974ms, 1%
@144 = load[offset=0,end=802816](@1) -> float_type, {1, 256, 28, 28}, {200704, 784, 28, 1}, target_id=0: 0.00067902ms, 1%
@145 = gpu::miopen_fusion[ops={{op=convolution[padding={0, 0, 0, 0},stride={1, 1},dilation={1, 1},group=1,padding_mode=0],alpha=1,beta=0}, {op=add,alpha=1,beta=0}, {op=relu,alpha=1,beta=0}}](@140,@142,@143,@144) -> float_type, {1, 256, 28, 28}, {200704, 784, 28, 1}, target_id=0: 0.0490222ms, 2%
@146 = hip::hip_copy_literal[id=main:@literal:57] -> float_type, {256, 256, 3, 3}, {2304, 9, 3, 1}, target_id=0: 0.00078496ms, 1%
@147 = load[offset=5971968,end=9334784](@1) -> int8_type, {3362816}, {1}, target_id=0: 0.0007438ms, 1%
@148 = load[offset=5771264,end=5971968](@1) -> float_type, {1, 256, 14, 14}, {50176, 196, 14, 1}, target_id=0: 0.000644ms, 1%
@149 = gpu::convolution[op={padding={1, 1, 1, 1},stride={2, 2},dilation={1, 1},group=1,padding_mode=0},solution_object={binary_object: 556},algo=0,int8_x4_format=0,solution_id=0](@145,@146,@147,@148) -> float_type, {1, 256, 14, 14}, {50176, 196, 14, 1}, target_id=0: 0.0755336ms, 3%
@150 = hip::hip_copy_literal[id=main:@literal:56] -> float_type, {256}, {1}, target_id=0: 0.00085986ms, 1%
@151 = broadcast[axis=1,out_lens={1, 256, 14, 14}](@150) -> float_type, {1, 256, 14, 14}, {0, 1, 0, 0}, target_id=0: 0.00104946ms, 1%
@152 = load[offset=802816,end=1003520](@1) -> float_type, {1, 256, 14, 14}, {50176, 196, 14, 1}, target_id=0: 0.0007467ms, 1%
@153 = gpu::code_object[code_object=3872,symbol_name=add_relu_kernel,global=25088,local=1024,](@149,@151,@152) -> float_type, {1, 256, 14, 14}, {50176, 196, 14, 1}, target_id=0: 0.017764ms, 1%
@154 = hip::hip_copy_literal[id=main:@literal:7] -> float_type, {1024, 768, 1, 1}, {768, 1, 1, 1}, target_id=0: 0.00073678ms, 1%
@155 = step[axes={2, 3},steps={2, 2}](@140) -> float_type, {1, 512, 14, 14}, {401408, 784, 56, 2}, target_id=0: 0.00118682ms, 1%
@156 = load[offset=200704,end=802816](@1) -> float_type, {1, 768, 14, 14}, {150528, 196, 14, 1}, target_id=0: 0.00069172ms, 1%
@157 = gpu::code_object[code_object=3848,symbol_name=concat_kernel,global=75264,local=1024,](@153,@155,@156) -> float_type, {1, 768, 14, 14}, {150528, 196, 14, 1}, target_id=0: 0.0188967ms, 1%
@158 = load[offset=0,end=0](@1) -> int8_type, {0}, {1}, target_id=0: 0.00081704ms, 1%
@159 = load[offset=2207744,end=3010560](@1) -> float_type, {1, 1024, 14, 14}, {200704, 196, 14, 1}, target_id=0: 0.0006457ms, 1%
@160 = gpu::convolution[op={padding={0, 0, 0, 0},stride={1, 1},dilation={1, 1},group=1,padding_mode=0},solution_object={binary_object: 459},algo=0,int8_x4_format=0,solution_id=0](@157,@154,@158,@159) -> float_type, {1, 1024, 14, 14}, {200704, 196, 14, 1}, target_id=0: 0.0535748ms, 2%
@161 = hip::hip_copy_literal[id=main:@literal:3] -> float_type, {1024}, {1}, target_id=0: 0.00082806ms, 1%
@162 = load[offset=1404928,end=2207744](@1) -> float_type, {1, 1024, 14, 14}, {200704, 196, 14, 1}, target_id=0: 0.00076232ms, 1%
@163 = broadcast[axis=1,out_lens={1, 1024, 14, 14}](@161) -> float_type, {1, 1024, 14, 14}, {0, 1, 0, 0}, target_id=0: 0.00094804ms, 1%
@164 = gpu::code_object[code_object=3832,symbol_name=add_relu_kernel,global=100352,local=1024,](@160,@163,@162) -> float_type, {1, 1024, 14, 14}, {200704, 196, 14, 1}, target_id=0: 0.0183077ms, 1%
@165 = hip::hip_copy_literal[id=main:@literal:55] -> float_type, {256, 1024, 1, 1}, {1024, 1, 1, 1}, target_id=0: 0.0008717ms, 1%
@166 = load[offset=0,end=0](@1) -> int8_type, {0}, {1}, target_id=0: 0.00072778ms, 1%
@167 = load[offset=401408,end=602112](@1) -> float_type, {1, 256, 14, 14}, {50176, 196, 14, 1}, target_id=0: 0.00065862ms, 1%
@168 = gpu::convolution[op={padding={0, 0, 0, 0},stride={1, 1},dilation={1, 1},group=1,padding_mode=0},solution_object={binary_object: 457},algo=0,int8_x4_format=0,solution_id=0](@164,@165,@166,@167) -> float_type, {1, 256, 14, 14}, {50176, 196, 14, 1}, target_id=0: 0.0499826ms, 2%
@169 = hip::hip_copy_literal[id=main:@literal:51] -> float_type, {1024, 256, 1, 1}, {256, 1, 1, 1}, target_id=0: 0.00091118ms, 1%
@170 = hip::hip_copy_literal[id=main:@literal:52] -> float_type, {256}, {1}, target_id=0: 0.00067916ms, 1%
@171 = hip::hip_copy_literal[id=main:@literal:53] -> float_type, {256, 256, 3, 3}, {2304, 9, 3, 1}, target_id=0: 0.0007755ms, 1%
@172 = hip::hip_copy_literal[id=main:@literal:54] -> float_type, {256}, {1}, target_id=0: 0.00063168ms, 1%
@173 = broadcast[axis=1,out_lens={1, 256, 14, 14}](@172) -> float_type, {1, 256, 14, 14}, {0, 1, 0, 0}, target_id=0: 0.0009635ms, 1%
@174 = load[offset=200704,end=401408](@1) -> float_type, {1, 256, 14, 14}, {50176, 196, 14, 1}, target_id=0: 0.00071412ms, 1%
@175 = gpu::code_object[code_object=3872,symbol_name=add_relu_kernel,global=25088,local=1024,](@168,@173,@174) -> float_type, {1, 256, 14, 14}, {50176, 196, 14, 1}, target_id=0: 0.0174417ms, 1%
@176 = broadcast[axis=1,out_lens={1, 256, 14, 14}](@170) -> float_type, {1, 256, 14, 14}, {0, 1, 0, 0}, target_id=0: 0.00097758ms, 1%
@177 = load[offset=0,end=200704](@1) -> float_type, {1, 256, 14, 14}, {50176, 196, 14, 1}, target_id=0: 0.0007086ms, 1%
@178 = gpu::miopen_fusion[ops={{op=convolution[padding={1, 1, 1, 1},stride={1, 1},dilation={1, 1},group=1,padding_mode=0],alpha=1,beta=0}, {op=add,alpha=1,beta=0}, {op=relu,alpha=1,beta=0}}](@175,@171,@176,@177) -> float_type, {1, 256, 14, 14}, {50176, 196, 14, 1}, target_id=0: 0.0834968ms, 3%
@179 = load[offset=0,end=0](@1) -> int8_type, {0}, {1}, target_id=0: 0.0008635ms, 1%
@180 = load[offset=2207744,end=3010560](@1) -> float_type, {1, 1024, 14, 14}, {200704, 196, 14, 1}, target_id=0: 0.00063778ms, 1%
@181 = gpu::convolution[op={padding={0, 0, 0, 0},stride={1, 1},dilation={1, 1},group=1,padding_mode=0},solution_object={binary_object: 457},algo=0,int8_x4_format=0,solution_id=0](@178,@169,@179,@180) -> float_type, {1, 1024, 14, 14}, {200704, 196, 14, 1}, target_id=0: 0.0362707ms, 2%
@182 = hip::hip_copy_literal[id=main:@literal:50] -> float_type, {1024}, {1}, target_id=0: 0.00088728ms, 1%
@183 = broadcast[axis=1,out_lens={1, 1024, 14, 14}](@182) -> float_type, {1, 1024, 14, 14}, {0, 1, 0, 0}, target_id=0: 0.00099908ms, 1%
@184 = load[offset=602112,end=1404928](@1) -> float_type, {1, 1024, 14, 14}, {200704, 196, 14, 1}, target_id=0: 0.00070434ms, 1%
@185 = gpu::code_object[code_object=3864,symbol_name=add_add_relu_kernel,global=100352,local=1024,](@181,@183,@164,@184) -> float_type, {1, 1024, 14, 14}, {200704, 196, 14, 1}, target_id=0: 0.0194034ms, 1%
@186 = hip::hip_copy_literal[id=main:@literal:49] -> float_type, {256, 1024, 1, 1}, {1024, 1, 1, 1}, target_id=0: 0.00077978ms, 1%
@187 = load[offset=0,end=0](@1) -> int8_type, {0}, {1}, target_id=0: 0.0007522ms, 1%
@188 = load[offset=401408,end=602112](@1) -> float_type, {1, 256, 14, 14}, {50176, 196, 14, 1}, target_id=0: 0.00063224ms, 1%
@189 = gpu::convolution[op={padding={0, 0, 0, 0},stride={1, 1},dilation={1, 1},group=1,padding_mode=0},solution_object={binary_object: 457},algo=0,int8_x4_format=0,solution_id=0](@185,@186,@187,@188) -> float_type, {1, 256, 14, 14}, {50176, 196, 14, 1}, target_id=0: 0.049087ms, 2%
@190 = hip::hip_copy_literal[id=main:@literal:45] -> float_type, {1024, 256, 1, 1}, {256, 1, 1, 1}, target_id=0: 0.00083522ms, 1%
@191 = hip::hip_copy_literal[id=main:@literal:46] -> float_type, {256}, {1}, target_id=0: 0.00060994ms, 1%
@192 = hip::hip_copy_literal[id=main:@literal:47] -> float_type, {256, 256, 3, 3}, {2304, 9, 3, 1}, target_id=0: 0.00074054ms, 1%
@193 = hip::hip_copy_literal[id=main:@literal:48] -> float_type, {256}, {1}, target_id=0: 0.00066008ms, 1%
@194 = broadcast[axis=1,out_lens={1, 256, 14, 14}](@193) -> float_type, {1, 256, 14, 14}, {0, 1, 0, 0}, target_id=0: 0.00094948ms, 1%
@195 = load[offset=200704,end=401408](@1) -> float_type, {1, 256, 14, 14}, {50176, 196, 14, 1}, target_id=0: 0.0007288ms, 1%
@196 = gpu::code_object[code_object=3872,symbol_name=add_relu_kernel,global=25088,local=1024,](@189,@194,@195) -> float_type, {1, 256, 14, 14}, {50176, 196, 14, 1}, target_id=0: 0.0174232ms, 1%
@197 = broadcast[axis=1,out_lens={1, 256, 14, 14}](@191) -> float_type, {1, 256, 14, 14}, {0, 1, 0, 0}, target_id=0: 0.00096248ms, 1%
@198 = load[offset=0,end=200704](@1) -> float_type, {1, 256, 14, 14}, {50176, 196, 14, 1}, target_id=0: 0.0006907ms, 1%
@199 = gpu::miopen_fusion[ops={{op=convolution[padding={1, 1, 1, 1},stride={1, 1},dilation={1, 1},group=1,padding_mode=0],alpha=1,beta=0}, {op=add,alpha=1,beta=0}, {op=relu,alpha=1,beta=0}}](@196,@192,@197,@198) -> float_type, {1, 256, 14, 14}, {50176, 196, 14, 1}, target_id=0: 0.0819629ms, 3%
@200 = load[offset=0,end=0](@1) -> int8_type, {0}, {1}, target_id=0: 0.00085118ms, 1%
@201 = load[offset=1404928,end=2207744](@1) -> float_type, {1, 1024, 14, 14}, {200704, 196, 14, 1}, target_id=0: 0.00067066ms, 1%
@202 = gpu::convolution[op={padding={0, 0, 0, 0},stride={1, 1},dilation={1, 1},group=1,padding_mode=0},solution_object={binary_object: 457},algo=0,int8_x4_format=0,solution_id=0](@199,@190,@200,@201) -> float_type, {1, 1024, 14, 14}, {200704, 196, 14, 1}, target_id=0: 0.0331105ms, 1%
@203 = hip::hip_copy_literal[id=main:@literal:44] -> float_type, {1024}, {1}, target_id=0: 0.00087618ms, 1%
@204 = broadcast[axis=1,out_lens={1, 1024, 14, 14}](@203) -> float_type, {1, 1024, 14, 14}, {0, 1, 0, 0}, target_id=0: 0.00099944ms, 1%
@205 = load[offset=2207744,end=3010560](@1) -> float_type, {1, 1024, 14, 14}, {200704, 196, 14, 1}, target_id=0: 0.00070368ms, 1%
@206 = gpu::code_object[code_object=3864,symbol_name=add_add_relu_kernel,global=100352,local=1024,](@202,@204,@185,@205) -> float_type, {1, 1024, 14, 14}, {200704, 196, 14, 1}, target_id=0: 0.0191367ms, 1%
@207 = hip::hip_copy_literal[id=main:@literal:38] -> float_type, {1024}, {1}, target_id=0: 0.00080152ms, 1%
@208 = hip::hip_copy_literal[id=main:@literal:43] -> float_type, {256, 1024, 1, 1}, {1024, 1, 1, 1}, target_id=0: 0.00064642ms, 1%
@209 = load[offset=0,end=0](@1) -> int8_type, {0}, {1}, target_id=0: 0.00071564ms, 1%
@210 = load[offset=401408,end=602112](@1) -> float_type, {1, 256, 14, 14}, {50176, 196, 14, 1}, target_id=0: 0.00065744ms, 1%
@211 = gpu::convolution[op={padding={0, 0, 0, 0},stride={1, 1},dilation={1, 1},group=1,padding_mode=0},solution_object={binary_object: 457},algo=0,int8_x4_format=0,solution_id=0](@206,@208,@209,@210) -> float_type, {1, 256, 14, 14}, {50176, 196, 14, 1}, target_id=0: 0.0494361ms, 2%
@212 = hip::hip_copy_literal[id=main:@literal:39] -> float_type, {1024, 256, 1, 1}, {256, 1, 1, 1}, target_id=0: 0.0008389ms, 1%
@213 = hip::hip_copy_literal[id=main:@literal:40] -> float_type, {256}, {1}, target_id=0: 0.00061576ms, 1%
@214 = hip::hip_copy_literal[id=main:@literal:41] -> float_type, {256, 256, 3, 3}, {2304, 9, 3, 1}, target_id=0: 0.00076318ms, 1%
@215 = hip::hip_copy_literal[id=main:@literal:42] -> float_type, {256}, {1}, target_id=0: 0.00056924ms, 1%
@216 = broadcast[axis=1,out_lens={1, 256, 14, 14}](@215) -> float_type, {1, 256, 14, 14}, {0, 1, 0, 0}, target_id=0: 0.00094332ms, 1%
@217 = load[offset=200704,end=401408](@1) -> float_type, {1, 256, 14, 14}, {50176, 196, 14, 1}, target_id=0: 0.00071276ms, 1%
@218 = gpu::code_object[code_object=3872,symbol_name=add_relu_kernel,global=25088,local=1024,](@211,@216,@217) -> float_type, {1, 256, 14, 14}, {50176, 196, 14, 1}, target_id=0: 0.0173511ms, 1%
@219 = broadcast[axis=1,out_lens={1, 256, 14, 14}](@213) -> float_type, {1, 256, 14, 14}, {0, 1, 0, 0}, target_id=0: 0.0009434ms, 1%
@220 = load[offset=0,end=200704](@1) -> float_type, {1, 256, 14, 14}, {50176, 196, 14, 1}, target_id=0: 0.00071074ms, 1%
@221 = gpu::miopen_fusion[ops={{op=convolution[padding={1, 1, 1, 1},stride={1, 1},dilation={1, 1},group=1,padding_mode=0],alpha=1,beta=0}, {op=add,alpha=1,beta=0}, {op=relu,alpha=1,beta=0}}](@218,@214,@219,@220) -> float_type, {1, 256, 14, 14}, {50176, 196, 14, 1}, target_id=0: 0.0819001ms, 3%
@222 = load[offset=0,end=0](@1) -> int8_type, {0}, {1}, target_id=0: 0.00084838ms, 1%
@223 = load[offset=3010560,end=3813376](@1) -> float_type, {1, 1024, 14, 14}, {200704, 196, 14, 1}, target_id=0: 0.000643ms, 1%
@224 = gpu::convolution[op={padding={0, 0, 0, 0},stride={1, 1},dilation={1, 1},group=1,padding_mode=0},solution_object={binary_object: 457},algo=0,int8_x4_format=0,solution_id=0](@221,@212,@222,@223) -> float_type, {1, 1024, 14, 14}, {200704, 196, 14, 1}, target_id=0: 0.032001ms, 1%
@225 = broadcast[axis=1,out_lens={1, 1024, 14, 14}](@207) -> float_type, {1, 1024, 14, 14}, {0, 1, 0, 0}, target_id=0: 0.00112666ms, 1%
@226 = load[offset=1404928,end=2207744](@1) -> float_type, {1, 1024, 14, 14}, {200704, 196, 14, 1}, target_id=0: 0.00073168ms, 1%
@227 = gpu::code_object[code_object=3864,symbol_name=add_add_relu_kernel,global=100352,local=1024,](@224,@225,@206,@226) -> float_type, {1, 1024, 14, 14}, {200704, 196, 14, 1}, target_id=0: 0.0193372ms, 1%
@228 = hip::hip_copy_literal[id=main:@literal:37] -> float_type, {256, 1024, 1, 1}, {1024, 1, 1, 1}, target_id=0: 0.00085562ms, 1%
@229 = load[offset=0,end=0](@1) -> int8_type, {0}, {1}, target_id=0: 0.00070608ms, 1%
@230 = load[offset=401408,end=602112](@1) -> float_type, {1, 256, 14, 14}, {50176, 196, 14, 1}, target_id=0: 0.00064952ms, 1%
@231 = gpu::convolution[op={padding={0, 0, 0, 0},stride={1, 1},dilation={1, 1},group=1,padding_mode=0},solution_object={binary_object: 457},algo=0,int8_x4_format=0,solution_id=0](@227,@228,@229,@230) -> float_type, {1, 256, 14, 14}, {50176, 196, 14, 1}, target_id=0: 0.0494337ms, 2%
@232 = hip::hip_copy_literal[id=main:@literal:33] -> float_type, {1024, 256, 1, 1}, {256, 1, 1, 1}, target_id=0: 0.00087434ms, 1%
@233 = hip::hip_copy_literal[id=main:@literal:34] -> float_type, {256}, {1}, target_id=0: 0.00062876ms, 1%
@234 = hip::hip_copy_literal[id=main:@literal:35] -> float_type, {256, 256, 3, 3}, {2304, 9, 3, 1}, target_id=0: 0.00075632ms, 1%
@235 = hip::hip_copy_literal[id=main:@literal:36] -> float_type, {256}, {1}, target_id=0: 0.00059514ms, 1%
@236 = broadcast[axis=1,out_lens={1, 256, 14, 14}](@235) -> float_type, {1, 256, 14, 14}, {0, 1, 0, 0}, target_id=0: 0.0009469ms, 1%
@237 = load[offset=200704,end=401408](@1) -> float_type, {1, 256, 14, 14}, {50176, 196, 14, 1}, target_id=0: 0.00071964ms, 1%
@238 = gpu::code_object[code_object=3872,symbol_name=add_relu_kernel,global=25088,local=1024,](@231,@236,@237) -> float_type, {1, 256, 14, 14}, {50176, 196, 14, 1}, target_id=0: 0.0174387ms, 1%
@239 = broadcast[axis=1,out_lens={1, 256, 14, 14}](@233) -> float_type, {1, 256, 14, 14}, {0, 1, 0, 0}, target_id=0: 0.00094168ms, 1%
@240 = load[offset=0,end=200704](@1) -> float_type, {1, 256, 14, 14}, {50176, 196, 14, 1}, target_id=0: 0.0006862ms, 1%
@241 = gpu::miopen_fusion[ops={{op=convolution[padding={1, 1, 1, 1},stride={1, 1},dilation={1, 1},group=1,padding_mode=0],alpha=1,beta=0}, {op=add,alpha=1,beta=0}, {op=relu,alpha=1,beta=0}}](@238,@234,@239,@240) -> float_type, {1, 256, 14, 14}, {50176, 196, 14, 1}, target_id=0: 0.0818043ms, 3%
@242 = load[offset=0,end=0](@1) -> int8_type, {0}, {1}, target_id=0: 0.00086116ms, 1%
@243 = load[offset=2207744,end=3010560](@1) -> float_type, {1, 1024, 14, 14}, {200704, 196, 14, 1}, target_id=0: 0.00067166ms, 1%
@244 = gpu::convolution[op={padding={0, 0, 0, 0},stride={1, 1},dilation={1, 1},group=1,padding_mode=0},solution_object={binary_object: 457},algo=0,int8_x4_format=0,solution_id=0](@241,@232,@242,@243) -> float_type, {1, 1024, 14, 14}, {200704, 196, 14, 1}, target_id=0: 0.0318177ms, 1%
@245 = hip::hip_copy_literal[id=main:@literal:32] -> float_type, {1024}, {1}, target_id=0: 0.00087268ms, 1%
@246 = broadcast[axis=1,out_lens={1, 1024, 14, 14}](@245) -> float_type, {1, 1024, 14, 14}, {0, 1, 0, 0}, target_id=0: 0.00100172ms, 1%
@247 = load[offset=602112,end=1404928](@1) -> float_type, {1, 1024, 14, 14}, {200704, 196, 14, 1}, target_id=0: 0.00070768ms, 1%
@248 = gpu::code_object[code_object=3864,symbol_name=add_add_relu_kernel,global=100352,local=1024,](@244,@246,@227,@247) -> float_type, {1, 1024, 14, 14}, {200704, 196, 14, 1}, target_id=0: 0.0191994ms, 1%
@249 = hip::hip_copy_literal[id=main:@literal:31] -> float_type, {256, 1024, 1, 1}, {1024, 1, 1, 1}, target_id=0: 0.00078192ms, 1%
@250 = load[offset=0,end=0](@1) -> int8_type, {0}, {1}, target_id=0: 0.0007164ms, 1%
@251 = load[offset=401408,end=602112](@1) -> float_type, {1, 256, 14, 14}, {50176, 196, 14, 1}, target_id=0: 0.00064304ms, 1%
@252 = gpu::convolution[op={padding={0, 0, 0, 0},stride={1, 1},dilation={1, 1},group=1,padding_mode=0},solution_object={binary_object: 457},algo=0,int8_x4_format=0,solution_id=0](@248,@249,@250,@251) -> float_type, {1, 256, 14, 14}, {50176, 196, 14, 1}, target_id=0: 0.0496618ms, 2%
@253 = hip::hip_copy_literal[id=main:@literal:27] -> float_type, {1024, 256, 1, 1}, {256, 1, 1, 1}, target_id=0: 0.00086742ms, 1%
@254 = hip::hip_copy_literal[id=main:@literal:28] -> float_type, {256}, {1}, target_id=0: 0.00062658ms, 1%
@255 = hip::hip_copy_literal[id=main:@literal:29] -> float_type, {256, 256, 3, 3}, {2304, 9, 3, 1}, target_id=0: 0.00078212ms, 1%
@256 = hip::hip_copy_literal[id=main:@literal:30] -> float_type, {256}, {1}, target_id=0: 0.00059588ms, 1%
@257 = broadcast[axis=1,out_lens={1, 256, 14, 14}](@256) -> float_type, {1, 256, 14, 14}, {0, 1, 0, 0}, target_id=0: 0.00093448ms, 1%
@258 = load[offset=200704,end=401408](@1) -> float_type, {1, 256, 14, 14}, {50176, 196, 14, 1}, target_id=0: 0.00071174ms, 1%
@259 = gpu::code_object[code_object=3872,symbol_name=add_relu_kernel,global=25088,local=1024,](@252,@257,@258) -> float_type, {1, 256, 14, 14}, {50176, 196, 14, 1}, target_id=0: 0.0173885ms, 1%
@260 = broadcast[axis=1,out_lens={1, 256, 14, 14}](@254) -> float_type, {1, 256, 14, 14}, {0, 1, 0, 0}, target_id=0: 0.00091976ms, 1%
@261 = load[offset=0,end=200704](@1) -> float_type, {1, 256, 14, 14}, {50176, 196, 14, 1}, target_id=0: 0.00070608ms, 1%
@262 = gpu::miopen_fusion[ops={{op=convolution[padding={1, 1, 1, 1},stride={1, 1},dilation={1, 1},group=1,padding_mode=0],alpha=1,beta=0}, {op=add,alpha=1,beta=0}, {op=relu,alpha=1,beta=0}}](@259,@255,@260,@261) -> float_type, {1, 256, 14, 14}, {50176, 196, 14, 1}, target_id=0: 0.0816741ms, 3%
@263 = load[offset=0,end=0](@1) -> int8_type, {0}, {1}, target_id=0: 0.00088002ms, 1%
@264 = load[offset=1404928,end=2207744](@1) -> float_type, {1, 1024, 14, 14}, {200704, 196, 14, 1}, target_id=0: 0.00064918ms, 1%
@265 = gpu::convolution[op={padding={0, 0, 0, 0},stride={1, 1},dilation={1, 1},group=1,padding_mode=0},solution_object={binary_object: 457},algo=0,int8_x4_format=0,solution_id=0](@262,@253,@263,@264) -> float_type, {1, 1024, 14, 14}, {200704, 196, 14, 1}, target_id=0: 0.0318777ms, 1%
@266 = hip::hip_copy_literal[id=main:@literal:26] -> float_type, {1024}, {1}, target_id=0: 0.00089566ms, 1%
@267 = broadcast[axis=1,out_lens={1, 1024, 14, 14}](@266) -> float_type, {1, 1024, 14, 14}, {0, 1, 0, 0}, target_id=0: 0.00098524ms, 1%
@268 = load[offset=2207744,end=3010560](@1) -> float_type, {1, 1024, 14, 14}, {200704, 196, 14, 1}, target_id=0: 0.00071154ms, 1%
@269 = gpu::code_object[code_object=3864,symbol_name=add_add_relu_kernel,global=100352,local=1024,](@265,@267,@248,@268) -> float_type, {1, 1024, 14, 14}, {200704, 196, 14, 1}, target_id=0: 0.0190363ms, 1%
@270 = hip::hip_copy_literal[id=main:@literal:25] -> float_type, {512, 1024, 1, 1}, {1024, 1, 1, 1}, target_id=0: 0.0007449ms, 1%
@271 = load[offset=0,end=0](@1) -> int8_type, {0}, {1}, target_id=0: 0.00072448ms, 1%
@272 = load[offset=0,end=401408](@1) -> float_type, {1, 512, 14, 14}, {100352, 196, 14, 1}, target_id=0: 0.0006301ms, 1%
@273 = gpu::convolution[op={padding={0, 0, 0, 0},stride={1, 1},dilation={1, 1},group=1,padding_mode=0},solution_object={binary_object: 459},algo=0,int8_x4_format=0,solution_id=0](@269,@270,@271,@272) -> float_type, {1, 512, 14, 14}, {100352, 196, 14, 1}, target_id=0: 0.0513204ms, 2%
@274 = hip::hip_copy_literal[id=main:@literal:23] -> float_type, {512, 512, 3, 3}, {4608, 9, 3, 1}, target_id=0: 0.00084168ms, 1%
@275 = hip::hip_copy_literal[id=main:@literal:24] -> float_type, {512}, {1}, target_id=0: 0.00061994ms, 1%
@276 = broadcast[axis=1,out_lens={1, 512, 14, 14}](@275) -> float_type, {1, 512, 14, 14}, {0, 1, 0, 0}, target_id=0: 0.00095024ms, 1%
@277 = load[offset=1003520,end=1404928](@1) -> float_type, {1, 512, 14, 14}, {100352, 196, 14, 1}, target_id=0: 0.0007071ms, 1%
@278 = gpu::code_object[code_object=3832,symbol_name=add_relu_kernel,global=50176,local=1024,](@273,@276,@277) -> float_type, {1, 512, 14, 14}, {100352, 196, 14, 1}, target_id=0: 0.0176151ms, 1%
@279 = load[offset=0,end=903168](@1) -> int8_type, {903168}, {1}, target_id=0: 0.00084152ms, 1%
@280 = load[offset=1404928,end=1505280](@1) -> float_type, {1, 512, 7, 7}, {25088, 49, 7, 1}, target_id=0: 0.00064728ms, 1%
@281 = gpu::convolution[op={padding={1, 1, 1, 1},stride={2, 2},dilation={1, 1},group=1,padding_mode=0},solution_object={binary_object: 430},algo=0,int8_x4_format=0,solution_id=0](@278,@274,@279,@280) -> float_type, {1, 512, 7, 7}, {25088, 49, 7, 1}, target_id=0: 0.0884389ms, 3%
@282 = hip::hip_copy_literal[id=main:@literal:9] -> float_type, {2048, 1536, 1, 1}, {1536, 1, 1, 1}, target_id=0: 0.00103098ms, 1%
@283 = hip::hip_copy_literal[id=main:@literal:22] -> float_type, {512}, {1}, target_id=0: 0.00069414ms, 1%
@284 = broadcast[axis=1,out_lens={1, 512, 7, 7}](@283) -> float_type, {1, 512, 7, 7}, {0, 1, 0, 0}, target_id=0: 0.00115434ms, 1%
@285 = load[offset=0,end=100352](@1) -> float_type, {1, 512, 7, 7}, {25088, 49, 7, 1}, target_id=0: 0.00087738ms, 1%
@286 = gpu::code_object[code_object=3856,symbol_name=add_relu_kernel,global=25088,local=1024,](@281,@284,@285) -> float_type, {1, 512, 7, 7}, {25088, 49, 7, 1}, target_id=0: 0.0177384ms, 1%
@287 = load[offset=200704,end=501760](@1) -> float_type, {1, 1536, 7, 7}, {75264, 49, 7, 1}, target_id=0: 0.00082362ms, 1%
@288 = step[axes={2, 3},steps={2, 2}](@269) -> float_type, {1, 1024, 7, 7}, {200704, 196, 28, 2}, target_id=0: 0.00119702ms, 1%
@289 = gpu::code_object[code_object=3856,symbol_name=concat_kernel,global=37632,local=1024,](@286,@288,@287) -> float_type, {1, 1536, 7, 7}, {75264, 49, 7, 1}, target_id=0: 0.0182644ms, 1%
@290 = load[offset=0,end=0](@1) -> int8_type, {0}, {1}, target_id=0: 0.00080584ms, 1%
@291 = load[offset=702464,end=1103872](@1) -> float_type, {1, 2048, 7, 7}, {100352, 49, 7, 1}, target_id=0: 0.0006464ms, 1%
@292 = gpu::convolution[op={padding={0, 0, 0, 0},stride={1, 1},dilation={1, 1},group=1,padding_mode=0},solution_object={binary_object: 430},algo=0,int8_x4_format=0,solution_id=0](@289,@282,@290,@291) -> float_type, {1, 2048, 7, 7}, {100352, 49, 7, 1}, target_id=0: 0.0685309ms, 2%
@293 = hip::hip_copy_literal[id=main:@literal:8] -> float_type, {2048}, {1}, target_id=0: 0.00095098ms, 1%
@294 = load[offset=301056,end=702464](@1) -> float_type, {1, 2048, 7, 7}, {100352, 49, 7, 1}, target_id=0: 0.00083272ms, 1%
@295 = broadcast[axis=1,out_lens={1, 2048, 7, 7}](@293) -> float_type, {1, 2048, 7, 7}, {0, 1, 0, 0}, target_id=0: 0.00105268ms, 1%
@296 = gpu::code_object[code_object=3824,symbol_name=add_relu_kernel,global=100352,local=1024,](@292,@295,@294) -> float_type, {1, 2048, 7, 7}, {100352, 49, 7, 1}, target_id=0: 0.0178875ms, 1%
@297 = hip::hip_copy_literal[id=main:@literal:21] -> float_type, {512, 2048, 1, 1}, {2048, 1, 1, 1}, target_id=0: 0.00078218ms, 1%
@298 = load[offset=702464,end=1204224](@1) -> int8_type, {501760}, {1}, target_id=0: 0.00070086ms, 1%
@299 = load[offset=200704,end=301056](@1) -> float_type, {1, 512, 7, 7}, {25088, 49, 7, 1}, target_id=0: 0.00065752ms, 1%
@300 = gpu::convolution[op={padding={0, 0, 0, 0},stride={1, 1},dilation={1, 1},group=1,padding_mode=0},solution_object={binary_object: 554},algo=0,int8_x4_format=0,solution_id=0](@296,@297,@298,@299) -> float_type, {1, 512, 7, 7}, {25088, 49, 7, 1}, target_id=0: 0.0620343ms, 2%
@301 = hip::hip_copy_literal[id=main:@literal:17] -> float_type, {2048, 512, 1, 1}, {512, 1, 1, 1}, target_id=0: 0.00087036ms, 1%
@302 = hip::hip_copy_literal[id=main:@literal:18] -> float_type, {512}, {1}, target_id=0: 0.00062632ms, 1%
@303 = hip::hip_copy_literal[id=main:@literal:19] -> float_type, {512, 512, 3, 3}, {4608, 9, 3, 1}, target_id=0: 0.00082122ms, 1%
@304 = hip::hip_copy_literal[id=main:@literal:20] -> float_type, {512}, {1}, target_id=0: 0.00060916ms, 1%
@305 = broadcast[axis=1,out_lens={1, 512, 7, 7}](@304) -> float_type, {1, 512, 7, 7}, {0, 1, 0, 0}, target_id=0: 0.00102818ms, 1%
@306 = load[offset=100352,end=200704](@1) -> float_type, {1, 512, 7, 7}, {25088, 49, 7, 1}, target_id=0: 0.0007517ms, 1%
@307 = gpu::code_object[code_object=3856,symbol_name=add_relu_kernel,global=25088,local=1024,](@300,@305,@306) -> float_type, {1, 512, 7, 7}, {25088, 49, 7, 1}, target_id=0: 0.0172525ms, 1%
@308 = broadcast[axis=1,out_lens={1, 512, 7, 7}](@302) -> float_type, {1, 512, 7, 7}, {0, 1, 0, 0}, target_id=0: 0.0009656ms, 1%
@309 = load[offset=0,end=100352](@1) -> float_type, {1, 512, 7, 7}, {25088, 49, 7, 1}, target_id=0: 0.00071052ms, 1%
@310 = gpu::miopen_fusion[ops={{op=convolution[padding={1, 1, 1, 1},stride={1, 1},dilation={1, 1},group=1,padding_mode=0],alpha=1,beta=0}, {op=add,alpha=1,beta=0}, {op=relu,alpha=1,beta=0}}](@307,@303,@308,@309) -> float_type, {1, 512, 7, 7}, {25088, 49, 7, 1}, target_id=0: 0.142299ms, 4%
@311 = load[offset=0,end=0](@1) -> int8_type, {0}, {1}, target_id=0: 0.00086118ms, 1%
@312 = load[offset=702464,end=1103872](@1) -> float_type, {1, 2048, 7, 7}, {100352, 49, 7, 1}, target_id=0: 0.00064868ms, 1%
@313 = gpu::convolution[op={padding={0, 0, 0, 0},stride={1, 1},dilation={1, 1},group=1,padding_mode=0},solution_object={binary_object: 455},algo=0,int8_x4_format=0,solution_id=0](@310,@301,@311,@312) -> float_type, {1, 2048, 7, 7}, {100352, 49, 7, 1}, target_id=0: 0.0473721ms, 2%
@314 = hip::hip_copy_literal[id=main:@literal:16] -> float_type, {2048}, {1}, target_id=0: 0.00089654ms, 1%
@315 = broadcast[axis=1,out_lens={1, 2048, 7, 7}](@314) -> float_type, {1, 2048, 7, 7}, {0, 1, 0, 0}, target_id=0: 0.0010264ms, 1%
@316 = load[offset=1103872,end=1505280](@1) -> float_type, {1, 2048, 7, 7}, {100352, 49, 7, 1}, target_id=0: 0.00072268ms, 1%
@317 = gpu::code_object[code_object=3848,symbol_name=add_add_relu_kernel,global=100352,local=1024,](@313,@315,@296,@316) -> float_type, {1, 2048, 7, 7}, {100352, 49, 7, 1}, target_id=0: 0.018771ms, 1%
@318 = hip::hip_copy_literal[id=main:@literal:15] -> float_type, {512, 2048, 1, 1}, {2048, 1, 1, 1}, target_id=0: 0.00075486ms, 1%
@319 = load[offset=0,end=501760](@1) -> int8_type, {501760}, {1}, target_id=0: 0.0007378ms, 1%
@320 = load[offset=602112,end=702464](@1) -> float_type, {1, 512, 7, 7}, {25088, 49, 7, 1}, target_id=0: 0.0006615ms, 1%
@321 = gpu::convolution[op={padding={0, 0, 0, 0},stride={1, 1},dilation={1, 1},group=1,padding_mode=0},solution_object={binary_object: 554},algo=0,int8_x4_format=0,solution_id=0](@317,@318,@319,@320) -> float_type, {1, 512, 7, 7}, {25088, 49, 7, 1}, target_id=0: 0.0554378ms, 2%
@322 = hip::hip_copy_literal[id=main:@literal:11] -> float_type, {2048, 512, 1, 1}, {512, 1, 1, 1}, target_id=0: 0.00087236ms, 1%
@323 = hip::hip_copy_literal[id=main:@literal:12] -> float_type, {512}, {1}, target_id=0: 0.00062264ms, 1%
@324 = hip::hip_copy_literal[id=main:@literal:13] -> float_type, {512, 512, 3, 3}, {4608, 9, 3, 1}, target_id=0: 0.00077836ms, 1%
@325 = hip::hip_copy_literal[id=main:@literal:14] -> float_type, {512}, {1}, target_id=0: 0.00061214ms, 1%
@326 = broadcast[axis=1,out_lens={1, 512, 7, 7}](@325) -> float_type, {1, 512, 7, 7}, {0, 1, 0, 0}, target_id=0: 0.00100902ms, 1%
@327 = load[offset=100352,end=200704](@1) -> float_type, {1, 512, 7, 7}, {25088, 49, 7, 1}, target_id=0: 0.0007494ms, 1%
@328 = gpu::code_object[code_object=3856,symbol_name=add_relu_kernel,global=25088,local=1024,](@321,@326,@327) -> float_type, {1, 512, 7, 7}, {25088, 49, 7, 1}, target_id=0: 0.01734ms, 1%
@329 = broadcast[axis=1,out_lens={1, 512, 7, 7}](@323) -> float_type, {1, 512, 7, 7}, {0, 1, 0, 0}, target_id=0: 0.00098354ms, 1%
@330 = load[offset=0,end=100352](@1) -> float_type, {1, 512, 7, 7}, {25088, 49, 7, 1}, target_id=0: 0.00067966ms, 1%
@331 = gpu::miopen_fusion[ops={{op=convolution[padding={1, 1, 1, 1},stride={1, 1},dilation={1, 1},group=1,padding_mode=0],alpha=1,beta=0}, {op=add,alpha=1,beta=0}, {op=relu,alpha=1,beta=0}}](@328,@324,@329,@330) -> float_type, {1, 512, 7, 7}, {25088, 49, 7, 1}, target_id=0: 0.134934ms, 4%
@332 = load[offset=0,end=0](@1) -> int8_type, {0}, {1}, target_id=0: 0.00085348ms, 1%
@333 = load[offset=200704,end=602112](@1) -> float_type, {1, 2048, 7, 7}, {100352, 49, 7, 1}, target_id=0: 0.00067142ms, 1%
@334 = gpu::convolution[op={padding={0, 0, 0, 0},stride={1, 1},dilation={1, 1},group=1,padding_mode=0},solution_object={binary_object: 455},algo=0,int8_x4_format=0,solution_id=0](@331,@322,@332,@333) -> float_type, {1, 2048, 7, 7}, {100352, 49, 7, 1}, target_id=0: 0.0463897ms, 2%
@335 = hip::hip_copy_literal[id=main:@literal:0] -> float_type, {1, 1000}, {1000, 1}, target_id=0: 0.00091018ms, 1%
@336 = hip::hip_copy_literal[id=main:@literal:10] -> float_type, {2048}, {1}, target_id=0: 0.00061366ms, 1%
@337 = hip::hip_copy_literal[id=main:@literal:1] -> float_type, {2048, 1000}, {1000, 1}, target_id=0: 0.00059002ms, 1%
@338 = broadcast[axis=1,out_lens={1, 2048, 7, 7}](@336) -> float_type, {1, 2048, 7, 7}, {0, 1, 0, 0}, target_id=0: 0.00102704ms, 1%
@339 = load[offset=0,end=8192](@1) -> float_type, {1, 2048, 1, 1}, {2048, 1, 1, 1}, target_id=0: 0.00072948ms, 1%
@340 = gpu::code_object[code_object=4024,symbol_name=add_add_relu_reduce_mean_kernel,global=131072,local=64,](@334,@338,@317,@339) -> float_type, {1, 2048, 1, 1}, {2048, 1, 1, 1}, target_id=0: 0.0185418ms, 1%
main:#output_0 = @param:main:#output_0 -> float_type, {1, 1000}, {1000, 1}, target_id=0: 0.0010364ms, 1%
@342 = flatten[axis=1](@340) -> float_type, {1, 2048}, {2048, 1}, target_id=0: 0.00118978ms, 1%
@343 = gpu::gemm[alpha=1,beta=1,int8_x4_format=0,compute_fp32=1,trans_batch=0](@342,@337,@335,main:#output_0) -> float_type, {1, 1000}, {1000, 1}, target_id=0: 0.0577712ms, 2%
@344 = @return(@343), target_id=0
Summary:
gpu::miopen_fusion: 1.4019ms / 23 = 0.0609521ms, 40%
gpu::convolution: 1.25541ms / 26 = 0.0482852ms, 36%
gpu::code_object::add_relu_kernel: 0.253021ms / 14 = 0.018073ms, 8%
gpu::code_object::add_add_relu_kernel: 0.23549ms / 11 = 0.0214082ms, 7%
gpu::code_object::concat_kernel: 0.0768184ms / 4 = 0.0192046ms, 3%
load: 0.0767739ms / 106 = 0.000724282ms, 3%
hip::hip_copy_literal: 0.0760039ms / 100 = 0.000760039ms, 3%
gpu::pooling: 0.0600752ms / 1 = 0.0600752ms, 2%
gpu::gemm: 0.0577712ms / 1 = 0.0577712ms, 2%
broadcast: 0.0475181ms / 49 = 0.000969758ms, 2%
gpu::code_object::add_add_relu_reduce_mean_kernel: 0.0185418ms / 1 = 0.0185418ms, 1%
step: 0.003787ms / 3 = 0.00126233ms, 1%
@param: 0.00162962ms / 2 = 0.00081481ms, 1%
flatten: 0.00118978ms / 1 = 0.00118978ms, 1%
check_context::migraphx::gpu::context: 0.00107218ms / 1 = 0.00107218ms, 1%
hip::hip_allocate_memory: 0.00097982ms / 1 = 0.00097982ms, 1%

Batch size: 1
Rate: 553.55/sec
Total time: 1.80652ms
Total instructions time: 3.56799ms
Overhead time: 0.0740712ms, -1.76146ms
Overhead: 4%, -98%
