Running [ MIGraphX Version: 2.9.0."a99d17cc3" ]: /src/AMDMIGraphX/build/bin/driver perf --gpu /new-saved-models/torchvision/resnet50i1.onnx
Compiling ... 
Reading: /new-saved-models/torchvision/resnet50i1.onnx
module: "main"
@0 = check_context::migraphx::gpu::context -> float_type, {}, {}, target_id=0
@1 = hip::hip_allocate_memory[shape=int8_type, {9633792}, {1},id=main:scratch] -> int8_type, {9633792}, {1}, target_id=0
@2 = hip::hip_copy_literal[id=main:@literal:98] -> float_type, {64}, {1}, target_id=0
@3 = hip::hip_copy_literal[id=main:@literal:99] -> float_type, {64, 3, 7, 7}, {147, 49, 7, 1}, target_id=0
@4 = load[offset=3211264,end=6422528](@1) -> float_type, {1, 64, 112, 112}, {802816, 12544, 112, 1}, target_id=0
@5 = broadcast[axis=1,out_lens={1, 64, 112, 112}](@2) -> float_type, {1, 64, 112, 112}, {0, 1, 0, 0}, target_id=0
input.1 = @param:input.1 -> float_type, {1, 3, 224, 224}, {150528, 50176, 224, 1}, target_id=0
@7 = gpu::code_object[code_object=5656,symbol_name=mlir_convolution_add_relu,global=50176,local=256,](@5,input.1,@3,@4) -> float_type, {1, 64, 112, 112}, {802816, 12544, 112, 1}, target_id=0
@8 = load[offset=2408448,end=3211264](@1) -> float_type, {1, 64, 56, 56}, {200704, 3136, 56, 1}, target_id=0
@9 = gpu::pooling[mode=max,padding={1, 1, 1, 1},padding_mode=0,stride={2, 2},lengths={3, 3},ceil_mode=0,lp_order=2,dyn_global=0](@7,@8) -> float_type, {1, 64, 56, 56}, {200704, 3136, 56, 1}, target_id=0
@10 = hip::hip_copy_literal[id=main:@literal:96] -> float_type, {64}, {1}, target_id=0
@11 = hip::hip_copy_literal[id=main:@literal:97] -> float_type, {64, 64, 1, 1}, {64, 1, 1, 1}, target_id=0
@12 = broadcast[axis=1,out_lens={1, 64, 56, 56}](@10) -> float_type, {1, 64, 56, 56}, {0, 1, 0, 0}, target_id=0
@13 = load[offset=802816,end=1605632](@1) -> float_type, {1, 64, 56, 56}, {200704, 3136, 56, 1}, target_id=0
@14 = gpu::code_object[code_object=4152,symbol_name=mlir_convolution_add_relu,global=50176,local=256,](@12,@9,@11,@13) -> float_type, {1, 64, 56, 56}, {200704, 3136, 56, 1}, target_id=0
@15 = hip::hip_copy_literal[id=main:@literal:94] -> float_type, {64}, {1}, target_id=0
@16 = hip::hip_copy_literal[id=main:@literal:95] -> float_type, {64, 64, 3, 3}, {576, 9, 3, 1}, target_id=0
@17 = broadcast[axis=1,out_lens={1, 64, 56, 56}](@15) -> float_type, {1, 64, 56, 56}, {0, 1, 0, 0}, target_id=0
@18 = load[offset=0,end=802816](@1) -> float_type, {1, 64, 56, 56}, {200704, 3136, 56, 1}, target_id=0
@19 = gpu::miopen_fusion[ops={{op=convolution[padding={1, 1, 1, 1},stride={1, 1},dilation={1, 1},group=1,padding_mode=0],alpha=1,beta=0}, {op=add,alpha=1,beta=0}, {op=relu,alpha=1,beta=0}}](@14,@16,@17,@18) -> float_type, {1, 64, 56, 56}, {200704, 3136, 56, 1}, target_id=0
@20 = load[offset=3211264,end=4816896](@1) -> float_type, {1, 128, 56, 56}, {401408, 3136, 56, 1}, target_id=0
@21 = gpu::code_object[code_object=3800,symbol_name=concat_kernel,global=100352,local=1024,](@19,@9,@20) -> float_type, {1, 128, 56, 56}, {401408, 3136, 56, 1}, target_id=0
@22 = hip::hip_copy_literal[id=main:@literal:4] -> float_type, {256, 128, 1, 1}, {128, 1, 1, 1}, target_id=0
@23 = hip::hip_copy_literal[id=main:@literal:2] -> float_type, {256}, {1}, target_id=0
@24 = load[offset=6422528,end=9633792](@1) -> float_type, {1, 256, 56, 56}, {802816, 3136, 56, 1}, target_id=0
@25 = broadcast[axis=1,out_lens={1, 256, 56, 56}](@23) -> float_type, {1, 256, 56, 56}, {0, 1, 0, 0}, target_id=0
@26 = gpu::code_object[code_object=6768,symbol_name=mlir_convolution_add_relu,global=50176,local=256,](@25,@21,@22,@24) -> float_type, {1, 256, 56, 56}, {802816, 3136, 56, 1}, target_id=0
@27 = hip::hip_copy_literal[id=main:@literal:92] -> float_type, {64}, {1}, target_id=0
@28 = hip::hip_copy_literal[id=main:@literal:93] -> float_type, {64, 256, 1, 1}, {256, 1, 1, 1}, target_id=0
@29 = load[offset=802816,end=1605632](@1) -> float_type, {1, 64, 56, 56}, {200704, 3136, 56, 1}, target_id=0
@30 = broadcast[axis=1,out_lens={1, 64, 56, 56}](@27) -> float_type, {1, 64, 56, 56}, {0, 1, 0, 0}, target_id=0
@31 = gpu::code_object[code_object=5960,symbol_name=mlir_convolution_add_relu,global=50176,local=256,](@30,@26,@28,@29) -> float_type, {1, 64, 56, 56}, {200704, 3136, 56, 1}, target_id=0
@32 = hip::hip_copy_literal[id=main:@literal:90] -> float_type, {64}, {1}, target_id=0
@33 = hip::hip_copy_literal[id=main:@literal:91] -> float_type, {64, 64, 3, 3}, {576, 9, 3, 1}, target_id=0
@34 = broadcast[axis=1,out_lens={1, 64, 56, 56}](@32) -> float_type, {1, 64, 56, 56}, {0, 1, 0, 0}, target_id=0
@35 = load[offset=0,end=802816](@1) -> float_type, {1, 64, 56, 56}, {200704, 3136, 56, 1}, target_id=0
@36 = gpu::miopen_fusion[ops={{op=convolution[padding={1, 1, 1, 1},stride={1, 1},dilation={1, 1},group=1,padding_mode=0],alpha=1,beta=0}, {op=add,alpha=1,beta=0}, {op=relu,alpha=1,beta=0}}](@31,@33,@34,@35) -> float_type, {1, 64, 56, 56}, {200704, 3136, 56, 1}, target_id=0
@37 = hip::hip_copy_literal[id=main:@literal:88] -> float_type, {256}, {1}, target_id=0
@38 = hip::hip_copy_literal[id=main:@literal:89] -> float_type, {256, 64, 1, 1}, {64, 1, 1, 1}, target_id=0
@39 = broadcast[axis=1,out_lens={1, 256, 56, 56}](@37) -> float_type, {1, 256, 56, 56}, {0, 1, 0, 0}, target_id=0
@40 = load[offset=3211264,end=6422528](@1) -> float_type, {1, 256, 56, 56}, {802816, 3136, 56, 1}, target_id=0
@41 = gpu::code_object[code_object=4264,symbol_name=mlir_convolution_add_add_relu,global=200704,local=256,](@39,@26,@36,@38,@40) -> float_type, {1, 256, 56, 56}, {802816, 3136, 56, 1}, target_id=0
@42 = hip::hip_copy_literal[id=main:@literal:86] -> float_type, {64}, {1}, target_id=0
@43 = hip::hip_copy_literal[id=main:@literal:87] -> float_type, {64, 256, 1, 1}, {256, 1, 1, 1}, target_id=0
@44 = broadcast[axis=1,out_lens={1, 64, 56, 56}](@42) -> float_type, {1, 64, 56, 56}, {0, 1, 0, 0}, target_id=0
@45 = load[offset=0,end=802816](@1) -> float_type, {1, 64, 56, 56}, {200704, 3136, 56, 1}, target_id=0
@46 = gpu::code_object[code_object=5960,symbol_name=mlir_convolution_add_relu,global=50176,local=256,](@44,@41,@43,@45) -> float_type, {1, 64, 56, 56}, {200704, 3136, 56, 1}, target_id=0
@47 = hip::hip_copy_literal[id=main:@literal:84] -> float_type, {64}, {1}, target_id=0
@48 = hip::hip_copy_literal[id=main:@literal:85] -> float_type, {64, 64, 3, 3}, {576, 9, 3, 1}, target_id=0
@49 = broadcast[axis=1,out_lens={1, 64, 56, 56}](@47) -> float_type, {1, 64, 56, 56}, {0, 1, 0, 0}, target_id=0
@50 = load[offset=6422528,end=7225344](@1) -> float_type, {1, 64, 56, 56}, {200704, 3136, 56, 1}, target_id=0
@51 = gpu::miopen_fusion[ops={{op=convolution[padding={1, 1, 1, 1},stride={1, 1},dilation={1, 1},group=1,padding_mode=0],alpha=1,beta=0}, {op=add,alpha=1,beta=0}, {op=relu,alpha=1,beta=0}}](@46,@48,@49,@50) -> float_type, {1, 64, 56, 56}, {200704, 3136, 56, 1}, target_id=0
@52 = hip::hip_copy_literal[id=main:@literal:82] -> float_type, {256}, {1}, target_id=0
@53 = hip::hip_copy_literal[id=main:@literal:83] -> float_type, {256, 64, 1, 1}, {64, 1, 1, 1}, target_id=0
@54 = broadcast[axis=1,out_lens={1, 256, 56, 56}](@52) -> float_type, {1, 256, 56, 56}, {0, 1, 0, 0}, target_id=0
@55 = load[offset=0,end=3211264](@1) -> float_type, {1, 256, 56, 56}, {802816, 3136, 56, 1}, target_id=0
@56 = gpu::code_object[code_object=4264,symbol_name=mlir_convolution_add_add_relu,global=200704,local=256,](@54,@41,@51,@53,@55) -> float_type, {1, 256, 56, 56}, {802816, 3136, 56, 1}, target_id=0
@57 = hip::hip_copy_literal[id=main:@literal:79] -> float_type, {128, 128, 3, 3}, {1152, 9, 3, 1}, target_id=0
@58 = hip::hip_copy_literal[id=main:@literal:80] -> float_type, {128}, {1}, target_id=0
@59 = hip::hip_copy_literal[id=main:@literal:81] -> float_type, {128, 256, 1, 1}, {256, 1, 1, 1}, target_id=0
@60 = broadcast[axis=1,out_lens={1, 128, 56, 56}](@58) -> float_type, {1, 128, 56, 56}, {0, 1, 0, 0}, target_id=0
@61 = load[offset=3612672,end=5218304](@1) -> float_type, {1, 128, 56, 56}, {401408, 3136, 56, 1}, target_id=0
@62 = gpu::code_object[code_object=5360,symbol_name=mlir_convolution_add_relu,global=25088,local=128,](@60,@56,@59,@61) -> float_type, {1, 128, 56, 56}, {401408, 3136, 56, 1}, target_id=0
@63 = load[offset=0,end=0](@1) -> int8_type, {0}, {1}, target_id=0
@64 = load[offset=3211264,end=3612672](@1) -> float_type, {1, 128, 28, 28}, {100352, 784, 28, 1}, target_id=0
@65 = gpu::convolution[op={padding={1, 1, 1, 1},stride={2, 2},dilation={1, 1},group=1,padding_mode=0},solution_object={binary_object: 457},algo=0,solution_id=0](@62,@57,@63,@64) -> float_type, {1, 128, 28, 28}, {100352, 784, 28, 1}, target_id=0
@66 = hip::hip_copy_literal[id=main:@literal:6] -> float_type, {512, 384, 1, 1}, {384, 1, 1, 1}, target_id=0
@67 = hip::hip_copy_literal[id=main:@literal:78] -> float_type, {128}, {1}, target_id=0
@68 = broadcast[axis=1,out_lens={1, 128, 28, 28}](@67) -> float_type, {1, 128, 28, 28}, {0, 1, 0, 0}, target_id=0
@69 = load[offset=4415488,end=4816896](@1) -> float_type, {1, 128, 28, 28}, {100352, 784, 28, 1}, target_id=0
@70 = gpu::code_object[code_object=3832,symbol_name=add_relu_kernel,global=50176,local=1024,](@65,@68,@69) -> float_type, {1, 128, 28, 28}, {100352, 784, 28, 1}, target_id=0
@71 = step[axes={2, 3},steps={2, 2}](@56) -> float_type, {1, 256, 28, 28}, {802816, 3136, 112, 2}, target_id=0
@72 = load[offset=3211264,end=4415488](@1) -> float_type, {1, 384, 28, 28}, {301056, 784, 28, 1}, target_id=0
@73 = gpu::code_object[code_object=4048,symbol_name=concat_kernel,global=150528,local=1024,](@70,@71,@72) -> float_type, {1, 384, 28, 28}, {301056, 784, 28, 1}, target_id=0
@74 = hip::hip_copy_literal[id=main:@literal:5] -> float_type, {512}, {1}, target_id=0
@75 = broadcast[axis=1,out_lens={1, 512, 28, 28}](@74) -> float_type, {1, 512, 28, 28}, {0, 1, 0, 0}, target_id=0
@76 = load[offset=4415488,end=6021120](@1) -> float_type, {1, 512, 28, 28}, {401408, 784, 28, 1}, target_id=0
@77 = gpu::code_object[code_object=5712,symbol_name=mlir_convolution_add_relu,global=26624,local=256,](@75,@73,@66,@76) -> float_type, {1, 512, 28, 28}, {401408, 784, 28, 1}, target_id=0
@78 = hip::hip_copy_literal[id=main:@literal:76] -> float_type, {128}, {1}, target_id=0
@79 = hip::hip_copy_literal[id=main:@literal:77] -> float_type, {128, 512, 1, 1}, {512, 1, 1, 1}, target_id=0
@80 = load[offset=802816,end=1204224](@1) -> float_type, {1, 128, 28, 28}, {100352, 784, 28, 1}, target_id=0
@81 = broadcast[axis=1,out_lens={1, 128, 28, 28}](@78) -> float_type, {1, 128, 28, 28}, {0, 1, 0, 0}, target_id=0
@82 = gpu::code_object[code_object=4960,symbol_name=mlir_convolution_add_relu,global=25600,local=256,](@81,@77,@79,@80) -> float_type, {1, 128, 28, 28}, {100352, 784, 28, 1}, target_id=0
@83 = hip::hip_copy_literal[id=main:@literal:74] -> float_type, {128}, {1}, target_id=0
@84 = hip::hip_copy_literal[id=main:@literal:75] -> float_type, {128, 128, 3, 3}, {1152, 9, 3, 1}, target_id=0
@85 = broadcast[axis=1,out_lens={1, 128, 28, 28}](@83) -> float_type, {1, 128, 28, 28}, {0, 1, 0, 0}, target_id=0
@86 = load[offset=401408,end=802816](@1) -> float_type, {1, 128, 28, 28}, {100352, 784, 28, 1}, target_id=0
@87 = gpu::miopen_fusion[ops={{op=convolution[padding={1, 1, 1, 1},stride={1, 1},dilation={1, 1},group=1,padding_mode=0],alpha=1,beta=0}, {op=add,alpha=1,beta=0}, {op=relu,alpha=1,beta=0}}](@82,@84,@85,@86) -> float_type, {1, 128, 28, 28}, {100352, 784, 28, 1}, target_id=0
@88 = hip::hip_copy_literal[id=main:@literal:72] -> float_type, {512}, {1}, target_id=0
@89 = hip::hip_copy_literal[id=main:@literal:73] -> float_type, {512, 128, 1, 1}, {128, 1, 1, 1}, target_id=0
@90 = broadcast[axis=1,out_lens={1, 512, 28, 28}](@88) -> float_type, {1, 512, 28, 28}, {0, 1, 0, 0}, target_id=0
@91 = load[offset=1204224,end=2809856](@1) -> float_type, {1, 512, 28, 28}, {401408, 784, 28, 1}, target_id=0
@92 = gpu::code_object[code_object=5464,symbol_name=mlir_convolution_add_add_relu,global=26624,local=256,](@90,@77,@87,@89,@91) -> float_type, {1, 512, 28, 28}, {401408, 784, 28, 1}, target_id=0
@93 = hip::hip_copy_literal[id=main:@literal:70] -> float_type, {128}, {1}, target_id=0
@94 = hip::hip_copy_literal[id=main:@literal:71] -> float_type, {128, 512, 1, 1}, {512, 1, 1, 1}, target_id=0
@95 = broadcast[axis=1,out_lens={1, 128, 28, 28}](@93) -> float_type, {1, 128, 28, 28}, {0, 1, 0, 0}, target_id=0
@96 = load[offset=802816,end=1204224](@1) -> float_type, {1, 128, 28, 28}, {100352, 784, 28, 1}, target_id=0
@97 = gpu::code_object[code_object=4960,symbol_name=mlir_convolution_add_relu,global=25600,local=256,](@95,@92,@94,@96) -> float_type, {1, 128, 28, 28}, {100352, 784, 28, 1}, target_id=0
@98 = hip::hip_copy_literal[id=main:@literal:68] -> float_type, {128}, {1}, target_id=0
@99 = hip::hip_copy_literal[id=main:@literal:69] -> float_type, {128, 128, 3, 3}, {1152, 9, 3, 1}, target_id=0
@100 = broadcast[axis=1,out_lens={1, 128, 28, 28}](@98) -> float_type, {1, 128, 28, 28}, {0, 1, 0, 0}, target_id=0
@101 = load[offset=401408,end=802816](@1) -> float_type, {1, 128, 28, 28}, {100352, 784, 28, 1}, target_id=0
@102 = gpu::miopen_fusion[ops={{op=convolution[padding={1, 1, 1, 1},stride={1, 1},dilation={1, 1},group=1,padding_mode=0],alpha=1,beta=0}, {op=add,alpha=1,beta=0}, {op=relu,alpha=1,beta=0}}](@97,@99,@100,@101) -> float_type, {1, 128, 28, 28}, {100352, 784, 28, 1}, target_id=0
@103 = hip::hip_copy_literal[id=main:@literal:66] -> float_type, {512}, {1}, target_id=0
@104 = hip::hip_copy_literal[id=main:@literal:67] -> float_type, {512, 128, 1, 1}, {128, 1, 1, 1}, target_id=0
@105 = broadcast[axis=1,out_lens={1, 512, 28, 28}](@103) -> float_type, {1, 512, 28, 28}, {0, 1, 0, 0}, target_id=0
@106 = load[offset=5771264,end=7376896](@1) -> float_type, {1, 512, 28, 28}, {401408, 784, 28, 1}, target_id=0
@107 = gpu::code_object[code_object=5464,symbol_name=mlir_convolution_add_add_relu,global=26624,local=256,](@105,@92,@102,@104,@106) -> float_type, {1, 512, 28, 28}, {401408, 784, 28, 1}, target_id=0
@108 = hip::hip_copy_literal[id=main:@literal:64] -> float_type, {128}, {1}, target_id=0
@109 = hip::hip_copy_literal[id=main:@literal:65] -> float_type, {128, 512, 1, 1}, {512, 1, 1, 1}, target_id=0
@110 = broadcast[axis=1,out_lens={1, 128, 28, 28}](@108) -> float_type, {1, 128, 28, 28}, {0, 1, 0, 0}, target_id=0
@111 = load[offset=401408,end=802816](@1) -> float_type, {1, 128, 28, 28}, {100352, 784, 28, 1}, target_id=0
@112 = gpu::code_object[code_object=4960,symbol_name=mlir_convolution_add_relu,global=25600,local=256,](@110,@107,@109,@111) -> float_type, {1, 128, 28, 28}, {100352, 784, 28, 1}, target_id=0
@113 = hip::hip_copy_literal[id=main:@literal:62] -> float_type, {128}, {1}, target_id=0
@114 = hip::hip_copy_literal[id=main:@literal:63] -> float_type, {128, 128, 3, 3}, {1152, 9, 3, 1}, target_id=0
@115 = broadcast[axis=1,out_lens={1, 128, 28, 28}](@113) -> float_type, {1, 128, 28, 28}, {0, 1, 0, 0}, target_id=0
@116 = load[offset=0,end=401408](@1) -> float_type, {1, 128, 28, 28}, {100352, 784, 28, 1}, target_id=0
@117 = gpu::miopen_fusion[ops={{op=convolution[padding={1, 1, 1, 1},stride={1, 1},dilation={1, 1},group=1,padding_mode=0],alpha=1,beta=0}, {op=add,alpha=1,beta=0}, {op=relu,alpha=1,beta=0}}](@112,@114,@115,@116) -> float_type, {1, 128, 28, 28}, {100352, 784, 28, 1}, target_id=0
@118 = hip::hip_copy_literal[id=main:@literal:60] -> float_type, {512}, {1}, target_id=0
@119 = hip::hip_copy_literal[id=main:@literal:61] -> float_type, {512, 128, 1, 1}, {128, 1, 1, 1}, target_id=0
@120 = broadcast[axis=1,out_lens={1, 512, 28, 28}](@118) -> float_type, {1, 512, 28, 28}, {0, 1, 0, 0}, target_id=0
@121 = load[offset=4165632,end=5771264](@1) -> float_type, {1, 512, 28, 28}, {401408, 784, 28, 1}, target_id=0
@122 = gpu::code_object[code_object=5464,symbol_name=mlir_convolution_add_add_relu,global=26624,local=256,](@120,@107,@117,@119,@121) -> float_type, {1, 512, 28, 28}, {401408, 784, 28, 1}, target_id=0
@123 = hip::hip_copy_literal[id=main:@literal:58] -> float_type, {256}, {1}, target_id=0
@124 = hip::hip_copy_literal[id=main:@literal:59] -> float_type, {256, 512, 1, 1}, {512, 1, 1, 1}, target_id=0
@125 = broadcast[axis=1,out_lens={1, 256, 28, 28}](@123) -> float_type, {1, 256, 28, 28}, {0, 1, 0, 0}, target_id=0
@126 = load[offset=0,end=802816](@1) -> float_type, {1, 256, 28, 28}, {200704, 784, 28, 1}, target_id=0
@127 = gpu::code_object[code_object=4984,symbol_name=mlir_convolution_add_relu,global=51200,local=256,](@125,@122,@124,@126) -> float_type, {1, 256, 28, 28}, {200704, 784, 28, 1}, target_id=0
@128 = hip::hip_copy_literal[id=main:@literal:57] -> float_type, {256, 256, 3, 3}, {2304, 9, 3, 1}, target_id=0
@129 = load[offset=5971968,end=9334784](@1) -> int8_type, {3362816}, {1}, target_id=0
@130 = load[offset=5771264,end=5971968](@1) -> float_type, {1, 256, 14, 14}, {50176, 196, 14, 1}, target_id=0
@131 = gpu::convolution[op={padding={1, 1, 1, 1},stride={2, 2},dilation={1, 1},group=1,padding_mode=0},solution_object={binary_object: 556},algo=0,solution_id=0](@127,@128,@129,@130) -> float_type, {1, 256, 14, 14}, {50176, 196, 14, 1}, target_id=0
@132 = hip::hip_copy_literal[id=main:@literal:3] -> float_type, {1024}, {1}, target_id=0
@133 = hip::hip_copy_literal[id=main:@literal:56] -> float_type, {256}, {1}, target_id=0
@134 = broadcast[axis=1,out_lens={1, 256, 14, 14}](@133) -> float_type, {1, 256, 14, 14}, {0, 1, 0, 0}, target_id=0
@135 = load[offset=0,end=200704](@1) -> float_type, {1, 256, 14, 14}, {50176, 196, 14, 1}, target_id=0
@136 = gpu::code_object[code_object=3832,symbol_name=add_relu_kernel,global=25088,local=1024,](@131,@134,@135) -> float_type, {1, 256, 14, 14}, {50176, 196, 14, 1}, target_id=0
@137 = hip::hip_copy_literal[id=main:@literal:7] -> float_type, {1024, 768, 1, 1}, {768, 1, 1, 1}, target_id=0
@138 = step[axes={2, 3},steps={2, 2}](@122) -> float_type, {1, 512, 14, 14}, {401408, 784, 56, 2}, target_id=0
@139 = load[offset=1003520,end=1605632](@1) -> float_type, {1, 768, 14, 14}, {150528, 196, 14, 1}, target_id=0
@140 = gpu::code_object[code_object=3808,symbol_name=concat_kernel,global=75264,local=1024,](@136,@138,@139) -> float_type, {1, 768, 14, 14}, {150528, 196, 14, 1}, target_id=0
@141 = load[offset=200704,end=1003520](@1) -> float_type, {1, 1024, 14, 14}, {200704, 196, 14, 1}, target_id=0
@142 = broadcast[axis=1,out_lens={1, 1024, 14, 14}](@132) -> float_type, {1, 1024, 14, 14}, {0, 1, 0, 0}, target_id=0
@143 = gpu::code_object[code_object=4496,symbol_name=mlir_convolution_add_relu,global=57344,local=256,](@142,@140,@137,@141) -> float_type, {1, 1024, 14, 14}, {200704, 196, 14, 1}, target_id=0
@144 = hip::hip_copy_literal[id=main:@literal:50] -> float_type, {1024}, {1}, target_id=0
@145 = hip::hip_copy_literal[id=main:@literal:51] -> float_type, {1024, 256, 1, 1}, {256, 1, 1, 1}, target_id=0
@146 = hip::hip_copy_literal[id=main:@literal:52] -> float_type, {256}, {1}, target_id=0
@147 = hip::hip_copy_literal[id=main:@literal:53] -> float_type, {256, 256, 3, 3}, {2304, 9, 3, 1}, target_id=0
@148 = hip::hip_copy_literal[id=main:@literal:54] -> float_type, {256}, {1}, target_id=0
@149 = hip::hip_copy_literal[id=main:@literal:55] -> float_type, {256, 1024, 1, 1}, {1024, 1, 1, 1}, target_id=0
@150 = broadcast[axis=1,out_lens={1, 256, 14, 14}](@148) -> float_type, {1, 256, 14, 14}, {0, 1, 0, 0}, target_id=0
@151 = load[offset=1204224,end=1404928](@1) -> float_type, {1, 256, 14, 14}, {50176, 196, 14, 1}, target_id=0
@152 = gpu::code_object[code_object=5272,symbol_name=mlir_convolution_add_relu,global=14336,local=128,](@150,@143,@149,@151) -> float_type, {1, 256, 14, 14}, {50176, 196, 14, 1}, target_id=0
@153 = broadcast[axis=1,out_lens={1, 256, 14, 14}](@146) -> float_type, {1, 256, 14, 14}, {0, 1, 0, 0}, target_id=0
@154 = load[offset=1003520,end=1204224](@1) -> float_type, {1, 256, 14, 14}, {50176, 196, 14, 1}, target_id=0
@155 = gpu::miopen_fusion[ops={{op=convolution[padding={1, 1, 1, 1},stride={1, 1},dilation={1, 1},group=1,padding_mode=0],alpha=1,beta=0}, {op=add,alpha=1,beta=0}, {op=relu,alpha=1,beta=0}}](@152,@147,@153,@154) -> float_type, {1, 256, 14, 14}, {50176, 196, 14, 1}, target_id=0
@156 = broadcast[axis=1,out_lens={1, 1024, 14, 14}](@144) -> float_type, {1, 1024, 14, 14}, {0, 1, 0, 0}, target_id=0
@157 = load[offset=2207744,end=3010560](@1) -> float_type, {1, 1024, 14, 14}, {200704, 196, 14, 1}, target_id=0
@158 = gpu::code_object[code_object=6240,symbol_name=mlir_convolution_add_add_relu,global=57344,local=256,](@156,@143,@155,@145,@157) -> float_type, {1, 1024, 14, 14}, {200704, 196, 14, 1}, target_id=0
@159 = hip::hip_copy_literal[id=main:@literal:38] -> float_type, {1024}, {1}, target_id=0
@160 = hip::hip_copy_literal[id=main:@literal:39] -> float_type, {1024, 256, 1, 1}, {256, 1, 1, 1}, target_id=0
@161 = hip::hip_copy_literal[id=main:@literal:40] -> float_type, {256}, {1}, target_id=0
@162 = hip::hip_copy_literal[id=main:@literal:41] -> float_type, {256, 256, 3, 3}, {2304, 9, 3, 1}, target_id=0
@163 = hip::hip_copy_literal[id=main:@literal:42] -> float_type, {256}, {1}, target_id=0
@164 = hip::hip_copy_literal[id=main:@literal:43] -> float_type, {256, 1024, 1, 1}, {1024, 1, 1, 1}, target_id=0
@165 = hip::hip_copy_literal[id=main:@literal:44] -> float_type, {1024}, {1}, target_id=0
@166 = hip::hip_copy_literal[id=main:@literal:45] -> float_type, {1024, 256, 1, 1}, {256, 1, 1, 1}, target_id=0
@167 = hip::hip_copy_literal[id=main:@literal:46] -> float_type, {256}, {1}, target_id=0
@168 = hip::hip_copy_literal[id=main:@literal:47] -> float_type, {256, 256, 3, 3}, {2304, 9, 3, 1}, target_id=0
@169 = hip::hip_copy_literal[id=main:@literal:48] -> float_type, {256}, {1}, target_id=0
@170 = hip::hip_copy_literal[id=main:@literal:49] -> float_type, {256, 1024, 1, 1}, {1024, 1, 1, 1}, target_id=0
@171 = broadcast[axis=1,out_lens={1, 256, 14, 14}](@169) -> float_type, {1, 256, 14, 14}, {0, 1, 0, 0}, target_id=0
@172 = load[offset=200704,end=401408](@1) -> float_type, {1, 256, 14, 14}, {50176, 196, 14, 1}, target_id=0
@173 = gpu::code_object[code_object=5272,symbol_name=mlir_convolution_add_relu,global=14336,local=128,](@171,@158,@170,@172) -> float_type, {1, 256, 14, 14}, {50176, 196, 14, 1}, target_id=0
@174 = broadcast[axis=1,out_lens={1, 256, 14, 14}](@167) -> float_type, {1, 256, 14, 14}, {0, 1, 0, 0}, target_id=0
@175 = load[offset=0,end=200704](@1) -> float_type, {1, 256, 14, 14}, {50176, 196, 14, 1}, target_id=0
@176 = gpu::miopen_fusion[ops={{op=convolution[padding={1, 1, 1, 1},stride={1, 1},dilation={1, 1},group=1,padding_mode=0],alpha=1,beta=0}, {op=add,alpha=1,beta=0}, {op=relu,alpha=1,beta=0}}](@173,@168,@174,@175) -> float_type, {1, 256, 14, 14}, {50176, 196, 14, 1}, target_id=0
@177 = broadcast[axis=1,out_lens={1, 1024, 14, 14}](@165) -> float_type, {1, 1024, 14, 14}, {0, 1, 0, 0}, target_id=0
@178 = load[offset=1404928,end=2207744](@1) -> float_type, {1, 1024, 14, 14}, {200704, 196, 14, 1}, target_id=0
@179 = gpu::code_object[code_object=6240,symbol_name=mlir_convolution_add_add_relu,global=57344,local=256,](@177,@158,@176,@166,@178) -> float_type, {1, 1024, 14, 14}, {200704, 196, 14, 1}, target_id=0
@180 = broadcast[axis=1,out_lens={1, 256, 14, 14}](@163) -> float_type, {1, 256, 14, 14}, {0, 1, 0, 0}, target_id=0
@181 = load[offset=401408,end=602112](@1) -> float_type, {1, 256, 14, 14}, {50176, 196, 14, 1}, target_id=0
@182 = gpu::code_object[code_object=5272,symbol_name=mlir_convolution_add_relu,global=14336,local=128,](@180,@179,@164,@181) -> float_type, {1, 256, 14, 14}, {50176, 196, 14, 1}, target_id=0
@183 = broadcast[axis=1,out_lens={1, 256, 14, 14}](@161) -> float_type, {1, 256, 14, 14}, {0, 1, 0, 0}, target_id=0
@184 = load[offset=200704,end=401408](@1) -> float_type, {1, 256, 14, 14}, {50176, 196, 14, 1}, target_id=0
@185 = gpu::miopen_fusion[ops={{op=convolution[padding={1, 1, 1, 1},stride={1, 1},dilation={1, 1},group=1,padding_mode=0],alpha=1,beta=0}, {op=add,alpha=1,beta=0}, {op=relu,alpha=1,beta=0}}](@182,@162,@183,@184) -> float_type, {1, 256, 14, 14}, {50176, 196, 14, 1}, target_id=0
@186 = broadcast[axis=1,out_lens={1, 1024, 14, 14}](@159) -> float_type, {1, 1024, 14, 14}, {0, 1, 0, 0}, target_id=0
@187 = load[offset=602112,end=1404928](@1) -> float_type, {1, 1024, 14, 14}, {200704, 196, 14, 1}, target_id=0
@188 = gpu::code_object[code_object=6240,symbol_name=mlir_convolution_add_add_relu,global=57344,local=256,](@186,@179,@185,@160,@187) -> float_type, {1, 1024, 14, 14}, {200704, 196, 14, 1}, target_id=0
@189 = hip::hip_copy_literal[id=main:@literal:32] -> float_type, {1024}, {1}, target_id=0
@190 = hip::hip_copy_literal[id=main:@literal:33] -> float_type, {1024, 256, 1, 1}, {256, 1, 1, 1}, target_id=0
@191 = hip::hip_copy_literal[id=main:@literal:34] -> float_type, {256}, {1}, target_id=0
@192 = hip::hip_copy_literal[id=main:@literal:35] -> float_type, {256, 256, 3, 3}, {2304, 9, 3, 1}, target_id=0
@193 = hip::hip_copy_literal[id=main:@literal:36] -> float_type, {256}, {1}, target_id=0
@194 = hip::hip_copy_literal[id=main:@literal:37] -> float_type, {256, 1024, 1, 1}, {1024, 1, 1, 1}, target_id=0
@195 = broadcast[axis=1,out_lens={1, 256, 14, 14}](@193) -> float_type, {1, 256, 14, 14}, {0, 1, 0, 0}, target_id=0
@196 = load[offset=401408,end=602112](@1) -> float_type, {1, 256, 14, 14}, {50176, 196, 14, 1}, target_id=0
@197 = gpu::code_object[code_object=5272,symbol_name=mlir_convolution_add_relu,global=14336,local=128,](@195,@188,@194,@196) -> float_type, {1, 256, 14, 14}, {50176, 196, 14, 1}, target_id=0
@198 = broadcast[axis=1,out_lens={1, 256, 14, 14}](@191) -> float_type, {1, 256, 14, 14}, {0, 1, 0, 0}, target_id=0
@199 = load[offset=200704,end=401408](@1) -> float_type, {1, 256, 14, 14}, {50176, 196, 14, 1}, target_id=0
@200 = gpu::miopen_fusion[ops={{op=convolution[padding={1, 1, 1, 1},stride={1, 1},dilation={1, 1},group=1,padding_mode=0],alpha=1,beta=0}, {op=add,alpha=1,beta=0}, {op=relu,alpha=1,beta=0}}](@197,@192,@198,@199) -> float_type, {1, 256, 14, 14}, {50176, 196, 14, 1}, target_id=0
@201 = broadcast[axis=1,out_lens={1, 1024, 14, 14}](@189) -> float_type, {1, 1024, 14, 14}, {0, 1, 0, 0}, target_id=0
@202 = load[offset=2107392,end=2910208](@1) -> float_type, {1, 1024, 14, 14}, {200704, 196, 14, 1}, target_id=0
@203 = gpu::code_object[code_object=6240,symbol_name=mlir_convolution_add_add_relu,global=57344,local=256,](@201,@188,@200,@190,@202) -> float_type, {1, 1024, 14, 14}, {200704, 196, 14, 1}, target_id=0
@204 = hip::hip_copy_literal[id=main:@literal:26] -> float_type, {1024}, {1}, target_id=0
@205 = hip::hip_copy_literal[id=main:@literal:27] -> float_type, {1024, 256, 1, 1}, {256, 1, 1, 1}, target_id=0
@206 = hip::hip_copy_literal[id=main:@literal:28] -> float_type, {256}, {1}, target_id=0
@207 = hip::hip_copy_literal[id=main:@literal:29] -> float_type, {256, 256, 3, 3}, {2304, 9, 3, 1}, target_id=0
@208 = hip::hip_copy_literal[id=main:@literal:30] -> float_type, {256}, {1}, target_id=0
@209 = hip::hip_copy_literal[id=main:@literal:31] -> float_type, {256, 1024, 1, 1}, {1024, 1, 1, 1}, target_id=0
@210 = broadcast[axis=1,out_lens={1, 256, 14, 14}](@208) -> float_type, {1, 256, 14, 14}, {0, 1, 0, 0}, target_id=0
@211 = load[offset=200704,end=401408](@1) -> float_type, {1, 256, 14, 14}, {50176, 196, 14, 1}, target_id=0
@212 = gpu::code_object[code_object=5272,symbol_name=mlir_convolution_add_relu,global=14336,local=128,](@210,@203,@209,@211) -> float_type, {1, 256, 14, 14}, {50176, 196, 14, 1}, target_id=0
@213 = broadcast[axis=1,out_lens={1, 256, 14, 14}](@206) -> float_type, {1, 256, 14, 14}, {0, 1, 0, 0}, target_id=0
@214 = load[offset=0,end=200704](@1) -> float_type, {1, 256, 14, 14}, {50176, 196, 14, 1}, target_id=0
@215 = gpu::miopen_fusion[ops={{op=convolution[padding={1, 1, 1, 1},stride={1, 1},dilation={1, 1},group=1,padding_mode=0],alpha=1,beta=0}, {op=add,alpha=1,beta=0}, {op=relu,alpha=1,beta=0}}](@212,@207,@213,@214) -> float_type, {1, 256, 14, 14}, {50176, 196, 14, 1}, target_id=0
@216 = broadcast[axis=1,out_lens={1, 1024, 14, 14}](@204) -> float_type, {1, 1024, 14, 14}, {0, 1, 0, 0}, target_id=0
@217 = load[offset=1304576,end=2107392](@1) -> float_type, {1, 1024, 14, 14}, {200704, 196, 14, 1}, target_id=0
@218 = gpu::code_object[code_object=6240,symbol_name=mlir_convolution_add_add_relu,global=57344,local=256,](@216,@203,@215,@205,@217) -> float_type, {1, 1024, 14, 14}, {200704, 196, 14, 1}, target_id=0
@219 = hip::hip_copy_literal[id=main:@literal:23] -> float_type, {512, 512, 3, 3}, {4608, 9, 3, 1}, target_id=0
@220 = hip::hip_copy_literal[id=main:@literal:24] -> float_type, {512}, {1}, target_id=0
@221 = hip::hip_copy_literal[id=main:@literal:25] -> float_type, {512, 1024, 1, 1}, {1024, 1, 1, 1}, target_id=0
@222 = broadcast[axis=1,out_lens={1, 512, 14, 14}](@220) -> float_type, {1, 512, 14, 14}, {0, 1, 0, 0}, target_id=0
@223 = load[offset=0,end=401408](@1) -> float_type, {1, 512, 14, 14}, {100352, 196, 14, 1}, target_id=0
@224 = gpu::code_object[code_object=4992,symbol_name=mlir_convolution_add_relu,global=28672,local=256,](@222,@218,@221,@223) -> float_type, {1, 512, 14, 14}, {100352, 196, 14, 1}, target_id=0
@225 = load[offset=2207744,end=3110912](@1) -> int8_type, {903168}, {1}, target_id=0
@226 = load[offset=2107392,end=2207744](@1) -> float_type, {1, 512, 7, 7}, {25088, 49, 7, 1}, target_id=0
@227 = gpu::convolution[op={padding={1, 1, 1, 1},stride={2, 2},dilation={1, 1},group=1,padding_mode=0},solution_object={binary_object: 430},algo=0,solution_id=0](@224,@219,@225,@226) -> float_type, {1, 512, 7, 7}, {25088, 49, 7, 1}, target_id=0
@228 = hip::hip_copy_literal[id=main:@literal:9] -> float_type, {2048, 1536, 1, 1}, {1536, 1, 1, 1}, target_id=0
@229 = hip::hip_copy_literal[id=main:@literal:8] -> float_type, {2048}, {1}, target_id=0
@230 = hip::hip_copy_literal[id=main:@literal:22] -> float_type, {512}, {1}, target_id=0
@231 = broadcast[axis=1,out_lens={1, 512, 7, 7}](@230) -> float_type, {1, 512, 7, 7}, {0, 1, 0, 0}, target_id=0
@232 = load[offset=401408,end=501760](@1) -> float_type, {1, 512, 7, 7}, {25088, 49, 7, 1}, target_id=0
@233 = gpu::code_object[code_object=3824,symbol_name=add_relu_kernel,global=25088,local=1024,](@227,@231,@232) -> float_type, {1, 512, 7, 7}, {25088, 49, 7, 1}, target_id=0
@234 = load[offset=100352,end=401408](@1) -> float_type, {1, 1536, 7, 7}, {75264, 49, 7, 1}, target_id=0
@235 = step[axes={2, 3},steps={2, 2}](@218) -> float_type, {1, 1024, 7, 7}, {200704, 196, 28, 2}, target_id=0
@236 = gpu::code_object[code_object=3816,symbol_name=concat_kernel,global=37632,local=1024,](@233,@235,@234) -> float_type, {1, 1536, 7, 7}, {75264, 49, 7, 1}, target_id=0
@237 = load[offset=903168,end=1304576](@1) -> float_type, {1, 2048, 7, 7}, {100352, 49, 7, 1}, target_id=0
@238 = broadcast[axis=1,out_lens={1, 2048, 7, 7}](@229) -> float_type, {1, 2048, 7, 7}, {0, 1, 0, 0}, target_id=0
@239 = gpu::code_object[code_object=4504,symbol_name=mlir_convolution_add_relu,global=32768,local=256,](@238,@236,@228,@237) -> float_type, {1, 2048, 7, 7}, {100352, 49, 7, 1}, target_id=0
@240 = hip::hip_copy_literal[id=main:@literal:16] -> float_type, {2048}, {1}, target_id=0
@241 = hip::hip_copy_literal[id=main:@literal:17] -> float_type, {2048, 512, 1, 1}, {512, 1, 1, 1}, target_id=0
@242 = hip::hip_copy_literal[id=main:@literal:18] -> float_type, {512}, {1}, target_id=0
@243 = hip::hip_copy_literal[id=main:@literal:19] -> float_type, {512, 512, 3, 3}, {4608, 9, 3, 1}, target_id=0
@244 = hip::hip_copy_literal[id=main:@literal:20] -> float_type, {512}, {1}, target_id=0
@245 = hip::hip_copy_literal[id=main:@literal:21] -> float_type, {512, 2048, 1, 1}, {2048, 1, 1, 1}, target_id=0
@246 = broadcast[axis=1,out_lens={1, 512, 7, 7}](@244) -> float_type, {1, 512, 7, 7}, {0, 1, 0, 0}, target_id=0
@247 = load[offset=100352,end=200704](@1) -> float_type, {1, 512, 7, 7}, {25088, 49, 7, 1}, target_id=0
@248 = gpu::code_object[code_object=5144,symbol_name=mlir_convolution_add_relu,global=8192,local=256,](@246,@239,@245,@247) -> float_type, {1, 512, 7, 7}, {25088, 49, 7, 1}, target_id=0
@249 = broadcast[axis=1,out_lens={1, 512, 7, 7}](@242) -> float_type, {1, 512, 7, 7}, {0, 1, 0, 0}, target_id=0
@250 = load[offset=0,end=100352](@1) -> float_type, {1, 512, 7, 7}, {25088, 49, 7, 1}, target_id=0
@251 = gpu::miopen_fusion[ops={{op=convolution[padding={1, 1, 1, 1},stride={1, 1},dilation={1, 1},group=1,padding_mode=0],alpha=1,beta=0}, {op=add,alpha=1,beta=0}, {op=relu,alpha=1,beta=0}}](@248,@243,@249,@250) -> float_type, {1, 512, 7, 7}, {25088, 49, 7, 1}, target_id=0
@252 = broadcast[axis=1,out_lens={1, 2048, 7, 7}](@240) -> float_type, {1, 2048, 7, 7}, {0, 1, 0, 0}, target_id=0
@253 = load[offset=501760,end=903168](@1) -> float_type, {1, 2048, 7, 7}, {100352, 49, 7, 1}, target_id=0
@254 = gpu::code_object[code_object=5240,symbol_name=mlir_convolution_add_add_relu,global=32768,local=256,](@252,@239,@251,@241,@253) -> float_type, {1, 2048, 7, 7}, {100352, 49, 7, 1}, target_id=0
@255 = hip::hip_copy_literal[id=main:@literal:11] -> float_type, {2048, 512, 1, 1}, {512, 1, 1, 1}, target_id=0
@256 = hip::hip_copy_literal[id=main:@literal:12] -> float_type, {512}, {1}, target_id=0
@257 = hip::hip_copy_literal[id=main:@literal:13] -> float_type, {512, 512, 3, 3}, {4608, 9, 3, 1}, target_id=0
@258 = hip::hip_copy_literal[id=main:@literal:14] -> float_type, {512}, {1}, target_id=0
@259 = hip::hip_copy_literal[id=main:@literal:15] -> float_type, {512, 2048, 1, 1}, {2048, 1, 1, 1}, target_id=0
@260 = broadcast[axis=1,out_lens={1, 512, 7, 7}](@258) -> float_type, {1, 512, 7, 7}, {0, 1, 0, 0}, target_id=0
@261 = load[offset=100352,end=200704](@1) -> float_type, {1, 512, 7, 7}, {25088, 49, 7, 1}, target_id=0
@262 = gpu::code_object[code_object=5144,symbol_name=mlir_convolution_add_relu,global=8192,local=256,](@260,@254,@259,@261) -> float_type, {1, 512, 7, 7}, {25088, 49, 7, 1}, target_id=0
@263 = broadcast[axis=1,out_lens={1, 512, 7, 7}](@256) -> float_type, {1, 512, 7, 7}, {0, 1, 0, 0}, target_id=0
@264 = load[offset=0,end=100352](@1) -> float_type, {1, 512, 7, 7}, {25088, 49, 7, 1}, target_id=0
@265 = gpu::miopen_fusion[ops={{op=convolution[padding={1, 1, 1, 1},stride={1, 1},dilation={1, 1},group=1,padding_mode=0],alpha=1,beta=0}, {op=add,alpha=1,beta=0}, {op=relu,alpha=1,beta=0}}](@262,@257,@263,@264) -> float_type, {1, 512, 7, 7}, {25088, 49, 7, 1}, target_id=0
@266 = load[offset=0,end=0](@1) -> int8_type, {0}, {1}, target_id=0
@267 = load[offset=903168,end=1304576](@1) -> float_type, {1, 2048, 7, 7}, {100352, 49, 7, 1}, target_id=0
@268 = gpu::convolution[op={padding={0, 0, 0, 0},stride={1, 1},dilation={1, 1},group=1,padding_mode=0},solution_object={binary_object: 455},algo=0,solution_id=0](@265,@255,@266,@267) -> float_type, {1, 2048, 7, 7}, {100352, 49, 7, 1}, target_id=0
@269 = hip::hip_copy_literal[id=main:@literal:0] -> float_type, {1, 1000}, {1000, 1}, target_id=0
@270 = hip::hip_copy_literal[id=main:@literal:10] -> float_type, {2048}, {1}, target_id=0
@271 = hip::hip_copy_literal[id=main:@literal:1] -> float_type, {2048, 1000}, {1000, 1}, target_id=0
@272 = broadcast[axis=1,out_lens={1, 2048, 7, 7}](@270) -> float_type, {1, 2048, 7, 7}, {0, 1, 0, 0}, target_id=0
@273 = load[offset=0,end=8192](@1) -> float_type, {1, 2048, 1, 1}, {2048, 1, 1, 1}, target_id=0
@274 = gpu::code_object[code_object=4024,symbol_name=add_add_relu_reduce_mean_kernel,global=131072,local=64,](@268,@272,@254,@273) -> float_type, {1, 2048, 1, 1}, {2048, 1, 1, 1}, target_id=0
main:#output_0 = @param:main:#output_0 -> float_type, {1, 1000}, {1000, 1}, target_id=0
@276 = flatten[axis=1](@274) -> float_type, {1, 2048}, {2048, 1}, target_id=0
@277 = gpu::gemm[alpha=1,beta=1,compute_fp32=1,trans_batch=0,solution_idx=0](@276,@271,@269,main:#output_0) -> float_type, {1, 1000}, {1000, 1}, target_id=0
@278 = @return(@277), target_id=0


Allocating params ... 
Running performance report ... 
@0 = check_context::migraphx::gpu::context -> float_type, {}, {}, target_id=0: 0.0010821ms, 1%
@1 = hip::hip_allocate_memory[shape=int8_type, {9633792}, {1},id=main:scratch] -> int8_type, {9633792}, {1}, target_id=0: 0.00107372ms, 1%
@2 = hip::hip_copy_literal[id=main:@literal:98] -> float_type, {64}, {1}, target_id=0: 0.0007961ms, 1%
@3 = hip::hip_copy_literal[id=main:@literal:99] -> float_type, {64, 3, 7, 7}, {147, 49, 7, 1}, target_id=0: 0.00059146ms, 1%
@4 = load[offset=3211264,end=6422528](@1) -> float_type, {1, 64, 112, 112}, {802816, 12544, 112, 1}, target_id=0: 0.00084148ms, 1%
@5 = broadcast[axis=1,out_lens={1, 64, 112, 112}](@2) -> float_type, {1, 64, 112, 112}, {0, 1, 0, 0}, target_id=0: 0.00100806ms, 1%
input.1 = @param:input.1 -> float_type, {1, 3, 224, 224}, {150528, 50176, 224, 1}, target_id=0: 0.00056792ms, 1%
@7 = gpu::code_object[code_object=5656,symbol_name=mlir_convolution_add_relu,global=50176,local=256,](@5,input.1,@3,@4) -> float_type, {1, 64, 112, 112}, {802816, 12544, 112, 1}, target_id=0: 0.0405473ms, 2%
@8 = load[offset=2408448,end=3211264](@1) -> float_type, {1, 64, 56, 56}, {200704, 3136, 56, 1}, target_id=0: 0.00082218ms, 1%
@9 = gpu::pooling[mode=max,padding={1, 1, 1, 1},padding_mode=0,stride={2, 2},lengths={3, 3},ceil_mode=0,lp_order=2,dyn_global=0](@7,@8) -> float_type, {1, 64, 56, 56}, {200704, 3136, 56, 1}, target_id=0: 0.060784ms, 3%
@10 = hip::hip_copy_literal[id=main:@literal:96] -> float_type, {64}, {1}, target_id=0: 0.00083212ms, 1%
@11 = hip::hip_copy_literal[id=main:@literal:97] -> float_type, {64, 64, 1, 1}, {64, 1, 1, 1}, target_id=0: 0.00078726ms, 1%
@12 = broadcast[axis=1,out_lens={1, 64, 56, 56}](@10) -> float_type, {1, 64, 56, 56}, {0, 1, 0, 0}, target_id=0: 0.00100422ms, 1%
@13 = load[offset=802816,end=1605632](@1) -> float_type, {1, 64, 56, 56}, {200704, 3136, 56, 1}, target_id=0: 0.00074502ms, 1%
@14 = gpu::code_object[code_object=4152,symbol_name=mlir_convolution_add_relu,global=50176,local=256,](@12,@9,@11,@13) -> float_type, {1, 64, 56, 56}, {200704, 3136, 56, 1}, target_id=0: 0.020077ms, 1%
@15 = hip::hip_copy_literal[id=main:@literal:94] -> float_type, {64}, {1}, target_id=0: 0.00080948ms, 1%
@16 = hip::hip_copy_literal[id=main:@literal:95] -> float_type, {64, 64, 3, 3}, {576, 9, 3, 1}, target_id=0: 0.00060986ms, 1%
@17 = broadcast[axis=1,out_lens={1, 64, 56, 56}](@15) -> float_type, {1, 64, 56, 56}, {0, 1, 0, 0}, target_id=0: 0.00095426ms, 1%
@18 = load[offset=0,end=802816](@1) -> float_type, {1, 64, 56, 56}, {200704, 3136, 56, 1}, target_id=0: 0.0006762ms, 1%
@19 = gpu::miopen_fusion[ops={{op=convolution[padding={1, 1, 1, 1},stride={1, 1},dilation={1, 1},group=1,padding_mode=0],alpha=1,beta=0}, {op=add,alpha=1,beta=0}, {op=relu,alpha=1,beta=0}}](@14,@16,@17,@18) -> float_type, {1, 64, 56, 56}, {200704, 3136, 56, 1}, target_id=0: 0.0526909ms, 2%
@20 = load[offset=3211264,end=4816896](@1) -> float_type, {1, 128, 56, 56}, {401408, 3136, 56, 1}, target_id=0: 0.00086188ms, 1%
@21 = gpu::code_object[code_object=3800,symbol_name=concat_kernel,global=100352,local=1024,](@19,@9,@20) -> float_type, {1, 128, 56, 56}, {401408, 3136, 56, 1}, target_id=0: 0.0196887ms, 1%
@22 = hip::hip_copy_literal[id=main:@literal:4] -> float_type, {256, 128, 1, 1}, {128, 1, 1, 1}, target_id=0: 0.0008393ms, 1%
@23 = hip::hip_copy_literal[id=main:@literal:2] -> float_type, {256}, {1}, target_id=0: 0.00055202ms, 1%
@24 = load[offset=6422528,end=9633792](@1) -> float_type, {1, 256, 56, 56}, {802816, 3136, 56, 1}, target_id=0: 0.00086506ms, 1%
@25 = broadcast[axis=1,out_lens={1, 256, 56, 56}](@23) -> float_type, {1, 256, 56, 56}, {0, 1, 0, 0}, target_id=0: 0.00080146ms, 1%
@26 = gpu::code_object[code_object=6768,symbol_name=mlir_convolution_add_relu,global=50176,local=256,](@25,@21,@22,@24) -> float_type, {1, 256, 56, 56}, {802816, 3136, 56, 1}, target_id=0: 0.0302717ms, 2%
@27 = hip::hip_copy_literal[id=main:@literal:92] -> float_type, {64}, {1}, target_id=0: 0.00079556ms, 1%
@28 = hip::hip_copy_literal[id=main:@literal:93] -> float_type, {64, 256, 1, 1}, {256, 1, 1, 1}, target_id=0: 0.00058886ms, 1%
@29 = load[offset=802816,end=1605632](@1) -> float_type, {1, 64, 56, 56}, {200704, 3136, 56, 1}, target_id=0: 0.00070232ms, 1%
@30 = broadcast[axis=1,out_lens={1, 64, 56, 56}](@27) -> float_type, {1, 64, 56, 56}, {0, 1, 0, 0}, target_id=0: 0.00090188ms, 1%
@31 = gpu::code_object[code_object=5960,symbol_name=mlir_convolution_add_relu,global=50176,local=256,](@30,@26,@28,@29) -> float_type, {1, 64, 56, 56}, {200704, 3136, 56, 1}, target_id=0: 0.0259806ms, 1%
@32 = hip::hip_copy_literal[id=main:@literal:90] -> float_type, {64}, {1}, target_id=0: 0.00075722ms, 1%
@33 = hip::hip_copy_literal[id=main:@literal:91] -> float_type, {64, 64, 3, 3}, {576, 9, 3, 1}, target_id=0: 0.00061332ms, 1%
@34 = broadcast[axis=1,out_lens={1, 64, 56, 56}](@32) -> float_type, {1, 64, 56, 56}, {0, 1, 0, 0}, target_id=0: 0.00086042ms, 1%
@35 = load[offset=0,end=802816](@1) -> float_type, {1, 64, 56, 56}, {200704, 3136, 56, 1}, target_id=0: 0.00066194ms, 1%
@36 = gpu::miopen_fusion[ops={{op=convolution[padding={1, 1, 1, 1},stride={1, 1},dilation={1, 1},group=1,padding_mode=0],alpha=1,beta=0}, {op=add,alpha=1,beta=0}, {op=relu,alpha=1,beta=0}}](@31,@33,@34,@35) -> float_type, {1, 64, 56, 56}, {200704, 3136, 56, 1}, target_id=0: 0.0437024ms, 2%
@37 = hip::hip_copy_literal[id=main:@literal:88] -> float_type, {256}, {1}, target_id=0: 0.00078244ms, 1%
@38 = hip::hip_copy_literal[id=main:@literal:89] -> float_type, {256, 64, 1, 1}, {64, 1, 1, 1}, target_id=0: 0.00060246ms, 1%
@39 = broadcast[axis=1,out_lens={1, 256, 56, 56}](@37) -> float_type, {1, 256, 56, 56}, {0, 1, 0, 0}, target_id=0: 0.00088ms, 1%
@40 = load[offset=3211264,end=6422528](@1) -> float_type, {1, 256, 56, 56}, {802816, 3136, 56, 1}, target_id=0: 0.00069436ms, 1%
@41 = gpu::code_object[code_object=4264,symbol_name=mlir_convolution_add_add_relu,global=200704,local=256,](@39,@26,@36,@38,@40) -> float_type, {1, 256, 56, 56}, {802816, 3136, 56, 1}, target_id=0: 0.027079ms, 1%
@42 = hip::hip_copy_literal[id=main:@literal:86] -> float_type, {64}, {1}, target_id=0: 0.0007647ms, 1%
@43 = hip::hip_copy_literal[id=main:@literal:87] -> float_type, {64, 256, 1, 1}, {256, 1, 1, 1}, target_id=0: 0.00061512ms, 1%
@44 = broadcast[axis=1,out_lens={1, 64, 56, 56}](@42) -> float_type, {1, 64, 56, 56}, {0, 1, 0, 0}, target_id=0: 0.00086476ms, 1%
@45 = load[offset=0,end=802816](@1) -> float_type, {1, 64, 56, 56}, {200704, 3136, 56, 1}, target_id=0: 0.00066346ms, 1%
@46 = gpu::code_object[code_object=5960,symbol_name=mlir_convolution_add_relu,global=50176,local=256,](@44,@41,@43,@45) -> float_type, {1, 64, 56, 56}, {200704, 3136, 56, 1}, target_id=0: 0.0263168ms, 1%
@47 = hip::hip_copy_literal[id=main:@literal:84] -> float_type, {64}, {1}, target_id=0: 0.00075008ms, 1%
@48 = hip::hip_copy_literal[id=main:@literal:85] -> float_type, {64, 64, 3, 3}, {576, 9, 3, 1}, target_id=0: 0.00062732ms, 1%
@49 = broadcast[axis=1,out_lens={1, 64, 56, 56}](@47) -> float_type, {1, 64, 56, 56}, {0, 1, 0, 0}, target_id=0: 0.00083676ms, 1%
@50 = load[offset=6422528,end=7225344](@1) -> float_type, {1, 64, 56, 56}, {200704, 3136, 56, 1}, target_id=0: 0.00063644ms, 1%
@51 = gpu::miopen_fusion[ops={{op=convolution[padding={1, 1, 1, 1},stride={1, 1},dilation={1, 1},group=1,padding_mode=0],alpha=1,beta=0}, {op=add,alpha=1,beta=0}, {op=relu,alpha=1,beta=0}}](@46,@48,@49,@50) -> float_type, {1, 64, 56, 56}, {200704, 3136, 56, 1}, target_id=0: 0.0444319ms, 2%
@52 = hip::hip_copy_literal[id=main:@literal:82] -> float_type, {256}, {1}, target_id=0: 0.00078822ms, 1%
@53 = hip::hip_copy_literal[id=main:@literal:83] -> float_type, {256, 64, 1, 1}, {64, 1, 1, 1}, target_id=0: 0.00060032ms, 1%
@54 = broadcast[axis=1,out_lens={1, 256, 56, 56}](@52) -> float_type, {1, 256, 56, 56}, {0, 1, 0, 0}, target_id=0: 0.00085202ms, 1%
@55 = load[offset=0,end=3211264](@1) -> float_type, {1, 256, 56, 56}, {802816, 3136, 56, 1}, target_id=0: 0.00068814ms, 1%
@56 = gpu::code_object[code_object=4264,symbol_name=mlir_convolution_add_add_relu,global=200704,local=256,](@54,@41,@51,@53,@55) -> float_type, {1, 256, 56, 56}, {802816, 3136, 56, 1}, target_id=0: 0.0268651ms, 1%
@57 = hip::hip_copy_literal[id=main:@literal:79] -> float_type, {128, 128, 3, 3}, {1152, 9, 3, 1}, target_id=0: 0.0007773ms, 1%
@58 = hip::hip_copy_literal[id=main:@literal:80] -> float_type, {128}, {1}, target_id=0: 0.00059762ms, 1%
@59 = hip::hip_copy_literal[id=main:@literal:81] -> float_type, {128, 256, 1, 1}, {256, 1, 1, 1}, target_id=0: 0.00073916ms, 1%
@60 = broadcast[axis=1,out_lens={1, 128, 56, 56}](@58) -> float_type, {1, 128, 56, 56}, {0, 1, 0, 0}, target_id=0: 0.00085028ms, 1%
@61 = load[offset=3612672,end=5218304](@1) -> float_type, {1, 128, 56, 56}, {401408, 3136, 56, 1}, target_id=0: 0.00065218ms, 1%
@62 = gpu::code_object[code_object=5360,symbol_name=mlir_convolution_add_relu,global=25088,local=128,](@60,@56,@59,@61) -> float_type, {1, 128, 56, 56}, {401408, 3136, 56, 1}, target_id=0: 0.0344833ms, 2%
@63 = load[offset=0,end=0](@1) -> int8_type, {0}, {1}, target_id=0: 0.00082122ms, 1%
@64 = load[offset=3211264,end=3612672](@1) -> float_type, {1, 128, 28, 28}, {100352, 784, 28, 1}, target_id=0: 0.0006296ms, 1%
@65 = gpu::convolution[op={padding={1, 1, 1, 1},stride={2, 2},dilation={1, 1},group=1,padding_mode=0},solution_object={binary_object: 457},algo=0,solution_id=0](@62,@57,@63,@64) -> float_type, {1, 128, 28, 28}, {100352, 784, 28, 1}, target_id=0: 0.0628544ms, 3%
@66 = hip::hip_copy_literal[id=main:@literal:6] -> float_type, {512, 384, 1, 1}, {384, 1, 1, 1}, target_id=0: 0.0008495ms, 1%
@67 = hip::hip_copy_literal[id=main:@literal:78] -> float_type, {128}, {1}, target_id=0: 0.0006386ms, 1%
@68 = broadcast[axis=1,out_lens={1, 128, 28, 28}](@67) -> float_type, {1, 128, 28, 28}, {0, 1, 0, 0}, target_id=0: 0.00094414ms, 1%
@69 = load[offset=4415488,end=4816896](@1) -> float_type, {1, 128, 28, 28}, {100352, 784, 28, 1}, target_id=0: 0.00071148ms, 1%
@70 = gpu::code_object[code_object=3832,symbol_name=add_relu_kernel,global=50176,local=1024,](@65,@68,@69) -> float_type, {1, 128, 28, 28}, {100352, 784, 28, 1}, target_id=0: 0.0177965ms, 1%
@71 = step[axes={2, 3},steps={2, 2}](@56) -> float_type, {1, 256, 28, 28}, {802816, 3136, 112, 2}, target_id=0: 0.00135276ms, 1%
@72 = load[offset=3211264,end=4415488](@1) -> float_type, {1, 384, 28, 28}, {301056, 784, 28, 1}, target_id=0: 0.00066882ms, 1%
@73 = gpu::code_object[code_object=4048,symbol_name=concat_kernel,global=150528,local=1024,](@70,@71,@72) -> float_type, {1, 384, 28, 28}, {301056, 784, 28, 1}, target_id=0: 0.0198585ms, 1%
@74 = hip::hip_copy_literal[id=main:@literal:5] -> float_type, {512}, {1}, target_id=0: 0.00076294ms, 1%
@75 = broadcast[axis=1,out_lens={1, 512, 28, 28}](@74) -> float_type, {1, 512, 28, 28}, {0, 1, 0, 0}, target_id=0: 0.00087506ms, 1%
@76 = load[offset=4415488,end=6021120](@1) -> float_type, {1, 512, 28, 28}, {401408, 784, 28, 1}, target_id=0: 0.00064448ms, 1%
@77 = gpu::code_object[code_object=5712,symbol_name=mlir_convolution_add_relu,global=26624,local=256,](@75,@73,@66,@76) -> float_type, {1, 512, 28, 28}, {401408, 784, 28, 1}, target_id=0: 0.0371624ms, 2%
@78 = hip::hip_copy_literal[id=main:@literal:76] -> float_type, {128}, {1}, target_id=0: 0.0007581ms, 1%
@79 = hip::hip_copy_literal[id=main:@literal:77] -> float_type, {128, 512, 1, 1}, {512, 1, 1, 1}, target_id=0: 0.00060494ms, 1%
@80 = load[offset=802816,end=1204224](@1) -> float_type, {1, 128, 28, 28}, {100352, 784, 28, 1}, target_id=0: 0.00068078ms, 1%
@81 = broadcast[axis=1,out_lens={1, 128, 28, 28}](@78) -> float_type, {1, 128, 28, 28}, {0, 1, 0, 0}, target_id=0: 0.00088012ms, 1%
@82 = gpu::code_object[code_object=4960,symbol_name=mlir_convolution_add_relu,global=25600,local=256,](@81,@77,@79,@80) -> float_type, {1, 128, 28, 28}, {100352, 784, 28, 1}, target_id=0: 0.0281468ms, 2%
@83 = hip::hip_copy_literal[id=main:@literal:74] -> float_type, {128}, {1}, target_id=0: 0.00077316ms, 1%
@84 = hip::hip_copy_literal[id=main:@literal:75] -> float_type, {128, 128, 3, 3}, {1152, 9, 3, 1}, target_id=0: 0.0006231ms, 1%
@85 = broadcast[axis=1,out_lens={1, 128, 28, 28}](@83) -> float_type, {1, 128, 28, 28}, {0, 1, 0, 0}, target_id=0: 0.00086042ms, 1%
@86 = load[offset=401408,end=802816](@1) -> float_type, {1, 128, 28, 28}, {100352, 784, 28, 1}, target_id=0: 0.00067552ms, 1%
@87 = gpu::miopen_fusion[ops={{op=convolution[padding={1, 1, 1, 1},stride={1, 1},dilation={1, 1},group=1,padding_mode=0],alpha=1,beta=0}, {op=add,alpha=1,beta=0}, {op=relu,alpha=1,beta=0}}](@82,@84,@85,@86) -> float_type, {1, 128, 28, 28}, {100352, 784, 28, 1}, target_id=0: 0.0592442ms, 3%
@88 = hip::hip_copy_literal[id=main:@literal:72] -> float_type, {512}, {1}, target_id=0: 0.00075ms, 1%
@89 = hip::hip_copy_literal[id=main:@literal:73] -> float_type, {512, 128, 1, 1}, {128, 1, 1, 1}, target_id=0: 0.00056624ms, 1%
@90 = broadcast[axis=1,out_lens={1, 512, 28, 28}](@88) -> float_type, {1, 512, 28, 28}, {0, 1, 0, 0}, target_id=0: 0.00089752ms, 1%
@91 = load[offset=1204224,end=2809856](@1) -> float_type, {1, 512, 28, 28}, {401408, 784, 28, 1}, target_id=0: 0.0007142ms, 1%
@92 = gpu::code_object[code_object=5464,symbol_name=mlir_convolution_add_add_relu,global=26624,local=256,](@90,@77,@87,@89,@91) -> float_type, {1, 512, 28, 28}, {401408, 784, 28, 1}, target_id=0: 0.0299478ms, 2%
@93 = hip::hip_copy_literal[id=main:@literal:70] -> float_type, {128}, {1}, target_id=0: 0.0007391ms, 1%
@94 = hip::hip_copy_literal[id=main:@literal:71] -> float_type, {128, 512, 1, 1}, {512, 1, 1, 1}, target_id=0: 0.00061614ms, 1%
@95 = broadcast[axis=1,out_lens={1, 128, 28, 28}](@93) -> float_type, {1, 128, 28, 28}, {0, 1, 0, 0}, target_id=0: 0.00085788ms, 1%
@96 = load[offset=802816,end=1204224](@1) -> float_type, {1, 128, 28, 28}, {100352, 784, 28, 1}, target_id=0: 0.00066656ms, 1%
@97 = gpu::code_object[code_object=4960,symbol_name=mlir_convolution_add_relu,global=25600,local=256,](@95,@92,@94,@96) -> float_type, {1, 128, 28, 28}, {100352, 784, 28, 1}, target_id=0: 0.0283799ms, 2%
@98 = hip::hip_copy_literal[id=main:@literal:68] -> float_type, {128}, {1}, target_id=0: 0.00072906ms, 1%
@99 = hip::hip_copy_literal[id=main:@literal:69] -> float_type, {128, 128, 3, 3}, {1152, 9, 3, 1}, target_id=0: 0.00063142ms, 1%
@100 = broadcast[axis=1,out_lens={1, 128, 28, 28}](@98) -> float_type, {1, 128, 28, 28}, {0, 1, 0, 0}, target_id=0: 0.00087458ms, 1%
@101 = load[offset=401408,end=802816](@1) -> float_type, {1, 128, 28, 28}, {100352, 784, 28, 1}, target_id=0: 0.0006863ms, 1%
@102 = gpu::miopen_fusion[ops={{op=convolution[padding={1, 1, 1, 1},stride={1, 1},dilation={1, 1},group=1,padding_mode=0],alpha=1,beta=0}, {op=add,alpha=1,beta=0}, {op=relu,alpha=1,beta=0}}](@97,@99,@100,@101) -> float_type, {1, 128, 28, 28}, {100352, 784, 28, 1}, target_id=0: 0.0575486ms, 3%
@103 = hip::hip_copy_literal[id=main:@literal:66] -> float_type, {512}, {1}, target_id=0: 0.00079328ms, 1%
@104 = hip::hip_copy_literal[id=main:@literal:67] -> float_type, {512, 128, 1, 1}, {128, 1, 1, 1}, target_id=0: 0.00058446ms, 1%
@105 = broadcast[axis=1,out_lens={1, 512, 28, 28}](@103) -> float_type, {1, 512, 28, 28}, {0, 1, 0, 0}, target_id=0: 0.00090376ms, 1%
@106 = load[offset=5771264,end=7376896](@1) -> float_type, {1, 512, 28, 28}, {401408, 784, 28, 1}, target_id=0: 0.00071122ms, 1%
@107 = gpu::code_object[code_object=5464,symbol_name=mlir_convolution_add_add_relu,global=26624,local=256,](@105,@92,@102,@104,@106) -> float_type, {1, 512, 28, 28}, {401408, 784, 28, 1}, target_id=0: 0.0300664ms, 2%
@108 = hip::hip_copy_literal[id=main:@literal:64] -> float_type, {128}, {1}, target_id=0: 0.00071486ms, 1%
@109 = hip::hip_copy_literal[id=main:@literal:65] -> float_type, {128, 512, 1, 1}, {512, 1, 1, 1}, target_id=0: 0.00058278ms, 1%
@110 = broadcast[axis=1,out_lens={1, 128, 28, 28}](@108) -> float_type, {1, 128, 28, 28}, {0, 1, 0, 0}, target_id=0: 0.00083078ms, 1%
@111 = load[offset=401408,end=802816](@1) -> float_type, {1, 128, 28, 28}, {100352, 784, 28, 1}, target_id=0: 0.00068454ms, 1%
@112 = gpu::code_object[code_object=4960,symbol_name=mlir_convolution_add_relu,global=25600,local=256,](@110,@107,@109,@111) -> float_type, {1, 128, 28, 28}, {100352, 784, 28, 1}, target_id=0: 0.0285018ms, 2%
@113 = hip::hip_copy_literal[id=main:@literal:62] -> float_type, {128}, {1}, target_id=0: 0.00073082ms, 1%
@114 = hip::hip_copy_literal[id=main:@literal:63] -> float_type, {128, 128, 3, 3}, {1152, 9, 3, 1}, target_id=0: 0.00067024ms, 1%
@115 = broadcast[axis=1,out_lens={1, 128, 28, 28}](@113) -> float_type, {1, 128, 28, 28}, {0, 1, 0, 0}, target_id=0: 0.00085034ms, 1%
@116 = load[offset=0,end=401408](@1) -> float_type, {1, 128, 28, 28}, {100352, 784, 28, 1}, target_id=0: 0.00070912ms, 1%
@117 = gpu::miopen_fusion[ops={{op=convolution[padding={1, 1, 1, 1},stride={1, 1},dilation={1, 1},group=1,padding_mode=0],alpha=1,beta=0}, {op=add,alpha=1,beta=0}, {op=relu,alpha=1,beta=0}}](@112,@114,@115,@116) -> float_type, {1, 128, 28, 28}, {100352, 784, 28, 1}, target_id=0: 0.059399ms, 3%
@118 = hip::hip_copy_literal[id=main:@literal:60] -> float_type, {512}, {1}, target_id=0: 0.00075222ms, 1%
@119 = hip::hip_copy_literal[id=main:@literal:61] -> float_type, {512, 128, 1, 1}, {128, 1, 1, 1}, target_id=0: 0.00054188ms, 1%
@120 = broadcast[axis=1,out_lens={1, 512, 28, 28}](@118) -> float_type, {1, 512, 28, 28}, {0, 1, 0, 0}, target_id=0: 0.00089578ms, 1%
@121 = load[offset=4165632,end=5771264](@1) -> float_type, {1, 512, 28, 28}, {401408, 784, 28, 1}, target_id=0: 0.00069642ms, 1%
@122 = gpu::code_object[code_object=5464,symbol_name=mlir_convolution_add_add_relu,global=26624,local=256,](@120,@107,@117,@119,@121) -> float_type, {1, 512, 28, 28}, {401408, 784, 28, 1}, target_id=0: 0.0302224ms, 2%
@123 = hip::hip_copy_literal[id=main:@literal:58] -> float_type, {256}, {1}, target_id=0: 0.00079896ms, 1%
@124 = hip::hip_copy_literal[id=main:@literal:59] -> float_type, {256, 512, 1, 1}, {512, 1, 1, 1}, target_id=0: 0.00057136ms, 1%
@125 = broadcast[axis=1,out_lens={1, 256, 28, 28}](@123) -> float_type, {1, 256, 28, 28}, {0, 1, 0, 0}, target_id=0: 0.00085504ms, 1%
@126 = load[offset=0,end=802816](@1) -> float_type, {1, 256, 28, 28}, {200704, 784, 28, 1}, target_id=0: 0.00067544ms, 1%
@127 = gpu::code_object[code_object=4984,symbol_name=mlir_convolution_add_relu,global=51200,local=256,](@125,@122,@124,@126) -> float_type, {1, 256, 28, 28}, {200704, 784, 28, 1}, target_id=0: 0.0322039ms, 2%
@128 = hip::hip_copy_literal[id=main:@literal:57] -> float_type, {256, 256, 3, 3}, {2304, 9, 3, 1}, target_id=0: 0.00075032ms, 1%
@129 = load[offset=5971968,end=9334784](@1) -> int8_type, {3362816}, {1}, target_id=0: 0.0006751ms, 1%
@130 = load[offset=5771264,end=5971968](@1) -> float_type, {1, 256, 14, 14}, {50176, 196, 14, 1}, target_id=0: 0.00062744ms, 1%
@131 = gpu::convolution[op={padding={1, 1, 1, 1},stride={2, 2},dilation={1, 1},group=1,padding_mode=0},solution_object={binary_object: 556},algo=0,solution_id=0](@127,@128,@129,@130) -> float_type, {1, 256, 14, 14}, {50176, 196, 14, 1}, target_id=0: 0.0773623ms, 3%
@132 = hip::hip_copy_literal[id=main:@literal:3] -> float_type, {1024}, {1}, target_id=0: 0.00081798ms, 1%
@133 = hip::hip_copy_literal[id=main:@literal:56] -> float_type, {256}, {1}, target_id=0: 0.00058456ms, 1%
@134 = broadcast[axis=1,out_lens={1, 256, 14, 14}](@133) -> float_type, {1, 256, 14, 14}, {0, 1, 0, 0}, target_id=0: 0.00100394ms, 1%
@135 = load[offset=0,end=200704](@1) -> float_type, {1, 256, 14, 14}, {50176, 196, 14, 1}, target_id=0: 0.00071752ms, 1%
@136 = gpu::code_object[code_object=3832,symbol_name=add_relu_kernel,global=25088,local=1024,](@131,@134,@135) -> float_type, {1, 256, 14, 14}, {50176, 196, 14, 1}, target_id=0: 0.0177747ms, 1%
@137 = hip::hip_copy_literal[id=main:@literal:7] -> float_type, {1024, 768, 1, 1}, {768, 1, 1, 1}, target_id=0: 0.00071744ms, 1%
@138 = step[axes={2, 3},steps={2, 2}](@122) -> float_type, {1, 512, 14, 14}, {401408, 784, 56, 2}, target_id=0: 0.0010633ms, 1%
@139 = load[offset=1003520,end=1605632](@1) -> float_type, {1, 768, 14, 14}, {150528, 196, 14, 1}, target_id=0: 0.00068878ms, 1%
@140 = gpu::code_object[code_object=3808,symbol_name=concat_kernel,global=75264,local=1024,](@136,@138,@139) -> float_type, {1, 768, 14, 14}, {150528, 196, 14, 1}, target_id=0: 0.0188789ms, 1%
@141 = load[offset=200704,end=1003520](@1) -> float_type, {1, 1024, 14, 14}, {200704, 196, 14, 1}, target_id=0: 0.00076188ms, 1%
@142 = broadcast[axis=1,out_lens={1, 1024, 14, 14}](@132) -> float_type, {1, 1024, 14, 14}, {0, 1, 0, 0}, target_id=0: 0.00083872ms, 1%
@143 = gpu::code_object[code_object=4496,symbol_name=mlir_convolution_add_relu,global=57344,local=256,](@142,@140,@137,@141) -> float_type, {1, 1024, 14, 14}, {200704, 196, 14, 1}, target_id=0: 0.03936ms, 2%
@144 = hip::hip_copy_literal[id=main:@literal:50] -> float_type, {1024}, {1}, target_id=0: 0.00077682ms, 1%
@145 = hip::hip_copy_literal[id=main:@literal:51] -> float_type, {1024, 256, 1, 1}, {256, 1, 1, 1}, target_id=0: 0.00077044ms, 1%
@146 = hip::hip_copy_literal[id=main:@literal:52] -> float_type, {256}, {1}, target_id=0: 0.0005839ms, 1%
@147 = hip::hip_copy_literal[id=main:@literal:53] -> float_type, {256, 256, 3, 3}, {2304, 9, 3, 1}, target_id=0: 0.00068368ms, 1%
@148 = hip::hip_copy_literal[id=main:@literal:54] -> float_type, {256}, {1}, target_id=0: 0.00061308ms, 1%
@149 = hip::hip_copy_literal[id=main:@literal:55] -> float_type, {256, 1024, 1, 1}, {1024, 1, 1, 1}, target_id=0: 0.00063616ms, 1%
@150 = broadcast[axis=1,out_lens={1, 256, 14, 14}](@148) -> float_type, {1, 256, 14, 14}, {0, 1, 0, 0}, target_id=0: 0.00084004ms, 1%
@151 = load[offset=1204224,end=1404928](@1) -> float_type, {1, 256, 14, 14}, {50176, 196, 14, 1}, target_id=0: 0.00068252ms, 1%
@152 = gpu::code_object[code_object=5272,symbol_name=mlir_convolution_add_relu,global=14336,local=128,](@150,@143,@149,@151) -> float_type, {1, 256, 14, 14}, {50176, 196, 14, 1}, target_id=0: 0.0340563ms, 2%
@153 = broadcast[axis=1,out_lens={1, 256, 14, 14}](@146) -> float_type, {1, 256, 14, 14}, {0, 1, 0, 0}, target_id=0: 0.00088916ms, 1%
@154 = load[offset=1003520,end=1204224](@1) -> float_type, {1, 256, 14, 14}, {50176, 196, 14, 1}, target_id=0: 0.00066364ms, 1%
@155 = gpu::miopen_fusion[ops={{op=convolution[padding={1, 1, 1, 1},stride={1, 1},dilation={1, 1},group=1,padding_mode=0],alpha=1,beta=0}, {op=add,alpha=1,beta=0}, {op=relu,alpha=1,beta=0}}](@152,@147,@153,@154) -> float_type, {1, 256, 14, 14}, {50176, 196, 14, 1}, target_id=0: 0.0853276ms, 4%
@156 = broadcast[axis=1,out_lens={1, 1024, 14, 14}](@144) -> float_type, {1, 1024, 14, 14}, {0, 1, 0, 0}, target_id=0: 0.00106184ms, 1%
@157 = load[offset=2207744,end=3010560](@1) -> float_type, {1, 1024, 14, 14}, {200704, 196, 14, 1}, target_id=0: 0.00069806ms, 1%
@158 = gpu::code_object[code_object=6240,symbol_name=mlir_convolution_add_add_relu,global=57344,local=256,](@156,@143,@155,@145,@157) -> float_type, {1, 1024, 14, 14}, {200704, 196, 14, 1}, target_id=0: 0.0265762ms, 1%
@159 = hip::hip_copy_literal[id=main:@literal:38] -> float_type, {1024}, {1}, target_id=0: 0.00076214ms, 1%
@160 = hip::hip_copy_literal[id=main:@literal:39] -> float_type, {1024, 256, 1, 1}, {256, 1, 1, 1}, target_id=0: 0.00059524ms, 1%
@161 = hip::hip_copy_literal[id=main:@literal:40] -> float_type, {256}, {1}, target_id=0: 0.00065342ms, 1%
@162 = hip::hip_copy_literal[id=main:@literal:41] -> float_type, {256, 256, 3, 3}, {2304, 9, 3, 1}, target_id=0: 0.00056644ms, 1%
@163 = hip::hip_copy_literal[id=main:@literal:42] -> float_type, {256}, {1}, target_id=0: 0.0006398ms, 1%
@164 = hip::hip_copy_literal[id=main:@literal:43] -> float_type, {256, 1024, 1, 1}, {1024, 1, 1, 1}, target_id=0: 0.00060378ms, 1%
@165 = hip::hip_copy_literal[id=main:@literal:44] -> float_type, {1024}, {1}, target_id=0: 0.00061296ms, 1%
@166 = hip::hip_copy_literal[id=main:@literal:45] -> float_type, {1024, 256, 1, 1}, {256, 1, 1, 1}, target_id=0: 0.00064322ms, 1%
@167 = hip::hip_copy_literal[id=main:@literal:46] -> float_type, {256}, {1}, target_id=0: 0.00057102ms, 1%
@168 = hip::hip_copy_literal[id=main:@literal:47] -> float_type, {256, 256, 3, 3}, {2304, 9, 3, 1}, target_id=0: 0.00059016ms, 1%
@169 = hip::hip_copy_literal[id=main:@literal:48] -> float_type, {256}, {1}, target_id=0: 0.00064642ms, 1%
@170 = hip::hip_copy_literal[id=main:@literal:49] -> float_type, {256, 1024, 1, 1}, {1024, 1, 1, 1}, target_id=0: 0.00062652ms, 1%
@171 = broadcast[axis=1,out_lens={1, 256, 14, 14}](@169) -> float_type, {1, 256, 14, 14}, {0, 1, 0, 0}, target_id=0: 0.00083412ms, 1%
@172 = load[offset=200704,end=401408](@1) -> float_type, {1, 256, 14, 14}, {50176, 196, 14, 1}, target_id=0: 0.00066724ms, 1%
@173 = gpu::code_object[code_object=5272,symbol_name=mlir_convolution_add_relu,global=14336,local=128,](@171,@158,@170,@172) -> float_type, {1, 256, 14, 14}, {50176, 196, 14, 1}, target_id=0: 0.0366895ms, 2%
@174 = broadcast[axis=1,out_lens={1, 256, 14, 14}](@167) -> float_type, {1, 256, 14, 14}, {0, 1, 0, 0}, target_id=0: 0.000864ms, 1%
@175 = load[offset=0,end=200704](@1) -> float_type, {1, 256, 14, 14}, {50176, 196, 14, 1}, target_id=0: 0.00067398ms, 1%
@176 = gpu::miopen_fusion[ops={{op=convolution[padding={1, 1, 1, 1},stride={1, 1},dilation={1, 1},group=1,padding_mode=0],alpha=1,beta=0}, {op=add,alpha=1,beta=0}, {op=relu,alpha=1,beta=0}}](@173,@168,@174,@175) -> float_type, {1, 256, 14, 14}, {50176, 196, 14, 1}, target_id=0: 0.0825002ms, 3%
@177 = broadcast[axis=1,out_lens={1, 1024, 14, 14}](@165) -> float_type, {1, 1024, 14, 14}, {0, 1, 0, 0}, target_id=0: 0.00101536ms, 1%
@178 = load[offset=1404928,end=2207744](@1) -> float_type, {1, 1024, 14, 14}, {200704, 196, 14, 1}, target_id=0: 0.00070126ms, 1%
@179 = gpu::code_object[code_object=6240,symbol_name=mlir_convolution_add_add_relu,global=57344,local=256,](@177,@158,@176,@166,@178) -> float_type, {1, 1024, 14, 14}, {200704, 196, 14, 1}, target_id=0: 0.0264365ms, 1%
@180 = broadcast[axis=1,out_lens={1, 256, 14, 14}](@163) -> float_type, {1, 256, 14, 14}, {0, 1, 0, 0}, target_id=0: 0.00087266ms, 1%
@181 = load[offset=401408,end=602112](@1) -> float_type, {1, 256, 14, 14}, {50176, 196, 14, 1}, target_id=0: 0.00064126ms, 1%
@182 = gpu::code_object[code_object=5272,symbol_name=mlir_convolution_add_relu,global=14336,local=128,](@180,@179,@164,@181) -> float_type, {1, 256, 14, 14}, {50176, 196, 14, 1}, target_id=0: 0.0337078ms, 2%
@183 = broadcast[axis=1,out_lens={1, 256, 14, 14}](@161) -> float_type, {1, 256, 14, 14}, {0, 1, 0, 0}, target_id=0: 0.00085354ms, 1%
@184 = load[offset=200704,end=401408](@1) -> float_type, {1, 256, 14, 14}, {50176, 196, 14, 1}, target_id=0: 0.00067294ms, 1%
@185 = gpu::miopen_fusion[ops={{op=convolution[padding={1, 1, 1, 1},stride={1, 1},dilation={1, 1},group=1,padding_mode=0],alpha=1,beta=0}, {op=add,alpha=1,beta=0}, {op=relu,alpha=1,beta=0}}](@182,@162,@183,@184) -> float_type, {1, 256, 14, 14}, {50176, 196, 14, 1}, target_id=0: 0.0831134ms, 3%
@186 = broadcast[axis=1,out_lens={1, 1024, 14, 14}](@159) -> float_type, {1, 1024, 14, 14}, {0, 1, 0, 0}, target_id=0: 0.00100966ms, 1%
@187 = load[offset=602112,end=1404928](@1) -> float_type, {1, 1024, 14, 14}, {200704, 196, 14, 1}, target_id=0: 0.00069866ms, 1%
@188 = gpu::code_object[code_object=6240,symbol_name=mlir_convolution_add_add_relu,global=57344,local=256,](@186,@179,@185,@160,@187) -> float_type, {1, 1024, 14, 14}, {200704, 196, 14, 1}, target_id=0: 0.0270259ms, 1%
@189 = hip::hip_copy_literal[id=main:@literal:32] -> float_type, {1024}, {1}, target_id=0: 0.00080848ms, 1%
@190 = hip::hip_copy_literal[id=main:@literal:33] -> float_type, {1024, 256, 1, 1}, {256, 1, 1, 1}, target_id=0: 0.00060148ms, 1%
@191 = hip::hip_copy_literal[id=main:@literal:34] -> float_type, {256}, {1}, target_id=0: 0.00063806ms, 1%
@192 = hip::hip_copy_literal[id=main:@literal:35] -> float_type, {256, 256, 3, 3}, {2304, 9, 3, 1}, target_id=0: 0.00061152ms, 1%
@193 = hip::hip_copy_literal[id=main:@literal:36] -> float_type, {256}, {1}, target_id=0: 0.00060754ms, 1%
@194 = hip::hip_copy_literal[id=main:@literal:37] -> float_type, {256, 1024, 1, 1}, {1024, 1, 1, 1}, target_id=0: 0.0006031ms, 1%
@195 = broadcast[axis=1,out_lens={1, 256, 14, 14}](@193) -> float_type, {1, 256, 14, 14}, {0, 1, 0, 0}, target_id=0: 0.00085928ms, 1%
@196 = load[offset=401408,end=602112](@1) -> float_type, {1, 256, 14, 14}, {50176, 196, 14, 1}, target_id=0: 0.00066062ms, 1%
@197 = gpu::code_object[code_object=5272,symbol_name=mlir_convolution_add_relu,global=14336,local=128,](@195,@188,@194,@196) -> float_type, {1, 256, 14, 14}, {50176, 196, 14, 1}, target_id=0: 0.0341073ms, 2%
@198 = broadcast[axis=1,out_lens={1, 256, 14, 14}](@191) -> float_type, {1, 256, 14, 14}, {0, 1, 0, 0}, target_id=0: 0.00086082ms, 1%
@199 = load[offset=200704,end=401408](@1) -> float_type, {1, 256, 14, 14}, {50176, 196, 14, 1}, target_id=0: 0.00065496ms, 1%
@200 = gpu::miopen_fusion[ops={{op=convolution[padding={1, 1, 1, 1},stride={1, 1},dilation={1, 1},group=1,padding_mode=0],alpha=1,beta=0}, {op=add,alpha=1,beta=0}, {op=relu,alpha=1,beta=0}}](@197,@192,@198,@199) -> float_type, {1, 256, 14, 14}, {50176, 196, 14, 1}, target_id=0: 0.0838089ms, 4%
@201 = broadcast[axis=1,out_lens={1, 1024, 14, 14}](@189) -> float_type, {1, 1024, 14, 14}, {0, 1, 0, 0}, target_id=0: 0.00099732ms, 1%
@202 = load[offset=2107392,end=2910208](@1) -> float_type, {1, 1024, 14, 14}, {200704, 196, 14, 1}, target_id=0: 0.0007266ms, 1%
@203 = gpu::code_object[code_object=6240,symbol_name=mlir_convolution_add_add_relu,global=57344,local=256,](@201,@188,@200,@190,@202) -> float_type, {1, 1024, 14, 14}, {200704, 196, 14, 1}, target_id=0: 0.0264306ms, 1%
@204 = hip::hip_copy_literal[id=main:@literal:26] -> float_type, {1024}, {1}, target_id=0: 0.00075484ms, 1%
@205 = hip::hip_copy_literal[id=main:@literal:27] -> float_type, {1024, 256, 1, 1}, {256, 1, 1, 1}, target_id=0: 0.00058276ms, 1%
@206 = hip::hip_copy_literal[id=main:@literal:28] -> float_type, {256}, {1}, target_id=0: 0.00067718ms, 1%
@207 = hip::hip_copy_literal[id=main:@literal:29] -> float_type, {256, 256, 3, 3}, {2304, 9, 3, 1}, target_id=0: 0.00059358ms, 1%
@208 = hip::hip_copy_literal[id=main:@literal:30] -> float_type, {256}, {1}, target_id=0: 0.00061388ms, 1%
@209 = hip::hip_copy_literal[id=main:@literal:31] -> float_type, {256, 1024, 1, 1}, {1024, 1, 1, 1}, target_id=0: 0.00062034ms, 1%
@210 = broadcast[axis=1,out_lens={1, 256, 14, 14}](@208) -> float_type, {1, 256, 14, 14}, {0, 1, 0, 0}, target_id=0: 0.00084522ms, 1%
@211 = load[offset=200704,end=401408](@1) -> float_type, {1, 256, 14, 14}, {50176, 196, 14, 1}, target_id=0: 0.00068902ms, 1%
@212 = gpu::code_object[code_object=5272,symbol_name=mlir_convolution_add_relu,global=14336,local=128,](@210,@203,@209,@211) -> float_type, {1, 256, 14, 14}, {50176, 196, 14, 1}, target_id=0: 0.0338221ms, 2%
@213 = broadcast[axis=1,out_lens={1, 256, 14, 14}](@206) -> float_type, {1, 256, 14, 14}, {0, 1, 0, 0}, target_id=0: 0.00087682ms, 1%
@214 = load[offset=0,end=200704](@1) -> float_type, {1, 256, 14, 14}, {50176, 196, 14, 1}, target_id=0: 0.0006662ms, 1%
@215 = gpu::miopen_fusion[ops={{op=convolution[padding={1, 1, 1, 1},stride={1, 1},dilation={1, 1},group=1,padding_mode=0],alpha=1,beta=0}, {op=add,alpha=1,beta=0}, {op=relu,alpha=1,beta=0}}](@212,@207,@213,@214) -> float_type, {1, 256, 14, 14}, {50176, 196, 14, 1}, target_id=0: 0.0821402ms, 3%
@216 = broadcast[axis=1,out_lens={1, 1024, 14, 14}](@204) -> float_type, {1, 1024, 14, 14}, {0, 1, 0, 0}, target_id=0: 0.00100194ms, 1%
@217 = load[offset=1304576,end=2107392](@1) -> float_type, {1, 1024, 14, 14}, {200704, 196, 14, 1}, target_id=0: 0.00071006ms, 1%
@218 = gpu::code_object[code_object=6240,symbol_name=mlir_convolution_add_add_relu,global=57344,local=256,](@216,@203,@215,@205,@217) -> float_type, {1, 1024, 14, 14}, {200704, 196, 14, 1}, target_id=0: 0.0264225ms, 1%
@219 = hip::hip_copy_literal[id=main:@literal:23] -> float_type, {512, 512, 3, 3}, {4608, 9, 3, 1}, target_id=0: 0.00075954ms, 1%
@220 = hip::hip_copy_literal[id=main:@literal:24] -> float_type, {512}, {1}, target_id=0: 0.0005853ms, 1%
@221 = hip::hip_copy_literal[id=main:@literal:25] -> float_type, {512, 1024, 1, 1}, {1024, 1, 1, 1}, target_id=0: 0.00065672ms, 1%
@222 = broadcast[axis=1,out_lens={1, 512, 14, 14}](@220) -> float_type, {1, 512, 14, 14}, {0, 1, 0, 0}, target_id=0: 0.00083646ms, 1%
@223 = load[offset=0,end=401408](@1) -> float_type, {1, 512, 14, 14}, {100352, 196, 14, 1}, target_id=0: 0.000657ms, 1%
@224 = gpu::code_object[code_object=4992,symbol_name=mlir_convolution_add_relu,global=28672,local=256,](@222,@218,@221,@223) -> float_type, {1, 512, 14, 14}, {100352, 196, 14, 1}, target_id=0: 0.0347817ms, 2%
@225 = load[offset=2207744,end=3110912](@1) -> int8_type, {903168}, {1}, target_id=0: 0.00084726ms, 1%
@226 = load[offset=2107392,end=2207744](@1) -> float_type, {1, 512, 7, 7}, {25088, 49, 7, 1}, target_id=0: 0.00066134ms, 1%
@227 = gpu::convolution[op={padding={1, 1, 1, 1},stride={2, 2},dilation={1, 1},group=1,padding_mode=0},solution_object={binary_object: 430},algo=0,solution_id=0](@224,@219,@225,@226) -> float_type, {1, 512, 7, 7}, {25088, 49, 7, 1}, target_id=0: 0.0882452ms, 4%
@228 = hip::hip_copy_literal[id=main:@literal:9] -> float_type, {2048, 1536, 1, 1}, {1536, 1, 1, 1}, target_id=0: 0.00096708ms, 1%
@229 = hip::hip_copy_literal[id=main:@literal:8] -> float_type, {2048}, {1}, target_id=0: 0.0005585ms, 1%
@230 = hip::hip_copy_literal[id=main:@literal:22] -> float_type, {512}, {1}, target_id=0: 0.00078764ms, 1%
@231 = broadcast[axis=1,out_lens={1, 512, 7, 7}](@230) -> float_type, {1, 512, 7, 7}, {0, 1, 0, 0}, target_id=0: 0.0011256ms, 1%
@232 = load[offset=401408,end=501760](@1) -> float_type, {1, 512, 7, 7}, {25088, 49, 7, 1}, target_id=0: 0.00082132ms, 1%
@233 = gpu::code_object[code_object=3824,symbol_name=add_relu_kernel,global=25088,local=1024,](@227,@231,@232) -> float_type, {1, 512, 7, 7}, {25088, 49, 7, 1}, target_id=0: 0.0175301ms, 1%
@234 = load[offset=100352,end=401408](@1) -> float_type, {1, 1536, 7, 7}, {75264, 49, 7, 1}, target_id=0: 0.00079862ms, 1%
@235 = step[axes={2, 3},steps={2, 2}](@218) -> float_type, {1, 1024, 7, 7}, {200704, 196, 28, 2}, target_id=0: 0.00108006ms, 1%
@236 = gpu::code_object[code_object=3816,symbol_name=concat_kernel,global=37632,local=1024,](@233,@235,@234) -> float_type, {1, 1536, 7, 7}, {75264, 49, 7, 1}, target_id=0: 0.0182601ms, 1%
@237 = load[offset=903168,end=1304576](@1) -> float_type, {1, 2048, 7, 7}, {100352, 49, 7, 1}, target_id=0: 0.0007984ms, 1%
@238 = broadcast[axis=1,out_lens={1, 2048, 7, 7}](@229) -> float_type, {1, 2048, 7, 7}, {0, 1, 0, 0}, target_id=0: 0.00088176ms, 1%
@239 = gpu::code_object[code_object=4504,symbol_name=mlir_convolution_add_relu,global=32768,local=256,](@238,@236,@228,@237) -> float_type, {1, 2048, 7, 7}, {100352, 49, 7, 1}, target_id=0: 0.0559823ms, 3%
@240 = hip::hip_copy_literal[id=main:@literal:16] -> float_type, {2048}, {1}, target_id=0: 0.00079576ms, 1%
@241 = hip::hip_copy_literal[id=main:@literal:17] -> float_type, {2048, 512, 1, 1}, {512, 1, 1, 1}, target_id=0: 0.00058744ms, 1%
@242 = hip::hip_copy_literal[id=main:@literal:18] -> float_type, {512}, {1}, target_id=0: 0.00070384ms, 1%
@243 = hip::hip_copy_literal[id=main:@literal:19] -> float_type, {512, 512, 3, 3}, {4608, 9, 3, 1}, target_id=0: 0.00061544ms, 1%
@244 = hip::hip_copy_literal[id=main:@literal:20] -> float_type, {512}, {1}, target_id=0: 0.0006552ms, 1%
@245 = hip::hip_copy_literal[id=main:@literal:21] -> float_type, {512, 2048, 1, 1}, {2048, 1, 1, 1}, target_id=0: 0.00058446ms, 1%
@246 = broadcast[axis=1,out_lens={1, 512, 7, 7}](@244) -> float_type, {1, 512, 7, 7}, {0, 1, 0, 0}, target_id=0: 0.00086986ms, 1%
@247 = load[offset=100352,end=200704](@1) -> float_type, {1, 512, 7, 7}, {25088, 49, 7, 1}, target_id=0: 0.00068116ms, 1%
@248 = gpu::code_object[code_object=5144,symbol_name=mlir_convolution_add_relu,global=8192,local=256,](@246,@239,@245,@247) -> float_type, {1, 512, 7, 7}, {25088, 49, 7, 1}, target_id=0: 0.0609572ms, 3%
@249 = broadcast[axis=1,out_lens={1, 512, 7, 7}](@242) -> float_type, {1, 512, 7, 7}, {0, 1, 0, 0}, target_id=0: 0.00089964ms, 1%
@250 = load[offset=0,end=100352](@1) -> float_type, {1, 512, 7, 7}, {25088, 49, 7, 1}, target_id=0: 0.00068544ms, 1%
@251 = gpu::miopen_fusion[ops={{op=convolution[padding={1, 1, 1, 1},stride={1, 1},dilation={1, 1},group=1,padding_mode=0],alpha=1,beta=0}, {op=add,alpha=1,beta=0}, {op=relu,alpha=1,beta=0}}](@248,@243,@249,@250) -> float_type, {1, 512, 7, 7}, {25088, 49, 7, 1}, target_id=0: 0.140209ms, 6%
@252 = broadcast[axis=1,out_lens={1, 2048, 7, 7}](@240) -> float_type, {1, 2048, 7, 7}, {0, 1, 0, 0}, target_id=0: 0.00102406ms, 1%
@253 = load[offset=501760,end=903168](@1) -> float_type, {1, 2048, 7, 7}, {100352, 49, 7, 1}, target_id=0: 0.00074388ms, 1%
@254 = gpu::code_object[code_object=5240,symbol_name=mlir_convolution_add_add_relu,global=32768,local=256,](@252,@239,@251,@241,@253) -> float_type, {1, 2048, 7, 7}, {100352, 49, 7, 1}, target_id=0: 0.0320914ms, 2%
@255 = hip::hip_copy_literal[id=main:@literal:11] -> float_type, {2048, 512, 1, 1}, {512, 1, 1, 1}, target_id=0: 0.00077506ms, 1%
@256 = hip::hip_copy_literal[id=main:@literal:12] -> float_type, {512}, {1}, target_id=0: 0.00056204ms, 1%
@257 = hip::hip_copy_literal[id=main:@literal:13] -> float_type, {512, 512, 3, 3}, {4608, 9, 3, 1}, target_id=0: 0.00068244ms, 1%
@258 = hip::hip_copy_literal[id=main:@literal:14] -> float_type, {512}, {1}, target_id=0: 0.00062516ms, 1%
@259 = hip::hip_copy_literal[id=main:@literal:15] -> float_type, {512, 2048, 1, 1}, {2048, 1, 1, 1}, target_id=0: 0.00060556ms, 1%
@260 = broadcast[axis=1,out_lens={1, 512, 7, 7}](@258) -> float_type, {1, 512, 7, 7}, {0, 1, 0, 0}, target_id=0: 0.00081464ms, 1%
@261 = load[offset=100352,end=200704](@1) -> float_type, {1, 512, 7, 7}, {25088, 49, 7, 1}, target_id=0: 0.00067796ms, 1%
@262 = gpu::code_object[code_object=5144,symbol_name=mlir_convolution_add_relu,global=8192,local=256,](@260,@254,@259,@261) -> float_type, {1, 512, 7, 7}, {25088, 49, 7, 1}, target_id=0: 0.0599894ms, 3%
@263 = broadcast[axis=1,out_lens={1, 512, 7, 7}](@256) -> float_type, {1, 512, 7, 7}, {0, 1, 0, 0}, target_id=0: 0.00090708ms, 1%
@264 = load[offset=0,end=100352](@1) -> float_type, {1, 512, 7, 7}, {25088, 49, 7, 1}, target_id=0: 0.00068846ms, 1%
@265 = gpu::miopen_fusion[ops={{op=convolution[padding={1, 1, 1, 1},stride={1, 1},dilation={1, 1},group=1,padding_mode=0],alpha=1,beta=0}, {op=add,alpha=1,beta=0}, {op=relu,alpha=1,beta=0}}](@262,@257,@263,@264) -> float_type, {1, 512, 7, 7}, {25088, 49, 7, 1}, target_id=0: 0.135966ms, 5%
@266 = load[offset=0,end=0](@1) -> int8_type, {0}, {1}, target_id=0: 0.000891ms, 1%
@267 = load[offset=903168,end=1304576](@1) -> float_type, {1, 2048, 7, 7}, {100352, 49, 7, 1}, target_id=0: 0.00067524ms, 1%
@268 = gpu::convolution[op={padding={0, 0, 0, 0},stride={1, 1},dilation={1, 1},group=1,padding_mode=0},solution_object={binary_object: 455},algo=0,solution_id=0](@265,@255,@266,@267) -> float_type, {1, 2048, 7, 7}, {100352, 49, 7, 1}, target_id=0: 0.0492971ms, 2%
@269 = hip::hip_copy_literal[id=main:@literal:0] -> float_type, {1, 1000}, {1000, 1}, target_id=0: 0.00090622ms, 1%
@270 = hip::hip_copy_literal[id=main:@literal:10] -> float_type, {2048}, {1}, target_id=0: 0.00060932ms, 1%
@271 = hip::hip_copy_literal[id=main:@literal:1] -> float_type, {2048, 1000}, {1000, 1}, target_id=0: 0.00057394ms, 1%
@272 = broadcast[axis=1,out_lens={1, 2048, 7, 7}](@270) -> float_type, {1, 2048, 7, 7}, {0, 1, 0, 0}, target_id=0: 0.00105558ms, 1%
@273 = load[offset=0,end=8192](@1) -> float_type, {1, 2048, 1, 1}, {2048, 1, 1, 1}, target_id=0: 0.00075064ms, 1%
@274 = gpu::code_object[code_object=4024,symbol_name=add_add_relu_reduce_mean_kernel,global=131072,local=64,](@268,@272,@254,@273) -> float_type, {1, 2048, 1, 1}, {2048, 1, 1, 1}, target_id=0: 0.0185032ms, 1%
main:#output_0 = @param:main:#output_0 -> float_type, {1, 1000}, {1000, 1}, target_id=0: 0.00105688ms, 1%
@276 = flatten[axis=1](@274) -> float_type, {1, 2048}, {2048, 1}, target_id=0: 0.0012645ms, 1%
@277 = gpu::gemm[alpha=1,beta=1,compute_fp32=1,trans_batch=0,solution_idx=0](@276,@271,@269,main:#output_0) -> float_type, {1, 1000}, {1000, 1}, target_id=0: 0.0582007ms, 3%
@278 = @return(@277), target_id=0
Summary:
gpu::miopen_fusion: 1.01008ms / 13 = 0.0776986ms, 37%
gpu::code_object::mlir_convolution_add_relu: 0.755525ms / 21 = 0.0359774ms, 28%
gpu::code_object::mlir_convolution_add_add_relu: 0.309164ms / 11 = 0.0281058ms, 12%
gpu::convolution: 0.277759ms / 4 = 0.0694397ms, 10%
gpu::code_object::concat_kernel: 0.0766862ms / 4 = 0.0191716ms, 3%
hip::hip_copy_literal: 0.0677554ms / 100 = 0.000677554ms, 3%
gpu::pooling: 0.060784ms / 1 = 0.060784ms, 3%
gpu::gemm: 0.0582007ms / 1 = 0.0582007ms, 3%
gpu::code_object::add_relu_kernel: 0.0531013ms / 3 = 0.0177004ms, 2%
broadcast: 0.0442787ms / 49 = 0.000903646ms, 2%
load: 0.0439418ms / 62 = 0.000708739ms, 2%
gpu::code_object::add_add_relu_reduce_mean_kernel: 0.0185032ms / 1 = 0.0185032ms, 1%
step: 0.00349612ms / 3 = 0.00116537ms, 1%
@param: 0.0016248ms / 2 = 0.0008124ms, 1%
flatten: 0.0012645ms / 1 = 0.0012645ms, 1%
check_context::migraphx::gpu::context: 0.0010821ms / 1 = 0.0010821ms, 1%
hip::hip_allocate_memory: 0.00107372ms / 1 = 0.00107372ms, 1%

Batch size: 1
Rate: 603.967 inferences/sec
Total time: 1.65572ms
Total instructions time: 2.78432ms
Overhead time: 0.0578477ms, -1.1286ms
Overhead: 3%, -68%
[ MIGraphX Version: 2.9.0."a99d17cc3" ] Complete: /src/AMDMIGraphX/build/bin/driver perf --gpu /new-saved-models/torchvision/resnet50i1.onnx
