Running [ MIGraphX Version: 2.9.0.d7c8e6089 ]: /src/AMDMIGraphX/build/bin/driver perf --gpu /new-saved-models/torchvision/resnet50i1.onnx
Compiling ... 
Reading: /new-saved-models/torchvision/resnet50i1.onnx
module: "main"
@0 = check_context::migraphx::gpu::context -> float_type, {}, {}, target_id=0
@1 = hip::hip_allocate_memory[shape=int8_type, {11243520}, {1},id=main:scratch] -> int8_type, {11243520}, {1}, target_id=0
@2 = hip::hip_copy_literal[id=main:@literal:98] -> float_type, {64}, {1}, target_id=0
@3 = hip::hip_copy_literal[id=main:@literal:99] -> float_type, {64, 3, 7, 7}, {147, 49, 7, 1}, target_id=0
@4 = load[offset=3211264,end=6422528](@1) -> float_type, {1, 64, 112, 112}, {802816, 12544, 112, 1}, target_id=0
@5 = broadcast[axis=1,out_lens={1, 64, 112, 112}](@2) -> float_type, {1, 64, 112, 112}, {0, 1, 0, 0}, target_id=0
input.1 = @param:input.1 -> float_type, {1, 3, 224, 224}, {150528, 50176, 224, 1}, target_id=0
@7 = gpu::code_object[code_object=6536,symbol_name=mlir_convolution_add_relu,global=25088,local=256,](@5,input.1,@3,@4) -> float_type, {1, 64, 112, 112}, {802816, 12544, 112, 1}, target_id=0
@8 = load[offset=2408448,end=3211264](@1) -> float_type, {1, 64, 56, 56}, {200704, 3136, 56, 1}, target_id=0
@9 = gpu::pooling[mode=max,padding={1, 1, 1, 1},padding_mode=0,stride={2, 2},lengths={3, 3},dilations={1, 1},ceil_mode=0,lp_order=2,dyn_global=0](@7,@8) -> float_type, {1, 64, 56, 56}, {200704, 3136, 56, 1}, target_id=0
@10 = hip::hip_copy_literal[id=main:@literal:96] -> float_type, {64}, {1}, target_id=0
@11 = hip::hip_copy_literal[id=main:@literal:97] -> float_type, {64, 64, 1, 1}, {64, 1, 1, 1}, target_id=0
@12 = broadcast[axis=1,out_lens={1, 64, 56, 56}](@10) -> float_type, {1, 64, 56, 56}, {0, 1, 0, 0}, target_id=0
@13 = load[offset=802816,end=1605632](@1) -> float_type, {1, 64, 56, 56}, {200704, 3136, 56, 1}, target_id=0
@14 = gpu::code_object[code_object=5880,symbol_name=mlir_convolution_add_relu,global=25088,local=256,](@12,@9,@11,@13) -> float_type, {1, 64, 56, 56}, {200704, 3136, 56, 1}, target_id=0
@15 = hip::hip_copy_literal[id=main:@literal:3] -> float_type, {256, 128, 1, 1}, {128, 1, 1, 1}, target_id=0
@16 = hip::hip_copy_literal[id=main:@literal:94] -> float_type, {64}, {1}, target_id=0
@17 = hip::hip_copy_literal[id=main:@literal:95] -> float_type, {64, 64, 3, 3}, {576, 9, 3, 1}, target_id=0
@18 = load[offset=0,end=802816](@1) -> float_type, {1, 64, 56, 56}, {200704, 3136, 56, 1}, target_id=0
@19 = broadcast[axis=1,out_lens={1, 64, 56, 56}](@16) -> float_type, {1, 64, 56, 56}, {0, 1, 0, 0}, target_id=0
@20 = gpu::miopen_fusion[ops={{op=convolution[padding={1, 1, 1, 1},stride={1, 1},dilation={1, 1},group=1,padding_mode=0],alpha=1,beta=0}, {op=add,alpha=1,beta=0}, {op=relu,alpha=1,beta=0}}](@14,@17,@19,@18) -> float_type, {1, 64, 56, 56}, {200704, 3136, 56, 1}, target_id=0
@21 = load[offset=4014080,end=5619712](@1) -> float_type, {1, 128, 56, 56}, {401408, 3136, 56, 1}, target_id=0
@22 = gpu::code_object[code_object=3800,symbol_name=concat_kernel,global=100352,local=1024,](@20,@9,@21) -> float_type, {1, 128, 56, 56}, {401408, 3136, 56, 1}, target_id=0
@23 = hip::hip_copy_literal[id=main:@literal:2] -> float_type, {256}, {1}, target_id=0
@24 = broadcast[axis=1,out_lens={1, 256, 56, 56}](@23) -> float_type, {1, 256, 56, 56}, {0, 1, 0, 0}, target_id=0
@25 = load[offset=802816,end=4014080](@1) -> float_type, {1, 256, 56, 56}, {802816, 3136, 56, 1}, target_id=0
@26 = gpu::code_object[code_object=6856,symbol_name=mlir_convolution_add_relu,global=25600,local=256,](@24,@22,@15,@25) -> float_type, {1, 256, 56, 56}, {802816, 3136, 56, 1}, target_id=0
@27 = hip::hip_copy_literal[id=main:@literal:92] -> float_type, {64}, {1}, target_id=0
@28 = hip::hip_copy_literal[id=main:@literal:93] -> float_type, {64, 256, 1, 1}, {256, 1, 1, 1}, target_id=0
@29 = load[offset=4816896,end=5619712](@1) -> float_type, {1, 64, 56, 56}, {200704, 3136, 56, 1}, target_id=0
@30 = broadcast[axis=1,out_lens={1, 64, 56, 56}](@27) -> float_type, {1, 64, 56, 56}, {0, 1, 0, 0}, target_id=0
@31 = gpu::code_object[code_object=5928,symbol_name=mlir_convolution_add_relu,global=50176,local=256,](@30,@26,@28,@29) -> float_type, {1, 64, 56, 56}, {200704, 3136, 56, 1}, target_id=0
@32 = hip::hip_copy_literal[id=main:@literal:90] -> float_type, {64}, {1}, target_id=0
@33 = hip::hip_copy_literal[id=main:@literal:91] -> float_type, {64, 64, 3, 3}, {576, 9, 3, 1}, target_id=0
@34 = load[offset=4014080,end=4816896](@1) -> float_type, {1, 64, 56, 56}, {200704, 3136, 56, 1}, target_id=0
@35 = broadcast[axis=1,out_lens={1, 64, 56, 56}](@32) -> float_type, {1, 64, 56, 56}, {0, 1, 0, 0}, target_id=0
@36 = gpu::miopen_fusion[ops={{op=convolution[padding={1, 1, 1, 1},stride={1, 1},dilation={1, 1},group=1,padding_mode=0],alpha=1,beta=0}, {op=add,alpha=1,beta=0}, {op=relu,alpha=1,beta=0}}](@31,@33,@35,@34) -> float_type, {1, 64, 56, 56}, {200704, 3136, 56, 1}, target_id=0
@37 = hip::hip_copy_literal[id=main:@literal:88] -> float_type, {256}, {1}, target_id=0
@38 = hip::hip_copy_literal[id=main:@literal:89] -> float_type, {256, 64, 1, 1}, {64, 1, 1, 1}, target_id=0
@39 = load[offset=7225344,end=10436608](@1) -> float_type, {1, 256, 56, 56}, {802816, 3136, 56, 1}, target_id=0
@40 = broadcast[axis=1,out_lens={1, 256, 56, 56}](@37) -> float_type, {1, 256, 56, 56}, {0, 1, 0, 0}, target_id=0
@41 = gpu::code_object[code_object=4232,symbol_name=mlir_convolution_add_add_relu,global=200704,local=256,](@40,@26,@36,@38,@39) -> float_type, {1, 256, 56, 56}, {802816, 3136, 56, 1}, target_id=0
@42 = hip::hip_copy_literal[id=main:@literal:86] -> float_type, {64}, {1}, target_id=0
@43 = hip::hip_copy_literal[id=main:@literal:87] -> float_type, {64, 256, 1, 1}, {256, 1, 1, 1}, target_id=0
@44 = load[offset=802816,end=1605632](@1) -> float_type, {1, 64, 56, 56}, {200704, 3136, 56, 1}, target_id=0
@45 = broadcast[axis=1,out_lens={1, 64, 56, 56}](@42) -> float_type, {1, 64, 56, 56}, {0, 1, 0, 0}, target_id=0
@46 = gpu::code_object[code_object=5928,symbol_name=mlir_convolution_add_relu,global=50176,local=256,](@45,@41,@43,@44) -> float_type, {1, 64, 56, 56}, {200704, 3136, 56, 1}, target_id=0
@47 = hip::hip_copy_literal[id=main:@literal:84] -> float_type, {64}, {1}, target_id=0
@48 = hip::hip_copy_literal[id=main:@literal:85] -> float_type, {64, 64, 3, 3}, {576, 9, 3, 1}, target_id=0
@49 = load[offset=0,end=802816](@1) -> float_type, {1, 64, 56, 56}, {200704, 3136, 56, 1}, target_id=0
@50 = broadcast[axis=1,out_lens={1, 64, 56, 56}](@47) -> float_type, {1, 64, 56, 56}, {0, 1, 0, 0}, target_id=0
@51 = gpu::miopen_fusion[ops={{op=convolution[padding={1, 1, 1, 1},stride={1, 1},dilation={1, 1},group=1,padding_mode=0],alpha=1,beta=0}, {op=add,alpha=1,beta=0}, {op=relu,alpha=1,beta=0}}](@46,@48,@50,@49) -> float_type, {1, 64, 56, 56}, {200704, 3136, 56, 1}, target_id=0
@52 = hip::hip_copy_literal[id=main:@literal:82] -> float_type, {256}, {1}, target_id=0
@53 = hip::hip_copy_literal[id=main:@literal:83] -> float_type, {256, 64, 1, 1}, {64, 1, 1, 1}, target_id=0
@54 = load[offset=4014080,end=7225344](@1) -> float_type, {1, 256, 56, 56}, {802816, 3136, 56, 1}, target_id=0
@55 = broadcast[axis=1,out_lens={1, 256, 56, 56}](@52) -> float_type, {1, 256, 56, 56}, {0, 1, 0, 0}, target_id=0
@56 = gpu::code_object[code_object=4232,symbol_name=mlir_convolution_add_add_relu,global=200704,local=256,](@55,@41,@51,@53,@54) -> float_type, {1, 256, 56, 56}, {802816, 3136, 56, 1}, target_id=0
@57 = hip::hip_copy_literal[id=main:@literal:80] -> float_type, {128}, {1}, target_id=0
@58 = hip::hip_copy_literal[id=main:@literal:81] -> float_type, {128, 256, 1, 1}, {256, 1, 1, 1}, target_id=0
@59 = load[offset=2007040,end=3612672](@1) -> float_type, {1, 128, 56, 56}, {401408, 3136, 56, 1}, target_id=0
@60 = broadcast[axis=1,out_lens={1, 128, 56, 56}](@57) -> float_type, {1, 128, 56, 56}, {0, 1, 0, 0}, target_id=0
@61 = gpu::code_object[code_object=5232,symbol_name=mlir_convolution_add_relu,global=25088,local=128,](@60,@56,@58,@59) -> float_type, {1, 128, 56, 56}, {401408, 3136, 56, 1}, target_id=0
@62 = hip::hip_copy_literal[id=main:@literal:79] -> float_type, {128, 128, 3, 3}, {1152, 9, 3, 1}, target_id=0
@63 = load[offset=0,end=0](@1) -> int8_type, {0}, {1}, target_id=0
@64 = load[offset=1605632,end=2007040](@1) -> float_type, {1, 128, 28, 28}, {100352, 784, 28, 1}, target_id=0
@65 = gpu::convolution[op={padding={1, 1, 1, 1},stride={2, 2},dilation={1, 1},group=1,padding_mode=0},solution_object={binary_object: 457},algo=0,solution_id=0](@61,@62,@63,@64) -> float_type, {1, 128, 28, 28}, {100352, 784, 28, 1}, target_id=0
@66 = hip::hip_copy_literal[id=main:@literal:78] -> float_type, {128}, {1}, target_id=0
@67 = load[offset=0,end=401408](@1) -> float_type, {1, 128, 28, 28}, {100352, 784, 28, 1}, target_id=0
@68 = broadcast[axis=1,out_lens={1, 128, 28, 28}](@66) -> float_type, {1, 128, 28, 28}, {0, 1, 0, 0}, target_id=0
@69 = gpu::code_object[code_object=3832,symbol_name=add_relu_kernel,global=50176,local=1024,](@65,@68,@67) -> float_type, {1, 128, 28, 28}, {100352, 784, 28, 1}, target_id=0
@70 = step[axes={2, 3},steps={2, 2}](@56) -> float_type, {1, 256, 28, 28}, {802816, 3136, 112, 2}, target_id=0
@71 = load[offset=802816,end=2007040](@1) -> float_type, {1, 384, 28, 28}, {301056, 784, 28, 1}, target_id=0
@72 = gpu::code_object[code_object=4048,symbol_name=concat_kernel,global=150528,local=1024,](@69,@70,@71) -> float_type, {1, 384, 28, 28}, {301056, 784, 28, 1}, target_id=0
@73 = hip::hip_copy_literal[id=main:@literal:5] -> float_type, {512, 384, 1, 1}, {384, 1, 1, 1}, target_id=0
@74 = hip::hip_copy_literal[id=main:@literal:4] -> float_type, {512}, {1}, target_id=0
@75 = load[offset=2809856,end=4415488](@1) -> float_type, {1, 512, 28, 28}, {401408, 784, 28, 1}, target_id=0
@76 = broadcast[axis=1,out_lens={1, 512, 28, 28}](@74) -> float_type, {1, 512, 28, 28}, {0, 1, 0, 0}, target_id=0
@77 = gpu::code_object[code_object=5584,symbol_name=mlir_convolution_add_relu,global=26624,local=256,](@76,@72,@73,@75) -> float_type, {1, 512, 28, 28}, {401408, 784, 28, 1}, target_id=0
@78 = hip::hip_copy_literal[id=main:@literal:76] -> float_type, {128}, {1}, target_id=0
@79 = hip::hip_copy_literal[id=main:@literal:77] -> float_type, {128, 512, 1, 1}, {512, 1, 1, 1}, target_id=0
@80 = broadcast[axis=1,out_lens={1, 128, 28, 28}](@78) -> float_type, {1, 128, 28, 28}, {0, 1, 0, 0}, target_id=0
@81 = load[offset=802816,end=1204224](@1) -> float_type, {1, 128, 28, 28}, {100352, 784, 28, 1}, target_id=0
@82 = gpu::code_object[code_object=4952,symbol_name=mlir_convolution_add_relu,global=25600,local=256,](@80,@77,@79,@81) -> float_type, {1, 128, 28, 28}, {100352, 784, 28, 1}, target_id=0
@83 = hip::hip_copy_literal[id=main:@literal:74] -> float_type, {128}, {1}, target_id=0
@84 = hip::hip_copy_literal[id=main:@literal:75] -> float_type, {128, 128, 3, 3}, {1152, 9, 3, 1}, target_id=0
@85 = broadcast[axis=1,out_lens={1, 128, 28, 28}](@83) -> float_type, {1, 128, 28, 28}, {0, 1, 0, 0}, target_id=0
@86 = load[offset=401408,end=802816](@1) -> float_type, {1, 128, 28, 28}, {100352, 784, 28, 1}, target_id=0
@87 = gpu::miopen_fusion[ops={{op=convolution[padding={1, 1, 1, 1},stride={1, 1},dilation={1, 1},group=1,padding_mode=0],alpha=1,beta=0}, {op=add,alpha=1,beta=0}, {op=relu,alpha=1,beta=0}}](@82,@84,@85,@86) -> float_type, {1, 128, 28, 28}, {100352, 784, 28, 1}, target_id=0
@88 = hip::hip_copy_literal[id=main:@literal:72] -> float_type, {512}, {1}, target_id=0
@89 = hip::hip_copy_literal[id=main:@literal:73] -> float_type, {512, 128, 1, 1}, {128, 1, 1, 1}, target_id=0
@90 = broadcast[axis=1,out_lens={1, 512, 28, 28}](@88) -> float_type, {1, 512, 28, 28}, {0, 1, 0, 0}, target_id=0
@91 = load[offset=1204224,end=2809856](@1) -> float_type, {1, 512, 28, 28}, {401408, 784, 28, 1}, target_id=0
@92 = gpu::code_object[code_object=5056,symbol_name=mlir_convolution_add_add_relu,global=102400,local=256,](@90,@77,@87,@89,@91) -> float_type, {1, 512, 28, 28}, {401408, 784, 28, 1}, target_id=0
@93 = hip::hip_copy_literal[id=main:@literal:70] -> float_type, {128}, {1}, target_id=0
@94 = hip::hip_copy_literal[id=main:@literal:71] -> float_type, {128, 512, 1, 1}, {512, 1, 1, 1}, target_id=0
@95 = broadcast[axis=1,out_lens={1, 128, 28, 28}](@93) -> float_type, {1, 128, 28, 28}, {0, 1, 0, 0}, target_id=0
@96 = load[offset=802816,end=1204224](@1) -> float_type, {1, 128, 28, 28}, {100352, 784, 28, 1}, target_id=0
@97 = gpu::code_object[code_object=4952,symbol_name=mlir_convolution_add_relu,global=25600,local=256,](@95,@92,@94,@96) -> float_type, {1, 128, 28, 28}, {100352, 784, 28, 1}, target_id=0
@98 = hip::hip_copy_literal[id=main:@literal:68] -> float_type, {128}, {1}, target_id=0
@99 = hip::hip_copy_literal[id=main:@literal:69] -> float_type, {128, 128, 3, 3}, {1152, 9, 3, 1}, target_id=0
@100 = broadcast[axis=1,out_lens={1, 128, 28, 28}](@98) -> float_type, {1, 128, 28, 28}, {0, 1, 0, 0}, target_id=0
@101 = load[offset=401408,end=802816](@1) -> float_type, {1, 128, 28, 28}, {100352, 784, 28, 1}, target_id=0
@102 = gpu::miopen_fusion[ops={{op=convolution[padding={1, 1, 1, 1},stride={1, 1},dilation={1, 1},group=1,padding_mode=0],alpha=1,beta=0}, {op=add,alpha=1,beta=0}, {op=relu,alpha=1,beta=0}}](@97,@99,@100,@101) -> float_type, {1, 128, 28, 28}, {100352, 784, 28, 1}, target_id=0
@103 = hip::hip_copy_literal[id=main:@literal:66] -> float_type, {512}, {1}, target_id=0
@104 = hip::hip_copy_literal[id=main:@literal:67] -> float_type, {512, 128, 1, 1}, {128, 1, 1, 1}, target_id=0
@105 = broadcast[axis=1,out_lens={1, 512, 28, 28}](@103) -> float_type, {1, 512, 28, 28}, {0, 1, 0, 0}, target_id=0
@106 = load[offset=5771264,end=7376896](@1) -> float_type, {1, 512, 28, 28}, {401408, 784, 28, 1}, target_id=0
@107 = gpu::code_object[code_object=5056,symbol_name=mlir_convolution_add_add_relu,global=102400,local=256,](@105,@92,@102,@104,@106) -> float_type, {1, 512, 28, 28}, {401408, 784, 28, 1}, target_id=0
@108 = hip::hip_copy_literal[id=main:@literal:64] -> float_type, {128}, {1}, target_id=0
@109 = hip::hip_copy_literal[id=main:@literal:65] -> float_type, {128, 512, 1, 1}, {512, 1, 1, 1}, target_id=0
@110 = broadcast[axis=1,out_lens={1, 128, 28, 28}](@108) -> float_type, {1, 128, 28, 28}, {0, 1, 0, 0}, target_id=0
@111 = load[offset=401408,end=802816](@1) -> float_type, {1, 128, 28, 28}, {100352, 784, 28, 1}, target_id=0
@112 = gpu::code_object[code_object=4952,symbol_name=mlir_convolution_add_relu,global=25600,local=256,](@110,@107,@109,@111) -> float_type, {1, 128, 28, 28}, {100352, 784, 28, 1}, target_id=0
@113 = hip::hip_copy_literal[id=main:@literal:62] -> float_type, {128}, {1}, target_id=0
@114 = hip::hip_copy_literal[id=main:@literal:63] -> float_type, {128, 128, 3, 3}, {1152, 9, 3, 1}, target_id=0
@115 = broadcast[axis=1,out_lens={1, 128, 28, 28}](@113) -> float_type, {1, 128, 28, 28}, {0, 1, 0, 0}, target_id=0
@116 = load[offset=0,end=401408](@1) -> float_type, {1, 128, 28, 28}, {100352, 784, 28, 1}, target_id=0
@117 = gpu::miopen_fusion[ops={{op=convolution[padding={1, 1, 1, 1},stride={1, 1},dilation={1, 1},group=1,padding_mode=0],alpha=1,beta=0}, {op=add,alpha=1,beta=0}, {op=relu,alpha=1,beta=0}}](@112,@114,@115,@116) -> float_type, {1, 128, 28, 28}, {100352, 784, 28, 1}, target_id=0
@118 = hip::hip_copy_literal[id=main:@literal:60] -> float_type, {512}, {1}, target_id=0
@119 = hip::hip_copy_literal[id=main:@literal:61] -> float_type, {512, 128, 1, 1}, {128, 1, 1, 1}, target_id=0
@120 = broadcast[axis=1,out_lens={1, 512, 28, 28}](@118) -> float_type, {1, 512, 28, 28}, {0, 1, 0, 0}, target_id=0
@121 = load[offset=4165632,end=5771264](@1) -> float_type, {1, 512, 28, 28}, {401408, 784, 28, 1}, target_id=0
@122 = gpu::code_object[code_object=5056,symbol_name=mlir_convolution_add_add_relu,global=102400,local=256,](@120,@107,@117,@119,@121) -> float_type, {1, 512, 28, 28}, {401408, 784, 28, 1}, target_id=0
@123 = hip::hip_copy_literal[id=main:@literal:58] -> float_type, {256}, {1}, target_id=0
@124 = hip::hip_copy_literal[id=main:@literal:59] -> float_type, {256, 512, 1, 1}, {512, 1, 1, 1}, target_id=0
@125 = broadcast[axis=1,out_lens={1, 256, 28, 28}](@123) -> float_type, {1, 256, 28, 28}, {0, 1, 0, 0}, target_id=0
@126 = load[offset=0,end=802816](@1) -> float_type, {1, 256, 28, 28}, {200704, 784, 28, 1}, target_id=0
@127 = gpu::code_object[code_object=4928,symbol_name=mlir_convolution_add_relu,global=51200,local=256,](@125,@122,@124,@126) -> float_type, {1, 256, 28, 28}, {200704, 784, 28, 1}, target_id=0
@128 = hip::hip_copy_literal[id=main:@literal:57] -> float_type, {256, 256, 3, 3}, {2304, 9, 3, 1}, target_id=0
@129 = load[offset=5971968,end=9334784](@1) -> int8_type, {3362816}, {1}, target_id=0
@130 = load[offset=5771264,end=5971968](@1) -> float_type, {1, 256, 14, 14}, {50176, 196, 14, 1}, target_id=0
@131 = gpu::convolution[op={padding={1, 1, 1, 1},stride={2, 2},dilation={1, 1},group=1,padding_mode=0},solution_object={binary_object: 556},algo=0,solution_id=0](@127,@128,@129,@130) -> float_type, {1, 256, 14, 14}, {50176, 196, 14, 1}, target_id=0
@132 = hip::hip_copy_literal[id=main:@literal:8] -> float_type, {1024, 768, 1, 1}, {768, 1, 1, 1}, target_id=0
@133 = hip::hip_copy_literal[id=main:@literal:56] -> float_type, {256}, {1}, target_id=0
@134 = broadcast[axis=1,out_lens={1, 256, 14, 14}](@133) -> float_type, {1, 256, 14, 14}, {0, 1, 0, 0}, target_id=0
@135 = load[offset=0,end=200704](@1) -> float_type, {1, 256, 14, 14}, {50176, 196, 14, 1}, target_id=0
@136 = gpu::code_object[code_object=3832,symbol_name=add_relu_kernel,global=25088,local=1024,](@131,@134,@135) -> float_type, {1, 256, 14, 14}, {50176, 196, 14, 1}, target_id=0
@137 = hip::hip_copy_literal[id=main:@literal:6] -> float_type, {1024}, {1}, target_id=0
@138 = step[axes={2, 3},steps={2, 2}](@122) -> float_type, {1, 512, 14, 14}, {401408, 784, 56, 2}, target_id=0
@139 = load[offset=1003520,end=1605632](@1) -> float_type, {1, 768, 14, 14}, {150528, 196, 14, 1}, target_id=0
@140 = gpu::code_object[code_object=3808,symbol_name=concat_kernel,global=75264,local=1024,](@136,@138,@139) -> float_type, {1, 768, 14, 14}, {150528, 196, 14, 1}, target_id=0
@141 = load[offset=200704,end=1003520](@1) -> float_type, {1, 1024, 14, 14}, {200704, 196, 14, 1}, target_id=0
@142 = broadcast[axis=1,out_lens={1, 1024, 14, 14}](@137) -> float_type, {1, 1024, 14, 14}, {0, 1, 0, 0}, target_id=0
@143 = gpu::code_object[code_object=4464,symbol_name=mlir_convolution_add_relu,global=57344,local=256,](@142,@140,@132,@141) -> float_type, {1, 1024, 14, 14}, {200704, 196, 14, 1}, target_id=0
@144 = hip::hip_copy_literal[id=main:@literal:50] -> float_type, {1024}, {1}, target_id=0
@145 = hip::hip_copy_literal[id=main:@literal:51] -> float_type, {1024, 256, 1, 1}, {256, 1, 1, 1}, target_id=0
@146 = hip::hip_copy_literal[id=main:@literal:52] -> float_type, {256}, {1}, target_id=0
@147 = hip::hip_copy_literal[id=main:@literal:53] -> float_type, {256, 256, 3, 3}, {2304, 9, 3, 1}, target_id=0
@148 = hip::hip_copy_literal[id=main:@literal:54] -> float_type, {256}, {1}, target_id=0
@149 = hip::hip_copy_literal[id=main:@literal:55] -> float_type, {256, 1024, 1, 1}, {1024, 1, 1, 1}, target_id=0
@150 = broadcast[axis=1,out_lens={1, 256, 14, 14}](@148) -> float_type, {1, 256, 14, 14}, {0, 1, 0, 0}, target_id=0
@151 = load[offset=1204224,end=1404928](@1) -> float_type, {1, 256, 14, 14}, {50176, 196, 14, 1}, target_id=0
@152 = gpu::code_object[code_object=5240,symbol_name=mlir_convolution_add_relu,global=14336,local=128,](@150,@143,@149,@151) -> float_type, {1, 256, 14, 14}, {50176, 196, 14, 1}, target_id=0
@153 = broadcast[axis=1,out_lens={1, 256, 14, 14}](@146) -> float_type, {1, 256, 14, 14}, {0, 1, 0, 0}, target_id=0
@154 = load[offset=1003520,end=1204224](@1) -> float_type, {1, 256, 14, 14}, {50176, 196, 14, 1}, target_id=0
@155 = gpu::miopen_fusion[ops={{op=convolution[padding={1, 1, 1, 1},stride={1, 1},dilation={1, 1},group=1,padding_mode=0],alpha=1,beta=0}, {op=add,alpha=1,beta=0}, {op=relu,alpha=1,beta=0}}](@152,@147,@153,@154) -> float_type, {1, 256, 14, 14}, {50176, 196, 14, 1}, target_id=0
@156 = broadcast[axis=1,out_lens={1, 1024, 14, 14}](@144) -> float_type, {1, 1024, 14, 14}, {0, 1, 0, 0}, target_id=0
@157 = load[offset=2207744,end=3010560](@1) -> float_type, {1, 1024, 14, 14}, {200704, 196, 14, 1}, target_id=0
@158 = gpu::code_object[code_object=6208,symbol_name=mlir_convolution_add_add_relu,global=57344,local=256,](@156,@143,@155,@145,@157) -> float_type, {1, 1024, 14, 14}, {200704, 196, 14, 1}, target_id=0
@159 = hip::hip_copy_literal[id=main:@literal:44] -> float_type, {1024}, {1}, target_id=0
@160 = hip::hip_copy_literal[id=main:@literal:45] -> float_type, {1024, 256, 1, 1}, {256, 1, 1, 1}, target_id=0
@161 = hip::hip_copy_literal[id=main:@literal:46] -> float_type, {256}, {1}, target_id=0
@162 = hip::hip_copy_literal[id=main:@literal:47] -> float_type, {256, 256, 3, 3}, {2304, 9, 3, 1}, target_id=0
@163 = hip::hip_copy_literal[id=main:@literal:48] -> float_type, {256}, {1}, target_id=0
@164 = hip::hip_copy_literal[id=main:@literal:49] -> float_type, {256, 1024, 1, 1}, {1024, 1, 1, 1}, target_id=0
@165 = broadcast[axis=1,out_lens={1, 256, 14, 14}](@163) -> float_type, {1, 256, 14, 14}, {0, 1, 0, 0}, target_id=0
@166 = load[offset=200704,end=401408](@1) -> float_type, {1, 256, 14, 14}, {50176, 196, 14, 1}, target_id=0
@167 = gpu::code_object[code_object=5240,symbol_name=mlir_convolution_add_relu,global=14336,local=128,](@165,@158,@164,@166) -> float_type, {1, 256, 14, 14}, {50176, 196, 14, 1}, target_id=0
@168 = broadcast[axis=1,out_lens={1, 256, 14, 14}](@161) -> float_type, {1, 256, 14, 14}, {0, 1, 0, 0}, target_id=0
@169 = load[offset=0,end=200704](@1) -> float_type, {1, 256, 14, 14}, {50176, 196, 14, 1}, target_id=0
@170 = gpu::miopen_fusion[ops={{op=convolution[padding={1, 1, 1, 1},stride={1, 1},dilation={1, 1},group=1,padding_mode=0],alpha=1,beta=0}, {op=add,alpha=1,beta=0}, {op=relu,alpha=1,beta=0}}](@167,@162,@168,@169) -> float_type, {1, 256, 14, 14}, {50176, 196, 14, 1}, target_id=0
@171 = broadcast[axis=1,out_lens={1, 1024, 14, 14}](@159) -> float_type, {1, 1024, 14, 14}, {0, 1, 0, 0}, target_id=0
@172 = load[offset=1404928,end=2207744](@1) -> float_type, {1, 1024, 14, 14}, {200704, 196, 14, 1}, target_id=0
@173 = gpu::code_object[code_object=6208,symbol_name=mlir_convolution_add_add_relu,global=57344,local=256,](@171,@158,@170,@160,@172) -> float_type, {1, 1024, 14, 14}, {200704, 196, 14, 1}, target_id=0
@174 = hip::hip_copy_literal[id=main:@literal:26] -> float_type, {1024}, {1}, target_id=0
@175 = hip::hip_copy_literal[id=main:@literal:27] -> float_type, {1024, 256, 1, 1}, {256, 1, 1, 1}, target_id=0
@176 = hip::hip_copy_literal[id=main:@literal:28] -> float_type, {256}, {1}, target_id=0
@177 = hip::hip_copy_literal[id=main:@literal:29] -> float_type, {256, 256, 3, 3}, {2304, 9, 3, 1}, target_id=0
@178 = hip::hip_copy_literal[id=main:@literal:30] -> float_type, {256}, {1}, target_id=0
@179 = hip::hip_copy_literal[id=main:@literal:31] -> float_type, {256, 1024, 1, 1}, {1024, 1, 1, 1}, target_id=0
@180 = hip::hip_copy_literal[id=main:@literal:32] -> float_type, {1024}, {1}, target_id=0
@181 = hip::hip_copy_literal[id=main:@literal:33] -> float_type, {1024, 256, 1, 1}, {256, 1, 1, 1}, target_id=0
@182 = hip::hip_copy_literal[id=main:@literal:34] -> float_type, {256}, {1}, target_id=0
@183 = hip::hip_copy_literal[id=main:@literal:35] -> float_type, {256, 256, 3, 3}, {2304, 9, 3, 1}, target_id=0
@184 = hip::hip_copy_literal[id=main:@literal:36] -> float_type, {256}, {1}, target_id=0
@185 = hip::hip_copy_literal[id=main:@literal:37] -> float_type, {256, 1024, 1, 1}, {1024, 1, 1, 1}, target_id=0
@186 = hip::hip_copy_literal[id=main:@literal:38] -> float_type, {1024}, {1}, target_id=0
@187 = hip::hip_copy_literal[id=main:@literal:39] -> float_type, {1024, 256, 1, 1}, {256, 1, 1, 1}, target_id=0
@188 = hip::hip_copy_literal[id=main:@literal:40] -> float_type, {256}, {1}, target_id=0
@189 = hip::hip_copy_literal[id=main:@literal:41] -> float_type, {256, 256, 3, 3}, {2304, 9, 3, 1}, target_id=0
@190 = hip::hip_copy_literal[id=main:@literal:42] -> float_type, {256}, {1}, target_id=0
@191 = hip::hip_copy_literal[id=main:@literal:43] -> float_type, {256, 1024, 1, 1}, {1024, 1, 1, 1}, target_id=0
@192 = broadcast[axis=1,out_lens={1, 256, 14, 14}](@190) -> float_type, {1, 256, 14, 14}, {0, 1, 0, 0}, target_id=0
@193 = load[offset=401408,end=602112](@1) -> float_type, {1, 256, 14, 14}, {50176, 196, 14, 1}, target_id=0
@194 = gpu::code_object[code_object=5240,symbol_name=mlir_convolution_add_relu,global=14336,local=128,](@192,@173,@191,@193) -> float_type, {1, 256, 14, 14}, {50176, 196, 14, 1}, target_id=0
@195 = broadcast[axis=1,out_lens={1, 256, 14, 14}](@188) -> float_type, {1, 256, 14, 14}, {0, 1, 0, 0}, target_id=0
@196 = load[offset=200704,end=401408](@1) -> float_type, {1, 256, 14, 14}, {50176, 196, 14, 1}, target_id=0
@197 = gpu::miopen_fusion[ops={{op=convolution[padding={1, 1, 1, 1},stride={1, 1},dilation={1, 1},group=1,padding_mode=0],alpha=1,beta=0}, {op=add,alpha=1,beta=0}, {op=relu,alpha=1,beta=0}}](@194,@189,@195,@196) -> float_type, {1, 256, 14, 14}, {50176, 196, 14, 1}, target_id=0
@198 = broadcast[axis=1,out_lens={1, 1024, 14, 14}](@186) -> float_type, {1, 1024, 14, 14}, {0, 1, 0, 0}, target_id=0
@199 = load[offset=602112,end=1404928](@1) -> float_type, {1, 1024, 14, 14}, {200704, 196, 14, 1}, target_id=0
@200 = gpu::code_object[code_object=6208,symbol_name=mlir_convolution_add_add_relu,global=57344,local=256,](@198,@173,@197,@187,@199) -> float_type, {1, 1024, 14, 14}, {200704, 196, 14, 1}, target_id=0
@201 = broadcast[axis=1,out_lens={1, 256, 14, 14}](@184) -> float_type, {1, 256, 14, 14}, {0, 1, 0, 0}, target_id=0
@202 = load[offset=200704,end=401408](@1) -> float_type, {1, 256, 14, 14}, {50176, 196, 14, 1}, target_id=0
@203 = gpu::code_object[code_object=5240,symbol_name=mlir_convolution_add_relu,global=14336,local=128,](@201,@200,@185,@202) -> float_type, {1, 256, 14, 14}, {50176, 196, 14, 1}, target_id=0
@204 = broadcast[axis=1,out_lens={1, 256, 14, 14}](@182) -> float_type, {1, 256, 14, 14}, {0, 1, 0, 0}, target_id=0
@205 = load[offset=0,end=200704](@1) -> float_type, {1, 256, 14, 14}, {50176, 196, 14, 1}, target_id=0
@206 = gpu::miopen_fusion[ops={{op=convolution[padding={1, 1, 1, 1},stride={1, 1},dilation={1, 1},group=1,padding_mode=0],alpha=1,beta=0}, {op=add,alpha=1,beta=0}, {op=relu,alpha=1,beta=0}}](@203,@183,@204,@205) -> float_type, {1, 256, 14, 14}, {50176, 196, 14, 1}, target_id=0
@207 = broadcast[axis=1,out_lens={1, 1024, 14, 14}](@180) -> float_type, {1, 1024, 14, 14}, {0, 1, 0, 0}, target_id=0
@208 = load[offset=1404928,end=2207744](@1) -> float_type, {1, 1024, 14, 14}, {200704, 196, 14, 1}, target_id=0
@209 = gpu::code_object[code_object=6208,symbol_name=mlir_convolution_add_add_relu,global=57344,local=256,](@207,@200,@206,@181,@208) -> float_type, {1, 1024, 14, 14}, {200704, 196, 14, 1}, target_id=0
@210 = broadcast[axis=1,out_lens={1, 256, 14, 14}](@178) -> float_type, {1, 256, 14, 14}, {0, 1, 0, 0}, target_id=0
@211 = load[offset=0,end=200704](@1) -> float_type, {1, 256, 14, 14}, {50176, 196, 14, 1}, target_id=0
@212 = gpu::code_object[code_object=5240,symbol_name=mlir_convolution_add_relu,global=14336,local=128,](@210,@209,@179,@211) -> float_type, {1, 256, 14, 14}, {50176, 196, 14, 1}, target_id=0
@213 = broadcast[axis=1,out_lens={1, 256, 14, 14}](@176) -> float_type, {1, 256, 14, 14}, {0, 1, 0, 0}, target_id=0
@214 = load[offset=802816,end=1003520](@1) -> float_type, {1, 256, 14, 14}, {50176, 196, 14, 1}, target_id=0
@215 = gpu::miopen_fusion[ops={{op=convolution[padding={1, 1, 1, 1},stride={1, 1},dilation={1, 1},group=1,padding_mode=0],alpha=1,beta=0}, {op=add,alpha=1,beta=0}, {op=relu,alpha=1,beta=0}}](@212,@177,@213,@214) -> float_type, {1, 256, 14, 14}, {50176, 196, 14, 1}, target_id=0
@216 = broadcast[axis=1,out_lens={1, 1024, 14, 14}](@174) -> float_type, {1, 1024, 14, 14}, {0, 1, 0, 0}, target_id=0
@217 = load[offset=0,end=802816](@1) -> float_type, {1, 1024, 14, 14}, {200704, 196, 14, 1}, target_id=0
@218 = gpu::code_object[code_object=6208,symbol_name=mlir_convolution_add_add_relu,global=57344,local=256,](@216,@209,@215,@175,@217) -> float_type, {1, 1024, 14, 14}, {200704, 196, 14, 1}, target_id=0
@219 = hip::hip_copy_literal[id=main:@literal:23] -> float_type, {512, 512, 3, 3}, {4608, 9, 3, 1}, target_id=0
@220 = hip::hip_copy_literal[id=main:@literal:24] -> float_type, {512}, {1}, target_id=0
@221 = hip::hip_copy_literal[id=main:@literal:25] -> float_type, {512, 1024, 1, 1}, {1024, 1, 1, 1}, target_id=0
@222 = broadcast[axis=1,out_lens={1, 512, 14, 14}](@220) -> float_type, {1, 512, 14, 14}, {0, 1, 0, 0}, target_id=0
@223 = load[offset=10842112,end=11243520](@1) -> float_type, {1, 512, 14, 14}, {100352, 196, 14, 1}, target_id=0
@224 = gpu::code_object[code_object=4960,symbol_name=mlir_convolution_add_relu,global=28672,local=256,](@222,@218,@221,@223) -> float_type, {1, 512, 14, 14}, {100352, 196, 14, 1}, target_id=0
@225 = load[offset=903168,end=10842112](@1) -> int8_type, {9938944}, {1}, target_id=0
@226 = load[offset=802816,end=903168](@1) -> float_type, {1, 512, 7, 7}, {25088, 49, 7, 1}, target_id=0
@227 = gpu::convolution[op={padding={1, 1, 1, 1},stride={2, 2},dilation={1, 1},group=1,padding_mode=0},solution_object={binary_object: 555},algo=0,solution_id=0](@224,@219,@225,@226) -> float_type, {1, 512, 7, 7}, {25088, 49, 7, 1}, target_id=0
@228 = hip::hip_copy_literal[id=main:@literal:9] -> float_type, {2048}, {1}, target_id=0
@229 = hip::hip_copy_literal[id=main:@literal:7] -> float_type, {2048, 1536, 1, 1}, {1536, 1, 1, 1}, target_id=0
@230 = hip::hip_copy_literal[id=main:@literal:22] -> float_type, {512}, {1}, target_id=0
@231 = broadcast[axis=1,out_lens={1, 512, 7, 7}](@230) -> float_type, {1, 512, 7, 7}, {0, 1, 0, 0}, target_id=0
@232 = load[offset=903168,end=1003520](@1) -> float_type, {1, 512, 7, 7}, {25088, 49, 7, 1}, target_id=0
@233 = gpu::code_object[code_object=3824,symbol_name=add_relu_kernel,global=25088,local=1024,](@227,@231,@232) -> float_type, {1, 512, 7, 7}, {25088, 49, 7, 1}, target_id=0
@234 = load[offset=1003520,end=1304576](@1) -> float_type, {1, 1536, 7, 7}, {75264, 49, 7, 1}, target_id=0
@235 = step[axes={2, 3},steps={2, 2}](@218) -> float_type, {1, 1024, 7, 7}, {200704, 196, 28, 2}, target_id=0
@236 = gpu::code_object[code_object=3816,symbol_name=concat_kernel,global=37632,local=1024,](@233,@235,@234) -> float_type, {1, 1536, 7, 7}, {75264, 49, 7, 1}, target_id=0
@237 = load[offset=1304576,end=1705984](@1) -> float_type, {1, 2048, 7, 7}, {100352, 49, 7, 1}, target_id=0
@238 = broadcast[axis=1,out_lens={1, 2048, 7, 7}](@228) -> float_type, {1, 2048, 7, 7}, {0, 1, 0, 0}, target_id=0
@239 = gpu::code_object[code_object=4472,symbol_name=mlir_convolution_add_relu,global=32768,local=256,](@238,@236,@229,@237) -> float_type, {1, 2048, 7, 7}, {100352, 49, 7, 1}, target_id=0
@240 = hip::hip_copy_literal[id=main:@literal:16] -> float_type, {2048}, {1}, target_id=0
@241 = hip::hip_copy_literal[id=main:@literal:17] -> float_type, {2048, 512, 1, 1}, {512, 1, 1, 1}, target_id=0
@242 = hip::hip_copy_literal[id=main:@literal:18] -> float_type, {512}, {1}, target_id=0
@243 = hip::hip_copy_literal[id=main:@literal:19] -> float_type, {512, 512, 3, 3}, {4608, 9, 3, 1}, target_id=0
@244 = hip::hip_copy_literal[id=main:@literal:20] -> float_type, {512}, {1}, target_id=0
@245 = hip::hip_copy_literal[id=main:@literal:21] -> float_type, {512, 2048, 1, 1}, {2048, 1, 1, 1}, target_id=0
@246 = broadcast[axis=1,out_lens={1, 512, 7, 7}](@244) -> float_type, {1, 512, 7, 7}, {0, 1, 0, 0}, target_id=0
@247 = load[offset=100352,end=200704](@1) -> float_type, {1, 512, 7, 7}, {25088, 49, 7, 1}, target_id=0
@248 = gpu::code_object[code_object=5112,symbol_name=mlir_convolution_add_relu,global=8192,local=256,](@246,@239,@245,@247) -> float_type, {1, 512, 7, 7}, {25088, 49, 7, 1}, target_id=0
@249 = broadcast[axis=1,out_lens={1, 512, 7, 7}](@242) -> float_type, {1, 512, 7, 7}, {0, 1, 0, 0}, target_id=0
@250 = load[offset=0,end=100352](@1) -> float_type, {1, 512, 7, 7}, {25088, 49, 7, 1}, target_id=0
@251 = gpu::miopen_fusion[ops={{op=convolution[padding={1, 1, 1, 1},stride={1, 1},dilation={1, 1},group=1,padding_mode=0],alpha=1,beta=0}, {op=add,alpha=1,beta=0}, {op=relu,alpha=1,beta=0}}](@248,@243,@249,@250) -> float_type, {1, 512, 7, 7}, {25088, 49, 7, 1}, target_id=0
@252 = broadcast[axis=1,out_lens={1, 2048, 7, 7}](@240) -> float_type, {1, 2048, 7, 7}, {0, 1, 0, 0}, target_id=0
@253 = load[offset=501760,end=903168](@1) -> float_type, {1, 2048, 7, 7}, {100352, 49, 7, 1}, target_id=0
@254 = gpu::code_object[code_object=5192,symbol_name=mlir_convolution_add_add_relu,global=32768,local=256,](@252,@239,@251,@241,@253) -> float_type, {1, 2048, 7, 7}, {100352, 49, 7, 1}, target_id=0
@255 = hip::hip_copy_literal[id=main:@literal:11] -> float_type, {2048, 512, 1, 1}, {512, 1, 1, 1}, target_id=0
@256 = hip::hip_copy_literal[id=main:@literal:12] -> float_type, {512}, {1}, target_id=0
@257 = hip::hip_copy_literal[id=main:@literal:13] -> float_type, {512, 512, 3, 3}, {4608, 9, 3, 1}, target_id=0
@258 = hip::hip_copy_literal[id=main:@literal:14] -> float_type, {512}, {1}, target_id=0
@259 = hip::hip_copy_literal[id=main:@literal:15] -> float_type, {512, 2048, 1, 1}, {2048, 1, 1, 1}, target_id=0
@260 = broadcast[axis=1,out_lens={1, 512, 7, 7}](@258) -> float_type, {1, 512, 7, 7}, {0, 1, 0, 0}, target_id=0
@261 = load[offset=100352,end=200704](@1) -> float_type, {1, 512, 7, 7}, {25088, 49, 7, 1}, target_id=0
@262 = gpu::code_object[code_object=5112,symbol_name=mlir_convolution_add_relu,global=8192,local=256,](@260,@254,@259,@261) -> float_type, {1, 512, 7, 7}, {25088, 49, 7, 1}, target_id=0
@263 = broadcast[axis=1,out_lens={1, 512, 7, 7}](@256) -> float_type, {1, 512, 7, 7}, {0, 1, 0, 0}, target_id=0
@264 = load[offset=0,end=100352](@1) -> float_type, {1, 512, 7, 7}, {25088, 49, 7, 1}, target_id=0
@265 = gpu::miopen_fusion[ops={{op=convolution[padding={1, 1, 1, 1},stride={1, 1},dilation={1, 1},group=1,padding_mode=0],alpha=1,beta=0}, {op=add,alpha=1,beta=0}, {op=relu,alpha=1,beta=0}}](@262,@257,@263,@264) -> float_type, {1, 512, 7, 7}, {25088, 49, 7, 1}, target_id=0
@266 = load[offset=0,end=0](@1) -> int8_type, {0}, {1}, target_id=0
@267 = load[offset=903168,end=1304576](@1) -> float_type, {1, 2048, 7, 7}, {100352, 49, 7, 1}, target_id=0
@268 = gpu::convolution[op={padding={0, 0, 0, 0},stride={1, 1},dilation={1, 1},group=1,padding_mode=0},solution_object={binary_object: 455},algo=0,solution_id=0](@265,@255,@266,@267) -> float_type, {1, 2048, 7, 7}, {100352, 49, 7, 1}, target_id=0
@269 = hip::hip_copy_literal[id=main:@literal:0] -> float_type, {1, 1000}, {1000, 1}, target_id=0
@270 = hip::hip_copy_literal[id=main:@literal:10] -> float_type, {2048}, {1}, target_id=0
@271 = hip::hip_copy_literal[id=main:@literal:1] -> float_type, {2048, 1000}, {1000, 1}, target_id=0
@272 = broadcast[axis=1,out_lens={1, 2048, 7, 7}](@270) -> float_type, {1, 2048, 7, 7}, {0, 1, 0, 0}, target_id=0
@273 = load[offset=0,end=8192](@1) -> float_type, {1, 2048, 1, 1}, {2048, 1, 1, 1}, target_id=0
@274 = gpu::code_object[code_object=4024,symbol_name=add_add_relu_reduce_mean_kernel,global=131072,local=64,](@268,@272,@254,@273) -> float_type, {1, 2048, 1, 1}, {2048, 1, 1, 1}, target_id=0
main:#output_0 = @param:main:#output_0 -> float_type, {1, 1000}, {1000, 1}, target_id=0
@276 = flatten[axis=1](@274) -> float_type, {1, 2048}, {2048, 1}, target_id=0
@277 = gpu::gemm[alpha=1,beta=1,compute_fp32=1,trans_batch=0,solution_idx=0](@276,@271,@269,main:#output_0) -> float_type, {1, 1000}, {1000, 1}, target_id=0
@278 = @return(@277), target_id=0


Allocating params ... 
Running performance report ... 
@0 = check_context::migraphx::gpu::context -> float_type, {}, {}, target_id=0: 0.0010964ms, 1%
@1 = hip::hip_allocate_memory[shape=int8_type, {11243520}, {1},id=main:scratch] -> int8_type, {11243520}, {1}, target_id=0: 0.0010536ms, 1%
@2 = hip::hip_copy_literal[id=main:@literal:98] -> float_type, {64}, {1}, target_id=0: 0.0008282ms, 1%
@3 = hip::hip_copy_literal[id=main:@literal:99] -> float_type, {64, 3, 7, 7}, {147, 49, 7, 1}, target_id=0: 0.0006031ms, 1%
@4 = load[offset=3211264,end=6422528](@1) -> float_type, {1, 64, 112, 112}, {802816, 12544, 112, 1}, target_id=0: 0.00088576ms, 1%
@5 = broadcast[axis=1,out_lens={1, 64, 112, 112}](@2) -> float_type, {1, 64, 112, 112}, {0, 1, 0, 0}, target_id=0: 0.00095398ms, 1%
input.1 = @param:input.1 -> float_type, {1, 3, 224, 224}, {150528, 50176, 224, 1}, target_id=0: 0.0006188ms, 1%
@7 = gpu::code_object[code_object=6536,symbol_name=mlir_convolution_add_relu,global=25088,local=256,](@5,input.1,@3,@4) -> float_type, {1, 64, 112, 112}, {802816, 12544, 112, 1}, target_id=0: 0.0466003ms, 2%
@8 = load[offset=2408448,end=3211264](@1) -> float_type, {1, 64, 56, 56}, {200704, 3136, 56, 1}, target_id=0: 0.0008114ms, 1%
@9 = gpu::pooling[mode=max,padding={1, 1, 1, 1},padding_mode=0,stride={2, 2},lengths={3, 3},dilations={1, 1},ceil_mode=0,lp_order=2,dyn_global=0](@7,@8) -> float_type, {1, 64, 56, 56}, {200704, 3136, 56, 1}, target_id=0: 0.0625641ms, 3%
@10 = hip::hip_copy_literal[id=main:@literal:96] -> float_type, {64}, {1}, target_id=0: 0.00087192ms, 1%
@11 = hip::hip_copy_literal[id=main:@literal:97] -> float_type, {64, 64, 1, 1}, {64, 1, 1, 1}, target_id=0: 0.00078282ms, 1%
@12 = broadcast[axis=1,out_lens={1, 64, 56, 56}](@10) -> float_type, {1, 64, 56, 56}, {0, 1, 0, 0}, target_id=0: 0.00105436ms, 1%
@13 = load[offset=802816,end=1605632](@1) -> float_type, {1, 64, 56, 56}, {200704, 3136, 56, 1}, target_id=0: 0.00072852ms, 1%
@14 = gpu::code_object[code_object=5880,symbol_name=mlir_convolution_add_relu,global=25088,local=256,](@12,@9,@11,@13) -> float_type, {1, 64, 56, 56}, {200704, 3136, 56, 1}, target_id=0: 0.0258393ms, 1%
@15 = hip::hip_copy_literal[id=main:@literal:3] -> float_type, {256, 128, 1, 1}, {128, 1, 1, 1}, target_id=0: 0.00074344ms, 1%
@16 = hip::hip_copy_literal[id=main:@literal:94] -> float_type, {64}, {1}, target_id=0: 0.00065302ms, 1%
@17 = hip::hip_copy_literal[id=main:@literal:95] -> float_type, {64, 64, 3, 3}, {576, 9, 3, 1}, target_id=0: 0.00079962ms, 1%
@18 = load[offset=0,end=802816](@1) -> float_type, {1, 64, 56, 56}, {200704, 3136, 56, 1}, target_id=0: 0.0007256ms, 1%
@19 = broadcast[axis=1,out_lens={1, 64, 56, 56}](@16) -> float_type, {1, 64, 56, 56}, {0, 1, 0, 0}, target_id=0: 0.00090492ms, 1%
@20 = gpu::miopen_fusion[ops={{op=convolution[padding={1, 1, 1, 1},stride={1, 1},dilation={1, 1},group=1,padding_mode=0],alpha=1,beta=0}, {op=add,alpha=1,beta=0}, {op=relu,alpha=1,beta=0}}](@14,@17,@19,@18) -> float_type, {1, 64, 56, 56}, {200704, 3136, 56, 1}, target_id=0: 0.0559323ms, 2%
@21 = load[offset=4014080,end=5619712](@1) -> float_type, {1, 128, 56, 56}, {401408, 3136, 56, 1}, target_id=0: 0.000843ms, 1%
@22 = gpu::code_object[code_object=3800,symbol_name=concat_kernel,global=100352,local=1024,](@20,@9,@21) -> float_type, {1, 128, 56, 56}, {401408, 3136, 56, 1}, target_id=0: 0.0201671ms, 1%
@23 = hip::hip_copy_literal[id=main:@literal:2] -> float_type, {256}, {1}, target_id=0: 0.00078366ms, 1%
@24 = broadcast[axis=1,out_lens={1, 256, 56, 56}](@23) -> float_type, {1, 256, 56, 56}, {0, 1, 0, 0}, target_id=0: 0.00089326ms, 1%
@25 = load[offset=802816,end=4014080](@1) -> float_type, {1, 256, 56, 56}, {802816, 3136, 56, 1}, target_id=0: 0.00065206ms, 1%
@26 = gpu::code_object[code_object=6856,symbol_name=mlir_convolution_add_relu,global=25600,local=256,](@24,@22,@15,@25) -> float_type, {1, 256, 56, 56}, {802816, 3136, 56, 1}, target_id=0: 0.0383643ms, 2%
@27 = hip::hip_copy_literal[id=main:@literal:92] -> float_type, {64}, {1}, target_id=0: 0.00078336ms, 1%
@28 = hip::hip_copy_literal[id=main:@literal:93] -> float_type, {64, 256, 1, 1}, {256, 1, 1, 1}, target_id=0: 0.00060832ms, 1%
@29 = load[offset=4816896,end=5619712](@1) -> float_type, {1, 64, 56, 56}, {200704, 3136, 56, 1}, target_id=0: 0.00066094ms, 1%
@30 = broadcast[axis=1,out_lens={1, 64, 56, 56}](@27) -> float_type, {1, 64, 56, 56}, {0, 1, 0, 0}, target_id=0: 0.00088456ms, 1%
@31 = gpu::code_object[code_object=5928,symbol_name=mlir_convolution_add_relu,global=50176,local=256,](@30,@26,@28,@29) -> float_type, {1, 64, 56, 56}, {200704, 3136, 56, 1}, target_id=0: 0.0264984ms, 1%
@32 = hip::hip_copy_literal[id=main:@literal:90] -> float_type, {64}, {1}, target_id=0: 0.00076054ms, 1%
@33 = hip::hip_copy_literal[id=main:@literal:91] -> float_type, {64, 64, 3, 3}, {576, 9, 3, 1}, target_id=0: 0.00064212ms, 1%
@34 = load[offset=4014080,end=4816896](@1) -> float_type, {1, 64, 56, 56}, {200704, 3136, 56, 1}, target_id=0: 0.00065794ms, 1%
@35 = broadcast[axis=1,out_lens={1, 64, 56, 56}](@32) -> float_type, {1, 64, 56, 56}, {0, 1, 0, 0}, target_id=0: 0.00087336ms, 1%
@36 = gpu::miopen_fusion[ops={{op=convolution[padding={1, 1, 1, 1},stride={1, 1},dilation={1, 1},group=1,padding_mode=0],alpha=1,beta=0}, {op=add,alpha=1,beta=0}, {op=relu,alpha=1,beta=0}}](@31,@33,@35,@34) -> float_type, {1, 64, 56, 56}, {200704, 3136, 56, 1}, target_id=0: 0.0473693ms, 2%
@37 = hip::hip_copy_literal[id=main:@literal:88] -> float_type, {256}, {1}, target_id=0: 0.00086548ms, 1%
@38 = hip::hip_copy_literal[id=main:@literal:89] -> float_type, {256, 64, 1, 1}, {64, 1, 1, 1}, target_id=0: 0.00068938ms, 1%
@39 = load[offset=7225344,end=10436608](@1) -> float_type, {1, 256, 56, 56}, {802816, 3136, 56, 1}, target_id=0: 0.0007445ms, 1%
@40 = broadcast[axis=1,out_lens={1, 256, 56, 56}](@37) -> float_type, {1, 256, 56, 56}, {0, 1, 0, 0}, target_id=0: 0.00088024ms, 1%
@41 = gpu::code_object[code_object=4232,symbol_name=mlir_convolution_add_add_relu,global=200704,local=256,](@40,@26,@36,@38,@39) -> float_type, {1, 256, 56, 56}, {802816, 3136, 56, 1}, target_id=0: 0.0278586ms, 1%
@42 = hip::hip_copy_literal[id=main:@literal:86] -> float_type, {64}, {1}, target_id=0: 0.00077122ms, 1%
@43 = hip::hip_copy_literal[id=main:@literal:87] -> float_type, {64, 256, 1, 1}, {256, 1, 1, 1}, target_id=0: 0.00061682ms, 1%
@44 = load[offset=802816,end=1605632](@1) -> float_type, {1, 64, 56, 56}, {200704, 3136, 56, 1}, target_id=0: 0.00067408ms, 1%
@45 = broadcast[axis=1,out_lens={1, 64, 56, 56}](@42) -> float_type, {1, 64, 56, 56}, {0, 1, 0, 0}, target_id=0: 0.00086278ms, 1%
@46 = gpu::code_object[code_object=5928,symbol_name=mlir_convolution_add_relu,global=50176,local=256,](@45,@41,@43,@44) -> float_type, {1, 64, 56, 56}, {200704, 3136, 56, 1}, target_id=0: 0.0265356ms, 1%
@47 = hip::hip_copy_literal[id=main:@literal:84] -> float_type, {64}, {1}, target_id=0: 0.00079334ms, 1%
@48 = hip::hip_copy_literal[id=main:@literal:85] -> float_type, {64, 64, 3, 3}, {576, 9, 3, 1}, target_id=0: 0.0006519ms, 1%
@49 = load[offset=0,end=802816](@1) -> float_type, {1, 64, 56, 56}, {200704, 3136, 56, 1}, target_id=0: 0.000666ms, 1%
@50 = broadcast[axis=1,out_lens={1, 64, 56, 56}](@47) -> float_type, {1, 64, 56, 56}, {0, 1, 0, 0}, target_id=0: 0.0008412ms, 1%
@51 = gpu::miopen_fusion[ops={{op=convolution[padding={1, 1, 1, 1},stride={1, 1},dilation={1, 1},group=1,padding_mode=0],alpha=1,beta=0}, {op=add,alpha=1,beta=0}, {op=relu,alpha=1,beta=0}}](@46,@48,@50,@49) -> float_type, {1, 64, 56, 56}, {200704, 3136, 56, 1}, target_id=0: 0.0446774ms, 2%
@52 = hip::hip_copy_literal[id=main:@literal:82] -> float_type, {256}, {1}, target_id=0: 0.00081644ms, 1%
@53 = hip::hip_copy_literal[id=main:@literal:83] -> float_type, {256, 64, 1, 1}, {64, 1, 1, 1}, target_id=0: 0.00066382ms, 1%
@54 = load[offset=4014080,end=7225344](@1) -> float_type, {1, 256, 56, 56}, {802816, 3136, 56, 1}, target_id=0: 0.0007332ms, 1%
@55 = broadcast[axis=1,out_lens={1, 256, 56, 56}](@52) -> float_type, {1, 256, 56, 56}, {0, 1, 0, 0}, target_id=0: 0.0008984ms, 1%
@56 = gpu::code_object[code_object=4232,symbol_name=mlir_convolution_add_add_relu,global=200704,local=256,](@55,@41,@51,@53,@54) -> float_type, {1, 256, 56, 56}, {802816, 3136, 56, 1}, target_id=0: 0.0274116ms, 1%
@57 = hip::hip_copy_literal[id=main:@literal:80] -> float_type, {128}, {1}, target_id=0: 0.00075112ms, 1%
@58 = hip::hip_copy_literal[id=main:@literal:81] -> float_type, {128, 256, 1, 1}, {256, 1, 1, 1}, target_id=0: 0.00062994ms, 1%
@59 = load[offset=2007040,end=3612672](@1) -> float_type, {1, 128, 56, 56}, {401408, 3136, 56, 1}, target_id=0: 0.00064136ms, 1%
@60 = broadcast[axis=1,out_lens={1, 128, 56, 56}](@57) -> float_type, {1, 128, 56, 56}, {0, 1, 0, 0}, target_id=0: 0.00085932ms, 1%
@61 = gpu::code_object[code_object=5232,symbol_name=mlir_convolution_add_relu,global=25088,local=128,](@60,@56,@58,@59) -> float_type, {1, 128, 56, 56}, {401408, 3136, 56, 1}, target_id=0: 0.0353125ms, 2%
@62 = hip::hip_copy_literal[id=main:@literal:79] -> float_type, {128, 128, 3, 3}, {1152, 9, 3, 1}, target_id=0: 0.00073608ms, 1%
@63 = load[offset=0,end=0](@1) -> int8_type, {0}, {1}, target_id=0: 0.00069286ms, 1%
@64 = load[offset=1605632,end=2007040](@1) -> float_type, {1, 128, 28, 28}, {100352, 784, 28, 1}, target_id=0: 0.0006283ms, 1%
@65 = gpu::convolution[op={padding={1, 1, 1, 1},stride={2, 2},dilation={1, 1},group=1,padding_mode=0},solution_object={binary_object: 457},algo=0,solution_id=0](@61,@62,@63,@64) -> float_type, {1, 128, 28, 28}, {100352, 784, 28, 1}, target_id=0: 0.0634316ms, 3%
@66 = hip::hip_copy_literal[id=main:@literal:78] -> float_type, {128}, {1}, target_id=0: 0.00090136ms, 1%
@67 = load[offset=0,end=401408](@1) -> float_type, {1, 128, 28, 28}, {100352, 784, 28, 1}, target_id=0: 0.00077298ms, 1%
@68 = broadcast[axis=1,out_lens={1, 128, 28, 28}](@66) -> float_type, {1, 128, 28, 28}, {0, 1, 0, 0}, target_id=0: 0.00094666ms, 1%
@69 = gpu::code_object[code_object=3832,symbol_name=add_relu_kernel,global=50176,local=1024,](@65,@68,@67) -> float_type, {1, 128, 28, 28}, {100352, 784, 28, 1}, target_id=0: 0.0182593ms, 1%
@70 = step[axes={2, 3},steps={2, 2}](@56) -> float_type, {1, 256, 28, 28}, {802816, 3136, 112, 2}, target_id=0: 0.00134996ms, 1%
@71 = load[offset=802816,end=2007040](@1) -> float_type, {1, 384, 28, 28}, {301056, 784, 28, 1}, target_id=0: 0.000662ms, 1%
@72 = gpu::code_object[code_object=4048,symbol_name=concat_kernel,global=150528,local=1024,](@69,@70,@71) -> float_type, {1, 384, 28, 28}, {301056, 784, 28, 1}, target_id=0: 0.0204917ms, 1%
@73 = hip::hip_copy_literal[id=main:@literal:5] -> float_type, {512, 384, 1, 1}, {384, 1, 1, 1}, target_id=0: 0.0007504ms, 1%
@74 = hip::hip_copy_literal[id=main:@literal:4] -> float_type, {512}, {1}, target_id=0: 0.00061014ms, 1%
@75 = load[offset=2809856,end=4415488](@1) -> float_type, {1, 512, 28, 28}, {401408, 784, 28, 1}, target_id=0: 0.00089886ms, 1%
@76 = broadcast[axis=1,out_lens={1, 512, 28, 28}](@74) -> float_type, {1, 512, 28, 28}, {0, 1, 0, 0}, target_id=0: 0.00078104ms, 1%
@77 = gpu::code_object[code_object=5584,symbol_name=mlir_convolution_add_relu,global=26624,local=256,](@76,@72,@73,@75) -> float_type, {1, 512, 28, 28}, {401408, 784, 28, 1}, target_id=0: 0.0374871ms, 2%
@78 = hip::hip_copy_literal[id=main:@literal:76] -> float_type, {128}, {1}, target_id=0: 0.0007934ms, 1%
@79 = hip::hip_copy_literal[id=main:@literal:77] -> float_type, {128, 512, 1, 1}, {512, 1, 1, 1}, target_id=0: 0.00060946ms, 1%
@80 = broadcast[axis=1,out_lens={1, 128, 28, 28}](@78) -> float_type, {1, 128, 28, 28}, {0, 1, 0, 0}, target_id=0: 0.00088338ms, 1%
@81 = load[offset=802816,end=1204224](@1) -> float_type, {1, 128, 28, 28}, {100352, 784, 28, 1}, target_id=0: 0.00067056ms, 1%
@82 = gpu::code_object[code_object=4952,symbol_name=mlir_convolution_add_relu,global=25600,local=256,](@80,@77,@79,@81) -> float_type, {1, 128, 28, 28}, {100352, 784, 28, 1}, target_id=0: 0.0289512ms, 2%
@83 = hip::hip_copy_literal[id=main:@literal:74] -> float_type, {128}, {1}, target_id=0: 0.00079222ms, 1%
@84 = hip::hip_copy_literal[id=main:@literal:75] -> float_type, {128, 128, 3, 3}, {1152, 9, 3, 1}, target_id=0: 0.00061974ms, 1%
@85 = broadcast[axis=1,out_lens={1, 128, 28, 28}](@83) -> float_type, {1, 128, 28, 28}, {0, 1, 0, 0}, target_id=0: 0.00086898ms, 1%
@86 = load[offset=401408,end=802816](@1) -> float_type, {1, 128, 28, 28}, {100352, 784, 28, 1}, target_id=0: 0.000676ms, 1%
@87 = gpu::miopen_fusion[ops={{op=convolution[padding={1, 1, 1, 1},stride={1, 1},dilation={1, 1},group=1,padding_mode=0],alpha=1,beta=0}, {op=add,alpha=1,beta=0}, {op=relu,alpha=1,beta=0}}](@82,@84,@85,@86) -> float_type, {1, 128, 28, 28}, {100352, 784, 28, 1}, target_id=0: 0.0607207ms, 3%
@88 = hip::hip_copy_literal[id=main:@literal:72] -> float_type, {512}, {1}, target_id=0: 0.0008187ms, 1%
@89 = hip::hip_copy_literal[id=main:@literal:73] -> float_type, {512, 128, 1, 1}, {128, 1, 1, 1}, target_id=0: 0.00062204ms, 1%
@90 = broadcast[axis=1,out_lens={1, 512, 28, 28}](@88) -> float_type, {1, 512, 28, 28}, {0, 1, 0, 0}, target_id=0: 0.00092804ms, 1%
@91 = load[offset=1204224,end=2809856](@1) -> float_type, {1, 512, 28, 28}, {401408, 784, 28, 1}, target_id=0: 0.0006967ms, 1%
@92 = gpu::code_object[code_object=5056,symbol_name=mlir_convolution_add_add_relu,global=102400,local=256,](@90,@77,@87,@89,@91) -> float_type, {1, 512, 28, 28}, {401408, 784, 28, 1}, target_id=0: 0.02696ms, 1%
@93 = hip::hip_copy_literal[id=main:@literal:70] -> float_type, {128}, {1}, target_id=0: 0.00077108ms, 1%
@94 = hip::hip_copy_literal[id=main:@literal:71] -> float_type, {128, 512, 1, 1}, {512, 1, 1, 1}, target_id=0: 0.00062866ms, 1%
@95 = broadcast[axis=1,out_lens={1, 128, 28, 28}](@93) -> float_type, {1, 128, 28, 28}, {0, 1, 0, 0}, target_id=0: 0.00083412ms, 1%
@96 = load[offset=802816,end=1204224](@1) -> float_type, {1, 128, 28, 28}, {100352, 784, 28, 1}, target_id=0: 0.00064188ms, 1%
@97 = gpu::code_object[code_object=4952,symbol_name=mlir_convolution_add_relu,global=25600,local=256,](@95,@92,@94,@96) -> float_type, {1, 128, 28, 28}, {100352, 784, 28, 1}, target_id=0: 0.0295157ms, 2%
@98 = hip::hip_copy_literal[id=main:@literal:68] -> float_type, {128}, {1}, target_id=0: 0.00076594ms, 1%
@99 = hip::hip_copy_literal[id=main:@literal:69] -> float_type, {128, 128, 3, 3}, {1152, 9, 3, 1}, target_id=0: 0.00068252ms, 1%
@100 = broadcast[axis=1,out_lens={1, 128, 28, 28}](@98) -> float_type, {1, 128, 28, 28}, {0, 1, 0, 0}, target_id=0: 0.00093924ms, 1%
@101 = load[offset=401408,end=802816](@1) -> float_type, {1, 128, 28, 28}, {100352, 784, 28, 1}, target_id=0: 0.00066628ms, 1%
@102 = gpu::miopen_fusion[ops={{op=convolution[padding={1, 1, 1, 1},stride={1, 1},dilation={1, 1},group=1,padding_mode=0],alpha=1,beta=0}, {op=add,alpha=1,beta=0}, {op=relu,alpha=1,beta=0}}](@97,@99,@100,@101) -> float_type, {1, 128, 28, 28}, {100352, 784, 28, 1}, target_id=0: 0.058085ms, 3%
@103 = hip::hip_copy_literal[id=main:@literal:66] -> float_type, {512}, {1}, target_id=0: 0.00081078ms, 1%
@104 = hip::hip_copy_literal[id=main:@literal:67] -> float_type, {512, 128, 1, 1}, {128, 1, 1, 1}, target_id=0: 0.00062188ms, 1%
@105 = broadcast[axis=1,out_lens={1, 512, 28, 28}](@103) -> float_type, {1, 512, 28, 28}, {0, 1, 0, 0}, target_id=0: 0.00091218ms, 1%
@106 = load[offset=5771264,end=7376896](@1) -> float_type, {1, 512, 28, 28}, {401408, 784, 28, 1}, target_id=0: 0.00067798ms, 1%
@107 = gpu::code_object[code_object=5056,symbol_name=mlir_convolution_add_add_relu,global=102400,local=256,](@105,@92,@102,@104,@106) -> float_type, {1, 512, 28, 28}, {401408, 784, 28, 1}, target_id=0: 0.0268538ms, 1%
@108 = hip::hip_copy_literal[id=main:@literal:64] -> float_type, {128}, {1}, target_id=0: 0.00076698ms, 1%
@109 = hip::hip_copy_literal[id=main:@literal:65] -> float_type, {128, 512, 1, 1}, {512, 1, 1, 1}, target_id=0: 0.00063594ms, 1%
@110 = broadcast[axis=1,out_lens={1, 128, 28, 28}](@108) -> float_type, {1, 128, 28, 28}, {0, 1, 0, 0}, target_id=0: 0.00082518ms, 1%
@111 = load[offset=401408,end=802816](@1) -> float_type, {1, 128, 28, 28}, {100352, 784, 28, 1}, target_id=0: 0.0006583ms, 1%
@112 = gpu::code_object[code_object=4952,symbol_name=mlir_convolution_add_relu,global=25600,local=256,](@110,@107,@109,@111) -> float_type, {1, 128, 28, 28}, {100352, 784, 28, 1}, target_id=0: 0.0294811ms, 2%
@113 = hip::hip_copy_literal[id=main:@literal:62] -> float_type, {128}, {1}, target_id=0: 0.00074178ms, 1%
@114 = hip::hip_copy_literal[id=main:@literal:63] -> float_type, {128, 128, 3, 3}, {1152, 9, 3, 1}, target_id=0: 0.00069542ms, 1%
@115 = broadcast[axis=1,out_lens={1, 128, 28, 28}](@113) -> float_type, {1, 128, 28, 28}, {0, 1, 0, 0}, target_id=0: 0.00091826ms, 1%
@116 = load[offset=0,end=401408](@1) -> float_type, {1, 128, 28, 28}, {100352, 784, 28, 1}, target_id=0: 0.00068584ms, 1%
@117 = gpu::miopen_fusion[ops={{op=convolution[padding={1, 1, 1, 1},stride={1, 1},dilation={1, 1},group=1,padding_mode=0],alpha=1,beta=0}, {op=add,alpha=1,beta=0}, {op=relu,alpha=1,beta=0}}](@112,@114,@115,@116) -> float_type, {1, 128, 28, 28}, {100352, 784, 28, 1}, target_id=0: 0.0580407ms, 3%
@118 = hip::hip_copy_literal[id=main:@literal:60] -> float_type, {512}, {1}, target_id=0: 0.00077796ms, 1%
@119 = hip::hip_copy_literal[id=main:@literal:61] -> float_type, {512, 128, 1, 1}, {128, 1, 1, 1}, target_id=0: 0.00064552ms, 1%
@120 = broadcast[axis=1,out_lens={1, 512, 28, 28}](@118) -> float_type, {1, 512, 28, 28}, {0, 1, 0, 0}, target_id=0: 0.0009106ms, 1%
@121 = load[offset=4165632,end=5771264](@1) -> float_type, {1, 512, 28, 28}, {401408, 784, 28, 1}, target_id=0: 0.00075966ms, 1%
@122 = gpu::code_object[code_object=5056,symbol_name=mlir_convolution_add_add_relu,global=102400,local=256,](@120,@107,@117,@119,@121) -> float_type, {1, 512, 28, 28}, {401408, 784, 28, 1}, target_id=0: 0.0268139ms, 1%
@123 = hip::hip_copy_literal[id=main:@literal:58] -> float_type, {256}, {1}, target_id=0: 0.00081984ms, 1%
@124 = hip::hip_copy_literal[id=main:@literal:59] -> float_type, {256, 512, 1, 1}, {512, 1, 1, 1}, target_id=0: 0.0006191ms, 1%
@125 = broadcast[axis=1,out_lens={1, 256, 28, 28}](@123) -> float_type, {1, 256, 28, 28}, {0, 1, 0, 0}, target_id=0: 0.00084526ms, 1%
@126 = load[offset=0,end=802816](@1) -> float_type, {1, 256, 28, 28}, {200704, 784, 28, 1}, target_id=0: 0.00065356ms, 1%
@127 = gpu::code_object[code_object=4928,symbol_name=mlir_convolution_add_relu,global=51200,local=256,](@125,@122,@124,@126) -> float_type, {1, 256, 28, 28}, {200704, 784, 28, 1}, target_id=0: 0.0327624ms, 2%
@128 = hip::hip_copy_literal[id=main:@literal:57] -> float_type, {256, 256, 3, 3}, {2304, 9, 3, 1}, target_id=0: 0.00072176ms, 1%
@129 = load[offset=5971968,end=9334784](@1) -> int8_type, {3362816}, {1}, target_id=0: 0.0006823ms, 1%
@130 = load[offset=5771264,end=5971968](@1) -> float_type, {1, 256, 14, 14}, {50176, 196, 14, 1}, target_id=0: 0.00066596ms, 1%
@131 = gpu::convolution[op={padding={1, 1, 1, 1},stride={2, 2},dilation={1, 1},group=1,padding_mode=0},solution_object={binary_object: 556},algo=0,solution_id=0](@127,@128,@129,@130) -> float_type, {1, 256, 14, 14}, {50176, 196, 14, 1}, target_id=0: 0.0771248ms, 3%
@132 = hip::hip_copy_literal[id=main:@literal:8] -> float_type, {1024, 768, 1, 1}, {768, 1, 1, 1}, target_id=0: 0.00088032ms, 1%
@133 = hip::hip_copy_literal[id=main:@literal:56] -> float_type, {256}, {1}, target_id=0: 0.00064176ms, 1%
@134 = broadcast[axis=1,out_lens={1, 256, 14, 14}](@133) -> float_type, {1, 256, 14, 14}, {0, 1, 0, 0}, target_id=0: 0.00102696ms, 1%
@135 = load[offset=0,end=200704](@1) -> float_type, {1, 256, 14, 14}, {50176, 196, 14, 1}, target_id=0: 0.00075128ms, 1%
@136 = gpu::code_object[code_object=3832,symbol_name=add_relu_kernel,global=25088,local=1024,](@131,@134,@135) -> float_type, {1, 256, 14, 14}, {50176, 196, 14, 1}, target_id=0: 0.0180114ms, 1%
@137 = hip::hip_copy_literal[id=main:@literal:6] -> float_type, {1024}, {1}, target_id=0: 0.00077986ms, 1%
@138 = step[axes={2, 3},steps={2, 2}](@122) -> float_type, {1, 512, 14, 14}, {401408, 784, 56, 2}, target_id=0: 0.0010873ms, 1%
@139 = load[offset=1003520,end=1605632](@1) -> float_type, {1, 768, 14, 14}, {150528, 196, 14, 1}, target_id=0: 0.00067022ms, 1%
@140 = gpu::code_object[code_object=3808,symbol_name=concat_kernel,global=75264,local=1024,](@136,@138,@139) -> float_type, {1, 768, 14, 14}, {150528, 196, 14, 1}, target_id=0: 0.0188307ms, 1%
@141 = load[offset=200704,end=1003520](@1) -> float_type, {1, 1024, 14, 14}, {200704, 196, 14, 1}, target_id=0: 0.00078052ms, 1%
@142 = broadcast[axis=1,out_lens={1, 1024, 14, 14}](@137) -> float_type, {1, 1024, 14, 14}, {0, 1, 0, 0}, target_id=0: 0.0009906ms, 1%
@143 = gpu::code_object[code_object=4464,symbol_name=mlir_convolution_add_relu,global=57344,local=256,](@142,@140,@132,@141) -> float_type, {1, 1024, 14, 14}, {200704, 196, 14, 1}, target_id=0: 0.0400444ms, 2%
@144 = hip::hip_copy_literal[id=main:@literal:50] -> float_type, {1024}, {1}, target_id=0: 0.00073336ms, 1%
@145 = hip::hip_copy_literal[id=main:@literal:51] -> float_type, {1024, 256, 1, 1}, {256, 1, 1, 1}, target_id=0: 0.00084936ms, 1%
@146 = hip::hip_copy_literal[id=main:@literal:52] -> float_type, {256}, {1}, target_id=0: 0.00064168ms, 1%
@147 = hip::hip_copy_literal[id=main:@literal:53] -> float_type, {256, 256, 3, 3}, {2304, 9, 3, 1}, target_id=0: 0.0007072ms, 1%
@148 = hip::hip_copy_literal[id=main:@literal:54] -> float_type, {256}, {1}, target_id=0: 0.00063112ms, 1%
@149 = hip::hip_copy_literal[id=main:@literal:55] -> float_type, {256, 1024, 1, 1}, {1024, 1, 1, 1}, target_id=0: 0.00070144ms, 1%
@150 = broadcast[axis=1,out_lens={1, 256, 14, 14}](@148) -> float_type, {1, 256, 14, 14}, {0, 1, 0, 0}, target_id=0: 0.00084736ms, 1%
@151 = load[offset=1204224,end=1404928](@1) -> float_type, {1, 256, 14, 14}, {50176, 196, 14, 1}, target_id=0: 0.00069614ms, 1%
@152 = gpu::code_object[code_object=5240,symbol_name=mlir_convolution_add_relu,global=14336,local=128,](@150,@143,@149,@151) -> float_type, {1, 256, 14, 14}, {50176, 196, 14, 1}, target_id=0: 0.0344308ms, 2%
@153 = broadcast[axis=1,out_lens={1, 256, 14, 14}](@146) -> float_type, {1, 256, 14, 14}, {0, 1, 0, 0}, target_id=0: 0.00087546ms, 1%
@154 = load[offset=1003520,end=1204224](@1) -> float_type, {1, 256, 14, 14}, {50176, 196, 14, 1}, target_id=0: 0.00068058ms, 1%
@155 = gpu::miopen_fusion[ops={{op=convolution[padding={1, 1, 1, 1},stride={1, 1},dilation={1, 1},group=1,padding_mode=0],alpha=1,beta=0}, {op=add,alpha=1,beta=0}, {op=relu,alpha=1,beta=0}}](@152,@147,@153,@154) -> float_type, {1, 256, 14, 14}, {50176, 196, 14, 1}, target_id=0: 0.0868794ms, 4%
@156 = broadcast[axis=1,out_lens={1, 1024, 14, 14}](@144) -> float_type, {1, 1024, 14, 14}, {0, 1, 0, 0}, target_id=0: 0.00105744ms, 1%
@157 = load[offset=2207744,end=3010560](@1) -> float_type, {1, 1024, 14, 14}, {200704, 196, 14, 1}, target_id=0: 0.00072314ms, 1%
@158 = gpu::code_object[code_object=6208,symbol_name=mlir_convolution_add_add_relu,global=57344,local=256,](@156,@143,@155,@145,@157) -> float_type, {1, 1024, 14, 14}, {200704, 196, 14, 1}, target_id=0: 0.02698ms, 1%
@159 = hip::hip_copy_literal[id=main:@literal:44] -> float_type, {1024}, {1}, target_id=0: 0.00076624ms, 1%
@160 = hip::hip_copy_literal[id=main:@literal:45] -> float_type, {1024, 256, 1, 1}, {256, 1, 1, 1}, target_id=0: 0.0005893ms, 1%
@161 = hip::hip_copy_literal[id=main:@literal:46] -> float_type, {256}, {1}, target_id=0: 0.00065194ms, 1%
@162 = hip::hip_copy_literal[id=main:@literal:47] -> float_type, {256, 256, 3, 3}, {2304, 9, 3, 1}, target_id=0: 0.00060366ms, 1%
@163 = hip::hip_copy_literal[id=main:@literal:48] -> float_type, {256}, {1}, target_id=0: 0.00077774ms, 1%
@164 = hip::hip_copy_literal[id=main:@literal:49] -> float_type, {256, 1024, 1, 1}, {1024, 1, 1, 1}, target_id=0: 0.0006696ms, 1%
@165 = broadcast[axis=1,out_lens={1, 256, 14, 14}](@163) -> float_type, {1, 256, 14, 14}, {0, 1, 0, 0}, target_id=0: 0.00086968ms, 1%
@166 = load[offset=200704,end=401408](@1) -> float_type, {1, 256, 14, 14}, {50176, 196, 14, 1}, target_id=0: 0.00067864ms, 1%
@167 = gpu::code_object[code_object=5240,symbol_name=mlir_convolution_add_relu,global=14336,local=128,](@165,@158,@164,@166) -> float_type, {1, 256, 14, 14}, {50176, 196, 14, 1}, target_id=0: 0.0344764ms, 2%
@168 = broadcast[axis=1,out_lens={1, 256, 14, 14}](@161) -> float_type, {1, 256, 14, 14}, {0, 1, 0, 0}, target_id=0: 0.00087204ms, 1%
@169 = load[offset=0,end=200704](@1) -> float_type, {1, 256, 14, 14}, {50176, 196, 14, 1}, target_id=0: 0.00067018ms, 1%
@170 = gpu::miopen_fusion[ops={{op=convolution[padding={1, 1, 1, 1},stride={1, 1},dilation={1, 1},group=1,padding_mode=0],alpha=1,beta=0}, {op=add,alpha=1,beta=0}, {op=relu,alpha=1,beta=0}}](@167,@162,@168,@169) -> float_type, {1, 256, 14, 14}, {50176, 196, 14, 1}, target_id=0: 0.0827833ms, 3%
@171 = broadcast[axis=1,out_lens={1, 1024, 14, 14}](@159) -> float_type, {1, 1024, 14, 14}, {0, 1, 0, 0}, target_id=0: 0.00100924ms, 1%
@172 = load[offset=1404928,end=2207744](@1) -> float_type, {1, 1024, 14, 14}, {200704, 196, 14, 1}, target_id=0: 0.00071172ms, 1%
@173 = gpu::code_object[code_object=6208,symbol_name=mlir_convolution_add_add_relu,global=57344,local=256,](@171,@158,@170,@160,@172) -> float_type, {1, 1024, 14, 14}, {200704, 196, 14, 1}, target_id=0: 0.0267566ms, 1%
@174 = hip::hip_copy_literal[id=main:@literal:26] -> float_type, {1024}, {1}, target_id=0: 0.00075338ms, 1%
@175 = hip::hip_copy_literal[id=main:@literal:27] -> float_type, {1024, 256, 1, 1}, {256, 1, 1, 1}, target_id=0: 0.00062824ms, 1%
@176 = hip::hip_copy_literal[id=main:@literal:28] -> float_type, {256}, {1}, target_id=0: 0.00066938ms, 1%
@177 = hip::hip_copy_literal[id=main:@literal:29] -> float_type, {256, 256, 3, 3}, {2304, 9, 3, 1}, target_id=0: 0.00064522ms, 1%
@178 = hip::hip_copy_literal[id=main:@literal:30] -> float_type, {256}, {1}, target_id=0: 0.00065486ms, 1%
@179 = hip::hip_copy_literal[id=main:@literal:31] -> float_type, {256, 1024, 1, 1}, {1024, 1, 1, 1}, target_id=0: 0.00067368ms, 1%
@180 = hip::hip_copy_literal[id=main:@literal:32] -> float_type, {1024}, {1}, target_id=0: 0.00062674ms, 1%
@181 = hip::hip_copy_literal[id=main:@literal:33] -> float_type, {1024, 256, 1, 1}, {256, 1, 1, 1}, target_id=0: 0.00065514ms, 1%
@182 = hip::hip_copy_literal[id=main:@literal:34] -> float_type, {256}, {1}, target_id=0: 0.00059124ms, 1%
@183 = hip::hip_copy_literal[id=main:@literal:35] -> float_type, {256, 256, 3, 3}, {2304, 9, 3, 1}, target_id=0: 0.0006616ms, 1%
@184 = hip::hip_copy_literal[id=main:@literal:36] -> float_type, {256}, {1}, target_id=0: 0.00067842ms, 1%
@185 = hip::hip_copy_literal[id=main:@literal:37] -> float_type, {256, 1024, 1, 1}, {1024, 1, 1, 1}, target_id=0: 0.00064672ms, 1%
@186 = hip::hip_copy_literal[id=main:@literal:38] -> float_type, {1024}, {1}, target_id=0: 0.00065178ms, 1%
@187 = hip::hip_copy_literal[id=main:@literal:39] -> float_type, {1024, 256, 1, 1}, {256, 1, 1, 1}, target_id=0: 0.00067854ms, 1%
@188 = hip::hip_copy_literal[id=main:@literal:40] -> float_type, {256}, {1}, target_id=0: 0.00064326ms, 1%
@189 = hip::hip_copy_literal[id=main:@literal:41] -> float_type, {256, 256, 3, 3}, {2304, 9, 3, 1}, target_id=0: 0.00063886ms, 1%
@190 = hip::hip_copy_literal[id=main:@literal:42] -> float_type, {256}, {1}, target_id=0: 0.00060706ms, 1%
@191 = hip::hip_copy_literal[id=main:@literal:43] -> float_type, {256, 1024, 1, 1}, {1024, 1, 1, 1}, target_id=0: 0.00065192ms, 1%
@192 = broadcast[axis=1,out_lens={1, 256, 14, 14}](@190) -> float_type, {1, 256, 14, 14}, {0, 1, 0, 0}, target_id=0: 0.00084284ms, 1%
@193 = load[offset=401408,end=602112](@1) -> float_type, {1, 256, 14, 14}, {50176, 196, 14, 1}, target_id=0: 0.0006413ms, 1%
@194 = gpu::code_object[code_object=5240,symbol_name=mlir_convolution_add_relu,global=14336,local=128,](@192,@173,@191,@193) -> float_type, {1, 256, 14, 14}, {50176, 196, 14, 1}, target_id=0: 0.0372327ms, 2%
@195 = broadcast[axis=1,out_lens={1, 256, 14, 14}](@188) -> float_type, {1, 256, 14, 14}, {0, 1, 0, 0}, target_id=0: 0.00086698ms, 1%
@196 = load[offset=200704,end=401408](@1) -> float_type, {1, 256, 14, 14}, {50176, 196, 14, 1}, target_id=0: 0.00069734ms, 1%
@197 = gpu::miopen_fusion[ops={{op=convolution[padding={1, 1, 1, 1},stride={1, 1},dilation={1, 1},group=1,padding_mode=0],alpha=1,beta=0}, {op=add,alpha=1,beta=0}, {op=relu,alpha=1,beta=0}}](@194,@189,@195,@196) -> float_type, {1, 256, 14, 14}, {50176, 196, 14, 1}, target_id=0: 0.0849893ms, 3%
@198 = broadcast[axis=1,out_lens={1, 1024, 14, 14}](@186) -> float_type, {1, 1024, 14, 14}, {0, 1, 0, 0}, target_id=0: 0.0010238ms, 1%
@199 = load[offset=602112,end=1404928](@1) -> float_type, {1, 1024, 14, 14}, {200704, 196, 14, 1}, target_id=0: 0.00070172ms, 1%
@200 = gpu::code_object[code_object=6208,symbol_name=mlir_convolution_add_add_relu,global=57344,local=256,](@198,@173,@197,@187,@199) -> float_type, {1, 1024, 14, 14}, {200704, 196, 14, 1}, target_id=0: 0.0266434ms, 1%
@201 = broadcast[axis=1,out_lens={1, 256, 14, 14}](@184) -> float_type, {1, 256, 14, 14}, {0, 1, 0, 0}, target_id=0: 0.00087308ms, 1%
@202 = load[offset=200704,end=401408](@1) -> float_type, {1, 256, 14, 14}, {50176, 196, 14, 1}, target_id=0: 0.00064042ms, 1%
@203 = gpu::code_object[code_object=5240,symbol_name=mlir_convolution_add_relu,global=14336,local=128,](@201,@200,@185,@202) -> float_type, {1, 256, 14, 14}, {50176, 196, 14, 1}, target_id=0: 0.0343154ms, 2%
@204 = broadcast[axis=1,out_lens={1, 256, 14, 14}](@182) -> float_type, {1, 256, 14, 14}, {0, 1, 0, 0}, target_id=0: 0.00086306ms, 1%
@205 = load[offset=0,end=200704](@1) -> float_type, {1, 256, 14, 14}, {50176, 196, 14, 1}, target_id=0: 0.00065722ms, 1%
@206 = gpu::miopen_fusion[ops={{op=convolution[padding={1, 1, 1, 1},stride={1, 1},dilation={1, 1},group=1,padding_mode=0],alpha=1,beta=0}, {op=add,alpha=1,beta=0}, {op=relu,alpha=1,beta=0}}](@203,@183,@204,@205) -> float_type, {1, 256, 14, 14}, {50176, 196, 14, 1}, target_id=0: 0.0838542ms, 3%
@207 = broadcast[axis=1,out_lens={1, 1024, 14, 14}](@180) -> float_type, {1, 1024, 14, 14}, {0, 1, 0, 0}, target_id=0: 0.00100802ms, 1%
@208 = load[offset=1404928,end=2207744](@1) -> float_type, {1, 1024, 14, 14}, {200704, 196, 14, 1}, target_id=0: 0.00074836ms, 1%
@209 = gpu::code_object[code_object=6208,symbol_name=mlir_convolution_add_add_relu,global=57344,local=256,](@207,@200,@206,@181,@208) -> float_type, {1, 1024, 14, 14}, {200704, 196, 14, 1}, target_id=0: 0.0266089ms, 1%
@210 = broadcast[axis=1,out_lens={1, 256, 14, 14}](@178) -> float_type, {1, 256, 14, 14}, {0, 1, 0, 0}, target_id=0: 0.00084862ms, 1%
@211 = load[offset=0,end=200704](@1) -> float_type, {1, 256, 14, 14}, {50176, 196, 14, 1}, target_id=0: 0.00067654ms, 1%
@212 = gpu::code_object[code_object=5240,symbol_name=mlir_convolution_add_relu,global=14336,local=128,](@210,@209,@179,@211) -> float_type, {1, 256, 14, 14}, {50176, 196, 14, 1}, target_id=0: 0.0343312ms, 2%
@213 = broadcast[axis=1,out_lens={1, 256, 14, 14}](@176) -> float_type, {1, 256, 14, 14}, {0, 1, 0, 0}, target_id=0: 0.0008456ms, 1%
@214 = load[offset=802816,end=1003520](@1) -> float_type, {1, 256, 14, 14}, {50176, 196, 14, 1}, target_id=0: 0.00066466ms, 1%
@215 = gpu::miopen_fusion[ops={{op=convolution[padding={1, 1, 1, 1},stride={1, 1},dilation={1, 1},group=1,padding_mode=0],alpha=1,beta=0}, {op=add,alpha=1,beta=0}, {op=relu,alpha=1,beta=0}}](@212,@177,@213,@214) -> float_type, {1, 256, 14, 14}, {50176, 196, 14, 1}, target_id=0: 0.0823963ms, 3%
@216 = broadcast[axis=1,out_lens={1, 1024, 14, 14}](@174) -> float_type, {1, 1024, 14, 14}, {0, 1, 0, 0}, target_id=0: 0.00100274ms, 1%
@217 = load[offset=0,end=802816](@1) -> float_type, {1, 1024, 14, 14}, {200704, 196, 14, 1}, target_id=0: 0.000718ms, 1%
@218 = gpu::code_object[code_object=6208,symbol_name=mlir_convolution_add_add_relu,global=57344,local=256,](@216,@209,@215,@175,@217) -> float_type, {1, 1024, 14, 14}, {200704, 196, 14, 1}, target_id=0: 0.0267164ms, 1%
@219 = hip::hip_copy_literal[id=main:@literal:23] -> float_type, {512, 512, 3, 3}, {4608, 9, 3, 1}, target_id=0: 0.00079004ms, 1%
@220 = hip::hip_copy_literal[id=main:@literal:24] -> float_type, {512}, {1}, target_id=0: 0.0006324ms, 1%
@221 = hip::hip_copy_literal[id=main:@literal:25] -> float_type, {512, 1024, 1, 1}, {1024, 1, 1, 1}, target_id=0: 0.00064982ms, 1%
@222 = broadcast[axis=1,out_lens={1, 512, 14, 14}](@220) -> float_type, {1, 512, 14, 14}, {0, 1, 0, 0}, target_id=0: 0.0009637ms, 1%
@223 = load[offset=10842112,end=11243520](@1) -> float_type, {1, 512, 14, 14}, {100352, 196, 14, 1}, target_id=0: 0.00067438ms, 1%
@224 = gpu::code_object[code_object=4960,symbol_name=mlir_convolution_add_relu,global=28672,local=256,](@222,@218,@221,@223) -> float_type, {1, 512, 14, 14}, {100352, 196, 14, 1}, target_id=0: 0.0354127ms, 2%
@225 = load[offset=903168,end=10842112](@1) -> int8_type, {9938944}, {1}, target_id=0: 0.00075564ms, 1%
@226 = load[offset=802816,end=903168](@1) -> float_type, {1, 512, 7, 7}, {25088, 49, 7, 1}, target_id=0: 0.00065928ms, 1%
@227 = gpu::convolution[op={padding={1, 1, 1, 1},stride={2, 2},dilation={1, 1},group=1,padding_mode=0},solution_object={binary_object: 555},algo=0,solution_id=0](@224,@219,@225,@226) -> float_type, {1, 512, 7, 7}, {25088, 49, 7, 1}, target_id=0: 0.0876296ms, 4%
@228 = hip::hip_copy_literal[id=main:@literal:9] -> float_type, {2048}, {1}, target_id=0: 0.00087714ms, 1%
@229 = hip::hip_copy_literal[id=main:@literal:7] -> float_type, {2048, 1536, 1, 1}, {1536, 1, 1, 1}, target_id=0: 0.0005848ms, 1%
@230 = hip::hip_copy_literal[id=main:@literal:22] -> float_type, {512}, {1}, target_id=0: 0.00082638ms, 1%
@231 = broadcast[axis=1,out_lens={1, 512, 7, 7}](@230) -> float_type, {1, 512, 7, 7}, {0, 1, 0, 0}, target_id=0: 0.00097888ms, 1%
@232 = load[offset=903168,end=1003520](@1) -> float_type, {1, 512, 7, 7}, {25088, 49, 7, 1}, target_id=0: 0.00075762ms, 1%
@233 = gpu::code_object[code_object=3824,symbol_name=add_relu_kernel,global=25088,local=1024,](@227,@231,@232) -> float_type, {1, 512, 7, 7}, {25088, 49, 7, 1}, target_id=0: 0.0174029ms, 1%
@234 = load[offset=1003520,end=1304576](@1) -> float_type, {1, 1536, 7, 7}, {75264, 49, 7, 1}, target_id=0: 0.0007857ms, 1%
@235 = step[axes={2, 3},steps={2, 2}](@218) -> float_type, {1, 1024, 7, 7}, {200704, 196, 28, 2}, target_id=0: 0.00106056ms, 1%
@236 = gpu::code_object[code_object=3816,symbol_name=concat_kernel,global=37632,local=1024,](@233,@235,@234) -> float_type, {1, 1536, 7, 7}, {75264, 49, 7, 1}, target_id=0: 0.0185483ms, 1%
@237 = load[offset=1304576,end=1705984](@1) -> float_type, {1, 2048, 7, 7}, {100352, 49, 7, 1}, target_id=0: 0.00077162ms, 1%
@238 = broadcast[axis=1,out_lens={1, 2048, 7, 7}](@228) -> float_type, {1, 2048, 7, 7}, {0, 1, 0, 0}, target_id=0: 0.00088186ms, 1%
@239 = gpu::code_object[code_object=4472,symbol_name=mlir_convolution_add_relu,global=32768,local=256,](@238,@236,@229,@237) -> float_type, {1, 2048, 7, 7}, {100352, 49, 7, 1}, target_id=0: 0.0565459ms, 2%
@240 = hip::hip_copy_literal[id=main:@literal:16] -> float_type, {2048}, {1}, target_id=0: 0.00081538ms, 1%
@241 = hip::hip_copy_literal[id=main:@literal:17] -> float_type, {2048, 512, 1, 1}, {512, 1, 1, 1}, target_id=0: 0.00060854ms, 1%
@242 = hip::hip_copy_literal[id=main:@literal:18] -> float_type, {512}, {1}, target_id=0: 0.00066638ms, 1%
@243 = hip::hip_copy_literal[id=main:@literal:19] -> float_type, {512, 512, 3, 3}, {4608, 9, 3, 1}, target_id=0: 0.00066062ms, 1%
@244 = hip::hip_copy_literal[id=main:@literal:20] -> float_type, {512}, {1}, target_id=0: 0.00066778ms, 1%
@245 = hip::hip_copy_literal[id=main:@literal:21] -> float_type, {512, 2048, 1, 1}, {2048, 1, 1, 1}, target_id=0: 0.00067654ms, 1%
@246 = broadcast[axis=1,out_lens={1, 512, 7, 7}](@244) -> float_type, {1, 512, 7, 7}, {0, 1, 0, 0}, target_id=0: 0.00083666ms, 1%
@247 = load[offset=100352,end=200704](@1) -> float_type, {1, 512, 7, 7}, {25088, 49, 7, 1}, target_id=0: 0.00068356ms, 1%
@248 = gpu::code_object[code_object=5112,symbol_name=mlir_convolution_add_relu,global=8192,local=256,](@246,@239,@245,@247) -> float_type, {1, 512, 7, 7}, {25088, 49, 7, 1}, target_id=0: 0.0614874ms, 3%
@249 = broadcast[axis=1,out_lens={1, 512, 7, 7}](@242) -> float_type, {1, 512, 7, 7}, {0, 1, 0, 0}, target_id=0: 0.00086952ms, 1%
@250 = load[offset=0,end=100352](@1) -> float_type, {1, 512, 7, 7}, {25088, 49, 7, 1}, target_id=0: 0.00069318ms, 1%
@251 = gpu::miopen_fusion[ops={{op=convolution[padding={1, 1, 1, 1},stride={1, 1},dilation={1, 1},group=1,padding_mode=0],alpha=1,beta=0}, {op=add,alpha=1,beta=0}, {op=relu,alpha=1,beta=0}}](@248,@243,@249,@250) -> float_type, {1, 512, 7, 7}, {25088, 49, 7, 1}, target_id=0: 0.140251ms, 5%
@252 = broadcast[axis=1,out_lens={1, 2048, 7, 7}](@240) -> float_type, {1, 2048, 7, 7}, {0, 1, 0, 0}, target_id=0: 0.00103598ms, 1%
@253 = load[offset=501760,end=903168](@1) -> float_type, {1, 2048, 7, 7}, {100352, 49, 7, 1}, target_id=0: 0.00071936ms, 1%
@254 = gpu::code_object[code_object=5192,symbol_name=mlir_convolution_add_add_relu,global=32768,local=256,](@252,@239,@251,@241,@253) -> float_type, {1, 2048, 7, 7}, {100352, 49, 7, 1}, target_id=0: 0.0335459ms, 2%
@255 = hip::hip_copy_literal[id=main:@literal:11] -> float_type, {2048, 512, 1, 1}, {512, 1, 1, 1}, target_id=0: 0.0008007ms, 1%
@256 = hip::hip_copy_literal[id=main:@literal:12] -> float_type, {512}, {1}, target_id=0: 0.000616ms, 1%
@257 = hip::hip_copy_literal[id=main:@literal:13] -> float_type, {512, 512, 3, 3}, {4608, 9, 3, 1}, target_id=0: 0.00073954ms, 1%
@258 = hip::hip_copy_literal[id=main:@literal:14] -> float_type, {512}, {1}, target_id=0: 0.00061644ms, 1%
@259 = hip::hip_copy_literal[id=main:@literal:15] -> float_type, {512, 2048, 1, 1}, {2048, 1, 1, 1}, target_id=0: 0.00066038ms, 1%
@260 = broadcast[axis=1,out_lens={1, 512, 7, 7}](@258) -> float_type, {1, 512, 7, 7}, {0, 1, 0, 0}, target_id=0: 0.0008277ms, 1%
@261 = load[offset=100352,end=200704](@1) -> float_type, {1, 512, 7, 7}, {25088, 49, 7, 1}, target_id=0: 0.00067194ms, 1%
@262 = gpu::code_object[code_object=5112,symbol_name=mlir_convolution_add_relu,global=8192,local=256,](@260,@254,@259,@261) -> float_type, {1, 512, 7, 7}, {25088, 49, 7, 1}, target_id=0: 0.060402ms, 3%
@263 = broadcast[axis=1,out_lens={1, 512, 7, 7}](@256) -> float_type, {1, 512, 7, 7}, {0, 1, 0, 0}, target_id=0: 0.00090002ms, 1%
@264 = load[offset=0,end=100352](@1) -> float_type, {1, 512, 7, 7}, {25088, 49, 7, 1}, target_id=0: 0.00068986ms, 1%
@265 = gpu::miopen_fusion[ops={{op=convolution[padding={1, 1, 1, 1},stride={1, 1},dilation={1, 1},group=1,padding_mode=0],alpha=1,beta=0}, {op=add,alpha=1,beta=0}, {op=relu,alpha=1,beta=0}}](@262,@257,@263,@264) -> float_type, {1, 512, 7, 7}, {25088, 49, 7, 1}, target_id=0: 0.138876ms, 5%
@266 = load[offset=0,end=0](@1) -> int8_type, {0}, {1}, target_id=0: 0.00084202ms, 1%
@267 = load[offset=903168,end=1304576](@1) -> float_type, {1, 2048, 7, 7}, {100352, 49, 7, 1}, target_id=0: 0.00064498ms, 1%
@268 = gpu::convolution[op={padding={0, 0, 0, 0},stride={1, 1},dilation={1, 1},group=1,padding_mode=0},solution_object={binary_object: 455},algo=0,solution_id=0](@265,@255,@266,@267) -> float_type, {1, 2048, 7, 7}, {100352, 49, 7, 1}, target_id=0: 0.0483892ms, 2%
@269 = hip::hip_copy_literal[id=main:@literal:0] -> float_type, {1, 1000}, {1000, 1}, target_id=0: 0.00087814ms, 1%
@270 = hip::hip_copy_literal[id=main:@literal:10] -> float_type, {2048}, {1}, target_id=0: 0.0006104ms, 1%
@271 = hip::hip_copy_literal[id=main:@literal:1] -> float_type, {2048, 1000}, {1000, 1}, target_id=0: 0.00059616ms, 1%
@272 = broadcast[axis=1,out_lens={1, 2048, 7, 7}](@270) -> float_type, {1, 2048, 7, 7}, {0, 1, 0, 0}, target_id=0: 0.0009805ms, 1%
@273 = load[offset=0,end=8192](@1) -> float_type, {1, 2048, 1, 1}, {2048, 1, 1, 1}, target_id=0: 0.00072816ms, 1%
@274 = gpu::code_object[code_object=4024,symbol_name=add_add_relu_reduce_mean_kernel,global=131072,local=64,](@268,@272,@254,@273) -> float_type, {1, 2048, 1, 1}, {2048, 1, 1, 1}, target_id=0: 0.0191521ms, 1%
main:#output_0 = @param:main:#output_0 -> float_type, {1, 1000}, {1000, 1}, target_id=0: 0.00100246ms, 1%
@276 = flatten[axis=1](@274) -> float_type, {1, 2048}, {2048, 1}, target_id=0: 0.00131342ms, 1%
@277 = gpu::gemm[alpha=1,beta=1,compute_fp32=1,trans_batch=0,solution_idx=0](@276,@271,@269,main:#output_0) -> float_type, {1, 1000}, {1000, 1}, target_id=0: 0.063888ms, 3%
@278 = @return(@277), target_id=0
Summary:
gpu::miopen_fusion: 1.02486ms / 13 = 0.078835ms, 37%
gpu::code_object::mlir_convolution_add_relu: 0.786027ms / 21 = 0.0374299ms, 28%
gpu::code_object::mlir_convolution_add_add_relu: 0.303149ms / 11 = 0.027559ms, 11%
gpu::convolution: 0.276575ms / 4 = 0.0691438ms, 10%
gpu::code_object::concat_kernel: 0.0780378ms / 4 = 0.0195095ms, 3%
hip::hip_copy_literal: 0.0704225ms / 100 = 0.000704225ms, 3%
gpu::gemm: 0.063888ms / 1 = 0.063888ms, 3%
gpu::pooling: 0.0625641ms / 1 = 0.0625641ms, 3%
gpu::code_object::add_relu_kernel: 0.0536736ms / 3 = 0.0178912ms, 2%
broadcast: 0.0444977ms / 49 = 0.000908116ms, 2%
load: 0.0437997ms / 62 = 0.000706446ms, 2%
gpu::code_object::add_add_relu_reduce_mean_kernel: 0.0191521ms / 1 = 0.0191521ms, 1%
step: 0.00349782ms / 3 = 0.00116594ms, 1%
@param: 0.00162126ms / 2 = 0.00081063ms, 1%
flatten: 0.00131342ms / 1 = 0.00131342ms, 1%
check_context::migraphx::gpu::context: 0.0010964ms / 1 = 0.0010964ms, 1%
hip::hip_allocate_memory: 0.0010536ms / 1 = 0.0010536ms, 1%

Batch size: 1
Rate: 590.131 inferences/sec
Total time: 1.69454ms
Total instructions time: 2.83522ms
Overhead time: 0.0577279ms, -1.14069ms
Overhead: 3%, -67%
[ MIGraphX Version: 2.9.0.d7c8e6089 ] Complete: /src/AMDMIGraphX/build/bin/driver perf --gpu /new-saved-models/torchvision/resnet50i1.onnx
