Compiling ... 
Reading: /saved-models/slim/mobilenet_i64.pb
module: "main"
main:@0 = check_context::migraphx::version_1::gpu::context -> float_type, {}, {}
main:@1 = hip::hip_allocate_memory[shape=float_type, {116527104}, {1},id=main:scratch] -> float_type, {116527104}, {1}
main:@2 = hip::hip_copy_literal[id=main:@literal:28] -> float_type, {32, 3, 3, 3}, {27, 9, 3, 1}
main:@3 = load[offset=102760448,end=141640448](main:@1) -> float_type, {64, 3, 225, 225}, {151875, 50625, 225, 1}
input = @param:input -> float_type, {64, 3, 224, 224}, {150528, 50176, 224, 1}
main:@5 = gpu::code_object[code_object=13624,symbol_name=pad_kernel,global=307200,local=1024,](input,main:@3) -> float_type, {64, 3, 225, 225}, {151875, 50625, 225, 1}
main:@6 = load[offset=0,end=0](main:@1) -> int8_type, {0}, {1}
main:@7 = load[offset=0,end=102760448](main:@1) -> float_type, {64, 32, 112, 112}, {401408, 12544, 112, 1}
main:@8 = gpu::convolution[op={padding={0, 0, 0, 0},stride={2, 2},dilation={1, 1},group=1,padding_mode=0},algo=5,int8_x4_format=0,solution_id=81](main:@5,main:@2,main:@6,main:@7) -> float_type, {64, 32, 112, 112}, {401408, 12544, 112, 1}
main:@9 = hip::hip_copy_literal[id=main:@literal:17] -> float_type, {32, 1, 3, 3}, {9, 9, 3, 1}
main:@10 = hip::hip_copy_literal[id=main:@literal:30] -> float_type, {32, 1, 1}, {1, 1, 1}
main:@11 = load[offset=102760448,end=205520896](main:@1) -> float_type, {64, 32, 112, 112}, {401408, 12544, 112, 1}
main:@12 = multibroadcast[out_lens={64, 32, 112, 112},out_dyn_dims={}](main:@10) -> float_type, {64, 32, 112, 112}, {0, 1, 0, 0}
main:@13 = gpu::code_object[code_object=13632,symbol_name=add_clip_kernel,global=3211264,local=1024,](main:@8,main:@12,main:@11) -> float_type, {64, 32, 112, 112}, {401408, 12544, 112, 1}
main:@14 = load[offset=0,end=0](main:@1) -> int8_type, {0}, {1}
main:@15 = load[offset=0,end=102760448](main:@1) -> float_type, {64, 32, 112, 112}, {401408, 12544, 112, 1}
main:@16 = gpu::convolution[op={padding={1, 1, 1, 1},stride={1, 1},dilation={1, 1},group=32,padding_mode=0},algo=1,int8_x4_format=0,solution_id=11](main:@13,main:@9,main:@14,main:@15) -> float_type, {64, 32, 112, 112}, {401408, 12544, 112, 1}
main:@17 = hip::hip_copy_literal[id=main:@literal:31] -> float_type, {32, 1, 1}, {1, 1, 1}
main:@18 = hip::hip_copy_literal[id=main:@literal:23] -> float_type, {64, 32, 1, 1}, {32, 1, 1, 1}
main:@19 = load[offset=205520896,end=308281344](main:@1) -> float_type, {64, 32, 112, 112}, {401408, 12544, 112, 1}
main:@20 = multibroadcast[out_lens={64, 32, 112, 112},out_dyn_dims={}](main:@17) -> float_type, {64, 32, 112, 112}, {0, 1, 0, 0}
main:@21 = gpu::code_object[code_object=13632,symbol_name=add_clip_kernel,global=3211264,local=1024,](main:@16,main:@20,main:@19) -> float_type, {64, 32, 112, 112}, {401408, 12544, 112, 1}
main:@22 = load[offset=0,end=0](main:@1) -> int8_type, {0}, {1}
main:@23 = load[offset=0,end=205520896](main:@1) -> float_type, {64, 64, 112, 112}, {802816, 12544, 112, 1}
main:@24 = gpu::convolution[op={padding={0, 0, 0, 0},stride={1, 1},dilation={1, 1},group=1,padding_mode=0},algo=1,int8_x4_format=0,solution_id=2](main:@21,main:@18,main:@22,main:@23) -> float_type, {64, 64, 112, 112}, {802816, 12544, 112, 1}
main:@25 = hip::hip_copy_literal[id=main:@literal:21] -> float_type, {64, 1, 3, 3}, {9, 9, 3, 1}
main:@26 = hip::hip_copy_literal[id=main:@literal:29] -> float_type, {64, 1, 1}, {1, 1, 1}
main:@27 = load[offset=260587520,end=466108416](main:@1) -> float_type, {64, 64, 112, 112}, {802816, 12544, 112, 1}
main:@28 = multibroadcast[out_lens={64, 64, 112, 112},out_dyn_dims={}](main:@26) -> float_type, {64, 64, 112, 112}, {0, 1, 0, 0}
main:@29 = gpu::code_object[code_object=13632,symbol_name=add_clip_kernel,global=6422528,local=1024,](main:@24,main:@28,main:@27) -> float_type, {64, 64, 112, 112}, {802816, 12544, 112, 1}
main:@30 = load[offset=51380224,end=260587520](main:@1) -> float_type, {64, 64, 113, 113}, {817216, 12769, 113, 1}
main:@31 = gpu::code_object[code_object=13624,symbol_name=pad_kernel,global=307200,local=1024,](main:@29,main:@30) -> float_type, {64, 64, 113, 113}, {817216, 12769, 113, 1}
main:@32 = load[offset=0,end=0](main:@1) -> int8_type, {0}, {1}
main:@33 = load[offset=0,end=51380224](main:@1) -> float_type, {64, 64, 56, 56}, {200704, 3136, 56, 1}
main:@34 = gpu::convolution[op={padding={0, 0, 0, 0},stride={2, 2},dilation={1, 1},group=64,padding_mode=0},algo=1,int8_x4_format=0,solution_id=11](main:@31,main:@25,main:@32,main:@33) -> float_type, {64, 64, 56, 56}, {200704, 3136, 56, 1}
main:@35 = hip::hip_copy_literal[id=main:@literal:24] -> float_type, {128, 64, 1, 1}, {64, 1, 1, 1}
main:@36 = hip::hip_copy_literal[id=main:@literal:34] -> float_type, {64, 1, 1}, {1, 1, 1}
main:@37 = load[offset=102760448,end=154140672](main:@1) -> float_type, {64, 64, 56, 56}, {200704, 3136, 56, 1}
main:@38 = multibroadcast[out_lens={64, 64, 56, 56},out_dyn_dims={}](main:@36) -> float_type, {64, 64, 56, 56}, {0, 1, 0, 0}
main:@39 = gpu::code_object[code_object=13632,symbol_name=add_clip_kernel,global=1605632,local=1024,](main:@34,main:@38,main:@37) -> float_type, {64, 64, 56, 56}, {200704, 3136, 56, 1}
main:@40 = load[offset=0,end=102760448](main:@1) -> float_type, {64, 128, 56, 56}, {401408, 3136, 56, 1}
main:@41 = load[offset=0,end=0](main:@1) -> int8_type, {0}, {1}
main:@42 = gpu::convolution[op={padding={0, 0, 0, 0},stride={1, 1},dilation={1, 1},group=1,padding_mode=0},algo=5,int8_x4_format=0,solution_id=103](main:@39,main:@35,main:@41,main:@40) -> float_type, {64, 128, 56, 56}, {401408, 3136, 56, 1}
main:@43 = hip::hip_copy_literal[id=main:@literal:1] -> float_type, {128, 1, 3, 3}, {9, 9, 3, 1}
main:@44 = hip::hip_copy_literal[id=main:@literal:26] -> float_type, {128, 1, 1}, {1, 1, 1}
main:@45 = load[offset=102760448,end=205520896](main:@1) -> float_type, {64, 128, 56, 56}, {401408, 3136, 56, 1}
main:@46 = multibroadcast[out_lens={64, 128, 56, 56},out_dyn_dims={}](main:@44) -> float_type, {64, 128, 56, 56}, {0, 1, 0, 0}
main:@47 = gpu::code_object[code_object=13632,symbol_name=add_clip_kernel,global=3211264,local=1024,](main:@42,main:@46,main:@45) -> float_type, {64, 128, 56, 56}, {401408, 3136, 56, 1}
main:@48 = load[offset=0,end=102760448](main:@1) -> float_type, {64, 128, 56, 56}, {401408, 3136, 56, 1}
main:@49 = load[offset=0,end=0](main:@1) -> int8_type, {0}, {1}
main:@50 = gpu::convolution[op={padding={1, 1, 1, 1},stride={1, 1},dilation={1, 1},group=128,padding_mode=0},algo=1,int8_x4_format=0,solution_id=11](main:@47,main:@43,main:@49,main:@48) -> float_type, {64, 128, 56, 56}, {401408, 3136, 56, 1}
main:@51 = hip::hip_copy_literal[id=main:@literal:33] -> float_type, {128, 1, 1}, {1, 1, 1}
main:@52 = hip::hip_copy_literal[id=main:@literal:39] -> float_type, {128, 128, 1, 1}, {128, 1, 1, 1}
main:@53 = load[offset=102760448,end=205520896](main:@1) -> float_type, {64, 128, 56, 56}, {401408, 3136, 56, 1}
main:@54 = multibroadcast[out_lens={64, 128, 56, 56},out_dyn_dims={}](main:@51) -> float_type, {64, 128, 56, 56}, {0, 1, 0, 0}
main:@55 = gpu::code_object[code_object=13632,symbol_name=add_clip_kernel,global=3211264,local=1024,](main:@50,main:@54,main:@53) -> float_type, {64, 128, 56, 56}, {401408, 3136, 56, 1}
main:@56 = load[offset=0,end=0](main:@1) -> int8_type, {0}, {1}
main:@57 = load[offset=0,end=102760448](main:@1) -> float_type, {64, 128, 56, 56}, {401408, 3136, 56, 1}
main:@58 = gpu::convolution[op={padding={0, 0, 0, 0},stride={1, 1},dilation={1, 1},group=1,padding_mode=0},algo=5,int8_x4_format=0,solution_id=64](main:@55,main:@52,main:@56,main:@57) -> float_type, {64, 128, 56, 56}, {401408, 3136, 56, 1}
main:@59 = hip::hip_copy_literal[id=main:@literal:5] -> float_type, {128, 1, 1}, {1, 1, 1}
main:@60 = hip::hip_copy_literal[id=main:@literal:16] -> float_type, {128, 1, 3, 3}, {9, 9, 3, 1}
main:@61 = load[offset=132153344,end=234913792](main:@1) -> float_type, {64, 128, 56, 56}, {401408, 3136, 56, 1}
main:@62 = multibroadcast[out_lens={64, 128, 56, 56},out_dyn_dims={}](main:@59) -> float_type, {64, 128, 56, 56}, {0, 1, 0, 0}
main:@63 = gpu::code_object[code_object=13632,symbol_name=add_clip_kernel,global=3211264,local=1024,](main:@58,main:@62,main:@61) -> float_type, {64, 128, 56, 56}, {401408, 3136, 56, 1}
main:@64 = load[offset=25690112,end=132153344](main:@1) -> float_type, {64, 128, 57, 57}, {415872, 3249, 57, 1}
main:@65 = gpu::code_object[code_object=13624,symbol_name=pad_kernel,global=307200,local=1024,](main:@63,main:@64) -> float_type, {64, 128, 57, 57}, {415872, 3249, 57, 1}
main:@66 = load[offset=0,end=25690112](main:@1) -> float_type, {64, 128, 28, 28}, {100352, 784, 28, 1}
main:@67 = load[offset=0,end=0](main:@1) -> int8_type, {0}, {1}
main:@68 = gpu::convolution[op={padding={0, 0, 0, 0},stride={2, 2},dilation={1, 1},group=128,padding_mode=0},algo=1,int8_x4_format=0,solution_id=11](main:@65,main:@60,main:@67,main:@66) -> float_type, {64, 128, 28, 28}, {100352, 784, 28, 1}
main:@69 = hip::hip_copy_literal[id=main:@literal:13] -> float_type, {256, 128, 1, 1}, {128, 1, 1, 1}
main:@70 = hip::hip_copy_literal[id=main:@literal:15] -> float_type, {128, 1, 1}, {1, 1, 1}
main:@71 = load[offset=51380224,end=77070336](main:@1) -> float_type, {64, 128, 28, 28}, {100352, 784, 28, 1}
main:@72 = multibroadcast[out_lens={64, 128, 28, 28},out_dyn_dims={}](main:@70) -> float_type, {64, 128, 28, 28}, {0, 1, 0, 0}
main:@73 = gpu::code_object[code_object=13632,symbol_name=add_clip_kernel,global=802816,local=1024,](main:@68,main:@72,main:@71) -> float_type, {64, 128, 28, 28}, {100352, 784, 28, 1}
main:@74 = load[offset=0,end=51380224](main:@1) -> float_type, {64, 256, 28, 28}, {200704, 784, 28, 1}
main:@75 = load[offset=0,end=0](main:@1) -> int8_type, {0}, {1}
main:@76 = gpu::convolution[op={padding={0, 0, 0, 0},stride={1, 1},dilation={1, 1},group=1,padding_mode=0},algo=5,int8_x4_format=0,solution_id=64](main:@73,main:@69,main:@75,main:@74) -> float_type, {64, 256, 28, 28}, {200704, 784, 28, 1}
main:@77 = hip::hip_copy_literal[id=main:@literal:38] -> float_type, {256, 1, 3, 3}, {9, 9, 3, 1}
main:@78 = hip::hip_copy_literal[id=main:@literal:12] -> float_type, {256, 1, 1}, {1, 1, 1}
main:@79 = load[offset=51380224,end=102760448](main:@1) -> float_type, {64, 256, 28, 28}, {200704, 784, 28, 1}
main:@80 = multibroadcast[out_lens={64, 256, 28, 28},out_dyn_dims={}](main:@78) -> float_type, {64, 256, 28, 28}, {0, 1, 0, 0}
main:@81 = gpu::code_object[code_object=13632,symbol_name=add_clip_kernel,global=1605632,local=1024,](main:@76,main:@80,main:@79) -> float_type, {64, 256, 28, 28}, {200704, 784, 28, 1}
main:@82 = load[offset=0,end=51380224](main:@1) -> float_type, {64, 256, 28, 28}, {200704, 784, 28, 1}
main:@83 = load[offset=0,end=0](main:@1) -> int8_type, {0}, {1}
main:@84 = gpu::convolution[op={padding={1, 1, 1, 1},stride={1, 1},dilation={1, 1},group=256,padding_mode=0},algo=1,int8_x4_format=0,solution_id=11](main:@81,main:@77,main:@83,main:@82) -> float_type, {64, 256, 28, 28}, {200704, 784, 28, 1}
main:@85 = hip::hip_copy_literal[id=main:@literal:11] -> float_type, {256, 1, 1}, {1, 1, 1}
main:@86 = hip::hip_copy_literal[id=main:@literal:35] -> float_type, {256, 256, 1, 1}, {256, 1, 1, 1}
main:@87 = load[offset=51380224,end=102760448](main:@1) -> float_type, {64, 256, 28, 28}, {200704, 784, 28, 1}
main:@88 = multibroadcast[out_lens={64, 256, 28, 28},out_dyn_dims={}](main:@85) -> float_type, {64, 256, 28, 28}, {0, 1, 0, 0}
main:@89 = gpu::code_object[code_object=13632,symbol_name=add_clip_kernel,global=1605632,local=1024,](main:@84,main:@88,main:@87) -> float_type, {64, 256, 28, 28}, {200704, 784, 28, 1}
main:@90 = load[offset=0,end=0](main:@1) -> int8_type, {0}, {1}
main:@91 = load[offset=0,end=51380224](main:@1) -> float_type, {64, 256, 28, 28}, {200704, 784, 28, 1}
main:@92 = gpu::convolution[op={padding={0, 0, 0, 0},stride={1, 1},dilation={1, 1},group=1,padding_mode=0},algo=5,int8_x4_format=0,solution_id=64](main:@89,main:@86,main:@90,main:@91) -> float_type, {64, 256, 28, 28}, {200704, 784, 28, 1}
main:@93 = hip::hip_copy_literal[id=main:@literal:8] -> float_type, {256, 1, 3, 3}, {9, 9, 3, 1}
main:@94 = hip::hip_copy_literal[id=main:@literal:27] -> float_type, {256, 1, 1}, {1, 1, 1}
main:@95 = load[offset=67960832,end=119341056](main:@1) -> float_type, {64, 256, 28, 28}, {200704, 784, 28, 1}
main:@96 = multibroadcast[out_lens={64, 256, 28, 28},out_dyn_dims={}](main:@94) -> float_type, {64, 256, 28, 28}, {0, 1, 0, 0}
main:@97 = gpu::code_object[code_object=13632,symbol_name=add_clip_kernel,global=1605632,local=1024,](main:@92,main:@96,main:@95) -> float_type, {64, 256, 28, 28}, {200704, 784, 28, 1}
main:@98 = load[offset=12845056,end=67960832](main:@1) -> float_type, {64, 256, 29, 29}, {215296, 841, 29, 1}
main:@99 = gpu::code_object[code_object=13624,symbol_name=pad_kernel,global=307200,local=1024,](main:@97,main:@98) -> float_type, {64, 256, 29, 29}, {215296, 841, 29, 1}
main:@100 = load[offset=0,end=12845056](main:@1) -> float_type, {64, 256, 14, 14}, {50176, 196, 14, 1}
main:@101 = load[offset=0,end=0](main:@1) -> int8_type, {0}, {1}
main:@102 = gpu::convolution[op={padding={0, 0, 0, 0},stride={2, 2},dilation={1, 1},group=256,padding_mode=0},algo=1,int8_x4_format=0,solution_id=11](main:@99,main:@93,main:@101,main:@100) -> float_type, {64, 256, 14, 14}, {50176, 196, 14, 1}
main:@103 = hip::hip_copy_literal[id=main:@literal:10] -> float_type, {512, 256, 1, 1}, {256, 1, 1, 1}
main:@104 = hip::hip_copy_literal[id=main:@literal:19] -> float_type, {256, 1, 1}, {1, 1, 1}
main:@105 = load[offset=25690112,end=38535168](main:@1) -> float_type, {64, 256, 14, 14}, {50176, 196, 14, 1}
main:@106 = multibroadcast[out_lens={64, 256, 14, 14},out_dyn_dims={}](main:@104) -> float_type, {64, 256, 14, 14}, {0, 1, 0, 0}
main:@107 = gpu::code_object[code_object=13632,symbol_name=add_clip_kernel,global=802816,local=1024,](main:@102,main:@106,main:@105) -> float_type, {64, 256, 14, 14}, {50176, 196, 14, 1}
main:@108 = load[offset=0,end=0](main:@1) -> int8_type, {0}, {1}
main:@109 = load[offset=0,end=25690112](main:@1) -> float_type, {64, 512, 14, 14}, {100352, 196, 14, 1}
main:@110 = gpu::convolution[op={padding={0, 0, 0, 0},stride={1, 1},dilation={1, 1},group=1,padding_mode=0},algo=5,int8_x4_format=0,solution_id=64](main:@107,main:@103,main:@108,main:@109) -> float_type, {64, 512, 14, 14}, {100352, 196, 14, 1}
main:@111 = hip::hip_copy_literal[id=main:@literal:7] -> float_type, {512, 1, 1}, {1, 1, 1}
main:@112 = hip::hip_copy_literal[id=main:@literal:36] -> float_type, {512, 1, 3, 3}, {9, 9, 3, 1}
main:@113 = load[offset=25690112,end=51380224](main:@1) -> float_type, {64, 512, 14, 14}, {100352, 196, 14, 1}
main:@114 = multibroadcast[out_lens={64, 512, 14, 14},out_dyn_dims={}](main:@111) -> float_type, {64, 512, 14, 14}, {0, 1, 0, 0}
main:@115 = gpu::code_object[code_object=13632,symbol_name=add_clip_kernel,global=1605632,local=1024,](main:@110,main:@114,main:@113) -> float_type, {64, 512, 14, 14}, {100352, 196, 14, 1}
main:@116 = load[offset=0,end=25690112](main:@1) -> float_type, {64, 512, 14, 14}, {100352, 196, 14, 1}
main:@117 = load[offset=0,end=0](main:@1) -> int8_type, {0}, {1}
main:@118 = gpu::convolution[op={padding={1, 1, 1, 1},stride={1, 1},dilation={1, 1},group=512,padding_mode=0},algo=1,int8_x4_format=0,solution_id=11](main:@115,main:@112,main:@117,main:@116) -> float_type, {64, 512, 14, 14}, {100352, 196, 14, 1}
main:@119 = hip::hip_copy_literal[id=main:@literal:0] -> float_type, {512, 512, 1, 1}, {512, 1, 1, 1}
main:@120 = hip::hip_copy_literal[id=main:@literal:2] -> float_type, {512, 1, 1}, {1, 1, 1}
main:@121 = load[offset=25690112,end=51380224](main:@1) -> float_type, {64, 512, 14, 14}, {100352, 196, 14, 1}
main:@122 = multibroadcast[out_lens={64, 512, 14, 14},out_dyn_dims={}](main:@120) -> float_type, {64, 512, 14, 14}, {0, 1, 0, 0}
main:@123 = gpu::code_object[code_object=13632,symbol_name=add_clip_kernel,global=1605632,local=1024,](main:@118,main:@122,main:@121) -> float_type, {64, 512, 14, 14}, {100352, 196, 14, 1}
main:@124 = load[offset=0,end=0](main:@1) -> int8_type, {0}, {1}
main:@125 = load[offset=0,end=25690112](main:@1) -> float_type, {64, 512, 14, 14}, {100352, 196, 14, 1}
main:@126 = gpu::convolution[op={padding={0, 0, 0, 0},stride={1, 1},dilation={1, 1},group=1,padding_mode=0},algo=5,int8_x4_format=0,solution_id=64](main:@123,main:@119,main:@124,main:@125) -> float_type, {64, 512, 14, 14}, {100352, 196, 14, 1}
main:@127 = hip::hip_copy_literal[id=main:@literal:42] -> float_type, {512, 1, 3, 3}, {9, 9, 3, 1}
main:@128 = hip::hip_copy_literal[id=main:@literal:40] -> float_type, {512, 1, 1}, {1, 1, 1}
main:@129 = load[offset=25690112,end=51380224](main:@1) -> float_type, {64, 512, 14, 14}, {100352, 196, 14, 1}
main:@130 = multibroadcast[out_lens={64, 512, 14, 14},out_dyn_dims={}](main:@128) -> float_type, {64, 512, 14, 14}, {0, 1, 0, 0}
main:@131 = gpu::code_object[code_object=13632,symbol_name=add_clip_kernel,global=1605632,local=1024,](main:@126,main:@130,main:@129) -> float_type, {64, 512, 14, 14}, {100352, 196, 14, 1}
main:@132 = load[offset=0,end=25690112](main:@1) -> float_type, {64, 512, 14, 14}, {100352, 196, 14, 1}
main:@133 = load[offset=0,end=0](main:@1) -> int8_type, {0}, {1}
main:@134 = gpu::convolution[op={padding={1, 1, 1, 1},stride={1, 1},dilation={1, 1},group=512,padding_mode=0},algo=1,int8_x4_format=0,solution_id=11](main:@131,main:@127,main:@133,main:@132) -> float_type, {64, 512, 14, 14}, {100352, 196, 14, 1}
main:@135 = hip::hip_copy_literal[id=main:@literal:45] -> float_type, {512, 512, 1, 1}, {512, 1, 1, 1}
main:@136 = hip::hip_copy_literal[id=main:@literal:43] -> float_type, {512, 1, 1}, {1, 1, 1}
main:@137 = load[offset=25690112,end=51380224](main:@1) -> float_type, {64, 512, 14, 14}, {100352, 196, 14, 1}
main:@138 = multibroadcast[out_lens={64, 512, 14, 14},out_dyn_dims={}](main:@136) -> float_type, {64, 512, 14, 14}, {0, 1, 0, 0}
main:@139 = gpu::code_object[code_object=13632,symbol_name=add_clip_kernel,global=1605632,local=1024,](main:@134,main:@138,main:@137) -> float_type, {64, 512, 14, 14}, {100352, 196, 14, 1}
main:@140 = load[offset=0,end=25690112](main:@1) -> float_type, {64, 512, 14, 14}, {100352, 196, 14, 1}
main:@141 = load[offset=0,end=0](main:@1) -> int8_type, {0}, {1}
main:@142 = gpu::convolution[op={padding={0, 0, 0, 0},stride={1, 1},dilation={1, 1},group=1,padding_mode=0},algo=5,int8_x4_format=0,solution_id=64](main:@139,main:@135,main:@141,main:@140) -> float_type, {64, 512, 14, 14}, {100352, 196, 14, 1}
main:@143 = hip::hip_copy_literal[id=main:@literal:44] -> float_type, {512, 1, 1}, {1, 1, 1}
main:@144 = hip::hip_copy_literal[id=main:@literal:14] -> float_type, {512, 1, 3, 3}, {9, 9, 3, 1}
main:@145 = load[offset=25690112,end=51380224](main:@1) -> float_type, {64, 512, 14, 14}, {100352, 196, 14, 1}
main:@146 = multibroadcast[out_lens={64, 512, 14, 14},out_dyn_dims={}](main:@143) -> float_type, {64, 512, 14, 14}, {0, 1, 0, 0}
main:@147 = gpu::code_object[code_object=13632,symbol_name=add_clip_kernel,global=1605632,local=1024,](main:@142,main:@146,main:@145) -> float_type, {64, 512, 14, 14}, {100352, 196, 14, 1}
main:@148 = load[offset=0,end=0](main:@1) -> int8_type, {0}, {1}
main:@149 = load[offset=0,end=25690112](main:@1) -> float_type, {64, 512, 14, 14}, {100352, 196, 14, 1}
main:@150 = gpu::convolution[op={padding={1, 1, 1, 1},stride={1, 1},dilation={1, 1},group=512,padding_mode=0},algo=1,int8_x4_format=0,solution_id=11](main:@147,main:@144,main:@148,main:@149) -> float_type, {64, 512, 14, 14}, {100352, 196, 14, 1}
main:@151 = hip::hip_copy_literal[id=main:@literal:46] -> float_type, {512, 1, 1}, {1, 1, 1}
main:@152 = hip::hip_copy_literal[id=main:@literal:41] -> float_type, {512, 512, 1, 1}, {512, 1, 1, 1}
main:@153 = load[offset=25690112,end=51380224](main:@1) -> float_type, {64, 512, 14, 14}, {100352, 196, 14, 1}
main:@154 = multibroadcast[out_lens={64, 512, 14, 14},out_dyn_dims={}](main:@151) -> float_type, {64, 512, 14, 14}, {0, 1, 0, 0}
main:@155 = gpu::code_object[code_object=13632,symbol_name=add_clip_kernel,global=1605632,local=1024,](main:@150,main:@154,main:@153) -> float_type, {64, 512, 14, 14}, {100352, 196, 14, 1}
main:@156 = load[offset=0,end=25690112](main:@1) -> float_type, {64, 512, 14, 14}, {100352, 196, 14, 1}
main:@157 = load[offset=0,end=0](main:@1) -> int8_type, {0}, {1}
main:@158 = gpu::convolution[op={padding={0, 0, 0, 0},stride={1, 1},dilation={1, 1},group=1,padding_mode=0},algo=5,int8_x4_format=0,solution_id=64](main:@155,main:@152,main:@157,main:@156) -> float_type, {64, 512, 14, 14}, {100352, 196, 14, 1}
main:@159 = hip::hip_copy_literal[id=main:@literal:3] -> float_type, {512, 1, 3, 3}, {9, 9, 3, 1}
main:@160 = hip::hip_copy_literal[id=main:@literal:25] -> float_type, {512, 1, 1}, {1, 1, 1}
main:@161 = load[offset=25690112,end=51380224](main:@1) -> float_type, {64, 512, 14, 14}, {100352, 196, 14, 1}
main:@162 = multibroadcast[out_lens={64, 512, 14, 14},out_dyn_dims={}](main:@160) -> float_type, {64, 512, 14, 14}, {0, 1, 0, 0}
main:@163 = gpu::code_object[code_object=13632,symbol_name=add_clip_kernel,global=1605632,local=1024,](main:@158,main:@162,main:@161) -> float_type, {64, 512, 14, 14}, {100352, 196, 14, 1}
main:@164 = load[offset=0,end=25690112](main:@1) -> float_type, {64, 512, 14, 14}, {100352, 196, 14, 1}
main:@165 = load[offset=0,end=0](main:@1) -> int8_type, {0}, {1}
main:@166 = gpu::convolution[op={padding={1, 1, 1, 1},stride={1, 1},dilation={1, 1},group=512,padding_mode=0},algo=1,int8_x4_format=0,solution_id=11](main:@163,main:@159,main:@165,main:@164) -> float_type, {64, 512, 14, 14}, {100352, 196, 14, 1}
main:@167 = hip::hip_copy_literal[id=main:@literal:49] -> float_type, {512, 512, 1, 1}, {512, 1, 1, 1}
main:@168 = hip::hip_copy_literal[id=main:@literal:22] -> float_type, {512, 1, 1}, {1, 1, 1}
main:@169 = load[offset=25690112,end=51380224](main:@1) -> float_type, {64, 512, 14, 14}, {100352, 196, 14, 1}
main:@170 = multibroadcast[out_lens={64, 512, 14, 14},out_dyn_dims={}](main:@168) -> float_type, {64, 512, 14, 14}, {0, 1, 0, 0}
main:@171 = gpu::code_object[code_object=13632,symbol_name=add_clip_kernel,global=1605632,local=1024,](main:@166,main:@170,main:@169) -> float_type, {64, 512, 14, 14}, {100352, 196, 14, 1}
main:@172 = load[offset=0,end=25690112](main:@1) -> float_type, {64, 512, 14, 14}, {100352, 196, 14, 1}
main:@173 = load[offset=0,end=0](main:@1) -> int8_type, {0}, {1}
main:@174 = gpu::convolution[op={padding={0, 0, 0, 0},stride={1, 1},dilation={1, 1},group=1,padding_mode=0},algo=5,int8_x4_format=0,solution_id=64](main:@171,main:@167,main:@173,main:@172) -> float_type, {64, 512, 14, 14}, {100352, 196, 14, 1}
main:@175 = hip::hip_copy_literal[id=main:@literal:55] -> float_type, {1001}, {1}
main:@176 = hip::hip_copy_literal[id=main:@literal:54] -> float_type, {1024, 1, 1}, {1, 1, 1}
main:@177 = hip::hip_copy_literal[id=main:@literal:4] -> float_type, {512, 1, 1}, {1, 1, 1}
main:@178 = hip::hip_copy_literal[id=main:@literal:47] -> float_type, {1001, 1024, 1, 1}, {1024, 1, 1, 1}
main:@179 = hip::hip_copy_literal[id=main:@literal:37] -> float_type, {1024, 1024, 1, 1}, {1024, 1, 1, 1}
main:@180 = hip::hip_copy_literal[id=main:@literal:32] -> float_type, {512, 1, 1}, {1, 1, 1}
main:@181 = hip::hip_copy_literal[id=main:@literal:6] -> float_type, {1024, 1, 1}, {1, 1, 1}
main:@182 = hip::hip_copy_literal[id=main:@literal:9] -> float_type, {512, 1, 1}, {1, 1, 1}
main:@183 = hip::hip_copy_literal[id=main:@literal:50] -> float_type, {512, 1, 3, 3}, {9, 9, 3, 1}
main:@184 = hip::hip_copy_literal[id=main:@literal:53] -> float_type, {1024, 1, 3, 3}, {9, 9, 3, 1}
main:@185 = hip::hip_copy_literal[id=main:@literal:20] -> float_type, {512, 1, 3, 3}, {9, 9, 3, 1}
main:@186 = hip::hip_copy_literal[id=main:@literal:51] -> float_type, {1024, 512, 1, 1}, {512, 1, 1, 1}
main:@187 = hip::hip_copy_literal[id=main:@literal:18] -> float_type, {512, 1, 1}, {1, 1, 1}
main:@188 = hip::hip_copy_literal[id=main:@literal:52] -> float_type, {1024, 1, 1}, {1, 1, 1}
main:@189 = hip::hip_copy_literal[id=main:@literal:48] -> float_type, {512, 512, 1, 1}, {512, 1, 1, 1}
main:@190 = load[offset=51380224,end=77070336](main:@1) -> float_type, {64, 512, 14, 14}, {100352, 196, 14, 1}
main:@191 = multibroadcast[out_lens={64, 512, 14, 14},out_dyn_dims={}](main:@180) -> float_type, {64, 512, 14, 14}, {0, 1, 0, 0}
main:@192 = gpu::code_object[code_object=13632,symbol_name=add_clip_kernel,global=1605632,local=1024,](main:@174,main:@191,main:@190) -> float_type, {64, 512, 14, 14}, {100352, 196, 14, 1}
main:@193 = load[offset=25690112,end=51380224](main:@1) -> float_type, {64, 512, 14, 14}, {100352, 196, 14, 1}
main:@194 = load[offset=0,end=0](main:@1) -> int8_type, {0}, {1}
main:@195 = gpu::convolution[op={padding={1, 1, 1, 1},stride={1, 1},dilation={1, 1},group=512,padding_mode=0},algo=1,int8_x4_format=0,solution_id=11](main:@192,main:@183,main:@194,main:@193) -> float_type, {64, 512, 14, 14}, {100352, 196, 14, 1}
main:@196 = load[offset=0,end=25690112](main:@1) -> float_type, {64, 512, 14, 14}, {100352, 196, 14, 1}
main:@197 = multibroadcast[out_lens={64, 512, 14, 14},out_dyn_dims={}](main:@182) -> float_type, {64, 512, 14, 14}, {0, 1, 0, 0}
main:@198 = gpu::code_object[code_object=13632,symbol_name=add_clip_kernel,global=1605632,local=1024,](main:@195,main:@197,main:@196) -> float_type, {64, 512, 14, 14}, {100352, 196, 14, 1}
main:@199 = load[offset=0,end=0](main:@1) -> int8_type, {0}, {1}
main:@200 = load[offset=55181312,end=80871424](main:@1) -> float_type, {64, 512, 14, 14}, {100352, 196, 14, 1}
main:@201 = gpu::convolution[op={padding={0, 0, 0, 0},stride={1, 1},dilation={1, 1},group=1,padding_mode=0},algo=5,int8_x4_format=0,solution_id=64](main:@198,main:@189,main:@199,main:@200) -> float_type, {64, 512, 14, 14}, {100352, 196, 14, 1}
main:@202 = load[offset=29491200,end=55181312](main:@1) -> float_type, {64, 512, 14, 14}, {100352, 196, 14, 1}
main:@203 = multibroadcast[out_lens={64, 512, 14, 14},out_dyn_dims={}](main:@187) -> float_type, {64, 512, 14, 14}, {0, 1, 0, 0}
main:@204 = gpu::code_object[code_object=13632,symbol_name=add_clip_kernel,global=1605632,local=1024,](main:@201,main:@203,main:@202) -> float_type, {64, 512, 14, 14}, {100352, 196, 14, 1}
main:@205 = load[offset=0,end=29491200](main:@1) -> float_type, {64, 512, 15, 15}, {115200, 225, 15, 1}
main:@206 = gpu::code_object[code_object=13624,symbol_name=pad_kernel,global=307200,local=1024,](main:@204,main:@205) -> float_type, {64, 512, 15, 15}, {115200, 225, 15, 1}
main:@207 = load[offset=0,end=0](main:@1) -> int8_type, {0}, {1}
main:@208 = load[offset=29491200,end=35913728](main:@1) -> float_type, {64, 512, 7, 7}, {25088, 49, 7, 1}
main:@209 = gpu::convolution[op={padding={0, 0, 0, 0},stride={2, 2},dilation={1, 1},group=512,padding_mode=0},algo=1,int8_x4_format=0,solution_id=11](main:@206,main:@185,main:@207,main:@208) -> float_type, {64, 512, 7, 7}, {25088, 49, 7, 1}
main:@210 = load[offset=0,end=6422528](main:@1) -> float_type, {64, 512, 7, 7}, {25088, 49, 7, 1}
main:@211 = multibroadcast[out_lens={64, 512, 7, 7},out_dyn_dims={}](main:@177) -> float_type, {64, 512, 7, 7}, {0, 1, 0, 0}
main:@212 = gpu::code_object[code_object=13632,symbol_name=add_clip_kernel,global=1605632,local=1024,](main:@209,main:@211,main:@210) -> float_type, {64, 512, 7, 7}, {25088, 49, 7, 1}
main:@213 = load[offset=12845056,end=25690112](main:@1) -> float_type, {64, 1024, 7, 7}, {50176, 49, 7, 1}
main:@214 = load[offset=0,end=0](main:@1) -> int8_type, {0}, {1}
main:@215 = gpu::convolution[op={padding={0, 0, 0, 0},stride={1, 1},dilation={1, 1},group=1,padding_mode=0},algo=5,int8_x4_format=0,solution_id=64](main:@212,main:@186,main:@214,main:@213) -> float_type, {64, 1024, 7, 7}, {50176, 49, 7, 1}
main:@216 = load[offset=0,end=12845056](main:@1) -> float_type, {64, 1024, 7, 7}, {50176, 49, 7, 1}
main:@217 = multibroadcast[out_lens={64, 1024, 7, 7},out_dyn_dims={}](main:@188) -> float_type, {64, 1024, 7, 7}, {0, 1, 0, 0}
main:@218 = gpu::code_object[code_object=13632,symbol_name=add_clip_kernel,global=3211264,local=1024,](main:@215,main:@217,main:@216) -> float_type, {64, 1024, 7, 7}, {50176, 49, 7, 1}
main:@219 = load[offset=12845056,end=25690112](main:@1) -> float_type, {64, 1024, 7, 7}, {50176, 49, 7, 1}
main:@220 = load[offset=0,end=0](main:@1) -> int8_type, {0}, {1}
main:@221 = gpu::convolution[op={padding={1, 1, 1, 1},stride={1, 1},dilation={1, 1},group=1024,padding_mode=0},algo=1,int8_x4_format=0,solution_id=11](main:@218,main:@184,main:@220,main:@219) -> float_type, {64, 1024, 7, 7}, {50176, 49, 7, 1}
main:@222 = load[offset=0,end=12845056](main:@1) -> float_type, {64, 1024, 7, 7}, {50176, 49, 7, 1}
main:@223 = multibroadcast[out_lens={64, 1024, 7, 7},out_dyn_dims={}](main:@176) -> float_type, {64, 1024, 7, 7}, {0, 1, 0, 0}
main:@224 = gpu::code_object[code_object=13632,symbol_name=add_clip_kernel,global=3211264,local=1024,](main:@221,main:@223,main:@222) -> float_type, {64, 1024, 7, 7}, {50176, 49, 7, 1}
main:@225 = load[offset=0,end=0](main:@1) -> int8_type, {0}, {1}
main:@226 = load[offset=12845056,end=25690112](main:@1) -> float_type, {64, 1024, 7, 7}, {50176, 49, 7, 1}
main:@227 = gpu::convolution[op={padding={0, 0, 0, 0},stride={1, 1},dilation={1, 1},group=1,padding_mode=0},algo=5,int8_x4_format=0,solution_id=103](main:@224,main:@179,main:@225,main:@226) -> float_type, {64, 1024, 7, 7}, {50176, 49, 7, 1}
main:@228 = load[offset=0,end=12845056](main:@1) -> float_type, {64, 1024, 7, 7}, {50176, 49, 7, 1}
main:@229 = multibroadcast[out_lens={64, 1024, 7, 7},out_dyn_dims={}](main:@181) -> float_type, {64, 1024, 7, 7}, {0, 1, 0, 0}
main:@230 = gpu::code_object[code_object=13632,symbol_name=add_clip_kernel,global=3211264,local=1024,](main:@227,main:@229,main:@228) -> float_type, {64, 1024, 7, 7}, {50176, 49, 7, 1}
main:@231 = load[offset=12845056,end=13107200](main:@1) -> float_type, {64, 1024, 1, 1}, {1024, 1, 1, 1}
main:@232 = gpu::pooling[mode=average,padding={0, 0, 0, 0},stride={2, 2},lengths={7, 7},ceil_mode=0,lp_order=2](main:@230,main:@231) -> float_type, {64, 1024, 1, 1}, {1024, 1, 1, 1}
main:@233 = load[offset=0,end=0](main:@1) -> int8_type, {0}, {1}
main:@234 = load[offset=256256,end=512512](main:@1) -> float_type, {64, 1001, 1, 1}, {1001, 1, 1, 1}
main:@235 = gpu::convolution[op={padding={0, 0, 0, 0},stride={1, 1},dilation={1, 1},group=1,padding_mode=0},algo=5,int8_x4_format=0,solution_id=107](main:@232,main:@178,main:@233,main:@234) -> float_type, {64, 1001, 1, 1}, {1001, 1, 1, 1}
main:@236 = load[offset=0,end=256256](main:@1) -> float_type, {64, 1001, 1, 1}, {1001, 1, 1, 1}
main:@237 = broadcast[axis=1,out_lens={64, 1001, 1, 1}](main:@175) -> float_type, {64, 1001, 1, 1}, {0, 1, 0, 0}
main:@238 = gpu::code_object[code_object=13624,symbol_name=add_kernel,global=64064,local=1024,](main:@235,main:@237,main:@236) -> float_type, {64, 1001, 1, 1}, {1001, 1, 1, 1}
main:#output_0 = @param:main:#output_0 -> float_type, {64, 1001}, {1001, 1}
main:@240 = transpose[permutation={0, 2, 3, 1}](main:@238) -> float_type, {64, 1, 1, 1001}, {1001, 1, 1, 1}
main:@241 = squeeze[axes={1, 2}](main:@240) -> float_type, {64, 1001}, {1001, 1}
main:@242 = gpu::code_object[code_object=13632,symbol_name=softmax_kernel,global=16384,local=256,](main:@241,main:#output_0) -> float_type, {64, 1001}, {1001, 1}
main:@243 = @return(main:@242)


Allocating params ... 
Running performance report ... 
main:@0 = check_context::migraphx::version_1::gpu::context -> float_type, {}, {}: 0.0010053ms, 1%
main:@1 = hip::hip_allocate_memory[shape=float_type, {116527104}, {1},id=main:scratch] -> float_type, {116527104}, {1}: 0.00092018ms, 1%
main:@2 = hip::hip_copy_literal[id=main:@literal:28] -> float_type, {32, 3, 3, 3}, {27, 9, 3, 1}: 0.00088976ms, 1%
main:@3 = load[offset=102760448,end=141640448](main:@1) -> float_type, {64, 3, 225, 225}, {151875, 50625, 225, 1}: 0.00063964ms, 1%
input = @param:input -> float_type, {64, 3, 224, 224}, {150528, 50176, 224, 1}: 0.00042338ms, 1%
main:@5 = gpu::code_object[code_object=13624,symbol_name=pad_kernel,global=307200,local=1024,](input,main:@3) -> float_type, {64, 3, 225, 225}, {151875, 50625, 225, 1}: 0.115695ms, 2%
main:@6 = load[offset=0,end=0](main:@1) -> int8_type, {0}, {1}: 0.00073472ms, 1%
main:@7 = load[offset=0,end=102760448](main:@1) -> float_type, {64, 32, 112, 112}, {401408, 12544, 112, 1}: 0.00058722ms, 1%
main:@8 = gpu::convolution[op={padding={0, 0, 0, 0},stride={2, 2},dilation={1, 1},group=1,padding_mode=0},algo=5,int8_x4_format=0,solution_id=81](main:@5,main:@2,main:@6,main:@7) -> float_type, {64, 32, 112, 112}, {401408, 12544, 112, 1}: 0.201459ms, 2%
main:@9 = hip::hip_copy_literal[id=main:@literal:17] -> float_type, {32, 1, 3, 3}, {9, 9, 3, 1}: 0.00091608ms, 1%
main:@10 = hip::hip_copy_literal[id=main:@literal:30] -> float_type, {32, 1, 1}, {1, 1, 1}: 0.00059788ms, 1%
main:@11 = load[offset=102760448,end=205520896](main:@1) -> float_type, {64, 32, 112, 112}, {401408, 12544, 112, 1}: 0.0006806ms, 1%
main:@12 = multibroadcast[out_lens={64, 32, 112, 112},out_dyn_dims={}](main:@10) -> float_type, {64, 32, 112, 112}, {0, 1, 0, 0}: 0.00113476ms, 1%
main:@13 = gpu::code_object[code_object=13632,symbol_name=add_clip_kernel,global=3211264,local=1024,](main:@8,main:@12,main:@11) -> float_type, {64, 32, 112, 112}, {401408, 12544, 112, 1}: 0.227021ms, 3%
main:@14 = load[offset=0,end=0](main:@1) -> int8_type, {0}, {1}: 0.00072428ms, 1%
main:@15 = load[offset=0,end=102760448](main:@1) -> float_type, {64, 32, 112, 112}, {401408, 12544, 112, 1}: 0.00058532ms, 1%
main:@16 = gpu::convolution[op={padding={1, 1, 1, 1},stride={1, 1},dilation={1, 1},group=32,padding_mode=0},algo=1,int8_x4_format=0,solution_id=11](main:@13,main:@9,main:@14,main:@15) -> float_type, {64, 32, 112, 112}, {401408, 12544, 112, 1}: 0.273738ms, 3%
main:@17 = hip::hip_copy_literal[id=main:@literal:31] -> float_type, {32, 1, 1}, {1, 1, 1}: 0.00082906ms, 1%
main:@18 = hip::hip_copy_literal[id=main:@literal:23] -> float_type, {64, 32, 1, 1}, {32, 1, 1, 1}: 0.00066104ms, 1%
main:@19 = load[offset=205520896,end=308281344](main:@1) -> float_type, {64, 32, 112, 112}, {401408, 12544, 112, 1}: 0.00068114ms, 1%
main:@20 = multibroadcast[out_lens={64, 32, 112, 112},out_dyn_dims={}](main:@17) -> float_type, {64, 32, 112, 112}, {0, 1, 0, 0}: 0.00099634ms, 1%
main:@21 = gpu::code_object[code_object=13632,symbol_name=add_clip_kernel,global=3211264,local=1024,](main:@16,main:@20,main:@19) -> float_type, {64, 32, 112, 112}, {401408, 12544, 112, 1}: 0.227773ms, 3%
main:@22 = load[offset=0,end=0](main:@1) -> int8_type, {0}, {1}: 0.00075268ms, 1%
main:@23 = load[offset=0,end=205520896](main:@1) -> float_type, {64, 64, 112, 112}, {802816, 12544, 112, 1}: 0.00060456ms, 1%
main:@24 = gpu::convolution[op={padding={0, 0, 0, 0},stride={1, 1},dilation={1, 1},group=1,padding_mode=0},algo=1,int8_x4_format=0,solution_id=2](main:@21,main:@18,main:@22,main:@23) -> float_type, {64, 64, 112, 112}, {802816, 12544, 112, 1}: 0.35683ms, 4%
main:@25 = hip::hip_copy_literal[id=main:@literal:21] -> float_type, {64, 1, 3, 3}, {9, 9, 3, 1}: 0.00082856ms, 1%
main:@26 = hip::hip_copy_literal[id=main:@literal:29] -> float_type, {64, 1, 1}, {1, 1, 1}: 0.00062256ms, 1%
main:@27 = load[offset=260587520,end=466108416](main:@1) -> float_type, {64, 64, 112, 112}, {802816, 12544, 112, 1}: 0.00067572ms, 1%
main:@28 = multibroadcast[out_lens={64, 64, 112, 112},out_dyn_dims={}](main:@26) -> float_type, {64, 64, 112, 112}, {0, 1, 0, 0}: 0.00097536ms, 1%
main:@29 = gpu::code_object[code_object=13632,symbol_name=add_clip_kernel,global=6422528,local=1024,](main:@24,main:@28,main:@27) -> float_type, {64, 64, 112, 112}, {802816, 12544, 112, 1}: 0.433652ms, 5%
main:@30 = load[offset=51380224,end=260587520](main:@1) -> float_type, {64, 64, 113, 113}, {817216, 12769, 113, 1}: 0.00074628ms, 1%
main:@31 = gpu::code_object[code_object=13624,symbol_name=pad_kernel,global=307200,local=1024,](main:@29,main:@30) -> float_type, {64, 64, 113, 113}, {817216, 12769, 113, 1}: 0.548882ms, 6%
main:@32 = load[offset=0,end=0](main:@1) -> int8_type, {0}, {1}: 0.00074876ms, 1%
main:@33 = load[offset=0,end=51380224](main:@1) -> float_type, {64, 64, 56, 56}, {200704, 3136, 56, 1}: 0.00059092ms, 1%
main:@34 = gpu::convolution[op={padding={0, 0, 0, 0},stride={2, 2},dilation={1, 1},group=64,padding_mode=0},algo=1,int8_x4_format=0,solution_id=11](main:@31,main:@25,main:@32,main:@33) -> float_type, {64, 64, 56, 56}, {200704, 3136, 56, 1}: 0.380254ms, 4%
main:@35 = hip::hip_copy_literal[id=main:@literal:24] -> float_type, {128, 64, 1, 1}, {64, 1, 1, 1}: 0.00083866ms, 1%
main:@36 = hip::hip_copy_literal[id=main:@literal:34] -> float_type, {64, 1, 1}, {1, 1, 1}: 0.00056566ms, 1%
main:@37 = load[offset=102760448,end=154140672](main:@1) -> float_type, {64, 64, 56, 56}, {200704, 3136, 56, 1}: 0.00069092ms, 1%
main:@38 = multibroadcast[out_lens={64, 64, 56, 56},out_dyn_dims={}](main:@36) -> float_type, {64, 64, 56, 56}, {0, 1, 0, 0}: 0.00096994ms, 1%
main:@39 = gpu::code_object[code_object=13632,symbol_name=add_clip_kernel,global=1605632,local=1024,](main:@34,main:@38,main:@37) -> float_type, {64, 64, 56, 56}, {200704, 3136, 56, 1}: 0.126071ms, 2%
main:@40 = load[offset=0,end=102760448](main:@1) -> float_type, {64, 128, 56, 56}, {401408, 3136, 56, 1}: 0.00073498ms, 1%
main:@41 = load[offset=0,end=0](main:@1) -> int8_type, {0}, {1}: 0.00058742ms, 1%
main:@42 = gpu::convolution[op={padding={0, 0, 0, 0},stride={1, 1},dilation={1, 1},group=1,padding_mode=0},algo=5,int8_x4_format=0,solution_id=103](main:@39,main:@35,main:@41,main:@40) -> float_type, {64, 128, 56, 56}, {401408, 3136, 56, 1}: 0.21408ms, 3%
main:@43 = hip::hip_copy_literal[id=main:@literal:1] -> float_type, {128, 1, 3, 3}, {9, 9, 3, 1}: 0.00084082ms, 1%
main:@44 = hip::hip_copy_literal[id=main:@literal:26] -> float_type, {128, 1, 1}, {1, 1, 1}: 0.00062266ms, 1%
main:@45 = load[offset=102760448,end=205520896](main:@1) -> float_type, {64, 128, 56, 56}, {401408, 3136, 56, 1}: 0.00068214ms, 1%
main:@46 = multibroadcast[out_lens={64, 128, 56, 56},out_dyn_dims={}](main:@44) -> float_type, {64, 128, 56, 56}, {0, 1, 0, 0}: 0.00096578ms, 1%
main:@47 = gpu::code_object[code_object=13632,symbol_name=add_clip_kernel,global=3211264,local=1024,](main:@42,main:@46,main:@45) -> float_type, {64, 128, 56, 56}, {401408, 3136, 56, 1}: 0.228343ms, 3%
main:@48 = load[offset=0,end=102760448](main:@1) -> float_type, {64, 128, 56, 56}, {401408, 3136, 56, 1}: 0.00071712ms, 1%
main:@49 = load[offset=0,end=0](main:@1) -> int8_type, {0}, {1}: 0.0005751ms, 1%
main:@50 = gpu::convolution[op={padding={1, 1, 1, 1},stride={1, 1},dilation={1, 1},group=128,padding_mode=0},algo=1,int8_x4_format=0,solution_id=11](main:@47,main:@43,main:@49,main:@48) -> float_type, {64, 128, 56, 56}, {401408, 3136, 56, 1}: 0.289562ms, 3%
main:@51 = hip::hip_copy_literal[id=main:@literal:33] -> float_type, {128, 1, 1}, {1, 1, 1}: 0.000807ms, 1%
main:@52 = hip::hip_copy_literal[id=main:@literal:39] -> float_type, {128, 128, 1, 1}, {128, 1, 1, 1}: 0.0005951ms, 1%
main:@53 = load[offset=102760448,end=205520896](main:@1) -> float_type, {64, 128, 56, 56}, {401408, 3136, 56, 1}: 0.0006878ms, 1%
main:@54 = multibroadcast[out_lens={64, 128, 56, 56},out_dyn_dims={}](main:@51) -> float_type, {64, 128, 56, 56}, {0, 1, 0, 0}: 0.00096434ms, 1%
main:@55 = gpu::code_object[code_object=13632,symbol_name=add_clip_kernel,global=3211264,local=1024,](main:@50,main:@54,main:@53) -> float_type, {64, 128, 56, 56}, {401408, 3136, 56, 1}: 0.227578ms, 3%
main:@56 = load[offset=0,end=0](main:@1) -> int8_type, {0}, {1}: 0.00072304ms, 1%
main:@57 = load[offset=0,end=102760448](main:@1) -> float_type, {64, 128, 56, 56}, {401408, 3136, 56, 1}: 0.00057286ms, 1%
main:@58 = gpu::convolution[op={padding={0, 0, 0, 0},stride={1, 1},dilation={1, 1},group=1,padding_mode=0},algo=5,int8_x4_format=0,solution_id=64](main:@55,main:@52,main:@56,main:@57) -> float_type, {64, 128, 56, 56}, {401408, 3136, 56, 1}: 0.286841ms, 3%
main:@59 = hip::hip_copy_literal[id=main:@literal:5] -> float_type, {128, 1, 1}, {1, 1, 1}: 0.00081474ms, 1%
main:@60 = hip::hip_copy_literal[id=main:@literal:16] -> float_type, {128, 1, 3, 3}, {9, 9, 3, 1}: 0.00060544ms, 1%
main:@61 = load[offset=132153344,end=234913792](main:@1) -> float_type, {64, 128, 56, 56}, {401408, 3136, 56, 1}: 0.0006734ms, 1%
main:@62 = multibroadcast[out_lens={64, 128, 56, 56},out_dyn_dims={}](main:@59) -> float_type, {64, 128, 56, 56}, {0, 1, 0, 0}: 0.0009551ms, 1%
main:@63 = gpu::code_object[code_object=13632,symbol_name=add_clip_kernel,global=3211264,local=1024,](main:@58,main:@62,main:@61) -> float_type, {64, 128, 56, 56}, {401408, 3136, 56, 1}: 0.227659ms, 3%
main:@64 = load[offset=25690112,end=132153344](main:@1) -> float_type, {64, 128, 57, 57}, {415872, 3249, 57, 1}: 0.00071386ms, 1%
main:@65 = gpu::code_object[code_object=13624,symbol_name=pad_kernel,global=307200,local=1024,](main:@63,main:@64) -> float_type, {64, 128, 57, 57}, {415872, 3249, 57, 1}: 0.283732ms, 3%
main:@66 = load[offset=0,end=25690112](main:@1) -> float_type, {64, 128, 28, 28}, {100352, 784, 28, 1}: 0.00076052ms, 1%
main:@67 = load[offset=0,end=0](main:@1) -> int8_type, {0}, {1}: 0.00057882ms, 1%
main:@68 = gpu::convolution[op={padding={0, 0, 0, 0},stride={2, 2},dilation={1, 1},group=128,padding_mode=0},algo=1,int8_x4_format=0,solution_id=11](main:@65,main:@60,main:@67,main:@66) -> float_type, {64, 128, 28, 28}, {100352, 784, 28, 1}: 0.2058ms, 3%
main:@69 = hip::hip_copy_literal[id=main:@literal:13] -> float_type, {256, 128, 1, 1}, {128, 1, 1, 1}: 0.00077704ms, 1%
main:@70 = hip::hip_copy_literal[id=main:@literal:15] -> float_type, {128, 1, 1}, {1, 1, 1}: 0.00059572ms, 1%
main:@71 = load[offset=51380224,end=77070336](main:@1) -> float_type, {64, 128, 28, 28}, {100352, 784, 28, 1}: 0.00067724ms, 1%
main:@72 = multibroadcast[out_lens={64, 128, 28, 28},out_dyn_dims={}](main:@70) -> float_type, {64, 128, 28, 28}, {0, 1, 0, 0}: 0.00096934ms, 1%
main:@73 = gpu::code_object[code_object=13632,symbol_name=add_clip_kernel,global=802816,local=1024,](main:@68,main:@72,main:@71) -> float_type, {64, 128, 28, 28}, {100352, 784, 28, 1}: 0.0749361ms, 1%
main:@74 = load[offset=0,end=51380224](main:@1) -> float_type, {64, 256, 28, 28}, {200704, 784, 28, 1}: 0.00071062ms, 1%
main:@75 = load[offset=0,end=0](main:@1) -> int8_type, {0}, {1}: 0.00057382ms, 1%
main:@76 = gpu::convolution[op={padding={0, 0, 0, 0},stride={1, 1},dilation={1, 1},group=1,padding_mode=0},algo=5,int8_x4_format=0,solution_id=64](main:@73,main:@69,main:@75,main:@74) -> float_type, {64, 256, 28, 28}, {200704, 784, 28, 1}: 0.144361ms, 2%
main:@77 = hip::hip_copy_literal[id=main:@literal:38] -> float_type, {256, 1, 3, 3}, {9, 9, 3, 1}: 0.00082024ms, 1%
main:@78 = hip::hip_copy_literal[id=main:@literal:12] -> float_type, {256, 1, 1}, {1, 1, 1}: 0.0005557ms, 1%
main:@79 = load[offset=51380224,end=102760448](main:@1) -> float_type, {64, 256, 28, 28}, {200704, 784, 28, 1}: 0.00067222ms, 1%
main:@80 = multibroadcast[out_lens={64, 256, 28, 28},out_dyn_dims={}](main:@78) -> float_type, {64, 256, 28, 28}, {0, 1, 0, 0}: 0.00095518ms, 1%
main:@81 = gpu::code_object[code_object=13632,symbol_name=add_clip_kernel,global=1605632,local=1024,](main:@76,main:@80,main:@79) -> float_type, {64, 256, 28, 28}, {200704, 784, 28, 1}: 0.126145ms, 2%
main:@82 = load[offset=0,end=51380224](main:@1) -> float_type, {64, 256, 28, 28}, {200704, 784, 28, 1}: 0.00072356ms, 1%
main:@83 = load[offset=0,end=0](main:@1) -> int8_type, {0}, {1}: 0.00058372ms, 1%
main:@84 = gpu::convolution[op={padding={1, 1, 1, 1},stride={1, 1},dilation={1, 1},group=256,padding_mode=0},algo=1,int8_x4_format=0,solution_id=11](main:@81,main:@77,main:@83,main:@82) -> float_type, {64, 256, 28, 28}, {200704, 784, 28, 1}: 0.167156ms, 2%
main:@85 = hip::hip_copy_literal[id=main:@literal:11] -> float_type, {256, 1, 1}, {1, 1, 1}: 0.00084152ms, 1%
main:@86 = hip::hip_copy_literal[id=main:@literal:35] -> float_type, {256, 256, 1, 1}, {256, 1, 1, 1}: 0.00054552ms, 1%
main:@87 = load[offset=51380224,end=102760448](main:@1) -> float_type, {64, 256, 28, 28}, {200704, 784, 28, 1}: 0.00067456ms, 1%
main:@88 = multibroadcast[out_lens={64, 256, 28, 28},out_dyn_dims={}](main:@85) -> float_type, {64, 256, 28, 28}, {0, 1, 0, 0}: 0.00094676ms, 1%
main:@89 = gpu::code_object[code_object=13632,symbol_name=add_clip_kernel,global=1605632,local=1024,](main:@84,main:@88,main:@87) -> float_type, {64, 256, 28, 28}, {200704, 784, 28, 1}: 0.125076ms, 2%
main:@90 = load[offset=0,end=0](main:@1) -> int8_type, {0}, {1}: 0.00070858ms, 1%
main:@91 = load[offset=0,end=51380224](main:@1) -> float_type, {64, 256, 28, 28}, {200704, 784, 28, 1}: 0.00057796ms, 1%
main:@92 = gpu::convolution[op={padding={0, 0, 0, 0},stride={1, 1},dilation={1, 1},group=1,padding_mode=0},algo=5,int8_x4_format=0,solution_id=64](main:@89,main:@86,main:@90,main:@91) -> float_type, {64, 256, 28, 28}, {200704, 784, 28, 1}: 0.247421ms, 3%
main:@93 = hip::hip_copy_literal[id=main:@literal:8] -> float_type, {256, 1, 3, 3}, {9, 9, 3, 1}: 0.0007864ms, 1%
main:@94 = hip::hip_copy_literal[id=main:@literal:27] -> float_type, {256, 1, 1}, {1, 1, 1}: 0.00059274ms, 1%
main:@95 = load[offset=67960832,end=119341056](main:@1) -> float_type, {64, 256, 28, 28}, {200704, 784, 28, 1}: 0.00068406ms, 1%
main:@96 = multibroadcast[out_lens={64, 256, 28, 28},out_dyn_dims={}](main:@94) -> float_type, {64, 256, 28, 28}, {0, 1, 0, 0}: 0.00095728ms, 1%
main:@97 = gpu::code_object[code_object=13632,symbol_name=add_clip_kernel,global=1605632,local=1024,](main:@92,main:@96,main:@95) -> float_type, {64, 256, 28, 28}, {200704, 784, 28, 1}: 0.125128ms, 2%
main:@98 = load[offset=12845056,end=67960832](main:@1) -> float_type, {64, 256, 29, 29}, {215296, 841, 29, 1}: 0.00071442ms, 1%
main:@99 = gpu::code_object[code_object=13624,symbol_name=pad_kernel,global=307200,local=1024,](main:@97,main:@98) -> float_type, {64, 256, 29, 29}, {215296, 841, 29, 1}: 0.148484ms, 2%
main:@100 = load[offset=0,end=12845056](main:@1) -> float_type, {64, 256, 14, 14}, {50176, 196, 14, 1}: 0.00074866ms, 1%
main:@101 = load[offset=0,end=0](main:@1) -> int8_type, {0}, {1}: 0.00056196ms, 1%
main:@102 = gpu::convolution[op={padding={0, 0, 0, 0},stride={2, 2},dilation={1, 1},group=256,padding_mode=0},algo=1,int8_x4_format=0,solution_id=11](main:@99,main:@93,main:@101,main:@100) -> float_type, {64, 256, 14, 14}, {50176, 196, 14, 1}: 0.12235ms, 2%
main:@103 = hip::hip_copy_literal[id=main:@literal:10] -> float_type, {512, 256, 1, 1}, {256, 1, 1, 1}: 0.0007818ms, 1%
main:@104 = hip::hip_copy_literal[id=main:@literal:19] -> float_type, {256, 1, 1}, {1, 1, 1}: 0.0005724ms, 1%
main:@105 = load[offset=25690112,end=38535168](main:@1) -> float_type, {64, 256, 14, 14}, {50176, 196, 14, 1}: 0.00067586ms, 1%
main:@106 = multibroadcast[out_lens={64, 256, 14, 14},out_dyn_dims={}](main:@104) -> float_type, {64, 256, 14, 14}, {0, 1, 0, 0}: 0.00097482ms, 1%
main:@107 = gpu::code_object[code_object=13632,symbol_name=add_clip_kernel,global=802816,local=1024,](main:@102,main:@106,main:@105) -> float_type, {64, 256, 14, 14}, {50176, 196, 14, 1}: 0.0454555ms, 1%
main:@108 = load[offset=0,end=0](main:@1) -> int8_type, {0}, {1}: 0.00072596ms, 1%
main:@109 = load[offset=0,end=25690112](main:@1) -> float_type, {64, 512, 14, 14}, {100352, 196, 14, 1}: 0.0005906ms, 1%
main:@110 = gpu::convolution[op={padding={0, 0, 0, 0},stride={1, 1},dilation={1, 1},group=1,padding_mode=0},algo=5,int8_x4_format=0,solution_id=64](main:@107,main:@103,main:@108,main:@109) -> float_type, {64, 512, 14, 14}, {100352, 196, 14, 1}: 0.137919ms, 2%
main:@111 = hip::hip_copy_literal[id=main:@literal:7] -> float_type, {512, 1, 1}, {1, 1, 1}: 0.00077928ms, 1%
main:@112 = hip::hip_copy_literal[id=main:@literal:36] -> float_type, {512, 1, 3, 3}, {9, 9, 3, 1}: 0.0006658ms, 1%
main:@113 = load[offset=25690112,end=51380224](main:@1) -> float_type, {64, 512, 14, 14}, {100352, 196, 14, 1}: 0.00066352ms, 1%
main:@114 = multibroadcast[out_lens={64, 512, 14, 14},out_dyn_dims={}](main:@111) -> float_type, {64, 512, 14, 14}, {0, 1, 0, 0}: 0.00097356ms, 1%
main:@115 = gpu::code_object[code_object=13632,symbol_name=add_clip_kernel,global=1605632,local=1024,](main:@110,main:@114,main:@113) -> float_type, {64, 512, 14, 14}, {100352, 196, 14, 1}: 0.0708394ms, 1%
main:@116 = load[offset=0,end=25690112](main:@1) -> float_type, {64, 512, 14, 14}, {100352, 196, 14, 1}: 0.00072148ms, 1%
main:@117 = load[offset=0,end=0](main:@1) -> int8_type, {0}, {1}: 0.00057324ms, 1%
main:@118 = gpu::convolution[op={padding={1, 1, 1, 1},stride={1, 1},dilation={1, 1},group=512,padding_mode=0},algo=1,int8_x4_format=0,solution_id=11](main:@115,main:@112,main:@117,main:@116) -> float_type, {64, 512, 14, 14}, {100352, 196, 14, 1}: 0.104088ms, 2%
main:@119 = hip::hip_copy_literal[id=main:@literal:0] -> float_type, {512, 512, 1, 1}, {512, 1, 1, 1}: 0.00076498ms, 1%
main:@120 = hip::hip_copy_literal[id=main:@literal:2] -> float_type, {512, 1, 1}, {1, 1, 1}: 0.00054092ms, 1%
main:@121 = load[offset=25690112,end=51380224](main:@1) -> float_type, {64, 512, 14, 14}, {100352, 196, 14, 1}: 0.00067422ms, 1%
main:@122 = multibroadcast[out_lens={64, 512, 14, 14},out_dyn_dims={}](main:@120) -> float_type, {64, 512, 14, 14}, {0, 1, 0, 0}: 0.00094858ms, 1%
main:@123 = gpu::code_object[code_object=13632,symbol_name=add_clip_kernel,global=1605632,local=1024,](main:@118,main:@122,main:@121) -> float_type, {64, 512, 14, 14}, {100352, 196, 14, 1}: 0.0712767ms, 1%
main:@124 = load[offset=0,end=0](main:@1) -> int8_type, {0}, {1}: 0.00071348ms, 1%
main:@125 = load[offset=0,end=25690112](main:@1) -> float_type, {64, 512, 14, 14}, {100352, 196, 14, 1}: 0.00058108ms, 1%
main:@126 = gpu::convolution[op={padding={0, 0, 0, 0},stride={1, 1},dilation={1, 1},group=1,padding_mode=0},algo=5,int8_x4_format=0,solution_id=64](main:@123,main:@119,main:@124,main:@125) -> float_type, {64, 512, 14, 14}, {100352, 196, 14, 1}: 0.230831ms, 3%
main:@127 = hip::hip_copy_literal[id=main:@literal:42] -> float_type, {512, 1, 3, 3}, {9, 9, 3, 1}: 0.00081438ms, 1%
main:@128 = hip::hip_copy_literal[id=main:@literal:40] -> float_type, {512, 1, 1}, {1, 1, 1}: 0.00058204ms, 1%
main:@129 = load[offset=25690112,end=51380224](main:@1) -> float_type, {64, 512, 14, 14}, {100352, 196, 14, 1}: 0.00067684ms, 1%
main:@130 = multibroadcast[out_lens={64, 512, 14, 14},out_dyn_dims={}](main:@128) -> float_type, {64, 512, 14, 14}, {0, 1, 0, 0}: 0.00095326ms, 1%
main:@131 = gpu::code_object[code_object=13632,symbol_name=add_clip_kernel,global=1605632,local=1024,](main:@126,main:@130,main:@129) -> float_type, {64, 512, 14, 14}, {100352, 196, 14, 1}: 0.0708325ms, 1%
main:@132 = load[offset=0,end=25690112](main:@1) -> float_type, {64, 512, 14, 14}, {100352, 196, 14, 1}: 0.00071946ms, 1%
main:@133 = load[offset=0,end=0](main:@1) -> int8_type, {0}, {1}: 0.00057864ms, 1%
main:@134 = gpu::convolution[op={padding={1, 1, 1, 1},stride={1, 1},dilation={1, 1},group=512,padding_mode=0},algo=1,int8_x4_format=0,solution_id=11](main:@131,main:@127,main:@133,main:@132) -> float_type, {64, 512, 14, 14}, {100352, 196, 14, 1}: 0.102059ms, 1%
main:@135 = hip::hip_copy_literal[id=main:@literal:45] -> float_type, {512, 512, 1, 1}, {512, 1, 1, 1}: 0.00083694ms, 1%
main:@136 = hip::hip_copy_literal[id=main:@literal:43] -> float_type, {512, 1, 1}, {1, 1, 1}: 0.00054684ms, 1%
main:@137 = load[offset=25690112,end=51380224](main:@1) -> float_type, {64, 512, 14, 14}, {100352, 196, 14, 1}: 0.00070108ms, 1%
main:@138 = multibroadcast[out_lens={64, 512, 14, 14},out_dyn_dims={}](main:@136) -> float_type, {64, 512, 14, 14}, {0, 1, 0, 0}: 0.00095222ms, 1%
main:@139 = gpu::code_object[code_object=13632,symbol_name=add_clip_kernel,global=1605632,local=1024,](main:@134,main:@138,main:@137) -> float_type, {64, 512, 14, 14}, {100352, 196, 14, 1}: 0.0720819ms, 1%
main:@140 = load[offset=0,end=25690112](main:@1) -> float_type, {64, 512, 14, 14}, {100352, 196, 14, 1}: 0.00072308ms, 1%
main:@141 = load[offset=0,end=0](main:@1) -> int8_type, {0}, {1}: 0.0005718ms, 1%
main:@142 = gpu::convolution[op={padding={0, 0, 0, 0},stride={1, 1},dilation={1, 1},group=1,padding_mode=0},algo=5,int8_x4_format=0,solution_id=64](main:@139,main:@135,main:@141,main:@140) -> float_type, {64, 512, 14, 14}, {100352, 196, 14, 1}: 0.229652ms, 3%
main:@143 = hip::hip_copy_literal[id=main:@literal:44] -> float_type, {512, 1, 1}, {1, 1, 1}: 0.00078878ms, 1%
main:@144 = hip::hip_copy_literal[id=main:@literal:14] -> float_type, {512, 1, 3, 3}, {9, 9, 3, 1}: 0.00054862ms, 1%
main:@145 = load[offset=25690112,end=51380224](main:@1) -> float_type, {64, 512, 14, 14}, {100352, 196, 14, 1}: 0.00068752ms, 1%
main:@146 = multibroadcast[out_lens={64, 512, 14, 14},out_dyn_dims={}](main:@143) -> float_type, {64, 512, 14, 14}, {0, 1, 0, 0}: 0.00095612ms, 1%
main:@147 = gpu::code_object[code_object=13632,symbol_name=add_clip_kernel,global=1605632,local=1024,](main:@142,main:@146,main:@145) -> float_type, {64, 512, 14, 14}, {100352, 196, 14, 1}: 0.0715532ms, 1%
main:@148 = load[offset=0,end=0](main:@1) -> int8_type, {0}, {1}: 0.0007282ms, 1%
main:@149 = load[offset=0,end=25690112](main:@1) -> float_type, {64, 512, 14, 14}, {100352, 196, 14, 1}: 0.00060932ms, 1%
main:@150 = gpu::convolution[op={padding={1, 1, 1, 1},stride={1, 1},dilation={1, 1},group=512,padding_mode=0},algo=1,int8_x4_format=0,solution_id=11](main:@147,main:@144,main:@148,main:@149) -> float_type, {64, 512, 14, 14}, {100352, 196, 14, 1}: 0.101674ms, 1%
main:@151 = hip::hip_copy_literal[id=main:@literal:46] -> float_type, {512, 1, 1}, {1, 1, 1}: 0.00078314ms, 1%
main:@152 = hip::hip_copy_literal[id=main:@literal:41] -> float_type, {512, 512, 1, 1}, {512, 1, 1, 1}: 0.00057024ms, 1%
main:@153 = load[offset=25690112,end=51380224](main:@1) -> float_type, {64, 512, 14, 14}, {100352, 196, 14, 1}: 0.0006961ms, 1%
main:@154 = multibroadcast[out_lens={64, 512, 14, 14},out_dyn_dims={}](main:@151) -> float_type, {64, 512, 14, 14}, {0, 1, 0, 0}: 0.00093904ms, 1%
main:@155 = gpu::code_object[code_object=13632,symbol_name=add_clip_kernel,global=1605632,local=1024,](main:@150,main:@154,main:@153) -> float_type, {64, 512, 14, 14}, {100352, 196, 14, 1}: 0.071894ms, 1%
main:@156 = load[offset=0,end=25690112](main:@1) -> float_type, {64, 512, 14, 14}, {100352, 196, 14, 1}: 0.00072758ms, 1%
main:@157 = load[offset=0,end=0](main:@1) -> int8_type, {0}, {1}: 0.00057676ms, 1%
main:@158 = gpu::convolution[op={padding={0, 0, 0, 0},stride={1, 1},dilation={1, 1},group=1,padding_mode=0},algo=5,int8_x4_format=0,solution_id=64](main:@155,main:@152,main:@157,main:@156) -> float_type, {64, 512, 14, 14}, {100352, 196, 14, 1}: 0.229179ms, 3%
main:@159 = hip::hip_copy_literal[id=main:@literal:3] -> float_type, {512, 1, 3, 3}, {9, 9, 3, 1}: 0.00077218ms, 1%
main:@160 = hip::hip_copy_literal[id=main:@literal:25] -> float_type, {512, 1, 1}, {1, 1, 1}: 0.00057426ms, 1%
main:@161 = load[offset=25690112,end=51380224](main:@1) -> float_type, {64, 512, 14, 14}, {100352, 196, 14, 1}: 0.0006699ms, 1%
main:@162 = multibroadcast[out_lens={64, 512, 14, 14},out_dyn_dims={}](main:@160) -> float_type, {64, 512, 14, 14}, {0, 1, 0, 0}: 0.00094932ms, 1%
main:@163 = gpu::code_object[code_object=13632,symbol_name=add_clip_kernel,global=1605632,local=1024,](main:@158,main:@162,main:@161) -> float_type, {64, 512, 14, 14}, {100352, 196, 14, 1}: 0.0715282ms, 1%
main:@164 = load[offset=0,end=25690112](main:@1) -> float_type, {64, 512, 14, 14}, {100352, 196, 14, 1}: 0.00073094ms, 1%
main:@165 = load[offset=0,end=0](main:@1) -> int8_type, {0}, {1}: 0.00058726ms, 1%
main:@166 = gpu::convolution[op={padding={1, 1, 1, 1},stride={1, 1},dilation={1, 1},group=512,padding_mode=0},algo=1,int8_x4_format=0,solution_id=11](main:@163,main:@159,main:@165,main:@164) -> float_type, {64, 512, 14, 14}, {100352, 196, 14, 1}: 0.101805ms, 1%
main:@167 = hip::hip_copy_literal[id=main:@literal:49] -> float_type, {512, 512, 1, 1}, {512, 1, 1, 1}: 0.00086034ms, 1%
main:@168 = hip::hip_copy_literal[id=main:@literal:22] -> float_type, {512, 1, 1}, {1, 1, 1}: 0.00056478ms, 1%
main:@169 = load[offset=25690112,end=51380224](main:@1) -> float_type, {64, 512, 14, 14}, {100352, 196, 14, 1}: 0.000681ms, 1%
main:@170 = multibroadcast[out_lens={64, 512, 14, 14},out_dyn_dims={}](main:@168) -> float_type, {64, 512, 14, 14}, {0, 1, 0, 0}: 0.00094228ms, 1%
main:@171 = gpu::code_object[code_object=13632,symbol_name=add_clip_kernel,global=1605632,local=1024,](main:@166,main:@170,main:@169) -> float_type, {64, 512, 14, 14}, {100352, 196, 14, 1}: 0.0719625ms, 1%
main:@172 = load[offset=0,end=25690112](main:@1) -> float_type, {64, 512, 14, 14}, {100352, 196, 14, 1}: 0.00072042ms, 1%
main:@173 = load[offset=0,end=0](main:@1) -> int8_type, {0}, {1}: 0.00058264ms, 1%
main:@174 = gpu::convolution[op={padding={0, 0, 0, 0},stride={1, 1},dilation={1, 1},group=1,padding_mode=0},algo=5,int8_x4_format=0,solution_id=64](main:@171,main:@167,main:@173,main:@172) -> float_type, {64, 512, 14, 14}, {100352, 196, 14, 1}: 0.229565ms, 3%
main:@175 = hip::hip_copy_literal[id=main:@literal:55] -> float_type, {1001}, {1}: 0.0007851ms, 1%
main:@176 = hip::hip_copy_literal[id=main:@literal:54] -> float_type, {1024, 1, 1}, {1, 1, 1}: 0.00056912ms, 1%
main:@177 = hip::hip_copy_literal[id=main:@literal:4] -> float_type, {512, 1, 1}, {1, 1, 1}: 0.0005846ms, 1%
main:@178 = hip::hip_copy_literal[id=main:@literal:47] -> float_type, {1001, 1024, 1, 1}, {1024, 1, 1, 1}: 0.00081874ms, 1%
main:@179 = hip::hip_copy_literal[id=main:@literal:37] -> float_type, {1024, 1024, 1, 1}, {1024, 1, 1, 1}: 0.00054028ms, 1%
main:@180 = hip::hip_copy_literal[id=main:@literal:32] -> float_type, {512, 1, 1}, {1, 1, 1}: 0.00382394ms, 1%
main:@181 = hip::hip_copy_literal[id=main:@literal:6] -> float_type, {1024, 1, 1}, {1, 1, 1}: 0.00056994ms, 1%
main:@182 = hip::hip_copy_literal[id=main:@literal:9] -> float_type, {512, 1, 1}, {1, 1, 1}: 0.00048202ms, 1%
main:@183 = hip::hip_copy_literal[id=main:@literal:50] -> float_type, {512, 1, 3, 3}, {9, 9, 3, 1}: 0.00064402ms, 1%
main:@184 = hip::hip_copy_literal[id=main:@literal:53] -> float_type, {1024, 1, 3, 3}, {9, 9, 3, 1}: 0.00051558ms, 1%
main:@185 = hip::hip_copy_literal[id=main:@literal:20] -> float_type, {512, 1, 3, 3}, {9, 9, 3, 1}: 0.00059292ms, 1%
main:@186 = hip::hip_copy_literal[id=main:@literal:51] -> float_type, {1024, 512, 1, 1}, {512, 1, 1, 1}: 0.0005804ms, 1%
main:@187 = hip::hip_copy_literal[id=main:@literal:18] -> float_type, {512, 1, 1}, {1, 1, 1}: 0.0006158ms, 1%
main:@188 = hip::hip_copy_literal[id=main:@literal:52] -> float_type, {1024, 1, 1}, {1, 1, 1}: 0.00056004ms, 1%
main:@189 = hip::hip_copy_literal[id=main:@literal:48] -> float_type, {512, 512, 1, 1}, {512, 1, 1, 1}: 0.00058084ms, 1%
main:@190 = load[offset=51380224,end=77070336](main:@1) -> float_type, {64, 512, 14, 14}, {100352, 196, 14, 1}: 0.0006941ms, 1%
main:@191 = multibroadcast[out_lens={64, 512, 14, 14},out_dyn_dims={}](main:@180) -> float_type, {64, 512, 14, 14}, {0, 1, 0, 0}: 0.0009816ms, 1%
main:@192 = gpu::code_object[code_object=13632,symbol_name=add_clip_kernel,global=1605632,local=1024,](main:@174,main:@191,main:@190) -> float_type, {64, 512, 14, 14}, {100352, 196, 14, 1}: 0.0714402ms, 1%
main:@193 = load[offset=25690112,end=51380224](main:@1) -> float_type, {64, 512, 14, 14}, {100352, 196, 14, 1}: 0.00073298ms, 1%
main:@194 = load[offset=0,end=0](main:@1) -> int8_type, {0}, {1}: 0.0005884ms, 1%
main:@195 = gpu::convolution[op={padding={1, 1, 1, 1},stride={1, 1},dilation={1, 1},group=512,padding_mode=0},algo=1,int8_x4_format=0,solution_id=11](main:@192,main:@183,main:@194,main:@193) -> float_type, {64, 512, 14, 14}, {100352, 196, 14, 1}: 0.103585ms, 2%
main:@196 = load[offset=0,end=25690112](main:@1) -> float_type, {64, 512, 14, 14}, {100352, 196, 14, 1}: 0.00081166ms, 1%
main:@197 = multibroadcast[out_lens={64, 512, 14, 14},out_dyn_dims={}](main:@182) -> float_type, {64, 512, 14, 14}, {0, 1, 0, 0}: 0.0009666ms, 1%
main:@198 = gpu::code_object[code_object=13632,symbol_name=add_clip_kernel,global=1605632,local=1024,](main:@195,main:@197,main:@196) -> float_type, {64, 512, 14, 14}, {100352, 196, 14, 1}: 0.072168ms, 1%
main:@199 = load[offset=0,end=0](main:@1) -> int8_type, {0}, {1}: 0.00074534ms, 1%
main:@200 = load[offset=55181312,end=80871424](main:@1) -> float_type, {64, 512, 14, 14}, {100352, 196, 14, 1}: 0.00056946ms, 1%
main:@201 = gpu::convolution[op={padding={0, 0, 0, 0},stride={1, 1},dilation={1, 1},group=1,padding_mode=0},algo=5,int8_x4_format=0,solution_id=64](main:@198,main:@189,main:@199,main:@200) -> float_type, {64, 512, 14, 14}, {100352, 196, 14, 1}: 0.229868ms, 3%
main:@202 = load[offset=29491200,end=55181312](main:@1) -> float_type, {64, 512, 14, 14}, {100352, 196, 14, 1}: 0.00082828ms, 1%
main:@203 = multibroadcast[out_lens={64, 512, 14, 14},out_dyn_dims={}](main:@187) -> float_type, {64, 512, 14, 14}, {0, 1, 0, 0}: 0.00095878ms, 1%
main:@204 = gpu::code_object[code_object=13632,symbol_name=add_clip_kernel,global=1605632,local=1024,](main:@201,main:@203,main:@202) -> float_type, {64, 512, 14, 14}, {100352, 196, 14, 1}: 0.0719479ms, 1%
main:@205 = load[offset=0,end=29491200](main:@1) -> float_type, {64, 512, 15, 15}, {115200, 225, 15, 1}: 0.00073798ms, 1%
main:@206 = gpu::code_object[code_object=13624,symbol_name=pad_kernel,global=307200,local=1024,](main:@204,main:@205) -> float_type, {64, 512, 15, 15}, {115200, 225, 15, 1}: 0.0882981ms, 1%
main:@207 = load[offset=0,end=0](main:@1) -> int8_type, {0}, {1}: 0.00074314ms, 1%
main:@208 = load[offset=29491200,end=35913728](main:@1) -> float_type, {64, 512, 7, 7}, {25088, 49, 7, 1}: 0.0005718ms, 1%
main:@209 = gpu::convolution[op={padding={0, 0, 0, 0},stride={2, 2},dilation={1, 1},group=512,padding_mode=0},algo=1,int8_x4_format=0,solution_id=11](main:@206,main:@185,main:@207,main:@208) -> float_type, {64, 512, 7, 7}, {25088, 49, 7, 1}: 0.0785244ms, 1%
main:@210 = load[offset=0,end=6422528](main:@1) -> float_type, {64, 512, 7, 7}, {25088, 49, 7, 1}: 0.00080644ms, 1%
main:@211 = multibroadcast[out_lens={64, 512, 7, 7},out_dyn_dims={}](main:@177) -> float_type, {64, 512, 7, 7}, {0, 1, 0, 0}: 0.0009458ms, 1%
main:@212 = gpu::code_object[code_object=13632,symbol_name=add_clip_kernel,global=1605632,local=1024,](main:@209,main:@211,main:@210) -> float_type, {64, 512, 7, 7}, {25088, 49, 7, 1}: 0.0360707ms, 1%
main:@213 = load[offset=12845056,end=25690112](main:@1) -> float_type, {64, 1024, 7, 7}, {50176, 49, 7, 1}: 0.00071576ms, 1%
main:@214 = load[offset=0,end=0](main:@1) -> int8_type, {0}, {1}: 0.00056532ms, 1%
main:@215 = gpu::convolution[op={padding={0, 0, 0, 0},stride={1, 1},dilation={1, 1},group=1,padding_mode=0},algo=5,int8_x4_format=0,solution_id=64](main:@212,main:@186,main:@214,main:@213) -> float_type, {64, 1024, 7, 7}, {50176, 49, 7, 1}: 0.159796ms, 2%
main:@216 = load[offset=0,end=12845056](main:@1) -> float_type, {64, 1024, 7, 7}, {50176, 49, 7, 1}: 0.00081736ms, 1%
main:@217 = multibroadcast[out_lens={64, 1024, 7, 7},out_dyn_dims={}](main:@188) -> float_type, {64, 1024, 7, 7}, {0, 1, 0, 0}: 0.0009622ms, 1%
main:@218 = gpu::code_object[code_object=13632,symbol_name=add_clip_kernel,global=3211264,local=1024,](main:@215,main:@217,main:@216) -> float_type, {64, 1024, 7, 7}, {50176, 49, 7, 1}: 0.0494504ms, 1%
main:@219 = load[offset=12845056,end=25690112](main:@1) -> float_type, {64, 1024, 7, 7}, {50176, 49, 7, 1}: 0.00071188ms, 1%
main:@220 = load[offset=0,end=0](main:@1) -> int8_type, {0}, {1}: 0.00057754ms, 1%
main:@221 = gpu::convolution[op={padding={1, 1, 1, 1},stride={1, 1},dilation={1, 1},group=1024,padding_mode=0},algo=1,int8_x4_format=0,solution_id=11](main:@218,main:@184,main:@220,main:@219) -> float_type, {64, 1024, 7, 7}, {50176, 49, 7, 1}: 0.120691ms, 2%
main:@222 = load[offset=0,end=12845056](main:@1) -> float_type, {64, 1024, 7, 7}, {50176, 49, 7, 1}: 0.00081496ms, 1%
main:@223 = multibroadcast[out_lens={64, 1024, 7, 7},out_dyn_dims={}](main:@176) -> float_type, {64, 1024, 7, 7}, {0, 1, 0, 0}: 0.00095276ms, 1%
main:@224 = gpu::code_object[code_object=13632,symbol_name=add_clip_kernel,global=3211264,local=1024,](main:@221,main:@223,main:@222) -> float_type, {64, 1024, 7, 7}, {50176, 49, 7, 1}: 0.0492733ms, 1%
main:@225 = load[offset=0,end=0](main:@1) -> int8_type, {0}, {1}: 0.00071918ms, 1%
main:@226 = load[offset=12845056,end=25690112](main:@1) -> float_type, {64, 1024, 7, 7}, {50176, 49, 7, 1}: 0.00058616ms, 1%
main:@227 = gpu::convolution[op={padding={0, 0, 0, 0},stride={1, 1},dilation={1, 1},group=1,padding_mode=0},algo=5,int8_x4_format=0,solution_id=103](main:@224,main:@179,main:@225,main:@226) -> float_type, {64, 1024, 7, 7}, {50176, 49, 7, 1}: 0.280424ms, 3%
main:@228 = load[offset=0,end=12845056](main:@1) -> float_type, {64, 1024, 7, 7}, {50176, 49, 7, 1}: 0.00082868ms, 1%
main:@229 = multibroadcast[out_lens={64, 1024, 7, 7},out_dyn_dims={}](main:@181) -> float_type, {64, 1024, 7, 7}, {0, 1, 0, 0}: 0.00093598ms, 1%
main:@230 = gpu::code_object[code_object=13632,symbol_name=add_clip_kernel,global=3211264,local=1024,](main:@227,main:@229,main:@228) -> float_type, {64, 1024, 7, 7}, {50176, 49, 7, 1}: 0.0494251ms, 1%
main:@231 = load[offset=12845056,end=13107200](main:@1) -> float_type, {64, 1024, 1, 1}, {1024, 1, 1, 1}: 0.00073574ms, 1%
main:@232 = gpu::pooling[mode=average,padding={0, 0, 0, 0},stride={2, 2},lengths={7, 7},ceil_mode=0,lp_order=2](main:@230,main:@231) -> float_type, {64, 1024, 1, 1}, {1024, 1, 1, 1}: 0.329949ms, 4%
main:@233 = load[offset=0,end=0](main:@1) -> int8_type, {0}, {1}: 0.0007948ms, 1%
main:@234 = load[offset=256256,end=512512](main:@1) -> float_type, {64, 1001, 1, 1}, {1001, 1, 1, 1}: 0.00059028ms, 1%
main:@235 = gpu::convolution[op={padding={0, 0, 0, 0},stride={1, 1},dilation={1, 1},group=1,padding_mode=0},algo=5,int8_x4_format=0,solution_id=107](main:@232,main:@178,main:@233,main:@234) -> float_type, {64, 1001, 1, 1}, {1001, 1, 1, 1}: 0.051445ms, 1%
main:@236 = load[offset=0,end=256256](main:@1) -> float_type, {64, 1001, 1, 1}, {1001, 1, 1, 1}: 0.00084726ms, 1%
main:@237 = broadcast[axis=1,out_lens={64, 1001, 1, 1}](main:@175) -> float_type, {64, 1001, 1, 1}, {0, 1, 0, 0}: 0.00139908ms, 1%
main:@238 = gpu::code_object[code_object=13624,symbol_name=add_kernel,global=64064,local=1024,](main:@235,main:@237,main:@236) -> float_type, {64, 1001, 1, 1}, {1001, 1, 1, 1}: 0.0218497ms, 1%
main:#output_0 = @param:main:#output_0 -> float_type, {64, 1001}, {1001, 1}: 0.00089188ms, 1%
main:@240 = transpose[permutation={0, 2, 3, 1}](main:@238) -> float_type, {64, 1, 1, 1001}, {1001, 1, 1, 1}: 0.00105674ms, 1%
main:@241 = squeeze[axes={1, 2}](main:@240) -> float_type, {64, 1001}, {1001, 1}: 0.00093052ms, 1%
main:@242 = gpu::code_object[code_object=13632,symbol_name=softmax_kernel,global=16384,local=256,](main:@241,main:#output_0) -> float_type, {64, 1001}, {1001, 1}: 0.024796ms, 1%
main:@243 = @return(main:@242)
Summary:
gpu::convolution: 5.38096ms / 28 = 0.192177ms, 53%
gpu::code_object::add_clip_kernel: 3.16658ms / 27 = 0.117281ms, 31%
gpu::code_object::pad_kernel: 1.18509ms / 5 = 0.237018ms, 12%
gpu::pooling: 0.329949ms / 1 = 0.329949ms, 4%
load: 0.0610837ms / 90 = 0.000678708ms, 1%
hip::hip_copy_literal: 0.041161ms / 56 = 0.000735017ms, 1%
multibroadcast: 0.0260831ms / 27 = 0.000966041ms, 1%
gpu::code_object::softmax_kernel: 0.024796ms / 1 = 0.024796ms, 1%
gpu::code_object::add_kernel: 0.0218497ms / 1 = 0.0218497ms, 1%
broadcast: 0.00139908ms / 1 = 0.00139908ms, 1%
@param: 0.00131526ms / 2 = 0.00065763ms, 1%
transpose: 0.00105674ms / 1 = 0.00105674ms, 1%
check_context::migraphx::version_1::gpu::context: 0.0010053ms / 1 = 0.0010053ms, 1%
squeeze: 0.00093052ms / 1 = 0.00093052ms, 1%
hip::hip_allocate_memory: 0.00092018ms / 1 = 0.00092018ms, 1%

Batch size: 1
Rate: 112.161/sec
Total time: 8.91579ms
Total instructions time: 10.2442ms
Overhead time: 0.0541215ms, -1.32839ms
Overhead: 1%, -15%
