Compiling ... 
Reading: /new-saved-models/slim/mobilenet_i1.pb
module: "main"
@0 = check_context::migraphx::gpu::context  -> float_type, {}, {}, target_id=0
@1 = hip::hip_allocate_memory[shape=int8_type, {6480128}, {1},id=main:scratch] -> int8_type, {6480128}, {1}, target_id=0
@2 = load[offset=1605632,end=2213132](@1) -> float_type, {1, 3, 225, 225}, {151875, 50625, 225, 1}, target_id=0
input = @param:input -> float_type, {1, 3, 224, 224}, {150528, 50176, 224, 1}, target_id=0
@4 = gpu::code_object[code_object=13624,symbol_name=pad_kernel,global=152576,local=1024,](input,@2) -> float_type, {1, 3, 225, 225}, {151875, 50625, 225, 1}, target_id=0
@5 = hip::hip_copy_literal[id=main:@literal:13] -> float_type, {32, 3, 3, 3}, {27, 9, 3, 1}, target_id=0
@6 = load[offset=0,end=0](@1) -> int8_type, {0}, {1}, target_id=0
@7 = load[offset=0,end=1605632](@1) -> float_type, {1, 32, 112, 112}, {401408, 12544, 112, 1}, target_id=0
@8 = gpu::convolution[op={padding={0, 0, 0, 0},stride={2, 2},dilation={1, 1},group=1,padding_mode=0},solution_object={binary_object: 454},algo=0,int8_x4_format=0,solution_id=0](@4,@5,@6,@7) -> float_type, {1, 32, 112, 112}, {401408, 12544, 112, 1}, target_id=0
@9 = hip::hip_copy_literal[id=main:@literal:23] -> float_type, {32, 1, 3, 3}, {9, 9, 3, 1}, target_id=0
@10 = load[offset=0,end=0](@1) -> int8_type, {0}, {1}, target_id=0
@11 = load[offset=3211264,end=4816896](@1) -> float_type, {1, 32, 112, 112}, {401408, 12544, 112, 1}, target_id=0
@12 = gpu::convolution[op={padding={1, 1, 1, 1},stride={1, 1},dilation={1, 1},group=32,padding_mode=0},solution_object={binary_object: 447},algo=0,int8_x4_format=0,solution_id=0](@8,@9,@10,@11) -> float_type, {1, 32, 112, 112}, {401408, 12544, 112, 1}, target_id=0
@13 = hip::hip_copy_literal[id=main:@literal:10] -> float_type, {64, 32, 1, 1}, {32, 1, 1, 1}, target_id=0
@14 = load[offset=0,end=0](@1) -> int8_type, {0}, {1}, target_id=0
@15 = load[offset=0,end=3211264](@1) -> float_type, {1, 64, 112, 112}, {802816, 12544, 112, 1}, target_id=0
@16 = gpu::convolution[op={padding={0, 0, 0, 0},stride={1, 1},dilation={1, 1},group=1,padding_mode=0},solution_object={binary_object: 468},algo=0,int8_x4_format=0,solution_id=0](@12,@13,@14,@15) -> float_type, {1, 64, 112, 112}, {802816, 12544, 112, 1}, target_id=0
@17 = hip::hip_copy_literal[id=main:@literal:1] -> float_type, {1, 64, 112, 112}, {802816, 12544, 112, 1}, target_id=0
@18 = hip::hip_copy_literal[id=main:@literal:24] -> float_type, {64, 1, 3, 3}, {9, 9, 3, 1}, target_id=0
@19 = load[offset=3268864,end=6480128](@1) -> float_type, {1, 64, 112, 112}, {802816, 12544, 112, 1}, target_id=0
@20 = gpu::code_object[code_object=13624,symbol_name=add_kernel,global=401408,local=1024,](@16,@17,@19) -> float_type, {1, 64, 112, 112}, {802816, 12544, 112, 1}, target_id=0
@21 = load[offset=0,end=3268864](@1) -> float_type, {1, 64, 113, 113}, {817216, 12769, 113, 1}, target_id=0
@22 = gpu::code_object[code_object=13624,symbol_name=pad_kernel,global=307200,local=1024,](@20,@21) -> float_type, {1, 64, 113, 113}, {817216, 12769, 113, 1}, target_id=0
@23 = load[offset=0,end=0](@1) -> int8_type, {0}, {1}, target_id=0
@24 = load[offset=3268864,end=4071680](@1) -> float_type, {1, 64, 56, 56}, {200704, 3136, 56, 1}, target_id=0
@25 = gpu::convolution[op={padding={0, 0, 0, 0},stride={2, 2},dilation={1, 1},group=64,padding_mode=0},solution_object={binary_object: 446},algo=0,int8_x4_format=0,solution_id=0](@22,@18,@23,@24) -> float_type, {1, 64, 56, 56}, {200704, 3136, 56, 1}, target_id=0
@26 = hip::hip_copy_literal[id=main:@literal:12] -> float_type, {128, 64, 1, 1}, {64, 1, 1, 1}, target_id=0
@27 = load[offset=0,end=0](@1) -> int8_type, {0}, {1}, target_id=0
@28 = load[offset=4071680,end=5677312](@1) -> float_type, {1, 128, 56, 56}, {401408, 3136, 56, 1}, target_id=0
@29 = gpu::convolution[op={padding={0, 0, 0, 0},stride={1, 1},dilation={1, 1},group=1,padding_mode=0},solution_object={binary_object: 470},algo=0,int8_x4_format=0,solution_id=0](@25,@26,@27,@28) -> float_type, {1, 128, 56, 56}, {401408, 3136, 56, 1}, target_id=0
@30 = hip::hip_copy_literal[id=main:@literal:26] -> float_type, {128, 1, 3, 3}, {9, 9, 3, 1}, target_id=0
@31 = load[offset=0,end=0](@1) -> int8_type, {0}, {1}, target_id=0
@32 = load[offset=1605632,end=3211264](@1) -> float_type, {1, 128, 56, 56}, {401408, 3136, 56, 1}, target_id=0
@33 = gpu::convolution[op={padding={1, 1, 1, 1},stride={1, 1},dilation={1, 1},group=128,padding_mode=0},solution_object={binary_object: 451},algo=0,int8_x4_format=0,solution_id=0](@29,@30,@31,@32) -> float_type, {1, 128, 56, 56}, {401408, 3136, 56, 1}, target_id=0
@34 = hip::hip_copy_literal[id=main:@literal:8] -> float_type, {128, 128, 1, 1}, {128, 1, 1, 1}, target_id=0
@35 = load[offset=0,end=0](@1) -> int8_type, {0}, {1}, target_id=0
@36 = load[offset=0,end=1605632](@1) -> float_type, {1, 128, 56, 56}, {401408, 3136, 56, 1}, target_id=0
@37 = gpu::convolution[op={padding={0, 0, 0, 0},stride={1, 1},dilation={1, 1},group=1,padding_mode=0},solution_object={binary_object: 473},algo=0,int8_x4_format=0,solution_id=0](@33,@34,@35,@36) -> float_type, {1, 128, 56, 56}, {401408, 3136, 56, 1}, target_id=0
@38 = hip::hip_copy_literal[id=main:@literal:27] -> float_type, {128, 1, 3, 3}, {9, 9, 3, 1}, target_id=0
@39 = hip::hip_copy_literal[id=main:@literal:6] -> float_type, {1, 128, 56, 56}, {401408, 3136, 56, 1}, target_id=0
@40 = load[offset=3269120,end=4874752](@1) -> float_type, {1, 128, 56, 56}, {401408, 3136, 56, 1}, target_id=0
@41 = gpu::code_object[code_object=13624,symbol_name=add_kernel,global=200704,local=1024,](@37,@39,@40) -> float_type, {1, 128, 56, 56}, {401408, 3136, 56, 1}, target_id=0
@42 = load[offset=1605632,end=3269120](@1) -> float_type, {1, 128, 57, 57}, {415872, 3249, 57, 1}, target_id=0
@43 = gpu::code_object[code_object=13624,symbol_name=pad_kernel,global=307200,local=1024,](@41,@42) -> float_type, {1, 128, 57, 57}, {415872, 3249, 57, 1}, target_id=0
@44 = load[offset=0,end=0](@1) -> int8_type, {0}, {1}, target_id=0
@45 = load[offset=802816,end=1204224](@1) -> float_type, {1, 128, 28, 28}, {100352, 784, 28, 1}, target_id=0
@46 = gpu::convolution[op={padding={0, 0, 0, 0},stride={2, 2},dilation={1, 1},group=128,padding_mode=0},solution_object={binary_object: 493},algo=0,int8_x4_format=0,solution_id=0](@43,@38,@44,@45) -> float_type, {1, 128, 28, 28}, {100352, 784, 28, 1}, target_id=0
@47 = hip::hip_copy_literal[id=main:@literal:5] -> float_type, {256, 128, 1, 1}, {128, 1, 1, 1}, target_id=0
@48 = load[offset=0,end=0](@1) -> int8_type, {0}, {1}, target_id=0
@49 = load[offset=0,end=802816](@1) -> float_type, {1, 256, 28, 28}, {200704, 784, 28, 1}, target_id=0
@50 = gpu::convolution[op={padding={0, 0, 0, 0},stride={1, 1},dilation={1, 1},group=1,padding_mode=0},solution_object={binary_object: 496},algo=0,int8_x4_format=0,solution_id=0](@46,@47,@48,@49) -> float_type, {1, 256, 28, 28}, {200704, 784, 28, 1}, target_id=0
@51 = hip::hip_copy_literal[id=main:@literal:22] -> float_type, {256, 1, 3, 3}, {9, 9, 3, 1}, target_id=0
@52 = load[offset=0,end=0](@1) -> int8_type, {0}, {1}, target_id=0
@53 = load[offset=1204224,end=2007040](@1) -> float_type, {1, 256, 28, 28}, {200704, 784, 28, 1}, target_id=0
@54 = gpu::convolution[op={padding={1, 1, 1, 1},stride={1, 1},dilation={1, 1},group=256,padding_mode=0},solution_object={binary_object: 455},algo=0,int8_x4_format=0,solution_id=0](@50,@51,@52,@53) -> float_type, {1, 256, 28, 28}, {200704, 784, 28, 1}, target_id=0
@55 = hip::hip_copy_literal[id=main:@literal:9] -> float_type, {256, 256, 1, 1}, {256, 1, 1, 1}, target_id=0
@56 = load[offset=0,end=0](@1) -> int8_type, {0}, {1}, target_id=0
@57 = load[offset=0,end=802816](@1) -> float_type, {1, 256, 28, 28}, {200704, 784, 28, 1}, target_id=0
@58 = gpu::convolution[op={padding={0, 0, 0, 0},stride={1, 1},dilation={1, 1},group=1,padding_mode=0},solution_object={binary_object: 499},algo=0,int8_x4_format=0,solution_id=0](@54,@55,@56,@57) -> float_type, {1, 256, 28, 28}, {200704, 784, 28, 1}, target_id=0
@59 = hip::hip_copy_literal[id=main:@literal:20] -> float_type, {256, 1, 3, 3}, {9, 9, 3, 1}, target_id=0
@60 = hip::hip_copy_literal[id=main:@literal:3] -> float_type, {1, 256, 28, 28}, {200704, 784, 28, 1}, target_id=0
@61 = load[offset=1664000,end=2466816](@1) -> float_type, {1, 256, 28, 28}, {200704, 784, 28, 1}, target_id=0
@62 = gpu::code_object[code_object=13624,symbol_name=add_kernel,global=100352,local=1024,](@58,@60,@61) -> float_type, {1, 256, 28, 28}, {200704, 784, 28, 1}, target_id=0
@63 = load[offset=802816,end=1664000](@1) -> float_type, {1, 256, 29, 29}, {215296, 841, 29, 1}, target_id=0
@64 = gpu::code_object[code_object=13624,symbol_name=pad_kernel,global=216064,local=1024,](@62,@63) -> float_type, {1, 256, 29, 29}, {215296, 841, 29, 1}, target_id=0
@65 = load[offset=0,end=0](@1) -> int8_type, {0}, {1}, target_id=0
@66 = load[offset=0,end=200704](@1) -> float_type, {1, 256, 14, 14}, {50176, 196, 14, 1}, target_id=0
@67 = gpu::convolution[op={padding={0, 0, 0, 0},stride={2, 2},dilation={1, 1},group=256,padding_mode=0},solution_object={binary_object: 456},algo=0,int8_x4_format=0,solution_id=0](@64,@59,@65,@66) -> float_type, {1, 256, 14, 14}, {50176, 196, 14, 1}, target_id=0
@68 = hip::hip_copy_literal[id=main:@literal:4] -> float_type, {512, 256, 1, 1}, {256, 1, 1, 1}, target_id=0
@69 = load[offset=0,end=0](@1) -> int8_type, {0}, {1}, target_id=0
@70 = load[offset=401408,end=802816](@1) -> float_type, {1, 512, 14, 14}, {100352, 196, 14, 1}, target_id=0
@71 = gpu::convolution[op={padding={0, 0, 0, 0},stride={1, 1},dilation={1, 1},group=1,padding_mode=0},solution_object={binary_object: 457},algo=0,int8_x4_format=0,solution_id=0](@67,@68,@69,@70) -> float_type, {1, 512, 14, 14}, {100352, 196, 14, 1}, target_id=0
@72 = hip::hip_copy_literal[id=main:@literal:29] -> float_type, {512, 1, 3, 3}, {9, 9, 3, 1}, target_id=0
@73 = load[offset=0,end=0](@1) -> int8_type, {0}, {1}, target_id=0
@74 = load[offset=0,end=401408](@1) -> float_type, {1, 512, 14, 14}, {100352, 196, 14, 1}, target_id=0
@75 = gpu::convolution[op={padding={1, 1, 1, 1},stride={1, 1},dilation={1, 1},group=512,padding_mode=0},solution_object={binary_object: 452},algo=0,int8_x4_format=0,solution_id=0](@71,@72,@73,@74) -> float_type, {1, 512, 14, 14}, {100352, 196, 14, 1}, target_id=0
@76 = hip::hip_copy_literal[id=main:@literal:2] -> float_type, {512, 512, 1, 1}, {512, 1, 1, 1}, target_id=0
@77 = load[offset=0,end=0](@1) -> int8_type, {0}, {1}, target_id=0
@78 = load[offset=802816,end=1204224](@1) -> float_type, {1, 512, 14, 14}, {100352, 196, 14, 1}, target_id=0
@79 = gpu::convolution[op={padding={0, 0, 0, 0},stride={1, 1},dilation={1, 1},group=1,padding_mode=0},solution_object={binary_object: 459},algo=0,int8_x4_format=0,solution_id=0](@75,@76,@77,@78) -> float_type, {1, 512, 14, 14}, {100352, 196, 14, 1}, target_id=0
@80 = hip::hip_copy_literal[id=main:@literal:30] -> float_type, {512, 1, 3, 3}, {9, 9, 3, 1}, target_id=0
@81 = load[offset=0,end=0](@1) -> int8_type, {0}, {1}, target_id=0
@82 = load[offset=401408,end=802816](@1) -> float_type, {1, 512, 14, 14}, {100352, 196, 14, 1}, target_id=0
@83 = gpu::convolution[op={padding={1, 1, 1, 1},stride={1, 1},dilation={1, 1},group=512,padding_mode=0},solution_object={binary_object: 452},algo=0,int8_x4_format=0,solution_id=0](@79,@80,@81,@82) -> float_type, {1, 512, 14, 14}, {100352, 196, 14, 1}, target_id=0
@84 = hip::hip_copy_literal[id=main:@literal:7] -> float_type, {512, 512, 1, 1}, {512, 1, 1, 1}, target_id=0
@85 = load[offset=0,end=0](@1) -> int8_type, {0}, {1}, target_id=0
@86 = load[offset=0,end=401408](@1) -> float_type, {1, 512, 14, 14}, {100352, 196, 14, 1}, target_id=0
@87 = gpu::convolution[op={padding={0, 0, 0, 0},stride={1, 1},dilation={1, 1},group=1,padding_mode=0},solution_object={binary_object: 459},algo=0,int8_x4_format=0,solution_id=0](@83,@84,@85,@86) -> float_type, {1, 512, 14, 14}, {100352, 196, 14, 1}, target_id=0
@88 = hip::hip_copy_literal[id=main:@literal:28] -> float_type, {512, 1, 3, 3}, {9, 9, 3, 1}, target_id=0
@89 = load[offset=0,end=0](@1) -> int8_type, {0}, {1}, target_id=0
@90 = load[offset=802816,end=1204224](@1) -> float_type, {1, 512, 14, 14}, {100352, 196, 14, 1}, target_id=0
@91 = gpu::convolution[op={padding={1, 1, 1, 1},stride={1, 1},dilation={1, 1},group=512,padding_mode=0},solution_object={binary_object: 452},algo=0,int8_x4_format=0,solution_id=0](@87,@88,@89,@90) -> float_type, {1, 512, 14, 14}, {100352, 196, 14, 1}, target_id=0
@92 = hip::hip_copy_literal[id=main:@literal:0] -> float_type, {512, 512, 1, 1}, {512, 1, 1, 1}, target_id=0
@93 = load[offset=0,end=0](@1) -> int8_type, {0}, {1}, target_id=0
@94 = load[offset=401408,end=802816](@1) -> float_type, {1, 512, 14, 14}, {100352, 196, 14, 1}, target_id=0
@95 = gpu::convolution[op={padding={0, 0, 0, 0},stride={1, 1},dilation={1, 1},group=1,padding_mode=0},solution_object={binary_object: 459},algo=0,int8_x4_format=0,solution_id=0](@91,@92,@93,@94) -> float_type, {1, 512, 14, 14}, {100352, 196, 14, 1}, target_id=0
@96 = hip::hip_copy_literal[id=main:@literal:21] -> float_type, {512, 1, 3, 3}, {9, 9, 3, 1}, target_id=0
@97 = load[offset=0,end=401408](@1) -> float_type, {1, 512, 14, 14}, {100352, 196, 14, 1}, target_id=0
@98 = load[offset=0,end=0](@1) -> int8_type, {0}, {1}, target_id=0
@99 = gpu::convolution[op={padding={1, 1, 1, 1},stride={1, 1},dilation={1, 1},group=512,padding_mode=0},solution_object={binary_object: 452},algo=0,int8_x4_format=0,solution_id=0](@95,@96,@98,@97) -> float_type, {1, 512, 14, 14}, {100352, 196, 14, 1}, target_id=0
@100 = hip::hip_copy_literal[id=main:@literal:15] -> float_type, {512, 512, 1, 1}, {512, 1, 1, 1}, target_id=0
@101 = load[offset=0,end=0](@1) -> int8_type, {0}, {1}, target_id=0
@102 = load[offset=802816,end=1204224](@1) -> float_type, {1, 512, 14, 14}, {100352, 196, 14, 1}, target_id=0
@103 = gpu::convolution[op={padding={0, 0, 0, 0},stride={1, 1},dilation={1, 1},group=1,padding_mode=0},solution_object={binary_object: 459},algo=0,int8_x4_format=0,solution_id=0](@99,@100,@101,@102) -> float_type, {1, 512, 14, 14}, {100352, 196, 14, 1}, target_id=0
@104 = hip::hip_copy_literal[id=main:@literal:31] -> float_type, {512, 1, 3, 3}, {9, 9, 3, 1}, target_id=0
@105 = load[offset=0,end=0](@1) -> int8_type, {0}, {1}, target_id=0
@106 = load[offset=401408,end=802816](@1) -> float_type, {1, 512, 14, 14}, {100352, 196, 14, 1}, target_id=0
@107 = gpu::convolution[op={padding={1, 1, 1, 1},stride={1, 1},dilation={1, 1},group=512,padding_mode=0},solution_object={binary_object: 452},algo=0,int8_x4_format=0,solution_id=0](@103,@104,@105,@106) -> float_type, {1, 512, 14, 14}, {100352, 196, 14, 1}, target_id=0
@108 = hip::hip_copy_literal[id=main:@literal:33] -> float_type, {1001}, {1}, target_id=0
@109 = hip::hip_copy_literal[id=main:@literal:19] -> float_type, {1001, 1024, 1, 1}, {1024, 1, 1, 1}, target_id=0
@110 = hip::hip_copy_literal[id=main:@literal:32] -> float_type, {512, 1, 3, 3}, {9, 9, 3, 1}, target_id=0
@111 = hip::hip_copy_literal[id=main:@literal:17] -> float_type, {1024, 512, 1, 1}, {512, 1, 1, 1}, target_id=0
@112 = hip::hip_copy_literal[id=main:@literal:16] -> float_type, {512, 512, 1, 1}, {512, 1, 1, 1}, target_id=0
@113 = hip::hip_copy_literal[id=main:@literal:18] -> float_type, {1, 1024, 7, 7}, {50176, 49, 7, 1}, target_id=0
@114 = hip::hip_copy_literal[id=main:@literal:25] -> float_type, {1024, 1, 3, 3}, {9, 9, 3, 1}, target_id=0
@115 = hip::hip_copy_literal[id=main:@literal:11] -> float_type, {1, 512, 14, 14}, {100352, 196, 14, 1}, target_id=0
@116 = hip::hip_copy_literal[id=main:@literal:14] -> float_type, {1024, 1024, 1, 1}, {1024, 1, 1, 1}, target_id=0
@117 = load[offset=0,end=0](@1) -> int8_type, {0}, {1}, target_id=0
@118 = load[offset=0,end=401408](@1) -> float_type, {1, 512, 14, 14}, {100352, 196, 14, 1}, target_id=0
@119 = gpu::convolution[op={padding={0, 0, 0, 0},stride={1, 1},dilation={1, 1},group=1,padding_mode=0},solution_object={binary_object: 459},algo=0,int8_x4_format=0,solution_id=0](@107,@112,@117,@118) -> float_type, {1, 512, 14, 14}, {100352, 196, 14, 1}, target_id=0
@120 = load[offset=862208,end=1263616](@1) -> float_type, {1, 512, 14, 14}, {100352, 196, 14, 1}, target_id=0
@121 = gpu::code_object[code_object=13624,symbol_name=add_kernel,global=50176,local=1024,](@119,@115,@120) -> float_type, {1, 512, 14, 14}, {100352, 196, 14, 1}, target_id=0
@122 = load[offset=401408,end=862208](@1) -> float_type, {1, 512, 15, 15}, {115200, 225, 15, 1}, target_id=0
@123 = gpu::code_object[code_object=13624,symbol_name=pad_kernel,global=115712,local=1024,](@121,@122) -> float_type, {1, 512, 15, 15}, {115200, 225, 15, 1}, target_id=0
@124 = load[offset=0,end=0](@1) -> int8_type, {0}, {1}, target_id=0
@125 = load[offset=301056,end=401408](@1) -> float_type, {1, 512, 7, 7}, {25088, 49, 7, 1}, target_id=0
@126 = gpu::convolution[op={padding={0, 0, 0, 0},stride={2, 2},dilation={1, 1},group=512,padding_mode=0},solution_object={binary_object: 492},algo=0,int8_x4_format=0,solution_id=0](@123,@110,@124,@125) -> float_type, {1, 512, 7, 7}, {25088, 49, 7, 1}, target_id=0
@127 = load[offset=0,end=0](@1) -> int8_type, {0}, {1}, target_id=0
@128 = load[offset=100352,end=301056](@1) -> float_type, {1, 1024, 7, 7}, {50176, 49, 7, 1}, target_id=0
@129 = gpu::convolution[op={padding={0, 0, 0, 0},stride={1, 1},dilation={1, 1},group=1,padding_mode=0},solution_object={binary_object: 453},algo=0,int8_x4_format=0,solution_id=0](@126,@111,@127,@128) -> float_type, {1, 1024, 7, 7}, {50176, 49, 7, 1}, target_id=0
@130 = load[offset=0,end=0](@1) -> int8_type, {0}, {1}, target_id=0
@131 = load[offset=405504,end=606208](@1) -> float_type, {1, 1024, 7, 7}, {50176, 49, 7, 1}, target_id=0
@132 = gpu::convolution[op={padding={1, 1, 1, 1},stride={1, 1},dilation={1, 1},group=1024,padding_mode=0},solution_object={binary_object: 443},algo=0,int8_x4_format=0,solution_id=0](@129,@114,@130,@131) -> float_type, {1, 1024, 7, 7}, {50176, 49, 7, 1}, target_id=0
@133 = load[offset=0,end=0](@1) -> int8_type, {0}, {1}, target_id=0
@134 = load[offset=204800,end=405504](@1) -> float_type, {1, 1024, 7, 7}, {50176, 49, 7, 1}, target_id=0
@135 = gpu::convolution[op={padding={0, 0, 0, 0},stride={1, 1},dilation={1, 1},group=1,padding_mode=0},solution_object={binary_object: 453},algo=0,int8_x4_format=0,solution_id=0](@132,@116,@133,@134) -> float_type, {1, 1024, 7, 7}, {50176, 49, 7, 1}, target_id=0
@136 = load[offset=4096,end=204800](@1) -> float_type, {1, 1024, 7, 7}, {50176, 49, 7, 1}, target_id=0
@137 = gpu::code_object[code_object=13624,symbol_name=add_kernel,global=25600,local=1024,](@135,@113,@136) -> float_type, {1, 1024, 7, 7}, {50176, 49, 7, 1}, target_id=0
@138 = load[offset=204800,end=208896](@1) -> float_type, {1, 1024, 1, 1}, {1024, 1, 1, 1}, target_id=0
@139 = gpu::pooling[mode=average,padding={0, 0, 0, 0},stride={2, 2},lengths={7, 7},ceil_mode=0,lp_order=2,dyn_global=0](@137,@138) -> float_type, {1, 1024, 1, 1}, {1024, 1, 1, 1}, target_id=0
@140 = load[offset=4016,end=8020](@1) -> float_type, {1, 1001, 1, 1}, {1001, 1, 1, 1}, target_id=0
@141 = load[offset=0,end=0](@1) -> int8_type, {0}, {1}, target_id=0
@142 = gpu::convolution[op={padding={0, 0, 0, 0},stride={1, 1},dilation={1, 1},group=1,padding_mode=0},solution_object={binary_object: 548},algo=0,int8_x4_format=0,solution_id=0](@139,@109,@141,@140) -> float_type, {1, 1001, 1, 1}, {1001, 1, 1, 1}, target_id=0
@143 = broadcast[axis=1,out_lens={1, 1001, 1, 1}](@108) -> float_type, {1, 1001, 1, 1}, {0, 1, 0, 0}, target_id=0
@144 = load[offset=8032,end=12036](@1) -> float_type, {1, 1001, 1, 1}, {1001, 1, 1, 1}, target_id=0
@145 = gpu::code_object[code_object=13624,symbol_name=add_kernel,global=1024,local=1024,](@142,@143,@144) -> float_type, {1, 1001, 1, 1}, {1001, 1, 1, 1}, target_id=0
main:#output_0 = @param:main:#output_0 -> float_type, {1, 1001}, {1001, 1}, target_id=0
@147 = transpose[permutation={0, 2, 3, 1}](@145) -> float_type, {1, 1, 1, 1001}, {1001, 1, 1, 1}, target_id=0
@148 = squeeze[axes={1, 2}](@147) -> float_type, {1, 1001}, {1001, 1}, target_id=0
@149 = gpu::code_object[code_object=13632,symbol_name=softmax_kernel,global=256,local=256,](@148,main:#output_0) -> float_type, {1, 1001}, {1001, 1}, target_id=0
@150 = @return(@149), target_id=0


Allocating params ... 
Running performance report ... 
@0 = check_context::migraphx::gpu::context  -> float_type, {}, {}, target_id=0: 0.00101568ms, 1%
@1 = hip::hip_allocate_memory[shape=int8_type, {6480128}, {1},id=main:scratch] -> int8_type, {6480128}, {1}, target_id=0: 0.00093886ms, 1%
@2 = load[offset=1605632,end=2213132](@1) -> float_type, {1, 3, 225, 225}, {151875, 50625, 225, 1}, target_id=0: 0.00082064ms, 1%
input = @param:input -> float_type, {1, 3, 224, 224}, {150528, 50176, 224, 1}, target_id=0: 0.00049976ms, 1%
@4 = gpu::code_object[code_object=13624,symbol_name=pad_kernel,global=152576,local=1024,](input,@2) -> float_type, {1, 3, 225, 225}, {151875, 50625, 225, 1}, target_id=0: 0.0204348ms, 2%
@5 = hip::hip_copy_literal[id=main:@literal:13] -> float_type, {32, 3, 3, 3}, {27, 9, 3, 1}, target_id=0: 0.0008789ms, 1%
@6 = load[offset=0,end=0](@1) -> int8_type, {0}, {1}, target_id=0: 0.00106462ms, 1%
@7 = load[offset=0,end=1605632](@1) -> float_type, {1, 32, 112, 112}, {401408, 12544, 112, 1}, target_id=0: 0.00080776ms, 1%
@8 = gpu::convolution[op={padding={0, 0, 0, 0},stride={2, 2},dilation={1, 1},group=1,padding_mode=0},solution_object={binary_object: 454},algo=0,int8_x4_format=0,solution_id=0](@4,@5,@6,@7) -> float_type, {1, 32, 112, 112}, {401408, 12544, 112, 1}, target_id=0: 0.032079ms, 3%
@9 = hip::hip_copy_literal[id=main:@literal:23] -> float_type, {32, 1, 3, 3}, {9, 9, 3, 1}, target_id=0: 0.00350392ms, 1%
@10 = load[offset=0,end=0](@1) -> int8_type, {0}, {1}, target_id=0: 0.00111548ms, 1%
@11 = load[offset=3211264,end=4816896](@1) -> float_type, {1, 32, 112, 112}, {401408, 12544, 112, 1}, target_id=0: 0.00081322ms, 1%
@12 = gpu::convolution[op={padding={1, 1, 1, 1},stride={1, 1},dilation={1, 1},group=32,padding_mode=0},solution_object={binary_object: 447},algo=0,int8_x4_format=0,solution_id=0](@8,@9,@10,@11) -> float_type, {1, 32, 112, 112}, {401408, 12544, 112, 1}, target_id=0: 0.032799ms, 3%
@13 = hip::hip_copy_literal[id=main:@literal:10] -> float_type, {64, 32, 1, 1}, {32, 1, 1, 1}, target_id=0: 0.00081832ms, 1%
@14 = load[offset=0,end=0](@1) -> int8_type, {0}, {1}, target_id=0: 0.00112632ms, 1%
@15 = load[offset=0,end=3211264](@1) -> float_type, {1, 64, 112, 112}, {802816, 12544, 112, 1}, target_id=0: 0.00087548ms, 1%
@16 = gpu::convolution[op={padding={0, 0, 0, 0},stride={1, 1},dilation={1, 1},group=1,padding_mode=0},solution_object={binary_object: 468},algo=0,int8_x4_format=0,solution_id=0](@12,@13,@14,@15) -> float_type, {1, 64, 112, 112}, {802816, 12544, 112, 1}, target_id=0: 0.0326809ms, 3%
@17 = hip::hip_copy_literal[id=main:@literal:1] -> float_type, {1, 64, 112, 112}, {802816, 12544, 112, 1}, target_id=0: 0.00079994ms, 1%
@18 = hip::hip_copy_literal[id=main:@literal:24] -> float_type, {64, 1, 3, 3}, {9, 9, 3, 1}, target_id=0: 0.0008967ms, 1%
@19 = load[offset=3268864,end=6480128](@1) -> float_type, {1, 64, 112, 112}, {802816, 12544, 112, 1}, target_id=0: 0.00105314ms, 1%
@20 = gpu::code_object[code_object=13624,symbol_name=add_kernel,global=401408,local=1024,](@16,@17,@19) -> float_type, {1, 64, 112, 112}, {802816, 12544, 112, 1}, target_id=0: 0.0282267ms, 3%
@21 = load[offset=0,end=3268864](@1) -> float_type, {1, 64, 113, 113}, {817216, 12769, 113, 1}, target_id=0: 0.00074712ms, 1%
@22 = gpu::code_object[code_object=13624,symbol_name=pad_kernel,global=307200,local=1024,](@20,@21) -> float_type, {1, 64, 113, 113}, {817216, 12769, 113, 1}, target_id=0: 0.0253057ms, 2%
@23 = load[offset=0,end=0](@1) -> int8_type, {0}, {1}, target_id=0: 0.00076654ms, 1%
@24 = load[offset=3268864,end=4071680](@1) -> float_type, {1, 64, 56, 56}, {200704, 3136, 56, 1}, target_id=0: 0.00099394ms, 1%
@25 = gpu::convolution[op={padding={0, 0, 0, 0},stride={2, 2},dilation={1, 1},group=64,padding_mode=0},solution_object={binary_object: 446},algo=0,int8_x4_format=0,solution_id=0](@22,@18,@23,@24) -> float_type, {1, 64, 56, 56}, {200704, 3136, 56, 1}, target_id=0: 0.0349478ms, 3%
@26 = hip::hip_copy_literal[id=main:@literal:12] -> float_type, {128, 64, 1, 1}, {64, 1, 1, 1}, target_id=0: 0.00084214ms, 1%
@27 = load[offset=0,end=0](@1) -> int8_type, {0}, {1}, target_id=0: 0.00114666ms, 1%
@28 = load[offset=4071680,end=5677312](@1) -> float_type, {1, 128, 56, 56}, {401408, 3136, 56, 1}, target_id=0: 0.00083548ms, 1%
@29 = gpu::convolution[op={padding={0, 0, 0, 0},stride={1, 1},dilation={1, 1},group=1,padding_mode=0},solution_object={binary_object: 470},algo=0,int8_x4_format=0,solution_id=0](@25,@26,@27,@28) -> float_type, {1, 128, 56, 56}, {401408, 3136, 56, 1}, target_id=0: 0.0311593ms, 3%
@30 = hip::hip_copy_literal[id=main:@literal:26] -> float_type, {128, 1, 3, 3}, {9, 9, 3, 1}, target_id=0: 0.00080066ms, 1%
@31 = load[offset=0,end=0](@1) -> int8_type, {0}, {1}, target_id=0: 0.00114252ms, 1%
@32 = load[offset=1605632,end=3211264](@1) -> float_type, {1, 128, 56, 56}, {401408, 3136, 56, 1}, target_id=0: 0.00088408ms, 1%
@33 = gpu::convolution[op={padding={1, 1, 1, 1},stride={1, 1},dilation={1, 1},group=128,padding_mode=0},solution_object={binary_object: 451},algo=0,int8_x4_format=0,solution_id=0](@29,@30,@31,@32) -> float_type, {1, 128, 56, 56}, {401408, 3136, 56, 1}, target_id=0: 0.0329872ms, 3%
@34 = hip::hip_copy_literal[id=main:@literal:8] -> float_type, {128, 128, 1, 1}, {128, 1, 1, 1}, target_id=0: 0.00078412ms, 1%
@35 = load[offset=0,end=0](@1) -> int8_type, {0}, {1}, target_id=0: 0.00112746ms, 1%
@36 = load[offset=0,end=1605632](@1) -> float_type, {1, 128, 56, 56}, {401408, 3136, 56, 1}, target_id=0: 0.00087482ms, 1%
@37 = gpu::convolution[op={padding={0, 0, 0, 0},stride={1, 1},dilation={1, 1},group=1,padding_mode=0},solution_object={binary_object: 473},algo=0,int8_x4_format=0,solution_id=0](@33,@34,@35,@36) -> float_type, {1, 128, 56, 56}, {401408, 3136, 56, 1}, target_id=0: 0.0349084ms, 3%
@38 = hip::hip_copy_literal[id=main:@literal:27] -> float_type, {128, 1, 3, 3}, {9, 9, 3, 1}, target_id=0: 0.00081464ms, 1%
@39 = hip::hip_copy_literal[id=main:@literal:6] -> float_type, {1, 128, 56, 56}, {401408, 3136, 56, 1}, target_id=0: 0.00082056ms, 1%
@40 = load[offset=3269120,end=4874752](@1) -> float_type, {1, 128, 56, 56}, {401408, 3136, 56, 1}, target_id=0: 0.00117328ms, 1%
@41 = gpu::code_object[code_object=13624,symbol_name=add_kernel,global=200704,local=1024,](@37,@39,@40) -> float_type, {1, 128, 56, 56}, {401408, 3136, 56, 1}, target_id=0: 0.0227315ms, 2%
@42 = load[offset=1605632,end=3269120](@1) -> float_type, {1, 128, 57, 57}, {415872, 3249, 57, 1}, target_id=0: 0.00073788ms, 1%
@43 = gpu::code_object[code_object=13624,symbol_name=pad_kernel,global=307200,local=1024,](@41,@42) -> float_type, {1, 128, 57, 57}, {415872, 3249, 57, 1}, target_id=0: 0.021992ms, 2%
@44 = load[offset=0,end=0](@1) -> int8_type, {0}, {1}, target_id=0: 0.00121228ms, 1%
@45 = load[offset=802816,end=1204224](@1) -> float_type, {1, 128, 28, 28}, {100352, 784, 28, 1}, target_id=0: 0.0011036ms, 1%
@46 = gpu::convolution[op={padding={0, 0, 0, 0},stride={2, 2},dilation={1, 1},group=128,padding_mode=0},solution_object={binary_object: 493},algo=0,int8_x4_format=0,solution_id=0](@43,@38,@44,@45) -> float_type, {1, 128, 28, 28}, {100352, 784, 28, 1}, target_id=0: 0.0324837ms, 3%
@47 = hip::hip_copy_literal[id=main:@literal:5] -> float_type, {256, 128, 1, 1}, {128, 1, 1, 1}, target_id=0: 0.00077544ms, 1%
@48 = load[offset=0,end=0](@1) -> int8_type, {0}, {1}, target_id=0: 0.00112178ms, 1%
@49 = load[offset=0,end=802816](@1) -> float_type, {1, 256, 28, 28}, {200704, 784, 28, 1}, target_id=0: 0.00088914ms, 1%
@50 = gpu::convolution[op={padding={0, 0, 0, 0},stride={1, 1},dilation={1, 1},group=1,padding_mode=0},solution_object={binary_object: 496},algo=0,int8_x4_format=0,solution_id=0](@46,@47,@48,@49) -> float_type, {1, 256, 28, 28}, {200704, 784, 28, 1}, target_id=0: 0.0311988ms, 3%
@51 = hip::hip_copy_literal[id=main:@literal:22] -> float_type, {256, 1, 3, 3}, {9, 9, 3, 1}, target_id=0: 0.00081822ms, 1%
@52 = load[offset=0,end=0](@1) -> int8_type, {0}, {1}, target_id=0: 0.0011277ms, 1%
@53 = load[offset=1204224,end=2007040](@1) -> float_type, {1, 256, 28, 28}, {200704, 784, 28, 1}, target_id=0: 0.00089748ms, 1%
@54 = gpu::convolution[op={padding={1, 1, 1, 1},stride={1, 1},dilation={1, 1},group=256,padding_mode=0},solution_object={binary_object: 455},algo=0,int8_x4_format=0,solution_id=0](@50,@51,@52,@53) -> float_type, {1, 256, 28, 28}, {200704, 784, 28, 1}, target_id=0: 0.0300193ms, 3%
@55 = hip::hip_copy_literal[id=main:@literal:9] -> float_type, {256, 256, 1, 1}, {256, 1, 1, 1}, target_id=0: 0.0007858ms, 1%
@56 = load[offset=0,end=0](@1) -> int8_type, {0}, {1}, target_id=0: 0.001111ms, 1%
@57 = load[offset=0,end=802816](@1) -> float_type, {1, 256, 28, 28}, {200704, 784, 28, 1}, target_id=0: 0.00085762ms, 1%
@58 = gpu::convolution[op={padding={0, 0, 0, 0},stride={1, 1},dilation={1, 1},group=1,padding_mode=0},solution_object={binary_object: 499},algo=0,int8_x4_format=0,solution_id=0](@54,@55,@56,@57) -> float_type, {1, 256, 28, 28}, {200704, 784, 28, 1}, target_id=0: 0.0354188ms, 3%
@59 = hip::hip_copy_literal[id=main:@literal:20] -> float_type, {256, 1, 3, 3}, {9, 9, 3, 1}, target_id=0: 0.0008278ms, 1%
@60 = hip::hip_copy_literal[id=main:@literal:3] -> float_type, {1, 256, 28, 28}, {200704, 784, 28, 1}, target_id=0: 0.00080584ms, 1%
@61 = load[offset=1664000,end=2466816](@1) -> float_type, {1, 256, 28, 28}, {200704, 784, 28, 1}, target_id=0: 0.00121364ms, 1%
@62 = gpu::code_object[code_object=13624,symbol_name=add_kernel,global=100352,local=1024,](@58,@60,@61) -> float_type, {1, 256, 28, 28}, {200704, 784, 28, 1}, target_id=0: 0.0204933ms, 2%
@63 = load[offset=802816,end=1664000](@1) -> float_type, {1, 256, 29, 29}, {215296, 841, 29, 1}, target_id=0: 0.00091086ms, 1%
@64 = gpu::code_object[code_object=13624,symbol_name=pad_kernel,global=216064,local=1024,](@62,@63) -> float_type, {1, 256, 29, 29}, {215296, 841, 29, 1}, target_id=0: 0.0190316ms, 2%
@65 = load[offset=0,end=0](@1) -> int8_type, {0}, {1}, target_id=0: 0.00306516ms, 1%
@66 = load[offset=0,end=200704](@1) -> float_type, {1, 256, 14, 14}, {50176, 196, 14, 1}, target_id=0: 0.00109168ms, 1%
@67 = gpu::convolution[op={padding={0, 0, 0, 0},stride={2, 2},dilation={1, 1},group=256,padding_mode=0},solution_object={binary_object: 456},algo=0,int8_x4_format=0,solution_id=0](@64,@59,@65,@66) -> float_type, {1, 256, 14, 14}, {50176, 196, 14, 1}, target_id=0: 0.0294882ms, 3%
@68 = hip::hip_copy_literal[id=main:@literal:4] -> float_type, {512, 256, 1, 1}, {256, 1, 1, 1}, target_id=0: 0.00171354ms, 1%
@69 = load[offset=0,end=0](@1) -> int8_type, {0}, {1}, target_id=0: 0.00110668ms, 1%
@70 = load[offset=401408,end=802816](@1) -> float_type, {1, 512, 14, 14}, {100352, 196, 14, 1}, target_id=0: 0.0007427ms, 1%
@71 = gpu::convolution[op={padding={0, 0, 0, 0},stride={1, 1},dilation={1, 1},group=1,padding_mode=0},solution_object={binary_object: 457},algo=0,int8_x4_format=0,solution_id=0](@67,@68,@69,@70) -> float_type, {1, 512, 14, 14}, {100352, 196, 14, 1}, target_id=0: 0.0330482ms, 3%
@72 = hip::hip_copy_literal[id=main:@literal:29] -> float_type, {512, 1, 3, 3}, {9, 9, 3, 1}, target_id=0: 0.00080548ms, 1%
@73 = load[offset=0,end=0](@1) -> int8_type, {0}, {1}, target_id=0: 0.00111588ms, 1%
@74 = load[offset=0,end=401408](@1) -> float_type, {1, 512, 14, 14}, {100352, 196, 14, 1}, target_id=0: 0.0008625ms, 1%
@75 = gpu::convolution[op={padding={1, 1, 1, 1},stride={1, 1},dilation={1, 1},group=512,padding_mode=0},solution_object={binary_object: 452},algo=0,int8_x4_format=0,solution_id=0](@71,@72,@73,@74) -> float_type, {1, 512, 14, 14}, {100352, 196, 14, 1}, target_id=0: 0.0283983ms, 3%
@76 = hip::hip_copy_literal[id=main:@literal:2] -> float_type, {512, 512, 1, 1}, {512, 1, 1, 1}, target_id=0: 0.00079162ms, 1%
@77 = load[offset=0,end=0](@1) -> int8_type, {0}, {1}, target_id=0: 0.00110276ms, 1%
@78 = load[offset=802816,end=1204224](@1) -> float_type, {1, 512, 14, 14}, {100352, 196, 14, 1}, target_id=0: 0.00089548ms, 1%
@79 = gpu::convolution[op={padding={0, 0, 0, 0},stride={1, 1},dilation={1, 1},group=1,padding_mode=0},solution_object={binary_object: 459},algo=0,int8_x4_format=0,solution_id=0](@75,@76,@77,@78) -> float_type, {1, 512, 14, 14}, {100352, 196, 14, 1}, target_id=0: 0.0380955ms, 3%
@80 = hip::hip_copy_literal[id=main:@literal:30] -> float_type, {512, 1, 3, 3}, {9, 9, 3, 1}, target_id=0: 0.00079128ms, 1%
@81 = load[offset=0,end=0](@1) -> int8_type, {0}, {1}, target_id=0: 0.00110148ms, 1%
@82 = load[offset=401408,end=802816](@1) -> float_type, {1, 512, 14, 14}, {100352, 196, 14, 1}, target_id=0: 0.00088116ms, 1%
@83 = gpu::convolution[op={padding={1, 1, 1, 1},stride={1, 1},dilation={1, 1},group=512,padding_mode=0},solution_object={binary_object: 452},algo=0,int8_x4_format=0,solution_id=0](@79,@80,@81,@82) -> float_type, {1, 512, 14, 14}, {100352, 196, 14, 1}, target_id=0: 0.0271197ms, 3%
@84 = hip::hip_copy_literal[id=main:@literal:7] -> float_type, {512, 512, 1, 1}, {512, 1, 1, 1}, target_id=0: 0.00077238ms, 1%
@85 = load[offset=0,end=0](@1) -> int8_type, {0}, {1}, target_id=0: 0.00111634ms, 1%
@86 = load[offset=0,end=401408](@1) -> float_type, {1, 512, 14, 14}, {100352, 196, 14, 1}, target_id=0: 0.00094936ms, 1%
@87 = gpu::convolution[op={padding={0, 0, 0, 0},stride={1, 1},dilation={1, 1},group=1,padding_mode=0},solution_object={binary_object: 459},algo=0,int8_x4_format=0,solution_id=0](@83,@84,@85,@86) -> float_type, {1, 512, 14, 14}, {100352, 196, 14, 1}, target_id=0: 0.0371278ms, 3%
@88 = hip::hip_copy_literal[id=main:@literal:28] -> float_type, {512, 1, 3, 3}, {9, 9, 3, 1}, target_id=0: 0.0008024ms, 1%
@89 = load[offset=0,end=0](@1) -> int8_type, {0}, {1}, target_id=0: 0.00112258ms, 1%
@90 = load[offset=802816,end=1204224](@1) -> float_type, {1, 512, 14, 14}, {100352, 196, 14, 1}, target_id=0: 0.00085274ms, 1%
@91 = gpu::convolution[op={padding={1, 1, 1, 1},stride={1, 1},dilation={1, 1},group=512,padding_mode=0},solution_object={binary_object: 452},algo=0,int8_x4_format=0,solution_id=0](@87,@88,@89,@90) -> float_type, {1, 512, 14, 14}, {100352, 196, 14, 1}, target_id=0: 0.0270993ms, 3%
@92 = hip::hip_copy_literal[id=main:@literal:0] -> float_type, {512, 512, 1, 1}, {512, 1, 1, 1}, target_id=0: 0.00078418ms, 1%
@93 = load[offset=0,end=0](@1) -> int8_type, {0}, {1}, target_id=0: 0.00112064ms, 1%
@94 = load[offset=401408,end=802816](@1) -> float_type, {1, 512, 14, 14}, {100352, 196, 14, 1}, target_id=0: 0.00086774ms, 1%
@95 = gpu::convolution[op={padding={0, 0, 0, 0},stride={1, 1},dilation={1, 1},group=1,padding_mode=0},solution_object={binary_object: 459},algo=0,int8_x4_format=0,solution_id=0](@91,@92,@93,@94) -> float_type, {1, 512, 14, 14}, {100352, 196, 14, 1}, target_id=0: 0.0368542ms, 3%
@96 = hip::hip_copy_literal[id=main:@literal:21] -> float_type, {512, 1, 3, 3}, {9, 9, 3, 1}, target_id=0: 0.00096844ms, 1%
@97 = load[offset=0,end=401408](@1) -> float_type, {1, 512, 14, 14}, {100352, 196, 14, 1}, target_id=0: 0.00111564ms, 1%
@98 = load[offset=0,end=0](@1) -> int8_type, {0}, {1}, target_id=0: 0.00082832ms, 1%
@99 = gpu::convolution[op={padding={1, 1, 1, 1},stride={1, 1},dilation={1, 1},group=512,padding_mode=0},solution_object={binary_object: 452},algo=0,int8_x4_format=0,solution_id=0](@95,@96,@98,@97) -> float_type, {1, 512, 14, 14}, {100352, 196, 14, 1}, target_id=0: 0.0270509ms, 3%
@100 = hip::hip_copy_literal[id=main:@literal:15] -> float_type, {512, 512, 1, 1}, {512, 1, 1, 1}, target_id=0: 0.00080682ms, 1%
@101 = load[offset=0,end=0](@1) -> int8_type, {0}, {1}, target_id=0: 0.00110394ms, 1%
@102 = load[offset=802816,end=1204224](@1) -> float_type, {1, 512, 14, 14}, {100352, 196, 14, 1}, target_id=0: 0.0008902ms, 1%
@103 = gpu::convolution[op={padding={0, 0, 0, 0},stride={1, 1},dilation={1, 1},group=1,padding_mode=0},solution_object={binary_object: 459},algo=0,int8_x4_format=0,solution_id=0](@99,@100,@101,@102) -> float_type, {1, 512, 14, 14}, {100352, 196, 14, 1}, target_id=0: 0.0371348ms, 3%
@104 = hip::hip_copy_literal[id=main:@literal:31] -> float_type, {512, 1, 3, 3}, {9, 9, 3, 1}, target_id=0: 0.00079958ms, 1%
@105 = load[offset=0,end=0](@1) -> int8_type, {0}, {1}, target_id=0: 0.00113716ms, 1%
@106 = load[offset=401408,end=802816](@1) -> float_type, {1, 512, 14, 14}, {100352, 196, 14, 1}, target_id=0: 0.00082554ms, 1%
@107 = gpu::convolution[op={padding={1, 1, 1, 1},stride={1, 1},dilation={1, 1},group=512,padding_mode=0},solution_object={binary_object: 452},algo=0,int8_x4_format=0,solution_id=0](@103,@104,@105,@106) -> float_type, {1, 512, 14, 14}, {100352, 196, 14, 1}, target_id=0: 0.0270409ms, 3%
@108 = hip::hip_copy_literal[id=main:@literal:33] -> float_type, {1001}, {1}, target_id=0: 0.00080686ms, 1%
@109 = hip::hip_copy_literal[id=main:@literal:19] -> float_type, {1001, 1024, 1, 1}, {1024, 1, 1, 1}, target_id=0: 0.00083848ms, 1%
@110 = hip::hip_copy_literal[id=main:@literal:32] -> float_type, {512, 1, 3, 3}, {9, 9, 3, 1}, target_id=0: 0.00125792ms, 1%
@111 = hip::hip_copy_literal[id=main:@literal:17] -> float_type, {1024, 512, 1, 1}, {512, 1, 1, 1}, target_id=0: 0.00055142ms, 1%
@112 = hip::hip_copy_literal[id=main:@literal:16] -> float_type, {512, 512, 1, 1}, {512, 1, 1, 1}, target_id=0: 0.00066938ms, 1%
@113 = hip::hip_copy_literal[id=main:@literal:18] -> float_type, {1, 1024, 7, 7}, {50176, 49, 7, 1}, target_id=0: 0.0005528ms, 1%
@114 = hip::hip_copy_literal[id=main:@literal:25] -> float_type, {1024, 1, 3, 3}, {9, 9, 3, 1}, target_id=0: 0.00069378ms, 1%
@115 = hip::hip_copy_literal[id=main:@literal:11] -> float_type, {1, 512, 14, 14}, {100352, 196, 14, 1}, target_id=0: 0.00051598ms, 1%
@116 = hip::hip_copy_literal[id=main:@literal:14] -> float_type, {1024, 1024, 1, 1}, {1024, 1, 1, 1}, target_id=0: 0.000646ms, 1%
@117 = load[offset=0,end=0](@1) -> int8_type, {0}, {1}, target_id=0: 0.00071996ms, 1%
@118 = load[offset=0,end=401408](@1) -> float_type, {1, 512, 14, 14}, {100352, 196, 14, 1}, target_id=0: 0.00058568ms, 1%
@119 = gpu::convolution[op={padding={0, 0, 0, 0},stride={1, 1},dilation={1, 1},group=1,padding_mode=0},solution_object={binary_object: 459},algo=0,int8_x4_format=0,solution_id=0](@107,@112,@117,@118) -> float_type, {1, 512, 14, 14}, {100352, 196, 14, 1}, target_id=0: 0.0371341ms, 3%
@120 = load[offset=862208,end=1263616](@1) -> float_type, {1, 512, 14, 14}, {100352, 196, 14, 1}, target_id=0: 0.00336938ms, 1%
@121 = gpu::code_object[code_object=13624,symbol_name=add_kernel,global=50176,local=1024,](@119,@115,@120) -> float_type, {1, 512, 14, 14}, {100352, 196, 14, 1}, target_id=0: 0.0197717ms, 2%
@122 = load[offset=401408,end=862208](@1) -> float_type, {1, 512, 15, 15}, {115200, 225, 15, 1}, target_id=0: 0.00074482ms, 1%
@123 = gpu::code_object[code_object=13624,symbol_name=pad_kernel,global=115712,local=1024,](@121,@122) -> float_type, {1, 512, 15, 15}, {115200, 225, 15, 1}, target_id=0: 0.017945ms, 2%
@124 = load[offset=0,end=0](@1) -> int8_type, {0}, {1}, target_id=0: 0.0022814ms, 1%
@125 = load[offset=301056,end=401408](@1) -> float_type, {1, 512, 7, 7}, {25088, 49, 7, 1}, target_id=0: 0.0011513ms, 1%
@126 = gpu::convolution[op={padding={0, 0, 0, 0},stride={2, 2},dilation={1, 1},group=512,padding_mode=0},solution_object={binary_object: 492},algo=0,int8_x4_format=0,solution_id=0](@123,@110,@124,@125) -> float_type, {1, 512, 7, 7}, {25088, 49, 7, 1}, target_id=0: 0.0279518ms, 3%
@127 = load[offset=0,end=0](@1) -> int8_type, {0}, {1}, target_id=0: 0.00336972ms, 1%
@128 = load[offset=100352,end=301056](@1) -> float_type, {1, 1024, 7, 7}, {50176, 49, 7, 1}, target_id=0: 0.00097248ms, 1%
@129 = gpu::convolution[op={padding={0, 0, 0, 0},stride={1, 1},dilation={1, 1},group=1,padding_mode=0},solution_object={binary_object: 453},algo=0,int8_x4_format=0,solution_id=0](@126,@111,@127,@128) -> float_type, {1, 1024, 7, 7}, {50176, 49, 7, 1}, target_id=0: 0.040102ms, 3%
@130 = load[offset=0,end=0](@1) -> int8_type, {0}, {1}, target_id=0: 0.0031335ms, 1%
@131 = load[offset=405504,end=606208](@1) -> float_type, {1, 1024, 7, 7}, {50176, 49, 7, 1}, target_id=0: 0.00096016ms, 1%
@132 = gpu::convolution[op={padding={1, 1, 1, 1},stride={1, 1},dilation={1, 1},group=1024,padding_mode=0},solution_object={binary_object: 443},algo=0,int8_x4_format=0,solution_id=0](@129,@114,@130,@131) -> float_type, {1, 1024, 7, 7}, {50176, 49, 7, 1}, target_id=0: 0.0273675ms, 3%
@133 = load[offset=0,end=0](@1) -> int8_type, {0}, {1}, target_id=0: 0.00083944ms, 1%
@134 = load[offset=204800,end=405504](@1) -> float_type, {1, 1024, 7, 7}, {50176, 49, 7, 1}, target_id=0: 0.00096808ms, 1%
@135 = gpu::convolution[op={padding={0, 0, 0, 0},stride={1, 1},dilation={1, 1},group=1,padding_mode=0},solution_object={binary_object: 453},algo=0,int8_x4_format=0,solution_id=0](@132,@116,@133,@134) -> float_type, {1, 1024, 7, 7}, {50176, 49, 7, 1}, target_id=0: 0.0508316ms, 4%
@136 = load[offset=4096,end=204800](@1) -> float_type, {1, 1024, 7, 7}, {50176, 49, 7, 1}, target_id=0: 0.0033625ms, 1%
@137 = gpu::code_object[code_object=13624,symbol_name=add_kernel,global=25600,local=1024,](@135,@113,@136) -> float_type, {1, 1024, 7, 7}, {50176, 49, 7, 1}, target_id=0: 0.0191181ms, 2%
@138 = load[offset=204800,end=208896](@1) -> float_type, {1, 1024, 1, 1}, {1024, 1, 1, 1}, target_id=0: 0.00079262ms, 1%
@139 = gpu::pooling[mode=average,padding={0, 0, 0, 0},stride={2, 2},lengths={7, 7},ceil_mode=0,lp_order=2,dyn_global=0](@137,@138) -> float_type, {1, 1024, 1, 1}, {1024, 1, 1, 1}, target_id=0: 0.039909ms, 3%
@140 = load[offset=4016,end=8020](@1) -> float_type, {1, 1001, 1, 1}, {1001, 1, 1, 1}, target_id=0: 0.00329792ms, 1%
@141 = load[offset=0,end=0](@1) -> int8_type, {0}, {1}, target_id=0: 0.00110138ms, 1%
@142 = gpu::convolution[op={padding={0, 0, 0, 0},stride={1, 1},dilation={1, 1},group=1,padding_mode=0},solution_object={binary_object: 548},algo=0,int8_x4_format=0,solution_id=0](@139,@109,@141,@140) -> float_type, {1, 1001, 1, 1}, {1001, 1, 1, 1}, target_id=0: 0.0403383ms, 3%
@143 = broadcast[axis=1,out_lens={1, 1001, 1, 1}](@108) -> float_type, {1, 1001, 1, 1}, {0, 1, 0, 0}, target_id=0: 0.00475566ms, 1%
@144 = load[offset=8032,end=12036](@1) -> float_type, {1, 1001, 1, 1}, {1001, 1, 1, 1}, target_id=0: 0.00097388ms, 1%
@145 = gpu::code_object[code_object=13624,symbol_name=add_kernel,global=1024,local=1024,](@142,@143,@144) -> float_type, {1, 1001, 1, 1}, {1001, 1, 1, 1}, target_id=0: 0.0155133ms, 2%
main:#output_0 = @param:main:#output_0 -> float_type, {1, 1001}, {1001, 1}, target_id=0: 0.00281156ms, 1%
@147 = transpose[permutation={0, 2, 3, 1}](@145) -> float_type, {1, 1, 1, 1001}, {1001, 1, 1, 1}, target_id=0: 0.00172014ms, 1%
@148 = squeeze[axes={1, 2}](@147) -> float_type, {1, 1001}, {1001, 1}, target_id=0: 0.0011343ms, 1%
@149 = gpu::code_object[code_object=13632,symbol_name=softmax_kernel,global=256,local=256,](@148,main:#output_0) -> float_type, {1, 1001}, {1001, 1}, target_id=0: 0.0188864ms, 2%
@150 = @return(@149), target_id=0
Summary:
gpu::convolution: 0.932865ms / 28 = 0.0333166ms, 70%
gpu::code_object::add_kernel: 0.125855ms / 6 = 0.0209758ms, 10%
gpu::code_object::pad_kernel: 0.104709ms / 5 = 0.0209418ms, 8%
load: 0.0810714ms / 68 = 0.00119223ms, 7%
gpu::pooling: 0.039909ms / 1 = 0.039909ms, 3%
hip::hip_copy_literal: 0.0305413ms / 34 = 0.000898275ms, 3%
gpu::code_object::softmax_kernel: 0.0188864ms / 1 = 0.0188864ms, 2%
broadcast: 0.00475566ms / 1 = 0.00475566ms, 1%
@param: 0.00331132ms / 2 = 0.00165566ms, 1%
transpose: 0.00172014ms / 1 = 0.00172014ms, 1%
squeeze: 0.0011343ms / 1 = 0.0011343ms, 1%
check_context::migraphx::gpu::context : 0.00101568ms / 1 = 0.00101568ms, 1%
hip::hip_allocate_memory: 0.00093886ms / 1 = 0.00093886ms, 1%

Batch size: 1
Rate: 1982.07/sec
Total time: 0.504524ms
Total instructions time: 1.34671ms
Overhead time: 0.0347297ms, -0.842189ms
Overhead: 7%, -167%
