Compiling ... 
Reading: /new-saved-models/dlrm/pt_dlrm_criteoterabyte_13_26_20k_1.1_M2.4/float/pt_dlrm_fp16_onnx/pt_dlrm_fp16.onnx
module: "main"
@0 = check_context::migraphx::gpu::context -> float_type, {}, {}, target_id=0
@1 = hip::hip_allocate_memory[shape=int8_type, {2162688000}, {1},id=main:scratch] -> int8_type, {2162688000}, {1}, target_id=0
@2 = load[offset=0,end=7987200](@1) -> half_type, {307200, 13}, {13, 1}, target_id=0
input = @param:input -> half_type, {307200, 13}, {13, 1}, target_id=0
@4 = hip::copy_to_gpu(input,@2) -> half_type, {307200, 13}, {13, 1}, target_id=0
@5 = hip::hip_copy_literal[id=main:@literal:0] -> half_type, {13, 512}, {512, 1}, target_id=0
@6 = load[offset=707788800,end=1022361600](@1) -> half_type, {307200, 512}, {512, 1}, target_id=0
@7 = gpu::gemm[alpha=1,beta=0,int8_x4_format=0,compute_fp32=1,trans_batch=0](@4,@5,@6) -> half_type, {307200, 512}, {512, 1}, target_id=0
@8 = hip::hip_copy_literal[id=main:@literal:3] -> half_type, {512, 256}, {256, 1}, target_id=0
@9 = hip::hip_copy_literal[id=main:@literal:14] -> half_type, {512}, {1}, target_id=0
@10 = load[offset=393216000,end=707788800](@1) -> half_type, {307200, 512}, {512, 1}, target_id=0
@11 = multibroadcast[out_lens={307200, 512},out_dyn_dims={}](@9) -> half_type, {307200, 512}, {0, 1}, target_id=0
@12 = gpu::code_object[code_object=3832,symbol_name=add_relu_kernel,global=19660800,local=1024,](@7,@11,@10) -> half_type, {307200, 512}, {512, 1}, target_id=0
@13 = load[offset=235929600,end=393216000](@1) -> half_type, {307200, 256}, {256, 1}, target_id=0
@14 = gpu::gemm[alpha=1,beta=0,int8_x4_format=0,compute_fp32=1,trans_batch=0](@12,@8,@13) -> half_type, {307200, 256}, {256, 1}, target_id=0
@15 = hip::hip_copy_literal[id=main:@literal:1] -> half_type, {256, 64}, {64, 1}, target_id=0
@16 = hip::hip_copy_literal[id=main:@literal:13] -> half_type, {256}, {1}, target_id=0
@17 = load[offset=78643200,end=235929600](@1) -> half_type, {307200, 256}, {256, 1}, target_id=0
@18 = multibroadcast[out_lens={307200, 256},out_dyn_dims={}](@16) -> half_type, {307200, 256}, {0, 1}, target_id=0
@19 = gpu::code_object[code_object=3832,symbol_name=add_relu_kernel,global=9830400,local=1024,](@14,@18,@17) -> half_type, {307200, 256}, {256, 1}, target_id=0
@20 = load[offset=39321600,end=78643200](@1) -> half_type, {307200, 64}, {64, 1}, target_id=0
@21 = gpu::gemm[alpha=1,beta=0,int8_x4_format=0,compute_fp32=1,trans_batch=0](@19,@15,@20) -> half_type, {307200, 64}, {64, 1}, target_id=0
@22 = hip::hip_copy_literal[id=main:@literal:5] -> half_type, {512, 256}, {256, 1}, target_id=0
@23 = hip::hip_copy_literal[id=main:@literal:4] -> half_type, {415, 512}, {512, 1}, target_id=0
@24 = load[offset=78643200,end=142540800](@1) -> int64_type, {26, 307200}, {307200, 1}, target_id=0
lS_i = @param:lS_i -> int64_type, {26, 307200}, {307200, 1}, target_id=0
@26 = hip::copy_to_gpu(lS_i,@24) -> int64_type, {26, 307200}, {307200, 1}, target_id=0
@27 = hip::hip_copy_literal[id=main:@literal:7] -> float_type, {351}, {1}, target_id=0
@28 = hip::hip_copy_literal[id=main:@literal:10] -> half_type, {512}, {1}, target_id=0
@29 = hip::hip_copy_literal[id=main:@literal:11] -> half_type, {512}, {1}, target_id=0
@30 = hip::hip_copy_literal[id=main:@literal:12] -> half_type, {64}, {1}, target_id=0
@31 = hip::hip_copy_literal[id=main:@literal:21] -> half_type, {9994222, 64}, {64, 1}, target_id=0
@32 = hip::hip_copy_literal[id=main:@literal:22] -> half_type, {14, 64}, {64, 1}, target_id=0
@33 = hip::hip_copy_literal[id=main:@literal:23] -> half_type, {970, 64}, {64, 1}, target_id=0
@34 = hip::hip_copy_literal[id=main:@literal:24] -> half_type, {4, 64}, {64, 1}, target_id=0
@35 = hip::hip_copy_literal[id=main:@literal:25] -> half_type, {122, 64}, {64, 1}, target_id=0
@36 = hip::hip_copy_literal[id=main:@literal:26] -> half_type, {11156, 64}, {64, 1}, target_id=0
@37 = hip::hip_copy_literal[id=main:@literal:27] -> half_type, {2208, 64}, {64, 1}, target_id=0
@38 = hip::hip_copy_literal[id=main:@literal:32] -> half_type, {61, 64}, {64, 1}, target_id=0
@39 = hip::hip_copy_literal[id=main:@literal:15] -> half_type, {36, 64}, {64, 1}, target_id=0
@40 = hip::hip_copy_literal[id=main:@literal:16] -> half_type, {101, 64}, {64, 1}, target_id=0
@41 = hip::hip_copy_literal[id=main:@literal:17] -> half_type, {12420, 64}, {64, 1}, target_id=0
@42 = hip::hip_copy_literal[id=main:@literal:18] -> half_type, {415421, 64}, {64, 1}, target_id=0
@43 = hip::hip_copy_literal[id=main:@literal:19] -> half_type, {9946608, 64}, {64, 1}, target_id=0
@44 = hip::hip_copy_literal[id=main:@literal:20] -> half_type, {7267859, 64}, {64, 1}, target_id=0
@45 = hip::hip_copy_literal[id=main:@literal:2] -> half_type, {512, 512}, {512, 1}, target_id=0
@46 = hip::hip_copy_literal[id=main:@literal:6] -> half_type, {256, 1}, {1, 1}, target_id=0
@47 = hip::hip_copy_literal[id=main:@literal:8] -> half_type, {1}, {1}, target_id=0
@48 = hip::hip_copy_literal[id=main:@literal:9] -> half_type, {256}, {1}, target_id=0
@49 = hip::hip_copy_literal[id=main:@literal:28] -> half_type, {10, 64}, {64, 1}, target_id=0
@50 = hip::hip_copy_literal[id=main:@literal:29] -> half_type, {313829, 64}, {64, 1}, target_id=0
@51 = hip::hip_copy_literal[id=main:@literal:30] -> half_type, {1333352, 64}, {64, 1}, target_id=0
@52 = hip::hip_copy_literal[id=main:@literal:31] -> half_type, {9758201, 64}, {64, 1}, target_id=0
@53 = hip::hip_copy_literal[id=main:@literal:33] -> half_type, {1442, 64}, {64, 1}, target_id=0
@54 = hip::hip_copy_literal[id=main:@literal:34] -> half_type, {7112, 64}, {64, 1}, target_id=0
@55 = hip::hip_copy_literal[id=main:@literal:35] -> half_type, {3, 64}, {64, 1}, target_id=0
@56 = hip::hip_copy_literal[id=main:@literal:36] -> half_type, {20134, 64}, {64, 1}, target_id=0
@57 = hip::hip_copy_literal[id=main:@literal:37] -> half_type, {7378, 64}, {64, 1}, target_id=0
@58 = hip::hip_copy_literal[id=main:@literal:38] -> half_type, {17217, 64}, {64, 1}, target_id=0
@59 = hip::hip_copy_literal[id=main:@literal:39] -> half_type, {36084, 64}, {64, 1}, target_id=0
@60 = hip::hip_copy_literal[id=main:@literal:40] -> half_type, {9980333, 64}, {64, 1}, target_id=0
@61 = load[offset=0,end=31948800](@1) -> float_type, {26, 307200}, {307200, 1}, target_id=0
@62 = gpu::code_object[code_object=3736,symbol_name=convert_kernel,global=1996800,local=1024,](@26,@61) -> float_type, {26, 307200}, {307200, 1}, target_id=0
@63 = slice[axes={0},starts={25},ends={26}](@62) -> float_type, {1, 307200}, {307200, 1}, target_id=0
@64 = squeeze[axes={0}](@63) -> float_type, {307200}, {1}, target_id=0
@65 = load[offset=1061683200,end=1101004800](@1) -> half_type, {307200, 64}, {64, 1}, target_id=0
@66 = gpu::code_object[code_object=3928,symbol_name=gather_kernel,global=307200,local=1024,](@39,@64,@65) -> half_type, {307200, 64}, {64, 1}, target_id=0
@67 = slice[axes={0},starts={24},ends={25}](@62) -> float_type, {1, 307200}, {307200, 1}, target_id=0
@68 = squeeze[axes={0}](@67) -> float_type, {307200}, {1}, target_id=0
@69 = load[offset=1022361600,end=1061683200](@1) -> half_type, {307200, 64}, {64, 1}, target_id=0
@70 = gpu::code_object[code_object=3928,symbol_name=gather_kernel,global=307200,local=1024,](@40,@68,@69) -> half_type, {307200, 64}, {64, 1}, target_id=0
@71 = slice[axes={0},starts={23},ends={24}](@62) -> float_type, {1, 307200}, {307200, 1}, target_id=0
@72 = squeeze[axes={0}](@71) -> float_type, {307200}, {1}, target_id=0
@73 = load[offset=983040000,end=1022361600](@1) -> half_type, {307200, 64}, {64, 1}, target_id=0
@74 = gpu::code_object[code_object=3928,symbol_name=gather_kernel,global=307200,local=1024,](@41,@72,@73) -> half_type, {307200, 64}, {64, 1}, target_id=0
@75 = slice[axes={0},starts={22},ends={23}](@62) -> float_type, {1, 307200}, {307200, 1}, target_id=0
@76 = squeeze[axes={0}](@75) -> float_type, {307200}, {1}, target_id=0
@77 = load[offset=943718400,end=983040000](@1) -> half_type, {307200, 64}, {64, 1}, target_id=0
@78 = gpu::code_object[code_object=3928,symbol_name=gather_kernel,global=307200,local=1024,](@42,@76,@77) -> half_type, {307200, 64}, {64, 1}, target_id=0
@79 = slice[axes={0},starts={21},ends={22}](@62) -> float_type, {1, 307200}, {307200, 1}, target_id=0
@80 = squeeze[axes={0}](@79) -> float_type, {307200}, {1}, target_id=0
@81 = load[offset=904396800,end=943718400](@1) -> half_type, {307200, 64}, {64, 1}, target_id=0
@82 = gpu::code_object[code_object=3928,symbol_name=gather_kernel,global=307200,local=1024,](@43,@80,@81) -> half_type, {307200, 64}, {64, 1}, target_id=0
@83 = slice[axes={0},starts={20},ends={21}](@62) -> float_type, {1, 307200}, {307200, 1}, target_id=0
@84 = squeeze[axes={0}](@83) -> float_type, {307200}, {1}, target_id=0
@85 = load[offset=865075200,end=904396800](@1) -> half_type, {307200, 64}, {64, 1}, target_id=0
@86 = gpu::code_object[code_object=3928,symbol_name=gather_kernel,global=307200,local=1024,](@44,@84,@85) -> half_type, {307200, 64}, {64, 1}, target_id=0
@87 = slice[axes={0},starts={19},ends={20}](@62) -> float_type, {1, 307200}, {307200, 1}, target_id=0
@88 = squeeze[axes={0}](@87) -> float_type, {307200}, {1}, target_id=0
@89 = load[offset=825753600,end=865075200](@1) -> half_type, {307200, 64}, {64, 1}, target_id=0
@90 = gpu::code_object[code_object=3928,symbol_name=gather_kernel,global=307200,local=1024,](@31,@88,@89) -> half_type, {307200, 64}, {64, 1}, target_id=0
@91 = load[offset=786432000,end=825753600](@1) -> half_type, {307200, 64}, {64, 1}, target_id=0
@92 = slice[axes={0},starts={18},ends={19}](@62) -> float_type, {1, 307200}, {307200, 1}, target_id=0
@93 = squeeze[axes={0}](@92) -> float_type, {307200}, {1}, target_id=0
@94 = gpu::code_object[code_object=3928,symbol_name=gather_kernel,global=307200,local=1024,](@32,@93,@91) -> half_type, {307200, 64}, {64, 1}, target_id=0
@95 = load[offset=747110400,end=786432000](@1) -> half_type, {307200, 64}, {64, 1}, target_id=0
@96 = slice[axes={0},starts={17},ends={18}](@62) -> float_type, {1, 307200}, {307200, 1}, target_id=0
@97 = squeeze[axes={0}](@96) -> float_type, {307200}, {1}, target_id=0
@98 = gpu::code_object[code_object=3928,symbol_name=gather_kernel,global=307200,local=1024,](@33,@97,@95) -> half_type, {307200, 64}, {64, 1}, target_id=0
@99 = slice[axes={0},starts={16},ends={17}](@62) -> float_type, {1, 307200}, {307200, 1}, target_id=0
@100 = squeeze[axes={0}](@99) -> float_type, {307200}, {1}, target_id=0
@101 = load[offset=707788800,end=747110400](@1) -> half_type, {307200, 64}, {64, 1}, target_id=0
@102 = gpu::code_object[code_object=3928,symbol_name=gather_kernel,global=307200,local=1024,](@34,@100,@101) -> half_type, {307200, 64}, {64, 1}, target_id=0
@103 = slice[axes={0},starts={15},ends={16}](@62) -> float_type, {1, 307200}, {307200, 1}, target_id=0
@104 = squeeze[axes={0}](@103) -> float_type, {307200}, {1}, target_id=0
@105 = load[offset=668467200,end=707788800](@1) -> half_type, {307200, 64}, {64, 1}, target_id=0
@106 = gpu::code_object[code_object=3928,symbol_name=gather_kernel,global=307200,local=1024,](@35,@104,@105) -> half_type, {307200, 64}, {64, 1}, target_id=0
@107 = slice[axes={0},starts={14},ends={15}](@62) -> float_type, {1, 307200}, {307200, 1}, target_id=0
@108 = squeeze[axes={0}](@107) -> float_type, {307200}, {1}, target_id=0
@109 = load[offset=629145600,end=668467200](@1) -> half_type, {307200, 64}, {64, 1}, target_id=0
@110 = gpu::code_object[code_object=3928,symbol_name=gather_kernel,global=307200,local=1024,](@36,@108,@109) -> half_type, {307200, 64}, {64, 1}, target_id=0
@111 = slice[axes={0},starts={13},ends={14}](@62) -> float_type, {1, 307200}, {307200, 1}, target_id=0
@112 = squeeze[axes={0}](@111) -> float_type, {307200}, {1}, target_id=0
@113 = load[offset=589824000,end=629145600](@1) -> half_type, {307200, 64}, {64, 1}, target_id=0
@114 = gpu::code_object[code_object=3928,symbol_name=gather_kernel,global=307200,local=1024,](@37,@112,@113) -> half_type, {307200, 64}, {64, 1}, target_id=0
@115 = load[offset=550502400,end=589824000](@1) -> half_type, {307200, 64}, {64, 1}, target_id=0
@116 = slice[axes={0},starts={12},ends={13}](@62) -> float_type, {1, 307200}, {307200, 1}, target_id=0
@117 = squeeze[axes={0}](@116) -> float_type, {307200}, {1}, target_id=0
@118 = gpu::code_object[code_object=3928,symbol_name=gather_kernel,global=307200,local=1024,](@49,@117,@115) -> half_type, {307200, 64}, {64, 1}, target_id=0
@119 = slice[axes={0},starts={11},ends={12}](@62) -> float_type, {1, 307200}, {307200, 1}, target_id=0
@120 = squeeze[axes={0}](@119) -> float_type, {307200}, {1}, target_id=0
@121 = load[offset=511180800,end=550502400](@1) -> half_type, {307200, 64}, {64, 1}, target_id=0
@122 = gpu::code_object[code_object=3928,symbol_name=gather_kernel,global=307200,local=1024,](@50,@120,@121) -> half_type, {307200, 64}, {64, 1}, target_id=0
@123 = slice[axes={0},starts={10},ends={11}](@62) -> float_type, {1, 307200}, {307200, 1}, target_id=0
@124 = squeeze[axes={0}](@123) -> float_type, {307200}, {1}, target_id=0
@125 = load[offset=471859200,end=511180800](@1) -> half_type, {307200, 64}, {64, 1}, target_id=0
@126 = gpu::code_object[code_object=3928,symbol_name=gather_kernel,global=307200,local=1024,](@51,@124,@125) -> half_type, {307200, 64}, {64, 1}, target_id=0
@127 = load[offset=432537600,end=471859200](@1) -> half_type, {307200, 64}, {64, 1}, target_id=0
@128 = slice[axes={0},starts={9},ends={10}](@62) -> float_type, {1, 307200}, {307200, 1}, target_id=0
@129 = squeeze[axes={0}](@128) -> float_type, {307200}, {1}, target_id=0
@130 = gpu::code_object[code_object=3928,symbol_name=gather_kernel,global=307200,local=1024,](@52,@129,@127) -> half_type, {307200, 64}, {64, 1}, target_id=0
@131 = slice[axes={0},starts={8},ends={9}](@62) -> float_type, {1, 307200}, {307200, 1}, target_id=0
@132 = load[offset=393216000,end=432537600](@1) -> half_type, {307200, 64}, {64, 1}, target_id=0
@133 = squeeze[axes={0}](@131) -> float_type, {307200}, {1}, target_id=0
@134 = gpu::code_object[code_object=3928,symbol_name=gather_kernel,global=307200,local=1024,](@38,@133,@132) -> half_type, {307200, 64}, {64, 1}, target_id=0
@135 = load[offset=353894400,end=393216000](@1) -> half_type, {307200, 64}, {64, 1}, target_id=0
@136 = slice[axes={0},starts={7},ends={8}](@62) -> float_type, {1, 307200}, {307200, 1}, target_id=0
@137 = squeeze[axes={0}](@136) -> float_type, {307200}, {1}, target_id=0
@138 = gpu::code_object[code_object=3928,symbol_name=gather_kernel,global=307200,local=1024,](@53,@137,@135) -> half_type, {307200, 64}, {64, 1}, target_id=0
@139 = load[offset=314572800,end=353894400](@1) -> half_type, {307200, 64}, {64, 1}, target_id=0
@140 = slice[axes={0},starts={6},ends={7}](@62) -> float_type, {1, 307200}, {307200, 1}, target_id=0
@141 = squeeze[axes={0}](@140) -> float_type, {307200}, {1}, target_id=0
@142 = gpu::code_object[code_object=3928,symbol_name=gather_kernel,global=307200,local=1024,](@54,@141,@139) -> half_type, {307200, 64}, {64, 1}, target_id=0
@143 = load[offset=275251200,end=314572800](@1) -> half_type, {307200, 64}, {64, 1}, target_id=0
@144 = slice[axes={0},starts={5},ends={6}](@62) -> float_type, {1, 307200}, {307200, 1}, target_id=0
@145 = squeeze[axes={0}](@144) -> float_type, {307200}, {1}, target_id=0
@146 = gpu::code_object[code_object=3928,symbol_name=gather_kernel,global=307200,local=1024,](@55,@145,@143) -> half_type, {307200, 64}, {64, 1}, target_id=0
@147 = slice[axes={0},starts={4},ends={5}](@62) -> float_type, {1, 307200}, {307200, 1}, target_id=0
@148 = squeeze[axes={0}](@147) -> float_type, {307200}, {1}, target_id=0
@149 = load[offset=235929600,end=275251200](@1) -> half_type, {307200, 64}, {64, 1}, target_id=0
@150 = gpu::code_object[code_object=3928,symbol_name=gather_kernel,global=307200,local=1024,](@56,@148,@149) -> half_type, {307200, 64}, {64, 1}, target_id=0
@151 = slice[axes={0},starts={3},ends={4}](@62) -> float_type, {1, 307200}, {307200, 1}, target_id=0
@152 = squeeze[axes={0}](@151) -> float_type, {307200}, {1}, target_id=0
@153 = load[offset=196608000,end=235929600](@1) -> half_type, {307200, 64}, {64, 1}, target_id=0
@154 = gpu::code_object[code_object=3928,symbol_name=gather_kernel,global=307200,local=1024,](@57,@152,@153) -> half_type, {307200, 64}, {64, 1}, target_id=0
@155 = slice[axes={0},starts={2},ends={3}](@62) -> float_type, {1, 307200}, {307200, 1}, target_id=0
@156 = squeeze[axes={0}](@155) -> float_type, {307200}, {1}, target_id=0
@157 = load[offset=157286400,end=196608000](@1) -> half_type, {307200, 64}, {64, 1}, target_id=0
@158 = gpu::code_object[code_object=3928,symbol_name=gather_kernel,global=307200,local=1024,](@58,@156,@157) -> half_type, {307200, 64}, {64, 1}, target_id=0
@159 = load[offset=117964800,end=157286400](@1) -> half_type, {307200, 64}, {64, 1}, target_id=0
@160 = slice[axes={0},starts={1},ends={2}](@62) -> float_type, {1, 307200}, {307200, 1}, target_id=0
@161 = squeeze[axes={0}](@160) -> float_type, {307200}, {1}, target_id=0
@162 = gpu::code_object[code_object=3928,symbol_name=gather_kernel,global=307200,local=1024,](@59,@161,@159) -> half_type, {307200, 64}, {64, 1}, target_id=0
@163 = load[offset=78643200,end=117964800](@1) -> half_type, {307200, 64}, {64, 1}, target_id=0
@164 = slice[axes={0},starts={0},ends={1}](@62) -> float_type, {1, 307200}, {307200, 1}, target_id=0
@165 = squeeze[axes={0}](@164) -> float_type, {307200}, {1}, target_id=0
@166 = gpu::code_object[code_object=3928,symbol_name=gather_kernel,global=307200,local=1024,](@60,@165,@163) -> half_type, {307200, 64}, {64, 1}, target_id=0
@167 = load[offset=0,end=39321600](@1) -> half_type, {307200, 64}, {64, 1}, target_id=0
@168 = multibroadcast[out_lens={307200, 64},out_dyn_dims={}](@30) -> half_type, {307200, 64}, {0, 1}, target_id=0
@169 = gpu::code_object[code_object=3832,symbol_name=add_relu_kernel,global=2457600,local=1024,](@21,@168,@167) -> half_type, {307200, 64}, {64, 1}, target_id=0
@170 = load[offset=1101004800,end=2162688000](@1) -> half_type, {307200, 1728}, {1728, 1}, target_id=0
@171 = gpu::code_object[code_object=6216,symbol_name=concat_kernel,global=19660800,local=1024,](@169,@166,@162,@158,@154,@150,@146,@142,@138,@134,@130,@126,@122,@118,@114,@110,@106,@102,@98,@94,@90,@86,@82,@78,@74,@70,@66,@170) -> half_type, {307200, 1728}, {1728, 1}, target_id=0
@172 = reshape_lazy[dims={307200, -1, 64}](@171) -> half_type, {307200, 27, 64}, {1728, 64, 1}, target_id=0
@173 = load[offset=39321600,end=487219200](@1) -> half_type, {307200, 27, 27}, {729, 27, 1}, target_id=0
@174 = transpose[permutation={0, 2, 1}](@172) -> half_type, {307200, 64, 27}, {1728, 1, 64}, target_id=0
@175 = gpu::gemm[alpha=1,beta=0,int8_x4_format=0,compute_fp32=1,trans_batch=0](@172,@174,@173) -> half_type, {307200, 27, 27}, {729, 27, 1}, target_id=0
@176 = reshape_lazy[dims={307200, 729}](@175) -> half_type, {307200, 729}, {729, 1}, target_id=0
@177 = load[offset=487219200,end=702873600](@1) -> half_type, {307200, 351}, {351, 1}, target_id=0
@178 = gpu::code_object[code_object=3960,symbol_name=gather_kernel,global=307200,local=1024,](@176,@27,@177) -> half_type, {307200, 351}, {351, 1}, target_id=0
@179 = load[offset=39321600,end=294297600](@1) -> half_type, {307200, 415}, {415, 1}, target_id=0
@180 = gpu::code_object[code_object=4024,symbol_name=concat_kernel,global=63744000,local=1024,](@169,@178,@179) -> half_type, {307200, 415}, {415, 1}, target_id=0
@181 = load[offset=294297600,end=608870400](@1) -> half_type, {307200, 512}, {512, 1}, target_id=0
@182 = gpu::gemm[alpha=1,beta=0,int8_x4_format=0,compute_fp32=1,trans_batch=0](@180,@23,@181) -> half_type, {307200, 512}, {512, 1}, target_id=0
@183 = load[offset=608870400,end=923443200](@1) -> half_type, {307200, 512}, {512, 1}, target_id=0
@184 = multibroadcast[out_lens={307200, 512},out_dyn_dims={}](@29) -> half_type, {307200, 512}, {0, 1}, target_id=0
@185 = gpu::code_object[code_object=3832,symbol_name=add_relu_kernel,global=19660800,local=1024,](@182,@184,@183) -> half_type, {307200, 512}, {512, 1}, target_id=0
@186 = load[offset=923443200,end=1238016000](@1) -> half_type, {307200, 512}, {512, 1}, target_id=0
@187 = gpu::gemm[alpha=1,beta=0,int8_x4_format=0,compute_fp32=1,trans_batch=0](@185,@45,@186) -> half_type, {307200, 512}, {512, 1}, target_id=0
@188 = load[offset=0,end=314572800](@1) -> half_type, {307200, 512}, {512, 1}, target_id=0
@189 = multibroadcast[out_lens={307200, 512},out_dyn_dims={}](@28) -> half_type, {307200, 512}, {0, 1}, target_id=0
@190 = gpu::code_object[code_object=3832,symbol_name=add_relu_kernel,global=19660800,local=1024,](@187,@189,@188) -> half_type, {307200, 512}, {512, 1}, target_id=0
@191 = load[offset=314572800,end=471859200](@1) -> half_type, {307200, 256}, {256, 1}, target_id=0
@192 = gpu::gemm[alpha=1,beta=0,int8_x4_format=0,compute_fp32=1,trans_batch=0](@190,@22,@191) -> half_type, {307200, 256}, {256, 1}, target_id=0
@193 = load[offset=614400,end=157900800](@1) -> half_type, {307200, 256}, {256, 1}, target_id=0
@194 = multibroadcast[out_lens={307200, 256},out_dyn_dims={}](@48) -> half_type, {307200, 256}, {0, 1}, target_id=0
@195 = gpu::code_object[code_object=3832,symbol_name=add_relu_kernel,global=9830400,local=1024,](@192,@194,@193) -> half_type, {307200, 256}, {256, 1}, target_id=0
@196 = load[offset=157900800,end=158515200](@1) -> half_type, {307200, 1}, {1, 1}, target_id=0
@197 = gpu::gemm[alpha=1,beta=0,int8_x4_format=0,compute_fp32=1,trans_batch=0](@195,@46,@196) -> half_type, {307200, 1}, {1, 1}, target_id=0
@198 = load[offset=0,end=614400](@1) -> half_type, {307200, 1}, {1, 1}, target_id=0
@199 = multibroadcast[out_lens={307200, 1},out_dyn_dims={}](@47) -> half_type, {307200, 1}, {0, 1}, target_id=0
@200 = gpu::code_object[code_object=3896,symbol_name=add_sigmoid_kernel,global=153600,local=1024,](@197,@199,@198) -> half_type, {307200, 1}, {1, 1}, target_id=0
@201 = hip::copy_from_gpu(@200) -> half_type, {307200, 1}, {1, 1}, target_id=0
@202 = hip::sync_stream(@201) -> half_type, {307200, 1}, {1, 1}, target_id=0
@203 = @return(@202), target_id=0


Allocating params ... 
Running performance report ... 
@0 = check_context::migraphx::gpu::context -> float_type, {}, {}, target_id=0: 0.00139378ms, 1%
@1 = hip::hip_allocate_memory[shape=int8_type, {2162688000}, {1},id=main:scratch] -> int8_type, {2162688000}, {1}, target_id=0: 0.00124234ms, 1%
@2 = load[offset=0,end=7987200](@1) -> half_type, {307200, 13}, {13, 1}, target_id=0: 0.00122262ms, 1%
input = @param:input -> half_type, {307200, 13}, {13, 1}, target_id=0: 0.00081418ms, 1%
@4 = hip::copy_to_gpu(input,@2) -> half_type, {307200, 13}, {13, 1}, target_id=0: 0.645475ms, 3%
@5 = hip::hip_copy_literal[id=main:@literal:0] -> half_type, {13, 512}, {512, 1}, target_id=0: 0.00140766ms, 1%
@6 = load[offset=707788800,end=1022361600](@1) -> half_type, {307200, 512}, {512, 1}, target_id=0: 0.00080316ms, 1%
@7 = gpu::gemm[alpha=1,beta=0,int8_x4_format=0,compute_fp32=1,trans_batch=0](@4,@5,@6) -> half_type, {307200, 512}, {512, 1}, target_id=0: 0.475696ms, 2%
@8 = hip::hip_copy_literal[id=main:@literal:3] -> half_type, {512, 256}, {256, 1}, target_id=0: 0.0010574ms, 1%
@9 = hip::hip_copy_literal[id=main:@literal:14] -> half_type, {512}, {1}, target_id=0: 0.00073082ms, 1%
@10 = load[offset=393216000,end=707788800](@1) -> half_type, {307200, 512}, {512, 1}, target_id=0: 0.0007896ms, 1%
@11 = multibroadcast[out_lens={307200, 512},out_dyn_dims={}](@9) -> half_type, {307200, 512}, {0, 1}, target_id=0: 0.00157034ms, 1%
@12 = gpu::code_object[code_object=3832,symbol_name=add_relu_kernel,global=19660800,local=1024,](@7,@11,@10) -> half_type, {307200, 512}, {512, 1}, target_id=0: 0.637293ms, 3%
@13 = load[offset=235929600,end=393216000](@1) -> half_type, {307200, 256}, {256, 1}, target_id=0: 0.00088556ms, 1%
@14 = gpu::gemm[alpha=1,beta=0,int8_x4_format=0,compute_fp32=1,trans_batch=0](@12,@8,@13) -> half_type, {307200, 256}, {256, 1}, target_id=0: 1.00074ms, 4%
@15 = hip::hip_copy_literal[id=main:@literal:1] -> half_type, {256, 64}, {64, 1}, target_id=0: 0.00104264ms, 1%
@16 = hip::hip_copy_literal[id=main:@literal:13] -> half_type, {256}, {1}, target_id=0: 0.00068008ms, 1%
@17 = load[offset=78643200,end=235929600](@1) -> half_type, {307200, 256}, {256, 1}, target_id=0: 0.00075768ms, 1%
@18 = multibroadcast[out_lens={307200, 256},out_dyn_dims={}](@16) -> half_type, {307200, 256}, {0, 1}, target_id=0: 0.00110338ms, 1%
@19 = gpu::code_object[code_object=3832,symbol_name=add_relu_kernel,global=9830400,local=1024,](@14,@18,@17) -> half_type, {307200, 256}, {256, 1}, target_id=0: 0.327811ms, 2%
@20 = load[offset=39321600,end=78643200](@1) -> half_type, {307200, 64}, {64, 1}, target_id=0: 0.00086414ms, 1%
@21 = gpu::gemm[alpha=1,beta=0,int8_x4_format=0,compute_fp32=1,trans_batch=0](@19,@15,@20) -> half_type, {307200, 64}, {64, 1}, target_id=0: 0.27208ms, 2%
@22 = hip::hip_copy_literal[id=main:@literal:5] -> half_type, {512, 256}, {256, 1}, target_id=0: 0.0009113ms, 1%
@23 = hip::hip_copy_literal[id=main:@literal:4] -> half_type, {415, 512}, {512, 1}, target_id=0: 0.00065598ms, 1%
@24 = load[offset=78643200,end=142540800](@1) -> int64_type, {26, 307200}, {307200, 1}, target_id=0: 0.00077728ms, 1%
lS_i = @param:lS_i -> int64_type, {26, 307200}, {307200, 1}, target_id=0: 0.00068438ms, 1%
@26 = hip::copy_to_gpu(lS_i,@24) -> int64_type, {26, 307200}, {307200, 1}, target_id=0: 5.0497ms, 20%
@27 = hip::hip_copy_literal[id=main:@literal:7] -> float_type, {351}, {1}, target_id=0: 0.00094142ms, 1%
@28 = hip::hip_copy_literal[id=main:@literal:10] -> half_type, {512}, {1}, target_id=0: 0.00060428ms, 1%
@29 = hip::hip_copy_literal[id=main:@literal:11] -> half_type, {512}, {1}, target_id=0: 0.00082856ms, 1%
@30 = hip::hip_copy_literal[id=main:@literal:12] -> half_type, {64}, {1}, target_id=0: 0.00058182ms, 1%
@31 = hip::hip_copy_literal[id=main:@literal:21] -> half_type, {9994222, 64}, {64, 1}, target_id=0: 0.00070876ms, 1%
@32 = hip::hip_copy_literal[id=main:@literal:22] -> half_type, {14, 64}, {64, 1}, target_id=0: 0.00057996ms, 1%
@33 = hip::hip_copy_literal[id=main:@literal:23] -> half_type, {970, 64}, {64, 1}, target_id=0: 0.00067392ms, 1%
@34 = hip::hip_copy_literal[id=main:@literal:24] -> half_type, {4, 64}, {64, 1}, target_id=0: 0.0005816ms, 1%
@35 = hip::hip_copy_literal[id=main:@literal:25] -> half_type, {122, 64}, {64, 1}, target_id=0: 0.00066266ms, 1%
@36 = hip::hip_copy_literal[id=main:@literal:26] -> half_type, {11156, 64}, {64, 1}, target_id=0: 0.00059616ms, 1%
@37 = hip::hip_copy_literal[id=main:@literal:27] -> half_type, {2208, 64}, {64, 1}, target_id=0: 0.00070168ms, 1%
@38 = hip::hip_copy_literal[id=main:@literal:32] -> half_type, {61, 64}, {64, 1}, target_id=0: 0.00057514ms, 1%
@39 = hip::hip_copy_literal[id=main:@literal:15] -> half_type, {36, 64}, {64, 1}, target_id=0: 0.00067438ms, 1%
@40 = hip::hip_copy_literal[id=main:@literal:16] -> half_type, {101, 64}, {64, 1}, target_id=0: 0.00055268ms, 1%
@41 = hip::hip_copy_literal[id=main:@literal:17] -> half_type, {12420, 64}, {64, 1}, target_id=0: 0.00062014ms, 1%
@42 = hip::hip_copy_literal[id=main:@literal:18] -> half_type, {415421, 64}, {64, 1}, target_id=0: 0.00061046ms, 1%
@43 = hip::hip_copy_literal[id=main:@literal:19] -> half_type, {9946608, 64}, {64, 1}, target_id=0: 0.00059894ms, 1%
@44 = hip::hip_copy_literal[id=main:@literal:20] -> half_type, {7267859, 64}, {64, 1}, target_id=0: 0.00059788ms, 1%
@45 = hip::hip_copy_literal[id=main:@literal:2] -> half_type, {512, 512}, {512, 1}, target_id=0: 0.00055048ms, 1%
@46 = hip::hip_copy_literal[id=main:@literal:6] -> half_type, {256, 1}, {1, 1}, target_id=0: 0.00054006ms, 1%
@47 = hip::hip_copy_literal[id=main:@literal:8] -> half_type, {1}, {1}, target_id=0: 0.00052148ms, 1%
@48 = hip::hip_copy_literal[id=main:@literal:9] -> half_type, {256}, {1}, target_id=0: 0.00056432ms, 1%
@49 = hip::hip_copy_literal[id=main:@literal:28] -> half_type, {10, 64}, {64, 1}, target_id=0: 0.00073768ms, 1%
@50 = hip::hip_copy_literal[id=main:@literal:29] -> half_type, {313829, 64}, {64, 1}, target_id=0: 0.0006149ms, 1%
@51 = hip::hip_copy_literal[id=main:@literal:30] -> half_type, {1333352, 64}, {64, 1}, target_id=0: 0.0006844ms, 1%
@52 = hip::hip_copy_literal[id=main:@literal:31] -> half_type, {9758201, 64}, {64, 1}, target_id=0: 0.0006217ms, 1%
@53 = hip::hip_copy_literal[id=main:@literal:33] -> half_type, {1442, 64}, {64, 1}, target_id=0: 0.00059316ms, 1%
@54 = hip::hip_copy_literal[id=main:@literal:34] -> half_type, {7112, 64}, {64, 1}, target_id=0: 0.00058976ms, 1%
@55 = hip::hip_copy_literal[id=main:@literal:35] -> half_type, {3, 64}, {64, 1}, target_id=0: 0.00057798ms, 1%
@56 = hip::hip_copy_literal[id=main:@literal:36] -> half_type, {20134, 64}, {64, 1}, target_id=0: 0.00054502ms, 1%
@57 = hip::hip_copy_literal[id=main:@literal:37] -> half_type, {7378, 64}, {64, 1}, target_id=0: 0.00059404ms, 1%
@58 = hip::hip_copy_literal[id=main:@literal:38] -> half_type, {17217, 64}, {64, 1}, target_id=0: 0.00054934ms, 1%
@59 = hip::hip_copy_literal[id=main:@literal:39] -> half_type, {36084, 64}, {64, 1}, target_id=0: 0.0006056ms, 1%
@60 = hip::hip_copy_literal[id=main:@literal:40] -> half_type, {9980333, 64}, {64, 1}, target_id=0: 0.00059042ms, 1%
@61 = load[offset=0,end=31948800](@1) -> float_type, {26, 307200}, {307200, 1}, target_id=0: 0.00076902ms, 1%
@62 = gpu::code_object[code_object=3736,symbol_name=convert_kernel,global=1996800,local=1024,](@26,@61) -> float_type, {26, 307200}, {307200, 1}, target_id=0: 0.118301ms, 1%
@63 = slice[axes={0},starts={25},ends={26}](@62) -> float_type, {1, 307200}, {307200, 1}, target_id=0: 0.00281904ms, 1%
@64 = squeeze[axes={0}](@63) -> float_type, {307200}, {1}, target_id=0: 0.0018428ms, 1%
@65 = load[offset=1061683200,end=1101004800](@1) -> half_type, {307200, 64}, {64, 1}, target_id=0: 0.00067936ms, 1%
@66 = gpu::code_object[code_object=3928,symbol_name=gather_kernel,global=307200,local=1024,](@39,@64,@65) -> half_type, {307200, 64}, {64, 1}, target_id=0: 0.131876ms, 1%
@67 = slice[axes={0},starts={24},ends={25}](@62) -> float_type, {1, 307200}, {307200, 1}, target_id=0: 0.0015004ms, 1%
@68 = squeeze[axes={0}](@67) -> float_type, {307200}, {1}, target_id=0: 0.0011872ms, 1%
@69 = load[offset=1022361600,end=1061683200](@1) -> half_type, {307200, 64}, {64, 1}, target_id=0: 0.00068454ms, 1%
@70 = gpu::code_object[code_object=3928,symbol_name=gather_kernel,global=307200,local=1024,](@40,@68,@69) -> half_type, {307200, 64}, {64, 1}, target_id=0: 0.130225ms, 1%
@71 = slice[axes={0},starts={23},ends={24}](@62) -> float_type, {1, 307200}, {307200, 1}, target_id=0: 0.00133532ms, 1%
@72 = squeeze[axes={0}](@71) -> float_type, {307200}, {1}, target_id=0: 0.00105838ms, 1%
@73 = load[offset=983040000,end=1022361600](@1) -> half_type, {307200, 64}, {64, 1}, target_id=0: 0.00068552ms, 1%
@74 = gpu::code_object[code_object=3928,symbol_name=gather_kernel,global=307200,local=1024,](@41,@72,@73) -> half_type, {307200, 64}, {64, 1}, target_id=0: 0.129853ms, 1%
@75 = slice[axes={0},starts={22},ends={23}](@62) -> float_type, {1, 307200}, {307200, 1}, target_id=0: 0.00135608ms, 1%
@76 = squeeze[axes={0}](@75) -> float_type, {307200}, {1}, target_id=0: 0.00103104ms, 1%
@77 = load[offset=943718400,end=983040000](@1) -> half_type, {307200, 64}, {64, 1}, target_id=0: 0.00065546ms, 1%
@78 = gpu::code_object[code_object=3928,symbol_name=gather_kernel,global=307200,local=1024,](@42,@76,@77) -> half_type, {307200, 64}, {64, 1}, target_id=0: 0.129942ms, 1%
@79 = slice[axes={0},starts={21},ends={22}](@62) -> float_type, {1, 307200}, {307200, 1}, target_id=0: 0.0012715ms, 1%
@80 = squeeze[axes={0}](@79) -> float_type, {307200}, {1}, target_id=0: 0.00102272ms, 1%
@81 = load[offset=904396800,end=943718400](@1) -> half_type, {307200, 64}, {64, 1}, target_id=0: 0.00066264ms, 1%
@82 = gpu::code_object[code_object=3928,symbol_name=gather_kernel,global=307200,local=1024,](@43,@80,@81) -> half_type, {307200, 64}, {64, 1}, target_id=0: 0.129922ms, 1%
@83 = slice[axes={0},starts={20},ends={21}](@62) -> float_type, {1, 307200}, {307200, 1}, target_id=0: 0.00129894ms, 1%
@84 = squeeze[axes={0}](@83) -> float_type, {307200}, {1}, target_id=0: 0.00102334ms, 1%
@85 = load[offset=865075200,end=904396800](@1) -> half_type, {307200, 64}, {64, 1}, target_id=0: 0.00068042ms, 1%
@86 = gpu::code_object[code_object=3928,symbol_name=gather_kernel,global=307200,local=1024,](@44,@84,@85) -> half_type, {307200, 64}, {64, 1}, target_id=0: 0.131205ms, 1%
@87 = slice[axes={0},starts={19},ends={20}](@62) -> float_type, {1, 307200}, {307200, 1}, target_id=0: 0.0012713ms, 1%
@88 = squeeze[axes={0}](@87) -> float_type, {307200}, {1}, target_id=0: 0.00102272ms, 1%
@89 = load[offset=825753600,end=865075200](@1) -> half_type, {307200, 64}, {64, 1}, target_id=0: 0.00064892ms, 1%
@90 = gpu::code_object[code_object=3928,symbol_name=gather_kernel,global=307200,local=1024,](@31,@88,@89) -> half_type, {307200, 64}, {64, 1}, target_id=0: 0.130908ms, 1%
@91 = load[offset=786432000,end=825753600](@1) -> half_type, {307200, 64}, {64, 1}, target_id=0: 0.00087714ms, 1%
@92 = slice[axes={0},starts={18},ends={19}](@62) -> float_type, {1, 307200}, {307200, 1}, target_id=0: 0.0010493ms, 1%
@93 = squeeze[axes={0}](@92) -> float_type, {307200}, {1}, target_id=0: 0.0010796ms, 1%
@94 = gpu::code_object[code_object=3928,symbol_name=gather_kernel,global=307200,local=1024,](@32,@93,@91) -> half_type, {307200, 64}, {64, 1}, target_id=0: 0.129999ms, 1%
@95 = load[offset=747110400,end=786432000](@1) -> half_type, {307200, 64}, {64, 1}, target_id=0: 0.0008791ms, 1%
@96 = slice[axes={0},starts={17},ends={18}](@62) -> float_type, {1, 307200}, {307200, 1}, target_id=0: 0.00102446ms, 1%
@97 = squeeze[axes={0}](@96) -> float_type, {307200}, {1}, target_id=0: 0.00099938ms, 1%
@98 = gpu::code_object[code_object=3928,symbol_name=gather_kernel,global=307200,local=1024,](@33,@97,@95) -> half_type, {307200, 64}, {64, 1}, target_id=0: 0.129722ms, 1%
@99 = slice[axes={0},starts={16},ends={17}](@62) -> float_type, {1, 307200}, {307200, 1}, target_id=0: 0.00127262ms, 1%
@100 = squeeze[axes={0}](@99) -> float_type, {307200}, {1}, target_id=0: 0.00103792ms, 1%
@101 = load[offset=707788800,end=747110400](@1) -> half_type, {307200, 64}, {64, 1}, target_id=0: 0.00066498ms, 1%
@102 = gpu::code_object[code_object=3928,symbol_name=gather_kernel,global=307200,local=1024,](@34,@100,@101) -> half_type, {307200, 64}, {64, 1}, target_id=0: 0.129859ms, 1%
@103 = slice[axes={0},starts={15},ends={16}](@62) -> float_type, {1, 307200}, {307200, 1}, target_id=0: 0.00126386ms, 1%
@104 = squeeze[axes={0}](@103) -> float_type, {307200}, {1}, target_id=0: 0.00101014ms, 1%
@105 = load[offset=668467200,end=707788800](@1) -> half_type, {307200, 64}, {64, 1}, target_id=0: 0.0006764ms, 1%
@106 = gpu::code_object[code_object=3928,symbol_name=gather_kernel,global=307200,local=1024,](@35,@104,@105) -> half_type, {307200, 64}, {64, 1}, target_id=0: 0.1297ms, 1%
@107 = slice[axes={0},starts={14},ends={15}](@62) -> float_type, {1, 307200}, {307200, 1}, target_id=0: 0.0012348ms, 1%
@108 = squeeze[axes={0}](@107) -> float_type, {307200}, {1}, target_id=0: 0.00098606ms, 1%
@109 = load[offset=629145600,end=668467200](@1) -> half_type, {307200, 64}, {64, 1}, target_id=0: 0.00069826ms, 1%
@110 = gpu::code_object[code_object=3928,symbol_name=gather_kernel,global=307200,local=1024,](@36,@108,@109) -> half_type, {307200, 64}, {64, 1}, target_id=0: 0.130474ms, 1%
@111 = slice[axes={0},starts={13},ends={14}](@62) -> float_type, {1, 307200}, {307200, 1}, target_id=0: 0.00124548ms, 1%
@112 = squeeze[axes={0}](@111) -> float_type, {307200}, {1}, target_id=0: 0.0009663ms, 1%
@113 = load[offset=589824000,end=629145600](@1) -> half_type, {307200, 64}, {64, 1}, target_id=0: 0.000645ms, 1%
@114 = gpu::code_object[code_object=3928,symbol_name=gather_kernel,global=307200,local=1024,](@37,@112,@113) -> half_type, {307200, 64}, {64, 1}, target_id=0: 0.129768ms, 1%
@115 = load[offset=550502400,end=589824000](@1) -> half_type, {307200, 64}, {64, 1}, target_id=0: 0.00087574ms, 1%
@116 = slice[axes={0},starts={12},ends={13}](@62) -> float_type, {1, 307200}, {307200, 1}, target_id=0: 0.00103926ms, 1%
@117 = squeeze[axes={0}](@116) -> float_type, {307200}, {1}, target_id=0: 0.00098654ms, 1%
@118 = gpu::code_object[code_object=3928,symbol_name=gather_kernel,global=307200,local=1024,](@49,@117,@115) -> half_type, {307200, 64}, {64, 1}, target_id=0: 0.130928ms, 1%
@119 = slice[axes={0},starts={11},ends={12}](@62) -> float_type, {1, 307200}, {307200, 1}, target_id=0: 0.00121284ms, 1%
@120 = squeeze[axes={0}](@119) -> float_type, {307200}, {1}, target_id=0: 0.00099942ms, 1%
@121 = load[offset=511180800,end=550502400](@1) -> half_type, {307200, 64}, {64, 1}, target_id=0: 0.00066656ms, 1%
@122 = gpu::code_object[code_object=3928,symbol_name=gather_kernel,global=307200,local=1024,](@50,@120,@121) -> half_type, {307200, 64}, {64, 1}, target_id=0: 0.130112ms, 1%
@123 = slice[axes={0},starts={10},ends={11}](@62) -> float_type, {1, 307200}, {307200, 1}, target_id=0: 0.00124634ms, 1%
@124 = squeeze[axes={0}](@123) -> float_type, {307200}, {1}, target_id=0: 0.00096904ms, 1%
@125 = load[offset=471859200,end=511180800](@1) -> half_type, {307200, 64}, {64, 1}, target_id=0: 0.00066576ms, 1%
@126 = gpu::code_object[code_object=3928,symbol_name=gather_kernel,global=307200,local=1024,](@51,@124,@125) -> half_type, {307200, 64}, {64, 1}, target_id=0: 0.130113ms, 1%
@127 = load[offset=432537600,end=471859200](@1) -> half_type, {307200, 64}, {64, 1}, target_id=0: 0.00087572ms, 1%
@128 = slice[axes={0},starts={9},ends={10}](@62) -> float_type, {1, 307200}, {307200, 1}, target_id=0: 0.00102154ms, 1%
@129 = squeeze[axes={0}](@128) -> float_type, {307200}, {1}, target_id=0: 0.00097498ms, 1%
@130 = gpu::code_object[code_object=3928,symbol_name=gather_kernel,global=307200,local=1024,](@52,@129,@127) -> half_type, {307200, 64}, {64, 1}, target_id=0: 0.130621ms, 1%
@131 = slice[axes={0},starts={8},ends={9}](@62) -> float_type, {1, 307200}, {307200, 1}, target_id=0: 0.00124988ms, 1%
@132 = load[offset=393216000,end=432537600](@1) -> half_type, {307200, 64}, {64, 1}, target_id=0: 0.0006897ms, 1%
@133 = squeeze[axes={0}](@131) -> float_type, {307200}, {1}, target_id=0: 0.00096472ms, 1%
@134 = gpu::code_object[code_object=3928,symbol_name=gather_kernel,global=307200,local=1024,](@38,@133,@132) -> half_type, {307200, 64}, {64, 1}, target_id=0: 0.129964ms, 1%
@135 = load[offset=353894400,end=393216000](@1) -> half_type, {307200, 64}, {64, 1}, target_id=0: 0.000879ms, 1%
@136 = slice[axes={0},starts={7},ends={8}](@62) -> float_type, {1, 307200}, {307200, 1}, target_id=0: 0.00103794ms, 1%
@137 = squeeze[axes={0}](@136) -> float_type, {307200}, {1}, target_id=0: 0.00095504ms, 1%
@138 = gpu::code_object[code_object=3928,symbol_name=gather_kernel,global=307200,local=1024,](@53,@137,@135) -> half_type, {307200, 64}, {64, 1}, target_id=0: 0.129878ms, 1%
@139 = load[offset=314572800,end=353894400](@1) -> half_type, {307200, 64}, {64, 1}, target_id=0: 0.0008813ms, 1%
@140 = slice[axes={0},starts={6},ends={7}](@62) -> float_type, {1, 307200}, {307200, 1}, target_id=0: 0.00103272ms, 1%
@141 = squeeze[axes={0}](@140) -> float_type, {307200}, {1}, target_id=0: 0.00095904ms, 1%
@142 = gpu::code_object[code_object=3928,symbol_name=gather_kernel,global=307200,local=1024,](@54,@141,@139) -> half_type, {307200, 64}, {64, 1}, target_id=0: 0.129942ms, 1%
@143 = load[offset=275251200,end=314572800](@1) -> half_type, {307200, 64}, {64, 1}, target_id=0: 0.00088186ms, 1%
@144 = slice[axes={0},starts={5},ends={6}](@62) -> float_type, {1, 307200}, {307200, 1}, target_id=0: 0.00108308ms, 1%
@145 = squeeze[axes={0}](@144) -> float_type, {307200}, {1}, target_id=0: 0.00101428ms, 1%
@146 = gpu::code_object[code_object=3928,symbol_name=gather_kernel,global=307200,local=1024,](@55,@145,@143) -> half_type, {307200, 64}, {64, 1}, target_id=0: 0.130623ms, 1%
@147 = slice[axes={0},starts={4},ends={5}](@62) -> float_type, {1, 307200}, {307200, 1}, target_id=0: 0.00126872ms, 1%
@148 = squeeze[axes={0}](@147) -> float_type, {307200}, {1}, target_id=0: 0.0011001ms, 1%
@149 = load[offset=235929600,end=275251200](@1) -> half_type, {307200, 64}, {64, 1}, target_id=0: 0.00065262ms, 1%
@150 = gpu::code_object[code_object=3928,symbol_name=gather_kernel,global=307200,local=1024,](@56,@148,@149) -> half_type, {307200, 64}, {64, 1}, target_id=0: 0.130877ms, 1%
@151 = slice[axes={0},starts={3},ends={4}](@62) -> float_type, {1, 307200}, {307200, 1}, target_id=0: 0.00129986ms, 1%
@152 = squeeze[axes={0}](@151) -> float_type, {307200}, {1}, target_id=0: 0.00120186ms, 1%
@153 = load[offset=196608000,end=235929600](@1) -> half_type, {307200, 64}, {64, 1}, target_id=0: 0.0006811ms, 1%
@154 = gpu::code_object[code_object=3928,symbol_name=gather_kernel,global=307200,local=1024,](@57,@152,@153) -> half_type, {307200, 64}, {64, 1}, target_id=0: 0.130507ms, 1%
@155 = slice[axes={0},starts={2},ends={3}](@62) -> float_type, {1, 307200}, {307200, 1}, target_id=0: 0.00127954ms, 1%
@156 = squeeze[axes={0}](@155) -> float_type, {307200}, {1}, target_id=0: 0.00116444ms, 1%
@157 = load[offset=157286400,end=196608000](@1) -> half_type, {307200, 64}, {64, 1}, target_id=0: 0.00065532ms, 1%
@158 = gpu::code_object[code_object=3928,symbol_name=gather_kernel,global=307200,local=1024,](@58,@156,@157) -> half_type, {307200, 64}, {64, 1}, target_id=0: 0.130789ms, 1%
@159 = load[offset=117964800,end=157286400](@1) -> half_type, {307200, 64}, {64, 1}, target_id=0: 0.00086512ms, 1%
@160 = slice[axes={0},starts={1},ends={2}](@62) -> float_type, {1, 307200}, {307200, 1}, target_id=0: 0.00103508ms, 1%
@161 = squeeze[axes={0}](@160) -> float_type, {307200}, {1}, target_id=0: 0.00108214ms, 1%
@162 = gpu::code_object[code_object=3928,symbol_name=gather_kernel,global=307200,local=1024,](@59,@161,@159) -> half_type, {307200, 64}, {64, 1}, target_id=0: 0.130684ms, 1%
@163 = load[offset=78643200,end=117964800](@1) -> half_type, {307200, 64}, {64, 1}, target_id=0: 0.00085916ms, 1%
@164 = slice[axes={0},starts={0},ends={1}](@62) -> float_type, {1, 307200}, {307200, 1}, target_id=0: 0.00103692ms, 1%
@165 = squeeze[axes={0}](@164) -> float_type, {307200}, {1}, target_id=0: 0.00107698ms, 1%
@166 = gpu::code_object[code_object=3928,symbol_name=gather_kernel,global=307200,local=1024,](@60,@165,@163) -> half_type, {307200, 64}, {64, 1}, target_id=0: 0.131224ms, 1%
@167 = load[offset=0,end=39321600](@1) -> half_type, {307200, 64}, {64, 1}, target_id=0: 0.00088876ms, 1%
@168 = multibroadcast[out_lens={307200, 64},out_dyn_dims={}](@30) -> half_type, {307200, 64}, {0, 1}, target_id=0: 0.0013819ms, 1%
@169 = gpu::code_object[code_object=3832,symbol_name=add_relu_kernel,global=2457600,local=1024,](@21,@168,@167) -> half_type, {307200, 64}, {64, 1}, target_id=0: 0.0944385ms, 1%
@170 = load[offset=1101004800,end=2162688000](@1) -> half_type, {307200, 1728}, {1728, 1}, target_id=0: 0.00088188ms, 1%
@171 = gpu::code_object[code_object=6216,symbol_name=concat_kernel,global=19660800,local=1024,](@169,@166,@162,@158,@154,@150,@146,@142,@138,@134,@130,@126,@122,@118,@114,@110,@106,@102,@98,@94,@90,@86,@82,@78,@74,@70,@66,@170) -> half_type, {307200, 1728}, {1728, 1}, target_id=0: 2.42042ms, 10%
@172 = reshape_lazy[dims={307200, -1, 64}](@171) -> half_type, {307200, 27, 64}, {1728, 64, 1}, target_id=0: 0.0015685ms, 1%
@173 = load[offset=39321600,end=487219200](@1) -> half_type, {307200, 27, 27}, {729, 27, 1}, target_id=0: 0.0007054ms, 1%
@174 = transpose[permutation={0, 2, 1}](@172) -> half_type, {307200, 64, 27}, {1728, 1, 64}, target_id=0: 0.00126564ms, 1%
@175 = gpu::gemm[alpha=1,beta=0,int8_x4_format=0,compute_fp32=1,trans_batch=0](@172,@174,@173) -> half_type, {307200, 27, 27}, {729, 27, 1}, target_id=0: 1.89741ms, 8%
@176 = reshape_lazy[dims={307200, 729}](@175) -> half_type, {307200, 729}, {729, 1}, target_id=0: 0.00106042ms, 1%
@177 = load[offset=487219200,end=702873600](@1) -> half_type, {307200, 351}, {351, 1}, target_id=0: 0.00070896ms, 1%
@178 = gpu::code_object[code_object=3960,symbol_name=gather_kernel,global=307200,local=1024,](@176,@27,@177) -> half_type, {307200, 351}, {351, 1}, target_id=0: 1.04173ms, 5%
@179 = load[offset=39321600,end=294297600](@1) -> half_type, {307200, 415}, {415, 1}, target_id=0: 0.00090082ms, 1%
@180 = gpu::code_object[code_object=4024,symbol_name=concat_kernel,global=63744000,local=1024,](@169,@178,@179) -> half_type, {307200, 415}, {415, 1}, target_id=0: 0.770251ms, 4%
@181 = load[offset=294297600,end=608870400](@1) -> half_type, {307200, 512}, {512, 1}, target_id=0: 0.00084022ms, 1%
@182 = gpu::gemm[alpha=1,beta=0,int8_x4_format=0,compute_fp32=1,trans_batch=0](@180,@23,@181) -> half_type, {307200, 512}, {512, 1}, target_id=0: 1.47915ms, 6%
@183 = load[offset=608870400,end=923443200](@1) -> half_type, {307200, 512}, {512, 1}, target_id=0: 0.00095068ms, 1%
@184 = multibroadcast[out_lens={307200, 512},out_dyn_dims={}](@29) -> half_type, {307200, 512}, {0, 1}, target_id=0: 0.00123042ms, 1%
@185 = gpu::code_object[code_object=3832,symbol_name=add_relu_kernel,global=19660800,local=1024,](@182,@184,@183) -> half_type, {307200, 512}, {512, 1}, target_id=0: 0.633001ms, 3%
@186 = load[offset=923443200,end=1238016000](@1) -> half_type, {307200, 512}, {512, 1}, target_id=0: 0.00090208ms, 1%
@187 = gpu::gemm[alpha=1,beta=0,int8_x4_format=0,compute_fp32=1,trans_batch=0](@185,@45,@186) -> half_type, {307200, 512}, {512, 1}, target_id=0: 1.89065ms, 8%
@188 = load[offset=0,end=314572800](@1) -> half_type, {307200, 512}, {512, 1}, target_id=0: 0.0009526ms, 1%
@189 = multibroadcast[out_lens={307200, 512},out_dyn_dims={}](@28) -> half_type, {307200, 512}, {0, 1}, target_id=0: 0.00103864ms, 1%
@190 = gpu::code_object[code_object=3832,symbol_name=add_relu_kernel,global=19660800,local=1024,](@187,@189,@188) -> half_type, {307200, 512}, {512, 1}, target_id=0: 0.635853ms, 3%
@191 = load[offset=314572800,end=471859200](@1) -> half_type, {307200, 256}, {256, 1}, target_id=0: 0.00089274ms, 1%
@192 = gpu::gemm[alpha=1,beta=0,int8_x4_format=0,compute_fp32=1,trans_batch=0](@190,@22,@191) -> half_type, {307200, 256}, {256, 1}, target_id=0: 1.05371ms, 5%
@193 = load[offset=614400,end=157900800](@1) -> half_type, {307200, 256}, {256, 1}, target_id=0: 0.00094194ms, 1%
@194 = multibroadcast[out_lens={307200, 256},out_dyn_dims={}](@48) -> half_type, {307200, 256}, {0, 1}, target_id=0: 0.0010178ms, 1%
@195 = gpu::code_object[code_object=3832,symbol_name=add_relu_kernel,global=9830400,local=1024,](@192,@194,@193) -> half_type, {307200, 256}, {256, 1}, target_id=0: 0.326503ms, 2%
@196 = load[offset=157900800,end=158515200](@1) -> half_type, {307200, 1}, {1, 1}, target_id=0: 0.00087344ms, 1%
@197 = gpu::gemm[alpha=1,beta=0,int8_x4_format=0,compute_fp32=1,trans_batch=0](@195,@46,@196) -> half_type, {307200, 1}, {1, 1}, target_id=0: 0.884897ms, 4%
@198 = load[offset=0,end=614400](@1) -> half_type, {307200, 1}, {1, 1}, target_id=0: 0.00093724ms, 1%
@199 = multibroadcast[out_lens={307200, 1},out_dyn_dims={}](@47) -> half_type, {307200, 1}, {0, 1}, target_id=0: 0.0010106ms, 1%
@200 = gpu::code_object[code_object=3896,symbol_name=add_sigmoid_kernel,global=153600,local=1024,](@197,@199,@198) -> half_type, {307200, 1}, {1, 1}, target_id=0: 0.0196613ms, 1%
@201 = hip::copy_from_gpu(@200) -> half_type, {307200, 1}, {1, 1}, target_id=0: 0.190998ms, 1%
@202 = hip::sync_stream(@201) -> half_type, {307200, 1}, {1, 1}, target_id=0: 0.00178352ms, 1%
@203 = @return(@202), target_id=0
Summary:
gpu::gemm: 8.95433ms / 8 = 1.11929ms, 36%
hip::copy_to_gpu: 5.69518ms / 2 = 2.84759ms, 23%
gpu::code_object::gather_kernel: 4.43144ms / 27 = 0.164127ms, 18%
gpu::code_object::concat_kernel: 3.19067ms / 2 = 1.59534ms, 13%
gpu::code_object::add_relu_kernel: 2.6549ms / 6 = 0.442484ms, 11%
hip::copy_from_gpu: 0.190998ms / 1 = 0.190998ms, 1%
gpu::code_object::convert_kernel: 0.118301ms / 1 = 0.118301ms, 1%
load: 0.0375125ms / 47 = 0.000798139ms, 1%
slice: 0.0327868ms / 26 = 0.00126103ms, 1%
squeeze: 0.0277162ms / 26 = 0.00106601ms, 1%
hip::hip_copy_literal: 0.0276567ms / 41 = 0.000674553ms, 1%
gpu::code_object::add_sigmoid_kernel: 0.0196613ms / 1 = 0.0196613ms, 1%
multibroadcast: 0.00835308ms / 7 = 0.0011933ms, 1%
reshape_lazy: 0.00262892ms / 2 = 0.00131446ms, 1%
hip::sync_stream: 0.00178352ms / 1 = 0.00178352ms, 1%
@param: 0.00149856ms / 2 = 0.00074928ms, 1%
check_context::migraphx::gpu::context: 0.00139378ms / 1 = 0.00139378ms, 1%
transpose: 0.00126564ms / 1 = 0.00126564ms, 1%
hip::hip_allocate_memory: 0.00124234ms / 1 = 0.00124234ms, 1%

Batch size: 1
Rate: 40.7598inferences/sec
Total time: 24.5339ms
Total instructions time: 25.3993ms
Overhead time: 0.0409726ms, -0.865373ms
Overhead: 0%, -4%
