Running [ MIGraphX Version: 2.9.0.c4b69fb70 ]: /src/AMDMIGraphX/build/bin/driver perf --gpu /new-saved-models/torchvision/resnet50i64.onnx
Compiling ... 
Reading: /new-saved-models/torchvision/resnet50i64.onnx
module: "main"
@0 = check_context::migraphx::gpu::context -> float_type, {}, {}, target_id=0
@1 = hip::hip_allocate_memory[shape=int8_type, {616562688}, {1},id=main:scratch] -> int8_type, {616562688}, {1}, target_id=0
@2 = hip::hip_copy_literal[id=main:@literal:98] -> float_type, {64}, {1}, target_id=0
@3 = hip::hip_copy_literal[id=main:@literal:99] -> float_type, {64, 3, 7, 7}, {147, 49, 7, 1}, target_id=0
@4 = load[offset=205520896,end=411041792](@1) -> float_type, {64, 64, 112, 112}, {802816, 12544, 112, 1}, target_id=0
@5 = broadcast[axis=1,out_lens={64, 64, 112, 112}](@2) -> float_type, {64, 64, 112, 112}, {0, 1, 0, 0}, target_id=0
input.1 = @param:input.1 -> float_type, {64, 3, 224, 224}, {150528, 50176, 224, 1}, target_id=0
@7 = gpu::code_object[code_object=7640,symbol_name=mlir_convolution_add_relu,global=1605632,local=256,](@5,input.1,@3,@4) -> float_type, {64, 64, 112, 112}, {802816, 12544, 112, 1}, target_id=0
@8 = load[offset=154140672,end=205520896](@1) -> float_type, {64, 64, 56, 56}, {200704, 3136, 56, 1}, target_id=0
@9 = gpu::pooling[mode=max,padding={1, 1, 1, 1},padding_mode=0,stride={2, 2},lengths={3, 3},dilations={1, 1},ceil_mode=0,lp_order=2,dyn_global=0](@7,@8) -> float_type, {64, 64, 56, 56}, {200704, 3136, 56, 1}, target_id=0
@10 = hip::hip_copy_literal[id=main:@literal:96] -> float_type, {64}, {1}, target_id=0
@11 = hip::hip_copy_literal[id=main:@literal:97] -> float_type, {64, 64, 1, 1}, {64, 1, 1, 1}, target_id=0
@12 = broadcast[axis=1,out_lens={64, 64, 56, 56}](@10) -> float_type, {64, 64, 56, 56}, {0, 1, 0, 0}, target_id=0
@13 = load[offset=51380224,end=102760448](@1) -> float_type, {64, 64, 56, 56}, {200704, 3136, 56, 1}, target_id=0
@14 = gpu::code_object[code_object=5992,symbol_name=mlir_convolution_add_relu,global=1605632,local=256,](@12,@9,@11,@13) -> float_type, {64, 64, 56, 56}, {200704, 3136, 56, 1}, target_id=0
@15 = hip::hip_copy_literal[id=main:@literal:94] -> float_type, {64}, {1}, target_id=0
@16 = hip::hip_copy_literal[id=main:@literal:95] -> float_type, {64, 64, 3, 3}, {576, 9, 3, 1}, target_id=0
@17 = load[offset=0,end=51380224](@1) -> float_type, {64, 64, 56, 56}, {200704, 3136, 56, 1}, target_id=0
@18 = broadcast[axis=1,out_lens={64, 64, 56, 56}](@15) -> float_type, {64, 64, 56, 56}, {0, 1, 0, 0}, target_id=0
@19 = gpu::miopen_fusion[ops={{op=convolution[padding={1, 1, 1, 1},stride={1, 1},dilation={1, 1},group=1,padding_mode=0],alpha=1,beta=0}, {op=add,alpha=1,beta=0}, {op=relu,alpha=1,beta=0}}](@14,@16,@18,@17) -> float_type, {64, 64, 56, 56}, {200704, 3136, 56, 1}, target_id=0
@20 = load[offset=205520896,end=308281344](@1) -> float_type, {64, 128, 56, 56}, {401408, 3136, 56, 1}, target_id=0
@21 = gpu::code_object[code_object=3984,symbol_name=concat_kernel,global=3211264,local=1024,](@19,@9,@20) -> float_type, {64, 128, 56, 56}, {401408, 3136, 56, 1}, target_id=0
@22 = hip::hip_copy_literal[id=main:@literal:4] -> float_type, {256, 128, 1, 1}, {128, 1, 1, 1}, target_id=0
@23 = hip::hip_copy_literal[id=main:@literal:2] -> float_type, {256}, {1}, target_id=0
@24 = load[offset=411041792,end=616562688](@1) -> float_type, {64, 256, 56, 56}, {802816, 3136, 56, 1}, target_id=0
@25 = broadcast[axis=1,out_lens={64, 256, 56, 56}](@23) -> float_type, {64, 256, 56, 56}, {0, 1, 0, 0}, target_id=0
@26 = gpu::code_object[code_object=5008,symbol_name=mlir_convolution_add_relu,global=3211264,local=256,](@25,@21,@22,@24) -> float_type, {64, 256, 56, 56}, {802816, 3136, 56, 1}, target_id=0
@27 = hip::hip_copy_literal[id=main:@literal:92] -> float_type, {64}, {1}, target_id=0
@28 = hip::hip_copy_literal[id=main:@literal:93] -> float_type, {64, 256, 1, 1}, {256, 1, 1, 1}, target_id=0
@29 = load[offset=51380224,end=102760448](@1) -> float_type, {64, 64, 56, 56}, {200704, 3136, 56, 1}, target_id=0
@30 = broadcast[axis=1,out_lens={64, 64, 56, 56}](@27) -> float_type, {64, 64, 56, 56}, {0, 1, 0, 0}, target_id=0
@31 = gpu::code_object[code_object=8088,symbol_name=mlir_convolution_add_relu,global=200704,local=256,](@30,@26,@28,@29) -> float_type, {64, 64, 56, 56}, {200704, 3136, 56, 1}, target_id=0
@32 = hip::hip_copy_literal[id=main:@literal:90] -> float_type, {64}, {1}, target_id=0
@33 = hip::hip_copy_literal[id=main:@literal:91] -> float_type, {64, 64, 3, 3}, {576, 9, 3, 1}, target_id=0
@34 = load[offset=0,end=51380224](@1) -> float_type, {64, 64, 56, 56}, {200704, 3136, 56, 1}, target_id=0
@35 = broadcast[axis=1,out_lens={64, 64, 56, 56}](@32) -> float_type, {64, 64, 56, 56}, {0, 1, 0, 0}, target_id=0
@36 = gpu::miopen_fusion[ops={{op=convolution[padding={1, 1, 1, 1},stride={1, 1},dilation={1, 1},group=1,padding_mode=0],alpha=1,beta=0}, {op=add,alpha=1,beta=0}, {op=relu,alpha=1,beta=0}}](@31,@33,@35,@34) -> float_type, {64, 64, 56, 56}, {200704, 3136, 56, 1}, target_id=0
@37 = hip::hip_copy_literal[id=main:@literal:88] -> float_type, {256}, {1}, target_id=0
@38 = hip::hip_copy_literal[id=main:@literal:89] -> float_type, {256, 64, 1, 1}, {64, 1, 1, 1}, target_id=0
@39 = load[offset=205520896,end=411041792](@1) -> float_type, {64, 256, 56, 56}, {802816, 3136, 56, 1}, target_id=0
@40 = broadcast[axis=1,out_lens={64, 256, 56, 56}](@37) -> float_type, {64, 256, 56, 56}, {0, 1, 0, 0}, target_id=0
@41 = gpu::code_object[code_object=6216,symbol_name=mlir_convolution_add_add_relu,global=6422528,local=256,](@40,@26,@36,@38,@39) -> float_type, {64, 256, 56, 56}, {802816, 3136, 56, 1}, target_id=0
@42 = hip::hip_copy_literal[id=main:@literal:86] -> float_type, {64}, {1}, target_id=0
@43 = hip::hip_copy_literal[id=main:@literal:87] -> float_type, {64, 256, 1, 1}, {256, 1, 1, 1}, target_id=0
@44 = load[offset=0,end=51380224](@1) -> float_type, {64, 64, 56, 56}, {200704, 3136, 56, 1}, target_id=0
@45 = broadcast[axis=1,out_lens={64, 64, 56, 56}](@42) -> float_type, {64, 64, 56, 56}, {0, 1, 0, 0}, target_id=0
@46 = gpu::code_object[code_object=8088,symbol_name=mlir_convolution_add_relu,global=200704,local=256,](@45,@41,@43,@44) -> float_type, {64, 64, 56, 56}, {200704, 3136, 56, 1}, target_id=0
@47 = hip::hip_copy_literal[id=main:@literal:84] -> float_type, {64}, {1}, target_id=0
@48 = hip::hip_copy_literal[id=main:@literal:85] -> float_type, {64, 64, 3, 3}, {576, 9, 3, 1}, target_id=0
@49 = load[offset=411041792,end=462422016](@1) -> float_type, {64, 64, 56, 56}, {200704, 3136, 56, 1}, target_id=0
@50 = broadcast[axis=1,out_lens={64, 64, 56, 56}](@47) -> float_type, {64, 64, 56, 56}, {0, 1, 0, 0}, target_id=0
@51 = gpu::miopen_fusion[ops={{op=convolution[padding={1, 1, 1, 1},stride={1, 1},dilation={1, 1},group=1,padding_mode=0],alpha=1,beta=0}, {op=add,alpha=1,beta=0}, {op=relu,alpha=1,beta=0}}](@46,@48,@50,@49) -> float_type, {64, 64, 56, 56}, {200704, 3136, 56, 1}, target_id=0
@52 = hip::hip_copy_literal[id=main:@literal:82] -> float_type, {256}, {1}, target_id=0
@53 = hip::hip_copy_literal[id=main:@literal:83] -> float_type, {256, 64, 1, 1}, {64, 1, 1, 1}, target_id=0
@54 = load[offset=0,end=205520896](@1) -> float_type, {64, 256, 56, 56}, {802816, 3136, 56, 1}, target_id=0
@55 = broadcast[axis=1,out_lens={64, 256, 56, 56}](@52) -> float_type, {64, 256, 56, 56}, {0, 1, 0, 0}, target_id=0
@56 = gpu::code_object[code_object=6216,symbol_name=mlir_convolution_add_add_relu,global=6422528,local=256,](@55,@41,@51,@53,@54) -> float_type, {64, 256, 56, 56}, {802816, 3136, 56, 1}, target_id=0
@57 = hip::hip_copy_literal[id=main:@literal:80] -> float_type, {128}, {1}, target_id=0
@58 = hip::hip_copy_literal[id=main:@literal:81] -> float_type, {128, 256, 1, 1}, {256, 1, 1, 1}, target_id=0
@59 = load[offset=231211008,end=333971456](@1) -> float_type, {64, 128, 56, 56}, {401408, 3136, 56, 1}, target_id=0
@60 = broadcast[axis=1,out_lens={64, 128, 56, 56}](@57) -> float_type, {64, 128, 56, 56}, {0, 1, 0, 0}, target_id=0
@61 = gpu::code_object[code_object=8096,symbol_name=mlir_convolution_add_relu,global=401408,local=256,](@60,@56,@58,@59) -> float_type, {64, 128, 56, 56}, {401408, 3136, 56, 1}, target_id=0
@62 = hip::hip_copy_literal[id=main:@literal:79] -> float_type, {128, 128, 3, 3}, {1152, 9, 3, 1}, target_id=0
@63 = load[offset=0,end=0](@1) -> int8_type, {0}, {1}, target_id=0
@64 = load[offset=205520896,end=231211008](@1) -> float_type, {64, 128, 28, 28}, {100352, 784, 28, 1}, target_id=0
@65 = gpu::convolution[op={padding={1, 1, 1, 1},stride={2, 2},dilation={1, 1},group=1,padding_mode=0},solution_object={binary_object: 458},algo=0,solution_id=0](@61,@62,@63,@64) -> float_type, {64, 128, 28, 28}, {100352, 784, 28, 1}, target_id=0
@66 = hip::hip_copy_literal[id=main:@literal:3] -> float_type, {512}, {1}, target_id=0
@67 = hip::hip_copy_literal[id=main:@literal:6] -> float_type, {512, 384, 1, 1}, {384, 1, 1, 1}, target_id=0
@68 = hip::hip_copy_literal[id=main:@literal:78] -> float_type, {128}, {1}, target_id=0
@69 = load[offset=282591232,end=308281344](@1) -> float_type, {64, 128, 28, 28}, {100352, 784, 28, 1}, target_id=0
@70 = broadcast[axis=1,out_lens={64, 128, 28, 28}](@68) -> float_type, {64, 128, 28, 28}, {0, 1, 0, 0}, target_id=0
@71 = gpu::code_object[code_object=3904,symbol_name=add_relu_kernel,global=802816,local=1024,](@65,@70,@69) -> float_type, {64, 128, 28, 28}, {100352, 784, 28, 1}, target_id=0
@72 = step[axes={2, 3},steps={2, 2}](@56) -> float_type, {64, 256, 28, 28}, {802816, 3136, 112, 2}, target_id=0
@73 = load[offset=205520896,end=282591232](@1) -> float_type, {64, 384, 28, 28}, {301056, 784, 28, 1}, target_id=0
@74 = gpu::code_object[code_object=4328,symbol_name=concat_kernel,global=9633792,local=1024,](@71,@72,@73) -> float_type, {64, 384, 28, 28}, {301056, 784, 28, 1}, target_id=0
@75 = load[offset=282591232,end=385351680](@1) -> float_type, {64, 512, 28, 28}, {401408, 784, 28, 1}, target_id=0
@76 = broadcast[axis=1,out_lens={64, 512, 28, 28}](@66) -> float_type, {64, 512, 28, 28}, {0, 1, 0, 0}, target_id=0
@77 = gpu::code_object[code_object=5272,symbol_name=mlir_convolution_add_relu,global=1605632,local=256,](@76,@74,@67,@75) -> float_type, {64, 512, 28, 28}, {401408, 784, 28, 1}, target_id=0
@78 = hip::hip_copy_literal[id=main:@literal:76] -> float_type, {128}, {1}, target_id=0
@79 = hip::hip_copy_literal[id=main:@literal:77] -> float_type, {128, 512, 1, 1}, {512, 1, 1, 1}, target_id=0
@80 = broadcast[axis=1,out_lens={64, 128, 28, 28}](@78) -> float_type, {64, 128, 28, 28}, {0, 1, 0, 0}, target_id=0
@81 = load[offset=51380224,end=77070336](@1) -> float_type, {64, 128, 28, 28}, {100352, 784, 28, 1}, target_id=0
@82 = gpu::code_object[code_object=6384,symbol_name=mlir_convolution_add_relu,global=200704,local=256,](@80,@77,@79,@81) -> float_type, {64, 128, 28, 28}, {100352, 784, 28, 1}, target_id=0
@83 = hip::hip_copy_literal[id=main:@literal:74] -> float_type, {128}, {1}, target_id=0
@84 = hip::hip_copy_literal[id=main:@literal:75] -> float_type, {128, 128, 3, 3}, {1152, 9, 3, 1}, target_id=0
@85 = broadcast[axis=1,out_lens={64, 128, 28, 28}](@83) -> float_type, {64, 128, 28, 28}, {0, 1, 0, 0}, target_id=0
@86 = load[offset=25690112,end=51380224](@1) -> float_type, {64, 128, 28, 28}, {100352, 784, 28, 1}, target_id=0
@87 = gpu::miopen_fusion[ops={{op=convolution[padding={1, 1, 1, 1},stride={1, 1},dilation={1, 1},group=1,padding_mode=0],alpha=1,beta=0}, {op=add,alpha=1,beta=0}, {op=relu,alpha=1,beta=0}}](@82,@84,@85,@86) -> float_type, {64, 128, 28, 28}, {100352, 784, 28, 1}, target_id=0
@88 = hip::hip_copy_literal[id=main:@literal:72] -> float_type, {512}, {1}, target_id=0
@89 = hip::hip_copy_literal[id=main:@literal:73] -> float_type, {512, 128, 1, 1}, {128, 1, 1, 1}, target_id=0
@90 = broadcast[axis=1,out_lens={64, 512, 28, 28}](@88) -> float_type, {64, 512, 28, 28}, {0, 1, 0, 0}, target_id=0
@91 = load[offset=77070336,end=179830784](@1) -> float_type, {64, 512, 28, 28}, {401408, 784, 28, 1}, target_id=0
@92 = gpu::code_object[code_object=5536,symbol_name=mlir_convolution_add_add_relu,global=1605632,local=256,](@90,@77,@87,@89,@91) -> float_type, {64, 512, 28, 28}, {401408, 784, 28, 1}, target_id=0
@93 = hip::hip_copy_literal[id=main:@literal:70] -> float_type, {128}, {1}, target_id=0
@94 = hip::hip_copy_literal[id=main:@literal:71] -> float_type, {128, 512, 1, 1}, {512, 1, 1, 1}, target_id=0
@95 = broadcast[axis=1,out_lens={64, 128, 28, 28}](@93) -> float_type, {64, 128, 28, 28}, {0, 1, 0, 0}, target_id=0
@96 = load[offset=51380224,end=77070336](@1) -> float_type, {64, 128, 28, 28}, {100352, 784, 28, 1}, target_id=0
@97 = gpu::code_object[code_object=6384,symbol_name=mlir_convolution_add_relu,global=200704,local=256,](@95,@92,@94,@96) -> float_type, {64, 128, 28, 28}, {100352, 784, 28, 1}, target_id=0
@98 = hip::hip_copy_literal[id=main:@literal:68] -> float_type, {128}, {1}, target_id=0
@99 = hip::hip_copy_literal[id=main:@literal:69] -> float_type, {128, 128, 3, 3}, {1152, 9, 3, 1}, target_id=0
@100 = broadcast[axis=1,out_lens={64, 128, 28, 28}](@98) -> float_type, {64, 128, 28, 28}, {0, 1, 0, 0}, target_id=0
@101 = load[offset=25690112,end=51380224](@1) -> float_type, {64, 128, 28, 28}, {100352, 784, 28, 1}, target_id=0
@102 = gpu::miopen_fusion[ops={{op=convolution[padding={1, 1, 1, 1},stride={1, 1},dilation={1, 1},group=1,padding_mode=0],alpha=1,beta=0}, {op=add,alpha=1,beta=0}, {op=relu,alpha=1,beta=0}}](@97,@99,@100,@101) -> float_type, {64, 128, 28, 28}, {100352, 784, 28, 1}, target_id=0
@103 = hip::hip_copy_literal[id=main:@literal:66] -> float_type, {512}, {1}, target_id=0
@104 = hip::hip_copy_literal[id=main:@literal:67] -> float_type, {512, 128, 1, 1}, {128, 1, 1, 1}, target_id=0
@105 = broadcast[axis=1,out_lens={64, 512, 28, 28}](@103) -> float_type, {64, 512, 28, 28}, {0, 1, 0, 0}, target_id=0
@106 = load[offset=246415360,end=349175808](@1) -> float_type, {64, 512, 28, 28}, {401408, 784, 28, 1}, target_id=0
@107 = gpu::code_object[code_object=5536,symbol_name=mlir_convolution_add_add_relu,global=1605632,local=256,](@105,@92,@102,@104,@106) -> float_type, {64, 512, 28, 28}, {401408, 784, 28, 1}, target_id=0
@108 = hip::hip_copy_literal[id=main:@literal:62] -> float_type, {128}, {1}, target_id=0
@109 = hip::hip_copy_literal[id=main:@literal:63] -> float_type, {128, 128, 3, 3}, {1152, 9, 3, 1}, target_id=0
@110 = hip::hip_copy_literal[id=main:@literal:64] -> float_type, {128}, {1}, target_id=0
@111 = hip::hip_copy_literal[id=main:@literal:65] -> float_type, {128, 512, 1, 1}, {512, 1, 1, 1}, target_id=0
@112 = broadcast[axis=1,out_lens={64, 128, 28, 28}](@110) -> float_type, {64, 128, 28, 28}, {0, 1, 0, 0}, target_id=0
@113 = load[offset=25690112,end=51380224](@1) -> float_type, {64, 128, 28, 28}, {100352, 784, 28, 1}, target_id=0
@114 = gpu::code_object[code_object=6384,symbol_name=mlir_convolution_add_relu,global=200704,local=256,](@112,@107,@111,@113) -> float_type, {64, 128, 28, 28}, {100352, 784, 28, 1}, target_id=0
@115 = broadcast[axis=1,out_lens={64, 128, 28, 28}](@108) -> float_type, {64, 128, 28, 28}, {0, 1, 0, 0}, target_id=0
@116 = load[offset=0,end=25690112](@1) -> float_type, {64, 128, 28, 28}, {100352, 784, 28, 1}, target_id=0
@117 = gpu::miopen_fusion[ops={{op=convolution[padding={1, 1, 1, 1},stride={1, 1},dilation={1, 1},group=1,padding_mode=0],alpha=1,beta=0}, {op=add,alpha=1,beta=0}, {op=relu,alpha=1,beta=0}}](@114,@109,@115,@116) -> float_type, {64, 128, 28, 28}, {100352, 784, 28, 1}, target_id=0
@118 = hip::hip_copy_literal[id=main:@literal:60] -> float_type, {512}, {1}, target_id=0
@119 = hip::hip_copy_literal[id=main:@literal:61] -> float_type, {512, 128, 1, 1}, {128, 1, 1, 1}, target_id=0
@120 = broadcast[axis=1,out_lens={64, 512, 28, 28}](@118) -> float_type, {64, 512, 28, 28}, {0, 1, 0, 0}, target_id=0
@121 = load[offset=143654912,end=246415360](@1) -> float_type, {64, 512, 28, 28}, {401408, 784, 28, 1}, target_id=0
@122 = gpu::code_object[code_object=5536,symbol_name=mlir_convolution_add_add_relu,global=1605632,local=256,](@120,@107,@117,@119,@121) -> float_type, {64, 512, 28, 28}, {401408, 784, 28, 1}, target_id=0
@123 = hip::hip_copy_literal[id=main:@literal:58] -> float_type, {256}, {1}, target_id=0
@124 = hip::hip_copy_literal[id=main:@literal:59] -> float_type, {256, 512, 1, 1}, {512, 1, 1, 1}, target_id=0
@125 = broadcast[axis=1,out_lens={64, 256, 28, 28}](@123) -> float_type, {64, 256, 28, 28}, {0, 1, 0, 0}, target_id=0
@126 = load[offset=0,end=51380224](@1) -> float_type, {64, 256, 28, 28}, {200704, 784, 28, 1}, target_id=0
@127 = gpu::code_object[code_object=8024,symbol_name=mlir_convolution_add_relu,global=200704,local=256,](@125,@122,@124,@126) -> float_type, {64, 256, 28, 28}, {200704, 784, 28, 1}, target_id=0
@128 = hip::hip_copy_literal[id=main:@literal:57] -> float_type, {256, 256, 3, 3}, {2304, 9, 3, 1}, target_id=0
@129 = load[offset=246415360,end=312999936](@1) -> int8_type, {66584576}, {1}, target_id=0
@130 = load[offset=117964800,end=130809856](@1) -> float_type, {64, 256, 14, 14}, {50176, 196, 14, 1}, target_id=0
@131 = gpu::convolution[op={padding={1, 1, 1, 1},stride={2, 2},dilation={1, 1},group=1,padding_mode=0},solution_object={binary_object: 559},algo=0,solution_id=0](@127,@128,@129,@130) -> float_type, {64, 256, 14, 14}, {50176, 196, 14, 1}, target_id=0
@132 = hip::hip_copy_literal[id=main:@literal:8] -> float_type, {1024, 768, 1, 1}, {768, 1, 1, 1}, target_id=0
@133 = hip::hip_copy_literal[id=main:@literal:56] -> float_type, {256}, {1}, target_id=0
@134 = load[offset=0,end=12845056](@1) -> float_type, {64, 256, 14, 14}, {50176, 196, 14, 1}, target_id=0
@135 = broadcast[axis=1,out_lens={64, 256, 14, 14}](@133) -> float_type, {64, 256, 14, 14}, {0, 1, 0, 0}, target_id=0
@136 = gpu::code_object[code_object=3848,symbol_name=add_relu_kernel,global=802816,local=1024,](@131,@135,@134) -> float_type, {64, 256, 14, 14}, {50176, 196, 14, 1}, target_id=0
@137 = hip::hip_copy_literal[id=main:@literal:7] -> float_type, {1024}, {1}, target_id=0
@138 = hip::hip_copy_literal[id=main:@literal:50] -> float_type, {1024}, {1}, target_id=0
@139 = hip::hip_copy_literal[id=main:@literal:51] -> float_type, {1024, 256, 1, 1}, {256, 1, 1, 1}, target_id=0
@140 = hip::hip_copy_literal[id=main:@literal:52] -> float_type, {256}, {1}, target_id=0
@141 = hip::hip_copy_literal[id=main:@literal:53] -> float_type, {256, 256, 3, 3}, {2304, 9, 3, 1}, target_id=0
@142 = hip::hip_copy_literal[id=main:@literal:54] -> float_type, {256}, {1}, target_id=0
@143 = hip::hip_copy_literal[id=main:@literal:55] -> float_type, {256, 1024, 1, 1}, {1024, 1, 1, 1}, target_id=0
@144 = step[axes={2, 3},steps={2, 2}](@122) -> float_type, {64, 512, 14, 14}, {401408, 784, 56, 2}, target_id=0
@145 = load[offset=64225280,end=102760448](@1) -> float_type, {64, 768, 14, 14}, {150528, 196, 14, 1}, target_id=0
@146 = gpu::code_object[code_object=4352,symbol_name=concat_kernel,global=4816896,local=1024,](@136,@144,@145) -> float_type, {64, 768, 14, 14}, {150528, 196, 14, 1}, target_id=0
@147 = load[offset=12845056,end=64225280](@1) -> float_type, {64, 1024, 14, 14}, {200704, 196, 14, 1}, target_id=0
@148 = broadcast[axis=1,out_lens={64, 1024, 14, 14}](@137) -> float_type, {64, 1024, 14, 14}, {0, 1, 0, 0}, target_id=0
@149 = gpu::code_object[code_object=8632,symbol_name=mlir_convolution_add_relu,global=200704,local=256,](@148,@146,@132,@147) -> float_type, {64, 1024, 14, 14}, {200704, 196, 14, 1}, target_id=0
@150 = broadcast[axis=1,out_lens={64, 256, 14, 14}](@142) -> float_type, {64, 256, 14, 14}, {0, 1, 0, 0}, target_id=0
@151 = load[offset=77070336,end=89915392](@1) -> float_type, {64, 256, 14, 14}, {50176, 196, 14, 1}, target_id=0
@152 = gpu::code_object[code_object=5808,symbol_name=mlir_convolution_add_relu,global=200704,local=256,](@150,@149,@143,@151) -> float_type, {64, 256, 14, 14}, {50176, 196, 14, 1}, target_id=0
@153 = broadcast[axis=1,out_lens={64, 256, 14, 14}](@140) -> float_type, {64, 256, 14, 14}, {0, 1, 0, 0}, target_id=0
@154 = load[offset=64225280,end=77070336](@1) -> float_type, {64, 256, 14, 14}, {50176, 196, 14, 1}, target_id=0
@155 = gpu::miopen_fusion[ops={{op=convolution[padding={1, 1, 1, 1},stride={1, 1},dilation={1, 1},group=1,padding_mode=0],alpha=1,beta=0}, {op=add,alpha=1,beta=0}, {op=relu,alpha=1,beta=0}}](@152,@141,@153,@154) -> float_type, {64, 256, 14, 14}, {50176, 196, 14, 1}, target_id=0
@156 = broadcast[axis=1,out_lens={64, 1024, 14, 14}](@138) -> float_type, {64, 1024, 14, 14}, {0, 1, 0, 0}, target_id=0
@157 = load[offset=141295616,end=192675840](@1) -> float_type, {64, 1024, 14, 14}, {200704, 196, 14, 1}, target_id=0
@158 = gpu::code_object[code_object=6400,symbol_name=mlir_convolution_add_add_relu,global=802816,local=256,](@156,@149,@155,@139,@157) -> float_type, {64, 1024, 14, 14}, {200704, 196, 14, 1}, target_id=0
@159 = hip::hip_copy_literal[id=main:@literal:44] -> float_type, {1024}, {1}, target_id=0
@160 = hip::hip_copy_literal[id=main:@literal:45] -> float_type, {1024, 256, 1, 1}, {256, 1, 1, 1}, target_id=0
@161 = hip::hip_copy_literal[id=main:@literal:46] -> float_type, {256}, {1}, target_id=0
@162 = hip::hip_copy_literal[id=main:@literal:47] -> float_type, {256, 256, 3, 3}, {2304, 9, 3, 1}, target_id=0
@163 = hip::hip_copy_literal[id=main:@literal:48] -> float_type, {256}, {1}, target_id=0
@164 = hip::hip_copy_literal[id=main:@literal:49] -> float_type, {256, 1024, 1, 1}, {1024, 1, 1, 1}, target_id=0
@165 = broadcast[axis=1,out_lens={64, 256, 14, 14}](@163) -> float_type, {64, 256, 14, 14}, {0, 1, 0, 0}, target_id=0
@166 = load[offset=12845056,end=25690112](@1) -> float_type, {64, 256, 14, 14}, {50176, 196, 14, 1}, target_id=0
@167 = gpu::code_object[code_object=5808,symbol_name=mlir_convolution_add_relu,global=200704,local=256,](@165,@158,@164,@166) -> float_type, {64, 256, 14, 14}, {50176, 196, 14, 1}, target_id=0
@168 = broadcast[axis=1,out_lens={64, 256, 14, 14}](@161) -> float_type, {64, 256, 14, 14}, {0, 1, 0, 0}, target_id=0
@169 = load[offset=0,end=12845056](@1) -> float_type, {64, 256, 14, 14}, {50176, 196, 14, 1}, target_id=0
@170 = gpu::miopen_fusion[ops={{op=convolution[padding={1, 1, 1, 1},stride={1, 1},dilation={1, 1},group=1,padding_mode=0],alpha=1,beta=0}, {op=add,alpha=1,beta=0}, {op=relu,alpha=1,beta=0}}](@167,@162,@168,@169) -> float_type, {64, 256, 14, 14}, {50176, 196, 14, 1}, target_id=0
@171 = broadcast[axis=1,out_lens={64, 1024, 14, 14}](@159) -> float_type, {64, 1024, 14, 14}, {0, 1, 0, 0}, target_id=0
@172 = load[offset=89915392,end=141295616](@1) -> float_type, {64, 1024, 14, 14}, {200704, 196, 14, 1}, target_id=0
@173 = gpu::code_object[code_object=6400,symbol_name=mlir_convolution_add_add_relu,global=802816,local=256,](@171,@158,@170,@160,@172) -> float_type, {64, 1024, 14, 14}, {200704, 196, 14, 1}, target_id=0
@174 = hip::hip_copy_literal[id=main:@literal:38] -> float_type, {1024}, {1}, target_id=0
@175 = hip::hip_copy_literal[id=main:@literal:39] -> float_type, {1024, 256, 1, 1}, {256, 1, 1, 1}, target_id=0
@176 = hip::hip_copy_literal[id=main:@literal:40] -> float_type, {256}, {1}, target_id=0
@177 = hip::hip_copy_literal[id=main:@literal:41] -> float_type, {256, 256, 3, 3}, {2304, 9, 3, 1}, target_id=0
@178 = hip::hip_copy_literal[id=main:@literal:42] -> float_type, {256}, {1}, target_id=0
@179 = hip::hip_copy_literal[id=main:@literal:43] -> float_type, {256, 1024, 1, 1}, {1024, 1, 1, 1}, target_id=0
@180 = broadcast[axis=1,out_lens={64, 256, 14, 14}](@178) -> float_type, {64, 256, 14, 14}, {0, 1, 0, 0}, target_id=0
@181 = load[offset=25690112,end=38535168](@1) -> float_type, {64, 256, 14, 14}, {50176, 196, 14, 1}, target_id=0
@182 = gpu::code_object[code_object=5808,symbol_name=mlir_convolution_add_relu,global=200704,local=256,](@180,@173,@179,@181) -> float_type, {64, 256, 14, 14}, {50176, 196, 14, 1}, target_id=0
@183 = broadcast[axis=1,out_lens={64, 256, 14, 14}](@176) -> float_type, {64, 256, 14, 14}, {0, 1, 0, 0}, target_id=0
@184 = load[offset=12845056,end=25690112](@1) -> float_type, {64, 256, 14, 14}, {50176, 196, 14, 1}, target_id=0
@185 = gpu::miopen_fusion[ops={{op=convolution[padding={1, 1, 1, 1},stride={1, 1},dilation={1, 1},group=1,padding_mode=0],alpha=1,beta=0}, {op=add,alpha=1,beta=0}, {op=relu,alpha=1,beta=0}}](@182,@177,@183,@184) -> float_type, {64, 256, 14, 14}, {50176, 196, 14, 1}, target_id=0
@186 = broadcast[axis=1,out_lens={64, 1024, 14, 14}](@174) -> float_type, {64, 1024, 14, 14}, {0, 1, 0, 0}, target_id=0
@187 = load[offset=38535168,end=89915392](@1) -> float_type, {64, 1024, 14, 14}, {200704, 196, 14, 1}, target_id=0
@188 = gpu::code_object[code_object=6400,symbol_name=mlir_convolution_add_add_relu,global=802816,local=256,](@186,@173,@185,@175,@187) -> float_type, {64, 1024, 14, 14}, {200704, 196, 14, 1}, target_id=0
@189 = hip::hip_copy_literal[id=main:@literal:32] -> float_type, {1024}, {1}, target_id=0
@190 = hip::hip_copy_literal[id=main:@literal:33] -> float_type, {1024, 256, 1, 1}, {256, 1, 1, 1}, target_id=0
@191 = hip::hip_copy_literal[id=main:@literal:34] -> float_type, {256}, {1}, target_id=0
@192 = hip::hip_copy_literal[id=main:@literal:35] -> float_type, {256, 256, 3, 3}, {2304, 9, 3, 1}, target_id=0
@193 = hip::hip_copy_literal[id=main:@literal:36] -> float_type, {256}, {1}, target_id=0
@194 = hip::hip_copy_literal[id=main:@literal:37] -> float_type, {256, 1024, 1, 1}, {1024, 1, 1, 1}, target_id=0
@195 = load[offset=25690112,end=38535168](@1) -> float_type, {64, 256, 14, 14}, {50176, 196, 14, 1}, target_id=0
@196 = broadcast[axis=1,out_lens={64, 256, 14, 14}](@193) -> float_type, {64, 256, 14, 14}, {0, 1, 0, 0}, target_id=0
@197 = gpu::code_object[code_object=5808,symbol_name=mlir_convolution_add_relu,global=200704,local=256,](@196,@188,@194,@195) -> float_type, {64, 256, 14, 14}, {50176, 196, 14, 1}, target_id=0
@198 = broadcast[axis=1,out_lens={64, 256, 14, 14}](@191) -> float_type, {64, 256, 14, 14}, {0, 1, 0, 0}, target_id=0
@199 = load[offset=12845056,end=25690112](@1) -> float_type, {64, 256, 14, 14}, {50176, 196, 14, 1}, target_id=0
@200 = gpu::miopen_fusion[ops={{op=convolution[padding={1, 1, 1, 1},stride={1, 1},dilation={1, 1},group=1,padding_mode=0],alpha=1,beta=0}, {op=add,alpha=1,beta=0}, {op=relu,alpha=1,beta=0}}](@197,@192,@198,@199) -> float_type, {64, 256, 14, 14}, {50176, 196, 14, 1}, target_id=0
@201 = broadcast[axis=1,out_lens={64, 1024, 14, 14}](@189) -> float_type, {64, 1024, 14, 14}, {0, 1, 0, 0}, target_id=0
@202 = load[offset=199098368,end=250478592](@1) -> float_type, {64, 1024, 14, 14}, {200704, 196, 14, 1}, target_id=0
@203 = gpu::code_object[code_object=6400,symbol_name=mlir_convolution_add_add_relu,global=802816,local=256,](@201,@188,@200,@190,@202) -> float_type, {64, 1024, 14, 14}, {200704, 196, 14, 1}, target_id=0
@204 = hip::hip_copy_literal[id=main:@literal:26] -> float_type, {1024}, {1}, target_id=0
@205 = hip::hip_copy_literal[id=main:@literal:27] -> float_type, {1024, 256, 1, 1}, {256, 1, 1, 1}, target_id=0
@206 = hip::hip_copy_literal[id=main:@literal:28] -> float_type, {256}, {1}, target_id=0
@207 = hip::hip_copy_literal[id=main:@literal:29] -> float_type, {256, 256, 3, 3}, {2304, 9, 3, 1}, target_id=0
@208 = hip::hip_copy_literal[id=main:@literal:30] -> float_type, {256}, {1}, target_id=0
@209 = hip::hip_copy_literal[id=main:@literal:31] -> float_type, {256, 1024, 1, 1}, {1024, 1, 1, 1}, target_id=0
@210 = broadcast[axis=1,out_lens={64, 256, 14, 14}](@208) -> float_type, {64, 256, 14, 14}, {0, 1, 0, 0}, target_id=0
@211 = load[offset=12845056,end=25690112](@1) -> float_type, {64, 256, 14, 14}, {50176, 196, 14, 1}, target_id=0
@212 = gpu::code_object[code_object=5808,symbol_name=mlir_convolution_add_relu,global=200704,local=256,](@210,@203,@209,@211) -> float_type, {64, 256, 14, 14}, {50176, 196, 14, 1}, target_id=0
@213 = broadcast[axis=1,out_lens={64, 256, 14, 14}](@206) -> float_type, {64, 256, 14, 14}, {0, 1, 0, 0}, target_id=0
@214 = load[offset=0,end=12845056](@1) -> float_type, {64, 256, 14, 14}, {50176, 196, 14, 1}, target_id=0
@215 = gpu::miopen_fusion[ops={{op=convolution[padding={1, 1, 1, 1},stride={1, 1},dilation={1, 1},group=1,padding_mode=0],alpha=1,beta=0}, {op=add,alpha=1,beta=0}, {op=relu,alpha=1,beta=0}}](@212,@207,@213,@214) -> float_type, {64, 256, 14, 14}, {50176, 196, 14, 1}, target_id=0
@216 = broadcast[axis=1,out_lens={64, 1024, 14, 14}](@204) -> float_type, {64, 1024, 14, 14}, {0, 1, 0, 0}, target_id=0
@217 = load[offset=147718144,end=199098368](@1) -> float_type, {64, 1024, 14, 14}, {200704, 196, 14, 1}, target_id=0
@218 = gpu::code_object[code_object=6400,symbol_name=mlir_convolution_add_add_relu,global=802816,local=256,](@216,@203,@215,@205,@217) -> float_type, {64, 1024, 14, 14}, {200704, 196, 14, 1}, target_id=0
@219 = hip::hip_copy_literal[id=main:@literal:23] -> float_type, {512, 512, 3, 3}, {4608, 9, 3, 1}, target_id=0
@220 = hip::hip_copy_literal[id=main:@literal:24] -> float_type, {512}, {1}, target_id=0
@221 = hip::hip_copy_literal[id=main:@literal:25] -> float_type, {512, 1024, 1, 1}, {1024, 1, 1, 1}, target_id=0
@222 = broadcast[axis=1,out_lens={64, 512, 14, 14}](@220) -> float_type, {64, 512, 14, 14}, {0, 1, 0, 0}, target_id=0
@223 = load[offset=0,end=25690112](@1) -> float_type, {64, 512, 14, 14}, {100352, 196, 14, 1}, target_id=0
@224 = gpu::code_object[code_object=6424,symbol_name=mlir_convolution_add_relu,global=200704,local=256,](@222,@218,@221,@223) -> float_type, {64, 512, 14, 14}, {100352, 196, 14, 1}, target_id=0
@225 = load[offset=73662464,end=115212288](@1) -> int8_type, {41549824}, {1}, target_id=0
@226 = load[offset=67239936,end=73662464](@1) -> float_type, {64, 512, 7, 7}, {25088, 49, 7, 1}, target_id=0
@227 = gpu::convolution[op={padding={1, 1, 1, 1},stride={2, 2},dilation={1, 1},group=1,padding_mode=0},solution_object={binary_object: 557},algo=0,solution_id=0](@224,@219,@225,@226) -> float_type, {64, 512, 7, 7}, {25088, 49, 7, 1}, target_id=0
@228 = hip::hip_copy_literal[id=main:@literal:9] -> float_type, {2048}, {1}, target_id=0
@229 = hip::hip_copy_literal[id=main:@literal:5] -> float_type, {2048, 1536, 1, 1}, {1536, 1, 1, 1}, target_id=0
@230 = hip::hip_copy_literal[id=main:@literal:22] -> float_type, {512}, {1}, target_id=0
@231 = broadcast[axis=1,out_lens={64, 512, 7, 7}](@230) -> float_type, {64, 512, 7, 7}, {0, 1, 0, 0}, target_id=0
@232 = load[offset=25690112,end=32112640](@1) -> float_type, {64, 512, 7, 7}, {25088, 49, 7, 1}, target_id=0
@233 = gpu::code_object[code_object=3824,symbol_name=add_relu_kernel,global=1605632,local=1024,](@227,@231,@232) -> float_type, {64, 512, 7, 7}, {25088, 49, 7, 1}, target_id=0
@234 = load[offset=6422528,end=25690112](@1) -> float_type, {64, 1536, 7, 7}, {75264, 49, 7, 1}, target_id=0
@235 = step[axes={2, 3},steps={2, 2}](@218) -> float_type, {64, 1024, 7, 7}, {200704, 196, 28, 2}, target_id=0
@236 = gpu::code_object[code_object=4352,symbol_name=concat_kernel,global=2408448,local=1024,](@233,@235,@234) -> float_type, {64, 1536, 7, 7}, {75264, 49, 7, 1}, target_id=0
@237 = load[offset=57802752,end=83492864](@1) -> float_type, {64, 2048, 7, 7}, {100352, 49, 7, 1}, target_id=0
@238 = broadcast[axis=1,out_lens={64, 2048, 7, 7}](@228) -> float_type, {64, 2048, 7, 7}, {0, 1, 0, 0}, target_id=0
@239 = gpu::code_object[code_object=7080,symbol_name=mlir_convolution_add_relu,global=204800,local=256,](@238,@236,@229,@237) -> float_type, {64, 2048, 7, 7}, {100352, 49, 7, 1}, target_id=0
@240 = hip::hip_copy_literal[id=main:@literal:16] -> float_type, {2048}, {1}, target_id=0
@241 = hip::hip_copy_literal[id=main:@literal:17] -> float_type, {2048, 512, 1, 1}, {512, 1, 1, 1}, target_id=0
@242 = hip::hip_copy_literal[id=main:@literal:18] -> float_type, {512}, {1}, target_id=0
@243 = hip::hip_copy_literal[id=main:@literal:19] -> float_type, {512, 512, 3, 3}, {4608, 9, 3, 1}, target_id=0
@244 = hip::hip_copy_literal[id=main:@literal:20] -> float_type, {512}, {1}, target_id=0
@245 = hip::hip_copy_literal[id=main:@literal:21] -> float_type, {512, 2048, 1, 1}, {2048, 1, 1, 1}, target_id=0
@246 = load[offset=6422528,end=12845056](@1) -> float_type, {64, 512, 7, 7}, {25088, 49, 7, 1}, target_id=0
@247 = broadcast[axis=1,out_lens={64, 512, 7, 7}](@244) -> float_type, {64, 512, 7, 7}, {0, 1, 0, 0}, target_id=0
@248 = gpu::code_object[code_object=6472,symbol_name=mlir_convolution_add_relu,global=51200,local=256,](@247,@239,@245,@246) -> float_type, {64, 512, 7, 7}, {25088, 49, 7, 1}, target_id=0
@249 = load[offset=0,end=6422528](@1) -> float_type, {64, 512, 7, 7}, {25088, 49, 7, 1}, target_id=0
@250 = broadcast[axis=1,out_lens={64, 512, 7, 7}](@242) -> float_type, {64, 512, 7, 7}, {0, 1, 0, 0}, target_id=0
@251 = gpu::miopen_fusion[ops={{op=convolution[padding={1, 1, 1, 1},stride={1, 1},dilation={1, 1},group=1,padding_mode=0],alpha=1,beta=0}, {op=add,alpha=1,beta=0}, {op=relu,alpha=1,beta=0}}](@248,@243,@250,@249) -> float_type, {64, 512, 7, 7}, {25088, 49, 7, 1}, target_id=0
@252 = broadcast[axis=1,out_lens={64, 2048, 7, 7}](@240) -> float_type, {64, 2048, 7, 7}, {0, 1, 0, 0}, target_id=0
@253 = load[offset=32112640,end=57802752](@1) -> float_type, {64, 2048, 7, 7}, {100352, 49, 7, 1}, target_id=0
@254 = gpu::code_object[code_object=7488,symbol_name=mlir_convolution_add_add_relu,global=204800,local=256,](@252,@239,@251,@241,@253) -> float_type, {64, 2048, 7, 7}, {100352, 49, 7, 1}, target_id=0
@255 = hip::hip_copy_literal[id=main:@literal:0] -> float_type, {64, 1000}, {1000, 1}, target_id=0
@256 = hip::hip_copy_literal[id=main:@literal:10] -> float_type, {2048}, {1}, target_id=0
@257 = hip::hip_copy_literal[id=main:@literal:11] -> float_type, {2048, 512, 1, 1}, {512, 1, 1, 1}, target_id=0
@258 = hip::hip_copy_literal[id=main:@literal:12] -> float_type, {512}, {1}, target_id=0
@259 = hip::hip_copy_literal[id=main:@literal:13] -> float_type, {512, 512, 3, 3}, {4608, 9, 3, 1}, target_id=0
@260 = hip::hip_copy_literal[id=main:@literal:14] -> float_type, {512}, {1}, target_id=0
@261 = hip::hip_copy_literal[id=main:@literal:15] -> float_type, {512, 2048, 1, 1}, {2048, 1, 1, 1}, target_id=0
@262 = hip::hip_copy_literal[id=main:@literal:1] -> float_type, {2048, 1000}, {1000, 1}, target_id=0
@263 = broadcast[axis=1,out_lens={64, 512, 7, 7}](@260) -> float_type, {64, 512, 7, 7}, {0, 1, 0, 0}, target_id=0
@264 = load[offset=6422528,end=12845056](@1) -> float_type, {64, 512, 7, 7}, {25088, 49, 7, 1}, target_id=0
@265 = gpu::code_object[code_object=6472,symbol_name=mlir_convolution_add_relu,global=51200,local=256,](@263,@254,@261,@264) -> float_type, {64, 512, 7, 7}, {25088, 49, 7, 1}, target_id=0
@266 = broadcast[axis=1,out_lens={64, 512, 7, 7}](@258) -> float_type, {64, 512, 7, 7}, {0, 1, 0, 0}, target_id=0
@267 = load[offset=0,end=6422528](@1) -> float_type, {64, 512, 7, 7}, {25088, 49, 7, 1}, target_id=0
@268 = gpu::miopen_fusion[ops={{op=convolution[padding={1, 1, 1, 1},stride={1, 1},dilation={1, 1},group=1,padding_mode=0],alpha=1,beta=0}, {op=add,alpha=1,beta=0}, {op=relu,alpha=1,beta=0}}](@265,@259,@266,@267) -> float_type, {64, 512, 7, 7}, {25088, 49, 7, 1}, target_id=0
@269 = load[offset=57802752,end=83492864](@1) -> float_type, {64, 2048, 7, 7}, {100352, 49, 7, 1}, target_id=0
@270 = gpu::code_object[code_object=5928,symbol_name=mlir_convolution,global=204800,local=256,](@268,@257,@269) -> float_type, {64, 2048, 7, 7}, {100352, 49, 7, 1}, target_id=0
@271 = broadcast[axis=1,out_lens={64, 2048, 7, 7}](@256) -> float_type, {64, 2048, 7, 7}, {0, 1, 0, 0}, target_id=0
@272 = load[offset=0,end=524288](@1) -> float_type, {64, 2048, 1, 1}, {2048, 1, 1, 1}, target_id=0
@273 = gpu::code_object[code_object=4048,symbol_name=add_add_relu_reduce_mean_kernel,global=8388608,local=64,](@270,@271,@254,@272) -> float_type, {64, 2048, 1, 1}, {2048, 1, 1, 1}, target_id=0
main:#output_0 = @param:main:#output_0 -> float_type, {64, 1000}, {1000, 1}, target_id=0
@275 = flatten[axis=1](@273) -> float_type, {64, 2048}, {2048, 1}, target_id=0
@276 = gpu::gemm[alpha=1,beta=1,compute_fp32=1,trans_batch=0,solution_idx=0](@275,@262,@255,main:#output_0) -> float_type, {64, 1000}, {1000, 1}, target_id=0
@277 = @return(@276), target_id=0


Allocating params ... 
Running performance report ... 
@0 = check_context::migraphx::gpu::context -> float_type, {}, {}, target_id=0: 0.0009788ms, 1%
@1 = hip::hip_allocate_memory[shape=int8_type, {616562688}, {1},id=main:scratch] -> int8_type, {616562688}, {1}, target_id=0: 0.00096402ms, 1%
@2 = hip::hip_copy_literal[id=main:@literal:98] -> float_type, {64}, {1}, target_id=0: 0.00081116ms, 1%
@3 = hip::hip_copy_literal[id=main:@literal:99] -> float_type, {64, 3, 7, 7}, {147, 49, 7, 1}, target_id=0: 0.0006177ms, 1%
@4 = load[offset=205520896,end=411041792](@1) -> float_type, {64, 64, 112, 112}, {802816, 12544, 112, 1}, target_id=0: 0.00088032ms, 1%
@5 = broadcast[axis=1,out_lens={64, 64, 112, 112}](@2) -> float_type, {64, 64, 112, 112}, {0, 1, 0, 0}, target_id=0: 0.0009707ms, 1%
input.1 = @param:input.1 -> float_type, {64, 3, 224, 224}, {150528, 50176, 224, 1}, target_id=0: 0.00059336ms, 1%
@7 = gpu::code_object[code_object=7640,symbol_name=mlir_convolution_add_relu,global=1605632,local=256,](@5,input.1,@3,@4) -> float_type, {64, 64, 112, 112}, {802816, 12544, 112, 1}, target_id=0: 0.70654ms, 4%
@8 = load[offset=154140672,end=205520896](@1) -> float_type, {64, 64, 56, 56}, {200704, 3136, 56, 1}, target_id=0: 0.0008104ms, 1%
@9 = gpu::pooling[mode=max,padding={1, 1, 1, 1},padding_mode=0,stride={2, 2},lengths={3, 3},dilations={1, 1},ceil_mode=0,lp_order=2,dyn_global=0](@7,@8) -> float_type, {64, 64, 56, 56}, {200704, 3136, 56, 1}, target_id=0: 0.389976ms, 2%
@10 = hip::hip_copy_literal[id=main:@literal:96] -> float_type, {64}, {1}, target_id=0: 0.00089402ms, 1%
@11 = hip::hip_copy_literal[id=main:@literal:97] -> float_type, {64, 64, 1, 1}, {64, 1, 1, 1}, target_id=0: 0.0007382ms, 1%
@12 = broadcast[axis=1,out_lens={64, 64, 56, 56}](@10) -> float_type, {64, 64, 56, 56}, {0, 1, 0, 0}, target_id=0: 0.00103888ms, 1%
@13 = load[offset=51380224,end=102760448](@1) -> float_type, {64, 64, 56, 56}, {200704, 3136, 56, 1}, target_id=0: 0.00071294ms, 1%
@14 = gpu::code_object[code_object=5992,symbol_name=mlir_convolution_add_relu,global=1605632,local=256,](@12,@9,@11,@13) -> float_type, {64, 64, 56, 56}, {200704, 3136, 56, 1}, target_id=0: 0.128232ms, 1%
@15 = hip::hip_copy_literal[id=main:@literal:94] -> float_type, {64}, {1}, target_id=0: 0.0007966ms, 1%
@16 = hip::hip_copy_literal[id=main:@literal:95] -> float_type, {64, 64, 3, 3}, {576, 9, 3, 1}, target_id=0: 0.00063292ms, 1%
@17 = load[offset=0,end=51380224](@1) -> float_type, {64, 64, 56, 56}, {200704, 3136, 56, 1}, target_id=0: 0.00067724ms, 1%
@18 = broadcast[axis=1,out_lens={64, 64, 56, 56}](@15) -> float_type, {64, 64, 56, 56}, {0, 1, 0, 0}, target_id=0: 0.00089688ms, 1%
@19 = gpu::miopen_fusion[ops={{op=convolution[padding={1, 1, 1, 1},stride={1, 1},dilation={1, 1},group=1,padding_mode=0],alpha=1,beta=0}, {op=add,alpha=1,beta=0}, {op=relu,alpha=1,beta=0}}](@14,@16,@18,@17) -> float_type, {64, 64, 56, 56}, {200704, 3136, 56, 1}, target_id=0: 0.525458ms, 3%
@20 = load[offset=205520896,end=308281344](@1) -> float_type, {64, 128, 56, 56}, {401408, 3136, 56, 1}, target_id=0: 0.00083946ms, 1%
@21 = gpu::code_object[code_object=3984,symbol_name=concat_kernel,global=3211264,local=1024,](@19,@9,@20) -> float_type, {64, 128, 56, 56}, {401408, 3136, 56, 1}, target_id=0: 0.228141ms, 1%
@22 = hip::hip_copy_literal[id=main:@literal:4] -> float_type, {256, 128, 1, 1}, {128, 1, 1, 1}, target_id=0: 0.00087656ms, 1%
@23 = hip::hip_copy_literal[id=main:@literal:2] -> float_type, {256}, {1}, target_id=0: 0.0005442ms, 1%
@24 = load[offset=411041792,end=616562688](@1) -> float_type, {64, 256, 56, 56}, {802816, 3136, 56, 1}, target_id=0: 0.00082422ms, 1%
@25 = broadcast[axis=1,out_lens={64, 256, 56, 56}](@23) -> float_type, {64, 256, 56, 56}, {0, 1, 0, 0}, target_id=0: 0.00080328ms, 1%
@26 = gpu::code_object[code_object=5008,symbol_name=mlir_convolution_add_relu,global=3211264,local=256,](@25,@21,@22,@24) -> float_type, {64, 256, 56, 56}, {802816, 3136, 56, 1}, target_id=0: 0.516675ms, 3%
@27 = hip::hip_copy_literal[id=main:@literal:92] -> float_type, {64}, {1}, target_id=0: 0.00079654ms, 1%
@28 = hip::hip_copy_literal[id=main:@literal:93] -> float_type, {64, 256, 1, 1}, {256, 1, 1, 1}, target_id=0: 0.00057884ms, 1%
@29 = load[offset=51380224,end=102760448](@1) -> float_type, {64, 64, 56, 56}, {200704, 3136, 56, 1}, target_id=0: 0.00069548ms, 1%
@30 = broadcast[axis=1,out_lens={64, 64, 56, 56}](@27) -> float_type, {64, 64, 56, 56}, {0, 1, 0, 0}, target_id=0: 0.00090024ms, 1%
@31 = gpu::code_object[code_object=8088,symbol_name=mlir_convolution_add_relu,global=200704,local=256,](@30,@26,@28,@29) -> float_type, {64, 64, 56, 56}, {200704, 3136, 56, 1}, target_id=0: 0.301904ms, 2%
@32 = hip::hip_copy_literal[id=main:@literal:90] -> float_type, {64}, {1}, target_id=0: 0.00075784ms, 1%
@33 = hip::hip_copy_literal[id=main:@literal:91] -> float_type, {64, 64, 3, 3}, {576, 9, 3, 1}, target_id=0: 0.00060204ms, 1%
@34 = load[offset=0,end=51380224](@1) -> float_type, {64, 64, 56, 56}, {200704, 3136, 56, 1}, target_id=0: 0.00068666ms, 1%
@35 = broadcast[axis=1,out_lens={64, 64, 56, 56}](@32) -> float_type, {64, 64, 56, 56}, {0, 1, 0, 0}, target_id=0: 0.00086894ms, 1%
@36 = gpu::miopen_fusion[ops={{op=convolution[padding={1, 1, 1, 1},stride={1, 1},dilation={1, 1},group=1,padding_mode=0],alpha=1,beta=0}, {op=add,alpha=1,beta=0}, {op=relu,alpha=1,beta=0}}](@31,@33,@35,@34) -> float_type, {64, 64, 56, 56}, {200704, 3136, 56, 1}, target_id=0: 0.51592ms, 3%
@37 = hip::hip_copy_literal[id=main:@literal:88] -> float_type, {256}, {1}, target_id=0: 0.00084544ms, 1%
@38 = hip::hip_copy_literal[id=main:@literal:89] -> float_type, {256, 64, 1, 1}, {64, 1, 1, 1}, target_id=0: 0.00057648ms, 1%
@39 = load[offset=205520896,end=411041792](@1) -> float_type, {64, 256, 56, 56}, {802816, 3136, 56, 1}, target_id=0: 0.0006958ms, 1%
@40 = broadcast[axis=1,out_lens={64, 256, 56, 56}](@37) -> float_type, {64, 256, 56, 56}, {0, 1, 0, 0}, target_id=0: 0.00090286ms, 1%
@41 = gpu::code_object[code_object=6216,symbol_name=mlir_convolution_add_add_relu,global=6422528,local=256,](@40,@26,@36,@38,@39) -> float_type, {64, 256, 56, 56}, {802816, 3136, 56, 1}, target_id=0: 0.522543ms, 3%
@42 = hip::hip_copy_literal[id=main:@literal:86] -> float_type, {64}, {1}, target_id=0: 0.00075796ms, 1%
@43 = hip::hip_copy_literal[id=main:@literal:87] -> float_type, {64, 256, 1, 1}, {256, 1, 1, 1}, target_id=0: 0.00056614ms, 1%
@44 = load[offset=0,end=51380224](@1) -> float_type, {64, 64, 56, 56}, {200704, 3136, 56, 1}, target_id=0: 0.00067254ms, 1%
@45 = broadcast[axis=1,out_lens={64, 64, 56, 56}](@42) -> float_type, {64, 64, 56, 56}, {0, 1, 0, 0}, target_id=0: 0.00086086ms, 1%
@46 = gpu::code_object[code_object=8088,symbol_name=mlir_convolution_add_relu,global=200704,local=256,](@45,@41,@43,@44) -> float_type, {64, 64, 56, 56}, {200704, 3136, 56, 1}, target_id=0: 0.304537ms, 2%
@47 = hip::hip_copy_literal[id=main:@literal:84] -> float_type, {64}, {1}, target_id=0: 0.00072766ms, 1%
@48 = hip::hip_copy_literal[id=main:@literal:85] -> float_type, {64, 64, 3, 3}, {576, 9, 3, 1}, target_id=0: 0.0006413ms, 1%
@49 = load[offset=411041792,end=462422016](@1) -> float_type, {64, 64, 56, 56}, {200704, 3136, 56, 1}, target_id=0: 0.00068212ms, 1%
@50 = broadcast[axis=1,out_lens={64, 64, 56, 56}](@47) -> float_type, {64, 64, 56, 56}, {0, 1, 0, 0}, target_id=0: 0.00085234ms, 1%
@51 = gpu::miopen_fusion[ops={{op=convolution[padding={1, 1, 1, 1},stride={1, 1},dilation={1, 1},group=1,padding_mode=0],alpha=1,beta=0}, {op=add,alpha=1,beta=0}, {op=relu,alpha=1,beta=0}}](@46,@48,@50,@49) -> float_type, {64, 64, 56, 56}, {200704, 3136, 56, 1}, target_id=0: 0.532009ms, 3%
@52 = hip::hip_copy_literal[id=main:@literal:82] -> float_type, {256}, {1}, target_id=0: 0.00083662ms, 1%
@53 = hip::hip_copy_literal[id=main:@literal:83] -> float_type, {256, 64, 1, 1}, {64, 1, 1, 1}, target_id=0: 0.00060624ms, 1%
@54 = load[offset=0,end=205520896](@1) -> float_type, {64, 256, 56, 56}, {802816, 3136, 56, 1}, target_id=0: 0.00068788ms, 1%
@55 = broadcast[axis=1,out_lens={64, 256, 56, 56}](@52) -> float_type, {64, 256, 56, 56}, {0, 1, 0, 0}, target_id=0: 0.00088984ms, 1%
@56 = gpu::code_object[code_object=6216,symbol_name=mlir_convolution_add_add_relu,global=6422528,local=256,](@55,@41,@51,@53,@54) -> float_type, {64, 256, 56, 56}, {802816, 3136, 56, 1}, target_id=0: 0.525794ms, 3%
@57 = hip::hip_copy_literal[id=main:@literal:80] -> float_type, {128}, {1}, target_id=0: 0.00074918ms, 1%
@58 = hip::hip_copy_literal[id=main:@literal:81] -> float_type, {128, 256, 1, 1}, {256, 1, 1, 1}, target_id=0: 0.00054718ms, 1%
@59 = load[offset=231211008,end=333971456](@1) -> float_type, {64, 128, 56, 56}, {401408, 3136, 56, 1}, target_id=0: 0.00067998ms, 1%
@60 = broadcast[axis=1,out_lens={64, 128, 56, 56}](@57) -> float_type, {64, 128, 56, 56}, {0, 1, 0, 0}, target_id=0: 0.0008564ms, 1%
@61 = gpu::code_object[code_object=8096,symbol_name=mlir_convolution_add_relu,global=401408,local=256,](@60,@56,@58,@59) -> float_type, {64, 128, 56, 56}, {401408, 3136, 56, 1}, target_id=0: 0.509364ms, 3%
@62 = hip::hip_copy_literal[id=main:@literal:79] -> float_type, {128, 128, 3, 3}, {1152, 9, 3, 1}, target_id=0: 0.00076444ms, 1%
@63 = load[offset=0,end=0](@1) -> int8_type, {0}, {1}, target_id=0: 0.00069974ms, 1%
@64 = load[offset=205520896,end=231211008](@1) -> float_type, {64, 128, 28, 28}, {100352, 784, 28, 1}, target_id=0: 0.00058324ms, 1%
@65 = gpu::convolution[op={padding={1, 1, 1, 1},stride={2, 2},dilation={1, 1},group=1,padding_mode=0},solution_object={binary_object: 458},algo=0,solution_id=0](@61,@62,@63,@64) -> float_type, {64, 128, 28, 28}, {100352, 784, 28, 1}, target_id=0: 0.622949ms, 3%
@66 = hip::hip_copy_literal[id=main:@literal:3] -> float_type, {512}, {1}, target_id=0: 0.0008451ms, 1%
@67 = hip::hip_copy_literal[id=main:@literal:6] -> float_type, {512, 384, 1, 1}, {384, 1, 1, 1}, target_id=0: 0.00059938ms, 1%
@68 = hip::hip_copy_literal[id=main:@literal:78] -> float_type, {128}, {1}, target_id=0: 0.00074516ms, 1%
@69 = load[offset=282591232,end=308281344](@1) -> float_type, {64, 128, 28, 28}, {100352, 784, 28, 1}, target_id=0: 0.00073604ms, 1%
@70 = broadcast[axis=1,out_lens={64, 128, 28, 28}](@68) -> float_type, {64, 128, 28, 28}, {0, 1, 0, 0}, target_id=0: 0.0009829ms, 1%
@71 = gpu::code_object[code_object=3904,symbol_name=add_relu_kernel,global=802816,local=1024,](@65,@70,@69) -> float_type, {64, 128, 28, 28}, {100352, 784, 28, 1}, target_id=0: 0.0737146ms, 1%
@72 = step[axes={2, 3},steps={2, 2}](@56) -> float_type, {64, 256, 28, 28}, {802816, 3136, 112, 2}, target_id=0: 0.00140678ms, 1%
@73 = load[offset=205520896,end=282591232](@1) -> float_type, {64, 384, 28, 28}, {301056, 784, 28, 1}, target_id=0: 0.0006517ms, 1%
@74 = gpu::code_object[code_object=4328,symbol_name=concat_kernel,global=9633792,local=1024,](@71,@72,@73) -> float_type, {64, 384, 28, 28}, {301056, 784, 28, 1}, target_id=0: 0.242877ms, 2%
@75 = load[offset=282591232,end=385351680](@1) -> float_type, {64, 512, 28, 28}, {401408, 784, 28, 1}, target_id=0: 0.00080742ms, 1%
@76 = broadcast[axis=1,out_lens={64, 512, 28, 28}](@66) -> float_type, {64, 512, 28, 28}, {0, 1, 0, 0}, target_id=0: 0.00086658ms, 1%
@77 = gpu::code_object[code_object=5272,symbol_name=mlir_convolution_add_relu,global=1605632,local=256,](@76,@74,@67,@75) -> float_type, {64, 512, 28, 28}, {401408, 784, 28, 1}, target_id=0: 0.713286ms, 4%
@78 = hip::hip_copy_literal[id=main:@literal:76] -> float_type, {128}, {1}, target_id=0: 0.0008148ms, 1%
@79 = hip::hip_copy_literal[id=main:@literal:77] -> float_type, {128, 512, 1, 1}, {512, 1, 1, 1}, target_id=0: 0.0005877ms, 1%
@80 = broadcast[axis=1,out_lens={64, 128, 28, 28}](@78) -> float_type, {64, 128, 28, 28}, {0, 1, 0, 0}, target_id=0: 0.00087388ms, 1%
@81 = load[offset=51380224,end=77070336](@1) -> float_type, {64, 128, 28, 28}, {100352, 784, 28, 1}, target_id=0: 0.00065254ms, 1%
@82 = gpu::code_object[code_object=6384,symbol_name=mlir_convolution_add_relu,global=200704,local=256,](@80,@77,@79,@81) -> float_type, {64, 128, 28, 28}, {100352, 784, 28, 1}, target_id=0: 0.281504ms, 2%
@83 = hip::hip_copy_literal[id=main:@literal:74] -> float_type, {128}, {1}, target_id=0: 0.0008061ms, 1%
@84 = hip::hip_copy_literal[id=main:@literal:75] -> float_type, {128, 128, 3, 3}, {1152, 9, 3, 1}, target_id=0: 0.00059994ms, 1%
@85 = broadcast[axis=1,out_lens={64, 128, 28, 28}](@83) -> float_type, {64, 128, 28, 28}, {0, 1, 0, 0}, target_id=0: 0.0008848ms, 1%
@86 = load[offset=25690112,end=51380224](@1) -> float_type, {64, 128, 28, 28}, {100352, 784, 28, 1}, target_id=0: 0.00064954ms, 1%
@87 = gpu::miopen_fusion[ops={{op=convolution[padding={1, 1, 1, 1},stride={1, 1},dilation={1, 1},group=1,padding_mode=0],alpha=1,beta=0}, {op=add,alpha=1,beta=0}, {op=relu,alpha=1,beta=0}}](@82,@84,@85,@86) -> float_type, {64, 128, 28, 28}, {100352, 784, 28, 1}, target_id=0: 0.527032ms, 3%
@88 = hip::hip_copy_literal[id=main:@literal:72] -> float_type, {512}, {1}, target_id=0: 0.00081768ms, 1%
@89 = hip::hip_copy_literal[id=main:@literal:73] -> float_type, {512, 128, 1, 1}, {128, 1, 1, 1}, target_id=0: 0.00060114ms, 1%
@90 = broadcast[axis=1,out_lens={64, 512, 28, 28}](@88) -> float_type, {64, 512, 28, 28}, {0, 1, 0, 0}, target_id=0: 0.00090024ms, 1%
@91 = load[offset=77070336,end=179830784](@1) -> float_type, {64, 512, 28, 28}, {401408, 784, 28, 1}, target_id=0: 0.00065474ms, 1%
@92 = gpu::code_object[code_object=5536,symbol_name=mlir_convolution_add_add_relu,global=1605632,local=256,](@90,@77,@87,@89,@91) -> float_type, {64, 512, 28, 28}, {401408, 784, 28, 1}, target_id=0: 0.350017ms, 2%
@93 = hip::hip_copy_literal[id=main:@literal:70] -> float_type, {128}, {1}, target_id=0: 0.00073624ms, 1%
@94 = hip::hip_copy_literal[id=main:@literal:71] -> float_type, {128, 512, 1, 1}, {512, 1, 1, 1}, target_id=0: 0.00055818ms, 1%
@95 = broadcast[axis=1,out_lens={64, 128, 28, 28}](@93) -> float_type, {64, 128, 28, 28}, {0, 1, 0, 0}, target_id=0: 0.00084422ms, 1%
@96 = load[offset=51380224,end=77070336](@1) -> float_type, {64, 128, 28, 28}, {100352, 784, 28, 1}, target_id=0: 0.00063472ms, 1%
@97 = gpu::code_object[code_object=6384,symbol_name=mlir_convolution_add_relu,global=200704,local=256,](@95,@92,@94,@96) -> float_type, {64, 128, 28, 28}, {100352, 784, 28, 1}, target_id=0: 0.281498ms, 2%
@98 = hip::hip_copy_literal[id=main:@literal:68] -> float_type, {128}, {1}, target_id=0: 0.00071874ms, 1%
@99 = hip::hip_copy_literal[id=main:@literal:69] -> float_type, {128, 128, 3, 3}, {1152, 9, 3, 1}, target_id=0: 0.00057066ms, 1%
@100 = broadcast[axis=1,out_lens={64, 128, 28, 28}](@98) -> float_type, {64, 128, 28, 28}, {0, 1, 0, 0}, target_id=0: 0.00085364ms, 1%
@101 = load[offset=25690112,end=51380224](@1) -> float_type, {64, 128, 28, 28}, {100352, 784, 28, 1}, target_id=0: 0.00064754ms, 1%
@102 = gpu::miopen_fusion[ops={{op=convolution[padding={1, 1, 1, 1},stride={1, 1},dilation={1, 1},group=1,padding_mode=0],alpha=1,beta=0}, {op=add,alpha=1,beta=0}, {op=relu,alpha=1,beta=0}}](@97,@99,@100,@101) -> float_type, {64, 128, 28, 28}, {100352, 784, 28, 1}, target_id=0: 0.52028ms, 3%
@103 = hip::hip_copy_literal[id=main:@literal:66] -> float_type, {512}, {1}, target_id=0: 0.00081976ms, 1%
@104 = hip::hip_copy_literal[id=main:@literal:67] -> float_type, {512, 128, 1, 1}, {128, 1, 1, 1}, target_id=0: 0.00058954ms, 1%
@105 = broadcast[axis=1,out_lens={64, 512, 28, 28}](@103) -> float_type, {64, 512, 28, 28}, {0, 1, 0, 0}, target_id=0: 0.0008966ms, 1%
@106 = load[offset=246415360,end=349175808](@1) -> float_type, {64, 512, 28, 28}, {401408, 784, 28, 1}, target_id=0: 0.00064708ms, 1%
@107 = gpu::code_object[code_object=5536,symbol_name=mlir_convolution_add_add_relu,global=1605632,local=256,](@105,@92,@102,@104,@106) -> float_type, {64, 512, 28, 28}, {401408, 784, 28, 1}, target_id=0: 0.34979ms, 2%
@108 = hip::hip_copy_literal[id=main:@literal:62] -> float_type, {128}, {1}, target_id=0: 0.00073364ms, 1%
@109 = hip::hip_copy_literal[id=main:@literal:63] -> float_type, {128, 128, 3, 3}, {1152, 9, 3, 1}, target_id=0: 0.00064134ms, 1%
@110 = hip::hip_copy_literal[id=main:@literal:64] -> float_type, {128}, {1}, target_id=0: 0.000627ms, 1%
@111 = hip::hip_copy_literal[id=main:@literal:65] -> float_type, {128, 512, 1, 1}, {512, 1, 1, 1}, target_id=0: 0.00058344ms, 1%
@112 = broadcast[axis=1,out_lens={64, 128, 28, 28}](@110) -> float_type, {64, 128, 28, 28}, {0, 1, 0, 0}, target_id=0: 0.0009088ms, 1%
@113 = load[offset=25690112,end=51380224](@1) -> float_type, {64, 128, 28, 28}, {100352, 784, 28, 1}, target_id=0: 0.00063394ms, 1%
@114 = gpu::code_object[code_object=6384,symbol_name=mlir_convolution_add_relu,global=200704,local=256,](@112,@107,@111,@113) -> float_type, {64, 128, 28, 28}, {100352, 784, 28, 1}, target_id=0: 0.284925ms, 2%
@115 = broadcast[axis=1,out_lens={64, 128, 28, 28}](@108) -> float_type, {64, 128, 28, 28}, {0, 1, 0, 0}, target_id=0: 0.00096796ms, 1%
@116 = load[offset=0,end=25690112](@1) -> float_type, {64, 128, 28, 28}, {100352, 784, 28, 1}, target_id=0: 0.00065656ms, 1%
@117 = gpu::miopen_fusion[ops={{op=convolution[padding={1, 1, 1, 1},stride={1, 1},dilation={1, 1},group=1,padding_mode=0],alpha=1,beta=0}, {op=add,alpha=1,beta=0}, {op=relu,alpha=1,beta=0}}](@114,@109,@115,@116) -> float_type, {64, 128, 28, 28}, {100352, 784, 28, 1}, target_id=0: 0.520949ms, 3%
@118 = hip::hip_copy_literal[id=main:@literal:60] -> float_type, {512}, {1}, target_id=0: 0.00082234ms, 1%
@119 = hip::hip_copy_literal[id=main:@literal:61] -> float_type, {512, 128, 1, 1}, {128, 1, 1, 1}, target_id=0: 0.00056448ms, 1%
@120 = broadcast[axis=1,out_lens={64, 512, 28, 28}](@118) -> float_type, {64, 512, 28, 28}, {0, 1, 0, 0}, target_id=0: 0.00089926ms, 1%
@121 = load[offset=143654912,end=246415360](@1) -> float_type, {64, 512, 28, 28}, {401408, 784, 28, 1}, target_id=0: 0.00065094ms, 1%
@122 = gpu::code_object[code_object=5536,symbol_name=mlir_convolution_add_add_relu,global=1605632,local=256,](@120,@107,@117,@119,@121) -> float_type, {64, 512, 28, 28}, {401408, 784, 28, 1}, target_id=0: 0.349518ms, 2%
@123 = hip::hip_copy_literal[id=main:@literal:58] -> float_type, {256}, {1}, target_id=0: 0.00077478ms, 1%
@124 = hip::hip_copy_literal[id=main:@literal:59] -> float_type, {256, 512, 1, 1}, {512, 1, 1, 1}, target_id=0: 0.00055688ms, 1%
@125 = broadcast[axis=1,out_lens={64, 256, 28, 28}](@123) -> float_type, {64, 256, 28, 28}, {0, 1, 0, 0}, target_id=0: 0.00086204ms, 1%
@126 = load[offset=0,end=51380224](@1) -> float_type, {64, 256, 28, 28}, {200704, 784, 28, 1}, target_id=0: 0.00062512ms, 1%
@127 = gpu::code_object[code_object=8024,symbol_name=mlir_convolution_add_relu,global=200704,local=256,](@125,@122,@124,@126) -> float_type, {64, 256, 28, 28}, {200704, 784, 28, 1}, target_id=0: 0.48727ms, 3%
@128 = hip::hip_copy_literal[id=main:@literal:57] -> float_type, {256, 256, 3, 3}, {2304, 9, 3, 1}, target_id=0: 0.00071058ms, 1%
@129 = load[offset=246415360,end=312999936](@1) -> int8_type, {66584576}, {1}, target_id=0: 0.00069252ms, 1%
@130 = load[offset=117964800,end=130809856](@1) -> float_type, {64, 256, 14, 14}, {50176, 196, 14, 1}, target_id=0: 0.00060652ms, 1%
@131 = gpu::convolution[op={padding={1, 1, 1, 1},stride={2, 2},dilation={1, 1},group=1,padding_mode=0},solution_object={binary_object: 559},algo=0,solution_id=0](@127,@128,@129,@130) -> float_type, {64, 256, 14, 14}, {50176, 196, 14, 1}, target_id=0: 0.660005ms, 3%
@132 = hip::hip_copy_literal[id=main:@literal:8] -> float_type, {1024, 768, 1, 1}, {768, 1, 1, 1}, target_id=0: 0.0008288ms, 1%
@133 = hip::hip_copy_literal[id=main:@literal:56] -> float_type, {256}, {1}, target_id=0: 0.00058836ms, 1%
@134 = load[offset=0,end=12845056](@1) -> float_type, {64, 256, 14, 14}, {50176, 196, 14, 1}, target_id=0: 0.00074046ms, 1%
@135 = broadcast[axis=1,out_lens={64, 256, 14, 14}](@133) -> float_type, {64, 256, 14, 14}, {0, 1, 0, 0}, target_id=0: 0.0009946ms, 1%
@136 = gpu::code_object[code_object=3848,symbol_name=add_relu_kernel,global=802816,local=1024,](@131,@135,@134) -> float_type, {64, 256, 14, 14}, {50176, 196, 14, 1}, target_id=0: 0.0447603ms, 1%
@137 = hip::hip_copy_literal[id=main:@literal:7] -> float_type, {1024}, {1}, target_id=0: 0.00067546ms, 1%
@138 = hip::hip_copy_literal[id=main:@literal:50] -> float_type, {1024}, {1}, target_id=0: 0.00061026ms, 1%
@139 = hip::hip_copy_literal[id=main:@literal:51] -> float_type, {1024, 256, 1, 1}, {256, 1, 1, 1}, target_id=0: 0.00072738ms, 1%
@140 = hip::hip_copy_literal[id=main:@literal:52] -> float_type, {256}, {1}, target_id=0: 0.00067022ms, 1%
@141 = hip::hip_copy_literal[id=main:@literal:53] -> float_type, {256, 256, 3, 3}, {2304, 9, 3, 1}, target_id=0: 0.00069106ms, 1%
@142 = hip::hip_copy_literal[id=main:@literal:54] -> float_type, {256}, {1}, target_id=0: 0.0005934ms, 1%
@143 = hip::hip_copy_literal[id=main:@literal:55] -> float_type, {256, 1024, 1, 1}, {1024, 1, 1, 1}, target_id=0: 0.00065338ms, 1%
@144 = step[axes={2, 3},steps={2, 2}](@122) -> float_type, {64, 512, 14, 14}, {401408, 784, 56, 2}, target_id=0: 0.00117802ms, 1%
@145 = load[offset=64225280,end=102760448](@1) -> float_type, {64, 768, 14, 14}, {150528, 196, 14, 1}, target_id=0: 0.0006512ms, 1%
@146 = gpu::code_object[code_object=4352,symbol_name=concat_kernel,global=4816896,local=1024,](@136,@144,@145) -> float_type, {64, 768, 14, 14}, {150528, 196, 14, 1}, target_id=0: 0.144332ms, 1%
@147 = load[offset=12845056,end=64225280](@1) -> float_type, {64, 1024, 14, 14}, {200704, 196, 14, 1}, target_id=0: 0.00082386ms, 1%
@148 = broadcast[axis=1,out_lens={64, 1024, 14, 14}](@137) -> float_type, {64, 1024, 14, 14}, {0, 1, 0, 0}, target_id=0: 0.00095056ms, 1%
@149 = gpu::code_object[code_object=8632,symbol_name=mlir_convolution_add_relu,global=200704,local=256,](@148,@146,@132,@147) -> float_type, {64, 1024, 14, 14}, {200704, 196, 14, 1}, target_id=0: 0.75135ms, 4%
@150 = broadcast[axis=1,out_lens={64, 256, 14, 14}](@142) -> float_type, {64, 256, 14, 14}, {0, 1, 0, 0}, target_id=0: 0.00102242ms, 1%
@151 = load[offset=77070336,end=89915392](@1) -> float_type, {64, 256, 14, 14}, {50176, 196, 14, 1}, target_id=0: 0.00065318ms, 1%
@152 = gpu::code_object[code_object=5808,symbol_name=mlir_convolution_add_relu,global=200704,local=256,](@150,@149,@143,@151) -> float_type, {64, 256, 14, 14}, {50176, 196, 14, 1}, target_id=0: 0.283155ms, 2%
@153 = broadcast[axis=1,out_lens={64, 256, 14, 14}](@140) -> float_type, {64, 256, 14, 14}, {0, 1, 0, 0}, target_id=0: 0.00104822ms, 1%
@154 = load[offset=64225280,end=77070336](@1) -> float_type, {64, 256, 14, 14}, {50176, 196, 14, 1}, target_id=0: 0.0006518ms, 1%
@155 = gpu::miopen_fusion[ops={{op=convolution[padding={1, 1, 1, 1},stride={1, 1},dilation={1, 1},group=1,padding_mode=0],alpha=1,beta=0}, {op=add,alpha=1,beta=0}, {op=relu,alpha=1,beta=0}}](@152,@141,@153,@154) -> float_type, {64, 256, 14, 14}, {50176, 196, 14, 1}, target_id=0: 0.498832ms, 3%
@156 = broadcast[axis=1,out_lens={64, 1024, 14, 14}](@138) -> float_type, {64, 1024, 14, 14}, {0, 1, 0, 0}, target_id=0: 0.00105442ms, 1%
@157 = load[offset=141295616,end=192675840](@1) -> float_type, {64, 1024, 14, 14}, {200704, 196, 14, 1}, target_id=0: 0.0006637ms, 1%
@158 = gpu::code_object[code_object=6400,symbol_name=mlir_convolution_add_add_relu,global=802816,local=256,](@156,@149,@155,@139,@157) -> float_type, {64, 1024, 14, 14}, {200704, 196, 14, 1}, target_id=0: 0.316365ms, 2%
@159 = hip::hip_copy_literal[id=main:@literal:44] -> float_type, {1024}, {1}, target_id=0: 0.00084936ms, 1%
@160 = hip::hip_copy_literal[id=main:@literal:45] -> float_type, {1024, 256, 1, 1}, {256, 1, 1, 1}, target_id=0: 0.00059936ms, 1%
@161 = hip::hip_copy_literal[id=main:@literal:46] -> float_type, {256}, {1}, target_id=0: 0.0006581ms, 1%
@162 = hip::hip_copy_literal[id=main:@literal:47] -> float_type, {256, 256, 3, 3}, {2304, 9, 3, 1}, target_id=0: 0.000546ms, 1%
@163 = hip::hip_copy_literal[id=main:@literal:48] -> float_type, {256}, {1}, target_id=0: 0.00063394ms, 1%
@164 = hip::hip_copy_literal[id=main:@literal:49] -> float_type, {256, 1024, 1, 1}, {1024, 1, 1, 1}, target_id=0: 0.00068148ms, 1%
@165 = broadcast[axis=1,out_lens={64, 256, 14, 14}](@163) -> float_type, {64, 256, 14, 14}, {0, 1, 0, 0}, target_id=0: 0.00084014ms, 1%
@166 = load[offset=12845056,end=25690112](@1) -> float_type, {64, 256, 14, 14}, {50176, 196, 14, 1}, target_id=0: 0.00066604ms, 1%
@167 = gpu::code_object[code_object=5808,symbol_name=mlir_convolution_add_relu,global=200704,local=256,](@165,@158,@164,@166) -> float_type, {64, 256, 14, 14}, {50176, 196, 14, 1}, target_id=0: 0.282857ms, 2%
@168 = broadcast[axis=1,out_lens={64, 256, 14, 14}](@161) -> float_type, {64, 256, 14, 14}, {0, 1, 0, 0}, target_id=0: 0.00098336ms, 1%
@169 = load[offset=0,end=12845056](@1) -> float_type, {64, 256, 14, 14}, {50176, 196, 14, 1}, target_id=0: 0.00067264ms, 1%
@170 = gpu::miopen_fusion[ops={{op=convolution[padding={1, 1, 1, 1},stride={1, 1},dilation={1, 1},group=1,padding_mode=0],alpha=1,beta=0}, {op=add,alpha=1,beta=0}, {op=relu,alpha=1,beta=0}}](@167,@162,@168,@169) -> float_type, {64, 256, 14, 14}, {50176, 196, 14, 1}, target_id=0: 0.489957ms, 3%
@171 = broadcast[axis=1,out_lens={64, 1024, 14, 14}](@159) -> float_type, {64, 1024, 14, 14}, {0, 1, 0, 0}, target_id=0: 0.00102606ms, 1%
@172 = load[offset=89915392,end=141295616](@1) -> float_type, {64, 1024, 14, 14}, {200704, 196, 14, 1}, target_id=0: 0.00065892ms, 1%
@173 = gpu::code_object[code_object=6400,symbol_name=mlir_convolution_add_add_relu,global=802816,local=256,](@171,@158,@170,@160,@172) -> float_type, {64, 1024, 14, 14}, {200704, 196, 14, 1}, target_id=0: 0.315799ms, 2%
@174 = hip::hip_copy_literal[id=main:@literal:38] -> float_type, {1024}, {1}, target_id=0: 0.0008098ms, 1%
@175 = hip::hip_copy_literal[id=main:@literal:39] -> float_type, {1024, 256, 1, 1}, {256, 1, 1, 1}, target_id=0: 0.00063912ms, 1%
@176 = hip::hip_copy_literal[id=main:@literal:40] -> float_type, {256}, {1}, target_id=0: 0.00063924ms, 1%
@177 = hip::hip_copy_literal[id=main:@literal:41] -> float_type, {256, 256, 3, 3}, {2304, 9, 3, 1}, target_id=0: 0.00057452ms, 1%
@178 = hip::hip_copy_literal[id=main:@literal:42] -> float_type, {256}, {1}, target_id=0: 0.00065192ms, 1%
@179 = hip::hip_copy_literal[id=main:@literal:43] -> float_type, {256, 1024, 1, 1}, {1024, 1, 1, 1}, target_id=0: 0.00063892ms, 1%
@180 = broadcast[axis=1,out_lens={64, 256, 14, 14}](@178) -> float_type, {64, 256, 14, 14}, {0, 1, 0, 0}, target_id=0: 0.00080834ms, 1%
@181 = load[offset=25690112,end=38535168](@1) -> float_type, {64, 256, 14, 14}, {50176, 196, 14, 1}, target_id=0: 0.0006626ms, 1%
@182 = gpu::code_object[code_object=5808,symbol_name=mlir_convolution_add_relu,global=200704,local=256,](@180,@173,@179,@181) -> float_type, {64, 256, 14, 14}, {50176, 196, 14, 1}, target_id=0: 0.282295ms, 2%
@183 = broadcast[axis=1,out_lens={64, 256, 14, 14}](@176) -> float_type, {64, 256, 14, 14}, {0, 1, 0, 0}, target_id=0: 0.00091048ms, 1%
@184 = load[offset=12845056,end=25690112](@1) -> float_type, {64, 256, 14, 14}, {50176, 196, 14, 1}, target_id=0: 0.0006546ms, 1%
@185 = gpu::miopen_fusion[ops={{op=convolution[padding={1, 1, 1, 1},stride={1, 1},dilation={1, 1},group=1,padding_mode=0],alpha=1,beta=0}, {op=add,alpha=1,beta=0}, {op=relu,alpha=1,beta=0}}](@182,@177,@183,@184) -> float_type, {64, 256, 14, 14}, {50176, 196, 14, 1}, target_id=0: 0.486917ms, 3%
@186 = broadcast[axis=1,out_lens={64, 1024, 14, 14}](@174) -> float_type, {64, 1024, 14, 14}, {0, 1, 0, 0}, target_id=0: 0.0010451ms, 1%
@187 = load[offset=38535168,end=89915392](@1) -> float_type, {64, 1024, 14, 14}, {200704, 196, 14, 1}, target_id=0: 0.00068278ms, 1%
@188 = gpu::code_object[code_object=6400,symbol_name=mlir_convolution_add_add_relu,global=802816,local=256,](@186,@173,@185,@175,@187) -> float_type, {64, 1024, 14, 14}, {200704, 196, 14, 1}, target_id=0: 0.31575ms, 2%
@189 = hip::hip_copy_literal[id=main:@literal:32] -> float_type, {1024}, {1}, target_id=0: 0.00080708ms, 1%
@190 = hip::hip_copy_literal[id=main:@literal:33] -> float_type, {1024, 256, 1, 1}, {256, 1, 1, 1}, target_id=0: 0.0006047ms, 1%
@191 = hip::hip_copy_literal[id=main:@literal:34] -> float_type, {256}, {1}, target_id=0: 0.0006876ms, 1%
@192 = hip::hip_copy_literal[id=main:@literal:35] -> float_type, {256, 256, 3, 3}, {2304, 9, 3, 1}, target_id=0: 0.0005929ms, 1%
@193 = hip::hip_copy_literal[id=main:@literal:36] -> float_type, {256}, {1}, target_id=0: 0.00059268ms, 1%
@194 = hip::hip_copy_literal[id=main:@literal:37] -> float_type, {256, 1024, 1, 1}, {1024, 1, 1, 1}, target_id=0: 0.00058214ms, 1%
@195 = load[offset=25690112,end=38535168](@1) -> float_type, {64, 256, 14, 14}, {50176, 196, 14, 1}, target_id=0: 0.0007003ms, 1%
@196 = broadcast[axis=1,out_lens={64, 256, 14, 14}](@193) -> float_type, {64, 256, 14, 14}, {0, 1, 0, 0}, target_id=0: 0.00083718ms, 1%
@197 = gpu::code_object[code_object=5808,symbol_name=mlir_convolution_add_relu,global=200704,local=256,](@196,@188,@194,@195) -> float_type, {64, 256, 14, 14}, {50176, 196, 14, 1}, target_id=0: 0.282614ms, 2%
@198 = broadcast[axis=1,out_lens={64, 256, 14, 14}](@191) -> float_type, {64, 256, 14, 14}, {0, 1, 0, 0}, target_id=0: 0.00087452ms, 1%
@199 = load[offset=12845056,end=25690112](@1) -> float_type, {64, 256, 14, 14}, {50176, 196, 14, 1}, target_id=0: 0.00066988ms, 1%
@200 = gpu::miopen_fusion[ops={{op=convolution[padding={1, 1, 1, 1},stride={1, 1},dilation={1, 1},group=1,padding_mode=0],alpha=1,beta=0}, {op=add,alpha=1,beta=0}, {op=relu,alpha=1,beta=0}}](@197,@192,@198,@199) -> float_type, {64, 256, 14, 14}, {50176, 196, 14, 1}, target_id=0: 0.488665ms, 3%
@201 = broadcast[axis=1,out_lens={64, 1024, 14, 14}](@189) -> float_type, {64, 1024, 14, 14}, {0, 1, 0, 0}, target_id=0: 0.00102414ms, 1%
@202 = load[offset=199098368,end=250478592](@1) -> float_type, {64, 1024, 14, 14}, {200704, 196, 14, 1}, target_id=0: 0.00068126ms, 1%
@203 = gpu::code_object[code_object=6400,symbol_name=mlir_convolution_add_add_relu,global=802816,local=256,](@201,@188,@200,@190,@202) -> float_type, {64, 1024, 14, 14}, {200704, 196, 14, 1}, target_id=0: 0.315831ms, 2%
@204 = hip::hip_copy_literal[id=main:@literal:26] -> float_type, {1024}, {1}, target_id=0: 0.00079292ms, 1%
@205 = hip::hip_copy_literal[id=main:@literal:27] -> float_type, {1024, 256, 1, 1}, {256, 1, 1, 1}, target_id=0: 0.0005858ms, 1%
@206 = hip::hip_copy_literal[id=main:@literal:28] -> float_type, {256}, {1}, target_id=0: 0.00066964ms, 1%
@207 = hip::hip_copy_literal[id=main:@literal:29] -> float_type, {256, 256, 3, 3}, {2304, 9, 3, 1}, target_id=0: 0.00060392ms, 1%
@208 = hip::hip_copy_literal[id=main:@literal:30] -> float_type, {256}, {1}, target_id=0: 0.00062002ms, 1%
@209 = hip::hip_copy_literal[id=main:@literal:31] -> float_type, {256, 1024, 1, 1}, {1024, 1, 1, 1}, target_id=0: 0.00058432ms, 1%
@210 = broadcast[axis=1,out_lens={64, 256, 14, 14}](@208) -> float_type, {64, 256, 14, 14}, {0, 1, 0, 0}, target_id=0: 0.00086604ms, 1%
@211 = load[offset=12845056,end=25690112](@1) -> float_type, {64, 256, 14, 14}, {50176, 196, 14, 1}, target_id=0: 0.00064418ms, 1%
@212 = gpu::code_object[code_object=5808,symbol_name=mlir_convolution_add_relu,global=200704,local=256,](@210,@203,@209,@211) -> float_type, {64, 256, 14, 14}, {50176, 196, 14, 1}, target_id=0: 0.282663ms, 2%
@213 = broadcast[axis=1,out_lens={64, 256, 14, 14}](@206) -> float_type, {64, 256, 14, 14}, {0, 1, 0, 0}, target_id=0: 0.00087832ms, 1%
@214 = load[offset=0,end=12845056](@1) -> float_type, {64, 256, 14, 14}, {50176, 196, 14, 1}, target_id=0: 0.00065136ms, 1%
@215 = gpu::miopen_fusion[ops={{op=convolution[padding={1, 1, 1, 1},stride={1, 1},dilation={1, 1},group=1,padding_mode=0],alpha=1,beta=0}, {op=add,alpha=1,beta=0}, {op=relu,alpha=1,beta=0}}](@212,@207,@213,@214) -> float_type, {64, 256, 14, 14}, {50176, 196, 14, 1}, target_id=0: 0.493092ms, 3%
@216 = broadcast[axis=1,out_lens={64, 1024, 14, 14}](@204) -> float_type, {64, 1024, 14, 14}, {0, 1, 0, 0}, target_id=0: 0.0010182ms, 1%
@217 = load[offset=147718144,end=199098368](@1) -> float_type, {64, 1024, 14, 14}, {200704, 196, 14, 1}, target_id=0: 0.00067458ms, 1%
@218 = gpu::code_object[code_object=6400,symbol_name=mlir_convolution_add_add_relu,global=802816,local=256,](@216,@203,@215,@205,@217) -> float_type, {64, 1024, 14, 14}, {200704, 196, 14, 1}, target_id=0: 0.317919ms, 2%
@219 = hip::hip_copy_literal[id=main:@literal:23] -> float_type, {512, 512, 3, 3}, {4608, 9, 3, 1}, target_id=0: 0.00076442ms, 1%
@220 = hip::hip_copy_literal[id=main:@literal:24] -> float_type, {512}, {1}, target_id=0: 0.0005699ms, 1%
@221 = hip::hip_copy_literal[id=main:@literal:25] -> float_type, {512, 1024, 1, 1}, {1024, 1, 1, 1}, target_id=0: 0.00059764ms, 1%
@222 = broadcast[axis=1,out_lens={64, 512, 14, 14}](@220) -> float_type, {64, 512, 14, 14}, {0, 1, 0, 0}, target_id=0: 0.00087716ms, 1%
@223 = load[offset=0,end=25690112](@1) -> float_type, {64, 512, 14, 14}, {100352, 196, 14, 1}, target_id=0: 0.00063474ms, 1%
@224 = gpu::code_object[code_object=6424,symbol_name=mlir_convolution_add_relu,global=200704,local=256,](@222,@218,@221,@223) -> float_type, {64, 512, 14, 14}, {100352, 196, 14, 1}, target_id=0: 0.485517ms, 3%
@225 = load[offset=73662464,end=115212288](@1) -> int8_type, {41549824}, {1}, target_id=0: 0.00080324ms, 1%
@226 = load[offset=67239936,end=73662464](@1) -> float_type, {64, 512, 7, 7}, {25088, 49, 7, 1}, target_id=0: 0.00062402ms, 1%
@227 = gpu::convolution[op={padding={1, 1, 1, 1},stride={2, 2},dilation={1, 1},group=1,padding_mode=0},solution_object={binary_object: 557},algo=0,solution_id=0](@224,@219,@225,@226) -> float_type, {64, 512, 7, 7}, {25088, 49, 7, 1}, target_id=0: 0.672796ms, 3%
@228 = hip::hip_copy_literal[id=main:@literal:9] -> float_type, {2048}, {1}, target_id=0: 0.00088798ms, 1%
@229 = hip::hip_copy_literal[id=main:@literal:5] -> float_type, {2048, 1536, 1, 1}, {1536, 1, 1, 1}, target_id=0: 0.00057386ms, 1%
@230 = hip::hip_copy_literal[id=main:@literal:22] -> float_type, {512}, {1}, target_id=0: 0.00074188ms, 1%
@231 = broadcast[axis=1,out_lens={64, 512, 7, 7}](@230) -> float_type, {64, 512, 7, 7}, {0, 1, 0, 0}, target_id=0: 0.00098272ms, 1%
@232 = load[offset=25690112,end=32112640](@1) -> float_type, {64, 512, 7, 7}, {25088, 49, 7, 1}, target_id=0: 0.00071722ms, 1%
@233 = gpu::code_object[code_object=3824,symbol_name=add_relu_kernel,global=1605632,local=1024,](@227,@231,@232) -> float_type, {64, 512, 7, 7}, {25088, 49, 7, 1}, target_id=0: 0.033067ms, 1%
@234 = load[offset=6422528,end=25690112](@1) -> float_type, {64, 1536, 7, 7}, {75264, 49, 7, 1}, target_id=0: 0.00079232ms, 1%
@235 = step[axes={2, 3},steps={2, 2}](@218) -> float_type, {64, 1024, 7, 7}, {200704, 196, 28, 2}, target_id=0: 0.00107448ms, 1%
@236 = gpu::code_object[code_object=4352,symbol_name=concat_kernel,global=2408448,local=1024,](@233,@235,@234) -> float_type, {64, 1536, 7, 7}, {75264, 49, 7, 1}, target_id=0: 0.0933162ms, 1%
@237 = load[offset=57802752,end=83492864](@1) -> float_type, {64, 2048, 7, 7}, {100352, 49, 7, 1}, target_id=0: 0.00082382ms, 1%
@238 = broadcast[axis=1,out_lens={64, 2048, 7, 7}](@228) -> float_type, {64, 2048, 7, 7}, {0, 1, 0, 0}, target_id=0: 0.0008604ms, 1%
@239 = gpu::code_object[code_object=7080,symbol_name=mlir_convolution_add_relu,global=204800,local=256,](@238,@236,@229,@237) -> float_type, {64, 2048, 7, 7}, {100352, 49, 7, 1}, target_id=0: 0.739879ms, 4%
@240 = hip::hip_copy_literal[id=main:@literal:16] -> float_type, {2048}, {1}, target_id=0: 0.0007577ms, 1%
@241 = hip::hip_copy_literal[id=main:@literal:17] -> float_type, {2048, 512, 1, 1}, {512, 1, 1, 1}, target_id=0: 0.00059092ms, 1%
@242 = hip::hip_copy_literal[id=main:@literal:18] -> float_type, {512}, {1}, target_id=0: 0.0006669ms, 1%
@243 = hip::hip_copy_literal[id=main:@literal:19] -> float_type, {512, 512, 3, 3}, {4608, 9, 3, 1}, target_id=0: 0.00063146ms, 1%
@244 = hip::hip_copy_literal[id=main:@literal:20] -> float_type, {512}, {1}, target_id=0: 0.00066136ms, 1%
@245 = hip::hip_copy_literal[id=main:@literal:21] -> float_type, {512, 2048, 1, 1}, {2048, 1, 1, 1}, target_id=0: 0.00063798ms, 1%
@246 = load[offset=6422528,end=12845056](@1) -> float_type, {64, 512, 7, 7}, {25088, 49, 7, 1}, target_id=0: 0.0006881ms, 1%
@247 = broadcast[axis=1,out_lens={64, 512, 7, 7}](@244) -> float_type, {64, 512, 7, 7}, {0, 1, 0, 0}, target_id=0: 0.00085968ms, 1%
@248 = gpu::code_object[code_object=6472,symbol_name=mlir_convolution_add_relu,global=51200,local=256,](@247,@239,@245,@246) -> float_type, {64, 512, 7, 7}, {25088, 49, 7, 1}, target_id=0: 0.330724ms, 2%
@249 = load[offset=0,end=6422528](@1) -> float_type, {64, 512, 7, 7}, {25088, 49, 7, 1}, target_id=0: 0.00078038ms, 1%
@250 = broadcast[axis=1,out_lens={64, 512, 7, 7}](@242) -> float_type, {64, 512, 7, 7}, {0, 1, 0, 0}, target_id=0: 0.00075188ms, 1%
@251 = gpu::miopen_fusion[ops={{op=convolution[padding={1, 1, 1, 1},stride={1, 1},dilation={1, 1},group=1,padding_mode=0],alpha=1,beta=0}, {op=add,alpha=1,beta=0}, {op=relu,alpha=1,beta=0}}](@248,@243,@250,@249) -> float_type, {64, 512, 7, 7}, {25088, 49, 7, 1}, target_id=0: 0.666753ms, 3%
@252 = broadcast[axis=1,out_lens={64, 2048, 7, 7}](@240) -> float_type, {64, 2048, 7, 7}, {0, 1, 0, 0}, target_id=0: 0.0010426ms, 1%
@253 = load[offset=32112640,end=57802752](@1) -> float_type, {64, 2048, 7, 7}, {100352, 49, 7, 1}, target_id=0: 0.0006913ms, 1%
@254 = gpu::code_object[code_object=7488,symbol_name=mlir_convolution_add_add_relu,global=204800,local=256,](@252,@239,@251,@241,@253) -> float_type, {64, 2048, 7, 7}, {100352, 49, 7, 1}, target_id=0: 0.297145ms, 2%
@255 = hip::hip_copy_literal[id=main:@literal:0] -> float_type, {64, 1000}, {1000, 1}, target_id=0: 0.00082654ms, 1%
@256 = hip::hip_copy_literal[id=main:@literal:10] -> float_type, {2048}, {1}, target_id=0: 0.0006156ms, 1%
@257 = hip::hip_copy_literal[id=main:@literal:11] -> float_type, {2048, 512, 1, 1}, {512, 1, 1, 1}, target_id=0: 0.00067314ms, 1%
@258 = hip::hip_copy_literal[id=main:@literal:12] -> float_type, {512}, {1}, target_id=0: 0.00059916ms, 1%
@259 = hip::hip_copy_literal[id=main:@literal:13] -> float_type, {512, 512, 3, 3}, {4608, 9, 3, 1}, target_id=0: 0.00068498ms, 1%
@260 = hip::hip_copy_literal[id=main:@literal:14] -> float_type, {512}, {1}, target_id=0: 0.00063322ms, 1%
@261 = hip::hip_copy_literal[id=main:@literal:15] -> float_type, {512, 2048, 1, 1}, {2048, 1, 1, 1}, target_id=0: 0.00061718ms, 1%
@262 = hip::hip_copy_literal[id=main:@literal:1] -> float_type, {2048, 1000}, {1000, 1}, target_id=0: 0.00057154ms, 1%
@263 = broadcast[axis=1,out_lens={64, 512, 7, 7}](@260) -> float_type, {64, 512, 7, 7}, {0, 1, 0, 0}, target_id=0: 0.0009057ms, 1%
@264 = load[offset=6422528,end=12845056](@1) -> float_type, {64, 512, 7, 7}, {25088, 49, 7, 1}, target_id=0: 0.00069612ms, 1%
@265 = gpu::code_object[code_object=6472,symbol_name=mlir_convolution_add_relu,global=51200,local=256,](@263,@254,@261,@264) -> float_type, {64, 512, 7, 7}, {25088, 49, 7, 1}, target_id=0: 0.323136ms, 2%
@266 = broadcast[axis=1,out_lens={64, 512, 7, 7}](@258) -> float_type, {64, 512, 7, 7}, {0, 1, 0, 0}, target_id=0: 0.0009138ms, 1%
@267 = load[offset=0,end=6422528](@1) -> float_type, {64, 512, 7, 7}, {25088, 49, 7, 1}, target_id=0: 0.00070934ms, 1%
@268 = gpu::miopen_fusion[ops={{op=convolution[padding={1, 1, 1, 1},stride={1, 1},dilation={1, 1},group=1,padding_mode=0],alpha=1,beta=0}, {op=add,alpha=1,beta=0}, {op=relu,alpha=1,beta=0}}](@265,@259,@266,@267) -> float_type, {64, 512, 7, 7}, {25088, 49, 7, 1}, target_id=0: 0.652487ms, 3%
@269 = load[offset=57802752,end=83492864](@1) -> float_type, {64, 2048, 7, 7}, {100352, 49, 7, 1}, target_id=0: 0.00083028ms, 1%
@270 = gpu::code_object[code_object=5928,symbol_name=mlir_convolution,global=204800,local=256,](@268,@257,@269) -> float_type, {64, 2048, 7, 7}, {100352, 49, 7, 1}, target_id=0: 0.259547ms, 2%
@271 = broadcast[axis=1,out_lens={64, 2048, 7, 7}](@256) -> float_type, {64, 2048, 7, 7}, {0, 1, 0, 0}, target_id=0: 0.00101064ms, 1%
@272 = load[offset=0,end=524288](@1) -> float_type, {64, 2048, 1, 1}, {2048, 1, 1, 1}, target_id=0: 0.00070822ms, 1%
@273 = gpu::code_object[code_object=4048,symbol_name=add_add_relu_reduce_mean_kernel,global=8388608,local=64,](@270,@271,@254,@272) -> float_type, {64, 2048, 1, 1}, {2048, 1, 1, 1}, target_id=0: 0.21568ms, 1%
main:#output_0 = @param:main:#output_0 -> float_type, {64, 1000}, {1000, 1}, target_id=0: 0.0010616ms, 1%
@275 = flatten[axis=1](@273) -> float_type, {64, 2048}, {2048, 1}, target_id=0: 0.0011862ms, 1%
@276 = gpu::gemm[alpha=1,beta=1,compute_fp32=1,trans_batch=0,solution_idx=0](@275,@262,@255,main:#output_0) -> float_type, {64, 1000}, {1000, 1}, target_id=0: 0.0729525ms, 1%
@277 = @return(@276), target_id=0
Summary:
gpu::code_object::mlir_convolution_add_relu: 8.55992ms / 21 = 0.407615ms, 37%
gpu::miopen_fusion: 6.91835ms / 13 = 0.532181ms, 30%
gpu::code_object::mlir_convolution_add_add_relu: 3.97647ms / 11 = 0.361497ms, 18%
gpu::convolution: 1.95575ms / 3 = 0.651917ms, 9%
gpu::code_object::concat_kernel: 0.708666ms / 4 = 0.177167ms, 4%
gpu::pooling: 0.389976ms / 1 = 0.389976ms, 2%
gpu::code_object::mlir_convolution: 0.259547ms / 1 = 0.259547ms, 2%
gpu::code_object::add_add_relu_reduce_mean_kernel: 0.21568ms / 1 = 0.21568ms, 1%
gpu::code_object::add_relu_kernel: 0.151542ms / 3 = 0.0505139ms, 1%
gpu::gemm: 0.0729525ms / 1 = 0.0729525ms, 1%
hip::hip_copy_literal: 0.067677ms / 100 = 0.00067677ms, 1%
broadcast: 0.0449688ms / 49 = 0.000917731ms, 1%
load: 0.0424774ms / 61 = 0.00069635ms, 1%
step: 0.00365928ms / 3 = 0.00121976ms, 1%
@param: 0.00165496ms / 2 = 0.00082748ms, 1%
flatten: 0.0011862ms / 1 = 0.0011862ms, 1%
check_context::migraphx::gpu::context: 0.0009788ms / 1 = 0.0009788ms, 1%
hip::hip_allocate_memory: 0.00096402ms / 1 = 0.00096402ms, 1%

Batch size: 1
Rate: 44.2942 inferences/sec
Total time: 22.5763ms
Total instructions time: 23.3724ms
Overhead time: 0.0529946ms, -0.796115ms
Overhead: 0%, -4%
[ MIGraphX Version: 2.9.0.c4b69fb70 ] Complete: /src/AMDMIGraphX/build/bin/driver perf --gpu /new-saved-models/torchvision/resnet50i64.onnx
