Compiling ... 
Reading: /saved-models/torchvision/resnet50i1.onnx
module: "main"
main:@0 = check_context::migraphx::version_1::gpu::context -> float_type, {}, {}
main:@1 = hip::hip_allocate_memory[shape=float_type, {2408448}, {1},id=main:scratch] -> float_type, {2408448}, {1}
main:@2 = hip::hip_copy_literal[id=main:@literal:56] -> float_type, {64, 3, 7, 7}, {147, 49, 7, 1}
main:@3 = load[offset=0,end=3211264](main:@1) -> float_type, {1, 64, 112, 112}, {802816, 12544, 112, 1}
input.1 = @param:input.1 -> float_type, {1, 3, 224, 224}, {150528, 50176, 224, 1}
main:@5 = load[offset=0,end=0](main:@1) -> int8_type, {0}, {1}
main:@6 = gpu::convolution[op={padding={3, 3, 3, 3},stride={2, 2},dilation={1, 1},group=1,padding_mode=0},algo=5,int8_x4_format=0,solution_id=81](input.1,main:@2,main:@5,main:@3) -> float_type, {1, 64, 112, 112}, {802816, 12544, 112, 1}
main:@7 = hip::hip_copy_literal[id=main:@literal:26] -> float_type, {64, 1, 1}, {1, 1, 1}
main:@8 = load[offset=3211264,end=6422528](main:@1) -> float_type, {1, 64, 112, 112}, {802816, 12544, 112, 1}
main:@9 = multibroadcast[out_lens={1, 64, 112, 112}](main:@7) -> float_type, {1, 64, 112, 112}, {0, 1, 0, 0}
main:@10 = gpu::code_object[code_object=13632,symbol_name=add_relu_kernel,global=401408,local=1024,](main:@6,main:@9,main:@8) -> float_type, {1, 64, 112, 112}, {802816, 12544, 112, 1}
main:@11 = load[offset=0,end=802816](main:@1) -> float_type, {1, 64, 56, 56}, {200704, 3136, 56, 1}
main:@12 = gpu::pooling[mode=max,padding={1, 1, 1, 1},stride={2, 2},lengths={3, 3},ceil_mode=0,lp_order=2](main:@10,main:@11) -> float_type, {1, 64, 56, 56}, {200704, 3136, 56, 1}
main:@13 = hip::hip_copy_literal[id=main:@literal:24] -> float_type, {256, 128, 1, 1}, {128, 1, 1, 1}
main:@14 = hip::hip_copy_literal[id=main:@literal:6] -> float_type, {64, 1, 1}, {1, 1, 1}
main:@15 = hip::hip_copy_literal[id=main:@literal:53] -> float_type, {64, 64, 1, 1}, {64, 1, 1, 1}
main:@16 = load[offset=802816,end=1605632](main:@1) -> float_type, {1, 64, 56, 56}, {200704, 3136, 56, 1}
main:@17 = multibroadcast[out_lens={1, 64, 56, 56}](main:@14) -> float_type, {1, 64, 56, 56}, {0, 1, 0, 0}
main:@18 = gpu::miopen_fusion[ops={{op=convolution[padding={0, 0, 0, 0},stride={1, 1},dilation={1, 1},group=1,padding_mode=0],alpha=1,beta=0}, {op=add,alpha=1,beta=0}, {op=relu,alpha=1,beta=0}}](main:@12,main:@15,main:@17,main:@16) -> float_type, {1, 64, 56, 56}, {200704, 3136, 56, 1}
main:@19 = hip::hip_copy_literal[id=main:@literal:40] -> float_type, {64, 64, 3, 3}, {576, 9, 3, 1}
main:@20 = hip::hip_copy_literal[id=main:@literal:44] -> float_type, {64, 1, 1}, {1, 1, 1}
main:@21 = multibroadcast[out_lens={1, 64, 56, 56}](main:@20) -> float_type, {1, 64, 56, 56}, {0, 1, 0, 0}
main:@22 = load[offset=1605632,end=2408448](main:@1) -> float_type, {1, 64, 56, 56}, {200704, 3136, 56, 1}
main:@23 = gpu::miopen_fusion[ops={{op=convolution[padding={1, 1, 1, 1},stride={1, 1},dilation={1, 1},group=1,padding_mode=0],alpha=1,beta=0}, {op=add,alpha=1,beta=0}, {op=relu,alpha=1,beta=0}}](main:@18,main:@19,main:@21,main:@22) -> float_type, {1, 64, 56, 56}, {200704, 3136, 56, 1}
main:@24 = load[offset=3211264,end=4816896](main:@1) -> float_type, {1, 128, 56, 56}, {401408, 3136, 56, 1}
main:@25 = gpu::code_object[code_object=13632,symbol_name=concat_kernel,global=100352,local=1024,](main:@23,main:@12,main:@24) -> float_type, {1, 128, 56, 56}, {401408, 3136, 56, 1}
main:@26 = hip::hip_copy_literal[id=main:@literal:18] -> float_type, {256, 1, 1}, {1, 1, 1}
main:@27 = multibroadcast[out_lens={1, 256, 56, 56}](main:@26) -> float_type, {1, 256, 56, 56}, {0, 1, 0, 0}
main:@28 = load[offset=0,end=3211264](main:@1) -> float_type, {1, 256, 56, 56}, {802816, 3136, 56, 1}
main:@29 = gpu::miopen_fusion[ops={{op=convolution[padding={0, 0, 0, 0},stride={1, 1},dilation={1, 1},group=1,padding_mode=0],alpha=1,beta=0}, {op=add,alpha=1,beta=0}, {op=relu,alpha=1,beta=0}}](main:@25,main:@13,main:@27,main:@28) -> float_type, {1, 256, 56, 56}, {802816, 3136, 56, 1}
main:@30 = hip::hip_copy_literal[id=main:@literal:38] -> float_type, {64, 64, 3, 3}, {576, 9, 3, 1}
main:@31 = hip::hip_copy_literal[id=main:@literal:28] -> float_type, {64, 1, 1}, {1, 1, 1}
main:@32 = hip::hip_copy_literal[id=main:@literal:54] -> float_type, {64, 1, 1}, {1, 1, 1}
main:@33 = hip::hip_copy_literal[id=main:@literal:1] -> float_type, {256, 64, 1, 1}, {64, 1, 1, 1}
main:@34 = hip::hip_copy_literal[id=main:@literal:48] -> float_type, {64, 256, 1, 1}, {256, 1, 1, 1}
main:@35 = multibroadcast[out_lens={1, 64, 56, 56}](main:@31) -> float_type, {1, 64, 56, 56}, {0, 1, 0, 0}
main:@36 = load[offset=4014080,end=4816896](main:@1) -> float_type, {1, 64, 56, 56}, {200704, 3136, 56, 1}
main:@37 = gpu::miopen_fusion[ops={{op=convolution[padding={0, 0, 0, 0},stride={1, 1},dilation={1, 1},group=1,padding_mode=0],alpha=1,beta=0}, {op=add,alpha=1,beta=0}, {op=relu,alpha=1,beta=0}}](main:@29,main:@34,main:@35,main:@36) -> float_type, {1, 64, 56, 56}, {200704, 3136, 56, 1}
main:@38 = multibroadcast[out_lens={1, 64, 56, 56}](main:@32) -> float_type, {1, 64, 56, 56}, {0, 1, 0, 0}
main:@39 = load[offset=3211264,end=4014080](main:@1) -> float_type, {1, 64, 56, 56}, {200704, 3136, 56, 1}
main:@40 = gpu::miopen_fusion[ops={{op=convolution[padding={1, 1, 1, 1},stride={1, 1},dilation={1, 1},group=1,padding_mode=0],alpha=1,beta=0}, {op=add,alpha=1,beta=0}, {op=relu,alpha=1,beta=0}}](main:@37,main:@30,main:@38,main:@39) -> float_type, {1, 64, 56, 56}, {200704, 3136, 56, 1}
main:@41 = load[offset=6422528,end=9633792](main:@1) -> float_type, {1, 256, 56, 56}, {802816, 3136, 56, 1}
main:@42 = load[offset=0,end=0](main:@1) -> int8_type, {0}, {1}
main:@43 = gpu::convolution[op={padding={0, 0, 0, 0},stride={1, 1},dilation={1, 1},group=1,padding_mode=0},algo=5,int8_x4_format=0,solution_id=64](main:@40,main:@33,main:@42,main:@41) -> float_type, {1, 256, 56, 56}, {802816, 3136, 56, 1}
main:@44 = hip::hip_copy_literal[id=main:@literal:57] -> float_type, {256, 1, 1}, {1, 1, 1}
main:@45 = multibroadcast[out_lens={1, 256, 56, 56}](main:@44) -> float_type, {1, 256, 56, 56}, {0, 1, 0, 0}
main:@46 = load[offset=3211264,end=6422528](main:@1) -> float_type, {1, 256, 56, 56}, {802816, 3136, 56, 1}
main:@47 = gpu::code_object[code_object=13640,symbol_name=add_add_relu_kernel,global=401408,local=1024,](main:@43,main:@45,main:@29,main:@46) -> float_type, {1, 256, 56, 56}, {802816, 3136, 56, 1}
main:@48 = hip::hip_copy_literal[id=main:@literal:36] -> float_type, {64, 1, 1}, {1, 1, 1}
main:@49 = hip::hip_copy_literal[id=main:@literal:58] -> float_type, {64, 256, 1, 1}, {256, 1, 1, 1}
main:@50 = hip::hip_copy_literal[id=main:@literal:60] -> float_type, {64, 1, 1}, {1, 1, 1}
main:@51 = load[offset=802816,end=1605632](main:@1) -> float_type, {1, 64, 56, 56}, {200704, 3136, 56, 1}
main:@52 = multibroadcast[out_lens={1, 64, 56, 56}](main:@50) -> float_type, {1, 64, 56, 56}, {0, 1, 0, 0}
main:@53 = gpu::miopen_fusion[ops={{op=convolution[padding={0, 0, 0, 0},stride={1, 1},dilation={1, 1},group=1,padding_mode=0],alpha=1,beta=0}, {op=add,alpha=1,beta=0}, {op=relu,alpha=1,beta=0}}](main:@47,main:@49,main:@52,main:@51) -> float_type, {1, 64, 56, 56}, {200704, 3136, 56, 1}
main:@54 = hip::hip_copy_literal[id=main:@literal:51] -> float_type, {64, 64, 3, 3}, {576, 9, 3, 1}
main:@55 = load[offset=0,end=802816](main:@1) -> float_type, {1, 64, 56, 56}, {200704, 3136, 56, 1}
main:@56 = multibroadcast[out_lens={1, 64, 56, 56}](main:@48) -> float_type, {1, 64, 56, 56}, {0, 1, 0, 0}
main:@57 = gpu::miopen_fusion[ops={{op=convolution[padding={1, 1, 1, 1},stride={1, 1},dilation={1, 1},group=1,padding_mode=0],alpha=1,beta=0}, {op=add,alpha=1,beta=0}, {op=relu,alpha=1,beta=0}}](main:@53,main:@54,main:@56,main:@55) -> float_type, {1, 64, 56, 56}, {200704, 3136, 56, 1}
main:@58 = hip::hip_copy_literal[id=main:@literal:49] -> float_type, {256, 64, 1, 1}, {64, 1, 1, 1}
main:@59 = load[offset=6422528,end=9633792](main:@1) -> float_type, {1, 256, 56, 56}, {802816, 3136, 56, 1}
main:@60 = load[offset=0,end=0](main:@1) -> int8_type, {0}, {1}
main:@61 = gpu::convolution[op={padding={0, 0, 0, 0},stride={1, 1},dilation={1, 1},group=1,padding_mode=0},algo=5,int8_x4_format=0,solution_id=64](main:@57,main:@58,main:@60,main:@59) -> float_type, {1, 256, 56, 56}, {802816, 3136, 56, 1}
main:@62 = hip::hip_copy_literal[id=main:@literal:46] -> float_type, {256, 1, 1}, {1, 1, 1}
main:@63 = load[offset=0,end=3211264](main:@1) -> float_type, {1, 256, 56, 56}, {802816, 3136, 56, 1}
main:@64 = multibroadcast[out_lens={1, 256, 56, 56}](main:@62) -> float_type, {1, 256, 56, 56}, {0, 1, 0, 0}
main:@65 = gpu::code_object[code_object=13640,symbol_name=add_add_relu_kernel,global=401408,local=1024,](main:@61,main:@64,main:@47,main:@63) -> float_type, {1, 256, 56, 56}, {802816, 3136, 56, 1}
main:@66 = hip::hip_copy_literal[id=main:@literal:67] -> float_type, {128, 128, 3, 3}, {1152, 9, 3, 1}
main:@67 = hip::hip_copy_literal[id=main:@literal:64] -> float_type, {128, 1, 1}, {1, 1, 1}
main:@68 = hip::hip_copy_literal[id=main:@literal:61] -> float_type, {128, 256, 1, 1}, {256, 1, 1, 1}
main:@69 = multibroadcast[out_lens={1, 128, 56, 56}](main:@67) -> float_type, {1, 128, 56, 56}, {0, 1, 0, 0}
main:@70 = load[offset=3612672,end=5218304](main:@1) -> float_type, {1, 128, 56, 56}, {401408, 3136, 56, 1}
main:@71 = gpu::miopen_fusion[ops={{op=convolution[padding={0, 0, 0, 0},stride={1, 1},dilation={1, 1},group=1,padding_mode=0],alpha=1,beta=0}, {op=add,alpha=1,beta=0}, {op=relu,alpha=1,beta=0}}](main:@65,main:@68,main:@69,main:@70) -> float_type, {1, 128, 56, 56}, {401408, 3136, 56, 1}
main:@72 = load[offset=3211264,end=3612672](main:@1) -> float_type, {1, 128, 28, 28}, {100352, 784, 28, 1}
main:@73 = load[offset=0,end=0](main:@1) -> int8_type, {0}, {1}
main:@74 = gpu::convolution[op={padding={1, 1, 1, 1},stride={2, 2},dilation={1, 1},group=1,padding_mode=0},algo=5,int8_x4_format=0,solution_id=80](main:@71,main:@66,main:@73,main:@72) -> float_type, {1, 128, 28, 28}, {100352, 784, 28, 1}
main:@75 = hip::hip_copy_literal[id=main:@literal:23] -> float_type, {512, 1, 1}, {1, 1, 1}
main:@76 = hip::hip_copy_literal[id=main:@literal:3] -> float_type, {128, 1, 1}, {1, 1, 1}
main:@77 = multibroadcast[out_lens={1, 128, 28, 28}](main:@76) -> float_type, {1, 128, 28, 28}, {0, 1, 0, 0}
main:@78 = load[offset=4415488,end=4816896](main:@1) -> float_type, {1, 128, 28, 28}, {100352, 784, 28, 1}
main:@79 = gpu::code_object[code_object=13632,symbol_name=add_relu_kernel,global=50176,local=1024,](main:@74,main:@77,main:@78) -> float_type, {1, 128, 28, 28}, {100352, 784, 28, 1}
main:@80 = step[axes={2, 3},steps={2, 2}](main:@65) -> float_type, {1, 256, 28, 28}, {802816, 3136, 112, 2}
main:@81 = load[offset=3211264,end=4415488](main:@1) -> float_type, {1, 384, 28, 28}, {301056, 784, 28, 1}
main:@82 = gpu::code_object[code_object=13632,symbol_name=concat_kernel,global=150528,local=1024,](main:@79,main:@80,main:@81) -> float_type, {1, 384, 28, 28}, {301056, 784, 28, 1}
main:@83 = hip::hip_copy_literal[id=main:@literal:70] -> float_type, {512, 384, 1, 1}, {384, 1, 1, 1}
main:@84 = load[offset=0,end=1605632](main:@1) -> float_type, {1, 512, 28, 28}, {401408, 784, 28, 1}
main:@85 = multibroadcast[out_lens={1, 512, 28, 28}](main:@75) -> float_type, {1, 512, 28, 28}, {0, 1, 0, 0}
main:@86 = gpu::miopen_fusion[ops={{op=convolution[padding={0, 0, 0, 0},stride={1, 1},dilation={1, 1},group=1,padding_mode=0],alpha=1,beta=0}, {op=add,alpha=1,beta=0}, {op=relu,alpha=1,beta=0}}](main:@82,main:@83,main:@85,main:@84) -> float_type, {1, 512, 28, 28}, {401408, 784, 28, 1}
main:@87 = hip::hip_copy_literal[id=main:@literal:32] -> float_type, {128, 1, 1}, {1, 1, 1}
main:@88 = hip::hip_copy_literal[id=main:@literal:22] -> float_type, {512, 128, 1, 1}, {128, 1, 1, 1}
main:@89 = hip::hip_copy_literal[id=main:@literal:20] -> float_type, {128, 1, 1}, {1, 1, 1}
main:@90 = hip::hip_copy_literal[id=main:@literal:63] -> float_type, {128, 512, 1, 1}, {512, 1, 1, 1}
main:@91 = load[offset=1605632,end=2007040](main:@1) -> float_type, {1, 128, 28, 28}, {100352, 784, 28, 1}
main:@92 = multibroadcast[out_lens={1, 128, 28, 28}](main:@89) -> float_type, {1, 128, 28, 28}, {0, 1, 0, 0}
main:@93 = gpu::miopen_fusion[ops={{op=convolution[padding={0, 0, 0, 0},stride={1, 1},dilation={1, 1},group=1,padding_mode=0],alpha=1,beta=0}, {op=add,alpha=1,beta=0}, {op=relu,alpha=1,beta=0}}](main:@86,main:@90,main:@92,main:@91) -> float_type, {1, 128, 28, 28}, {100352, 784, 28, 1}
main:@94 = hip::hip_copy_literal[id=main:@literal:39] -> float_type, {128, 128, 3, 3}, {1152, 9, 3, 1}
main:@95 = load[offset=2007040,end=2408448](main:@1) -> float_type, {1, 128, 28, 28}, {100352, 784, 28, 1}
main:@96 = multibroadcast[out_lens={1, 128, 28, 28}](main:@87) -> float_type, {1, 128, 28, 28}, {0, 1, 0, 0}
main:@97 = gpu::miopen_fusion[ops={{op=convolution[padding={1, 1, 1, 1},stride={1, 1},dilation={1, 1},group=1,padding_mode=0],alpha=1,beta=0}, {op=add,alpha=1,beta=0}, {op=relu,alpha=1,beta=0}}](main:@93,main:@94,main:@96,main:@95) -> float_type, {1, 128, 28, 28}, {100352, 784, 28, 1}
main:@98 = load[offset=3211264,end=4816896](main:@1) -> float_type, {1, 512, 28, 28}, {401408, 784, 28, 1}
main:@99 = load[offset=0,end=0](main:@1) -> int8_type, {0}, {1}
main:@100 = gpu::convolution[op={padding={0, 0, 0, 0},stride={1, 1},dilation={1, 1},group=1,padding_mode=0},algo=5,int8_x4_format=0,solution_id=64](main:@97,main:@88,main:@99,main:@98) -> float_type, {1, 512, 28, 28}, {401408, 784, 28, 1}
main:@101 = hip::hip_copy_literal[id=main:@literal:66] -> float_type, {512, 1, 1}, {1, 1, 1}
main:@102 = load[offset=1605632,end=3211264](main:@1) -> float_type, {1, 512, 28, 28}, {401408, 784, 28, 1}
main:@103 = multibroadcast[out_lens={1, 512, 28, 28}](main:@101) -> float_type, {1, 512, 28, 28}, {0, 1, 0, 0}
main:@104 = gpu::code_object[code_object=13640,symbol_name=add_add_relu_kernel,global=200704,local=1024,](main:@100,main:@103,main:@86,main:@102) -> float_type, {1, 512, 28, 28}, {401408, 784, 28, 1}
main:@105 = hip::hip_copy_literal[id=main:@literal:31] -> float_type, {128, 1, 1}, {1, 1, 1}
main:@106 = hip::hip_copy_literal[id=main:@literal:29] -> float_type, {128, 128, 3, 3}, {1152, 9, 3, 1}
main:@107 = hip::hip_copy_literal[id=main:@literal:27] -> float_type, {128, 1, 1}, {1, 1, 1}
main:@108 = hip::hip_copy_literal[id=main:@literal:52] -> float_type, {128, 512, 1, 1}, {512, 1, 1, 1}
main:@109 = load[offset=401408,end=802816](main:@1) -> float_type, {1, 128, 28, 28}, {100352, 784, 28, 1}
main:@110 = multibroadcast[out_lens={1, 128, 28, 28}](main:@105) -> float_type, {1, 128, 28, 28}, {0, 1, 0, 0}
main:@111 = gpu::miopen_fusion[ops={{op=convolution[padding={0, 0, 0, 0},stride={1, 1},dilation={1, 1},group=1,padding_mode=0],alpha=1,beta=0}, {op=add,alpha=1,beta=0}, {op=relu,alpha=1,beta=0}}](main:@104,main:@108,main:@110,main:@109) -> float_type, {1, 128, 28, 28}, {100352, 784, 28, 1}
main:@112 = load[offset=0,end=401408](main:@1) -> float_type, {1, 128, 28, 28}, {100352, 784, 28, 1}
main:@113 = multibroadcast[out_lens={1, 128, 28, 28}](main:@107) -> float_type, {1, 128, 28, 28}, {0, 1, 0, 0}
main:@114 = gpu::miopen_fusion[ops={{op=convolution[padding={1, 1, 1, 1},stride={1, 1},dilation={1, 1},group=1,padding_mode=0],alpha=1,beta=0}, {op=add,alpha=1,beta=0}, {op=relu,alpha=1,beta=0}}](main:@111,main:@106,main:@113,main:@112) -> float_type, {1, 128, 28, 28}, {100352, 784, 28, 1}
main:@115 = hip::hip_copy_literal[id=main:@literal:42] -> float_type, {512, 128, 1, 1}, {128, 1, 1, 1}
main:@116 = load[offset=0,end=0](main:@1) -> int8_type, {0}, {1}
main:@117 = load[offset=3211264,end=4816896](main:@1) -> float_type, {1, 512, 28, 28}, {401408, 784, 28, 1}
main:@118 = gpu::convolution[op={padding={0, 0, 0, 0},stride={1, 1},dilation={1, 1},group=1,padding_mode=0},algo=5,int8_x4_format=0,solution_id=64](main:@114,main:@115,main:@116,main:@117) -> float_type, {1, 512, 28, 28}, {401408, 784, 28, 1}
main:@119 = hip::hip_copy_literal[id=main:@literal:65] -> float_type, {512, 1, 1}, {1, 1, 1}
main:@120 = load[offset=0,end=1605632](main:@1) -> float_type, {1, 512, 28, 28}, {401408, 784, 28, 1}
main:@121 = multibroadcast[out_lens={1, 512, 28, 28}](main:@119) -> float_type, {1, 512, 28, 28}, {0, 1, 0, 0}
main:@122 = gpu::code_object[code_object=13640,symbol_name=add_add_relu_kernel,global=200704,local=1024,](main:@118,main:@121,main:@104,main:@120) -> float_type, {1, 512, 28, 28}, {401408, 784, 28, 1}
main:@123 = hip::hip_copy_literal[id=main:@literal:30] -> float_type, {128, 128, 3, 3}, {1152, 9, 3, 1}
main:@124 = hip::hip_copy_literal[id=main:@literal:25] -> float_type, {512, 128, 1, 1}, {128, 1, 1, 1}
main:@125 = hip::hip_copy_literal[id=main:@literal:21] -> float_type, {128, 512, 1, 1}, {512, 1, 1, 1}
main:@126 = hip::hip_copy_literal[id=main:@literal:19] -> float_type, {128, 1, 1}, {1, 1, 1}
main:@127 = hip::hip_copy_literal[id=main:@literal:17] -> float_type, {128, 1, 1}, {1, 1, 1}
main:@128 = multibroadcast[out_lens={1, 128, 28, 28}](main:@126) -> float_type, {1, 128, 28, 28}, {0, 1, 0, 0}
main:@129 = load[offset=2007040,end=2408448](main:@1) -> float_type, {1, 128, 28, 28}, {100352, 784, 28, 1}
main:@130 = gpu::miopen_fusion[ops={{op=convolution[padding={0, 0, 0, 0},stride={1, 1},dilation={1, 1},group=1,padding_mode=0],alpha=1,beta=0}, {op=add,alpha=1,beta=0}, {op=relu,alpha=1,beta=0}}](main:@122,main:@125,main:@128,main:@129) -> float_type, {1, 128, 28, 28}, {100352, 784, 28, 1}
main:@131 = load[offset=1605632,end=2007040](main:@1) -> float_type, {1, 128, 28, 28}, {100352, 784, 28, 1}
main:@132 = multibroadcast[out_lens={1, 128, 28, 28}](main:@127) -> float_type, {1, 128, 28, 28}, {0, 1, 0, 0}
main:@133 = gpu::miopen_fusion[ops={{op=convolution[padding={1, 1, 1, 1},stride={1, 1},dilation={1, 1},group=1,padding_mode=0],alpha=1,beta=0}, {op=add,alpha=1,beta=0}, {op=relu,alpha=1,beta=0}}](main:@130,main:@123,main:@132,main:@131) -> float_type, {1, 128, 28, 28}, {100352, 784, 28, 1}
main:@134 = load[offset=0,end=0](main:@1) -> int8_type, {0}, {1}
main:@135 = load[offset=3211264,end=4816896](main:@1) -> float_type, {1, 512, 28, 28}, {401408, 784, 28, 1}
main:@136 = gpu::convolution[op={padding={0, 0, 0, 0},stride={1, 1},dilation={1, 1},group=1,padding_mode=0},algo=5,int8_x4_format=0,solution_id=64](main:@133,main:@124,main:@134,main:@135) -> float_type, {1, 512, 28, 28}, {401408, 784, 28, 1}
main:@137 = hip::hip_copy_literal[id=main:@literal:69] -> float_type, {512, 1, 1}, {1, 1, 1}
main:@138 = load[offset=1605632,end=3211264](main:@1) -> float_type, {1, 512, 28, 28}, {401408, 784, 28, 1}
main:@139 = multibroadcast[out_lens={1, 512, 28, 28}](main:@137) -> float_type, {1, 512, 28, 28}, {0, 1, 0, 0}
main:@140 = gpu::code_object[code_object=13640,symbol_name=add_add_relu_kernel,global=200704,local=1024,](main:@136,main:@139,main:@122,main:@138) -> float_type, {1, 512, 28, 28}, {401408, 784, 28, 1}
main:@141 = hip::hip_copy_literal[id=main:@literal:33] -> float_type, {256, 1, 1}, {1, 1, 1}
main:@142 = hip::hip_copy_literal[id=main:@literal:14] -> float_type, {256, 512, 1, 1}, {512, 1, 1, 1}
main:@143 = multibroadcast[out_lens={1, 256, 28, 28}](main:@141) -> float_type, {1, 256, 28, 28}, {0, 1, 0, 0}
main:@144 = load[offset=200704,end=1003520](main:@1) -> float_type, {1, 256, 28, 28}, {200704, 784, 28, 1}
main:@145 = gpu::miopen_fusion[ops={{op=convolution[padding={0, 0, 0, 0},stride={1, 1},dilation={1, 1},group=1,padding_mode=0],alpha=1,beta=0}, {op=add,alpha=1,beta=0}, {op=relu,alpha=1,beta=0}}](main:@140,main:@142,main:@143,main:@144) -> float_type, {1, 256, 28, 28}, {200704, 784, 28, 1}
main:@146 = hip::hip_copy_literal[id=main:@literal:41] -> float_type, {256, 256, 3, 3}, {2304, 9, 3, 1}
main:@147 = load[offset=0,end=0](main:@1) -> int8_type, {0}, {1}
main:@148 = load[offset=0,end=200704](main:@1) -> float_type, {1, 256, 14, 14}, {50176, 196, 14, 1}
main:@149 = gpu::convolution[op={padding={1, 1, 1, 1},stride={2, 2},dilation={1, 1},group=1,padding_mode=0},algo=5,int8_x4_format=0,solution_id=81](main:@145,main:@146,main:@147,main:@148) -> float_type, {1, 256, 14, 14}, {50176, 196, 14, 1}
main:@150 = hip::hip_copy_literal[id=main:@literal:11] -> float_type, {1024, 768, 1, 1}, {768, 1, 1, 1}
main:@151 = hip::hip_copy_literal[id=main:@literal:12] -> float_type, {256, 1, 1}, {1, 1, 1}
main:@152 = load[offset=602112,end=802816](main:@1) -> float_type, {1, 256, 14, 14}, {50176, 196, 14, 1}
main:@153 = multibroadcast[out_lens={1, 256, 14, 14}](main:@151) -> float_type, {1, 256, 14, 14}, {0, 1, 0, 0}
main:@154 = gpu::code_object[code_object=13632,symbol_name=add_relu_kernel,global=25088,local=1024,](main:@149,main:@153,main:@152) -> float_type, {1, 256, 14, 14}, {50176, 196, 14, 1}
main:@155 = load[offset=0,end=602112](main:@1) -> float_type, {1, 768, 14, 14}, {150528, 196, 14, 1}
main:@156 = step[axes={2, 3},steps={2, 2}](main:@140) -> float_type, {1, 512, 14, 14}, {401408, 784, 56, 2}
main:@157 = gpu::code_object[code_object=13632,symbol_name=concat_kernel,global=75264,local=1024,](main:@154,main:@156,main:@155) -> float_type, {1, 768, 14, 14}, {150528, 196, 14, 1}
main:@158 = load[offset=802816,end=1605632](main:@1) -> float_type, {1, 1024, 14, 14}, {200704, 196, 14, 1}
main:@159 = load[offset=0,end=0](main:@1) -> int8_type, {0}, {1}
main:@160 = gpu::convolution[op={padding={0, 0, 0, 0},stride={1, 1},dilation={1, 1},group=1,padding_mode=0},algo=5,int8_x4_format=0,solution_id=81](main:@157,main:@150,main:@159,main:@158) -> float_type, {1, 1024, 14, 14}, {200704, 196, 14, 1}
main:@161 = hip::hip_copy_literal[id=main:@literal:37] -> float_type, {1024, 1, 1}, {1, 1, 1}
main:@162 = hip::hip_copy_literal[id=main:@literal:35] -> float_type, {1024, 1, 1}, {1, 1, 1}
main:@163 = hip::hip_copy_literal[id=main:@literal:10] -> float_type, {1024, 1, 1}, {1, 1, 1}
main:@164 = hip::hip_copy_literal[id=main:@literal:62] -> float_type, {1024, 1, 1}, {1, 1, 1}
main:@165 = load[offset=0,end=802816](main:@1) -> float_type, {1, 1024, 14, 14}, {200704, 196, 14, 1}
main:@166 = multibroadcast[out_lens={1, 1024, 14, 14}](main:@163) -> float_type, {1, 1024, 14, 14}, {0, 1, 0, 0}
main:@167 = gpu::code_object[code_object=13632,symbol_name=add_relu_kernel,global=100352,local=1024,](main:@160,main:@166,main:@165) -> float_type, {1, 1024, 14, 14}, {200704, 196, 14, 1}
main:@168 = hip::hip_copy_literal[id=main:@literal:8] -> float_type, {256, 1024, 1, 1}, {1024, 1, 1, 1}
main:@169 = load[offset=802816,end=1003520](main:@1) -> float_type, {1, 256, 14, 14}, {50176, 196, 14, 1}
main:@170 = load[offset=0,end=0](main:@1) -> int8_type, {0}, {1}
main:@171 = gpu::convolution[op={padding={0, 0, 0, 0},stride={1, 1},dilation={1, 1},group=1,padding_mode=0},algo=5,int8_x4_format=0,solution_id=81](main:@167,main:@168,main:@170,main:@169) -> float_type, {1, 256, 14, 14}, {50176, 196, 14, 1}
main:@172 = hip::hip_copy_literal[id=main:@literal:55] -> float_type, {256, 256, 3, 3}, {2304, 9, 3, 1}
main:@173 = hip::hip_copy_literal[id=main:@literal:16] -> float_type, {1024, 256, 1, 1}, {256, 1, 1, 1}
main:@174 = hip::hip_copy_literal[id=main:@literal:7] -> float_type, {256, 1, 1}, {1, 1, 1}
main:@175 = hip::hip_copy_literal[id=main:@literal:5] -> float_type, {256, 1, 1}, {1, 1, 1}
main:@176 = load[offset=1003520,end=1204224](main:@1) -> float_type, {1, 256, 14, 14}, {50176, 196, 14, 1}
main:@177 = multibroadcast[out_lens={1, 256, 14, 14}](main:@174) -> float_type, {1, 256, 14, 14}, {0, 1, 0, 0}
main:@178 = gpu::code_object[code_object=13632,symbol_name=add_relu_kernel,global=25088,local=1024,](main:@171,main:@177,main:@176) -> float_type, {1, 256, 14, 14}, {50176, 196, 14, 1}
main:@179 = load[offset=802816,end=1003520](main:@1) -> float_type, {1, 256, 14, 14}, {50176, 196, 14, 1}
main:@180 = multibroadcast[out_lens={1, 256, 14, 14}](main:@175) -> float_type, {1, 256, 14, 14}, {0, 1, 0, 0}
main:@181 = gpu::miopen_fusion[ops={{op=convolution[padding={1, 1, 1, 1},stride={1, 1},dilation={1, 1},group=1,padding_mode=0],alpha=1,beta=0}, {op=add,alpha=1,beta=0}, {op=relu,alpha=1,beta=0}}](main:@178,main:@172,main:@180,main:@179) -> float_type, {1, 256, 14, 14}, {50176, 196, 14, 1}
main:@182 = load[offset=1605632,end=2408448](main:@1) -> float_type, {1, 1024, 14, 14}, {200704, 196, 14, 1}
main:@183 = load[offset=0,end=0](main:@1) -> int8_type, {0}, {1}
main:@184 = gpu::convolution[op={padding={0, 0, 0, 0},stride={1, 1},dilation={1, 1},group=1,padding_mode=0},algo=5,int8_x4_format=0,solution_id=81](main:@181,main:@173,main:@183,main:@182) -> float_type, {1, 1024, 14, 14}, {200704, 196, 14, 1}
main:@185 = load[offset=802816,end=1605632](main:@1) -> float_type, {1, 1024, 14, 14}, {200704, 196, 14, 1}
main:@186 = multibroadcast[out_lens={1, 1024, 14, 14}](main:@161) -> float_type, {1, 1024, 14, 14}, {0, 1, 0, 0}
main:@187 = gpu::code_object[code_object=13640,symbol_name=add_add_relu_kernel,global=100352,local=1024,](main:@184,main:@186,main:@167,main:@185) -> float_type, {1, 1024, 14, 14}, {200704, 196, 14, 1}
main:@188 = hip::hip_copy_literal[id=main:@literal:4] -> float_type, {256, 1024, 1, 1}, {1024, 1, 1, 1}
main:@189 = load[offset=0,end=200704](main:@1) -> float_type, {1, 256, 14, 14}, {50176, 196, 14, 1}
main:@190 = load[offset=0,end=0](main:@1) -> int8_type, {0}, {1}
main:@191 = gpu::convolution[op={padding={0, 0, 0, 0},stride={1, 1},dilation={1, 1},group=1,padding_mode=0},algo=5,int8_x4_format=0,solution_id=81](main:@187,main:@188,main:@190,main:@189) -> float_type, {1, 256, 14, 14}, {50176, 196, 14, 1}
main:@192 = hip::hip_copy_literal[id=main:@literal:13] -> float_type, {256, 1, 1}, {1, 1, 1}
main:@193 = hip::hip_copy_literal[id=main:@literal:2] -> float_type, {256, 1, 1}, {1, 1, 1}
main:@194 = hip::hip_copy_literal[id=main:@literal:0] -> float_type, {256, 256, 3, 3}, {2304, 9, 3, 1}
main:@195 = hip::hip_copy_literal[id=main:@literal:71] -> float_type, {1024, 256, 1, 1}, {256, 1, 1, 1}
main:@196 = load[offset=200704,end=401408](main:@1) -> float_type, {1, 256, 14, 14}, {50176, 196, 14, 1}
main:@197 = multibroadcast[out_lens={1, 256, 14, 14}](main:@192) -> float_type, {1, 256, 14, 14}, {0, 1, 0, 0}
main:@198 = gpu::code_object[code_object=13632,symbol_name=add_relu_kernel,global=25088,local=1024,](main:@191,main:@197,main:@196) -> float_type, {1, 256, 14, 14}, {50176, 196, 14, 1}
main:@199 = load[offset=0,end=200704](main:@1) -> float_type, {1, 256, 14, 14}, {50176, 196, 14, 1}
main:@200 = multibroadcast[out_lens={1, 256, 14, 14}](main:@193) -> float_type, {1, 256, 14, 14}, {0, 1, 0, 0}
main:@201 = gpu::miopen_fusion[ops={{op=convolution[padding={1, 1, 1, 1},stride={1, 1},dilation={1, 1},group=1,padding_mode=0],alpha=1,beta=0}, {op=add,alpha=1,beta=0}, {op=relu,alpha=1,beta=0}}](main:@198,main:@194,main:@200,main:@199) -> float_type, {1, 256, 14, 14}, {50176, 196, 14, 1}
main:@202 = load[offset=1605632,end=2408448](main:@1) -> float_type, {1, 1024, 14, 14}, {200704, 196, 14, 1}
main:@203 = load[offset=0,end=0](main:@1) -> int8_type, {0}, {1}
main:@204 = gpu::convolution[op={padding={0, 0, 0, 0},stride={1, 1},dilation={1, 1},group=1,padding_mode=0},algo=5,int8_x4_format=0,solution_id=81](main:@201,main:@195,main:@203,main:@202) -> float_type, {1, 1024, 14, 14}, {200704, 196, 14, 1}
main:@205 = load[offset=0,end=802816](main:@1) -> float_type, {1, 1024, 14, 14}, {200704, 196, 14, 1}
main:@206 = multibroadcast[out_lens={1, 1024, 14, 14}](main:@162) -> float_type, {1, 1024, 14, 14}, {0, 1, 0, 0}
main:@207 = gpu::code_object[code_object=13640,symbol_name=add_add_relu_kernel,global=100352,local=1024,](main:@204,main:@206,main:@187,main:@205) -> float_type, {1, 1024, 14, 14}, {200704, 196, 14, 1}
main:@208 = hip::hip_copy_literal[id=main:@literal:43] -> float_type, {256, 1024, 1, 1}, {1024, 1, 1, 1}
main:@209 = load[offset=802816,end=1003520](main:@1) -> float_type, {1, 256, 14, 14}, {50176, 196, 14, 1}
main:@210 = load[offset=0,end=0](main:@1) -> int8_type, {0}, {1}
main:@211 = gpu::convolution[op={padding={0, 0, 0, 0},stride={1, 1},dilation={1, 1},group=1,padding_mode=0},algo=5,int8_x4_format=0,solution_id=81](main:@207,main:@208,main:@210,main:@209) -> float_type, {1, 256, 14, 14}, {50176, 196, 14, 1}
main:@212 = hip::hip_copy_literal[id=main:@literal:50] -> float_type, {1024, 256, 1, 1}, {256, 1, 1, 1}
main:@213 = hip::hip_copy_literal[id=main:@literal:72] -> float_type, {256, 1, 1}, {1, 1, 1}
main:@214 = hip::hip_copy_literal[id=main:@literal:73] -> float_type, {256, 256, 3, 3}, {2304, 9, 3, 1}
main:@215 = hip::hip_copy_literal[id=main:@literal:68] -> float_type, {256, 1, 1}, {1, 1, 1}
main:@216 = load[offset=1003520,end=1204224](main:@1) -> float_type, {1, 256, 14, 14}, {50176, 196, 14, 1}
main:@217 = multibroadcast[out_lens={1, 256, 14, 14}](main:@215) -> float_type, {1, 256, 14, 14}, {0, 1, 0, 0}
main:@218 = gpu::code_object[code_object=13632,symbol_name=add_relu_kernel,global=25088,local=1024,](main:@211,main:@217,main:@216) -> float_type, {1, 256, 14, 14}, {50176, 196, 14, 1}
main:@219 = load[offset=802816,end=1003520](main:@1) -> float_type, {1, 256, 14, 14}, {50176, 196, 14, 1}
main:@220 = multibroadcast[out_lens={1, 256, 14, 14}](main:@213) -> float_type, {1, 256, 14, 14}, {0, 1, 0, 0}
main:@221 = gpu::miopen_fusion[ops={{op=convolution[padding={1, 1, 1, 1},stride={1, 1},dilation={1, 1},group=1,padding_mode=0],alpha=1,beta=0}, {op=add,alpha=1,beta=0}, {op=relu,alpha=1,beta=0}}](main:@218,main:@214,main:@220,main:@219) -> float_type, {1, 256, 14, 14}, {50176, 196, 14, 1}
main:@222 = load[offset=0,end=0](main:@1) -> int8_type, {0}, {1}
main:@223 = load[offset=1605632,end=2408448](main:@1) -> float_type, {1, 1024, 14, 14}, {200704, 196, 14, 1}
main:@224 = gpu::convolution[op={padding={0, 0, 0, 0},stride={1, 1},dilation={1, 1},group=1,padding_mode=0},algo=5,int8_x4_format=0,solution_id=81](main:@221,main:@212,main:@222,main:@223) -> float_type, {1, 1024, 14, 14}, {200704, 196, 14, 1}
main:@225 = load[offset=802816,end=1605632](main:@1) -> float_type, {1, 1024, 14, 14}, {200704, 196, 14, 1}
main:@226 = multibroadcast[out_lens={1, 1024, 14, 14}](main:@164) -> float_type, {1, 1024, 14, 14}, {0, 1, 0, 0}
main:@227 = gpu::code_object[code_object=13640,symbol_name=add_add_relu_kernel,global=100352,local=1024,](main:@224,main:@226,main:@207,main:@225) -> float_type, {1, 1024, 14, 14}, {200704, 196, 14, 1}
main:@228 = hip::hip_copy_literal[id=main:@literal:74] -> float_type, {256, 1024, 1, 1}, {1024, 1, 1, 1}
main:@229 = load[offset=0,end=0](main:@1) -> int8_type, {0}, {1}
main:@230 = load[offset=0,end=200704](main:@1) -> float_type, {1, 256, 14, 14}, {50176, 196, 14, 1}
main:@231 = gpu::convolution[op={padding={0, 0, 0, 0},stride={1, 1},dilation={1, 1},group=1,padding_mode=0},algo=5,int8_x4_format=0,solution_id=81](main:@227,main:@228,main:@229,main:@230) -> float_type, {1, 256, 14, 14}, {50176, 196, 14, 1}
main:@232 = hip::hip_copy_literal[id=main:@literal:9] -> float_type, {256, 1, 1}, {1, 1, 1}
main:@233 = hip::hip_copy_literal[id=main:@literal:76] -> float_type, {256, 256, 3, 3}, {2304, 9, 3, 1}
main:@234 = hip::hip_copy_literal[id=main:@literal:75] -> float_type, {256, 1, 1}, {1, 1, 1}
main:@235 = hip::hip_copy_literal[id=main:@literal:78] -> float_type, {1024, 256, 1, 1}, {256, 1, 1, 1}
main:@236 = load[offset=200704,end=401408](main:@1) -> float_type, {1, 256, 14, 14}, {50176, 196, 14, 1}
main:@237 = multibroadcast[out_lens={1, 256, 14, 14}](main:@232) -> float_type, {1, 256, 14, 14}, {0, 1, 0, 0}
main:@238 = gpu::code_object[code_object=13632,symbol_name=add_relu_kernel,global=25088,local=1024,](main:@231,main:@237,main:@236) -> float_type, {1, 256, 14, 14}, {50176, 196, 14, 1}
main:@239 = load[offset=0,end=200704](main:@1) -> float_type, {1, 256, 14, 14}, {50176, 196, 14, 1}
main:@240 = multibroadcast[out_lens={1, 256, 14, 14}](main:@234) -> float_type, {1, 256, 14, 14}, {0, 1, 0, 0}
main:@241 = gpu::miopen_fusion[ops={{op=convolution[padding={1, 1, 1, 1},stride={1, 1},dilation={1, 1},group=1,padding_mode=0],alpha=1,beta=0}, {op=add,alpha=1,beta=0}, {op=relu,alpha=1,beta=0}}](main:@238,main:@233,main:@240,main:@239) -> float_type, {1, 256, 14, 14}, {50176, 196, 14, 1}
main:@242 = load[offset=0,end=0](main:@1) -> int8_type, {0}, {1}
main:@243 = load[offset=1605632,end=2408448](main:@1) -> float_type, {1, 1024, 14, 14}, {200704, 196, 14, 1}
main:@244 = gpu::convolution[op={padding={0, 0, 0, 0},stride={1, 1},dilation={1, 1},group=1,padding_mode=0},algo=5,int8_x4_format=0,solution_id=81](main:@241,main:@235,main:@242,main:@243) -> float_type, {1, 1024, 14, 14}, {200704, 196, 14, 1}
main:@245 = hip::hip_copy_literal[id=main:@literal:77] -> float_type, {1024, 1, 1}, {1, 1, 1}
main:@246 = load[offset=0,end=802816](main:@1) -> float_type, {1, 1024, 14, 14}, {200704, 196, 14, 1}
main:@247 = multibroadcast[out_lens={1, 1024, 14, 14}](main:@245) -> float_type, {1, 1024, 14, 14}, {0, 1, 0, 0}
main:@248 = gpu::code_object[code_object=13640,symbol_name=add_add_relu_kernel,global=100352,local=1024,](main:@244,main:@247,main:@227,main:@246) -> float_type, {1, 1024, 14, 14}, {200704, 196, 14, 1}
main:@249 = hip::hip_copy_literal[id=main:@literal:80] -> float_type, {256, 1024, 1, 1}, {1024, 1, 1, 1}
main:@250 = load[offset=0,end=0](main:@1) -> int8_type, {0}, {1}
main:@251 = load[offset=802816,end=1003520](main:@1) -> float_type, {1, 256, 14, 14}, {50176, 196, 14, 1}
main:@252 = gpu::convolution[op={padding={0, 0, 0, 0},stride={1, 1},dilation={1, 1},group=1,padding_mode=0},algo=5,int8_x4_format=0,solution_id=81](main:@248,main:@249,main:@250,main:@251) -> float_type, {1, 256, 14, 14}, {50176, 196, 14, 1}
main:@253 = hip::hip_copy_literal[id=main:@literal:81] -> float_type, {256, 1, 1}, {1, 1, 1}
main:@254 = hip::hip_copy_literal[id=main:@literal:79] -> float_type, {256, 1, 1}, {1, 1, 1}
main:@255 = hip::hip_copy_literal[id=main:@literal:84] -> float_type, {1024, 256, 1, 1}, {256, 1, 1, 1}
main:@256 = hip::hip_copy_literal[id=main:@literal:82] -> float_type, {256, 256, 3, 3}, {2304, 9, 3, 1}
main:@257 = load[offset=1003520,end=1204224](main:@1) -> float_type, {1, 256, 14, 14}, {50176, 196, 14, 1}
main:@258 = multibroadcast[out_lens={1, 256, 14, 14}](main:@254) -> float_type, {1, 256, 14, 14}, {0, 1, 0, 0}
main:@259 = gpu::code_object[code_object=13632,symbol_name=add_relu_kernel,global=25088,local=1024,](main:@252,main:@258,main:@257) -> float_type, {1, 256, 14, 14}, {50176, 196, 14, 1}
main:@260 = load[offset=802816,end=1003520](main:@1) -> float_type, {1, 256, 14, 14}, {50176, 196, 14, 1}
main:@261 = multibroadcast[out_lens={1, 256, 14, 14}](main:@253) -> float_type, {1, 256, 14, 14}, {0, 1, 0, 0}
main:@262 = gpu::miopen_fusion[ops={{op=convolution[padding={1, 1, 1, 1},stride={1, 1},dilation={1, 1},group=1,padding_mode=0],alpha=1,beta=0}, {op=add,alpha=1,beta=0}, {op=relu,alpha=1,beta=0}}](main:@259,main:@256,main:@261,main:@260) -> float_type, {1, 256, 14, 14}, {50176, 196, 14, 1}
main:@263 = load[offset=0,end=0](main:@1) -> int8_type, {0}, {1}
main:@264 = load[offset=1605632,end=2408448](main:@1) -> float_type, {1, 1024, 14, 14}, {200704, 196, 14, 1}
main:@265 = gpu::convolution[op={padding={0, 0, 0, 0},stride={1, 1},dilation={1, 1},group=1,padding_mode=0},algo=5,int8_x4_format=0,solution_id=81](main:@262,main:@255,main:@263,main:@264) -> float_type, {1, 1024, 14, 14}, {200704, 196, 14, 1}
main:@266 = hip::hip_copy_literal[id=main:@literal:83] -> float_type, {1024, 1, 1}, {1, 1, 1}
main:@267 = load[offset=802816,end=1605632](main:@1) -> float_type, {1, 1024, 14, 14}, {200704, 196, 14, 1}
main:@268 = multibroadcast[out_lens={1, 1024, 14, 14}](main:@266) -> float_type, {1, 1024, 14, 14}, {0, 1, 0, 0}
main:@269 = gpu::code_object[code_object=13640,symbol_name=add_add_relu_kernel,global=100352,local=1024,](main:@265,main:@268,main:@248,main:@267) -> float_type, {1, 1024, 14, 14}, {200704, 196, 14, 1}
main:@270 = hip::hip_copy_literal[id=main:@literal:85] -> float_type, {512, 1024, 1, 1}, {1024, 1, 1, 1}
main:@271 = load[offset=0,end=401408](main:@1) -> float_type, {1, 512, 14, 14}, {100352, 196, 14, 1}
main:@272 = load[offset=0,end=0](main:@1) -> int8_type, {0}, {1}
main:@273 = gpu::convolution[op={padding={0, 0, 0, 0},stride={1, 1},dilation={1, 1},group=1,padding_mode=0},algo=5,int8_x4_format=0,solution_id=81](main:@269,main:@270,main:@272,main:@271) -> float_type, {1, 512, 14, 14}, {100352, 196, 14, 1}
main:@274 = hip::hip_copy_literal[id=main:@literal:34] -> float_type, {512, 512, 3, 3}, {4608, 9, 3, 1}
main:@275 = hip::hip_copy_literal[id=main:@literal:15] -> float_type, {512, 1, 1}, {1, 1, 1}
main:@276 = load[offset=401408,end=802816](main:@1) -> float_type, {1, 512, 14, 14}, {100352, 196, 14, 1}
main:@277 = multibroadcast[out_lens={1, 512, 14, 14}](main:@275) -> float_type, {1, 512, 14, 14}, {0, 1, 0, 0}
main:@278 = gpu::code_object[code_object=13632,symbol_name=add_relu_kernel,global=50176,local=1024,](main:@273,main:@277,main:@276) -> float_type, {1, 512, 14, 14}, {100352, 196, 14, 1}
main:@279 = load[offset=1605632,end=2508800](main:@1) -> int8_type, {903168}, {1}
main:@280 = load[offset=0,end=100352](main:@1) -> float_type, {1, 512, 7, 7}, {25088, 49, 7, 1}
main:@281 = gpu::convolution[op={padding={1, 1, 1, 1},stride={2, 2},dilation={1, 1},group=1,padding_mode=0},algo=0,int8_x4_format=0,solution_id=91](main:@278,main:@274,main:@279,main:@280) -> float_type, {1, 512, 7, 7}, {25088, 49, 7, 1}
main:@282 = hip::hip_copy_literal[id=main:@literal:86] -> float_type, {2048, 1536, 1, 1}, {1536, 1, 1, 1}
main:@283 = hip::hip_copy_literal[id=main:@literal:47] -> float_type, {512, 1, 1}, {1, 1, 1}
main:@284 = load[offset=100352,end=200704](main:@1) -> float_type, {1, 512, 7, 7}, {25088, 49, 7, 1}
main:@285 = multibroadcast[out_lens={1, 512, 7, 7}](main:@283) -> float_type, {1, 512, 7, 7}, {0, 1, 0, 0}
main:@286 = gpu::code_object[code_object=13632,symbol_name=add_relu_kernel,global=25088,local=1024,](main:@281,main:@285,main:@284) -> float_type, {1, 512, 7, 7}, {25088, 49, 7, 1}
main:@287 = load[offset=401408,end=702464](main:@1) -> float_type, {1, 1536, 7, 7}, {75264, 49, 7, 1}
main:@288 = step[axes={2, 3},steps={2, 2}](main:@269) -> float_type, {1, 1024, 7, 7}, {200704, 196, 28, 2}
main:@289 = gpu::code_object[code_object=13632,symbol_name=concat_kernel,global=37632,local=1024,](main:@286,main:@288,main:@287) -> float_type, {1, 1536, 7, 7}, {75264, 49, 7, 1}
main:@290 = load[offset=0,end=401408](main:@1) -> float_type, {1, 2048, 7, 7}, {100352, 49, 7, 1}
main:@291 = load[offset=0,end=0](main:@1) -> int8_type, {0}, {1}
main:@292 = gpu::convolution[op={padding={0, 0, 0, 0},stride={1, 1},dilation={1, 1},group=1,padding_mode=0},algo=5,int8_x4_format=0,solution_id=81](main:@289,main:@282,main:@291,main:@290) -> float_type, {1, 2048, 7, 7}, {100352, 49, 7, 1}
main:@293 = hip::hip_copy_literal[id=main:@literal:87] -> float_type, {2048, 1, 1}, {1, 1, 1}
main:@294 = load[offset=401408,end=802816](main:@1) -> float_type, {1, 2048, 7, 7}, {100352, 49, 7, 1}
main:@295 = multibroadcast[out_lens={1, 2048, 7, 7}](main:@293) -> float_type, {1, 2048, 7, 7}, {0, 1, 0, 0}
main:@296 = gpu::code_object[code_object=13632,symbol_name=add_relu_kernel,global=100352,local=1024,](main:@292,main:@295,main:@294) -> float_type, {1, 2048, 7, 7}, {100352, 49, 7, 1}
main:@297 = hip::hip_copy_literal[id=main:@literal:88] -> float_type, {512, 2048, 1, 1}, {2048, 1, 1, 1}
main:@298 = load[offset=0,end=0](main:@1) -> int8_type, {0}, {1}
main:@299 = load[offset=0,end=100352](main:@1) -> float_type, {1, 512, 7, 7}, {25088, 49, 7, 1}
main:@300 = gpu::convolution[op={padding={0, 0, 0, 0},stride={1, 1},dilation={1, 1},group=1,padding_mode=0},algo=1,int8_x4_format=0,solution_id=2](main:@296,main:@297,main:@298,main:@299) -> float_type, {1, 512, 7, 7}, {25088, 49, 7, 1}
main:@301 = hip::hip_copy_literal[id=main:@literal:91] -> float_type, {512, 512, 3, 3}, {4608, 9, 3, 1}
main:@302 = hip::hip_copy_literal[id=main:@literal:90] -> float_type, {512, 1, 1}, {1, 1, 1}
main:@303 = hip::hip_copy_literal[id=main:@literal:93] -> float_type, {2048, 512, 1, 1}, {512, 1, 1, 1}
main:@304 = hip::hip_copy_literal[id=main:@literal:59] -> float_type, {512, 1, 1}, {1, 1, 1}
main:@305 = load[offset=100352,end=200704](main:@1) -> float_type, {1, 512, 7, 7}, {25088, 49, 7, 1}
main:@306 = multibroadcast[out_lens={1, 512, 7, 7}](main:@304) -> float_type, {1, 512, 7, 7}, {0, 1, 0, 0}
main:@307 = gpu::code_object[code_object=13632,symbol_name=add_relu_kernel,global=25088,local=1024,](main:@300,main:@306,main:@305) -> float_type, {1, 512, 7, 7}, {25088, 49, 7, 1}
main:@308 = load[offset=0,end=100352](main:@1) -> float_type, {1, 512, 7, 7}, {25088, 49, 7, 1}
main:@309 = multibroadcast[out_lens={1, 512, 7, 7}](main:@302) -> float_type, {1, 512, 7, 7}, {0, 1, 0, 0}
main:@310 = gpu::miopen_fusion[ops={{op=convolution[padding={1, 1, 1, 1},stride={1, 1},dilation={1, 1},group=1,padding_mode=0],alpha=1,beta=0}, {op=add,alpha=1,beta=0}, {op=relu,alpha=1,beta=0}}](main:@307,main:@301,main:@309,main:@308) -> float_type, {1, 512, 7, 7}, {25088, 49, 7, 1}
main:@311 = load[offset=802816,end=1204224](main:@1) -> float_type, {1, 2048, 7, 7}, {100352, 49, 7, 1}
main:@312 = load[offset=0,end=0](main:@1) -> int8_type, {0}, {1}
main:@313 = gpu::convolution[op={padding={0, 0, 0, 0},stride={1, 1},dilation={1, 1},group=1,padding_mode=0},algo=5,int8_x4_format=0,solution_id=81](main:@310,main:@303,main:@312,main:@311) -> float_type, {1, 2048, 7, 7}, {100352, 49, 7, 1}
main:@314 = hip::hip_copy_literal[id=main:@literal:92] -> float_type, {2048, 1, 1}, {1, 1, 1}
main:@315 = hip::hip_copy_literal[id=main:@literal:94] -> float_type, {512, 2048, 1, 1}, {2048, 1, 1, 1}
main:@316 = load[offset=0,end=401408](main:@1) -> float_type, {1, 2048, 7, 7}, {100352, 49, 7, 1}
main:@317 = multibroadcast[out_lens={1, 2048, 7, 7}](main:@314) -> float_type, {1, 2048, 7, 7}, {0, 1, 0, 0}
main:@318 = gpu::code_object[code_object=13640,symbol_name=add_add_relu_kernel,global=100352,local=1024,](main:@313,main:@317,main:@296,main:@316) -> float_type, {1, 2048, 7, 7}, {100352, 49, 7, 1}
main:@319 = load[offset=0,end=0](main:@1) -> int8_type, {0}, {1}
main:@320 = load[offset=401408,end=501760](main:@1) -> float_type, {1, 512, 7, 7}, {25088, 49, 7, 1}
main:@321 = gpu::convolution[op={padding={0, 0, 0, 0},stride={1, 1},dilation={1, 1},group=1,padding_mode=0},algo=1,int8_x4_format=0,solution_id=2](main:@318,main:@315,main:@319,main:@320) -> float_type, {1, 512, 7, 7}, {25088, 49, 7, 1}
main:@322 = hip::hip_copy_literal[id=main:@literal:95] -> float_type, {512, 1, 1}, {1, 1, 1}
main:@323 = hip::hip_copy_literal[id=main:@literal:99] -> float_type, {2048, 512, 1, 1}, {512, 1, 1, 1}
main:@324 = hip::hip_copy_literal[id=main:@literal:97] -> float_type, {512, 512, 3, 3}, {4608, 9, 3, 1}
main:@325 = hip::hip_copy_literal[id=main:@literal:45] -> float_type, {512, 1, 1}, {1, 1, 1}
main:@326 = multibroadcast[out_lens={1, 512, 7, 7}](main:@325) -> float_type, {1, 512, 7, 7}, {0, 1, 0, 0}
main:@327 = load[offset=501760,end=602112](main:@1) -> float_type, {1, 512, 7, 7}, {25088, 49, 7, 1}
main:@328 = gpu::code_object[code_object=13632,symbol_name=add_relu_kernel,global=25088,local=1024,](main:@321,main:@326,main:@327) -> float_type, {1, 512, 7, 7}, {25088, 49, 7, 1}
main:@329 = load[offset=802816,end=903168](main:@1) -> float_type, {1, 512, 7, 7}, {25088, 49, 7, 1}
main:@330 = multibroadcast[out_lens={1, 512, 7, 7}](main:@322) -> float_type, {1, 512, 7, 7}, {0, 1, 0, 0}
main:@331 = gpu::miopen_fusion[ops={{op=convolution[padding={1, 1, 1, 1},stride={1, 1},dilation={1, 1},group=1,padding_mode=0],alpha=1,beta=0}, {op=add,alpha=1,beta=0}, {op=relu,alpha=1,beta=0}}](main:@328,main:@324,main:@330,main:@329) -> float_type, {1, 512, 7, 7}, {25088, 49, 7, 1}
main:@332 = load[offset=401408,end=802816](main:@1) -> float_type, {1, 2048, 7, 7}, {100352, 49, 7, 1}
main:@333 = load[offset=0,end=0](main:@1) -> int8_type, {0}, {1}
main:@334 = gpu::convolution[op={padding={0, 0, 0, 0},stride={1, 1},dilation={1, 1},group=1,padding_mode=0},algo=5,int8_x4_format=0,solution_id=81](main:@331,main:@323,main:@333,main:@332) -> float_type, {1, 2048, 7, 7}, {100352, 49, 7, 1}
main:@335 = hip::hip_copy_literal[id=main:@literal:98] -> float_type, {2048, 1, 1}, {1, 1, 1}
main:@336 = hip::hip_copy_literal[id=main:@literal:89] -> float_type, {1, 1000}, {1000, 1}
main:@337 = hip::hip_copy_literal[id=main:@literal:96] -> float_type, {2048, 1000}, {1000, 1}
main:@338 = load[offset=802816,end=1204224](main:@1) -> float_type, {1, 2048, 7, 7}, {100352, 49, 7, 1}
main:@339 = multibroadcast[out_lens={1, 2048, 7, 7}](main:@335) -> float_type, {1, 2048, 7, 7}, {0, 1, 0, 0}
main:@340 = gpu::code_object[code_object=13640,symbol_name=add_add_relu_kernel,global=100352,local=1024,](main:@334,main:@339,main:@318,main:@338) -> float_type, {1, 2048, 7, 7}, {100352, 49, 7, 1}
main:@341 = reshape[dims={2048, -1}](main:@340) -> float_type, {2048, 49}, {49, 1}
main:@342 = load[offset=0,end=8192](main:@1) -> float_type, {2048, 1}, {1, 1}
main:@343 = gpu::code_object[code_object=13632,symbol_name=reduce_kernel,global=131072,local=64,](main:@341,main:@342) -> float_type, {2048, 1}, {1, 1}
main:@344 = reshape[dims={1, 2048, 1, 1}](main:@343) -> float_type, {1, 2048, 1, 1}, {2048, 1, 1, 1}
main:@345 = flatten[axis=1](main:@344) -> float_type, {1, 2048}, {2048, 1}
main:#output_0 = @param:main:#output_0 -> float_type, {1, 1000}, {1000, 1}
main:@347 = gpu::gemm[alpha=1,beta=1,int8_x4_format=0,compute_fp32=1,trans_batch=0](main:@345,main:@337,main:@336,main:#output_0) -> float_type, {1, 1000}, {1000, 1}
main:@348 = @return(main:@347)


Allocating params ... 
Running performance report ... 
main:@0 = check_context::migraphx::version_1::gpu::context -> float_type, {}, {}: 0.00093812ms, 1%
main:@1 = hip::hip_allocate_memory[shape=float_type, {2408448}, {1},id=main:scratch] -> float_type, {2408448}, {1}: 0.0010505ms, 1%
main:@2 = hip::hip_copy_literal[id=main:@literal:56] -> float_type, {64, 3, 7, 7}, {147, 49, 7, 1}: 0.0007868ms, 1%
main:@3 = load[offset=0,end=3211264](main:@1) -> float_type, {1, 64, 112, 112}, {802816, 12544, 112, 1}: 0.00078306ms, 1%
input.1 = @param:input.1 -> float_type, {1, 3, 224, 224}, {150528, 50176, 224, 1}: 0.00054644ms, 1%
main:@5 = load[offset=0,end=0](main:@1) -> int8_type, {0}, {1}: 0.0006413ms, 1%
main:@6 = gpu::convolution[op={padding={3, 3, 3, 3},stride={2, 2},dilation={1, 1},group=1,padding_mode=0},algo=5,int8_x4_format=0,solution_id=81](input.1,main:@2,main:@5,main:@3) -> float_type, {1, 64, 112, 112}, {802816, 12544, 112, 1}: 0.0492112ms, 2%
main:@7 = hip::hip_copy_literal[id=main:@literal:26] -> float_type, {64, 1, 1}, {1, 1, 1}: 0.00076952ms, 1%
main:@8 = load[offset=3211264,end=6422528](main:@1) -> float_type, {1, 64, 112, 112}, {802816, 12544, 112, 1}: 0.00097852ms, 1%
main:@9 = multibroadcast[out_lens={1, 64, 112, 112}](main:@7) -> float_type, {1, 64, 112, 112}, {0, 1, 0, 0}: 0.00133758ms, 1%
main:@10 = gpu::code_object[code_object=13632,symbol_name=add_relu_kernel,global=401408,local=1024,](main:@6,main:@9,main:@8) -> float_type, {1, 64, 112, 112}, {802816, 12544, 112, 1}: 0.0249995ms, 1%
main:@11 = load[offset=0,end=802816](main:@1) -> float_type, {1, 64, 56, 56}, {200704, 3136, 56, 1}: 0.00068814ms, 1%
main:@12 = gpu::pooling[mode=max,padding={1, 1, 1, 1},stride={2, 2},lengths={3, 3},ceil_mode=0,lp_order=2](main:@10,main:@11) -> float_type, {1, 64, 56, 56}, {200704, 3136, 56, 1}: 0.0602133ms, 2%
main:@13 = hip::hip_copy_literal[id=main:@literal:24] -> float_type, {256, 128, 1, 1}, {128, 1, 1, 1}: 0.00071168ms, 1%
main:@14 = hip::hip_copy_literal[id=main:@literal:6] -> float_type, {64, 1, 1}, {1, 1, 1}: 0.0008467ms, 1%
main:@15 = hip::hip_copy_literal[id=main:@literal:53] -> float_type, {64, 64, 1, 1}, {64, 1, 1, 1}: 0.00095662ms, 1%
main:@16 = load[offset=802816,end=1605632](main:@1) -> float_type, {1, 64, 56, 56}, {200704, 3136, 56, 1}: 0.00083144ms, 1%
main:@17 = multibroadcast[out_lens={1, 64, 56, 56}](main:@14) -> float_type, {1, 64, 56, 56}, {0, 1, 0, 0}: 0.00123026ms, 1%
main:@18 = gpu::miopen_fusion[ops={{op=convolution[padding={0, 0, 0, 0},stride={1, 1},dilation={1, 1},group=1,padding_mode=0],alpha=1,beta=0}, {op=add,alpha=1,beta=0}, {op=relu,alpha=1,beta=0}}](main:@12,main:@15,main:@17,main:@16) -> float_type, {1, 64, 56, 56}, {200704, 3136, 56, 1}: 0.031912ms, 1%
main:@19 = hip::hip_copy_literal[id=main:@literal:40] -> float_type, {64, 64, 3, 3}, {576, 9, 3, 1}: 0.00066916ms, 1%
main:@20 = hip::hip_copy_literal[id=main:@literal:44] -> float_type, {64, 1, 1}, {1, 1, 1}: 0.00078622ms, 1%
main:@21 = multibroadcast[out_lens={1, 64, 56, 56}](main:@20) -> float_type, {1, 64, 56, 56}, {0, 1, 0, 0}: 0.00111244ms, 1%
main:@22 = load[offset=1605632,end=2408448](main:@1) -> float_type, {1, 64, 56, 56}, {200704, 3136, 56, 1}: 0.00081544ms, 1%
main:@23 = gpu::miopen_fusion[ops={{op=convolution[padding={1, 1, 1, 1},stride={1, 1},dilation={1, 1},group=1,padding_mode=0],alpha=1,beta=0}, {op=add,alpha=1,beta=0}, {op=relu,alpha=1,beta=0}}](main:@18,main:@19,main:@21,main:@22) -> float_type, {1, 64, 56, 56}, {200704, 3136, 56, 1}: 0.0629458ms, 2%
main:@24 = load[offset=3211264,end=4816896](main:@1) -> float_type, {1, 128, 56, 56}, {401408, 3136, 56, 1}: 0.000724ms, 1%
main:@25 = gpu::code_object[code_object=13632,symbol_name=concat_kernel,global=100352,local=1024,](main:@23,main:@12,main:@24) -> float_type, {1, 128, 56, 56}, {401408, 3136, 56, 1}: 0.0214903ms, 1%
main:@26 = hip::hip_copy_literal[id=main:@literal:18] -> float_type, {256, 1, 1}, {1, 1, 1}: 0.00073524ms, 1%
main:@27 = multibroadcast[out_lens={1, 256, 56, 56}](main:@26) -> float_type, {1, 256, 56, 56}, {0, 1, 0, 0}: 0.00120914ms, 1%
main:@28 = load[offset=0,end=3211264](main:@1) -> float_type, {1, 256, 56, 56}, {802816, 3136, 56, 1}: 0.00080886ms, 1%
main:@29 = gpu::miopen_fusion[ops={{op=convolution[padding={0, 0, 0, 0},stride={1, 1},dilation={1, 1},group=1,padding_mode=0],alpha=1,beta=0}, {op=add,alpha=1,beta=0}, {op=relu,alpha=1,beta=0}}](main:@25,main:@13,main:@27,main:@28) -> float_type, {1, 256, 56, 56}, {802816, 3136, 56, 1}: 0.0437015ms, 2%
main:@30 = hip::hip_copy_literal[id=main:@literal:38] -> float_type, {64, 64, 3, 3}, {576, 9, 3, 1}: 0.00084534ms, 1%
main:@31 = hip::hip_copy_literal[id=main:@literal:28] -> float_type, {64, 1, 1}, {1, 1, 1}: 0.00084806ms, 1%
main:@32 = hip::hip_copy_literal[id=main:@literal:54] -> float_type, {64, 1, 1}, {1, 1, 1}: 0.00085918ms, 1%
main:@33 = hip::hip_copy_literal[id=main:@literal:1] -> float_type, {256, 64, 1, 1}, {64, 1, 1, 1}: 0.00070246ms, 1%
main:@34 = hip::hip_copy_literal[id=main:@literal:48] -> float_type, {64, 256, 1, 1}, {256, 1, 1, 1}: 0.00093408ms, 1%
main:@35 = multibroadcast[out_lens={1, 64, 56, 56}](main:@31) -> float_type, {1, 64, 56, 56}, {0, 1, 0, 0}: 0.00101708ms, 1%
main:@36 = load[offset=4014080,end=4816896](main:@1) -> float_type, {1, 64, 56, 56}, {200704, 3136, 56, 1}: 0.00069382ms, 1%
main:@37 = gpu::miopen_fusion[ops={{op=convolution[padding={0, 0, 0, 0},stride={1, 1},dilation={1, 1},group=1,padding_mode=0],alpha=1,beta=0}, {op=add,alpha=1,beta=0}, {op=relu,alpha=1,beta=0}}](main:@29,main:@34,main:@35,main:@36) -> float_type, {1, 64, 56, 56}, {200704, 3136, 56, 1}: 0.0356389ms, 1%
main:@38 = multibroadcast[out_lens={1, 64, 56, 56}](main:@32) -> float_type, {1, 64, 56, 56}, {0, 1, 0, 0}: 0.00090798ms, 1%
main:@39 = load[offset=3211264,end=4014080](main:@1) -> float_type, {1, 64, 56, 56}, {200704, 3136, 56, 1}: 0.00095232ms, 1%
main:@40 = gpu::miopen_fusion[ops={{op=convolution[padding={1, 1, 1, 1},stride={1, 1},dilation={1, 1},group=1,padding_mode=0],alpha=1,beta=0}, {op=add,alpha=1,beta=0}, {op=relu,alpha=1,beta=0}}](main:@37,main:@30,main:@38,main:@39) -> float_type, {1, 64, 56, 56}, {200704, 3136, 56, 1}: 0.0494258ms, 2%
main:@41 = load[offset=6422528,end=9633792](main:@1) -> float_type, {1, 256, 56, 56}, {802816, 3136, 56, 1}: 0.00072412ms, 1%
main:@42 = load[offset=0,end=0](main:@1) -> int8_type, {0}, {1}: 0.000868ms, 1%
main:@43 = gpu::convolution[op={padding={0, 0, 0, 0},stride={1, 1},dilation={1, 1},group=1,padding_mode=0},algo=5,int8_x4_format=0,solution_id=64](main:@40,main:@33,main:@42,main:@41) -> float_type, {1, 256, 56, 56}, {802816, 3136, 56, 1}: 0.037648ms, 1%
main:@44 = hip::hip_copy_literal[id=main:@literal:57] -> float_type, {256, 1, 1}, {1, 1, 1}: 0.00078656ms, 1%
main:@45 = multibroadcast[out_lens={1, 256, 56, 56}](main:@44) -> float_type, {1, 256, 56, 56}, {0, 1, 0, 0}: 0.0012231ms, 1%
main:@46 = load[offset=3211264,end=6422528](main:@1) -> float_type, {1, 256, 56, 56}, {802816, 3136, 56, 1}: 0.00091516ms, 1%
main:@47 = gpu::code_object[code_object=13640,symbol_name=add_add_relu_kernel,global=401408,local=1024,](main:@43,main:@45,main:@29,main:@46) -> float_type, {1, 256, 56, 56}, {802816, 3136, 56, 1}: 0.0286306ms, 1%
main:@48 = hip::hip_copy_literal[id=main:@literal:36] -> float_type, {64, 1, 1}, {1, 1, 1}: 0.0006788ms, 1%
main:@49 = hip::hip_copy_literal[id=main:@literal:58] -> float_type, {64, 256, 1, 1}, {256, 1, 1, 1}: 0.00082948ms, 1%
main:@50 = hip::hip_copy_literal[id=main:@literal:60] -> float_type, {64, 1, 1}, {1, 1, 1}: 0.00093574ms, 1%
main:@51 = load[offset=802816,end=1605632](main:@1) -> float_type, {1, 64, 56, 56}, {200704, 3136, 56, 1}: 0.00075826ms, 1%
main:@52 = multibroadcast[out_lens={1, 64, 56, 56}](main:@50) -> float_type, {1, 64, 56, 56}, {0, 1, 0, 0}: 0.00111178ms, 1%
main:@53 = gpu::miopen_fusion[ops={{op=convolution[padding={0, 0, 0, 0},stride={1, 1},dilation={1, 1},group=1,padding_mode=0],alpha=1,beta=0}, {op=add,alpha=1,beta=0}, {op=relu,alpha=1,beta=0}}](main:@47,main:@49,main:@52,main:@51) -> float_type, {1, 64, 56, 56}, {200704, 3136, 56, 1}: 0.0366186ms, 1%
main:@54 = hip::hip_copy_literal[id=main:@literal:51] -> float_type, {64, 64, 3, 3}, {576, 9, 3, 1}: 0.00067448ms, 1%
main:@55 = load[offset=0,end=802816](main:@1) -> float_type, {1, 64, 56, 56}, {200704, 3136, 56, 1}: 0.00094016ms, 1%
main:@56 = multibroadcast[out_lens={1, 64, 56, 56}](main:@48) -> float_type, {1, 64, 56, 56}, {0, 1, 0, 0}: 0.00104398ms, 1%
main:@57 = gpu::miopen_fusion[ops={{op=convolution[padding={1, 1, 1, 1},stride={1, 1},dilation={1, 1},group=1,padding_mode=0],alpha=1,beta=0}, {op=add,alpha=1,beta=0}, {op=relu,alpha=1,beta=0}}](main:@53,main:@54,main:@56,main:@55) -> float_type, {1, 64, 56, 56}, {200704, 3136, 56, 1}: 0.0486804ms, 2%
main:@58 = hip::hip_copy_literal[id=main:@literal:49] -> float_type, {256, 64, 1, 1}, {64, 1, 1, 1}: 0.00069458ms, 1%
main:@59 = load[offset=6422528,end=9633792](main:@1) -> float_type, {1, 256, 56, 56}, {802816, 3136, 56, 1}: 0.00095008ms, 1%
main:@60 = load[offset=0,end=0](main:@1) -> int8_type, {0}, {1}: 0.00078462ms, 1%
main:@61 = gpu::convolution[op={padding={0, 0, 0, 0},stride={1, 1},dilation={1, 1},group=1,padding_mode=0},algo=5,int8_x4_format=0,solution_id=64](main:@57,main:@58,main:@60,main:@59) -> float_type, {1, 256, 56, 56}, {802816, 3136, 56, 1}: 0.0356019ms, 1%
main:@62 = hip::hip_copy_literal[id=main:@literal:46] -> float_type, {256, 1, 1}, {1, 1, 1}: 0.0007372ms, 1%
main:@63 = load[offset=0,end=3211264](main:@1) -> float_type, {1, 256, 56, 56}, {802816, 3136, 56, 1}: 0.00095654ms, 1%
main:@64 = multibroadcast[out_lens={1, 256, 56, 56}](main:@62) -> float_type, {1, 256, 56, 56}, {0, 1, 0, 0}: 0.0010959ms, 1%
main:@65 = gpu::code_object[code_object=13640,symbol_name=add_add_relu_kernel,global=401408,local=1024,](main:@61,main:@64,main:@47,main:@63) -> float_type, {1, 256, 56, 56}, {802816, 3136, 56, 1}: 0.0275734ms, 1%
main:@66 = hip::hip_copy_literal[id=main:@literal:67] -> float_type, {128, 128, 3, 3}, {1152, 9, 3, 1}: 0.00068768ms, 1%
main:@67 = hip::hip_copy_literal[id=main:@literal:64] -> float_type, {128, 1, 1}, {1, 1, 1}: 0.00079762ms, 1%
main:@68 = hip::hip_copy_literal[id=main:@literal:61] -> float_type, {128, 256, 1, 1}, {256, 1, 1, 1}: 0.00089514ms, 1%
main:@69 = multibroadcast[out_lens={1, 128, 56, 56}](main:@67) -> float_type, {1, 128, 56, 56}, {0, 1, 0, 0}: 0.0009894ms, 1%
main:@70 = load[offset=3612672,end=5218304](main:@1) -> float_type, {1, 128, 56, 56}, {401408, 3136, 56, 1}: 0.00088566ms, 1%
main:@71 = gpu::miopen_fusion[ops={{op=convolution[padding={0, 0, 0, 0},stride={1, 1},dilation={1, 1},group=1,padding_mode=0],alpha=1,beta=0}, {op=add,alpha=1,beta=0}, {op=relu,alpha=1,beta=0}}](main:@65,main:@68,main:@69,main:@70) -> float_type, {1, 128, 56, 56}, {401408, 3136, 56, 1}: 0.0466081ms, 2%
main:@72 = load[offset=3211264,end=3612672](main:@1) -> float_type, {1, 128, 28, 28}, {100352, 784, 28, 1}: 0.00073566ms, 1%
main:@73 = load[offset=0,end=0](main:@1) -> int8_type, {0}, {1}: 0.00084884ms, 1%
main:@74 = gpu::convolution[op={padding={1, 1, 1, 1},stride={2, 2},dilation={1, 1},group=1,padding_mode=0},algo=5,int8_x4_format=0,solution_id=80](main:@71,main:@66,main:@73,main:@72) -> float_type, {1, 128, 28, 28}, {100352, 784, 28, 1}: 0.0598898ms, 2%
main:@75 = hip::hip_copy_literal[id=main:@literal:23] -> float_type, {512, 1, 1}, {1, 1, 1}: 0.00075174ms, 1%
main:@76 = hip::hip_copy_literal[id=main:@literal:3] -> float_type, {128, 1, 1}, {1, 1, 1}: 0.00082924ms, 1%
main:@77 = multibroadcast[out_lens={1, 128, 28, 28}](main:@76) -> float_type, {1, 128, 28, 28}, {0, 1, 0, 0}: 0.0011346ms, 1%
main:@78 = load[offset=4415488,end=4816896](main:@1) -> float_type, {1, 128, 28, 28}, {100352, 784, 28, 1}: 0.00087136ms, 1%
main:@79 = gpu::code_object[code_object=13632,symbol_name=add_relu_kernel,global=50176,local=1024,](main:@74,main:@77,main:@78) -> float_type, {1, 128, 28, 28}, {100352, 784, 28, 1}: 0.0187559ms, 1%
main:@80 = step[axes={2, 3},steps={2, 2}](main:@65) -> float_type, {1, 256, 28, 28}, {802816, 3136, 112, 2}: 0.00138112ms, 1%
main:@81 = load[offset=3211264,end=4415488](main:@1) -> float_type, {1, 384, 28, 28}, {301056, 784, 28, 1}: 0.00085912ms, 1%
main:@82 = gpu::code_object[code_object=13632,symbol_name=concat_kernel,global=150528,local=1024,](main:@79,main:@80,main:@81) -> float_type, {1, 384, 28, 28}, {301056, 784, 28, 1}: 0.021326ms, 1%
main:@83 = hip::hip_copy_literal[id=main:@literal:70] -> float_type, {512, 384, 1, 1}, {384, 1, 1, 1}: 0.00066238ms, 1%
main:@84 = load[offset=0,end=1605632](main:@1) -> float_type, {1, 512, 28, 28}, {401408, 784, 28, 1}: 0.00090796ms, 1%
main:@85 = multibroadcast[out_lens={1, 512, 28, 28}](main:@75) -> float_type, {1, 512, 28, 28}, {0, 1, 0, 0}: 0.00102542ms, 1%
main:@86 = gpu::miopen_fusion[ops={{op=convolution[padding={0, 0, 0, 0},stride={1, 1},dilation={1, 1},group=1,padding_mode=0],alpha=1,beta=0}, {op=add,alpha=1,beta=0}, {op=relu,alpha=1,beta=0}}](main:@82,main:@83,main:@85,main:@84) -> float_type, {1, 512, 28, 28}, {401408, 784, 28, 1}: 0.056274ms, 2%
main:@87 = hip::hip_copy_literal[id=main:@literal:32] -> float_type, {128, 1, 1}, {1, 1, 1}: 0.00069084ms, 1%
main:@88 = hip::hip_copy_literal[id=main:@literal:22] -> float_type, {512, 128, 1, 1}, {128, 1, 1, 1}: 0.00084308ms, 1%
main:@89 = hip::hip_copy_literal[id=main:@literal:20] -> float_type, {128, 1, 1}, {1, 1, 1}: 0.0009224ms, 1%
main:@90 = hip::hip_copy_literal[id=main:@literal:63] -> float_type, {128, 512, 1, 1}, {512, 1, 1, 1}: 0.00076754ms, 1%
main:@91 = load[offset=1605632,end=2007040](main:@1) -> float_type, {1, 128, 28, 28}, {100352, 784, 28, 1}: 0.00095542ms, 1%
main:@92 = multibroadcast[out_lens={1, 128, 28, 28}](main:@89) -> float_type, {1, 128, 28, 28}, {0, 1, 0, 0}: 0.00101982ms, 1%
main:@93 = gpu::miopen_fusion[ops={{op=convolution[padding={0, 0, 0, 0},stride={1, 1},dilation={1, 1},group=1,padding_mode=0],alpha=1,beta=0}, {op=add,alpha=1,beta=0}, {op=relu,alpha=1,beta=0}}](main:@86,main:@90,main:@92,main:@91) -> float_type, {1, 128, 28, 28}, {100352, 784, 28, 1}: 0.0419038ms, 2%
main:@94 = hip::hip_copy_literal[id=main:@literal:39] -> float_type, {128, 128, 3, 3}, {1152, 9, 3, 1}: 0.0006241ms, 1%
main:@95 = load[offset=2007040,end=2408448](main:@1) -> float_type, {1, 128, 28, 28}, {100352, 784, 28, 1}: 0.00093338ms, 1%
main:@96 = multibroadcast[out_lens={1, 128, 28, 28}](main:@87) -> float_type, {1, 128, 28, 28}, {0, 1, 0, 0}: 0.00101908ms, 1%
main:@97 = gpu::miopen_fusion[ops={{op=convolution[padding={1, 1, 1, 1},stride={1, 1},dilation={1, 1},group=1,padding_mode=0],alpha=1,beta=0}, {op=add,alpha=1,beta=0}, {op=relu,alpha=1,beta=0}}](main:@93,main:@94,main:@96,main:@95) -> float_type, {1, 128, 28, 28}, {100352, 784, 28, 1}: 0.0651905ms, 2%
main:@98 = load[offset=3211264,end=4816896](main:@1) -> float_type, {1, 512, 28, 28}, {401408, 784, 28, 1}: 0.0007681ms, 1%
main:@99 = load[offset=0,end=0](main:@1) -> int8_type, {0}, {1}: 0.0008718ms, 1%
main:@100 = gpu::convolution[op={padding={0, 0, 0, 0},stride={1, 1},dilation={1, 1},group=1,padding_mode=0},algo=5,int8_x4_format=0,solution_id=64](main:@97,main:@88,main:@99,main:@98) -> float_type, {1, 512, 28, 28}, {401408, 784, 28, 1}: 0.0357666ms, 1%
main:@101 = hip::hip_copy_literal[id=main:@literal:66] -> float_type, {512, 1, 1}, {1, 1, 1}: 0.00071668ms, 1%
main:@102 = load[offset=1605632,end=3211264](main:@1) -> float_type, {1, 512, 28, 28}, {401408, 784, 28, 1}: 0.00097266ms, 1%
main:@103 = multibroadcast[out_lens={1, 512, 28, 28}](main:@101) -> float_type, {1, 512, 28, 28}, {0, 1, 0, 0}: 0.00108538ms, 1%
main:@104 = gpu::code_object[code_object=13640,symbol_name=add_add_relu_kernel,global=200704,local=1024,](main:@100,main:@103,main:@86,main:@102) -> float_type, {1, 512, 28, 28}, {401408, 784, 28, 1}: 0.0232221ms, 1%
main:@105 = hip::hip_copy_literal[id=main:@literal:31] -> float_type, {128, 1, 1}, {1, 1, 1}: 0.00065414ms, 1%
main:@106 = hip::hip_copy_literal[id=main:@literal:29] -> float_type, {128, 128, 3, 3}, {1152, 9, 3, 1}: 0.00079442ms, 1%
main:@107 = hip::hip_copy_literal[id=main:@literal:27] -> float_type, {128, 1, 1}, {1, 1, 1}: 0.00089182ms, 1%
main:@108 = hip::hip_copy_literal[id=main:@literal:52] -> float_type, {128, 512, 1, 1}, {512, 1, 1, 1}: 0.00076046ms, 1%
main:@109 = load[offset=401408,end=802816](main:@1) -> float_type, {1, 128, 28, 28}, {100352, 784, 28, 1}: 0.0009244ms, 1%
main:@110 = multibroadcast[out_lens={1, 128, 28, 28}](main:@105) -> float_type, {1, 128, 28, 28}, {0, 1, 0, 0}: 0.0010759ms, 1%
main:@111 = gpu::miopen_fusion[ops={{op=convolution[padding={0, 0, 0, 0},stride={1, 1},dilation={1, 1},group=1,padding_mode=0],alpha=1,beta=0}, {op=add,alpha=1,beta=0}, {op=relu,alpha=1,beta=0}}](main:@104,main:@108,main:@110,main:@109) -> float_type, {1, 128, 28, 28}, {100352, 784, 28, 1}: 0.0416957ms, 2%
main:@112 = load[offset=0,end=401408](main:@1) -> float_type, {1, 128, 28, 28}, {100352, 784, 28, 1}: 0.00069534ms, 1%
main:@113 = multibroadcast[out_lens={1, 128, 28, 28}](main:@107) -> float_type, {1, 128, 28, 28}, {0, 1, 0, 0}: 0.00115948ms, 1%
main:@114 = gpu::miopen_fusion[ops={{op=convolution[padding={1, 1, 1, 1},stride={1, 1},dilation={1, 1},group=1,padding_mode=0],alpha=1,beta=0}, {op=add,alpha=1,beta=0}, {op=relu,alpha=1,beta=0}}](main:@111,main:@106,main:@113,main:@112) -> float_type, {1, 128, 28, 28}, {100352, 784, 28, 1}: 0.0619596ms, 2%
main:@115 = hip::hip_copy_literal[id=main:@literal:42] -> float_type, {512, 128, 1, 1}, {128, 1, 1, 1}: 0.00071666ms, 1%
main:@116 = load[offset=0,end=0](main:@1) -> int8_type, {0}, {1}: 0.0009737ms, 1%
main:@117 = load[offset=3211264,end=4816896](main:@1) -> float_type, {1, 512, 28, 28}, {401408, 784, 28, 1}: 0.00077228ms, 1%
main:@118 = gpu::convolution[op={padding={0, 0, 0, 0},stride={1, 1},dilation={1, 1},group=1,padding_mode=0},algo=5,int8_x4_format=0,solution_id=64](main:@114,main:@115,main:@116,main:@117) -> float_type, {1, 512, 28, 28}, {401408, 784, 28, 1}: 0.0345558ms, 1%
main:@119 = hip::hip_copy_literal[id=main:@literal:65] -> float_type, {512, 1, 1}, {1, 1, 1}: 0.00072066ms, 1%
main:@120 = load[offset=0,end=1605632](main:@1) -> float_type, {1, 512, 28, 28}, {401408, 784, 28, 1}: 0.00095556ms, 1%
main:@121 = multibroadcast[out_lens={1, 512, 28, 28}](main:@119) -> float_type, {1, 512, 28, 28}, {0, 1, 0, 0}: 0.00107174ms, 1%
main:@122 = gpu::code_object[code_object=13640,symbol_name=add_add_relu_kernel,global=200704,local=1024,](main:@118,main:@121,main:@104,main:@120) -> float_type, {1, 512, 28, 28}, {401408, 784, 28, 1}: 0.0234196ms, 1%
main:@123 = hip::hip_copy_literal[id=main:@literal:30] -> float_type, {128, 128, 3, 3}, {1152, 9, 3, 1}: 0.00067608ms, 1%
main:@124 = hip::hip_copy_literal[id=main:@literal:25] -> float_type, {512, 128, 1, 1}, {128, 1, 1, 1}: 0.00081398ms, 1%
main:@125 = hip::hip_copy_literal[id=main:@literal:21] -> float_type, {128, 512, 1, 1}, {512, 1, 1, 1}: 0.00092882ms, 1%
main:@126 = hip::hip_copy_literal[id=main:@literal:19] -> float_type, {128, 1, 1}, {1, 1, 1}: 0.00072002ms, 1%
main:@127 = hip::hip_copy_literal[id=main:@literal:17] -> float_type, {128, 1, 1}, {1, 1, 1}: 0.00083672ms, 1%
main:@128 = multibroadcast[out_lens={1, 128, 28, 28}](main:@126) -> float_type, {1, 128, 28, 28}, {0, 1, 0, 0}: 0.0010464ms, 1%
main:@129 = load[offset=2007040,end=2408448](main:@1) -> float_type, {1, 128, 28, 28}, {100352, 784, 28, 1}: 0.00064298ms, 1%
main:@130 = gpu::miopen_fusion[ops={{op=convolution[padding={0, 0, 0, 0},stride={1, 1},dilation={1, 1},group=1,padding_mode=0],alpha=1,beta=0}, {op=add,alpha=1,beta=0}, {op=relu,alpha=1,beta=0}}](main:@122,main:@125,main:@128,main:@129) -> float_type, {1, 128, 28, 28}, {100352, 784, 28, 1}: 0.0417364ms, 2%
main:@131 = load[offset=1605632,end=2007040](main:@1) -> float_type, {1, 128, 28, 28}, {100352, 784, 28, 1}: 0.00068792ms, 1%
main:@132 = multibroadcast[out_lens={1, 128, 28, 28}](main:@127) -> float_type, {1, 128, 28, 28}, {0, 1, 0, 0}: 0.00115504ms, 1%
main:@133 = gpu::miopen_fusion[ops={{op=convolution[padding={1, 1, 1, 1},stride={1, 1},dilation={1, 1},group=1,padding_mode=0],alpha=1,beta=0}, {op=add,alpha=1,beta=0}, {op=relu,alpha=1,beta=0}}](main:@130,main:@123,main:@132,main:@131) -> float_type, {1, 128, 28, 28}, {100352, 784, 28, 1}: 0.0620622ms, 2%
main:@134 = load[offset=0,end=0](main:@1) -> int8_type, {0}, {1}: 0.00074764ms, 1%
main:@135 = load[offset=3211264,end=4816896](main:@1) -> float_type, {1, 512, 28, 28}, {401408, 784, 28, 1}: 0.0008663ms, 1%
main:@136 = gpu::convolution[op={padding={0, 0, 0, 0},stride={1, 1},dilation={1, 1},group=1,padding_mode=0},algo=5,int8_x4_format=0,solution_id=64](main:@133,main:@124,main:@134,main:@135) -> float_type, {1, 512, 28, 28}, {401408, 784, 28, 1}: 0.0346682ms, 1%
main:@137 = hip::hip_copy_literal[id=main:@literal:69] -> float_type, {512, 1, 1}, {1, 1, 1}: 0.00073506ms, 1%
main:@138 = load[offset=1605632,end=3211264](main:@1) -> float_type, {1, 512, 28, 28}, {401408, 784, 28, 1}: 0.00098166ms, 1%
main:@139 = multibroadcast[out_lens={1, 512, 28, 28}](main:@137) -> float_type, {1, 512, 28, 28}, {0, 1, 0, 0}: 0.0010923ms, 1%
main:@140 = gpu::code_object[code_object=13640,symbol_name=add_add_relu_kernel,global=200704,local=1024,](main:@136,main:@139,main:@122,main:@138) -> float_type, {1, 512, 28, 28}, {401408, 784, 28, 1}: 0.023048ms, 1%
main:@141 = hip::hip_copy_literal[id=main:@literal:33] -> float_type, {256, 1, 1}, {1, 1, 1}: 0.0006728ms, 1%
main:@142 = hip::hip_copy_literal[id=main:@literal:14] -> float_type, {256, 512, 1, 1}, {512, 1, 1, 1}: 0.00080906ms, 1%
main:@143 = multibroadcast[out_lens={1, 256, 28, 28}](main:@141) -> float_type, {1, 256, 28, 28}, {0, 1, 0, 0}: 0.00106502ms, 1%
main:@144 = load[offset=200704,end=1003520](main:@1) -> float_type, {1, 256, 28, 28}, {200704, 784, 28, 1}: 0.00078556ms, 1%
main:@145 = gpu::miopen_fusion[ops={{op=convolution[padding={0, 0, 0, 0},stride={1, 1},dilation={1, 1},group=1,padding_mode=0],alpha=1,beta=0}, {op=add,alpha=1,beta=0}, {op=relu,alpha=1,beta=0}}](main:@140,main:@142,main:@143,main:@144) -> float_type, {1, 256, 28, 28}, {200704, 784, 28, 1}: 0.0543555ms, 2%
main:@146 = hip::hip_copy_literal[id=main:@literal:41] -> float_type, {256, 256, 3, 3}, {2304, 9, 3, 1}: 0.0006747ms, 1%
main:@147 = load[offset=0,end=0](main:@1) -> int8_type, {0}, {1}: 0.00097306ms, 1%
main:@148 = load[offset=0,end=200704](main:@1) -> float_type, {1, 256, 14, 14}, {50176, 196, 14, 1}: 0.00075206ms, 1%
main:@149 = gpu::convolution[op={padding={1, 1, 1, 1},stride={2, 2},dilation={1, 1},group=1,padding_mode=0},algo=5,int8_x4_format=0,solution_id=81](main:@145,main:@146,main:@147,main:@148) -> float_type, {1, 256, 14, 14}, {50176, 196, 14, 1}: 0.0900642ms, 3%
main:@150 = hip::hip_copy_literal[id=main:@literal:11] -> float_type, {1024, 768, 1, 1}, {768, 1, 1, 1}: 0.00067792ms, 1%
main:@151 = hip::hip_copy_literal[id=main:@literal:12] -> float_type, {256, 1, 1}, {1, 1, 1}: 0.00085056ms, 1%
main:@152 = load[offset=602112,end=802816](main:@1) -> float_type, {1, 256, 14, 14}, {50176, 196, 14, 1}: 0.00085346ms, 1%
main:@153 = multibroadcast[out_lens={1, 256, 14, 14}](main:@151) -> float_type, {1, 256, 14, 14}, {0, 1, 0, 0}: 0.00105016ms, 1%
main:@154 = gpu::code_object[code_object=13632,symbol_name=add_relu_kernel,global=25088,local=1024,](main:@149,main:@153,main:@152) -> float_type, {1, 256, 14, 14}, {50176, 196, 14, 1}: 0.0185712ms, 1%
main:@155 = load[offset=0,end=602112](main:@1) -> float_type, {1, 768, 14, 14}, {150528, 196, 14, 1}: 0.00067104ms, 1%
main:@156 = step[axes={2, 3},steps={2, 2}](main:@140) -> float_type, {1, 512, 14, 14}, {401408, 784, 56, 2}: 0.00138334ms, 1%
main:@157 = gpu::code_object[code_object=13632,symbol_name=concat_kernel,global=75264,local=1024,](main:@154,main:@156,main:@155) -> float_type, {1, 768, 14, 14}, {150528, 196, 14, 1}: 0.0199612ms, 1%
main:@158 = load[offset=802816,end=1605632](main:@1) -> float_type, {1, 1024, 14, 14}, {200704, 196, 14, 1}: 0.00067836ms, 1%
main:@159 = load[offset=0,end=0](main:@1) -> int8_type, {0}, {1}: 0.00087352ms, 1%
main:@160 = gpu::convolution[op={padding={0, 0, 0, 0},stride={1, 1},dilation={1, 1},group=1,padding_mode=0},algo=5,int8_x4_format=0,solution_id=81](main:@157,main:@150,main:@159,main:@158) -> float_type, {1, 1024, 14, 14}, {200704, 196, 14, 1}: 0.0588201ms, 2%
main:@161 = hip::hip_copy_literal[id=main:@literal:37] -> float_type, {1024, 1, 1}, {1, 1, 1}: 0.00074016ms, 1%
main:@162 = hip::hip_copy_literal[id=main:@literal:35] -> float_type, {1024, 1, 1}, {1, 1, 1}: 0.00082856ms, 1%
main:@163 = hip::hip_copy_literal[id=main:@literal:10] -> float_type, {1024, 1, 1}, {1, 1, 1}: 0.00089622ms, 1%
main:@164 = hip::hip_copy_literal[id=main:@literal:62] -> float_type, {1024, 1, 1}, {1, 1, 1}: 0.00069906ms, 1%
main:@165 = load[offset=0,end=802816](main:@1) -> float_type, {1, 1024, 14, 14}, {200704, 196, 14, 1}: 0.0009526ms, 1%
main:@166 = multibroadcast[out_lens={1, 1024, 14, 14}](main:@163) -> float_type, {1, 1024, 14, 14}, {0, 1, 0, 0}: 0.00112302ms, 1%
main:@167 = gpu::code_object[code_object=13632,symbol_name=add_relu_kernel,global=100352,local=1024,](main:@160,main:@166,main:@165) -> float_type, {1, 1024, 14, 14}, {200704, 196, 14, 1}: 0.0193159ms, 1%
main:@168 = hip::hip_copy_literal[id=main:@literal:8] -> float_type, {256, 1024, 1, 1}, {1024, 1, 1, 1}: 0.0006291ms, 1%
main:@169 = load[offset=802816,end=1003520](main:@1) -> float_type, {1, 256, 14, 14}, {50176, 196, 14, 1}: 0.00092938ms, 1%
main:@170 = load[offset=0,end=0](main:@1) -> int8_type, {0}, {1}: 0.00078862ms, 1%
main:@171 = gpu::convolution[op={padding={0, 0, 0, 0},stride={1, 1},dilation={1, 1},group=1,padding_mode=0},algo=5,int8_x4_format=0,solution_id=81](main:@167,main:@168,main:@170,main:@169) -> float_type, {1, 256, 14, 14}, {50176, 196, 14, 1}: 0.0509149ms, 2%
main:@172 = hip::hip_copy_literal[id=main:@literal:55] -> float_type, {256, 256, 3, 3}, {2304, 9, 3, 1}: 0.0007811ms, 1%
main:@173 = hip::hip_copy_literal[id=main:@literal:16] -> float_type, {1024, 256, 1, 1}, {256, 1, 1, 1}: 0.00078324ms, 1%
main:@174 = hip::hip_copy_literal[id=main:@literal:7] -> float_type, {256, 1, 1}, {1, 1, 1}: 0.00066358ms, 1%
main:@175 = hip::hip_copy_literal[id=main:@literal:5] -> float_type, {256, 1, 1}, {1, 1, 1}: 0.0006664ms, 1%
main:@176 = load[offset=1003520,end=1204224](main:@1) -> float_type, {1, 256, 14, 14}, {50176, 196, 14, 1}: 0.00114662ms, 1%
main:@177 = multibroadcast[out_lens={1, 256, 14, 14}](main:@174) -> float_type, {1, 256, 14, 14}, {0, 1, 0, 0}: 0.00105384ms, 1%
main:@178 = gpu::code_object[code_object=13632,symbol_name=add_relu_kernel,global=25088,local=1024,](main:@171,main:@177,main:@176) -> float_type, {1, 256, 14, 14}, {50176, 196, 14, 1}: 0.0182995ms, 1%
main:@179 = load[offset=802816,end=1003520](main:@1) -> float_type, {1, 256, 14, 14}, {50176, 196, 14, 1}: 0.00067428ms, 1%
main:@180 = multibroadcast[out_lens={1, 256, 14, 14}](main:@175) -> float_type, {1, 256, 14, 14}, {0, 1, 0, 0}: 0.00114036ms, 1%
main:@181 = gpu::miopen_fusion[ops={{op=convolution[padding={1, 1, 1, 1},stride={1, 1},dilation={1, 1},group=1,padding_mode=0],alpha=1,beta=0}, {op=add,alpha=1,beta=0}, {op=relu,alpha=1,beta=0}}](main:@178,main:@172,main:@180,main:@179) -> float_type, {1, 256, 14, 14}, {50176, 196, 14, 1}: 0.0905697ms, 3%
main:@182 = load[offset=1605632,end=2408448](main:@1) -> float_type, {1, 1024, 14, 14}, {200704, 196, 14, 1}: 0.00070692ms, 1%
main:@183 = load[offset=0,end=0](main:@1) -> int8_type, {0}, {1}: 0.00086028ms, 1%
main:@184 = gpu::convolution[op={padding={0, 0, 0, 0},stride={1, 1},dilation={1, 1},group=1,padding_mode=0},algo=5,int8_x4_format=0,solution_id=81](main:@181,main:@173,main:@183,main:@182) -> float_type, {1, 1024, 14, 14}, {200704, 196, 14, 1}: 0.039928ms, 2%
main:@185 = load[offset=802816,end=1605632](main:@1) -> float_type, {1, 1024, 14, 14}, {200704, 196, 14, 1}: 0.0007214ms, 1%
main:@186 = multibroadcast[out_lens={1, 1024, 14, 14}](main:@161) -> float_type, {1, 1024, 14, 14}, {0, 1, 0, 0}: 0.00122192ms, 1%
main:@187 = gpu::code_object[code_object=13640,symbol_name=add_add_relu_kernel,global=100352,local=1024,](main:@184,main:@186,main:@167,main:@185) -> float_type, {1, 1024, 14, 14}, {200704, 196, 14, 1}: 0.021027ms, 1%
main:@188 = hip::hip_copy_literal[id=main:@literal:4] -> float_type, {256, 1024, 1, 1}, {1024, 1, 1, 1}: 0.00071644ms, 1%
main:@189 = load[offset=0,end=200704](main:@1) -> float_type, {1, 256, 14, 14}, {50176, 196, 14, 1}: 0.0009203ms, 1%
main:@190 = load[offset=0,end=0](main:@1) -> int8_type, {0}, {1}: 0.00076616ms, 1%
main:@191 = gpu::convolution[op={padding={0, 0, 0, 0},stride={1, 1},dilation={1, 1},group=1,padding_mode=0},algo=5,int8_x4_format=0,solution_id=81](main:@187,main:@188,main:@190,main:@189) -> float_type, {1, 256, 14, 14}, {50176, 196, 14, 1}: 0.0493066ms, 2%
main:@192 = hip::hip_copy_literal[id=main:@literal:13] -> float_type, {256, 1, 1}, {1, 1, 1}: 0.00086234ms, 1%
main:@193 = hip::hip_copy_literal[id=main:@literal:2] -> float_type, {256, 1, 1}, {1, 1, 1}: 0.00085672ms, 1%
main:@194 = hip::hip_copy_literal[id=main:@literal:0] -> float_type, {256, 256, 3, 3}, {2304, 9, 3, 1}: 0.00064244ms, 1%
main:@195 = hip::hip_copy_literal[id=main:@literal:71] -> float_type, {1024, 256, 1, 1}, {256, 1, 1, 1}: 0.0009156ms, 1%
main:@196 = load[offset=200704,end=401408](main:@1) -> float_type, {1, 256, 14, 14}, {50176, 196, 14, 1}: 0.00097156ms, 1%
main:@197 = multibroadcast[out_lens={1, 256, 14, 14}](main:@192) -> float_type, {1, 256, 14, 14}, {0, 1, 0, 0}: 0.0010333ms, 1%
main:@198 = gpu::code_object[code_object=13632,symbol_name=add_relu_kernel,global=25088,local=1024,](main:@191,main:@197,main:@196) -> float_type, {1, 256, 14, 14}, {50176, 196, 14, 1}: 0.0181199ms, 1%
main:@199 = load[offset=0,end=200704](main:@1) -> float_type, {1, 256, 14, 14}, {50176, 196, 14, 1}: 0.00064834ms, 1%
main:@200 = multibroadcast[out_lens={1, 256, 14, 14}](main:@193) -> float_type, {1, 256, 14, 14}, {0, 1, 0, 0}: 0.0010633ms, 1%
main:@201 = gpu::miopen_fusion[ops={{op=convolution[padding={1, 1, 1, 1},stride={1, 1},dilation={1, 1},group=1,padding_mode=0],alpha=1,beta=0}, {op=add,alpha=1,beta=0}, {op=relu,alpha=1,beta=0}}](main:@198,main:@194,main:@200,main:@199) -> float_type, {1, 256, 14, 14}, {50176, 196, 14, 1}: 0.0885571ms, 3%
main:@202 = load[offset=1605632,end=2408448](main:@1) -> float_type, {1, 1024, 14, 14}, {200704, 196, 14, 1}: 0.00071026ms, 1%
main:@203 = load[offset=0,end=0](main:@1) -> int8_type, {0}, {1}: 0.00087906ms, 1%
main:@204 = gpu::convolution[op={padding={0, 0, 0, 0},stride={1, 1},dilation={1, 1},group=1,padding_mode=0},algo=5,int8_x4_format=0,solution_id=81](main:@201,main:@195,main:@203,main:@202) -> float_type, {1, 1024, 14, 14}, {200704, 196, 14, 1}: 0.0391059ms, 2%
main:@205 = load[offset=0,end=802816](main:@1) -> float_type, {1, 1024, 14, 14}, {200704, 196, 14, 1}: 0.00070598ms, 1%
main:@206 = multibroadcast[out_lens={1, 1024, 14, 14}](main:@162) -> float_type, {1, 1024, 14, 14}, {0, 1, 0, 0}: 0.00122486ms, 1%
main:@207 = gpu::code_object[code_object=13640,symbol_name=add_add_relu_kernel,global=100352,local=1024,](main:@204,main:@206,main:@187,main:@205) -> float_type, {1, 1024, 14, 14}, {200704, 196, 14, 1}: 0.020682ms, 1%
main:@208 = hip::hip_copy_literal[id=main:@literal:43] -> float_type, {256, 1024, 1, 1}, {1024, 1, 1, 1}: 0.0007413ms, 1%
main:@209 = load[offset=802816,end=1003520](main:@1) -> float_type, {1, 256, 14, 14}, {50176, 196, 14, 1}: 0.00092264ms, 1%
main:@210 = load[offset=0,end=0](main:@1) -> int8_type, {0}, {1}: 0.0007921ms, 1%
main:@211 = gpu::convolution[op={padding={0, 0, 0, 0},stride={1, 1},dilation={1, 1},group=1,padding_mode=0},algo=5,int8_x4_format=0,solution_id=81](main:@207,main:@208,main:@210,main:@209) -> float_type, {1, 256, 14, 14}, {50176, 196, 14, 1}: 0.0486599ms, 2%
main:@212 = hip::hip_copy_literal[id=main:@literal:50] -> float_type, {1024, 256, 1, 1}, {256, 1, 1, 1}: 0.0007138ms, 1%
main:@213 = hip::hip_copy_literal[id=main:@literal:72] -> float_type, {256, 1, 1}, {1, 1, 1}: 0.00083492ms, 1%
main:@214 = hip::hip_copy_literal[id=main:@literal:73] -> float_type, {256, 256, 3, 3}, {2304, 9, 3, 1}: 0.00089976ms, 1%
main:@215 = hip::hip_copy_literal[id=main:@literal:68] -> float_type, {256, 1, 1}, {1, 1, 1}: 0.00072464ms, 1%
main:@216 = load[offset=1003520,end=1204224](main:@1) -> float_type, {1, 256, 14, 14}, {50176, 196, 14, 1}: 0.00097576ms, 1%
main:@217 = multibroadcast[out_lens={1, 256, 14, 14}](main:@215) -> float_type, {1, 256, 14, 14}, {0, 1, 0, 0}: 0.00109684ms, 1%
main:@218 = gpu::code_object[code_object=13632,symbol_name=add_relu_kernel,global=25088,local=1024,](main:@211,main:@217,main:@216) -> float_type, {1, 256, 14, 14}, {50176, 196, 14, 1}: 0.0180284ms, 1%
main:@219 = load[offset=802816,end=1003520](main:@1) -> float_type, {1, 256, 14, 14}, {50176, 196, 14, 1}: 0.00065082ms, 1%
main:@220 = multibroadcast[out_lens={1, 256, 14, 14}](main:@213) -> float_type, {1, 256, 14, 14}, {0, 1, 0, 0}: 0.0010536ms, 1%
main:@221 = gpu::miopen_fusion[ops={{op=convolution[padding={1, 1, 1, 1},stride={1, 1},dilation={1, 1},group=1,padding_mode=0],alpha=1,beta=0}, {op=add,alpha=1,beta=0}, {op=relu,alpha=1,beta=0}}](main:@218,main:@214,main:@220,main:@219) -> float_type, {1, 256, 14, 14}, {50176, 196, 14, 1}: 0.088247ms, 3%
main:@222 = load[offset=0,end=0](main:@1) -> int8_type, {0}, {1}: 0.00072814ms, 1%
main:@223 = load[offset=1605632,end=2408448](main:@1) -> float_type, {1, 1024, 14, 14}, {200704, 196, 14, 1}: 0.0008777ms, 1%
main:@224 = gpu::convolution[op={padding={0, 0, 0, 0},stride={1, 1},dilation={1, 1},group=1,padding_mode=0},algo=5,int8_x4_format=0,solution_id=81](main:@221,main:@212,main:@222,main:@223) -> float_type, {1, 1024, 14, 14}, {200704, 196, 14, 1}: 0.0390596ms, 2%
main:@225 = load[offset=802816,end=1605632](main:@1) -> float_type, {1, 1024, 14, 14}, {200704, 196, 14, 1}: 0.00069946ms, 1%
main:@226 = multibroadcast[out_lens={1, 1024, 14, 14}](main:@164) -> float_type, {1, 1024, 14, 14}, {0, 1, 0, 0}: 0.00121644ms, 1%
main:@227 = gpu::code_object[code_object=13640,symbol_name=add_add_relu_kernel,global=100352,local=1024,](main:@224,main:@226,main:@207,main:@225) -> float_type, {1, 1024, 14, 14}, {200704, 196, 14, 1}: 0.0208898ms, 1%
main:@228 = hip::hip_copy_literal[id=main:@literal:74] -> float_type, {256, 1024, 1, 1}, {1024, 1, 1, 1}: 0.0007252ms, 1%
main:@229 = load[offset=0,end=0](main:@1) -> int8_type, {0}, {1}: 0.00091334ms, 1%
main:@230 = load[offset=0,end=200704](main:@1) -> float_type, {1, 256, 14, 14}, {50176, 196, 14, 1}: 0.00075246ms, 1%
main:@231 = gpu::convolution[op={padding={0, 0, 0, 0},stride={1, 1},dilation={1, 1},group=1,padding_mode=0},algo=5,int8_x4_format=0,solution_id=81](main:@227,main:@228,main:@229,main:@230) -> float_type, {1, 256, 14, 14}, {50176, 196, 14, 1}: 0.0486741ms, 2%
main:@232 = hip::hip_copy_literal[id=main:@literal:9] -> float_type, {256, 1, 1}, {1, 1, 1}: 0.00070518ms, 1%
main:@233 = hip::hip_copy_literal[id=main:@literal:76] -> float_type, {256, 256, 3, 3}, {2304, 9, 3, 1}: 0.00081988ms, 1%
main:@234 = hip::hip_copy_literal[id=main:@literal:75] -> float_type, {256, 1, 1}, {1, 1, 1}: 0.0008874ms, 1%
main:@235 = hip::hip_copy_literal[id=main:@literal:78] -> float_type, {1024, 256, 1, 1}, {256, 1, 1, 1}: 0.00074054ms, 1%
main:@236 = load[offset=200704,end=401408](main:@1) -> float_type, {1, 256, 14, 14}, {50176, 196, 14, 1}: 0.00095656ms, 1%
main:@237 = multibroadcast[out_lens={1, 256, 14, 14}](main:@232) -> float_type, {1, 256, 14, 14}, {0, 1, 0, 0}: 0.00111254ms, 1%
main:@238 = gpu::code_object[code_object=13632,symbol_name=add_relu_kernel,global=25088,local=1024,](main:@231,main:@237,main:@236) -> float_type, {1, 256, 14, 14}, {50176, 196, 14, 1}: 0.0181127ms, 1%
main:@239 = load[offset=0,end=200704](main:@1) -> float_type, {1, 256, 14, 14}, {50176, 196, 14, 1}: 0.0006514ms, 1%
main:@240 = multibroadcast[out_lens={1, 256, 14, 14}](main:@234) -> float_type, {1, 256, 14, 14}, {0, 1, 0, 0}: 0.00106738ms, 1%
main:@241 = gpu::miopen_fusion[ops={{op=convolution[padding={1, 1, 1, 1},stride={1, 1},dilation={1, 1},group=1,padding_mode=0],alpha=1,beta=0}, {op=add,alpha=1,beta=0}, {op=relu,alpha=1,beta=0}}](main:@238,main:@233,main:@240,main:@239) -> float_type, {1, 256, 14, 14}, {50176, 196, 14, 1}: 0.0883846ms, 3%
main:@242 = load[offset=0,end=0](main:@1) -> int8_type, {0}, {1}: 0.00073374ms, 1%
main:@243 = load[offset=1605632,end=2408448](main:@1) -> float_type, {1, 1024, 14, 14}, {200704, 196, 14, 1}: 0.00088404ms, 1%
main:@244 = gpu::convolution[op={padding={0, 0, 0, 0},stride={1, 1},dilation={1, 1},group=1,padding_mode=0},algo=5,int8_x4_format=0,solution_id=81](main:@241,main:@235,main:@242,main:@243) -> float_type, {1, 1024, 14, 14}, {200704, 196, 14, 1}: 0.0389801ms, 2%
main:@245 = hip::hip_copy_literal[id=main:@literal:77] -> float_type, {1024, 1, 1}, {1, 1, 1}: 0.00077222ms, 1%
main:@246 = load[offset=0,end=802816](main:@1) -> float_type, {1, 1024, 14, 14}, {200704, 196, 14, 1}: 0.00097266ms, 1%
main:@247 = multibroadcast[out_lens={1, 1024, 14, 14}](main:@245) -> float_type, {1, 1024, 14, 14}, {0, 1, 0, 0}: 0.00109358ms, 1%
main:@248 = gpu::code_object[code_object=13640,symbol_name=add_add_relu_kernel,global=100352,local=1024,](main:@244,main:@247,main:@227,main:@246) -> float_type, {1, 1024, 14, 14}, {200704, 196, 14, 1}: 0.0204764ms, 1%
main:@249 = hip::hip_copy_literal[id=main:@literal:80] -> float_type, {256, 1024, 1, 1}, {1024, 1, 1, 1}: 0.00067116ms, 1%
main:@250 = load[offset=0,end=0](main:@1) -> int8_type, {0}, {1}: 0.0009248ms, 1%
main:@251 = load[offset=802816,end=1003520](main:@1) -> float_type, {1, 256, 14, 14}, {50176, 196, 14, 1}: 0.00078066ms, 1%
main:@252 = gpu::convolution[op={padding={0, 0, 0, 0},stride={1, 1},dilation={1, 1},group=1,padding_mode=0},algo=5,int8_x4_format=0,solution_id=81](main:@248,main:@249,main:@250,main:@251) -> float_type, {1, 256, 14, 14}, {50176, 196, 14, 1}: 0.0484952ms, 2%
main:@253 = hip::hip_copy_literal[id=main:@literal:81] -> float_type, {256, 1, 1}, {1, 1, 1}: 0.0007267ms, 1%
main:@254 = hip::hip_copy_literal[id=main:@literal:79] -> float_type, {256, 1, 1}, {1, 1, 1}: 0.00079584ms, 1%
main:@255 = hip::hip_copy_literal[id=main:@literal:84] -> float_type, {1024, 256, 1, 1}, {256, 1, 1, 1}: 0.00087406ms, 1%
main:@256 = hip::hip_copy_literal[id=main:@literal:82] -> float_type, {256, 256, 3, 3}, {2304, 9, 3, 1}: 0.00068866ms, 1%
main:@257 = load[offset=1003520,end=1204224](main:@1) -> float_type, {1, 256, 14, 14}, {50176, 196, 14, 1}: 0.00094354ms, 1%
main:@258 = multibroadcast[out_lens={1, 256, 14, 14}](main:@254) -> float_type, {1, 256, 14, 14}, {0, 1, 0, 0}: 0.00113792ms, 1%
main:@259 = gpu::code_object[code_object=13632,symbol_name=add_relu_kernel,global=25088,local=1024,](main:@252,main:@258,main:@257) -> float_type, {1, 256, 14, 14}, {50176, 196, 14, 1}: 0.0179361ms, 1%
main:@260 = load[offset=802816,end=1003520](main:@1) -> float_type, {1, 256, 14, 14}, {50176, 196, 14, 1}: 0.0006737ms, 1%
main:@261 = multibroadcast[out_lens={1, 256, 14, 14}](main:@253) -> float_type, {1, 256, 14, 14}, {0, 1, 0, 0}: 0.00104672ms, 1%
main:@262 = gpu::miopen_fusion[ops={{op=convolution[padding={1, 1, 1, 1},stride={1, 1},dilation={1, 1},group=1,padding_mode=0],alpha=1,beta=0}, {op=add,alpha=1,beta=0}, {op=relu,alpha=1,beta=0}}](main:@259,main:@256,main:@261,main:@260) -> float_type, {1, 256, 14, 14}, {50176, 196, 14, 1}: 0.0884105ms, 3%
main:@263 = load[offset=0,end=0](main:@1) -> int8_type, {0}, {1}: 0.0007907ms, 1%
main:@264 = load[offset=1605632,end=2408448](main:@1) -> float_type, {1, 1024, 14, 14}, {200704, 196, 14, 1}: 0.00088948ms, 1%
main:@265 = gpu::convolution[op={padding={0, 0, 0, 0},stride={1, 1},dilation={1, 1},group=1,padding_mode=0},algo=5,int8_x4_format=0,solution_id=81](main:@262,main:@255,main:@263,main:@264) -> float_type, {1, 1024, 14, 14}, {200704, 196, 14, 1}: 0.038987ms, 2%
main:@266 = hip::hip_copy_literal[id=main:@literal:83] -> float_type, {1024, 1, 1}, {1, 1, 1}: 0.0008934ms, 1%
main:@267 = load[offset=802816,end=1605632](main:@1) -> float_type, {1, 1024, 14, 14}, {200704, 196, 14, 1}: 0.000956ms, 1%
main:@268 = multibroadcast[out_lens={1, 1024, 14, 14}](main:@266) -> float_type, {1, 1024, 14, 14}, {0, 1, 0, 0}: 0.00110932ms, 1%
main:@269 = gpu::code_object[code_object=13640,symbol_name=add_add_relu_kernel,global=100352,local=1024,](main:@265,main:@268,main:@248,main:@267) -> float_type, {1, 1024, 14, 14}, {200704, 196, 14, 1}: 0.0206315ms, 1%
main:@270 = hip::hip_copy_literal[id=main:@literal:85] -> float_type, {512, 1024, 1, 1}, {1024, 1, 1, 1}: 0.00069788ms, 1%
main:@271 = load[offset=0,end=401408](main:@1) -> float_type, {1, 512, 14, 14}, {100352, 196, 14, 1}: 0.00091008ms, 1%
main:@272 = load[offset=0,end=0](main:@1) -> int8_type, {0}, {1}: 0.00076424ms, 1%
main:@273 = gpu::convolution[op={padding={0, 0, 0, 0},stride={1, 1},dilation={1, 1},group=1,padding_mode=0},algo=5,int8_x4_format=0,solution_id=81](main:@269,main:@270,main:@272,main:@271) -> float_type, {1, 512, 14, 14}, {100352, 196, 14, 1}: 0.0574342ms, 2%
main:@274 = hip::hip_copy_literal[id=main:@literal:34] -> float_type, {512, 512, 3, 3}, {4608, 9, 3, 1}: 0.00068212ms, 1%
main:@275 = hip::hip_copy_literal[id=main:@literal:15] -> float_type, {512, 1, 1}, {1, 1, 1}: 0.00078864ms, 1%
main:@276 = load[offset=401408,end=802816](main:@1) -> float_type, {1, 512, 14, 14}, {100352, 196, 14, 1}: 0.00086544ms, 1%
main:@277 = multibroadcast[out_lens={1, 512, 14, 14}](main:@275) -> float_type, {1, 512, 14, 14}, {0, 1, 0, 0}: 0.00104132ms, 1%
main:@278 = gpu::code_object[code_object=13632,symbol_name=add_relu_kernel,global=50176,local=1024,](main:@273,main:@277,main:@276) -> float_type, {1, 512, 14, 14}, {100352, 196, 14, 1}: 0.0188335ms, 1%
main:@279 = load[offset=1605632,end=2508800](main:@1) -> int8_type, {903168}, {1}: 0.000644ms, 1%
main:@280 = load[offset=0,end=100352](main:@1) -> float_type, {1, 512, 7, 7}, {25088, 49, 7, 1}: 0.00088704ms, 1%
main:@281 = gpu::convolution[op={padding={1, 1, 1, 1},stride={2, 2},dilation={1, 1},group=1,padding_mode=0},algo=0,int8_x4_format=0,solution_id=91](main:@278,main:@274,main:@279,main:@280) -> float_type, {1, 512, 7, 7}, {25088, 49, 7, 1}: 0.0864766ms, 3%
main:@282 = hip::hip_copy_literal[id=main:@literal:86] -> float_type, {2048, 1536, 1, 1}, {1536, 1, 1, 1}: 0.00105458ms, 1%
main:@283 = hip::hip_copy_literal[id=main:@literal:47] -> float_type, {512, 1, 1}, {1, 1, 1}: 0.0008349ms, 1%
main:@284 = load[offset=100352,end=200704](main:@1) -> float_type, {1, 512, 7, 7}, {25088, 49, 7, 1}: 0.00099788ms, 1%
main:@285 = multibroadcast[out_lens={1, 512, 7, 7}](main:@283) -> float_type, {1, 512, 7, 7}, {0, 1, 0, 0}: 0.00139034ms, 1%
main:@286 = gpu::code_object[code_object=13632,symbol_name=add_relu_kernel,global=25088,local=1024,](main:@281,main:@285,main:@284) -> float_type, {1, 512, 7, 7}, {25088, 49, 7, 1}: 0.0184055ms, 1%
main:@287 = load[offset=401408,end=702464](main:@1) -> float_type, {1, 1536, 7, 7}, {75264, 49, 7, 1}: 0.00066474ms, 1%
main:@288 = step[axes={2, 3},steps={2, 2}](main:@269) -> float_type, {1, 1024, 7, 7}, {200704, 196, 28, 2}: 0.00143188ms, 1%
main:@289 = gpu::code_object[code_object=13632,symbol_name=concat_kernel,global=37632,local=1024,](main:@286,main:@288,main:@287) -> float_type, {1, 1536, 7, 7}, {75264, 49, 7, 1}: 0.019479ms, 1%
main:@290 = load[offset=0,end=401408](main:@1) -> float_type, {1, 2048, 7, 7}, {100352, 49, 7, 1}: 0.00066252ms, 1%
main:@291 = load[offset=0,end=0](main:@1) -> int8_type, {0}, {1}: 0.00089604ms, 1%
main:@292 = gpu::convolution[op={padding={0, 0, 0, 0},stride={1, 1},dilation={1, 1},group=1,padding_mode=0},algo=5,int8_x4_format=0,solution_id=81](main:@289,main:@282,main:@291,main:@290) -> float_type, {1, 2048, 7, 7}, {100352, 49, 7, 1}: 0.0761739ms, 2%
main:@293 = hip::hip_copy_literal[id=main:@literal:87] -> float_type, {2048, 1, 1}, {1, 1, 1}: 0.0008351ms, 1%
main:@294 = load[offset=401408,end=802816](main:@1) -> float_type, {1, 2048, 7, 7}, {100352, 49, 7, 1}: 0.00097594ms, 1%
main:@295 = multibroadcast[out_lens={1, 2048, 7, 7}](main:@293) -> float_type, {1, 2048, 7, 7}, {0, 1, 0, 0}: 0.00121382ms, 1%
main:@296 = gpu::code_object[code_object=13632,symbol_name=add_relu_kernel,global=100352,local=1024,](main:@292,main:@295,main:@294) -> float_type, {1, 2048, 7, 7}, {100352, 49, 7, 1}: 0.0188532ms, 1%
main:@297 = hip::hip_copy_literal[id=main:@literal:88] -> float_type, {512, 2048, 1, 1}, {2048, 1, 1, 1}: 0.0006482ms, 1%
main:@298 = load[offset=0,end=0](main:@1) -> int8_type, {0}, {1}: 0.0009493ms, 1%
main:@299 = load[offset=0,end=100352](main:@1) -> float_type, {1, 512, 7, 7}, {25088, 49, 7, 1}: 0.0007768ms, 1%
main:@300 = gpu::convolution[op={padding={0, 0, 0, 0},stride={1, 1},dilation={1, 1},group=1,padding_mode=0},algo=1,int8_x4_format=0,solution_id=2](main:@296,main:@297,main:@298,main:@299) -> float_type, {1, 512, 7, 7}, {25088, 49, 7, 1}: 0.0785116ms, 3%
main:@301 = hip::hip_copy_literal[id=main:@literal:91] -> float_type, {512, 512, 3, 3}, {4608, 9, 3, 1}: 0.00072334ms, 1%
main:@302 = hip::hip_copy_literal[id=main:@literal:90] -> float_type, {512, 1, 1}, {1, 1, 1}: 0.00083334ms, 1%
main:@303 = hip::hip_copy_literal[id=main:@literal:93] -> float_type, {2048, 512, 1, 1}, {512, 1, 1, 1}: 0.00090044ms, 1%
main:@304 = hip::hip_copy_literal[id=main:@literal:59] -> float_type, {512, 1, 1}, {1, 1, 1}: 0.0007454ms, 1%
main:@305 = load[offset=100352,end=200704](main:@1) -> float_type, {1, 512, 7, 7}, {25088, 49, 7, 1}: 0.000944ms, 1%
main:@306 = multibroadcast[out_lens={1, 512, 7, 7}](main:@304) -> float_type, {1, 512, 7, 7}, {0, 1, 0, 0}: 0.00096668ms, 1%
main:@307 = gpu::code_object[code_object=13632,symbol_name=add_relu_kernel,global=25088,local=1024,](main:@300,main:@306,main:@305) -> float_type, {1, 512, 7, 7}, {25088, 49, 7, 1}: 0.0177807ms, 1%
main:@308 = load[offset=0,end=100352](main:@1) -> float_type, {1, 512, 7, 7}, {25088, 49, 7, 1}: 0.00064318ms, 1%
main:@309 = multibroadcast[out_lens={1, 512, 7, 7}](main:@302) -> float_type, {1, 512, 7, 7}, {0, 1, 0, 0}: 0.00110216ms, 1%
main:@310 = gpu::miopen_fusion[ops={{op=convolution[padding={1, 1, 1, 1},stride={1, 1},dilation={1, 1},group=1,padding_mode=0],alpha=1,beta=0}, {op=add,alpha=1,beta=0}, {op=relu,alpha=1,beta=0}}](main:@307,main:@301,main:@309,main:@308) -> float_type, {1, 512, 7, 7}, {25088, 49, 7, 1}: 0.146033ms, 4%
main:@311 = load[offset=802816,end=1204224](main:@1) -> float_type, {1, 2048, 7, 7}, {100352, 49, 7, 1}: 0.00077678ms, 1%
main:@312 = load[offset=0,end=0](main:@1) -> int8_type, {0}, {1}: 0.00087642ms, 1%
main:@313 = gpu::convolution[op={padding={0, 0, 0, 0},stride={1, 1},dilation={1, 1},group=1,padding_mode=0},algo=5,int8_x4_format=0,solution_id=81](main:@310,main:@303,main:@312,main:@311) -> float_type, {1, 2048, 7, 7}, {100352, 49, 7, 1}: 0.0452086ms, 2%
main:@314 = hip::hip_copy_literal[id=main:@literal:92] -> float_type, {2048, 1, 1}, {1, 1, 1}: 0.00080276ms, 1%
main:@315 = hip::hip_copy_literal[id=main:@literal:94] -> float_type, {512, 2048, 1, 1}, {2048, 1, 1, 1}: 0.00086872ms, 1%
main:@316 = load[offset=0,end=401408](main:@1) -> float_type, {1, 2048, 7, 7}, {100352, 49, 7, 1}: 0.0008679ms, 1%
main:@317 = multibroadcast[out_lens={1, 2048, 7, 7}](main:@314) -> float_type, {1, 2048, 7, 7}, {0, 1, 0, 0}: 0.00108426ms, 1%
main:@318 = gpu::code_object[code_object=13640,symbol_name=add_add_relu_kernel,global=100352,local=1024,](main:@313,main:@317,main:@296,main:@316) -> float_type, {1, 2048, 7, 7}, {100352, 49, 7, 1}: 0.0196087ms, 1%
main:@319 = load[offset=0,end=0](main:@1) -> int8_type, {0}, {1}: 0.00065658ms, 1%
main:@320 = load[offset=401408,end=501760](main:@1) -> float_type, {1, 512, 7, 7}, {25088, 49, 7, 1}: 0.00089996ms, 1%
main:@321 = gpu::convolution[op={padding={0, 0, 0, 0},stride={1, 1},dilation={1, 1},group=1,padding_mode=0},algo=1,int8_x4_format=0,solution_id=2](main:@318,main:@315,main:@319,main:@320) -> float_type, {1, 512, 7, 7}, {25088, 49, 7, 1}: 0.0754045ms, 2%
main:@322 = hip::hip_copy_literal[id=main:@literal:95] -> float_type, {512, 1, 1}, {1, 1, 1}: 0.00074388ms, 1%
main:@323 = hip::hip_copy_literal[id=main:@literal:99] -> float_type, {2048, 512, 1, 1}, {512, 1, 1, 1}: 0.00080668ms, 1%
main:@324 = hip::hip_copy_literal[id=main:@literal:97] -> float_type, {512, 512, 3, 3}, {4608, 9, 3, 1}: 0.00088076ms, 1%
main:@325 = hip::hip_copy_literal[id=main:@literal:45] -> float_type, {512, 1, 1}, {1, 1, 1}: 0.00067966ms, 1%
main:@326 = multibroadcast[out_lens={1, 512, 7, 7}](main:@325) -> float_type, {1, 512, 7, 7}, {0, 1, 0, 0}: 0.00119708ms, 1%
main:@327 = load[offset=501760,end=602112](main:@1) -> float_type, {1, 512, 7, 7}, {25088, 49, 7, 1}: 0.00071042ms, 1%
main:@328 = gpu::code_object[code_object=13632,symbol_name=add_relu_kernel,global=25088,local=1024,](main:@321,main:@326,main:@327) -> float_type, {1, 512, 7, 7}, {25088, 49, 7, 1}: 0.0177992ms, 1%
main:@329 = load[offset=802816,end=903168](main:@1) -> float_type, {1, 512, 7, 7}, {25088, 49, 7, 1}: 0.00066034ms, 1%
main:@330 = multibroadcast[out_lens={1, 512, 7, 7}](main:@322) -> float_type, {1, 512, 7, 7}, {0, 1, 0, 0}: 0.00107142ms, 1%
main:@331 = gpu::miopen_fusion[ops={{op=convolution[padding={1, 1, 1, 1},stride={1, 1},dilation={1, 1},group=1,padding_mode=0],alpha=1,beta=0}, {op=add,alpha=1,beta=0}, {op=relu,alpha=1,beta=0}}](main:@328,main:@324,main:@330,main:@329) -> float_type, {1, 512, 7, 7}, {25088, 49, 7, 1}: 0.141379ms, 4%
main:@332 = load[offset=401408,end=802816](main:@1) -> float_type, {1, 2048, 7, 7}, {100352, 49, 7, 1}: 0.00079212ms, 1%
main:@333 = load[offset=0,end=0](main:@1) -> int8_type, {0}, {1}: 0.00086694ms, 1%
main:@334 = gpu::convolution[op={padding={0, 0, 0, 0},stride={1, 1},dilation={1, 1},group=1,padding_mode=0},algo=5,int8_x4_format=0,solution_id=81](main:@331,main:@323,main:@333,main:@332) -> float_type, {1, 2048, 7, 7}, {100352, 49, 7, 1}: 0.0431113ms, 2%
main:@335 = hip::hip_copy_literal[id=main:@literal:98] -> float_type, {2048, 1, 1}, {1, 1, 1}: 0.0007693ms, 1%
main:@336 = hip::hip_copy_literal[id=main:@literal:89] -> float_type, {1, 1000}, {1000, 1}: 0.00079452ms, 1%
main:@337 = hip::hip_copy_literal[id=main:@literal:96] -> float_type, {2048, 1000}, {1000, 1}: 0.00090238ms, 1%
main:@338 = load[offset=802816,end=1204224](main:@1) -> float_type, {1, 2048, 7, 7}, {100352, 49, 7, 1}: 0.00082828ms, 1%
main:@339 = multibroadcast[out_lens={1, 2048, 7, 7}](main:@335) -> float_type, {1, 2048, 7, 7}, {0, 1, 0, 0}: 0.00123394ms, 1%
main:@340 = gpu::code_object[code_object=13640,symbol_name=add_add_relu_kernel,global=100352,local=1024,](main:@334,main:@339,main:@318,main:@338) -> float_type, {1, 2048, 7, 7}, {100352, 49, 7, 1}: 0.0192751ms, 1%
main:@341 = reshape[dims={2048, -1}](main:@340) -> float_type, {2048, 49}, {49, 1}: 0.00127648ms, 1%
main:@342 = load[offset=0,end=8192](main:@1) -> float_type, {2048, 1}, {1, 1}: 0.00087748ms, 1%
main:@343 = gpu::code_object[code_object=13632,symbol_name=reduce_kernel,global=131072,local=64,](main:@341,main:@342) -> float_type, {2048, 1}, {1, 1}: 0.0181063ms, 1%
main:@344 = reshape[dims={1, 2048, 1, 1}](main:@343) -> float_type, {1, 2048, 1, 1}, {2048, 1, 1, 1}: 0.00071724ms, 1%
main:@345 = flatten[axis=1](main:@344) -> float_type, {1, 2048}, {2048, 1}: 0.00118724ms, 1%
main:#output_0 = @param:main:#output_0 -> float_type, {1, 1000}, {1000, 1}: 0.00096572ms, 1%
main:@347 = gpu::gemm[alpha=1,beta=1,int8_x4_format=0,compute_fp32=1,trans_batch=0](main:@345,main:@337,main:@336,main:#output_0) -> float_type, {1, 1000}, {1000, 1}: 0.0582886ms, 2%
main:@348 = @return(main:@347)
Summary:
gpu::miopen_fusion: 1.51229ms / 23 = 0.0657517ms, 40%
gpu::convolution: 1.34066ms / 26 = 0.0515638ms, 35%
gpu::code_object::add_add_relu_kernel: 0.268484ms / 12 = 0.0223737ms, 7%
gpu::code_object::add_relu_kernel: 0.263811ms / 14 = 0.0188437ms, 7%
load: 0.0885045ms / 107 = 0.000827145ms, 3%
gpu::code_object::concat_kernel: 0.0822565ms / 4 = 0.0205641ms, 3%
hip::hip_copy_literal: 0.0777984ms / 100 = 0.000777984ms, 3%
gpu::pooling: 0.0602133ms / 1 = 0.0602133ms, 2%
gpu::gemm: 0.0582886ms / 1 = 0.0582886ms, 2%
multibroadcast: 0.0543749ms / 49 = 0.00110969ms, 2%
gpu::code_object::reduce_kernel: 0.0181063ms / 1 = 0.0181063ms, 1%
step: 0.00419634ms / 3 = 0.00139878ms, 1%
reshape: 0.00199372ms / 2 = 0.00099686ms, 1%
@param: 0.00151216ms / 2 = 0.00075608ms, 1%
flatten: 0.00118724ms / 1 = 0.00118724ms, 1%
hip::hip_allocate_memory: 0.0010505ms / 1 = 0.0010505ms, 1%
check_context::migraphx::version_1::gpu::context: 0.00093812ms / 1 = 0.00093812ms, 1%

Batch size: 1
Rate: 518.527/sec
Total time: 1.92854ms
Total instructions time: 3.83566ms
Overhead time: 0.0758145ms, -1.90712ms
Overhead: 4%, -99%
