Running [ MIGraphX Version: 2.10.0.a7d295086 ]: /src/AMDMIGraphX/build/bin/driver perf --fill1 input lS_i --input-dim @input 307200 13 @lS_i 26 307200 --gpu --enable-offload-copy --gpu /new-saved-models/dlrm/pt_dlrm_criteoterabyte_13_26_20k_1.1_M2.4/float/pt_dlrm_fp16_onnx/pt_dlrm_fp16.onnx
Compiling ... 
Reading: /new-saved-models/dlrm/pt_dlrm_criteoterabyte_13_26_20k_1.1_M2.4/float/pt_dlrm_fp16_onnx/pt_dlrm_fp16.onnx
module: "main"
@0 = check_context::migraphx::gpu::context -> float_type, {}, {}, target_id=0
@1 = hip::hip_allocate_memory[shape=int8_type, {2123366400}, {1},id=main:scratch] -> int8_type, {2123366400}, {1}, target_id=0
@2 = hip::hip_copy_literal[id=main:@literal:5] -> half_type, {512, 512}, {512, 1}, target_id=0
@3 = hip::hip_copy_literal[id=main:@literal:3] -> half_type, {415, 512}, {512, 1}, target_id=0
@4 = hip::hip_copy_literal[id=main:@literal:1] -> half_type, {512, 256}, {256, 1}, target_id=0
@5 = hip::hip_copy_literal[id=main:@literal:6] -> half_type, {256, 1}, {1, 1}, target_id=0
@6 = hip::hip_copy_literal[id=main:@literal:10] -> half_type, {512}, {1}, target_id=0
@7 = hip::hip_copy_literal[id=main:@literal:11] -> half_type, {512}, {1}, target_id=0
@8 = hip::hip_copy_literal[id=main:@literal:12] -> half_type, {64}, {1}, target_id=0
@9 = load[offset=1376256000,end=1384243200](@1) -> half_type, {307200, 13}, {13, 1}, target_id=0
input = @param:input -> half_type, {307200, 13}, {13, 1}, target_id=0
@11 = hip::copy_to_gpu(input,@9) -> half_type, {307200, 13}, {13, 1}, target_id=0
@12 = load[offset=0,end=63897600](@1) -> int64_type, {26, 307200}, {307200, 1}, target_id=0
lS_i = @param:lS_i -> int64_type, {26, 307200}, {307200, 1}, target_id=0
@14 = hip::copy_to_gpu(lS_i,@12) -> int64_type, {26, 307200}, {307200, 1}, target_id=0
@15 = hip::hip_copy_literal[id=main:@literal:7] -> float_type, {351}, {1}, target_id=0
@16 = hip::hip_copy_literal[id=main:@literal:21] -> half_type, {9994222, 64}, {64, 1}, target_id=0
@17 = hip::hip_copy_literal[id=main:@literal:22] -> half_type, {14, 64}, {64, 1}, target_id=0
@18 = hip::hip_copy_literal[id=main:@literal:23] -> half_type, {970, 64}, {64, 1}, target_id=0
@19 = hip::hip_copy_literal[id=main:@literal:24] -> half_type, {4, 64}, {64, 1}, target_id=0
@20 = hip::hip_copy_literal[id=main:@literal:25] -> half_type, {122, 64}, {64, 1}, target_id=0
@21 = hip::hip_copy_literal[id=main:@literal:26] -> half_type, {11156, 64}, {64, 1}, target_id=0
@22 = hip::hip_copy_literal[id=main:@literal:27] -> half_type, {2208, 64}, {64, 1}, target_id=0
@23 = hip::hip_copy_literal[id=main:@literal:32] -> half_type, {61, 64}, {64, 1}, target_id=0
@24 = hip::hip_copy_literal[id=main:@literal:13] -> half_type, {256}, {1}, target_id=0
@25 = hip::hip_copy_literal[id=main:@literal:14] -> half_type, {512}, {1}, target_id=0
@26 = hip::hip_copy_literal[id=main:@literal:15] -> half_type, {36, 64}, {64, 1}, target_id=0
@27 = hip::hip_copy_literal[id=main:@literal:16] -> half_type, {101, 64}, {64, 1}, target_id=0
@28 = hip::hip_copy_literal[id=main:@literal:17] -> half_type, {12420, 64}, {64, 1}, target_id=0
@29 = hip::hip_copy_literal[id=main:@literal:18] -> half_type, {415421, 64}, {64, 1}, target_id=0
@30 = hip::hip_copy_literal[id=main:@literal:19] -> half_type, {9946608, 64}, {64, 1}, target_id=0
@31 = hip::hip_copy_literal[id=main:@literal:20] -> half_type, {7267859, 64}, {64, 1}, target_id=0
@32 = hip::hip_copy_literal[id=main:@literal:4] -> half_type, {512, 256}, {256, 1}, target_id=0
@33 = hip::hip_copy_literal[id=main:@literal:0] -> half_type, {13, 512}, {512, 1}, target_id=0
@34 = hip::hip_copy_literal[id=main:@literal:2] -> half_type, {256, 64}, {64, 1}, target_id=0
@35 = hip::hip_copy_literal[id=main:@literal:8] -> half_type, {1}, {1}, target_id=0
@36 = hip::hip_copy_literal[id=main:@literal:9] -> half_type, {256}, {1}, target_id=0
@37 = hip::hip_copy_literal[id=main:@literal:28] -> half_type, {10, 64}, {64, 1}, target_id=0
@38 = hip::hip_copy_literal[id=main:@literal:29] -> half_type, {313829, 64}, {64, 1}, target_id=0
@39 = hip::hip_copy_literal[id=main:@literal:30] -> half_type, {1333352, 64}, {64, 1}, target_id=0
@40 = hip::hip_copy_literal[id=main:@literal:31] -> half_type, {9758201, 64}, {64, 1}, target_id=0
@41 = hip::hip_copy_literal[id=main:@literal:33] -> half_type, {1442, 64}, {64, 1}, target_id=0
@42 = hip::hip_copy_literal[id=main:@literal:34] -> half_type, {7112, 64}, {64, 1}, target_id=0
@43 = hip::hip_copy_literal[id=main:@literal:35] -> half_type, {3, 64}, {64, 1}, target_id=0
@44 = hip::hip_copy_literal[id=main:@literal:36] -> half_type, {20134, 64}, {64, 1}, target_id=0
@45 = hip::hip_copy_literal[id=main:@literal:37] -> half_type, {7378, 64}, {64, 1}, target_id=0
@46 = hip::hip_copy_literal[id=main:@literal:38] -> half_type, {17217, 64}, {64, 1}, target_id=0
@47 = hip::hip_copy_literal[id=main:@literal:39] -> half_type, {36084, 64}, {64, 1}, target_id=0
@48 = hip::hip_copy_literal[id=main:@literal:40] -> half_type, {9980333, 64}, {64, 1}, target_id=0
@49 = load[offset=1061683200,end=1093632000](@1) -> float_type, {26, 307200}, {307200, 1}, target_id=0
@50 = gpu::code_object[code_object=5192,symbol_name=convert_kernel,global=1996800,local=1024,](@14,@49) -> float_type, {26, 307200}, {307200, 1}, target_id=0
@51 = load[offset=1022361600,end=1061683200](@1) -> half_type, {307200, 64}, {64, 1}, target_id=0
@52 = slice[axes={0},starts={25},ends={26}](@50) -> float_type, {1, 307200}, {307200, 1}, target_id=0
@53 = squeeze[axes={0}](@52) -> float_type, {307200}, {1}, target_id=0
@54 = gpu::code_object[code_object=5128,symbol_name=gather_kernel,global=212992,local=1024,](@26,@53,@51) -> half_type, {307200, 64}, {64, 1}, target_id=0
@55 = load[offset=983040000,end=1022361600](@1) -> half_type, {307200, 64}, {64, 1}, target_id=0
@56 = slice[axes={0},starts={24},ends={25}](@50) -> float_type, {1, 307200}, {307200, 1}, target_id=0
@57 = squeeze[axes={0}](@56) -> float_type, {307200}, {1}, target_id=0
@58 = gpu::code_object[code_object=5128,symbol_name=gather_kernel,global=212992,local=1024,](@27,@57,@55) -> half_type, {307200, 64}, {64, 1}, target_id=0
@59 = load[offset=943718400,end=983040000](@1) -> half_type, {307200, 64}, {64, 1}, target_id=0
@60 = slice[axes={0},starts={23},ends={24}](@50) -> float_type, {1, 307200}, {307200, 1}, target_id=0
@61 = squeeze[axes={0}](@60) -> float_type, {307200}, {1}, target_id=0
@62 = gpu::code_object[code_object=5128,symbol_name=gather_kernel,global=212992,local=1024,](@28,@61,@59) -> half_type, {307200, 64}, {64, 1}, target_id=0
@63 = load[offset=904396800,end=943718400](@1) -> half_type, {307200, 64}, {64, 1}, target_id=0
@64 = slice[axes={0},starts={22},ends={23}](@50) -> float_type, {1, 307200}, {307200, 1}, target_id=0
@65 = squeeze[axes={0}](@64) -> float_type, {307200}, {1}, target_id=0
@66 = gpu::code_object[code_object=5128,symbol_name=gather_kernel,global=212992,local=1024,](@29,@65,@63) -> half_type, {307200, 64}, {64, 1}, target_id=0
@67 = load[offset=865075200,end=904396800](@1) -> half_type, {307200, 64}, {64, 1}, target_id=0
@68 = slice[axes={0},starts={21},ends={22}](@50) -> float_type, {1, 307200}, {307200, 1}, target_id=0
@69 = squeeze[axes={0}](@68) -> float_type, {307200}, {1}, target_id=0
@70 = gpu::code_object[code_object=5128,symbol_name=gather_kernel,global=212992,local=1024,](@30,@69,@67) -> half_type, {307200, 64}, {64, 1}, target_id=0
@71 = load[offset=825753600,end=865075200](@1) -> half_type, {307200, 64}, {64, 1}, target_id=0
@72 = slice[axes={0},starts={20},ends={21}](@50) -> float_type, {1, 307200}, {307200, 1}, target_id=0
@73 = squeeze[axes={0}](@72) -> float_type, {307200}, {1}, target_id=0
@74 = gpu::code_object[code_object=5128,symbol_name=gather_kernel,global=212992,local=1024,](@31,@73,@71) -> half_type, {307200, 64}, {64, 1}, target_id=0
@75 = load[offset=786432000,end=825753600](@1) -> half_type, {307200, 64}, {64, 1}, target_id=0
@76 = slice[axes={0},starts={19},ends={20}](@50) -> float_type, {1, 307200}, {307200, 1}, target_id=0
@77 = squeeze[axes={0}](@76) -> float_type, {307200}, {1}, target_id=0
@78 = gpu::code_object[code_object=5128,symbol_name=gather_kernel,global=212992,local=1024,](@16,@77,@75) -> half_type, {307200, 64}, {64, 1}, target_id=0
@79 = slice[axes={0},starts={18},ends={19}](@50) -> float_type, {1, 307200}, {307200, 1}, target_id=0
@80 = squeeze[axes={0}](@79) -> float_type, {307200}, {1}, target_id=0
@81 = load[offset=747110400,end=786432000](@1) -> half_type, {307200, 64}, {64, 1}, target_id=0
@82 = gpu::code_object[code_object=5128,symbol_name=gather_kernel,global=212992,local=1024,](@17,@80,@81) -> half_type, {307200, 64}, {64, 1}, target_id=0
@83 = load[offset=707788800,end=747110400](@1) -> half_type, {307200, 64}, {64, 1}, target_id=0
@84 = slice[axes={0},starts={17},ends={18}](@50) -> float_type, {1, 307200}, {307200, 1}, target_id=0
@85 = squeeze[axes={0}](@84) -> float_type, {307200}, {1}, target_id=0
@86 = gpu::code_object[code_object=5128,symbol_name=gather_kernel,global=212992,local=1024,](@18,@85,@83) -> half_type, {307200, 64}, {64, 1}, target_id=0
@87 = load[offset=668467200,end=707788800](@1) -> half_type, {307200, 64}, {64, 1}, target_id=0
@88 = slice[axes={0},starts={16},ends={17}](@50) -> float_type, {1, 307200}, {307200, 1}, target_id=0
@89 = squeeze[axes={0}](@88) -> float_type, {307200}, {1}, target_id=0
@90 = gpu::code_object[code_object=5128,symbol_name=gather_kernel,global=212992,local=1024,](@19,@89,@87) -> half_type, {307200, 64}, {64, 1}, target_id=0
@91 = load[offset=629145600,end=668467200](@1) -> half_type, {307200, 64}, {64, 1}, target_id=0
@92 = slice[axes={0},starts={15},ends={16}](@50) -> float_type, {1, 307200}, {307200, 1}, target_id=0
@93 = squeeze[axes={0}](@92) -> float_type, {307200}, {1}, target_id=0
@94 = gpu::code_object[code_object=5128,symbol_name=gather_kernel,global=212992,local=1024,](@20,@93,@91) -> half_type, {307200, 64}, {64, 1}, target_id=0
@95 = load[offset=589824000,end=629145600](@1) -> half_type, {307200, 64}, {64, 1}, target_id=0
@96 = slice[axes={0},starts={14},ends={15}](@50) -> float_type, {1, 307200}, {307200, 1}, target_id=0
@97 = squeeze[axes={0}](@96) -> float_type, {307200}, {1}, target_id=0
@98 = gpu::code_object[code_object=5128,symbol_name=gather_kernel,global=212992,local=1024,](@21,@97,@95) -> half_type, {307200, 64}, {64, 1}, target_id=0
@99 = load[offset=550502400,end=589824000](@1) -> half_type, {307200, 64}, {64, 1}, target_id=0
@100 = slice[axes={0},starts={13},ends={14}](@50) -> float_type, {1, 307200}, {307200, 1}, target_id=0
@101 = squeeze[axes={0}](@100) -> float_type, {307200}, {1}, target_id=0
@102 = gpu::code_object[code_object=5128,symbol_name=gather_kernel,global=212992,local=1024,](@22,@101,@99) -> half_type, {307200, 64}, {64, 1}, target_id=0
@103 = load[offset=511180800,end=550502400](@1) -> half_type, {307200, 64}, {64, 1}, target_id=0
@104 = slice[axes={0},starts={12},ends={13}](@50) -> float_type, {1, 307200}, {307200, 1}, target_id=0
@105 = squeeze[axes={0}](@104) -> float_type, {307200}, {1}, target_id=0
@106 = gpu::code_object[code_object=5128,symbol_name=gather_kernel,global=212992,local=1024,](@37,@105,@103) -> half_type, {307200, 64}, {64, 1}, target_id=0
@107 = load[offset=471859200,end=511180800](@1) -> half_type, {307200, 64}, {64, 1}, target_id=0
@108 = slice[axes={0},starts={11},ends={12}](@50) -> float_type, {1, 307200}, {307200, 1}, target_id=0
@109 = squeeze[axes={0}](@108) -> float_type, {307200}, {1}, target_id=0
@110 = gpu::code_object[code_object=5128,symbol_name=gather_kernel,global=212992,local=1024,](@38,@109,@107) -> half_type, {307200, 64}, {64, 1}, target_id=0
@111 = slice[axes={0},starts={10},ends={11}](@50) -> float_type, {1, 307200}, {307200, 1}, target_id=0
@112 = squeeze[axes={0}](@111) -> float_type, {307200}, {1}, target_id=0
@113 = load[offset=432537600,end=471859200](@1) -> half_type, {307200, 64}, {64, 1}, target_id=0
@114 = gpu::code_object[code_object=5128,symbol_name=gather_kernel,global=212992,local=1024,](@39,@112,@113) -> half_type, {307200, 64}, {64, 1}, target_id=0
@115 = slice[axes={0},starts={9},ends={10}](@50) -> float_type, {1, 307200}, {307200, 1}, target_id=0
@116 = squeeze[axes={0}](@115) -> float_type, {307200}, {1}, target_id=0
@117 = load[offset=393216000,end=432537600](@1) -> half_type, {307200, 64}, {64, 1}, target_id=0
@118 = gpu::code_object[code_object=5128,symbol_name=gather_kernel,global=212992,local=1024,](@40,@116,@117) -> half_type, {307200, 64}, {64, 1}, target_id=0
@119 = slice[axes={0},starts={8},ends={9}](@50) -> float_type, {1, 307200}, {307200, 1}, target_id=0
@120 = squeeze[axes={0}](@119) -> float_type, {307200}, {1}, target_id=0
@121 = load[offset=353894400,end=393216000](@1) -> half_type, {307200, 64}, {64, 1}, target_id=0
@122 = gpu::code_object[code_object=5128,symbol_name=gather_kernel,global=212992,local=1024,](@23,@120,@121) -> half_type, {307200, 64}, {64, 1}, target_id=0
@123 = slice[axes={0},starts={7},ends={8}](@50) -> float_type, {1, 307200}, {307200, 1}, target_id=0
@124 = load[offset=314572800,end=353894400](@1) -> half_type, {307200, 64}, {64, 1}, target_id=0
@125 = squeeze[axes={0}](@123) -> float_type, {307200}, {1}, target_id=0
@126 = gpu::code_object[code_object=5128,symbol_name=gather_kernel,global=212992,local=1024,](@41,@125,@124) -> half_type, {307200, 64}, {64, 1}, target_id=0
@127 = slice[axes={0},starts={6},ends={7}](@50) -> float_type, {1, 307200}, {307200, 1}, target_id=0
@128 = squeeze[axes={0}](@127) -> float_type, {307200}, {1}, target_id=0
@129 = load[offset=275251200,end=314572800](@1) -> half_type, {307200, 64}, {64, 1}, target_id=0
@130 = gpu::code_object[code_object=5128,symbol_name=gather_kernel,global=212992,local=1024,](@42,@128,@129) -> half_type, {307200, 64}, {64, 1}, target_id=0
@131 = slice[axes={0},starts={5},ends={6}](@50) -> float_type, {1, 307200}, {307200, 1}, target_id=0
@132 = squeeze[axes={0}](@131) -> float_type, {307200}, {1}, target_id=0
@133 = load[offset=235929600,end=275251200](@1) -> half_type, {307200, 64}, {64, 1}, target_id=0
@134 = gpu::code_object[code_object=5128,symbol_name=gather_kernel,global=212992,local=1024,](@43,@132,@133) -> half_type, {307200, 64}, {64, 1}, target_id=0
@135 = slice[axes={0},starts={4},ends={5}](@50) -> float_type, {1, 307200}, {307200, 1}, target_id=0
@136 = squeeze[axes={0}](@135) -> float_type, {307200}, {1}, target_id=0
@137 = load[offset=196608000,end=235929600](@1) -> half_type, {307200, 64}, {64, 1}, target_id=0
@138 = gpu::code_object[code_object=5128,symbol_name=gather_kernel,global=212992,local=1024,](@44,@136,@137) -> half_type, {307200, 64}, {64, 1}, target_id=0
@139 = slice[axes={0},starts={3},ends={4}](@50) -> float_type, {1, 307200}, {307200, 1}, target_id=0
@140 = squeeze[axes={0}](@139) -> float_type, {307200}, {1}, target_id=0
@141 = load[offset=157286400,end=196608000](@1) -> half_type, {307200, 64}, {64, 1}, target_id=0
@142 = gpu::code_object[code_object=5128,symbol_name=gather_kernel,global=212992,local=1024,](@45,@140,@141) -> half_type, {307200, 64}, {64, 1}, target_id=0
@143 = load[offset=117964800,end=157286400](@1) -> half_type, {307200, 64}, {64, 1}, target_id=0
@144 = slice[axes={0},starts={2},ends={3}](@50) -> float_type, {1, 307200}, {307200, 1}, target_id=0
@145 = squeeze[axes={0}](@144) -> float_type, {307200}, {1}, target_id=0
@146 = gpu::code_object[code_object=5128,symbol_name=gather_kernel,global=212992,local=1024,](@46,@145,@143) -> half_type, {307200, 64}, {64, 1}, target_id=0
@147 = load[offset=78643200,end=117964800](@1) -> half_type, {307200, 64}, {64, 1}, target_id=0
@148 = slice[axes={0},starts={1},ends={2}](@50) -> float_type, {1, 307200}, {307200, 1}, target_id=0
@149 = squeeze[axes={0}](@148) -> float_type, {307200}, {1}, target_id=0
@150 = gpu::code_object[code_object=5128,symbol_name=gather_kernel,global=212992,local=1024,](@47,@149,@147) -> half_type, {307200, 64}, {64, 1}, target_id=0
@151 = slice[axes={0},starts={0},ends={1}](@50) -> float_type, {1, 307200}, {307200, 1}, target_id=0
@152 = squeeze[axes={0}](@151) -> float_type, {307200}, {1}, target_id=0
@153 = load[offset=39321600,end=78643200](@1) -> half_type, {307200, 64}, {64, 1}, target_id=0
@154 = gpu::code_object[code_object=5128,symbol_name=gather_kernel,global=212992,local=1024,](@48,@152,@153) -> half_type, {307200, 64}, {64, 1}, target_id=0
@155 = load[offset=1061683200,end=1376256000](@1) -> half_type, {307200, 512}, {512, 1}, target_id=0
@156 = multibroadcast[out_lens={307200, 512},out_dyn_dims={}](@25) -> half_type, {307200, 512}, {0, 1}, target_id=0
@157 = gpu::code_object[code_object=7680,symbol_name=mlir_dot_add_relu,global=2457600,local=256,](@156,@11,@33,@155) -> half_type, {307200, 512}, {512, 1}, target_id=0
@158 = multibroadcast[out_lens={307200, 256},out_dyn_dims={}](@24) -> half_type, {307200, 256}, {0, 1}, target_id=0
@159 = load[offset=1376256000,end=1533542400](@1) -> half_type, {307200, 256}, {256, 1}, target_id=0
@160 = gpu::code_object[code_object=8896,symbol_name=mlir_dot_add_relu,global=1228800,local=256,](@158,@157,@4,@159) -> half_type, {307200, 256}, {256, 1}, target_id=0
@161 = multibroadcast[out_lens={307200, 64},out_dyn_dims={}](@8) -> half_type, {307200, 64}, {0, 1}, target_id=0
@162 = load[offset=0,end=39321600](@1) -> half_type, {307200, 64}, {64, 1}, target_id=0
@163 = gpu::code_object[code_object=6528,symbol_name=mlir_dot_add_relu,global=1228800,local=256,](@161,@160,@34,@162) -> half_type, {307200, 64}, {64, 1}, target_id=0
@164 = load[offset=1061683200,end=2123366400](@1) -> half_type, {307200, 1728}, {1728, 1}, target_id=0
@165 = gpu::code_object[code_object=7688,symbol_name=concat_kernel,global=19660800,local=1024,](@163,@154,@150,@146,@142,@138,@134,@130,@126,@122,@118,@114,@110,@106,@102,@98,@94,@90,@86,@82,@78,@74,@70,@66,@62,@58,@54,@164) -> half_type, {307200, 1728}, {1728, 1}, target_id=0
@166 = load[offset=39321600,end=487219200](@1) -> half_type, {307200, 27, 27}, {729, 27, 1}, target_id=0
@167 = gpu::code_object[code_object=4768,symbol_name=mlir_reshape_reshape_transpose_dot,global=78643200,local=256,](@165,@165,@166) -> half_type, {307200, 27, 27}, {729, 27, 1}, target_id=0
@168 = reshape_lazy[dims={307200, 729}](@167) -> half_type, {307200, 729}, {729, 1}, target_id=0
@169 = load[offset=487219200,end=702873600](@1) -> half_type, {307200, 351}, {351, 1}, target_id=0
@170 = gpu::code_object[code_object=5128,symbol_name=gather_kernel,global=212992,local=1024,](@168,@15,@169) -> half_type, {307200, 351}, {351, 1}, target_id=0
@171 = load[offset=39321600,end=294297600](@1) -> half_type, {307200, 415}, {415, 1}, target_id=0
@172 = gpu::code_object[code_object=5192,symbol_name=concat_kernel,global=54525952,local=1024,](@163,@170,@171) -> half_type, {307200, 415}, {415, 1}, target_id=0
@173 = load[offset=294297600,end=608870400](@1) -> half_type, {307200, 512}, {512, 1}, target_id=0
@174 = multibroadcast[out_lens={307200, 512},out_dyn_dims={}](@7) -> half_type, {307200, 512}, {0, 1}, target_id=0
@175 = gpu::code_object[code_object=8448,symbol_name=mlir_dot_add_relu,global=2457600,local=256,](@174,@172,@3,@173) -> half_type, {307200, 512}, {512, 1}, target_id=0
@176 = load[offset=608870400,end=923443200](@1) -> half_type, {307200, 512}, {512, 1}, target_id=0
@177 = multibroadcast[out_lens={307200, 512},out_dyn_dims={}](@6) -> half_type, {307200, 512}, {0, 1}, target_id=0
@178 = gpu::code_object[code_object=8320,symbol_name=mlir_dot_add_relu,global=2457600,local=256,](@177,@175,@2,@176) -> half_type, {307200, 512}, {512, 1}, target_id=0
@179 = load[offset=157900800,end=315187200](@1) -> half_type, {307200, 256}, {256, 1}, target_id=0
@180 = multibroadcast[out_lens={307200, 256},out_dyn_dims={}](@36) -> half_type, {307200, 256}, {0, 1}, target_id=0
@181 = gpu::code_object[code_object=8896,symbol_name=mlir_dot_add_relu,global=1228800,local=256,](@180,@178,@32,@179) -> half_type, {307200, 256}, {256, 1}, target_id=0
@182 = load[offset=0,end=614400](@1) -> half_type, {307200, 1}, {1, 1}, target_id=0
@183 = multibroadcast[out_lens={307200, 1},out_dyn_dims={}](@35) -> half_type, {307200, 1}, {0, 1}, target_id=0
@184 = gpu::code_object[code_object=6528,symbol_name=mlir_dot_add_sigmoid,global=2457600,local=256,](@183,@181,@5,@182) -> half_type, {307200, 1}, {1, 1}, target_id=0
@185 = hip::copy_from_gpu(@184) -> half_type, {307200, 1}, {1, 1}, target_id=0
@186 = hip::sync_stream(@185) -> half_type, {307200, 1}, {1, 1}, target_id=0
@187 = @return(@186), target_id=0


Allocating params ... 
Running performance report ... 
@0 = check_context::migraphx::gpu::context -> float_type, {}, {}, target_id=0: 0.00144788ms, 1%
@1 = hip::hip_allocate_memory[shape=int8_type, {2123366400}, {1},id=main:scratch] -> int8_type, {2123366400}, {1}, target_id=0: 0.0009873ms, 1%
@2 = hip::hip_copy_literal[id=main:@literal:5] -> half_type, {512, 512}, {512, 1}, target_id=0: 0.00078856ms, 1%
@3 = hip::hip_copy_literal[id=main:@literal:3] -> half_type, {415, 512}, {512, 1}, target_id=0: 0.00045116ms, 1%
@4 = hip::hip_copy_literal[id=main:@literal:1] -> half_type, {512, 256}, {256, 1}, target_id=0: 0.00054904ms, 1%
@5 = hip::hip_copy_literal[id=main:@literal:6] -> half_type, {256, 1}, {1, 1}, target_id=0: 0.00039956ms, 1%
@6 = hip::hip_copy_literal[id=main:@literal:10] -> half_type, {512}, {1}, target_id=0: 0.00069388ms, 1%
@7 = hip::hip_copy_literal[id=main:@literal:11] -> half_type, {512}, {1}, target_id=0: 0.00050288ms, 1%
@8 = hip::hip_copy_literal[id=main:@literal:12] -> half_type, {64}, {1}, target_id=0: 0.0004952ms, 1%
@9 = load[offset=1376256000,end=1384243200](@1) -> half_type, {307200, 13}, {13, 1}, target_id=0: 0.0009446ms, 1%
input = @param:input -> half_type, {307200, 13}, {13, 1}, target_id=0: 0.00077958ms, 1%
@11 = hip::copy_to_gpu(input,@9) -> half_type, {307200, 13}, {13, 1}, target_id=0: 0.31422ms, 2%
@12 = load[offset=0,end=63897600](@1) -> int64_type, {26, 307200}, {307200, 1}, target_id=0: 0.00064162ms, 1%
lS_i = @param:lS_i -> int64_type, {26, 307200}, {307200, 1}, target_id=0: 0.00037112ms, 1%
@14 = hip::copy_to_gpu(lS_i,@12) -> int64_type, {26, 307200}, {307200, 1}, target_id=0: 2.28316ms, 13%
@15 = hip::hip_copy_literal[id=main:@literal:7] -> float_type, {351}, {1}, target_id=0: 0.0007352ms, 1%
@16 = hip::hip_copy_literal[id=main:@literal:21] -> half_type, {9994222, 64}, {64, 1}, target_id=0: 0.00051334ms, 1%
@17 = hip::hip_copy_literal[id=main:@literal:22] -> half_type, {14, 64}, {64, 1}, target_id=0: 0.0004749ms, 1%
@18 = hip::hip_copy_literal[id=main:@literal:23] -> half_type, {970, 64}, {64, 1}, target_id=0: 0.000541ms, 1%
@19 = hip::hip_copy_literal[id=main:@literal:24] -> half_type, {4, 64}, {64, 1}, target_id=0: 0.00043182ms, 1%
@20 = hip::hip_copy_literal[id=main:@literal:25] -> half_type, {122, 64}, {64, 1}, target_id=0: 0.00046046ms, 1%
@21 = hip::hip_copy_literal[id=main:@literal:26] -> half_type, {11156, 64}, {64, 1}, target_id=0: 0.00045628ms, 1%
@22 = hip::hip_copy_literal[id=main:@literal:27] -> half_type, {2208, 64}, {64, 1}, target_id=0: 0.0005596ms, 1%
@23 = hip::hip_copy_literal[id=main:@literal:32] -> half_type, {61, 64}, {64, 1}, target_id=0: 0.00042738ms, 1%
@24 = hip::hip_copy_literal[id=main:@literal:13] -> half_type, {256}, {1}, target_id=0: 0.00043674ms, 1%
@25 = hip::hip_copy_literal[id=main:@literal:14] -> half_type, {512}, {1}, target_id=0: 0.0004262ms, 1%
@26 = hip::hip_copy_literal[id=main:@literal:15] -> half_type, {36, 64}, {64, 1}, target_id=0: 0.00050114ms, 1%
@27 = hip::hip_copy_literal[id=main:@literal:16] -> half_type, {101, 64}, {64, 1}, target_id=0: 0.00041726ms, 1%
@28 = hip::hip_copy_literal[id=main:@literal:17] -> half_type, {12420, 64}, {64, 1}, target_id=0: 0.00048914ms, 1%
@29 = hip::hip_copy_literal[id=main:@literal:18] -> half_type, {415421, 64}, {64, 1}, target_id=0: 0.00042642ms, 1%
@30 = hip::hip_copy_literal[id=main:@literal:19] -> half_type, {9946608, 64}, {64, 1}, target_id=0: 0.00045288ms, 1%
@31 = hip::hip_copy_literal[id=main:@literal:20] -> half_type, {7267859, 64}, {64, 1}, target_id=0: 0.0004379ms, 1%
@32 = hip::hip_copy_literal[id=main:@literal:4] -> half_type, {512, 256}, {256, 1}, target_id=0: 0.00042952ms, 1%
@33 = hip::hip_copy_literal[id=main:@literal:0] -> half_type, {13, 512}, {512, 1}, target_id=0: 0.0004261ms, 1%
@34 = hip::hip_copy_literal[id=main:@literal:2] -> half_type, {256, 64}, {64, 1}, target_id=0: 0.00039588ms, 1%
@35 = hip::hip_copy_literal[id=main:@literal:8] -> half_type, {1}, {1}, target_id=0: 0.00043718ms, 1%
@36 = hip::hip_copy_literal[id=main:@literal:9] -> half_type, {256}, {1}, target_id=0: 0.00041094ms, 1%
@37 = hip::hip_copy_literal[id=main:@literal:28] -> half_type, {10, 64}, {64, 1}, target_id=0: 0.000664ms, 1%
@38 = hip::hip_copy_literal[id=main:@literal:29] -> half_type, {313829, 64}, {64, 1}, target_id=0: 0.00044944ms, 1%
@39 = hip::hip_copy_literal[id=main:@literal:30] -> half_type, {1333352, 64}, {64, 1}, target_id=0: 0.00049476ms, 1%
@40 = hip::hip_copy_literal[id=main:@literal:31] -> half_type, {9758201, 64}, {64, 1}, target_id=0: 0.00044468ms, 1%
@41 = hip::hip_copy_literal[id=main:@literal:33] -> half_type, {1442, 64}, {64, 1}, target_id=0: 0.00043248ms, 1%
@42 = hip::hip_copy_literal[id=main:@literal:34] -> half_type, {7112, 64}, {64, 1}, target_id=0: 0.00042872ms, 1%
@43 = hip::hip_copy_literal[id=main:@literal:35] -> half_type, {3, 64}, {64, 1}, target_id=0: 0.00044648ms, 1%
@44 = hip::hip_copy_literal[id=main:@literal:36] -> half_type, {20134, 64}, {64, 1}, target_id=0: 0.0005586ms, 1%
@45 = hip::hip_copy_literal[id=main:@literal:37] -> half_type, {7378, 64}, {64, 1}, target_id=0: 0.0004431ms, 1%
@46 = hip::hip_copy_literal[id=main:@literal:38] -> half_type, {17217, 64}, {64, 1}, target_id=0: 0.00043756ms, 1%
@47 = hip::hip_copy_literal[id=main:@literal:39] -> half_type, {36084, 64}, {64, 1}, target_id=0: 0.00058208ms, 1%
@48 = hip::hip_copy_literal[id=main:@literal:40] -> half_type, {9980333, 64}, {64, 1}, target_id=0: 0.00044204ms, 1%
@49 = load[offset=1061683200,end=1093632000](@1) -> float_type, {26, 307200}, {307200, 1}, target_id=0: 0.00060796ms, 1%
@50 = gpu::code_object[code_object=5192,symbol_name=convert_kernel,global=1996800,local=1024,](@14,@49) -> float_type, {26, 307200}, {307200, 1}, target_id=0: 0.0977578ms, 1%
@51 = load[offset=1022361600,end=1061683200](@1) -> half_type, {307200, 64}, {64, 1}, target_id=0: 0.00059302ms, 1%
@52 = slice[axes={0},starts={25},ends={26}](@50) -> float_type, {1, 307200}, {307200, 1}, target_id=0: 0.00341278ms, 1%
@53 = squeeze[axes={0}](@52) -> float_type, {307200}, {1}, target_id=0: 0.00125854ms, 1%
@54 = gpu::code_object[code_object=5128,symbol_name=gather_kernel,global=212992,local=1024,](@26,@53,@51) -> half_type, {307200, 64}, {64, 1}, target_id=0: 0.119919ms, 1%
@55 = load[offset=983040000,end=1022361600](@1) -> half_type, {307200, 64}, {64, 1}, target_id=0: 0.00056204ms, 1%
@56 = slice[axes={0},starts={24},ends={25}](@50) -> float_type, {1, 307200}, {307200, 1}, target_id=0: 0.00306594ms, 1%
@57 = squeeze[axes={0}](@56) -> float_type, {307200}, {1}, target_id=0: 0.00116652ms, 1%
@58 = gpu::code_object[code_object=5128,symbol_name=gather_kernel,global=212992,local=1024,](@27,@57,@55) -> half_type, {307200, 64}, {64, 1}, target_id=0: 0.118817ms, 1%
@59 = load[offset=943718400,end=983040000](@1) -> half_type, {307200, 64}, {64, 1}, target_id=0: 0.0005402ms, 1%
@60 = slice[axes={0},starts={23},ends={24}](@50) -> float_type, {1, 307200}, {307200, 1}, target_id=0: 0.00235768ms, 1%
@61 = squeeze[axes={0}](@60) -> float_type, {307200}, {1}, target_id=0: 0.00126702ms, 1%
@62 = gpu::code_object[code_object=5128,symbol_name=gather_kernel,global=212992,local=1024,](@28,@61,@59) -> half_type, {307200, 64}, {64, 1}, target_id=0: 0.119283ms, 1%
@63 = load[offset=904396800,end=943718400](@1) -> half_type, {307200, 64}, {64, 1}, target_id=0: 0.00053702ms, 1%
@64 = slice[axes={0},starts={22},ends={23}](@50) -> float_type, {1, 307200}, {307200, 1}, target_id=0: 0.00279732ms, 1%
@65 = squeeze[axes={0}](@64) -> float_type, {307200}, {1}, target_id=0: 0.00120984ms, 1%
@66 = gpu::code_object[code_object=5128,symbol_name=gather_kernel,global=212992,local=1024,](@29,@65,@63) -> half_type, {307200, 64}, {64, 1}, target_id=0: 0.11843ms, 1%
@67 = load[offset=865075200,end=904396800](@1) -> half_type, {307200, 64}, {64, 1}, target_id=0: 0.0005368ms, 1%
@68 = slice[axes={0},starts={21},ends={22}](@50) -> float_type, {1, 307200}, {307200, 1}, target_id=0: 0.00246216ms, 1%
@69 = squeeze[axes={0}](@68) -> float_type, {307200}, {1}, target_id=0: 0.00122004ms, 1%
@70 = gpu::code_object[code_object=5128,symbol_name=gather_kernel,global=212992,local=1024,](@30,@69,@67) -> half_type, {307200, 64}, {64, 1}, target_id=0: 0.119363ms, 1%
@71 = load[offset=825753600,end=865075200](@1) -> half_type, {307200, 64}, {64, 1}, target_id=0: 0.00054224ms, 1%
@72 = slice[axes={0},starts={20},ends={21}](@50) -> float_type, {1, 307200}, {307200, 1}, target_id=0: 0.00246522ms, 1%
@73 = squeeze[axes={0}](@72) -> float_type, {307200}, {1}, target_id=0: 0.00121604ms, 1%
@74 = gpu::code_object[code_object=5128,symbol_name=gather_kernel,global=212992,local=1024,](@31,@73,@71) -> half_type, {307200, 64}, {64, 1}, target_id=0: 0.121002ms, 1%
@75 = load[offset=786432000,end=825753600](@1) -> half_type, {307200, 64}, {64, 1}, target_id=0: 0.00056504ms, 1%
@76 = slice[axes={0},starts={19},ends={20}](@50) -> float_type, {1, 307200}, {307200, 1}, target_id=0: 0.0027704ms, 1%
@77 = squeeze[axes={0}](@76) -> float_type, {307200}, {1}, target_id=0: 0.00116274ms, 1%
@78 = gpu::code_object[code_object=5128,symbol_name=gather_kernel,global=212992,local=1024,](@16,@77,@75) -> half_type, {307200, 64}, {64, 1}, target_id=0: 0.119058ms, 1%
@79 = slice[axes={0},starts={18},ends={19}](@50) -> float_type, {1, 307200}, {307200, 1}, target_id=0: 0.00103916ms, 1%
@80 = squeeze[axes={0}](@79) -> float_type, {307200}, {1}, target_id=0: 0.0020276ms, 1%
@81 = load[offset=747110400,end=786432000](@1) -> half_type, {307200, 64}, {64, 1}, target_id=0: 0.00050056ms, 1%
@82 = gpu::code_object[code_object=5128,symbol_name=gather_kernel,global=212992,local=1024,](@17,@80,@81) -> half_type, {307200, 64}, {64, 1}, target_id=0: 0.119708ms, 1%
@83 = load[offset=707788800,end=747110400](@1) -> half_type, {307200, 64}, {64, 1}, target_id=0: 0.0005298ms, 1%
@84 = slice[axes={0},starts={17},ends={18}](@50) -> float_type, {1, 307200}, {307200, 1}, target_id=0: 0.00247788ms, 1%
@85 = squeeze[axes={0}](@84) -> float_type, {307200}, {1}, target_id=0: 0.00127578ms, 1%
@86 = gpu::code_object[code_object=5128,symbol_name=gather_kernel,global=212992,local=1024,](@18,@85,@83) -> half_type, {307200, 64}, {64, 1}, target_id=0: 0.119495ms, 1%
@87 = load[offset=668467200,end=707788800](@1) -> half_type, {307200, 64}, {64, 1}, target_id=0: 0.0005388ms, 1%
@88 = slice[axes={0},starts={16},ends={17}](@50) -> float_type, {1, 307200}, {307200, 1}, target_id=0: 0.00244156ms, 1%
@89 = squeeze[axes={0}](@88) -> float_type, {307200}, {1}, target_id=0: 0.00119602ms, 1%
@90 = gpu::code_object[code_object=5128,symbol_name=gather_kernel,global=212992,local=1024,](@19,@89,@87) -> half_type, {307200, 64}, {64, 1}, target_id=0: 0.118893ms, 1%
@91 = load[offset=629145600,end=668467200](@1) -> half_type, {307200, 64}, {64, 1}, target_id=0: 0.0006674ms, 1%
@92 = slice[axes={0},starts={15},ends={16}](@50) -> float_type, {1, 307200}, {307200, 1}, target_id=0: 0.00318756ms, 1%
@93 = squeeze[axes={0}](@92) -> float_type, {307200}, {1}, target_id=0: 0.00100388ms, 1%
@94 = gpu::code_object[code_object=5128,symbol_name=gather_kernel,global=212992,local=1024,](@20,@93,@91) -> half_type, {307200, 64}, {64, 1}, target_id=0: 0.119047ms, 1%
@95 = load[offset=589824000,end=629145600](@1) -> half_type, {307200, 64}, {64, 1}, target_id=0: 0.00055964ms, 1%
@96 = slice[axes={0},starts={14},ends={15}](@50) -> float_type, {1, 307200}, {307200, 1}, target_id=0: 0.00254906ms, 1%
@97 = squeeze[axes={0}](@96) -> float_type, {307200}, {1}, target_id=0: 0.0011107ms, 1%
@98 = gpu::code_object[code_object=5128,symbol_name=gather_kernel,global=212992,local=1024,](@21,@97,@95) -> half_type, {307200, 64}, {64, 1}, target_id=0: 0.119523ms, 1%
@99 = load[offset=550502400,end=589824000](@1) -> half_type, {307200, 64}, {64, 1}, target_id=0: 0.00056484ms, 1%
@100 = slice[axes={0},starts={13},ends={14}](@50) -> float_type, {1, 307200}, {307200, 1}, target_id=0: 0.00269956ms, 1%
@101 = squeeze[axes={0}](@100) -> float_type, {307200}, {1}, target_id=0: 0.00108538ms, 1%
@102 = gpu::code_object[code_object=5128,symbol_name=gather_kernel,global=212992,local=1024,](@22,@101,@99) -> half_type, {307200, 64}, {64, 1}, target_id=0: 0.119064ms, 1%
@103 = load[offset=511180800,end=550502400](@1) -> half_type, {307200, 64}, {64, 1}, target_id=0: 0.0005382ms, 1%
@104 = slice[axes={0},starts={12},ends={13}](@50) -> float_type, {1, 307200}, {307200, 1}, target_id=0: 0.0023922ms, 1%
@105 = squeeze[axes={0}](@104) -> float_type, {307200}, {1}, target_id=0: 0.00113594ms, 1%
@106 = gpu::code_object[code_object=5128,symbol_name=gather_kernel,global=212992,local=1024,](@37,@105,@103) -> half_type, {307200, 64}, {64, 1}, target_id=0: 0.11906ms, 1%
@107 = load[offset=471859200,end=511180800](@1) -> half_type, {307200, 64}, {64, 1}, target_id=0: 0.00054122ms, 1%
@108 = slice[axes={0},starts={11},ends={12}](@50) -> float_type, {1, 307200}, {307200, 1}, target_id=0: 0.0028683ms, 1%
@109 = squeeze[axes={0}](@108) -> float_type, {307200}, {1}, target_id=0: 0.0010844ms, 1%
@110 = gpu::code_object[code_object=5128,symbol_name=gather_kernel,global=212992,local=1024,](@38,@109,@107) -> half_type, {307200, 64}, {64, 1}, target_id=0: 0.11836ms, 1%
@111 = slice[axes={0},starts={10},ends={11}](@50) -> float_type, {1, 307200}, {307200, 1}, target_id=0: 0.0010348ms, 1%
@112 = squeeze[axes={0}](@111) -> float_type, {307200}, {1}, target_id=0: 0.00159858ms, 1%
@113 = load[offset=432537600,end=471859200](@1) -> half_type, {307200, 64}, {64, 1}, target_id=0: 0.00048594ms, 1%
@114 = gpu::code_object[code_object=5128,symbol_name=gather_kernel,global=212992,local=1024,](@39,@112,@113) -> half_type, {307200, 64}, {64, 1}, target_id=0: 0.118499ms, 1%
@115 = slice[axes={0},starts={9},ends={10}](@50) -> float_type, {1, 307200}, {307200, 1}, target_id=0: 0.00103114ms, 1%
@116 = squeeze[axes={0}](@115) -> float_type, {307200}, {1}, target_id=0: 0.0013246ms, 1%
@117 = load[offset=393216000,end=432537600](@1) -> half_type, {307200, 64}, {64, 1}, target_id=0: 0.00048188ms, 1%
@118 = gpu::code_object[code_object=5128,symbol_name=gather_kernel,global=212992,local=1024,](@40,@116,@117) -> half_type, {307200, 64}, {64, 1}, target_id=0: 0.118439ms, 1%
@119 = slice[axes={0},starts={8},ends={9}](@50) -> float_type, {1, 307200}, {307200, 1}, target_id=0: 0.00101392ms, 1%
@120 = squeeze[axes={0}](@119) -> float_type, {307200}, {1}, target_id=0: 0.00212942ms, 1%
@121 = load[offset=353894400,end=393216000](@1) -> half_type, {307200, 64}, {64, 1}, target_id=0: 0.00047932ms, 1%
@122 = gpu::code_object[code_object=5128,symbol_name=gather_kernel,global=212992,local=1024,](@23,@120,@121) -> half_type, {307200, 64}, {64, 1}, target_id=0: 0.11908ms, 1%
@123 = slice[axes={0},starts={7},ends={8}](@50) -> float_type, {1, 307200}, {307200, 1}, target_id=0: 0.00100916ms, 1%
@124 = load[offset=314572800,end=353894400](@1) -> half_type, {307200, 64}, {64, 1}, target_id=0: 0.00049892ms, 1%
@125 = squeeze[axes={0}](@123) -> float_type, {307200}, {1}, target_id=0: 0.00131532ms, 1%
@126 = gpu::code_object[code_object=5128,symbol_name=gather_kernel,global=212992,local=1024,](@41,@125,@124) -> half_type, {307200, 64}, {64, 1}, target_id=0: 0.118662ms, 1%
@127 = slice[axes={0},starts={6},ends={7}](@50) -> float_type, {1, 307200}, {307200, 1}, target_id=0: 0.00098828ms, 1%
@128 = squeeze[axes={0}](@127) -> float_type, {307200}, {1}, target_id=0: 0.00362156ms, 1%
@129 = load[offset=275251200,end=314572800](@1) -> half_type, {307200, 64}, {64, 1}, target_id=0: 0.00050258ms, 1%
@130 = gpu::code_object[code_object=5128,symbol_name=gather_kernel,global=212992,local=1024,](@42,@128,@129) -> half_type, {307200, 64}, {64, 1}, target_id=0: 0.119324ms, 1%
@131 = slice[axes={0},starts={5},ends={6}](@50) -> float_type, {1, 307200}, {307200, 1}, target_id=0: 0.00098674ms, 1%
@132 = squeeze[axes={0}](@131) -> float_type, {307200}, {1}, target_id=0: 0.00338552ms, 1%
@133 = load[offset=235929600,end=275251200](@1) -> half_type, {307200, 64}, {64, 1}, target_id=0: 0.00048064ms, 1%
@134 = gpu::code_object[code_object=5128,symbol_name=gather_kernel,global=212992,local=1024,](@43,@132,@133) -> half_type, {307200, 64}, {64, 1}, target_id=0: 0.118791ms, 1%
@135 = slice[axes={0},starts={4},ends={5}](@50) -> float_type, {1, 307200}, {307200, 1}, target_id=0: 0.00097612ms, 1%
@136 = squeeze[axes={0}](@135) -> float_type, {307200}, {1}, target_id=0: 0.00432226ms, 1%
@137 = load[offset=196608000,end=235929600](@1) -> half_type, {307200, 64}, {64, 1}, target_id=0: 0.00048916ms, 1%
@138 = gpu::code_object[code_object=5128,symbol_name=gather_kernel,global=212992,local=1024,](@44,@136,@137) -> half_type, {307200, 64}, {64, 1}, target_id=0: 0.119566ms, 1%
@139 = slice[axes={0},starts={3},ends={4}](@50) -> float_type, {1, 307200}, {307200, 1}, target_id=0: 0.00098804ms, 1%
@140 = squeeze[axes={0}](@139) -> float_type, {307200}, {1}, target_id=0: 0.00416008ms, 1%
@141 = load[offset=157286400,end=196608000](@1) -> half_type, {307200, 64}, {64, 1}, target_id=0: 0.00048272ms, 1%
@142 = gpu::code_object[code_object=5128,symbol_name=gather_kernel,global=212992,local=1024,](@45,@140,@141) -> half_type, {307200, 64}, {64, 1}, target_id=0: 0.119005ms, 1%
@143 = load[offset=117964800,end=157286400](@1) -> half_type, {307200, 64}, {64, 1}, target_id=0: 0.0005354ms, 1%
@144 = slice[axes={0},starts={2},ends={3}](@50) -> float_type, {1, 307200}, {307200, 1}, target_id=0: 0.00136856ms, 1%
@145 = squeeze[axes={0}](@144) -> float_type, {307200}, {1}, target_id=0: 0.00115474ms, 1%
@146 = gpu::code_object[code_object=5128,symbol_name=gather_kernel,global=212992,local=1024,](@46,@145,@143) -> half_type, {307200, 64}, {64, 1}, target_id=0: 0.120085ms, 1%
@147 = load[offset=78643200,end=117964800](@1) -> half_type, {307200, 64}, {64, 1}, target_id=0: 0.0005448ms, 1%
@148 = slice[axes={0},starts={1},ends={2}](@50) -> float_type, {1, 307200}, {307200, 1}, target_id=0: 0.00110426ms, 1%
@149 = squeeze[axes={0}](@148) -> float_type, {307200}, {1}, target_id=0: 0.00123806ms, 1%
@150 = gpu::code_object[code_object=5128,symbol_name=gather_kernel,global=212992,local=1024,](@47,@149,@147) -> half_type, {307200, 64}, {64, 1}, target_id=0: 0.119012ms, 1%
@151 = slice[axes={0},starts={0},ends={1}](@50) -> float_type, {1, 307200}, {307200, 1}, target_id=0: 0.00096548ms, 1%
@152 = squeeze[axes={0}](@151) -> float_type, {307200}, {1}, target_id=0: 0.0036638ms, 1%
@153 = load[offset=39321600,end=78643200](@1) -> half_type, {307200, 64}, {64, 1}, target_id=0: 0.0005126ms, 1%
@154 = gpu::code_object[code_object=5128,symbol_name=gather_kernel,global=212992,local=1024,](@48,@152,@153) -> half_type, {307200, 64}, {64, 1}, target_id=0: 0.12018ms, 1%
@155 = load[offset=1061683200,end=1376256000](@1) -> half_type, {307200, 512}, {512, 1}, target_id=0: 0.0005436ms, 1%
@156 = multibroadcast[out_lens={307200, 512},out_dyn_dims={}](@25) -> half_type, {307200, 512}, {0, 1}, target_id=0: 0.00158484ms, 1%
@157 = gpu::code_object[code_object=7680,symbol_name=mlir_dot_add_relu,global=2457600,local=256,](@156,@11,@33,@155) -> half_type, {307200, 512}, {512, 1}, target_id=0: 0.308884ms, 2%
@158 = multibroadcast[out_lens={307200, 256},out_dyn_dims={}](@24) -> half_type, {307200, 256}, {0, 1}, target_id=0: 0.00081808ms, 1%
@159 = load[offset=1376256000,end=1533542400](@1) -> half_type, {307200, 256}, {256, 1}, target_id=0: 0.00051016ms, 1%
@160 = gpu::code_object[code_object=8896,symbol_name=mlir_dot_add_relu,global=1228800,local=256,](@158,@157,@4,@159) -> half_type, {307200, 256}, {256, 1}, target_id=0: 0.858861ms, 5%
@161 = multibroadcast[out_lens={307200, 64},out_dyn_dims={}](@8) -> half_type, {307200, 64}, {0, 1}, target_id=0: 0.00104674ms, 1%
@162 = load[offset=0,end=39321600](@1) -> half_type, {307200, 64}, {64, 1}, target_id=0: 0.0004979ms, 1%
@163 = gpu::code_object[code_object=6528,symbol_name=mlir_dot_add_relu,global=1228800,local=256,](@161,@160,@34,@162) -> half_type, {307200, 64}, {64, 1}, target_id=0: 0.306058ms, 2%
@164 = load[offset=1061683200,end=2123366400](@1) -> half_type, {307200, 1728}, {1728, 1}, target_id=0: 0.00054122ms, 1%
@165 = gpu::code_object[code_object=7688,symbol_name=concat_kernel,global=19660800,local=1024,](@163,@154,@150,@146,@142,@138,@134,@130,@126,@122,@118,@114,@110,@106,@102,@98,@94,@90,@86,@82,@78,@74,@70,@66,@62,@58,@54,@164) -> half_type, {307200, 1728}, {1728, 1}, target_id=0: 2.77374ms, 16%
@166 = load[offset=39321600,end=487219200](@1) -> half_type, {307200, 27, 27}, {729, 27, 1}, target_id=0: 0.0006646ms, 1%
@167 = gpu::code_object[code_object=4768,symbol_name=mlir_reshape_reshape_transpose_dot,global=78643200,local=256,](@165,@165,@166) -> half_type, {307200, 27, 27}, {729, 27, 1}, target_id=0: 1.23751ms, 7%
@168 = reshape_lazy[dims={307200, 729}](@167) -> half_type, {307200, 729}, {729, 1}, target_id=0: 0.00106304ms, 1%
@169 = load[offset=487219200,end=702873600](@1) -> half_type, {307200, 351}, {351, 1}, target_id=0: 0.00049938ms, 1%
@170 = gpu::code_object[code_object=5128,symbol_name=gather_kernel,global=212992,local=1024,](@168,@15,@169) -> half_type, {307200, 351}, {351, 1}, target_id=0: 1.06079ms, 6%
@171 = load[offset=39321600,end=294297600](@1) -> half_type, {307200, 415}, {415, 1}, target_id=0: 0.00057088ms, 1%
@172 = gpu::code_object[code_object=5192,symbol_name=concat_kernel,global=54525952,local=1024,](@163,@170,@171) -> half_type, {307200, 415}, {415, 1}, target_id=0: 0.928525ms, 6%
@173 = load[offset=294297600,end=608870400](@1) -> half_type, {307200, 512}, {512, 1}, target_id=0: 0.0005505ms, 1%
@174 = multibroadcast[out_lens={307200, 512},out_dyn_dims={}](@7) -> half_type, {307200, 512}, {0, 1}, target_id=0: 0.00086482ms, 1%
@175 = gpu::code_object[code_object=8448,symbol_name=mlir_dot_add_relu,global=2457600,local=256,](@174,@172,@3,@173) -> half_type, {307200, 512}, {512, 1}, target_id=0: 1.50253ms, 9%
@176 = load[offset=608870400,end=923443200](@1) -> half_type, {307200, 512}, {512, 1}, target_id=0: 0.00059248ms, 1%
@177 = multibroadcast[out_lens={307200, 512},out_dyn_dims={}](@6) -> half_type, {307200, 512}, {0, 1}, target_id=0: 0.00075532ms, 1%
@178 = gpu::code_object[code_object=8320,symbol_name=mlir_dot_add_relu,global=2457600,local=256,](@177,@175,@2,@176) -> half_type, {307200, 512}, {512, 1}, target_id=0: 1.53181ms, 9%
@179 = load[offset=157900800,end=315187200](@1) -> half_type, {307200, 256}, {256, 1}, target_id=0: 0.0005843ms, 1%
@180 = multibroadcast[out_lens={307200, 256},out_dyn_dims={}](@36) -> half_type, {307200, 256}, {0, 1}, target_id=0: 0.00094636ms, 1%
@181 = gpu::code_object[code_object=8896,symbol_name=mlir_dot_add_relu,global=1228800,local=256,](@180,@178,@32,@179) -> half_type, {307200, 256}, {256, 1}, target_id=0: 0.862868ms, 5%
@182 = load[offset=0,end=614400](@1) -> half_type, {307200, 1}, {1, 1}, target_id=0: 0.00067808ms, 1%
@183 = multibroadcast[out_lens={307200, 1},out_dyn_dims={}](@35) -> half_type, {307200, 1}, {0, 1}, target_id=0: 0.00096822ms, 1%
@184 = gpu::code_object[code_object=6528,symbol_name=mlir_dot_add_sigmoid,global=2457600,local=256,](@183,@181,@5,@182) -> half_type, {307200, 1}, {1, 1}, target_id=0: 0.147527ms, 1%
@185 = hip::copy_from_gpu(@184) -> half_type, {307200, 1}, {1, 1}, target_id=0: 0.236079ms, 2%
@186 = hip::sync_stream(@185) -> half_type, {307200, 1}, {1, 1}, target_id=0: 0.00147264ms, 1%
@187 = @return(@186), target_id=0
Summary:
gpu::code_object::mlir_dot_add_relu: 5.37101ms / 6 = 0.895168ms, 31%
gpu::code_object::gather_kernel: 4.16046ms / 27 = 0.154091ms, 24%
gpu::code_object::concat_kernel: 3.70227ms / 2 = 1.85113ms, 21%
hip::copy_to_gpu: 2.59738ms / 2 = 1.29869ms, 15%
gpu::code_object::mlir_reshape_reshape_transpose_dot: 1.23751ms / 1 = 1.23751ms, 7%
hip::copy_from_gpu: 0.236079ms / 1 = 0.236079ms, 2%
gpu::code_object::mlir_dot_add_sigmoid: 0.147527ms / 1 = 0.147527ms, 1%
gpu::code_object::convert_kernel: 0.0977578ms / 1 = 0.0977578ms, 1%
slice: 0.0504533ms / 26 = 0.00194051ms, 1%
squeeze: 0.0463344ms / 26 = 0.00178209ms, 1%
load: 0.0222381ms / 40 = 0.000555951ms, 1%
hip::hip_copy_literal: 0.0199915ms / 41 = 0.000487598ms, 1%
multibroadcast: 0.00698438ms / 7 = 0.000997769ms, 1%
hip::sync_stream: 0.00147264ms / 1 = 0.00147264ms, 1%
check_context::migraphx::gpu::context: 0.00144788ms / 1 = 0.00144788ms, 1%
@param: 0.0011507ms / 2 = 0.00057535ms, 1%
reshape_lazy: 0.00106304ms / 1 = 0.00106304ms, 1%
hip::hip_allocate_memory: 0.0009873ms / 1 = 0.0009873ms, 1%

Batch size: 1
Rate: 58.7812 inferences/sec
Total time: 17.0123ms
Total instructions time: 17.7021ms
Overhead time: 0.0269821ms, -0.689859ms
Overhead: 0%, -4%
[ MIGraphX Version: 2.10.0.a7d295086 ] Complete: /src/AMDMIGraphX/build/bin/driver perf --fill1 input lS_i --input-dim @input 307200 13 @lS_i 26 307200 --gpu --enable-offload-copy --gpu /new-saved-models/dlrm/pt_dlrm_criteoterabyte_13_26_20k_1.1_M2.4/float/pt_dlrm_fp16_onnx/pt_dlrm_fp16.onnx
