Compiling ... 
Reading: /new-saved-models/resnet50/resnet50_v1.onnx
Benchmarking gpu::mlir_op: 36 configs
Fastest solution: 64,128,4,32,64,8,1,1
Benchmarking gpu::mlir_op: 36 configs
Fastest solution: 64,64,8,16,64,8,1,1
Benchmarking gpu::mlir_op: 36 configs
Fastest solution: 64,64,8,32,32,4,1,1
Benchmarking gpu::mlir_op: 36 configs
Fastest solution: 32,32,8,16,16,8,1,1
Benchmarking gpu::mlir_op: 36 configs
Fastest solution: 64,64,8,16,64,8,1,1
Benchmarking gpu::mlir_op: 36 configs
Fastest solution: 64,64,8,32,32,4,1,1
Benchmarking gpu::mlir_op: 36 configs
Fastest solution: 64,64,8,32,32,8,1,1
Benchmarking gpu::mlir_op: 36 configs
Fastest solution: 32,32,8,16,16,8,1,1
Benchmarking gpu::mlir_op: 36 configs
Fastest solution: 64,64,8,32,32,4,1,1
Benchmarking gpu::mlir_op: 36 configs
Fastest solution: 64,64,8,32,32,8,1,1
Benchmarking gpu::mlir_op: 36 configs
Fastest solution: 64,64,8,32,32,8,1,1
Benchmarking gpu::mlir_op: 36 configs
Fastest solution: 16,64,8,16,16,8,1,1
Benchmarking gpu::mlir_op: 36 configs
Fastest solution: 32,32,8,16,16,8,1,1
Benchmarking gpu::mlir_op: 36 configs
Fastest solution: 32,32,8,16,16,8,1,1
Benchmarking gpu::mlir_op: 36 configs
Fastest solution: 16,16,4,16,16,8,1,1
Benchmarking gpu::mlir_op: 36 configs
Fastest solution: 32,32,8,16,16,8,1,1
Benchmarking gpu::mlir_op: 36 configs
Fastest solution: 16,16,4,16,16,8,1,1
module: "main"
@0 = check_context::migraphx::gpu::context -> float_type, {}, {}, target_id=0
@1 = hip::hip_allocate_memory[shape=int8_type, {4816896}, {1},id=main:scratch] -> int8_type, {4816896}, {1}, target_id=0
@2 = hip::hip_copy_literal[id=main:@literal:58] -> half_type, {64, 3, 7, 7}, {147, 49, 7, 1}, target_id=0
@3 = hip::hip_copy_literal[id=main:@literal:55] -> half_type, {64}, {1}, target_id=0
input_tensor:0 = @param:input_tensor:0 -> float_type, {1, 3, 224, 224}, {150528, 50176, 224, 1}, target_id=0
@5 = load[offset=0,end=301056](@1) -> half_type, {1, 3, 224, 224}, {150528, 50176, 224, 1}, target_id=0
@6 = gpu::code_object[code_object=3512,symbol_name=convert_kernel,global=75264,local=1024,](input_tensor:0,@5) -> half_type, {1, 3, 224, 224}, {150528, 50176, 224, 1}, target_id=0
@7 = broadcast[axis=1,out_lens={1, 64, 112, 112}](@3) -> half_type, {1, 64, 112, 112}, {0, 1, 0, 0}, target_id=0
@8 = load[offset=1634432,end=3240064](@1) -> half_type, {1, 64, 112, 112}, {802816, 12544, 112, 1}, target_id=0
@9 = gpu::code_object[code_object=8896,symbol_name=mlir_convolution_add_relu,global=25088,local=256,](@7,@6,@2,@8) -> half_type, {1, 64, 112, 112}, {802816, 12544, 112, 1}, target_id=0
@10 = load[offset=0,end=1634432](@1) -> half_type, {1, 64, 113, 113}, {817216, 12769, 113, 1}, target_id=0
@11 = gpu::code_object[code_object=3744,symbol_name=pad_kernel,global=307200,local=1024,](@9,@10) -> half_type, {1, 64, 113, 113}, {817216, 12769, 113, 1}, target_id=0
@12 = load[offset=2838656,end=3240064](@1) -> half_type, {1, 64, 56, 56}, {200704, 3136, 56, 1}, target_id=0
@13 = gpu::pooling[mode=max,padding={0, 0, 0, 0},padding_mode=0,stride={2, 2},lengths={3, 3},ceil_mode=0,lp_order=2,dyn_global=0](@11,@12) -> half_type, {1, 64, 56, 56}, {200704, 3136, 56, 1}, target_id=0
@14 = hip::hip_copy_literal[id=main:@literal:51] -> half_type, {64}, {1}, target_id=0
@15 = hip::hip_copy_literal[id=main:@literal:49] -> half_type, {64, 64, 1, 1}, {64, 1, 1, 1}, target_id=0
@16 = broadcast[axis=1,out_lens={1, 64, 56, 56}](@14) -> half_type, {1, 64, 56, 56}, {0, 1, 0, 0}, target_id=0
@17 = load[offset=802816,end=1204224](@1) -> half_type, {1, 64, 56, 56}, {200704, 3136, 56, 1}, target_id=0
@18 = gpu::code_object[code_object=4696,symbol_name=mlir_convolution_add_relu,global=12544,local=256,](@16,@13,@15,@17) -> half_type, {1, 64, 56, 56}, {200704, 3136, 56, 1}, target_id=0
@19 = hip::hip_copy_literal[id=main:@literal:23] -> half_type, {64, 64, 3, 3}, {576, 9, 3, 1}, target_id=0
@20 = load[offset=0,end=0](@1) -> int8_type, {0}, {1}, target_id=0
@21 = load[offset=401408,end=802816](@1) -> half_type, {1, 64, 56, 56}, {200704, 3136, 56, 1}, target_id=0
@22 = gpu::convolution[op={padding={1, 1, 1, 1},stride={1, 1},dilation={1, 1},group=1,padding_mode=0},solution_object={binary_object: 453},algo=0,solution_id=0](@18,@19,@20,@21) -> half_type, {1, 64, 56, 56}, {200704, 3136, 56, 1}, target_id=0
@23 = hip::hip_copy_literal[id=main:@literal:54] -> half_type, {256}, {1}, target_id=0
@24 = hip::hip_copy_literal[id=main:@literal:65] -> half_type, {256, 128, 1, 1}, {128, 1, 1, 1}, target_id=0
@25 = hip::hip_copy_literal[id=main:@literal:47] -> half_type, {64}, {1}, target_id=0
@26 = load[offset=0,end=401408](@1) -> half_type, {1, 64, 56, 56}, {200704, 3136, 56, 1}, target_id=0
@27 = broadcast[axis=1,out_lens={1, 64, 56, 56}](@25) -> half_type, {1, 64, 56, 56}, {0, 1, 0, 0}, target_id=0
@28 = gpu::code_object[code_object=3840,symbol_name=add_relu_kernel,global=100352,local=1024,](@22,@27,@26) -> half_type, {1, 64, 56, 56}, {200704, 3136, 56, 1}, target_id=0
@29 = load[offset=802816,end=1605632](@1) -> half_type, {1, 128, 56, 56}, {401408, 3136, 56, 1}, target_id=0
@30 = gpu::code_object[code_object=3800,symbol_name=concat_kernel,global=100352,local=1024,](@28,@13,@29) -> half_type, {1, 128, 56, 56}, {401408, 3136, 56, 1}, target_id=0
@31 = load[offset=3211264,end=4816896](@1) -> half_type, {1, 256, 56, 56}, {802816, 3136, 56, 1}, target_id=0
@32 = broadcast[axis=1,out_lens={1, 256, 56, 56}](@23) -> half_type, {1, 256, 56, 56}, {0, 1, 0, 0}, target_id=0
@33 = gpu::code_object[code_object=5544,symbol_name=mlir_convolution_add_relu,global=50176,local=256,](@32,@30,@24,@31) -> half_type, {1, 256, 56, 56}, {802816, 3136, 56, 1}, target_id=0
@34 = hip::hip_copy_literal[id=main:@literal:43] -> half_type, {64}, {1}, target_id=0
@35 = hip::hip_copy_literal[id=main:@literal:45] -> half_type, {64, 256, 1, 1}, {256, 1, 1, 1}, target_id=0
@36 = broadcast[axis=1,out_lens={1, 64, 56, 56}](@34) -> half_type, {1, 64, 56, 56}, {0, 1, 0, 0}, target_id=0
@37 = load[offset=802816,end=1204224](@1) -> half_type, {1, 64, 56, 56}, {200704, 3136, 56, 1}, target_id=0
@38 = gpu::code_object[code_object=5336,symbol_name=mlir_convolution_add_relu,global=50176,local=256,](@36,@33,@35,@37) -> half_type, {1, 64, 56, 56}, {200704, 3136, 56, 1}, target_id=0
@39 = hip::hip_copy_literal[id=main:@literal:71] -> half_type, {64, 64, 3, 3}, {576, 9, 3, 1}, target_id=0
@40 = load[offset=0,end=0](@1) -> int8_type, {0}, {1}, target_id=0
@41 = load[offset=401408,end=802816](@1) -> half_type, {1, 64, 56, 56}, {200704, 3136, 56, 1}, target_id=0
@42 = gpu::convolution[op={padding={1, 1, 1, 1},stride={1, 1},dilation={1, 1},group=1,padding_mode=0},solution_object={binary_object: 453},algo=0,solution_id=0](@38,@39,@40,@41) -> half_type, {1, 64, 56, 56}, {200704, 3136, 56, 1}, target_id=0
@43 = hip::hip_copy_literal[id=main:@literal:20] -> half_type, {64}, {1}, target_id=0
@44 = hip::hip_copy_literal[id=main:@literal:41] -> half_type, {256, 64, 1, 1}, {64, 1, 1, 1}, target_id=0
@45 = load[offset=0,end=401408](@1) -> half_type, {1, 64, 56, 56}, {200704, 3136, 56, 1}, target_id=0
@46 = broadcast[axis=1,out_lens={1, 64, 56, 56}](@43) -> half_type, {1, 64, 56, 56}, {0, 1, 0, 0}, target_id=0
@47 = gpu::code_object[code_object=3840,symbol_name=add_relu_kernel,global=100352,local=1024,](@42,@46,@45) -> half_type, {1, 64, 56, 56}, {200704, 3136, 56, 1}, target_id=0
@48 = hip::hip_copy_literal[id=main:@literal:61] -> half_type, {256}, {1}, target_id=0
@49 = load[offset=1605632,end=3211264](@1) -> half_type, {1, 256, 56, 56}, {802816, 3136, 56, 1}, target_id=0
@50 = broadcast[axis=1,out_lens={1, 256, 56, 56}](@48) -> half_type, {1, 256, 56, 56}, {0, 1, 0, 0}, target_id=0
@51 = gpu::code_object[code_object=5008,symbol_name=mlir_convolution_add_add_relu,global=50176,local=256,](@50,@33,@47,@44,@49) -> half_type, {1, 256, 56, 56}, {802816, 3136, 56, 1}, target_id=0
@52 = hip::hip_copy_literal[id=main:@literal:62] -> half_type, {64, 256, 1, 1}, {256, 1, 1, 1}, target_id=0
@53 = hip::hip_copy_literal[id=main:@literal:53] -> half_type, {64}, {1}, target_id=0
@54 = broadcast[axis=1,out_lens={1, 64, 56, 56}](@53) -> half_type, {1, 64, 56, 56}, {0, 1, 0, 0}, target_id=0
@55 = load[offset=401408,end=802816](@1) -> half_type, {1, 64, 56, 56}, {200704, 3136, 56, 1}, target_id=0
@56 = gpu::code_object[code_object=5336,symbol_name=mlir_convolution_add_relu,global=50176,local=256,](@54,@51,@52,@55) -> half_type, {1, 64, 56, 56}, {200704, 3136, 56, 1}, target_id=0
@57 = hip::hip_copy_literal[id=main:@literal:66] -> half_type, {64, 64, 3, 3}, {576, 9, 3, 1}, target_id=0
@58 = load[offset=0,end=0](@1) -> int8_type, {0}, {1}, target_id=0
@59 = load[offset=0,end=401408](@1) -> half_type, {1, 64, 56, 56}, {200704, 3136, 56, 1}, target_id=0
@60 = gpu::convolution[op={padding={1, 1, 1, 1},stride={1, 1},dilation={1, 1},group=1,padding_mode=0},solution_object={binary_object: 453},algo=0,solution_id=0](@56,@57,@58,@59) -> half_type, {1, 64, 56, 56}, {200704, 3136, 56, 1}, target_id=0
@61 = hip::hip_copy_literal[id=main:@literal:15] -> half_type, {64}, {1}, target_id=0
@62 = load[offset=3211264,end=3612672](@1) -> half_type, {1, 64, 56, 56}, {200704, 3136, 56, 1}, target_id=0
@63 = broadcast[axis=1,out_lens={1, 64, 56, 56}](@61) -> half_type, {1, 64, 56, 56}, {0, 1, 0, 0}, target_id=0
@64 = gpu::code_object[code_object=3840,symbol_name=add_relu_kernel,global=100352,local=1024,](@60,@63,@62) -> half_type, {1, 64, 56, 56}, {200704, 3136, 56, 1}, target_id=0
@65 = hip::hip_copy_literal[id=main:@literal:34] -> half_type, {256}, {1}, target_id=0
@66 = hip::hip_copy_literal[id=main:@literal:63] -> half_type, {256, 64, 1, 1}, {64, 1, 1, 1}, target_id=0
@67 = broadcast[axis=1,out_lens={1, 256, 56, 56}](@65) -> half_type, {1, 256, 56, 56}, {0, 1, 0, 0}, target_id=0
@68 = load[offset=0,end=1605632](@1) -> half_type, {1, 256, 56, 56}, {802816, 3136, 56, 1}, target_id=0
@69 = gpu::code_object[code_object=5008,symbol_name=mlir_convolution_add_add_relu,global=50176,local=256,](@67,@51,@64,@66,@68) -> half_type, {1, 256, 56, 56}, {802816, 3136, 56, 1}, target_id=0
@70 = hip::hip_copy_literal[id=main:@literal:6] -> half_type, {128}, {1}, target_id=0
@71 = hip::hip_copy_literal[id=main:@literal:67] -> half_type, {128, 256, 1, 1}, {256, 1, 1, 1}, target_id=0
@72 = load[offset=1806336,end=2609152](@1) -> half_type, {1, 128, 56, 56}, {401408, 3136, 56, 1}, target_id=0
@73 = broadcast[axis=1,out_lens={1, 128, 56, 56}](@70) -> half_type, {1, 128, 56, 56}, {0, 1, 0, 0}, target_id=0
@74 = gpu::code_object[code_object=6792,symbol_name=mlir_convolution_add_relu,global=25088,local=256,](@73,@69,@71,@72) -> half_type, {1, 128, 56, 56}, {401408, 3136, 56, 1}, target_id=0
@75 = hip::hip_copy_literal[id=main:@literal:16] -> half_type, {128, 128, 3, 3}, {1152, 9, 3, 1}, target_id=0
@76 = load[offset=0,end=0](@1) -> int8_type, {0}, {1}, target_id=0
@77 = load[offset=1605632,end=1806336](@1) -> half_type, {1, 128, 28, 28}, {100352, 784, 28, 1}, target_id=0
@78 = gpu::convolution[op={padding={1, 1, 1, 1},stride={2, 2},dilation={1, 1},group=1,padding_mode=0},solution_object={binary_object: 457},algo=0,solution_id=0](@74,@75,@76,@77) -> half_type, {1, 128, 28, 28}, {100352, 784, 28, 1}, target_id=0
@79 = hip::hip_copy_literal[id=main:@literal:64] -> half_type, {128}, {1}, target_id=0
@80 = load[offset=2207744,end=2408448](@1) -> half_type, {1, 128, 28, 28}, {100352, 784, 28, 1}, target_id=0
@81 = broadcast[axis=1,out_lens={1, 128, 28, 28}](@79) -> half_type, {1, 128, 28, 28}, {0, 1, 0, 0}, target_id=0
@82 = gpu::code_object[code_object=3832,symbol_name=add_relu_kernel,global=50176,local=1024,](@78,@81,@80) -> half_type, {1, 128, 28, 28}, {100352, 784, 28, 1}, target_id=0
@83 = load[offset=1605632,end=2207744](@1) -> half_type, {1, 384, 28, 28}, {301056, 784, 28, 1}, target_id=0
@84 = step[axes={2, 3},steps={2, 2}](@69) -> half_type, {1, 256, 28, 28}, {802816, 3136, 112, 2}, target_id=0
@85 = gpu::code_object[code_object=4040,symbol_name=concat_kernel,global=150528,local=1024,](@82,@84,@83) -> half_type, {1, 384, 28, 28}, {301056, 784, 28, 1}, target_id=0
@86 = hip::hip_copy_literal[id=main:@literal:14] -> half_type, {512}, {1}, target_id=0
@87 = hip::hip_copy_literal[id=main:@literal:1] -> half_type, {512, 384, 1, 1}, {384, 1, 1, 1}, target_id=0
@88 = load[offset=2207744,end=3010560](@1) -> half_type, {1, 512, 28, 28}, {401408, 784, 28, 1}, target_id=0
@89 = broadcast[axis=1,out_lens={1, 512, 28, 28}](@86) -> half_type, {1, 512, 28, 28}, {0, 1, 0, 0}, target_id=0
@90 = gpu::code_object[code_object=5848,symbol_name=mlir_convolution_add_relu,global=26624,local=256,](@89,@85,@87,@88) -> half_type, {1, 512, 28, 28}, {401408, 784, 28, 1}, target_id=0
@91 = hip::hip_copy_literal[id=main:@literal:73] -> half_type, {128}, {1}, target_id=0
@92 = hip::hip_copy_literal[id=main:@literal:48] -> half_type, {128, 512, 1, 1}, {512, 1, 1, 1}, target_id=0
@93 = broadcast[axis=1,out_lens={1, 128, 28, 28}](@91) -> half_type, {1, 128, 28, 28}, {0, 1, 0, 0}, target_id=0
@94 = load[offset=0,end=200704](@1) -> half_type, {1, 128, 28, 28}, {100352, 784, 28, 1}, target_id=0
@95 = gpu::code_object[code_object=7024,symbol_name=mlir_convolution_add_relu,global=25600,local=256,](@93,@90,@92,@94) -> half_type, {1, 128, 28, 28}, {100352, 784, 28, 1}, target_id=0
@96 = hip::hip_copy_literal[id=main:@literal:40] -> half_type, {128, 128, 3, 3}, {1152, 9, 3, 1}, target_id=0
@97 = load[offset=0,end=0](@1) -> int8_type, {0}, {1}, target_id=0
@98 = load[offset=401408,end=602112](@1) -> half_type, {1, 128, 28, 28}, {100352, 784, 28, 1}, target_id=0
@99 = gpu::convolution[op={padding={1, 1, 1, 1},stride={1, 1},dilation={1, 1},group=1,padding_mode=0},solution_object={binary_object: 457},algo=0,solution_id=0](@95,@96,@97,@98) -> half_type, {1, 128, 28, 28}, {100352, 784, 28, 1}, target_id=0
@100 = hip::hip_copy_literal[id=main:@literal:19] -> half_type, {128}, {1}, target_id=0
@101 = broadcast[axis=1,out_lens={1, 128, 28, 28}](@100) -> half_type, {1, 128, 28, 28}, {0, 1, 0, 0}, target_id=0
@102 = load[offset=200704,end=401408](@1) -> half_type, {1, 128, 28, 28}, {100352, 784, 28, 1}, target_id=0
@103 = gpu::code_object[code_object=3832,symbol_name=add_relu_kernel,global=50176,local=1024,](@99,@101,@102) -> half_type, {1, 128, 28, 28}, {100352, 784, 28, 1}, target_id=0
@104 = hip::hip_copy_literal[id=main:@literal:50] -> half_type, {512}, {1}, target_id=0
@105 = hip::hip_copy_literal[id=main:@literal:39] -> half_type, {512, 128, 1, 1}, {128, 1, 1, 1}, target_id=0
@106 = load[offset=1204224,end=2007040](@1) -> half_type, {1, 512, 28, 28}, {401408, 784, 28, 1}, target_id=0
@107 = broadcast[axis=1,out_lens={1, 512, 28, 28}](@104) -> half_type, {1, 512, 28, 28}, {0, 1, 0, 0}, target_id=0
@108 = gpu::code_object[code_object=5928,symbol_name=mlir_convolution_add_add_relu,global=26624,local=256,](@107,@90,@103,@105,@106) -> half_type, {1, 512, 28, 28}, {401408, 784, 28, 1}, target_id=0
@109 = hip::hip_copy_literal[id=main:@literal:38] -> half_type, {128, 512, 1, 1}, {512, 1, 1, 1}, target_id=0
@110 = hip::hip_copy_literal[id=main:@literal:36] -> half_type, {128}, {1}, target_id=0
@111 = broadcast[axis=1,out_lens={1, 128, 28, 28}](@110) -> half_type, {1, 128, 28, 28}, {0, 1, 0, 0}, target_id=0
@112 = load[offset=401408,end=602112](@1) -> half_type, {1, 128, 28, 28}, {100352, 784, 28, 1}, target_id=0
@113 = gpu::code_object[code_object=7024,symbol_name=mlir_convolution_add_relu,global=25600,local=256,](@111,@108,@109,@112) -> half_type, {1, 128, 28, 28}, {100352, 784, 28, 1}, target_id=0
@114 = hip::hip_copy_literal[id=main:@literal:32] -> half_type, {128, 128, 3, 3}, {1152, 9, 3, 1}, target_id=0
@115 = load[offset=0,end=0](@1) -> int8_type, {0}, {1}, target_id=0
@116 = load[offset=200704,end=401408](@1) -> half_type, {1, 128, 28, 28}, {100352, 784, 28, 1}, target_id=0
@117 = gpu::convolution[op={padding={1, 1, 1, 1},stride={1, 1},dilation={1, 1},group=1,padding_mode=0},solution_object={binary_object: 457},algo=0,solution_id=0](@113,@114,@115,@116) -> half_type, {1, 128, 28, 28}, {100352, 784, 28, 1}, target_id=0
@118 = hip::hip_copy_literal[id=main:@literal:46] -> half_type, {128}, {1}, target_id=0
@119 = broadcast[axis=1,out_lens={1, 128, 28, 28}](@118) -> half_type, {1, 128, 28, 28}, {0, 1, 0, 0}, target_id=0
@120 = load[offset=0,end=200704](@1) -> half_type, {1, 128, 28, 28}, {100352, 784, 28, 1}, target_id=0
@121 = gpu::code_object[code_object=3832,symbol_name=add_relu_kernel,global=50176,local=1024,](@117,@119,@120) -> half_type, {1, 128, 28, 28}, {100352, 784, 28, 1}, target_id=0
@122 = hip::hip_copy_literal[id=main:@literal:31] -> half_type, {512}, {1}, target_id=0
@123 = hip::hip_copy_literal[id=main:@literal:35] -> half_type, {512, 128, 1, 1}, {128, 1, 1, 1}, target_id=0
@124 = load[offset=401408,end=1204224](@1) -> half_type, {1, 512, 28, 28}, {401408, 784, 28, 1}, target_id=0
@125 = broadcast[axis=1,out_lens={1, 512, 28, 28}](@122) -> half_type, {1, 512, 28, 28}, {0, 1, 0, 0}, target_id=0
@126 = gpu::code_object[code_object=5928,symbol_name=mlir_convolution_add_add_relu,global=26624,local=256,](@125,@108,@121,@123,@124) -> half_type, {1, 512, 28, 28}, {401408, 784, 28, 1}, target_id=0
@127 = hip::hip_copy_literal[id=main:@literal:30] -> half_type, {128}, {1}, target_id=0
@128 = hip::hip_copy_literal[id=main:@literal:33] -> half_type, {128, 512, 1, 1}, {512, 1, 1, 1}, target_id=0
@129 = load[offset=200704,end=401408](@1) -> half_type, {1, 128, 28, 28}, {100352, 784, 28, 1}, target_id=0
@130 = broadcast[axis=1,out_lens={1, 128, 28, 28}](@127) -> half_type, {1, 128, 28, 28}, {0, 1, 0, 0}, target_id=0
@131 = gpu::code_object[code_object=7024,symbol_name=mlir_convolution_add_relu,global=25600,local=256,](@130,@126,@128,@129) -> half_type, {1, 128, 28, 28}, {100352, 784, 28, 1}, target_id=0
@132 = hip::hip_copy_literal[id=main:@literal:59] -> half_type, {128, 128, 3, 3}, {1152, 9, 3, 1}, target_id=0
@133 = load[offset=0,end=0](@1) -> int8_type, {0}, {1}, target_id=0
@134 = load[offset=0,end=200704](@1) -> half_type, {1, 128, 28, 28}, {100352, 784, 28, 1}, target_id=0
@135 = gpu::convolution[op={padding={1, 1, 1, 1},stride={1, 1},dilation={1, 1},group=1,padding_mode=0},solution_object={binary_object: 457},algo=0,solution_id=0](@131,@132,@133,@134) -> half_type, {1, 128, 28, 28}, {100352, 784, 28, 1}, target_id=0
@136 = hip::hip_copy_literal[id=main:@literal:25] -> half_type, {512}, {1}, target_id=0
@137 = hip::hip_copy_literal[id=main:@literal:29] -> half_type, {512, 128, 1, 1}, {128, 1, 1, 1}, target_id=0
@138 = hip::hip_copy_literal[id=main:@literal:28] -> half_type, {128}, {1}, target_id=0
@139 = load[offset=2007040,end=2207744](@1) -> half_type, {1, 128, 28, 28}, {100352, 784, 28, 1}, target_id=0
@140 = broadcast[axis=1,out_lens={1, 128, 28, 28}](@138) -> half_type, {1, 128, 28, 28}, {0, 1, 0, 0}, target_id=0
@141 = gpu::code_object[code_object=3832,symbol_name=add_relu_kernel,global=50176,local=1024,](@135,@140,@139) -> half_type, {1, 128, 28, 28}, {100352, 784, 28, 1}, target_id=0
@142 = load[offset=1204224,end=2007040](@1) -> half_type, {1, 512, 28, 28}, {401408, 784, 28, 1}, target_id=0
@143 = broadcast[axis=1,out_lens={1, 512, 28, 28}](@136) -> half_type, {1, 512, 28, 28}, {0, 1, 0, 0}, target_id=0
@144 = gpu::code_object[code_object=5928,symbol_name=mlir_convolution_add_add_relu,global=26624,local=256,](@143,@126,@141,@137,@142) -> half_type, {1, 512, 28, 28}, {401408, 784, 28, 1}, target_id=0
@145 = hip::hip_copy_literal[id=main:@literal:18] -> half_type, {256}, {1}, target_id=0
@146 = hip::hip_copy_literal[id=main:@literal:26] -> half_type, {256, 512, 1, 1}, {512, 1, 1, 1}, target_id=0
@147 = broadcast[axis=1,out_lens={1, 256, 28, 28}](@145) -> half_type, {1, 256, 28, 28}, {0, 1, 0, 0}, target_id=0
@148 = load[offset=501760,end=903168](@1) -> half_type, {1, 256, 28, 28}, {200704, 784, 28, 1}, target_id=0
@149 = gpu::code_object[code_object=5912,symbol_name=mlir_convolution_add_relu,global=13312,local=256,](@147,@144,@146,@148) -> half_type, {1, 256, 28, 28}, {200704, 784, 28, 1}, target_id=0
@150 = hip::hip_copy_literal[id=main:@literal:56] -> half_type, {256, 256, 3, 3}, {2304, 9, 3, 1}, target_id=0
@151 = load[offset=0,end=0](@1) -> int8_type, {0}, {1}, target_id=0
@152 = load[offset=401408,end=501760](@1) -> half_type, {1, 256, 14, 14}, {50176, 196, 14, 1}, target_id=0
@153 = gpu::convolution[op={padding={1, 1, 1, 1},stride={2, 2},dilation={1, 1},group=1,padding_mode=0},solution_object={binary_object: 458},algo=0,solution_id=0](@149,@150,@151,@152) -> half_type, {1, 256, 14, 14}, {50176, 196, 14, 1}, target_id=0
@154 = hip::hip_copy_literal[id=main:@literal:5] -> half_type, {256}, {1}, target_id=0
@155 = load[offset=0,end=100352](@1) -> half_type, {1, 256, 14, 14}, {50176, 196, 14, 1}, target_id=0
@156 = broadcast[axis=1,out_lens={1, 256, 14, 14}](@154) -> half_type, {1, 256, 14, 14}, {0, 1, 0, 0}, target_id=0
@157 = gpu::code_object[code_object=3832,symbol_name=add_relu_kernel,global=25088,local=1024,](@153,@156,@155) -> half_type, {1, 256, 14, 14}, {50176, 196, 14, 1}, target_id=0
@158 = load[offset=200704,end=501760](@1) -> half_type, {1, 768, 14, 14}, {150528, 196, 14, 1}, target_id=0
@159 = step[axes={2, 3},steps={2, 2}](@144) -> half_type, {1, 512, 14, 14}, {401408, 784, 56, 2}, target_id=0
@160 = gpu::code_object[code_object=3808,symbol_name=concat_kernel,global=75264,local=1024,](@157,@159,@158) -> half_type, {1, 768, 14, 14}, {150528, 196, 14, 1}, target_id=0
@161 = hip::hip_copy_literal[id=main:@literal:2] -> half_type, {1024, 768, 1, 1}, {768, 1, 1, 1}, target_id=0
@162 = hip::hip_copy_literal[id=main:@literal:13] -> half_type, {1024}, {1}, target_id=0
@163 = load[offset=1204224,end=1605632](@1) -> half_type, {1, 1024, 14, 14}, {200704, 196, 14, 1}, target_id=0
@164 = broadcast[axis=1,out_lens={1, 1024, 14, 14}](@162) -> half_type, {1, 1024, 14, 14}, {0, 1, 0, 0}, target_id=0
@165 = gpu::code_object[code_object=5856,symbol_name=mlir_convolution_add_relu,global=16384,local=256,](@164,@160,@161,@163) -> half_type, {1, 1024, 14, 14}, {200704, 196, 14, 1}, target_id=0
@166 = hip::hip_copy_literal[id=main:@literal:8] -> half_type, {1024}, {1}, target_id=0
@167 = hip::hip_copy_literal[id=main:@literal:9] -> half_type, {1024, 256, 1, 1}, {256, 1, 1, 1}, target_id=0
@168 = hip::hip_copy_literal[id=main:@literal:10] -> half_type, {256}, {1}, target_id=0
@169 = hip::hip_copy_literal[id=main:@literal:22] -> half_type, {256, 1024, 1, 1}, {1024, 1, 1, 1}, target_id=0
@170 = hip::hip_copy_literal[id=main:@literal:68] -> half_type, {256}, {1}, target_id=0
@171 = load[offset=200704,end=301056](@1) -> half_type, {1, 256, 14, 14}, {50176, 196, 14, 1}, target_id=0
@172 = broadcast[axis=1,out_lens={1, 256, 14, 14}](@170) -> half_type, {1, 256, 14, 14}, {0, 1, 0, 0}, target_id=0
@173 = gpu::code_object[code_object=4784,symbol_name=mlir_convolution_add_relu,global=16384,local=256,](@172,@165,@169,@171) -> half_type, {1, 256, 14, 14}, {50176, 196, 14, 1}, target_id=0
@174 = hip::hip_copy_literal[id=main:@literal:11] -> half_type, {256, 256, 3, 3}, {2304, 9, 3, 1}, target_id=0
@175 = load[offset=0,end=0](@1) -> int8_type, {0}, {1}, target_id=0
@176 = load[offset=100352,end=200704](@1) -> half_type, {1, 256, 14, 14}, {50176, 196, 14, 1}, target_id=0
@177 = gpu::convolution[op={padding={1, 1, 1, 1},stride={1, 1},dilation={1, 1},group=1,padding_mode=0},solution_object={binary_object: 455},algo=0,solution_id=0](@173,@174,@175,@176) -> half_type, {1, 256, 14, 14}, {50176, 196, 14, 1}, target_id=0
@178 = load[offset=1605632,end=1705984](@1) -> half_type, {1, 256, 14, 14}, {50176, 196, 14, 1}, target_id=0
@179 = broadcast[axis=1,out_lens={1, 256, 14, 14}](@168) -> half_type, {1, 256, 14, 14}, {0, 1, 0, 0}, target_id=0
@180 = gpu::code_object[code_object=3832,symbol_name=add_relu_kernel,global=25088,local=1024,](@177,@179,@178) -> half_type, {1, 256, 14, 14}, {50176, 196, 14, 1}, target_id=0
@181 = load[offset=0,end=401408](@1) -> half_type, {1, 1024, 14, 14}, {200704, 196, 14, 1}, target_id=0
@182 = broadcast[axis=1,out_lens={1, 1024, 14, 14}](@166) -> half_type, {1, 1024, 14, 14}, {0, 1, 0, 0}, target_id=0
@183 = gpu::code_object[code_object=5632,symbol_name=mlir_convolution_add_add_relu,global=57344,local=256,](@182,@165,@180,@167,@181) -> half_type, {1, 1024, 14, 14}, {200704, 196, 14, 1}, target_id=0
@184 = hip::hip_copy_literal[id=main:@literal:74] -> half_type, {256}, {1}, target_id=0
@185 = hip::hip_copy_literal[id=main:@literal:75] -> half_type, {256, 256, 3, 3}, {2304, 9, 3, 1}, target_id=0
@186 = hip::hip_copy_literal[id=main:@literal:4] -> half_type, {256, 1024, 1, 1}, {1024, 1, 1, 1}, target_id=0
@187 = load[offset=1404928,end=1505280](@1) -> half_type, {1, 256, 14, 14}, {50176, 196, 14, 1}, target_id=0
@188 = broadcast[axis=1,out_lens={1, 256, 14, 14}](@184) -> half_type, {1, 256, 14, 14}, {0, 1, 0, 0}, target_id=0
@189 = gpu::code_object[code_object=4784,symbol_name=mlir_convolution_add_relu,global=16384,local=256,](@188,@183,@186,@187) -> half_type, {1, 256, 14, 14}, {50176, 196, 14, 1}, target_id=0
@190 = load[offset=501760,end=1404928](@1) -> int8_type, {903168}, {1}, target_id=0
@191 = load[offset=401408,end=501760](@1) -> half_type, {1, 256, 14, 14}, {50176, 196, 14, 1}, target_id=0
@192 = gpu::convolution[op={padding={1, 1, 1, 1},stride={1, 1},dilation={1, 1},group=1,padding_mode=0},solution_object={binary_object: 429},algo=0,solution_id=0](@189,@185,@190,@191) -> half_type, {1, 256, 14, 14}, {50176, 196, 14, 1}, target_id=0
@193 = hip::hip_copy_literal[id=main:@literal:76] -> half_type, {256}, {1}, target_id=0
@194 = hip::hip_copy_literal[id=main:@literal:77] -> half_type, {1024, 256, 1, 1}, {256, 1, 1, 1}, target_id=0
@195 = hip::hip_copy_literal[id=main:@literal:78] -> half_type, {1024}, {1}, target_id=0
@196 = load[offset=501760,end=602112](@1) -> half_type, {1, 256, 14, 14}, {50176, 196, 14, 1}, target_id=0
@197 = broadcast[axis=1,out_lens={1, 256, 14, 14}](@193) -> half_type, {1, 256, 14, 14}, {0, 1, 0, 0}, target_id=0
@198 = gpu::code_object[code_object=3832,symbol_name=add_relu_kernel,global=25088,local=1024,](@192,@197,@196) -> half_type, {1, 256, 14, 14}, {50176, 196, 14, 1}, target_id=0
@199 = load[offset=1003520,end=1404928](@1) -> half_type, {1, 1024, 14, 14}, {200704, 196, 14, 1}, target_id=0
@200 = broadcast[axis=1,out_lens={1, 1024, 14, 14}](@195) -> half_type, {1, 1024, 14, 14}, {0, 1, 0, 0}, target_id=0
@201 = gpu::code_object[code_object=5632,symbol_name=mlir_convolution_add_add_relu,global=57344,local=256,](@200,@183,@198,@194,@199) -> half_type, {1, 1024, 14, 14}, {200704, 196, 14, 1}, target_id=0
@202 = hip::hip_copy_literal[id=main:@literal:52] -> half_type, {256, 256, 3, 3}, {2304, 9, 3, 1}, target_id=0
@203 = hip::hip_copy_literal[id=main:@literal:79] -> half_type, {256, 1024, 1, 1}, {1024, 1, 1, 1}, target_id=0
@204 = hip::hip_copy_literal[id=main:@literal:27] -> half_type, {256}, {1}, target_id=0
@205 = load[offset=0,end=100352](@1) -> half_type, {1, 256, 14, 14}, {50176, 196, 14, 1}, target_id=0
@206 = broadcast[axis=1,out_lens={1, 256, 14, 14}](@204) -> half_type, {1, 256, 14, 14}, {0, 1, 0, 0}, target_id=0
@207 = gpu::code_object[code_object=4784,symbol_name=mlir_convolution_add_relu,global=16384,local=256,](@206,@201,@203,@205) -> half_type, {1, 256, 14, 14}, {50176, 196, 14, 1}, target_id=0
@208 = load[offset=1505280,end=2408448](@1) -> int8_type, {903168}, {1}, target_id=0
@209 = load[offset=1404928,end=1505280](@1) -> half_type, {1, 256, 14, 14}, {50176, 196, 14, 1}, target_id=0
@210 = gpu::convolution[op={padding={1, 1, 1, 1},stride={1, 1},dilation={1, 1},group=1,padding_mode=0},solution_object={binary_object: 429},algo=0,solution_id=0](@207,@202,@208,@209) -> half_type, {1, 256, 14, 14}, {50176, 196, 14, 1}, target_id=0
@211 = hip::hip_copy_literal[id=main:@literal:80] -> half_type, {256}, {1}, target_id=0
@212 = hip::hip_copy_literal[id=main:@literal:37] -> half_type, {1024}, {1}, target_id=0
@213 = hip::hip_copy_literal[id=main:@literal:81] -> half_type, {1024, 256, 1, 1}, {256, 1, 1, 1}, target_id=0
@214 = load[offset=0,end=100352](@1) -> half_type, {1, 256, 14, 14}, {50176, 196, 14, 1}, target_id=0
@215 = broadcast[axis=1,out_lens={1, 256, 14, 14}](@211) -> half_type, {1, 256, 14, 14}, {0, 1, 0, 0}, target_id=0
@216 = gpu::code_object[code_object=3832,symbol_name=add_relu_kernel,global=25088,local=1024,](@210,@215,@214) -> half_type, {1, 256, 14, 14}, {50176, 196, 14, 1}, target_id=0
@217 = load[offset=1505280,end=1906688](@1) -> half_type, {1, 1024, 14, 14}, {200704, 196, 14, 1}, target_id=0
@218 = broadcast[axis=1,out_lens={1, 1024, 14, 14}](@212) -> half_type, {1, 1024, 14, 14}, {0, 1, 0, 0}, target_id=0
@219 = gpu::code_object[code_object=5632,symbol_name=mlir_convolution_add_add_relu,global=57344,local=256,](@218,@201,@216,@213,@217) -> half_type, {1, 1024, 14, 14}, {200704, 196, 14, 1}, target_id=0
@220 = hip::hip_copy_literal[id=main:@literal:82] -> half_type, {256, 256, 3, 3}, {2304, 9, 3, 1}, target_id=0
@221 = hip::hip_copy_literal[id=main:@literal:42] -> half_type, {256}, {1}, target_id=0
@222 = hip::hip_copy_literal[id=main:@literal:60] -> half_type, {256, 1024, 1, 1}, {1024, 1, 1, 1}, target_id=0
@223 = load[offset=1003520,end=1103872](@1) -> half_type, {1, 256, 14, 14}, {50176, 196, 14, 1}, target_id=0
@224 = broadcast[axis=1,out_lens={1, 256, 14, 14}](@221) -> half_type, {1, 256, 14, 14}, {0, 1, 0, 0}, target_id=0
@225 = gpu::code_object[code_object=4784,symbol_name=mlir_convolution_add_relu,global=16384,local=256,](@224,@219,@222,@223) -> half_type, {1, 256, 14, 14}, {50176, 196, 14, 1}, target_id=0
@226 = load[offset=100352,end=1003520](@1) -> int8_type, {903168}, {1}, target_id=0
@227 = load[offset=0,end=100352](@1) -> half_type, {1, 256, 14, 14}, {50176, 196, 14, 1}, target_id=0
@228 = gpu::convolution[op={padding={1, 1, 1, 1},stride={1, 1},dilation={1, 1},group=1,padding_mode=0},solution_object={binary_object: 429},algo=0,solution_id=0](@225,@220,@226,@227) -> half_type, {1, 256, 14, 14}, {50176, 196, 14, 1}, target_id=0
@229 = hip::hip_copy_literal[id=main:@literal:85] -> half_type, {1024, 256, 1, 1}, {256, 1, 1, 1}, target_id=0
@230 = hip::hip_copy_literal[id=main:@literal:83] -> half_type, {256}, {1}, target_id=0
@231 = hip::hip_copy_literal[id=main:@literal:44] -> half_type, {1024}, {1}, target_id=0
@232 = broadcast[axis=1,out_lens={1, 256, 14, 14}](@230) -> half_type, {1, 256, 14, 14}, {0, 1, 0, 0}, target_id=0
@233 = load[offset=401408,end=501760](@1) -> half_type, {1, 256, 14, 14}, {50176, 196, 14, 1}, target_id=0
@234 = gpu::code_object[code_object=3832,symbol_name=add_relu_kernel,global=25088,local=1024,](@228,@232,@233) -> half_type, {1, 256, 14, 14}, {50176, 196, 14, 1}, target_id=0
@235 = broadcast[axis=1,out_lens={1, 1024, 14, 14}](@231) -> half_type, {1, 1024, 14, 14}, {0, 1, 0, 0}, target_id=0
@236 = load[offset=0,end=401408](@1) -> half_type, {1, 1024, 14, 14}, {200704, 196, 14, 1}, target_id=0
@237 = gpu::code_object[code_object=5632,symbol_name=mlir_convolution_add_add_relu,global=57344,local=256,](@235,@219,@234,@229,@236) -> half_type, {1, 1024, 14, 14}, {200704, 196, 14, 1}, target_id=0
@238 = hip::hip_copy_literal[id=main:@literal:88] -> half_type, {256, 256, 3, 3}, {2304, 9, 3, 1}, target_id=0
@239 = hip::hip_copy_literal[id=main:@literal:87] -> half_type, {256}, {1}, target_id=0
@240 = hip::hip_copy_literal[id=main:@literal:86] -> half_type, {256, 1024, 1, 1}, {1024, 1, 1, 1}, target_id=0
@241 = broadcast[axis=1,out_lens={1, 256, 14, 14}](@239) -> half_type, {1, 256, 14, 14}, {0, 1, 0, 0}, target_id=0
@242 = load[offset=1404928,end=1505280](@1) -> half_type, {1, 256, 14, 14}, {50176, 196, 14, 1}, target_id=0
@243 = gpu::code_object[code_object=4784,symbol_name=mlir_convolution_add_relu,global=16384,local=256,](@241,@237,@240,@242) -> half_type, {1, 256, 14, 14}, {50176, 196, 14, 1}, target_id=0
@244 = load[offset=501760,end=1404928](@1) -> int8_type, {903168}, {1}, target_id=0
@245 = load[offset=401408,end=501760](@1) -> half_type, {1, 256, 14, 14}, {50176, 196, 14, 1}, target_id=0
@246 = gpu::convolution[op={padding={1, 1, 1, 1},stride={1, 1},dilation={1, 1},group=1,padding_mode=0},solution_object={binary_object: 429},algo=0,solution_id=0](@243,@238,@244,@245) -> half_type, {1, 256, 14, 14}, {50176, 196, 14, 1}, target_id=0
@247 = hip::hip_copy_literal[id=main:@literal:90] -> half_type, {1024, 256, 1, 1}, {256, 1, 1, 1}, target_id=0
@248 = hip::hip_copy_literal[id=main:@literal:89] -> half_type, {256}, {1}, target_id=0
@249 = hip::hip_copy_literal[id=main:@literal:91] -> half_type, {1024}, {1}, target_id=0
@250 = load[offset=501760,end=602112](@1) -> half_type, {1, 256, 14, 14}, {50176, 196, 14, 1}, target_id=0
@251 = broadcast[axis=1,out_lens={1, 256, 14, 14}](@248) -> half_type, {1, 256, 14, 14}, {0, 1, 0, 0}, target_id=0
@252 = gpu::code_object[code_object=3832,symbol_name=add_relu_kernel,global=25088,local=1024,](@246,@251,@250) -> half_type, {1, 256, 14, 14}, {50176, 196, 14, 1}, target_id=0
@253 = load[offset=702464,end=1103872](@1) -> half_type, {1, 1024, 14, 14}, {200704, 196, 14, 1}, target_id=0
@254 = broadcast[axis=1,out_lens={1, 1024, 14, 14}](@249) -> half_type, {1, 1024, 14, 14}, {0, 1, 0, 0}, target_id=0
@255 = gpu::code_object[code_object=5632,symbol_name=mlir_convolution_add_add_relu,global=57344,local=256,](@254,@237,@252,@247,@253) -> half_type, {1, 1024, 14, 14}, {200704, 196, 14, 1}, target_id=0
@256 = hip::hip_copy_literal[id=main:@literal:69] -> half_type, {512, 512, 3, 3}, {4608, 9, 3, 1}, target_id=0
@257 = hip::hip_copy_literal[id=main:@literal:92] -> half_type, {512}, {1}, target_id=0
@258 = hip::hip_copy_literal[id=main:@literal:84] -> half_type, {512, 1024, 1, 1}, {1024, 1, 1, 1}, target_id=0
@259 = load[offset=0,end=200704](@1) -> half_type, {1, 512, 14, 14}, {100352, 196, 14, 1}, target_id=0
@260 = broadcast[axis=1,out_lens={1, 512, 14, 14}](@257) -> half_type, {1, 512, 14, 14}, {0, 1, 0, 0}, target_id=0
@261 = gpu::code_object[code_object=4640,symbol_name=mlir_convolution_add_relu,global=28672,local=256,](@260,@255,@258,@259) -> half_type, {1, 512, 14, 14}, {100352, 196, 14, 1}, target_id=0
@262 = load[offset=1103872,end=1555456](@1) -> int8_type, {451584}, {1}, target_id=0
@263 = load[offset=652288,end=702464](@1) -> half_type, {1, 512, 7, 7}, {25088, 49, 7, 1}, target_id=0
@264 = gpu::convolution[op={padding={1, 1, 1, 1},stride={2, 2},dilation={1, 1},group=1,padding_mode=0},solution_object={binary_object: 430},algo=0,solution_id=0](@261,@256,@262,@263) -> half_type, {1, 512, 7, 7}, {25088, 49, 7, 1}, target_id=0
@265 = hip::hip_copy_literal[id=main:@literal:94] -> half_type, {2048}, {1}, target_id=0
@266 = hip::hip_copy_literal[id=main:@literal:93] -> half_type, {512}, {1}, target_id=0
@267 = hip::hip_copy_literal[id=main:@literal:3] -> half_type, {2048, 1536, 1, 1}, {1536, 1, 1, 1}, target_id=0
@268 = load[offset=0,end=50176](@1) -> half_type, {1, 512, 7, 7}, {25088, 49, 7, 1}, target_id=0
@269 = broadcast[axis=1,out_lens={1, 512, 7, 7}](@266) -> half_type, {1, 512, 7, 7}, {0, 1, 0, 0}, target_id=0
@270 = gpu::code_object[code_object=3824,symbol_name=add_relu_kernel,global=25088,local=1024,](@264,@269,@268) -> half_type, {1, 512, 7, 7}, {25088, 49, 7, 1}, target_id=0
@271 = step[axes={2, 3},steps={2, 2}](@255) -> half_type, {1, 1024, 7, 7}, {200704, 196, 28, 2}, target_id=0
@272 = load[offset=200704,end=351232](@1) -> half_type, {1, 1536, 7, 7}, {75264, 49, 7, 1}, target_id=0
@273 = gpu::code_object[code_object=3816,symbol_name=concat_kernel,global=37632,local=1024,](@270,@271,@272) -> half_type, {1, 1536, 7, 7}, {75264, 49, 7, 1}, target_id=0
@274 = load[offset=0,end=200704](@1) -> half_type, {1, 2048, 7, 7}, {100352, 49, 7, 1}, target_id=0
@275 = broadcast[axis=1,out_lens={1, 2048, 7, 7}](@265) -> half_type, {1, 2048, 7, 7}, {0, 1, 0, 0}, target_id=0
@276 = gpu::code_object[code_object=4576,symbol_name=mlir_convolution_add_relu,global=32768,local=64,](@275,@273,@267,@274) -> half_type, {1, 2048, 7, 7}, {100352, 49, 7, 1}, target_id=0
@277 = hip::hip_copy_literal[id=main:@literal:21] -> half_type, {512}, {1}, target_id=0
@278 = hip::hip_copy_literal[id=main:@literal:95] -> half_type, {512, 2048, 1, 1}, {2048, 1, 1, 1}, target_id=0
@279 = hip::hip_copy_literal[id=main:@literal:57] -> half_type, {512, 512, 3, 3}, {4608, 9, 3, 1}, target_id=0
@280 = load[offset=702464,end=752640](@1) -> half_type, {1, 512, 7, 7}, {25088, 49, 7, 1}, target_id=0
@281 = broadcast[axis=1,out_lens={1, 512, 7, 7}](@277) -> half_type, {1, 512, 7, 7}, {0, 1, 0, 0}, target_id=0
@282 = gpu::code_object[code_object=4632,symbol_name=mlir_convolution_add_relu,global=8192,local=256,](@281,@276,@278,@280) -> half_type, {1, 512, 7, 7}, {25088, 49, 7, 1}, target_id=0
@283 = load[offset=250880,end=702464](@1) -> int8_type, {451584}, {1}, target_id=0
@284 = load[offset=200704,end=250880](@1) -> half_type, {1, 512, 7, 7}, {25088, 49, 7, 1}, target_id=0
@285 = gpu::convolution[op={padding={1, 1, 1, 1},stride={1, 1},dilation={1, 1},group=1,padding_mode=0},solution_object={binary_object: 427},algo=0,solution_id=0](@282,@279,@283,@284) -> half_type, {1, 512, 7, 7}, {25088, 49, 7, 1}, target_id=0
@286 = hip::hip_copy_literal[id=main:@literal:7] -> half_type, {512}, {1}, target_id=0
@287 = hip::hip_copy_literal[id=main:@literal:17] -> half_type, {2048, 512, 1, 1}, {512, 1, 1, 1}, target_id=0
@288 = hip::hip_copy_literal[id=main:@literal:96] -> half_type, {2048}, {1}, target_id=0
@289 = load[offset=250880,end=301056](@1) -> half_type, {1, 512, 7, 7}, {25088, 49, 7, 1}, target_id=0
@290 = broadcast[axis=1,out_lens={1, 512, 7, 7}](@286) -> half_type, {1, 512, 7, 7}, {0, 1, 0, 0}, target_id=0
@291 = gpu::code_object[code_object=3824,symbol_name=add_relu_kernel,global=25088,local=1024,](@285,@290,@289) -> half_type, {1, 512, 7, 7}, {25088, 49, 7, 1}, target_id=0
@292 = load[offset=501760,end=702464](@1) -> half_type, {1, 2048, 7, 7}, {100352, 49, 7, 1}, target_id=0
@293 = broadcast[axis=1,out_lens={1, 2048, 7, 7}](@288) -> half_type, {1, 2048, 7, 7}, {0, 1, 0, 0}, target_id=0
@294 = gpu::code_object[code_object=4664,symbol_name=mlir_convolution_add_add_relu,global=32768,local=64,](@293,@276,@291,@287,@292) -> half_type, {1, 2048, 7, 7}, {100352, 49, 7, 1}, target_id=0
@295 = hip::hip_copy_literal[id=main:@literal:70] -> half_type, {512}, {1}, target_id=0
@296 = hip::hip_copy_literal[id=main:@literal:24] -> half_type, {512, 2048, 1, 1}, {2048, 1, 1, 1}, target_id=0
@297 = hip::hip_copy_literal[id=main:@literal:12] -> half_type, {512, 512, 3, 3}, {4608, 9, 3, 1}, target_id=0
@298 = broadcast[axis=1,out_lens={1, 512, 7, 7}](@295) -> half_type, {1, 512, 7, 7}, {0, 1, 0, 0}, target_id=0
@299 = load[offset=0,end=50176](@1) -> half_type, {1, 512, 7, 7}, {25088, 49, 7, 1}, target_id=0
@300 = gpu::code_object[code_object=4632,symbol_name=mlir_convolution_add_relu,global=8192,local=256,](@298,@294,@296,@299) -> half_type, {1, 512, 7, 7}, {25088, 49, 7, 1}, target_id=0
@301 = load[offset=752640,end=1204224](@1) -> int8_type, {451584}, {1}, target_id=0
@302 = load[offset=702464,end=752640](@1) -> half_type, {1, 512, 7, 7}, {25088, 49, 7, 1}, target_id=0
@303 = gpu::convolution[op={padding={1, 1, 1, 1},stride={1, 1},dilation={1, 1},group=1,padding_mode=0},solution_object={binary_object: 427},algo=0,solution_id=0](@300,@297,@301,@302) -> half_type, {1, 512, 7, 7}, {25088, 49, 7, 1}, target_id=0
@304 = hip::hip_copy_literal[id=main:@literal:97] -> half_type, {2048, 512, 1, 1}, {512, 1, 1, 1}, target_id=0
@305 = hip::hip_copy_literal[id=main:@literal:72] -> half_type, {512}, {1}, target_id=0
@306 = broadcast[axis=1,out_lens={1, 512, 7, 7}](@305) -> half_type, {1, 512, 7, 7}, {0, 1, 0, 0}, target_id=0
@307 = load[offset=0,end=50176](@1) -> half_type, {1, 512, 7, 7}, {25088, 49, 7, 1}, target_id=0
@308 = gpu::code_object[code_object=3824,symbol_name=add_relu_kernel,global=25088,local=1024,](@303,@306,@307) -> half_type, {1, 512, 7, 7}, {25088, 49, 7, 1}, target_id=0
@309 = load[offset=0,end=0](@1) -> int8_type, {0}, {1}, target_id=0
@310 = load[offset=702464,end=903168](@1) -> half_type, {1, 2048, 7, 7}, {100352, 49, 7, 1}, target_id=0
@311 = gpu::convolution[op={padding={0, 0, 0, 0},stride={1, 1},dilation={1, 1},group=1,padding_mode=0},solution_object={binary_object: 455},algo=0,solution_id=0](@308,@304,@309,@310) -> half_type, {1, 2048, 7, 7}, {100352, 49, 7, 1}, target_id=0
@312 = hip::hip_copy_literal[id=main:@literal:0] -> half_type, {1, 1001}, {1001, 1}, target_id=0
@313 = hip::hip_copy_literal[id=main:@literal:99] -> half_type, {2048, 1001}, {1001, 1}, target_id=0
@314 = hip::hip_copy_literal[id=main:@literal:98] -> half_type, {2048}, {1}, target_id=0
@315 = broadcast[axis=1,out_lens={1, 2048, 7, 7}](@314) -> half_type, {1, 2048, 7, 7}, {0, 1, 0, 0}, target_id=0
@316 = load[offset=4016,end=8112](@1) -> half_type, {1, 2048, 1, 1}, {2048, 1, 1, 1}, target_id=0
@317 = gpu::code_object[code_object=4024,symbol_name=add_add_relu_reduce_mean_kernel,global=131072,local=64,](@311,@315,@294,@316) -> half_type, {1, 2048, 1, 1}, {2048, 1, 1, 1}, target_id=0
@318 = squeeze[axes={2, 3}](@317) -> half_type, {1, 2048}, {2048, 1}, target_id=0
@319 = load[offset=8,end=2010](@1) -> half_type, {1, 1001}, {1001, 1}, target_id=0
@320 = gpu::gemm[alpha=1,beta=1,compute_fp32=1,trans_batch=0](@318,@313,@312,@319) -> half_type, {1, 1001}, {1001, 1}, target_id=0
@321 = load[offset=2016,end=2024](@1) -> int64_type, {1, 1}, {1, 1}, target_id=0
@322 = gpu::argmax[axis=1,select_last_index=0](@320,@321) -> int64_type, {1, 1}, {1, 1}, target_id=0
main:#output_0 = @param:main:#output_0 -> int64_type, {1}, {1}, target_id=0
@324 = reshape_lazy[dims={1}](@322) -> int64_type, {1}, {1}, target_id=0
@325 = gpu::code_object[code_object=3680,symbol_name=convert_convert_kernel,global=1,local=1024,](@324,main:#output_0) -> int64_type, {1}, {1}, target_id=0
@326 = load[offset=2016,end=4018](@1) -> half_type, {1, 1001}, {1001, 1}, target_id=0
@327 = gpu::code_object[code_object=4728,symbol_name=softmax_kernel,global=256,local=256,](@320,@326) -> half_type, {1, 1001}, {1001, 1}, target_id=0
main:#output_1 = @param:main:#output_1 -> float_type, {1, 1001}, {1001, 1}, target_id=0
@329 = gpu::code_object[code_object=3504,symbol_name=convert_kernel,global=1001,local=1024,](@327,main:#output_1) -> float_type, {1, 1001}, {1001, 1}, target_id=0
@330 = @return(@325,@329), target_id=0


Allocating params ... 
Running performance report ... 
@0 = check_context::migraphx::gpu::context -> float_type, {}, {}, target_id=0: 0.00110838ms, 1%
@1 = hip::hip_allocate_memory[shape=int8_type, {4816896}, {1},id=main:scratch] -> int8_type, {4816896}, {1}, target_id=0: 0.00101446ms, 1%
@2 = hip::hip_copy_literal[id=main:@literal:58] -> half_type, {64, 3, 7, 7}, {147, 49, 7, 1}, target_id=0: 0.00079884ms, 1%
@3 = hip::hip_copy_literal[id=main:@literal:55] -> half_type, {64}, {1}, target_id=0: 0.00065418ms, 1%
input_tensor:0 = @param:input_tensor:0 -> float_type, {1, 3, 224, 224}, {150528, 50176, 224, 1}, target_id=0: 0.00039772ms, 1%
@5 = load[offset=0,end=301056](@1) -> half_type, {1, 3, 224, 224}, {150528, 50176, 224, 1}, target_id=0: 0.0009029ms, 1%
@6 = gpu::code_object[code_object=3512,symbol_name=convert_kernel,global=75264,local=1024,](input_tensor:0,@5) -> half_type, {1, 3, 224, 224}, {150528, 50176, 224, 1}, target_id=0: 0.0193846ms, 1%
@7 = broadcast[axis=1,out_lens={1, 64, 112, 112}](@3) -> half_type, {1, 64, 112, 112}, {0, 1, 0, 0}, target_id=0: 0.00113526ms, 1%
@8 = load[offset=1634432,end=3240064](@1) -> half_type, {1, 64, 112, 112}, {802816, 12544, 112, 1}, target_id=0: 0.00066236ms, 1%
@9 = gpu::code_object[code_object=8896,symbol_name=mlir_convolution_add_relu,global=25088,local=256,](@7,@6,@2,@8) -> half_type, {1, 64, 112, 112}, {802816, 12544, 112, 1}, target_id=0: 0.0401648ms, 2%
@10 = load[offset=0,end=1634432](@1) -> half_type, {1, 64, 113, 113}, {817216, 12769, 113, 1}, target_id=0: 0.0007616ms, 1%
@11 = gpu::code_object[code_object=3744,symbol_name=pad_kernel,global=307200,local=1024,](@9,@10) -> half_type, {1, 64, 113, 113}, {817216, 12769, 113, 1}, target_id=0: 0.0219671ms, 1%
@12 = load[offset=2838656,end=3240064](@1) -> half_type, {1, 64, 56, 56}, {200704, 3136, 56, 1}, target_id=0: 0.00074576ms, 1%
@13 = gpu::pooling[mode=max,padding={0, 0, 0, 0},padding_mode=0,stride={2, 2},lengths={3, 3},ceil_mode=0,lp_order=2,dyn_global=0](@11,@12) -> half_type, {1, 64, 56, 56}, {200704, 3136, 56, 1}, target_id=0: 0.0616841ms, 3%
@14 = hip::hip_copy_literal[id=main:@literal:51] -> half_type, {64}, {1}, target_id=0: 0.00091724ms, 1%
@15 = hip::hip_copy_literal[id=main:@literal:49] -> half_type, {64, 64, 1, 1}, {64, 1, 1, 1}, target_id=0: 0.00077812ms, 1%
@16 = broadcast[axis=1,out_lens={1, 64, 56, 56}](@14) -> half_type, {1, 64, 56, 56}, {0, 1, 0, 0}, target_id=0: 0.00104834ms, 1%
@17 = load[offset=802816,end=1204224](@1) -> half_type, {1, 64, 56, 56}, {200704, 3136, 56, 1}, target_id=0: 0.0007039ms, 1%
@18 = gpu::code_object[code_object=4696,symbol_name=mlir_convolution_add_relu,global=12544,local=256,](@16,@13,@15,@17) -> half_type, {1, 64, 56, 56}, {200704, 3136, 56, 1}, target_id=0: 0.021445ms, 1%
@19 = hip::hip_copy_literal[id=main:@literal:23] -> half_type, {64, 64, 3, 3}, {576, 9, 3, 1}, target_id=0: 0.00079156ms, 1%
@20 = load[offset=0,end=0](@1) -> int8_type, {0}, {1}, target_id=0: 0.00065094ms, 1%
@21 = load[offset=401408,end=802816](@1) -> half_type, {1, 64, 56, 56}, {200704, 3136, 56, 1}, target_id=0: 0.00062336ms, 1%
@22 = gpu::convolution[op={padding={1, 1, 1, 1},stride={1, 1},dilation={1, 1},group=1,padding_mode=0},solution_object={binary_object: 453},algo=0,solution_id=0](@18,@19,@20,@21) -> half_type, {1, 64, 56, 56}, {200704, 3136, 56, 1}, target_id=0: 0.0423649ms, 2%
@23 = hip::hip_copy_literal[id=main:@literal:54] -> half_type, {256}, {1}, target_id=0: 0.00086278ms, 1%
@24 = hip::hip_copy_literal[id=main:@literal:65] -> half_type, {256, 128, 1, 1}, {128, 1, 1, 1}, target_id=0: 0.00059844ms, 1%
@25 = hip::hip_copy_literal[id=main:@literal:47] -> half_type, {64}, {1}, target_id=0: 0.00075828ms, 1%
@26 = load[offset=0,end=401408](@1) -> half_type, {1, 64, 56, 56}, {200704, 3136, 56, 1}, target_id=0: 0.0006915ms, 1%
@27 = broadcast[axis=1,out_lens={1, 64, 56, 56}](@25) -> half_type, {1, 64, 56, 56}, {0, 1, 0, 0}, target_id=0: 0.00095886ms, 1%
@28 = gpu::code_object[code_object=3840,symbol_name=add_relu_kernel,global=100352,local=1024,](@22,@27,@26) -> half_type, {1, 64, 56, 56}, {200704, 3136, 56, 1}, target_id=0: 0.018219ms, 1%
@29 = load[offset=802816,end=1605632](@1) -> half_type, {1, 128, 56, 56}, {401408, 3136, 56, 1}, target_id=0: 0.0007762ms, 1%
@30 = gpu::code_object[code_object=3800,symbol_name=concat_kernel,global=100352,local=1024,](@28,@13,@29) -> half_type, {1, 128, 56, 56}, {401408, 3136, 56, 1}, target_id=0: 0.0175965ms, 1%
@31 = load[offset=3211264,end=4816896](@1) -> half_type, {1, 256, 56, 56}, {802816, 3136, 56, 1}, target_id=0: 0.00074734ms, 1%
@32 = broadcast[axis=1,out_lens={1, 256, 56, 56}](@23) -> half_type, {1, 256, 56, 56}, {0, 1, 0, 0}, target_id=0: 0.00093802ms, 1%
@33 = gpu::code_object[code_object=5544,symbol_name=mlir_convolution_add_relu,global=50176,local=256,](@32,@30,@24,@31) -> half_type, {1, 256, 56, 56}, {802816, 3136, 56, 1}, target_id=0: 0.0238722ms, 1%
@34 = hip::hip_copy_literal[id=main:@literal:43] -> half_type, {64}, {1}, target_id=0: 0.00075022ms, 1%
@35 = hip::hip_copy_literal[id=main:@literal:45] -> half_type, {64, 256, 1, 1}, {256, 1, 1, 1}, target_id=0: 0.00063104ms, 1%
@36 = broadcast[axis=1,out_lens={1, 64, 56, 56}](@34) -> half_type, {1, 64, 56, 56}, {0, 1, 0, 0}, target_id=0: 0.0009232ms, 1%
@37 = load[offset=802816,end=1204224](@1) -> half_type, {1, 64, 56, 56}, {200704, 3136, 56, 1}, target_id=0: 0.0006718ms, 1%
@38 = gpu::code_object[code_object=5336,symbol_name=mlir_convolution_add_relu,global=50176,local=256,](@36,@33,@35,@37) -> half_type, {1, 64, 56, 56}, {200704, 3136, 56, 1}, target_id=0: 0.0229211ms, 1%
@39 = hip::hip_copy_literal[id=main:@literal:71] -> half_type, {64, 64, 3, 3}, {576, 9, 3, 1}, target_id=0: 0.00079254ms, 1%
@40 = load[offset=0,end=0](@1) -> int8_type, {0}, {1}, target_id=0: 0.00069728ms, 1%
@41 = load[offset=401408,end=802816](@1) -> half_type, {1, 64, 56, 56}, {200704, 3136, 56, 1}, target_id=0: 0.00063184ms, 1%
@42 = gpu::convolution[op={padding={1, 1, 1, 1},stride={1, 1},dilation={1, 1},group=1,padding_mode=0},solution_object={binary_object: 453},algo=0,solution_id=0](@38,@39,@40,@41) -> half_type, {1, 64, 56, 56}, {200704, 3136, 56, 1}, target_id=0: 0.037806ms, 2%
@43 = hip::hip_copy_literal[id=main:@literal:20] -> half_type, {64}, {1}, target_id=0: 0.00082162ms, 1%
@44 = hip::hip_copy_literal[id=main:@literal:41] -> half_type, {256, 64, 1, 1}, {64, 1, 1, 1}, target_id=0: 0.00062074ms, 1%
@45 = load[offset=0,end=401408](@1) -> half_type, {1, 64, 56, 56}, {200704, 3136, 56, 1}, target_id=0: 0.00066572ms, 1%
@46 = broadcast[axis=1,out_lens={1, 64, 56, 56}](@43) -> half_type, {1, 64, 56, 56}, {0, 1, 0, 0}, target_id=0: 0.00095838ms, 1%
@47 = gpu::code_object[code_object=3840,symbol_name=add_relu_kernel,global=100352,local=1024,](@42,@46,@45) -> half_type, {1, 64, 56, 56}, {200704, 3136, 56, 1}, target_id=0: 0.0180772ms, 1%
@48 = hip::hip_copy_literal[id=main:@literal:61] -> half_type, {256}, {1}, target_id=0: 0.00073958ms, 1%
@49 = load[offset=1605632,end=3211264](@1) -> half_type, {1, 256, 56, 56}, {802816, 3136, 56, 1}, target_id=0: 0.0006758ms, 1%
@50 = broadcast[axis=1,out_lens={1, 256, 56, 56}](@48) -> half_type, {1, 256, 56, 56}, {0, 1, 0, 0}, target_id=0: 0.00090484ms, 1%
@51 = gpu::code_object[code_object=5008,symbol_name=mlir_convolution_add_add_relu,global=50176,local=256,](@50,@33,@47,@44,@49) -> half_type, {1, 256, 56, 56}, {802816, 3136, 56, 1}, target_id=0: 0.023673ms, 1%
@52 = hip::hip_copy_literal[id=main:@literal:62] -> half_type, {64, 256, 1, 1}, {256, 1, 1, 1}, target_id=0: 0.00074214ms, 1%
@53 = hip::hip_copy_literal[id=main:@literal:53] -> half_type, {64}, {1}, target_id=0: 0.00061078ms, 1%
@54 = broadcast[axis=1,out_lens={1, 64, 56, 56}](@53) -> half_type, {1, 64, 56, 56}, {0, 1, 0, 0}, target_id=0: 0.00089844ms, 1%
@55 = load[offset=401408,end=802816](@1) -> half_type, {1, 64, 56, 56}, {200704, 3136, 56, 1}, target_id=0: 0.00064202ms, 1%
@56 = gpu::code_object[code_object=5336,symbol_name=mlir_convolution_add_relu,global=50176,local=256,](@54,@51,@52,@55) -> half_type, {1, 64, 56, 56}, {200704, 3136, 56, 1}, target_id=0: 0.0229891ms, 1%
@57 = hip::hip_copy_literal[id=main:@literal:66] -> half_type, {64, 64, 3, 3}, {576, 9, 3, 1}, target_id=0: 0.00075316ms, 1%
@58 = load[offset=0,end=0](@1) -> int8_type, {0}, {1}, target_id=0: 0.0006534ms, 1%
@59 = load[offset=0,end=401408](@1) -> half_type, {1, 64, 56, 56}, {200704, 3136, 56, 1}, target_id=0: 0.0006387ms, 1%
@60 = gpu::convolution[op={padding={1, 1, 1, 1},stride={1, 1},dilation={1, 1},group=1,padding_mode=0},solution_object={binary_object: 453},algo=0,solution_id=0](@56,@57,@58,@59) -> half_type, {1, 64, 56, 56}, {200704, 3136, 56, 1}, target_id=0: 0.0374448ms, 2%
@61 = hip::hip_copy_literal[id=main:@literal:15] -> half_type, {64}, {1}, target_id=0: 0.0007834ms, 1%
@62 = load[offset=3211264,end=3612672](@1) -> half_type, {1, 64, 56, 56}, {200704, 3136, 56, 1}, target_id=0: 0.00066792ms, 1%
@63 = broadcast[axis=1,out_lens={1, 64, 56, 56}](@61) -> half_type, {1, 64, 56, 56}, {0, 1, 0, 0}, target_id=0: 0.00093846ms, 1%
@64 = gpu::code_object[code_object=3840,symbol_name=add_relu_kernel,global=100352,local=1024,](@60,@63,@62) -> half_type, {1, 64, 56, 56}, {200704, 3136, 56, 1}, target_id=0: 0.0177208ms, 1%
@65 = hip::hip_copy_literal[id=main:@literal:34] -> half_type, {256}, {1}, target_id=0: 0.0008208ms, 1%
@66 = hip::hip_copy_literal[id=main:@literal:63] -> half_type, {256, 64, 1, 1}, {64, 1, 1, 1}, target_id=0: 0.00068562ms, 1%
@67 = broadcast[axis=1,out_lens={1, 256, 56, 56}](@65) -> half_type, {1, 256, 56, 56}, {0, 1, 0, 0}, target_id=0: 0.00088212ms, 1%
@68 = load[offset=0,end=1605632](@1) -> half_type, {1, 256, 56, 56}, {802816, 3136, 56, 1}, target_id=0: 0.00066004ms, 1%
@69 = gpu::code_object[code_object=5008,symbol_name=mlir_convolution_add_add_relu,global=50176,local=256,](@67,@51,@64,@66,@68) -> half_type, {1, 256, 56, 56}, {802816, 3136, 56, 1}, target_id=0: 0.0233953ms, 1%
@70 = hip::hip_copy_literal[id=main:@literal:6] -> half_type, {128}, {1}, target_id=0: 0.00080826ms, 1%
@71 = hip::hip_copy_literal[id=main:@literal:67] -> half_type, {128, 256, 1, 1}, {256, 1, 1, 1}, target_id=0: 0.00059626ms, 1%
@72 = load[offset=1806336,end=2609152](@1) -> half_type, {1, 128, 56, 56}, {401408, 3136, 56, 1}, target_id=0: 0.0006687ms, 1%
@73 = broadcast[axis=1,out_lens={1, 128, 56, 56}](@70) -> half_type, {1, 128, 56, 56}, {0, 1, 0, 0}, target_id=0: 0.0008958ms, 1%
@74 = gpu::code_object[code_object=6792,symbol_name=mlir_convolution_add_relu,global=25088,local=256,](@73,@69,@71,@72) -> half_type, {1, 128, 56, 56}, {401408, 3136, 56, 1}, target_id=0: 0.0266252ms, 2%
@75 = hip::hip_copy_literal[id=main:@literal:16] -> half_type, {128, 128, 3, 3}, {1152, 9, 3, 1}, target_id=0: 0.00074928ms, 1%
@76 = load[offset=0,end=0](@1) -> int8_type, {0}, {1}, target_id=0: 0.00066028ms, 1%
@77 = load[offset=1605632,end=1806336](@1) -> half_type, {1, 128, 28, 28}, {100352, 784, 28, 1}, target_id=0: 0.0006347ms, 1%
@78 = gpu::convolution[op={padding={1, 1, 1, 1},stride={2, 2},dilation={1, 1},group=1,padding_mode=0},solution_object={binary_object: 457},algo=0,solution_id=0](@74,@75,@76,@77) -> half_type, {1, 128, 28, 28}, {100352, 784, 28, 1}, target_id=0: 0.0472868ms, 2%
@79 = hip::hip_copy_literal[id=main:@literal:64] -> half_type, {128}, {1}, target_id=0: 0.00080648ms, 1%
@80 = load[offset=2207744,end=2408448](@1) -> half_type, {1, 128, 28, 28}, {100352, 784, 28, 1}, target_id=0: 0.0006619ms, 1%
@81 = broadcast[axis=1,out_lens={1, 128, 28, 28}](@79) -> half_type, {1, 128, 28, 28}, {0, 1, 0, 0}, target_id=0: 0.00094248ms, 1%
@82 = gpu::code_object[code_object=3832,symbol_name=add_relu_kernel,global=50176,local=1024,](@78,@81,@80) -> half_type, {1, 128, 28, 28}, {100352, 784, 28, 1}, target_id=0: 0.0175188ms, 1%
@83 = load[offset=1605632,end=2207744](@1) -> half_type, {1, 384, 28, 28}, {301056, 784, 28, 1}, target_id=0: 0.00080084ms, 1%
@84 = step[axes={2, 3},steps={2, 2}](@69) -> half_type, {1, 256, 28, 28}, {802816, 3136, 112, 2}, target_id=0: 0.00119914ms, 1%
@85 = gpu::code_object[code_object=4040,symbol_name=concat_kernel,global=150528,local=1024,](@82,@84,@83) -> half_type, {1, 384, 28, 28}, {301056, 784, 28, 1}, target_id=0: 0.0186172ms, 1%
@86 = hip::hip_copy_literal[id=main:@literal:14] -> half_type, {512}, {1}, target_id=0: 0.0007647ms, 1%
@87 = hip::hip_copy_literal[id=main:@literal:1] -> half_type, {512, 384, 1, 1}, {384, 1, 1, 1}, target_id=0: 0.00060698ms, 1%
@88 = load[offset=2207744,end=3010560](@1) -> half_type, {1, 512, 28, 28}, {401408, 784, 28, 1}, target_id=0: 0.00078294ms, 1%
@89 = broadcast[axis=1,out_lens={1, 512, 28, 28}](@86) -> half_type, {1, 512, 28, 28}, {0, 1, 0, 0}, target_id=0: 0.00082806ms, 1%
@90 = gpu::code_object[code_object=5848,symbol_name=mlir_convolution_add_relu,global=26624,local=256,](@89,@85,@87,@88) -> half_type, {1, 512, 28, 28}, {401408, 784, 28, 1}, target_id=0: 0.0283823ms, 2%
@91 = hip::hip_copy_literal[id=main:@literal:73] -> half_type, {128}, {1}, target_id=0: 0.00081118ms, 1%
@92 = hip::hip_copy_literal[id=main:@literal:48] -> half_type, {128, 512, 1, 1}, {512, 1, 1, 1}, target_id=0: 0.0006208ms, 1%
@93 = broadcast[axis=1,out_lens={1, 128, 28, 28}](@91) -> half_type, {1, 128, 28, 28}, {0, 1, 0, 0}, target_id=0: 0.00089882ms, 1%
@94 = load[offset=0,end=200704](@1) -> half_type, {1, 128, 28, 28}, {100352, 784, 28, 1}, target_id=0: 0.0006503ms, 1%
@95 = gpu::code_object[code_object=7024,symbol_name=mlir_convolution_add_relu,global=25600,local=256,](@93,@90,@92,@94) -> half_type, {1, 128, 28, 28}, {100352, 784, 28, 1}, target_id=0: 0.0260362ms, 1%
@96 = hip::hip_copy_literal[id=main:@literal:40] -> half_type, {128, 128, 3, 3}, {1152, 9, 3, 1}, target_id=0: 0.00074044ms, 1%
@97 = load[offset=0,end=0](@1) -> int8_type, {0}, {1}, target_id=0: 0.00071562ms, 1%
@98 = load[offset=401408,end=602112](@1) -> half_type, {1, 128, 28, 28}, {100352, 784, 28, 1}, target_id=0: 0.0006001ms, 1%
@99 = gpu::convolution[op={padding={1, 1, 1, 1},stride={1, 1},dilation={1, 1},group=1,padding_mode=0},solution_object={binary_object: 457},algo=0,solution_id=0](@95,@96,@97,@98) -> half_type, {1, 128, 28, 28}, {100352, 784, 28, 1}, target_id=0: 0.0466355ms, 2%
@100 = hip::hip_copy_literal[id=main:@literal:19] -> half_type, {128}, {1}, target_id=0: 0.00083674ms, 1%
@101 = broadcast[axis=1,out_lens={1, 128, 28, 28}](@100) -> half_type, {1, 128, 28, 28}, {0, 1, 0, 0}, target_id=0: 0.00097778ms, 1%
@102 = load[offset=200704,end=401408](@1) -> half_type, {1, 128, 28, 28}, {100352, 784, 28, 1}, target_id=0: 0.00067374ms, 1%
@103 = gpu::code_object[code_object=3832,symbol_name=add_relu_kernel,global=50176,local=1024,](@99,@101,@102) -> half_type, {1, 128, 28, 28}, {100352, 784, 28, 1}, target_id=0: 0.0174869ms, 1%
@104 = hip::hip_copy_literal[id=main:@literal:50] -> half_type, {512}, {1}, target_id=0: 0.00075552ms, 1%
@105 = hip::hip_copy_literal[id=main:@literal:39] -> half_type, {512, 128, 1, 1}, {128, 1, 1, 1}, target_id=0: 0.0005865ms, 1%
@106 = load[offset=1204224,end=2007040](@1) -> half_type, {1, 512, 28, 28}, {401408, 784, 28, 1}, target_id=0: 0.00064848ms, 1%
@107 = broadcast[axis=1,out_lens={1, 512, 28, 28}](@104) -> half_type, {1, 512, 28, 28}, {0, 1, 0, 0}, target_id=0: 0.0008743ms, 1%
@108 = gpu::code_object[code_object=5928,symbol_name=mlir_convolution_add_add_relu,global=26624,local=256,](@107,@90,@103,@105,@106) -> half_type, {1, 512, 28, 28}, {401408, 784, 28, 1}, target_id=0: 0.0244475ms, 1%
@109 = hip::hip_copy_literal[id=main:@literal:38] -> half_type, {128, 512, 1, 1}, {512, 1, 1, 1}, target_id=0: 0.00076624ms, 1%
@110 = hip::hip_copy_literal[id=main:@literal:36] -> half_type, {128}, {1}, target_id=0: 0.0006148ms, 1%
@111 = broadcast[axis=1,out_lens={1, 128, 28, 28}](@110) -> half_type, {1, 128, 28, 28}, {0, 1, 0, 0}, target_id=0: 0.00094758ms, 1%
@112 = load[offset=401408,end=602112](@1) -> half_type, {1, 128, 28, 28}, {100352, 784, 28, 1}, target_id=0: 0.0006344ms, 1%
@113 = gpu::code_object[code_object=7024,symbol_name=mlir_convolution_add_relu,global=25600,local=256,](@111,@108,@109,@112) -> half_type, {1, 128, 28, 28}, {100352, 784, 28, 1}, target_id=0: 0.0257104ms, 1%
@114 = hip::hip_copy_literal[id=main:@literal:32] -> half_type, {128, 128, 3, 3}, {1152, 9, 3, 1}, target_id=0: 0.00073538ms, 1%
@115 = load[offset=0,end=0](@1) -> int8_type, {0}, {1}, target_id=0: 0.00065334ms, 1%
@116 = load[offset=200704,end=401408](@1) -> half_type, {1, 128, 28, 28}, {100352, 784, 28, 1}, target_id=0: 0.00065096ms, 1%
@117 = gpu::convolution[op={padding={1, 1, 1, 1},stride={1, 1},dilation={1, 1},group=1,padding_mode=0},solution_object={binary_object: 457},algo=0,solution_id=0](@113,@114,@115,@116) -> half_type, {1, 128, 28, 28}, {100352, 784, 28, 1}, target_id=0: 0.0440477ms, 2%
@118 = hip::hip_copy_literal[id=main:@literal:46] -> half_type, {128}, {1}, target_id=0: 0.00086274ms, 1%
@119 = broadcast[axis=1,out_lens={1, 128, 28, 28}](@118) -> half_type, {1, 128, 28, 28}, {0, 1, 0, 0}, target_id=0: 0.00096918ms, 1%
@120 = load[offset=0,end=200704](@1) -> half_type, {1, 128, 28, 28}, {100352, 784, 28, 1}, target_id=0: 0.00065868ms, 1%
@121 = gpu::code_object[code_object=3832,symbol_name=add_relu_kernel,global=50176,local=1024,](@117,@119,@120) -> half_type, {1, 128, 28, 28}, {100352, 784, 28, 1}, target_id=0: 0.0173758ms, 1%
@122 = hip::hip_copy_literal[id=main:@literal:31] -> half_type, {512}, {1}, target_id=0: 0.00071574ms, 1%
@123 = hip::hip_copy_literal[id=main:@literal:35] -> half_type, {512, 128, 1, 1}, {128, 1, 1, 1}, target_id=0: 0.00060976ms, 1%
@124 = load[offset=401408,end=1204224](@1) -> half_type, {1, 512, 28, 28}, {401408, 784, 28, 1}, target_id=0: 0.00068688ms, 1%
@125 = broadcast[axis=1,out_lens={1, 512, 28, 28}](@122) -> half_type, {1, 512, 28, 28}, {0, 1, 0, 0}, target_id=0: 0.00089368ms, 1%
@126 = gpu::code_object[code_object=5928,symbol_name=mlir_convolution_add_add_relu,global=26624,local=256,](@125,@108,@121,@123,@124) -> half_type, {1, 512, 28, 28}, {401408, 784, 28, 1}, target_id=0: 0.0241252ms, 1%
@127 = hip::hip_copy_literal[id=main:@literal:30] -> half_type, {128}, {1}, target_id=0: 0.0007778ms, 1%
@128 = hip::hip_copy_literal[id=main:@literal:33] -> half_type, {128, 512, 1, 1}, {512, 1, 1, 1}, target_id=0: 0.00066664ms, 1%
@129 = load[offset=200704,end=401408](@1) -> half_type, {1, 128, 28, 28}, {100352, 784, 28, 1}, target_id=0: 0.0006523ms, 1%
@130 = broadcast[axis=1,out_lens={1, 128, 28, 28}](@127) -> half_type, {1, 128, 28, 28}, {0, 1, 0, 0}, target_id=0: 0.00091048ms, 1%
@131 = gpu::code_object[code_object=7024,symbol_name=mlir_convolution_add_relu,global=25600,local=256,](@130,@126,@128,@129) -> half_type, {1, 128, 28, 28}, {100352, 784, 28, 1}, target_id=0: 0.0255216ms, 1%
@132 = hip::hip_copy_literal[id=main:@literal:59] -> half_type, {128, 128, 3, 3}, {1152, 9, 3, 1}, target_id=0: 0.00072892ms, 1%
@133 = load[offset=0,end=0](@1) -> int8_type, {0}, {1}, target_id=0: 0.00068428ms, 1%
@134 = load[offset=0,end=200704](@1) -> half_type, {1, 128, 28, 28}, {100352, 784, 28, 1}, target_id=0: 0.00060066ms, 1%
@135 = gpu::convolution[op={padding={1, 1, 1, 1},stride={1, 1},dilation={1, 1},group=1,padding_mode=0},solution_object={binary_object: 457},algo=0,solution_id=0](@131,@132,@133,@134) -> half_type, {1, 128, 28, 28}, {100352, 784, 28, 1}, target_id=0: 0.0444152ms, 2%
@136 = hip::hip_copy_literal[id=main:@literal:25] -> half_type, {512}, {1}, target_id=0: 0.00079574ms, 1%
@137 = hip::hip_copy_literal[id=main:@literal:29] -> half_type, {512, 128, 1, 1}, {128, 1, 1, 1}, target_id=0: 0.00057392ms, 1%
@138 = hip::hip_copy_literal[id=main:@literal:28] -> half_type, {128}, {1}, target_id=0: 0.0007145ms, 1%
@139 = load[offset=2007040,end=2207744](@1) -> half_type, {1, 128, 28, 28}, {100352, 784, 28, 1}, target_id=0: 0.00069486ms, 1%
@140 = broadcast[axis=1,out_lens={1, 128, 28, 28}](@138) -> half_type, {1, 128, 28, 28}, {0, 1, 0, 0}, target_id=0: 0.00092562ms, 1%
@141 = gpu::code_object[code_object=3832,symbol_name=add_relu_kernel,global=50176,local=1024,](@135,@140,@139) -> half_type, {1, 128, 28, 28}, {100352, 784, 28, 1}, target_id=0: 0.017264ms, 1%
@142 = load[offset=1204224,end=2007040](@1) -> half_type, {1, 512, 28, 28}, {401408, 784, 28, 1}, target_id=0: 0.00079122ms, 1%
@143 = broadcast[axis=1,out_lens={1, 512, 28, 28}](@136) -> half_type, {1, 512, 28, 28}, {0, 1, 0, 0}, target_id=0: 0.00082702ms, 1%
@144 = gpu::code_object[code_object=5928,symbol_name=mlir_convolution_add_add_relu,global=26624,local=256,](@143,@126,@141,@137,@142) -> half_type, {1, 512, 28, 28}, {401408, 784, 28, 1}, target_id=0: 0.0243229ms, 1%
@145 = hip::hip_copy_literal[id=main:@literal:18] -> half_type, {256}, {1}, target_id=0: 0.00081018ms, 1%
@146 = hip::hip_copy_literal[id=main:@literal:26] -> half_type, {256, 512, 1, 1}, {512, 1, 1, 1}, target_id=0: 0.00062138ms, 1%
@147 = broadcast[axis=1,out_lens={1, 256, 28, 28}](@145) -> half_type, {1, 256, 28, 28}, {0, 1, 0, 0}, target_id=0: 0.00088546ms, 1%
@148 = load[offset=501760,end=903168](@1) -> half_type, {1, 256, 28, 28}, {200704, 784, 28, 1}, target_id=0: 0.00068132ms, 1%
@149 = gpu::code_object[code_object=5912,symbol_name=mlir_convolution_add_relu,global=13312,local=256,](@147,@144,@146,@148) -> half_type, {1, 256, 28, 28}, {200704, 784, 28, 1}, target_id=0: 0.0289957ms, 2%
@150 = hip::hip_copy_literal[id=main:@literal:56] -> half_type, {256, 256, 3, 3}, {2304, 9, 3, 1}, target_id=0: 0.0007409ms, 1%
@151 = load[offset=0,end=0](@1) -> int8_type, {0}, {1}, target_id=0: 0.00065832ms, 1%
@152 = load[offset=401408,end=501760](@1) -> half_type, {1, 256, 14, 14}, {50176, 196, 14, 1}, target_id=0: 0.00061552ms, 1%
@153 = gpu::convolution[op={padding={1, 1, 1, 1},stride={2, 2},dilation={1, 1},group=1,padding_mode=0},solution_object={binary_object: 458},algo=0,solution_id=0](@149,@150,@151,@152) -> half_type, {1, 256, 14, 14}, {50176, 196, 14, 1}, target_id=0: 0.0643829ms, 3%
@154 = hip::hip_copy_literal[id=main:@literal:5] -> half_type, {256}, {1}, target_id=0: 0.00081418ms, 1%
@155 = load[offset=0,end=100352](@1) -> half_type, {1, 256, 14, 14}, {50176, 196, 14, 1}, target_id=0: 0.00066646ms, 1%
@156 = broadcast[axis=1,out_lens={1, 256, 14, 14}](@154) -> half_type, {1, 256, 14, 14}, {0, 1, 0, 0}, target_id=0: 0.00095612ms, 1%
@157 = gpu::code_object[code_object=3832,symbol_name=add_relu_kernel,global=25088,local=1024,](@153,@156,@155) -> half_type, {1, 256, 14, 14}, {50176, 196, 14, 1}, target_id=0: 0.0169019ms, 1%
@158 = load[offset=200704,end=501760](@1) -> half_type, {1, 768, 14, 14}, {150528, 196, 14, 1}, target_id=0: 0.00073826ms, 1%
@159 = step[axes={2, 3},steps={2, 2}](@144) -> half_type, {1, 512, 14, 14}, {401408, 784, 56, 2}, target_id=0: 0.00096668ms, 1%
@160 = gpu::code_object[code_object=3808,symbol_name=concat_kernel,global=75264,local=1024,](@157,@159,@158) -> half_type, {1, 768, 14, 14}, {150528, 196, 14, 1}, target_id=0: 0.0180017ms, 1%
@161 = hip::hip_copy_literal[id=main:@literal:2] -> half_type, {1024, 768, 1, 1}, {768, 1, 1, 1}, target_id=0: 0.00074322ms, 1%
@162 = hip::hip_copy_literal[id=main:@literal:13] -> half_type, {1024}, {1}, target_id=0: 0.0007408ms, 1%
@163 = load[offset=1204224,end=1605632](@1) -> half_type, {1, 1024, 14, 14}, {200704, 196, 14, 1}, target_id=0: 0.00063504ms, 1%
@164 = broadcast[axis=1,out_lens={1, 1024, 14, 14}](@162) -> half_type, {1, 1024, 14, 14}, {0, 1, 0, 0}, target_id=0: 0.00092358ms, 1%
@165 = gpu::code_object[code_object=5856,symbol_name=mlir_convolution_add_relu,global=16384,local=256,](@164,@160,@161,@163) -> half_type, {1, 1024, 14, 14}, {200704, 196, 14, 1}, target_id=0: 0.0332749ms, 2%
@166 = hip::hip_copy_literal[id=main:@literal:8] -> half_type, {1024}, {1}, target_id=0: 0.00072524ms, 1%
@167 = hip::hip_copy_literal[id=main:@literal:9] -> half_type, {1024, 256, 1, 1}, {256, 1, 1, 1}, target_id=0: 0.00053876ms, 1%
@168 = hip::hip_copy_literal[id=main:@literal:10] -> half_type, {256}, {1}, target_id=0: 0.00077628ms, 1%
@169 = hip::hip_copy_literal[id=main:@literal:22] -> half_type, {256, 1024, 1, 1}, {1024, 1, 1, 1}, target_id=0: 0.00072032ms, 1%
@170 = hip::hip_copy_literal[id=main:@literal:68] -> half_type, {256}, {1}, target_id=0: 0.00063642ms, 1%
@171 = load[offset=200704,end=301056](@1) -> half_type, {1, 256, 14, 14}, {50176, 196, 14, 1}, target_id=0: 0.00066048ms, 1%
@172 = broadcast[axis=1,out_lens={1, 256, 14, 14}](@170) -> half_type, {1, 256, 14, 14}, {0, 1, 0, 0}, target_id=0: 0.0008831ms, 1%
@173 = gpu::code_object[code_object=4784,symbol_name=mlir_convolution_add_relu,global=16384,local=256,](@172,@165,@169,@171) -> half_type, {1, 256, 14, 14}, {50176, 196, 14, 1}, target_id=0: 0.0310874ms, 2%
@174 = hip::hip_copy_literal[id=main:@literal:11] -> half_type, {256, 256, 3, 3}, {2304, 9, 3, 1}, target_id=0: 0.00076996ms, 1%
@175 = load[offset=0,end=0](@1) -> int8_type, {0}, {1}, target_id=0: 0.0006596ms, 1%
@176 = load[offset=100352,end=200704](@1) -> half_type, {1, 256, 14, 14}, {50176, 196, 14, 1}, target_id=0: 0.00064602ms, 1%
@177 = gpu::convolution[op={padding={1, 1, 1, 1},stride={1, 1},dilation={1, 1},group=1,padding_mode=0},solution_object={binary_object: 455},algo=0,solution_id=0](@173,@174,@175,@176) -> half_type, {1, 256, 14, 14}, {50176, 196, 14, 1}, target_id=0: 0.0629354ms, 3%
@178 = load[offset=1605632,end=1705984](@1) -> half_type, {1, 256, 14, 14}, {50176, 196, 14, 1}, target_id=0: 0.00080226ms, 1%
@179 = broadcast[axis=1,out_lens={1, 256, 14, 14}](@168) -> half_type, {1, 256, 14, 14}, {0, 1, 0, 0}, target_id=0: 0.0009411ms, 1%
@180 = gpu::code_object[code_object=3832,symbol_name=add_relu_kernel,global=25088,local=1024,](@177,@179,@178) -> half_type, {1, 256, 14, 14}, {50176, 196, 14, 1}, target_id=0: 0.0168885ms, 1%
@181 = load[offset=0,end=401408](@1) -> half_type, {1, 1024, 14, 14}, {200704, 196, 14, 1}, target_id=0: 0.000795ms, 1%
@182 = broadcast[axis=1,out_lens={1, 1024, 14, 14}](@166) -> half_type, {1, 1024, 14, 14}, {0, 1, 0, 0}, target_id=0: 0.00083552ms, 1%
@183 = gpu::code_object[code_object=5632,symbol_name=mlir_convolution_add_add_relu,global=57344,local=256,](@182,@165,@180,@167,@181) -> half_type, {1, 1024, 14, 14}, {200704, 196, 14, 1}, target_id=0: 0.0227274ms, 1%
@184 = hip::hip_copy_literal[id=main:@literal:74] -> half_type, {256}, {1}, target_id=0: 0.00087256ms, 1%
@185 = hip::hip_copy_literal[id=main:@literal:75] -> half_type, {256, 256, 3, 3}, {2304, 9, 3, 1}, target_id=0: 0.00068566ms, 1%
@186 = hip::hip_copy_literal[id=main:@literal:4] -> half_type, {256, 1024, 1, 1}, {1024, 1, 1, 1}, target_id=0: 0.00053174ms, 1%
@187 = load[offset=1404928,end=1505280](@1) -> half_type, {1, 256, 14, 14}, {50176, 196, 14, 1}, target_id=0: 0.00077752ms, 1%
@188 = broadcast[axis=1,out_lens={1, 256, 14, 14}](@184) -> half_type, {1, 256, 14, 14}, {0, 1, 0, 0}, target_id=0: 0.00093294ms, 1%
@189 = gpu::code_object[code_object=4784,symbol_name=mlir_convolution_add_relu,global=16384,local=256,](@188,@183,@186,@187) -> half_type, {1, 256, 14, 14}, {50176, 196, 14, 1}, target_id=0: 0.0313011ms, 2%
@190 = load[offset=501760,end=1404928](@1) -> int8_type, {903168}, {1}, target_id=0: 0.00080664ms, 1%
@191 = load[offset=401408,end=501760](@1) -> half_type, {1, 256, 14, 14}, {50176, 196, 14, 1}, target_id=0: 0.00062958ms, 1%
@192 = gpu::convolution[op={padding={1, 1, 1, 1},stride={1, 1},dilation={1, 1},group=1,padding_mode=0},solution_object={binary_object: 429},algo=0,solution_id=0](@189,@185,@190,@191) -> half_type, {1, 256, 14, 14}, {50176, 196, 14, 1}, target_id=0: 0.0737035ms, 3%
@193 = hip::hip_copy_literal[id=main:@literal:76] -> half_type, {256}, {1}, target_id=0: 0.00101536ms, 1%
@194 = hip::hip_copy_literal[id=main:@literal:77] -> half_type, {1024, 256, 1, 1}, {256, 1, 1, 1}, target_id=0: 0.00061396ms, 1%
@195 = hip::hip_copy_literal[id=main:@literal:78] -> half_type, {1024}, {1}, target_id=0: 0.00074446ms, 1%
@196 = load[offset=501760,end=602112](@1) -> half_type, {1, 256, 14, 14}, {50176, 196, 14, 1}, target_id=0: 0.00082094ms, 1%
@197 = broadcast[axis=1,out_lens={1, 256, 14, 14}](@193) -> half_type, {1, 256, 14, 14}, {0, 1, 0, 0}, target_id=0: 0.00105776ms, 1%
@198 = gpu::code_object[code_object=3832,symbol_name=add_relu_kernel,global=25088,local=1024,](@192,@197,@196) -> half_type, {1, 256, 14, 14}, {50176, 196, 14, 1}, target_id=0: 0.0175054ms, 1%
@199 = load[offset=1003520,end=1404928](@1) -> half_type, {1, 1024, 14, 14}, {200704, 196, 14, 1}, target_id=0: 0.00080312ms, 1%
@200 = broadcast[axis=1,out_lens={1, 1024, 14, 14}](@195) -> half_type, {1, 1024, 14, 14}, {0, 1, 0, 0}, target_id=0: 0.00083222ms, 1%
@201 = gpu::code_object[code_object=5632,symbol_name=mlir_convolution_add_add_relu,global=57344,local=256,](@200,@183,@198,@194,@199) -> half_type, {1, 1024, 14, 14}, {200704, 196, 14, 1}, target_id=0: 0.0223877ms, 1%
@202 = hip::hip_copy_literal[id=main:@literal:52] -> half_type, {256, 256, 3, 3}, {2304, 9, 3, 1}, target_id=0: 0.0007618ms, 1%
@203 = hip::hip_copy_literal[id=main:@literal:79] -> half_type, {256, 1024, 1, 1}, {1024, 1, 1, 1}, target_id=0: 0.00061282ms, 1%
@204 = hip::hip_copy_literal[id=main:@literal:27] -> half_type, {256}, {1}, target_id=0: 0.00072574ms, 1%
@205 = load[offset=0,end=100352](@1) -> half_type, {1, 256, 14, 14}, {50176, 196, 14, 1}, target_id=0: 0.00067618ms, 1%
@206 = broadcast[axis=1,out_lens={1, 256, 14, 14}](@204) -> half_type, {1, 256, 14, 14}, {0, 1, 0, 0}, target_id=0: 0.00089998ms, 1%
@207 = gpu::code_object[code_object=4784,symbol_name=mlir_convolution_add_relu,global=16384,local=256,](@206,@201,@203,@205) -> half_type, {1, 256, 14, 14}, {50176, 196, 14, 1}, target_id=0: 0.0312387ms, 2%
@208 = load[offset=1505280,end=2408448](@1) -> int8_type, {903168}, {1}, target_id=0: 0.00079658ms, 1%
@209 = load[offset=1404928,end=1505280](@1) -> half_type, {1, 256, 14, 14}, {50176, 196, 14, 1}, target_id=0: 0.00061382ms, 1%
@210 = gpu::convolution[op={padding={1, 1, 1, 1},stride={1, 1},dilation={1, 1},group=1,padding_mode=0},solution_object={binary_object: 429},algo=0,solution_id=0](@207,@202,@208,@209) -> half_type, {1, 256, 14, 14}, {50176, 196, 14, 1}, target_id=0: 0.0604204ms, 3%
@211 = hip::hip_copy_literal[id=main:@literal:80] -> half_type, {256}, {1}, target_id=0: 0.00102698ms, 1%
@212 = hip::hip_copy_literal[id=main:@literal:37] -> half_type, {1024}, {1}, target_id=0: 0.00062192ms, 1%
@213 = hip::hip_copy_literal[id=main:@literal:81] -> half_type, {1024, 256, 1, 1}, {256, 1, 1, 1}, target_id=0: 0.00073074ms, 1%
@214 = load[offset=0,end=100352](@1) -> half_type, {1, 256, 14, 14}, {50176, 196, 14, 1}, target_id=0: 0.00078196ms, 1%
@215 = broadcast[axis=1,out_lens={1, 256, 14, 14}](@211) -> half_type, {1, 256, 14, 14}, {0, 1, 0, 0}, target_id=0: 0.00103274ms, 1%
@216 = gpu::code_object[code_object=3832,symbol_name=add_relu_kernel,global=25088,local=1024,](@210,@215,@214) -> half_type, {1, 256, 14, 14}, {50176, 196, 14, 1}, target_id=0: 0.0173226ms, 1%
@217 = load[offset=1505280,end=1906688](@1) -> half_type, {1, 1024, 14, 14}, {200704, 196, 14, 1}, target_id=0: 0.00077946ms, 1%
@218 = broadcast[axis=1,out_lens={1, 1024, 14, 14}](@212) -> half_type, {1, 1024, 14, 14}, {0, 1, 0, 0}, target_id=0: 0.00082848ms, 1%
@219 = gpu::code_object[code_object=5632,symbol_name=mlir_convolution_add_add_relu,global=57344,local=256,](@218,@201,@216,@213,@217) -> half_type, {1, 1024, 14, 14}, {200704, 196, 14, 1}, target_id=0: 0.0224493ms, 1%
@220 = hip::hip_copy_literal[id=main:@literal:82] -> half_type, {256, 256, 3, 3}, {2304, 9, 3, 1}, target_id=0: 0.00073826ms, 1%
@221 = hip::hip_copy_literal[id=main:@literal:42] -> half_type, {256}, {1}, target_id=0: 0.00058298ms, 1%
@222 = hip::hip_copy_literal[id=main:@literal:60] -> half_type, {256, 1024, 1, 1}, {1024, 1, 1, 1}, target_id=0: 0.00073108ms, 1%
@223 = load[offset=1003520,end=1103872](@1) -> half_type, {1, 256, 14, 14}, {50176, 196, 14, 1}, target_id=0: 0.00069856ms, 1%
@224 = broadcast[axis=1,out_lens={1, 256, 14, 14}](@221) -> half_type, {1, 256, 14, 14}, {0, 1, 0, 0}, target_id=0: 0.00085558ms, 1%
@225 = gpu::code_object[code_object=4784,symbol_name=mlir_convolution_add_relu,global=16384,local=256,](@224,@219,@222,@223) -> half_type, {1, 256, 14, 14}, {50176, 196, 14, 1}, target_id=0: 0.0311219ms, 2%
@226 = load[offset=100352,end=1003520](@1) -> int8_type, {903168}, {1}, target_id=0: 0.00076572ms, 1%
@227 = load[offset=0,end=100352](@1) -> half_type, {1, 256, 14, 14}, {50176, 196, 14, 1}, target_id=0: 0.00062198ms, 1%
@228 = gpu::convolution[op={padding={1, 1, 1, 1},stride={1, 1},dilation={1, 1},group=1,padding_mode=0},solution_object={binary_object: 429},algo=0,solution_id=0](@225,@220,@226,@227) -> half_type, {1, 256, 14, 14}, {50176, 196, 14, 1}, target_id=0: 0.0596353ms, 3%
@229 = hip::hip_copy_literal[id=main:@literal:85] -> half_type, {1024, 256, 1, 1}, {256, 1, 1, 1}, target_id=0: 0.00098108ms, 1%
@230 = hip::hip_copy_literal[id=main:@literal:83] -> half_type, {256}, {1}, target_id=0: 0.00066574ms, 1%
@231 = hip::hip_copy_literal[id=main:@literal:44] -> half_type, {1024}, {1}, target_id=0: 0.00074814ms, 1%
@232 = broadcast[axis=1,out_lens={1, 256, 14, 14}](@230) -> half_type, {1, 256, 14, 14}, {0, 1, 0, 0}, target_id=0: 0.00104986ms, 1%
@233 = load[offset=401408,end=501760](@1) -> half_type, {1, 256, 14, 14}, {50176, 196, 14, 1}, target_id=0: 0.00078674ms, 1%
@234 = gpu::code_object[code_object=3832,symbol_name=add_relu_kernel,global=25088,local=1024,](@228,@232,@233) -> half_type, {1, 256, 14, 14}, {50176, 196, 14, 1}, target_id=0: 0.0172238ms, 1%
@235 = broadcast[axis=1,out_lens={1, 1024, 14, 14}](@231) -> half_type, {1, 1024, 14, 14}, {0, 1, 0, 0}, target_id=0: 0.00099938ms, 1%
@236 = load[offset=0,end=401408](@1) -> half_type, {1, 1024, 14, 14}, {200704, 196, 14, 1}, target_id=0: 0.00065576ms, 1%
@237 = gpu::code_object[code_object=5632,symbol_name=mlir_convolution_add_add_relu,global=57344,local=256,](@235,@219,@234,@229,@236) -> half_type, {1, 1024, 14, 14}, {200704, 196, 14, 1}, target_id=0: 0.0223294ms, 1%
@238 = hip::hip_copy_literal[id=main:@literal:88] -> half_type, {256, 256, 3, 3}, {2304, 9, 3, 1}, target_id=0: 0.00079878ms, 1%
@239 = hip::hip_copy_literal[id=main:@literal:87] -> half_type, {256}, {1}, target_id=0: 0.00060702ms, 1%
@240 = hip::hip_copy_literal[id=main:@literal:86] -> half_type, {256, 1024, 1, 1}, {1024, 1, 1, 1}, target_id=0: 0.00069328ms, 1%
@241 = broadcast[axis=1,out_lens={1, 256, 14, 14}](@239) -> half_type, {1, 256, 14, 14}, {0, 1, 0, 0}, target_id=0: 0.0008778ms, 1%
@242 = load[offset=1404928,end=1505280](@1) -> half_type, {1, 256, 14, 14}, {50176, 196, 14, 1}, target_id=0: 0.00064664ms, 1%
@243 = gpu::code_object[code_object=4784,symbol_name=mlir_convolution_add_relu,global=16384,local=256,](@241,@237,@240,@242) -> half_type, {1, 256, 14, 14}, {50176, 196, 14, 1}, target_id=0: 0.0316983ms, 2%
@244 = load[offset=501760,end=1404928](@1) -> int8_type, {903168}, {1}, target_id=0: 0.00081076ms, 1%
@245 = load[offset=401408,end=501760](@1) -> half_type, {1, 256, 14, 14}, {50176, 196, 14, 1}, target_id=0: 0.00060168ms, 1%
@246 = gpu::convolution[op={padding={1, 1, 1, 1},stride={1, 1},dilation={1, 1},group=1,padding_mode=0},solution_object={binary_object: 429},algo=0,solution_id=0](@243,@238,@244,@245) -> half_type, {1, 256, 14, 14}, {50176, 196, 14, 1}, target_id=0: 0.0591784ms, 3%
@247 = hip::hip_copy_literal[id=main:@literal:90] -> half_type, {1024, 256, 1, 1}, {256, 1, 1, 1}, target_id=0: 0.00105756ms, 1%
@248 = hip::hip_copy_literal[id=main:@literal:89] -> half_type, {256}, {1}, target_id=0: 0.00059718ms, 1%
@249 = hip::hip_copy_literal[id=main:@literal:91] -> half_type, {1024}, {1}, target_id=0: 0.00073534ms, 1%
@250 = load[offset=501760,end=602112](@1) -> half_type, {1, 256, 14, 14}, {50176, 196, 14, 1}, target_id=0: 0.00076534ms, 1%
@251 = broadcast[axis=1,out_lens={1, 256, 14, 14}](@248) -> half_type, {1, 256, 14, 14}, {0, 1, 0, 0}, target_id=0: 0.00102714ms, 1%
@252 = gpu::code_object[code_object=3832,symbol_name=add_relu_kernel,global=25088,local=1024,](@246,@251,@250) -> half_type, {1, 256, 14, 14}, {50176, 196, 14, 1}, target_id=0: 0.0172252ms, 1%
@253 = load[offset=702464,end=1103872](@1) -> half_type, {1, 1024, 14, 14}, {200704, 196, 14, 1}, target_id=0: 0.000794ms, 1%
@254 = broadcast[axis=1,out_lens={1, 1024, 14, 14}](@249) -> half_type, {1, 1024, 14, 14}, {0, 1, 0, 0}, target_id=0: 0.00085986ms, 1%
@255 = gpu::code_object[code_object=5632,symbol_name=mlir_convolution_add_add_relu,global=57344,local=256,](@254,@237,@252,@247,@253) -> half_type, {1, 1024, 14, 14}, {200704, 196, 14, 1}, target_id=0: 0.022204ms, 1%
@256 = hip::hip_copy_literal[id=main:@literal:69] -> half_type, {512, 512, 3, 3}, {4608, 9, 3, 1}, target_id=0: 0.00081368ms, 1%
@257 = hip::hip_copy_literal[id=main:@literal:92] -> half_type, {512}, {1}, target_id=0: 0.0005822ms, 1%
@258 = hip::hip_copy_literal[id=main:@literal:84] -> half_type, {512, 1024, 1, 1}, {1024, 1, 1, 1}, target_id=0: 0.00074932ms, 1%
@259 = load[offset=0,end=200704](@1) -> half_type, {1, 512, 14, 14}, {100352, 196, 14, 1}, target_id=0: 0.00069498ms, 1%
@260 = broadcast[axis=1,out_lens={1, 512, 14, 14}](@257) -> half_type, {1, 512, 14, 14}, {0, 1, 0, 0}, target_id=0: 0.0008847ms, 1%
@261 = gpu::code_object[code_object=4640,symbol_name=mlir_convolution_add_relu,global=28672,local=256,](@260,@255,@258,@259) -> half_type, {1, 512, 14, 14}, {100352, 196, 14, 1}, target_id=0: 0.0321293ms, 2%
@262 = load[offset=1103872,end=1555456](@1) -> int8_type, {451584}, {1}, target_id=0: 0.0008016ms, 1%
@263 = load[offset=652288,end=702464](@1) -> half_type, {1, 512, 7, 7}, {25088, 49, 7, 1}, target_id=0: 0.00062366ms, 1%
@264 = gpu::convolution[op={padding={1, 1, 1, 1},stride={2, 2},dilation={1, 1},group=1,padding_mode=0},solution_object={binary_object: 430},algo=0,solution_id=0](@261,@256,@262,@263) -> half_type, {1, 512, 7, 7}, {25088, 49, 7, 1}, target_id=0: 0.0681261ms, 3%
@265 = hip::hip_copy_literal[id=main:@literal:94] -> half_type, {2048}, {1}, target_id=0: 0.0010222ms, 1%
@266 = hip::hip_copy_literal[id=main:@literal:93] -> half_type, {512}, {1}, target_id=0: 0.00064398ms, 1%
@267 = hip::hip_copy_literal[id=main:@literal:3] -> half_type, {2048, 1536, 1, 1}, {1536, 1, 1, 1}, target_id=0: 0.00059438ms, 1%
@268 = load[offset=0,end=50176](@1) -> half_type, {1, 512, 7, 7}, {25088, 49, 7, 1}, target_id=0: 0.00098296ms, 1%
@269 = broadcast[axis=1,out_lens={1, 512, 7, 7}](@266) -> half_type, {1, 512, 7, 7}, {0, 1, 0, 0}, target_id=0: 0.0009019ms, 1%
@270 = gpu::code_object[code_object=3824,symbol_name=add_relu_kernel,global=25088,local=1024,](@264,@269,@268) -> half_type, {1, 512, 7, 7}, {25088, 49, 7, 1}, target_id=0: 0.0174618ms, 1%
@271 = step[axes={2, 3},steps={2, 2}](@255) -> half_type, {1, 1024, 7, 7}, {200704, 196, 28, 2}, target_id=0: 0.00138646ms, 1%
@272 = load[offset=200704,end=351232](@1) -> half_type, {1, 1536, 7, 7}, {75264, 49, 7, 1}, target_id=0: 0.0007144ms, 1%
@273 = gpu::code_object[code_object=3816,symbol_name=concat_kernel,global=37632,local=1024,](@270,@271,@272) -> half_type, {1, 1536, 7, 7}, {75264, 49, 7, 1}, target_id=0: 0.0180218ms, 1%
@274 = load[offset=0,end=200704](@1) -> half_type, {1, 2048, 7, 7}, {100352, 49, 7, 1}, target_id=0: 0.00077516ms, 1%
@275 = broadcast[axis=1,out_lens={1, 2048, 7, 7}](@265) -> half_type, {1, 2048, 7, 7}, {0, 1, 0, 0}, target_id=0: 0.00091134ms, 1%
@276 = gpu::code_object[code_object=4576,symbol_name=mlir_convolution_add_relu,global=32768,local=64,](@275,@273,@267,@274) -> half_type, {1, 2048, 7, 7}, {100352, 49, 7, 1}, target_id=0: 0.0500827ms, 2%
@277 = hip::hip_copy_literal[id=main:@literal:21] -> half_type, {512}, {1}, target_id=0: 0.00079706ms, 1%
@278 = hip::hip_copy_literal[id=main:@literal:95] -> half_type, {512, 2048, 1, 1}, {2048, 1, 1, 1}, target_id=0: 0.0006192ms, 1%
@279 = hip::hip_copy_literal[id=main:@literal:57] -> half_type, {512, 512, 3, 3}, {4608, 9, 3, 1}, target_id=0: 0.00068254ms, 1%
@280 = load[offset=702464,end=752640](@1) -> half_type, {1, 512, 7, 7}, {25088, 49, 7, 1}, target_id=0: 0.0007143ms, 1%
@281 = broadcast[axis=1,out_lens={1, 512, 7, 7}](@277) -> half_type, {1, 512, 7, 7}, {0, 1, 0, 0}, target_id=0: 0.00083718ms, 1%
@282 = gpu::code_object[code_object=4632,symbol_name=mlir_convolution_add_relu,global=8192,local=256,](@281,@276,@278,@280) -> half_type, {1, 512, 7, 7}, {25088, 49, 7, 1}, target_id=0: 0.0503015ms, 2%
@283 = load[offset=250880,end=702464](@1) -> int8_type, {451584}, {1}, target_id=0: 0.00082238ms, 1%
@284 = load[offset=200704,end=250880](@1) -> half_type, {1, 512, 7, 7}, {25088, 49, 7, 1}, target_id=0: 0.00063072ms, 1%
@285 = gpu::convolution[op={padding={1, 1, 1, 1},stride={1, 1},dilation={1, 1},group=1,padding_mode=0},solution_object={binary_object: 427},algo=0,solution_id=0](@282,@279,@283,@284) -> half_type, {1, 512, 7, 7}, {25088, 49, 7, 1}, target_id=0: 0.0619344ms, 3%
@286 = hip::hip_copy_literal[id=main:@literal:7] -> half_type, {512}, {1}, target_id=0: 0.0010376ms, 1%
@287 = hip::hip_copy_literal[id=main:@literal:17] -> half_type, {2048, 512, 1, 1}, {512, 1, 1, 1}, target_id=0: 0.00062142ms, 1%
@288 = hip::hip_copy_literal[id=main:@literal:96] -> half_type, {2048}, {1}, target_id=0: 0.00071104ms, 1%
@289 = load[offset=250880,end=301056](@1) -> half_type, {1, 512, 7, 7}, {25088, 49, 7, 1}, target_id=0: 0.00082982ms, 1%
@290 = broadcast[axis=1,out_lens={1, 512, 7, 7}](@286) -> half_type, {1, 512, 7, 7}, {0, 1, 0, 0}, target_id=0: 0.00106542ms, 1%
@291 = gpu::code_object[code_object=3824,symbol_name=add_relu_kernel,global=25088,local=1024,](@285,@290,@289) -> half_type, {1, 512, 7, 7}, {25088, 49, 7, 1}, target_id=0: 0.0175811ms, 1%
@292 = load[offset=501760,end=702464](@1) -> half_type, {1, 2048, 7, 7}, {100352, 49, 7, 1}, target_id=0: 0.000816ms, 1%
@293 = broadcast[axis=1,out_lens={1, 2048, 7, 7}](@288) -> half_type, {1, 2048, 7, 7}, {0, 1, 0, 0}, target_id=0: 0.00084022ms, 1%
@294 = gpu::code_object[code_object=4664,symbol_name=mlir_convolution_add_add_relu,global=32768,local=64,](@293,@276,@291,@287,@292) -> half_type, {1, 2048, 7, 7}, {100352, 49, 7, 1}, target_id=0: 0.0310068ms, 2%
@295 = hip::hip_copy_literal[id=main:@literal:70] -> half_type, {512}, {1}, target_id=0: 0.00076348ms, 1%
@296 = hip::hip_copy_literal[id=main:@literal:24] -> half_type, {512, 2048, 1, 1}, {2048, 1, 1, 1}, target_id=0: 0.00062238ms, 1%
@297 = hip::hip_copy_literal[id=main:@literal:12] -> half_type, {512, 512, 3, 3}, {4608, 9, 3, 1}, target_id=0: 0.00069544ms, 1%
@298 = broadcast[axis=1,out_lens={1, 512, 7, 7}](@295) -> half_type, {1, 512, 7, 7}, {0, 1, 0, 0}, target_id=0: 0.00089292ms, 1%
@299 = load[offset=0,end=50176](@1) -> half_type, {1, 512, 7, 7}, {25088, 49, 7, 1}, target_id=0: 0.00066588ms, 1%
@300 = gpu::code_object[code_object=4632,symbol_name=mlir_convolution_add_relu,global=8192,local=256,](@298,@294,@296,@299) -> half_type, {1, 512, 7, 7}, {25088, 49, 7, 1}, target_id=0: 0.0542595ms, 3%
@301 = load[offset=752640,end=1204224](@1) -> int8_type, {451584}, {1}, target_id=0: 0.00080836ms, 1%
@302 = load[offset=702464,end=752640](@1) -> half_type, {1, 512, 7, 7}, {25088, 49, 7, 1}, target_id=0: 0.00060522ms, 1%
@303 = gpu::convolution[op={padding={1, 1, 1, 1},stride={1, 1},dilation={1, 1},group=1,padding_mode=0},solution_object={binary_object: 427},algo=0,solution_id=0](@300,@297,@301,@302) -> half_type, {1, 512, 7, 7}, {25088, 49, 7, 1}, target_id=0: 0.0603977ms, 3%
@304 = hip::hip_copy_literal[id=main:@literal:97] -> half_type, {2048, 512, 1, 1}, {512, 1, 1, 1}, target_id=0: 0.00098194ms, 1%
@305 = hip::hip_copy_literal[id=main:@literal:72] -> half_type, {512}, {1}, target_id=0: 0.0006267ms, 1%
@306 = broadcast[axis=1,out_lens={1, 512, 7, 7}](@305) -> half_type, {1, 512, 7, 7}, {0, 1, 0, 0}, target_id=0: 0.00107718ms, 1%
@307 = load[offset=0,end=50176](@1) -> half_type, {1, 512, 7, 7}, {25088, 49, 7, 1}, target_id=0: 0.00074614ms, 1%
@308 = gpu::code_object[code_object=3824,symbol_name=add_relu_kernel,global=25088,local=1024,](@303,@306,@307) -> half_type, {1, 512, 7, 7}, {25088, 49, 7, 1}, target_id=0: 0.0175126ms, 1%
@309 = load[offset=0,end=0](@1) -> int8_type, {0}, {1}, target_id=0: 0.0008084ms, 1%
@310 = load[offset=702464,end=903168](@1) -> half_type, {1, 2048, 7, 7}, {100352, 49, 7, 1}, target_id=0: 0.0006306ms, 1%
@311 = gpu::convolution[op={padding={0, 0, 0, 0},stride={1, 1},dilation={1, 1},group=1,padding_mode=0},solution_object={binary_object: 455},algo=0,solution_id=0](@308,@304,@309,@310) -> half_type, {1, 2048, 7, 7}, {100352, 49, 7, 1}, target_id=0: 0.0426295ms, 2%
@312 = hip::hip_copy_literal[id=main:@literal:0] -> half_type, {1, 1001}, {1001, 1}, target_id=0: 0.00087356ms, 1%
@313 = hip::hip_copy_literal[id=main:@literal:99] -> half_type, {2048, 1001}, {1001, 1}, target_id=0: 0.00059834ms, 1%
@314 = hip::hip_copy_literal[id=main:@literal:98] -> half_type, {2048}, {1}, target_id=0: 0.00066808ms, 1%
@315 = broadcast[axis=1,out_lens={1, 2048, 7, 7}](@314) -> half_type, {1, 2048, 7, 7}, {0, 1, 0, 0}, target_id=0: 0.00097726ms, 1%
@316 = load[offset=4016,end=8112](@1) -> half_type, {1, 2048, 1, 1}, {2048, 1, 1, 1}, target_id=0: 0.00071202ms, 1%
@317 = gpu::code_object[code_object=4024,symbol_name=add_add_relu_reduce_mean_kernel,global=131072,local=64,](@311,@315,@294,@316) -> half_type, {1, 2048, 1, 1}, {2048, 1, 1, 1}, target_id=0: 0.017846ms, 1%
@318 = squeeze[axes={2, 3}](@317) -> half_type, {1, 2048}, {2048, 1}, target_id=0: 0.00141628ms, 1%
@319 = load[offset=8,end=2010](@1) -> half_type, {1, 1001}, {1001, 1}, target_id=0: 0.0006884ms, 1%
@320 = gpu::gemm[alpha=1,beta=1,compute_fp32=1,trans_batch=0](@318,@313,@312,@319) -> half_type, {1, 1001}, {1001, 1}, target_id=0: 0.0613279ms, 3%
@321 = load[offset=2016,end=2024](@1) -> int64_type, {1, 1}, {1, 1}, target_id=0: 0.00084238ms, 1%
@322 = gpu::argmax[axis=1,select_last_index=0](@320,@321) -> int64_type, {1, 1}, {1, 1}, target_id=0: 0.0239064ms, 1%
main:#output_0 = @param:main:#output_0 -> int64_type, {1}, {1}, target_id=0: 0.0010102ms, 1%
@324 = reshape_lazy[dims={1}](@322) -> int64_type, {1}, {1}, target_id=0: 0.00126744ms, 1%
@325 = gpu::code_object[code_object=3680,symbol_name=convert_convert_kernel,global=1,local=1024,](@324,main:#output_0) -> int64_type, {1}, {1}, target_id=0: 0.0133465ms, 1%
@326 = load[offset=2016,end=4018](@1) -> half_type, {1, 1001}, {1001, 1}, target_id=0: 0.00082356ms, 1%
@327 = gpu::code_object[code_object=4728,symbol_name=softmax_kernel,global=256,local=256,](@320,@326) -> half_type, {1, 1001}, {1001, 1}, target_id=0: 0.0167134ms, 1%
main:#output_1 = @param:main:#output_1 -> float_type, {1, 1001}, {1001, 1}, target_id=0: 0.0005696ms, 1%
@329 = gpu::code_object[code_object=3504,symbol_name=convert_kernel,global=1001,local=1024,](@327,main:#output_1) -> float_type, {1, 1001}, {1001, 1}, target_id=0: 0.0123931ms, 1%
@330 = @return(@325,@329), target_id=0
Summary:
gpu::convolution: 0.913344ms / 17 = 0.0537261ms, 35%
gpu::code_object::mlir_convolution_add_relu: 0.669159ms / 21 = 0.0318647ms, 26%
gpu::code_object::add_relu_kernel: 0.279285ms / 16 = 0.0174553ms, 11%
gpu::code_object::mlir_convolution_add_add_relu: 0.263068ms / 11 = 0.0239153ms, 10%
hip::hip_copy_literal: 0.0733788ms / 100 = 0.000733788ms, 3%
gpu::code_object::concat_kernel: 0.0722373ms / 4 = 0.0180593ms, 3%
load: 0.0660038ms / 93 = 0.000709718ms, 3%
gpu::pooling: 0.0616841ms / 1 = 0.0616841ms, 3%
gpu::gemm: 0.0613279ms / 1 = 0.0613279ms, 3%
broadcast: 0.0455435ms / 49 = 0.000929458ms, 2%
gpu::code_object::convert_kernel: 0.0317778ms / 2 = 0.0158889ms, 2%
gpu::argmax: 0.0239064ms / 1 = 0.0239064ms, 1%
gpu::code_object::pad_kernel: 0.0219671ms / 1 = 0.0219671ms, 1%
gpu::code_object::add_add_relu_reduce_mean_kernel: 0.017846ms / 1 = 0.017846ms, 1%
gpu::code_object::softmax_kernel: 0.0167134ms / 1 = 0.0167134ms, 1%
gpu::code_object::convert_convert_kernel: 0.0133465ms / 1 = 0.0133465ms, 1%
step: 0.00355228ms / 3 = 0.00118409ms, 1%
@param: 0.00197752ms / 3 = 0.000659173ms, 1%
squeeze: 0.00141628ms / 1 = 0.00141628ms, 1%
reshape_lazy: 0.00126744ms / 1 = 0.00126744ms, 1%
check_context::migraphx::gpu::context: 0.00110838ms / 1 = 0.00110838ms, 1%
hip::hip_allocate_memory: 0.00101446ms / 1 = 0.00101446ms, 1%

Batch size: 1
Rate: 966.682 inferences/sec
Total time: 1.03447ms
Total instructions time: 2.64093ms
Overhead time: 0.0702893ms, -1.60646ms
Overhead: 7%, -155%
