Compiling ... 
Reading: /new-saved-models/dlrm/pt_dlrm_criteoterabyte_13_26_20k_1.1_M2.4/float/pt_dlrm_fp32_onnx/pt_dlrm_fp32.onnx
module: "main"
main:@0 = check_context::migraphx::gpu::context  -> float_type, {}, {}
main:@1 = hip::hip_allocate_memory[shape=int8_type, {4325376000}, {1},id=main:scratch] -> int8_type, {4325376000}, {1}
main:@2 = load[offset=0,end=15974400](main:@1) -> float_type, {307200, 13}, {13, 1}
input = @param:input -> float_type, {307200, 13}, {13, 1}
main:@4 = hip::copy_to_gpu(input,main:@2) -> float_type, {307200, 13}, {13, 1}
main:@5 = hip::hip_copy_literal[id=main:@literal:0] -> float_type, {13, 512}, {512, 1}
main:@6 = load[offset=1415577600,end=2044723200](main:@1) -> float_type, {307200, 512}, {512, 1}
main:@7 = gpu::gemm[alpha=1,beta=0,int8_x4_format=0,compute_fp32=1,trans_batch=0](main:@4,main:@5,main:@6) -> float_type, {307200, 512}, {512, 1}
main:@8 = hip::hip_copy_literal[id=main:@literal:1] -> float_type, {512, 256}, {256, 1}
main:@9 = hip::hip_copy_literal[id=main:@literal:14] -> float_type, {512}, {1}
main:@10 = load[offset=786432000,end=1415577600](main:@1) -> float_type, {307200, 512}, {512, 1}
main:@11 = multibroadcast[out_lens={307200, 512},out_dyn_dims={}](main:@9) -> float_type, {307200, 512}, {0, 1}
main:@12 = gpu::code_object[code_object=13632,symbol_name=add_relu_kernel,global=19660800,local=1024,](main:@7,main:@11,main:@10) -> float_type, {307200, 512}, {512, 1}
main:@13 = load[offset=471859200,end=786432000](main:@1) -> float_type, {307200, 256}, {256, 1}
main:@14 = gpu::gemm[alpha=1,beta=0,int8_x4_format=0,compute_fp32=1,trans_batch=0](main:@12,main:@8,main:@13) -> float_type, {307200, 256}, {256, 1}
main:@15 = hip::hip_copy_literal[id=main:@literal:13] -> float_type, {256}, {1}
main:@16 = hip::hip_copy_literal[id=main:@literal:3] -> float_type, {256, 64}, {64, 1}
main:@17 = load[offset=157286400,end=471859200](main:@1) -> float_type, {307200, 256}, {256, 1}
main:@18 = multibroadcast[out_lens={307200, 256},out_dyn_dims={}](main:@15) -> float_type, {307200, 256}, {0, 1}
main:@19 = gpu::code_object[code_object=13632,symbol_name=add_relu_kernel,global=9830400,local=1024,](main:@14,main:@18,main:@17) -> float_type, {307200, 256}, {256, 1}
main:@20 = load[offset=78643200,end=157286400](main:@1) -> float_type, {307200, 64}, {64, 1}
main:@21 = gpu::gemm[alpha=1,beta=0,int8_x4_format=0,compute_fp32=1,trans_batch=0](main:@19,main:@16,main:@20) -> float_type, {307200, 64}, {64, 1}
main:@22 = load[offset=157286400,end=221184000](main:@1) -> int64_type, {26, 307200}, {307200, 1}
lS_i = @param:lS_i -> int64_type, {26, 307200}, {307200, 1}
main:@24 = hip::copy_to_gpu(lS_i,main:@22) -> int64_type, {26, 307200}, {307200, 1}
main:@25 = hip::hip_copy_literal[id=main:@literal:15] -> float_type, {36, 64}, {64, 1}
main:@26 = hip::hip_copy_literal[id=main:@literal:4] -> float_type, {415, 512}, {512, 1}
main:@27 = hip::hip_copy_literal[id=main:@literal:17] -> float_type, {12420, 64}, {64, 1}
main:@28 = hip::hip_copy_literal[id=main:@literal:18] -> float_type, {415421, 64}, {64, 1}
main:@29 = hip::hip_copy_literal[id=main:@literal:19] -> float_type, {9946608, 64}, {64, 1}
main:@30 = hip::hip_copy_literal[id=main:@literal:20] -> float_type, {7267859, 64}, {64, 1}
main:@31 = hip::hip_copy_literal[id=main:@literal:21] -> float_type, {9994222, 64}, {64, 1}
main:@32 = hip::hip_copy_literal[id=main:@literal:22] -> float_type, {14, 64}, {64, 1}
main:@33 = hip::hip_copy_literal[id=main:@literal:23] -> float_type, {970, 64}, {64, 1}
main:@34 = hip::hip_copy_literal[id=main:@literal:24] -> float_type, {4, 64}, {64, 1}
main:@35 = hip::hip_copy_literal[id=main:@literal:25] -> float_type, {122, 64}, {64, 1}
main:@36 = hip::hip_copy_literal[id=main:@literal:12] -> float_type, {64}, {1}
main:@37 = hip::hip_copy_literal[id=main:@literal:16] -> float_type, {101, 64}, {64, 1}
main:@38 = hip::hip_copy_literal[id=main:@literal:9] -> float_type, {256}, {1}
main:@39 = hip::hip_copy_literal[id=main:@literal:10] -> float_type, {512}, {1}
main:@40 = hip::hip_copy_literal[id=main:@literal:11] -> float_type, {512}, {1}
main:@41 = hip::hip_copy_literal[id=main:@literal:8] -> float_type, {1}, {1}
main:@42 = hip::hip_copy_literal[id=main:@literal:26] -> float_type, {11156, 64}, {64, 1}
main:@43 = hip::hip_copy_literal[id=main:@literal:27] -> float_type, {2208, 64}, {64, 1}
main:@44 = hip::hip_copy_literal[id=main:@literal:28] -> float_type, {10, 64}, {64, 1}
main:@45 = hip::hip_copy_literal[id=main:@literal:6] -> float_type, {256, 1}, {1, 1}
main:@46 = hip::hip_copy_literal[id=main:@literal:5] -> float_type, {512, 512}, {512, 1}
main:@47 = hip::hip_copy_literal[id=main:@literal:2] -> float_type, {512, 256}, {256, 1}
main:@48 = hip::hip_copy_literal[id=main:@literal:7] -> float_type, {351}, {1}
main:@49 = hip::hip_copy_literal[id=main:@literal:29] -> float_type, {313829, 64}, {64, 1}
main:@50 = hip::hip_copy_literal[id=main:@literal:30] -> float_type, {1333352, 64}, {64, 1}
main:@51 = hip::hip_copy_literal[id=main:@literal:31] -> float_type, {9758201, 64}, {64, 1}
main:@52 = hip::hip_copy_literal[id=main:@literal:32] -> float_type, {61, 64}, {64, 1}
main:@53 = hip::hip_copy_literal[id=main:@literal:33] -> float_type, {1442, 64}, {64, 1}
main:@54 = hip::hip_copy_literal[id=main:@literal:34] -> float_type, {7112, 64}, {64, 1}
main:@55 = hip::hip_copy_literal[id=main:@literal:35] -> float_type, {3, 64}, {64, 1}
main:@56 = hip::hip_copy_literal[id=main:@literal:36] -> float_type, {20134, 64}, {64, 1}
main:@57 = hip::hip_copy_literal[id=main:@literal:37] -> float_type, {7378, 64}, {64, 1}
main:@58 = hip::hip_copy_literal[id=main:@literal:38] -> float_type, {17217, 64}, {64, 1}
main:@59 = hip::hip_copy_literal[id=main:@literal:39] -> float_type, {36084, 64}, {64, 1}
main:@60 = hip::hip_copy_literal[id=main:@literal:40] -> float_type, {9980333, 64}, {64, 1}
main:@61 = load[offset=0,end=31948800](main:@1) -> float_type, {26, 307200}, {307200, 1}
main:@62 = gpu::code_object[code_object=13632,symbol_name=convert_kernel,global=1996800,local=1024,](main:@24,main:@61) -> float_type, {26, 307200}, {307200, 1}
main:@63 = load[offset=2123366400,end=2202009600](main:@1) -> float_type, {307200, 64}, {64, 1}
main:@64 = slice[axes={0},starts={25},ends={26}](main:@62) -> float_type, {1, 307200}, {307200, 1}
main:@65 = squeeze[axes={0}](main:@64) -> float_type, {307200}, {1}
main:@66 = gpu::code_object[code_object=13632,symbol_name=gather_kernel,global=307200,local=1024,](main:@25,main:@65,main:@63) -> float_type, {307200, 64}, {64, 1}
main:@67 = load[offset=2044723200,end=2123366400](main:@1) -> float_type, {307200, 64}, {64, 1}
main:@68 = slice[axes={0},starts={24},ends={25}](main:@62) -> float_type, {1, 307200}, {307200, 1}
main:@69 = squeeze[axes={0}](main:@68) -> float_type, {307200}, {1}
main:@70 = gpu::code_object[code_object=13632,symbol_name=gather_kernel,global=307200,local=1024,](main:@37,main:@69,main:@67) -> float_type, {307200, 64}, {64, 1}
main:@71 = load[offset=1966080000,end=2044723200](main:@1) -> float_type, {307200, 64}, {64, 1}
main:@72 = slice[axes={0},starts={23},ends={24}](main:@62) -> float_type, {1, 307200}, {307200, 1}
main:@73 = squeeze[axes={0}](main:@72) -> float_type, {307200}, {1}
main:@74 = gpu::code_object[code_object=13632,symbol_name=gather_kernel,global=307200,local=1024,](main:@27,main:@73,main:@71) -> float_type, {307200, 64}, {64, 1}
main:@75 = load[offset=1887436800,end=1966080000](main:@1) -> float_type, {307200, 64}, {64, 1}
main:@76 = slice[axes={0},starts={22},ends={23}](main:@62) -> float_type, {1, 307200}, {307200, 1}
main:@77 = squeeze[axes={0}](main:@76) -> float_type, {307200}, {1}
main:@78 = gpu::code_object[code_object=13632,symbol_name=gather_kernel,global=307200,local=1024,](main:@28,main:@77,main:@75) -> float_type, {307200, 64}, {64, 1}
main:@79 = load[offset=1808793600,end=1887436800](main:@1) -> float_type, {307200, 64}, {64, 1}
main:@80 = slice[axes={0},starts={21},ends={22}](main:@62) -> float_type, {1, 307200}, {307200, 1}
main:@81 = squeeze[axes={0}](main:@80) -> float_type, {307200}, {1}
main:@82 = gpu::code_object[code_object=13632,symbol_name=gather_kernel,global=307200,local=1024,](main:@29,main:@81,main:@79) -> float_type, {307200, 64}, {64, 1}
main:@83 = load[offset=1730150400,end=1808793600](main:@1) -> float_type, {307200, 64}, {64, 1}
main:@84 = slice[axes={0},starts={20},ends={21}](main:@62) -> float_type, {1, 307200}, {307200, 1}
main:@85 = squeeze[axes={0}](main:@84) -> float_type, {307200}, {1}
main:@86 = gpu::code_object[code_object=13632,symbol_name=gather_kernel,global=307200,local=1024,](main:@30,main:@85,main:@83) -> float_type, {307200, 64}, {64, 1}
main:@87 = load[offset=1651507200,end=1730150400](main:@1) -> float_type, {307200, 64}, {64, 1}
main:@88 = slice[axes={0},starts={19},ends={20}](main:@62) -> float_type, {1, 307200}, {307200, 1}
main:@89 = squeeze[axes={0}](main:@88) -> float_type, {307200}, {1}
main:@90 = gpu::code_object[code_object=13632,symbol_name=gather_kernel,global=307200,local=1024,](main:@31,main:@89,main:@87) -> float_type, {307200, 64}, {64, 1}
main:@91 = load[offset=1572864000,end=1651507200](main:@1) -> float_type, {307200, 64}, {64, 1}
main:@92 = slice[axes={0},starts={18},ends={19}](main:@62) -> float_type, {1, 307200}, {307200, 1}
main:@93 = squeeze[axes={0}](main:@92) -> float_type, {307200}, {1}
main:@94 = gpu::code_object[code_object=13632,symbol_name=gather_kernel,global=307200,local=1024,](main:@32,main:@93,main:@91) -> float_type, {307200, 64}, {64, 1}
main:@95 = slice[axes={0},starts={17},ends={18}](main:@62) -> float_type, {1, 307200}, {307200, 1}
main:@96 = squeeze[axes={0}](main:@95) -> float_type, {307200}, {1}
main:@97 = load[offset=1494220800,end=1572864000](main:@1) -> float_type, {307200, 64}, {64, 1}
main:@98 = gpu::code_object[code_object=13632,symbol_name=gather_kernel,global=307200,local=1024,](main:@33,main:@96,main:@97) -> float_type, {307200, 64}, {64, 1}
main:@99 = slice[axes={0},starts={16},ends={17}](main:@62) -> float_type, {1, 307200}, {307200, 1}
main:@100 = squeeze[axes={0}](main:@99) -> float_type, {307200}, {1}
main:@101 = load[offset=1415577600,end=1494220800](main:@1) -> float_type, {307200, 64}, {64, 1}
main:@102 = gpu::code_object[code_object=13632,symbol_name=gather_kernel,global=307200,local=1024,](main:@34,main:@100,main:@101) -> float_type, {307200, 64}, {64, 1}
main:@103 = slice[axes={0},starts={15},ends={16}](main:@62) -> float_type, {1, 307200}, {307200, 1}
main:@104 = squeeze[axes={0}](main:@103) -> float_type, {307200}, {1}
main:@105 = load[offset=1336934400,end=1415577600](main:@1) -> float_type, {307200, 64}, {64, 1}
main:@106 = gpu::code_object[code_object=13632,symbol_name=gather_kernel,global=307200,local=1024,](main:@35,main:@104,main:@105) -> float_type, {307200, 64}, {64, 1}
main:@107 = slice[axes={0},starts={14},ends={15}](main:@62) -> float_type, {1, 307200}, {307200, 1}
main:@108 = squeeze[axes={0}](main:@107) -> float_type, {307200}, {1}
main:@109 = load[offset=1258291200,end=1336934400](main:@1) -> float_type, {307200, 64}, {64, 1}
main:@110 = gpu::code_object[code_object=13632,symbol_name=gather_kernel,global=307200,local=1024,](main:@42,main:@108,main:@109) -> float_type, {307200, 64}, {64, 1}
main:@111 = load[offset=1179648000,end=1258291200](main:@1) -> float_type, {307200, 64}, {64, 1}
main:@112 = slice[axes={0},starts={13},ends={14}](main:@62) -> float_type, {1, 307200}, {307200, 1}
main:@113 = squeeze[axes={0}](main:@112) -> float_type, {307200}, {1}
main:@114 = gpu::code_object[code_object=13632,symbol_name=gather_kernel,global=307200,local=1024,](main:@43,main:@113,main:@111) -> float_type, {307200, 64}, {64, 1}
main:@115 = load[offset=1101004800,end=1179648000](main:@1) -> float_type, {307200, 64}, {64, 1}
main:@116 = slice[axes={0},starts={12},ends={13}](main:@62) -> float_type, {1, 307200}, {307200, 1}
main:@117 = squeeze[axes={0}](main:@116) -> float_type, {307200}, {1}
main:@118 = gpu::code_object[code_object=13632,symbol_name=gather_kernel,global=307200,local=1024,](main:@44,main:@117,main:@115) -> float_type, {307200, 64}, {64, 1}
main:@119 = load[offset=1022361600,end=1101004800](main:@1) -> float_type, {307200, 64}, {64, 1}
main:@120 = slice[axes={0},starts={11},ends={12}](main:@62) -> float_type, {1, 307200}, {307200, 1}
main:@121 = squeeze[axes={0}](main:@120) -> float_type, {307200}, {1}
main:@122 = gpu::code_object[code_object=13632,symbol_name=gather_kernel,global=307200,local=1024,](main:@49,main:@121,main:@119) -> float_type, {307200, 64}, {64, 1}
main:@123 = slice[axes={0},starts={10},ends={11}](main:@62) -> float_type, {1, 307200}, {307200, 1}
main:@124 = squeeze[axes={0}](main:@123) -> float_type, {307200}, {1}
main:@125 = load[offset=943718400,end=1022361600](main:@1) -> float_type, {307200, 64}, {64, 1}
main:@126 = gpu::code_object[code_object=13632,symbol_name=gather_kernel,global=307200,local=1024,](main:@50,main:@124,main:@125) -> float_type, {307200, 64}, {64, 1}
main:@127 = slice[axes={0},starts={9},ends={10}](main:@62) -> float_type, {1, 307200}, {307200, 1}
main:@128 = squeeze[axes={0}](main:@127) -> float_type, {307200}, {1}
main:@129 = load[offset=865075200,end=943718400](main:@1) -> float_type, {307200, 64}, {64, 1}
main:@130 = gpu::code_object[code_object=13632,symbol_name=gather_kernel,global=307200,local=1024,](main:@51,main:@128,main:@129) -> float_type, {307200, 64}, {64, 1}
main:@131 = slice[axes={0},starts={8},ends={9}](main:@62) -> float_type, {1, 307200}, {307200, 1}
main:@132 = squeeze[axes={0}](main:@131) -> float_type, {307200}, {1}
main:@133 = load[offset=786432000,end=865075200](main:@1) -> float_type, {307200, 64}, {64, 1}
main:@134 = gpu::code_object[code_object=13632,symbol_name=gather_kernel,global=307200,local=1024,](main:@52,main:@132,main:@133) -> float_type, {307200, 64}, {64, 1}
main:@135 = slice[axes={0},starts={7},ends={8}](main:@62) -> float_type, {1, 307200}, {307200, 1}
main:@136 = squeeze[axes={0}](main:@135) -> float_type, {307200}, {1}
main:@137 = load[offset=707788800,end=786432000](main:@1) -> float_type, {307200, 64}, {64, 1}
main:@138 = gpu::code_object[code_object=13632,symbol_name=gather_kernel,global=307200,local=1024,](main:@53,main:@136,main:@137) -> float_type, {307200, 64}, {64, 1}
main:@139 = load[offset=629145600,end=707788800](main:@1) -> float_type, {307200, 64}, {64, 1}
main:@140 = slice[axes={0},starts={6},ends={7}](main:@62) -> float_type, {1, 307200}, {307200, 1}
main:@141 = squeeze[axes={0}](main:@140) -> float_type, {307200}, {1}
main:@142 = gpu::code_object[code_object=13632,symbol_name=gather_kernel,global=307200,local=1024,](main:@54,main:@141,main:@139) -> float_type, {307200, 64}, {64, 1}
main:@143 = slice[axes={0},starts={5},ends={6}](main:@62) -> float_type, {1, 307200}, {307200, 1}
main:@144 = squeeze[axes={0}](main:@143) -> float_type, {307200}, {1}
main:@145 = load[offset=550502400,end=629145600](main:@1) -> float_type, {307200, 64}, {64, 1}
main:@146 = gpu::code_object[code_object=13632,symbol_name=gather_kernel,global=307200,local=1024,](main:@55,main:@144,main:@145) -> float_type, {307200, 64}, {64, 1}
main:@147 = slice[axes={0},starts={4},ends={5}](main:@62) -> float_type, {1, 307200}, {307200, 1}
main:@148 = squeeze[axes={0}](main:@147) -> float_type, {307200}, {1}
main:@149 = load[offset=471859200,end=550502400](main:@1) -> float_type, {307200, 64}, {64, 1}
main:@150 = gpu::code_object[code_object=13632,symbol_name=gather_kernel,global=307200,local=1024,](main:@56,main:@148,main:@149) -> float_type, {307200, 64}, {64, 1}
main:@151 = load[offset=393216000,end=471859200](main:@1) -> float_type, {307200, 64}, {64, 1}
main:@152 = slice[axes={0},starts={3},ends={4}](main:@62) -> float_type, {1, 307200}, {307200, 1}
main:@153 = squeeze[axes={0}](main:@152) -> float_type, {307200}, {1}
main:@154 = gpu::code_object[code_object=13632,symbol_name=gather_kernel,global=307200,local=1024,](main:@57,main:@153,main:@151) -> float_type, {307200, 64}, {64, 1}
main:@155 = load[offset=314572800,end=393216000](main:@1) -> float_type, {307200, 64}, {64, 1}
main:@156 = slice[axes={0},starts={2},ends={3}](main:@62) -> float_type, {1, 307200}, {307200, 1}
main:@157 = squeeze[axes={0}](main:@156) -> float_type, {307200}, {1}
main:@158 = gpu::code_object[code_object=13632,symbol_name=gather_kernel,global=307200,local=1024,](main:@58,main:@157,main:@155) -> float_type, {307200, 64}, {64, 1}
main:@159 = load[offset=235929600,end=314572800](main:@1) -> float_type, {307200, 64}, {64, 1}
main:@160 = slice[axes={0},starts={1},ends={2}](main:@62) -> float_type, {1, 307200}, {307200, 1}
main:@161 = squeeze[axes={0}](main:@160) -> float_type, {307200}, {1}
main:@162 = gpu::code_object[code_object=13632,symbol_name=gather_kernel,global=307200,local=1024,](main:@59,main:@161,main:@159) -> float_type, {307200, 64}, {64, 1}
main:@163 = load[offset=157286400,end=235929600](main:@1) -> float_type, {307200, 64}, {64, 1}
main:@164 = slice[axes={0},starts={0},ends={1}](main:@62) -> float_type, {1, 307200}, {307200, 1}
main:@165 = squeeze[axes={0}](main:@164) -> float_type, {307200}, {1}
main:@166 = gpu::code_object[code_object=13632,symbol_name=gather_kernel,global=307200,local=1024,](main:@60,main:@165,main:@163) -> float_type, {307200, 64}, {64, 1}
main:@167 = load[offset=0,end=78643200](main:@1) -> float_type, {307200, 64}, {64, 1}
main:@168 = multibroadcast[out_lens={307200, 64},out_dyn_dims={}](main:@36) -> float_type, {307200, 64}, {0, 1}
main:@169 = gpu::code_object[code_object=13632,symbol_name=add_relu_kernel,global=2457600,local=1024,](main:@21,main:@168,main:@167) -> float_type, {307200, 64}, {64, 1}
main:@170 = load[offset=2202009600,end=4325376000](main:@1) -> float_type, {307200, 1728}, {1728, 1}
main:@171 = gpu::code_object[code_object=13632,symbol_name=concat_kernel,global=19660800,local=1024,](main:@169,main:@166,main:@162,main:@158,main:@154,main:@150,main:@146,main:@142,main:@138,main:@134,main:@130,main:@126,main:@122,main:@118,main:@114,main:@110,main:@106,main:@102,main:@98,main:@94,main:@90,main:@86,main:@82,main:@78,main:@74,main:@70,main:@66,main:@170) -> float_type, {307200, 1728}, {1728, 1}
main:@172 = load[offset=78643200,end=974438400](main:@1) -> float_type, {307200, 27, 27}, {729, 27, 1}
main:@173 = reshape[dims={307200, -1, 64}](main:@171) -> float_type, {307200, 27, 64}, {1728, 64, 1}
main:@174 = transpose[permutation={0, 2, 1}](main:@173) -> float_type, {307200, 64, 27}, {1728, 1, 64}
main:@175 = gpu::gemm[alpha=1,beta=0,int8_x4_format=0,compute_fp32=1,trans_batch=0](main:@173,main:@174,main:@172) -> float_type, {307200, 27, 27}, {729, 27, 1}
main:@176 = load[offset=974438400,end=1405747200](main:@1) -> float_type, {307200, 351}, {351, 1}
main:@177 = reshape[dims={307200, 729}](main:@175) -> float_type, {307200, 729}, {729, 1}
main:@178 = gpu::code_object[code_object=13632,symbol_name=gather_kernel,global=307200,local=1024,](main:@177,main:@48,main:@176) -> float_type, {307200, 351}, {351, 1}
main:@179 = load[offset=78643200,end=588595200](main:@1) -> float_type, {307200, 415}, {415, 1}
main:@180 = gpu::code_object[code_object=13632,symbol_name=concat_kernel,global=63744000,local=1024,](main:@169,main:@178,main:@179) -> float_type, {307200, 415}, {415, 1}
main:@181 = load[offset=588595200,end=1217740800](main:@1) -> float_type, {307200, 512}, {512, 1}
main:@182 = gpu::gemm[alpha=1,beta=0,int8_x4_format=0,compute_fp32=1,trans_batch=0](main:@180,main:@26,main:@181) -> float_type, {307200, 512}, {512, 1}
main:@183 = load[offset=1217740800,end=1846886400](main:@1) -> float_type, {307200, 512}, {512, 1}
main:@184 = multibroadcast[out_lens={307200, 512},out_dyn_dims={}](main:@40) -> float_type, {307200, 512}, {0, 1}
main:@185 = gpu::code_object[code_object=13632,symbol_name=add_relu_kernel,global=19660800,local=1024,](main:@182,main:@184,main:@183) -> float_type, {307200, 512}, {512, 1}
main:@186 = load[offset=1846886400,end=2476032000](main:@1) -> float_type, {307200, 512}, {512, 1}
main:@187 = gpu::gemm[alpha=1,beta=0,int8_x4_format=0,compute_fp32=1,trans_batch=0](main:@185,main:@46,main:@186) -> float_type, {307200, 512}, {512, 1}
main:@188 = load[offset=0,end=629145600](main:@1) -> float_type, {307200, 512}, {512, 1}
main:@189 = multibroadcast[out_lens={307200, 512},out_dyn_dims={}](main:@39) -> float_type, {307200, 512}, {0, 1}
main:@190 = gpu::code_object[code_object=13632,symbol_name=add_relu_kernel,global=19660800,local=1024,](main:@187,main:@189,main:@188) -> float_type, {307200, 512}, {512, 1}
main:@191 = load[offset=629145600,end=943718400](main:@1) -> float_type, {307200, 256}, {256, 1}
main:@192 = gpu::gemm[alpha=1,beta=0,int8_x4_format=0,compute_fp32=1,trans_batch=0](main:@190,main:@47,main:@191) -> float_type, {307200, 256}, {256, 1}
main:@193 = load[offset=1228800,end=315801600](main:@1) -> float_type, {307200, 256}, {256, 1}
main:@194 = multibroadcast[out_lens={307200, 256},out_dyn_dims={}](main:@38) -> float_type, {307200, 256}, {0, 1}
main:@195 = gpu::code_object[code_object=13632,symbol_name=add_relu_kernel,global=9830400,local=1024,](main:@192,main:@194,main:@193) -> float_type, {307200, 256}, {256, 1}
main:@196 = load[offset=315801600,end=317030400](main:@1) -> float_type, {307200, 1}, {1, 1}
main:@197 = gpu::gemm[alpha=1,beta=0,int8_x4_format=0,compute_fp32=1,trans_batch=0](main:@195,main:@45,main:@196) -> float_type, {307200, 1}, {1, 1}
main:@198 = load[offset=0,end=1228800](main:@1) -> float_type, {307200, 1}, {1, 1}
main:@199 = multibroadcast[out_lens={307200, 1},out_dyn_dims={}](main:@41) -> float_type, {307200, 1}, {0, 1}
main:@200 = gpu::code_object[code_object=13640,symbol_name=add_sigmoid_kernel,global=153600,local=1024,](main:@197,main:@199,main:@198) -> float_type, {307200, 1}, {1, 1}
main:@201 = hip::copy_from_gpu(main:@200) -> float_type, {307200, 1}, {1, 1}
main:@202 = hip::sync_stream(main:@201) -> float_type, {307200, 1}, {1, 1}
main:@203 = @return(main:@202)


Allocating params ... 
Running performance report ... 
main:@0 = check_context::migraphx::gpu::context  -> float_type, {}, {}: 0.00190974ms, 1%
main:@1 = hip::hip_allocate_memory[shape=int8_type, {4325376000}, {1},id=main:scratch] -> int8_type, {4325376000}, {1}: 0.00134394ms, 1%
main:@2 = load[offset=0,end=15974400](main:@1) -> float_type, {307200, 13}, {13, 1}: 0.00142864ms, 1%
input = @param:input -> float_type, {307200, 13}, {13, 1}: 0.0009043ms, 1%
main:@4 = hip::copy_to_gpu(input,main:@2) -> float_type, {307200, 13}, {13, 1}: 1.53917ms, 4%
main:@5 = hip::hip_copy_literal[id=main:@literal:0] -> float_type, {13, 512}, {512, 1}: 0.00150624ms, 1%
main:@6 = load[offset=1415577600,end=2044723200](main:@1) -> float_type, {307200, 512}, {512, 1}: 0.00093724ms, 1%
main:@7 = gpu::gemm[alpha=1,beta=0,int8_x4_format=0,compute_fp32=1,trans_batch=0](main:@4,main:@5,main:@6) -> float_type, {307200, 512}, {512, 1}: 0.818464ms, 2%
main:@8 = hip::hip_copy_literal[id=main:@literal:1] -> float_type, {512, 256}, {256, 1}: 0.00101842ms, 1%
main:@9 = hip::hip_copy_literal[id=main:@literal:14] -> float_type, {512}, {1}: 0.00082314ms, 1%
main:@10 = load[offset=786432000,end=1415577600](main:@1) -> float_type, {307200, 512}, {512, 1}: 0.00071788ms, 1%
main:@11 = multibroadcast[out_lens={307200, 512},out_dyn_dims={}](main:@9) -> float_type, {307200, 512}, {0, 1}: 0.0018173ms, 1%
main:@12 = gpu::code_object[code_object=13632,symbol_name=add_relu_kernel,global=19660800,local=1024,](main:@7,main:@11,main:@10) -> float_type, {307200, 512}, {512, 1}: 1.29631ms, 3%
main:@13 = load[offset=471859200,end=786432000](main:@1) -> float_type, {307200, 256}, {256, 1}: 0.00075664ms, 1%
main:@14 = gpu::gemm[alpha=1,beta=0,int8_x4_format=0,compute_fp32=1,trans_batch=0](main:@12,main:@8,main:@13) -> float_type, {307200, 256}, {256, 1}: 2.7413ms, 6%
main:@15 = hip::hip_copy_literal[id=main:@literal:13] -> float_type, {256}, {1}: 0.00095352ms, 1%
main:@16 = hip::hip_copy_literal[id=main:@literal:3] -> float_type, {256, 64}, {64, 1}: 0.0006062ms, 1%
main:@17 = load[offset=157286400,end=471859200](main:@1) -> float_type, {307200, 256}, {256, 1}: 0.00064436ms, 1%
main:@18 = multibroadcast[out_lens={307200, 256},out_dyn_dims={}](main:@15) -> float_type, {307200, 256}, {0, 1}: 0.00107834ms, 1%
main:@19 = gpu::code_object[code_object=13632,symbol_name=add_relu_kernel,global=9830400,local=1024,](main:@14,main:@18,main:@17) -> float_type, {307200, 256}, {256, 1}: 0.658849ms, 2%
main:@20 = load[offset=78643200,end=157286400](main:@1) -> float_type, {307200, 64}, {64, 1}: 0.00075882ms, 1%
main:@21 = gpu::gemm[alpha=1,beta=0,int8_x4_format=0,compute_fp32=1,trans_batch=0](main:@19,main:@16,main:@20) -> float_type, {307200, 64}, {64, 1}: 0.470055ms, 1%
main:@22 = load[offset=157286400,end=221184000](main:@1) -> int64_type, {26, 307200}, {307200, 1}: 0.00078612ms, 1%
lS_i = @param:lS_i -> int64_type, {26, 307200}, {307200, 1}: 0.00083726ms, 1%
main:@24 = hip::copy_to_gpu(lS_i,main:@22) -> int64_type, {26, 307200}, {307200, 1}: 6.40581ms, 14%
main:@25 = hip::hip_copy_literal[id=main:@literal:15] -> float_type, {36, 64}, {64, 1}: 0.00157358ms, 1%
main:@26 = hip::hip_copy_literal[id=main:@literal:4] -> float_type, {415, 512}, {512, 1}: 0.00069914ms, 1%
main:@27 = hip::hip_copy_literal[id=main:@literal:17] -> float_type, {12420, 64}, {64, 1}: 0.00093848ms, 1%
main:@28 = hip::hip_copy_literal[id=main:@literal:18] -> float_type, {415421, 64}, {64, 1}: 0.00068022ms, 1%
main:@29 = hip::hip_copy_literal[id=main:@literal:19] -> float_type, {9946608, 64}, {64, 1}: 0.00082556ms, 1%
main:@30 = hip::hip_copy_literal[id=main:@literal:20] -> float_type, {7267859, 64}, {64, 1}: 0.00062304ms, 1%
main:@31 = hip::hip_copy_literal[id=main:@literal:21] -> float_type, {9994222, 64}, {64, 1}: 0.00079358ms, 1%
main:@32 = hip::hip_copy_literal[id=main:@literal:22] -> float_type, {14, 64}, {64, 1}: 0.00066394ms, 1%
main:@33 = hip::hip_copy_literal[id=main:@literal:23] -> float_type, {970, 64}, {64, 1}: 0.0007585ms, 1%
main:@34 = hip::hip_copy_literal[id=main:@literal:24] -> float_type, {4, 64}, {64, 1}: 0.00058514ms, 1%
main:@35 = hip::hip_copy_literal[id=main:@literal:25] -> float_type, {122, 64}, {64, 1}: 0.00072082ms, 1%
main:@36 = hip::hip_copy_literal[id=main:@literal:12] -> float_type, {64}, {1}: 0.00056452ms, 1%
main:@37 = hip::hip_copy_literal[id=main:@literal:16] -> float_type, {101, 64}, {64, 1}: 0.00064534ms, 1%
main:@38 = hip::hip_copy_literal[id=main:@literal:9] -> float_type, {256}, {1}: 0.00059098ms, 1%
main:@39 = hip::hip_copy_literal[id=main:@literal:10] -> float_type, {512}, {1}: 0.00060048ms, 1%
main:@40 = hip::hip_copy_literal[id=main:@literal:11] -> float_type, {512}, {1}: 0.00067758ms, 1%
main:@41 = hip::hip_copy_literal[id=main:@literal:8] -> float_type, {1}, {1}: 0.00056236ms, 1%
main:@42 = hip::hip_copy_literal[id=main:@literal:26] -> float_type, {11156, 64}, {64, 1}: 0.0006407ms, 1%
main:@43 = hip::hip_copy_literal[id=main:@literal:27] -> float_type, {2208, 64}, {64, 1}: 0.00061612ms, 1%
main:@44 = hip::hip_copy_literal[id=main:@literal:28] -> float_type, {10, 64}, {64, 1}: 0.00066392ms, 1%
main:@45 = hip::hip_copy_literal[id=main:@literal:6] -> float_type, {256, 1}, {1, 1}: 0.00053696ms, 1%
main:@46 = hip::hip_copy_literal[id=main:@literal:5] -> float_type, {512, 512}, {512, 1}: 0.00053504ms, 1%
main:@47 = hip::hip_copy_literal[id=main:@literal:2] -> float_type, {512, 256}, {256, 1}: 0.00060512ms, 1%
main:@48 = hip::hip_copy_literal[id=main:@literal:7] -> float_type, {351}, {1}: 0.00064166ms, 1%
main:@49 = hip::hip_copy_literal[id=main:@literal:29] -> float_type, {313829, 64}, {64, 1}: 0.00077648ms, 1%
main:@50 = hip::hip_copy_literal[id=main:@literal:30] -> float_type, {1333352, 64}, {64, 1}: 0.00065632ms, 1%
main:@51 = hip::hip_copy_literal[id=main:@literal:31] -> float_type, {9758201, 64}, {64, 1}: 0.00064716ms, 1%
main:@52 = hip::hip_copy_literal[id=main:@literal:32] -> float_type, {61, 64}, {64, 1}: 0.00064252ms, 1%
main:@53 = hip::hip_copy_literal[id=main:@literal:33] -> float_type, {1442, 64}, {64, 1}: 0.00057176ms, 1%
main:@54 = hip::hip_copy_literal[id=main:@literal:34] -> float_type, {7112, 64}, {64, 1}: 0.00060548ms, 1%
main:@55 = hip::hip_copy_literal[id=main:@literal:35] -> float_type, {3, 64}, {64, 1}: 0.00059622ms, 1%
main:@56 = hip::hip_copy_literal[id=main:@literal:36] -> float_type, {20134, 64}, {64, 1}: 0.0005515ms, 1%
main:@57 = hip::hip_copy_literal[id=main:@literal:37] -> float_type, {7378, 64}, {64, 1}: 0.0006011ms, 1%
main:@58 = hip::hip_copy_literal[id=main:@literal:38] -> float_type, {17217, 64}, {64, 1}: 0.0005699ms, 1%
main:@59 = hip::hip_copy_literal[id=main:@literal:39] -> float_type, {36084, 64}, {64, 1}: 0.0005776ms, 1%
main:@60 = hip::hip_copy_literal[id=main:@literal:40] -> float_type, {9980333, 64}, {64, 1}: 0.00056248ms, 1%
main:@61 = load[offset=0,end=31948800](main:@1) -> float_type, {26, 307200}, {307200, 1}: 0.00098154ms, 1%
main:@62 = gpu::code_object[code_object=13632,symbol_name=convert_kernel,global=1996800,local=1024,](main:@24,main:@61) -> float_type, {26, 307200}, {307200, 1}: 0.120134ms, 1%
main:@63 = load[offset=2123366400,end=2202009600](main:@1) -> float_type, {307200, 64}, {64, 1}: 0.00077662ms, 1%
main:@64 = slice[axes={0},starts={25},ends={26}](main:@62) -> float_type, {1, 307200}, {307200, 1}: 0.00224778ms, 1%
main:@65 = squeeze[axes={0}](main:@64) -> float_type, {307200}, {1}: 0.00187438ms, 1%
main:@66 = gpu::code_object[code_object=13632,symbol_name=gather_kernel,global=307200,local=1024,](main:@25,main:@65,main:@63) -> float_type, {307200, 64}, {64, 1}: 0.15879ms, 1%
main:@67 = load[offset=2044723200,end=2123366400](main:@1) -> float_type, {307200, 64}, {64, 1}: 0.00074836ms, 1%
main:@68 = slice[axes={0},starts={24},ends={25}](main:@62) -> float_type, {1, 307200}, {307200, 1}: 0.00122006ms, 1%
main:@69 = squeeze[axes={0}](main:@68) -> float_type, {307200}, {1}: 0.00115694ms, 1%
main:@70 = gpu::code_object[code_object=13632,symbol_name=gather_kernel,global=307200,local=1024,](main:@37,main:@69,main:@67) -> float_type, {307200, 64}, {64, 1}: 0.158369ms, 1%
main:@71 = load[offset=1966080000,end=2044723200](main:@1) -> float_type, {307200, 64}, {64, 1}: 0.00073278ms, 1%
main:@72 = slice[axes={0},starts={23},ends={24}](main:@62) -> float_type, {1, 307200}, {307200, 1}: 0.00100344ms, 1%
main:@73 = squeeze[axes={0}](main:@72) -> float_type, {307200}, {1}: 0.00104516ms, 1%
main:@74 = gpu::code_object[code_object=13632,symbol_name=gather_kernel,global=307200,local=1024,](main:@27,main:@73,main:@71) -> float_type, {307200, 64}, {64, 1}: 0.158589ms, 1%
main:@75 = load[offset=1887436800,end=1966080000](main:@1) -> float_type, {307200, 64}, {64, 1}: 0.00075048ms, 1%
main:@76 = slice[axes={0},starts={22},ends={23}](main:@62) -> float_type, {1, 307200}, {307200, 1}: 0.00103974ms, 1%
main:@77 = squeeze[axes={0}](main:@76) -> float_type, {307200}, {1}: 0.00102702ms, 1%
main:@78 = gpu::code_object[code_object=13632,symbol_name=gather_kernel,global=307200,local=1024,](main:@28,main:@77,main:@75) -> float_type, {307200, 64}, {64, 1}: 0.157149ms, 1%
main:@79 = load[offset=1808793600,end=1887436800](main:@1) -> float_type, {307200, 64}, {64, 1}: 0.00074462ms, 1%
main:@80 = slice[axes={0},starts={21},ends={22}](main:@62) -> float_type, {1, 307200}, {307200, 1}: 0.00096172ms, 1%
main:@81 = squeeze[axes={0}](main:@80) -> float_type, {307200}, {1}: 0.00102214ms, 1%
main:@82 = gpu::code_object[code_object=13632,symbol_name=gather_kernel,global=307200,local=1024,](main:@29,main:@81,main:@79) -> float_type, {307200, 64}, {64, 1}: 0.157309ms, 1%
main:@83 = load[offset=1730150400,end=1808793600](main:@1) -> float_type, {307200, 64}, {64, 1}: 0.0007533ms, 1%
main:@84 = slice[axes={0},starts={20},ends={21}](main:@62) -> float_type, {1, 307200}, {307200, 1}: 0.00098056ms, 1%
main:@85 = squeeze[axes={0}](main:@84) -> float_type, {307200}, {1}: 0.00107978ms, 1%
main:@86 = gpu::code_object[code_object=13632,symbol_name=gather_kernel,global=307200,local=1024,](main:@30,main:@85,main:@83) -> float_type, {307200, 64}, {64, 1}: 0.157402ms, 1%
main:@87 = load[offset=1651507200,end=1730150400](main:@1) -> float_type, {307200, 64}, {64, 1}: 0.00073654ms, 1%
main:@88 = slice[axes={0},starts={19},ends={20}](main:@62) -> float_type, {1, 307200}, {307200, 1}: 0.00099556ms, 1%
main:@89 = squeeze[axes={0}](main:@88) -> float_type, {307200}, {1}: 0.00100458ms, 1%
main:@90 = gpu::code_object[code_object=13632,symbol_name=gather_kernel,global=307200,local=1024,](main:@31,main:@89,main:@87) -> float_type, {307200, 64}, {64, 1}: 0.156851ms, 1%
main:@91 = load[offset=1572864000,end=1651507200](main:@1) -> float_type, {307200, 64}, {64, 1}: 0.00075152ms, 1%
main:@92 = slice[axes={0},starts={18},ends={19}](main:@62) -> float_type, {1, 307200}, {307200, 1}: 0.00098494ms, 1%
main:@93 = squeeze[axes={0}](main:@92) -> float_type, {307200}, {1}: 0.00099686ms, 1%
main:@94 = gpu::code_object[code_object=13632,symbol_name=gather_kernel,global=307200,local=1024,](main:@32,main:@93,main:@91) -> float_type, {307200, 64}, {64, 1}: 0.157189ms, 1%
main:@95 = slice[axes={0},starts={17},ends={18}](main:@62) -> float_type, {1, 307200}, {307200, 1}: 0.0010992ms, 1%
main:@96 = squeeze[axes={0}](main:@95) -> float_type, {307200}, {1}: 0.00107816ms, 1%
main:@97 = load[offset=1494220800,end=1572864000](main:@1) -> float_type, {307200, 64}, {64, 1}: 0.00062464ms, 1%
main:@98 = gpu::code_object[code_object=13632,symbol_name=gather_kernel,global=307200,local=1024,](main:@33,main:@96,main:@97) -> float_type, {307200, 64}, {64, 1}: 0.156883ms, 1%
main:@99 = slice[axes={0},starts={16},ends={17}](main:@62) -> float_type, {1, 307200}, {307200, 1}: 0.00111438ms, 1%
main:@100 = squeeze[axes={0}](main:@99) -> float_type, {307200}, {1}: 0.00099924ms, 1%
main:@101 = load[offset=1415577600,end=1494220800](main:@1) -> float_type, {307200, 64}, {64, 1}: 0.00060344ms, 1%
main:@102 = gpu::code_object[code_object=13632,symbol_name=gather_kernel,global=307200,local=1024,](main:@34,main:@100,main:@101) -> float_type, {307200, 64}, {64, 1}: 0.157128ms, 1%
main:@103 = slice[axes={0},starts={15},ends={16}](main:@62) -> float_type, {1, 307200}, {307200, 1}: 0.00107608ms, 1%
main:@104 = squeeze[axes={0}](main:@103) -> float_type, {307200}, {1}: 0.0010145ms, 1%
main:@105 = load[offset=1336934400,end=1415577600](main:@1) -> float_type, {307200, 64}, {64, 1}: 0.00061594ms, 1%
main:@106 = gpu::code_object[code_object=13632,symbol_name=gather_kernel,global=307200,local=1024,](main:@35,main:@104,main:@105) -> float_type, {307200, 64}, {64, 1}: 0.156955ms, 1%
main:@107 = slice[axes={0},starts={14},ends={15}](main:@62) -> float_type, {1, 307200}, {307200, 1}: 0.00110694ms, 1%
main:@108 = squeeze[axes={0}](main:@107) -> float_type, {307200}, {1}: 0.00100542ms, 1%
main:@109 = load[offset=1258291200,end=1336934400](main:@1) -> float_type, {307200, 64}, {64, 1}: 0.00061716ms, 1%
main:@110 = gpu::code_object[code_object=13632,symbol_name=gather_kernel,global=307200,local=1024,](main:@42,main:@108,main:@109) -> float_type, {307200, 64}, {64, 1}: 0.156892ms, 1%
main:@111 = load[offset=1179648000,end=1258291200](main:@1) -> float_type, {307200, 64}, {64, 1}: 0.00073422ms, 1%
main:@112 = slice[axes={0},starts={13},ends={14}](main:@62) -> float_type, {1, 307200}, {307200, 1}: 0.00096914ms, 1%
main:@113 = squeeze[axes={0}](main:@112) -> float_type, {307200}, {1}: 0.00102412ms, 1%
main:@114 = gpu::code_object[code_object=13632,symbol_name=gather_kernel,global=307200,local=1024,](main:@43,main:@113,main:@111) -> float_type, {307200, 64}, {64, 1}: 0.157594ms, 1%
main:@115 = load[offset=1101004800,end=1179648000](main:@1) -> float_type, {307200, 64}, {64, 1}: 0.00071954ms, 1%
main:@116 = slice[axes={0},starts={12},ends={13}](main:@62) -> float_type, {1, 307200}, {307200, 1}: 0.00099254ms, 1%
main:@117 = squeeze[axes={0}](main:@116) -> float_type, {307200}, {1}: 0.00102112ms, 1%
main:@118 = gpu::code_object[code_object=13632,symbol_name=gather_kernel,global=307200,local=1024,](main:@44,main:@117,main:@115) -> float_type, {307200, 64}, {64, 1}: 0.157244ms, 1%
main:@119 = load[offset=1022361600,end=1101004800](main:@1) -> float_type, {307200, 64}, {64, 1}: 0.00071826ms, 1%
main:@120 = slice[axes={0},starts={11},ends={12}](main:@62) -> float_type, {1, 307200}, {307200, 1}: 0.00098564ms, 1%
main:@121 = squeeze[axes={0}](main:@120) -> float_type, {307200}, {1}: 0.00085758ms, 1%
main:@122 = gpu::code_object[code_object=13632,symbol_name=gather_kernel,global=307200,local=1024,](main:@49,main:@121,main:@119) -> float_type, {307200, 64}, {64, 1}: 0.15715ms, 1%
main:@123 = slice[axes={0},starts={10},ends={11}](main:@62) -> float_type, {1, 307200}, {307200, 1}: 0.00109516ms, 1%
main:@124 = squeeze[axes={0}](main:@123) -> float_type, {307200}, {1}: 0.00090688ms, 1%
main:@125 = load[offset=943718400,end=1022361600](main:@1) -> float_type, {307200, 64}, {64, 1}: 0.00060654ms, 1%
main:@126 = gpu::code_object[code_object=13632,symbol_name=gather_kernel,global=307200,local=1024,](main:@50,main:@124,main:@125) -> float_type, {307200, 64}, {64, 1}: 0.15704ms, 1%
main:@127 = slice[axes={0},starts={9},ends={10}](main:@62) -> float_type, {1, 307200}, {307200, 1}: 0.00108926ms, 1%
main:@128 = squeeze[axes={0}](main:@127) -> float_type, {307200}, {1}: 0.0008732ms, 1%
main:@129 = load[offset=865075200,end=943718400](main:@1) -> float_type, {307200, 64}, {64, 1}: 0.00062396ms, 1%
main:@130 = gpu::code_object[code_object=13632,symbol_name=gather_kernel,global=307200,local=1024,](main:@51,main:@128,main:@129) -> float_type, {307200, 64}, {64, 1}: 0.158083ms, 1%
main:@131 = slice[axes={0},starts={8},ends={9}](main:@62) -> float_type, {1, 307200}, {307200, 1}: 0.00109484ms, 1%
main:@132 = squeeze[axes={0}](main:@131) -> float_type, {307200}, {1}: 0.00085378ms, 1%
main:@133 = load[offset=786432000,end=865075200](main:@1) -> float_type, {307200, 64}, {64, 1}: 0.00063946ms, 1%
main:@134 = gpu::code_object[code_object=13632,symbol_name=gather_kernel,global=307200,local=1024,](main:@52,main:@132,main:@133) -> float_type, {307200, 64}, {64, 1}: 0.157226ms, 1%
main:@135 = slice[axes={0},starts={7},ends={8}](main:@62) -> float_type, {1, 307200}, {307200, 1}: 0.00106532ms, 1%
main:@136 = squeeze[axes={0}](main:@135) -> float_type, {307200}, {1}: 0.00088872ms, 1%
main:@137 = load[offset=707788800,end=786432000](main:@1) -> float_type, {307200, 64}, {64, 1}: 0.00063066ms, 1%
main:@138 = gpu::code_object[code_object=13632,symbol_name=gather_kernel,global=307200,local=1024,](main:@53,main:@136,main:@137) -> float_type, {307200, 64}, {64, 1}: 0.157893ms, 1%
main:@139 = load[offset=629145600,end=707788800](main:@1) -> float_type, {307200, 64}, {64, 1}: 0.00074094ms, 1%
main:@140 = slice[axes={0},starts={6},ends={7}](main:@62) -> float_type, {1, 307200}, {307200, 1}: 0.00099238ms, 1%
main:@141 = squeeze[axes={0}](main:@140) -> float_type, {307200}, {1}: 0.0010906ms, 1%
main:@142 = gpu::code_object[code_object=13632,symbol_name=gather_kernel,global=307200,local=1024,](main:@54,main:@141,main:@139) -> float_type, {307200, 64}, {64, 1}: 0.156844ms, 1%
main:@143 = slice[axes={0},starts={5},ends={6}](main:@62) -> float_type, {1, 307200}, {307200, 1}: 0.00104002ms, 1%
main:@144 = squeeze[axes={0}](main:@143) -> float_type, {307200}, {1}: 0.00116894ms, 1%
main:@145 = load[offset=550502400,end=629145600](main:@1) -> float_type, {307200, 64}, {64, 1}: 0.0005962ms, 1%
main:@146 = gpu::code_object[code_object=13632,symbol_name=gather_kernel,global=307200,local=1024,](main:@55,main:@144,main:@145) -> float_type, {307200, 64}, {64, 1}: 0.158048ms, 1%
main:@147 = slice[axes={0},starts={4},ends={5}](main:@62) -> float_type, {1, 307200}, {307200, 1}: 0.0011024ms, 1%
main:@148 = squeeze[axes={0}](main:@147) -> float_type, {307200}, {1}: 0.00108748ms, 1%
main:@149 = load[offset=471859200,end=550502400](main:@1) -> float_type, {307200, 64}, {64, 1}: 0.0006198ms, 1%
main:@150 = gpu::code_object[code_object=13632,symbol_name=gather_kernel,global=307200,local=1024,](main:@56,main:@148,main:@149) -> float_type, {307200, 64}, {64, 1}: 0.157722ms, 1%
main:@151 = load[offset=393216000,end=471859200](main:@1) -> float_type, {307200, 64}, {64, 1}: 0.00076414ms, 1%
main:@152 = slice[axes={0},starts={3},ends={4}](main:@62) -> float_type, {1, 307200}, {307200, 1}: 0.00096232ms, 1%
main:@153 = squeeze[axes={0}](main:@152) -> float_type, {307200}, {1}: 0.00105264ms, 1%
main:@154 = gpu::code_object[code_object=13632,symbol_name=gather_kernel,global=307200,local=1024,](main:@57,main:@153,main:@151) -> float_type, {307200, 64}, {64, 1}: 0.157608ms, 1%
main:@155 = load[offset=314572800,end=393216000](main:@1) -> float_type, {307200, 64}, {64, 1}: 0.00076758ms, 1%
main:@156 = slice[axes={0},starts={2},ends={3}](main:@62) -> float_type, {1, 307200}, {307200, 1}: 0.00096864ms, 1%
main:@157 = squeeze[axes={0}](main:@156) -> float_type, {307200}, {1}: 0.00109136ms, 1%
main:@158 = gpu::code_object[code_object=13632,symbol_name=gather_kernel,global=307200,local=1024,](main:@58,main:@157,main:@155) -> float_type, {307200, 64}, {64, 1}: 0.157871ms, 1%
main:@159 = load[offset=235929600,end=314572800](main:@1) -> float_type, {307200, 64}, {64, 1}: 0.00073472ms, 1%
main:@160 = slice[axes={0},starts={1},ends={2}](main:@62) -> float_type, {1, 307200}, {307200, 1}: 0.00096324ms, 1%
main:@161 = squeeze[axes={0}](main:@160) -> float_type, {307200}, {1}: 0.00108664ms, 1%
main:@162 = gpu::code_object[code_object=13632,symbol_name=gather_kernel,global=307200,local=1024,](main:@59,main:@161,main:@159) -> float_type, {307200, 64}, {64, 1}: 0.157907ms, 1%
main:@163 = load[offset=157286400,end=235929600](main:@1) -> float_type, {307200, 64}, {64, 1}: 0.0007563ms, 1%
main:@164 = slice[axes={0},starts={0},ends={1}](main:@62) -> float_type, {1, 307200}, {307200, 1}: 0.00095214ms, 1%
main:@165 = squeeze[axes={0}](main:@164) -> float_type, {307200}, {1}: 0.00105866ms, 1%
main:@166 = gpu::code_object[code_object=13632,symbol_name=gather_kernel,global=307200,local=1024,](main:@60,main:@165,main:@163) -> float_type, {307200, 64}, {64, 1}: 0.156105ms, 1%
main:@167 = load[offset=0,end=78643200](main:@1) -> float_type, {307200, 64}, {64, 1}: 0.00074208ms, 1%
main:@168 = multibroadcast[out_lens={307200, 64},out_dyn_dims={}](main:@36) -> float_type, {307200, 64}, {0, 1}: 0.0015616ms, 1%
main:@169 = gpu::code_object[code_object=13632,symbol_name=add_relu_kernel,global=2457600,local=1024,](main:@21,main:@168,main:@167) -> float_type, {307200, 64}, {64, 1}: 0.180619ms, 1%
main:@170 = load[offset=2202009600,end=4325376000](main:@1) -> float_type, {307200, 1728}, {1728, 1}: 0.00074356ms, 1%
main:@171 = gpu::code_object[code_object=13632,symbol_name=concat_kernel,global=19660800,local=1024,](main:@169,main:@166,main:@162,main:@158,main:@154,main:@150,main:@146,main:@142,main:@138,main:@134,main:@130,main:@126,main:@122,main:@118,main:@114,main:@110,main:@106,main:@102,main:@98,main:@94,main:@90,main:@86,main:@82,main:@78,main:@74,main:@70,main:@66,main:@170) -> float_type, {307200, 1728}, {1728, 1}: 4.47034ms, 10%
main:@172 = load[offset=78643200,end=974438400](main:@1) -> float_type, {307200, 27, 27}, {729, 27, 1}: 0.00076182ms, 1%
main:@173 = reshape[dims={307200, -1, 64}](main:@171) -> float_type, {307200, 27, 64}, {1728, 64, 1}: 0.0012579ms, 1%
main:@174 = transpose[permutation={0, 2, 1}](main:@173) -> float_type, {307200, 64, 27}, {1728, 1, 64}: 0.00118362ms, 1%
main:@175 = gpu::gemm[alpha=1,beta=0,int8_x4_format=0,compute_fp32=1,trans_batch=0](main:@173,main:@174,main:@172) -> float_type, {307200, 27, 27}, {729, 27, 1}: 4.60167ms, 10%
main:@176 = load[offset=974438400,end=1405747200](main:@1) -> float_type, {307200, 351}, {351, 1}: 0.00081706ms, 1%
main:@177 = reshape[dims={307200, 729}](main:@175) -> float_type, {307200, 729}, {729, 1}: 0.00080918ms, 1%
main:@178 = gpu::code_object[code_object=13632,symbol_name=gather_kernel,global=307200,local=1024,](main:@177,main:@48,main:@176) -> float_type, {307200, 351}, {351, 1}: 1.64504ms, 4%
main:@179 = load[offset=78643200,end=588595200](main:@1) -> float_type, {307200, 415}, {415, 1}: 0.00071548ms, 1%
main:@180 = gpu::code_object[code_object=13632,symbol_name=concat_kernel,global=63744000,local=1024,](main:@169,main:@178,main:@179) -> float_type, {307200, 415}, {415, 1}: 1.21773ms, 3%
main:@181 = load[offset=588595200,end=1217740800](main:@1) -> float_type, {307200, 512}, {512, 1}: 0.00072796ms, 1%
main:@182 = gpu::gemm[alpha=1,beta=0,int8_x4_format=0,compute_fp32=1,trans_batch=0](main:@180,main:@26,main:@181) -> float_type, {307200, 512}, {512, 1}: 5.75125ms, 12%
main:@183 = load[offset=1217740800,end=1846886400](main:@1) -> float_type, {307200, 512}, {512, 1}: 0.0007886ms, 1%
main:@184 = multibroadcast[out_lens={307200, 512},out_dyn_dims={}](main:@40) -> float_type, {307200, 512}, {0, 1}: 0.00130892ms, 1%
main:@185 = gpu::code_object[code_object=13632,symbol_name=add_relu_kernel,global=19660800,local=1024,](main:@182,main:@184,main:@183) -> float_type, {307200, 512}, {512, 1}: 1.30427ms, 3%
main:@186 = load[offset=1846886400,end=2476032000](main:@1) -> float_type, {307200, 512}, {512, 1}: 0.00069838ms, 1%
main:@187 = gpu::gemm[alpha=1,beta=0,int8_x4_format=0,compute_fp32=1,trans_batch=0](main:@185,main:@46,main:@186) -> float_type, {307200, 512}, {512, 1}: 5.98559ms, 13%
main:@188 = load[offset=0,end=629145600](main:@1) -> float_type, {307200, 512}, {512, 1}: 0.00079372ms, 1%
main:@189 = multibroadcast[out_lens={307200, 512},out_dyn_dims={}](main:@39) -> float_type, {307200, 512}, {0, 1}: 0.00103016ms, 1%
main:@190 = gpu::code_object[code_object=13632,symbol_name=add_relu_kernel,global=19660800,local=1024,](main:@187,main:@189,main:@188) -> float_type, {307200, 512}, {512, 1}: 1.30099ms, 3%
main:@191 = load[offset=629145600,end=943718400](main:@1) -> float_type, {307200, 256}, {256, 1}: 0.00069078ms, 1%
main:@192 = gpu::gemm[alpha=1,beta=0,int8_x4_format=0,compute_fp32=1,trans_batch=0](main:@190,main:@47,main:@191) -> float_type, {307200, 256}, {256, 1}: 2.92875ms, 6%
main:@193 = load[offset=1228800,end=315801600](main:@1) -> float_type, {307200, 256}, {256, 1}: 0.00077272ms, 1%
main:@194 = multibroadcast[out_lens={307200, 256},out_dyn_dims={}](main:@38) -> float_type, {307200, 256}, {0, 1}: 0.00098542ms, 1%
main:@195 = gpu::code_object[code_object=13632,symbol_name=add_relu_kernel,global=9830400,local=1024,](main:@192,main:@194,main:@193) -> float_type, {307200, 256}, {256, 1}: 0.660087ms, 2%
main:@196 = load[offset=315801600,end=317030400](main:@1) -> float_type, {307200, 1}, {1, 1}: 0.0007384ms, 1%
main:@197 = gpu::gemm[alpha=1,beta=0,int8_x4_format=0,compute_fp32=1,trans_batch=0](main:@195,main:@45,main:@196) -> float_type, {307200, 1}, {1, 1}: 0.420505ms, 1%
main:@198 = load[offset=0,end=1228800](main:@1) -> float_type, {307200, 1}, {1, 1}: 0.00074426ms, 1%
main:@199 = multibroadcast[out_lens={307200, 1},out_dyn_dims={}](main:@41) -> float_type, {307200, 1}, {0, 1}: 0.00100952ms, 1%
main:@200 = gpu::code_object[code_object=13640,symbol_name=add_sigmoid_kernel,global=153600,local=1024,](main:@197,main:@199,main:@198) -> float_type, {307200, 1}, {1, 1}: 0.021539ms, 1%
main:@201 = hip::copy_from_gpu(main:@200) -> float_type, {307200, 1}, {1, 1}: 0.346928ms, 1%
main:@202 = hip::sync_stream(main:@201) -> float_type, {307200, 1}, {1, 1}: 0.00154718ms, 1%
main:@203 = @return(main:@202)
Summary:
gpu::gemm: 23.7176ms / 8 = 2.9647ms, 49%
hip::copy_to_gpu: 7.94498ms / 2 = 3.97249ms, 17%
gpu::code_object::gather_kernel: 5.73888ms / 27 = 0.212551ms, 12%
gpu::code_object::concat_kernel: 5.68807ms / 2 = 2.84403ms, 12%
gpu::code_object::add_relu_kernel: 5.40112ms / 6 = 0.900187ms, 11%
hip::copy_from_gpu: 0.346928ms / 1 = 0.346928ms, 1%
gpu::code_object::convert_kernel: 0.120134ms / 1 = 0.120134ms, 1%
load: 0.0348538ms / 47 = 0.00074157ms, 1%
hip::hip_copy_literal: 0.0290088ms / 41 = 0.000707532ms, 1%
slice: 0.0281034ms / 26 = 0.0010809ms, 1%
squeeze: 0.0273659ms / 26 = 0.00105253ms, 1%
gpu::code_object::add_sigmoid_kernel: 0.021539ms / 1 = 0.021539ms, 1%
multibroadcast: 0.00879126ms / 7 = 0.00125589ms, 1%
reshape: 0.00206708ms / 2 = 0.00103354ms, 1%
check_context::migraphx::gpu::context : 0.00190974ms / 1 = 0.00190974ms, 1%
@param: 0.00174156ms / 2 = 0.00087078ms, 1%
hip::sync_stream: 0.00154718ms / 1 = 0.00154718ms, 1%
hip::hip_allocate_memory: 0.00134394ms / 1 = 0.00134394ms, 1%
transpose: 0.00118362ms / 1 = 0.00118362ms, 1%

Batch size: 1
Rate: 20.9522/sec
Total time: 47.7277ms
Total instructions time: 49.1172ms
Overhead time: 0.0431171ms, -1.3895ms
Overhead: 0%, -3%
