Compiling ... 
Reading: /new-saved-models/onnx-misc/taau_low_res_downsample_d2s_for_infer_time_fp16_opset11.onnx
module: "main"
main:@0 = check_context::migraphx::gpu::context  -> float_type, {}, {}
main:@1 = hip::hip_allocate_memory[shape=int8_type, {165888000}, {1},id=main:scratch] -> int8_type, {165888000}, {1}
main:@2 = load[offset=66355200,end=99532800](main:@1) -> half_type, {1, 8, 1920, 1080}, {16588800, 2073600, 1080, 1}
inputs = @param:inputs -> half_type, {1, 1920, 1080, 8}, {16588800, 8640, 8, 1}
main:@4 = transpose[permutation={0, 3, 1, 2}](inputs) -> half_type, {1, 8, 1920, 1080}, {16588800, 1, 8640, 8}
main:@5 = gpu::code_object[code_object=13640,symbol_name=contiguous_kernel,global=16588800,local=1024,](main:@4,main:@2) -> half_type, {1, 8, 1920, 1080}, {16588800, 2073600, 1080, 1}
main:@6 = hip::hip_copy_literal[id=main:@literal:21] -> half_type, {16, 8, 3, 3}, {72, 9, 3, 1}
main:@7 = load[offset=0,end=0](main:@1) -> int8_type, {0}, {1}
main:@8 = load[offset=0,end=66355200](main:@1) -> half_type, {1, 16, 1920, 1080}, {33177600, 2073600, 1080, 1}
main:@9 = gpu::convolution[op={padding={1, 1, 1, 1},stride={1, 1},dilation={1, 1},group=1,padding_mode=0},solution_object={binary_object: 485},algo=0,int8_x4_format=0,solution_id=0](main:@5,main:@6,main:@7,main:@8) -> half_type, {1, 16, 1920, 1080}, {33177600, 2073600, 1080, 1}
main:@10 = hip::hip_copy_literal[id=main:@literal:20] -> half_type, {16}, {1}
main:@11 = load[offset=82944000,end=149299200](main:@1) -> half_type, {1, 16, 1920, 1080}, {33177600, 2073600, 1080, 1}
main:@12 = broadcast[axis=1,out_lens={1, 16, 1920, 1080}](main:@10) -> half_type, {1, 16, 1920, 1080}, {0, 1, 0, 0}
main:@13 = gpu::code_object[code_object=13648,symbol_name=add_leaky_relu_kernel,global=4147200,local=1024,](main:@9,main:@12,main:@11) -> half_type, {1, 16, 1920, 1080}, {33177600, 2073600, 1080, 1}
main:@14 = load[offset=0,end=16588800](main:@1) -> half_type, {1, 16, 960, 540}, {8294400, 518400, 540, 1}
main:@15 = gpu::pooling[mode=max,padding={0, 0, 0, 0},stride={2, 2},lengths={2, 2},ceil_mode=1,lp_order=2,dyn_global=0](main:@13,main:@14) -> half_type, {1, 16, 960, 540}, {8294400, 518400, 540, 1}
main:@16 = hip::hip_copy_literal[id=main:@literal:19] -> half_type, {16, 16, 3, 3}, {144, 9, 3, 1}
main:@17 = load[offset=0,end=0](main:@1) -> int8_type, {0}, {1}
main:@18 = load[offset=41472000,end=58060800](main:@1) -> half_type, {1, 16, 960, 540}, {8294400, 518400, 540, 1}
main:@19 = gpu::convolution[op={padding={1, 1, 1, 1},stride={1, 1},dilation={1, 1},group=1,padding_mode=0},solution_object={binary_object: 468},algo=0,int8_x4_format=0,solution_id=0](main:@15,main:@16,main:@17,main:@18) -> half_type, {1, 16, 960, 540}, {8294400, 518400, 540, 1}
main:@20 = hip::hip_copy_literal[id=main:@literal:18] -> half_type, {16}, {1}
main:@21 = load[offset=24883200,end=41472000](main:@1) -> half_type, {1, 16, 960, 540}, {8294400, 518400, 540, 1}
main:@22 = broadcast[axis=1,out_lens={1, 16, 960, 540}](main:@20) -> half_type, {1, 16, 960, 540}, {0, 1, 0, 0}
main:@23 = gpu::code_object[code_object=13648,symbol_name=add_leaky_relu_kernel,global=1036800,local=1024,](main:@19,main:@22,main:@21) -> half_type, {1, 16, 960, 540}, {8294400, 518400, 540, 1}
main:@24 = load[offset=4147200,end=8294400](main:@1) -> half_type, {1, 16, 480, 270}, {2073600, 129600, 270, 1}
main:@25 = gpu::pooling[mode=max,padding={0, 0, 0, 0},stride={2, 2},lengths={2, 2},ceil_mode=1,lp_order=2,dyn_global=0](main:@23,main:@24) -> half_type, {1, 16, 480, 270}, {2073600, 129600, 270, 1}
main:@26 = hip::hip_copy_literal[id=main:@literal:17] -> half_type, {16, 16, 3, 3}, {144, 9, 3, 1}
main:@27 = load[offset=0,end=0](main:@1) -> int8_type, {0}, {1}
main:@28 = load[offset=0,end=4147200](main:@1) -> half_type, {1, 16, 480, 270}, {2073600, 129600, 270, 1}
main:@29 = gpu::convolution[op={padding={1, 1, 1, 1},stride={1, 1},dilation={1, 1},group=1,padding_mode=0},solution_object={binary_object: 468},algo=0,int8_x4_format=0,solution_id=0](main:@25,main:@26,main:@27,main:@28) -> half_type, {1, 16, 480, 270}, {2073600, 129600, 270, 1}
main:@30 = hip::hip_copy_literal[id=main:@literal:16] -> half_type, {16}, {1}
main:@31 = load[offset=9331200,end=13478400](main:@1) -> half_type, {1, 16, 480, 270}, {2073600, 129600, 270, 1}
main:@32 = broadcast[axis=1,out_lens={1, 16, 480, 270}](main:@30) -> half_type, {1, 16, 480, 270}, {0, 1, 0, 0}
main:@33 = gpu::code_object[code_object=13648,symbol_name=add_leaky_relu_kernel,global=518400,local=1024,](main:@29,main:@32,main:@31) -> half_type, {1, 16, 480, 270}, {2073600, 129600, 270, 1}
main:@34 = load[offset=1036800,end=2073600](main:@1) -> half_type, {1, 16, 240, 135}, {518400, 32400, 135, 1}
main:@35 = gpu::pooling[mode=max,padding={0, 0, 0, 0},stride={2, 2},lengths={2, 2},ceil_mode=1,lp_order=2,dyn_global=0](main:@33,main:@34) -> half_type, {1, 16, 240, 135}, {518400, 32400, 135, 1}
main:@36 = hip::hip_copy_literal[id=main:@literal:15] -> half_type, {16, 16, 3, 3}, {144, 9, 3, 1}
main:@37 = load[offset=0,end=0](main:@1) -> int8_type, {0}, {1}
main:@38 = load[offset=0,end=1036800](main:@1) -> half_type, {1, 16, 240, 135}, {518400, 32400, 135, 1}
main:@39 = gpu::convolution[op={padding={1, 1, 1, 1},stride={1, 1},dilation={1, 1},group=1,padding_mode=0},solution_object={binary_object: 475},algo=0,int8_x4_format=0,solution_id=0](main:@35,main:@36,main:@37,main:@38) -> half_type, {1, 16, 240, 135}, {518400, 32400, 135, 1}
main:@40 = hip::hip_copy_literal[id=main:@literal:13] -> half_type, {16, 16, 1, 1}, {16, 1, 1, 1}
main:@41 = hip::hip_copy_literal[id=main:@literal:14] -> half_type, {16}, {1}
main:@42 = load[offset=5184000,end=6220800](main:@1) -> half_type, {1, 16, 240, 135}, {518400, 32400, 135, 1}
main:@43 = broadcast[axis=1,out_lens={1, 16, 240, 135}](main:@41) -> half_type, {1, 16, 240, 135}, {0, 1, 0, 0}
main:@44 = gpu::code_object[code_object=13648,symbol_name=add_leaky_relu_kernel,global=259200,local=1024,](main:@39,main:@43,main:@42) -> half_type, {1, 16, 240, 135}, {518400, 32400, 135, 1}
main:@45 = reshape[dims={1, 16, 240, 2, 135, 2}](main:@33) -> half_type, {1, 16, 240, 2, 135, 2}, {2073600, 129600, 540, 270, 2, 1}
main:@46 = load[offset=0,end=4147200](main:@1) -> half_type, {1, 16, 240, 2, 135, 2}, {2073600, 129600, 540, 270, 2, 1}
main:@47 = reshape[dims={1, 16, 240, 1, 135, 1}](main:@44) -> half_type, {1, 16, 240, 1, 135, 1}, {518400, 32400, 135, 135, 1, 1}
main:@48 = multibroadcast[out_lens={1, 16, 240, 2, 135, 2},out_dyn_dims={}](main:@47) -> half_type, {1, 16, 240, 2, 135, 2}, {518400, 32400, 135, 0, 1, 0}
main:@49 = gpu::code_object[code_object=13624,symbol_name=add_kernel,global=2073600,local=1024,](main:@48,main:@45,main:@46) -> half_type, {1, 16, 240, 2, 135, 2}, {2073600, 129600, 540, 270, 2, 1}
main:@50 = load[offset=0,end=0](main:@1) -> int8_type, {0}, {1}
main:@51 = load[offset=4147200,end=8294400](main:@1) -> half_type, {1, 16, 480, 270}, {2073600, 129600, 270, 1}
main:@52 = reshape[dims={1, 16, 480, 270}](main:@49) -> half_type, {1, 16, 480, 270}, {2073600, 129600, 270, 1}
main:@53 = gpu::convolution[op={padding={0, 0, 0, 0},stride={1, 1},dilation={1, 1},group=1,padding_mode=0},solution_object={binary_object: 453},algo=0,int8_x4_format=0,solution_id=0](main:@52,main:@40,main:@50,main:@51) -> half_type, {1, 16, 480, 270}, {2073600, 129600, 270, 1}
main:@54 = hip::hip_copy_literal[id=main:@literal:11] -> half_type, {16, 16, 3, 3}, {144, 9, 3, 1}
main:@55 = hip::hip_copy_literal[id=main:@literal:12] -> half_type, {16}, {1}
main:@56 = load[offset=0,end=4147200](main:@1) -> half_type, {1, 16, 480, 270}, {2073600, 129600, 270, 1}
main:@57 = broadcast[axis=1,out_lens={1, 16, 480, 270}](main:@55) -> half_type, {1, 16, 480, 270}, {0, 1, 0, 0}
main:@58 = gpu::code_object[code_object=13648,symbol_name=add_leaky_relu_kernel,global=518400,local=1024,](main:@53,main:@57,main:@56) -> half_type, {1, 16, 480, 270}, {2073600, 129600, 270, 1}
main:@59 = load[offset=0,end=0](main:@1) -> int8_type, {0}, {1}
main:@60 = load[offset=8294400,end=12441600](main:@1) -> half_type, {1, 16, 480, 270}, {2073600, 129600, 270, 1}
main:@61 = gpu::convolution[op={padding={1, 1, 1, 1},stride={1, 1},dilation={1, 1},group=1,padding_mode=0},solution_object={binary_object: 468},algo=0,int8_x4_format=0,solution_id=0](main:@58,main:@54,main:@59,main:@60) -> half_type, {1, 16, 480, 270}, {2073600, 129600, 270, 1}
main:@62 = hip::hip_copy_literal[id=main:@literal:9] -> half_type, {16, 16, 1, 1}, {16, 1, 1, 1}
main:@63 = hip::hip_copy_literal[id=main:@literal:10] -> half_type, {16}, {1}
main:@64 = load[offset=4147200,end=8294400](main:@1) -> half_type, {1, 16, 480, 270}, {2073600, 129600, 270, 1}
main:@65 = broadcast[axis=1,out_lens={1, 16, 480, 270}](main:@63) -> half_type, {1, 16, 480, 270}, {0, 1, 0, 0}
main:@66 = gpu::code_object[code_object=13648,symbol_name=add_leaky_relu_kernel,global=518400,local=1024,](main:@61,main:@65,main:@64) -> half_type, {1, 16, 480, 270}, {2073600, 129600, 270, 1}
main:@67 = load[offset=41472000,end=58060800](main:@1) -> half_type, {1, 16, 480, 2, 270, 2}, {8294400, 518400, 1080, 540, 2, 1}
main:@68 = reshape[dims={1, 16, 480, 2, 270, 2}](main:@23) -> half_type, {1, 16, 480, 2, 270, 2}, {8294400, 518400, 1080, 540, 2, 1}
main:@69 = reshape[dims={1, 16, 480, 1, 270, 1}](main:@66) -> half_type, {1, 16, 480, 1, 270, 1}, {2073600, 129600, 270, 270, 1, 1}
main:@70 = multibroadcast[out_lens={1, 16, 480, 2, 270, 2},out_dyn_dims={}](main:@69) -> half_type, {1, 16, 480, 2, 270, 2}, {2073600, 129600, 270, 0, 1, 0}
main:@71 = gpu::code_object[code_object=13624,symbol_name=add_kernel,global=4147200,local=1024,](main:@70,main:@68,main:@67) -> half_type, {1, 16, 480, 2, 270, 2}, {8294400, 518400, 1080, 540, 2, 1}
main:@72 = load[offset=0,end=0](main:@1) -> int8_type, {0}, {1}
main:@73 = load[offset=0,end=16588800](main:@1) -> half_type, {1, 16, 960, 540}, {8294400, 518400, 540, 1}
main:@74 = reshape[dims={1, 16, 960, 540}](main:@71) -> half_type, {1, 16, 960, 540}, {8294400, 518400, 540, 1}
main:@75 = gpu::convolution[op={padding={0, 0, 0, 0},stride={1, 1},dilation={1, 1},group=1,padding_mode=0},solution_object={binary_object: 485},algo=0,int8_x4_format=0,solution_id=0](main:@74,main:@62,main:@72,main:@73) -> half_type, {1, 16, 960, 540}, {8294400, 518400, 540, 1}
main:@76 = hip::hip_copy_literal[id=main:@literal:0] -> half_type, {4}, {1}
main:@77 = hip::hip_copy_literal[id=main:@literal:1] -> half_type, {4, 16, 3, 3}, {144, 9, 3, 1}
main:@78 = hip::hip_copy_literal[id=main:@literal:2] -> half_type, {16}, {1}
main:@79 = hip::hip_copy_literal[id=main:@literal:3] -> half_type, {16, 16, 3, 3}, {144, 9, 3, 1}
main:@80 = hip::hip_copy_literal[id=main:@literal:4] -> half_type, {16}, {1}
main:@81 = hip::hip_copy_literal[id=main:@literal:5] -> half_type, {16, 16, 1, 1}, {16, 1, 1, 1}
main:@82 = hip::hip_copy_literal[id=main:@literal:6] -> half_type, {16}, {1}
main:@83 = hip::hip_copy_literal[id=main:@literal:7] -> half_type, {16, 16, 3, 3}, {144, 9, 3, 1}
main:@84 = hip::hip_copy_literal[id=main:@literal:8] -> half_type, {16}, {1}
main:@85 = load[offset=33177600,end=49766400](main:@1) -> half_type, {1, 16, 960, 540}, {8294400, 518400, 540, 1}
main:@86 = broadcast[axis=1,out_lens={1, 16, 960, 540}](main:@84) -> half_type, {1, 16, 960, 540}, {0, 1, 0, 0}
main:@87 = gpu::code_object[code_object=13648,symbol_name=add_leaky_relu_kernel,global=1036800,local=1024,](main:@75,main:@86,main:@85) -> half_type, {1, 16, 960, 540}, {8294400, 518400, 540, 1}
main:@88 = load[offset=0,end=0](main:@1) -> int8_type, {0}, {1}
main:@89 = load[offset=16588800,end=33177600](main:@1) -> half_type, {1, 16, 960, 540}, {8294400, 518400, 540, 1}
main:@90 = gpu::convolution[op={padding={1, 1, 1, 1},stride={1, 1},dilation={1, 1},group=1,padding_mode=0},solution_object={binary_object: 468},algo=0,int8_x4_format=0,solution_id=0](main:@87,main:@83,main:@88,main:@89) -> half_type, {1, 16, 960, 540}, {8294400, 518400, 540, 1}
main:@91 = load[offset=149299200,end=165888000](main:@1) -> half_type, {1, 16, 960, 540}, {8294400, 518400, 540, 1}
main:@92 = broadcast[axis=1,out_lens={1, 16, 960, 540}](main:@82) -> half_type, {1, 16, 960, 540}, {0, 1, 0, 0}
main:@93 = gpu::code_object[code_object=13648,symbol_name=add_leaky_relu_kernel,global=1036800,local=1024,](main:@90,main:@92,main:@91) -> half_type, {1, 16, 960, 540}, {8294400, 518400, 540, 1}
main:@94 = load[offset=0,end=66355200](main:@1) -> half_type, {1, 16, 960, 2, 540, 2}, {33177600, 2073600, 2160, 1080, 2, 1}
main:@95 = reshape[dims={1, 16, 960, 2, 540, 2}](main:@13) -> half_type, {1, 16, 960, 2, 540, 2}, {33177600, 2073600, 2160, 1080, 2, 1}
main:@96 = reshape[dims={1, 16, 960, 1, 540, 1}](main:@93) -> half_type, {1, 16, 960, 1, 540, 1}, {8294400, 518400, 540, 540, 1, 1}
main:@97 = multibroadcast[out_lens={1, 16, 960, 2, 540, 2},out_dyn_dims={}](main:@96) -> half_type, {1, 16, 960, 2, 540, 2}, {8294400, 518400, 540, 0, 1, 0}
main:@98 = gpu::code_object[code_object=13624,symbol_name=add_kernel,global=16588800,local=1024,](main:@97,main:@95,main:@94) -> half_type, {1, 16, 960, 2, 540, 2}, {33177600, 2073600, 2160, 1080, 2, 1}
main:@99 = load[offset=0,end=0](main:@1) -> int8_type, {0}, {1}
main:@100 = load[offset=66355200,end=132710400](main:@1) -> half_type, {1, 16, 1920, 1080}, {33177600, 2073600, 1080, 1}
main:@101 = reshape[dims={1, 16, 1920, 1080}](main:@98) -> half_type, {1, 16, 1920, 1080}, {33177600, 2073600, 1080, 1}
main:@102 = gpu::convolution[op={padding={0, 0, 0, 0},stride={1, 1},dilation={1, 1},group=1,padding_mode=0},solution_object={binary_object: 485},algo=0,int8_x4_format=0,solution_id=0](main:@101,main:@81,main:@99,main:@100) -> half_type, {1, 16, 1920, 1080}, {33177600, 2073600, 1080, 1}
main:@103 = load[offset=0,end=66355200](main:@1) -> half_type, {1, 16, 1920, 1080}, {33177600, 2073600, 1080, 1}
main:@104 = broadcast[axis=1,out_lens={1, 16, 1920, 1080}](main:@80) -> half_type, {1, 16, 1920, 1080}, {0, 1, 0, 0}
main:@105 = gpu::code_object[code_object=13648,symbol_name=add_leaky_relu_kernel,global=4147200,local=1024,](main:@102,main:@104,main:@103) -> half_type, {1, 16, 1920, 1080}, {33177600, 2073600, 1080, 1}
main:@106 = load[offset=0,end=0](main:@1) -> int8_type, {0}, {1}
main:@107 = load[offset=82944000,end=149299200](main:@1) -> half_type, {1, 16, 1920, 1080}, {33177600, 2073600, 1080, 1}
main:@108 = gpu::convolution[op={padding={1, 1, 1, 1},stride={1, 1},dilation={1, 1},group=1,padding_mode=0},solution_object={binary_object: 468},algo=0,int8_x4_format=0,solution_id=0](main:@105,main:@79,main:@106,main:@107) -> half_type, {1, 16, 1920, 1080}, {33177600, 2073600, 1080, 1}
main:@109 = load[offset=16588800,end=82944000](main:@1) -> half_type, {1, 16, 1920, 1080}, {33177600, 2073600, 1080, 1}
main:@110 = broadcast[axis=1,out_lens={1, 16, 1920, 1080}](main:@78) -> half_type, {1, 16, 1920, 1080}, {0, 1, 0, 0}
main:@111 = gpu::code_object[code_object=13648,symbol_name=add_leaky_relu_kernel,global=4147200,local=1024,](main:@108,main:@110,main:@109) -> half_type, {1, 16, 1920, 1080}, {33177600, 2073600, 1080, 1}
main:@112 = load[offset=82944000,end=99532800](main:@1) -> half_type, {1, 4, 1920, 1080}, {8294400, 2073600, 1080, 1}
main:@113 = load[offset=0,end=0](main:@1) -> int8_type, {0}, {1}
main:@114 = gpu::convolution[op={padding={1, 1, 1, 1},stride={1, 1},dilation={1, 1},group=1,padding_mode=0},solution_object={binary_object: 463},algo=0,int8_x4_format=0,solution_id=0](main:@111,main:@77,main:@113,main:@112) -> half_type, {1, 4, 1920, 1080}, {8294400, 2073600, 1080, 1}
main:@115 = load[offset=0,end=16588800](main:@1) -> half_type, {1, 4, 1920, 1080}, {8294400, 2073600, 1080, 1}
main:@116 = broadcast[axis=1,out_lens={1, 4, 1920, 1080}](main:@76) -> half_type, {1, 4, 1920, 1080}, {0, 1, 0, 0}
main:@117 = gpu::code_object[code_object=13640,symbol_name=add_sigmoid_kernel,global=1036800,local=1024,](main:@114,main:@116,main:@115) -> half_type, {1, 4, 1920, 1080}, {8294400, 2073600, 1080, 1}
main:#output_0 = @param:main:#output_0 -> half_type, {1, 1920, 1080, 4}, {8294400, 4320, 4, 1}
main:@119 = transpose[permutation={0, 2, 3, 1}](main:@117) -> half_type, {1, 1920, 1080, 4}, {8294400, 1080, 1, 2073600}
main:@120 = gpu::code_object[code_object=13640,symbol_name=contiguous_kernel,global=8294400,local=1024,](main:@119,main:#output_0) -> half_type, {1, 1920, 1080, 4}, {8294400, 4320, 4, 1}
main:@121 = @return(main:@120)


Allocating params ... 
Running performance report ... 
main:@0 = check_context::migraphx::gpu::context  -> float_type, {}, {}: 0.0007764ms, 1%
main:@1 = hip::hip_allocate_memory[shape=int8_type, {165888000}, {1},id=main:scratch] -> int8_type, {165888000}, {1}: 0.00071226ms, 1%
main:@2 = load[offset=66355200,end=99532800](main:@1) -> half_type, {1, 8, 1920, 1080}, {16588800, 2073600, 1080, 1}: 0.00075696ms, 1%
inputs = @param:inputs -> half_type, {1, 1920, 1080, 8}, {16588800, 8640, 8, 1}: 0.00038938ms, 1%
main:@4 = transpose[permutation={0, 3, 1, 2}](inputs) -> half_type, {1, 8, 1920, 1080}, {16588800, 1, 8640, 8}: 0.00090914ms, 1%
main:@5 = gpu::code_object[code_object=13640,symbol_name=contiguous_kernel,global=16588800,local=1024,](main:@4,main:@2) -> half_type, {1, 8, 1920, 1080}, {16588800, 2073600, 1080, 1}: 0.304604ms, 9%
main:@6 = hip::hip_copy_literal[id=main:@literal:21] -> half_type, {16, 8, 3, 3}, {72, 9, 3, 1}: 0.0008619ms, 1%
main:@7 = load[offset=0,end=0](main:@1) -> int8_type, {0}, {1}: 0.00064484ms, 1%
main:@8 = load[offset=0,end=66355200](main:@1) -> half_type, {1, 16, 1920, 1080}, {33177600, 2073600, 1080, 1}: 0.00057728ms, 1%
main:@9 = gpu::convolution[op={padding={1, 1, 1, 1},stride={1, 1},dilation={1, 1},group=1,padding_mode=0},solution_object={binary_object: 485},algo=0,int8_x4_format=0,solution_id=0](main:@5,main:@6,main:@7,main:@8) -> half_type, {1, 16, 1920, 1080}, {33177600, 2073600, 1080, 1}: 0.401287ms, 12%
main:@10 = hip::hip_copy_literal[id=main:@literal:20] -> half_type, {16}, {1}: 0.0008202ms, 1%
main:@11 = load[offset=82944000,end=149299200](main:@1) -> half_type, {1, 16, 1920, 1080}, {33177600, 2073600, 1080, 1}: 0.0006602ms, 1%
main:@12 = broadcast[axis=1,out_lens={1, 16, 1920, 1080}](main:@10) -> half_type, {1, 16, 1920, 1080}, {0, 1, 0, 0}: 0.0009835ms, 1%
main:@13 = gpu::code_object[code_object=13648,symbol_name=add_leaky_relu_kernel,global=4147200,local=1024,](main:@9,main:@12,main:@11) -> half_type, {1, 16, 1920, 1080}, {33177600, 2073600, 1080, 1}: 0.148687ms, 5%
main:@14 = load[offset=0,end=16588800](main:@1) -> half_type, {1, 16, 960, 540}, {8294400, 518400, 540, 1}: 0.0007363ms, 1%
main:@15 = gpu::pooling[mode=max,padding={0, 0, 0, 0},stride={2, 2},lengths={2, 2},ceil_mode=1,lp_order=2,dyn_global=0](main:@13,main:@14) -> half_type, {1, 16, 960, 540}, {8294400, 518400, 540, 1}: 0.127609ms, 4%
main:@16 = hip::hip_copy_literal[id=main:@literal:19] -> half_type, {16, 16, 3, 3}, {144, 9, 3, 1}: 0.0008383ms, 1%
main:@17 = load[offset=0,end=0](main:@1) -> int8_type, {0}, {1}: 0.00067824ms, 1%
main:@18 = load[offset=41472000,end=58060800](main:@1) -> half_type, {1, 16, 960, 540}, {8294400, 518400, 540, 1}: 0.00057904ms, 1%
main:@19 = gpu::convolution[op={padding={1, 1, 1, 1},stride={1, 1},dilation={1, 1},group=1,padding_mode=0},solution_object={binary_object: 468},algo=0,int8_x4_format=0,solution_id=0](main:@15,main:@16,main:@17,main:@18) -> half_type, {1, 16, 960, 540}, {8294400, 518400, 540, 1}: 0.143915ms, 4%
main:@20 = hip::hip_copy_literal[id=main:@literal:18] -> half_type, {16}, {1}: 0.0007831ms, 1%
main:@21 = load[offset=24883200,end=41472000](main:@1) -> half_type, {1, 16, 960, 540}, {8294400, 518400, 540, 1}: 0.00063308ms, 1%
main:@22 = broadcast[axis=1,out_lens={1, 16, 960, 540}](main:@20) -> half_type, {1, 16, 960, 540}, {0, 1, 0, 0}: 0.0009701ms, 1%
main:@23 = gpu::code_object[code_object=13648,symbol_name=add_leaky_relu_kernel,global=1036800,local=1024,](main:@19,main:@22,main:@21) -> half_type, {1, 16, 960, 540}, {8294400, 518400, 540, 1}: 0.0505907ms, 2%
main:@24 = load[offset=4147200,end=8294400](main:@1) -> half_type, {1, 16, 480, 270}, {2073600, 129600, 270, 1}: 0.00073516ms, 1%
main:@25 = gpu::pooling[mode=max,padding={0, 0, 0, 0},stride={2, 2},lengths={2, 2},ceil_mode=1,lp_order=2,dyn_global=0](main:@23,main:@24) -> half_type, {1, 16, 480, 270}, {2073600, 129600, 270, 1}: 0.0480794ms, 2%
main:@26 = hip::hip_copy_literal[id=main:@literal:17] -> half_type, {16, 16, 3, 3}, {144, 9, 3, 1}: 0.0008201ms, 1%
main:@27 = load[offset=0,end=0](main:@1) -> int8_type, {0}, {1}: 0.0006694ms, 1%
main:@28 = load[offset=0,end=4147200](main:@1) -> half_type, {1, 16, 480, 270}, {2073600, 129600, 270, 1}: 0.00058008ms, 1%
main:@29 = gpu::convolution[op={padding={1, 1, 1, 1},stride={1, 1},dilation={1, 1},group=1,padding_mode=0},solution_object={binary_object: 468},algo=0,int8_x4_format=0,solution_id=0](main:@25,main:@26,main:@27,main:@28) -> half_type, {1, 16, 480, 270}, {2073600, 129600, 270, 1}: 0.0618292ms, 2%
main:@30 = hip::hip_copy_literal[id=main:@literal:16] -> half_type, {16}, {1}: 0.00082612ms, 1%
main:@31 = load[offset=9331200,end=13478400](main:@1) -> half_type, {1, 16, 480, 270}, {2073600, 129600, 270, 1}: 0.00064422ms, 1%
main:@32 = broadcast[axis=1,out_lens={1, 16, 480, 270}](main:@30) -> half_type, {1, 16, 480, 270}, {0, 1, 0, 0}: 0.00096894ms, 1%
main:@33 = gpu::code_object[code_object=13648,symbol_name=add_leaky_relu_kernel,global=518400,local=1024,](main:@29,main:@32,main:@31) -> half_type, {1, 16, 480, 270}, {2073600, 129600, 270, 1}: 0.025831ms, 1%
main:@34 = load[offset=1036800,end=2073600](main:@1) -> half_type, {1, 16, 240, 135}, {518400, 32400, 135, 1}: 0.00076228ms, 1%
main:@35 = gpu::pooling[mode=max,padding={0, 0, 0, 0},stride={2, 2},lengths={2, 2},ceil_mode=1,lp_order=2,dyn_global=0](main:@33,main:@34) -> half_type, {1, 16, 240, 135}, {518400, 32400, 135, 1}: 0.0304265ms, 1%
main:@36 = hip::hip_copy_literal[id=main:@literal:15] -> half_type, {16, 16, 3, 3}, {144, 9, 3, 1}: 0.00080206ms, 1%
main:@37 = load[offset=0,end=0](main:@1) -> int8_type, {0}, {1}: 0.00067422ms, 1%
main:@38 = load[offset=0,end=1036800](main:@1) -> half_type, {1, 16, 240, 135}, {518400, 32400, 135, 1}: 0.0005901ms, 1%
main:@39 = gpu::convolution[op={padding={1, 1, 1, 1},stride={1, 1},dilation={1, 1},group=1,padding_mode=0},solution_object={binary_object: 475},algo=0,int8_x4_format=0,solution_id=0](main:@35,main:@36,main:@37,main:@38) -> half_type, {1, 16, 240, 135}, {518400, 32400, 135, 1}: 0.0424535ms, 2%
main:@40 = hip::hip_copy_literal[id=main:@literal:13] -> half_type, {16, 16, 1, 1}, {16, 1, 1, 1}: 0.00077438ms, 1%
main:@41 = hip::hip_copy_literal[id=main:@literal:14] -> half_type, {16}, {1}: 0.0005647ms, 1%
main:@42 = load[offset=5184000,end=6220800](main:@1) -> half_type, {1, 16, 240, 135}, {518400, 32400, 135, 1}: 0.00064666ms, 1%
main:@43 = broadcast[axis=1,out_lens={1, 16, 240, 135}](main:@41) -> half_type, {1, 16, 240, 135}, {0, 1, 0, 0}: 0.00099534ms, 1%
main:@44 = gpu::code_object[code_object=13648,symbol_name=add_leaky_relu_kernel,global=259200,local=1024,](main:@39,main:@43,main:@42) -> half_type, {1, 16, 240, 135}, {518400, 32400, 135, 1}: 0.0194085ms, 1%
main:@45 = reshape[dims={1, 16, 240, 2, 135, 2}](main:@33) -> half_type, {1, 16, 240, 2, 135, 2}, {2073600, 129600, 540, 270, 2, 1}: 0.0009943ms, 1%
main:@46 = load[offset=0,end=4147200](main:@1) -> half_type, {1, 16, 240, 2, 135, 2}, {2073600, 129600, 540, 270, 2, 1}: 0.00064144ms, 1%
main:@47 = reshape[dims={1, 16, 240, 1, 135, 1}](main:@44) -> half_type, {1, 16, 240, 1, 135, 1}, {518400, 32400, 135, 135, 1, 1}: 0.00061592ms, 1%
main:@48 = multibroadcast[out_lens={1, 16, 240, 2, 135, 2},out_dyn_dims={}](main:@47) -> half_type, {1, 16, 240, 2, 135, 2}, {518400, 32400, 135, 0, 1, 0}: 0.00086494ms, 1%
main:@49 = gpu::code_object[code_object=13624,symbol_name=add_kernel,global=2073600,local=1024,](main:@48,main:@45,main:@46) -> half_type, {1, 16, 240, 2, 135, 2}, {2073600, 129600, 540, 270, 2, 1}: 0.0351066ms, 1%
main:@50 = load[offset=0,end=0](main:@1) -> int8_type, {0}, {1}: 0.00074638ms, 1%
main:@51 = load[offset=4147200,end=8294400](main:@1) -> half_type, {1, 16, 480, 270}, {2073600, 129600, 270, 1}: 0.00059426ms, 1%
main:@52 = reshape[dims={1, 16, 480, 270}](main:@49) -> half_type, {1, 16, 480, 270}, {2073600, 129600, 270, 1}: 0.00061806ms, 1%
main:@53 = gpu::convolution[op={padding={0, 0, 0, 0},stride={1, 1},dilation={1, 1},group=1,padding_mode=0},solution_object={binary_object: 453},algo=0,int8_x4_format=0,solution_id=0](main:@52,main:@40,main:@50,main:@51) -> half_type, {1, 16, 480, 270}, {2073600, 129600, 270, 1}: 0.0348952ms, 1%
main:@54 = hip::hip_copy_literal[id=main:@literal:11] -> half_type, {16, 16, 3, 3}, {144, 9, 3, 1}: 0.00085572ms, 1%
main:@55 = hip::hip_copy_literal[id=main:@literal:12] -> half_type, {16}, {1}: 0.00053532ms, 1%
main:@56 = load[offset=0,end=4147200](main:@1) -> half_type, {1, 16, 480, 270}, {2073600, 129600, 270, 1}: 0.00067138ms, 1%
main:@57 = broadcast[axis=1,out_lens={1, 16, 480, 270}](main:@55) -> half_type, {1, 16, 480, 270}, {0, 1, 0, 0}: 0.00094854ms, 1%
main:@58 = gpu::code_object[code_object=13648,symbol_name=add_leaky_relu_kernel,global=518400,local=1024,](main:@53,main:@57,main:@56) -> half_type, {1, 16, 480, 270}, {2073600, 129600, 270, 1}: 0.0262611ms, 1%
main:@59 = load[offset=0,end=0](main:@1) -> int8_type, {0}, {1}: 0.00075544ms, 1%
main:@60 = load[offset=8294400,end=12441600](main:@1) -> half_type, {1, 16, 480, 270}, {2073600, 129600, 270, 1}: 0.00060444ms, 1%
main:@61 = gpu::convolution[op={padding={1, 1, 1, 1},stride={1, 1},dilation={1, 1},group=1,padding_mode=0},solution_object={binary_object: 468},algo=0,int8_x4_format=0,solution_id=0](main:@58,main:@54,main:@59,main:@60) -> half_type, {1, 16, 480, 270}, {2073600, 129600, 270, 1}: 0.061284ms, 2%
main:@62 = hip::hip_copy_literal[id=main:@literal:9] -> half_type, {16, 16, 1, 1}, {16, 1, 1, 1}: 0.0008305ms, 1%
main:@63 = hip::hip_copy_literal[id=main:@literal:10] -> half_type, {16}, {1}: 0.00053996ms, 1%
main:@64 = load[offset=4147200,end=8294400](main:@1) -> half_type, {1, 16, 480, 270}, {2073600, 129600, 270, 1}: 0.00065462ms, 1%
main:@65 = broadcast[axis=1,out_lens={1, 16, 480, 270}](main:@63) -> half_type, {1, 16, 480, 270}, {0, 1, 0, 0}: 0.000955ms, 1%
main:@66 = gpu::code_object[code_object=13648,symbol_name=add_leaky_relu_kernel,global=518400,local=1024,](main:@61,main:@65,main:@64) -> half_type, {1, 16, 480, 270}, {2073600, 129600, 270, 1}: 0.0263506ms, 1%
main:@67 = load[offset=41472000,end=58060800](main:@1) -> half_type, {1, 16, 480, 2, 270, 2}, {8294400, 518400, 1080, 540, 2, 1}: 0.00075744ms, 1%
main:@68 = reshape[dims={1, 16, 480, 2, 270, 2}](main:@23) -> half_type, {1, 16, 480, 2, 270, 2}, {8294400, 518400, 1080, 540, 2, 1}: 0.00072804ms, 1%
main:@69 = reshape[dims={1, 16, 480, 1, 270, 1}](main:@66) -> half_type, {1, 16, 480, 1, 270, 1}, {2073600, 129600, 270, 270, 1, 1}: 0.0005933ms, 1%
main:@70 = multibroadcast[out_lens={1, 16, 480, 2, 270, 2},out_dyn_dims={}](main:@69) -> half_type, {1, 16, 480, 2, 270, 2}, {2073600, 129600, 270, 0, 1, 0}: 0.00072086ms, 1%
main:@71 = gpu::code_object[code_object=13624,symbol_name=add_kernel,global=4147200,local=1024,](main:@70,main:@68,main:@67) -> half_type, {1, 16, 480, 2, 270, 2}, {8294400, 518400, 1080, 540, 2, 1}: 0.0556011ms, 2%
main:@72 = load[offset=0,end=0](main:@1) -> int8_type, {0}, {1}: 0.00073706ms, 1%
main:@73 = load[offset=0,end=16588800](main:@1) -> half_type, {1, 16, 960, 540}, {8294400, 518400, 540, 1}: 0.00058286ms, 1%
main:@74 = reshape[dims={1, 16, 960, 540}](main:@71) -> half_type, {1, 16, 960, 540}, {8294400, 518400, 540, 1}: 0.00061694ms, 1%
main:@75 = gpu::convolution[op={padding={0, 0, 0, 0},stride={1, 1},dilation={1, 1},group=1,padding_mode=0},solution_object={binary_object: 485},algo=0,int8_x4_format=0,solution_id=0](main:@74,main:@62,main:@72,main:@73) -> half_type, {1, 16, 960, 540}, {8294400, 518400, 540, 1}: 0.0667381ms, 2%
main:@76 = hip::hip_copy_literal[id=main:@literal:0] -> half_type, {4}, {1}: 0.000827ms, 1%
main:@77 = hip::hip_copy_literal[id=main:@literal:1] -> half_type, {4, 16, 3, 3}, {144, 9, 3, 1}: 0.00054514ms, 1%
main:@78 = hip::hip_copy_literal[id=main:@literal:2] -> half_type, {16}, {1}: 0.00053734ms, 1%
main:@79 = hip::hip_copy_literal[id=main:@literal:3] -> half_type, {16, 16, 3, 3}, {144, 9, 3, 1}: 0.00049288ms, 1%
main:@80 = hip::hip_copy_literal[id=main:@literal:4] -> half_type, {16}, {1}: 0.00052974ms, 1%
main:@81 = hip::hip_copy_literal[id=main:@literal:5] -> half_type, {16, 16, 1, 1}, {16, 1, 1, 1}: 0.00062784ms, 1%
main:@82 = hip::hip_copy_literal[id=main:@literal:6] -> half_type, {16}, {1}: 0.00048962ms, 1%
main:@83 = hip::hip_copy_literal[id=main:@literal:7] -> half_type, {16, 16, 3, 3}, {144, 9, 3, 1}: 0.00046646ms, 1%
main:@84 = hip::hip_copy_literal[id=main:@literal:8] -> half_type, {16}, {1}: 0.00047768ms, 1%
main:@85 = load[offset=33177600,end=49766400](main:@1) -> half_type, {1, 16, 960, 540}, {8294400, 518400, 540, 1}: 0.00083172ms, 1%
main:@86 = broadcast[axis=1,out_lens={1, 16, 960, 540}](main:@84) -> half_type, {1, 16, 960, 540}, {0, 1, 0, 0}: 0.00085404ms, 1%
main:@87 = gpu::code_object[code_object=13648,symbol_name=add_leaky_relu_kernel,global=1036800,local=1024,](main:@75,main:@86,main:@85) -> half_type, {1, 16, 960, 540}, {8294400, 518400, 540, 1}: 0.0542754ms, 2%
main:@88 = load[offset=0,end=0](main:@1) -> int8_type, {0}, {1}: 0.00075794ms, 1%
main:@89 = load[offset=16588800,end=33177600](main:@1) -> half_type, {1, 16, 960, 540}, {8294400, 518400, 540, 1}: 0.00060162ms, 1%
main:@90 = gpu::convolution[op={padding={1, 1, 1, 1},stride={1, 1},dilation={1, 1},group=1,padding_mode=0},solution_object={binary_object: 468},algo=0,int8_x4_format=0,solution_id=0](main:@87,main:@83,main:@88,main:@89) -> half_type, {1, 16, 960, 540}, {8294400, 518400, 540, 1}: 0.142759ms, 4%
main:@91 = load[offset=149299200,end=165888000](main:@1) -> half_type, {1, 16, 960, 540}, {8294400, 518400, 540, 1}: 0.0007777ms, 1%
main:@92 = broadcast[axis=1,out_lens={1, 16, 960, 540}](main:@82) -> half_type, {1, 16, 960, 540}, {0, 1, 0, 0}: 0.00094332ms, 1%
main:@93 = gpu::code_object[code_object=13648,symbol_name=add_leaky_relu_kernel,global=1036800,local=1024,](main:@90,main:@92,main:@91) -> half_type, {1, 16, 960, 540}, {8294400, 518400, 540, 1}: 0.0509488ms, 2%
main:@94 = load[offset=0,end=66355200](main:@1) -> half_type, {1, 16, 960, 2, 540, 2}, {33177600, 2073600, 2160, 1080, 2, 1}: 0.00074344ms, 1%
main:@95 = reshape[dims={1, 16, 960, 2, 540, 2}](main:@13) -> half_type, {1, 16, 960, 2, 540, 2}, {33177600, 2073600, 2160, 1080, 2, 1}: 0.00073538ms, 1%
main:@96 = reshape[dims={1, 16, 960, 1, 540, 1}](main:@93) -> half_type, {1, 16, 960, 1, 540, 1}, {8294400, 518400, 540, 540, 1, 1}: 0.00059088ms, 1%
main:@97 = multibroadcast[out_lens={1, 16, 960, 2, 540, 2},out_dyn_dims={}](main:@96) -> half_type, {1, 16, 960, 2, 540, 2}, {8294400, 518400, 540, 0, 1, 0}: 0.00072256ms, 1%
main:@98 = gpu::code_object[code_object=13624,symbol_name=add_kernel,global=16588800,local=1024,](main:@97,main:@95,main:@94) -> half_type, {1, 16, 960, 2, 540, 2}, {33177600, 2073600, 2160, 1080, 2, 1}: 0.164346ms, 5%
main:@99 = load[offset=0,end=0](main:@1) -> int8_type, {0}, {1}: 0.00074342ms, 1%
main:@100 = load[offset=66355200,end=132710400](main:@1) -> half_type, {1, 16, 1920, 1080}, {33177600, 2073600, 1080, 1}: 0.00058514ms, 1%
main:@101 = reshape[dims={1, 16, 1920, 1080}](main:@98) -> half_type, {1, 16, 1920, 1080}, {33177600, 2073600, 1080, 1}: 0.00060042ms, 1%
main:@102 = gpu::convolution[op={padding={0, 0, 0, 0},stride={1, 1},dilation={1, 1},group=1,padding_mode=0},solution_object={binary_object: 485},algo=0,int8_x4_format=0,solution_id=0](main:@101,main:@81,main:@99,main:@100) -> half_type, {1, 16, 1920, 1080}, {33177600, 2073600, 1080, 1}: 0.186991ms, 6%
main:@103 = load[offset=0,end=66355200](main:@1) -> half_type, {1, 16, 1920, 1080}, {33177600, 2073600, 1080, 1}: 0.000778ms, 1%
main:@104 = broadcast[axis=1,out_lens={1, 16, 1920, 1080}](main:@80) -> half_type, {1, 16, 1920, 1080}, {0, 1, 0, 0}: 0.00092044ms, 1%
main:@105 = gpu::code_object[code_object=13648,symbol_name=add_leaky_relu_kernel,global=4147200,local=1024,](main:@102,main:@104,main:@103) -> half_type, {1, 16, 1920, 1080}, {33177600, 2073600, 1080, 1}: 0.149215ms, 5%
main:@106 = load[offset=0,end=0](main:@1) -> int8_type, {0}, {1}: 0.00075602ms, 1%
main:@107 = load[offset=82944000,end=149299200](main:@1) -> half_type, {1, 16, 1920, 1080}, {33177600, 2073600, 1080, 1}: 0.00060562ms, 1%
main:@108 = gpu::convolution[op={padding={1, 1, 1, 1},stride={1, 1},dilation={1, 1},group=1,padding_mode=0},solution_object={binary_object: 468},algo=0,int8_x4_format=0,solution_id=0](main:@105,main:@79,main:@106,main:@107) -> half_type, {1, 16, 1920, 1080}, {33177600, 2073600, 1080, 1}: 0.492816ms, 14%
main:@109 = load[offset=16588800,end=82944000](main:@1) -> half_type, {1, 16, 1920, 1080}, {33177600, 2073600, 1080, 1}: 0.00077458ms, 1%
main:@110 = broadcast[axis=1,out_lens={1, 16, 1920, 1080}](main:@78) -> half_type, {1, 16, 1920, 1080}, {0, 1, 0, 0}: 0.00090788ms, 1%
main:@111 = gpu::code_object[code_object=13648,symbol_name=add_leaky_relu_kernel,global=4147200,local=1024,](main:@108,main:@110,main:@109) -> half_type, {1, 16, 1920, 1080}, {33177600, 2073600, 1080, 1}: 0.148298ms, 5%
main:@112 = load[offset=82944000,end=99532800](main:@1) -> half_type, {1, 4, 1920, 1080}, {8294400, 2073600, 1080, 1}: 0.00073698ms, 1%
main:@113 = load[offset=0,end=0](main:@1) -> int8_type, {0}, {1}: 0.0005845ms, 1%
main:@114 = gpu::convolution[op={padding={1, 1, 1, 1},stride={1, 1},dilation={1, 1},group=1,padding_mode=0},solution_object={binary_object: 463},algo=0,int8_x4_format=0,solution_id=0](main:@111,main:@77,main:@113,main:@112) -> half_type, {1, 4, 1920, 1080}, {8294400, 2073600, 1080, 1}: 0.32657ms, 9%
main:@115 = load[offset=0,end=16588800](main:@1) -> half_type, {1, 4, 1920, 1080}, {8294400, 2073600, 1080, 1}: 0.0007836ms, 1%
main:@116 = broadcast[axis=1,out_lens={1, 4, 1920, 1080}](main:@76) -> half_type, {1, 4, 1920, 1080}, {0, 1, 0, 0}: 0.00090692ms, 1%
main:@117 = gpu::code_object[code_object=13640,symbol_name=add_sigmoid_kernel,global=1036800,local=1024,](main:@114,main:@116,main:@115) -> half_type, {1, 4, 1920, 1080}, {8294400, 2073600, 1080, 1}: 0.0521206ms, 2%
main:#output_0 = @param:main:#output_0 -> half_type, {1, 1920, 1080, 4}, {8294400, 4320, 4, 1}: 0.0006734ms, 1%
main:@119 = transpose[permutation={0, 2, 3, 1}](main:@117) -> half_type, {1, 1920, 1080, 4}, {8294400, 1080, 1, 2073600}: 0.00093252ms, 1%
main:@120 = gpu::code_object[code_object=13640,symbol_name=contiguous_kernel,global=8294400,local=1024,](main:@119,main:#output_0) -> half_type, {1, 1920, 1080, 4}, {8294400, 4320, 4, 1}: 0.0847582ms, 3%
main:@121 = @return(main:@120)
Summary:
gpu::convolution: 1.96154ms / 11 = 0.178322ms, 55%
gpu::code_object::add_leaky_relu_kernel: 0.699866ms / 10 = 0.0699866ms, 20%
gpu::code_object::contiguous_kernel: 0.389362ms / 2 = 0.194681ms, 11%
gpu::code_object::add_kernel: 0.255054ms / 3 = 0.085018ms, 8%
gpu::pooling: 0.206115ms / 3 = 0.0687049ms, 6%
gpu::code_object::add_sigmoid_kernel: 0.0521206ms / 1 = 0.0521206ms, 2%
load: 0.0273737ms / 40 = 0.000684342ms, 1%
hip::hip_copy_literal: 0.0148461ms / 22 = 0.000674821ms, 1%
broadcast: 0.010354ms / 11 = 0.000941275ms, 1%
reshape: 0.00609324ms / 9 = 0.000677027ms, 1%
multibroadcast: 0.00230836ms / 3 = 0.000769453ms, 1%
transpose: 0.00184166ms / 2 = 0.00092083ms, 1%
@param: 0.00106278ms / 2 = 0.00053139ms, 1%
check_context::migraphx::gpu::context : 0.0007764ms / 1 = 0.0007764ms, 1%
hip::hip_allocate_memory: 0.00071226ms / 1 = 0.00071226ms, 1%

Batch size: 1
Rate: 323.739/sec
Total time: 3.08891ms
Total instructions time: 3.62943ms
Overhead time: 0.0267534ms, -0.540516ms
Overhead: 1%, -17%
