Running [ MIGraphX Version: 2.10.0.263509b10 ]: /src/AMDMIGraphX/build/bin/driver perf --gpu /new-saved-models/slim/mobilenet_i64.pb
Compiling ... 
Reading: /new-saved-models/slim/mobilenet_i64.pb
module: "main"
@0 = check_context::migraphx::gpu::context -> float_type, {}, {}
@1 = hip::hip_allocate_memory[shape=int8_type, {414728192}, {1},id=main:scratch] -> int8_type, {414728192}, {1}
@2 = hip::hip_copy_literal[id=main:@literal:13] -> float_type, {32, 3, 3, 3}, {27, 9, 3, 1}
@3 = load[offset=0,end=38880000](@1) -> float_type, {64, 3, 225, 225}, {151875, 50625, 225, 1}
input = @param:input -> float_type, {64, 3, 224, 224}, {150528, 50176, 224, 1}
@5 = gpu::code_object[code_object=5248,symbol_name=pad_kernel,global=212992,local=1024,](input,@3) -> float_type, {64, 3, 225, 225}, {151875, 50625, 225, 1}
@6 = load[offset=0,end=0](@1) -> int8_type, {0}, {1}
@7 = load[offset=205520896,end=308281344](@1) -> float_type, {64, 32, 112, 112}, {401408, 12544, 112, 1}
@8 = gpu::convolution[op={padding={0, 0, 0, 0},stride={2, 2},dilation={1, 1},group=1,padding_mode=0},solution_object={binary_object: 493},algo=0,solution_id=0](@5,@2,@6,@7) -> float_type, {64, 32, 112, 112}, {401408, 12544, 112, 1}
@9 = hip::hip_copy_literal[id=main:@literal:18] -> float_type, {512, 1, 1}, {1, 1, 1}
@10 = hip::hip_copy_literal[id=main:@literal:15] -> float_type, {256, 1, 3, 3}, {9, 9, 3, 1}
@11 = hip::hip_copy_literal[id=main:@literal:23] -> float_type, {512, 1, 1}, {1, 1, 1}
@12 = hip::hip_copy_literal[id=main:@literal:43] -> float_type, {128, 1, 1}, {1, 1, 1}
@13 = hip::hip_copy_literal[id=main:@literal:12] -> float_type, {64, 32, 1, 1}, {32, 1, 1, 1}
@14 = hip::hip_copy_literal[id=main:@literal:53] -> float_type, {512, 1, 1}, {1, 1, 1}
@15 = hip::hip_copy_literal[id=main:@literal:44] -> float_type, {128, 1, 3, 3}, {9, 9, 3, 1}
@16 = hip::hip_copy_literal[id=main:@literal:55] -> float_type, {1001}, {1}
@17 = hip::hip_copy_literal[id=main:@literal:26] -> float_type, {256, 1, 1}, {1, 1, 1}
@18 = hip::hip_copy_literal[id=main:@literal:29] -> float_type, {512, 1, 1}, {1, 1, 1}
@19 = hip::hip_copy_literal[id=main:@literal:41] -> float_type, {512, 1, 3, 3}, {9, 9, 3, 1}
@20 = hip::hip_copy_literal[id=main:@literal:14] -> float_type, {1001, 1024, 1, 1}, {1024, 1, 1, 1}
@21 = hip::hip_copy_literal[id=main:@literal:49] -> float_type, {512, 1, 3, 3}, {9, 9, 3, 1}
@22 = hip::hip_copy_literal[id=main:@literal:2] -> float_type, {512, 512, 1, 1}, {512, 1, 1, 1}
@23 = hip::hip_copy_literal[id=main:@literal:32] -> float_type, {64, 1, 1}, {1, 1, 1}
@24 = hip::hip_copy_literal[id=main:@literal:21] -> float_type, {512, 1, 1}, {1, 1, 1}
@25 = hip::hip_copy_literal[id=main:@literal:1] -> float_type, {512, 512, 1, 1}, {512, 1, 1, 1}
@26 = hip::hip_copy_literal[id=main:@literal:51] -> float_type, {512, 1, 1}, {1, 1, 1}
@27 = hip::hip_copy_literal[id=main:@literal:36] -> float_type, {64, 1, 1}, {1, 1, 1}
@28 = hip::hip_copy_literal[id=main:@literal:17] -> float_type, {512, 1, 1}, {1, 1, 1}
@29 = hip::hip_copy_literal[id=main:@literal:22] -> float_type, {1024, 1, 3, 3}, {9, 9, 3, 1}
@30 = hip::hip_copy_literal[id=main:@literal:8] -> float_type, {256, 256, 1, 1}, {256, 1, 1, 1}
@31 = hip::hip_copy_literal[id=main:@literal:16] -> float_type, {512, 1, 1}, {1, 1, 1}
@32 = hip::hip_copy_literal[id=main:@literal:20] -> float_type, {256, 1, 3, 3}, {9, 9, 3, 1}
@33 = hip::hip_copy_literal[id=main:@literal:37] -> float_type, {32, 1, 1}, {1, 1, 1}
@34 = hip::hip_copy_literal[id=main:@literal:30] -> float_type, {64, 1, 3, 3}, {9, 9, 3, 1}
@35 = hip::hip_copy_literal[id=main:@literal:5] -> float_type, {512, 256, 1, 1}, {256, 1, 1, 1}
@36 = hip::hip_copy_literal[id=main:@literal:38] -> float_type, {128, 1, 1}, {1, 1, 1}
@37 = hip::hip_copy_literal[id=main:@literal:28] -> float_type, {128, 1, 1}, {1, 1, 1}
@38 = hip::hip_copy_literal[id=main:@literal:35] -> float_type, {512, 1, 3, 3}, {9, 9, 3, 1}
@39 = hip::hip_copy_literal[id=main:@literal:7] -> float_type, {512, 512, 1, 1}, {512, 1, 1, 1}
@40 = hip::hip_copy_literal[id=main:@literal:48] -> float_type, {512, 1, 1}, {1, 1, 1}
@41 = hip::hip_copy_literal[id=main:@literal:31] -> float_type, {32, 1, 3, 3}, {9, 9, 3, 1}
@42 = hip::hip_copy_literal[id=main:@literal:4] -> float_type, {1024, 1024, 1, 1}, {1024, 1, 1, 1}
@43 = hip::hip_copy_literal[id=main:@literal:33] -> float_type, {512, 1, 3, 3}, {9, 9, 3, 1}
@44 = hip::hip_copy_literal[id=main:@literal:0] -> float_type, {512, 512, 1, 1}, {512, 1, 1, 1}
@45 = hip::hip_copy_literal[id=main:@literal:27] -> float_type, {256, 1, 1}, {1, 1, 1}
@46 = hip::hip_copy_literal[id=main:@literal:24] -> float_type, {128, 1, 1}, {1, 1, 1}
@47 = hip::hip_copy_literal[id=main:@literal:19] -> float_type, {1024, 1, 1}, {1, 1, 1}
@48 = hip::hip_copy_literal[id=main:@literal:25] -> float_type, {256, 1, 1}, {1, 1, 1}
@49 = hip::hip_copy_literal[id=main:@literal:45] -> float_type, {32, 1, 1}, {1, 1, 1}
@50 = hip::hip_copy_literal[id=main:@literal:52] -> float_type, {512, 1, 3, 3}, {9, 9, 3, 1}
@51 = hip::hip_copy_literal[id=main:@literal:34] -> float_type, {1024, 1, 1}, {1, 1, 1}
@52 = hip::hip_copy_literal[id=main:@literal:6] -> float_type, {512, 512, 1, 1}, {512, 1, 1, 1}
@53 = hip::hip_copy_literal[id=main:@literal:9] -> float_type, {256, 128, 1, 1}, {128, 1, 1, 1}
@54 = hip::hip_copy_literal[id=main:@literal:11] -> float_type, {128, 64, 1, 1}, {64, 1, 1, 1}
@55 = hip::hip_copy_literal[id=main:@literal:39] -> float_type, {512, 1, 1}, {1, 1, 1}
@56 = hip::hip_copy_literal[id=main:@literal:47] -> float_type, {512, 1, 3, 3}, {9, 9, 3, 1}
@57 = hip::hip_copy_literal[id=main:@literal:42] -> float_type, {512, 1, 1}, {1, 1, 1}
@58 = hip::hip_copy_literal[id=main:@literal:40] -> float_type, {128, 1, 3, 3}, {9, 9, 3, 1}
@59 = hip::hip_copy_literal[id=main:@literal:54] -> float_type, {1024, 1, 1}, {1, 1, 1}
@60 = hip::hip_copy_literal[id=main:@literal:50] -> float_type, {512, 1, 1}, {1, 1, 1}
@61 = hip::hip_copy_literal[id=main:@literal:46] -> float_type, {256, 1, 1}, {1, 1, 1}
@62 = hip::hip_copy_literal[id=main:@literal:3] -> float_type, {1024, 512, 1, 1}, {512, 1, 1, 1}
@63 = hip::hip_copy_literal[id=main:@literal:10] -> float_type, {128, 128, 1, 1}, {128, 1, 1, 1}
@64 = load[offset=102760448,end=205520896](@1) -> float_type, {64, 32, 112, 112}, {401408, 12544, 112, 1}
@65 = multibroadcast[out_lens={64, 32, 112, 112},out_dyn_dims={}](@49) -> float_type, {64, 32, 112, 112}, {0, 1, 0, 0}
@66 = gpu::code_object[code_object=5384,symbol_name=add_clip_kernel,global=3211264,local=1024,](@8,@65,@64) -> float_type, {64, 32, 112, 112}, {401408, 12544, 112, 1}
@67 = load[offset=0,end=102760448](@1) -> float_type, {64, 32, 112, 112}, {401408, 12544, 112, 1}
@68 = multibroadcast[out_lens={64, 32, 112, 112},out_dyn_dims={}](@33) -> float_type, {64, 32, 112, 112}, {0, 1, 0, 0}
@69 = gpu::code_object[code_object=5856,symbol_name=mlir_convolution_add_clip,global=51380224,local=256,](@68,@66,@41,@67) -> float_type, {64, 32, 112, 112}, {401408, 12544, 112, 1}
@70 = multibroadcast[out_lens={64, 64, 112, 112},out_dyn_dims={}](@23) -> float_type, {64, 64, 112, 112}, {0, 1, 0, 0}
@71 = load[offset=209207296,end=414728192](@1) -> float_type, {64, 64, 112, 112}, {802816, 12544, 112, 1}
@72 = gpu::code_object[code_object=7200,symbol_name=mlir_convolution_add_clip,global=3211264,local=256,](@70,@69,@13,@71) -> float_type, {64, 64, 112, 112}, {802816, 12544, 112, 1}
@73 = load[offset=0,end=209207296](@1) -> float_type, {64, 64, 113, 113}, {817216, 12769, 113, 1}
@74 = gpu::code_object[code_object=5248,symbol_name=pad_kernel,global=212992,local=1024,](@72,@73) -> float_type, {64, 64, 113, 113}, {817216, 12769, 113, 1}
@75 = load[offset=209207296,end=260587520](@1) -> float_type, {64, 64, 56, 56}, {200704, 3136, 56, 1}
@76 = multibroadcast[out_lens={64, 64, 56, 56},out_dyn_dims={}](@27) -> float_type, {64, 64, 56, 56}, {0, 1, 0, 0}
@77 = gpu::code_object[code_object=5728,symbol_name=mlir_convolution_add_clip,global=25690112,local=256,](@76,@74,@34,@75) -> float_type, {64, 64, 56, 56}, {200704, 3136, 56, 1}
@78 = load[offset=102760448,end=205520896](@1) -> float_type, {64, 128, 56, 56}, {401408, 3136, 56, 1}
@79 = multibroadcast[out_lens={64, 128, 56, 56},out_dyn_dims={}](@36) -> float_type, {64, 128, 56, 56}, {0, 1, 0, 0}
@80 = gpu::code_object[code_object=16480,symbol_name=mlir_convolution_add_clip,global=401408,local=256,](@79,@77,@54,@78) -> float_type, {64, 128, 56, 56}, {401408, 3136, 56, 1}
@81 = multibroadcast[out_lens={64, 128, 56, 56},out_dyn_dims={}](@12) -> float_type, {64, 128, 56, 56}, {0, 1, 0, 0}
@82 = load[offset=0,end=102760448](@1) -> float_type, {64, 128, 56, 56}, {401408, 3136, 56, 1}
@83 = gpu::code_object[code_object=5856,symbol_name=mlir_convolution_add_clip,global=51380224,local=256,](@81,@80,@58,@82) -> float_type, {64, 128, 56, 56}, {401408, 3136, 56, 1}
@84 = load[offset=209223680,end=311984128](@1) -> float_type, {64, 128, 56, 56}, {401408, 3136, 56, 1}
@85 = multibroadcast[out_lens={64, 128, 56, 56},out_dyn_dims={}](@37) -> float_type, {64, 128, 56, 56}, {0, 1, 0, 0}
@86 = gpu::code_object[code_object=8800,symbol_name=mlir_convolution_add_clip,global=1605632,local=256,](@85,@83,@63,@84) -> float_type, {64, 128, 56, 56}, {401408, 3136, 56, 1}
@87 = load[offset=102760448,end=209223680](@1) -> float_type, {64, 128, 57, 57}, {415872, 3249, 57, 1}
@88 = gpu::code_object[code_object=5248,symbol_name=pad_kernel,global=212992,local=1024,](@86,@87) -> float_type, {64, 128, 57, 57}, {415872, 3249, 57, 1}
@89 = load[offset=0,end=25690112](@1) -> float_type, {64, 128, 28, 28}, {100352, 784, 28, 1}
@90 = multibroadcast[out_lens={64, 128, 28, 28},out_dyn_dims={}](@46) -> float_type, {64, 128, 28, 28}, {0, 1, 0, 0}
@91 = gpu::code_object[code_object=5856,symbol_name=mlir_convolution_add_clip,global=6422528,local=256,](@90,@88,@15,@89) -> float_type, {64, 128, 28, 28}, {100352, 784, 28, 1}
@92 = load[offset=51380224,end=102760448](@1) -> float_type, {64, 256, 28, 28}, {200704, 784, 28, 1}
@93 = multibroadcast[out_lens={64, 256, 28, 28},out_dyn_dims={}](@61) -> float_type, {64, 256, 28, 28}, {0, 1, 0, 0}
@94 = gpu::code_object[code_object=13216,symbol_name=mlir_convolution_add_clip,global=200704,local=256,](@93,@91,@53,@92) -> float_type, {64, 256, 28, 28}, {200704, 784, 28, 1}
@95 = load[offset=0,end=51380224](@1) -> float_type, {64, 256, 28, 28}, {200704, 784, 28, 1}
@96 = multibroadcast[out_lens={64, 256, 28, 28},out_dyn_dims={}](@45) -> float_type, {64, 256, 28, 28}, {0, 1, 0, 0}
@97 = gpu::code_object[code_object=5792,symbol_name=mlir_convolution_add_clip,global=25690112,local=256,](@96,@94,@32,@95) -> float_type, {64, 256, 28, 28}, {200704, 784, 28, 1}
@98 = load[offset=106496000,end=157876224](@1) -> float_type, {64, 256, 28, 28}, {200704, 784, 28, 1}
@99 = multibroadcast[out_lens={64, 256, 28, 28},out_dyn_dims={}](@17) -> float_type, {64, 256, 28, 28}, {0, 1, 0, 0}
@100 = gpu::code_object[code_object=8096,symbol_name=mlir_convolution_add_clip,global=802816,local=256,](@99,@97,@30,@98) -> float_type, {64, 256, 28, 28}, {200704, 784, 28, 1}
@101 = load[offset=51380224,end=106496000](@1) -> float_type, {64, 256, 29, 29}, {215296, 841, 29, 1}
@102 = gpu::code_object[code_object=5248,symbol_name=pad_kernel,global=212992,local=1024,](@100,@101) -> float_type, {64, 256, 29, 29}, {215296, 841, 29, 1}
@103 = multibroadcast[out_lens={64, 256, 14, 14},out_dyn_dims={}](@48) -> float_type, {64, 256, 14, 14}, {0, 1, 0, 0}
@104 = load[offset=38535168,end=51380224](@1) -> float_type, {64, 256, 14, 14}, {50176, 196, 14, 1}
@105 = gpu::code_object[code_object=5792,symbol_name=mlir_convolution_add_clip,global=6422528,local=256,](@103,@102,@10,@104) -> float_type, {64, 256, 14, 14}, {50176, 196, 14, 1}
@106 = load[offset=12845056,end=38535168](@1) -> float_type, {64, 512, 14, 14}, {100352, 196, 14, 1}
@107 = multibroadcast[out_lens={64, 512, 14, 14},out_dyn_dims={}](@11) -> float_type, {64, 512, 14, 14}, {0, 1, 0, 0}
@108 = gpu::code_object[code_object=8032,symbol_name=mlir_convolution_add_clip,global=401408,local=256,](@107,@105,@35,@106) -> float_type, {64, 512, 14, 14}, {100352, 196, 14, 1}
@109 = load[offset=51380224,end=77070336](@1) -> float_type, {64, 512, 14, 14}, {100352, 196, 14, 1}
@110 = multibroadcast[out_lens={64, 512, 14, 14},out_dyn_dims={}](@24) -> float_type, {64, 512, 14, 14}, {0, 1, 0, 0}
@111 = gpu::code_object[code_object=5856,symbol_name=mlir_convolution_add_clip,global=12845056,local=256,](@110,@108,@43,@109) -> float_type, {64, 512, 14, 14}, {100352, 196, 14, 1}
@112 = load[offset=25690112,end=51380224](@1) -> float_type, {64, 512, 14, 14}, {100352, 196, 14, 1}
@113 = multibroadcast[out_lens={64, 512, 14, 14},out_dyn_dims={}](@18) -> float_type, {64, 512, 14, 14}, {0, 1, 0, 0}
@114 = gpu::code_object[code_object=7392,symbol_name=mlir_convolution_add_clip,global=401408,local=256,](@113,@111,@22,@112) -> float_type, {64, 512, 14, 14}, {100352, 196, 14, 1}
@115 = load[offset=0,end=25690112](@1) -> float_type, {64, 512, 14, 14}, {100352, 196, 14, 1}
@116 = multibroadcast[out_lens={64, 512, 14, 14},out_dyn_dims={}](@55) -> float_type, {64, 512, 14, 14}, {0, 1, 0, 0}
@117 = gpu::code_object[code_object=5856,symbol_name=mlir_convolution_add_clip,global=12845056,local=256,](@116,@114,@19,@115) -> float_type, {64, 512, 14, 14}, {100352, 196, 14, 1}
@118 = multibroadcast[out_lens={64, 512, 14, 14},out_dyn_dims={}](@9) -> float_type, {64, 512, 14, 14}, {0, 1, 0, 0}
@119 = load[offset=51380224,end=77070336](@1) -> float_type, {64, 512, 14, 14}, {100352, 196, 14, 1}
@120 = gpu::code_object[code_object=7392,symbol_name=mlir_convolution_add_clip,global=401408,local=256,](@118,@117,@25,@119) -> float_type, {64, 512, 14, 14}, {100352, 196, 14, 1}
@121 = load[offset=25690112,end=51380224](@1) -> float_type, {64, 512, 14, 14}, {100352, 196, 14, 1}
@122 = multibroadcast[out_lens={64, 512, 14, 14},out_dyn_dims={}](@28) -> float_type, {64, 512, 14, 14}, {0, 1, 0, 0}
@123 = gpu::code_object[code_object=5856,symbol_name=mlir_convolution_add_clip,global=12845056,local=256,](@122,@120,@56,@121) -> float_type, {64, 512, 14, 14}, {100352, 196, 14, 1}
@124 = multibroadcast[out_lens={64, 512, 14, 14},out_dyn_dims={}](@31) -> float_type, {64, 512, 14, 14}, {0, 1, 0, 0}
@125 = load[offset=0,end=25690112](@1) -> float_type, {64, 512, 14, 14}, {100352, 196, 14, 1}
@126 = gpu::code_object[code_object=7392,symbol_name=mlir_convolution_add_clip,global=401408,local=256,](@124,@123,@44,@125) -> float_type, {64, 512, 14, 14}, {100352, 196, 14, 1}
@127 = load[offset=51380224,end=77070336](@1) -> float_type, {64, 512, 14, 14}, {100352, 196, 14, 1}
@128 = multibroadcast[out_lens={64, 512, 14, 14},out_dyn_dims={}](@40) -> float_type, {64, 512, 14, 14}, {0, 1, 0, 0}
@129 = gpu::code_object[code_object=5856,symbol_name=mlir_convolution_add_clip,global=12845056,local=256,](@128,@126,@38,@127) -> float_type, {64, 512, 14, 14}, {100352, 196, 14, 1}
@130 = multibroadcast[out_lens={64, 512, 14, 14},out_dyn_dims={}](@57) -> float_type, {64, 512, 14, 14}, {0, 1, 0, 0}
@131 = load[offset=25690112,end=51380224](@1) -> float_type, {64, 512, 14, 14}, {100352, 196, 14, 1}
@132 = gpu::code_object[code_object=7392,symbol_name=mlir_convolution_add_clip,global=401408,local=256,](@130,@129,@39,@131) -> float_type, {64, 512, 14, 14}, {100352, 196, 14, 1}
@133 = load[offset=0,end=25690112](@1) -> float_type, {64, 512, 14, 14}, {100352, 196, 14, 1}
@134 = multibroadcast[out_lens={64, 512, 14, 14},out_dyn_dims={}](@60) -> float_type, {64, 512, 14, 14}, {0, 1, 0, 0}
@135 = gpu::code_object[code_object=5856,symbol_name=mlir_convolution_add_clip,global=12845056,local=256,](@134,@132,@21,@133) -> float_type, {64, 512, 14, 14}, {100352, 196, 14, 1}
@136 = multibroadcast[out_lens={64, 512, 14, 14},out_dyn_dims={}](@26) -> float_type, {64, 512, 14, 14}, {0, 1, 0, 0}
@137 = load[offset=55181312,end=80871424](@1) -> float_type, {64, 512, 14, 14}, {100352, 196, 14, 1}
@138 = gpu::code_object[code_object=7392,symbol_name=mlir_convolution_add_clip,global=401408,local=256,](@136,@135,@52,@137) -> float_type, {64, 512, 14, 14}, {100352, 196, 14, 1}
@139 = load[offset=25690112,end=55181312](@1) -> float_type, {64, 512, 15, 15}, {115200, 225, 15, 1}
@140 = gpu::code_object[code_object=5248,symbol_name=pad_kernel,global=212992,local=1024,](@138,@139) -> float_type, {64, 512, 15, 15}, {115200, 225, 15, 1}
@141 = multibroadcast[out_lens={64, 512, 7, 7},out_dyn_dims={}](@14) -> float_type, {64, 512, 7, 7}, {0, 1, 0, 0}
@142 = load[offset=12845056,end=19267584](@1) -> float_type, {64, 512, 7, 7}, {25088, 49, 7, 1}
@143 = gpu::code_object[code_object=5920,symbol_name=mlir_convolution_add_clip,global=3276800,local=256,](@141,@140,@50,@142) -> float_type, {64, 512, 7, 7}, {25088, 49, 7, 1}
@144 = load[offset=0,end=12845056](@1) -> float_type, {64, 1024, 7, 7}, {50176, 49, 7, 1}
@145 = multibroadcast[out_lens={64, 1024, 7, 7},out_dyn_dims={}](@47) -> float_type, {64, 1024, 7, 7}, {0, 1, 0, 0}
@146 = gpu::code_object[code_object=16544,symbol_name=mlir_convolution_add_clip,global=51200,local=256,](@145,@143,@62,@144) -> float_type, {64, 1024, 7, 7}, {50176, 49, 7, 1}
@147 = load[offset=19267584,end=32112640](@1) -> float_type, {64, 1024, 7, 7}, {50176, 49, 7, 1}
@148 = multibroadcast[out_lens={64, 1024, 7, 7},out_dyn_dims={}](@51) -> float_type, {64, 1024, 7, 7}, {0, 1, 0, 0}
@149 = gpu::code_object[code_object=6688,symbol_name=mlir_convolution_add_clip,global=3407872,local=256,](@148,@146,@29,@147) -> float_type, {64, 1024, 7, 7}, {50176, 49, 7, 1}
@150 = load[offset=262144,end=13107200](@1) -> float_type, {64, 1024, 7, 7}, {50176, 49, 7, 1}
@151 = multibroadcast[out_lens={64, 1024, 7, 7},out_dyn_dims={}](@59) -> float_type, {64, 1024, 7, 7}, {0, 1, 0, 0}
@152 = gpu::code_object[code_object=16544,symbol_name=mlir_convolution_add_clip,global=51200,local=256,](@151,@149,@42,@150) -> float_type, {64, 1024, 7, 7}, {50176, 49, 7, 1}
@153 = load[offset=13107200,end=13369344](@1) -> float_type, {64, 1024, 1, 1}, {1024, 1, 1, 1}
@154 = gpu::pooling[mode=average,padding={0, 0, 0, 0},padding_mode=0,stride={2, 2},lengths={7, 7},dilations={1, 1},ceil_mode=0,lp_order=2,dyn_global=0](@152,@153) -> float_type, {64, 1024, 1, 1}, {1024, 1, 1, 1}
@155 = broadcast[axis=1,out_lens={64, 1001, 1, 1}](@16) -> float_type, {64, 1001, 1, 1}, {0, 1, 0, 0}
@156 = load[offset=0,end=256256](@1) -> float_type, {64, 1001, 1, 1}, {1001, 1, 1, 1}
@157 = gpu::code_object[code_object=6864,symbol_name=mlir_convolution_add,global=16384,local=256,](@155,@154,@20,@156) -> float_type, {64, 1001, 1, 1}, {1001, 1, 1, 1}
main:#output_0 = @param:main:#output_0 -> float_type, {64, 1001}, {1001, 1}
@159 = transpose[permutation={0, 2, 3, 1}](@157) -> float_type, {64, 1, 1, 1001}, {1001, 1, 1, 1}
@160 = squeeze[axes={1, 2}](@159) -> float_type, {64, 1001}, {1001, 1}
@161 = gpu::code_object[code_object=6848,symbol_name=reduce_max_sub_exp_reduce_sum_div_kernel,global=16384,local=256,](@160,main:#output_0) -> float_type, {64, 1001}, {1001, 1}
@162 = @return(@161)


Allocating params ... 
Running performance report ... 
@0 = check_context::migraphx::gpu::context -> float_type, {}, {}: 0.00071456ms, 1%
@1 = hip::hip_allocate_memory[shape=int8_type, {414728192}, {1},id=main:scratch] -> int8_type, {414728192}, {1}: 0.000705ms, 1%
@2 = hip::hip_copy_literal[id=main:@literal:13] -> float_type, {32, 3, 3, 3}, {27, 9, 3, 1}: 0.00068336ms, 1%
@3 = load[offset=0,end=38880000](@1) -> float_type, {64, 3, 225, 225}, {151875, 50625, 225, 1}: 0.0006166ms, 1%
input = @param:input -> float_type, {64, 3, 224, 224}, {150528, 50176, 224, 1}: 0.00034444ms, 1%
@5 = gpu::code_object[code_object=5248,symbol_name=pad_kernel,global=212992,local=1024,](input,@3) -> float_type, {64, 3, 225, 225}, {151875, 50625, 225, 1}: 0.0893878ms, 1%
@6 = load[offset=0,end=0](@1) -> int8_type, {0}, {1}: 0.00058974ms, 1%
@7 = load[offset=205520896,end=308281344](@1) -> float_type, {64, 32, 112, 112}, {401408, 12544, 112, 1}: 0.00046948ms, 1%
@8 = gpu::convolution[op={padding={0, 0, 0, 0},stride={2, 2},dilation={1, 1},group=1,padding_mode=0},solution_object={binary_object: 493},algo=0,solution_id=0](@5,@2,@6,@7) -> float_type, {64, 32, 112, 112}, {401408, 12544, 112, 1}: 0.158922ms, 2%
@9 = hip::hip_copy_literal[id=main:@literal:18] -> float_type, {512, 1, 1}, {1, 1, 1}: 0.00066904ms, 1%
@10 = hip::hip_copy_literal[id=main:@literal:15] -> float_type, {256, 1, 3, 3}, {9, 9, 3, 1}: 0.00065024ms, 1%
@11 = hip::hip_copy_literal[id=main:@literal:23] -> float_type, {512, 1, 1}, {1, 1, 1}: 0.00043212ms, 1%
@12 = hip::hip_copy_literal[id=main:@literal:43] -> float_type, {128, 1, 1}, {1, 1, 1}: 0.00067258ms, 1%
@13 = hip::hip_copy_literal[id=main:@literal:12] -> float_type, {64, 32, 1, 1}, {32, 1, 1, 1}: 0.00045388ms, 1%
@14 = hip::hip_copy_literal[id=main:@literal:53] -> float_type, {512, 1, 1}, {1, 1, 1}: 0.00045538ms, 1%
@15 = hip::hip_copy_literal[id=main:@literal:44] -> float_type, {128, 1, 3, 3}, {9, 9, 3, 1}: 0.00044486ms, 1%
@16 = hip::hip_copy_literal[id=main:@literal:55] -> float_type, {1001}, {1}: 0.0005194ms, 1%
@17 = hip::hip_copy_literal[id=main:@literal:26] -> float_type, {256, 1, 1}, {1, 1, 1}: 0.00043066ms, 1%
@18 = hip::hip_copy_literal[id=main:@literal:29] -> float_type, {512, 1, 1}, {1, 1, 1}: 0.00048254ms, 1%
@19 = hip::hip_copy_literal[id=main:@literal:41] -> float_type, {512, 1, 3, 3}, {9, 9, 3, 1}: 0.00040082ms, 1%
@20 = hip::hip_copy_literal[id=main:@literal:14] -> float_type, {1001, 1024, 1, 1}, {1024, 1, 1, 1}: 0.00048658ms, 1%
@21 = hip::hip_copy_literal[id=main:@literal:49] -> float_type, {512, 1, 3, 3}, {9, 9, 3, 1}: 0.0004136ms, 1%
@22 = hip::hip_copy_literal[id=main:@literal:2] -> float_type, {512, 512, 1, 1}, {512, 1, 1, 1}: 0.00040374ms, 1%
@23 = hip::hip_copy_literal[id=main:@literal:32] -> float_type, {64, 1, 1}, {1, 1, 1}: 0.00049598ms, 1%
@24 = hip::hip_copy_literal[id=main:@literal:21] -> float_type, {512, 1, 1}, {1, 1, 1}: 0.000404ms, 1%
@25 = hip::hip_copy_literal[id=main:@literal:1] -> float_type, {512, 512, 1, 1}, {512, 1, 1, 1}: 0.00040276ms, 1%
@26 = hip::hip_copy_literal[id=main:@literal:51] -> float_type, {512, 1, 1}, {1, 1, 1}: 0.00048348ms, 1%
@27 = hip::hip_copy_literal[id=main:@literal:36] -> float_type, {64, 1, 1}, {1, 1, 1}: 0.00045408ms, 1%
@28 = hip::hip_copy_literal[id=main:@literal:17] -> float_type, {512, 1, 1}, {1, 1, 1}: 0.0004681ms, 1%
@29 = hip::hip_copy_literal[id=main:@literal:22] -> float_type, {1024, 1, 3, 3}, {9, 9, 3, 1}: 0.00042274ms, 1%
@30 = hip::hip_copy_literal[id=main:@literal:8] -> float_type, {256, 256, 1, 1}, {256, 1, 1, 1}: 0.00037912ms, 1%
@31 = hip::hip_copy_literal[id=main:@literal:16] -> float_type, {512, 1, 1}, {1, 1, 1}: 0.00057334ms, 1%
@32 = hip::hip_copy_literal[id=main:@literal:20] -> float_type, {256, 1, 3, 3}, {9, 9, 3, 1}: 0.0004026ms, 1%
@33 = hip::hip_copy_literal[id=main:@literal:37] -> float_type, {32, 1, 1}, {1, 1, 1}: 0.00058356ms, 1%
@34 = hip::hip_copy_literal[id=main:@literal:30] -> float_type, {64, 1, 3, 3}, {9, 9, 3, 1}: 0.00042692ms, 1%
@35 = hip::hip_copy_literal[id=main:@literal:5] -> float_type, {512, 256, 1, 1}, {256, 1, 1, 1}: 0.0003682ms, 1%
@36 = hip::hip_copy_literal[id=main:@literal:38] -> float_type, {128, 1, 1}, {1, 1, 1}: 0.00044578ms, 1%
@37 = hip::hip_copy_literal[id=main:@literal:28] -> float_type, {128, 1, 1}, {1, 1, 1}: 0.0005268ms, 1%
@38 = hip::hip_copy_literal[id=main:@literal:35] -> float_type, {512, 1, 3, 3}, {9, 9, 3, 1}: 0.00046064ms, 1%
@39 = hip::hip_copy_literal[id=main:@literal:7] -> float_type, {512, 512, 1, 1}, {512, 1, 1, 1}: 0.00037584ms, 1%
@40 = hip::hip_copy_literal[id=main:@literal:48] -> float_type, {512, 1, 1}, {1, 1, 1}: 0.00042472ms, 1%
@41 = hip::hip_copy_literal[id=main:@literal:31] -> float_type, {32, 1, 3, 3}, {9, 9, 3, 1}: 0.00048934ms, 1%
@42 = hip::hip_copy_literal[id=main:@literal:4] -> float_type, {1024, 1024, 1, 1}, {1024, 1, 1, 1}: 0.00043446ms, 1%
@43 = hip::hip_copy_literal[id=main:@literal:33] -> float_type, {512, 1, 3, 3}, {9, 9, 3, 1}: 0.00045606ms, 1%
@44 = hip::hip_copy_literal[id=main:@literal:0] -> float_type, {512, 512, 1, 1}, {512, 1, 1, 1}: 0.00038188ms, 1%
@45 = hip::hip_copy_literal[id=main:@literal:27] -> float_type, {256, 1, 1}, {1, 1, 1}: 0.00046586ms, 1%
@46 = hip::hip_copy_literal[id=main:@literal:24] -> float_type, {128, 1, 1}, {1, 1, 1}: 0.00040638ms, 1%
@47 = hip::hip_copy_literal[id=main:@literal:19] -> float_type, {1024, 1, 1}, {1, 1, 1}: 0.00041232ms, 1%
@48 = hip::hip_copy_literal[id=main:@literal:25] -> float_type, {256, 1, 1}, {1, 1, 1}: 0.000398ms, 1%
@49 = hip::hip_copy_literal[id=main:@literal:45] -> float_type, {32, 1, 1}, {1, 1, 1}: 0.00044284ms, 1%
@50 = hip::hip_copy_literal[id=main:@literal:52] -> float_type, {512, 1, 3, 3}, {9, 9, 3, 1}: 0.00042248ms, 1%
@51 = hip::hip_copy_literal[id=main:@literal:34] -> float_type, {1024, 1, 1}, {1, 1, 1}: 0.00043078ms, 1%
@52 = hip::hip_copy_literal[id=main:@literal:6] -> float_type, {512, 512, 1, 1}, {512, 1, 1, 1}: 0.0003832ms, 1%
@53 = hip::hip_copy_literal[id=main:@literal:9] -> float_type, {256, 128, 1, 1}, {128, 1, 1, 1}: 0.00036584ms, 1%
@54 = hip::hip_copy_literal[id=main:@literal:11] -> float_type, {128, 64, 1, 1}, {64, 1, 1, 1}: 0.00054222ms, 1%
@55 = hip::hip_copy_literal[id=main:@literal:39] -> float_type, {512, 1, 1}, {1, 1, 1}: 0.00043316ms, 1%
@56 = hip::hip_copy_literal[id=main:@literal:47] -> float_type, {512, 1, 3, 3}, {9, 9, 3, 1}: 0.0004281ms, 1%
@57 = hip::hip_copy_literal[id=main:@literal:42] -> float_type, {512, 1, 1}, {1, 1, 1}: 0.00042772ms, 1%
@58 = hip::hip_copy_literal[id=main:@literal:40] -> float_type, {128, 1, 3, 3}, {9, 9, 3, 1}: 0.0004265ms, 1%
@59 = hip::hip_copy_literal[id=main:@literal:54] -> float_type, {1024, 1, 1}, {1, 1, 1}: 0.00054162ms, 1%
@60 = hip::hip_copy_literal[id=main:@literal:50] -> float_type, {512, 1, 1}, {1, 1, 1}: 0.00045664ms, 1%
@61 = hip::hip_copy_literal[id=main:@literal:46] -> float_type, {256, 1, 1}, {1, 1, 1}: 0.0004439ms, 1%
@62 = hip::hip_copy_literal[id=main:@literal:3] -> float_type, {1024, 512, 1, 1}, {512, 1, 1, 1}: 0.00054406ms, 1%
@63 = hip::hip_copy_literal[id=main:@literal:10] -> float_type, {128, 128, 1, 1}, {128, 1, 1, 1}: 0.00047296ms, 1%
@64 = load[offset=102760448,end=205520896](@1) -> float_type, {64, 32, 112, 112}, {401408, 12544, 112, 1}: 0.00062944ms, 1%
@65 = multibroadcast[out_lens={64, 32, 112, 112},out_dyn_dims={}](@49) -> float_type, {64, 32, 112, 112}, {0, 1, 0, 0}: 0.00098686ms, 1%
@66 = gpu::code_object[code_object=5384,symbol_name=add_clip_kernel,global=3211264,local=1024,](@8,@65,@64) -> float_type, {64, 32, 112, 112}, {401408, 12544, 112, 1}: 0.174823ms, 2%
@67 = load[offset=0,end=102760448](@1) -> float_type, {64, 32, 112, 112}, {401408, 12544, 112, 1}: 0.00058228ms, 1%
@68 = multibroadcast[out_lens={64, 32, 112, 112},out_dyn_dims={}](@33) -> float_type, {64, 32, 112, 112}, {0, 1, 0, 0}: 0.00119428ms, 1%
@69 = gpu::code_object[code_object=5856,symbol_name=mlir_convolution_add_clip,global=51380224,local=256,](@68,@66,@41,@67) -> float_type, {64, 32, 112, 112}, {401408, 12544, 112, 1}: 1.08009ms, 11%
@70 = multibroadcast[out_lens={64, 64, 112, 112},out_dyn_dims={}](@23) -> float_type, {64, 64, 112, 112}, {0, 1, 0, 0}: 0.0008036ms, 1%
@71 = load[offset=209207296,end=414728192](@1) -> float_type, {64, 64, 112, 112}, {802816, 12544, 112, 1}: 0.00052676ms, 1%
@72 = gpu::code_object[code_object=7200,symbol_name=mlir_convolution_add_clip,global=3211264,local=256,](@70,@69,@13,@71) -> float_type, {64, 64, 112, 112}, {802816, 12544, 112, 1}: 0.28825ms, 3%
@73 = load[offset=0,end=209207296](@1) -> float_type, {64, 64, 113, 113}, {817216, 12769, 113, 1}: 0.0005657ms, 1%
@74 = gpu::code_object[code_object=5248,symbol_name=pad_kernel,global=212992,local=1024,](@72,@73) -> float_type, {64, 64, 113, 113}, {817216, 12769, 113, 1}: 0.450504ms, 5%
@75 = load[offset=209207296,end=260587520](@1) -> float_type, {64, 64, 56, 56}, {200704, 3136, 56, 1}: 0.00058504ms, 1%
@76 = multibroadcast[out_lens={64, 64, 56, 56},out_dyn_dims={}](@27) -> float_type, {64, 64, 56, 56}, {0, 1, 0, 0}: 0.00130886ms, 1%
@77 = gpu::code_object[code_object=5728,symbol_name=mlir_convolution_add_clip,global=25690112,local=256,](@76,@74,@34,@75) -> float_type, {64, 64, 56, 56}, {200704, 3136, 56, 1}: 0.591878ms, 6%
@78 = load[offset=102760448,end=205520896](@1) -> float_type, {64, 128, 56, 56}, {401408, 3136, 56, 1}: 0.00056184ms, 1%
@79 = multibroadcast[out_lens={64, 128, 56, 56},out_dyn_dims={}](@36) -> float_type, {64, 128, 56, 56}, {0, 1, 0, 0}: 0.00117546ms, 1%
@80 = gpu::code_object[code_object=16480,symbol_name=mlir_convolution_add_clip,global=401408,local=256,](@79,@77,@54,@78) -> float_type, {64, 128, 56, 56}, {401408, 3136, 56, 1}: 0.205637ms, 3%
@81 = multibroadcast[out_lens={64, 128, 56, 56},out_dyn_dims={}](@12) -> float_type, {64, 128, 56, 56}, {0, 1, 0, 0}: 0.00129822ms, 1%
@82 = load[offset=0,end=102760448](@1) -> float_type, {64, 128, 56, 56}, {401408, 3136, 56, 1}: 0.00053022ms, 1%
@83 = gpu::code_object[code_object=5856,symbol_name=mlir_convolution_add_clip,global=51380224,local=256,](@81,@80,@58,@82) -> float_type, {64, 128, 56, 56}, {401408, 3136, 56, 1}: 1.1133ms, 12%
@84 = load[offset=209223680,end=311984128](@1) -> float_type, {64, 128, 56, 56}, {401408, 3136, 56, 1}: 0.00057544ms, 1%
@85 = multibroadcast[out_lens={64, 128, 56, 56},out_dyn_dims={}](@37) -> float_type, {64, 128, 56, 56}, {0, 1, 0, 0}: 0.00067974ms, 1%
@86 = gpu::code_object[code_object=8800,symbol_name=mlir_convolution_add_clip,global=1605632,local=256,](@85,@83,@63,@84) -> float_type, {64, 128, 56, 56}, {401408, 3136, 56, 1}: 0.275724ms, 3%
@87 = load[offset=102760448,end=209223680](@1) -> float_type, {64, 128, 57, 57}, {415872, 3249, 57, 1}: 0.00055726ms, 1%
@88 = gpu::code_object[code_object=5248,symbol_name=pad_kernel,global=212992,local=1024,](@86,@87) -> float_type, {64, 128, 57, 57}, {415872, 3249, 57, 1}: 0.218201ms, 3%
@89 = load[offset=0,end=25690112](@1) -> float_type, {64, 128, 28, 28}, {100352, 784, 28, 1}: 0.00058128ms, 1%
@90 = multibroadcast[out_lens={64, 128, 28, 28},out_dyn_dims={}](@46) -> float_type, {64, 128, 28, 28}, {0, 1, 0, 0}: 0.0017748ms, 1%
@91 = gpu::code_object[code_object=5856,symbol_name=mlir_convolution_add_clip,global=6422528,local=256,](@90,@88,@15,@89) -> float_type, {64, 128, 28, 28}, {100352, 784, 28, 1}: 0.261944ms, 3%
@92 = load[offset=51380224,end=102760448](@1) -> float_type, {64, 256, 28, 28}, {200704, 784, 28, 1}: 0.000551ms, 1%
@93 = multibroadcast[out_lens={64, 256, 28, 28},out_dyn_dims={}](@61) -> float_type, {64, 256, 28, 28}, {0, 1, 0, 0}: 0.00067104ms, 1%
@94 = gpu::code_object[code_object=13216,symbol_name=mlir_convolution_add_clip,global=200704,local=256,](@93,@91,@53,@92) -> float_type, {64, 256, 28, 28}, {200704, 784, 28, 1}: 0.163537ms, 2%
@95 = load[offset=0,end=51380224](@1) -> float_type, {64, 256, 28, 28}, {200704, 784, 28, 1}: 0.00069912ms, 1%
@96 = multibroadcast[out_lens={64, 256, 28, 28},out_dyn_dims={}](@45) -> float_type, {64, 256, 28, 28}, {0, 1, 0, 0}: 0.00201002ms, 1%
@97 = gpu::code_object[code_object=5792,symbol_name=mlir_convolution_add_clip,global=25690112,local=256,](@96,@94,@32,@95) -> float_type, {64, 256, 28, 28}, {200704, 784, 28, 1}: 0.540179ms, 6%
@98 = load[offset=106496000,end=157876224](@1) -> float_type, {64, 256, 28, 28}, {200704, 784, 28, 1}: 0.00070338ms, 1%
@99 = multibroadcast[out_lens={64, 256, 28, 28},out_dyn_dims={}](@17) -> float_type, {64, 256, 28, 28}, {0, 1, 0, 0}: 0.0008076ms, 1%
@100 = gpu::code_object[code_object=8096,symbol_name=mlir_convolution_add_clip,global=802816,local=256,](@99,@97,@30,@98) -> float_type, {64, 256, 28, 28}, {200704, 784, 28, 1}: 0.238947ms, 3%
@101 = load[offset=51380224,end=106496000](@1) -> float_type, {64, 256, 29, 29}, {215296, 841, 29, 1}: 0.0005506ms, 1%
@102 = gpu::code_object[code_object=5248,symbol_name=pad_kernel,global=212992,local=1024,](@100,@101) -> float_type, {64, 256, 29, 29}, {215296, 841, 29, 1}: 0.113616ms, 2%
@103 = multibroadcast[out_lens={64, 256, 14, 14},out_dyn_dims={}](@48) -> float_type, {64, 256, 14, 14}, {0, 1, 0, 0}: 0.0016126ms, 1%
@104 = load[offset=38535168,end=51380224](@1) -> float_type, {64, 256, 14, 14}, {50176, 196, 14, 1}: 0.00050214ms, 1%
@105 = gpu::code_object[code_object=5792,symbol_name=mlir_convolution_add_clip,global=6422528,local=256,](@103,@102,@10,@104) -> float_type, {64, 256, 14, 14}, {50176, 196, 14, 1}: 0.156552ms, 2%
@106 = load[offset=12845056,end=38535168](@1) -> float_type, {64, 512, 14, 14}, {100352, 196, 14, 1}: 0.00055244ms, 1%
@107 = multibroadcast[out_lens={64, 512, 14, 14},out_dyn_dims={}](@11) -> float_type, {64, 512, 14, 14}, {0, 1, 0, 0}: 0.00133146ms, 1%
@108 = gpu::code_object[code_object=8032,symbol_name=mlir_convolution_add_clip,global=401408,local=256,](@107,@105,@35,@106) -> float_type, {64, 512, 14, 14}, {100352, 196, 14, 1}: 0.140687ms, 2%
@109 = load[offset=51380224,end=77070336](@1) -> float_type, {64, 512, 14, 14}, {100352, 196, 14, 1}: 0.00054486ms, 1%
@110 = multibroadcast[out_lens={64, 512, 14, 14},out_dyn_dims={}](@24) -> float_type, {64, 512, 14, 14}, {0, 1, 0, 0}: 0.0012158ms, 1%
@111 = gpu::code_object[code_object=5856,symbol_name=mlir_convolution_add_clip,global=12845056,local=256,](@110,@108,@43,@109) -> float_type, {64, 512, 14, 14}, {100352, 196, 14, 1}: 0.276535ms, 3%
@112 = load[offset=25690112,end=51380224](@1) -> float_type, {64, 512, 14, 14}, {100352, 196, 14, 1}: 0.0005368ms, 1%
@113 = multibroadcast[out_lens={64, 512, 14, 14},out_dyn_dims={}](@18) -> float_type, {64, 512, 14, 14}, {0, 1, 0, 0}: 0.00071354ms, 1%
@114 = gpu::code_object[code_object=7392,symbol_name=mlir_convolution_add_clip,global=401408,local=256,](@113,@111,@22,@112) -> float_type, {64, 512, 14, 14}, {100352, 196, 14, 1}: 0.23936ms, 3%
@115 = load[offset=0,end=25690112](@1) -> float_type, {64, 512, 14, 14}, {100352, 196, 14, 1}: 0.0005458ms, 1%
@116 = multibroadcast[out_lens={64, 512, 14, 14},out_dyn_dims={}](@55) -> float_type, {64, 512, 14, 14}, {0, 1, 0, 0}: 0.0012342ms, 1%
@117 = gpu::code_object[code_object=5856,symbol_name=mlir_convolution_add_clip,global=12845056,local=256,](@116,@114,@19,@115) -> float_type, {64, 512, 14, 14}, {100352, 196, 14, 1}: 0.27615ms, 3%
@118 = multibroadcast[out_lens={64, 512, 14, 14},out_dyn_dims={}](@9) -> float_type, {64, 512, 14, 14}, {0, 1, 0, 0}: 0.00110726ms, 1%
@119 = load[offset=51380224,end=77070336](@1) -> float_type, {64, 512, 14, 14}, {100352, 196, 14, 1}: 0.00050154ms, 1%
@120 = gpu::code_object[code_object=7392,symbol_name=mlir_convolution_add_clip,global=401408,local=256,](@118,@117,@25,@119) -> float_type, {64, 512, 14, 14}, {100352, 196, 14, 1}: 0.238686ms, 3%
@121 = load[offset=25690112,end=51380224](@1) -> float_type, {64, 512, 14, 14}, {100352, 196, 14, 1}: 0.00055344ms, 1%
@122 = multibroadcast[out_lens={64, 512, 14, 14},out_dyn_dims={}](@28) -> float_type, {64, 512, 14, 14}, {0, 1, 0, 0}: 0.00094998ms, 1%
@123 = gpu::code_object[code_object=5856,symbol_name=mlir_convolution_add_clip,global=12845056,local=256,](@122,@120,@56,@121) -> float_type, {64, 512, 14, 14}, {100352, 196, 14, 1}: 0.27549ms, 3%
@124 = multibroadcast[out_lens={64, 512, 14, 14},out_dyn_dims={}](@31) -> float_type, {64, 512, 14, 14}, {0, 1, 0, 0}: 0.00096078ms, 1%
@125 = load[offset=0,end=25690112](@1) -> float_type, {64, 512, 14, 14}, {100352, 196, 14, 1}: 0.00049892ms, 1%
@126 = gpu::code_object[code_object=7392,symbol_name=mlir_convolution_add_clip,global=401408,local=256,](@124,@123,@44,@125) -> float_type, {64, 512, 14, 14}, {100352, 196, 14, 1}: 0.238497ms, 3%
@127 = load[offset=51380224,end=77070336](@1) -> float_type, {64, 512, 14, 14}, {100352, 196, 14, 1}: 0.00058578ms, 1%
@128 = multibroadcast[out_lens={64, 512, 14, 14},out_dyn_dims={}](@40) -> float_type, {64, 512, 14, 14}, {0, 1, 0, 0}: 0.00093974ms, 1%
@129 = gpu::code_object[code_object=5856,symbol_name=mlir_convolution_add_clip,global=12845056,local=256,](@128,@126,@38,@127) -> float_type, {64, 512, 14, 14}, {100352, 196, 14, 1}: 0.275443ms, 3%
@130 = multibroadcast[out_lens={64, 512, 14, 14},out_dyn_dims={}](@57) -> float_type, {64, 512, 14, 14}, {0, 1, 0, 0}: 0.00097562ms, 1%
@131 = load[offset=25690112,end=51380224](@1) -> float_type, {64, 512, 14, 14}, {100352, 196, 14, 1}: 0.00050058ms, 1%
@132 = gpu::code_object[code_object=7392,symbol_name=mlir_convolution_add_clip,global=401408,local=256,](@130,@129,@39,@131) -> float_type, {64, 512, 14, 14}, {100352, 196, 14, 1}: 0.238429ms, 3%
@133 = load[offset=0,end=25690112](@1) -> float_type, {64, 512, 14, 14}, {100352, 196, 14, 1}: 0.00056988ms, 1%
@134 = multibroadcast[out_lens={64, 512, 14, 14},out_dyn_dims={}](@60) -> float_type, {64, 512, 14, 14}, {0, 1, 0, 0}: 0.00093556ms, 1%
@135 = gpu::code_object[code_object=5856,symbol_name=mlir_convolution_add_clip,global=12845056,local=256,](@134,@132,@21,@133) -> float_type, {64, 512, 14, 14}, {100352, 196, 14, 1}: 0.274641ms, 3%
@136 = multibroadcast[out_lens={64, 512, 14, 14},out_dyn_dims={}](@26) -> float_type, {64, 512, 14, 14}, {0, 1, 0, 0}: 0.00130344ms, 1%
@137 = load[offset=55181312,end=80871424](@1) -> float_type, {64, 512, 14, 14}, {100352, 196, 14, 1}: 0.00050854ms, 1%
@138 = gpu::code_object[code_object=7392,symbol_name=mlir_convolution_add_clip,global=401408,local=256,](@136,@135,@52,@137) -> float_type, {64, 512, 14, 14}, {100352, 196, 14, 1}: 0.238165ms, 3%
@139 = load[offset=25690112,end=55181312](@1) -> float_type, {64, 512, 15, 15}, {115200, 225, 15, 1}: 0.00055782ms, 1%
@140 = gpu::code_object[code_object=5248,symbol_name=pad_kernel,global=212992,local=1024,](@138,@139) -> float_type, {64, 512, 15, 15}, {115200, 225, 15, 1}: 0.0645827ms, 1%
@141 = multibroadcast[out_lens={64, 512, 7, 7},out_dyn_dims={}](@14) -> float_type, {64, 512, 7, 7}, {0, 1, 0, 0}: 0.00200374ms, 1%
@142 = load[offset=12845056,end=19267584](@1) -> float_type, {64, 512, 7, 7}, {25088, 49, 7, 1}: 0.00051058ms, 1%
@143 = gpu::code_object[code_object=5920,symbol_name=mlir_convolution_add_clip,global=3276800,local=256,](@141,@140,@50,@142) -> float_type, {64, 512, 7, 7}, {25088, 49, 7, 1}: 0.0939276ms, 1%
@144 = load[offset=0,end=12845056](@1) -> float_type, {64, 1024, 7, 7}, {50176, 49, 7, 1}: 0.00054662ms, 1%
@145 = multibroadcast[out_lens={64, 1024, 7, 7},out_dyn_dims={}](@47) -> float_type, {64, 1024, 7, 7}, {0, 1, 0, 0}: 0.00113628ms, 1%
@146 = gpu::code_object[code_object=16544,symbol_name=mlir_convolution_add_clip,global=51200,local=256,](@145,@143,@62,@144) -> float_type, {64, 1024, 7, 7}, {50176, 49, 7, 1}: 0.153457ms, 2%
@147 = load[offset=19267584,end=32112640](@1) -> float_type, {64, 1024, 7, 7}, {50176, 49, 7, 1}: 0.00055444ms, 1%
@148 = multibroadcast[out_lens={64, 1024, 7, 7},out_dyn_dims={}](@51) -> float_type, {64, 1024, 7, 7}, {0, 1, 0, 0}: 0.00107398ms, 1%
@149 = gpu::code_object[code_object=6688,symbol_name=mlir_convolution_add_clip,global=3407872,local=256,](@148,@146,@29,@147) -> float_type, {64, 1024, 7, 7}, {50176, 49, 7, 1}: 0.155451ms, 2%
@150 = load[offset=262144,end=13107200](@1) -> float_type, {64, 1024, 7, 7}, {50176, 49, 7, 1}: 0.00055082ms, 1%
@151 = multibroadcast[out_lens={64, 1024, 7, 7},out_dyn_dims={}](@59) -> float_type, {64, 1024, 7, 7}, {0, 1, 0, 0}: 0.00106938ms, 1%
@152 = gpu::code_object[code_object=16544,symbol_name=mlir_convolution_add_clip,global=51200,local=256,](@151,@149,@42,@150) -> float_type, {64, 1024, 7, 7}, {50176, 49, 7, 1}: 0.267011ms, 3%
@153 = load[offset=13107200,end=13369344](@1) -> float_type, {64, 1024, 1, 1}, {1024, 1, 1, 1}: 0.00055302ms, 1%
@154 = gpu::pooling[mode=average,padding={0, 0, 0, 0},padding_mode=0,stride={2, 2},lengths={7, 7},dilations={1, 1},ceil_mode=0,lp_order=2,dyn_global=0](@152,@153) -> float_type, {64, 1024, 1, 1}, {1024, 1, 1, 1}: 0.283623ms, 3%
@155 = broadcast[axis=1,out_lens={64, 1001, 1, 1}](@16) -> float_type, {64, 1001, 1, 1}, {0, 1, 0, 0}: 0.00126698ms, 1%
@156 = load[offset=0,end=256256](@1) -> float_type, {64, 1001, 1, 1}, {1001, 1, 1, 1}: 0.0006616ms, 1%
@157 = gpu::code_object[code_object=6864,symbol_name=mlir_convolution_add,global=16384,local=256,](@155,@154,@20,@156) -> float_type, {64, 1001, 1, 1}, {1001, 1, 1, 1}: 0.0339132ms, 1%
main:#output_0 = @param:main:#output_0 -> float_type, {64, 1001}, {1001, 1}: 0.00079076ms, 1%
@159 = transpose[permutation={0, 2, 3, 1}](@157) -> float_type, {64, 1, 1, 1001}, {1001, 1, 1, 1}: 0.0014957ms, 1%
@160 = squeeze[axes={1, 2}](@159) -> float_type, {64, 1001}, {1001, 1}: 0.00081386ms, 1%
@161 = gpu::code_object[code_object=6848,symbol_name=reduce_max_sub_exp_reduce_sum_div_kernel,global=16384,local=256,](@160,main:#output_0) -> float_type, {64, 1001}, {1001, 1}: 0.0215893ms, 1%
@162 = @return(@161)
Summary:
gpu::code_object::mlir_convolution_add_clip: 8.29797ms / 26 = 0.319153ms, 84%
gpu::code_object::pad_kernel: 0.936293ms / 5 = 0.187259ms, 10%
gpu::pooling: 0.283623ms / 1 = 0.283623ms, 3%
gpu::code_object::add_clip_kernel: 0.174823ms / 1 = 0.174823ms, 2%
gpu::convolution: 0.158922ms / 1 = 0.158922ms, 2%
gpu::code_object::mlir_convolution_add: 0.0339132ms / 1 = 0.0339132ms, 1%
multibroadcast: 0.0312738ms / 27 = 0.00115829ms, 1%
hip::hip_copy_literal: 0.0259038ms / 56 = 0.000462568ms, 1%
gpu::code_object::reduce_max_sub_exp_reduce_sum_div_kernel: 0.0215893ms / 1 = 0.0215893ms, 1%
load: 0.0202108ms / 36 = 0.000561411ms, 1%
transpose: 0.0014957ms / 1 = 0.0014957ms, 1%
broadcast: 0.00126698ms / 1 = 0.00126698ms, 1%
@param: 0.0011352ms / 2 = 0.0005676ms, 1%
squeeze: 0.00081386ms / 1 = 0.00081386ms, 1%
check_context::migraphx::gpu::context: 0.00071456ms / 1 = 0.00071456ms, 1%
hip::hip_allocate_memory: 0.000705ms / 1 = 0.000705ms, 1%

Batch size: 1
Rate: 107.13 inferences/sec
Total time: 9.33442ms
Total instructions time: 9.99065ms
Overhead time: 0.021998ms, -0.656228ms
Overhead: 0%, -7%
[ MIGraphX Version: 2.10.0.263509b10 ] Complete: /src/AMDMIGraphX/build/bin/driver perf --gpu /new-saved-models/slim/mobilenet_i64.pb
