Compiling ... 
Reading: /new-saved-models/dlrm/pt_dlrm_criteoterabyte_13_26_20k_1.1_M2.4/float/pt_dlrm_fp16_onnx/pt_dlrm_fp16.onnx
module: "main"
main:@0 = check_context::migraphx::gpu::context  -> float_type, {}, {}
main:@1 = hip::hip_allocate_memory[shape=int8_type, {2162688000}, {1},id=main:scratch] -> int8_type, {2162688000}, {1}
main:@2 = load[offset=0,end=7987200](main:@1) -> half_type, {307200, 13}, {13, 1}
input = @param:input -> half_type, {307200, 13}, {13, 1}
main:@4 = hip::copy_to_gpu(input,main:@2) -> half_type, {307200, 13}, {13, 1}
main:@5 = hip::hip_copy_literal[id=main:@literal:0] -> half_type, {13, 512}, {512, 1}
main:@6 = load[offset=707788800,end=1022361600](main:@1) -> half_type, {307200, 512}, {512, 1}
main:@7 = gpu::gemm[alpha=1,beta=0,int8_x4_format=0,compute_fp32=1,trans_batch=0](main:@4,main:@5,main:@6) -> half_type, {307200, 512}, {512, 1}
main:@8 = hip::hip_copy_literal[id=main:@literal:14] -> half_type, {512}, {1}
main:@9 = hip::hip_copy_literal[id=main:@literal:1] -> half_type, {512, 256}, {256, 1}
main:@10 = load[offset=393216000,end=707788800](main:@1) -> half_type, {307200, 512}, {512, 1}
main:@11 = multibroadcast[out_lens={307200, 512},out_dyn_dims={}](main:@8) -> half_type, {307200, 512}, {0, 1}
main:@12 = gpu::code_object[code_object=13632,symbol_name=add_relu_kernel,global=19660800,local=1024,](main:@7,main:@11,main:@10) -> half_type, {307200, 512}, {512, 1}
main:@13 = load[offset=235929600,end=393216000](main:@1) -> half_type, {307200, 256}, {256, 1}
main:@14 = gpu::gemm[alpha=1,beta=0,int8_x4_format=0,compute_fp32=1,trans_batch=0](main:@12,main:@9,main:@13) -> half_type, {307200, 256}, {256, 1}
main:@15 = hip::hip_copy_literal[id=main:@literal:2] -> half_type, {256, 64}, {64, 1}
main:@16 = hip::hip_copy_literal[id=main:@literal:13] -> half_type, {256}, {1}
main:@17 = load[offset=78643200,end=235929600](main:@1) -> half_type, {307200, 256}, {256, 1}
main:@18 = multibroadcast[out_lens={307200, 256},out_dyn_dims={}](main:@16) -> half_type, {307200, 256}, {0, 1}
main:@19 = gpu::code_object[code_object=13632,symbol_name=add_relu_kernel,global=9830400,local=1024,](main:@14,main:@18,main:@17) -> half_type, {307200, 256}, {256, 1}
main:@20 = load[offset=39321600,end=78643200](main:@1) -> half_type, {307200, 64}, {64, 1}
main:@21 = gpu::gemm[alpha=1,beta=0,int8_x4_format=0,compute_fp32=1,trans_batch=0](main:@19,main:@15,main:@20) -> half_type, {307200, 64}, {64, 1}
main:@22 = hip::hip_copy_literal[id=main:@literal:4] -> half_type, {512, 512}, {512, 1}
main:@23 = load[offset=78643200,end=142540800](main:@1) -> int64_type, {26, 307200}, {307200, 1}
lS_i = @param:lS_i -> int64_type, {26, 307200}, {307200, 1}
main:@25 = hip::copy_to_gpu(lS_i,main:@23) -> int64_type, {26, 307200}, {307200, 1}
main:@26 = hip::hip_copy_literal[id=main:@literal:7] -> float_type, {351}, {1}
main:@27 = hip::hip_copy_literal[id=main:@literal:5] -> half_type, {512, 256}, {256, 1}
main:@28 = hip::hip_copy_literal[id=main:@literal:10] -> half_type, {512}, {1}
main:@29 = hip::hip_copy_literal[id=main:@literal:11] -> half_type, {512}, {1}
main:@30 = hip::hip_copy_literal[id=main:@literal:12] -> half_type, {64}, {1}
main:@31 = hip::hip_copy_literal[id=main:@literal:21] -> half_type, {9994222, 64}, {64, 1}
main:@32 = hip::hip_copy_literal[id=main:@literal:22] -> half_type, {14, 64}, {64, 1}
main:@33 = hip::hip_copy_literal[id=main:@literal:23] -> half_type, {970, 64}, {64, 1}
main:@34 = hip::hip_copy_literal[id=main:@literal:24] -> half_type, {4, 64}, {64, 1}
main:@35 = hip::hip_copy_literal[id=main:@literal:25] -> half_type, {122, 64}, {64, 1}
main:@36 = hip::hip_copy_literal[id=main:@literal:26] -> half_type, {11156, 64}, {64, 1}
main:@37 = hip::hip_copy_literal[id=main:@literal:27] -> half_type, {2208, 64}, {64, 1}
main:@38 = hip::hip_copy_literal[id=main:@literal:32] -> half_type, {61, 64}, {64, 1}
main:@39 = hip::hip_copy_literal[id=main:@literal:15] -> half_type, {36, 64}, {64, 1}
main:@40 = hip::hip_copy_literal[id=main:@literal:16] -> half_type, {101, 64}, {64, 1}
main:@41 = hip::hip_copy_literal[id=main:@literal:17] -> half_type, {12420, 64}, {64, 1}
main:@42 = hip::hip_copy_literal[id=main:@literal:18] -> half_type, {415421, 64}, {64, 1}
main:@43 = hip::hip_copy_literal[id=main:@literal:19] -> half_type, {9946608, 64}, {64, 1}
main:@44 = hip::hip_copy_literal[id=main:@literal:20] -> half_type, {7267859, 64}, {64, 1}
main:@45 = hip::hip_copy_literal[id=main:@literal:3] -> half_type, {415, 512}, {512, 1}
main:@46 = hip::hip_copy_literal[id=main:@literal:6] -> half_type, {256, 1}, {1, 1}
main:@47 = hip::hip_copy_literal[id=main:@literal:8] -> half_type, {1}, {1}
main:@48 = hip::hip_copy_literal[id=main:@literal:9] -> half_type, {256}, {1}
main:@49 = hip::hip_copy_literal[id=main:@literal:28] -> half_type, {10, 64}, {64, 1}
main:@50 = hip::hip_copy_literal[id=main:@literal:29] -> half_type, {313829, 64}, {64, 1}
main:@51 = hip::hip_copy_literal[id=main:@literal:30] -> half_type, {1333352, 64}, {64, 1}
main:@52 = hip::hip_copy_literal[id=main:@literal:31] -> half_type, {9758201, 64}, {64, 1}
main:@53 = hip::hip_copy_literal[id=main:@literal:33] -> half_type, {1442, 64}, {64, 1}
main:@54 = hip::hip_copy_literal[id=main:@literal:34] -> half_type, {7112, 64}, {64, 1}
main:@55 = hip::hip_copy_literal[id=main:@literal:35] -> half_type, {3, 64}, {64, 1}
main:@56 = hip::hip_copy_literal[id=main:@literal:36] -> half_type, {20134, 64}, {64, 1}
main:@57 = hip::hip_copy_literal[id=main:@literal:37] -> half_type, {7378, 64}, {64, 1}
main:@58 = hip::hip_copy_literal[id=main:@literal:38] -> half_type, {17217, 64}, {64, 1}
main:@59 = hip::hip_copy_literal[id=main:@literal:39] -> half_type, {36084, 64}, {64, 1}
main:@60 = hip::hip_copy_literal[id=main:@literal:40] -> half_type, {9980333, 64}, {64, 1}
main:@61 = load[offset=0,end=31948800](main:@1) -> float_type, {26, 307200}, {307200, 1}
main:@62 = gpu::code_object[code_object=13632,symbol_name=convert_kernel,global=1996800,local=1024,](main:@25,main:@61) -> float_type, {26, 307200}, {307200, 1}
main:@63 = load[offset=1061683200,end=1101004800](main:@1) -> half_type, {307200, 64}, {64, 1}
main:@64 = slice[axes={0},starts={25},ends={26}](main:@62) -> float_type, {1, 307200}, {307200, 1}
main:@65 = squeeze[axes={0}](main:@64) -> float_type, {307200}, {1}
main:@66 = gpu::code_object[code_object=13632,symbol_name=gather_kernel,global=307200,local=1024,](main:@39,main:@65,main:@63) -> half_type, {307200, 64}, {64, 1}
main:@67 = load[offset=1022361600,end=1061683200](main:@1) -> half_type, {307200, 64}, {64, 1}
main:@68 = slice[axes={0},starts={24},ends={25}](main:@62) -> float_type, {1, 307200}, {307200, 1}
main:@69 = squeeze[axes={0}](main:@68) -> float_type, {307200}, {1}
main:@70 = gpu::code_object[code_object=13632,symbol_name=gather_kernel,global=307200,local=1024,](main:@40,main:@69,main:@67) -> half_type, {307200, 64}, {64, 1}
main:@71 = load[offset=983040000,end=1022361600](main:@1) -> half_type, {307200, 64}, {64, 1}
main:@72 = slice[axes={0},starts={23},ends={24}](main:@62) -> float_type, {1, 307200}, {307200, 1}
main:@73 = squeeze[axes={0}](main:@72) -> float_type, {307200}, {1}
main:@74 = gpu::code_object[code_object=13632,symbol_name=gather_kernel,global=307200,local=1024,](main:@41,main:@73,main:@71) -> half_type, {307200, 64}, {64, 1}
main:@75 = load[offset=943718400,end=983040000](main:@1) -> half_type, {307200, 64}, {64, 1}
main:@76 = slice[axes={0},starts={22},ends={23}](main:@62) -> float_type, {1, 307200}, {307200, 1}
main:@77 = squeeze[axes={0}](main:@76) -> float_type, {307200}, {1}
main:@78 = gpu::code_object[code_object=13632,symbol_name=gather_kernel,global=307200,local=1024,](main:@42,main:@77,main:@75) -> half_type, {307200, 64}, {64, 1}
main:@79 = load[offset=904396800,end=943718400](main:@1) -> half_type, {307200, 64}, {64, 1}
main:@80 = slice[axes={0},starts={21},ends={22}](main:@62) -> float_type, {1, 307200}, {307200, 1}
main:@81 = squeeze[axes={0}](main:@80) -> float_type, {307200}, {1}
main:@82 = gpu::code_object[code_object=13632,symbol_name=gather_kernel,global=307200,local=1024,](main:@43,main:@81,main:@79) -> half_type, {307200, 64}, {64, 1}
main:@83 = load[offset=865075200,end=904396800](main:@1) -> half_type, {307200, 64}, {64, 1}
main:@84 = slice[axes={0},starts={20},ends={21}](main:@62) -> float_type, {1, 307200}, {307200, 1}
main:@85 = squeeze[axes={0}](main:@84) -> float_type, {307200}, {1}
main:@86 = gpu::code_object[code_object=13632,symbol_name=gather_kernel,global=307200,local=1024,](main:@44,main:@85,main:@83) -> half_type, {307200, 64}, {64, 1}
main:@87 = load[offset=825753600,end=865075200](main:@1) -> half_type, {307200, 64}, {64, 1}
main:@88 = slice[axes={0},starts={19},ends={20}](main:@62) -> float_type, {1, 307200}, {307200, 1}
main:@89 = squeeze[axes={0}](main:@88) -> float_type, {307200}, {1}
main:@90 = gpu::code_object[code_object=13632,symbol_name=gather_kernel,global=307200,local=1024,](main:@31,main:@89,main:@87) -> half_type, {307200, 64}, {64, 1}
main:@91 = load[offset=786432000,end=825753600](main:@1) -> half_type, {307200, 64}, {64, 1}
main:@92 = slice[axes={0},starts={18},ends={19}](main:@62) -> float_type, {1, 307200}, {307200, 1}
main:@93 = squeeze[axes={0}](main:@92) -> float_type, {307200}, {1}
main:@94 = gpu::code_object[code_object=13632,symbol_name=gather_kernel,global=307200,local=1024,](main:@32,main:@93,main:@91) -> half_type, {307200, 64}, {64, 1}
main:@95 = load[offset=747110400,end=786432000](main:@1) -> half_type, {307200, 64}, {64, 1}
main:@96 = slice[axes={0},starts={17},ends={18}](main:@62) -> float_type, {1, 307200}, {307200, 1}
main:@97 = squeeze[axes={0}](main:@96) -> float_type, {307200}, {1}
main:@98 = gpu::code_object[code_object=13632,symbol_name=gather_kernel,global=307200,local=1024,](main:@33,main:@97,main:@95) -> half_type, {307200, 64}, {64, 1}
main:@99 = load[offset=707788800,end=747110400](main:@1) -> half_type, {307200, 64}, {64, 1}
main:@100 = slice[axes={0},starts={16},ends={17}](main:@62) -> float_type, {1, 307200}, {307200, 1}
main:@101 = squeeze[axes={0}](main:@100) -> float_type, {307200}, {1}
main:@102 = gpu::code_object[code_object=13632,symbol_name=gather_kernel,global=307200,local=1024,](main:@34,main:@101,main:@99) -> half_type, {307200, 64}, {64, 1}
main:@103 = load[offset=668467200,end=707788800](main:@1) -> half_type, {307200, 64}, {64, 1}
main:@104 = slice[axes={0},starts={15},ends={16}](main:@62) -> float_type, {1, 307200}, {307200, 1}
main:@105 = squeeze[axes={0}](main:@104) -> float_type, {307200}, {1}
main:@106 = gpu::code_object[code_object=13632,symbol_name=gather_kernel,global=307200,local=1024,](main:@35,main:@105,main:@103) -> half_type, {307200, 64}, {64, 1}
main:@107 = load[offset=629145600,end=668467200](main:@1) -> half_type, {307200, 64}, {64, 1}
main:@108 = slice[axes={0},starts={14},ends={15}](main:@62) -> float_type, {1, 307200}, {307200, 1}
main:@109 = squeeze[axes={0}](main:@108) -> float_type, {307200}, {1}
main:@110 = gpu::code_object[code_object=13632,symbol_name=gather_kernel,global=307200,local=1024,](main:@36,main:@109,main:@107) -> half_type, {307200, 64}, {64, 1}
main:@111 = load[offset=589824000,end=629145600](main:@1) -> half_type, {307200, 64}, {64, 1}
main:@112 = slice[axes={0},starts={13},ends={14}](main:@62) -> float_type, {1, 307200}, {307200, 1}
main:@113 = squeeze[axes={0}](main:@112) -> float_type, {307200}, {1}
main:@114 = gpu::code_object[code_object=13632,symbol_name=gather_kernel,global=307200,local=1024,](main:@37,main:@113,main:@111) -> half_type, {307200, 64}, {64, 1}
main:@115 = load[offset=550502400,end=589824000](main:@1) -> half_type, {307200, 64}, {64, 1}
main:@116 = slice[axes={0},starts={12},ends={13}](main:@62) -> float_type, {1, 307200}, {307200, 1}
main:@117 = squeeze[axes={0}](main:@116) -> float_type, {307200}, {1}
main:@118 = gpu::code_object[code_object=13632,symbol_name=gather_kernel,global=307200,local=1024,](main:@49,main:@117,main:@115) -> half_type, {307200, 64}, {64, 1}
main:@119 = load[offset=511180800,end=550502400](main:@1) -> half_type, {307200, 64}, {64, 1}
main:@120 = slice[axes={0},starts={11},ends={12}](main:@62) -> float_type, {1, 307200}, {307200, 1}
main:@121 = squeeze[axes={0}](main:@120) -> float_type, {307200}, {1}
main:@122 = gpu::code_object[code_object=13632,symbol_name=gather_kernel,global=307200,local=1024,](main:@50,main:@121,main:@119) -> half_type, {307200, 64}, {64, 1}
main:@123 = load[offset=471859200,end=511180800](main:@1) -> half_type, {307200, 64}, {64, 1}
main:@124 = slice[axes={0},starts={10},ends={11}](main:@62) -> float_type, {1, 307200}, {307200, 1}
main:@125 = squeeze[axes={0}](main:@124) -> float_type, {307200}, {1}
main:@126 = gpu::code_object[code_object=13632,symbol_name=gather_kernel,global=307200,local=1024,](main:@51,main:@125,main:@123) -> half_type, {307200, 64}, {64, 1}
main:@127 = load[offset=432537600,end=471859200](main:@1) -> half_type, {307200, 64}, {64, 1}
main:@128 = slice[axes={0},starts={9},ends={10}](main:@62) -> float_type, {1, 307200}, {307200, 1}
main:@129 = squeeze[axes={0}](main:@128) -> float_type, {307200}, {1}
main:@130 = gpu::code_object[code_object=13632,symbol_name=gather_kernel,global=307200,local=1024,](main:@52,main:@129,main:@127) -> half_type, {307200, 64}, {64, 1}
main:@131 = load[offset=393216000,end=432537600](main:@1) -> half_type, {307200, 64}, {64, 1}
main:@132 = slice[axes={0},starts={8},ends={9}](main:@62) -> float_type, {1, 307200}, {307200, 1}
main:@133 = squeeze[axes={0}](main:@132) -> float_type, {307200}, {1}
main:@134 = gpu::code_object[code_object=13632,symbol_name=gather_kernel,global=307200,local=1024,](main:@38,main:@133,main:@131) -> half_type, {307200, 64}, {64, 1}
main:@135 = load[offset=353894400,end=393216000](main:@1) -> half_type, {307200, 64}, {64, 1}
main:@136 = slice[axes={0},starts={7},ends={8}](main:@62) -> float_type, {1, 307200}, {307200, 1}
main:@137 = squeeze[axes={0}](main:@136) -> float_type, {307200}, {1}
main:@138 = gpu::code_object[code_object=13632,symbol_name=gather_kernel,global=307200,local=1024,](main:@53,main:@137,main:@135) -> half_type, {307200, 64}, {64, 1}
main:@139 = load[offset=314572800,end=353894400](main:@1) -> half_type, {307200, 64}, {64, 1}
main:@140 = slice[axes={0},starts={6},ends={7}](main:@62) -> float_type, {1, 307200}, {307200, 1}
main:@141 = squeeze[axes={0}](main:@140) -> float_type, {307200}, {1}
main:@142 = gpu::code_object[code_object=13632,symbol_name=gather_kernel,global=307200,local=1024,](main:@54,main:@141,main:@139) -> half_type, {307200, 64}, {64, 1}
main:@143 = load[offset=275251200,end=314572800](main:@1) -> half_type, {307200, 64}, {64, 1}
main:@144 = slice[axes={0},starts={5},ends={6}](main:@62) -> float_type, {1, 307200}, {307200, 1}
main:@145 = squeeze[axes={0}](main:@144) -> float_type, {307200}, {1}
main:@146 = gpu::code_object[code_object=13632,symbol_name=gather_kernel,global=307200,local=1024,](main:@55,main:@145,main:@143) -> half_type, {307200, 64}, {64, 1}
main:@147 = load[offset=235929600,end=275251200](main:@1) -> half_type, {307200, 64}, {64, 1}
main:@148 = slice[axes={0},starts={4},ends={5}](main:@62) -> float_type, {1, 307200}, {307200, 1}
main:@149 = squeeze[axes={0}](main:@148) -> float_type, {307200}, {1}
main:@150 = gpu::code_object[code_object=13632,symbol_name=gather_kernel,global=307200,local=1024,](main:@56,main:@149,main:@147) -> half_type, {307200, 64}, {64, 1}
main:@151 = load[offset=196608000,end=235929600](main:@1) -> half_type, {307200, 64}, {64, 1}
main:@152 = slice[axes={0},starts={3},ends={4}](main:@62) -> float_type, {1, 307200}, {307200, 1}
main:@153 = squeeze[axes={0}](main:@152) -> float_type, {307200}, {1}
main:@154 = gpu::code_object[code_object=13632,symbol_name=gather_kernel,global=307200,local=1024,](main:@57,main:@153,main:@151) -> half_type, {307200, 64}, {64, 1}
main:@155 = load[offset=157286400,end=196608000](main:@1) -> half_type, {307200, 64}, {64, 1}
main:@156 = slice[axes={0},starts={2},ends={3}](main:@62) -> float_type, {1, 307200}, {307200, 1}
main:@157 = squeeze[axes={0}](main:@156) -> float_type, {307200}, {1}
main:@158 = gpu::code_object[code_object=13632,symbol_name=gather_kernel,global=307200,local=1024,](main:@58,main:@157,main:@155) -> half_type, {307200, 64}, {64, 1}
main:@159 = load[offset=117964800,end=157286400](main:@1) -> half_type, {307200, 64}, {64, 1}
main:@160 = slice[axes={0},starts={1},ends={2}](main:@62) -> float_type, {1, 307200}, {307200, 1}
main:@161 = squeeze[axes={0}](main:@160) -> float_type, {307200}, {1}
main:@162 = gpu::code_object[code_object=13632,symbol_name=gather_kernel,global=307200,local=1024,](main:@59,main:@161,main:@159) -> half_type, {307200, 64}, {64, 1}
main:@163 = load[offset=78643200,end=117964800](main:@1) -> half_type, {307200, 64}, {64, 1}
main:@164 = slice[axes={0},starts={0},ends={1}](main:@62) -> float_type, {1, 307200}, {307200, 1}
main:@165 = squeeze[axes={0}](main:@164) -> float_type, {307200}, {1}
main:@166 = gpu::code_object[code_object=13632,symbol_name=gather_kernel,global=307200,local=1024,](main:@60,main:@165,main:@163) -> half_type, {307200, 64}, {64, 1}
main:@167 = load[offset=0,end=39321600](main:@1) -> half_type, {307200, 64}, {64, 1}
main:@168 = multibroadcast[out_lens={307200, 64},out_dyn_dims={}](main:@30) -> half_type, {307200, 64}, {0, 1}
main:@169 = gpu::code_object[code_object=13632,symbol_name=add_relu_kernel,global=2457600,local=1024,](main:@21,main:@168,main:@167) -> half_type, {307200, 64}, {64, 1}
main:@170 = load[offset=1101004800,end=2162688000](main:@1) -> half_type, {307200, 1728}, {1728, 1}
main:@171 = gpu::code_object[code_object=13632,symbol_name=concat_kernel,global=19660800,local=1024,](main:@169,main:@166,main:@162,main:@158,main:@154,main:@150,main:@146,main:@142,main:@138,main:@134,main:@130,main:@126,main:@122,main:@118,main:@114,main:@110,main:@106,main:@102,main:@98,main:@94,main:@90,main:@86,main:@82,main:@78,main:@74,main:@70,main:@66,main:@170) -> half_type, {307200, 1728}, {1728, 1}
main:@172 = load[offset=39321600,end=487219200](main:@1) -> half_type, {307200, 27, 27}, {729, 27, 1}
main:@173 = reshape[dims={307200, -1, 64}](main:@171) -> half_type, {307200, 27, 64}, {1728, 64, 1}
main:@174 = transpose[permutation={0, 2, 1}](main:@173) -> half_type, {307200, 64, 27}, {1728, 1, 64}
main:@175 = gpu::gemm[alpha=1,beta=0,int8_x4_format=0,compute_fp32=1,trans_batch=0](main:@173,main:@174,main:@172) -> half_type, {307200, 27, 27}, {729, 27, 1}
main:@176 = load[offset=487219200,end=702873600](main:@1) -> half_type, {307200, 351}, {351, 1}
main:@177 = reshape[dims={307200, 729}](main:@175) -> half_type, {307200, 729}, {729, 1}
main:@178 = gpu::code_object[code_object=13632,symbol_name=gather_kernel,global=307200,local=1024,](main:@177,main:@26,main:@176) -> half_type, {307200, 351}, {351, 1}
main:@179 = load[offset=39321600,end=294297600](main:@1) -> half_type, {307200, 415}, {415, 1}
main:@180 = gpu::code_object[code_object=13632,symbol_name=concat_kernel,global=63744000,local=1024,](main:@169,main:@178,main:@179) -> half_type, {307200, 415}, {415, 1}
main:@181 = load[offset=294297600,end=608870400](main:@1) -> half_type, {307200, 512}, {512, 1}
main:@182 = gpu::gemm[alpha=1,beta=0,int8_x4_format=0,compute_fp32=1,trans_batch=0](main:@180,main:@45,main:@181) -> half_type, {307200, 512}, {512, 1}
main:@183 = load[offset=608870400,end=923443200](main:@1) -> half_type, {307200, 512}, {512, 1}
main:@184 = multibroadcast[out_lens={307200, 512},out_dyn_dims={}](main:@29) -> half_type, {307200, 512}, {0, 1}
main:@185 = gpu::code_object[code_object=13632,symbol_name=add_relu_kernel,global=19660800,local=1024,](main:@182,main:@184,main:@183) -> half_type, {307200, 512}, {512, 1}
main:@186 = load[offset=923443200,end=1238016000](main:@1) -> half_type, {307200, 512}, {512, 1}
main:@187 = gpu::gemm[alpha=1,beta=0,int8_x4_format=0,compute_fp32=1,trans_batch=0](main:@185,main:@22,main:@186) -> half_type, {307200, 512}, {512, 1}
main:@188 = load[offset=0,end=314572800](main:@1) -> half_type, {307200, 512}, {512, 1}
main:@189 = multibroadcast[out_lens={307200, 512},out_dyn_dims={}](main:@28) -> half_type, {307200, 512}, {0, 1}
main:@190 = gpu::code_object[code_object=13632,symbol_name=add_relu_kernel,global=19660800,local=1024,](main:@187,main:@189,main:@188) -> half_type, {307200, 512}, {512, 1}
main:@191 = load[offset=314572800,end=471859200](main:@1) -> half_type, {307200, 256}, {256, 1}
main:@192 = gpu::gemm[alpha=1,beta=0,int8_x4_format=0,compute_fp32=1,trans_batch=0](main:@190,main:@27,main:@191) -> half_type, {307200, 256}, {256, 1}
main:@193 = load[offset=614400,end=157900800](main:@1) -> half_type, {307200, 256}, {256, 1}
main:@194 = multibroadcast[out_lens={307200, 256},out_dyn_dims={}](main:@48) -> half_type, {307200, 256}, {0, 1}
main:@195 = gpu::code_object[code_object=13632,symbol_name=add_relu_kernel,global=9830400,local=1024,](main:@192,main:@194,main:@193) -> half_type, {307200, 256}, {256, 1}
main:@196 = load[offset=157900800,end=158515200](main:@1) -> half_type, {307200, 1}, {1, 1}
main:@197 = gpu::gemm[alpha=1,beta=0,int8_x4_format=0,compute_fp32=1,trans_batch=0](main:@195,main:@46,main:@196) -> half_type, {307200, 1}, {1, 1}
main:@198 = load[offset=0,end=614400](main:@1) -> half_type, {307200, 1}, {1, 1}
main:@199 = multibroadcast[out_lens={307200, 1},out_dyn_dims={}](main:@47) -> half_type, {307200, 1}, {0, 1}
main:@200 = gpu::code_object[code_object=13640,symbol_name=add_sigmoid_kernel,global=153600,local=1024,](main:@197,main:@199,main:@198) -> half_type, {307200, 1}, {1, 1}
main:@201 = hip::copy_from_gpu(main:@200) -> half_type, {307200, 1}, {1, 1}
main:@202 = hip::sync_stream(main:@201) -> half_type, {307200, 1}, {1, 1}
main:@203 = @return(main:@202)


Allocating params ... 
Running performance report ... 
main:@0 = check_context::migraphx::gpu::context  -> float_type, {}, {}: 0.00171382ms, 1%
main:@1 = hip::hip_allocate_memory[shape=int8_type, {2162688000}, {1},id=main:scratch] -> int8_type, {2162688000}, {1}: 0.00131538ms, 1%
main:@2 = load[offset=0,end=7987200](main:@1) -> half_type, {307200, 13}, {13, 1}: 0.00152474ms, 1%
input = @param:input -> half_type, {307200, 13}, {13, 1}: 0.00094186ms, 1%
main:@4 = hip::copy_to_gpu(input,main:@2) -> half_type, {307200, 13}, {13, 1}: 0.829111ms, 4%
main:@5 = hip::hip_copy_literal[id=main:@literal:0] -> half_type, {13, 512}, {512, 1}: 0.00139698ms, 1%
main:@6 = load[offset=707788800,end=1022361600](main:@1) -> half_type, {307200, 512}, {512, 1}: 0.00090084ms, 1%
main:@7 = gpu::gemm[alpha=1,beta=0,int8_x4_format=0,compute_fp32=1,trans_batch=0](main:@4,main:@5,main:@6) -> half_type, {307200, 512}, {512, 1}: 0.499379ms, 2%
main:@8 = hip::hip_copy_literal[id=main:@literal:14] -> half_type, {512}, {1}: 0.00108564ms, 1%
main:@9 = hip::hip_copy_literal[id=main:@literal:1] -> half_type, {512, 256}, {256, 1}: 0.00069932ms, 1%
main:@10 = load[offset=393216000,end=707788800](main:@1) -> half_type, {307200, 512}, {512, 1}: 0.00073518ms, 1%
main:@11 = multibroadcast[out_lens={307200, 512},out_dyn_dims={}](main:@8) -> half_type, {307200, 512}, {0, 1}: 0.0016923ms, 1%
main:@12 = gpu::code_object[code_object=13632,symbol_name=add_relu_kernel,global=19660800,local=1024,](main:@7,main:@11,main:@10) -> half_type, {307200, 512}, {512, 1}: 0.648442ms, 3%
main:@13 = load[offset=235929600,end=393216000](main:@1) -> half_type, {307200, 256}, {256, 1}: 0.00078426ms, 1%
main:@14 = gpu::gemm[alpha=1,beta=0,int8_x4_format=0,compute_fp32=1,trans_batch=0](main:@12,main:@9,main:@13) -> half_type, {307200, 256}, {256, 1}: 1.0077ms, 4%
main:@15 = hip::hip_copy_literal[id=main:@literal:2] -> half_type, {256, 64}, {64, 1}: 0.00097868ms, 1%
main:@16 = hip::hip_copy_literal[id=main:@literal:13] -> half_type, {256}, {1}: 0.00071742ms, 1%
main:@17 = load[offset=78643200,end=235929600](main:@1) -> half_type, {307200, 256}, {256, 1}: 0.00069774ms, 1%
main:@18 = multibroadcast[out_lens={307200, 256},out_dyn_dims={}](main:@16) -> half_type, {307200, 256}, {0, 1}: 0.0011017ms, 1%
main:@19 = gpu::code_object[code_object=13632,symbol_name=add_relu_kernel,global=9830400,local=1024,](main:@14,main:@18,main:@17) -> half_type, {307200, 256}, {256, 1}: 0.330935ms, 2%
main:@20 = load[offset=39321600,end=78643200](main:@1) -> half_type, {307200, 64}, {64, 1}: 0.00076298ms, 1%
main:@21 = gpu::gemm[alpha=1,beta=0,int8_x4_format=0,compute_fp32=1,trans_batch=0](main:@19,main:@15,main:@20) -> half_type, {307200, 64}, {64, 1}: 0.269894ms, 2%
main:@22 = hip::hip_copy_literal[id=main:@literal:4] -> half_type, {512, 512}, {512, 1}: 0.0009118ms, 1%
main:@23 = load[offset=78643200,end=142540800](main:@1) -> int64_type, {26, 307200}, {307200, 1}: 0.00068932ms, 1%
lS_i = @param:lS_i -> int64_type, {26, 307200}, {307200, 1}: 0.00084822ms, 1%
main:@25 = hip::copy_to_gpu(lS_i,main:@23) -> int64_type, {26, 307200}, {307200, 1}: 6.39992ms, 25%
main:@26 = hip::hip_copy_literal[id=main:@literal:7] -> float_type, {351}, {1}: 0.00131518ms, 1%
main:@27 = hip::hip_copy_literal[id=main:@literal:5] -> half_type, {512, 256}, {256, 1}: 0.00065738ms, 1%
main:@28 = hip::hip_copy_literal[id=main:@literal:10] -> half_type, {512}, {1}: 0.00096624ms, 1%
main:@29 = hip::hip_copy_literal[id=main:@literal:11] -> half_type, {512}, {1}: 0.0007226ms, 1%
main:@30 = hip::hip_copy_literal[id=main:@literal:12] -> half_type, {64}, {1}: 0.0007881ms, 1%
main:@31 = hip::hip_copy_literal[id=main:@literal:21] -> half_type, {9994222, 64}, {64, 1}: 0.00065754ms, 1%
main:@32 = hip::hip_copy_literal[id=main:@literal:22] -> half_type, {14, 64}, {64, 1}: 0.00075174ms, 1%
main:@33 = hip::hip_copy_literal[id=main:@literal:23] -> half_type, {970, 64}, {64, 1}: 0.0005882ms, 1%
main:@34 = hip::hip_copy_literal[id=main:@literal:24] -> half_type, {4, 64}, {64, 1}: 0.00074232ms, 1%
main:@35 = hip::hip_copy_literal[id=main:@literal:25] -> half_type, {122, 64}, {64, 1}: 0.00057312ms, 1%
main:@36 = hip::hip_copy_literal[id=main:@literal:26] -> half_type, {11156, 64}, {64, 1}: 0.00068324ms, 1%
main:@37 = hip::hip_copy_literal[id=main:@literal:27] -> half_type, {2208, 64}, {64, 1}: 0.00062756ms, 1%
main:@38 = hip::hip_copy_literal[id=main:@literal:32] -> half_type, {61, 64}, {64, 1}: 0.0006889ms, 1%
main:@39 = hip::hip_copy_literal[id=main:@literal:15] -> half_type, {36, 64}, {64, 1}: 0.0006674ms, 1%
main:@40 = hip::hip_copy_literal[id=main:@literal:16] -> half_type, {101, 64}, {64, 1}: 0.00062374ms, 1%
main:@41 = hip::hip_copy_literal[id=main:@literal:17] -> half_type, {12420, 64}, {64, 1}: 0.00067062ms, 1%
main:@42 = hip::hip_copy_literal[id=main:@literal:18] -> half_type, {415421, 64}, {64, 1}: 0.00069862ms, 1%
main:@43 = hip::hip_copy_literal[id=main:@literal:19] -> half_type, {9946608, 64}, {64, 1}: 0.00061128ms, 1%
main:@44 = hip::hip_copy_literal[id=main:@literal:20] -> half_type, {7267859, 64}, {64, 1}: 0.00062754ms, 1%
main:@45 = hip::hip_copy_literal[id=main:@literal:3] -> half_type, {415, 512}, {512, 1}: 0.00053042ms, 1%
main:@46 = hip::hip_copy_literal[id=main:@literal:6] -> half_type, {256, 1}, {1, 1}: 0.00052724ms, 1%
main:@47 = hip::hip_copy_literal[id=main:@literal:8] -> half_type, {1}, {1}: 0.00051446ms, 1%
main:@48 = hip::hip_copy_literal[id=main:@literal:9] -> half_type, {256}, {1}: 0.0006059ms, 1%
main:@49 = hip::hip_copy_literal[id=main:@literal:28] -> half_type, {10, 64}, {64, 1}: 0.0008075ms, 1%
main:@50 = hip::hip_copy_literal[id=main:@literal:29] -> half_type, {313829, 64}, {64, 1}: 0.00064338ms, 1%
main:@51 = hip::hip_copy_literal[id=main:@literal:30] -> half_type, {1333352, 64}, {64, 1}: 0.00068862ms, 1%
main:@52 = hip::hip_copy_literal[id=main:@literal:31] -> half_type, {9758201, 64}, {64, 1}: 0.00063448ms, 1%
main:@53 = hip::hip_copy_literal[id=main:@literal:33] -> half_type, {1442, 64}, {64, 1}: 0.00061324ms, 1%
main:@54 = hip::hip_copy_literal[id=main:@literal:34] -> half_type, {7112, 64}, {64, 1}: 0.00058468ms, 1%
main:@55 = hip::hip_copy_literal[id=main:@literal:35] -> half_type, {3, 64}, {64, 1}: 0.00061268ms, 1%
main:@56 = hip::hip_copy_literal[id=main:@literal:36] -> half_type, {20134, 64}, {64, 1}: 0.00058236ms, 1%
main:@57 = hip::hip_copy_literal[id=main:@literal:37] -> half_type, {7378, 64}, {64, 1}: 0.00057878ms, 1%
main:@58 = hip::hip_copy_literal[id=main:@literal:38] -> half_type, {17217, 64}, {64, 1}: 0.00058488ms, 1%
main:@59 = hip::hip_copy_literal[id=main:@literal:39] -> half_type, {36084, 64}, {64, 1}: 0.00060116ms, 1%
main:@60 = hip::hip_copy_literal[id=main:@literal:40] -> half_type, {9980333, 64}, {64, 1}: 0.00058238ms, 1%
main:@61 = load[offset=0,end=31948800](main:@1) -> float_type, {26, 307200}, {307200, 1}: 0.00112246ms, 1%
main:@62 = gpu::code_object[code_object=13632,symbol_name=convert_kernel,global=1996800,local=1024,](main:@25,main:@61) -> float_type, {26, 307200}, {307200, 1}: 0.119868ms, 1%
main:@63 = load[offset=1061683200,end=1101004800](main:@1) -> half_type, {307200, 64}, {64, 1}: 0.00079832ms, 1%
main:@64 = slice[axes={0},starts={25},ends={26}](main:@62) -> float_type, {1, 307200}, {307200, 1}: 0.00227294ms, 1%
main:@65 = squeeze[axes={0}](main:@64) -> float_type, {307200}, {1}: 0.00188128ms, 1%
main:@66 = gpu::code_object[code_object=13632,symbol_name=gather_kernel,global=307200,local=1024,](main:@39,main:@65,main:@63) -> half_type, {307200, 64}, {64, 1}: 0.131941ms, 1%
main:@67 = load[offset=1022361600,end=1061683200](main:@1) -> half_type, {307200, 64}, {64, 1}: 0.0007891ms, 1%
main:@68 = slice[axes={0},starts={24},ends={25}](main:@62) -> float_type, {1, 307200}, {307200, 1}: 0.00124362ms, 1%
main:@69 = squeeze[axes={0}](main:@68) -> float_type, {307200}, {1}: 0.00116294ms, 1%
main:@70 = gpu::code_object[code_object=13632,symbol_name=gather_kernel,global=307200,local=1024,](main:@40,main:@69,main:@67) -> half_type, {307200, 64}, {64, 1}: 0.131842ms, 1%
main:@71 = load[offset=983040000,end=1022361600](main:@1) -> half_type, {307200, 64}, {64, 1}: 0.00077524ms, 1%
main:@72 = slice[axes={0},starts={23},ends={24}](main:@62) -> float_type, {1, 307200}, {307200, 1}: 0.0010944ms, 1%
main:@73 = squeeze[axes={0}](main:@72) -> float_type, {307200}, {1}: 0.00108058ms, 1%
main:@74 = gpu::code_object[code_object=13632,symbol_name=gather_kernel,global=307200,local=1024,](main:@41,main:@73,main:@71) -> half_type, {307200, 64}, {64, 1}: 0.132414ms, 1%
main:@75 = load[offset=943718400,end=983040000](main:@1) -> half_type, {307200, 64}, {64, 1}: 0.00078164ms, 1%
main:@76 = slice[axes={0},starts={22},ends={23}](main:@62) -> float_type, {1, 307200}, {307200, 1}: 0.00103932ms, 1%
main:@77 = squeeze[axes={0}](main:@76) -> float_type, {307200}, {1}: 0.0010364ms, 1%
main:@78 = gpu::code_object[code_object=13632,symbol_name=gather_kernel,global=307200,local=1024,](main:@42,main:@77,main:@75) -> half_type, {307200, 64}, {64, 1}: 0.131857ms, 1%
main:@79 = load[offset=904396800,end=943718400](main:@1) -> half_type, {307200, 64}, {64, 1}: 0.00078296ms, 1%
main:@80 = slice[axes={0},starts={21},ends={22}](main:@62) -> float_type, {1, 307200}, {307200, 1}: 0.00101306ms, 1%
main:@81 = squeeze[axes={0}](main:@80) -> float_type, {307200}, {1}: 0.00105538ms, 1%
main:@82 = gpu::code_object[code_object=13632,symbol_name=gather_kernel,global=307200,local=1024,](main:@43,main:@81,main:@79) -> half_type, {307200, 64}, {64, 1}: 0.132064ms, 1%
main:@83 = load[offset=865075200,end=904396800](main:@1) -> half_type, {307200, 64}, {64, 1}: 0.0007742ms, 1%
main:@84 = slice[axes={0},starts={20},ends={21}](main:@62) -> float_type, {1, 307200}, {307200, 1}: 0.00104058ms, 1%
main:@85 = squeeze[axes={0}](main:@84) -> float_type, {307200}, {1}: 0.00103074ms, 1%
main:@86 = gpu::code_object[code_object=13632,symbol_name=gather_kernel,global=307200,local=1024,](main:@44,main:@85,main:@83) -> half_type, {307200, 64}, {64, 1}: 0.132244ms, 1%
main:@87 = load[offset=825753600,end=865075200](main:@1) -> half_type, {307200, 64}, {64, 1}: 0.00075806ms, 1%
main:@88 = slice[axes={0},starts={19},ends={20}](main:@62) -> float_type, {1, 307200}, {307200, 1}: 0.0010277ms, 1%
main:@89 = squeeze[axes={0}](main:@88) -> float_type, {307200}, {1}: 0.0010296ms, 1%
main:@90 = gpu::code_object[code_object=13632,symbol_name=gather_kernel,global=307200,local=1024,](main:@31,main:@89,main:@87) -> half_type, {307200, 64}, {64, 1}: 0.131529ms, 1%
main:@91 = load[offset=786432000,end=825753600](main:@1) -> half_type, {307200, 64}, {64, 1}: 0.00074738ms, 1%
main:@92 = slice[axes={0},starts={18},ends={19}](main:@62) -> float_type, {1, 307200}, {307200, 1}: 0.00101808ms, 1%
main:@93 = squeeze[axes={0}](main:@92) -> float_type, {307200}, {1}: 0.00103076ms, 1%
main:@94 = gpu::code_object[code_object=13632,symbol_name=gather_kernel,global=307200,local=1024,](main:@32,main:@93,main:@91) -> half_type, {307200, 64}, {64, 1}: 0.131113ms, 1%
main:@95 = load[offset=747110400,end=786432000](main:@1) -> half_type, {307200, 64}, {64, 1}: 0.00075612ms, 1%
main:@96 = slice[axes={0},starts={17},ends={18}](main:@62) -> float_type, {1, 307200}, {307200, 1}: 0.00102196ms, 1%
main:@97 = squeeze[axes={0}](main:@96) -> float_type, {307200}, {1}: 0.00102168ms, 1%
main:@98 = gpu::code_object[code_object=13632,symbol_name=gather_kernel,global=307200,local=1024,](main:@33,main:@97,main:@95) -> half_type, {307200, 64}, {64, 1}: 0.13148ms, 1%
main:@99 = load[offset=707788800,end=747110400](main:@1) -> half_type, {307200, 64}, {64, 1}: 0.00076502ms, 1%
main:@100 = slice[axes={0},starts={16},ends={17}](main:@62) -> float_type, {1, 307200}, {307200, 1}: 0.00101852ms, 1%
main:@101 = squeeze[axes={0}](main:@100) -> float_type, {307200}, {1}: 0.00102548ms, 1%
main:@102 = gpu::code_object[code_object=13632,symbol_name=gather_kernel,global=307200,local=1024,](main:@34,main:@101,main:@99) -> half_type, {307200, 64}, {64, 1}: 0.131495ms, 1%
main:@103 = load[offset=668467200,end=707788800](main:@1) -> half_type, {307200, 64}, {64, 1}: 0.0007604ms, 1%
main:@104 = slice[axes={0},starts={15},ends={16}](main:@62) -> float_type, {1, 307200}, {307200, 1}: 0.00100922ms, 1%
main:@105 = squeeze[axes={0}](main:@104) -> float_type, {307200}, {1}: 0.0010186ms, 1%
main:@106 = gpu::code_object[code_object=13632,symbol_name=gather_kernel,global=307200,local=1024,](main:@35,main:@105,main:@103) -> half_type, {307200, 64}, {64, 1}: 0.131686ms, 1%
main:@107 = load[offset=629145600,end=668467200](main:@1) -> half_type, {307200, 64}, {64, 1}: 0.00074896ms, 1%
main:@108 = slice[axes={0},starts={14},ends={15}](main:@62) -> float_type, {1, 307200}, {307200, 1}: 0.00099734ms, 1%
main:@109 = squeeze[axes={0}](main:@108) -> float_type, {307200}, {1}: 0.00100864ms, 1%
main:@110 = gpu::code_object[code_object=13632,symbol_name=gather_kernel,global=307200,local=1024,](main:@36,main:@109,main:@107) -> half_type, {307200, 64}, {64, 1}: 0.131247ms, 1%
main:@111 = load[offset=589824000,end=629145600](main:@1) -> half_type, {307200, 64}, {64, 1}: 0.00074342ms, 1%
main:@112 = slice[axes={0},starts={13},ends={14}](main:@62) -> float_type, {1, 307200}, {307200, 1}: 0.00101526ms, 1%
main:@113 = squeeze[axes={0}](main:@112) -> float_type, {307200}, {1}: 0.00099936ms, 1%
main:@114 = gpu::code_object[code_object=13632,symbol_name=gather_kernel,global=307200,local=1024,](main:@37,main:@113,main:@111) -> half_type, {307200, 64}, {64, 1}: 0.131672ms, 1%
main:@115 = load[offset=550502400,end=589824000](main:@1) -> half_type, {307200, 64}, {64, 1}: 0.00075256ms, 1%
main:@116 = slice[axes={0},starts={12},ends={13}](main:@62) -> float_type, {1, 307200}, {307200, 1}: 0.00098714ms, 1%
main:@117 = squeeze[axes={0}](main:@116) -> float_type, {307200}, {1}: 0.0009839ms, 1%
main:@118 = gpu::code_object[code_object=13632,symbol_name=gather_kernel,global=307200,local=1024,](main:@49,main:@117,main:@115) -> half_type, {307200, 64}, {64, 1}: 0.13104ms, 1%
main:@119 = load[offset=511180800,end=550502400](main:@1) -> half_type, {307200, 64}, {64, 1}: 0.0007428ms, 1%
main:@120 = slice[axes={0},starts={11},ends={12}](main:@62) -> float_type, {1, 307200}, {307200, 1}: 0.00098756ms, 1%
main:@121 = squeeze[axes={0}](main:@120) -> float_type, {307200}, {1}: 0.00090712ms, 1%
main:@122 = gpu::code_object[code_object=13632,symbol_name=gather_kernel,global=307200,local=1024,](main:@50,main:@121,main:@119) -> half_type, {307200, 64}, {64, 1}: 0.131248ms, 1%
main:@123 = load[offset=471859200,end=511180800](main:@1) -> half_type, {307200, 64}, {64, 1}: 0.00074238ms, 1%
main:@124 = slice[axes={0},starts={10},ends={11}](main:@62) -> float_type, {1, 307200}, {307200, 1}: 0.0009818ms, 1%
main:@125 = squeeze[axes={0}](main:@124) -> float_type, {307200}, {1}: 0.00088596ms, 1%
main:@126 = gpu::code_object[code_object=13632,symbol_name=gather_kernel,global=307200,local=1024,](main:@51,main:@125,main:@123) -> half_type, {307200, 64}, {64, 1}: 0.131344ms, 1%
main:@127 = load[offset=432537600,end=471859200](main:@1) -> half_type, {307200, 64}, {64, 1}: 0.0007557ms, 1%
main:@128 = slice[axes={0},starts={9},ends={10}](main:@62) -> float_type, {1, 307200}, {307200, 1}: 0.0010011ms, 1%
main:@129 = squeeze[axes={0}](main:@128) -> float_type, {307200}, {1}: 0.00088584ms, 1%
main:@130 = gpu::code_object[code_object=13632,symbol_name=gather_kernel,global=307200,local=1024,](main:@52,main:@129,main:@127) -> half_type, {307200, 64}, {64, 1}: 0.130905ms, 1%
main:@131 = load[offset=393216000,end=432537600](main:@1) -> half_type, {307200, 64}, {64, 1}: 0.00074812ms, 1%
main:@132 = slice[axes={0},starts={8},ends={9}](main:@62) -> float_type, {1, 307200}, {307200, 1}: 0.0009812ms, 1%
main:@133 = squeeze[axes={0}](main:@132) -> float_type, {307200}, {1}: 0.00086532ms, 1%
main:@134 = gpu::code_object[code_object=13632,symbol_name=gather_kernel,global=307200,local=1024,](main:@38,main:@133,main:@131) -> half_type, {307200, 64}, {64, 1}: 0.130679ms, 1%
main:@135 = load[offset=353894400,end=393216000](main:@1) -> half_type, {307200, 64}, {64, 1}: 0.00076562ms, 1%
main:@136 = slice[axes={0},starts={7},ends={8}](main:@62) -> float_type, {1, 307200}, {307200, 1}: 0.00100278ms, 1%
main:@137 = squeeze[axes={0}](main:@136) -> float_type, {307200}, {1}: 0.00089374ms, 1%
main:@138 = gpu::code_object[code_object=13632,symbol_name=gather_kernel,global=307200,local=1024,](main:@53,main:@137,main:@135) -> half_type, {307200, 64}, {64, 1}: 0.131144ms, 1%
main:@139 = load[offset=314572800,end=353894400](main:@1) -> half_type, {307200, 64}, {64, 1}: 0.00076628ms, 1%
main:@140 = slice[axes={0},starts={6},ends={7}](main:@62) -> float_type, {1, 307200}, {307200, 1}: 0.00099658ms, 1%
main:@141 = squeeze[axes={0}](main:@140) -> float_type, {307200}, {1}: 0.00097602ms, 1%
main:@142 = gpu::code_object[code_object=13632,symbol_name=gather_kernel,global=307200,local=1024,](main:@54,main:@141,main:@139) -> half_type, {307200, 64}, {64, 1}: 0.131241ms, 1%
main:@143 = load[offset=275251200,end=314572800](main:@1) -> half_type, {307200, 64}, {64, 1}: 0.00074886ms, 1%
main:@144 = slice[axes={0},starts={5},ends={6}](main:@62) -> float_type, {1, 307200}, {307200, 1}: 0.00099918ms, 1%
main:@145 = squeeze[axes={0}](main:@144) -> float_type, {307200}, {1}: 0.00116272ms, 1%
main:@146 = gpu::code_object[code_object=13632,symbol_name=gather_kernel,global=307200,local=1024,](main:@55,main:@145,main:@143) -> half_type, {307200, 64}, {64, 1}: 0.131516ms, 1%
main:@147 = load[offset=235929600,end=275251200](main:@1) -> half_type, {307200, 64}, {64, 1}: 0.0007713ms, 1%
main:@148 = slice[axes={0},starts={4},ends={5}](main:@62) -> float_type, {1, 307200}, {307200, 1}: 0.00104482ms, 1%
main:@149 = squeeze[axes={0}](main:@148) -> float_type, {307200}, {1}: 0.00115876ms, 1%
main:@150 = gpu::code_object[code_object=13632,symbol_name=gather_kernel,global=307200,local=1024,](main:@56,main:@149,main:@147) -> half_type, {307200, 64}, {64, 1}: 0.131274ms, 1%
main:@151 = load[offset=196608000,end=235929600](main:@1) -> half_type, {307200, 64}, {64, 1}: 0.00076656ms, 1%
main:@152 = slice[axes={0},starts={3},ends={4}](main:@62) -> float_type, {1, 307200}, {307200, 1}: 0.0009879ms, 1%
main:@153 = squeeze[axes={0}](main:@152) -> float_type, {307200}, {1}: 0.00107466ms, 1%
main:@154 = gpu::code_object[code_object=13632,symbol_name=gather_kernel,global=307200,local=1024,](main:@57,main:@153,main:@151) -> half_type, {307200, 64}, {64, 1}: 0.131678ms, 1%
main:@155 = load[offset=157286400,end=196608000](main:@1) -> half_type, {307200, 64}, {64, 1}: 0.00075936ms, 1%
main:@156 = slice[axes={0},starts={2},ends={3}](main:@62) -> float_type, {1, 307200}, {307200, 1}: 0.00095948ms, 1%
main:@157 = squeeze[axes={0}](main:@156) -> float_type, {307200}, {1}: 0.00103316ms, 1%
main:@158 = gpu::code_object[code_object=13632,symbol_name=gather_kernel,global=307200,local=1024,](main:@58,main:@157,main:@155) -> half_type, {307200, 64}, {64, 1}: 0.131842ms, 1%
main:@159 = load[offset=117964800,end=157286400](main:@1) -> half_type, {307200, 64}, {64, 1}: 0.0007653ms, 1%
main:@160 = slice[axes={0},starts={1},ends={2}](main:@62) -> float_type, {1, 307200}, {307200, 1}: 0.0009733ms, 1%
main:@161 = squeeze[axes={0}](main:@160) -> float_type, {307200}, {1}: 0.0010489ms, 1%
main:@162 = gpu::code_object[code_object=13632,symbol_name=gather_kernel,global=307200,local=1024,](main:@59,main:@161,main:@159) -> half_type, {307200, 64}, {64, 1}: 0.131109ms, 1%
main:@163 = load[offset=78643200,end=117964800](main:@1) -> half_type, {307200, 64}, {64, 1}: 0.0007756ms, 1%
main:@164 = slice[axes={0},starts={0},ends={1}](main:@62) -> float_type, {1, 307200}, {307200, 1}: 0.00095214ms, 1%
main:@165 = squeeze[axes={0}](main:@164) -> float_type, {307200}, {1}: 0.0011046ms, 1%
main:@166 = gpu::code_object[code_object=13632,symbol_name=gather_kernel,global=307200,local=1024,](main:@60,main:@165,main:@163) -> half_type, {307200, 64}, {64, 1}: 0.130895ms, 1%
main:@167 = load[offset=0,end=39321600](main:@1) -> half_type, {307200, 64}, {64, 1}: 0.00077048ms, 1%
main:@168 = multibroadcast[out_lens={307200, 64},out_dyn_dims={}](main:@30) -> half_type, {307200, 64}, {0, 1}: 0.0015293ms, 1%
main:@169 = gpu::code_object[code_object=13632,symbol_name=add_relu_kernel,global=2457600,local=1024,](main:@21,main:@168,main:@167) -> half_type, {307200, 64}, {64, 1}: 0.0986662ms, 1%
main:@170 = load[offset=1101004800,end=2162688000](main:@1) -> half_type, {307200, 1728}, {1728, 1}: 0.0007519ms, 1%
main:@171 = gpu::code_object[code_object=13632,symbol_name=concat_kernel,global=19660800,local=1024,](main:@169,main:@166,main:@162,main:@158,main:@154,main:@150,main:@146,main:@142,main:@138,main:@134,main:@130,main:@126,main:@122,main:@118,main:@114,main:@110,main:@106,main:@102,main:@98,main:@94,main:@90,main:@86,main:@82,main:@78,main:@74,main:@70,main:@66,main:@170) -> half_type, {307200, 1728}, {1728, 1}: 2.42849ms, 10%
main:@172 = load[offset=39321600,end=487219200](main:@1) -> half_type, {307200, 27, 27}, {729, 27, 1}: 0.00077866ms, 1%
main:@173 = reshape[dims={307200, -1, 64}](main:@171) -> half_type, {307200, 27, 64}, {1728, 64, 1}: 0.00119256ms, 1%
main:@174 = transpose[permutation={0, 2, 1}](main:@173) -> half_type, {307200, 64, 27}, {1728, 1, 64}: 0.00118824ms, 1%
main:@175 = gpu::gemm[alpha=1,beta=0,int8_x4_format=0,compute_fp32=1,trans_batch=0](main:@173,main:@174,main:@172) -> half_type, {307200, 27, 27}, {729, 27, 1}: 1.9491ms, 8%
main:@176 = load[offset=487219200,end=702873600](main:@1) -> half_type, {307200, 351}, {351, 1}: 0.00078514ms, 1%
main:@177 = reshape[dims={307200, 729}](main:@175) -> half_type, {307200, 729}, {729, 1}: 0.00077272ms, 1%
main:@178 = gpu::code_object[code_object=13632,symbol_name=gather_kernel,global=307200,local=1024,](main:@177,main:@26,main:@176) -> half_type, {307200, 351}, {351, 1}: 1.04518ms, 4%
main:@179 = load[offset=39321600,end=294297600](main:@1) -> half_type, {307200, 415}, {415, 1}: 0.00076648ms, 1%
main:@180 = gpu::code_object[code_object=13632,symbol_name=concat_kernel,global=63744000,local=1024,](main:@169,main:@178,main:@179) -> half_type, {307200, 415}, {415, 1}: 0.818175ms, 4%
main:@181 = load[offset=294297600,end=608870400](main:@1) -> half_type, {307200, 512}, {512, 1}: 0.0007446ms, 1%
main:@182 = gpu::gemm[alpha=1,beta=0,int8_x4_format=0,compute_fp32=1,trans_batch=0](main:@180,main:@45,main:@181) -> half_type, {307200, 512}, {512, 1}: 1.50139ms, 6%
main:@183 = load[offset=608870400,end=923443200](main:@1) -> half_type, {307200, 512}, {512, 1}: 0.00075194ms, 1%
main:@184 = multibroadcast[out_lens={307200, 512},out_dyn_dims={}](main:@29) -> half_type, {307200, 512}, {0, 1}: 0.00127424ms, 1%
main:@185 = gpu::code_object[code_object=13632,symbol_name=add_relu_kernel,global=19660800,local=1024,](main:@182,main:@184,main:@183) -> half_type, {307200, 512}, {512, 1}: 0.634057ms, 3%
main:@186 = load[offset=923443200,end=1238016000](main:@1) -> half_type, {307200, 512}, {512, 1}: 0.00075774ms, 1%
main:@187 = gpu::gemm[alpha=1,beta=0,int8_x4_format=0,compute_fp32=1,trans_batch=0](main:@185,main:@22,main:@186) -> half_type, {307200, 512}, {512, 1}: 1.89393ms, 8%
main:@188 = load[offset=0,end=314572800](main:@1) -> half_type, {307200, 512}, {512, 1}: 0.00076872ms, 1%
main:@189 = multibroadcast[out_lens={307200, 512},out_dyn_dims={}](main:@28) -> half_type, {307200, 512}, {0, 1}: 0.00101118ms, 1%
main:@190 = gpu::code_object[code_object=13632,symbol_name=add_relu_kernel,global=19660800,local=1024,](main:@187,main:@189,main:@188) -> half_type, {307200, 512}, {512, 1}: 0.636843ms, 3%
main:@191 = load[offset=314572800,end=471859200](main:@1) -> half_type, {307200, 256}, {256, 1}: 0.00074132ms, 1%
main:@192 = gpu::gemm[alpha=1,beta=0,int8_x4_format=0,compute_fp32=1,trans_batch=0](main:@190,main:@27,main:@191) -> half_type, {307200, 256}, {256, 1}: 1.05661ms, 4%
main:@193 = load[offset=614400,end=157900800](main:@1) -> half_type, {307200, 256}, {256, 1}: 0.00078372ms, 1%
main:@194 = multibroadcast[out_lens={307200, 256},out_dyn_dims={}](main:@48) -> half_type, {307200, 256}, {0, 1}: 0.00101072ms, 1%
main:@195 = gpu::code_object[code_object=13632,symbol_name=add_relu_kernel,global=9830400,local=1024,](main:@192,main:@194,main:@193) -> half_type, {307200, 256}, {256, 1}: 0.326971ms, 2%
main:@196 = load[offset=157900800,end=158515200](main:@1) -> half_type, {307200, 1}, {1, 1}: 0.00078978ms, 1%
main:@197 = gpu::gemm[alpha=1,beta=0,int8_x4_format=0,compute_fp32=1,trans_batch=0](main:@195,main:@46,main:@196) -> half_type, {307200, 1}, {1, 1}: 0.280695ms, 2%
main:@198 = load[offset=0,end=614400](main:@1) -> half_type, {307200, 1}, {1, 1}: 0.00076916ms, 1%
main:@199 = multibroadcast[out_lens={307200, 1},out_dyn_dims={}](main:@47) -> half_type, {307200, 1}, {0, 1}: 0.00098258ms, 1%
main:@200 = gpu::code_object[code_object=13640,symbol_name=add_sigmoid_kernel,global=153600,local=1024,](main:@197,main:@199,main:@198) -> half_type, {307200, 1}, {1, 1}: 0.0200016ms, 1%
main:@201 = hip::copy_from_gpu(main:@200) -> half_type, {307200, 1}, {1, 1}: 0.214517ms, 1%
main:@202 = hip::sync_stream(main:@201) -> half_type, {307200, 1}, {1, 1}: 0.00157222ms, 1%
main:@203 = @return(main:@202)
Summary:
gpu::gemm: 8.45869ms / 8 = 1.05734ms, 32%
hip::copy_to_gpu: 7.22903ms / 2 = 3.61451ms, 28%
gpu::code_object::gather_kernel: 4.46368ms / 27 = 0.165321ms, 17%
gpu::code_object::concat_kernel: 3.24667ms / 2 = 1.62333ms, 13%
gpu::code_object::add_relu_kernel: 2.67591ms / 6 = 0.445986ms, 11%
hip::copy_from_gpu: 0.214517ms / 1 = 0.214517ms, 1%
gpu::code_object::convert_kernel: 0.119868ms / 1 = 0.119868ms, 1%
load: 0.0370184ms / 47 = 0.000787626ms, 1%
hip::hip_copy_literal: 0.0291433ms / 41 = 0.000710813ms, 1%
slice: 0.027667ms / 26 = 0.00106411ms, 1%
squeeze: 0.0273621ms / 26 = 0.00105239ms, 1%
gpu::code_object::add_sigmoid_kernel: 0.0200016ms / 1 = 0.0200016ms, 1%
multibroadcast: 0.00860202ms / 7 = 0.00122886ms, 1%
reshape: 0.00196528ms / 2 = 0.00098264ms, 1%
@param: 0.00179008ms / 2 = 0.00089504ms, 1%
check_context::migraphx::gpu::context : 0.00171382ms / 1 = 0.00171382ms, 1%
hip::sync_stream: 0.00157222ms / 1 = 0.00157222ms, 1%
hip::hip_allocate_memory: 0.00131538ms / 1 = 0.00131538ms, 1%
transpose: 0.00118824ms / 1 = 0.00118824ms, 1%

Batch size: 1
Rate: 39.5994/sec
Total time: 25.2529ms
Total instructions time: 26.5677ms
Overhead time: 0.0438442ms, -1.31478ms
Overhead: 0%, -5%
