Running [ MIGraphX Version: 2.10.0.e4013bb2a ]: /src/AMDMIGraphX/build/bin/driver perf --fill1 input lS_i --input-dim @input 307200 13 @lS_i 26 307200 --gpu --enable-offload-copy --gpu /new-saved-models/dlrm/pt_dlrm_criteoterabyte_13_26_20k_1.1_M2.4/float/pt_dlrm_fp16_onnx/pt_dlrm_fp16.onnx
Compiling ... 
Reading: /new-saved-models/dlrm/pt_dlrm_criteoterabyte_13_26_20k_1.1_M2.4/float/pt_dlrm_fp16_onnx/pt_dlrm_fp16.onnx
module: "main"
@0 = check_context::migraphx::gpu::context -> float_type, {}, {}, target_id=0
@1 = hip::hip_allocate_memory[shape=int8_type, {2123366400}, {1},id=main:scratch] -> int8_type, {2123366400}, {1}, target_id=0
@2 = load[offset=0,end=63897600](@1) -> int64_type, {26, 307200}, {307200, 1}, target_id=0
lS_i = @param:lS_i -> int64_type, {26, 307200}, {307200, 1}, target_id=0
@4 = hip::copy_to_gpu(lS_i,@2) -> int64_type, {26, 307200}, {307200, 1}, target_id=0
@5 = hip::hip_copy_literal[id=main:@literal:0] -> half_type, {13, 512}, {512, 1}, target_id=0
@6 = load[offset=1376256000,end=1384243200](@1) -> half_type, {307200, 13}, {13, 1}, target_id=0
input = @param:input -> half_type, {307200, 13}, {13, 1}, target_id=0
@8 = hip::copy_to_gpu(input,@6) -> half_type, {307200, 13}, {13, 1}, target_id=0
@9 = hip::hip_copy_literal[id=main:@literal:2] -> half_type, {256, 64}, {64, 1}, target_id=0
@10 = hip::hip_copy_literal[id=main:@literal:6] -> half_type, {256, 1}, {1, 1}, target_id=0
@11 = hip::hip_copy_literal[id=main:@literal:5] -> half_type, {512, 256}, {256, 1}, target_id=0
@12 = hip::hip_copy_literal[id=main:@literal:10] -> half_type, {512}, {1}, target_id=0
@13 = hip::hip_copy_literal[id=main:@literal:11] -> half_type, {512}, {1}, target_id=0
@14 = hip::hip_copy_literal[id=main:@literal:12] -> half_type, {64}, {1}, target_id=0
@15 = hip::hip_copy_literal[id=main:@literal:7] -> float_type, {351}, {1}, target_id=0
@16 = hip::hip_copy_literal[id=main:@literal:21] -> half_type, {9994222, 64}, {64, 1}, target_id=0
@17 = hip::hip_copy_literal[id=main:@literal:22] -> half_type, {14, 64}, {64, 1}, target_id=0
@18 = hip::hip_copy_literal[id=main:@literal:23] -> half_type, {970, 64}, {64, 1}, target_id=0
@19 = hip::hip_copy_literal[id=main:@literal:24] -> half_type, {4, 64}, {64, 1}, target_id=0
@20 = hip::hip_copy_literal[id=main:@literal:25] -> half_type, {122, 64}, {64, 1}, target_id=0
@21 = hip::hip_copy_literal[id=main:@literal:26] -> half_type, {11156, 64}, {64, 1}, target_id=0
@22 = hip::hip_copy_literal[id=main:@literal:27] -> half_type, {2208, 64}, {64, 1}, target_id=0
@23 = hip::hip_copy_literal[id=main:@literal:32] -> half_type, {61, 64}, {64, 1}, target_id=0
@24 = hip::hip_copy_literal[id=main:@literal:13] -> half_type, {256}, {1}, target_id=0
@25 = hip::hip_copy_literal[id=main:@literal:14] -> half_type, {512}, {1}, target_id=0
@26 = hip::hip_copy_literal[id=main:@literal:15] -> half_type, {36, 64}, {64, 1}, target_id=0
@27 = hip::hip_copy_literal[id=main:@literal:16] -> half_type, {101, 64}, {64, 1}, target_id=0
@28 = hip::hip_copy_literal[id=main:@literal:17] -> half_type, {12420, 64}, {64, 1}, target_id=0
@29 = hip::hip_copy_literal[id=main:@literal:18] -> half_type, {415421, 64}, {64, 1}, target_id=0
@30 = hip::hip_copy_literal[id=main:@literal:19] -> half_type, {9946608, 64}, {64, 1}, target_id=0
@31 = hip::hip_copy_literal[id=main:@literal:20] -> half_type, {7267859, 64}, {64, 1}, target_id=0
@32 = hip::hip_copy_literal[id=main:@literal:4] -> half_type, {512, 512}, {512, 1}, target_id=0
@33 = hip::hip_copy_literal[id=main:@literal:3] -> half_type, {415, 512}, {512, 1}, target_id=0
@34 = hip::hip_copy_literal[id=main:@literal:1] -> half_type, {512, 256}, {256, 1}, target_id=0
@35 = hip::hip_copy_literal[id=main:@literal:8] -> half_type, {1}, {1}, target_id=0
@36 = hip::hip_copy_literal[id=main:@literal:9] -> half_type, {256}, {1}, target_id=0
@37 = hip::hip_copy_literal[id=main:@literal:28] -> half_type, {10, 64}, {64, 1}, target_id=0
@38 = hip::hip_copy_literal[id=main:@literal:29] -> half_type, {313829, 64}, {64, 1}, target_id=0
@39 = hip::hip_copy_literal[id=main:@literal:30] -> half_type, {1333352, 64}, {64, 1}, target_id=0
@40 = hip::hip_copy_literal[id=main:@literal:31] -> half_type, {9758201, 64}, {64, 1}, target_id=0
@41 = hip::hip_copy_literal[id=main:@literal:33] -> half_type, {1442, 64}, {64, 1}, target_id=0
@42 = hip::hip_copy_literal[id=main:@literal:34] -> half_type, {7112, 64}, {64, 1}, target_id=0
@43 = hip::hip_copy_literal[id=main:@literal:35] -> half_type, {3, 64}, {64, 1}, target_id=0
@44 = hip::hip_copy_literal[id=main:@literal:36] -> half_type, {20134, 64}, {64, 1}, target_id=0
@45 = hip::hip_copy_literal[id=main:@literal:37] -> half_type, {7378, 64}, {64, 1}, target_id=0
@46 = hip::hip_copy_literal[id=main:@literal:38] -> half_type, {17217, 64}, {64, 1}, target_id=0
@47 = hip::hip_copy_literal[id=main:@literal:39] -> half_type, {36084, 64}, {64, 1}, target_id=0
@48 = hip::hip_copy_literal[id=main:@literal:40] -> half_type, {9980333, 64}, {64, 1}, target_id=0
@49 = load[offset=1061683200,end=1093632000](@1) -> float_type, {26, 307200}, {307200, 1}, target_id=0
@50 = gpu::code_object[code_object=5192,symbol_name=convert_kernel,global=1996800,local=1024,](@4,@49) -> float_type, {26, 307200}, {307200, 1}, target_id=0
@51 = load[offset=1022361600,end=1061683200](@1) -> half_type, {307200, 64}, {64, 1}, target_id=0
@52 = slice[axes={0},starts={25},ends={26}](@50) -> float_type, {1, 307200}, {307200, 1}, target_id=0
@53 = squeeze[axes={0}](@52) -> float_type, {307200}, {1}, target_id=0
@54 = gpu::code_object[code_object=5128,symbol_name=gather_kernel,global=212992,local=1024,](@26,@53,@51) -> half_type, {307200, 64}, {64, 1}, target_id=0
@55 = slice[axes={0},starts={24},ends={25}](@50) -> float_type, {1, 307200}, {307200, 1}, target_id=0
@56 = squeeze[axes={0}](@55) -> float_type, {307200}, {1}, target_id=0
@57 = load[offset=983040000,end=1022361600](@1) -> half_type, {307200, 64}, {64, 1}, target_id=0
@58 = gpu::code_object[code_object=5128,symbol_name=gather_kernel,global=212992,local=1024,](@27,@56,@57) -> half_type, {307200, 64}, {64, 1}, target_id=0
@59 = load[offset=943718400,end=983040000](@1) -> half_type, {307200, 64}, {64, 1}, target_id=0
@60 = slice[axes={0},starts={23},ends={24}](@50) -> float_type, {1, 307200}, {307200, 1}, target_id=0
@61 = squeeze[axes={0}](@60) -> float_type, {307200}, {1}, target_id=0
@62 = gpu::code_object[code_object=5128,symbol_name=gather_kernel,global=212992,local=1024,](@28,@61,@59) -> half_type, {307200, 64}, {64, 1}, target_id=0
@63 = load[offset=904396800,end=943718400](@1) -> half_type, {307200, 64}, {64, 1}, target_id=0
@64 = slice[axes={0},starts={22},ends={23}](@50) -> float_type, {1, 307200}, {307200, 1}, target_id=0
@65 = squeeze[axes={0}](@64) -> float_type, {307200}, {1}, target_id=0
@66 = gpu::code_object[code_object=5128,symbol_name=gather_kernel,global=212992,local=1024,](@29,@65,@63) -> half_type, {307200, 64}, {64, 1}, target_id=0
@67 = slice[axes={0},starts={21},ends={22}](@50) -> float_type, {1, 307200}, {307200, 1}, target_id=0
@68 = squeeze[axes={0}](@67) -> float_type, {307200}, {1}, target_id=0
@69 = load[offset=865075200,end=904396800](@1) -> half_type, {307200, 64}, {64, 1}, target_id=0
@70 = gpu::code_object[code_object=5128,symbol_name=gather_kernel,global=212992,local=1024,](@30,@68,@69) -> half_type, {307200, 64}, {64, 1}, target_id=0
@71 = load[offset=825753600,end=865075200](@1) -> half_type, {307200, 64}, {64, 1}, target_id=0
@72 = slice[axes={0},starts={20},ends={21}](@50) -> float_type, {1, 307200}, {307200, 1}, target_id=0
@73 = squeeze[axes={0}](@72) -> float_type, {307200}, {1}, target_id=0
@74 = gpu::code_object[code_object=5128,symbol_name=gather_kernel,global=212992,local=1024,](@31,@73,@71) -> half_type, {307200, 64}, {64, 1}, target_id=0
@75 = load[offset=786432000,end=825753600](@1) -> half_type, {307200, 64}, {64, 1}, target_id=0
@76 = slice[axes={0},starts={19},ends={20}](@50) -> float_type, {1, 307200}, {307200, 1}, target_id=0
@77 = squeeze[axes={0}](@76) -> float_type, {307200}, {1}, target_id=0
@78 = gpu::code_object[code_object=5128,symbol_name=gather_kernel,global=212992,local=1024,](@16,@77,@75) -> half_type, {307200, 64}, {64, 1}, target_id=0
@79 = slice[axes={0},starts={18},ends={19}](@50) -> float_type, {1, 307200}, {307200, 1}, target_id=0
@80 = squeeze[axes={0}](@79) -> float_type, {307200}, {1}, target_id=0
@81 = load[offset=747110400,end=786432000](@1) -> half_type, {307200, 64}, {64, 1}, target_id=0
@82 = gpu::code_object[code_object=5128,symbol_name=gather_kernel,global=212992,local=1024,](@17,@80,@81) -> half_type, {307200, 64}, {64, 1}, target_id=0
@83 = slice[axes={0},starts={17},ends={18}](@50) -> float_type, {1, 307200}, {307200, 1}, target_id=0
@84 = squeeze[axes={0}](@83) -> float_type, {307200}, {1}, target_id=0
@85 = load[offset=707788800,end=747110400](@1) -> half_type, {307200, 64}, {64, 1}, target_id=0
@86 = gpu::code_object[code_object=5128,symbol_name=gather_kernel,global=212992,local=1024,](@18,@84,@85) -> half_type, {307200, 64}, {64, 1}, target_id=0
@87 = slice[axes={0},starts={16},ends={17}](@50) -> float_type, {1, 307200}, {307200, 1}, target_id=0
@88 = squeeze[axes={0}](@87) -> float_type, {307200}, {1}, target_id=0
@89 = load[offset=668467200,end=707788800](@1) -> half_type, {307200, 64}, {64, 1}, target_id=0
@90 = gpu::code_object[code_object=5128,symbol_name=gather_kernel,global=212992,local=1024,](@19,@88,@89) -> half_type, {307200, 64}, {64, 1}, target_id=0
@91 = slice[axes={0},starts={15},ends={16}](@50) -> float_type, {1, 307200}, {307200, 1}, target_id=0
@92 = squeeze[axes={0}](@91) -> float_type, {307200}, {1}, target_id=0
@93 = load[offset=629145600,end=668467200](@1) -> half_type, {307200, 64}, {64, 1}, target_id=0
@94 = gpu::code_object[code_object=5128,symbol_name=gather_kernel,global=212992,local=1024,](@20,@92,@93) -> half_type, {307200, 64}, {64, 1}, target_id=0
@95 = slice[axes={0},starts={14},ends={15}](@50) -> float_type, {1, 307200}, {307200, 1}, target_id=0
@96 = squeeze[axes={0}](@95) -> float_type, {307200}, {1}, target_id=0
@97 = load[offset=589824000,end=629145600](@1) -> half_type, {307200, 64}, {64, 1}, target_id=0
@98 = gpu::code_object[code_object=5128,symbol_name=gather_kernel,global=212992,local=1024,](@21,@96,@97) -> half_type, {307200, 64}, {64, 1}, target_id=0
@99 = load[offset=550502400,end=589824000](@1) -> half_type, {307200, 64}, {64, 1}, target_id=0
@100 = slice[axes={0},starts={13},ends={14}](@50) -> float_type, {1, 307200}, {307200, 1}, target_id=0
@101 = squeeze[axes={0}](@100) -> float_type, {307200}, {1}, target_id=0
@102 = gpu::code_object[code_object=5128,symbol_name=gather_kernel,global=212992,local=1024,](@22,@101,@99) -> half_type, {307200, 64}, {64, 1}, target_id=0
@103 = slice[axes={0},starts={12},ends={13}](@50) -> float_type, {1, 307200}, {307200, 1}, target_id=0
@104 = squeeze[axes={0}](@103) -> float_type, {307200}, {1}, target_id=0
@105 = load[offset=511180800,end=550502400](@1) -> half_type, {307200, 64}, {64, 1}, target_id=0
@106 = gpu::code_object[code_object=5128,symbol_name=gather_kernel,global=212992,local=1024,](@37,@104,@105) -> half_type, {307200, 64}, {64, 1}, target_id=0
@107 = load[offset=471859200,end=511180800](@1) -> half_type, {307200, 64}, {64, 1}, target_id=0
@108 = slice[axes={0},starts={11},ends={12}](@50) -> float_type, {1, 307200}, {307200, 1}, target_id=0
@109 = squeeze[axes={0}](@108) -> float_type, {307200}, {1}, target_id=0
@110 = gpu::code_object[code_object=5128,symbol_name=gather_kernel,global=212992,local=1024,](@38,@109,@107) -> half_type, {307200, 64}, {64, 1}, target_id=0
@111 = slice[axes={0},starts={10},ends={11}](@50) -> float_type, {1, 307200}, {307200, 1}, target_id=0
@112 = squeeze[axes={0}](@111) -> float_type, {307200}, {1}, target_id=0
@113 = load[offset=432537600,end=471859200](@1) -> half_type, {307200, 64}, {64, 1}, target_id=0
@114 = gpu::code_object[code_object=5128,symbol_name=gather_kernel,global=212992,local=1024,](@39,@112,@113) -> half_type, {307200, 64}, {64, 1}, target_id=0
@115 = slice[axes={0},starts={9},ends={10}](@50) -> float_type, {1, 307200}, {307200, 1}, target_id=0
@116 = squeeze[axes={0}](@115) -> float_type, {307200}, {1}, target_id=0
@117 = load[offset=393216000,end=432537600](@1) -> half_type, {307200, 64}, {64, 1}, target_id=0
@118 = gpu::code_object[code_object=5128,symbol_name=gather_kernel,global=212992,local=1024,](@40,@116,@117) -> half_type, {307200, 64}, {64, 1}, target_id=0
@119 = slice[axes={0},starts={8},ends={9}](@50) -> float_type, {1, 307200}, {307200, 1}, target_id=0
@120 = squeeze[axes={0}](@119) -> float_type, {307200}, {1}, target_id=0
@121 = load[offset=353894400,end=393216000](@1) -> half_type, {307200, 64}, {64, 1}, target_id=0
@122 = gpu::code_object[code_object=5128,symbol_name=gather_kernel,global=212992,local=1024,](@23,@120,@121) -> half_type, {307200, 64}, {64, 1}, target_id=0
@123 = slice[axes={0},starts={7},ends={8}](@50) -> float_type, {1, 307200}, {307200, 1}, target_id=0
@124 = load[offset=314572800,end=353894400](@1) -> half_type, {307200, 64}, {64, 1}, target_id=0
@125 = squeeze[axes={0}](@123) -> float_type, {307200}, {1}, target_id=0
@126 = gpu::code_object[code_object=5128,symbol_name=gather_kernel,global=212992,local=1024,](@41,@125,@124) -> half_type, {307200, 64}, {64, 1}, target_id=0
@127 = load[offset=275251200,end=314572800](@1) -> half_type, {307200, 64}, {64, 1}, target_id=0
@128 = slice[axes={0},starts={6},ends={7}](@50) -> float_type, {1, 307200}, {307200, 1}, target_id=0
@129 = squeeze[axes={0}](@128) -> float_type, {307200}, {1}, target_id=0
@130 = gpu::code_object[code_object=5128,symbol_name=gather_kernel,global=212992,local=1024,](@42,@129,@127) -> half_type, {307200, 64}, {64, 1}, target_id=0
@131 = slice[axes={0},starts={5},ends={6}](@50) -> float_type, {1, 307200}, {307200, 1}, target_id=0
@132 = squeeze[axes={0}](@131) -> float_type, {307200}, {1}, target_id=0
@133 = load[offset=235929600,end=275251200](@1) -> half_type, {307200, 64}, {64, 1}, target_id=0
@134 = gpu::code_object[code_object=5128,symbol_name=gather_kernel,global=212992,local=1024,](@43,@132,@133) -> half_type, {307200, 64}, {64, 1}, target_id=0
@135 = slice[axes={0},starts={4},ends={5}](@50) -> float_type, {1, 307200}, {307200, 1}, target_id=0
@136 = squeeze[axes={0}](@135) -> float_type, {307200}, {1}, target_id=0
@137 = load[offset=196608000,end=235929600](@1) -> half_type, {307200, 64}, {64, 1}, target_id=0
@138 = gpu::code_object[code_object=5128,symbol_name=gather_kernel,global=212992,local=1024,](@44,@136,@137) -> half_type, {307200, 64}, {64, 1}, target_id=0
@139 = load[offset=157286400,end=196608000](@1) -> half_type, {307200, 64}, {64, 1}, target_id=0
@140 = slice[axes={0},starts={3},ends={4}](@50) -> float_type, {1, 307200}, {307200, 1}, target_id=0
@141 = squeeze[axes={0}](@140) -> float_type, {307200}, {1}, target_id=0
@142 = gpu::code_object[code_object=5128,symbol_name=gather_kernel,global=212992,local=1024,](@45,@141,@139) -> half_type, {307200, 64}, {64, 1}, target_id=0
@143 = slice[axes={0},starts={2},ends={3}](@50) -> float_type, {1, 307200}, {307200, 1}, target_id=0
@144 = squeeze[axes={0}](@143) -> float_type, {307200}, {1}, target_id=0
@145 = load[offset=117964800,end=157286400](@1) -> half_type, {307200, 64}, {64, 1}, target_id=0
@146 = gpu::code_object[code_object=5128,symbol_name=gather_kernel,global=212992,local=1024,](@46,@144,@145) -> half_type, {307200, 64}, {64, 1}, target_id=0
@147 = load[offset=78643200,end=117964800](@1) -> half_type, {307200, 64}, {64, 1}, target_id=0
@148 = slice[axes={0},starts={1},ends={2}](@50) -> float_type, {1, 307200}, {307200, 1}, target_id=0
@149 = squeeze[axes={0}](@148) -> float_type, {307200}, {1}, target_id=0
@150 = gpu::code_object[code_object=5128,symbol_name=gather_kernel,global=212992,local=1024,](@47,@149,@147) -> half_type, {307200, 64}, {64, 1}, target_id=0
@151 = slice[axes={0},starts={0},ends={1}](@50) -> float_type, {1, 307200}, {307200, 1}, target_id=0
@152 = squeeze[axes={0}](@151) -> float_type, {307200}, {1}, target_id=0
@153 = load[offset=39321600,end=78643200](@1) -> half_type, {307200, 64}, {64, 1}, target_id=0
@154 = gpu::code_object[code_object=5128,symbol_name=gather_kernel,global=212992,local=1024,](@48,@152,@153) -> half_type, {307200, 64}, {64, 1}, target_id=0
@155 = load[offset=1061683200,end=1376256000](@1) -> half_type, {307200, 512}, {512, 1}, target_id=0
@156 = multibroadcast[out_lens={307200, 512},out_dyn_dims={}](@25) -> half_type, {307200, 512}, {0, 1}, target_id=0
@157 = gpu::code_object[code_object=7680,symbol_name=mlir_dot_add_relu,global=2457600,local=128,](@156,@8,@5,@155) -> half_type, {307200, 512}, {512, 1}, target_id=0
@158 = multibroadcast[out_lens={307200, 256},out_dyn_dims={}](@24) -> half_type, {307200, 256}, {0, 1}, target_id=0
@159 = load[offset=1376256000,end=1533542400](@1) -> half_type, {307200, 256}, {256, 1}, target_id=0
@160 = gpu::code_object[code_object=8896,symbol_name=mlir_dot_add_relu,global=1228800,local=256,](@158,@157,@34,@159) -> half_type, {307200, 256}, {256, 1}, target_id=0
@161 = multibroadcast[out_lens={307200, 64},out_dyn_dims={}](@14) -> half_type, {307200, 64}, {0, 1}, target_id=0
@162 = load[offset=0,end=39321600](@1) -> half_type, {307200, 64}, {64, 1}, target_id=0
@163 = gpu::code_object[code_object=5440,symbol_name=mlir_dot_add_relu,global=4915200,local=256,](@161,@160,@9,@162) -> half_type, {307200, 64}, {64, 1}, target_id=0
@164 = load[offset=1061683200,end=2123366400](@1) -> half_type, {307200, 1728}, {1728, 1}, target_id=0
@165 = gpu::code_object[code_object=7688,symbol_name=concat_kernel,global=19660800,local=1024,](@163,@154,@150,@146,@142,@138,@134,@130,@126,@122,@118,@114,@110,@106,@102,@98,@94,@90,@86,@82,@78,@74,@70,@66,@62,@58,@54,@164) -> half_type, {307200, 1728}, {1728, 1}, target_id=0
@166 = load[offset=39321600,end=487219200](@1) -> half_type, {307200, 27, 27}, {729, 27, 1}, target_id=0
@167 = gpu::code_object[code_object=4768,symbol_name=mlir_reshape_reshape_transpose_dot,global=78643200,local=256,](@165,@165,@166) -> half_type, {307200, 27, 27}, {729, 27, 1}, target_id=0
@168 = reshape_lazy[dims={307200, 729}](@167) -> half_type, {307200, 729}, {729, 1}, target_id=0
@169 = load[offset=487219200,end=702873600](@1) -> half_type, {307200, 351}, {351, 1}, target_id=0
@170 = gpu::code_object[code_object=5128,symbol_name=gather_kernel,global=212992,local=1024,](@168,@15,@169) -> half_type, {307200, 351}, {351, 1}, target_id=0
@171 = load[offset=39321600,end=294297600](@1) -> half_type, {307200, 415}, {415, 1}, target_id=0
@172 = gpu::code_object[code_object=5192,symbol_name=concat_kernel,global=54525952,local=1024,](@163,@170,@171) -> half_type, {307200, 415}, {415, 1}, target_id=0
@173 = load[offset=294297600,end=608870400](@1) -> half_type, {307200, 512}, {512, 1}, target_id=0
@174 = multibroadcast[out_lens={307200, 512},out_dyn_dims={}](@13) -> half_type, {307200, 512}, {0, 1}, target_id=0
@175 = gpu::code_object[code_object=6208,symbol_name=mlir_dot_add_relu,global=9830400,local=256,](@174,@172,@33,@173) -> half_type, {307200, 512}, {512, 1}, target_id=0
@176 = load[offset=608870400,end=923443200](@1) -> half_type, {307200, 512}, {512, 1}, target_id=0
@177 = multibroadcast[out_lens={307200, 512},out_dyn_dims={}](@12) -> half_type, {307200, 512}, {0, 1}, target_id=0
@178 = gpu::code_object[code_object=6016,symbol_name=mlir_dot_add_relu,global=9830400,local=256,](@177,@175,@32,@176) -> half_type, {307200, 512}, {512, 1}, target_id=0
@179 = load[offset=157900800,end=315187200](@1) -> half_type, {307200, 256}, {256, 1}, target_id=0
@180 = multibroadcast[out_lens={307200, 256},out_dyn_dims={}](@36) -> half_type, {307200, 256}, {0, 1}, target_id=0
@181 = gpu::code_object[code_object=8896,symbol_name=mlir_dot_add_relu,global=1228800,local=256,](@180,@178,@11,@179) -> half_type, {307200, 256}, {256, 1}, target_id=0
@182 = load[offset=0,end=614400](@1) -> half_type, {307200, 1}, {1, 1}, target_id=0
@183 = multibroadcast[out_lens={307200, 1},out_dyn_dims={}](@35) -> half_type, {307200, 1}, {0, 1}, target_id=0
@184 = gpu::code_object[code_object=6464,symbol_name=mlir_dot_add_sigmoid,global=2457600,local=256,](@183,@181,@10,@182) -> half_type, {307200, 1}, {1, 1}, target_id=0
@185 = hip::copy_from_gpu(@184) -> half_type, {307200, 1}, {1, 1}, target_id=0
@186 = hip::sync_stream(@185) -> half_type, {307200, 1}, {1, 1}, target_id=0
@187 = @return(@186), target_id=0


Allocating params ... 
Running performance report ... 
@0 = check_context::migraphx::gpu::context -> float_type, {}, {}, target_id=0: 0.0016663ms, 1%
@1 = hip::hip_allocate_memory[shape=int8_type, {2123366400}, {1},id=main:scratch] -> int8_type, {2123366400}, {1}, target_id=0: 0.0011969ms, 1%
@2 = load[offset=0,end=63897600](@1) -> int64_type, {26, 307200}, {307200, 1}, target_id=0: 0.00136462ms, 1%
lS_i = @param:lS_i -> int64_type, {26, 307200}, {307200, 1}, target_id=0: 0.00093324ms, 1%
@4 = hip::copy_to_gpu(lS_i,@2) -> int64_type, {26, 307200}, {307200, 1}, target_id=0: 2.8098ms, 8%
@5 = hip::hip_copy_literal[id=main:@literal:0] -> half_type, {13, 512}, {512, 1}, target_id=0: 0.00111708ms, 1%
@6 = load[offset=1376256000,end=1384243200](@1) -> half_type, {307200, 13}, {13, 1}, target_id=0: 0.0008043ms, 1%
input = @param:input -> half_type, {307200, 13}, {13, 1}, target_id=0: 0.00049572ms, 1%
@8 = hip::copy_to_gpu(input,@6) -> half_type, {307200, 13}, {13, 1}, target_id=0: 0.413481ms, 2%
@9 = hip::hip_copy_literal[id=main:@literal:2] -> half_type, {256, 64}, {64, 1}, target_id=0: 0.00068544ms, 1%
@10 = hip::hip_copy_literal[id=main:@literal:6] -> half_type, {256, 1}, {1, 1}, target_id=0: 0.0005146ms, 1%
@11 = hip::hip_copy_literal[id=main:@literal:5] -> half_type, {512, 256}, {256, 1}, target_id=0: 0.0005362ms, 1%
@12 = hip::hip_copy_literal[id=main:@literal:10] -> half_type, {512}, {1}, target_id=0: 0.00079048ms, 1%
@13 = hip::hip_copy_literal[id=main:@literal:11] -> half_type, {512}, {1}, target_id=0: 0.0006029ms, 1%
@14 = hip::hip_copy_literal[id=main:@literal:12] -> half_type, {64}, {1}, target_id=0: 0.00061526ms, 1%
@15 = hip::hip_copy_literal[id=main:@literal:7] -> float_type, {351}, {1}, target_id=0: 0.0004779ms, 1%
@16 = hip::hip_copy_literal[id=main:@literal:21] -> half_type, {9994222, 64}, {64, 1}, target_id=0: 0.00053202ms, 1%
@17 = hip::hip_copy_literal[id=main:@literal:22] -> half_type, {14, 64}, {64, 1}, target_id=0: 0.00051376ms, 1%
@18 = hip::hip_copy_literal[id=main:@literal:23] -> half_type, {970, 64}, {64, 1}, target_id=0: 0.00066008ms, 1%
@19 = hip::hip_copy_literal[id=main:@literal:24] -> half_type, {4, 64}, {64, 1}, target_id=0: 0.00049736ms, 1%
@20 = hip::hip_copy_literal[id=main:@literal:25] -> half_type, {122, 64}, {64, 1}, target_id=0: 0.00056368ms, 1%
@21 = hip::hip_copy_literal[id=main:@literal:26] -> half_type, {11156, 64}, {64, 1}, target_id=0: 0.00051058ms, 1%
@22 = hip::hip_copy_literal[id=main:@literal:27] -> half_type, {2208, 64}, {64, 1}, target_id=0: 0.00058134ms, 1%
@23 = hip::hip_copy_literal[id=main:@literal:32] -> half_type, {61, 64}, {64, 1}, target_id=0: 0.0005282ms, 1%
@24 = hip::hip_copy_literal[id=main:@literal:13] -> half_type, {256}, {1}, target_id=0: 0.00054884ms, 1%
@25 = hip::hip_copy_literal[id=main:@literal:14] -> half_type, {512}, {1}, target_id=0: 0.00047794ms, 1%
@26 = hip::hip_copy_literal[id=main:@literal:15] -> half_type, {36, 64}, {64, 1}, target_id=0: 0.0006639ms, 1%
@27 = hip::hip_copy_literal[id=main:@literal:16] -> half_type, {101, 64}, {64, 1}, target_id=0: 0.00048672ms, 1%
@28 = hip::hip_copy_literal[id=main:@literal:17] -> half_type, {12420, 64}, {64, 1}, target_id=0: 0.00059332ms, 1%
@29 = hip::hip_copy_literal[id=main:@literal:18] -> half_type, {415421, 64}, {64, 1}, target_id=0: 0.00050678ms, 1%
@30 = hip::hip_copy_literal[id=main:@literal:19] -> half_type, {9946608, 64}, {64, 1}, target_id=0: 0.00051678ms, 1%
@31 = hip::hip_copy_literal[id=main:@literal:20] -> half_type, {7267859, 64}, {64, 1}, target_id=0: 0.00048838ms, 1%
@32 = hip::hip_copy_literal[id=main:@literal:4] -> half_type, {512, 512}, {512, 1}, target_id=0: 0.00048154ms, 1%
@33 = hip::hip_copy_literal[id=main:@literal:3] -> half_type, {415, 512}, {512, 1}, target_id=0: 0.0004769ms, 1%
@34 = hip::hip_copy_literal[id=main:@literal:1] -> half_type, {512, 256}, {256, 1}, target_id=0: 0.0004581ms, 1%
@35 = hip::hip_copy_literal[id=main:@literal:8] -> half_type, {1}, {1}, target_id=0: 0.00060032ms, 1%
@36 = hip::hip_copy_literal[id=main:@literal:9] -> half_type, {256}, {1}, target_id=0: 0.00045028ms, 1%
@37 = hip::hip_copy_literal[id=main:@literal:28] -> half_type, {10, 64}, {64, 1}, target_id=0: 0.00118828ms, 1%
@38 = hip::hip_copy_literal[id=main:@literal:29] -> half_type, {313829, 64}, {64, 1}, target_id=0: 0.00056586ms, 1%
@39 = hip::hip_copy_literal[id=main:@literal:30] -> half_type, {1333352, 64}, {64, 1}, target_id=0: 0.00062066ms, 1%
@40 = hip::hip_copy_literal[id=main:@literal:31] -> half_type, {9758201, 64}, {64, 1}, target_id=0: 0.00053724ms, 1%
@41 = hip::hip_copy_literal[id=main:@literal:33] -> half_type, {1442, 64}, {64, 1}, target_id=0: 0.00051638ms, 1%
@42 = hip::hip_copy_literal[id=main:@literal:34] -> half_type, {7112, 64}, {64, 1}, target_id=0: 0.00056748ms, 1%
@43 = hip::hip_copy_literal[id=main:@literal:35] -> half_type, {3, 64}, {64, 1}, target_id=0: 0.00052014ms, 1%
@44 = hip::hip_copy_literal[id=main:@literal:36] -> half_type, {20134, 64}, {64, 1}, target_id=0: 0.00052018ms, 1%
@45 = hip::hip_copy_literal[id=main:@literal:37] -> half_type, {7378, 64}, {64, 1}, target_id=0: 0.00050852ms, 1%
@46 = hip::hip_copy_literal[id=main:@literal:38] -> half_type, {17217, 64}, {64, 1}, target_id=0: 0.00049394ms, 1%
@47 = hip::hip_copy_literal[id=main:@literal:39] -> half_type, {36084, 64}, {64, 1}, target_id=0: 0.0005336ms, 1%
@48 = hip::hip_copy_literal[id=main:@literal:40] -> half_type, {9980333, 64}, {64, 1}, target_id=0: 0.00055062ms, 1%
@49 = load[offset=1061683200,end=1093632000](@1) -> float_type, {26, 307200}, {307200, 1}, target_id=0: 0.00071824ms, 1%
@50 = gpu::code_object[code_object=5192,symbol_name=convert_kernel,global=1996800,local=1024,](@4,@49) -> float_type, {26, 307200}, {307200, 1}, target_id=0: 0.22621ms, 1%
@51 = load[offset=1022361600,end=1061683200](@1) -> half_type, {307200, 64}, {64, 1}, target_id=0: 0.00066102ms, 1%
@52 = slice[axes={0},starts={25},ends={26}](@50) -> float_type, {1, 307200}, {307200, 1}, target_id=0: 0.00305748ms, 1%
@53 = squeeze[axes={0}](@52) -> float_type, {307200}, {1}, target_id=0: 0.00148402ms, 1%
@54 = gpu::code_object[code_object=5128,symbol_name=gather_kernel,global=212992,local=1024,](@26,@53,@51) -> half_type, {307200, 64}, {64, 1}, target_id=0: 0.33285ms, 1%
@55 = slice[axes={0},starts={24},ends={25}](@50) -> float_type, {1, 307200}, {307200, 1}, target_id=0: 0.00142392ms, 1%
@56 = squeeze[axes={0}](@55) -> float_type, {307200}, {1}, target_id=0: 0.0009965ms, 1%
@57 = load[offset=983040000,end=1022361600](@1) -> half_type, {307200, 64}, {64, 1}, target_id=0: 0.0006139ms, 1%
@58 = gpu::code_object[code_object=5128,symbol_name=gather_kernel,global=212992,local=1024,](@27,@56,@57) -> half_type, {307200, 64}, {64, 1}, target_id=0: 0.367847ms, 2%
@59 = load[offset=943718400,end=983040000](@1) -> half_type, {307200, 64}, {64, 1}, target_id=0: 0.00066338ms, 1%
@60 = slice[axes={0},starts={23},ends={24}](@50) -> float_type, {1, 307200}, {307200, 1}, target_id=0: 0.00170034ms, 1%
@61 = squeeze[axes={0}](@60) -> float_type, {307200}, {1}, target_id=0: 0.00099202ms, 1%
@62 = gpu::code_object[code_object=5128,symbol_name=gather_kernel,global=212992,local=1024,](@28,@61,@59) -> half_type, {307200, 64}, {64, 1}, target_id=0: 0.353186ms, 1%
@63 = load[offset=904396800,end=943718400](@1) -> half_type, {307200, 64}, {64, 1}, target_id=0: 0.0006782ms, 1%
@64 = slice[axes={0},starts={22},ends={23}](@50) -> float_type, {1, 307200}, {307200, 1}, target_id=0: 0.00177078ms, 1%
@65 = squeeze[axes={0}](@64) -> float_type, {307200}, {1}, target_id=0: 0.00096498ms, 1%
@66 = gpu::code_object[code_object=5128,symbol_name=gather_kernel,global=212992,local=1024,](@29,@65,@63) -> half_type, {307200, 64}, {64, 1}, target_id=0: 0.32059ms, 1%
@67 = slice[axes={0},starts={21},ends={22}](@50) -> float_type, {1, 307200}, {307200, 1}, target_id=0: 0.00173366ms, 1%
@68 = squeeze[axes={0}](@67) -> float_type, {307200}, {1}, target_id=0: 0.0011624ms, 1%
@69 = load[offset=865075200,end=904396800](@1) -> half_type, {307200, 64}, {64, 1}, target_id=0: 0.00060446ms, 1%
@70 = gpu::code_object[code_object=5128,symbol_name=gather_kernel,global=212992,local=1024,](@30,@68,@69) -> half_type, {307200, 64}, {64, 1}, target_id=0: 0.19845ms, 1%
@71 = load[offset=825753600,end=865075200](@1) -> half_type, {307200, 64}, {64, 1}, target_id=0: 0.00064374ms, 1%
@72 = slice[axes={0},starts={20},ends={21}](@50) -> float_type, {1, 307200}, {307200, 1}, target_id=0: 0.00267204ms, 1%
@73 = squeeze[axes={0}](@72) -> float_type, {307200}, {1}, target_id=0: 0.00097304ms, 1%
@74 = gpu::code_object[code_object=5128,symbol_name=gather_kernel,global=212992,local=1024,](@31,@73,@71) -> half_type, {307200, 64}, {64, 1}, target_id=0: 0.183117ms, 1%
@75 = load[offset=786432000,end=825753600](@1) -> half_type, {307200, 64}, {64, 1}, target_id=0: 0.0006561ms, 1%
@76 = slice[axes={0},starts={19},ends={20}](@50) -> float_type, {1, 307200}, {307200, 1}, target_id=0: 0.00239572ms, 1%
@77 = squeeze[axes={0}](@76) -> float_type, {307200}, {1}, target_id=0: 0.00100658ms, 1%
@78 = gpu::code_object[code_object=5128,symbol_name=gather_kernel,global=212992,local=1024,](@16,@77,@75) -> half_type, {307200, 64}, {64, 1}, target_id=0: 0.267799ms, 1%
@79 = slice[axes={0},starts={18},ends={19}](@50) -> float_type, {1, 307200}, {307200, 1}, target_id=0: 0.00133024ms, 1%
@80 = squeeze[axes={0}](@79) -> float_type, {307200}, {1}, target_id=0: 0.00121284ms, 1%
@81 = load[offset=747110400,end=786432000](@1) -> half_type, {307200, 64}, {64, 1}, target_id=0: 0.0006087ms, 1%
@82 = gpu::code_object[code_object=5128,symbol_name=gather_kernel,global=212992,local=1024,](@17,@80,@81) -> half_type, {307200, 64}, {64, 1}, target_id=0: 0.297867ms, 1%
@83 = slice[axes={0},starts={17},ends={18}](@50) -> float_type, {1, 307200}, {307200, 1}, target_id=0: 0.00152768ms, 1%
@84 = squeeze[axes={0}](@83) -> float_type, {307200}, {1}, target_id=0: 0.00107216ms, 1%
@85 = load[offset=707788800,end=747110400](@1) -> half_type, {307200, 64}, {64, 1}, target_id=0: 0.00058286ms, 1%
@86 = gpu::code_object[code_object=5128,symbol_name=gather_kernel,global=212992,local=1024,](@18,@84,@85) -> half_type, {307200, 64}, {64, 1}, target_id=0: 0.303689ms, 1%
@87 = slice[axes={0},starts={16},ends={17}](@50) -> float_type, {1, 307200}, {307200, 1}, target_id=0: 0.00161064ms, 1%
@88 = squeeze[axes={0}](@87) -> float_type, {307200}, {1}, target_id=0: 0.00117826ms, 1%
@89 = load[offset=668467200,end=707788800](@1) -> half_type, {307200, 64}, {64, 1}, target_id=0: 0.00057412ms, 1%
@90 = gpu::code_object[code_object=5128,symbol_name=gather_kernel,global=212992,local=1024,](@19,@88,@89) -> half_type, {307200, 64}, {64, 1}, target_id=0: 0.299026ms, 1%
@91 = slice[axes={0},starts={15},ends={16}](@50) -> float_type, {1, 307200}, {307200, 1}, target_id=0: 0.00152026ms, 1%
@92 = squeeze[axes={0}](@91) -> float_type, {307200}, {1}, target_id=0: 0.001116ms, 1%
@93 = load[offset=629145600,end=668467200](@1) -> half_type, {307200, 64}, {64, 1}, target_id=0: 0.00056764ms, 1%
@94 = gpu::code_object[code_object=5128,symbol_name=gather_kernel,global=212992,local=1024,](@20,@92,@93) -> half_type, {307200, 64}, {64, 1}, target_id=0: 0.292323ms, 1%
@95 = slice[axes={0},starts={14},ends={15}](@50) -> float_type, {1, 307200}, {307200, 1}, target_id=0: 0.00146108ms, 1%
@96 = squeeze[axes={0}](@95) -> float_type, {307200}, {1}, target_id=0: 0.00123916ms, 1%
@97 = load[offset=589824000,end=629145600](@1) -> half_type, {307200, 64}, {64, 1}, target_id=0: 0.00058114ms, 1%
@98 = gpu::code_object[code_object=5128,symbol_name=gather_kernel,global=212992,local=1024,](@21,@96,@97) -> half_type, {307200, 64}, {64, 1}, target_id=0: 0.300802ms, 1%
@99 = load[offset=550502400,end=589824000](@1) -> half_type, {307200, 64}, {64, 1}, target_id=0: 0.000657ms, 1%
@100 = slice[axes={0},starts={13},ends={14}](@50) -> float_type, {1, 307200}, {307200, 1}, target_id=0: 0.00197534ms, 1%
@101 = squeeze[axes={0}](@100) -> float_type, {307200}, {1}, target_id=0: 0.00092474ms, 1%
@102 = gpu::code_object[code_object=5128,symbol_name=gather_kernel,global=212992,local=1024,](@22,@101,@99) -> half_type, {307200, 64}, {64, 1}, target_id=0: 0.202995ms, 1%
@103 = slice[axes={0},starts={12},ends={13}](@50) -> float_type, {1, 307200}, {307200, 1}, target_id=0: 0.00152988ms, 1%
@104 = squeeze[axes={0}](@103) -> float_type, {307200}, {1}, target_id=0: 0.00121836ms, 1%
@105 = load[offset=511180800,end=550502400](@1) -> half_type, {307200, 64}, {64, 1}, target_id=0: 0.00060812ms, 1%
@106 = gpu::code_object[code_object=5128,symbol_name=gather_kernel,global=212992,local=1024,](@37,@104,@105) -> half_type, {307200, 64}, {64, 1}, target_id=0: 0.19811ms, 1%
@107 = load[offset=471859200,end=511180800](@1) -> half_type, {307200, 64}, {64, 1}, target_id=0: 0.00064198ms, 1%
@108 = slice[axes={0},starts={11},ends={12}](@50) -> float_type, {1, 307200}, {307200, 1}, target_id=0: 0.00233066ms, 1%
@109 = squeeze[axes={0}](@108) -> float_type, {307200}, {1}, target_id=0: 0.00094158ms, 1%
@110 = gpu::code_object[code_object=5128,symbol_name=gather_kernel,global=212992,local=1024,](@38,@109,@107) -> half_type, {307200, 64}, {64, 1}, target_id=0: 0.190305ms, 1%
@111 = slice[axes={0},starts={10},ends={11}](@50) -> float_type, {1, 307200}, {307200, 1}, target_id=0: 0.0014657ms, 1%
@112 = squeeze[axes={0}](@111) -> float_type, {307200}, {1}, target_id=0: 0.00108562ms, 1%
@113 = load[offset=432537600,end=471859200](@1) -> half_type, {307200, 64}, {64, 1}, target_id=0: 0.00059338ms, 1%
@114 = gpu::code_object[code_object=5128,symbol_name=gather_kernel,global=212992,local=1024,](@39,@112,@113) -> half_type, {307200, 64}, {64, 1}, target_id=0: 0.200386ms, 1%
@115 = slice[axes={0},starts={9},ends={10}](@50) -> float_type, {1, 307200}, {307200, 1}, target_id=0: 0.00151018ms, 1%
@116 = squeeze[axes={0}](@115) -> float_type, {307200}, {1}, target_id=0: 0.00133794ms, 1%
@117 = load[offset=393216000,end=432537600](@1) -> half_type, {307200, 64}, {64, 1}, target_id=0: 0.00059408ms, 1%
@118 = gpu::code_object[code_object=5128,symbol_name=gather_kernel,global=212992,local=1024,](@40,@116,@117) -> half_type, {307200, 64}, {64, 1}, target_id=0: 0.192222ms, 1%
@119 = slice[axes={0},starts={8},ends={9}](@50) -> float_type, {1, 307200}, {307200, 1}, target_id=0: 0.00143786ms, 1%
@120 = squeeze[axes={0}](@119) -> float_type, {307200}, {1}, target_id=0: 0.00204696ms, 1%
@121 = load[offset=353894400,end=393216000](@1) -> half_type, {307200, 64}, {64, 1}, target_id=0: 0.00069508ms, 1%
@122 = gpu::code_object[code_object=5128,symbol_name=gather_kernel,global=212992,local=1024,](@23,@120,@121) -> half_type, {307200, 64}, {64, 1}, target_id=0: 0.203559ms, 1%
@123 = slice[axes={0},starts={7},ends={8}](@50) -> float_type, {1, 307200}, {307200, 1}, target_id=0: 0.0013305ms, 1%
@124 = load[offset=314572800,end=353894400](@1) -> half_type, {307200, 64}, {64, 1}, target_id=0: 0.00061502ms, 1%
@125 = squeeze[axes={0}](@123) -> float_type, {307200}, {1}, target_id=0: 0.00175258ms, 1%
@126 = gpu::code_object[code_object=5128,symbol_name=gather_kernel,global=212992,local=1024,](@41,@125,@124) -> half_type, {307200, 64}, {64, 1}, target_id=0: 0.200603ms, 1%
@127 = load[offset=275251200,end=314572800](@1) -> half_type, {307200, 64}, {64, 1}, target_id=0: 0.00064518ms, 1%
@128 = slice[axes={0},starts={6},ends={7}](@50) -> float_type, {1, 307200}, {307200, 1}, target_id=0: 0.0016919ms, 1%
@129 = squeeze[axes={0}](@128) -> float_type, {307200}, {1}, target_id=0: 0.001605ms, 1%
@130 = gpu::code_object[code_object=5128,symbol_name=gather_kernel,global=212992,local=1024,](@42,@129,@127) -> half_type, {307200, 64}, {64, 1}, target_id=0: 0.196062ms, 1%
@131 = slice[axes={0},starts={5},ends={6}](@50) -> float_type, {1, 307200}, {307200, 1}, target_id=0: 0.00116006ms, 1%
@132 = squeeze[axes={0}](@131) -> float_type, {307200}, {1}, target_id=0: 0.00267134ms, 1%
@133 = load[offset=235929600,end=275251200](@1) -> half_type, {307200, 64}, {64, 1}, target_id=0: 0.0006003ms, 1%
@134 = gpu::code_object[code_object=5128,symbol_name=gather_kernel,global=212992,local=1024,](@43,@132,@133) -> half_type, {307200, 64}, {64, 1}, target_id=0: 0.183727ms, 1%
@135 = slice[axes={0},starts={4},ends={5}](@50) -> float_type, {1, 307200}, {307200, 1}, target_id=0: 0.00116472ms, 1%
@136 = squeeze[axes={0}](@135) -> float_type, {307200}, {1}, target_id=0: 0.00286222ms, 1%
@137 = load[offset=196608000,end=235929600](@1) -> half_type, {307200, 64}, {64, 1}, target_id=0: 0.00059576ms, 1%
@138 = gpu::code_object[code_object=5128,symbol_name=gather_kernel,global=212992,local=1024,](@44,@136,@137) -> half_type, {307200, 64}, {64, 1}, target_id=0: 0.187772ms, 1%
@139 = load[offset=157286400,end=196608000](@1) -> half_type, {307200, 64}, {64, 1}, target_id=0: 0.00064404ms, 1%
@140 = slice[axes={0},starts={3},ends={4}](@50) -> float_type, {1, 307200}, {307200, 1}, target_id=0: 0.00127452ms, 1%
@141 = squeeze[axes={0}](@140) -> float_type, {307200}, {1}, target_id=0: 0.00186432ms, 1%
@142 = gpu::code_object[code_object=5128,symbol_name=gather_kernel,global=212992,local=1024,](@45,@141,@139) -> half_type, {307200, 64}, {64, 1}, target_id=0: 0.197749ms, 1%
@143 = slice[axes={0},starts={2},ends={3}](@50) -> float_type, {1, 307200}, {307200, 1}, target_id=0: 0.00112254ms, 1%
@144 = squeeze[axes={0}](@143) -> float_type, {307200}, {1}, target_id=0: 0.00256966ms, 1%
@145 = load[offset=117964800,end=157286400](@1) -> half_type, {307200, 64}, {64, 1}, target_id=0: 0.0006009ms, 1%
@146 = gpu::code_object[code_object=5128,symbol_name=gather_kernel,global=212992,local=1024,](@46,@144,@145) -> half_type, {307200, 64}, {64, 1}, target_id=0: 0.195471ms, 1%
@147 = load[offset=78643200,end=117964800](@1) -> half_type, {307200, 64}, {64, 1}, target_id=0: 0.00064172ms, 1%
@148 = slice[axes={0},starts={1},ends={2}](@50) -> float_type, {1, 307200}, {307200, 1}, target_id=0: 0.00127812ms, 1%
@149 = squeeze[axes={0}](@148) -> float_type, {307200}, {1}, target_id=0: 0.00194744ms, 1%
@150 = gpu::code_object[code_object=5128,symbol_name=gather_kernel,global=212992,local=1024,](@47,@149,@147) -> half_type, {307200, 64}, {64, 1}, target_id=0: 0.233185ms, 1%
@151 = slice[axes={0},starts={0},ends={1}](@50) -> float_type, {1, 307200}, {307200, 1}, target_id=0: 0.00109926ms, 1%
@152 = squeeze[axes={0}](@151) -> float_type, {307200}, {1}, target_id=0: 0.00195866ms, 1%
@153 = load[offset=39321600,end=78643200](@1) -> half_type, {307200, 64}, {64, 1}, target_id=0: 0.00059716ms, 1%
@154 = gpu::code_object[code_object=5128,symbol_name=gather_kernel,global=212992,local=1024,](@48,@152,@153) -> half_type, {307200, 64}, {64, 1}, target_id=0: 0.289303ms, 1%
@155 = load[offset=1061683200,end=1376256000](@1) -> half_type, {307200, 512}, {512, 1}, target_id=0: 0.00063406ms, 1%
@156 = multibroadcast[out_lens={307200, 512},out_dyn_dims={}](@25) -> half_type, {307200, 512}, {0, 1}, target_id=0: 0.00156804ms, 1%
@157 = gpu::code_object[code_object=7680,symbol_name=mlir_dot_add_relu,global=2457600,local=128,](@156,@8,@5,@155) -> half_type, {307200, 512}, {512, 1}, target_id=0: 0.464208ms, 2%
@158 = multibroadcast[out_lens={307200, 256},out_dyn_dims={}](@24) -> half_type, {307200, 256}, {0, 1}, target_id=0: 0.00110882ms, 1%
@159 = load[offset=1376256000,end=1533542400](@1) -> half_type, {307200, 256}, {256, 1}, target_id=0: 0.00061548ms, 1%
@160 = gpu::code_object[code_object=8896,symbol_name=mlir_dot_add_relu,global=1228800,local=256,](@158,@157,@34,@159) -> half_type, {307200, 256}, {256, 1}, target_id=0: 1.16442ms, 4%
@161 = multibroadcast[out_lens={307200, 64},out_dyn_dims={}](@14) -> half_type, {307200, 64}, {0, 1}, target_id=0: 0.0011899ms, 1%
@162 = load[offset=0,end=39321600](@1) -> half_type, {307200, 64}, {64, 1}, target_id=0: 0.00058684ms, 1%
@163 = gpu::code_object[code_object=5440,symbol_name=mlir_dot_add_relu,global=4915200,local=256,](@161,@160,@9,@162) -> half_type, {307200, 64}, {64, 1}, target_id=0: 0.512704ms, 2%
@164 = load[offset=1061683200,end=2123366400](@1) -> half_type, {307200, 1728}, {1728, 1}, target_id=0: 0.00065522ms, 1%
@165 = gpu::code_object[code_object=7688,symbol_name=concat_kernel,global=19660800,local=1024,](@163,@154,@150,@146,@142,@138,@134,@130,@126,@122,@118,@114,@110,@106,@102,@98,@94,@90,@86,@82,@78,@74,@70,@66,@62,@58,@54,@164) -> half_type, {307200, 1728}, {1728, 1}, target_id=0: 7.87903ms, 22%
@166 = load[offset=39321600,end=487219200](@1) -> half_type, {307200, 27, 27}, {729, 27, 1}, target_id=0: 0.00081568ms, 1%
@167 = gpu::code_object[code_object=4768,symbol_name=mlir_reshape_reshape_transpose_dot,global=78643200,local=256,](@165,@165,@166) -> half_type, {307200, 27, 27}, {729, 27, 1}, target_id=0: 2.17019ms, 6%
@168 = reshape_lazy[dims={307200, 729}](@167) -> half_type, {307200, 729}, {729, 1}, target_id=0: 0.00131916ms, 1%
@169 = load[offset=487219200,end=702873600](@1) -> half_type, {307200, 351}, {351, 1}, target_id=0: 0.00063194ms, 1%
@170 = gpu::code_object[code_object=5128,symbol_name=gather_kernel,global=212992,local=1024,](@168,@15,@169) -> half_type, {307200, 351}, {351, 1}, target_id=0: 1.31752ms, 4%
@171 = load[offset=39321600,end=294297600](@1) -> half_type, {307200, 415}, {415, 1}, target_id=0: 0.00068588ms, 1%
@172 = gpu::code_object[code_object=5192,symbol_name=concat_kernel,global=54525952,local=1024,](@163,@170,@171) -> half_type, {307200, 415}, {415, 1}, target_id=0: 5.3165ms, 15%
@173 = load[offset=294297600,end=608870400](@1) -> half_type, {307200, 512}, {512, 1}, target_id=0: 0.00073286ms, 1%
@174 = multibroadcast[out_lens={307200, 512},out_dyn_dims={}](@13) -> half_type, {307200, 512}, {0, 1}, target_id=0: 0.00101892ms, 1%
@175 = gpu::code_object[code_object=6208,symbol_name=mlir_dot_add_relu,global=9830400,local=256,](@174,@172,@33,@173) -> half_type, {307200, 512}, {512, 1}, target_id=0: 2.68427ms, 8%
@176 = load[offset=608870400,end=923443200](@1) -> half_type, {307200, 512}, {512, 1}, target_id=0: 0.0007312ms, 1%
@177 = multibroadcast[out_lens={307200, 512},out_dyn_dims={}](@12) -> half_type, {307200, 512}, {0, 1}, target_id=0: 0.00100346ms, 1%
@178 = gpu::code_object[code_object=6016,symbol_name=mlir_dot_add_relu,global=9830400,local=256,](@177,@175,@32,@176) -> half_type, {307200, 512}, {512, 1}, target_id=0: 2.39729ms, 7%
@179 = load[offset=157900800,end=315187200](@1) -> half_type, {307200, 256}, {256, 1}, target_id=0: 0.00070618ms, 1%
@180 = multibroadcast[out_lens={307200, 256},out_dyn_dims={}](@36) -> half_type, {307200, 256}, {0, 1}, target_id=0: 0.00109424ms, 1%
@181 = gpu::code_object[code_object=8896,symbol_name=mlir_dot_add_relu,global=1228800,local=256,](@180,@178,@11,@179) -> half_type, {307200, 256}, {256, 1}, target_id=0: 1.79487ms, 5%
@182 = load[offset=0,end=614400](@1) -> half_type, {307200, 1}, {1, 1}, target_id=0: 0.00069308ms, 1%
@183 = multibroadcast[out_lens={307200, 1},out_dyn_dims={}](@35) -> half_type, {307200, 1}, {0, 1}, target_id=0: 0.001073ms, 1%
@184 = gpu::code_object[code_object=6464,symbol_name=mlir_dot_add_sigmoid,global=2457600,local=256,](@183,@181,@10,@182) -> half_type, {307200, 1}, {1, 1}, target_id=0: 0.326764ms, 1%
@185 = hip::copy_from_gpu(@184) -> half_type, {307200, 1}, {1, 1}, target_id=0: 0.609097ms, 2%
@186 = hip::sync_stream(@185) -> half_type, {307200, 1}, {1, 1}, target_id=0: 0.00148138ms, 1%
@187 = @return(@186), target_id=0
Summary:
gpu::code_object::concat_kernel: 13.1955ms / 2 = 6.59777ms, 37%
gpu::code_object::mlir_dot_add_relu: 9.01776ms / 6 = 1.50296ms, 25%
gpu::code_object::gather_kernel: 7.70651ms / 27 = 0.285426ms, 22%
hip::copy_to_gpu: 3.22328ms / 2 = 1.61164ms, 9%
gpu::code_object::mlir_reshape_reshape_transpose_dot: 2.17019ms / 1 = 2.17019ms, 6%
hip::copy_from_gpu: 0.609097ms / 1 = 0.609097ms, 2%
gpu::code_object::mlir_dot_add_sigmoid: 0.326764ms / 1 = 0.326764ms, 1%
gpu::code_object::convert_kernel: 0.22621ms / 1 = 0.22621ms, 1%
slice: 0.0425751ms / 26 = 0.0016375ms, 1%
squeeze: 0.0381844ms / 26 = 0.00146863ms, 1%
load: 0.0265406ms / 40 = 0.000663514ms, 1%
hip::hip_copy_literal: 0.0235996ms / 41 = 0.0005756ms, 1%
multibroadcast: 0.00805638ms / 7 = 0.00115091ms, 1%
check_context::migraphx::gpu::context: 0.0016663ms / 1 = 0.0016663ms, 1%
hip::sync_stream: 0.00148138ms / 1 = 0.00148138ms, 1%
@param: 0.00142896ms / 2 = 0.00071448ms, 1%
reshape_lazy: 0.00131916ms / 1 = 0.00131916ms, 1%
hip::hip_allocate_memory: 0.0011969ms / 1 = 0.0011969ms, 1%

Batch size: 1
Rate: 29.5383 inferences/sec
Total time: 33.8543ms
Total instructions time: 36.6214ms
Overhead time: 0.0282536ms, -2.76711ms
Overhead: 0%, -8%
[ MIGraphX Version: 2.10.0.e4013bb2a ] Complete: /src/AMDMIGraphX/build/bin/driver perf --fill1 input lS_i --input-dim @input 307200 13 @lS_i 26 307200 --gpu --enable-offload-copy --gpu /new-saved-models/dlrm/pt_dlrm_criteoterabyte_13_26_20k_1.1_M2.4/float/pt_dlrm_fp16_onnx/pt_dlrm_fp16.onnx
